<?xml version="1.0" encoding="UTF-8"?>
<testsuite xmlns:xsi="http://www.w3.org/2001/XMLSchema-instance" xsi:noNamespaceSchemaLocation="https://maven.apache.org/surefire/maven-surefire-plugin/xsd/surefire-test-report-3.0.xsd" version="3.0" name="testsuites.HCLSerenityTestRunner" time="121.965" tests="6" errors="0" skipped="0" failures="0">
  <properties>
    <property name="java.specification.version" value="15"/>
    <property name="webdriver.chrome.driver" value="C:\Users\DheyClaveria\.cache\selenium\chromedriver\win32\99.0.4844.51\chromedriver.exe"/>
    <property name="sun.cpu.isalist" value="amd64"/>
    <property name="sun.jnu.encoding" value="Cp1252"/>
    <property name="java.class.path" value="Z:\Automation\JavaCucumber\BDD_HCL\CucumberHCL\target\test-classes;Z:\Automation\JavaCucumber\BDD_HCL\CucumberHCL\target\classes;C:\Users\DheyClaveria\.m2\repository\com\github\ralfstuckert\pdfbox-layout\pdfbox2-layout\1.0.1\pdfbox2-layout-1.0.1.jar;C:\Users\DheyClaveria\.m2\repository\org\apache\pdfbox\pdfbox\2.0.4\pdfbox-2.0.4.jar;C:\Users\DheyClaveria\.m2\repository\org\apache\pdfbox\fontbox\2.0.4\fontbox-2.0.4.jar;C:\Users\DheyClaveria\.m2\repository\commons-logging\commons-logging\1.2\commons-logging-1.2.jar;C:\Users\DheyClaveria\.m2\repository\io\rest-assured\rest-assured\4.5.1\rest-assured-4.5.1.jar;C:\Users\DheyClaveria\.m2\repository\org\codehaus\groovy\groovy\3.0.9\groovy-3.0.9.jar;C:\Users\DheyClaveria\.m2\repository\org\codehaus\groovy\groovy-xml\3.0.9\groovy-xml-3.0.9.jar;C:\Users\DheyClaveria\.m2\repository\org\apache\httpcomponents\httpclient\4.5.13\httpclient-4.5.13.jar;C:\Users\DheyClaveria\.m2\repository\org\apache\httpcomponents\httpcore\4.4.13\httpcore-4.4.13.jar;C:\Users\DheyClaveria\.m2\repository\org\apache\httpcomponents\httpmime\4.5.13\httpmime-4.5.13.jar;C:\Users\DheyClaveria\.m2\repository\org\hamcrest\hamcrest\2.1\hamcrest-2.1.jar;C:\Users\DheyClaveria\.m2\repository\org\ccil\cowan\tagsoup\tagsoup\1.2.1\tagsoup-1.2.1.jar;C:\Users\DheyClaveria\.m2\repository\io\rest-assured\json-path\4.5.1\json-path-4.5.1.jar;C:\Users\DheyClaveria\.m2\repository\io\rest-assured\rest-assured-common\4.5.1\rest-assured-common-4.5.1.jar;C:\Users\DheyClaveria\.m2\repository\io\rest-assured\xml-path\4.5.1\xml-path-4.5.1.jar;C:\Users\DheyClaveria\.m2\repository\io\rest-assured\rest-assured-all\4.3.2\rest-assured-all-4.3.2.jar;C:\Users\DheyClaveria\.m2\repository\org\apache\commons\commons-lang3\3.11\commons-lang3-3.11.jar;C:\Users\DheyClaveria\.m2\repository\jakarta\xml\bind\jakarta.xml.bind-api\2.3.3\jakarta.xml.bind-api-2.3.3.jar;C:\Users\DheyClaveria\.m2\repository\jakarta\activation\jakarta.activation-api\1.2.2\jakarta.activation-api-1.2.2.jar;C:\Users\DheyClaveria\.m2\repository\com\sun\xml\bind\jaxb-impl\2.3.3\jaxb-impl-2.3.3.jar;C:\Users\DheyClaveria\.m2\repository\org\codehaus\groovy\groovy-json\3.0.6\groovy-json-3.0.6.jar;C:\Users\DheyClaveria\.m2\repository\log4j\log4j\1.2.17\log4j-1.2.17.jar;C:\Users\DheyClaveria\.m2\repository\ch\qos\logback\logback-classic\1.1.3\logback-classic-1.1.3.jar;C:\Users\DheyClaveria\.m2\repository\ch\qos\logback\logback-core\1.1.3\logback-core-1.1.3.jar;C:\Users\DheyClaveria\.m2\repository\org\slf4j\slf4j-api\1.7.36\slf4j-api-1.7.36.jar;C:\Users\DheyClaveria\.m2\repository\org\slf4j\slf4j-reload4j\1.7.36\slf4j-reload4j-1.7.36.jar;C:\Users\DheyClaveria\.m2\repository\ch\qos\reload4j\reload4j\1.2.19\reload4j-1.2.19.jar;C:\Users\DheyClaveria\.m2\repository\org\json\json\20210307\json-20210307.jar;C:\Users\DheyClaveria\.m2\repository\com\ea\async\ea-async\1.2.3\ea-async-1.2.3.jar;C:\Users\DheyClaveria\.m2\repository\net\serenity-bdd\serenity-assertions\3.2.0\serenity-assertions-3.2.0.jar;C:\Users\DheyClaveria\.m2\repository\net\serenity-bdd\serenity-screenplay\3.2.0\serenity-screenplay-3.2.0.jar;C:\Users\DheyClaveria\.m2\repository\org\assertj\assertj-core\3.21.0\assertj-core-3.21.0.jar;C:\Users\DheyClaveria\.m2\repository\net\serenity-bdd\serenity-ensure\3.2.0\serenity-ensure-3.2.0.jar;C:\Users\DheyClaveria\.m2\repository\net\serenity-bdd\serenity-model\3.2.0\serenity-model-3.2.0.jar;C:\Users\DheyClaveria\.m2\repository\org\apache\commons\commons-text\1.9\commons-text-1.9.jar;C:\Users\DheyClaveria\.m2\repository\commons-net\commons-net\3.6\commons-net-3.6.jar;C:\Users\DheyClaveria\.m2\repository\com\google\inject\guice\5.0.1\guice-5.0.1.jar;C:\Users\DheyClaveria\.m2\repository\javax\inject\javax.inject\1\javax.inject-1.jar;C:\Users\DheyClaveria\.m2\repository\aopalliance\aopalliance\1.0\aopalliance-1.0.jar;C:\Users\DheyClaveria\.m2\repository\com\thoughtworks\xstream\xstream\1.4.19\xstream-1.4.19.jar;C:\Users\DheyClaveria\.m2\repository\io\github\x-stream\mxparser\1.2.2\mxparser-1.2.2.jar;C:\Users\DheyClaveria\.m2\repository\xmlpull\xmlpull\1.1.3.1\xmlpull-1.1.3.1.jar;C:\Users\DheyClaveria\.m2\repository\com\typesafe\config\1.3.1\config-1.3.1.jar;C:\Users\DheyClaveria\.m2\repository\org\imgscalr\imgscalr-lib\4.2\imgscalr-lib-4.2.jar;C:\Users\DheyClaveria\.m2\repository\org\awaitility\awaitility\4.1.0\awaitility-4.1.0.jar;C:\Users\DheyClaveria\.m2\repository\org\freemarker\freemarker\2.3.31\freemarker-2.3.31.jar;C:\Users\DheyClaveria\.m2\repository\io\github\classgraph\classgraph\4.8.138\classgraph-4.8.138.jar;C:\Users\DheyClaveria\.m2\repository\net\sourceforge\jexcelapi\jxl\2.6.12\jxl-2.6.12.jar;C:\Users\DheyClaveria\.m2\repository\net\bytebuddy\byte-buddy\1.12.3\byte-buddy-1.12.3.jar;C:\Users\DheyClaveria\.m2\repository\net\bytebuddy\byte-buddy-agent\1.12.3\byte-buddy-agent-1.12.3.jar;C:\Users\DheyClaveria\.m2\repository\org\objenesis\objenesis\3.1\objenesis-3.1.jar;C:\Users\DheyClaveria\.m2\repository\net\serenity-bdd\serenity-screenplay-webdriver\3.2.0\serenity-screenplay-webdriver-3.2.0.jar;C:\Users\DheyClaveria\.m2\repository\org\jetbrains\kotlin\kotlin-stdlib\1.6.0\kotlin-stdlib-1.6.0.jar;C:\Users\DheyClaveria\.m2\repository\org\jetbrains\annotations\13.0\annotations-13.0.jar;C:\Users\DheyClaveria\.m2\repository\org\jetbrains\kotlin\kotlin-stdlib-common\1.6.0\kotlin-stdlib-common-1.6.0.jar;C:\Users\DheyClaveria\.m2\repository\net\serenity-bdd\serenity-core\3.2.0\serenity-core-3.2.0.jar;C:\Users\DheyClaveria\.m2\repository\net\serenity-bdd\serenity-reports\3.2.0\serenity-reports-3.2.0.jar;C:\Users\DheyClaveria\.m2\repository\net\serenity-bdd\serenity-stats\3.2.0\serenity-stats-3.2.0.jar;C:\Users\DheyClaveria\.m2\repository\net\serenity-bdd\serenity-reports-configuration\3.2.0\serenity-reports-configuration-3.2.0.jar;C:\Users\DheyClaveria\.m2\repository\com\vladsch\flexmark\flexmark-all\0.34.30\flexmark-all-0.34.30.jar;C:\Users\DheyClaveria\.m2\repository\com\vladsch\flexmark\flexmark\0.34.30\flexmark-0.34.30.jar;C:\Users\DheyClaveria\.m2\repository\com\vladsch\flexmark\flexmark-ext-abbreviation\0.34.30\flexmark-ext-abbreviation-0.34.30.jar;C:\Users\DheyClaveria\.m2\repository\com\vladsch\flexmark\flexmark-ext-admonition\0.34.30\flexmark-ext-admonition-0.34.30.jar;C:\Users\DheyClaveria\.m2\repository\com\vladsch\flexmark\flexmark-ext-anchorlink\0.34.30\flexmark-ext-anchorlink-0.34.30.jar;C:\Users\DheyClaveria\.m2\repository\com\vladsch\flexmark\flexmark-ext-aside\0.34.30\flexmark-ext-aside-0.34.30.jar;C:\Users\DheyClaveria\.m2\repository\com\vladsch\flexmark\flexmark-ext-attributes\0.34.30\flexmark-ext-attributes-0.34.30.jar;C:\Users\DheyClaveria\.m2\repository\com\vladsch\flexmark\flexmark-ext-autolink\0.34.30\flexmark-ext-autolink-0.34.30.jar;C:\Users\DheyClaveria\.m2\repository\org\nibor\autolink\autolink\0.6.0\autolink-0.6.0.jar;C:\Users\DheyClaveria\.m2\repository\com\vladsch\flexmark\flexmark-ext-definition\0.34.30\flexmark-ext-definition-0.34.30.jar;C:\Users\DheyClaveria\.m2\repository\com\vladsch\flexmark\flexmark-ext-emoji\0.34.30\flexmark-ext-emoji-0.34.30.jar;C:\Users\DheyClaveria\.m2\repository\com\vladsch\flexmark\flexmark-ext-enumerated-reference\0.34.30\flexmark-ext-enumerated-reference-0.34.30.jar;C:\Users\DheyClaveria\.m2\repository\com\vladsch\flexmark\flexmark-ext-escaped-character\0.34.30\flexmark-ext-escaped-character-0.34.30.jar;C:\Users\DheyClaveria\.m2\repository\com\vladsch\flexmark\flexmark-ext-footnotes\0.34.30\flexmark-ext-footnotes-0.34.30.jar;C:\Users\DheyClaveria\.m2\repository\com\vladsch\flexmark\flexmark-ext-gfm-issues\0.34.30\flexmark-ext-gfm-issues-0.34.30.jar;C:\Users\DheyClaveria\.m2\repository\com\vladsch\flexmark\flexmark-ext-gfm-strikethrough\0.34.30\flexmark-ext-gfm-strikethrough-0.34.30.jar;C:\Users\DheyClaveria\.m2\repository\com\vladsch\flexmark\flexmark-ext-gfm-tables\0.34.30\flexmark-ext-gfm-tables-0.34.30.jar;C:\Users\DheyClaveria\.m2\repository\com\vladsch\flexmark\flexmark-ext-gfm-tasklist\0.34.30\flexmark-ext-gfm-tasklist-0.34.30.jar;C:\Users\DheyClaveria\.m2\repository\com\vladsch\flexmark\flexmark-ext-gfm-users\0.34.30\flexmark-ext-gfm-users-0.34.30.jar;C:\Users\DheyClaveria\.m2\repository\com\vladsch\flexmark\flexmark-ext-gitlab\0.34.30\flexmark-ext-gitlab-0.34.30.jar;C:\Users\DheyClaveria\.m2\repository\com\vladsch\flexmark\flexmark-ext-jekyll-front-matter\0.34.30\flexmark-ext-jekyll-front-matter-0.34.30.jar;C:\Users\DheyClaveria\.m2\repository\com\vladsch\flexmark\flexmark-ext-jekyll-tag\0.34.30\flexmark-ext-jekyll-tag-0.34.30.jar;C:\Users\DheyClaveria\.m2\repository\com\vladsch\flexmark\flexmark-ext-media-tags\0.34.30\flexmark-ext-media-tags-0.34.30.jar;C:\Users\DheyClaveria\.m2\repository\com\vladsch\flexmark\flexmark-test-util\0.34.30\flexmark-test-util-0.34.30.jar;C:\Users\DheyClaveria\.m2\repository\com\vladsch\flexmark\flexmark-ext-ins\0.34.30\flexmark-ext-ins-0.34.30.jar;C:\Users\DheyClaveria\.m2\repository\com\vladsch\flexmark\flexmark-ext-xwiki-macros\0.34.30\flexmark-ext-xwiki-macros-0.34.30.jar;C:\Users\DheyClaveria\.m2\repository\com\vladsch\flexmark\flexmark-ext-superscript\0.34.30\flexmark-ext-superscript-0.34.30.jar;C:\Users\DheyClaveria\.m2\repository\com\vladsch\flexmark\flexmark-ext-tables\0.34.30\flexmark-ext-tables-0.34.30.jar;C:\Users\DheyClaveria\.m2\repository\com\vladsch\flexmark\flexmark-ext-toc\0.34.30\flexmark-ext-toc-0.34.30.jar;C:\Users\DheyClaveria\.m2\repository\com\vladsch\flexmark\flexmark-ext-typographic\0.34.30\flexmark-ext-typographic-0.34.30.jar;C:\Users\DheyClaveria\.m2\repository\com\vladsch\flexmark\flexmark-ext-wikilink\0.34.30\flexmark-ext-wikilink-0.34.30.jar;C:\Users\DheyClaveria\.m2\repository\com\vladsch\flexmark\flexmark-ext-yaml-front-matter\0.34.30\flexmark-ext-yaml-front-matter-0.34.30.jar;C:\Users\DheyClaveria\.m2\repository\com\vladsch\flexmark\flexmark-ext-youtube-embedded\0.34.30\flexmark-ext-youtube-embedded-0.34.30.jar;C:\Users\DheyClaveria\.m2\repository\com\vladsch\flexmark\flexmark-formatter\0.34.30\flexmark-formatter-0.34.30.jar;C:\Users\DheyClaveria\.m2\repository\com\vladsch\flexmark\flexmark-html-parser\0.34.30\flexmark-html-parser-0.34.30.jar;C:\Users\DheyClaveria\.m2\repository\com\vladsch\flexmark\flexmark-jira-converter\0.34.30\flexmark-jira-converter-0.34.30.jar;C:\Users\DheyClaveria\.m2\repository\com\vladsch\flexmark\flexmark-pdf-converter\0.34.30\flexmark-pdf-converter-0.34.30.jar;C:\Users\DheyClaveria\.m2\repository\com\openhtmltopdf\openhtmltopdf-core\0.0.1-RC13\openhtmltopdf-core-0.0.1-RC13.jar;C:\Users\DheyClaveria\.m2\repository\com\openhtmltopdf\openhtmltopdf-pdfbox\0.0.1-RC13\openhtmltopdf-pdfbox-0.0.1-RC13.jar;C:\Users\DheyClaveria\.m2\repository\org\apache\pdfbox\xmpbox\2.0.8\xmpbox-2.0.8.jar;C:\Users\DheyClaveria\.m2\repository\com\openhtmltopdf\openhtmltopdf-rtl-support\0.0.1-RC13\openhtmltopdf-rtl-support-0.0.1-RC13.jar;C:\Users\DheyClaveria\.m2\repository\com\ibm\icu\icu4j\59.1\icu4j-59.1.jar;C:\Users\DheyClaveria\.m2\repository\com\openhtmltopdf\openhtmltopdf-jsoup-dom-converter\0.0.1-RC13\openhtmltopdf-jsoup-dom-converter-0.0.1-RC13.jar;C:\Users\DheyClaveria\.m2\repository\com\vladsch\flexmark\flexmark-profile-pegdown\0.34.30\flexmark-profile-pegdown-0.34.30.jar;C:\Users\DheyClaveria\.m2\repository\com\vladsch\flexmark\flexmark-util\0.34.30\flexmark-util-0.34.30.jar;C:\Users\DheyClaveria\.m2\repository\com\vladsch\flexmark\flexmark-youtrack-converter\0.34.30\flexmark-youtrack-converter-0.34.30.jar;C:\Users\DheyClaveria\.m2\repository\es\nitaur\markdown\txtmark\0.16\txtmark-0.16.jar;C:\Users\DheyClaveria\.m2\repository\net\serenity-bdd\serenity-report-resources\3.2.0\serenity-report-resources-3.2.0.jar;C:\Users\DheyClaveria\.m2\repository\com\google\code\gson\gson\2.8.9\gson-2.8.9.jar;C:\Users\DheyClaveria\.m2\repository\com\fasterxml\jackson\core\jackson-core\2.12.4\jackson-core-2.12.4.jar;C:\Users\DheyClaveria\.m2\repository\com\fasterxml\jackson\core\jackson-databind\2.12.4\jackson-databind-2.12.4.jar;C:\Users\DheyClaveria\.m2\repository\com\fasterxml\jackson\core\jackson-annotations\2.12.4\jackson-annotations-2.12.4.jar;C:\Users\DheyClaveria\.m2\repository\commons-codec\commons-codec\1.15\commons-codec-1.15.jar;C:\Users\DheyClaveria\.m2\repository\commons-io\commons-io\2.8.0\commons-io-2.8.0.jar;C:\Users\DheyClaveria\.m2\repository\org\seleniumhq\selenium\selenium-api\4.1.2\selenium-api-4.1.2.jar;C:\Users\DheyClaveria\.m2\repository\org\seleniumhq\selenium\selenium-support\4.1.2\selenium-support-4.1.2.jar;C:\Users\DheyClaveria\.m2\repository\org\seleniumhq\selenium\selenium-firefox-driver\4.1.2\selenium-firefox-driver-4.1.2.jar;C:\Users\DheyClaveria\.m2\repository\org\seleniumhq\selenium\selenium-edge-driver\4.1.2\selenium-edge-driver-4.1.2.jar;C:\Users\DheyClaveria\.m2\repository\org\seleniumhq\selenium\selenium-ie-driver\4.1.2\selenium-ie-driver-4.1.2.jar;C:\Users\DheyClaveria\.m2\repository\org\projectlombok\lombok\1.18.20\lombok-1.18.20.jar;C:\Users\DheyClaveria\.m2\repository\io\appium\java-client\8.0.0-beta2\java-client-8.0.0-beta2.jar;C:\Users\DheyClaveria\.m2\repository\commons-validator\commons-validator\1.7\commons-validator-1.7.jar;C:\Users\DheyClaveria\.m2\repository\commons-digester\commons-digester\2.1\commons-digester-2.1.jar;C:\Users\DheyClaveria\.m2\repository\org\aspectj\aspectjweaver\1.9.7\aspectjweaver-1.9.7.jar;C:\Users\DheyClaveria\.m2\repository\net\sf\opencsv\opencsv\2.0\opencsv-2.0.jar;C:\Users\DheyClaveria\.m2\repository\commons-beanutils\commons-beanutils\1.9.4\commons-beanutils-1.9.4.jar;C:\Users\DheyClaveria\.m2\repository\commons-collections\commons-collections\3.2.2\commons-collections-3.2.2.jar;C:\Users\DheyClaveria\.m2\repository\org\fluentlenium\fluentlenium-core\0.10.2\fluentlenium-core-0.10.2.jar;C:\Users\DheyClaveria\.m2\repository\com\jhlabs\filters\2.0.235\filters-2.0.235.jar;C:\Users\DheyClaveria\.m2\repository\com\paulhammant\ngwebdriver\1.1.5\ngwebdriver-1.1.5.jar;C:\Users\DheyClaveria\.m2\repository\joda-time\joda-time\2.8.2\joda-time-2.8.2.jar;C:\Users\DheyClaveria\.m2\repository\com\google\jimfs\jimfs\1.1\jimfs-1.1.jar;C:\Users\DheyClaveria\.m2\repository\org\mockito\mockito-core\3.3.3\mockito-core-3.3.3.jar;C:\Users\DheyClaveria\.m2\repository\javax\xml\bind\jaxb-api\2.3.1\jaxb-api-2.3.1.jar;C:\Users\DheyClaveria\.m2\repository\javax\activation\javax.activation-api\1.2.0\javax.activation-api-1.2.0.jar;C:\Users\DheyClaveria\.m2\repository\com\sun\xml\bind\jaxb-core\2.3.0.1\jaxb-core-2.3.0.1.jar;C:\Users\DheyClaveria\.m2\repository\javax\activation\activation\1.1.1\activation-1.1.1.jar;C:\Users\DheyClaveria\.m2\repository\net\serenity-bdd\serenity-junit\3.2.0\serenity-junit-3.2.0.jar;C:\Users\DheyClaveria\.m2\repository\net\serenity-bdd\serenity-cucumber\3.2.0\serenity-cucumber-3.2.0.jar;C:\Users\DheyClaveria\.m2\repository\org\apache\commons\commons-csv\1.5\commons-csv-1.5.jar;C:\Users\DheyClaveria\.m2\repository\net\serenity-bdd\serenity-rest-assured\3.2.0\serenity-rest-assured-3.2.0.jar;C:\Users\DheyClaveria\.m2\repository\org\opentest4j\opentest4j\1.2.0\opentest4j-1.2.0.jar;C:\Users\DheyClaveria\.m2\repository\io\cucumber\cucumber-java\7.2.3\cucumber-java-7.2.3.jar;C:\Users\DheyClaveria\.m2\repository\org\apiguardian\apiguardian-api\1.1.2\apiguardian-api-1.1.2.jar;C:\Users\DheyClaveria\.m2\repository\io\cucumber\cucumber-junit\7.2.3\cucumber-junit-7.2.3.jar;C:\Users\DheyClaveria\.m2\repository\io\cucumber\cucumber-core\7.2.3\cucumber-core-7.2.3.jar;C:\Users\DheyClaveria\.m2\repository\io\cucumber\cucumber-gherkin-messages\7.2.3\cucumber-gherkin-messages-7.2.3.jar;C:\Users\DheyClaveria\.m2\repository\io\cucumber\messages\17.1.1\messages-17.1.1.jar;C:\Users\DheyClaveria\.m2\repository\io\cucumber\tag-expressions\4.1.0\tag-expressions-4.1.0.jar;C:\Users\DheyClaveria\.m2\repository\io\cucumber\cucumber-expressions\15.0.1\cucumber-expressions-15.0.1.jar;C:\Users\DheyClaveria\.m2\repository\io\cucumber\datatable\7.2.3\datatable-7.2.3.jar;C:\Users\DheyClaveria\.m2\repository\io\cucumber\cucumber-plugin\7.2.3\cucumber-plugin-7.2.3.jar;C:\Users\DheyClaveria\.m2\repository\io\cucumber\docstring\7.2.3\docstring-7.2.3.jar;C:\Users\DheyClaveria\.m2\repository\io\cucumber\html-formatter\17.0.0\html-formatter-17.0.0.jar;C:\Users\DheyClaveria\.m2\repository\io\cucumber\ci-environment\8.1.0\ci-environment-8.1.0.jar;C:\Users\DheyClaveria\.m2\repository\io\cucumber\cucumber-junit-platform-engine\7.2.3\cucumber-junit-platform-engine-7.2.3.jar;C:\Users\DheyClaveria\.m2\repository\org\junit\platform\junit-platform-engine\1.8.2\junit-platform-engine-1.8.2.jar;C:\Users\DheyClaveria\.m2\repository\org\junit\platform\junit-platform-commons\1.8.2\junit-platform-commons-1.8.2.jar;C:\Users\DheyClaveria\.m2\repository\io\cucumber\cucumber-jvm-deps\1.0.6\cucumber-jvm-deps-1.0.6.jar;C:\Users\DheyClaveria\.m2\repository\net\masterthought\cucumber-reporting\5.7.0\cucumber-reporting-5.7.0.jar;C:\Users\DheyClaveria\.m2\repository\com\fasterxml\jackson\datatype\jackson-datatype-jsr310\2.13.0\jackson-datatype-jsr310-2.13.0.jar;C:\Users\DheyClaveria\.m2\repository\org\apache\velocity\velocity-engine-core\2.3\velocity-engine-core-2.3.jar;C:\Users\DheyClaveria\.m2\repository\org\codehaus\plexus\plexus-utils\3.3.0\plexus-utils-3.3.0.jar;C:\Users\DheyClaveria\.m2\repository\org\jsoup\jsoup\1.14.2\jsoup-1.14.2.jar;C:\Users\DheyClaveria\.m2\repository\com\google\guava\guava\30.1.1-jre\guava-30.1.1-jre.jar;C:\Users\DheyClaveria\.m2\repository\com\google\guava\failureaccess\1.0.1\failureaccess-1.0.1.jar;C:\Users\DheyClaveria\.m2\repository\com\google\guava\listenablefuture\9999.0-empty-to-avoid-conflict-with-guava\listenablefuture-9999.0-empty-to-avoid-conflict-with-guava.jar;C:\Users\DheyClaveria\.m2\repository\com\google\code\findbugs\jsr305\3.0.2\jsr305-3.0.2.jar;C:\Users\DheyClaveria\.m2\repository\org\checkerframework\checker-qual\3.8.0\checker-qual-3.8.0.jar;C:\Users\DheyClaveria\.m2\repository\com\google\errorprone\error_prone_annotations\2.5.1\error_prone_annotations-2.5.1.jar;C:\Users\DheyClaveria\.m2\repository\com\google\j2objc\j2objc-annotations\1.3\j2objc-annotations-1.3.jar;C:\Users\DheyClaveria\.m2\repository\com\googlecode\owasp-java-html-sanitizer\owasp-java-html-sanitizer\20211018.2\owasp-java-html-sanitizer-20211018.2.jar;C:\Users\DheyClaveria\.m2\repository\commons-configuration\commons-configuration\1.10\commons-configuration-1.10.jar;C:\Users\DheyClaveria\.m2\repository\commons-lang\commons-lang\2.6\commons-lang-2.6.jar;C:\Users\DheyClaveria\.m2\repository\io\cucumber\cucumber-html\0.2.7\cucumber-html-0.2.7.jar;C:\Users\DheyClaveria\.m2\repository\io\cucumber\cucumber-gherkin\7.2.3\cucumber-gherkin-7.2.3.jar;C:\Users\DheyClaveria\.m2\repository\junit\junit\4.13.1\junit-4.13.1.jar;C:\Users\DheyClaveria\.m2\repository\org\hamcrest\hamcrest-core\1.3\hamcrest-core-1.3.jar;C:\Users\DheyClaveria\.m2\repository\org\junit\platform\junit-platform-suite\1.8.2\junit-platform-suite-1.8.2.jar;C:\Users\DheyClaveria\.m2\repository\org\junit\platform\junit-platform-suite-api\1.8.2\junit-platform-suite-api-1.8.2.jar;C:\Users\DheyClaveria\.m2\repository\org\junit\platform\junit-platform-suite-engine\1.8.2\junit-platform-suite-engine-1.8.2.jar;C:\Users\DheyClaveria\.m2\repository\org\junit\platform\junit-platform-suite-commons\1.8.2\junit-platform-suite-commons-1.8.2.jar;C:\Users\DheyClaveria\.m2\repository\org\junit\platform\junit-platform-launcher\1.8.2\junit-platform-launcher-1.8.2.jar;C:\Users\DheyClaveria\.m2\repository\org\junit\jupiter\junit-jupiter\5.8.2\junit-jupiter-5.8.2.jar;C:\Users\DheyClaveria\.m2\repository\org\junit\jupiter\junit-jupiter-api\5.8.2\junit-jupiter-api-5.8.2.jar;C:\Users\DheyClaveria\.m2\repository\org\junit\jupiter\junit-jupiter-params\5.8.2\junit-jupiter-params-5.8.2.jar;C:\Users\DheyClaveria\.m2\repository\org\junit\jupiter\junit-jupiter-engine\5.8.2\junit-jupiter-engine-5.8.2.jar;C:\Users\DheyClaveria\.m2\repository\org\junit\vintage\junit-vintage-engine\5.8.2\junit-vintage-engine-5.8.2.jar;C:\Users\DheyClaveria\.m2\repository\info\cukes\cucumber-java\1.2.5\cucumber-java-1.2.5.jar;C:\Users\DheyClaveria\.m2\repository\info\cukes\cucumber-core\1.2.5\cucumber-core-1.2.5.jar;C:\Users\DheyClaveria\.m2\repository\info\cukes\cucumber-html\0.2.3\cucumber-html-0.2.3.jar;C:\Users\DheyClaveria\.m2\repository\info\cukes\cucumber-jvm-deps\1.0.5\cucumber-jvm-deps-1.0.5.jar;C:\Users\DheyClaveria\.m2\repository\info\cukes\gherkin\2.12.2\gherkin-2.12.2.jar;C:\Users\DheyClaveria\.m2\repository\info\cukes\cucumber-junit\1.2.5\cucumber-junit-1.2.5.jar;C:\Users\DheyClaveria\.m2\repository\org\seleniumhq\selenium\selenium-java\4.1.1\selenium-java-4.1.1.jar;C:\Users\DheyClaveria\.m2\repository\org\seleniumhq\selenium\selenium-devtools-v85\4.1.1\selenium-devtools-v85-4.1.1.jar;C:\Users\DheyClaveria\.m2\repository\org\seleniumhq\selenium\selenium-devtools-v94\4.1.1\selenium-devtools-v94-4.1.1.jar;C:\Users\DheyClaveria\.m2\repository\org\seleniumhq\selenium\selenium-devtools-v95\4.1.1\selenium-devtools-v95-4.1.1.jar;C:\Users\DheyClaveria\.m2\repository\org\seleniumhq\selenium\selenium-devtools-v96\4.1.1\selenium-devtools-v96-4.1.1.jar;C:\Users\DheyClaveria\.m2\repository\org\seleniumhq\selenium\selenium-firefox-xpi-driver\4.1.1\selenium-firefox-xpi-driver-4.1.1.jar;C:\Users\DheyClaveria\.m2\repository\org\seleniumhq\selenium\selenium-opera-driver\4.1.1\selenium-opera-driver-4.1.1.jar;C:\Users\DheyClaveria\.m2\repository\org\seleniumhq\selenium\selenium-remote-driver\4.1.1\selenium-remote-driver-4.1.1.jar;C:\Users\DheyClaveria\.m2\repository\io\netty\netty-buffer\4.1.70.Final\netty-buffer-4.1.70.Final.jar;C:\Users\DheyClaveria\.m2\repository\io\netty\netty-codec-http\4.1.70.Final\netty-codec-http-4.1.70.Final.jar;C:\Users\DheyClaveria\.m2\repository\io\netty\netty-codec\4.1.70.Final\netty-codec-4.1.70.Final.jar;C:\Users\DheyClaveria\.m2\repository\io\netty\netty-handler\4.1.70.Final\netty-handler-4.1.70.Final.jar;C:\Users\DheyClaveria\.m2\repository\io\netty\netty-common\4.1.70.Final\netty-common-4.1.70.Final.jar;C:\Users\DheyClaveria\.m2\repository\io\netty\netty-transport-classes-epoll\4.1.70.Final\netty-transport-classes-epoll-4.1.70.Final.jar;C:\Users\DheyClaveria\.m2\repository\io\netty\netty-transport-classes-kqueue\4.1.70.Final\netty-transport-classes-kqueue-4.1.70.Final.jar;C:\Users\DheyClaveria\.m2\repository\io\netty\netty-transport-native-unix-common\4.1.70.Final\netty-transport-native-unix-common-4.1.70.Final.jar;C:\Users\DheyClaveria\.m2\repository\io\netty\netty-transport\4.1.70.Final\netty-transport-4.1.70.Final.jar;C:\Users\DheyClaveria\.m2\repository\io\netty\netty-resolver\4.1.70.Final\netty-resolver-4.1.70.Final.jar;C:\Users\DheyClaveria\.m2\repository\io\opentelemetry\opentelemetry-api\1.9.1\opentelemetry-api-1.9.1.jar;C:\Users\DheyClaveria\.m2\repository\io\opentelemetry\opentelemetry-context\1.9.1\opentelemetry-context-1.9.1.jar;C:\Users\DheyClaveria\.m2\repository\io\opentelemetry\opentelemetry-exporter-logging\1.9.1\opentelemetry-exporter-logging-1.9.1.jar;C:\Users\DheyClaveria\.m2\repository\io\opentelemetry\opentelemetry-sdk-metrics\1.9.1-alpha\opentelemetry-sdk-metrics-1.9.1-alpha.jar;C:\Users\DheyClaveria\.m2\repository\io\opentelemetry\opentelemetry-sdk-logs\1.9.1-alpha\opentelemetry-sdk-logs-1.9.1-alpha.jar;C:\Users\DheyClaveria\.m2\repository\io\opentelemetry\opentelemetry-sdk-common\1.9.1\opentelemetry-sdk-common-1.9.1.jar;C:\Users\DheyClaveria\.m2\repository\io\opentelemetry\opentelemetry-sdk-extension-autoconfigure-spi\1.9.1\opentelemetry-sdk-extension-autoconfigure-spi-1.9.1.jar;C:\Users\DheyClaveria\.m2\repository\io\opentelemetry\opentelemetry-sdk-extension-autoconfigure\1.9.1-alpha\opentelemetry-sdk-extension-autoconfigure-1.9.1-alpha.jar;C:\Users\DheyClaveria\.m2\repository\io\opentelemetry\opentelemetry-sdk-trace\1.9.1\opentelemetry-sdk-trace-1.9.1.jar;C:\Users\DheyClaveria\.m2\repository\io\opentelemetry\opentelemetry-api-metrics\1.9.1-alpha\opentelemetry-api-metrics-1.9.1-alpha.jar;C:\Users\DheyClaveria\.m2\repository\io\opentelemetry\opentelemetry-sdk\1.9.1\opentelemetry-sdk-1.9.1.jar;C:\Users\DheyClaveria\.m2\repository\io\opentelemetry\opentelemetry-semconv\1.9.1-alpha\opentelemetry-semconv-1.9.1-alpha.jar;C:\Users\DheyClaveria\.m2\repository\io\ous\jtoml\2.0.0\jtoml-2.0.0.jar;C:\Users\DheyClaveria\.m2\repository\org\apache\commons\commons-exec\1.3\commons-exec-1.3.jar;C:\Users\DheyClaveria\.m2\repository\org\asynchttpclient\async-http-client\2.12.3\async-http-client-2.12.3.jar;C:\Users\DheyClaveria\.m2\repository\org\asynchttpclient\async-http-client-netty-utils\2.12.3\async-http-client-netty-utils-2.12.3.jar;C:\Users\DheyClaveria\.m2\repository\io\netty\netty-codec-socks\4.1.60.Final\netty-codec-socks-4.1.60.Final.jar;C:\Users\DheyClaveria\.m2\repository\io\netty\netty-handler-proxy\4.1.60.Final\netty-handler-proxy-4.1.60.Final.jar;C:\Users\DheyClaveria\.m2\repository\io\netty\netty-transport-native-epoll\4.1.60.Final\netty-transport-native-epoll-4.1.60.Final-linux-x86_64.jar;C:\Users\DheyClaveria\.m2\repository\io\netty\netty-transport-native-kqueue\4.1.60.Final\netty-transport-native-kqueue-4.1.60.Final-osx-x86_64.jar;C:\Users\DheyClaveria\.m2\repository\org\reactivestreams\reactive-streams\1.0.3\reactive-streams-1.0.3.jar;C:\Users\DheyClaveria\.m2\repository\com\typesafe\netty\netty-reactive-streams\2.0.4\netty-reactive-streams-2.0.4.jar;C:\Users\DheyClaveria\.m2\repository\com\sun\activation\jakarta.activation\1.2.2\jakarta.activation-1.2.2.jar;C:\Users\DheyClaveria\.m2\repository\org\seleniumhq\selenium\selenium-http\4.1.1\selenium-http-4.1.1.jar;C:\Users\DheyClaveria\.m2\repository\net\jodah\failsafe\2.4.4\failsafe-2.4.4.jar;C:\Users\DheyClaveria\.m2\repository\org\seleniumhq\selenium\selenium-safari-driver\4.1.1\selenium-safari-driver-4.1.1.jar;C:\Users\DheyClaveria\.m2\repository\org\seleniumhq\selenium\selenium-chrome-driver\4.1.1\selenium-chrome-driver-4.1.1.jar;C:\Users\DheyClaveria\.m2\repository\com\google\auto\service\auto-service-annotations\1.0.1\auto-service-annotations-1.0.1.jar;C:\Users\DheyClaveria\.m2\repository\com\google\auto\service\auto-service\1.0.1\auto-service-1.0.1.jar;C:\Users\DheyClaveria\.m2\repository\com\google\auto\auto-common\1.2\auto-common-1.2.jar;C:\Users\DheyClaveria\.m2\repository\org\seleniumhq\selenium\selenium-chromium-driver\4.1.1\selenium-chromium-driver-4.1.1.jar;C:\Users\DheyClaveria\.m2\repository\org\seleniumhq\selenium\selenium-json\4.1.1\selenium-json-4.1.1.jar;C:\Users\DheyClaveria\.m2\repository\io\github\bonigarcia\webdrivermanager\4.2.2\webdrivermanager-4.2.2.jar;C:\Users\DheyClaveria\.m2\repository\org\apache\httpcomponents\client5\httpclient5\5.0.1\httpclient5-5.0.1.jar;C:\Users\DheyClaveria\.m2\repository\org\apache\httpcomponents\core5\httpcore5\5.0.1\httpcore5-5.0.1.jar;C:\Users\DheyClaveria\.m2\repository\org\apache\httpcomponents\core5\httpcore5-h2\5.0.1\httpcore5-h2-5.0.1.jar;C:\Users\DheyClaveria\.m2\repository\org\rauschig\jarchivelib\1.1.0\jarchivelib-1.1.0.jar;C:\Users\DheyClaveria\.m2\repository\tech\grasshopper\extentreports-cucumber7-adapter\1.3.0\extentreports-cucumber7-adapter-1.3.0.jar;C:\Users\DheyClaveria\.m2\repository\com\aventstack\extentreports\5.0.9\extentreports-5.0.9.jar;C:\Users\DheyClaveria\.m2\repository\io\reactivex\rxjava3\rxjava\3.0.4\rxjava-3.0.4.jar;C:\Users\DheyClaveria\.m2\repository\tech\grasshopper\extent-pdf-report\2.1.0\extent-pdf-report-2.1.0.jar;C:\Users\DheyClaveria\.m2\repository\tech\grasshopper\cucumber-pdf-report\2.5.0\cucumber-pdf-report-2.5.0.jar;C:\Users\DheyClaveria\.m2\repository\org\knowm\xchart\xchart\3.8.0\xchart-3.8.0.jar;C:\Users\DheyClaveria\.m2\repository\de\erichseifert\vectorgraphics2d\VectorGraphics2D\0.13\VectorGraphics2D-0.13.jar;C:\Users\DheyClaveria\.m2\repository\de\rototor\pdfbox\graphics2d\0.30\graphics2d-0.30.jar;C:\Users\DheyClaveria\.m2\repository\com\madgag\animated-gif-lib\1.4\animated-gif-lib-1.4.jar;C:\Users\DheyClaveria\.m2\repository\org\yaml\snakeyaml\1.28\snakeyaml-1.28.jar;C:\Users\DheyClaveria\.m2\repository\tech\grasshopper\table-layout\1.4.0\table-layout-1.4.0.jar;C:\Users\DheyClaveria\.m2\repository\tech\grasshopper\rest-assured-cucumber-pdf-report\1.1.0\rest-assured-cucumber-pdf-report-1.1.0.jar;C:\Users\DheyClaveria\.m2\repository\com\aventstack\klov-reporter\5.0.9\klov-reporter-5.0.9.jar;C:\Users\DheyClaveria\.m2\repository\org\mongodb\mongodb-driver\3.6.4\mongodb-driver-3.6.4.jar;C:\Users\DheyClaveria\.m2\repository\org\mongodb\mongodb-driver-core\3.6.4\mongodb-driver-core-3.6.4.jar;C:\Users\DheyClaveria\.m2\repository\org\mongodb\bson\3.6.4\bson-3.6.4.jar;C:\Users\DheyClaveria\.m2\repository\tech\grasshopper\htmlextentreporter\1.0.0\htmlextentreporter-1.0.0.jar;C:\Users\DheyClaveria\.m2\repository\org\testng\testng\6.14.3\testng-6.14.3.jar;C:\Users\DheyClaveria\.m2\repository\com\beust\jcommander\1.72\jcommander-1.72.jar;C:\Users\DheyClaveria\.m2\repository\org\apache-extras\beanshell\bsh\2.0b6\bsh-2.0b6.jar;C:\Users\DheyClaveria\.m2\repository\io\cucumber\cucumber-testng\7.2.3\cucumber-testng-7.2.3.jar;C:\Users\DheyClaveria\.m2\repository\org\apache\poi\poi\5.2.1\poi-5.2.1.jar;C:\Users\DheyClaveria\.m2\repository\org\apache\commons\commons-collections4\4.4\commons-collections4-4.4.jar;C:\Users\DheyClaveria\.m2\repository\org\apache\commons\commons-math3\3.6.1\commons-math3-3.6.1.jar;C:\Users\DheyClaveria\.m2\repository\com\zaxxer\SparseBitSet\1.2\SparseBitSet-1.2.jar;C:\Users\DheyClaveria\.m2\repository\org\apache\logging\log4j\log4j-api\2.17.1\log4j-api-2.17.1.jar;C:\Users\DheyClaveria\.m2\repository\org\apache\poi\poi-ooxml\5.2.1\poi-ooxml-5.2.1.jar;C:\Users\DheyClaveria\.m2\repository\org\apache\poi\poi-ooxml-lite\5.2.1\poi-ooxml-lite-5.2.1.jar;C:\Users\DheyClaveria\.m2\repository\org\apache\xmlbeans\xmlbeans\5.0.3\xmlbeans-5.0.3.jar;C:\Users\DheyClaveria\.m2\repository\org\apache\commons\commons-compress\1.21\commons-compress-1.21.jar;C:\Users\DheyClaveria\.m2\repository\com\github\virtuald\curvesapi\1.07\curvesapi-1.07.jar;"/>
    <property name="java.vm.vendor" value="Oracle Corporation"/>
    <property name="sun.arch.data.model" value="64"/>
    <property name="user.variant" value=""/>
    <property name="java.vendor.url" value="https://java.oracle.com/"/>
    <property name="user.timezone" value="Asia/Shanghai"/>
    <property name="os.name" value="Windows 10"/>
    <property name="java.vm.specification.version" value="15"/>
    <property name="sun.java.launcher" value="SUN_STANDARD"/>
    <property name="user.country" value="US"/>
    <property name="sun.boot.library.path" value="C:\Program Files\Java\jdk-15.0.1\bin"/>
    <property name="sun.java.command" value="C:\Users\DheyClaveria\AppData\Local\Temp\surefire1019312520978489725\surefirebooter16208649928858577888.jar C:\Users\DheyClaveria\AppData\Local\Temp\surefire1019312520978489725 2022-03-30T09-04-47_974-jvmRun1 surefire13453153621734239195tmp surefire_04357153705591791858tmp"/>
    <property name="jdk.debug" value="release"/>
    <property name="surefire.test.class.path" value="Z:\Automation\JavaCucumber\BDD_HCL\CucumberHCL\target\test-classes;Z:\Automation\JavaCucumber\BDD_HCL\CucumberHCL\target\classes;C:\Users\DheyClaveria\.m2\repository\com\github\ralfstuckert\pdfbox-layout\pdfbox2-layout\1.0.1\pdfbox2-layout-1.0.1.jar;C:\Users\DheyClaveria\.m2\repository\org\apache\pdfbox\pdfbox\2.0.4\pdfbox-2.0.4.jar;C:\Users\DheyClaveria\.m2\repository\org\apache\pdfbox\fontbox\2.0.4\fontbox-2.0.4.jar;C:\Users\DheyClaveria\.m2\repository\commons-logging\commons-logging\1.2\commons-logging-1.2.jar;C:\Users\DheyClaveria\.m2\repository\io\rest-assured\rest-assured\4.5.1\rest-assured-4.5.1.jar;C:\Users\DheyClaveria\.m2\repository\org\codehaus\groovy\groovy\3.0.9\groovy-3.0.9.jar;C:\Users\DheyClaveria\.m2\repository\org\codehaus\groovy\groovy-xml\3.0.9\groovy-xml-3.0.9.jar;C:\Users\DheyClaveria\.m2\repository\org\apache\httpcomponents\httpclient\4.5.13\httpclient-4.5.13.jar;C:\Users\DheyClaveria\.m2\repository\org\apache\httpcomponents\httpcore\4.4.13\httpcore-4.4.13.jar;C:\Users\DheyClaveria\.m2\repository\org\apache\httpcomponents\httpmime\4.5.13\httpmime-4.5.13.jar;C:\Users\DheyClaveria\.m2\repository\org\hamcrest\hamcrest\2.1\hamcrest-2.1.jar;C:\Users\DheyClaveria\.m2\repository\org\ccil\cowan\tagsoup\tagsoup\1.2.1\tagsoup-1.2.1.jar;C:\Users\DheyClaveria\.m2\repository\io\rest-assured\json-path\4.5.1\json-path-4.5.1.jar;C:\Users\DheyClaveria\.m2\repository\io\rest-assured\rest-assured-common\4.5.1\rest-assured-common-4.5.1.jar;C:\Users\DheyClaveria\.m2\repository\io\rest-assured\xml-path\4.5.1\xml-path-4.5.1.jar;C:\Users\DheyClaveria\.m2\repository\io\rest-assured\rest-assured-all\4.3.2\rest-assured-all-4.3.2.jar;C:\Users\DheyClaveria\.m2\repository\org\apache\commons\commons-lang3\3.11\commons-lang3-3.11.jar;C:\Users\DheyClaveria\.m2\repository\jakarta\xml\bind\jakarta.xml.bind-api\2.3.3\jakarta.xml.bind-api-2.3.3.jar;C:\Users\DheyClaveria\.m2\repository\jakarta\activation\jakarta.activation-api\1.2.2\jakarta.activation-api-1.2.2.jar;C:\Users\DheyClaveria\.m2\repository\com\sun\xml\bind\jaxb-impl\2.3.3\jaxb-impl-2.3.3.jar;C:\Users\DheyClaveria\.m2\repository\org\codehaus\groovy\groovy-json\3.0.6\groovy-json-3.0.6.jar;C:\Users\DheyClaveria\.m2\repository\log4j\log4j\1.2.17\log4j-1.2.17.jar;C:\Users\DheyClaveria\.m2\repository\ch\qos\logback\logback-classic\1.1.3\logback-classic-1.1.3.jar;C:\Users\DheyClaveria\.m2\repository\ch\qos\logback\logback-core\1.1.3\logback-core-1.1.3.jar;C:\Users\DheyClaveria\.m2\repository\org\slf4j\slf4j-api\1.7.36\slf4j-api-1.7.36.jar;C:\Users\DheyClaveria\.m2\repository\org\slf4j\slf4j-reload4j\1.7.36\slf4j-reload4j-1.7.36.jar;C:\Users\DheyClaveria\.m2\repository\ch\qos\reload4j\reload4j\1.2.19\reload4j-1.2.19.jar;C:\Users\DheyClaveria\.m2\repository\org\json\json\20210307\json-20210307.jar;C:\Users\DheyClaveria\.m2\repository\com\ea\async\ea-async\1.2.3\ea-async-1.2.3.jar;C:\Users\DheyClaveria\.m2\repository\net\serenity-bdd\serenity-assertions\3.2.0\serenity-assertions-3.2.0.jar;C:\Users\DheyClaveria\.m2\repository\net\serenity-bdd\serenity-screenplay\3.2.0\serenity-screenplay-3.2.0.jar;C:\Users\DheyClaveria\.m2\repository\org\assertj\assertj-core\3.21.0\assertj-core-3.21.0.jar;C:\Users\DheyClaveria\.m2\repository\net\serenity-bdd\serenity-ensure\3.2.0\serenity-ensure-3.2.0.jar;C:\Users\DheyClaveria\.m2\repository\net\serenity-bdd\serenity-model\3.2.0\serenity-model-3.2.0.jar;C:\Users\DheyClaveria\.m2\repository\org\apache\commons\commons-text\1.9\commons-text-1.9.jar;C:\Users\DheyClaveria\.m2\repository\commons-net\commons-net\3.6\commons-net-3.6.jar;C:\Users\DheyClaveria\.m2\repository\com\google\inject\guice\5.0.1\guice-5.0.1.jar;C:\Users\DheyClaveria\.m2\repository\javax\inject\javax.inject\1\javax.inject-1.jar;C:\Users\DheyClaveria\.m2\repository\aopalliance\aopalliance\1.0\aopalliance-1.0.jar;C:\Users\DheyClaveria\.m2\repository\com\thoughtworks\xstream\xstream\1.4.19\xstream-1.4.19.jar;C:\Users\DheyClaveria\.m2\repository\io\github\x-stream\mxparser\1.2.2\mxparser-1.2.2.jar;C:\Users\DheyClaveria\.m2\repository\xmlpull\xmlpull\1.1.3.1\xmlpull-1.1.3.1.jar;C:\Users\DheyClaveria\.m2\repository\com\typesafe\config\1.3.1\config-1.3.1.jar;C:\Users\DheyClaveria\.m2\repository\org\imgscalr\imgscalr-lib\4.2\imgscalr-lib-4.2.jar;C:\Users\DheyClaveria\.m2\repository\org\awaitility\awaitility\4.1.0\awaitility-4.1.0.jar;C:\Users\DheyClaveria\.m2\repository\org\freemarker\freemarker\2.3.31\freemarker-2.3.31.jar;C:\Users\DheyClaveria\.m2\repository\io\github\classgraph\classgraph\4.8.138\classgraph-4.8.138.jar;C:\Users\DheyClaveria\.m2\repository\net\sourceforge\jexcelapi\jxl\2.6.12\jxl-2.6.12.jar;C:\Users\DheyClaveria\.m2\repository\net\bytebuddy\byte-buddy\1.12.3\byte-buddy-1.12.3.jar;C:\Users\DheyClaveria\.m2\repository\net\bytebuddy\byte-buddy-agent\1.12.3\byte-buddy-agent-1.12.3.jar;C:\Users\DheyClaveria\.m2\repository\org\objenesis\objenesis\3.1\objenesis-3.1.jar;C:\Users\DheyClaveria\.m2\repository\net\serenity-bdd\serenity-screenplay-webdriver\3.2.0\serenity-screenplay-webdriver-3.2.0.jar;C:\Users\DheyClaveria\.m2\repository\org\jetbrains\kotlin\kotlin-stdlib\1.6.0\kotlin-stdlib-1.6.0.jar;C:\Users\DheyClaveria\.m2\repository\org\jetbrains\annotations\13.0\annotations-13.0.jar;C:\Users\DheyClaveria\.m2\repository\org\jetbrains\kotlin\kotlin-stdlib-common\1.6.0\kotlin-stdlib-common-1.6.0.jar;C:\Users\DheyClaveria\.m2\repository\net\serenity-bdd\serenity-core\3.2.0\serenity-core-3.2.0.jar;C:\Users\DheyClaveria\.m2\repository\net\serenity-bdd\serenity-reports\3.2.0\serenity-reports-3.2.0.jar;C:\Users\DheyClaveria\.m2\repository\net\serenity-bdd\serenity-stats\3.2.0\serenity-stats-3.2.0.jar;C:\Users\DheyClaveria\.m2\repository\net\serenity-bdd\serenity-reports-configuration\3.2.0\serenity-reports-configuration-3.2.0.jar;C:\Users\DheyClaveria\.m2\repository\com\vladsch\flexmark\flexmark-all\0.34.30\flexmark-all-0.34.30.jar;C:\Users\DheyClaveria\.m2\repository\com\vladsch\flexmark\flexmark\0.34.30\flexmark-0.34.30.jar;C:\Users\DheyClaveria\.m2\repository\com\vladsch\flexmark\flexmark-ext-abbreviation\0.34.30\flexmark-ext-abbreviation-0.34.30.jar;C:\Users\DheyClaveria\.m2\repository\com\vladsch\flexmark\flexmark-ext-admonition\0.34.30\flexmark-ext-admonition-0.34.30.jar;C:\Users\DheyClaveria\.m2\repository\com\vladsch\flexmark\flexmark-ext-anchorlink\0.34.30\flexmark-ext-anchorlink-0.34.30.jar;C:\Users\DheyClaveria\.m2\repository\com\vladsch\flexmark\flexmark-ext-aside\0.34.30\flexmark-ext-aside-0.34.30.jar;C:\Users\DheyClaveria\.m2\repository\com\vladsch\flexmark\flexmark-ext-attributes\0.34.30\flexmark-ext-attributes-0.34.30.jar;C:\Users\DheyClaveria\.m2\repository\com\vladsch\flexmark\flexmark-ext-autolink\0.34.30\flexmark-ext-autolink-0.34.30.jar;C:\Users\DheyClaveria\.m2\repository\org\nibor\autolink\autolink\0.6.0\autolink-0.6.0.jar;C:\Users\DheyClaveria\.m2\repository\com\vladsch\flexmark\flexmark-ext-definition\0.34.30\flexmark-ext-definition-0.34.30.jar;C:\Users\DheyClaveria\.m2\repository\com\vladsch\flexmark\flexmark-ext-emoji\0.34.30\flexmark-ext-emoji-0.34.30.jar;C:\Users\DheyClaveria\.m2\repository\com\vladsch\flexmark\flexmark-ext-enumerated-reference\0.34.30\flexmark-ext-enumerated-reference-0.34.30.jar;C:\Users\DheyClaveria\.m2\repository\com\vladsch\flexmark\flexmark-ext-escaped-character\0.34.30\flexmark-ext-escaped-character-0.34.30.jar;C:\Users\DheyClaveria\.m2\repository\com\vladsch\flexmark\flexmark-ext-footnotes\0.34.30\flexmark-ext-footnotes-0.34.30.jar;C:\Users\DheyClaveria\.m2\repository\com\vladsch\flexmark\flexmark-ext-gfm-issues\0.34.30\flexmark-ext-gfm-issues-0.34.30.jar;C:\Users\DheyClaveria\.m2\repository\com\vladsch\flexmark\flexmark-ext-gfm-strikethrough\0.34.30\flexmark-ext-gfm-strikethrough-0.34.30.jar;C:\Users\DheyClaveria\.m2\repository\com\vladsch\flexmark\flexmark-ext-gfm-tables\0.34.30\flexmark-ext-gfm-tables-0.34.30.jar;C:\Users\DheyClaveria\.m2\repository\com\vladsch\flexmark\flexmark-ext-gfm-tasklist\0.34.30\flexmark-ext-gfm-tasklist-0.34.30.jar;C:\Users\DheyClaveria\.m2\repository\com\vladsch\flexmark\flexmark-ext-gfm-users\0.34.30\flexmark-ext-gfm-users-0.34.30.jar;C:\Users\DheyClaveria\.m2\repository\com\vladsch\flexmark\flexmark-ext-gitlab\0.34.30\flexmark-ext-gitlab-0.34.30.jar;C:\Users\DheyClaveria\.m2\repository\com\vladsch\flexmark\flexmark-ext-jekyll-front-matter\0.34.30\flexmark-ext-jekyll-front-matter-0.34.30.jar;C:\Users\DheyClaveria\.m2\repository\com\vladsch\flexmark\flexmark-ext-jekyll-tag\0.34.30\flexmark-ext-jekyll-tag-0.34.30.jar;C:\Users\DheyClaveria\.m2\repository\com\vladsch\flexmark\flexmark-ext-media-tags\0.34.30\flexmark-ext-media-tags-0.34.30.jar;C:\Users\DheyClaveria\.m2\repository\com\vladsch\flexmark\flexmark-test-util\0.34.30\flexmark-test-util-0.34.30.jar;C:\Users\DheyClaveria\.m2\repository\com\vladsch\flexmark\flexmark-ext-ins\0.34.30\flexmark-ext-ins-0.34.30.jar;C:\Users\DheyClaveria\.m2\repository\com\vladsch\flexmark\flexmark-ext-xwiki-macros\0.34.30\flexmark-ext-xwiki-macros-0.34.30.jar;C:\Users\DheyClaveria\.m2\repository\com\vladsch\flexmark\flexmark-ext-superscript\0.34.30\flexmark-ext-superscript-0.34.30.jar;C:\Users\DheyClaveria\.m2\repository\com\vladsch\flexmark\flexmark-ext-tables\0.34.30\flexmark-ext-tables-0.34.30.jar;C:\Users\DheyClaveria\.m2\repository\com\vladsch\flexmark\flexmark-ext-toc\0.34.30\flexmark-ext-toc-0.34.30.jar;C:\Users\DheyClaveria\.m2\repository\com\vladsch\flexmark\flexmark-ext-typographic\0.34.30\flexmark-ext-typographic-0.34.30.jar;C:\Users\DheyClaveria\.m2\repository\com\vladsch\flexmark\flexmark-ext-wikilink\0.34.30\flexmark-ext-wikilink-0.34.30.jar;C:\Users\DheyClaveria\.m2\repository\com\vladsch\flexmark\flexmark-ext-yaml-front-matter\0.34.30\flexmark-ext-yaml-front-matter-0.34.30.jar;C:\Users\DheyClaveria\.m2\repository\com\vladsch\flexmark\flexmark-ext-youtube-embedded\0.34.30\flexmark-ext-youtube-embedded-0.34.30.jar;C:\Users\DheyClaveria\.m2\repository\com\vladsch\flexmark\flexmark-formatter\0.34.30\flexmark-formatter-0.34.30.jar;C:\Users\DheyClaveria\.m2\repository\com\vladsch\flexmark\flexmark-html-parser\0.34.30\flexmark-html-parser-0.34.30.jar;C:\Users\DheyClaveria\.m2\repository\com\vladsch\flexmark\flexmark-jira-converter\0.34.30\flexmark-jira-converter-0.34.30.jar;C:\Users\DheyClaveria\.m2\repository\com\vladsch\flexmark\flexmark-pdf-converter\0.34.30\flexmark-pdf-converter-0.34.30.jar;C:\Users\DheyClaveria\.m2\repository\com\openhtmltopdf\openhtmltopdf-core\0.0.1-RC13\openhtmltopdf-core-0.0.1-RC13.jar;C:\Users\DheyClaveria\.m2\repository\com\openhtmltopdf\openhtmltopdf-pdfbox\0.0.1-RC13\openhtmltopdf-pdfbox-0.0.1-RC13.jar;C:\Users\DheyClaveria\.m2\repository\org\apache\pdfbox\xmpbox\2.0.8\xmpbox-2.0.8.jar;C:\Users\DheyClaveria\.m2\repository\com\openhtmltopdf\openhtmltopdf-rtl-support\0.0.1-RC13\openhtmltopdf-rtl-support-0.0.1-RC13.jar;C:\Users\DheyClaveria\.m2\repository\com\ibm\icu\icu4j\59.1\icu4j-59.1.jar;C:\Users\DheyClaveria\.m2\repository\com\openhtmltopdf\openhtmltopdf-jsoup-dom-converter\0.0.1-RC13\openhtmltopdf-jsoup-dom-converter-0.0.1-RC13.jar;C:\Users\DheyClaveria\.m2\repository\com\vladsch\flexmark\flexmark-profile-pegdown\0.34.30\flexmark-profile-pegdown-0.34.30.jar;C:\Users\DheyClaveria\.m2\repository\com\vladsch\flexmark\flexmark-util\0.34.30\flexmark-util-0.34.30.jar;C:\Users\DheyClaveria\.m2\repository\com\vladsch\flexmark\flexmark-youtrack-converter\0.34.30\flexmark-youtrack-converter-0.34.30.jar;C:\Users\DheyClaveria\.m2\repository\es\nitaur\markdown\txtmark\0.16\txtmark-0.16.jar;C:\Users\DheyClaveria\.m2\repository\net\serenity-bdd\serenity-report-resources\3.2.0\serenity-report-resources-3.2.0.jar;C:\Users\DheyClaveria\.m2\repository\com\google\code\gson\gson\2.8.9\gson-2.8.9.jar;C:\Users\DheyClaveria\.m2\repository\com\fasterxml\jackson\core\jackson-core\2.12.4\jackson-core-2.12.4.jar;C:\Users\DheyClaveria\.m2\repository\com\fasterxml\jackson\core\jackson-databind\2.12.4\jackson-databind-2.12.4.jar;C:\Users\DheyClaveria\.m2\repository\com\fasterxml\jackson\core\jackson-annotations\2.12.4\jackson-annotations-2.12.4.jar;C:\Users\DheyClaveria\.m2\repository\commons-codec\commons-codec\1.15\commons-codec-1.15.jar;C:\Users\DheyClaveria\.m2\repository\commons-io\commons-io\2.8.0\commons-io-2.8.0.jar;C:\Users\DheyClaveria\.m2\repository\org\seleniumhq\selenium\selenium-api\4.1.2\selenium-api-4.1.2.jar;C:\Users\DheyClaveria\.m2\repository\org\seleniumhq\selenium\selenium-support\4.1.2\selenium-support-4.1.2.jar;C:\Users\DheyClaveria\.m2\repository\org\seleniumhq\selenium\selenium-firefox-driver\4.1.2\selenium-firefox-driver-4.1.2.jar;C:\Users\DheyClaveria\.m2\repository\org\seleniumhq\selenium\selenium-edge-driver\4.1.2\selenium-edge-driver-4.1.2.jar;C:\Users\DheyClaveria\.m2\repository\org\seleniumhq\selenium\selenium-ie-driver\4.1.2\selenium-ie-driver-4.1.2.jar;C:\Users\DheyClaveria\.m2\repository\org\projectlombok\lombok\1.18.20\lombok-1.18.20.jar;C:\Users\DheyClaveria\.m2\repository\io\appium\java-client\8.0.0-beta2\java-client-8.0.0-beta2.jar;C:\Users\DheyClaveria\.m2\repository\commons-validator\commons-validator\1.7\commons-validator-1.7.jar;C:\Users\DheyClaveria\.m2\repository\commons-digester\commons-digester\2.1\commons-digester-2.1.jar;C:\Users\DheyClaveria\.m2\repository\org\aspectj\aspectjweaver\1.9.7\aspectjweaver-1.9.7.jar;C:\Users\DheyClaveria\.m2\repository\net\sf\opencsv\opencsv\2.0\opencsv-2.0.jar;C:\Users\DheyClaveria\.m2\repository\commons-beanutils\commons-beanutils\1.9.4\commons-beanutils-1.9.4.jar;C:\Users\DheyClaveria\.m2\repository\commons-collections\commons-collections\3.2.2\commons-collections-3.2.2.jar;C:\Users\DheyClaveria\.m2\repository\org\fluentlenium\fluentlenium-core\0.10.2\fluentlenium-core-0.10.2.jar;C:\Users\DheyClaveria\.m2\repository\com\jhlabs\filters\2.0.235\filters-2.0.235.jar;C:\Users\DheyClaveria\.m2\repository\com\paulhammant\ngwebdriver\1.1.5\ngwebdriver-1.1.5.jar;C:\Users\DheyClaveria\.m2\repository\joda-time\joda-time\2.8.2\joda-time-2.8.2.jar;C:\Users\DheyClaveria\.m2\repository\com\google\jimfs\jimfs\1.1\jimfs-1.1.jar;C:\Users\DheyClaveria\.m2\repository\org\mockito\mockito-core\3.3.3\mockito-core-3.3.3.jar;C:\Users\DheyClaveria\.m2\repository\javax\xml\bind\jaxb-api\2.3.1\jaxb-api-2.3.1.jar;C:\Users\DheyClaveria\.m2\repository\javax\activation\javax.activation-api\1.2.0\javax.activation-api-1.2.0.jar;C:\Users\DheyClaveria\.m2\repository\com\sun\xml\bind\jaxb-core\2.3.0.1\jaxb-core-2.3.0.1.jar;C:\Users\DheyClaveria\.m2\repository\javax\activation\activation\1.1.1\activation-1.1.1.jar;C:\Users\DheyClaveria\.m2\repository\net\serenity-bdd\serenity-junit\3.2.0\serenity-junit-3.2.0.jar;C:\Users\DheyClaveria\.m2\repository\net\serenity-bdd\serenity-cucumber\3.2.0\serenity-cucumber-3.2.0.jar;C:\Users\DheyClaveria\.m2\repository\org\apache\commons\commons-csv\1.5\commons-csv-1.5.jar;C:\Users\DheyClaveria\.m2\repository\net\serenity-bdd\serenity-rest-assured\3.2.0\serenity-rest-assured-3.2.0.jar;C:\Users\DheyClaveria\.m2\repository\org\opentest4j\opentest4j\1.2.0\opentest4j-1.2.0.jar;C:\Users\DheyClaveria\.m2\repository\io\cucumber\cucumber-java\7.2.3\cucumber-java-7.2.3.jar;C:\Users\DheyClaveria\.m2\repository\org\apiguardian\apiguardian-api\1.1.2\apiguardian-api-1.1.2.jar;C:\Users\DheyClaveria\.m2\repository\io\cucumber\cucumber-junit\7.2.3\cucumber-junit-7.2.3.jar;C:\Users\DheyClaveria\.m2\repository\io\cucumber\cucumber-core\7.2.3\cucumber-core-7.2.3.jar;C:\Users\DheyClaveria\.m2\repository\io\cucumber\cucumber-gherkin-messages\7.2.3\cucumber-gherkin-messages-7.2.3.jar;C:\Users\DheyClaveria\.m2\repository\io\cucumber\messages\17.1.1\messages-17.1.1.jar;C:\Users\DheyClaveria\.m2\repository\io\cucumber\tag-expressions\4.1.0\tag-expressions-4.1.0.jar;C:\Users\DheyClaveria\.m2\repository\io\cucumber\cucumber-expressions\15.0.1\cucumber-expressions-15.0.1.jar;C:\Users\DheyClaveria\.m2\repository\io\cucumber\datatable\7.2.3\datatable-7.2.3.jar;C:\Users\DheyClaveria\.m2\repository\io\cucumber\cucumber-plugin\7.2.3\cucumber-plugin-7.2.3.jar;C:\Users\DheyClaveria\.m2\repository\io\cucumber\docstring\7.2.3\docstring-7.2.3.jar;C:\Users\DheyClaveria\.m2\repository\io\cucumber\html-formatter\17.0.0\html-formatter-17.0.0.jar;C:\Users\DheyClaveria\.m2\repository\io\cucumber\ci-environment\8.1.0\ci-environment-8.1.0.jar;C:\Users\DheyClaveria\.m2\repository\io\cucumber\cucumber-junit-platform-engine\7.2.3\cucumber-junit-platform-engine-7.2.3.jar;C:\Users\DheyClaveria\.m2\repository\org\junit\platform\junit-platform-engine\1.8.2\junit-platform-engine-1.8.2.jar;C:\Users\DheyClaveria\.m2\repository\org\junit\platform\junit-platform-commons\1.8.2\junit-platform-commons-1.8.2.jar;C:\Users\DheyClaveria\.m2\repository\io\cucumber\cucumber-jvm-deps\1.0.6\cucumber-jvm-deps-1.0.6.jar;C:\Users\DheyClaveria\.m2\repository\net\masterthought\cucumber-reporting\5.7.0\cucumber-reporting-5.7.0.jar;C:\Users\DheyClaveria\.m2\repository\com\fasterxml\jackson\datatype\jackson-datatype-jsr310\2.13.0\jackson-datatype-jsr310-2.13.0.jar;C:\Users\DheyClaveria\.m2\repository\org\apache\velocity\velocity-engine-core\2.3\velocity-engine-core-2.3.jar;C:\Users\DheyClaveria\.m2\repository\org\codehaus\plexus\plexus-utils\3.3.0\plexus-utils-3.3.0.jar;C:\Users\DheyClaveria\.m2\repository\org\jsoup\jsoup\1.14.2\jsoup-1.14.2.jar;C:\Users\DheyClaveria\.m2\repository\com\google\guava\guava\30.1.1-jre\guava-30.1.1-jre.jar;C:\Users\DheyClaveria\.m2\repository\com\google\guava\failureaccess\1.0.1\failureaccess-1.0.1.jar;C:\Users\DheyClaveria\.m2\repository\com\google\guava\listenablefuture\9999.0-empty-to-avoid-conflict-with-guava\listenablefuture-9999.0-empty-to-avoid-conflict-with-guava.jar;C:\Users\DheyClaveria\.m2\repository\com\google\code\findbugs\jsr305\3.0.2\jsr305-3.0.2.jar;C:\Users\DheyClaveria\.m2\repository\org\checkerframework\checker-qual\3.8.0\checker-qual-3.8.0.jar;C:\Users\DheyClaveria\.m2\repository\com\google\errorprone\error_prone_annotations\2.5.1\error_prone_annotations-2.5.1.jar;C:\Users\DheyClaveria\.m2\repository\com\google\j2objc\j2objc-annotations\1.3\j2objc-annotations-1.3.jar;C:\Users\DheyClaveria\.m2\repository\com\googlecode\owasp-java-html-sanitizer\owasp-java-html-sanitizer\20211018.2\owasp-java-html-sanitizer-20211018.2.jar;C:\Users\DheyClaveria\.m2\repository\commons-configuration\commons-configuration\1.10\commons-configuration-1.10.jar;C:\Users\DheyClaveria\.m2\repository\commons-lang\commons-lang\2.6\commons-lang-2.6.jar;C:\Users\DheyClaveria\.m2\repository\io\cucumber\cucumber-html\0.2.7\cucumber-html-0.2.7.jar;C:\Users\DheyClaveria\.m2\repository\io\cucumber\cucumber-gherkin\7.2.3\cucumber-gherkin-7.2.3.jar;C:\Users\DheyClaveria\.m2\repository\junit\junit\4.13.1\junit-4.13.1.jar;C:\Users\DheyClaveria\.m2\repository\org\hamcrest\hamcrest-core\1.3\hamcrest-core-1.3.jar;C:\Users\DheyClaveria\.m2\repository\org\junit\platform\junit-platform-suite\1.8.2\junit-platform-suite-1.8.2.jar;C:\Users\DheyClaveria\.m2\repository\org\junit\platform\junit-platform-suite-api\1.8.2\junit-platform-suite-api-1.8.2.jar;C:\Users\DheyClaveria\.m2\repository\org\junit\platform\junit-platform-suite-engine\1.8.2\junit-platform-suite-engine-1.8.2.jar;C:\Users\DheyClaveria\.m2\repository\org\junit\platform\junit-platform-suite-commons\1.8.2\junit-platform-suite-commons-1.8.2.jar;C:\Users\DheyClaveria\.m2\repository\org\junit\platform\junit-platform-launcher\1.8.2\junit-platform-launcher-1.8.2.jar;C:\Users\DheyClaveria\.m2\repository\org\junit\jupiter\junit-jupiter\5.8.2\junit-jupiter-5.8.2.jar;C:\Users\DheyClaveria\.m2\repository\org\junit\jupiter\junit-jupiter-api\5.8.2\junit-jupiter-api-5.8.2.jar;C:\Users\DheyClaveria\.m2\repository\org\junit\jupiter\junit-jupiter-params\5.8.2\junit-jupiter-params-5.8.2.jar;C:\Users\DheyClaveria\.m2\repository\org\junit\jupiter\junit-jupiter-engine\5.8.2\junit-jupiter-engine-5.8.2.jar;C:\Users\DheyClaveria\.m2\repository\org\junit\vintage\junit-vintage-engine\5.8.2\junit-vintage-engine-5.8.2.jar;C:\Users\DheyClaveria\.m2\repository\info\cukes\cucumber-java\1.2.5\cucumber-java-1.2.5.jar;C:\Users\DheyClaveria\.m2\repository\info\cukes\cucumber-core\1.2.5\cucumber-core-1.2.5.jar;C:\Users\DheyClaveria\.m2\repository\info\cukes\cucumber-html\0.2.3\cucumber-html-0.2.3.jar;C:\Users\DheyClaveria\.m2\repository\info\cukes\cucumber-jvm-deps\1.0.5\cucumber-jvm-deps-1.0.5.jar;C:\Users\DheyClaveria\.m2\repository\info\cukes\gherkin\2.12.2\gherkin-2.12.2.jar;C:\Users\DheyClaveria\.m2\repository\info\cukes\cucumber-junit\1.2.5\cucumber-junit-1.2.5.jar;C:\Users\DheyClaveria\.m2\repository\org\seleniumhq\selenium\selenium-java\4.1.1\selenium-java-4.1.1.jar;C:\Users\DheyClaveria\.m2\repository\org\seleniumhq\selenium\selenium-devtools-v85\4.1.1\selenium-devtools-v85-4.1.1.jar;C:\Users\DheyClaveria\.m2\repository\org\seleniumhq\selenium\selenium-devtools-v94\4.1.1\selenium-devtools-v94-4.1.1.jar;C:\Users\DheyClaveria\.m2\repository\org\seleniumhq\selenium\selenium-devtools-v95\4.1.1\selenium-devtools-v95-4.1.1.jar;C:\Users\DheyClaveria\.m2\repository\org\seleniumhq\selenium\selenium-devtools-v96\4.1.1\selenium-devtools-v96-4.1.1.jar;C:\Users\DheyClaveria\.m2\repository\org\seleniumhq\selenium\selenium-firefox-xpi-driver\4.1.1\selenium-firefox-xpi-driver-4.1.1.jar;C:\Users\DheyClaveria\.m2\repository\org\seleniumhq\selenium\selenium-opera-driver\4.1.1\selenium-opera-driver-4.1.1.jar;C:\Users\DheyClaveria\.m2\repository\org\seleniumhq\selenium\selenium-remote-driver\4.1.1\selenium-remote-driver-4.1.1.jar;C:\Users\DheyClaveria\.m2\repository\io\netty\netty-buffer\4.1.70.Final\netty-buffer-4.1.70.Final.jar;C:\Users\DheyClaveria\.m2\repository\io\netty\netty-codec-http\4.1.70.Final\netty-codec-http-4.1.70.Final.jar;C:\Users\DheyClaveria\.m2\repository\io\netty\netty-codec\4.1.70.Final\netty-codec-4.1.70.Final.jar;C:\Users\DheyClaveria\.m2\repository\io\netty\netty-handler\4.1.70.Final\netty-handler-4.1.70.Final.jar;C:\Users\DheyClaveria\.m2\repository\io\netty\netty-common\4.1.70.Final\netty-common-4.1.70.Final.jar;C:\Users\DheyClaveria\.m2\repository\io\netty\netty-transport-classes-epoll\4.1.70.Final\netty-transport-classes-epoll-4.1.70.Final.jar;C:\Users\DheyClaveria\.m2\repository\io\netty\netty-transport-classes-kqueue\4.1.70.Final\netty-transport-classes-kqueue-4.1.70.Final.jar;C:\Users\DheyClaveria\.m2\repository\io\netty\netty-transport-native-unix-common\4.1.70.Final\netty-transport-native-unix-common-4.1.70.Final.jar;C:\Users\DheyClaveria\.m2\repository\io\netty\netty-transport\4.1.70.Final\netty-transport-4.1.70.Final.jar;C:\Users\DheyClaveria\.m2\repository\io\netty\netty-resolver\4.1.70.Final\netty-resolver-4.1.70.Final.jar;C:\Users\DheyClaveria\.m2\repository\io\opentelemetry\opentelemetry-api\1.9.1\opentelemetry-api-1.9.1.jar;C:\Users\DheyClaveria\.m2\repository\io\opentelemetry\opentelemetry-context\1.9.1\opentelemetry-context-1.9.1.jar;C:\Users\DheyClaveria\.m2\repository\io\opentelemetry\opentelemetry-exporter-logging\1.9.1\opentelemetry-exporter-logging-1.9.1.jar;C:\Users\DheyClaveria\.m2\repository\io\opentelemetry\opentelemetry-sdk-metrics\1.9.1-alpha\opentelemetry-sdk-metrics-1.9.1-alpha.jar;C:\Users\DheyClaveria\.m2\repository\io\opentelemetry\opentelemetry-sdk-logs\1.9.1-alpha\opentelemetry-sdk-logs-1.9.1-alpha.jar;C:\Users\DheyClaveria\.m2\repository\io\opentelemetry\opentelemetry-sdk-common\1.9.1\opentelemetry-sdk-common-1.9.1.jar;C:\Users\DheyClaveria\.m2\repository\io\opentelemetry\opentelemetry-sdk-extension-autoconfigure-spi\1.9.1\opentelemetry-sdk-extension-autoconfigure-spi-1.9.1.jar;C:\Users\DheyClaveria\.m2\repository\io\opentelemetry\opentelemetry-sdk-extension-autoconfigure\1.9.1-alpha\opentelemetry-sdk-extension-autoconfigure-1.9.1-alpha.jar;C:\Users\DheyClaveria\.m2\repository\io\opentelemetry\opentelemetry-sdk-trace\1.9.1\opentelemetry-sdk-trace-1.9.1.jar;C:\Users\DheyClaveria\.m2\repository\io\opentelemetry\opentelemetry-api-metrics\1.9.1-alpha\opentelemetry-api-metrics-1.9.1-alpha.jar;C:\Users\DheyClaveria\.m2\repository\io\opentelemetry\opentelemetry-sdk\1.9.1\opentelemetry-sdk-1.9.1.jar;C:\Users\DheyClaveria\.m2\repository\io\opentelemetry\opentelemetry-semconv\1.9.1-alpha\opentelemetry-semconv-1.9.1-alpha.jar;C:\Users\DheyClaveria\.m2\repository\io\ous\jtoml\2.0.0\jtoml-2.0.0.jar;C:\Users\DheyClaveria\.m2\repository\org\apache\commons\commons-exec\1.3\commons-exec-1.3.jar;C:\Users\DheyClaveria\.m2\repository\org\asynchttpclient\async-http-client\2.12.3\async-http-client-2.12.3.jar;C:\Users\DheyClaveria\.m2\repository\org\asynchttpclient\async-http-client-netty-utils\2.12.3\async-http-client-netty-utils-2.12.3.jar;C:\Users\DheyClaveria\.m2\repository\io\netty\netty-codec-socks\4.1.60.Final\netty-codec-socks-4.1.60.Final.jar;C:\Users\DheyClaveria\.m2\repository\io\netty\netty-handler-proxy\4.1.60.Final\netty-handler-proxy-4.1.60.Final.jar;C:\Users\DheyClaveria\.m2\repository\io\netty\netty-transport-native-epoll\4.1.60.Final\netty-transport-native-epoll-4.1.60.Final-linux-x86_64.jar;C:\Users\DheyClaveria\.m2\repository\io\netty\netty-transport-native-kqueue\4.1.60.Final\netty-transport-native-kqueue-4.1.60.Final-osx-x86_64.jar;C:\Users\DheyClaveria\.m2\repository\org\reactivestreams\reactive-streams\1.0.3\reactive-streams-1.0.3.jar;C:\Users\DheyClaveria\.m2\repository\com\typesafe\netty\netty-reactive-streams\2.0.4\netty-reactive-streams-2.0.4.jar;C:\Users\DheyClaveria\.m2\repository\com\sun\activation\jakarta.activation\1.2.2\jakarta.activation-1.2.2.jar;C:\Users\DheyClaveria\.m2\repository\org\seleniumhq\selenium\selenium-http\4.1.1\selenium-http-4.1.1.jar;C:\Users\DheyClaveria\.m2\repository\net\jodah\failsafe\2.4.4\failsafe-2.4.4.jar;C:\Users\DheyClaveria\.m2\repository\org\seleniumhq\selenium\selenium-safari-driver\4.1.1\selenium-safari-driver-4.1.1.jar;C:\Users\DheyClaveria\.m2\repository\org\seleniumhq\selenium\selenium-chrome-driver\4.1.1\selenium-chrome-driver-4.1.1.jar;C:\Users\DheyClaveria\.m2\repository\com\google\auto\service\auto-service-annotations\1.0.1\auto-service-annotations-1.0.1.jar;C:\Users\DheyClaveria\.m2\repository\com\google\auto\service\auto-service\1.0.1\auto-service-1.0.1.jar;C:\Users\DheyClaveria\.m2\repository\com\google\auto\auto-common\1.2\auto-common-1.2.jar;C:\Users\DheyClaveria\.m2\repository\org\seleniumhq\selenium\selenium-chromium-driver\4.1.1\selenium-chromium-driver-4.1.1.jar;C:\Users\DheyClaveria\.m2\repository\org\seleniumhq\selenium\selenium-json\4.1.1\selenium-json-4.1.1.jar;C:\Users\DheyClaveria\.m2\repository\io\github\bonigarcia\webdrivermanager\4.2.2\webdrivermanager-4.2.2.jar;C:\Users\DheyClaveria\.m2\repository\org\apache\httpcomponents\client5\httpclient5\5.0.1\httpclient5-5.0.1.jar;C:\Users\DheyClaveria\.m2\repository\org\apache\httpcomponents\core5\httpcore5\5.0.1\httpcore5-5.0.1.jar;C:\Users\DheyClaveria\.m2\repository\org\apache\httpcomponents\core5\httpcore5-h2\5.0.1\httpcore5-h2-5.0.1.jar;C:\Users\DheyClaveria\.m2\repository\org\rauschig\jarchivelib\1.1.0\jarchivelib-1.1.0.jar;C:\Users\DheyClaveria\.m2\repository\tech\grasshopper\extentreports-cucumber7-adapter\1.3.0\extentreports-cucumber7-adapter-1.3.0.jar;C:\Users\DheyClaveria\.m2\repository\com\aventstack\extentreports\5.0.9\extentreports-5.0.9.jar;C:\Users\DheyClaveria\.m2\repository\io\reactivex\rxjava3\rxjava\3.0.4\rxjava-3.0.4.jar;C:\Users\DheyClaveria\.m2\repository\tech\grasshopper\extent-pdf-report\2.1.0\extent-pdf-report-2.1.0.jar;C:\Users\DheyClaveria\.m2\repository\tech\grasshopper\cucumber-pdf-report\2.5.0\cucumber-pdf-report-2.5.0.jar;C:\Users\DheyClaveria\.m2\repository\org\knowm\xchart\xchart\3.8.0\xchart-3.8.0.jar;C:\Users\DheyClaveria\.m2\repository\de\erichseifert\vectorgraphics2d\VectorGraphics2D\0.13\VectorGraphics2D-0.13.jar;C:\Users\DheyClaveria\.m2\repository\de\rototor\pdfbox\graphics2d\0.30\graphics2d-0.30.jar;C:\Users\DheyClaveria\.m2\repository\com\madgag\animated-gif-lib\1.4\animated-gif-lib-1.4.jar;C:\Users\DheyClaveria\.m2\repository\org\yaml\snakeyaml\1.28\snakeyaml-1.28.jar;C:\Users\DheyClaveria\.m2\repository\tech\grasshopper\table-layout\1.4.0\table-layout-1.4.0.jar;C:\Users\DheyClaveria\.m2\repository\tech\grasshopper\rest-assured-cucumber-pdf-report\1.1.0\rest-assured-cucumber-pdf-report-1.1.0.jar;C:\Users\DheyClaveria\.m2\repository\com\aventstack\klov-reporter\5.0.9\klov-reporter-5.0.9.jar;C:\Users\DheyClaveria\.m2\repository\org\mongodb\mongodb-driver\3.6.4\mongodb-driver-3.6.4.jar;C:\Users\DheyClaveria\.m2\repository\org\mongodb\mongodb-driver-core\3.6.4\mongodb-driver-core-3.6.4.jar;C:\Users\DheyClaveria\.m2\repository\org\mongodb\bson\3.6.4\bson-3.6.4.jar;C:\Users\DheyClaveria\.m2\repository\tech\grasshopper\htmlextentreporter\1.0.0\htmlextentreporter-1.0.0.jar;C:\Users\DheyClaveria\.m2\repository\org\testng\testng\6.14.3\testng-6.14.3.jar;C:\Users\DheyClaveria\.m2\repository\com\beust\jcommander\1.72\jcommander-1.72.jar;C:\Users\DheyClaveria\.m2\repository\org\apache-extras\beanshell\bsh\2.0b6\bsh-2.0b6.jar;C:\Users\DheyClaveria\.m2\repository\io\cucumber\cucumber-testng\7.2.3\cucumber-testng-7.2.3.jar;C:\Users\DheyClaveria\.m2\repository\org\apache\poi\poi\5.2.1\poi-5.2.1.jar;C:\Users\DheyClaveria\.m2\repository\org\apache\commons\commons-collections4\4.4\commons-collections4-4.4.jar;C:\Users\DheyClaveria\.m2\repository\org\apache\commons\commons-math3\3.6.1\commons-math3-3.6.1.jar;C:\Users\DheyClaveria\.m2\repository\com\zaxxer\SparseBitSet\1.2\SparseBitSet-1.2.jar;C:\Users\DheyClaveria\.m2\repository\org\apache\logging\log4j\log4j-api\2.17.1\log4j-api-2.17.1.jar;C:\Users\DheyClaveria\.m2\repository\org\apache\poi\poi-ooxml\5.2.1\poi-ooxml-5.2.1.jar;C:\Users\DheyClaveria\.m2\repository\org\apache\poi\poi-ooxml-lite\5.2.1\poi-ooxml-lite-5.2.1.jar;C:\Users\DheyClaveria\.m2\repository\org\apache\xmlbeans\xmlbeans\5.0.3\xmlbeans-5.0.3.jar;C:\Users\DheyClaveria\.m2\repository\org\apache\commons\commons-compress\1.21\commons-compress-1.21.jar;C:\Users\DheyClaveria\.m2\repository\com\github\virtuald\curvesapi\1.07\curvesapi-1.07.jar;"/>
    <property name="sun.cpu.endian" value="little"/>
    <property name="user.home" value="C:\Users\DheyClaveria"/>
    <property name="user.language" value="en"/>
    <property name="java.specification.vendor" value="Oracle Corporation"/>
    <property name="java.version.date" value="2020-10-20"/>
    <property name="java.home" value="C:\Program Files\Java\jdk-15.0.1"/>
    <property name="file.separator" value="\"/>
    <property name="basedir" value="Z:\Automation\JavaCucumber\BDD_HCL\CucumberHCL"/>
    <property name="java.vm.compressedOopsMode" value="Zero based"/>
    <property name="line.separator" value="&#10;"/>
    <property name="java.vm.specification.vendor" value="Oracle Corporation"/>
    <property name="java.specification.name" value="Java Platform API Specification"/>
    <property name="surefire.real.class.path" value="C:\Users\DheyClaveria\AppData\Local\Temp\surefire1019312520978489725\surefirebooter16208649928858577888.jar"/>
    <property name="user.script" value=""/>
    <property name="sun.management.compiler" value="HotSpot 64-Bit Tiered Compilers"/>
    <property name="java.runtime.version" value="15.0.1+9-18"/>
    <property name="user.name" value="DheyClaveria"/>
    <property name="path.separator" value=";"/>
    <property name="os.version" value="10.0"/>
    <property name="java.runtime.name" value="Java(TM) SE Runtime Environment"/>
    <property name="file.encoding" value="Cp1252"/>
    <property name="sun.nio.ch.bugLevel" value=""/>
    <property name="java.vm.name" value="Java HotSpot(TM) 64-Bit Server VM"/>
    <property name="localRepository" value="C:\Users\DheyClaveria\.m2\repository"/>
    <property name="java.vendor.url.bug" value="https://bugreport.java.com/bugreport/"/>
    <property name="java.io.tmpdir" value="C:\Users\DheyClaveria\AppData\Local\Temp\"/>
    <property name="java.version" value="15.0.1"/>
    <property name="user.dir" value="Z:\Automation\JavaCucumber\BDD_HCL\CucumberHCL"/>
    <property name="os.arch" value="amd64"/>
    <property name="java.vm.specification.name" value="Java Virtual Machine Specification"/>
    <property name="sun.os.patch.level" value=""/>
    <property name="java.library.path" value="C:\Program Files\Java\jdk-15.0.1\bin;C:\WINDOWS\Sun\Java\bin;C:\WINDOWS\system32;C:\WINDOWS;C:\Program Files\Java\jdk-15.0.1/bin;C:\Program Files\Java\jdk-15.0.1/bin;C:\Program Files\Common Files\Oracle\Java\javapath;C:\Program Files (x86)\Common Files\Intel\Shared Libraries\redist\intel64\compiler;C:\Windows\system32;C:\Windows;C:\Windows\System32\Wbem;C:\Windows\System32\WindowsPowerShell\v1.0\;C:\Windows\System32\OpenSSH\;C:\Program Files (x86)\NVIDIA Corporation\PhysX\Common;C:\Program Files\Microsoft SQL Server\120\Tools\Binn\;C:\Users\DheyClaveria\.dnx\bin;C:\Program Files\Microsoft DNX\Dnvm\;C:\Program Files\Microsoft SQL Server\130\Tools\Binn\;C:\Program Files (x86)\Microsoft SQL Server\130\Tools\Binn\;C:\Program Files (x86)\Microsoft SQL Server\130\DTS\Binn\;C:\Program Files\Microsoft SQL Server\130\DTS\Binn\;C:\Program Files\Microsoft SQL Server\Client SDK\ODBC\130\Tools\Binn\;C:\Program Files\nodejs\;C:\Program Files\NVIDIA Corporation\NVIDIA NvDLISR;C:\WINDOWS\system32;C:\WINDOWS;C:\WINDOWS\System32\Wbem;C:\WINDOWS\System32\WindowsPowerShell\v1.0\;C:\WINDOWS\System32\OpenSSH\;C:\Selenium;C:\Program Files\Git\cmd;C:\Program Files\Java\jdk-15.0.1\bin;C:\WINDOWS\system32;C:\WINDOWS;C:\WINDOWS\System32\Wbem;C:\WINDOWS\System32\WindowsPowerShell\v1.0\;C:\WINDOWS\System32\OpenSSH\;C:\Program Files\dotnet\;C:\apache-maven-3.8.5\bin;C:\apache-maven-3.8.5\;C:\apache-maven-3.8.5\\bin;C:\Users\DheyClaveria\AppData\Local\Programs\Python\Python39\Scripts\;C:\Users\DheyClaveria\AppData\Local\Programs\Python\Python39\;C:\Users\DheyClaveria\AppData\Local\Microsoft\WindowsApps;C:\Users\DheyClaveria\AppData\Local\GitHubDesktop\bin;C:\Users\DheyClaveria\AppData\Local\Programs\Microsoft VS Code\bin;C:\Users\DheyClaveria\AppData\Roaming\npm;C:\Users\DheyClaveria\AppData\Local\Microsoft\WindowsApps;C:\Program Files\Java\jdk-15.0.1\bin;C:\apache-maven-3.6.3\bin;C:\Program Files\nodejs;C:\Selenium;;."/>
    <property name="java.vm.info" value="mixed mode, sharing"/>
    <property name="java.vendor" value="Oracle Corporation"/>
    <property name="java.vm.version" value="15.0.1+9-18"/>
    <property name="sun.io.unicode.encoding" value="UnicodeLittle"/>
    <property name="java.class.version" value="59.0"/>
  </properties>
  <testcase name="Verify one author of the post" classname="Verify different GET operations using REST-assured" time="6.35">
    <system-out><![CDATA[09:04:49.997 [main] INFO  i.c.core.plugin.SerenityReporter - Running feature from file:///Z:/Automation/JavaCucumber/BDD_HCL/CucumberHCL/src/main/resources/AppFeatures/GetPost.feature
09:04:49.999 [main] WARN  i.c.core.plugin.SerenityReporter - Feature from file:///Z:/Automation/JavaCucumber/BDD_HCL/CucumberHCL/src/main/resources/AppFeatures/GetPost.feature is not under the 'features' directory. Requirements report will not be correctly generated!
09:04:50.196 [main] INFO   - 

-------------------------------------------------------------------------------------
     _______. _______ .______       _______ .__   __.  __  .___________.____    ____ 
    /       ||   ____||   _  \     |   ____||  \ |  | |  | |           |\   \  /   / 
   |   (----`|  |__   |  |_)  |    |  |__   |   \|  | |  | `---|  |----` \   \/   /  
    \   \    |   __|  |      /     |   __|  |  . `  | |  |     |  |       \_    _/   
.----)   |   |  |____ |  |\  \----.|  |____ |  |\   | |  |     |  |         |  |     
|_______/    |_______|| _| `._____||_______||__| \__| |__|     |__|         |__|    
                                                                                     
 News and tutorials at http://www.serenity-bdd.info                                  
 Documentation at https://wakaleo.gitbooks.io/the-serenity-book/content/             
 Join the Serenity Community on Gitter: https://gitter.im/serenity-bdd/serenity-core 
 Serenity BDD Support and Training at http://serenity-bdd.info/#/trainingandsupport  
-------------------------------------------------------------------------------------

09:04:50.198 [main] DEBUG n.thucydides.core.steps.StepEventBus - Test suite started for story net.thucydides.core.model.Story@d1e746b5
09:04:50.201 [main] INFO   - Test Suite Started: Verify different GET operations using REST-assured
09:04:50.222 [main] INFO  i.c.core.plugin.SerenityReporter - Running feature from file:///Z:/Automation/JavaCucumber/BDD_HCL/CucumberHCL/src/main/resources/AppFeatures/ValidateAndVerifyInvalidLogin.feature
09:04:50.222 [main] WARN  i.c.core.plugin.SerenityReporter - Feature from file:///Z:/Automation/JavaCucumber/BDD_HCL/CucumberHCL/src/main/resources/AppFeatures/ValidateAndVerifyInvalidLogin.feature is not under the 'features' directory. Requirements report will not be correctly generated!
09:04:50.227 [main] DEBUG n.thucydides.core.steps.StepEventBus - Test suite started for story net.thucydides.core.model.Story@b13a1f46
09:04:50.228 [main] INFO   - Test Suite Started: Test Invalid User Credentials Feature
09:04:50.228 [main] INFO  i.c.core.plugin.SerenityReporter - Running feature from file:///Z:/Automation/JavaCucumber/BDD_HCL/CucumberHCL/src/main/resources/AppFeatures/ValidateAndVerifyLoginPage.feature
09:04:50.228 [main] WARN  i.c.core.plugin.SerenityReporter - Feature from file:///Z:/Automation/JavaCucumber/BDD_HCL/CucumberHCL/src/main/resources/AppFeatures/ValidateAndVerifyLoginPage.feature is not under the 'features' directory. Requirements report will not be correctly generated!
09:04:50.233 [main] DEBUG n.thucydides.core.steps.StepEventBus - Test suite started for story net.thucydides.core.model.Story@7f1849ba
09:04:50.233 [main] INFO   - Test Suite Started: Validate And Verify Login Page to PEGA Site
09:04:50.233 [main] INFO  i.c.core.plugin.SerenityReporter - Running feature from file:///Z:/Automation/JavaCucumber/BDD_HCL/CucumberHCL/src/main/resources/AppFeatures/GetPost.feature
09:04:50.233 [main] WARN  i.c.core.plugin.SerenityReporter - Feature from file:///Z:/Automation/JavaCucumber/BDD_HCL/CucumberHCL/src/main/resources/AppFeatures/GetPost.feature is not under the 'features' directory. Requirements report will not be correctly generated!
09:04:50.236 [main] DEBUG n.thucydides.core.steps.StepEventBus - Test suite started for story net.thucydides.core.model.Story@d1e746b5
09:04:50.236 [main] INFO   - Test Suite Started: Verify different GET operations using REST-assured

@All @Performance @testing1
Scenario: Verify one author of the post      &amp#27;[90m# src/main/resources/AppFeatures/GetPost.feature:4&amp#27;[0m
09:04:50.313 [main] INFO  i.c.core.plugin.SerenityReporter - Running feature from file:///Z:/Automation/JavaCucumber/BDD_HCL/CucumberHCL/src/main/resources/AppFeatures/GetPost.feature
09:04:50.313 [main] WARN  i.c.core.plugin.SerenityReporter - Feature from file:///Z:/Automation/JavaCucumber/BDD_HCL/CucumberHCL/src/main/resources/AppFeatures/GetPost.feature is not under the 'features' directory. Requirements report will not be correctly generated!
09:04:50.440 [main] INFO   - 
  _____   ___   ___   _____     ___   _____     _     ___   _____   ___   ___  
 |_   _| | __| / __| |_   _|   / __| |_   _|   /_\   | _ \ |_   _| | __| |   \ 
   | |   | _|  \__ \   | |     \__ \   | |    / _ \  |   /   | |   | _|  | |) |
   |_|   |___| |___/   |_|     |___/   |_|   /_/ \_\ |_|_\   |_|   |___| |___/ 

Verify one author of the post(verify-different-get-operations-using-rest-assured;verify-one-author-of-the-post)
--------------------------------------------------------------------------------
DEBUG [main] (DriversFactory.java:28) - Initialize Driver Browser Configuration
DEBUG [main] (DriversFactory.java:28)- Initialize Driver Browser Configuration
DEBUG [main] (DriversFactory.java:30) -  Driver Browser : chrome
DEBUG [main] (DriversFactory.java:30)-  Driver Browser : chrome
09:04:51.009 [main] DEBUG i.g.bonigarcia.wdm.WebDriverManager - Driver chromedriver 99.0.4844.51 found in cache
09:04:51.010 [main] INFO  i.g.bonigarcia.wdm.WebDriverManager - Exporting webdriver.chrome.driver as C:\Users\DheyClaveria\.cache\selenium\chromedriver\win32\99.0.4844.51\chromedriver.exe
09:04:51.105 [main] DEBUG i.n.u.i.l.InternalLoggerFactory - Using SLF4J as the default logging framework
09:04:51.110 [main] DEBUG io.netty.util.ResourceLeakDetector - -Dio.netty.leakDetection.level: simple
09:04:51.110 [main] DEBUG io.netty.util.ResourceLeakDetector - -Dio.netty.leakDetection.targetRecords: 4
09:04:51.114 [main] DEBUG i.n.util.ResourceLeakDetectorFactory - Loaded default ResourceLeakDetector: io.netty.util.ResourceLeakDetector@31e130bf
09:04:51.141 [main] DEBUG i.n.util.internal.PlatformDependent0 - -Dio.netty.noUnsafe: false
09:04:51.141 [main] DEBUG i.n.util.internal.PlatformDependent0 - Java version: 15
09:04:51.143 [main] DEBUG i.n.util.internal.PlatformDependent0 - sun.misc.Unsafe.theUnsafe: available
09:04:51.143 [main] DEBUG i.n.util.internal.PlatformDependent0 - sun.misc.Unsafe.copyMemory: available
09:04:51.144 [main] DEBUG i.n.util.internal.PlatformDependent0 - java.nio.Buffer.address: available
09:04:51.144 [main] DEBUG i.n.util.internal.PlatformDependent0 - direct buffer constructor: unavailable: Reflective setAccessible(true) disabled
09:04:51.145 [main] DEBUG i.n.util.internal.PlatformDependent0 - java.nio.Bits.unaligned: available, true
09:04:51.147 [main] DEBUG i.n.util.internal.PlatformDependent0 - jdk.internal.misc.Unsafe.allocateUninitializedArray(int): unavailable: class io.netty.util.internal.PlatformDependent0$6 cannot access class jdk.internal.misc.Unsafe (in module java.base) because module java.base does not export jdk.internal.misc to unnamed module @89ff02e
09:04:51.149 [main] DEBUG i.n.util.internal.PlatformDependent0 - java.nio.DirectByteBuffer.<init>(long, int): unavailable
09:04:51.149 [main] DEBUG i.n.util.internal.PlatformDependent - sun.misc.Unsafe: available
09:04:51.151 [main] DEBUG i.n.util.internal.PlatformDependent - maxDirectMemory: 4276092928 bytes (maybe)
09:04:51.152 [main] DEBUG i.n.util.internal.PlatformDependent - -Dio.netty.tmpdir: C:\Users\DheyClaveria\AppData\Local\Temp (java.io.tmpdir)
09:04:51.152 [main] DEBUG i.n.util.internal.PlatformDependent - -Dio.netty.bitMode: 64 (sun.arch.data.model)
09:04:51.152 [main] DEBUG i.n.util.internal.PlatformDependent - Platform: Windows
09:04:51.153 [main] DEBUG i.n.util.internal.PlatformDependent - -Dio.netty.maxDirectMemory: -1 bytes
09:04:51.153 [main] DEBUG i.n.util.internal.PlatformDependent - -Dio.netty.uninitializedArrayAllocationThreshold: -1
09:04:51.154 [main] DEBUG io.netty.util.internal.CleanerJava9 - java.nio.ByteBuffer.cleaner(): available
09:04:51.154 [main] DEBUG i.n.util.internal.PlatformDependent - -Dio.netty.noPreferDirect: false
09:04:51.164 [main] DEBUG i.n.util.internal.PlatformDependent - org.jctools-core.MpscChunkedArrayQueue: available
09:04:51.191 [main] DEBUG i.n.u.i.InternalThreadLocalMap - -Dio.netty.threadLocalMap.stringBuilder.initialSize: 1024
09:04:51.191 [main] DEBUG i.n.u.i.InternalThreadLocalMap - -Dio.netty.threadLocalMap.stringBuilder.maxSize: 4096
09:04:51.266 [main] DEBUG io.netty.handler.ssl.JdkSslContext - Default protocols (JDK): [TLSv1.3, TLSv1.2, TLSv1.1, TLSv1] 
09:04:51.266 [main] DEBUG io.netty.handler.ssl.JdkSslContext - Default cipher suites (JDK): [TLS_ECDHE_ECDSA_WITH_AES_256_GCM_SHA384, TLS_ECDHE_ECDSA_WITH_AES_128_GCM_SHA256, TLS_ECDHE_RSA_WITH_AES_128_GCM_SHA256, TLS_ECDHE_RSA_WITH_AES_256_GCM_SHA384, TLS_ECDHE_RSA_WITH_AES_128_CBC_SHA, TLS_ECDHE_RSA_WITH_AES_256_CBC_SHA, TLS_RSA_WITH_AES_128_GCM_SHA256, TLS_RSA_WITH_AES_128_CBC_SHA, TLS_RSA_WITH_AES_256_CBC_SHA, TLS_AES_128_GCM_SHA256, TLS_AES_256_GCM_SHA384]
09:04:51.303 [main] DEBUG i.n.c.MultithreadEventLoopGroup - -Dio.netty.eventLoopThreads: 24
09:04:51.316 [main] DEBUG io.netty.channel.nio.NioEventLoop - -Dio.netty.noKeySetOptimization: false
09:04:51.316 [main] DEBUG io.netty.channel.nio.NioEventLoop - -Dio.netty.selectorAutoRebuildThreshold: 512
09:04:51.378 [main] DEBUG i.n.buffer.PooledByteBufAllocator - -Dio.netty.allocator.numHeapArenas: 24
09:04:51.378 [main] DEBUG i.n.buffer.PooledByteBufAllocator - -Dio.netty.allocator.numDirectArenas: 24
09:04:51.378 [main] DEBUG i.n.buffer.PooledByteBufAllocator - -Dio.netty.allocator.pageSize: 8192
09:04:51.378 [main] DEBUG i.n.buffer.PooledByteBufAllocator - -Dio.netty.allocator.maxOrder: 11
09:04:51.378 [main] DEBUG i.n.buffer.PooledByteBufAllocator - -Dio.netty.allocator.chunkSize: 16777216
09:04:51.378 [main] DEBUG i.n.buffer.PooledByteBufAllocator - -Dio.netty.allocator.smallCacheSize: 256
09:04:51.378 [main] DEBUG i.n.buffer.PooledByteBufAllocator - -Dio.netty.allocator.normalCacheSize: 64
09:04:51.378 [main] DEBUG i.n.buffer.PooledByteBufAllocator - -Dio.netty.allocator.maxCachedBufferCapacity: 32768
09:04:51.379 [main] DEBUG i.n.buffer.PooledByteBufAllocator - -Dio.netty.allocator.cacheTrimInterval: 8192
09:04:51.379 [main] DEBUG i.n.buffer.PooledByteBufAllocator - -Dio.netty.allocator.cacheTrimIntervalMillis: 0
09:04:51.379 [main] DEBUG i.n.buffer.PooledByteBufAllocator - -Dio.netty.allocator.useCacheForAllThreads: true
09:04:51.379 [main] DEBUG i.n.buffer.PooledByteBufAllocator - -Dio.netty.allocator.maxCachedByteBuffersPerChunk: 1023
09:04:51.392 [main] DEBUG io.netty.buffer.ByteBufUtil - -Dio.netty.allocator.type: pooled
09:04:51.392 [main] DEBUG io.netty.buffer.ByteBufUtil - -Dio.netty.threadLocalDirectBufferSize: 0
09:04:51.392 [main] DEBUG io.netty.buffer.ByteBufUtil - -Dio.netty.maxThreadLocalCharBufferSize: 16384
09:04:52.677 [Forwarding newSession on session null to remote] DEBUG io.netty.channel.DefaultChannelId - -Dio.netty.processId: 13836 (auto-detected)
09:04:52.680 [Forwarding newSession on session null to remote] DEBUG io.netty.util.NetUtil - -Djava.net.preferIPv4Stack: false
09:04:52.680 [Forwarding newSession on session null to remote] DEBUG io.netty.util.NetUtil - -Djava.net.preferIPv6Addresses: false
09:04:52.688 [Forwarding newSession on session null to remote] DEBUG io.netty.util.NetUtilInitializations - Loopback interface: lo (Software Loopback Interface 1, 127.0.0.1)
09:04:52.689 [Forwarding newSession on session null to remote] DEBUG io.netty.util.NetUtil - Failed to get SOMAXCONN from sysctl and file \proc\sys\net\core\somaxconn. Default: 200
09:04:52.702 [Forwarding newSession on session null to remote] DEBUG io.netty.channel.DefaultChannelId - -Dio.netty.machineId: 00:d8:61:ff:fe:9b:78:4c (auto-detected)
09:04:52.756 [AsyncHttpClient-1-2] DEBUG io.netty.buffer.AbstractByteBuf - -Dio.netty.buffer.checkAccessible: true
09:04:52.756 [AsyncHttpClient-1-2] DEBUG io.netty.buffer.AbstractByteBuf - -Dio.netty.buffer.checkBounds: true
09:04:52.756 [AsyncHttpClient-1-2] DEBUG i.n.util.ResourceLeakDetectorFactory - Loaded default ResourceLeakDetector: io.netty.util.ResourceLeakDetector@49103db3
09:04:52.769 [AsyncHttpClient-1-2] DEBUG o.a.n.channel.NettyConnectListener - Using new Channel '[id: 0x378f841d, L:/127.0.0.1:54198 - R:localhost/127.0.0.1:57975]' for 'POST' to '/session'
09:04:52.790 [AsyncHttpClient-1-2] DEBUG io.netty.util.Recycler - -Dio.netty.recycler.maxCapacityPerThread: 4096
09:04:52.790 [AsyncHttpClient-1-2] DEBUG io.netty.util.Recycler - -Dio.netty.recycler.maxSharedCapacityFactor: 2
09:04:52.790 [AsyncHttpClient-1-2] DEBUG io.netty.util.Recycler - -Dio.netty.recycler.linkCapacity: 16
09:04:52.790 [AsyncHttpClient-1-2] DEBUG io.netty.util.Recycler - -Dio.netty.recycler.ratio: 8
09:04:52.790 [AsyncHttpClient-1-2] DEBUG io.netty.util.Recycler - -Dio.netty.recycler.delayedQueue.ratio: 8
09:04:53.552 [AsyncHttpClient-1-2] DEBUG i.n.handler.codec.compression.Brotli - brotli4j not in the classpath; Brotli support will be unavailable.
09:04:53.552 [AsyncHttpClient-1-2] DEBUG o.a.netty.handler.HttpHandler - 

Request DefaultHttpRequest(decodeResult: success, version: HTTP/1.1)
POST /session HTTP/1.1
User-Agent: selenium/4.1.2 (java windows)
Content-Length: 365
Content-Type: application/json; charset=utf-8
host: localhost:57975
accept: */*

Response DefaultHttpResponse(decodeResult: success, version: HTTP/1.1)
HTTP/1.1 200 OK
Content-Type: application/json; charset=utf-8
cache-control: no-cache
content-length: 795

09:04:53.559 [AsyncHttpClient-1-2] DEBUG o.a.netty.channel.ChannelManager - Adding key: http://localhost:57975 for channel [id: 0x378f841d, L:/127.0.0.1:54198 - R:localhost/127.0.0.1:57975]
09:04:53.631 [AsyncHttpClient-1-3] DEBUG o.a.n.channel.NettyConnectListener - Using new Channel '[id: 0xb93aa14e, L:/127.0.0.1:54205 - R:localhost/127.0.0.1:54199]' for 'GET' to '/json/version'
09:04:53.636 [AsyncHttpClient-1-3] DEBUG o.a.netty.handler.HttpHandler - 

Request DefaultFullHttpRequest(decodeResult: success, version: HTTP/1.1, content: EmptyByteBufBE)
GET /json/version HTTP/1.1
User-Agent: selenium/4.1.2 (java windows)
host: localhost:54199
accept: */*

Response DefaultHttpResponse(decodeResult: success, version: HTTP/1.1)
HTTP/1.1 200 OK
Content-Type: application/json; charset=UTF-8
content-length: 424

09:04:53.636 [AsyncHttpClient-1-3] DEBUG o.a.netty.channel.ChannelManager - Adding key: http://localhost:54199 for channel [id: 0xb93aa14e, L:/127.0.0.1:54205 - R:localhost/127.0.0.1:54199]
09:04:53.644 [main] DEBUG i.n.util.internal.ThreadLocalRandom - -Dio.netty.initialSeedUniquifier: 0x4a6b1b98473e6677
09:04:53.647 [AsyncHttpClient-1-4] DEBUG o.a.n.channel.NettyConnectListener - Using new Channel '[id: 0xe8e4bf0f, L:/127.0.0.1:54206 - R:localhost/127.0.0.1:54199]' for 'GET' to '/devtools/browser/c210c3ad-501f-4c17-afbf-16a68c5de507'
09:04:53.652 [AsyncHttpClient-1-4] DEBUG o.a.netty.handler.WebSocketHandler - 

Request DefaultFullHttpRequest(decodeResult: success, version: HTTP/1.1, content: EmptyByteBufBE)
GET /devtools/browser/c210c3ad-501f-4c17-afbf-16a68c5de507 HTTP/1.1
upgrade: websocket
connection: upgrade
sec-websocket-key: Aonantpdf1X9MkamTKM2ag==
sec-websocket-version: 13
origin: http://localhost:54199
host: localhost:54199
accept: */*
user-agent: AHC/2.1

Response DefaultHttpResponse(decodeResult: success, version: HTTP/1.1)
HTTP/1.1 101 WebSocket Protocol Handshake
Upgrade: WebSocket
Connection: Upgrade
Sec-WebSocket-Accept: mEDfRHlsnwWaWgYDmJPA8pQqhaU=

09:04:53.687 [Forwarding deleteAllCookies on session 92e87d4f626753c729929fcc074d6b57 to remote] DEBUG o.a.netty.request.NettyRequestSender - Using pooled Channel '[id: 0x378f841d, L:/127.0.0.1:54198 - R:localhost/127.0.0.1:57975]' for 'DELETE' to 'http://localhost:57975/session/92e87d4f626753c729929fcc074d6b57/cookie'
09:04:53.687 [Forwarding deleteAllCookies on session 92e87d4f626753c729929fcc074d6b57 to remote] DEBUG o.a.netty.request.NettyRequestSender - Using open Channel [id: 0x378f841d, L:/127.0.0.1:54198 - R:localhost/127.0.0.1:57975] for DELETE '/session/92e87d4f626753c729929fcc074d6b57/cookie'
09:04:53.693 [AsyncHttpClient-1-2] DEBUG o.a.netty.handler.HttpHandler - 

Request DefaultFullHttpRequest(decodeResult: success, version: HTTP/1.1, content: EmptyByteBufBE)
DELETE /session/92e87d4f626753c729929fcc074d6b57/cookie HTTP/1.1
User-Agent: selenium/4.1.2 (java windows)
Content-Type: application/json; charset=utf-8
host: localhost:57975
accept: */*

Response DefaultHttpResponse(decodeResult: success, version: HTTP/1.1)
HTTP/1.1 200 OK
Content-Type: application/json; charset=utf-8
cache-control: no-cache
content-length: 14

09:04:53.694 [AsyncHttpClient-1-2] DEBUG o.a.netty.channel.ChannelManager - Adding key: http://localhost:57975 for channel [id: 0x378f841d, L:/127.0.0.1:54198 - R:localhost/127.0.0.1:57975]
09:04:53.699 [Forwarding maximizeCurrentWindow on session 92e87d4f626753c729929fcc074d6b57 to remote] DEBUG o.a.netty.request.NettyRequestSender - Using pooled Channel '[id: 0x378f841d, L:/127.0.0.1:54198 - R:localhost/127.0.0.1:57975]' for 'POST' to 'http://localhost:57975/session/92e87d4f626753c729929fcc074d6b57/window/maximize'
09:04:53.699 [Forwarding maximizeCurrentWindow on session 92e87d4f626753c729929fcc074d6b57 to remote] DEBUG o.a.netty.request.NettyRequestSender - Using open Channel [id: 0x378f841d, L:/127.0.0.1:54198 - R:localhost/127.0.0.1:57975] for POST '/session/92e87d4f626753c729929fcc074d6b57/window/maximize'
09:04:53.826 [AsyncHttpClient-1-2] DEBUG o.a.netty.handler.HttpHandler - 

Request DefaultHttpRequest(decodeResult: success, version: HTTP/1.1)
POST /session/92e87d4f626753c729929fcc074d6b57/window/maximize HTTP/1.1
User-Agent: selenium/4.1.2 (java windows)
Content-Length: 3
Content-Type: application/json; charset=utf-8
host: localhost:57975
accept: */*

Response DefaultHttpResponse(decodeResult: success, version: HTTP/1.1)
HTTP/1.1 200 OK
Content-Type: application/json; charset=utf-8
cache-control: no-cache
content-length: 52

09:04:53.827 [AsyncHttpClient-1-2] DEBUG o.a.netty.channel.ChannelManager - Adding key: http://localhost:57975 for channel [id: 0x378f841d, L:/127.0.0.1:54198 - R:localhost/127.0.0.1:57975]
09:04:54.574 [AsyncHttpClient-1-1] DEBUG o.a.netty.channel.DefaultChannelPool - Entry count for : http://localhost:54199 : 1
09:04:54.574 [AsyncHttpClient-1-1] DEBUG o.a.netty.channel.DefaultChannelPool - Entry count for : http://localhost:57975 : 1
DEBUG [main] (GetPostSteps.java:28) - i_perform_get_operation_for/posts
DEBUG [main] (GetPostSteps.java:28)- i_perform_get_operation_for/posts
DEBUG [main] (RestAssuredExtension.java:64) - GetOps : /posts
DEBUG [main] (RestAssuredExtension.java:64)- GetOps : /posts
DEBUG [main] (BasicClientConnectionManager.java:161) - Get connection for route {}->http://localhost:3000
DEBUG [main] (BasicClientConnectionManager.java:161)- Get connection for route {}->http://localhost:3000
DEBUG [main] (DefaultClientConnectionOperator.java:177) - Connecting to localhost:3000
DEBUG [main] (DefaultClientConnectionOperator.java:177)- Connecting to localhost:3000
DEBUG [main] (RequestAddCookies.java:123) - CookieSpec selected: ignoreCookies
DEBUG [main] (RequestAddCookies.java:123)- CookieSpec selected: ignoreCookies
DEBUG [main] (RequestAuthCache.java:77) - Auth cache not set in the context
DEBUG [main] (RequestAuthCache.java:77)- Auth cache not set in the context
DEBUG [main] (RequestTargetAuthentication.java:80) - Target auth state: UNCHALLENGED
DEBUG [main] (RequestTargetAuthentication.java:80)- Target auth state: UNCHALLENGED
DEBUG [main] (RequestProxyAuthentication.java:89) - Proxy auth state: UNCHALLENGED
DEBUG [main] (RequestProxyAuthentication.java:89)- Proxy auth state: UNCHALLENGED
DEBUG [main] (DefaultRequestDirector.java:677) - Attempt 1 to execute request
DEBUG [main] (DefaultRequestDirector.java:677)- Attempt 1 to execute request
DEBUG [main] (DefaultClientConnection.java:274) - Sending request: GET /posts HTTP/1.1
DEBUG [main] (DefaultClientConnection.java:274)- Sending request: GET /posts HTTP/1.1
DEBUG [main] (Wire.java:73) -  >> "GET /posts HTTP/1.1[\r][\n]"
DEBUG [main] (Wire.java:73)-  >> "GET /posts HTTP/1.1[\r][\n]"
DEBUG [main] (Wire.java:73) -  >> "Content-Type: application/json[\r][\n]"
DEBUG [main] (Wire.java:73)-  >> "Content-Type: application/json[\r][\n]"
DEBUG [main] (Wire.java:73) -  >> "Accept: */*[\r][\n]"
DEBUG [main] (Wire.java:73)-  >> "Accept: */*[\r][\n]"
DEBUG [main] (Wire.java:73) -  >> "Host: localhost:3000[\r][\n]"
DEBUG [main] (Wire.java:73)-  >> "Host: localhost:3000[\r][\n]"
DEBUG [main] (Wire.java:73) -  >> "Connection: Keep-Alive[\r][\n]"
DEBUG [main] (Wire.java:73)-  >> "Connection: Keep-Alive[\r][\n]"
DEBUG [main] (Wire.java:73) -  >> "User-Agent: Apache-HttpClient/4.5.13 (Java/15.0.1)[\r][\n]"
DEBUG [main] (Wire.java:73)-  >> "User-Agent: Apache-HttpClient/4.5.13 (Java/15.0.1)[\r][\n]"
DEBUG [main] (Wire.java:73) -  >> "Accept-Encoding: gzip,deflate[\r][\n]"
DEBUG [main] (Wire.java:73)-  >> "Accept-Encoding: gzip,deflate[\r][\n]"
DEBUG [main] (Wire.java:73) -  >> "[\r][\n]"
DEBUG [main] (Wire.java:73)-  >> "[\r][\n]"
DEBUG [main] (DefaultClientConnection.java:278) - >> GET /posts HTTP/1.1
DEBUG [main] (DefaultClientConnection.java:278)- >> GET /posts HTTP/1.1
DEBUG [main] (DefaultClientConnection.java:281) - >> Content-Type: application/json
DEBUG [main] (DefaultClientConnection.java:281)- >> Content-Type: application/json
DEBUG [main] (DefaultClientConnection.java:281) - >> Accept: */*
DEBUG [main] (DefaultClientConnection.java:281)- >> Accept: */*
DEBUG [main] (DefaultClientConnection.java:281) - >> Host: localhost:3000
DEBUG [main] (DefaultClientConnection.java:281)- >> Host: localhost:3000
DEBUG [main] (DefaultClientConnection.java:281) - >> Connection: Keep-Alive
DEBUG [main] (DefaultClientConnection.java:281)- >> Connection: Keep-Alive
DEBUG [main] (DefaultClientConnection.java:281) - >> User-Agent: Apache-HttpClient/4.5.13 (Java/15.0.1)
DEBUG [main] (DefaultClientConnection.java:281)- >> User-Agent: Apache-HttpClient/4.5.13 (Java/15.0.1)
DEBUG [main] (DefaultClientConnection.java:281) - >> Accept-Encoding: gzip,deflate
DEBUG [main] (DefaultClientConnection.java:281)- >> Accept-Encoding: gzip,deflate
DEBUG [main] (Wire.java:73) -  << "HTTP/1.1 200 OK[\r][\n]"
DEBUG [main] (Wire.java:73)-  << "HTTP/1.1 200 OK[\r][\n]"
DEBUG [main] (Wire.java:73) -  << "X-Powered-By: Express[\r][\n]"
DEBUG [main] (Wire.java:73)-  << "X-Powered-By: Express[\r][\n]"
DEBUG [main] (Wire.java:73) -  << "Vary: Origin, Accept-Encoding[\r][\n]"
DEBUG [main] (Wire.java:73)-  << "Vary: Origin, Accept-Encoding[\r][\n]"
DEBUG [main] (Wire.java:73) -  << "Access-Control-Allow-Credentials: true[\r][\n]"
DEBUG [main] (Wire.java:73)-  << "Access-Control-Allow-Credentials: true[\r][\n]"
DEBUG [main] (Wire.java:73) -  << "Cache-Control: no-cache[\r][\n]"
DEBUG [main] (Wire.java:73)-  << "Cache-Control: no-cache[\r][\n]"
DEBUG [main] (Wire.java:73) -  << "Pragma: no-cache[\r][\n]"
DEBUG [main] (Wire.java:73)-  << "Pragma: no-cache[\r][\n]"
DEBUG [main] (Wire.java:73) -  << "Expires: -1[\r][\n]"
DEBUG [main] (Wire.java:73)-  << "Expires: -1[\r][\n]"
DEBUG [main] (Wire.java:73) -  << "X-Content-Type-Options: nosniff[\r][\n]"
DEBUG [main] (Wire.java:73)-  << "X-Content-Type-Options: nosniff[\r][\n]"
DEBUG [main] (Wire.java:73) -  << "Content-Type: application/json; charset=utf-8[\r][\n]"
DEBUG [main] (Wire.java:73)-  << "Content-Type: application/json; charset=utf-8[\r][\n]"
DEBUG [main] (Wire.java:73) -  << "Content-Length: 215[\r][\n]"
DEBUG [main] (Wire.java:73)-  << "Content-Length: 215[\r][\n]"
DEBUG [main] (Wire.java:73) -  << "ETag: W/"d7-8viS6dR+l5SHC3CvYrGqzALbP/E"[\r][\n]"
DEBUG [main] (Wire.java:73)-  << "ETag: W/"d7-8viS6dR+l5SHC3CvYrGqzALbP/E"[\r][\n]"
DEBUG [main] (Wire.java:73) -  << "Date: Wed, 30 Mar 2022 01:04:55 GMT[\r][\n]"
DEBUG [main] (Wire.java:73)-  << "Date: Wed, 30 Mar 2022 01:04:55 GMT[\r][\n]"
DEBUG [main] (Wire.java:73) -  << "Connection: keep-alive[\r][\n]"
DEBUG [main] (Wire.java:73)-  << "Connection: keep-alive[\r][\n]"
DEBUG [main] (Wire.java:73) -  << "[\r][\n]"
DEBUG [main] (Wire.java:73)-  << "[\r][\n]"
DEBUG [main] (DefaultClientConnection.java:259) - Receiving response: HTTP/1.1 200 OK
DEBUG [main] (DefaultClientConnection.java:259)- Receiving response: HTTP/1.1 200 OK
DEBUG [main] (DefaultClientConnection.java:262) - << HTTP/1.1 200 OK
DEBUG [main] (DefaultClientConnection.java:262)- << HTTP/1.1 200 OK
DEBUG [main] (DefaultClientConnection.java:265) - << X-Powered-By: Express
DEBUG [main] (DefaultClientConnection.java:265)- << X-Powered-By: Express
DEBUG [main] (DefaultClientConnection.java:265) - << Vary: Origin, Accept-Encoding
DEBUG [main] (DefaultClientConnection.java:265)- << Vary: Origin, Accept-Encoding
DEBUG [main] (DefaultClientConnection.java:265) - << Access-Control-Allow-Credentials: true
DEBUG [main] (DefaultClientConnection.java:265)- << Access-Control-Allow-Credentials: true
DEBUG [main] (DefaultClientConnection.java:265) - << Cache-Control: no-cache
DEBUG [main] (DefaultClientConnection.java:265)- << Cache-Control: no-cache
DEBUG [main] (DefaultClientConnection.java:265) - << Pragma: no-cache
DEBUG [main] (DefaultClientConnection.java:265)- << Pragma: no-cache
DEBUG [main] (DefaultClientConnection.java:265) - << Expires: -1
DEBUG [main] (DefaultClientConnection.java:265)- << Expires: -1
DEBUG [main] (DefaultClientConnection.java:265) - << X-Content-Type-Options: nosniff
DEBUG [main] (DefaultClientConnection.java:265)- << X-Content-Type-Options: nosniff
DEBUG [main] (DefaultClientConnection.java:265) - << Content-Type: application/json; charset=utf-8
DEBUG [main] (DefaultClientConnection.java:265)- << Content-Type: application/json; charset=utf-8
DEBUG [main] (DefaultClientConnection.java:265) - << Content-Length: 215
DEBUG [main] (DefaultClientConnection.java:265)- << Content-Length: 215
DEBUG [main] (DefaultClientConnection.java:265) - << ETag: W/"d7-8viS6dR+l5SHC3CvYrGqzALbP/E"
DEBUG [main] (DefaultClientConnection.java:265)- << ETag: W/"d7-8viS6dR+l5SHC3CvYrGqzALbP/E"
DEBUG [main] (DefaultClientConnection.java:265) - << Date: Wed, 30 Mar 2022 01:04:55 GMT
DEBUG [main] (DefaultClientConnection.java:265)- << Date: Wed, 30 Mar 2022 01:04:55 GMT
DEBUG [main] (DefaultClientConnection.java:265) - << Connection: keep-alive
DEBUG [main] (DefaultClientConnection.java:265)- << Connection: keep-alive
DEBUG [main] (DefaultRequestDirector.java:504) - Connection can be kept alive indefinitely
DEBUG [main] (DefaultRequestDirector.java:504)- Connection can be kept alive indefinitely
DEBUG [main] (HTTPBuilder.java:547) - Parsing response as: application/json; charset=utf-8
DEBUG [main] (HTTPBuilder.java:547)- Parsing response as: application/json; charset=utf-8
DEBUG [main] (HTTPBuilder.java:550) - Parsed data to instance of: class org.apache.http.conn.EofSensorInputStream
DEBUG [main] (HTTPBuilder.java:550)- Parsed data to instance of: class org.apache.http.conn.EofSensorInputStream
  &amp#27;[32mGiven &amp#27;[0m&amp#27;[32mI perform GET operation for "&amp#27;[0m&amp#27;[32m&amp#27;[1m/posts&amp#27;[0m&amp#27;[32m"&amp#27;[0m &amp#27;[90m# stepdefinitions.GetPostSteps.i_perform_get_operation_for(java.lang.String)&amp#27;[0m
DEBUG [main] (GetPostSteps.java:35) - i_perform_get_for_the_post_number2
DEBUG [main] (GetPostSteps.java:35)- i_perform_get_for_the_post_number2
DEBUG [main] (RestAssuredExtension.java:36) - GETOpsWithPathParams : {id=2}
DEBUG [main] (RestAssuredExtension.java:36)- GETOpsWithPathParams : {id=2}
DEBUG [main] (BasicClientConnectionManager.java:161) - Get connection for route {}->http://localhost:3000
DEBUG [main] (BasicClientConnectionManager.java:161)- Get connection for route {}->http://localhost:3000
DEBUG [main] (DefaultClientConnectionOperator.java:177) - Connecting to localhost:3000
DEBUG [main] (DefaultClientConnectionOperator.java:177)- Connecting to localhost:3000
DEBUG [main] (RequestAddCookies.java:123) - CookieSpec selected: ignoreCookies
DEBUG [main] (RequestAddCookies.java:123)- CookieSpec selected: ignoreCookies
DEBUG [main] (RequestAuthCache.java:77) - Auth cache not set in the context
DEBUG [main] (RequestAuthCache.java:77)- Auth cache not set in the context
DEBUG [main] (RequestTargetAuthentication.java:80) - Target auth state: UNCHALLENGED
DEBUG [main] (RequestTargetAuthentication.java:80)- Target auth state: UNCHALLENGED
DEBUG [main] (RequestProxyAuthentication.java:89) - Proxy auth state: UNCHALLENGED
DEBUG [main] (RequestProxyAuthentication.java:89)- Proxy auth state: UNCHALLENGED
DEBUG [main] (DefaultRequestDirector.java:677) - Attempt 1 to execute request
DEBUG [main] (DefaultRequestDirector.java:677)- Attempt 1 to execute request
DEBUG [main] (DefaultClientConnection.java:274) - Sending request: GET /posts?id=2 HTTP/1.1
DEBUG [main] (DefaultClientConnection.java:274)- Sending request: GET /posts?id=2 HTTP/1.1
DEBUG [main] (Wire.java:73) -  >> "GET /posts?id=2 HTTP/1.1[\r][\n]"
DEBUG [main] (Wire.java:73)-  >> "GET /posts?id=2 HTTP/1.1[\r][\n]"
DEBUG [main] (Wire.java:73) -  >> "Content-Type: application/json[\r][\n]"
DEBUG [main] (Wire.java:73)-  >> "Content-Type: application/json[\r][\n]"
DEBUG [main] (Wire.java:73) -  >> "Accept: */*[\r][\n]"
DEBUG [main] (Wire.java:73)-  >> "Accept: */*[\r][\n]"
DEBUG [main] (Wire.java:73) -  >> "Host: localhost:3000[\r][\n]"
DEBUG [main] (Wire.java:73)-  >> "Host: localhost:3000[\r][\n]"
DEBUG [main] (Wire.java:73) -  >> "Connection: Keep-Alive[\r][\n]"
DEBUG [main] (Wire.java:73)-  >> "Connection: Keep-Alive[\r][\n]"
DEBUG [main] (Wire.java:73) -  >> "User-Agent: Apache-HttpClient/4.5.13 (Java/15.0.1)[\r][\n]"
DEBUG [main] (Wire.java:73)-  >> "User-Agent: Apache-HttpClient/4.5.13 (Java/15.0.1)[\r][\n]"
DEBUG [main] (Wire.java:73) -  >> "Accept-Encoding: gzip,deflate[\r][\n]"
DEBUG [main] (Wire.java:73)-  >> "Accept-Encoding: gzip,deflate[\r][\n]"
DEBUG [main] (Wire.java:73) -  >> "[\r][\n]"
DEBUG [main] (Wire.java:73)-  >> "[\r][\n]"
DEBUG [main] (DefaultClientConnection.java:278) - >> GET /posts?id=2 HTTP/1.1
DEBUG [main] (DefaultClientConnection.java:278)- >> GET /posts?id=2 HTTP/1.1
DEBUG [main] (DefaultClientConnection.java:281) - >> Content-Type: application/json
DEBUG [main] (DefaultClientConnection.java:281)- >> Content-Type: application/json
DEBUG [main] (DefaultClientConnection.java:281) - >> Accept: */*
DEBUG [main] (DefaultClientConnection.java:281)- >> Accept: */*
DEBUG [main] (DefaultClientConnection.java:281) - >> Host: localhost:3000
DEBUG [main] (DefaultClientConnection.java:281)- >> Host: localhost:3000
DEBUG [main] (DefaultClientConnection.java:281) - >> Connection: Keep-Alive
DEBUG [main] (DefaultClientConnection.java:281)- >> Connection: Keep-Alive
DEBUG [main] (DefaultClientConnection.java:281) - >> User-Agent: Apache-HttpClient/4.5.13 (Java/15.0.1)
DEBUG [main] (DefaultClientConnection.java:281)- >> User-Agent: Apache-HttpClient/4.5.13 (Java/15.0.1)
DEBUG [main] (DefaultClientConnection.java:281) - >> Accept-Encoding: gzip,deflate
DEBUG [main] (DefaultClientConnection.java:281)- >> Accept-Encoding: gzip,deflate
DEBUG [main] (Wire.java:73) -  << "HTTP/1.1 200 OK[\r][\n]"
DEBUG [main] (Wire.java:73)-  << "HTTP/1.1 200 OK[\r][\n]"
DEBUG [main] (Wire.java:73) -  << "X-Powered-By: Express[\r][\n]"
DEBUG [main] (Wire.java:73)-  << "X-Powered-By: Express[\r][\n]"
DEBUG [main] (Wire.java:73) -  << "Vary: Origin, Accept-Encoding[\r][\n]"
DEBUG [main] (Wire.java:73)-  << "Vary: Origin, Accept-Encoding[\r][\n]"
DEBUG [main] (Wire.java:73) -  << "Access-Control-Allow-Credentials: true[\r][\n]"
DEBUG [main] (Wire.java:73)-  << "Access-Control-Allow-Credentials: true[\r][\n]"
DEBUG [main] (Wire.java:73) -  << "Cache-Control: no-cache[\r][\n]"
DEBUG [main] (Wire.java:73)-  << "Cache-Control: no-cache[\r][\n]"
DEBUG [main] (Wire.java:73) -  << "Pragma: no-cache[\r][\n]"
DEBUG [main] (Wire.java:73)-  << "Pragma: no-cache[\r][\n]"
DEBUG [main] (Wire.java:73) -  << "Expires: -1[\r][\n]"
DEBUG [main] (Wire.java:73)-  << "Expires: -1[\r][\n]"
DEBUG [main] (Wire.java:73) -  << "X-Content-Type-Options: nosniff[\r][\n]"
DEBUG [main] (Wire.java:73)-  << "X-Content-Type-Options: nosniff[\r][\n]"
DEBUG [main] (Wire.java:73) -  << "Content-Type: application/json; charset=utf-8[\r][\n]"
DEBUG [main] (Wire.java:73)-  << "Content-Type: application/json; charset=utf-8[\r][\n]"
DEBUG [main] (Wire.java:73) -  << "Content-Length: 73[\r][\n]"
DEBUG [main] (Wire.java:73)-  << "Content-Length: 73[\r][\n]"
DEBUG [main] (Wire.java:73) -  << "ETag: W/"49-nosvdLiqDYtwZGjld4gk2zVmLQo"[\r][\n]"
DEBUG [main] (Wire.java:73)-  << "ETag: W/"49-nosvdLiqDYtwZGjld4gk2zVmLQo"[\r][\n]"
DEBUG [main] (Wire.java:73) -  << "Date: Wed, 30 Mar 2022 01:04:55 GMT[\r][\n]"
DEBUG [main] (Wire.java:73)-  << "Date: Wed, 30 Mar 2022 01:04:55 GMT[\r][\n]"
DEBUG [main] (Wire.java:73) -  << "Connection: keep-alive[\r][\n]"
DEBUG [main] (Wire.java:73)-  << "Connection: keep-alive[\r][\n]"
DEBUG [main] (Wire.java:73) -  << "[\r][\n]"
DEBUG [main] (Wire.java:73)-  << "[\r][\n]"
DEBUG [main] (DefaultClientConnection.java:259) - Receiving response: HTTP/1.1 200 OK
DEBUG [main] (DefaultClientConnection.java:259)- Receiving response: HTTP/1.1 200 OK
DEBUG [main] (DefaultClientConnection.java:262) - << HTTP/1.1 200 OK
DEBUG [main] (DefaultClientConnection.java:262)- << HTTP/1.1 200 OK
DEBUG [main] (DefaultClientConnection.java:265) - << X-Powered-By: Express
DEBUG [main] (DefaultClientConnection.java:265)- << X-Powered-By: Express
DEBUG [main] (DefaultClientConnection.java:265) - << Vary: Origin, Accept-Encoding
DEBUG [main] (DefaultClientConnection.java:265)- << Vary: Origin, Accept-Encoding
DEBUG [main] (DefaultClientConnection.java:265) - << Access-Control-Allow-Credentials: true
DEBUG [main] (DefaultClientConnection.java:265)- << Access-Control-Allow-Credentials: true
DEBUG [main] (DefaultClientConnection.java:265) - << Cache-Control: no-cache
DEBUG [main] (DefaultClientConnection.java:265)- << Cache-Control: no-cache
DEBUG [main] (DefaultClientConnection.java:265) - << Pragma: no-cache
DEBUG [main] (DefaultClientConnection.java:265)- << Pragma: no-cache
DEBUG [main] (DefaultClientConnection.java:265) - << Expires: -1
DEBUG [main] (DefaultClientConnection.java:265)- << Expires: -1
DEBUG [main] (DefaultClientConnection.java:265) - << X-Content-Type-Options: nosniff
DEBUG [main] (DefaultClientConnection.java:265)- << X-Content-Type-Options: nosniff
DEBUG [main] (DefaultClientConnection.java:265) - << Content-Type: application/json; charset=utf-8
DEBUG [main] (DefaultClientConnection.java:265)- << Content-Type: application/json; charset=utf-8
DEBUG [main] (DefaultClientConnection.java:265) - << Content-Length: 73
DEBUG [main] (DefaultClientConnection.java:265)- << Content-Length: 73
DEBUG [main] (DefaultClientConnection.java:265) - << ETag: W/"49-nosvdLiqDYtwZGjld4gk2zVmLQo"
DEBUG [main] (DefaultClientConnection.java:265)- << ETag: W/"49-nosvdLiqDYtwZGjld4gk2zVmLQo"
DEBUG [main] (DefaultClientConnection.java:265) - << Date: Wed, 30 Mar 2022 01:04:55 GMT
DEBUG [main] (DefaultClientConnection.java:265)- << Date: Wed, 30 Mar 2022 01:04:55 GMT
DEBUG [main] (DefaultClientConnection.java:265) - << Connection: keep-alive
DEBUG [main] (DefaultClientConnection.java:265)- << Connection: keep-alive
DEBUG [main] (DefaultRequestDirector.java:504) - Connection can be kept alive indefinitely
DEBUG [main] (DefaultRequestDirector.java:504)- Connection can be kept alive indefinitely
DEBUG [main] (HTTPBuilder.java:547) - Parsing response as: application/json; charset=utf-8
DEBUG [main] (HTTPBuilder.java:547)- Parsing response as: application/json; charset=utf-8
DEBUG [main] (HTTPBuilder.java:550) - Parsed data to instance of: class org.apache.http.conn.EofSensorInputStream
DEBUG [main] (HTTPBuilder.java:550)- Parsed data to instance of: class org.apache.http.conn.EofSensorInputStream
DEBUG [main] (Wire.java:73) -  << "[[\n]"
DEBUG [main] (Wire.java:73)-  << "[[\n]"
DEBUG [main] (Wire.java:73) -  << "  {[\n]"
DEBUG [main] (Wire.java:73)-  << "  {[\n]"
DEBUG [main] (Wire.java:73) -  << "    "id": 2,[\n]"
DEBUG [main] (Wire.java:73)-  << "    "id": 2,[\n]"
DEBUG [main] (Wire.java:73) -  << "    "title": "rest-assured",[\n]"
DEBUG [main] (Wire.java:73)-  << "    "title": "rest-assured",[\n]"
DEBUG [main] (Wire.java:73) -  << "    "author": "api"[\n]"
DEBUG [main] (Wire.java:73)-  << "    "author": "api"[\n]"
DEBUG [main] (Wire.java:73) -  << "  }[\n]"
DEBUG [main] (Wire.java:73)-  << "  }[\n]"
DEBUG [main] (Wire.java:87) -  << "]"
DEBUG [main] (Wire.java:87)-  << "]"
DEBUG [main] (BasicClientConnectionManager.java:200) - Releasing connection org.apache.http.impl.conn.ManagedClientConnectionImpl@5d5ae6aa
DEBUG [main] (BasicClientConnectionManager.java:200)- Releasing connection org.apache.http.impl.conn.ManagedClientConnectionImpl@5d5ae6aa
DEBUG [main] (BasicClientConnectionManager.java:225) - Connection can be kept alive indefinitely
DEBUG [main] (BasicClientConnectionManager.java:225)- Connection can be kept alive indefinitely
DEBUG [main] (GetPostSteps.java:42) - request body : 
 [
    {
        "id": 2,
        "title": "rest-assured",
        "author": "api"
    }
]
DEBUG [main] (GetPostSteps.java:42)- request body : 
 [
    {
        "id": 2,
        "title": "rest-assured",
        "author": "api"
    }
]
  &amp#27;[32mWhen &amp#27;[0m&amp#27;[32mI perform GET for the post number "&amp#27;[0m&amp#27;[32m&amp#27;[1m2&amp#27;[0m&amp#27;[32m"&amp#27;[0m &amp#27;[90m# stepdefinitions.GetPostSteps.i_perform_get_for_the_post_number(java.lang.String)&amp#27;[0m
DEBUG [main] (GetPostSteps.java:107) - geti_should_see_the_author_name_asBody : api
DEBUG [main] (GetPostSteps.java:107)- geti_should_see_the_author_name_asBody : api
09:04:55.673 [AsyncHttpClient-1-1] DEBUG o.a.netty.channel.DefaultChannelPool - Entry count for : http://localhost:54199 : 1
09:04:55.673 [AsyncHttpClient-1-1] DEBUG o.a.netty.channel.DefaultChannelPool - Entry count for : http://localhost:57975 : 1
DEBUG [main] (GetPostSteps.java:114) - getBody : io.restassured.internal.RestAssuredResponseImpl@4dffa400
DEBUG [main] (GetPostSteps.java:114)- getBody : io.restassured.internal.RestAssuredResponseImpl@4dffa400
  &amp#27;[32mThen &amp#27;[0m&amp#27;[32mI should see the author name as "&amp#27;[0m&amp#27;[32m&amp#27;[1mapi&amp#27;[0m&amp#27;[32m"&amp#27;[0m &amp#27;[90m# stepdefinitions.GetPostSteps.i_should_see_the_author_name_as(java.lang.String)&amp#27;[0m
09:04:55.956 [Driver Command Executor] DEBUG o.a.netty.request.NettyRequestSender - Using pooled Channel '[id: 0x378f841d, L:/127.0.0.1:54198 - R:localhost/127.0.0.1:57975]' for 'DELETE' to 'http://localhost:57975/session/92e87d4f626753c729929fcc074d6b57'
09:04:55.956 [Driver Command Executor] DEBUG o.a.netty.request.NettyRequestSender - Using open Channel [id: 0x378f841d, L:/127.0.0.1:54198 - R:localhost/127.0.0.1:57975] for DELETE '/session/92e87d4f626753c729929fcc074d6b57'
09:04:55.957 [AsyncHttpClient-1-4] DEBUG o.a.netty.handler.WebSocketHandler - Channel Closed: [id: 0xe8e4bf0f, L:/127.0.0.1:54206 ! R:localhost/127.0.0.1:54199] with attribute NettyResponseFuture{currentRetry=5,
	isDone=1,
	isCancelled=0,
	asyncHandler=org.asynchttpclient.ws.WebSocketUpgradeHandler@6ebb75d2,
	nettyRequest=org.asynchttpclient.netty.request.NettyRequest@4997dd4b,
	future=java.util.concurrent.CompletableFuture@74ad6196[Completed normally],
	uri=ws://localhost:54199/devtools/browser/c210c3ad-501f-4c17-afbf-16a68c5de507,
	keepAlive=true,
	redirectCount=0,
	timeoutsHolder=null,
	inAuth=0,
	touch=1648602293664}
09:04:55.957 [AsyncHttpClient-1-4] DEBUG o.a.netty.channel.ChannelManager - Closing Channel [id: 0xe8e4bf0f, L:/127.0.0.1:54206 ! R:localhost/127.0.0.1:54199] 
09:04:55.995 [AsyncHttpClient-1-3] DEBUG o.a.netty.handler.HttpHandler - Unexpected I/O exception on channel [id: 0xb93aa14e, L:/127.0.0.1:54205 - R:localhost/127.0.0.1:54199]
java.net.SocketException: Connection reset
	at java.base/sun.nio.ch.SocketChannelImpl.throwConnectionReset(SocketChannelImpl.java:367) ~[na:na]
	at java.base/sun.nio.ch.SocketChannelImpl.read(SocketChannelImpl.java:398) ~[na:na]
	at io.netty.buffer.PooledByteBuf.setBytes(PooledByteBuf.java:253) ~[netty-buffer-4.1.70.Final.jar:4.1.70.Final]
	at io.netty.buffer.AbstractByteBuf.writeBytes(AbstractByteBuf.java:1132) ~[netty-buffer-4.1.70.Final.jar:4.1.70.Final]
	at io.netty.channel.socket.nio.NioSocketChannel.doReadBytes(NioSocketChannel.java:350) ~[netty-transport-4.1.70.Final.jar:4.1.70.Final]
	at io.netty.channel.nio.AbstractNioByteChannel$NioByteUnsafe.read(AbstractNioByteChannel.java:151) ~[netty-transport-4.1.70.Final.jar:4.1.70.Final]
	at io.netty.channel.nio.NioEventLoop.processSelectedKey(NioEventLoop.java:719) ~[netty-transport-4.1.70.Final.jar:4.1.70.Final]
	at io.netty.channel.nio.NioEventLoop.processSelectedKeysOptimized(NioEventLoop.java:655) ~[netty-transport-4.1.70.Final.jar:4.1.70.Final]
	at io.netty.channel.nio.NioEventLoop.processSelectedKeys(NioEventLoop.java:581) ~[netty-transport-4.1.70.Final.jar:4.1.70.Final]
	at io.netty.channel.nio.NioEventLoop.run(NioEventLoop.java:493) ~[netty-transport-4.1.70.Final.jar:4.1.70.Final]
	at io.netty.util.concurrent.SingleThreadEventExecutor$4.run(SingleThreadEventExecutor.java:986) ~[netty-common-4.1.70.Final.jar:4.1.70.Final]
	at io.netty.util.internal.ThreadExecutorMap$2.run(ThreadExecutorMap.java:74) ~[netty-common-4.1.70.Final.jar:4.1.70.Final]
	at io.netty.util.concurrent.FastThreadLocalRunnable.run(FastThreadLocalRunnable.java:30) ~[netty-common-4.1.70.Final.jar:4.1.70.Final]
	at java.base/java.lang.Thread.run(Thread.java:832) ~[na:na]
09:04:55.995 [AsyncHttpClient-1-3] DEBUG o.a.netty.channel.ChannelManager - Closing Channel [id: 0xb93aa14e, L:/127.0.0.1:54205 - R:localhost/127.0.0.1:54199] 
09:04:55.997 [AsyncHttpClient-1-3] DEBUG o.a.netty.handler.HttpHandler - Channel Closed: [id: 0xb93aa14e, L:/127.0.0.1:54205 ! R:localhost/127.0.0.1:54199] with attribute DISCARD
09:04:56.007 [AsyncHttpClient-1-2] DEBUG o.a.netty.handler.HttpHandler - 

Request DefaultFullHttpRequest(decodeResult: success, version: HTTP/1.1, content: EmptyByteBufBE)
DELETE /session/92e87d4f626753c729929fcc074d6b57 HTTP/1.1
User-Agent: selenium/4.1.2 (java windows)
Content-Type: application/json; charset=utf-8
host: localhost:57975
accept: */*

Response DefaultHttpResponse(decodeResult: success, version: HTTP/1.1)
HTTP/1.1 200 OK
Content-Type: application/json; charset=utf-8
cache-control: no-cache
content-length: 14

09:04:56.007 [AsyncHttpClient-1-2] DEBUG o.a.netty.channel.ChannelManager - Adding key: http://localhost:57975 for channel [id: 0x378f841d, L:/127.0.0.1:54198 - R:localhost/127.0.0.1:57975]
09:04:56.049 [AsyncHttpClient-1-2] DEBUG o.a.netty.handler.HttpHandler - Channel Closed: [id: 0x378f841d, L:/127.0.0.1:54198 ! R:localhost/127.0.0.1:57975] with attribute DISCARD
09:04:56.584 [main] INFO   - 
  _____   ___   ___   _____     ___     _     ___   ___   ___   ___  
 |_   _| | __| / __| |_   _|   | _ \   /_\   / __| / __| | __| |   \ 
   | |   | _|  \__ \   | |     |  _/  / _ \  \__ \ \__ \ | _|  | |) |
   |_|   |___| |___/   |_|     |_|   /_/ \_\ |___/ |___/ |___| |___/ 

Verify one author of the post
----------------------------------------------------------------------
]]></system-out>
    <system-err><![CDATA[SLF4J: Class path contains multiple SLF4J bindings.
SLF4J: Found binding in [jar:file:/C:/Users/DheyClaveria/.m2/repository/ch/qos/logback/logback-classic/1.1.3/logback-classic-1.1.3.jar!/org/slf4j/impl/StaticLoggerBinder.class]
SLF4J: Found binding in [jar:file:/C:/Users/DheyClaveria/.m2/repository/org/slf4j/slf4j-reload4j/1.7.36/slf4j-reload4j-1.7.36.jar!/org/slf4j/impl/StaticLoggerBinder.class]
SLF4J: See http://www.slf4j.org/codes.html#multiple_bindings for an explanation.
SLF4J: Actual binding is of type [ch.qos.logback.classic.util.ContextSelectorStaticBinder]
log4j:WARN No such property [locationInfo] in org.apache.log4j.PatternLayout.
Starting ChromeDriver 99.0.4844.51 (d537ec02474b5afe23684e7963d538896c63ac77-refs/branch-heads/4844@{#875}) on port 57975
Only local connections are allowed.
Please see https://chromedriver.chromium.org/security-considerations for suggestions on keeping ChromeDriver safe.
ChromeDriver was started successfully.
Mar 30, 2022 9:04:53 AM org.openqa.selenium.remote.ProtocolHandshake createSession
INFO: Detected dialect: W3C
Mar 30, 2022 9:04:53 AM org.openqa.selenium.devtools.CdpVersionFinder findNearestMatch
WARNING: Unable to find an exact match for CDP version 99, so returning the closest version found: 96
Mar 30, 2022 9:04:53 AM org.openqa.selenium.devtools.CdpVersionFinder findNearestMatch
INFO: Found CDP implementation for version 99 of 96
]]></system-err>
  </testcase>
  <testcase name="Verify one existing user credentials" classname="Verify different GET operations using REST-assured" time="2.178">
    <system-out><![CDATA[
@All @Performance @testing2
Scenario: Verify one existing user credentials                                  &amp#27;[90m# src/main/resources/AppFeatures/GetPost.feature:10&amp#27;[0m
09:04:56.600 [main] INFO  i.c.core.plugin.SerenityReporter - Running feature from file:///Z:/Automation/JavaCucumber/BDD_HCL/CucumberHCL/src/main/resources/AppFeatures/GetPost.feature
09:04:56.600 [main] WARN  i.c.core.plugin.SerenityReporter - Feature from file:///Z:/Automation/JavaCucumber/BDD_HCL/CucumberHCL/src/main/resources/AppFeatures/GetPost.feature is not under the 'features' directory. Requirements report will not be correctly generated!
09:04:56.602 [main] INFO   - 
  _____   ___   ___   _____     ___   _____     _     ___   _____   ___   ___  
 |_   _| | __| / __| |_   _|   / __| |_   _|   /_\   | _ \ |_   _| | __| |   \ 
   | |   | _|  \__ \   | |     \__ \   | |    / _ \  |   /   | |   | _|  | |) |
   |_|   |___| |___/   |_|     |___/   |_|   /_/ \_\ |_|_\   |_|   |___| |___/ 

Verify one existing user credentials(verify-different-get-operations-using-rest-assured;verify-one-existing-user-credentials)
--------------------------------------------------------------------------------
DEBUG [main] (DriversFactory.java:28) - Initialize Driver Browser Configuration
DEBUG [main] (DriversFactory.java:28)- Initialize Driver Browser Configuration
DEBUG [main] (DriversFactory.java:30) -  Driver Browser : chrome
DEBUG [main] (DriversFactory.java:30)-  Driver Browser : chrome
09:04:56.619 [main] DEBUG i.g.bonigarcia.wdm.WebDriverManager - Driver chromedriver 99.0.4844.51 found in cache
09:04:56.620 [main] INFO  i.g.bonigarcia.wdm.WebDriverManager - Exporting webdriver.chrome.driver as C:\Users\DheyClaveria\.cache\selenium\chromedriver\win32\99.0.4844.51\chromedriver.exe
09:04:56.771 [AsyncHttpClient-1-1] DEBUG o.a.netty.channel.DefaultChannelPool - Entry count for : http://localhost:54199 : 1
09:04:56.771 [AsyncHttpClient-1-1] DEBUG o.a.netty.channel.DefaultChannelPool - Entry count for : http://localhost:57975 : 1
09:04:56.771 [AsyncHttpClient-1-1] DEBUG o.a.netty.channel.DefaultChannelPool - Adding Candidate expired Channel [id: 0xb93aa14e, L:/127.0.0.1:54205 ! R:localhost/127.0.0.1:54199] isIdleTimeoutExpired=false isRemotelyClosed=true isTtlExpired=false
09:04:56.771 [AsyncHttpClient-1-1] DEBUG o.a.netty.channel.DefaultChannelPool - Closing Idle Channel [id: 0xb93aa14e, L:/127.0.0.1:54205 ! R:localhost/127.0.0.1:54199]
09:04:56.772 [AsyncHttpClient-1-1] DEBUG o.a.netty.channel.DefaultChannelPool - Adding Candidate expired Channel [id: 0x378f841d, L:/127.0.0.1:54198 ! R:localhost/127.0.0.1:57975] isIdleTimeoutExpired=false isRemotelyClosed=true isTtlExpired=false
09:04:56.772 [AsyncHttpClient-1-1] DEBUG o.a.netty.channel.DefaultChannelPool - Closing Idle Channel [id: 0x378f841d, L:/127.0.0.1:54198 ! R:localhost/127.0.0.1:57975]
09:04:56.772 [AsyncHttpClient-1-1] DEBUG o.a.netty.channel.DefaultChannelPool - Closed 2 connections out of 2 in 1 ms
09:04:57.162 [AsyncHttpClient-1-5] DEBUG o.a.n.channel.NettyConnectListener - Using new Channel '[id: 0x4d5d948a, L:/127.0.0.1:54215 - R:localhost/127.0.0.1:54199]' for 'POST' to '/session'
09:04:57.854 [AsyncHttpClient-1-5] DEBUG o.a.netty.handler.HttpHandler - 

Request DefaultHttpRequest(decodeResult: success, version: HTTP/1.1)
POST /session HTTP/1.1
User-Agent: selenium/4.1.2 (java windows)
Content-Length: 365
Content-Type: application/json; charset=utf-8
host: localhost:54199
accept: */*

Response DefaultHttpResponse(decodeResult: success, version: HTTP/1.1)
HTTP/1.1 200 OK
Content-Type: application/json; charset=utf-8
cache-control: no-cache
content-length: 795

09:04:57.855 [AsyncHttpClient-1-5] DEBUG o.a.netty.channel.ChannelManager - Adding key: http://localhost:54199 for channel [id: 0x4d5d948a, L:/127.0.0.1:54215 - R:localhost/127.0.0.1:54199]
09:04:57.862 [AsyncHttpClient-1-6] DEBUG o.a.n.channel.NettyConnectListener - Using new Channel '[id: 0x32a7360b, L:/127.0.0.1:54222 - R:localhost/127.0.0.1:54216]' for 'GET' to '/json/version'
09:04:57.866 [AsyncHttpClient-1-6] DEBUG o.a.netty.handler.HttpHandler - 

Request DefaultFullHttpRequest(decodeResult: success, version: HTTP/1.1, content: EmptyByteBufBE)
GET /json/version HTTP/1.1
User-Agent: selenium/4.1.2 (java windows)
host: localhost:54216
accept: */*

Response DefaultHttpResponse(decodeResult: success, version: HTTP/1.1)
HTTP/1.1 200 OK
Content-Type: application/json; charset=UTF-8
content-length: 424

09:04:57.866 [AsyncHttpClient-1-6] DEBUG o.a.netty.channel.ChannelManager - Adding key: http://localhost:54216 for channel [id: 0x32a7360b, L:/127.0.0.1:54222 - R:localhost/127.0.0.1:54216]
09:04:57.869 [AsyncHttpClient-1-7] DEBUG o.a.n.channel.NettyConnectListener - Using new Channel '[id: 0x9b9daab1, L:/127.0.0.1:54223 - R:localhost/127.0.0.1:54216]' for 'GET' to '/devtools/browser/56987fc7-bb3a-45eb-bb55-b6ff3ada942b'
09:04:57.871 [AsyncHttpClient-1-1] DEBUG o.a.netty.channel.DefaultChannelPool - Entry count for : http://localhost:54199 : 1
09:04:57.871 [AsyncHttpClient-1-1] DEBUG o.a.netty.channel.DefaultChannelPool - Entry count for : http://localhost:54216 : 1
09:04:57.874 [AsyncHttpClient-1-7] DEBUG o.a.netty.handler.WebSocketHandler - 

Request DefaultFullHttpRequest(decodeResult: success, version: HTTP/1.1, content: EmptyByteBufBE)
GET /devtools/browser/56987fc7-bb3a-45eb-bb55-b6ff3ada942b HTTP/1.1
upgrade: websocket
connection: upgrade
sec-websocket-key: WGH0y9mnKIH+Hew8Ae/SCQ==
sec-websocket-version: 13
origin: http://localhost:54216
host: localhost:54216
accept: */*
user-agent: AHC/2.1

Response DefaultHttpResponse(decodeResult: success, version: HTTP/1.1)
HTTP/1.1 101 WebSocket Protocol Handshake
Upgrade: WebSocket
Connection: Upgrade
Sec-WebSocket-Accept: mUa1rm/dCBZqxMuN6CWKxPxwVPU=

09:04:57.879 [Forwarding deleteAllCookies on session 08531757eb2869963e71bab3b2f3af1b to remote] DEBUG o.a.netty.request.NettyRequestSender - Using pooled Channel '[id: 0x4d5d948a, L:/127.0.0.1:54215 - R:localhost/127.0.0.1:54199]' for 'DELETE' to 'http://localhost:54199/session/08531757eb2869963e71bab3b2f3af1b/cookie'
09:04:57.879 [Forwarding deleteAllCookies on session 08531757eb2869963e71bab3b2f3af1b to remote] DEBUG o.a.netty.request.NettyRequestSender - Using open Channel [id: 0x4d5d948a, L:/127.0.0.1:54215 - R:localhost/127.0.0.1:54199] for DELETE '/session/08531757eb2869963e71bab3b2f3af1b/cookie'
09:04:57.884 [AsyncHttpClient-1-5] DEBUG o.a.netty.handler.HttpHandler - 

Request DefaultFullHttpRequest(decodeResult: success, version: HTTP/1.1, content: EmptyByteBufBE)
DELETE /session/08531757eb2869963e71bab3b2f3af1b/cookie HTTP/1.1
User-Agent: selenium/4.1.2 (java windows)
Content-Type: application/json; charset=utf-8
host: localhost:54199
accept: */*

Response DefaultHttpResponse(decodeResult: success, version: HTTP/1.1)
HTTP/1.1 200 OK
Content-Type: application/json; charset=utf-8
cache-control: no-cache
content-length: 14

09:04:57.884 [AsyncHttpClient-1-5] DEBUG o.a.netty.channel.ChannelManager - Adding key: http://localhost:54199 for channel [id: 0x4d5d948a, L:/127.0.0.1:54215 - R:localhost/127.0.0.1:54199]
09:04:57.886 [Forwarding maximizeCurrentWindow on session 08531757eb2869963e71bab3b2f3af1b to remote] DEBUG o.a.netty.request.NettyRequestSender - Using pooled Channel '[id: 0x4d5d948a, L:/127.0.0.1:54215 - R:localhost/127.0.0.1:54199]' for 'POST' to 'http://localhost:54199/session/08531757eb2869963e71bab3b2f3af1b/window/maximize'
09:04:57.886 [Forwarding maximizeCurrentWindow on session 08531757eb2869963e71bab3b2f3af1b to remote] DEBUG o.a.netty.request.NettyRequestSender - Using open Channel [id: 0x4d5d948a, L:/127.0.0.1:54215 - R:localhost/127.0.0.1:54199] for POST '/session/08531757eb2869963e71bab3b2f3af1b/window/maximize'
09:04:58.000 [AsyncHttpClient-1-5] DEBUG o.a.netty.handler.HttpHandler - 

Request DefaultHttpRequest(decodeResult: success, version: HTTP/1.1)
POST /session/08531757eb2869963e71bab3b2f3af1b/window/maximize HTTP/1.1
User-Agent: selenium/4.1.2 (java windows)
Content-Length: 3
Content-Type: application/json; charset=utf-8
host: localhost:54199
accept: */*

Response DefaultHttpResponse(decodeResult: success, version: HTTP/1.1)
HTTP/1.1 200 OK
Content-Type: application/json; charset=utf-8
cache-control: no-cache
content-length: 52

09:04:58.000 [AsyncHttpClient-1-5] DEBUG o.a.netty.channel.ChannelManager - Adding key: http://localhost:54199 for channel [id: 0x4d5d948a, L:/127.0.0.1:54215 - R:localhost/127.0.0.1:54199]
DEBUG [main] (GetPostSteps.java:28) - i_perform_get_operation_for/usercredentials
DEBUG [main] (GetPostSteps.java:28)- i_perform_get_operation_for/usercredentials
DEBUG [main] (RestAssuredExtension.java:64) - GetOps : /usercredentials
DEBUG [main] (RestAssuredExtension.java:64)- GetOps : /usercredentials
DEBUG [main] (BasicClientConnectionManager.java:161) - Get connection for route {}->http://localhost:3000
DEBUG [main] (BasicClientConnectionManager.java:161)- Get connection for route {}->http://localhost:3000
DEBUG [main] (DefaultClientConnectionOperator.java:177) - Connecting to localhost:3000
DEBUG [main] (DefaultClientConnectionOperator.java:177)- Connecting to localhost:3000
DEBUG [main] (RequestAddCookies.java:123) - CookieSpec selected: ignoreCookies
DEBUG [main] (RequestAddCookies.java:123)- CookieSpec selected: ignoreCookies
DEBUG [main] (RequestAuthCache.java:77) - Auth cache not set in the context
DEBUG [main] (RequestAuthCache.java:77)- Auth cache not set in the context
DEBUG [main] (RequestTargetAuthentication.java:80) - Target auth state: UNCHALLENGED
DEBUG [main] (RequestTargetAuthentication.java:80)- Target auth state: UNCHALLENGED
DEBUG [main] (RequestProxyAuthentication.java:89) - Proxy auth state: UNCHALLENGED
DEBUG [main] (RequestProxyAuthentication.java:89)- Proxy auth state: UNCHALLENGED
DEBUG [main] (DefaultRequestDirector.java:677) - Attempt 1 to execute request
DEBUG [main] (DefaultRequestDirector.java:677)- Attempt 1 to execute request
DEBUG [main] (DefaultClientConnection.java:274) - Sending request: GET /usercredentials HTTP/1.1
DEBUG [main] (DefaultClientConnection.java:274)- Sending request: GET /usercredentials HTTP/1.1
DEBUG [main] (Wire.java:73) -  >> "GET /usercredentials HTTP/1.1[\r][\n]"
DEBUG [main] (Wire.java:73)-  >> "GET /usercredentials HTTP/1.1[\r][\n]"
DEBUG [main] (Wire.java:73) -  >> "Content-Type: application/json[\r][\n]"
DEBUG [main] (Wire.java:73)-  >> "Content-Type: application/json[\r][\n]"
DEBUG [main] (Wire.java:73) -  >> "Accept: */*[\r][\n]"
DEBUG [main] (Wire.java:73)-  >> "Accept: */*[\r][\n]"
DEBUG [main] (Wire.java:73) -  >> "Host: localhost:3000[\r][\n]"
DEBUG [main] (Wire.java:73)-  >> "Host: localhost:3000[\r][\n]"
DEBUG [main] (Wire.java:73) -  >> "Connection: Keep-Alive[\r][\n]"
DEBUG [main] (Wire.java:73)-  >> "Connection: Keep-Alive[\r][\n]"
DEBUG [main] (Wire.java:73) -  >> "User-Agent: Apache-HttpClient/4.5.13 (Java/15.0.1)[\r][\n]"
DEBUG [main] (Wire.java:73)-  >> "User-Agent: Apache-HttpClient/4.5.13 (Java/15.0.1)[\r][\n]"
DEBUG [main] (Wire.java:73) -  >> "Accept-Encoding: gzip,deflate[\r][\n]"
DEBUG [main] (Wire.java:73)-  >> "Accept-Encoding: gzip,deflate[\r][\n]"
DEBUG [main] (Wire.java:73) -  >> "[\r][\n]"
DEBUG [main] (Wire.java:73)-  >> "[\r][\n]"
DEBUG [main] (DefaultClientConnection.java:278) - >> GET /usercredentials HTTP/1.1
DEBUG [main] (DefaultClientConnection.java:278)- >> GET /usercredentials HTTP/1.1
DEBUG [main] (DefaultClientConnection.java:281) - >> Content-Type: application/json
DEBUG [main] (DefaultClientConnection.java:281)- >> Content-Type: application/json
DEBUG [main] (DefaultClientConnection.java:281) - >> Accept: */*
DEBUG [main] (DefaultClientConnection.java:281)- >> Accept: */*
DEBUG [main] (DefaultClientConnection.java:281) - >> Host: localhost:3000
DEBUG [main] (DefaultClientConnection.java:281)- >> Host: localhost:3000
DEBUG [main] (DefaultClientConnection.java:281) - >> Connection: Keep-Alive
DEBUG [main] (DefaultClientConnection.java:281)- >> Connection: Keep-Alive
DEBUG [main] (DefaultClientConnection.java:281) - >> User-Agent: Apache-HttpClient/4.5.13 (Java/15.0.1)
DEBUG [main] (DefaultClientConnection.java:281)- >> User-Agent: Apache-HttpClient/4.5.13 (Java/15.0.1)
DEBUG [main] (DefaultClientConnection.java:281) - >> Accept-Encoding: gzip,deflate
DEBUG [main] (DefaultClientConnection.java:281)- >> Accept-Encoding: gzip,deflate
DEBUG [main] (Wire.java:73) -  << "HTTP/1.1 200 OK[\r][\n]"
DEBUG [main] (Wire.java:73)-  << "HTTP/1.1 200 OK[\r][\n]"
DEBUG [main] (Wire.java:73) -  << "X-Powered-By: Express[\r][\n]"
DEBUG [main] (Wire.java:73)-  << "X-Powered-By: Express[\r][\n]"
DEBUG [main] (Wire.java:73) -  << "Vary: Origin, Accept-Encoding[\r][\n]"
DEBUG [main] (Wire.java:73)-  << "Vary: Origin, Accept-Encoding[\r][\n]"
DEBUG [main] (Wire.java:73) -  << "Access-Control-Allow-Credentials: true[\r][\n]"
DEBUG [main] (Wire.java:73)-  << "Access-Control-Allow-Credentials: true[\r][\n]"
DEBUG [main] (Wire.java:73) -  << "Cache-Control: no-cache[\r][\n]"
DEBUG [main] (Wire.java:73)-  << "Cache-Control: no-cache[\r][\n]"
DEBUG [main] (Wire.java:73) -  << "Pragma: no-cache[\r][\n]"
DEBUG [main] (Wire.java:73)-  << "Pragma: no-cache[\r][\n]"
DEBUG [main] (Wire.java:73) -  << "Expires: -1[\r][\n]"
DEBUG [main] (Wire.java:73)-  << "Expires: -1[\r][\n]"
DEBUG [main] (Wire.java:73) -  << "X-Content-Type-Options: nosniff[\r][\n]"
DEBUG [main] (Wire.java:73)-  << "X-Content-Type-Options: nosniff[\r][\n]"
DEBUG [main] (Wire.java:73) -  << "Content-Type: application/json; charset=utf-8[\r][\n]"
DEBUG [main] (Wire.java:73)-  << "Content-Type: application/json; charset=utf-8[\r][\n]"
DEBUG [main] (Wire.java:73) -  << "Content-Length: 253[\r][\n]"
DEBUG [main] (Wire.java:73)-  << "Content-Length: 253[\r][\n]"
DEBUG [main] (Wire.java:73) -  << "ETag: W/"fd-iiB0ZAciyb3OPGBaq5k+arf8P1Y"[\r][\n]"
DEBUG [main] (Wire.java:73)-  << "ETag: W/"fd-iiB0ZAciyb3OPGBaq5k+arf8P1Y"[\r][\n]"
DEBUG [main] (Wire.java:73) -  << "Date: Wed, 30 Mar 2022 01:04:58 GMT[\r][\n]"
DEBUG [main] (Wire.java:73)-  << "Date: Wed, 30 Mar 2022 01:04:58 GMT[\r][\n]"
DEBUG [main] (Wire.java:73) -  << "Connection: keep-alive[\r][\n]"
DEBUG [main] (Wire.java:73)-  << "Connection: keep-alive[\r][\n]"
DEBUG [main] (Wire.java:73) -  << "[\r][\n]"
DEBUG [main] (Wire.java:73)-  << "[\r][\n]"
DEBUG [main] (DefaultClientConnection.java:259) - Receiving response: HTTP/1.1 200 OK
DEBUG [main] (DefaultClientConnection.java:259)- Receiving response: HTTP/1.1 200 OK
DEBUG [main] (DefaultClientConnection.java:262) - << HTTP/1.1 200 OK
DEBUG [main] (DefaultClientConnection.java:262)- << HTTP/1.1 200 OK
DEBUG [main] (DefaultClientConnection.java:265) - << X-Powered-By: Express
DEBUG [main] (DefaultClientConnection.java:265)- << X-Powered-By: Express
DEBUG [main] (DefaultClientConnection.java:265) - << Vary: Origin, Accept-Encoding
DEBUG [main] (DefaultClientConnection.java:265)- << Vary: Origin, Accept-Encoding
DEBUG [main] (DefaultClientConnection.java:265) - << Access-Control-Allow-Credentials: true
DEBUG [main] (DefaultClientConnection.java:265)- << Access-Control-Allow-Credentials: true
DEBUG [main] (DefaultClientConnection.java:265) - << Cache-Control: no-cache
DEBUG [main] (DefaultClientConnection.java:265)- << Cache-Control: no-cache
DEBUG [main] (DefaultClientConnection.java:265) - << Pragma: no-cache
DEBUG [main] (DefaultClientConnection.java:265)- << Pragma: no-cache
DEBUG [main] (DefaultClientConnection.java:265) - << Expires: -1
DEBUG [main] (DefaultClientConnection.java:265)- << Expires: -1
DEBUG [main] (DefaultClientConnection.java:265) - << X-Content-Type-Options: nosniff
DEBUG [main] (DefaultClientConnection.java:265)- << X-Content-Type-Options: nosniff
DEBUG [main] (DefaultClientConnection.java:265) - << Content-Type: application/json; charset=utf-8
DEBUG [main] (DefaultClientConnection.java:265)- << Content-Type: application/json; charset=utf-8
DEBUG [main] (DefaultClientConnection.java:265) - << Content-Length: 253
DEBUG [main] (DefaultClientConnection.java:265)- << Content-Length: 253
DEBUG [main] (DefaultClientConnection.java:265) - << ETag: W/"fd-iiB0ZAciyb3OPGBaq5k+arf8P1Y"
DEBUG [main] (DefaultClientConnection.java:265)- << ETag: W/"fd-iiB0ZAciyb3OPGBaq5k+arf8P1Y"
DEBUG [main] (DefaultClientConnection.java:265) - << Date: Wed, 30 Mar 2022 01:04:58 GMT
DEBUG [main] (DefaultClientConnection.java:265)- << Date: Wed, 30 Mar 2022 01:04:58 GMT
DEBUG [main] (DefaultClientConnection.java:265) - << Connection: keep-alive
DEBUG [main] (DefaultClientConnection.java:265)- << Connection: keep-alive
DEBUG [main] (DefaultRequestDirector.java:504) - Connection can be kept alive indefinitely
DEBUG [main] (DefaultRequestDirector.java:504)- Connection can be kept alive indefinitely
DEBUG [main] (HTTPBuilder.java:547) - Parsing response as: application/json; charset=utf-8
DEBUG [main] (HTTPBuilder.java:547)- Parsing response as: application/json; charset=utf-8
DEBUG [main] (HTTPBuilder.java:550) - Parsed data to instance of: class org.apache.http.conn.EofSensorInputStream
DEBUG [main] (HTTPBuilder.java:550)- Parsed data to instance of: class org.apache.http.conn.EofSensorInputStream
  &amp#27;[32mGiven &amp#27;[0m&amp#27;[32mI perform GET operation for "&amp#27;[0m&amp#27;[32m&amp#27;[1m/usercredentials&amp#27;[0m&amp#27;[32m"&amp#27;[0m                          &amp#27;[90m# stepdefinitions.GetPostSteps.i_perform_get_operation_for(java.lang.String)&amp#27;[0m
DEBUG [main] (GetPostSteps.java:49) - i_perform_get_for_the_id_number : 2
DEBUG [main] (GetPostSteps.java:49)- i_perform_get_for_the_id_number : 2
DEBUG [main] (RestAssuredExtension.java:36) - GETOpsWithPathParams : {id=2}
DEBUG [main] (RestAssuredExtension.java:36)- GETOpsWithPathParams : {id=2}
DEBUG [main] (BasicClientConnectionManager.java:161) - Get connection for route {}->http://localhost:3000
DEBUG [main] (BasicClientConnectionManager.java:161)- Get connection for route {}->http://localhost:3000
DEBUG [main] (DefaultClientConnectionOperator.java:177) - Connecting to localhost:3000
DEBUG [main] (DefaultClientConnectionOperator.java:177)- Connecting to localhost:3000
DEBUG [main] (RequestAddCookies.java:123) - CookieSpec selected: ignoreCookies
DEBUG [main] (RequestAddCookies.java:123)- CookieSpec selected: ignoreCookies
DEBUG [main] (RequestAuthCache.java:77) - Auth cache not set in the context
DEBUG [main] (RequestAuthCache.java:77)- Auth cache not set in the context
DEBUG [main] (RequestTargetAuthentication.java:80) - Target auth state: UNCHALLENGED
DEBUG [main] (RequestTargetAuthentication.java:80)- Target auth state: UNCHALLENGED
DEBUG [main] (RequestProxyAuthentication.java:89) - Proxy auth state: UNCHALLENGED
DEBUG [main] (RequestProxyAuthentication.java:89)- Proxy auth state: UNCHALLENGED
DEBUG [main] (DefaultRequestDirector.java:677) - Attempt 1 to execute request
DEBUG [main] (DefaultRequestDirector.java:677)- Attempt 1 to execute request
DEBUG [main] (DefaultClientConnection.java:274) - Sending request: GET /usercredentials?id=2 HTTP/1.1
DEBUG [main] (DefaultClientConnection.java:274)- Sending request: GET /usercredentials?id=2 HTTP/1.1
DEBUG [main] (Wire.java:73) -  >> "GET /usercredentials?id=2 HTTP/1.1[\r][\n]"
DEBUG [main] (Wire.java:73)-  >> "GET /usercredentials?id=2 HTTP/1.1[\r][\n]"
DEBUG [main] (Wire.java:73) -  >> "Content-Type: application/json[\r][\n]"
DEBUG [main] (Wire.java:73)-  >> "Content-Type: application/json[\r][\n]"
DEBUG [main] (Wire.java:73) -  >> "Accept: */*[\r][\n]"
DEBUG [main] (Wire.java:73)-  >> "Accept: */*[\r][\n]"
DEBUG [main] (Wire.java:73) -  >> "Host: localhost:3000[\r][\n]"
DEBUG [main] (Wire.java:73)-  >> "Host: localhost:3000[\r][\n]"
DEBUG [main] (Wire.java:73) -  >> "Connection: Keep-Alive[\r][\n]"
DEBUG [main] (Wire.java:73)-  >> "Connection: Keep-Alive[\r][\n]"
DEBUG [main] (Wire.java:73) -  >> "User-Agent: Apache-HttpClient/4.5.13 (Java/15.0.1)[\r][\n]"
DEBUG [main] (Wire.java:73)-  >> "User-Agent: Apache-HttpClient/4.5.13 (Java/15.0.1)[\r][\n]"
DEBUG [main] (Wire.java:73) -  >> "Accept-Encoding: gzip,deflate[\r][\n]"
DEBUG [main] (Wire.java:73)-  >> "Accept-Encoding: gzip,deflate[\r][\n]"
DEBUG [main] (Wire.java:73) -  >> "[\r][\n]"
DEBUG [main] (Wire.java:73)-  >> "[\r][\n]"
DEBUG [main] (DefaultClientConnection.java:278) - >> GET /usercredentials?id=2 HTTP/1.1
DEBUG [main] (DefaultClientConnection.java:278)- >> GET /usercredentials?id=2 HTTP/1.1
DEBUG [main] (DefaultClientConnection.java:281) - >> Content-Type: application/json
DEBUG [main] (DefaultClientConnection.java:281)- >> Content-Type: application/json
DEBUG [main] (DefaultClientConnection.java:281) - >> Accept: */*
DEBUG [main] (DefaultClientConnection.java:281)- >> Accept: */*
DEBUG [main] (DefaultClientConnection.java:281) - >> Host: localhost:3000
DEBUG [main] (DefaultClientConnection.java:281)- >> Host: localhost:3000
DEBUG [main] (DefaultClientConnection.java:281) - >> Connection: Keep-Alive
DEBUG [main] (DefaultClientConnection.java:281)- >> Connection: Keep-Alive
DEBUG [main] (DefaultClientConnection.java:281) - >> User-Agent: Apache-HttpClient/4.5.13 (Java/15.0.1)
DEBUG [main] (DefaultClientConnection.java:281)- >> User-Agent: Apache-HttpClient/4.5.13 (Java/15.0.1)
DEBUG [main] (DefaultClientConnection.java:281) - >> Accept-Encoding: gzip,deflate
DEBUG [main] (DefaultClientConnection.java:281)- >> Accept-Encoding: gzip,deflate
DEBUG [main] (Wire.java:73) -  << "HTTP/1.1 200 OK[\r][\n]"
DEBUG [main] (Wire.java:73)-  << "HTTP/1.1 200 OK[\r][\n]"
DEBUG [main] (Wire.java:73) -  << "X-Powered-By: Express[\r][\n]"
DEBUG [main] (Wire.java:73)-  << "X-Powered-By: Express[\r][\n]"
DEBUG [main] (Wire.java:73) -  << "Vary: Origin, Accept-Encoding[\r][\n]"
DEBUG [main] (Wire.java:73)-  << "Vary: Origin, Accept-Encoding[\r][\n]"
DEBUG [main] (Wire.java:73) -  << "Access-Control-Allow-Credentials: true[\r][\n]"
DEBUG [main] (Wire.java:73)-  << "Access-Control-Allow-Credentials: true[\r][\n]"
DEBUG [main] (Wire.java:73) -  << "Cache-Control: no-cache[\r][\n]"
DEBUG [main] (Wire.java:73)-  << "Cache-Control: no-cache[\r][\n]"
DEBUG [main] (Wire.java:73) -  << "Pragma: no-cache[\r][\n]"
DEBUG [main] (Wire.java:73)-  << "Pragma: no-cache[\r][\n]"
DEBUG [main] (Wire.java:73) -  << "Expires: -1[\r][\n]"
DEBUG [main] (Wire.java:73)-  << "Expires: -1[\r][\n]"
DEBUG [main] (Wire.java:73) -  << "X-Content-Type-Options: nosniff[\r][\n]"
DEBUG [main] (Wire.java:73)-  << "X-Content-Type-Options: nosniff[\r][\n]"
DEBUG [main] (Wire.java:73) -  << "Content-Type: application/json; charset=utf-8[\r][\n]"
DEBUG [main] (Wire.java:73)-  << "Content-Type: application/json; charset=utf-8[\r][\n]"
DEBUG [main] (Wire.java:73) -  << "Content-Length: 87[\r][\n]"
DEBUG [main] (Wire.java:73)-  << "Content-Length: 87[\r][\n]"
DEBUG [main] (Wire.java:73) -  << "ETag: W/"57-sTJe9S8VDiurXrv1gep7c74J6UI"[\r][\n]"
DEBUG [main] (Wire.java:73)-  << "ETag: W/"57-sTJe9S8VDiurXrv1gep7c74J6UI"[\r][\n]"
DEBUG [main] (Wire.java:73) -  << "Date: Wed, 30 Mar 2022 01:04:58 GMT[\r][\n]"
DEBUG [main] (Wire.java:73)-  << "Date: Wed, 30 Mar 2022 01:04:58 GMT[\r][\n]"
DEBUG [main] (Wire.java:73) -  << "Connection: keep-alive[\r][\n]"
DEBUG [main] (Wire.java:73)-  << "Connection: keep-alive[\r][\n]"
DEBUG [main] (Wire.java:73) -  << "[\r][\n]"
DEBUG [main] (Wire.java:73)-  << "[\r][\n]"
DEBUG [main] (DefaultClientConnection.java:259) - Receiving response: HTTP/1.1 200 OK
DEBUG [main] (DefaultClientConnection.java:259)- Receiving response: HTTP/1.1 200 OK
DEBUG [main] (DefaultClientConnection.java:262) - << HTTP/1.1 200 OK
DEBUG [main] (DefaultClientConnection.java:262)- << HTTP/1.1 200 OK
DEBUG [main] (DefaultClientConnection.java:265) - << X-Powered-By: Express
DEBUG [main] (DefaultClientConnection.java:265)- << X-Powered-By: Express
DEBUG [main] (DefaultClientConnection.java:265) - << Vary: Origin, Accept-Encoding
DEBUG [main] (DefaultClientConnection.java:265)- << Vary: Origin, Accept-Encoding
DEBUG [main] (DefaultClientConnection.java:265) - << Access-Control-Allow-Credentials: true
DEBUG [main] (DefaultClientConnection.java:265)- << Access-Control-Allow-Credentials: true
DEBUG [main] (DefaultClientConnection.java:265) - << Cache-Control: no-cache
DEBUG [main] (DefaultClientConnection.java:265)- << Cache-Control: no-cache
DEBUG [main] (DefaultClientConnection.java:265) - << Pragma: no-cache
DEBUG [main] (DefaultClientConnection.java:265)- << Pragma: no-cache
DEBUG [main] (DefaultClientConnection.java:265) - << Expires: -1
DEBUG [main] (DefaultClientConnection.java:265)- << Expires: -1
DEBUG [main] (DefaultClientConnection.java:265) - << X-Content-Type-Options: nosniff
DEBUG [main] (DefaultClientConnection.java:265)- << X-Content-Type-Options: nosniff
DEBUG [main] (DefaultClientConnection.java:265) - << Content-Type: application/json; charset=utf-8
DEBUG [main] (DefaultClientConnection.java:265)- << Content-Type: application/json; charset=utf-8
DEBUG [main] (DefaultClientConnection.java:265) - << Content-Length: 87
DEBUG [main] (DefaultClientConnection.java:265)- << Content-Length: 87
DEBUG [main] (DefaultClientConnection.java:265) - << ETag: W/"57-sTJe9S8VDiurXrv1gep7c74J6UI"
DEBUG [main] (DefaultClientConnection.java:265)- << ETag: W/"57-sTJe9S8VDiurXrv1gep7c74J6UI"
DEBUG [main] (DefaultClientConnection.java:265) - << Date: Wed, 30 Mar 2022 01:04:58 GMT
DEBUG [main] (DefaultClientConnection.java:265)- << Date: Wed, 30 Mar 2022 01:04:58 GMT
DEBUG [main] (DefaultClientConnection.java:265) - << Connection: keep-alive
DEBUG [main] (DefaultClientConnection.java:265)- << Connection: keep-alive
DEBUG [main] (DefaultRequestDirector.java:504) - Connection can be kept alive indefinitely
DEBUG [main] (DefaultRequestDirector.java:504)- Connection can be kept alive indefinitely
DEBUG [main] (HTTPBuilder.java:547) - Parsing response as: application/json; charset=utf-8
DEBUG [main] (HTTPBuilder.java:547)- Parsing response as: application/json; charset=utf-8
DEBUG [main] (HTTPBuilder.java:550) - Parsed data to instance of: class org.apache.http.conn.EofSensorInputStream
DEBUG [main] (HTTPBuilder.java:550)- Parsed data to instance of: class org.apache.http.conn.EofSensorInputStream
DEBUG [main] (Wire.java:73) -  << "[[\n]"
DEBUG [main] (Wire.java:73)-  << "[[\n]"
DEBUG [main] (Wire.java:73) -  << "  {[\n]"
DEBUG [main] (Wire.java:73)-  << "  {[\n]"
DEBUG [main] (Wire.java:73) -  << "    "id": "2",[\n]"
DEBUG [main] (Wire.java:73)-  << "    "id": "2",[\n]"
DEBUG [main] (Wire.java:73) -  << "    "username": "manager@vrbank",[\n]"
DEBUG [main] (Wire.java:73)-  << "    "username": "manager@vrbank",[\n]"
DEBUG [main] (Wire.java:73) -  << "    "password": "pega123!"[\n]"
DEBUG [main] (Wire.java:73)-  << "    "password": "pega123!"[\n]"
DEBUG [main] (Wire.java:73) -  << "  }[\n]"
DEBUG [main] (Wire.java:73)-  << "  }[\n]"
DEBUG [main] (Wire.java:87) -  << "]"
DEBUG [main] (Wire.java:87)-  << "]"
DEBUG [main] (BasicClientConnectionManager.java:200) - Releasing connection org.apache.http.impl.conn.ManagedClientConnectionImpl@457b8fc3
DEBUG [main] (BasicClientConnectionManager.java:200)- Releasing connection org.apache.http.impl.conn.ManagedClientConnectionImpl@457b8fc3
DEBUG [main] (BasicClientConnectionManager.java:225) - Connection can be kept alive indefinitely
DEBUG [main] (BasicClientConnectionManager.java:225)- Connection can be kept alive indefinitely
DEBUG [main] (GetPostSteps.java:57) - request body : 
[
    {
        "id": "2",
        "username": "manager@vrbank",
        "password": "pega123!"
    }
]
DEBUG [main] (GetPostSteps.java:57)- request body : 
[
    {
        "id": "2",
        "username": "manager@vrbank",
        "password": "pega123!"
    }
]
  &amp#27;[32mWhen &amp#27;[0m&amp#27;[32mI perform GET for the id number &amp#27;[0m&amp#27;[32m&amp#27;[1m2&amp#27;[0m                                        &amp#27;[90m# stepdefinitions.GetPostSteps.i_perform_get_for_the_id_number(java.lang.Integer)&amp#27;[0m
DEBUG [main] (GetPostSteps.java:87) - i_should_see_the_username_is_and_password_is : manager@vrbank : pega123!
DEBUG [main] (GetPostSteps.java:87)- i_should_see_the_username_is_and_password_is : manager@vrbank : pega123!
DEBUG [main] (GetPostSteps.java:101) - io.restassured.internal.RestAssuredResponseImpl@12eaa2cd
DEBUG [main] (GetPostSteps.java:101)- io.restassured.internal.RestAssuredResponseImpl@12eaa2cd
  &amp#27;[32mThen &amp#27;[0m&amp#27;[32mI should see the username is &amp#27;[0m&amp#27;[32m&amp#27;[1m"manager@vrbank"&amp#27;[0m&amp#27;[32m and password is &amp#27;[0m&amp#27;[32m&amp#27;[1m"pega123!"&amp#27;[0m &amp#27;[90m# stepdefinitions.GetPostSteps.i_should_see_the_username_is_and_password_is(java.lang.String,java.lang.String)&amp#27;[0m
09:04:58.158 [AsyncHttpClient-1-7] DEBUG o.a.netty.handler.WebSocketHandler - Channel Closed: [id: 0x9b9daab1, L:/127.0.0.1:54223 ! R:localhost/127.0.0.1:54216] with attribute NettyResponseFuture{currentRetry=5,
	isDone=1,
	isCancelled=0,
	asyncHandler=org.asynchttpclient.ws.WebSocketUpgradeHandler@195fda55,
	nettyRequest=org.asynchttpclient.netty.request.NettyRequest@5c5d471a,
	future=java.util.concurrent.CompletableFuture@725deb2d[Completed normally],
	uri=ws://localhost:54216/devtools/browser/56987fc7-bb3a-45eb-bb55-b6ff3ada942b,
	keepAlive=true,
	redirectCount=0,
	timeoutsHolder=null,
	inAuth=0,
	touch=1648602297874}
09:04:58.158 [AsyncHttpClient-1-7] DEBUG o.a.netty.channel.ChannelManager - Closing Channel [id: 0x9b9daab1, L:/127.0.0.1:54223 ! R:localhost/127.0.0.1:54216] 
09:04:58.158 [Driver Command Executor] DEBUG o.a.netty.request.NettyRequestSender - Using pooled Channel '[id: 0x4d5d948a, L:/127.0.0.1:54215 - R:localhost/127.0.0.1:54199]' for 'DELETE' to 'http://localhost:54199/session/08531757eb2869963e71bab3b2f3af1b'
09:04:58.158 [Driver Command Executor] DEBUG o.a.netty.request.NettyRequestSender - Using open Channel [id: 0x4d5d948a, L:/127.0.0.1:54215 - R:localhost/127.0.0.1:54199] for DELETE '/session/08531757eb2869963e71bab3b2f3af1b'
09:04:58.184 [AsyncHttpClient-1-6] DEBUG o.a.netty.handler.HttpHandler - Unexpected I/O exception on channel [id: 0x32a7360b, L:/127.0.0.1:54222 - R:localhost/127.0.0.1:54216]
java.net.SocketException: Connection reset
	at java.base/sun.nio.ch.SocketChannelImpl.throwConnectionReset(SocketChannelImpl.java:367) ~[na:na]
	at java.base/sun.nio.ch.SocketChannelImpl.read(SocketChannelImpl.java:398) ~[na:na]
	at io.netty.buffer.PooledByteBuf.setBytes(PooledByteBuf.java:253) ~[netty-buffer-4.1.70.Final.jar:4.1.70.Final]
	at io.netty.buffer.AbstractByteBuf.writeBytes(AbstractByteBuf.java:1132) ~[netty-buffer-4.1.70.Final.jar:4.1.70.Final]
	at io.netty.channel.socket.nio.NioSocketChannel.doReadBytes(NioSocketChannel.java:350) ~[netty-transport-4.1.70.Final.jar:4.1.70.Final]
	at io.netty.channel.nio.AbstractNioByteChannel$NioByteUnsafe.read(AbstractNioByteChannel.java:151) ~[netty-transport-4.1.70.Final.jar:4.1.70.Final]
	at io.netty.channel.nio.NioEventLoop.processSelectedKey(NioEventLoop.java:719) ~[netty-transport-4.1.70.Final.jar:4.1.70.Final]
	at io.netty.channel.nio.NioEventLoop.processSelectedKeysOptimized(NioEventLoop.java:655) ~[netty-transport-4.1.70.Final.jar:4.1.70.Final]
	at io.netty.channel.nio.NioEventLoop.processSelectedKeys(NioEventLoop.java:581) ~[netty-transport-4.1.70.Final.jar:4.1.70.Final]
	at io.netty.channel.nio.NioEventLoop.run(NioEventLoop.java:493) ~[netty-transport-4.1.70.Final.jar:4.1.70.Final]
	at io.netty.util.concurrent.SingleThreadEventExecutor$4.run(SingleThreadEventExecutor.java:986) ~[netty-common-4.1.70.Final.jar:4.1.70.Final]
	at io.netty.util.internal.ThreadExecutorMap$2.run(ThreadExecutorMap.java:74) ~[netty-common-4.1.70.Final.jar:4.1.70.Final]
	at io.netty.util.concurrent.FastThreadLocalRunnable.run(FastThreadLocalRunnable.java:30) ~[netty-common-4.1.70.Final.jar:4.1.70.Final]
	at java.base/java.lang.Thread.run(Thread.java:832) ~[na:na]
09:04:58.184 [AsyncHttpClient-1-6] DEBUG o.a.netty.channel.ChannelManager - Closing Channel [id: 0x32a7360b, L:/127.0.0.1:54222 - R:localhost/127.0.0.1:54216] 
09:04:58.184 [AsyncHttpClient-1-6] DEBUG o.a.netty.handler.HttpHandler - Channel Closed: [id: 0x32a7360b, L:/127.0.0.1:54222 ! R:localhost/127.0.0.1:54216] with attribute DISCARD
09:04:58.196 [AsyncHttpClient-1-5] DEBUG o.a.netty.handler.HttpHandler - 

Request DefaultFullHttpRequest(decodeResult: success, version: HTTP/1.1, content: EmptyByteBufBE)
DELETE /session/08531757eb2869963e71bab3b2f3af1b HTTP/1.1
User-Agent: selenium/4.1.2 (java windows)
Content-Type: application/json; charset=utf-8
host: localhost:54199
accept: */*

Response DefaultHttpResponse(decodeResult: success, version: HTTP/1.1)
HTTP/1.1 200 OK
Content-Type: application/json; charset=utf-8
cache-control: no-cache
content-length: 14

09:04:58.196 [AsyncHttpClient-1-5] DEBUG o.a.netty.channel.ChannelManager - Adding key: http://localhost:54199 for channel [id: 0x4d5d948a, L:/127.0.0.1:54215 - R:localhost/127.0.0.1:54199]
09:04:58.240 [AsyncHttpClient-1-5] DEBUG o.a.netty.handler.HttpHandler - Channel Closed: [id: 0x4d5d948a, L:/127.0.0.1:54215 ! R:localhost/127.0.0.1:54199] with attribute DISCARD
09:04:58.767 [main] INFO   - 
  _____   ___   ___   _____     ___     _     ___   ___   ___   ___  
 |_   _| | __| / __| |_   _|   | _ \   /_\   / __| / __| | __| |   \ 
   | |   | _|  \__ \   | |     |  _/  / _ \  \__ \ \__ \ | _|  | |) |
   |_|   |___| |___/   |_|     |_|   /_/ \_\ |___/ |___/ |___| |___/ 

Verify one existing user credentials
----------------------------------------------------------------------
]]></system-out>
    <system-err><![CDATA[Starting ChromeDriver 99.0.4844.51 (d537ec02474b5afe23684e7963d538896c63ac77-refs/branch-heads/4844@{#875}) on port 54199
Only local connections are allowed.
Please see https://chromedriver.chromium.org/security-considerations for suggestions on keeping ChromeDriver safe.
ChromeDriver was started successfully.
Mar 30, 2022 9:04:57 AM org.openqa.selenium.remote.ProtocolHandshake createSession
INFO: Detected dialect: W3C
Mar 30, 2022 9:04:57 AM org.openqa.selenium.devtools.CdpVersionFinder findNearestMatch
WARNING: Unable to find an exact match for CDP version 99, so returning the closest version found: 96
Mar 30, 2022 9:04:57 AM org.openqa.selenium.devtools.CdpVersionFinder findNearestMatch
INFO: Found CDP implementation for version 99 of 96
]]></system-err>
  </testcase>
  <testcase name="Verify one existing comments" classname="Verify different GET operations using REST-assured" time="2.086">
    <system-out><![CDATA[
@All @Performance @testing3
Scenario: Verify one existing comments                          &amp#27;[90m# src/main/resources/AppFeatures/GetPost.feature:16&amp#27;[0m
09:04:58.775 [main] INFO  i.c.core.plugin.SerenityReporter - Running feature from file:///Z:/Automation/JavaCucumber/BDD_HCL/CucumberHCL/src/main/resources/AppFeatures/GetPost.feature
09:04:58.775 [main] WARN  i.c.core.plugin.SerenityReporter - Feature from file:///Z:/Automation/JavaCucumber/BDD_HCL/CucumberHCL/src/main/resources/AppFeatures/GetPost.feature is not under the 'features' directory. Requirements report will not be correctly generated!
09:04:58.777 [main] INFO   - 
  _____   ___   ___   _____     ___   _____     _     ___   _____   ___   ___  
 |_   _| | __| / __| |_   _|   / __| |_   _|   /_\   | _ \ |_   _| | __| |   \ 
   | |   | _|  \__ \   | |     \__ \   | |    / _ \  |   /   | |   | _|  | |) |
   |_|   |___| |___/   |_|     |___/   |_|   /_/ \_\ |_|_\   |_|   |___| |___/ 

Verify one existing comments(verify-different-get-operations-using-rest-assured;verify-one-existing-comments)
--------------------------------------------------------------------------------
DEBUG [main] (DriversFactory.java:28) - Initialize Driver Browser Configuration
DEBUG [main] (DriversFactory.java:28)- Initialize Driver Browser Configuration
DEBUG [main] (DriversFactory.java:30) -  Driver Browser : chrome
DEBUG [main] (DriversFactory.java:30)-  Driver Browser : chrome
09:04:58.790 [main] DEBUG i.g.bonigarcia.wdm.WebDriverManager - Driver chromedriver 99.0.4844.51 found in cache
09:04:58.790 [main] INFO  i.g.bonigarcia.wdm.WebDriverManager - Exporting webdriver.chrome.driver as C:\Users\DheyClaveria\.cache\selenium\chromedriver\win32\99.0.4844.51\chromedriver.exe
09:04:58.972 [AsyncHttpClient-1-1] DEBUG o.a.netty.channel.DefaultChannelPool - Entry count for : http://localhost:54199 : 1
09:04:58.972 [AsyncHttpClient-1-1] DEBUG o.a.netty.channel.DefaultChannelPool - Entry count for : http://localhost:54216 : 1
09:04:58.972 [AsyncHttpClient-1-1] DEBUG o.a.netty.channel.DefaultChannelPool - Adding Candidate expired Channel [id: 0x4d5d948a, L:/127.0.0.1:54215 ! R:localhost/127.0.0.1:54199] isIdleTimeoutExpired=false isRemotelyClosed=true isTtlExpired=false
09:04:58.972 [AsyncHttpClient-1-1] DEBUG o.a.netty.channel.DefaultChannelPool - Closing Idle Channel [id: 0x4d5d948a, L:/127.0.0.1:54215 ! R:localhost/127.0.0.1:54199]
09:04:58.972 [AsyncHttpClient-1-1] DEBUG o.a.netty.channel.DefaultChannelPool - Adding Candidate expired Channel [id: 0x32a7360b, L:/127.0.0.1:54222 ! R:localhost/127.0.0.1:54216] isIdleTimeoutExpired=false isRemotelyClosed=true isTtlExpired=false
09:04:58.972 [AsyncHttpClient-1-1] DEBUG o.a.netty.channel.DefaultChannelPool - Closing Idle Channel [id: 0x32a7360b, L:/127.0.0.1:54222 ! R:localhost/127.0.0.1:54216]
09:04:58.972 [AsyncHttpClient-1-1] DEBUG o.a.netty.channel.DefaultChannelPool - Closed 2 connections out of 2 in 0 ms
09:04:59.321 [AsyncHttpClient-1-8] DEBUG o.a.n.channel.NettyConnectListener - Using new Channel '[id: 0x4216d972, L:/127.0.0.1:54232 - R:localhost/127.0.0.1:49850]' for 'POST' to '/session'
DEBUG [Finalizer] (DefaultClientConnection.java:180) - Connection 0.0.0.0:54209<->127.0.0.1:3000 closed
DEBUG [Finalizer] (DefaultClientConnection.java:180)- Connection 0.0.0.0:54209<->127.0.0.1:3000 closed
DEBUG [Finalizer] (DefaultClientConnection.java:180) - Connection 0.0.0.0:54210<->127.0.0.1:3000 closed
DEBUG [Finalizer] (DefaultClientConnection.java:180)- Connection 0.0.0.0:54210<->127.0.0.1:3000 closed
09:04:59.989 [AsyncHttpClient-1-8] DEBUG o.a.netty.handler.HttpHandler - 

Request DefaultHttpRequest(decodeResult: success, version: HTTP/1.1)
POST /session HTTP/1.1
User-Agent: selenium/4.1.2 (java windows)
Content-Length: 365
Content-Type: application/json; charset=utf-8
host: localhost:49850
accept: */*

Response DefaultHttpResponse(decodeResult: success, version: HTTP/1.1)
HTTP/1.1 200 OK
Content-Type: application/json; charset=utf-8
cache-control: no-cache
content-length: 794

09:04:59.989 [AsyncHttpClient-1-8] DEBUG o.a.netty.channel.ChannelManager - Adding key: http://localhost:49850 for channel [id: 0x4216d972, L:/127.0.0.1:54232 - R:localhost/127.0.0.1:49850]
09:04:59.997 [AsyncHttpClient-1-9] DEBUG o.a.n.channel.NettyConnectListener - Using new Channel '[id: 0x25ccf237, L:/127.0.0.1:54239 - R:localhost/127.0.0.1:54233]' for 'GET' to '/json/version'
09:05:00.000 [AsyncHttpClient-1-9] DEBUG o.a.netty.handler.HttpHandler - 

Request DefaultFullHttpRequest(decodeResult: success, version: HTTP/1.1, content: EmptyByteBufBE)
GET /json/version HTTP/1.1
User-Agent: selenium/4.1.2 (java windows)
host: localhost:54233
accept: */*

Response DefaultHttpResponse(decodeResult: success, version: HTTP/1.1)
HTTP/1.1 200 OK
Content-Type: application/json; charset=UTF-8
content-length: 424

09:05:00.000 [AsyncHttpClient-1-9] DEBUG o.a.netty.channel.ChannelManager - Adding key: http://localhost:54233 for channel [id: 0x25ccf237, L:/127.0.0.1:54239 - R:localhost/127.0.0.1:54233]
09:05:00.003 [AsyncHttpClient-1-10] DEBUG o.a.n.channel.NettyConnectListener - Using new Channel '[id: 0x1041475f, L:/127.0.0.1:54240 - R:localhost/127.0.0.1:54233]' for 'GET' to '/devtools/browser/72755ec1-d868-4294-ad10-8880a14af2e5'
09:05:00.006 [AsyncHttpClient-1-10] DEBUG o.a.netty.handler.WebSocketHandler - 

Request DefaultFullHttpRequest(decodeResult: success, version: HTTP/1.1, content: EmptyByteBufBE)
GET /devtools/browser/72755ec1-d868-4294-ad10-8880a14af2e5 HTTP/1.1
upgrade: websocket
connection: upgrade
sec-websocket-key: OcOnTTFQ8TaaTVT9Dv7EyA==
sec-websocket-version: 13
origin: http://localhost:54233
host: localhost:54233
accept: */*
user-agent: AHC/2.1

Response DefaultHttpResponse(decodeResult: success, version: HTTP/1.1)
HTTP/1.1 101 WebSocket Protocol Handshake
Upgrade: WebSocket
Connection: Upgrade
Sec-WebSocket-Accept: CEHnJvVsQq+S4iXALi8jX04gG6A=

09:05:00.012 [Forwarding deleteAllCookies on session 90e0c95763349ca47891ea23f7c16a67 to remote] DEBUG o.a.netty.request.NettyRequestSender - Using pooled Channel '[id: 0x4216d972, L:/127.0.0.1:54232 - R:localhost/127.0.0.1:49850]' for 'DELETE' to 'http://localhost:49850/session/90e0c95763349ca47891ea23f7c16a67/cookie'
09:05:00.012 [Forwarding deleteAllCookies on session 90e0c95763349ca47891ea23f7c16a67 to remote] DEBUG o.a.netty.request.NettyRequestSender - Using open Channel [id: 0x4216d972, L:/127.0.0.1:54232 - R:localhost/127.0.0.1:49850] for DELETE '/session/90e0c95763349ca47891ea23f7c16a67/cookie'
09:05:00.016 [AsyncHttpClient-1-8] DEBUG o.a.netty.handler.HttpHandler - 

Request DefaultFullHttpRequest(decodeResult: success, version: HTTP/1.1, content: EmptyByteBufBE)
DELETE /session/90e0c95763349ca47891ea23f7c16a67/cookie HTTP/1.1
User-Agent: selenium/4.1.2 (java windows)
Content-Type: application/json; charset=utf-8
host: localhost:49850
accept: */*

Response DefaultHttpResponse(decodeResult: success, version: HTTP/1.1)
HTTP/1.1 200 OK
Content-Type: application/json; charset=utf-8
cache-control: no-cache
content-length: 14

09:05:00.017 [AsyncHttpClient-1-8] DEBUG o.a.netty.channel.ChannelManager - Adding key: http://localhost:49850 for channel [id: 0x4216d972, L:/127.0.0.1:54232 - R:localhost/127.0.0.1:49850]
09:05:00.019 [Forwarding maximizeCurrentWindow on session 90e0c95763349ca47891ea23f7c16a67 to remote] DEBUG o.a.netty.request.NettyRequestSender - Using pooled Channel '[id: 0x4216d972, L:/127.0.0.1:54232 - R:localhost/127.0.0.1:49850]' for 'POST' to 'http://localhost:49850/session/90e0c95763349ca47891ea23f7c16a67/window/maximize'
09:05:00.019 [Forwarding maximizeCurrentWindow on session 90e0c95763349ca47891ea23f7c16a67 to remote] DEBUG o.a.netty.request.NettyRequestSender - Using open Channel [id: 0x4216d972, L:/127.0.0.1:54232 - R:localhost/127.0.0.1:49850] for POST '/session/90e0c95763349ca47891ea23f7c16a67/window/maximize'
09:05:00.072 [AsyncHttpClient-1-1] DEBUG o.a.netty.channel.DefaultChannelPool - Entry count for : http://localhost:54233 : 1
09:05:00.136 [AsyncHttpClient-1-8] DEBUG o.a.netty.handler.HttpHandler - 

Request DefaultHttpRequest(decodeResult: success, version: HTTP/1.1)
POST /session/90e0c95763349ca47891ea23f7c16a67/window/maximize HTTP/1.1
User-Agent: selenium/4.1.2 (java windows)
Content-Length: 3
Content-Type: application/json; charset=utf-8
host: localhost:49850
accept: */*

Response DefaultHttpResponse(decodeResult: success, version: HTTP/1.1)
HTTP/1.1 200 OK
Content-Type: application/json; charset=utf-8
cache-control: no-cache
content-length: 52

09:05:00.137 [AsyncHttpClient-1-8] DEBUG o.a.netty.channel.ChannelManager - Adding key: http://localhost:49850 for channel [id: 0x4216d972, L:/127.0.0.1:54232 - R:localhost/127.0.0.1:49850]
DEBUG [main] (GetPostSteps.java:28) - i_perform_get_operation_for/comments
DEBUG [main] (GetPostSteps.java:28)- i_perform_get_operation_for/comments
DEBUG [main] (RestAssuredExtension.java:64) - GetOps : /comments
DEBUG [main] (RestAssuredExtension.java:64)- GetOps : /comments
DEBUG [main] (BasicClientConnectionManager.java:161) - Get connection for route {}->http://localhost:3000
DEBUG [main] (BasicClientConnectionManager.java:161)- Get connection for route {}->http://localhost:3000
DEBUG [main] (DefaultClientConnectionOperator.java:177) - Connecting to localhost:3000
DEBUG [main] (DefaultClientConnectionOperator.java:177)- Connecting to localhost:3000
DEBUG [main] (RequestAddCookies.java:123) - CookieSpec selected: ignoreCookies
DEBUG [main] (RequestAddCookies.java:123)- CookieSpec selected: ignoreCookies
DEBUG [main] (RequestAuthCache.java:77) - Auth cache not set in the context
DEBUG [main] (RequestAuthCache.java:77)- Auth cache not set in the context
DEBUG [main] (RequestTargetAuthentication.java:80) - Target auth state: UNCHALLENGED
DEBUG [main] (RequestTargetAuthentication.java:80)- Target auth state: UNCHALLENGED
DEBUG [main] (RequestProxyAuthentication.java:89) - Proxy auth state: UNCHALLENGED
DEBUG [main] (RequestProxyAuthentication.java:89)- Proxy auth state: UNCHALLENGED
DEBUG [main] (DefaultRequestDirector.java:677) - Attempt 1 to execute request
DEBUG [main] (DefaultRequestDirector.java:677)- Attempt 1 to execute request
DEBUG [main] (DefaultClientConnection.java:274) - Sending request: GET /comments HTTP/1.1
DEBUG [main] (DefaultClientConnection.java:274)- Sending request: GET /comments HTTP/1.1
DEBUG [main] (Wire.java:73) -  >> "GET /comments HTTP/1.1[\r][\n]"
DEBUG [main] (Wire.java:73)-  >> "GET /comments HTTP/1.1[\r][\n]"
DEBUG [main] (Wire.java:73) -  >> "Content-Type: application/json[\r][\n]"
DEBUG [main] (Wire.java:73)-  >> "Content-Type: application/json[\r][\n]"
DEBUG [main] (Wire.java:73) -  >> "Accept: */*[\r][\n]"
DEBUG [main] (Wire.java:73)-  >> "Accept: */*[\r][\n]"
DEBUG [main] (Wire.java:73) -  >> "Host: localhost:3000[\r][\n]"
DEBUG [main] (Wire.java:73)-  >> "Host: localhost:3000[\r][\n]"
DEBUG [main] (Wire.java:73) -  >> "Connection: Keep-Alive[\r][\n]"
DEBUG [main] (Wire.java:73)-  >> "Connection: Keep-Alive[\r][\n]"
DEBUG [main] (Wire.java:73) -  >> "User-Agent: Apache-HttpClient/4.5.13 (Java/15.0.1)[\r][\n]"
DEBUG [main] (Wire.java:73)-  >> "User-Agent: Apache-HttpClient/4.5.13 (Java/15.0.1)[\r][\n]"
DEBUG [main] (Wire.java:73) -  >> "Accept-Encoding: gzip,deflate[\r][\n]"
DEBUG [main] (Wire.java:73)-  >> "Accept-Encoding: gzip,deflate[\r][\n]"
DEBUG [main] (Wire.java:73) -  >> "[\r][\n]"
DEBUG [main] (Wire.java:73)-  >> "[\r][\n]"
DEBUG [main] (DefaultClientConnection.java:278) - >> GET /comments HTTP/1.1
DEBUG [main] (DefaultClientConnection.java:278)- >> GET /comments HTTP/1.1
DEBUG [main] (DefaultClientConnection.java:281) - >> Content-Type: application/json
DEBUG [main] (DefaultClientConnection.java:281)- >> Content-Type: application/json
DEBUG [main] (DefaultClientConnection.java:281) - >> Accept: */*
DEBUG [main] (DefaultClientConnection.java:281)- >> Accept: */*
DEBUG [main] (DefaultClientConnection.java:281) - >> Host: localhost:3000
DEBUG [main] (DefaultClientConnection.java:281)- >> Host: localhost:3000
DEBUG [main] (DefaultClientConnection.java:281) - >> Connection: Keep-Alive
DEBUG [main] (DefaultClientConnection.java:281)- >> Connection: Keep-Alive
DEBUG [main] (DefaultClientConnection.java:281) - >> User-Agent: Apache-HttpClient/4.5.13 (Java/15.0.1)
DEBUG [main] (DefaultClientConnection.java:281)- >> User-Agent: Apache-HttpClient/4.5.13 (Java/15.0.1)
DEBUG [main] (DefaultClientConnection.java:281) - >> Accept-Encoding: gzip,deflate
DEBUG [main] (DefaultClientConnection.java:281)- >> Accept-Encoding: gzip,deflate
DEBUG [main] (Wire.java:73) -  << "HTTP/1.1 200 OK[\r][\n]"
DEBUG [main] (Wire.java:73)-  << "HTTP/1.1 200 OK[\r][\n]"
DEBUG [main] (Wire.java:73) -  << "X-Powered-By: Express[\r][\n]"
DEBUG [main] (Wire.java:73)-  << "X-Powered-By: Express[\r][\n]"
DEBUG [main] (Wire.java:73) -  << "Vary: Origin, Accept-Encoding[\r][\n]"
DEBUG [main] (Wire.java:73)-  << "Vary: Origin, Accept-Encoding[\r][\n]"
DEBUG [main] (Wire.java:73) -  << "Access-Control-Allow-Credentials: true[\r][\n]"
DEBUG [main] (Wire.java:73)-  << "Access-Control-Allow-Credentials: true[\r][\n]"
DEBUG [main] (Wire.java:73) -  << "Cache-Control: no-cache[\r][\n]"
DEBUG [main] (Wire.java:73)-  << "Cache-Control: no-cache[\r][\n]"
DEBUG [main] (Wire.java:73) -  << "Pragma: no-cache[\r][\n]"
DEBUG [main] (Wire.java:73)-  << "Pragma: no-cache[\r][\n]"
DEBUG [main] (Wire.java:73) -  << "Expires: -1[\r][\n]"
DEBUG [main] (Wire.java:73)-  << "Expires: -1[\r][\n]"
DEBUG [main] (Wire.java:73) -  << "X-Content-Type-Options: nosniff[\r][\n]"
DEBUG [main] (Wire.java:73)-  << "X-Content-Type-Options: nosniff[\r][\n]"
DEBUG [main] (Wire.java:73) -  << "Content-Type: application/json; charset=utf-8[\r][\n]"
DEBUG [main] (Wire.java:73)-  << "Content-Type: application/json; charset=utf-8[\r][\n]"
DEBUG [main] (Wire.java:73) -  << "Content-Length: 218[\r][\n]"
DEBUG [main] (Wire.java:73)-  << "Content-Length: 218[\r][\n]"
DEBUG [main] (Wire.java:73) -  << "ETag: W/"da-7sHRu8zgCXEA5LKpY20pYe5ED8A"[\r][\n]"
DEBUG [main] (Wire.java:73)-  << "ETag: W/"da-7sHRu8zgCXEA5LKpY20pYe5ED8A"[\r][\n]"
DEBUG [main] (Wire.java:73) -  << "Date: Wed, 30 Mar 2022 01:05:00 GMT[\r][\n]"
DEBUG [main] (Wire.java:73)-  << "Date: Wed, 30 Mar 2022 01:05:00 GMT[\r][\n]"
DEBUG [main] (Wire.java:73) -  << "Connection: keep-alive[\r][\n]"
DEBUG [main] (Wire.java:73)-  << "Connection: keep-alive[\r][\n]"
DEBUG [main] (Wire.java:73) -  << "[\r][\n]"
DEBUG [main] (Wire.java:73)-  << "[\r][\n]"
DEBUG [main] (DefaultClientConnection.java:259) - Receiving response: HTTP/1.1 200 OK
DEBUG [main] (DefaultClientConnection.java:259)- Receiving response: HTTP/1.1 200 OK
DEBUG [main] (DefaultClientConnection.java:262) - << HTTP/1.1 200 OK
DEBUG [main] (DefaultClientConnection.java:262)- << HTTP/1.1 200 OK
DEBUG [main] (DefaultClientConnection.java:265) - << X-Powered-By: Express
DEBUG [main] (DefaultClientConnection.java:265)- << X-Powered-By: Express
DEBUG [main] (DefaultClientConnection.java:265) - << Vary: Origin, Accept-Encoding
DEBUG [main] (DefaultClientConnection.java:265)- << Vary: Origin, Accept-Encoding
DEBUG [main] (DefaultClientConnection.java:265) - << Access-Control-Allow-Credentials: true
DEBUG [main] (DefaultClientConnection.java:265)- << Access-Control-Allow-Credentials: true
DEBUG [main] (DefaultClientConnection.java:265) - << Cache-Control: no-cache
DEBUG [main] (DefaultClientConnection.java:265)- << Cache-Control: no-cache
DEBUG [main] (DefaultClientConnection.java:265) - << Pragma: no-cache
DEBUG [main] (DefaultClientConnection.java:265)- << Pragma: no-cache
DEBUG [main] (DefaultClientConnection.java:265) - << Expires: -1
DEBUG [main] (DefaultClientConnection.java:265)- << Expires: -1
DEBUG [main] (DefaultClientConnection.java:265) - << X-Content-Type-Options: nosniff
DEBUG [main] (DefaultClientConnection.java:265)- << X-Content-Type-Options: nosniff
DEBUG [main] (DefaultClientConnection.java:265) - << Content-Type: application/json; charset=utf-8
DEBUG [main] (DefaultClientConnection.java:265)- << Content-Type: application/json; charset=utf-8
DEBUG [main] (DefaultClientConnection.java:265) - << Content-Length: 218
DEBUG [main] (DefaultClientConnection.java:265)- << Content-Length: 218
DEBUG [main] (DefaultClientConnection.java:265) - << ETag: W/"da-7sHRu8zgCXEA5LKpY20pYe5ED8A"
DEBUG [main] (DefaultClientConnection.java:265)- << ETag: W/"da-7sHRu8zgCXEA5LKpY20pYe5ED8A"
DEBUG [main] (DefaultClientConnection.java:265) - << Date: Wed, 30 Mar 2022 01:05:00 GMT
DEBUG [main] (DefaultClientConnection.java:265)- << Date: Wed, 30 Mar 2022 01:05:00 GMT
DEBUG [main] (DefaultClientConnection.java:265) - << Connection: keep-alive
DEBUG [main] (DefaultClientConnection.java:265)- << Connection: keep-alive
DEBUG [main] (DefaultRequestDirector.java:504) - Connection can be kept alive indefinitely
DEBUG [main] (DefaultRequestDirector.java:504)- Connection can be kept alive indefinitely
DEBUG [main] (HTTPBuilder.java:547) - Parsing response as: application/json; charset=utf-8
DEBUG [main] (HTTPBuilder.java:547)- Parsing response as: application/json; charset=utf-8
DEBUG [main] (HTTPBuilder.java:550) - Parsed data to instance of: class org.apache.http.conn.EofSensorInputStream
DEBUG [main] (HTTPBuilder.java:550)- Parsed data to instance of: class org.apache.http.conn.EofSensorInputStream
  &amp#27;[32mGiven &amp#27;[0m&amp#27;[32mI perform GET operation for "&amp#27;[0m&amp#27;[32m&amp#27;[1m/comments&amp#27;[0m&amp#27;[32m"&amp#27;[0m                 &amp#27;[90m# stepdefinitions.GetPostSteps.i_perform_get_operation_for(java.lang.String)&amp#27;[0m
DEBUG [main] (GetPostSteps.java:63) - i_perform_get_using_parameter_id_number : 3
DEBUG [main] (GetPostSteps.java:63)- i_perform_get_using_parameter_id_number : 3
DEBUG [main] (RestAssuredExtension.java:36) - GETOpsWithPathParams : {id=3}
DEBUG [main] (RestAssuredExtension.java:36)- GETOpsWithPathParams : {id=3}
DEBUG [main] (BasicClientConnectionManager.java:161) - Get connection for route {}->http://localhost:3000
DEBUG [main] (BasicClientConnectionManager.java:161)- Get connection for route {}->http://localhost:3000
DEBUG [main] (DefaultClientConnectionOperator.java:177) - Connecting to localhost:3000
DEBUG [main] (DefaultClientConnectionOperator.java:177)- Connecting to localhost:3000
DEBUG [main] (RequestAddCookies.java:123) - CookieSpec selected: ignoreCookies
DEBUG [main] (RequestAddCookies.java:123)- CookieSpec selected: ignoreCookies
DEBUG [main] (RequestAuthCache.java:77) - Auth cache not set in the context
DEBUG [main] (RequestAuthCache.java:77)- Auth cache not set in the context
DEBUG [main] (RequestTargetAuthentication.java:80) - Target auth state: UNCHALLENGED
DEBUG [main] (RequestTargetAuthentication.java:80)- Target auth state: UNCHALLENGED
DEBUG [main] (RequestProxyAuthentication.java:89) - Proxy auth state: UNCHALLENGED
DEBUG [main] (RequestProxyAuthentication.java:89)- Proxy auth state: UNCHALLENGED
DEBUG [main] (DefaultRequestDirector.java:677) - Attempt 1 to execute request
DEBUG [main] (DefaultRequestDirector.java:677)- Attempt 1 to execute request
DEBUG [main] (DefaultClientConnection.java:274) - Sending request: GET /comments?id=3 HTTP/1.1
DEBUG [main] (DefaultClientConnection.java:274)- Sending request: GET /comments?id=3 HTTP/1.1
DEBUG [main] (Wire.java:73) -  >> "GET /comments?id=3 HTTP/1.1[\r][\n]"
DEBUG [main] (Wire.java:73)-  >> "GET /comments?id=3 HTTP/1.1[\r][\n]"
DEBUG [main] (Wire.java:73) -  >> "Content-Type: application/json[\r][\n]"
DEBUG [main] (Wire.java:73)-  >> "Content-Type: application/json[\r][\n]"
DEBUG [main] (Wire.java:73) -  >> "Accept: */*[\r][\n]"
DEBUG [main] (Wire.java:73)-  >> "Accept: */*[\r][\n]"
DEBUG [main] (Wire.java:73) -  >> "Host: localhost:3000[\r][\n]"
DEBUG [main] (Wire.java:73)-  >> "Host: localhost:3000[\r][\n]"
DEBUG [main] (Wire.java:73) -  >> "Connection: Keep-Alive[\r][\n]"
DEBUG [main] (Wire.java:73)-  >> "Connection: Keep-Alive[\r][\n]"
DEBUG [main] (Wire.java:73) -  >> "User-Agent: Apache-HttpClient/4.5.13 (Java/15.0.1)[\r][\n]"
DEBUG [main] (Wire.java:73)-  >> "User-Agent: Apache-HttpClient/4.5.13 (Java/15.0.1)[\r][\n]"
DEBUG [main] (Wire.java:73) -  >> "Accept-Encoding: gzip,deflate[\r][\n]"
DEBUG [main] (Wire.java:73)-  >> "Accept-Encoding: gzip,deflate[\r][\n]"
DEBUG [main] (Wire.java:73) -  >> "[\r][\n]"
DEBUG [main] (Wire.java:73)-  >> "[\r][\n]"
DEBUG [main] (DefaultClientConnection.java:278) - >> GET /comments?id=3 HTTP/1.1
DEBUG [main] (DefaultClientConnection.java:278)- >> GET /comments?id=3 HTTP/1.1
DEBUG [main] (DefaultClientConnection.java:281) - >> Content-Type: application/json
DEBUG [main] (DefaultClientConnection.java:281)- >> Content-Type: application/json
DEBUG [main] (DefaultClientConnection.java:281) - >> Accept: */*
DEBUG [main] (DefaultClientConnection.java:281)- >> Accept: */*
DEBUG [main] (DefaultClientConnection.java:281) - >> Host: localhost:3000
DEBUG [main] (DefaultClientConnection.java:281)- >> Host: localhost:3000
DEBUG [main] (DefaultClientConnection.java:281) - >> Connection: Keep-Alive
DEBUG [main] (DefaultClientConnection.java:281)- >> Connection: Keep-Alive
DEBUG [main] (DefaultClientConnection.java:281) - >> User-Agent: Apache-HttpClient/4.5.13 (Java/15.0.1)
DEBUG [main] (DefaultClientConnection.java:281)- >> User-Agent: Apache-HttpClient/4.5.13 (Java/15.0.1)
DEBUG [main] (DefaultClientConnection.java:281) - >> Accept-Encoding: gzip,deflate
DEBUG [main] (DefaultClientConnection.java:281)- >> Accept-Encoding: gzip,deflate
DEBUG [main] (Wire.java:73) -  << "HTTP/1.1 200 OK[\r][\n]"
DEBUG [main] (Wire.java:73)-  << "HTTP/1.1 200 OK[\r][\n]"
DEBUG [main] (Wire.java:73) -  << "X-Powered-By: Express[\r][\n]"
DEBUG [main] (Wire.java:73)-  << "X-Powered-By: Express[\r][\n]"
DEBUG [main] (Wire.java:73) -  << "Vary: Origin, Accept-Encoding[\r][\n]"
DEBUG [main] (Wire.java:73)-  << "Vary: Origin, Accept-Encoding[\r][\n]"
DEBUG [main] (Wire.java:73) -  << "Access-Control-Allow-Credentials: true[\r][\n]"
DEBUG [main] (Wire.java:73)-  << "Access-Control-Allow-Credentials: true[\r][\n]"
DEBUG [main] (Wire.java:73) -  << "Cache-Control: no-cache[\r][\n]"
DEBUG [main] (Wire.java:73)-  << "Cache-Control: no-cache[\r][\n]"
DEBUG [main] (Wire.java:73) -  << "Pragma: no-cache[\r][\n]"
DEBUG [main] (Wire.java:73)-  << "Pragma: no-cache[\r][\n]"
DEBUG [main] (Wire.java:73) -  << "Expires: -1[\r][\n]"
DEBUG [main] (Wire.java:73)-  << "Expires: -1[\r][\n]"
DEBUG [main] (Wire.java:73) -  << "X-Content-Type-Options: nosniff[\r][\n]"
DEBUG [main] (Wire.java:73)-  << "X-Content-Type-Options: nosniff[\r][\n]"
DEBUG [main] (Wire.java:73) -  << "Content-Type: application/json; charset=utf-8[\r][\n]"
DEBUG [main] (Wire.java:73)-  << "Content-Type: application/json; charset=utf-8[\r][\n]"
DEBUG [main] (Wire.java:73) -  << "Content-Length: 77[\r][\n]"
DEBUG [main] (Wire.java:73)-  << "Content-Length: 77[\r][\n]"
DEBUG [main] (Wire.java:73) -  << "ETag: W/"4d-0JfIo1cbNTHH1uFtqLSDLCn9aqU"[\r][\n]"
DEBUG [main] (Wire.java:73)-  << "ETag: W/"4d-0JfIo1cbNTHH1uFtqLSDLCn9aqU"[\r][\n]"
DEBUG [main] (Wire.java:73) -  << "Date: Wed, 30 Mar 2022 01:05:00 GMT[\r][\n]"
DEBUG [main] (Wire.java:73)-  << "Date: Wed, 30 Mar 2022 01:05:00 GMT[\r][\n]"
DEBUG [main] (Wire.java:73) -  << "Connection: keep-alive[\r][\n]"
DEBUG [main] (Wire.java:73)-  << "Connection: keep-alive[\r][\n]"
DEBUG [main] (Wire.java:73) -  << "[\r][\n]"
DEBUG [main] (Wire.java:73)-  << "[\r][\n]"
DEBUG [main] (DefaultClientConnection.java:259) - Receiving response: HTTP/1.1 200 OK
DEBUG [main] (DefaultClientConnection.java:259)- Receiving response: HTTP/1.1 200 OK
DEBUG [main] (DefaultClientConnection.java:262) - << HTTP/1.1 200 OK
DEBUG [main] (DefaultClientConnection.java:262)- << HTTP/1.1 200 OK
DEBUG [main] (DefaultClientConnection.java:265) - << X-Powered-By: Express
DEBUG [main] (DefaultClientConnection.java:265)- << X-Powered-By: Express
DEBUG [main] (DefaultClientConnection.java:265) - << Vary: Origin, Accept-Encoding
DEBUG [main] (DefaultClientConnection.java:265)- << Vary: Origin, Accept-Encoding
DEBUG [main] (DefaultClientConnection.java:265) - << Access-Control-Allow-Credentials: true
DEBUG [main] (DefaultClientConnection.java:265)- << Access-Control-Allow-Credentials: true
DEBUG [main] (DefaultClientConnection.java:265) - << Cache-Control: no-cache
DEBUG [main] (DefaultClientConnection.java:265)- << Cache-Control: no-cache
DEBUG [main] (DefaultClientConnection.java:265) - << Pragma: no-cache
DEBUG [main] (DefaultClientConnection.java:265)- << Pragma: no-cache
DEBUG [main] (DefaultClientConnection.java:265) - << Expires: -1
DEBUG [main] (DefaultClientConnection.java:265)- << Expires: -1
DEBUG [main] (DefaultClientConnection.java:265) - << X-Content-Type-Options: nosniff
DEBUG [main] (DefaultClientConnection.java:265)- << X-Content-Type-Options: nosniff
DEBUG [main] (DefaultClientConnection.java:265) - << Content-Type: application/json; charset=utf-8
DEBUG [main] (DefaultClientConnection.java:265)- << Content-Type: application/json; charset=utf-8
DEBUG [main] (DefaultClientConnection.java:265) - << Content-Length: 77
DEBUG [main] (DefaultClientConnection.java:265)- << Content-Length: 77
DEBUG [main] (DefaultClientConnection.java:265) - << ETag: W/"4d-0JfIo1cbNTHH1uFtqLSDLCn9aqU"
DEBUG [main] (DefaultClientConnection.java:265)- << ETag: W/"4d-0JfIo1cbNTHH1uFtqLSDLCn9aqU"
DEBUG [main] (DefaultClientConnection.java:265) - << Date: Wed, 30 Mar 2022 01:05:00 GMT
DEBUG [main] (DefaultClientConnection.java:265)- << Date: Wed, 30 Mar 2022 01:05:00 GMT
DEBUG [main] (DefaultClientConnection.java:265) - << Connection: keep-alive
DEBUG [main] (DefaultClientConnection.java:265)- << Connection: keep-alive
DEBUG [main] (DefaultRequestDirector.java:504) - Connection can be kept alive indefinitely
DEBUG [main] (DefaultRequestDirector.java:504)- Connection can be kept alive indefinitely
DEBUG [main] (HTTPBuilder.java:547) - Parsing response as: application/json; charset=utf-8
DEBUG [main] (HTTPBuilder.java:547)- Parsing response as: application/json; charset=utf-8
DEBUG [main] (HTTPBuilder.java:550) - Parsed data to instance of: class org.apache.http.conn.EofSensorInputStream
DEBUG [main] (HTTPBuilder.java:550)- Parsed data to instance of: class org.apache.http.conn.EofSensorInputStream
DEBUG [main] (Wire.java:73) -  << "[[\n]"
DEBUG [main] (Wire.java:73)-  << "[[\n]"
DEBUG [main] (Wire.java:73) -  << "  {[\n]"
DEBUG [main] (Wire.java:73)-  << "  {[\n]"
DEBUG [main] (Wire.java:73) -  << "    "id": 3,[\n]"
DEBUG [main] (Wire.java:73)-  << "    "id": 3,[\n]"
DEBUG [main] (Wire.java:73) -  << "    "body": "this is comment for 3",[\n]"
DEBUG [main] (Wire.java:73)-  << "    "body": "this is comment for 3",[\n]"
DEBUG [main] (Wire.java:73) -  << "    "postId": 3[\n]"
DEBUG [main] (Wire.java:73)-  << "    "postId": 3[\n]"
DEBUG [main] (Wire.java:73) -  << "  }[\n]"
DEBUG [main] (Wire.java:73)-  << "  }[\n]"
DEBUG [main] (Wire.java:87) -  << "]"
DEBUG [main] (Wire.java:87)-  << "]"
DEBUG [main] (BasicClientConnectionManager.java:200) - Releasing connection org.apache.http.impl.conn.ManagedClientConnectionImpl@6b94c200
DEBUG [main] (BasicClientConnectionManager.java:200)- Releasing connection org.apache.http.impl.conn.ManagedClientConnectionImpl@6b94c200
DEBUG [main] (BasicClientConnectionManager.java:225) - Connection can be kept alive indefinitely
DEBUG [main] (BasicClientConnectionManager.java:225)- Connection can be kept alive indefinitely
DEBUG [main] (GetPostSteps.java:70) - request body : 
[
    {
        "id": 3,
        "body": "this is comment for 3",
        "postId": 3
    }
]
DEBUG [main] (GetPostSteps.java:70)- request body : 
[
    {
        "id": 3,
        "body": "this is comment for 3",
        "postId": 3
    }
]
  &amp#27;[32mWhen &amp#27;[0m&amp#27;[32mI perform GET using parameter id number &amp#27;[0m&amp#27;[32m&amp#27;[1m3&amp#27;[0m                &amp#27;[90m# stepdefinitions.GetPostSteps.i_perform_get_using_parameter_id_number(java.lang.Integer)&amp#27;[0m
DEBUG [main] (GetPostSteps.java:76) - i_should_see_the_comment_body_is : this is comment for 3
DEBUG [main] (GetPostSteps.java:76)- i_should_see_the_comment_body_is : this is comment for 3
  &amp#27;[32mThen &amp#27;[0m&amp#27;[32mI should see the comment body is &amp#27;[0m&amp#27;[32m&amp#27;[1m"this is comment for 3"&amp#27;[0m &amp#27;[90m# stepdefinitions.GetPostSteps.i_should_see_the_comment_body_is(java.lang.String)&amp#27;[0m
09:05:00.261 [AsyncHttpClient-1-10] DEBUG o.a.netty.handler.WebSocketHandler - Channel Closed: [id: 0x1041475f, L:/127.0.0.1:54240 ! R:localhost/127.0.0.1:54233] with attribute NettyResponseFuture{currentRetry=5,
	isDone=1,
	isCancelled=0,
	asyncHandler=org.asynchttpclient.ws.WebSocketUpgradeHandler@69556440,
	nettyRequest=org.asynchttpclient.netty.request.NettyRequest@2c57e70e,
	future=java.util.concurrent.CompletableFuture@2708b93b[Completed normally],
	uri=ws://localhost:54233/devtools/browser/72755ec1-d868-4294-ad10-8880a14af2e5,
	keepAlive=true,
	redirectCount=0,
	timeoutsHolder=null,
	inAuth=0,
	touch=1648602300007}
09:05:00.262 [AsyncHttpClient-1-10] DEBUG o.a.netty.channel.ChannelManager - Closing Channel [id: 0x1041475f, L:/127.0.0.1:54240 ! R:localhost/127.0.0.1:54233] 
09:05:00.262 [Driver Command Executor] DEBUG o.a.netty.request.NettyRequestSender - Using pooled Channel '[id: 0x4216d972, L:/127.0.0.1:54232 - R:localhost/127.0.0.1:49850]' for 'DELETE' to 'http://localhost:49850/session/90e0c95763349ca47891ea23f7c16a67'
09:05:00.262 [Driver Command Executor] DEBUG o.a.netty.request.NettyRequestSender - Using open Channel [id: 0x4216d972, L:/127.0.0.1:54232 - R:localhost/127.0.0.1:49850] for DELETE '/session/90e0c95763349ca47891ea23f7c16a67'
09:05:00.283 [AsyncHttpClient-1-9] DEBUG o.a.netty.handler.HttpHandler - Unexpected I/O exception on channel [id: 0x25ccf237, L:/127.0.0.1:54239 - R:localhost/127.0.0.1:54233]
java.net.SocketException: Connection reset
	at java.base/sun.nio.ch.SocketChannelImpl.throwConnectionReset(SocketChannelImpl.java:367) ~[na:na]
	at java.base/sun.nio.ch.SocketChannelImpl.read(SocketChannelImpl.java:398) ~[na:na]
	at io.netty.buffer.PooledByteBuf.setBytes(PooledByteBuf.java:253) ~[netty-buffer-4.1.70.Final.jar:4.1.70.Final]
	at io.netty.buffer.AbstractByteBuf.writeBytes(AbstractByteBuf.java:1132) ~[netty-buffer-4.1.70.Final.jar:4.1.70.Final]
	at io.netty.channel.socket.nio.NioSocketChannel.doReadBytes(NioSocketChannel.java:350) ~[netty-transport-4.1.70.Final.jar:4.1.70.Final]
	at io.netty.channel.nio.AbstractNioByteChannel$NioByteUnsafe.read(AbstractNioByteChannel.java:151) ~[netty-transport-4.1.70.Final.jar:4.1.70.Final]
	at io.netty.channel.nio.NioEventLoop.processSelectedKey(NioEventLoop.java:719) ~[netty-transport-4.1.70.Final.jar:4.1.70.Final]
	at io.netty.channel.nio.NioEventLoop.processSelectedKeysOptimized(NioEventLoop.java:655) ~[netty-transport-4.1.70.Final.jar:4.1.70.Final]
	at io.netty.channel.nio.NioEventLoop.processSelectedKeys(NioEventLoop.java:581) ~[netty-transport-4.1.70.Final.jar:4.1.70.Final]
	at io.netty.channel.nio.NioEventLoop.run(NioEventLoop.java:493) ~[netty-transport-4.1.70.Final.jar:4.1.70.Final]
	at io.netty.util.concurrent.SingleThreadEventExecutor$4.run(SingleThreadEventExecutor.java:986) ~[netty-common-4.1.70.Final.jar:4.1.70.Final]
	at io.netty.util.internal.ThreadExecutorMap$2.run(ThreadExecutorMap.java:74) ~[netty-common-4.1.70.Final.jar:4.1.70.Final]
	at io.netty.util.concurrent.FastThreadLocalRunnable.run(FastThreadLocalRunnable.java:30) ~[netty-common-4.1.70.Final.jar:4.1.70.Final]
	at java.base/java.lang.Thread.run(Thread.java:832) ~[na:na]
09:05:00.283 [AsyncHttpClient-1-9] DEBUG o.a.netty.channel.ChannelManager - Closing Channel [id: 0x25ccf237, L:/127.0.0.1:54239 - R:localhost/127.0.0.1:54233] 
09:05:00.284 [AsyncHttpClient-1-9] DEBUG o.a.netty.handler.HttpHandler - Channel Closed: [id: 0x25ccf237, L:/127.0.0.1:54239 ! R:localhost/127.0.0.1:54233] with attribute DISCARD
09:05:00.295 [AsyncHttpClient-1-8] DEBUG o.a.netty.handler.HttpHandler - 

Request DefaultFullHttpRequest(decodeResult: success, version: HTTP/1.1, content: EmptyByteBufBE)
DELETE /session/90e0c95763349ca47891ea23f7c16a67 HTTP/1.1
User-Agent: selenium/4.1.2 (java windows)
Content-Type: application/json; charset=utf-8
host: localhost:49850
accept: */*

Response DefaultHttpResponse(decodeResult: success, version: HTTP/1.1)
HTTP/1.1 200 OK
Content-Type: application/json; charset=utf-8
cache-control: no-cache
content-length: 14

09:05:00.295 [AsyncHttpClient-1-8] DEBUG o.a.netty.channel.ChannelManager - Adding key: http://localhost:49850 for channel [id: 0x4216d972, L:/127.0.0.1:54232 - R:localhost/127.0.0.1:49850]
09:05:00.329 [AsyncHttpClient-1-8] DEBUG o.a.netty.handler.HttpHandler - Channel Closed: [id: 0x4216d972, L:/127.0.0.1:54232 ! R:localhost/127.0.0.1:49850] with attribute DISCARD
09:05:00.853 [main] INFO   - 
  _____   ___   ___   _____     ___     _     ___   ___   ___   ___  
 |_   _| | __| / __| |_   _|   | _ \   /_\   / __| / __| | __| |   \ 
   | |   | _|  \__ \   | |     |  _/  / _ \  \__ \ \__ \ | _|  | |) |
   |_|   |___| |___/   |_|     |_|   /_/ \_\ |___/ |___/ |___| |___/ 

Verify one existing comments
----------------------------------------------------------------------
]]></system-out>
    <system-err><![CDATA[Starting ChromeDriver 99.0.4844.51 (d537ec02474b5afe23684e7963d538896c63ac77-refs/branch-heads/4844@{#875}) on port 49850
Only local connections are allowed.
Please see https://chromedriver.chromium.org/security-considerations for suggestions on keeping ChromeDriver safe.
ChromeDriver was started successfully.
Mar 30, 2022 9:04:59 AM org.openqa.selenium.remote.ProtocolHandshake createSession
INFO: Detected dialect: W3C
Mar 30, 2022 9:05:00 AM org.openqa.selenium.devtools.CdpVersionFinder findNearestMatch
WARNING: Unable to find an exact match for CDP version 99, so returning the closest version found: 96
Mar 30, 2022 9:05:00 AM org.openqa.selenium.devtools.CdpVersionFinder findNearestMatch
INFO: Found CDP implementation for version 99 of 96
]]></system-err>
  </testcase>
  <testcase name="Login fail possible combinations" classname="Test Invalid User Credentials Feature" time="36.798">
    <system-out><![CDATA[09:05:00.855 [main] INFO  i.c.core.plugin.SerenityReporter - Running feature from file:///Z:/Automation/JavaCucumber/BDD_HCL/CucumberHCL/src/main/resources/AppFeatures/ValidateAndVerifyInvalidLogin.feature
09:05:00.855 [main] WARN  i.c.core.plugin.SerenityReporter - Feature from file:///Z:/Automation/JavaCucumber/BDD_HCL/CucumberHCL/src/main/resources/AppFeatures/ValidateAndVerifyInvalidLogin.feature is not under the 'features' directory. Requirements report will not be correctly generated!
09:05:00.857 [main] DEBUG n.thucydides.core.steps.StepEventBus - Test suite started for story net.thucydides.core.model.Story@b13a1f46
09:05:00.858 [main] INFO   - Test Suite Started: Test Invalid User Credentials Feature

@All @testInvalid
Scenario Outline: Login fail possible combinations                                                                                   &amp#27;[90m# src/main/resources/AppFeatures/ValidateAndVerifyInvalidLogin.feature:15&amp#27;[0m
09:05:00.865 [main] INFO  i.c.core.plugin.SerenityReporter - Running feature from file:///Z:/Automation/JavaCucumber/BDD_HCL/CucumberHCL/src/main/resources/AppFeatures/ValidateAndVerifyInvalidLogin.feature
09:05:00.865 [main] WARN  i.c.core.plugin.SerenityReporter - Feature from file:///Z:/Automation/JavaCucumber/BDD_HCL/CucumberHCL/src/main/resources/AppFeatures/ValidateAndVerifyInvalidLogin.feature is not under the 'features' directory. Requirements report will not be correctly generated!
09:05:00.871 [main] INFO   - 
  _____   ___   ___   _____     ___   _____     _     ___   _____   ___   ___  
 |_   _| | __| / __| |_   _|   / __| |_   _|   /_\   | _ \ |_   _| | __| |   \ 
   | |   | _|  \__ \   | |     \__ \   | |    / _ \  |   /   | |   | _|  | |) |
   |_|   |___| |___/   |_|     |___/   |_|   /_/ \_\ |_|_\   |_|   |___| |___/ 

Login fail possible combinations(test-invalid-user-credentials-feature;login-fail-possible-combinations)
--------------------------------------------------------------------------------
DEBUG [main] (DriversFactory.java:28) - Initialize Driver Browser Configuration
DEBUG [main] (DriversFactory.java:28)- Initialize Driver Browser Configuration
DEBUG [main] (DriversFactory.java:30) -  Driver Browser : chrome
DEBUG [main] (DriversFactory.java:30)-  Driver Browser : chrome
09:05:00.888 [main] DEBUG i.g.bonigarcia.wdm.WebDriverManager - Driver chromedriver 99.0.4844.51 found in cache
09:05:00.889 [main] INFO  i.g.bonigarcia.wdm.WebDriverManager - Exporting webdriver.chrome.driver as C:\Users\DheyClaveria\.cache\selenium\chromedriver\win32\99.0.4844.51\chromedriver.exe
09:05:01.181 [AsyncHttpClient-1-1] DEBUG o.a.netty.channel.DefaultChannelPool - Entry count for : http://localhost:49850 : 1
09:05:01.181 [AsyncHttpClient-1-1] DEBUG o.a.netty.channel.DefaultChannelPool - Entry count for : http://localhost:54233 : 1
09:05:01.181 [AsyncHttpClient-1-1] DEBUG o.a.netty.channel.DefaultChannelPool - Adding Candidate expired Channel [id: 0x4216d972, L:/127.0.0.1:54232 ! R:localhost/127.0.0.1:49850] isIdleTimeoutExpired=false isRemotelyClosed=true isTtlExpired=false
09:05:01.181 [AsyncHttpClient-1-1] DEBUG o.a.netty.channel.DefaultChannelPool - Closing Idle Channel [id: 0x4216d972, L:/127.0.0.1:54232 ! R:localhost/127.0.0.1:49850]
09:05:01.181 [AsyncHttpClient-1-1] DEBUG o.a.netty.channel.DefaultChannelPool - Adding Candidate expired Channel [id: 0x25ccf237, L:/127.0.0.1:54239 ! R:localhost/127.0.0.1:54233] isIdleTimeoutExpired=false isRemotelyClosed=true isTtlExpired=false
09:05:01.181 [AsyncHttpClient-1-1] DEBUG o.a.netty.channel.DefaultChannelPool - Closing Idle Channel [id: 0x25ccf237, L:/127.0.0.1:54239 ! R:localhost/127.0.0.1:54233]
09:05:01.181 [AsyncHttpClient-1-1] DEBUG o.a.netty.channel.DefaultChannelPool - Closed 2 connections out of 2 in 0 ms
09:05:01.418 [AsyncHttpClient-1-11] DEBUG o.a.n.channel.NettyConnectListener - Using new Channel '[id: 0x828d045e, L:/127.0.0.1:54249 - R:localhost/127.0.0.1:57395]' for 'POST' to '/session'
DEBUG [Finalizer] (DefaultClientConnection.java:180) - Connection 0.0.0.0:54225<->127.0.0.1:3000 closed
DEBUG [Finalizer] (DefaultClientConnection.java:180)- Connection 0.0.0.0:54225<->127.0.0.1:3000 closed
DEBUG [Finalizer] (DefaultClientConnection.java:180) - Connection 0.0.0.0:54226<->127.0.0.1:3000 closed
DEBUG [Finalizer] (DefaultClientConnection.java:180)- Connection 0.0.0.0:54226<->127.0.0.1:3000 closed
09:05:02.086 [AsyncHttpClient-1-11] DEBUG o.a.netty.handler.HttpHandler - 

Request DefaultHttpRequest(decodeResult: success, version: HTTP/1.1)
POST /session HTTP/1.1
User-Agent: selenium/4.1.2 (java windows)
Content-Length: 365
Content-Type: application/json; charset=utf-8
host: localhost:57395
accept: */*

Response DefaultHttpResponse(decodeResult: success, version: HTTP/1.1)
HTTP/1.1 200 OK
Content-Type: application/json; charset=utf-8
cache-control: no-cache
content-length: 795

09:05:02.086 [AsyncHttpClient-1-11] DEBUG o.a.netty.channel.ChannelManager - Adding key: http://localhost:57395 for channel [id: 0x828d045e, L:/127.0.0.1:54249 - R:localhost/127.0.0.1:57395]
09:05:02.093 [AsyncHttpClient-1-12] DEBUG o.a.n.channel.NettyConnectListener - Using new Channel '[id: 0x88faf2d2, L:/127.0.0.1:54256 - R:localhost/127.0.0.1:54250]' for 'GET' to '/json/version'
09:05:02.097 [AsyncHttpClient-1-12] DEBUG o.a.netty.handler.HttpHandler - 

Request DefaultFullHttpRequest(decodeResult: success, version: HTTP/1.1, content: EmptyByteBufBE)
GET /json/version HTTP/1.1
User-Agent: selenium/4.1.2 (java windows)
host: localhost:54250
accept: */*

Response DefaultHttpResponse(decodeResult: success, version: HTTP/1.1)
HTTP/1.1 200 OK
Content-Type: application/json; charset=UTF-8
content-length: 424

09:05:02.097 [AsyncHttpClient-1-12] DEBUG o.a.netty.channel.ChannelManager - Adding key: http://localhost:54250 for channel [id: 0x88faf2d2, L:/127.0.0.1:54256 - R:localhost/127.0.0.1:54250]
09:05:02.099 [AsyncHttpClient-1-13] DEBUG o.a.n.channel.NettyConnectListener - Using new Channel '[id: 0xff82a847, L:/127.0.0.1:54257 - R:localhost/127.0.0.1:54250]' for 'GET' to '/devtools/browser/8976c35b-b05c-4ae3-8408-14866dc42f70'
09:05:02.104 [AsyncHttpClient-1-13] DEBUG o.a.netty.handler.WebSocketHandler - 

Request DefaultFullHttpRequest(decodeResult: success, version: HTTP/1.1, content: EmptyByteBufBE)
GET /devtools/browser/8976c35b-b05c-4ae3-8408-14866dc42f70 HTTP/1.1
upgrade: websocket
connection: upgrade
sec-websocket-key: cCXpiGupYnsvezCrEPTVSw==
sec-websocket-version: 13
origin: http://localhost:54250
host: localhost:54250
accept: */*
user-agent: AHC/2.1

Response DefaultHttpResponse(decodeResult: success, version: HTTP/1.1)
HTTP/1.1 101 WebSocket Protocol Handshake
Upgrade: WebSocket
Connection: Upgrade
Sec-WebSocket-Accept: TfAZ+aHbNzIRyyK8GMFvVigZdfc=

09:05:02.108 [Forwarding deleteAllCookies on session 8f1c87a249f6efe38257732a322a7ee5 to remote] DEBUG o.a.netty.request.NettyRequestSender - Using pooled Channel '[id: 0x828d045e, L:/127.0.0.1:54249 - R:localhost/127.0.0.1:57395]' for 'DELETE' to 'http://localhost:57395/session/8f1c87a249f6efe38257732a322a7ee5/cookie'
09:05:02.108 [Forwarding deleteAllCookies on session 8f1c87a249f6efe38257732a322a7ee5 to remote] DEBUG o.a.netty.request.NettyRequestSender - Using open Channel [id: 0x828d045e, L:/127.0.0.1:54249 - R:localhost/127.0.0.1:57395] for DELETE '/session/8f1c87a249f6efe38257732a322a7ee5/cookie'
09:05:02.113 [AsyncHttpClient-1-11] DEBUG o.a.netty.handler.HttpHandler - 

Request DefaultFullHttpRequest(decodeResult: success, version: HTTP/1.1, content: EmptyByteBufBE)
DELETE /session/8f1c87a249f6efe38257732a322a7ee5/cookie HTTP/1.1
User-Agent: selenium/4.1.2 (java windows)
Content-Type: application/json; charset=utf-8
host: localhost:57395
accept: */*

Response DefaultHttpResponse(decodeResult: success, version: HTTP/1.1)
HTTP/1.1 200 OK
Content-Type: application/json; charset=utf-8
cache-control: no-cache
content-length: 14

09:05:02.113 [AsyncHttpClient-1-11] DEBUG o.a.netty.channel.ChannelManager - Adding key: http://localhost:57395 for channel [id: 0x828d045e, L:/127.0.0.1:54249 - R:localhost/127.0.0.1:57395]
09:05:02.115 [Forwarding maximizeCurrentWindow on session 8f1c87a249f6efe38257732a322a7ee5 to remote] DEBUG o.a.netty.request.NettyRequestSender - Using pooled Channel '[id: 0x828d045e, L:/127.0.0.1:54249 - R:localhost/127.0.0.1:57395]' for 'POST' to 'http://localhost:57395/session/8f1c87a249f6efe38257732a322a7ee5/window/maximize'
09:05:02.115 [Forwarding maximizeCurrentWindow on session 8f1c87a249f6efe38257732a322a7ee5 to remote] DEBUG o.a.netty.request.NettyRequestSender - Using open Channel [id: 0x828d045e, L:/127.0.0.1:54249 - R:localhost/127.0.0.1:57395] for POST '/session/8f1c87a249f6efe38257732a322a7ee5/window/maximize'
09:05:02.231 [AsyncHttpClient-1-11] DEBUG o.a.netty.handler.HttpHandler - 

Request DefaultHttpRequest(decodeResult: success, version: HTTP/1.1)
POST /session/8f1c87a249f6efe38257732a322a7ee5/window/maximize HTTP/1.1
User-Agent: selenium/4.1.2 (java windows)
Content-Length: 3
Content-Type: application/json; charset=utf-8
host: localhost:57395
accept: */*

Response DefaultHttpResponse(decodeResult: success, version: HTTP/1.1)
HTTP/1.1 200 OK
Content-Type: application/json; charset=utf-8
cache-control: no-cache
content-length: 52

09:05:02.231 [AsyncHttpClient-1-11] DEBUG o.a.netty.channel.ChannelManager - Adding key: http://localhost:57395 for channel [id: 0x828d045e, L:/127.0.0.1:54249 - R:localhost/127.0.0.1:57395]
09:05:02.241 [Forwarding get on session 8f1c87a249f6efe38257732a322a7ee5 to remote] DEBUG o.a.netty.request.NettyRequestSender - Using pooled Channel '[id: 0x828d045e, L:/127.0.0.1:54249 - R:localhost/127.0.0.1:57395]' for 'POST' to 'http://localhost:57395/session/8f1c87a249f6efe38257732a322a7ee5/url'
09:05:02.241 [Forwarding get on session 8f1c87a249f6efe38257732a322a7ee5 to remote] DEBUG o.a.netty.request.NettyRequestSender - Using open Channel [id: 0x828d045e, L:/127.0.0.1:54249 - R:localhost/127.0.0.1:57395] for POST '/session/8f1c87a249f6efe38257732a322a7ee5/url'
09:05:02.278 [AsyncHttpClient-1-1] DEBUG o.a.netty.channel.DefaultChannelPool - Entry count for : http://localhost:54250 : 1
09:05:02.473 [AsyncHttpClient-1-11] DEBUG o.a.netty.handler.HttpHandler - 

Request DefaultHttpRequest(decodeResult: success, version: HTTP/1.1)
POST /session/8f1c87a249f6efe38257732a322a7ee5/url HTTP/1.1
User-Agent: selenium/4.1.2 (java windows)
Content-Length: 148
Content-Type: application/json; charset=utf-8
host: localhost:57395
accept: */*

Response DefaultHttpResponse(decodeResult: success, version: HTTP/1.1)
HTTP/1.1 200 OK
Content-Type: application/json; charset=utf-8
cache-control: no-cache
content-length: 14

09:05:02.473 [AsyncHttpClient-1-11] DEBUG o.a.netty.channel.ChannelManager - Adding key: http://localhost:57395 for channel [id: 0x828d045e, L:/127.0.0.1:54249 - R:localhost/127.0.0.1:57395]
09:05:02.475 [Forwarding getTitle on session 8f1c87a249f6efe38257732a322a7ee5 to remote] DEBUG o.a.netty.request.NettyRequestSender - Using pooled Channel '[id: 0x828d045e, L:/127.0.0.1:54249 - R:localhost/127.0.0.1:57395]' for 'GET' to 'http://localhost:57395/session/8f1c87a249f6efe38257732a322a7ee5/title'
09:05:02.475 [Forwarding getTitle on session 8f1c87a249f6efe38257732a322a7ee5 to remote] DEBUG o.a.netty.request.NettyRequestSender - Using open Channel [id: 0x828d045e, L:/127.0.0.1:54249 - R:localhost/127.0.0.1:57395] for GET '/session/8f1c87a249f6efe38257732a322a7ee5/title'
09:05:02.479 [AsyncHttpClient-1-11] DEBUG o.a.netty.handler.HttpHandler - 

Request DefaultFullHttpRequest(decodeResult: success, version: HTTP/1.1, content: EmptyByteBufBE)
GET /session/8f1c87a249f6efe38257732a322a7ee5/title HTTP/1.1
User-Agent: selenium/4.1.2 (java windows)
Cache-Control: no-cache
Content-Type: application/json; charset=utf-8
host: localhost:57395
accept: */*

Response DefaultHttpResponse(decodeResult: success, version: HTTP/1.1)
HTTP/1.1 200 OK
Content-Type: application/json; charset=utf-8
cache-control: no-cache
content-length: 22

09:05:02.480 [AsyncHttpClient-1-11] DEBUG o.a.netty.channel.ChannelManager - Adding key: http://localhost:57395 for channel [id: 0x828d045e, L:/127.0.0.1:54249 - R:localhost/127.0.0.1:57395]
09:05:02.483 [Forwarding getTitle on session 8f1c87a249f6efe38257732a322a7ee5 to remote] DEBUG o.a.netty.request.NettyRequestSender - Using pooled Channel '[id: 0x828d045e, L:/127.0.0.1:54249 - R:localhost/127.0.0.1:57395]' for 'GET' to 'http://localhost:57395/session/8f1c87a249f6efe38257732a322a7ee5/title'
09:05:02.483 [Forwarding getTitle on session 8f1c87a249f6efe38257732a322a7ee5 to remote] DEBUG o.a.netty.request.NettyRequestSender - Using open Channel [id: 0x828d045e, L:/127.0.0.1:54249 - R:localhost/127.0.0.1:57395] for GET '/session/8f1c87a249f6efe38257732a322a7ee5/title'
09:05:02.486 [AsyncHttpClient-1-11] DEBUG o.a.netty.handler.HttpHandler - 

Request DefaultFullHttpRequest(decodeResult: success, version: HTTP/1.1, content: EmptyByteBufBE)
GET /session/8f1c87a249f6efe38257732a322a7ee5/title HTTP/1.1
User-Agent: selenium/4.1.2 (java windows)
Cache-Control: no-cache
Content-Type: application/json; charset=utf-8
host: localhost:57395
accept: */*

Response DefaultHttpResponse(decodeResult: success, version: HTTP/1.1)
HTTP/1.1 200 OK
Content-Type: application/json; charset=utf-8
cache-control: no-cache
content-length: 22

09:05:02.487 [AsyncHttpClient-1-11] DEBUG o.a.netty.channel.ChannelManager - Adding key: http://localhost:57395 for channel [id: 0x828d045e, L:/127.0.0.1:54249 - R:localhost/127.0.0.1:57395]
09:05:03.382 [AsyncHttpClient-1-1] DEBUG o.a.netty.channel.DefaultChannelPool - Entry count for : http://localhost:54250 : 1
09:05:03.382 [AsyncHttpClient-1-1] DEBUG o.a.netty.channel.DefaultChannelPool - Entry count for : http://localhost:57395 : 1
09:05:04.484 [AsyncHttpClient-1-1] DEBUG o.a.netty.channel.DefaultChannelPool - Entry count for : http://localhost:54250 : 1
09:05:04.484 [AsyncHttpClient-1-1] DEBUG o.a.netty.channel.DefaultChannelPool - Entry count for : http://localhost:57395 : 1
09:05:05.584 [AsyncHttpClient-1-1] DEBUG o.a.netty.channel.DefaultChannelPool - Entry count for : http://localhost:54250 : 1
09:05:05.584 [AsyncHttpClient-1-1] DEBUG o.a.netty.channel.DefaultChannelPool - Entry count for : http://localhost:57395 : 1
09:05:06.684 [AsyncHttpClient-1-1] DEBUG o.a.netty.channel.DefaultChannelPool - Entry count for : http://localhost:54250 : 1
09:05:06.684 [AsyncHttpClient-1-1] DEBUG o.a.netty.channel.DefaultChannelPool - Entry count for : http://localhost:57395 : 1
  &amp#27;[32mGiven &amp#27;[0m&amp#27;[32mthat the user should navigate in PEGA Login Page&amp#27;[0m                                                                             &amp#27;[90m# stepdefinitions.LoginPageSteps.that_the_user_should_navigate_in_pega_login_page()&amp#27;[0m
09:05:07.503 [Forwarding findElement on session 8f1c87a249f6efe38257732a322a7ee5 to remote] DEBUG o.a.netty.request.NettyRequestSender - Using pooled Channel '[id: 0x828d045e, L:/127.0.0.1:54249 - R:localhost/127.0.0.1:57395]' for 'POST' to 'http://localhost:57395/session/8f1c87a249f6efe38257732a322a7ee5/element'
09:05:07.504 [Forwarding findElement on session 8f1c87a249f6efe38257732a322a7ee5 to remote] DEBUG o.a.netty.request.NettyRequestSender - Using open Channel [id: 0x828d045e, L:/127.0.0.1:54249 - R:localhost/127.0.0.1:57395] for POST '/session/8f1c87a249f6efe38257732a322a7ee5/element'
09:05:07.518 [AsyncHttpClient-1-11] DEBUG o.a.netty.handler.HttpHandler - 

Request DefaultHttpRequest(decodeResult: success, version: HTTP/1.1)
POST /session/8f1c87a249f6efe38257732a322a7ee5/element HTTP/1.1
User-Agent: selenium/4.1.2 (java windows)
Content-Length: 128
Content-Type: application/json; charset=utf-8
host: localhost:57395
accept: */*

Response DefaultHttpResponse(decodeResult: success, version: HTTP/1.1)
HTTP/1.1 200 OK
Content-Type: application/json; charset=utf-8
cache-control: no-cache
content-length: 88

09:05:07.519 [AsyncHttpClient-1-11] DEBUG o.a.netty.channel.ChannelManager - Adding key: http://localhost:57395 for channel [id: 0x828d045e, L:/127.0.0.1:54249 - R:localhost/127.0.0.1:57395]
09:05:07.531 [Forwarding isElementDisplayed on session 8f1c87a249f6efe38257732a322a7ee5 to remote] DEBUG o.a.netty.request.NettyRequestSender - Using pooled Channel '[id: 0x828d045e, L:/127.0.0.1:54249 - R:localhost/127.0.0.1:57395]' for 'POST' to 'http://localhost:57395/session/8f1c87a249f6efe38257732a322a7ee5/execute/sync'
09:05:07.531 [Forwarding isElementDisplayed on session 8f1c87a249f6efe38257732a322a7ee5 to remote] DEBUG o.a.netty.request.NettyRequestSender - Using open Channel [id: 0x828d045e, L:/127.0.0.1:54249 - R:localhost/127.0.0.1:57395] for POST '/session/8f1c87a249f6efe38257732a322a7ee5/execute/sync'
09:05:07.555 [AsyncHttpClient-1-11] DEBUG o.a.netty.handler.HttpHandler - 

Request DefaultHttpRequest(decodeResult: success, version: HTTP/1.1)
POST /session/8f1c87a249f6efe38257732a322a7ee5/execute/sync HTTP/1.1
User-Agent: selenium/4.1.2 (java windows)
Content-Length: 48780
Content-Type: application/json; charset=utf-8
host: localhost:57395
accept: */*

Response DefaultHttpResponse(decodeResult: success, version: HTTP/1.1)
HTTP/1.1 200 OK
Content-Type: application/json; charset=utf-8
cache-control: no-cache
content-length: 14

09:05:07.555 [AsyncHttpClient-1-11] DEBUG o.a.netty.channel.ChannelManager - Adding key: http://localhost:57395 for channel [id: 0x828d045e, L:/127.0.0.1:54249 - R:localhost/127.0.0.1:57395]
09:05:07.557 [Forwarding findElement on session 8f1c87a249f6efe38257732a322a7ee5 to remote] DEBUG o.a.netty.request.NettyRequestSender - Using pooled Channel '[id: 0x828d045e, L:/127.0.0.1:54249 - R:localhost/127.0.0.1:57395]' for 'POST' to 'http://localhost:57395/session/8f1c87a249f6efe38257732a322a7ee5/element'
09:05:07.557 [Forwarding findElement on session 8f1c87a249f6efe38257732a322a7ee5 to remote] DEBUG o.a.netty.request.NettyRequestSender - Using open Channel [id: 0x828d045e, L:/127.0.0.1:54249 - R:localhost/127.0.0.1:57395] for POST '/session/8f1c87a249f6efe38257732a322a7ee5/element'
09:05:07.565 [AsyncHttpClient-1-11] DEBUG o.a.netty.handler.HttpHandler - 

Request DefaultHttpRequest(decodeResult: success, version: HTTP/1.1)
POST /session/8f1c87a249f6efe38257732a322a7ee5/element HTTP/1.1
User-Agent: selenium/4.1.2 (java windows)
Content-Length: 128
Content-Type: application/json; charset=utf-8
host: localhost:57395
accept: */*

Response DefaultHttpResponse(decodeResult: success, version: HTTP/1.1)
HTTP/1.1 200 OK
Content-Type: application/json; charset=utf-8
cache-control: no-cache
content-length: 88

09:05:07.565 [AsyncHttpClient-1-11] DEBUG o.a.netty.channel.ChannelManager - Adding key: http://localhost:57395 for channel [id: 0x828d045e, L:/127.0.0.1:54249 - R:localhost/127.0.0.1:57395]
09:05:07.571 [Forwarding isElementDisplayed on session 8f1c87a249f6efe38257732a322a7ee5 to remote] DEBUG o.a.netty.request.NettyRequestSender - Using pooled Channel '[id: 0x828d045e, L:/127.0.0.1:54249 - R:localhost/127.0.0.1:57395]' for 'POST' to 'http://localhost:57395/session/8f1c87a249f6efe38257732a322a7ee5/execute/sync'
09:05:07.571 [Forwarding isElementDisplayed on session 8f1c87a249f6efe38257732a322a7ee5 to remote] DEBUG o.a.netty.request.NettyRequestSender - Using open Channel [id: 0x828d045e, L:/127.0.0.1:54249 - R:localhost/127.0.0.1:57395] for POST '/session/8f1c87a249f6efe38257732a322a7ee5/execute/sync'
09:05:07.585 [AsyncHttpClient-1-11] DEBUG o.a.netty.handler.HttpHandler - 

Request DefaultHttpRequest(decodeResult: success, version: HTTP/1.1)
POST /session/8f1c87a249f6efe38257732a322a7ee5/execute/sync HTTP/1.1
User-Agent: selenium/4.1.2 (java windows)
Content-Length: 48780
Content-Type: application/json; charset=utf-8
host: localhost:57395
accept: */*

Response DefaultHttpResponse(decodeResult: success, version: HTTP/1.1)
HTTP/1.1 200 OK
Content-Type: application/json; charset=utf-8
cache-control: no-cache
content-length: 14

09:05:07.586 [AsyncHttpClient-1-11] DEBUG o.a.netty.channel.ChannelManager - Adding key: http://localhost:57395 for channel [id: 0x828d045e, L:/127.0.0.1:54249 - R:localhost/127.0.0.1:57395]
09:05:07.588 [Forwarding findElement on session 8f1c87a249f6efe38257732a322a7ee5 to remote] DEBUG o.a.netty.request.NettyRequestSender - Using pooled Channel '[id: 0x828d045e, L:/127.0.0.1:54249 - R:localhost/127.0.0.1:57395]' for 'POST' to 'http://localhost:57395/session/8f1c87a249f6efe38257732a322a7ee5/element'
09:05:07.588 [Forwarding findElement on session 8f1c87a249f6efe38257732a322a7ee5 to remote] DEBUG o.a.netty.request.NettyRequestSender - Using open Channel [id: 0x828d045e, L:/127.0.0.1:54249 - R:localhost/127.0.0.1:57395] for POST '/session/8f1c87a249f6efe38257732a322a7ee5/element'
09:05:07.596 [AsyncHttpClient-1-11] DEBUG o.a.netty.handler.HttpHandler - 

Request DefaultHttpRequest(decodeResult: success, version: HTTP/1.1)
POST /session/8f1c87a249f6efe38257732a322a7ee5/element HTTP/1.1
User-Agent: selenium/4.1.2 (java windows)
Content-Length: 128
Content-Type: application/json; charset=utf-8
host: localhost:57395
accept: */*

Response DefaultHttpResponse(decodeResult: success, version: HTTP/1.1)
HTTP/1.1 200 OK
Content-Type: application/json; charset=utf-8
cache-control: no-cache
content-length: 88

09:05:07.596 [AsyncHttpClient-1-11] DEBUG o.a.netty.channel.ChannelManager - Adding key: http://localhost:57395 for channel [id: 0x828d045e, L:/127.0.0.1:54249 - R:localhost/127.0.0.1:57395]
09:05:07.598 [Forwarding isElementEnabled on session 8f1c87a249f6efe38257732a322a7ee5 to remote] DEBUG o.a.netty.request.NettyRequestSender - Using pooled Channel '[id: 0x828d045e, L:/127.0.0.1:54249 - R:localhost/127.0.0.1:57395]' for 'GET' to 'http://localhost:57395/session/8f1c87a249f6efe38257732a322a7ee5/element/5866b7d5-bb4c-4d1f-b4df-90b35181f676/enabled'
09:05:07.599 [Forwarding isElementEnabled on session 8f1c87a249f6efe38257732a322a7ee5 to remote] DEBUG o.a.netty.request.NettyRequestSender - Using open Channel [id: 0x828d045e, L:/127.0.0.1:54249 - R:localhost/127.0.0.1:57395] for GET '/session/8f1c87a249f6efe38257732a322a7ee5/element/5866b7d5-bb4c-4d1f-b4df-90b35181f676/enabled'
09:05:07.607 [AsyncHttpClient-1-11] DEBUG o.a.netty.handler.HttpHandler - 

Request DefaultFullHttpRequest(decodeResult: success, version: HTTP/1.1, content: EmptyByteBufBE)
GET /session/8f1c87a249f6efe38257732a322a7ee5/element/5866b7d5-bb4c-4d1f-b4df-90b35181f676/enabled HTTP/1.1
User-Agent: selenium/4.1.2 (java windows)
Cache-Control: no-cache
Content-Type: application/json; charset=utf-8
host: localhost:57395
accept: */*

Response DefaultHttpResponse(decodeResult: success, version: HTTP/1.1)
HTTP/1.1 200 OK
Content-Type: application/json; charset=utf-8
cache-control: no-cache
content-length: 14

09:05:07.607 [AsyncHttpClient-1-11] DEBUG o.a.netty.channel.ChannelManager - Adding key: http://localhost:57395 for channel [id: 0x828d045e, L:/127.0.0.1:54249 - R:localhost/127.0.0.1:57395]
09:05:07.609 [Forwarding findElement on session 8f1c87a249f6efe38257732a322a7ee5 to remote] DEBUG o.a.netty.request.NettyRequestSender - Using pooled Channel '[id: 0x828d045e, L:/127.0.0.1:54249 - R:localhost/127.0.0.1:57395]' for 'POST' to 'http://localhost:57395/session/8f1c87a249f6efe38257732a322a7ee5/element'
09:05:07.609 [Forwarding findElement on session 8f1c87a249f6efe38257732a322a7ee5 to remote] DEBUG o.a.netty.request.NettyRequestSender - Using open Channel [id: 0x828d045e, L:/127.0.0.1:54249 - R:localhost/127.0.0.1:57395] for POST '/session/8f1c87a249f6efe38257732a322a7ee5/element'
09:05:07.621 [AsyncHttpClient-1-11] DEBUG o.a.netty.handler.HttpHandler - 

Request DefaultHttpRequest(decodeResult: success, version: HTTP/1.1)
POST /session/8f1c87a249f6efe38257732a322a7ee5/element HTTP/1.1
User-Agent: selenium/4.1.2 (java windows)
Content-Length: 132
Content-Type: application/json; charset=utf-8
host: localhost:57395
accept: */*

Response DefaultHttpResponse(decodeResult: success, version: HTTP/1.1)
HTTP/1.1 200 OK
Content-Type: application/json; charset=utf-8
cache-control: no-cache
content-length: 88

09:05:07.621 [AsyncHttpClient-1-11] DEBUG o.a.netty.channel.ChannelManager - Adding key: http://localhost:57395 for channel [id: 0x828d045e, L:/127.0.0.1:54249 - R:localhost/127.0.0.1:57395]
09:05:07.627 [Forwarding isElementDisplayed on session 8f1c87a249f6efe38257732a322a7ee5 to remote] DEBUG o.a.netty.request.NettyRequestSender - Using pooled Channel '[id: 0x828d045e, L:/127.0.0.1:54249 - R:localhost/127.0.0.1:57395]' for 'POST' to 'http://localhost:57395/session/8f1c87a249f6efe38257732a322a7ee5/execute/sync'
09:05:07.627 [Forwarding isElementDisplayed on session 8f1c87a249f6efe38257732a322a7ee5 to remote] DEBUG o.a.netty.request.NettyRequestSender - Using open Channel [id: 0x828d045e, L:/127.0.0.1:54249 - R:localhost/127.0.0.1:57395] for POST '/session/8f1c87a249f6efe38257732a322a7ee5/execute/sync'
09:05:07.638 [AsyncHttpClient-1-11] DEBUG o.a.netty.handler.HttpHandler - 

Request DefaultHttpRequest(decodeResult: success, version: HTTP/1.1)
POST /session/8f1c87a249f6efe38257732a322a7ee5/execute/sync HTTP/1.1
User-Agent: selenium/4.1.2 (java windows)
Content-Length: 48780
Content-Type: application/json; charset=utf-8
host: localhost:57395
accept: */*

Response DefaultHttpResponse(decodeResult: success, version: HTTP/1.1)
HTTP/1.1 200 OK
Content-Type: application/json; charset=utf-8
cache-control: no-cache
content-length: 14

09:05:07.639 [AsyncHttpClient-1-11] DEBUG o.a.netty.channel.ChannelManager - Adding key: http://localhost:57395 for channel [id: 0x828d045e, L:/127.0.0.1:54249 - R:localhost/127.0.0.1:57395]
09:05:07.641 [Forwarding findElement on session 8f1c87a249f6efe38257732a322a7ee5 to remote] DEBUG o.a.netty.request.NettyRequestSender - Using pooled Channel '[id: 0x828d045e, L:/127.0.0.1:54249 - R:localhost/127.0.0.1:57395]' for 'POST' to 'http://localhost:57395/session/8f1c87a249f6efe38257732a322a7ee5/element'
09:05:07.641 [Forwarding findElement on session 8f1c87a249f6efe38257732a322a7ee5 to remote] DEBUG o.a.netty.request.NettyRequestSender - Using open Channel [id: 0x828d045e, L:/127.0.0.1:54249 - R:localhost/127.0.0.1:57395] for POST '/session/8f1c87a249f6efe38257732a322a7ee5/element'
09:05:07.648 [AsyncHttpClient-1-11] DEBUG o.a.netty.handler.HttpHandler - 

Request DefaultHttpRequest(decodeResult: success, version: HTTP/1.1)
POST /session/8f1c87a249f6efe38257732a322a7ee5/element HTTP/1.1
User-Agent: selenium/4.1.2 (java windows)
Content-Length: 132
Content-Type: application/json; charset=utf-8
host: localhost:57395
accept: */*

Response DefaultHttpResponse(decodeResult: success, version: HTTP/1.1)
HTTP/1.1 200 OK
Content-Type: application/json; charset=utf-8
cache-control: no-cache
content-length: 88

09:05:07.648 [AsyncHttpClient-1-11] DEBUG o.a.netty.channel.ChannelManager - Adding key: http://localhost:57395 for channel [id: 0x828d045e, L:/127.0.0.1:54249 - R:localhost/127.0.0.1:57395]
09:05:07.654 [Forwarding isElementDisplayed on session 8f1c87a249f6efe38257732a322a7ee5 to remote] DEBUG o.a.netty.request.NettyRequestSender - Using pooled Channel '[id: 0x828d045e, L:/127.0.0.1:54249 - R:localhost/127.0.0.1:57395]' for 'POST' to 'http://localhost:57395/session/8f1c87a249f6efe38257732a322a7ee5/execute/sync'
09:05:07.654 [Forwarding isElementDisplayed on session 8f1c87a249f6efe38257732a322a7ee5 to remote] DEBUG o.a.netty.request.NettyRequestSender - Using open Channel [id: 0x828d045e, L:/127.0.0.1:54249 - R:localhost/127.0.0.1:57395] for POST '/session/8f1c87a249f6efe38257732a322a7ee5/execute/sync'
09:05:07.665 [AsyncHttpClient-1-11] DEBUG o.a.netty.handler.HttpHandler - 

Request DefaultHttpRequest(decodeResult: success, version: HTTP/1.1)
POST /session/8f1c87a249f6efe38257732a322a7ee5/execute/sync HTTP/1.1
User-Agent: selenium/4.1.2 (java windows)
Content-Length: 48780
Content-Type: application/json; charset=utf-8
host: localhost:57395
accept: */*

Response DefaultHttpResponse(decodeResult: success, version: HTTP/1.1)
HTTP/1.1 200 OK
Content-Type: application/json; charset=utf-8
cache-control: no-cache
content-length: 14

09:05:07.665 [AsyncHttpClient-1-11] DEBUG o.a.netty.channel.ChannelManager - Adding key: http://localhost:57395 for channel [id: 0x828d045e, L:/127.0.0.1:54249 - R:localhost/127.0.0.1:57395]
09:05:07.667 [Forwarding findElement on session 8f1c87a249f6efe38257732a322a7ee5 to remote] DEBUG o.a.netty.request.NettyRequestSender - Using pooled Channel '[id: 0x828d045e, L:/127.0.0.1:54249 - R:localhost/127.0.0.1:57395]' for 'POST' to 'http://localhost:57395/session/8f1c87a249f6efe38257732a322a7ee5/element'
09:05:07.667 [Forwarding findElement on session 8f1c87a249f6efe38257732a322a7ee5 to remote] DEBUG o.a.netty.request.NettyRequestSender - Using open Channel [id: 0x828d045e, L:/127.0.0.1:54249 - R:localhost/127.0.0.1:57395] for POST '/session/8f1c87a249f6efe38257732a322a7ee5/element'
09:05:07.674 [AsyncHttpClient-1-11] DEBUG o.a.netty.handler.HttpHandler - 

Request DefaultHttpRequest(decodeResult: success, version: HTTP/1.1)
POST /session/8f1c87a249f6efe38257732a322a7ee5/element HTTP/1.1
User-Agent: selenium/4.1.2 (java windows)
Content-Length: 132
Content-Type: application/json; charset=utf-8
host: localhost:57395
accept: */*

Response DefaultHttpResponse(decodeResult: success, version: HTTP/1.1)
HTTP/1.1 200 OK
Content-Type: application/json; charset=utf-8
cache-control: no-cache
content-length: 88

09:05:07.674 [AsyncHttpClient-1-11] DEBUG o.a.netty.channel.ChannelManager - Adding key: http://localhost:57395 for channel [id: 0x828d045e, L:/127.0.0.1:54249 - R:localhost/127.0.0.1:57395]
09:05:07.676 [Forwarding isElementEnabled on session 8f1c87a249f6efe38257732a322a7ee5 to remote] DEBUG o.a.netty.request.NettyRequestSender - Using pooled Channel '[id: 0x828d045e, L:/127.0.0.1:54249 - R:localhost/127.0.0.1:57395]' for 'GET' to 'http://localhost:57395/session/8f1c87a249f6efe38257732a322a7ee5/element/47eba88d-e1d9-486d-bed8-82616a3ad690/enabled'
09:05:07.676 [Forwarding isElementEnabled on session 8f1c87a249f6efe38257732a322a7ee5 to remote] DEBUG o.a.netty.request.NettyRequestSender - Using open Channel [id: 0x828d045e, L:/127.0.0.1:54249 - R:localhost/127.0.0.1:57395] for GET '/session/8f1c87a249f6efe38257732a322a7ee5/element/47eba88d-e1d9-486d-bed8-82616a3ad690/enabled'
09:05:07.686 [AsyncHttpClient-1-11] DEBUG o.a.netty.handler.HttpHandler - 

Request DefaultFullHttpRequest(decodeResult: success, version: HTTP/1.1, content: EmptyByteBufBE)
GET /session/8f1c87a249f6efe38257732a322a7ee5/element/47eba88d-e1d9-486d-bed8-82616a3ad690/enabled HTTP/1.1
User-Agent: selenium/4.1.2 (java windows)
Cache-Control: no-cache
Content-Type: application/json; charset=utf-8
host: localhost:57395
accept: */*

Response DefaultHttpResponse(decodeResult: success, version: HTTP/1.1)
HTTP/1.1 200 OK
Content-Type: application/json; charset=utf-8
cache-control: no-cache
content-length: 14

09:05:07.686 [AsyncHttpClient-1-11] DEBUG o.a.netty.channel.ChannelManager - Adding key: http://localhost:57395 for channel [id: 0x828d045e, L:/127.0.0.1:54249 - R:localhost/127.0.0.1:57395]
09:05:07.687 [Forwarding findElement on session 8f1c87a249f6efe38257732a322a7ee5 to remote] DEBUG o.a.netty.request.NettyRequestSender - Using pooled Channel '[id: 0x828d045e, L:/127.0.0.1:54249 - R:localhost/127.0.0.1:57395]' for 'POST' to 'http://localhost:57395/session/8f1c87a249f6efe38257732a322a7ee5/element'
09:05:07.687 [Forwarding findElement on session 8f1c87a249f6efe38257732a322a7ee5 to remote] DEBUG o.a.netty.request.NettyRequestSender - Using open Channel [id: 0x828d045e, L:/127.0.0.1:54249 - R:localhost/127.0.0.1:57395] for POST '/session/8f1c87a249f6efe38257732a322a7ee5/element'
09:05:07.699 [AsyncHttpClient-1-11] DEBUG o.a.netty.handler.HttpHandler - 

Request DefaultHttpRequest(decodeResult: success, version: HTTP/1.1)
POST /session/8f1c87a249f6efe38257732a322a7ee5/element HTTP/1.1
User-Agent: selenium/4.1.2 (java windows)
Content-Length: 125
Content-Type: application/json; charset=utf-8
host: localhost:57395
accept: */*

Response DefaultHttpResponse(decodeResult: success, version: HTTP/1.1)
HTTP/1.1 200 OK
Content-Type: application/json; charset=utf-8
cache-control: no-cache
content-length: 88

09:05:07.699 [AsyncHttpClient-1-11] DEBUG o.a.netty.channel.ChannelManager - Adding key: http://localhost:57395 for channel [id: 0x828d045e, L:/127.0.0.1:54249 - R:localhost/127.0.0.1:57395]
09:05:07.704 [Forwarding isElementDisplayed on session 8f1c87a249f6efe38257732a322a7ee5 to remote] DEBUG o.a.netty.request.NettyRequestSender - Using pooled Channel '[id: 0x828d045e, L:/127.0.0.1:54249 - R:localhost/127.0.0.1:57395]' for 'POST' to 'http://localhost:57395/session/8f1c87a249f6efe38257732a322a7ee5/execute/sync'
09:05:07.704 [Forwarding isElementDisplayed on session 8f1c87a249f6efe38257732a322a7ee5 to remote] DEBUG o.a.netty.request.NettyRequestSender - Using open Channel [id: 0x828d045e, L:/127.0.0.1:54249 - R:localhost/127.0.0.1:57395] for POST '/session/8f1c87a249f6efe38257732a322a7ee5/execute/sync'
09:05:07.714 [AsyncHttpClient-1-11] DEBUG o.a.netty.handler.HttpHandler - 

Request DefaultHttpRequest(decodeResult: success, version: HTTP/1.1)
POST /session/8f1c87a249f6efe38257732a322a7ee5/execute/sync HTTP/1.1
User-Agent: selenium/4.1.2 (java windows)
Content-Length: 48780
Content-Type: application/json; charset=utf-8
host: localhost:57395
accept: */*

Response DefaultHttpResponse(decodeResult: success, version: HTTP/1.1)
HTTP/1.1 200 OK
Content-Type: application/json; charset=utf-8
cache-control: no-cache
content-length: 14

09:05:07.714 [AsyncHttpClient-1-11] DEBUG o.a.netty.channel.ChannelManager - Adding key: http://localhost:57395 for channel [id: 0x828d045e, L:/127.0.0.1:54249 - R:localhost/127.0.0.1:57395]
09:05:07.716 [Forwarding findElement on session 8f1c87a249f6efe38257732a322a7ee5 to remote] DEBUG o.a.netty.request.NettyRequestSender - Using pooled Channel '[id: 0x828d045e, L:/127.0.0.1:54249 - R:localhost/127.0.0.1:57395]' for 'POST' to 'http://localhost:57395/session/8f1c87a249f6efe38257732a322a7ee5/element'
09:05:07.716 [Forwarding findElement on session 8f1c87a249f6efe38257732a322a7ee5 to remote] DEBUG o.a.netty.request.NettyRequestSender - Using open Channel [id: 0x828d045e, L:/127.0.0.1:54249 - R:localhost/127.0.0.1:57395] for POST '/session/8f1c87a249f6efe38257732a322a7ee5/element'
09:05:07.723 [AsyncHttpClient-1-11] DEBUG o.a.netty.handler.HttpHandler - 

Request DefaultHttpRequest(decodeResult: success, version: HTTP/1.1)
POST /session/8f1c87a249f6efe38257732a322a7ee5/element HTTP/1.1
User-Agent: selenium/4.1.2 (java windows)
Content-Length: 125
Content-Type: application/json; charset=utf-8
host: localhost:57395
accept: */*

Response DefaultHttpResponse(decodeResult: success, version: HTTP/1.1)
HTTP/1.1 200 OK
Content-Type: application/json; charset=utf-8
cache-control: no-cache
content-length: 88

09:05:07.723 [AsyncHttpClient-1-11] DEBUG o.a.netty.channel.ChannelManager - Adding key: http://localhost:57395 for channel [id: 0x828d045e, L:/127.0.0.1:54249 - R:localhost/127.0.0.1:57395]
09:05:07.728 [Forwarding isElementDisplayed on session 8f1c87a249f6efe38257732a322a7ee5 to remote] DEBUG o.a.netty.request.NettyRequestSender - Using pooled Channel '[id: 0x828d045e, L:/127.0.0.1:54249 - R:localhost/127.0.0.1:57395]' for 'POST' to 'http://localhost:57395/session/8f1c87a249f6efe38257732a322a7ee5/execute/sync'
09:05:07.728 [Forwarding isElementDisplayed on session 8f1c87a249f6efe38257732a322a7ee5 to remote] DEBUG o.a.netty.request.NettyRequestSender - Using open Channel [id: 0x828d045e, L:/127.0.0.1:54249 - R:localhost/127.0.0.1:57395] for POST '/session/8f1c87a249f6efe38257732a322a7ee5/execute/sync'
09:05:07.738 [AsyncHttpClient-1-11] DEBUG o.a.netty.handler.HttpHandler - 

Request DefaultHttpRequest(decodeResult: success, version: HTTP/1.1)
POST /session/8f1c87a249f6efe38257732a322a7ee5/execute/sync HTTP/1.1
User-Agent: selenium/4.1.2 (java windows)
Content-Length: 48780
Content-Type: application/json; charset=utf-8
host: localhost:57395
accept: */*

Response DefaultHttpResponse(decodeResult: success, version: HTTP/1.1)
HTTP/1.1 200 OK
Content-Type: application/json; charset=utf-8
cache-control: no-cache
content-length: 14

09:05:07.739 [AsyncHttpClient-1-11] DEBUG o.a.netty.channel.ChannelManager - Adding key: http://localhost:57395 for channel [id: 0x828d045e, L:/127.0.0.1:54249 - R:localhost/127.0.0.1:57395]
09:05:07.740 [Forwarding findElement on session 8f1c87a249f6efe38257732a322a7ee5 to remote] DEBUG o.a.netty.request.NettyRequestSender - Using pooled Channel '[id: 0x828d045e, L:/127.0.0.1:54249 - R:localhost/127.0.0.1:57395]' for 'POST' to 'http://localhost:57395/session/8f1c87a249f6efe38257732a322a7ee5/element'
09:05:07.741 [Forwarding findElement on session 8f1c87a249f6efe38257732a322a7ee5 to remote] DEBUG o.a.netty.request.NettyRequestSender - Using open Channel [id: 0x828d045e, L:/127.0.0.1:54249 - R:localhost/127.0.0.1:57395] for POST '/session/8f1c87a249f6efe38257732a322a7ee5/element'
09:05:07.747 [AsyncHttpClient-1-11] DEBUG o.a.netty.handler.HttpHandler - 

Request DefaultHttpRequest(decodeResult: success, version: HTTP/1.1)
POST /session/8f1c87a249f6efe38257732a322a7ee5/element HTTP/1.1
User-Agent: selenium/4.1.2 (java windows)
Content-Length: 125
Content-Type: application/json; charset=utf-8
host: localhost:57395
accept: */*

Response DefaultHttpResponse(decodeResult: success, version: HTTP/1.1)
HTTP/1.1 200 OK
Content-Type: application/json; charset=utf-8
cache-control: no-cache
content-length: 88

09:05:07.747 [AsyncHttpClient-1-11] DEBUG o.a.netty.channel.ChannelManager - Adding key: http://localhost:57395 for channel [id: 0x828d045e, L:/127.0.0.1:54249 - R:localhost/127.0.0.1:57395]
09:05:07.749 [Forwarding isElementEnabled on session 8f1c87a249f6efe38257732a322a7ee5 to remote] DEBUG o.a.netty.request.NettyRequestSender - Using pooled Channel '[id: 0x828d045e, L:/127.0.0.1:54249 - R:localhost/127.0.0.1:57395]' for 'GET' to 'http://localhost:57395/session/8f1c87a249f6efe38257732a322a7ee5/element/a7ce0a93-669d-4517-a7f0-d8f6394bc878/enabled'
09:05:07.749 [Forwarding isElementEnabled on session 8f1c87a249f6efe38257732a322a7ee5 to remote] DEBUG o.a.netty.request.NettyRequestSender - Using open Channel [id: 0x828d045e, L:/127.0.0.1:54249 - R:localhost/127.0.0.1:57395] for GET '/session/8f1c87a249f6efe38257732a322a7ee5/element/a7ce0a93-669d-4517-a7f0-d8f6394bc878/enabled'
09:05:07.756 [AsyncHttpClient-1-11] DEBUG o.a.netty.handler.HttpHandler - 

Request DefaultFullHttpRequest(decodeResult: success, version: HTTP/1.1, content: EmptyByteBufBE)
GET /session/8f1c87a249f6efe38257732a322a7ee5/element/a7ce0a93-669d-4517-a7f0-d8f6394bc878/enabled HTTP/1.1
User-Agent: selenium/4.1.2 (java windows)
Cache-Control: no-cache
Content-Type: application/json; charset=utf-8
host: localhost:57395
accept: */*

Response DefaultHttpResponse(decodeResult: success, version: HTTP/1.1)
HTTP/1.1 200 OK
Content-Type: application/json; charset=utf-8
cache-control: no-cache
content-length: 14

09:05:07.757 [AsyncHttpClient-1-11] DEBUG o.a.netty.channel.ChannelManager - Adding key: http://localhost:57395 for channel [id: 0x828d045e, L:/127.0.0.1:54249 - R:localhost/127.0.0.1:57395]
  &amp#27;[32mAnd &amp#27;[0m&amp#27;[32muser verify the Login Page Elements is Visible&amp#27;[0m                                                                                 &amp#27;[90m# stepdefinitions.LoginPageSteps.user_verify_the_login_page_elements_is_visible()&amp#27;[0m
09:05:07.785 [AsyncHttpClient-1-1] DEBUG o.a.netty.channel.DefaultChannelPool - Entry count for : http://localhost:54250 : 1
09:05:07.785 [AsyncHttpClient-1-1] DEBUG o.a.netty.channel.DefaultChannelPool - Entry count for : http://localhost:57395 : 1
09:05:08.875 [AsyncHttpClient-1-1] DEBUG o.a.netty.channel.DefaultChannelPool - Entry count for : http://localhost:54250 : 1
09:05:08.875 [AsyncHttpClient-1-1] DEBUG o.a.netty.channel.DefaultChannelPool - Entry count for : http://localhost:57395 : 1
09:05:09.974 [AsyncHttpClient-1-1] DEBUG o.a.netty.channel.DefaultChannelPool - Entry count for : http://localhost:54250 : 1
09:05:09.974 [AsyncHttpClient-1-1] DEBUG o.a.netty.channel.DefaultChannelPool - Entry count for : http://localhost:57395 : 1
09:05:10.715 [Forwarding findElement on session 8f1c87a249f6efe38257732a322a7ee5 to remote] DEBUG o.a.netty.request.NettyRequestSender - Using pooled Channel '[id: 0x828d045e, L:/127.0.0.1:54249 - R:localhost/127.0.0.1:57395]' for 'POST' to 'http://localhost:57395/session/8f1c87a249f6efe38257732a322a7ee5/element'
09:05:10.715 [Forwarding findElement on session 8f1c87a249f6efe38257732a322a7ee5 to remote] DEBUG o.a.netty.request.NettyRequestSender - Using open Channel [id: 0x828d045e, L:/127.0.0.1:54249 - R:localhost/127.0.0.1:57395] for POST '/session/8f1c87a249f6efe38257732a322a7ee5/element'
09:05:10.721 [AsyncHttpClient-1-11] DEBUG o.a.netty.handler.HttpHandler - 

Request DefaultHttpRequest(decodeResult: success, version: HTTP/1.1)
POST /session/8f1c87a249f6efe38257732a322a7ee5/element HTTP/1.1
User-Agent: selenium/4.1.2 (java windows)
Content-Length: 128
Content-Type: application/json; charset=utf-8
host: localhost:57395
accept: */*

Response DefaultHttpResponse(decodeResult: success, version: HTTP/1.1)
HTTP/1.1 200 OK
Content-Type: application/json; charset=utf-8
cache-control: no-cache
content-length: 88

09:05:10.721 [AsyncHttpClient-1-11] DEBUG o.a.netty.channel.ChannelManager - Adding key: http://localhost:57395 for channel [id: 0x828d045e, L:/127.0.0.1:54249 - R:localhost/127.0.0.1:57395]
09:05:10.724 [Forwarding sendKeysToElement on session 8f1c87a249f6efe38257732a322a7ee5 to remote] DEBUG o.a.netty.request.NettyRequestSender - Using pooled Channel '[id: 0x828d045e, L:/127.0.0.1:54249 - R:localhost/127.0.0.1:57395]' for 'POST' to 'http://localhost:57395/session/8f1c87a249f6efe38257732a322a7ee5/element/5866b7d5-bb4c-4d1f-b4df-90b35181f676/value'
09:05:10.724 [Forwarding sendKeysToElement on session 8f1c87a249f6efe38257732a322a7ee5 to remote] DEBUG o.a.netty.request.NettyRequestSender - Using open Channel [id: 0x828d045e, L:/127.0.0.1:54249 - R:localhost/127.0.0.1:57395] for POST '/session/8f1c87a249f6efe38257732a322a7ee5/element/5866b7d5-bb4c-4d1f-b4df-90b35181f676/value'
09:05:10.760 [AsyncHttpClient-1-11] DEBUG o.a.netty.handler.HttpHandler - 

Request DefaultHttpRequest(decodeResult: success, version: HTTP/1.1)
POST /session/8f1c87a249f6efe38257732a322a7ee5/element/5866b7d5-bb4c-4d1f-b4df-90b35181f676/value HTTP/1.1
User-Agent: selenium/4.1.2 (java windows)
Content-Length: 271
Content-Type: application/json; charset=utf-8
host: localhost:57395
accept: */*

Response DefaultHttpResponse(decodeResult: success, version: HTTP/1.1)
HTTP/1.1 200 OK
Content-Type: application/json; charset=utf-8
cache-control: no-cache
content-length: 14

09:05:10.761 [AsyncHttpClient-1-11] DEBUG o.a.netty.channel.ChannelManager - Adding key: http://localhost:57395 for channel [id: 0x828d045e, L:/127.0.0.1:54249 - R:localhost/127.0.0.1:57395]
09:05:10.762 [Forwarding findElement on session 8f1c87a249f6efe38257732a322a7ee5 to remote] DEBUG o.a.netty.request.NettyRequestSender - Using pooled Channel '[id: 0x828d045e, L:/127.0.0.1:54249 - R:localhost/127.0.0.1:57395]' for 'POST' to 'http://localhost:57395/session/8f1c87a249f6efe38257732a322a7ee5/element'
09:05:10.762 [Forwarding findElement on session 8f1c87a249f6efe38257732a322a7ee5 to remote] DEBUG o.a.netty.request.NettyRequestSender - Using open Channel [id: 0x828d045e, L:/127.0.0.1:54249 - R:localhost/127.0.0.1:57395] for POST '/session/8f1c87a249f6efe38257732a322a7ee5/element'
09:05:10.768 [AsyncHttpClient-1-11] DEBUG o.a.netty.handler.HttpHandler - 

Request DefaultHttpRequest(decodeResult: success, version: HTTP/1.1)
POST /session/8f1c87a249f6efe38257732a322a7ee5/element HTTP/1.1
User-Agent: selenium/4.1.2 (java windows)
Content-Length: 132
Content-Type: application/json; charset=utf-8
host: localhost:57395
accept: */*

Response DefaultHttpResponse(decodeResult: success, version: HTTP/1.1)
HTTP/1.1 200 OK
Content-Type: application/json; charset=utf-8
cache-control: no-cache
content-length: 88

09:05:10.769 [AsyncHttpClient-1-11] DEBUG o.a.netty.channel.ChannelManager - Adding key: http://localhost:57395 for channel [id: 0x828d045e, L:/127.0.0.1:54249 - R:localhost/127.0.0.1:57395]
09:05:10.770 [Forwarding sendKeysToElement on session 8f1c87a249f6efe38257732a322a7ee5 to remote] DEBUG o.a.netty.request.NettyRequestSender - Using pooled Channel '[id: 0x828d045e, L:/127.0.0.1:54249 - R:localhost/127.0.0.1:57395]' for 'POST' to 'http://localhost:57395/session/8f1c87a249f6efe38257732a322a7ee5/element/47eba88d-e1d9-486d-bed8-82616a3ad690/value'
09:05:10.771 [Forwarding sendKeysToElement on session 8f1c87a249f6efe38257732a322a7ee5 to remote] DEBUG o.a.netty.request.NettyRequestSender - Using open Channel [id: 0x828d045e, L:/127.0.0.1:54249 - R:localhost/127.0.0.1:57395] for POST '/session/8f1c87a249f6efe38257732a322a7ee5/element/47eba88d-e1d9-486d-bed8-82616a3ad690/value'
09:05:10.815 [AsyncHttpClient-1-11] DEBUG o.a.netty.handler.HttpHandler - 

Request DefaultHttpRequest(decodeResult: success, version: HTTP/1.1)
POST /session/8f1c87a249f6efe38257732a322a7ee5/element/47eba88d-e1d9-486d-bed8-82616a3ad690/value HTTP/1.1
User-Agent: selenium/4.1.2 (java windows)
Content-Length: 161
Content-Type: application/json; charset=utf-8
host: localhost:57395
accept: */*

Response DefaultHttpResponse(decodeResult: success, version: HTTP/1.1)
HTTP/1.1 200 OK
Content-Type: application/json; charset=utf-8
cache-control: no-cache
content-length: 14

09:05:10.815 [AsyncHttpClient-1-11] DEBUG o.a.netty.channel.ChannelManager - Adding key: http://localhost:57395 for channel [id: 0x828d045e, L:/127.0.0.1:54249 - R:localhost/127.0.0.1:57395]
09:05:10.816 [Forwarding findElement on session 8f1c87a249f6efe38257732a322a7ee5 to remote] DEBUG o.a.netty.request.NettyRequestSender - Using pooled Channel '[id: 0x828d045e, L:/127.0.0.1:54249 - R:localhost/127.0.0.1:57395]' for 'POST' to 'http://localhost:57395/session/8f1c87a249f6efe38257732a322a7ee5/element'
09:05:10.816 [Forwarding findElement on session 8f1c87a249f6efe38257732a322a7ee5 to remote] DEBUG o.a.netty.request.NettyRequestSender - Using open Channel [id: 0x828d045e, L:/127.0.0.1:54249 - R:localhost/127.0.0.1:57395] for POST '/session/8f1c87a249f6efe38257732a322a7ee5/element'
09:05:10.823 [AsyncHttpClient-1-11] DEBUG o.a.netty.handler.HttpHandler - 

Request DefaultHttpRequest(decodeResult: success, version: HTTP/1.1)
POST /session/8f1c87a249f6efe38257732a322a7ee5/element HTTP/1.1
User-Agent: selenium/4.1.2 (java windows)
Content-Length: 125
Content-Type: application/json; charset=utf-8
host: localhost:57395
accept: */*

Response DefaultHttpResponse(decodeResult: success, version: HTTP/1.1)
HTTP/1.1 200 OK
Content-Type: application/json; charset=utf-8
cache-control: no-cache
content-length: 88

09:05:10.824 [AsyncHttpClient-1-11] DEBUG o.a.netty.channel.ChannelManager - Adding key: http://localhost:57395 for channel [id: 0x828d045e, L:/127.0.0.1:54249 - R:localhost/127.0.0.1:57395]
09:05:10.825 [Forwarding clickElement on session 8f1c87a249f6efe38257732a322a7ee5 to remote] DEBUG o.a.netty.request.NettyRequestSender - Using pooled Channel '[id: 0x828d045e, L:/127.0.0.1:54249 - R:localhost/127.0.0.1:57395]' for 'POST' to 'http://localhost:57395/session/8f1c87a249f6efe38257732a322a7ee5/element/a7ce0a93-669d-4517-a7f0-d8f6394bc878/click'
09:05:10.826 [Forwarding clickElement on session 8f1c87a249f6efe38257732a322a7ee5 to remote] DEBUG o.a.netty.request.NettyRequestSender - Using open Channel [id: 0x828d045e, L:/127.0.0.1:54249 - R:localhost/127.0.0.1:57395] for POST '/session/8f1c87a249f6efe38257732a322a7ee5/element/a7ce0a93-669d-4517-a7f0-d8f6394bc878/click'
09:05:11.081 [AsyncHttpClient-1-11] DEBUG o.a.netty.handler.HttpHandler - 

Request DefaultHttpRequest(decodeResult: success, version: HTTP/1.1)
POST /session/8f1c87a249f6efe38257732a322a7ee5/element/a7ce0a93-669d-4517-a7f0-d8f6394bc878/click HTTP/1.1
User-Agent: selenium/4.1.2 (java windows)
Content-Length: 50
Content-Type: application/json; charset=utf-8
host: localhost:57395
accept: */*

Response DefaultHttpResponse(decodeResult: success, version: HTTP/1.1)
HTTP/1.1 200 OK
Content-Type: application/json; charset=utf-8
cache-control: no-cache
content-length: 14

09:05:11.082 [AsyncHttpClient-1-11] DEBUG o.a.netty.channel.ChannelManager - Adding key: http://localhost:57395 for channel [id: 0x828d045e, L:/127.0.0.1:54249 - R:localhost/127.0.0.1:57395]
09:05:11.082 [AsyncHttpClient-1-1] DEBUG o.a.netty.channel.DefaultChannelPool - Entry count for : http://localhost:54250 : 1
09:05:11.082 [AsyncHttpClient-1-1] DEBUG o.a.netty.channel.DefaultChannelPool - Entry count for : http://localhost:57395 : 1
09:05:11.083 [Forwarding findElement on session 8f1c87a249f6efe38257732a322a7ee5 to remote] DEBUG o.a.netty.request.NettyRequestSender - Using pooled Channel '[id: 0x828d045e, L:/127.0.0.1:54249 - R:localhost/127.0.0.1:57395]' for 'POST' to 'http://localhost:57395/session/8f1c87a249f6efe38257732a322a7ee5/element'
09:05:11.083 [Forwarding findElement on session 8f1c87a249f6efe38257732a322a7ee5 to remote] DEBUG o.a.netty.request.NettyRequestSender - Using open Channel [id: 0x828d045e, L:/127.0.0.1:54249 - R:localhost/127.0.0.1:57395] for POST '/session/8f1c87a249f6efe38257732a322a7ee5/element'
09:05:11.095 [AsyncHttpClient-1-11] DEBUG o.a.netty.handler.HttpHandler - 

Request DefaultHttpRequest(decodeResult: success, version: HTTP/1.1)
POST /session/8f1c87a249f6efe38257732a322a7ee5/element HTTP/1.1
User-Agent: selenium/4.1.2 (java windows)
Content-Length: 75
Content-Type: application/json; charset=utf-8
host: localhost:57395
accept: */*

Response DefaultHttpResponse(decodeResult: success, version: HTTP/1.1)
HTTP/1.1 200 OK
Content-Type: application/json; charset=utf-8
cache-control: no-cache
content-length: 88

09:05:11.095 [AsyncHttpClient-1-11] DEBUG o.a.netty.channel.ChannelManager - Adding key: http://localhost:57395 for channel [id: 0x828d045e, L:/127.0.0.1:54249 - R:localhost/127.0.0.1:57395]
09:05:11.099 [Forwarding isElementDisplayed on session 8f1c87a249f6efe38257732a322a7ee5 to remote] DEBUG o.a.netty.request.NettyRequestSender - Using pooled Channel '[id: 0x828d045e, L:/127.0.0.1:54249 - R:localhost/127.0.0.1:57395]' for 'POST' to 'http://localhost:57395/session/8f1c87a249f6efe38257732a322a7ee5/execute/sync'
09:05:11.100 [Forwarding isElementDisplayed on session 8f1c87a249f6efe38257732a322a7ee5 to remote] DEBUG o.a.netty.request.NettyRequestSender - Using open Channel [id: 0x828d045e, L:/127.0.0.1:54249 - R:localhost/127.0.0.1:57395] for POST '/session/8f1c87a249f6efe38257732a322a7ee5/execute/sync'
09:05:11.117 [AsyncHttpClient-1-11] DEBUG o.a.netty.handler.HttpHandler - 

Request DefaultHttpRequest(decodeResult: success, version: HTTP/1.1)
POST /session/8f1c87a249f6efe38257732a322a7ee5/execute/sync HTTP/1.1
User-Agent: selenium/4.1.2 (java windows)
Content-Length: 48780
Content-Type: application/json; charset=utf-8
host: localhost:57395
accept: */*

Response DefaultHttpResponse(decodeResult: success, version: HTTP/1.1)
HTTP/1.1 200 OK
Content-Type: application/json; charset=utf-8
cache-control: no-cache
content-length: 15

09:05:11.118 [AsyncHttpClient-1-11] DEBUG o.a.netty.channel.ChannelManager - Adding key: http://localhost:57395 for channel [id: 0x828d045e, L:/127.0.0.1:54249 - R:localhost/127.0.0.1:57395]
09:05:11.629 [Forwarding findElement on session 8f1c87a249f6efe38257732a322a7ee5 to remote] DEBUG o.a.netty.request.NettyRequestSender - Using pooled Channel '[id: 0x828d045e, L:/127.0.0.1:54249 - R:localhost/127.0.0.1:57395]' for 'POST' to 'http://localhost:57395/session/8f1c87a249f6efe38257732a322a7ee5/element'
09:05:11.630 [Forwarding findElement on session 8f1c87a249f6efe38257732a322a7ee5 to remote] DEBUG o.a.netty.request.NettyRequestSender - Using open Channel [id: 0x828d045e, L:/127.0.0.1:54249 - R:localhost/127.0.0.1:57395] for POST '/session/8f1c87a249f6efe38257732a322a7ee5/element'
09:05:11.635 [AsyncHttpClient-1-11] DEBUG o.a.netty.handler.HttpHandler - 

Request DefaultHttpRequest(decodeResult: success, version: HTTP/1.1)
POST /session/8f1c87a249f6efe38257732a322a7ee5/element HTTP/1.1
User-Agent: selenium/4.1.2 (java windows)
Content-Length: 75
Content-Type: application/json; charset=utf-8
host: localhost:57395
accept: */*

Response DefaultHttpResponse(decodeResult: success, version: HTTP/1.1)
HTTP/1.1 200 OK
Content-Type: application/json; charset=utf-8
cache-control: no-cache
content-length: 88

09:05:11.636 [AsyncHttpClient-1-11] DEBUG o.a.netty.channel.ChannelManager - Adding key: http://localhost:57395 for channel [id: 0x828d045e, L:/127.0.0.1:54249 - R:localhost/127.0.0.1:57395]
09:05:11.640 [Forwarding isElementDisplayed on session 8f1c87a249f6efe38257732a322a7ee5 to remote] DEBUG o.a.netty.request.NettyRequestSender - Using pooled Channel '[id: 0x828d045e, L:/127.0.0.1:54249 - R:localhost/127.0.0.1:57395]' for 'POST' to 'http://localhost:57395/session/8f1c87a249f6efe38257732a322a7ee5/execute/sync'
09:05:11.640 [Forwarding isElementDisplayed on session 8f1c87a249f6efe38257732a322a7ee5 to remote] DEBUG o.a.netty.request.NettyRequestSender - Using open Channel [id: 0x828d045e, L:/127.0.0.1:54249 - R:localhost/127.0.0.1:57395] for POST '/session/8f1c87a249f6efe38257732a322a7ee5/execute/sync'
09:05:11.648 [AsyncHttpClient-1-11] DEBUG o.a.netty.handler.HttpHandler - 

Request DefaultHttpRequest(decodeResult: success, version: HTTP/1.1)
POST /session/8f1c87a249f6efe38257732a322a7ee5/execute/sync HTTP/1.1
User-Agent: selenium/4.1.2 (java windows)
Content-Length: 48780
Content-Type: application/json; charset=utf-8
host: localhost:57395
accept: */*

Response DefaultHttpResponse(decodeResult: success, version: HTTP/1.1)
HTTP/1.1 200 OK
Content-Type: application/json; charset=utf-8
cache-control: no-cache
content-length: 14

09:05:11.648 [AsyncHttpClient-1-11] DEBUG o.a.netty.channel.ChannelManager - Adding key: http://localhost:57395 for channel [id: 0x828d045e, L:/127.0.0.1:54249 - R:localhost/127.0.0.1:57395]
09:05:11.649 [Forwarding getElementText on session 8f1c87a249f6efe38257732a322a7ee5 to remote] DEBUG o.a.netty.request.NettyRequestSender - Using pooled Channel '[id: 0x828d045e, L:/127.0.0.1:54249 - R:localhost/127.0.0.1:57395]' for 'GET' to 'http://localhost:57395/session/8f1c87a249f6efe38257732a322a7ee5/element/ffc0b24b-bcfa-4aa2-973f-e6d226d900ac/text'
09:05:11.649 [Forwarding getElementText on session 8f1c87a249f6efe38257732a322a7ee5 to remote] DEBUG o.a.netty.request.NettyRequestSender - Using open Channel [id: 0x828d045e, L:/127.0.0.1:54249 - R:localhost/127.0.0.1:57395] for GET '/session/8f1c87a249f6efe38257732a322a7ee5/element/ffc0b24b-bcfa-4aa2-973f-e6d226d900ac/text'
09:05:11.662 [AsyncHttpClient-1-11] DEBUG o.a.netty.handler.HttpHandler - 

Request DefaultFullHttpRequest(decodeResult: success, version: HTTP/1.1, content: EmptyByteBufBE)
GET /session/8f1c87a249f6efe38257732a322a7ee5/element/ffc0b24b-bcfa-4aa2-973f-e6d226d900ac/text HTTP/1.1
User-Agent: selenium/4.1.2 (java windows)
Cache-Control: no-cache
Content-Type: application/json; charset=utf-8
host: localhost:57395
accept: */*

Response DefaultHttpResponse(decodeResult: success, version: HTTP/1.1)
HTTP/1.1 200 OK
Content-Type: application/json; charset=utf-8
cache-control: no-cache
content-length: 59

09:05:11.662 [AsyncHttpClient-1-11] DEBUG o.a.netty.channel.ChannelManager - Adding key: http://localhost:57395 for channel [id: 0x828d045e, L:/127.0.0.1:54249 - R:localhost/127.0.0.1:57395]
09:05:12.185 [AsyncHttpClient-1-1] DEBUG o.a.netty.channel.DefaultChannelPool - Entry count for : http://localhost:54250 : 1
09:05:12.185 [AsyncHttpClient-1-1] DEBUG o.a.netty.channel.DefaultChannelPool - Entry count for : http://localhost:57395 : 1
09:05:13.271 [AsyncHttpClient-1-1] DEBUG o.a.netty.channel.DefaultChannelPool - Entry count for : http://localhost:54250 : 1
09:05:13.271 [AsyncHttpClient-1-1] DEBUG o.a.netty.channel.DefaultChannelPool - Entry count for : http://localhost:57395 : 1
09:05:14.384 [AsyncHttpClient-1-1] DEBUG o.a.netty.channel.DefaultChannelPool - Entry count for : http://localhost:54250 : 1
09:05:14.384 [AsyncHttpClient-1-1] DEBUG o.a.netty.channel.DefaultChannelPool - Entry count for : http://localhost:57395 : 1
09:05:15.483 [AsyncHttpClient-1-1] DEBUG o.a.netty.channel.DefaultChannelPool - Entry count for : http://localhost:54250 : 1
09:05:15.483 [AsyncHttpClient-1-1] DEBUG o.a.netty.channel.DefaultChannelPool - Entry count for : http://localhost:57395 : 1
09:05:15.670 [Forwarding findElement on session 8f1c87a249f6efe38257732a322a7ee5 to remote] DEBUG o.a.netty.request.NettyRequestSender - Using pooled Channel '[id: 0x828d045e, L:/127.0.0.1:54249 - R:localhost/127.0.0.1:57395]' for 'POST' to 'http://localhost:57395/session/8f1c87a249f6efe38257732a322a7ee5/element'
09:05:15.671 [Forwarding findElement on session 8f1c87a249f6efe38257732a322a7ee5 to remote] DEBUG o.a.netty.request.NettyRequestSender - Using open Channel [id: 0x828d045e, L:/127.0.0.1:54249 - R:localhost/127.0.0.1:57395] for POST '/session/8f1c87a249f6efe38257732a322a7ee5/element'
09:05:15.677 [AsyncHttpClient-1-11] DEBUG o.a.netty.handler.HttpHandler - 

Request DefaultHttpRequest(decodeResult: success, version: HTTP/1.1)
POST /session/8f1c87a249f6efe38257732a322a7ee5/element HTTP/1.1
User-Agent: selenium/4.1.2 (java windows)
Content-Length: 128
Content-Type: application/json; charset=utf-8
host: localhost:57395
accept: */*

Response DefaultHttpResponse(decodeResult: success, version: HTTP/1.1)
HTTP/1.1 200 OK
Content-Type: application/json; charset=utf-8
cache-control: no-cache
content-length: 88

09:05:15.677 [AsyncHttpClient-1-11] DEBUG o.a.netty.channel.ChannelManager - Adding key: http://localhost:57395 for channel [id: 0x828d045e, L:/127.0.0.1:54249 - R:localhost/127.0.0.1:57395]
09:05:15.679 [Forwarding sendKeysToElement on session 8f1c87a249f6efe38257732a322a7ee5 to remote] DEBUG o.a.netty.request.NettyRequestSender - Using pooled Channel '[id: 0x828d045e, L:/127.0.0.1:54249 - R:localhost/127.0.0.1:57395]' for 'POST' to 'http://localhost:57395/session/8f1c87a249f6efe38257732a322a7ee5/element/21fac6ee-4b0e-4bc3-b688-fa4ac55a4e00/value'
09:05:15.679 [Forwarding sendKeysToElement on session 8f1c87a249f6efe38257732a322a7ee5 to remote] DEBUG o.a.netty.request.NettyRequestSender - Using open Channel [id: 0x828d045e, L:/127.0.0.1:54249 - R:localhost/127.0.0.1:57395] for POST '/session/8f1c87a249f6efe38257732a322a7ee5/element/21fac6ee-4b0e-4bc3-b688-fa4ac55a4e00/value'
09:05:15.715 [AsyncHttpClient-1-11] DEBUG o.a.netty.handler.HttpHandler - 

Request DefaultHttpRequest(decodeResult: success, version: HTTP/1.1)
POST /session/8f1c87a249f6efe38257732a322a7ee5/element/21fac6ee-4b0e-4bc3-b688-fa4ac55a4e00/value HTTP/1.1
User-Agent: selenium/4.1.2 (java windows)
Content-Length: 271
Content-Type: application/json; charset=utf-8
host: localhost:57395
accept: */*

Response DefaultHttpResponse(decodeResult: success, version: HTTP/1.1)
HTTP/1.1 200 OK
Content-Type: application/json; charset=utf-8
cache-control: no-cache
content-length: 14

09:05:15.716 [AsyncHttpClient-1-11] DEBUG o.a.netty.channel.ChannelManager - Adding key: http://localhost:57395 for channel [id: 0x828d045e, L:/127.0.0.1:54249 - R:localhost/127.0.0.1:57395]
09:05:15.717 [Forwarding findElement on session 8f1c87a249f6efe38257732a322a7ee5 to remote] DEBUG o.a.netty.request.NettyRequestSender - Using pooled Channel '[id: 0x828d045e, L:/127.0.0.1:54249 - R:localhost/127.0.0.1:57395]' for 'POST' to 'http://localhost:57395/session/8f1c87a249f6efe38257732a322a7ee5/element'
09:05:15.717 [Forwarding findElement on session 8f1c87a249f6efe38257732a322a7ee5 to remote] DEBUG o.a.netty.request.NettyRequestSender - Using open Channel [id: 0x828d045e, L:/127.0.0.1:54249 - R:localhost/127.0.0.1:57395] for POST '/session/8f1c87a249f6efe38257732a322a7ee5/element'
09:05:15.723 [AsyncHttpClient-1-11] DEBUG o.a.netty.handler.HttpHandler - 

Request DefaultHttpRequest(decodeResult: success, version: HTTP/1.1)
POST /session/8f1c87a249f6efe38257732a322a7ee5/element HTTP/1.1
User-Agent: selenium/4.1.2 (java windows)
Content-Length: 132
Content-Type: application/json; charset=utf-8
host: localhost:57395
accept: */*

Response DefaultHttpResponse(decodeResult: success, version: HTTP/1.1)
HTTP/1.1 200 OK
Content-Type: application/json; charset=utf-8
cache-control: no-cache
content-length: 88

09:05:15.723 [AsyncHttpClient-1-11] DEBUG o.a.netty.channel.ChannelManager - Adding key: http://localhost:57395 for channel [id: 0x828d045e, L:/127.0.0.1:54249 - R:localhost/127.0.0.1:57395]
09:05:15.725 [Forwarding sendKeysToElement on session 8f1c87a249f6efe38257732a322a7ee5 to remote] DEBUG o.a.netty.request.NettyRequestSender - Using pooled Channel '[id: 0x828d045e, L:/127.0.0.1:54249 - R:localhost/127.0.0.1:57395]' for 'POST' to 'http://localhost:57395/session/8f1c87a249f6efe38257732a322a7ee5/element/fcb46433-7868-4592-93c8-c01a7ceb00ee/value'
09:05:15.725 [Forwarding sendKeysToElement on session 8f1c87a249f6efe38257732a322a7ee5 to remote] DEBUG o.a.netty.request.NettyRequestSender - Using open Channel [id: 0x828d045e, L:/127.0.0.1:54249 - R:localhost/127.0.0.1:57395] for POST '/session/8f1c87a249f6efe38257732a322a7ee5/element/fcb46433-7868-4592-93c8-c01a7ceb00ee/value'
09:05:15.765 [AsyncHttpClient-1-11] DEBUG o.a.netty.handler.HttpHandler - 

Request DefaultHttpRequest(decodeResult: success, version: HTTP/1.1)
POST /session/8f1c87a249f6efe38257732a322a7ee5/element/fcb46433-7868-4592-93c8-c01a7ceb00ee/value HTTP/1.1
User-Agent: selenium/4.1.2 (java windows)
Content-Length: 161
Content-Type: application/json; charset=utf-8
host: localhost:57395
accept: */*

Response DefaultHttpResponse(decodeResult: success, version: HTTP/1.1)
HTTP/1.1 200 OK
Content-Type: application/json; charset=utf-8
cache-control: no-cache
content-length: 14

09:05:15.765 [AsyncHttpClient-1-11] DEBUG o.a.netty.channel.ChannelManager - Adding key: http://localhost:57395 for channel [id: 0x828d045e, L:/127.0.0.1:54249 - R:localhost/127.0.0.1:57395]
09:05:15.766 [Forwarding findElement on session 8f1c87a249f6efe38257732a322a7ee5 to remote] DEBUG o.a.netty.request.NettyRequestSender - Using pooled Channel '[id: 0x828d045e, L:/127.0.0.1:54249 - R:localhost/127.0.0.1:57395]' for 'POST' to 'http://localhost:57395/session/8f1c87a249f6efe38257732a322a7ee5/element'
09:05:15.766 [Forwarding findElement on session 8f1c87a249f6efe38257732a322a7ee5 to remote] DEBUG o.a.netty.request.NettyRequestSender - Using open Channel [id: 0x828d045e, L:/127.0.0.1:54249 - R:localhost/127.0.0.1:57395] for POST '/session/8f1c87a249f6efe38257732a322a7ee5/element'
09:05:15.775 [AsyncHttpClient-1-11] DEBUG o.a.netty.handler.HttpHandler - 

Request DefaultHttpRequest(decodeResult: success, version: HTTP/1.1)
POST /session/8f1c87a249f6efe38257732a322a7ee5/element HTTP/1.1
User-Agent: selenium/4.1.2 (java windows)
Content-Length: 125
Content-Type: application/json; charset=utf-8
host: localhost:57395
accept: */*

Response DefaultHttpResponse(decodeResult: success, version: HTTP/1.1)
HTTP/1.1 200 OK
Content-Type: application/json; charset=utf-8
cache-control: no-cache
content-length: 88

09:05:15.776 [AsyncHttpClient-1-11] DEBUG o.a.netty.channel.ChannelManager - Adding key: http://localhost:57395 for channel [id: 0x828d045e, L:/127.0.0.1:54249 - R:localhost/127.0.0.1:57395]
09:05:15.777 [Forwarding clickElement on session 8f1c87a249f6efe38257732a322a7ee5 to remote] DEBUG o.a.netty.request.NettyRequestSender - Using pooled Channel '[id: 0x828d045e, L:/127.0.0.1:54249 - R:localhost/127.0.0.1:57395]' for 'POST' to 'http://localhost:57395/session/8f1c87a249f6efe38257732a322a7ee5/element/bd7196cb-1553-4121-b56b-02dd87df6037/click'
09:05:15.777 [Forwarding clickElement on session 8f1c87a249f6efe38257732a322a7ee5 to remote] DEBUG o.a.netty.request.NettyRequestSender - Using open Channel [id: 0x828d045e, L:/127.0.0.1:54249 - R:localhost/127.0.0.1:57395] for POST '/session/8f1c87a249f6efe38257732a322a7ee5/element/bd7196cb-1553-4121-b56b-02dd87df6037/click'
09:05:15.857 [AsyncHttpClient-1-11] DEBUG o.a.netty.handler.HttpHandler - 

Request DefaultHttpRequest(decodeResult: success, version: HTTP/1.1)
POST /session/8f1c87a249f6efe38257732a322a7ee5/element/bd7196cb-1553-4121-b56b-02dd87df6037/click HTTP/1.1
User-Agent: selenium/4.1.2 (java windows)
Content-Length: 50
Content-Type: application/json; charset=utf-8
host: localhost:57395
accept: */*

Response DefaultHttpResponse(decodeResult: success, version: HTTP/1.1)
HTTP/1.1 200 OK
Content-Type: application/json; charset=utf-8
cache-control: no-cache
content-length: 14

09:05:15.858 [AsyncHttpClient-1-11] DEBUG o.a.netty.channel.ChannelManager - Adding key: http://localhost:57395 for channel [id: 0x828d045e, L:/127.0.0.1:54249 - R:localhost/127.0.0.1:57395]
09:05:15.859 [Forwarding findElement on session 8f1c87a249f6efe38257732a322a7ee5 to remote] DEBUG o.a.netty.request.NettyRequestSender - Using pooled Channel '[id: 0x828d045e, L:/127.0.0.1:54249 - R:localhost/127.0.0.1:57395]' for 'POST' to 'http://localhost:57395/session/8f1c87a249f6efe38257732a322a7ee5/element'
09:05:15.859 [Forwarding findElement on session 8f1c87a249f6efe38257732a322a7ee5 to remote] DEBUG o.a.netty.request.NettyRequestSender - Using open Channel [id: 0x828d045e, L:/127.0.0.1:54249 - R:localhost/127.0.0.1:57395] for POST '/session/8f1c87a249f6efe38257732a322a7ee5/element'
09:05:15.869 [AsyncHttpClient-1-11] DEBUG o.a.netty.handler.HttpHandler - 

Request DefaultHttpRequest(decodeResult: success, version: HTTP/1.1)
POST /session/8f1c87a249f6efe38257732a322a7ee5/element HTTP/1.1
User-Agent: selenium/4.1.2 (java windows)
Content-Length: 75
Content-Type: application/json; charset=utf-8
host: localhost:57395
accept: */*

Response DefaultHttpResponse(decodeResult: success, version: HTTP/1.1)
HTTP/1.1 200 OK
Content-Type: application/json; charset=utf-8
cache-control: no-cache
content-length: 88

09:05:15.870 [AsyncHttpClient-1-11] DEBUG o.a.netty.channel.ChannelManager - Adding key: http://localhost:57395 for channel [id: 0x828d045e, L:/127.0.0.1:54249 - R:localhost/127.0.0.1:57395]
09:05:15.875 [Forwarding isElementDisplayed on session 8f1c87a249f6efe38257732a322a7ee5 to remote] DEBUG o.a.netty.request.NettyRequestSender - Using pooled Channel '[id: 0x828d045e, L:/127.0.0.1:54249 - R:localhost/127.0.0.1:57395]' for 'POST' to 'http://localhost:57395/session/8f1c87a249f6efe38257732a322a7ee5/execute/sync'
09:05:15.876 [Forwarding isElementDisplayed on session 8f1c87a249f6efe38257732a322a7ee5 to remote] DEBUG o.a.netty.request.NettyRequestSender - Using open Channel [id: 0x828d045e, L:/127.0.0.1:54249 - R:localhost/127.0.0.1:57395] for POST '/session/8f1c87a249f6efe38257732a322a7ee5/execute/sync'
09:05:15.887 [AsyncHttpClient-1-11] DEBUG o.a.netty.handler.HttpHandler - 

Request DefaultHttpRequest(decodeResult: success, version: HTTP/1.1)
POST /session/8f1c87a249f6efe38257732a322a7ee5/execute/sync HTTP/1.1
User-Agent: selenium/4.1.2 (java windows)
Content-Length: 48780
Content-Type: application/json; charset=utf-8
host: localhost:57395
accept: */*

Response DefaultHttpResponse(decodeResult: success, version: HTTP/1.1)
HTTP/1.1 200 OK
Content-Type: application/json; charset=utf-8
cache-control: no-cache
content-length: 15

09:05:15.887 [AsyncHttpClient-1-11] DEBUG o.a.netty.channel.ChannelManager - Adding key: http://localhost:57395 for channel [id: 0x828d045e, L:/127.0.0.1:54249 - R:localhost/127.0.0.1:57395]
09:05:16.390 [Forwarding findElement on session 8f1c87a249f6efe38257732a322a7ee5 to remote] DEBUG o.a.netty.request.NettyRequestSender - Using pooled Channel '[id: 0x828d045e, L:/127.0.0.1:54249 - R:localhost/127.0.0.1:57395]' for 'POST' to 'http://localhost:57395/session/8f1c87a249f6efe38257732a322a7ee5/element'
09:05:16.390 [Forwarding findElement on session 8f1c87a249f6efe38257732a322a7ee5 to remote] DEBUG o.a.netty.request.NettyRequestSender - Using open Channel [id: 0x828d045e, L:/127.0.0.1:54249 - R:localhost/127.0.0.1:57395] for POST '/session/8f1c87a249f6efe38257732a322a7ee5/element'
09:05:16.396 [AsyncHttpClient-1-11] DEBUG o.a.netty.handler.HttpHandler - 

Request DefaultHttpRequest(decodeResult: success, version: HTTP/1.1)
POST /session/8f1c87a249f6efe38257732a322a7ee5/element HTTP/1.1
User-Agent: selenium/4.1.2 (java windows)
Content-Length: 75
Content-Type: application/json; charset=utf-8
host: localhost:57395
accept: */*

Response DefaultHttpResponse(decodeResult: success, version: HTTP/1.1)
HTTP/1.1 200 OK
Content-Type: application/json; charset=utf-8
cache-control: no-cache
content-length: 88

09:05:16.396 [AsyncHttpClient-1-11] DEBUG o.a.netty.channel.ChannelManager - Adding key: http://localhost:57395 for channel [id: 0x828d045e, L:/127.0.0.1:54249 - R:localhost/127.0.0.1:57395]
09:05:16.401 [Forwarding isElementDisplayed on session 8f1c87a249f6efe38257732a322a7ee5 to remote] DEBUG o.a.netty.request.NettyRequestSender - Using pooled Channel '[id: 0x828d045e, L:/127.0.0.1:54249 - R:localhost/127.0.0.1:57395]' for 'POST' to 'http://localhost:57395/session/8f1c87a249f6efe38257732a322a7ee5/execute/sync'
09:05:16.401 [Forwarding isElementDisplayed on session 8f1c87a249f6efe38257732a322a7ee5 to remote] DEBUG o.a.netty.request.NettyRequestSender - Using open Channel [id: 0x828d045e, L:/127.0.0.1:54249 - R:localhost/127.0.0.1:57395] for POST '/session/8f1c87a249f6efe38257732a322a7ee5/execute/sync'
09:05:16.411 [AsyncHttpClient-1-11] DEBUG o.a.netty.handler.HttpHandler - 

Request DefaultHttpRequest(decodeResult: success, version: HTTP/1.1)
POST /session/8f1c87a249f6efe38257732a322a7ee5/execute/sync HTTP/1.1
User-Agent: selenium/4.1.2 (java windows)
Content-Length: 48780
Content-Type: application/json; charset=utf-8
host: localhost:57395
accept: */*

Response DefaultHttpResponse(decodeResult: success, version: HTTP/1.1)
HTTP/1.1 200 OK
Content-Type: application/json; charset=utf-8
cache-control: no-cache
content-length: 14

09:05:16.411 [AsyncHttpClient-1-11] DEBUG o.a.netty.channel.ChannelManager - Adding key: http://localhost:57395 for channel [id: 0x828d045e, L:/127.0.0.1:54249 - R:localhost/127.0.0.1:57395]
09:05:16.412 [Forwarding getElementText on session 8f1c87a249f6efe38257732a322a7ee5 to remote] DEBUG o.a.netty.request.NettyRequestSender - Using pooled Channel '[id: 0x828d045e, L:/127.0.0.1:54249 - R:localhost/127.0.0.1:57395]' for 'GET' to 'http://localhost:57395/session/8f1c87a249f6efe38257732a322a7ee5/element/b54c1ca2-d58c-4cfc-a8f8-186d17dddbed/text'
09:05:16.412 [Forwarding getElementText on session 8f1c87a249f6efe38257732a322a7ee5 to remote] DEBUG o.a.netty.request.NettyRequestSender - Using open Channel [id: 0x828d045e, L:/127.0.0.1:54249 - R:localhost/127.0.0.1:57395] for GET '/session/8f1c87a249f6efe38257732a322a7ee5/element/b54c1ca2-d58c-4cfc-a8f8-186d17dddbed/text'
09:05:16.426 [AsyncHttpClient-1-11] DEBUG o.a.netty.handler.HttpHandler - 

Request DefaultFullHttpRequest(decodeResult: success, version: HTTP/1.1, content: EmptyByteBufBE)
GET /session/8f1c87a249f6efe38257732a322a7ee5/element/b54c1ca2-d58c-4cfc-a8f8-186d17dddbed/text HTTP/1.1
User-Agent: selenium/4.1.2 (java windows)
Cache-Control: no-cache
Content-Type: application/json; charset=utf-8
host: localhost:57395
accept: */*

Response DefaultHttpResponse(decodeResult: success, version: HTTP/1.1)
HTTP/1.1 200 OK
Content-Type: application/json; charset=utf-8
cache-control: no-cache
content-length: 59

09:05:16.426 [AsyncHttpClient-1-11] DEBUG o.a.netty.channel.ChannelManager - Adding key: http://localhost:57395 for channel [id: 0x828d045e, L:/127.0.0.1:54249 - R:localhost/127.0.0.1:57395]
09:05:16.577 [AsyncHttpClient-1-1] DEBUG o.a.netty.channel.DefaultChannelPool - Entry count for : http://localhost:54250 : 1
09:05:16.577 [AsyncHttpClient-1-1] DEBUG o.a.netty.channel.DefaultChannelPool - Entry count for : http://localhost:57395 : 1
09:05:17.670 [AsyncHttpClient-1-1] DEBUG o.a.netty.channel.DefaultChannelPool - Entry count for : http://localhost:54250 : 1
09:05:17.670 [AsyncHttpClient-1-1] DEBUG o.a.netty.channel.DefaultChannelPool - Entry count for : http://localhost:57395 : 1
09:05:18.776 [AsyncHttpClient-1-1] DEBUG o.a.netty.channel.DefaultChannelPool - Entry count for : http://localhost:54250 : 1
09:05:18.776 [AsyncHttpClient-1-1] DEBUG o.a.netty.channel.DefaultChannelPool - Entry count for : http://localhost:57395 : 1
09:05:19.882 [AsyncHttpClient-1-1] DEBUG o.a.netty.channel.DefaultChannelPool - Entry count for : http://localhost:54250 : 1
09:05:19.882 [AsyncHttpClient-1-1] DEBUG o.a.netty.channel.DefaultChannelPool - Entry count for : http://localhost:57395 : 1
09:05:20.437 [Forwarding findElement on session 8f1c87a249f6efe38257732a322a7ee5 to remote] DEBUG o.a.netty.request.NettyRequestSender - Using pooled Channel '[id: 0x828d045e, L:/127.0.0.1:54249 - R:localhost/127.0.0.1:57395]' for 'POST' to 'http://localhost:57395/session/8f1c87a249f6efe38257732a322a7ee5/element'
09:05:20.437 [Forwarding findElement on session 8f1c87a249f6efe38257732a322a7ee5 to remote] DEBUG o.a.netty.request.NettyRequestSender - Using open Channel [id: 0x828d045e, L:/127.0.0.1:54249 - R:localhost/127.0.0.1:57395] for POST '/session/8f1c87a249f6efe38257732a322a7ee5/element'
09:05:20.443 [AsyncHttpClient-1-11] DEBUG o.a.netty.handler.HttpHandler - 

Request DefaultHttpRequest(decodeResult: success, version: HTTP/1.1)
POST /session/8f1c87a249f6efe38257732a322a7ee5/element HTTP/1.1
User-Agent: selenium/4.1.2 (java windows)
Content-Length: 128
Content-Type: application/json; charset=utf-8
host: localhost:57395
accept: */*

Response DefaultHttpResponse(decodeResult: success, version: HTTP/1.1)
HTTP/1.1 200 OK
Content-Type: application/json; charset=utf-8
cache-control: no-cache
content-length: 88

09:05:20.443 [AsyncHttpClient-1-11] DEBUG o.a.netty.channel.ChannelManager - Adding key: http://localhost:57395 for channel [id: 0x828d045e, L:/127.0.0.1:54249 - R:localhost/127.0.0.1:57395]
09:05:20.445 [Forwarding sendKeysToElement on session 8f1c87a249f6efe38257732a322a7ee5 to remote] DEBUG o.a.netty.request.NettyRequestSender - Using pooled Channel '[id: 0x828d045e, L:/127.0.0.1:54249 - R:localhost/127.0.0.1:57395]' for 'POST' to 'http://localhost:57395/session/8f1c87a249f6efe38257732a322a7ee5/element/1cd77324-5505-45f0-a619-6b96ee52b3f1/value'
09:05:20.445 [Forwarding sendKeysToElement on session 8f1c87a249f6efe38257732a322a7ee5 to remote] DEBUG o.a.netty.request.NettyRequestSender - Using open Channel [id: 0x828d045e, L:/127.0.0.1:54249 - R:localhost/127.0.0.1:57395] for POST '/session/8f1c87a249f6efe38257732a322a7ee5/element/1cd77324-5505-45f0-a619-6b96ee52b3f1/value'
09:05:20.463 [AsyncHttpClient-1-11] DEBUG o.a.netty.handler.HttpHandler - 

Request DefaultHttpRequest(decodeResult: success, version: HTTP/1.1)
POST /session/8f1c87a249f6efe38257732a322a7ee5/element/1cd77324-5505-45f0-a619-6b96ee52b3f1/value HTTP/1.1
User-Agent: selenium/4.1.2 (java windows)
Content-Length: 82
Content-Type: application/json; charset=utf-8
host: localhost:57395
accept: */*

Response DefaultHttpResponse(decodeResult: success, version: HTTP/1.1)
HTTP/1.1 200 OK
Content-Type: application/json; charset=utf-8
cache-control: no-cache
content-length: 14

09:05:20.464 [AsyncHttpClient-1-11] DEBUG o.a.netty.channel.ChannelManager - Adding key: http://localhost:57395 for channel [id: 0x828d045e, L:/127.0.0.1:54249 - R:localhost/127.0.0.1:57395]
09:05:20.465 [Forwarding findElement on session 8f1c87a249f6efe38257732a322a7ee5 to remote] DEBUG o.a.netty.request.NettyRequestSender - Using pooled Channel '[id: 0x828d045e, L:/127.0.0.1:54249 - R:localhost/127.0.0.1:57395]' for 'POST' to 'http://localhost:57395/session/8f1c87a249f6efe38257732a322a7ee5/element'
09:05:20.465 [Forwarding findElement on session 8f1c87a249f6efe38257732a322a7ee5 to remote] DEBUG o.a.netty.request.NettyRequestSender - Using open Channel [id: 0x828d045e, L:/127.0.0.1:54249 - R:localhost/127.0.0.1:57395] for POST '/session/8f1c87a249f6efe38257732a322a7ee5/element'
09:05:20.470 [AsyncHttpClient-1-11] DEBUG o.a.netty.handler.HttpHandler - 

Request DefaultHttpRequest(decodeResult: success, version: HTTP/1.1)
POST /session/8f1c87a249f6efe38257732a322a7ee5/element HTTP/1.1
User-Agent: selenium/4.1.2 (java windows)
Content-Length: 132
Content-Type: application/json; charset=utf-8
host: localhost:57395
accept: */*

Response DefaultHttpResponse(decodeResult: success, version: HTTP/1.1)
HTTP/1.1 200 OK
Content-Type: application/json; charset=utf-8
cache-control: no-cache
content-length: 88

09:05:20.470 [AsyncHttpClient-1-11] DEBUG o.a.netty.channel.ChannelManager - Adding key: http://localhost:57395 for channel [id: 0x828d045e, L:/127.0.0.1:54249 - R:localhost/127.0.0.1:57395]
09:05:20.472 [Forwarding sendKeysToElement on session 8f1c87a249f6efe38257732a322a7ee5 to remote] DEBUG o.a.netty.request.NettyRequestSender - Using pooled Channel '[id: 0x828d045e, L:/127.0.0.1:54249 - R:localhost/127.0.0.1:57395]' for 'POST' to 'http://localhost:57395/session/8f1c87a249f6efe38257732a322a7ee5/element/8bd2a5fe-68a2-4a89-96d1-d9e0176917e4/value'
09:05:20.472 [Forwarding sendKeysToElement on session 8f1c87a249f6efe38257732a322a7ee5 to remote] DEBUG o.a.netty.request.NettyRequestSender - Using open Channel [id: 0x828d045e, L:/127.0.0.1:54249 - R:localhost/127.0.0.1:57395] for POST '/session/8f1c87a249f6efe38257732a322a7ee5/element/8bd2a5fe-68a2-4a89-96d1-d9e0176917e4/value'
09:05:20.507 [AsyncHttpClient-1-11] DEBUG o.a.netty.handler.HttpHandler - 

Request DefaultHttpRequest(decodeResult: success, version: HTTP/1.1)
POST /session/8f1c87a249f6efe38257732a322a7ee5/element/8bd2a5fe-68a2-4a89-96d1-d9e0176917e4/value HTTP/1.1
User-Agent: selenium/4.1.2 (java windows)
Content-Length: 82
Content-Type: application/json; charset=utf-8
host: localhost:57395
accept: */*

Response DefaultHttpResponse(decodeResult: success, version: HTTP/1.1)
HTTP/1.1 200 OK
Content-Type: application/json; charset=utf-8
cache-control: no-cache
content-length: 14

09:05:20.507 [AsyncHttpClient-1-11] DEBUG o.a.netty.channel.ChannelManager - Adding key: http://localhost:57395 for channel [id: 0x828d045e, L:/127.0.0.1:54249 - R:localhost/127.0.0.1:57395]
09:05:20.508 [Forwarding findElement on session 8f1c87a249f6efe38257732a322a7ee5 to remote] DEBUG o.a.netty.request.NettyRequestSender - Using pooled Channel '[id: 0x828d045e, L:/127.0.0.1:54249 - R:localhost/127.0.0.1:57395]' for 'POST' to 'http://localhost:57395/session/8f1c87a249f6efe38257732a322a7ee5/element'
09:05:20.508 [Forwarding findElement on session 8f1c87a249f6efe38257732a322a7ee5 to remote] DEBUG o.a.netty.request.NettyRequestSender - Using open Channel [id: 0x828d045e, L:/127.0.0.1:54249 - R:localhost/127.0.0.1:57395] for POST '/session/8f1c87a249f6efe38257732a322a7ee5/element'
09:05:20.515 [AsyncHttpClient-1-11] DEBUG o.a.netty.handler.HttpHandler - 

Request DefaultHttpRequest(decodeResult: success, version: HTTP/1.1)
POST /session/8f1c87a249f6efe38257732a322a7ee5/element HTTP/1.1
User-Agent: selenium/4.1.2 (java windows)
Content-Length: 125
Content-Type: application/json; charset=utf-8
host: localhost:57395
accept: */*

Response DefaultHttpResponse(decodeResult: success, version: HTTP/1.1)
HTTP/1.1 200 OK
Content-Type: application/json; charset=utf-8
cache-control: no-cache
content-length: 88

09:05:20.515 [AsyncHttpClient-1-11] DEBUG o.a.netty.channel.ChannelManager - Adding key: http://localhost:57395 for channel [id: 0x828d045e, L:/127.0.0.1:54249 - R:localhost/127.0.0.1:57395]
09:05:20.516 [Forwarding clickElement on session 8f1c87a249f6efe38257732a322a7ee5 to remote] DEBUG o.a.netty.request.NettyRequestSender - Using pooled Channel '[id: 0x828d045e, L:/127.0.0.1:54249 - R:localhost/127.0.0.1:57395]' for 'POST' to 'http://localhost:57395/session/8f1c87a249f6efe38257732a322a7ee5/element/c67a7985-3cbb-46b8-bbc4-00ebe1cc5ebb/click'
09:05:20.516 [Forwarding clickElement on session 8f1c87a249f6efe38257732a322a7ee5 to remote] DEBUG o.a.netty.request.NettyRequestSender - Using open Channel [id: 0x828d045e, L:/127.0.0.1:54249 - R:localhost/127.0.0.1:57395] for POST '/session/8f1c87a249f6efe38257732a322a7ee5/element/c67a7985-3cbb-46b8-bbc4-00ebe1cc5ebb/click'
09:05:20.581 [AsyncHttpClient-1-11] DEBUG o.a.netty.handler.HttpHandler - 

Request DefaultHttpRequest(decodeResult: success, version: HTTP/1.1)
POST /session/8f1c87a249f6efe38257732a322a7ee5/element/c67a7985-3cbb-46b8-bbc4-00ebe1cc5ebb/click HTTP/1.1
User-Agent: selenium/4.1.2 (java windows)
Content-Length: 50
Content-Type: application/json; charset=utf-8
host: localhost:57395
accept: */*

Response DefaultHttpResponse(decodeResult: success, version: HTTP/1.1)
HTTP/1.1 200 OK
Content-Type: application/json; charset=utf-8
cache-control: no-cache
content-length: 14

09:05:20.581 [AsyncHttpClient-1-11] DEBUG o.a.netty.channel.ChannelManager - Adding key: http://localhost:57395 for channel [id: 0x828d045e, L:/127.0.0.1:54249 - R:localhost/127.0.0.1:57395]
09:05:20.582 [Forwarding findElement on session 8f1c87a249f6efe38257732a322a7ee5 to remote] DEBUG o.a.netty.request.NettyRequestSender - Using pooled Channel '[id: 0x828d045e, L:/127.0.0.1:54249 - R:localhost/127.0.0.1:57395]' for 'POST' to 'http://localhost:57395/session/8f1c87a249f6efe38257732a322a7ee5/element'
09:05:20.582 [Forwarding findElement on session 8f1c87a249f6efe38257732a322a7ee5 to remote] DEBUG o.a.netty.request.NettyRequestSender - Using open Channel [id: 0x828d045e, L:/127.0.0.1:54249 - R:localhost/127.0.0.1:57395] for POST '/session/8f1c87a249f6efe38257732a322a7ee5/element'
09:05:20.589 [AsyncHttpClient-1-11] DEBUG o.a.netty.handler.HttpHandler - 

Request DefaultHttpRequest(decodeResult: success, version: HTTP/1.1)
POST /session/8f1c87a249f6efe38257732a322a7ee5/element HTTP/1.1
User-Agent: selenium/4.1.2 (java windows)
Content-Length: 75
Content-Type: application/json; charset=utf-8
host: localhost:57395
accept: */*

Response DefaultHttpResponse(decodeResult: success, version: HTTP/1.1)
HTTP/1.1 200 OK
Content-Type: application/json; charset=utf-8
cache-control: no-cache
content-length: 88

09:05:20.590 [AsyncHttpClient-1-11] DEBUG o.a.netty.channel.ChannelManager - Adding key: http://localhost:57395 for channel [id: 0x828d045e, L:/127.0.0.1:54249 - R:localhost/127.0.0.1:57395]
09:05:20.593 [Forwarding isElementDisplayed on session 8f1c87a249f6efe38257732a322a7ee5 to remote] DEBUG o.a.netty.request.NettyRequestSender - Using pooled Channel '[id: 0x828d045e, L:/127.0.0.1:54249 - R:localhost/127.0.0.1:57395]' for 'POST' to 'http://localhost:57395/session/8f1c87a249f6efe38257732a322a7ee5/execute/sync'
09:05:20.594 [Forwarding isElementDisplayed on session 8f1c87a249f6efe38257732a322a7ee5 to remote] DEBUG o.a.netty.request.NettyRequestSender - Using open Channel [id: 0x828d045e, L:/127.0.0.1:54249 - R:localhost/127.0.0.1:57395] for POST '/session/8f1c87a249f6efe38257732a322a7ee5/execute/sync'
09:05:20.612 [AsyncHttpClient-1-11] DEBUG o.a.netty.handler.HttpHandler - 

Request DefaultHttpRequest(decodeResult: success, version: HTTP/1.1)
POST /session/8f1c87a249f6efe38257732a322a7ee5/execute/sync HTTP/1.1
User-Agent: selenium/4.1.2 (java windows)
Content-Length: 48780
Content-Type: application/json; charset=utf-8
host: localhost:57395
accept: */*

Response DefaultHttpResponse(decodeResult: success, version: HTTP/1.1)
HTTP/1.1 200 OK
Content-Type: application/json; charset=utf-8
cache-control: no-cache
content-length: 15

09:05:20.612 [AsyncHttpClient-1-11] DEBUG o.a.netty.channel.ChannelManager - Adding key: http://localhost:57395 for channel [id: 0x828d045e, L:/127.0.0.1:54249 - R:localhost/127.0.0.1:57395]
09:05:20.982 [AsyncHttpClient-1-1] DEBUG o.a.netty.channel.DefaultChannelPool - Entry count for : http://localhost:54250 : 1
09:05:20.982 [AsyncHttpClient-1-1] DEBUG o.a.netty.channel.DefaultChannelPool - Entry count for : http://localhost:57395 : 1
09:05:21.125 [Forwarding findElement on session 8f1c87a249f6efe38257732a322a7ee5 to remote] DEBUG o.a.netty.request.NettyRequestSender - Using pooled Channel '[id: 0x828d045e, L:/127.0.0.1:54249 - R:localhost/127.0.0.1:57395]' for 'POST' to 'http://localhost:57395/session/8f1c87a249f6efe38257732a322a7ee5/element'
09:05:21.125 [Forwarding findElement on session 8f1c87a249f6efe38257732a322a7ee5 to remote] DEBUG o.a.netty.request.NettyRequestSender - Using open Channel [id: 0x828d045e, L:/127.0.0.1:54249 - R:localhost/127.0.0.1:57395] for POST '/session/8f1c87a249f6efe38257732a322a7ee5/element'
09:05:21.131 [AsyncHttpClient-1-11] DEBUG o.a.netty.handler.HttpHandler - 

Request DefaultHttpRequest(decodeResult: success, version: HTTP/1.1)
POST /session/8f1c87a249f6efe38257732a322a7ee5/element HTTP/1.1
User-Agent: selenium/4.1.2 (java windows)
Content-Length: 75
Content-Type: application/json; charset=utf-8
host: localhost:57395
accept: */*

Response DefaultHttpResponse(decodeResult: success, version: HTTP/1.1)
HTTP/1.1 200 OK
Content-Type: application/json; charset=utf-8
cache-control: no-cache
content-length: 88

09:05:21.132 [AsyncHttpClient-1-11] DEBUG o.a.netty.channel.ChannelManager - Adding key: http://localhost:57395 for channel [id: 0x828d045e, L:/127.0.0.1:54249 - R:localhost/127.0.0.1:57395]
09:05:21.135 [Forwarding isElementDisplayed on session 8f1c87a249f6efe38257732a322a7ee5 to remote] DEBUG o.a.netty.request.NettyRequestSender - Using pooled Channel '[id: 0x828d045e, L:/127.0.0.1:54249 - R:localhost/127.0.0.1:57395]' for 'POST' to 'http://localhost:57395/session/8f1c87a249f6efe38257732a322a7ee5/execute/sync'
09:05:21.135 [Forwarding isElementDisplayed on session 8f1c87a249f6efe38257732a322a7ee5 to remote] DEBUG o.a.netty.request.NettyRequestSender - Using open Channel [id: 0x828d045e, L:/127.0.0.1:54249 - R:localhost/127.0.0.1:57395] for POST '/session/8f1c87a249f6efe38257732a322a7ee5/execute/sync'
09:05:21.146 [AsyncHttpClient-1-11] DEBUG o.a.netty.handler.HttpHandler - 

Request DefaultHttpRequest(decodeResult: success, version: HTTP/1.1)
POST /session/8f1c87a249f6efe38257732a322a7ee5/execute/sync HTTP/1.1
User-Agent: selenium/4.1.2 (java windows)
Content-Length: 48780
Content-Type: application/json; charset=utf-8
host: localhost:57395
accept: */*

Response DefaultHttpResponse(decodeResult: success, version: HTTP/1.1)
HTTP/1.1 200 OK
Content-Type: application/json; charset=utf-8
cache-control: no-cache
content-length: 14

09:05:21.146 [AsyncHttpClient-1-11] DEBUG o.a.netty.channel.ChannelManager - Adding key: http://localhost:57395 for channel [id: 0x828d045e, L:/127.0.0.1:54249 - R:localhost/127.0.0.1:57395]
09:05:21.148 [Forwarding getElementText on session 8f1c87a249f6efe38257732a322a7ee5 to remote] DEBUG o.a.netty.request.NettyRequestSender - Using pooled Channel '[id: 0x828d045e, L:/127.0.0.1:54249 - R:localhost/127.0.0.1:57395]' for 'GET' to 'http://localhost:57395/session/8f1c87a249f6efe38257732a322a7ee5/element/b58a9935-b34c-4c1a-b63d-98d580ec3b96/text'
09:05:21.148 [Forwarding getElementText on session 8f1c87a249f6efe38257732a322a7ee5 to remote] DEBUG o.a.netty.request.NettyRequestSender - Using open Channel [id: 0x828d045e, L:/127.0.0.1:54249 - R:localhost/127.0.0.1:57395] for GET '/session/8f1c87a249f6efe38257732a322a7ee5/element/b58a9935-b34c-4c1a-b63d-98d580ec3b96/text'
09:05:21.161 [AsyncHttpClient-1-11] DEBUG o.a.netty.handler.HttpHandler - 

Request DefaultFullHttpRequest(decodeResult: success, version: HTTP/1.1, content: EmptyByteBufBE)
GET /session/8f1c87a249f6efe38257732a322a7ee5/element/b58a9935-b34c-4c1a-b63d-98d580ec3b96/text HTTP/1.1
User-Agent: selenium/4.1.2 (java windows)
Cache-Control: no-cache
Content-Type: application/json; charset=utf-8
host: localhost:57395
accept: */*

Response DefaultHttpResponse(decodeResult: success, version: HTTP/1.1)
HTTP/1.1 200 OK
Content-Type: application/json; charset=utf-8
cache-control: no-cache
content-length: 59

09:05:21.161 [AsyncHttpClient-1-11] DEBUG o.a.netty.channel.ChannelManager - Adding key: http://localhost:57395 for channel [id: 0x828d045e, L:/127.0.0.1:54249 - R:localhost/127.0.0.1:57395]
09:05:22.075 [AsyncHttpClient-1-1] DEBUG o.a.netty.channel.DefaultChannelPool - Entry count for : http://localhost:54250 : 1
09:05:22.075 [AsyncHttpClient-1-1] DEBUG o.a.netty.channel.DefaultChannelPool - Entry count for : http://localhost:57395 : 1
09:05:23.173 [AsyncHttpClient-1-1] DEBUG o.a.netty.channel.DefaultChannelPool - Entry count for : http://localhost:54250 : 1
09:05:23.173 [AsyncHttpClient-1-1] DEBUG o.a.netty.channel.DefaultChannelPool - Entry count for : http://localhost:57395 : 1
09:05:24.276 [AsyncHttpClient-1-1] DEBUG o.a.netty.channel.DefaultChannelPool - Entry count for : http://localhost:54250 : 1
09:05:24.276 [AsyncHttpClient-1-1] DEBUG o.a.netty.channel.DefaultChannelPool - Entry count for : http://localhost:57395 : 1
09:05:25.177 [Forwarding findElement on session 8f1c87a249f6efe38257732a322a7ee5 to remote] DEBUG o.a.netty.request.NettyRequestSender - Using pooled Channel '[id: 0x828d045e, L:/127.0.0.1:54249 - R:localhost/127.0.0.1:57395]' for 'POST' to 'http://localhost:57395/session/8f1c87a249f6efe38257732a322a7ee5/element'
09:05:25.177 [Forwarding findElement on session 8f1c87a249f6efe38257732a322a7ee5 to remote] DEBUG o.a.netty.request.NettyRequestSender - Using open Channel [id: 0x828d045e, L:/127.0.0.1:54249 - R:localhost/127.0.0.1:57395] for POST '/session/8f1c87a249f6efe38257732a322a7ee5/element'
09:05:25.183 [AsyncHttpClient-1-11] DEBUG o.a.netty.handler.HttpHandler - 

Request DefaultHttpRequest(decodeResult: success, version: HTTP/1.1)
POST /session/8f1c87a249f6efe38257732a322a7ee5/element HTTP/1.1
User-Agent: selenium/4.1.2 (java windows)
Content-Length: 128
Content-Type: application/json; charset=utf-8
host: localhost:57395
accept: */*

Response DefaultHttpResponse(decodeResult: success, version: HTTP/1.1)
HTTP/1.1 200 OK
Content-Type: application/json; charset=utf-8
cache-control: no-cache
content-length: 88

09:05:25.183 [AsyncHttpClient-1-11] DEBUG o.a.netty.channel.ChannelManager - Adding key: http://localhost:57395 for channel [id: 0x828d045e, L:/127.0.0.1:54249 - R:localhost/127.0.0.1:57395]
09:05:25.184 [Forwarding sendKeysToElement on session 8f1c87a249f6efe38257732a322a7ee5 to remote] DEBUG o.a.netty.request.NettyRequestSender - Using pooled Channel '[id: 0x828d045e, L:/127.0.0.1:54249 - R:localhost/127.0.0.1:57395]' for 'POST' to 'http://localhost:57395/session/8f1c87a249f6efe38257732a322a7ee5/element/d947f4d9-96af-4f03-95ce-bc89c73a899f/value'
09:05:25.184 [Forwarding sendKeysToElement on session 8f1c87a249f6efe38257732a322a7ee5 to remote] DEBUG o.a.netty.request.NettyRequestSender - Using open Channel [id: 0x828d045e, L:/127.0.0.1:54249 - R:localhost/127.0.0.1:57395] for POST '/session/8f1c87a249f6efe38257732a322a7ee5/element/d947f4d9-96af-4f03-95ce-bc89c73a899f/value'
09:05:25.205 [AsyncHttpClient-1-11] DEBUG o.a.netty.handler.HttpHandler - 

Request DefaultHttpRequest(decodeResult: success, version: HTTP/1.1)
POST /session/8f1c87a249f6efe38257732a322a7ee5/element/d947f4d9-96af-4f03-95ce-bc89c73a899f/value HTTP/1.1
User-Agent: selenium/4.1.2 (java windows)
Content-Length: 82
Content-Type: application/json; charset=utf-8
host: localhost:57395
accept: */*

Response DefaultHttpResponse(decodeResult: success, version: HTTP/1.1)
HTTP/1.1 200 OK
Content-Type: application/json; charset=utf-8
cache-control: no-cache
content-length: 14

09:05:25.205 [AsyncHttpClient-1-11] DEBUG o.a.netty.channel.ChannelManager - Adding key: http://localhost:57395 for channel [id: 0x828d045e, L:/127.0.0.1:54249 - R:localhost/127.0.0.1:57395]
09:05:25.206 [Forwarding findElement on session 8f1c87a249f6efe38257732a322a7ee5 to remote] DEBUG o.a.netty.request.NettyRequestSender - Using pooled Channel '[id: 0x828d045e, L:/127.0.0.1:54249 - R:localhost/127.0.0.1:57395]' for 'POST' to 'http://localhost:57395/session/8f1c87a249f6efe38257732a322a7ee5/element'
09:05:25.206 [Forwarding findElement on session 8f1c87a249f6efe38257732a322a7ee5 to remote] DEBUG o.a.netty.request.NettyRequestSender - Using open Channel [id: 0x828d045e, L:/127.0.0.1:54249 - R:localhost/127.0.0.1:57395] for POST '/session/8f1c87a249f6efe38257732a322a7ee5/element'
09:05:25.212 [AsyncHttpClient-1-11] DEBUG o.a.netty.handler.HttpHandler - 

Request DefaultHttpRequest(decodeResult: success, version: HTTP/1.1)
POST /session/8f1c87a249f6efe38257732a322a7ee5/element HTTP/1.1
User-Agent: selenium/4.1.2 (java windows)
Content-Length: 132
Content-Type: application/json; charset=utf-8
host: localhost:57395
accept: */*

Response DefaultHttpResponse(decodeResult: success, version: HTTP/1.1)
HTTP/1.1 200 OK
Content-Type: application/json; charset=utf-8
cache-control: no-cache
content-length: 88

09:05:25.213 [AsyncHttpClient-1-11] DEBUG o.a.netty.channel.ChannelManager - Adding key: http://localhost:57395 for channel [id: 0x828d045e, L:/127.0.0.1:54249 - R:localhost/127.0.0.1:57395]
09:05:25.214 [Forwarding sendKeysToElement on session 8f1c87a249f6efe38257732a322a7ee5 to remote] DEBUG o.a.netty.request.NettyRequestSender - Using pooled Channel '[id: 0x828d045e, L:/127.0.0.1:54249 - R:localhost/127.0.0.1:57395]' for 'POST' to 'http://localhost:57395/session/8f1c87a249f6efe38257732a322a7ee5/element/58ed36d3-a128-464f-a22d-892559ee87d7/value'
09:05:25.214 [Forwarding sendKeysToElement on session 8f1c87a249f6efe38257732a322a7ee5 to remote] DEBUG o.a.netty.request.NettyRequestSender - Using open Channel [id: 0x828d045e, L:/127.0.0.1:54249 - R:localhost/127.0.0.1:57395] for POST '/session/8f1c87a249f6efe38257732a322a7ee5/element/58ed36d3-a128-464f-a22d-892559ee87d7/value'
09:05:25.253 [AsyncHttpClient-1-11] DEBUG o.a.netty.handler.HttpHandler - 

Request DefaultHttpRequest(decodeResult: success, version: HTTP/1.1)
POST /session/8f1c87a249f6efe38257732a322a7ee5/element/58ed36d3-a128-464f-a22d-892559ee87d7/value HTTP/1.1
User-Agent: selenium/4.1.2 (java windows)
Content-Length: 82
Content-Type: application/json; charset=utf-8
host: localhost:57395
accept: */*

Response DefaultHttpResponse(decodeResult: success, version: HTTP/1.1)
HTTP/1.1 200 OK
Content-Type: application/json; charset=utf-8
cache-control: no-cache
content-length: 14

09:05:25.253 [AsyncHttpClient-1-11] DEBUG o.a.netty.channel.ChannelManager - Adding key: http://localhost:57395 for channel [id: 0x828d045e, L:/127.0.0.1:54249 - R:localhost/127.0.0.1:57395]
09:05:25.255 [Forwarding findElement on session 8f1c87a249f6efe38257732a322a7ee5 to remote] DEBUG o.a.netty.request.NettyRequestSender - Using pooled Channel '[id: 0x828d045e, L:/127.0.0.1:54249 - R:localhost/127.0.0.1:57395]' for 'POST' to 'http://localhost:57395/session/8f1c87a249f6efe38257732a322a7ee5/element'
09:05:25.255 [Forwarding findElement on session 8f1c87a249f6efe38257732a322a7ee5 to remote] DEBUG o.a.netty.request.NettyRequestSender - Using open Channel [id: 0x828d045e, L:/127.0.0.1:54249 - R:localhost/127.0.0.1:57395] for POST '/session/8f1c87a249f6efe38257732a322a7ee5/element'
09:05:25.262 [AsyncHttpClient-1-11] DEBUG o.a.netty.handler.HttpHandler - 

Request DefaultHttpRequest(decodeResult: success, version: HTTP/1.1)
POST /session/8f1c87a249f6efe38257732a322a7ee5/element HTTP/1.1
User-Agent: selenium/4.1.2 (java windows)
Content-Length: 125
Content-Type: application/json; charset=utf-8
host: localhost:57395
accept: */*

Response DefaultHttpResponse(decodeResult: success, version: HTTP/1.1)
HTTP/1.1 200 OK
Content-Type: application/json; charset=utf-8
cache-control: no-cache
content-length: 88

09:05:25.262 [AsyncHttpClient-1-11] DEBUG o.a.netty.channel.ChannelManager - Adding key: http://localhost:57395 for channel [id: 0x828d045e, L:/127.0.0.1:54249 - R:localhost/127.0.0.1:57395]
09:05:25.263 [Forwarding clickElement on session 8f1c87a249f6efe38257732a322a7ee5 to remote] DEBUG o.a.netty.request.NettyRequestSender - Using pooled Channel '[id: 0x828d045e, L:/127.0.0.1:54249 - R:localhost/127.0.0.1:57395]' for 'POST' to 'http://localhost:57395/session/8f1c87a249f6efe38257732a322a7ee5/element/b074f19c-2fd7-4712-9cfa-911bc086db7d/click'
09:05:25.263 [Forwarding clickElement on session 8f1c87a249f6efe38257732a322a7ee5 to remote] DEBUG o.a.netty.request.NettyRequestSender - Using open Channel [id: 0x828d045e, L:/127.0.0.1:54249 - R:localhost/127.0.0.1:57395] for POST '/session/8f1c87a249f6efe38257732a322a7ee5/element/b074f19c-2fd7-4712-9cfa-911bc086db7d/click'
09:05:25.331 [AsyncHttpClient-1-11] DEBUG o.a.netty.handler.HttpHandler - 

Request DefaultHttpRequest(decodeResult: success, version: HTTP/1.1)
POST /session/8f1c87a249f6efe38257732a322a7ee5/element/b074f19c-2fd7-4712-9cfa-911bc086db7d/click HTTP/1.1
User-Agent: selenium/4.1.2 (java windows)
Content-Length: 50
Content-Type: application/json; charset=utf-8
host: localhost:57395
accept: */*

Response DefaultHttpResponse(decodeResult: success, version: HTTP/1.1)
HTTP/1.1 200 OK
Content-Type: application/json; charset=utf-8
cache-control: no-cache
content-length: 14

09:05:25.331 [AsyncHttpClient-1-11] DEBUG o.a.netty.channel.ChannelManager - Adding key: http://localhost:57395 for channel [id: 0x828d045e, L:/127.0.0.1:54249 - R:localhost/127.0.0.1:57395]
09:05:25.333 [Forwarding findElement on session 8f1c87a249f6efe38257732a322a7ee5 to remote] DEBUG o.a.netty.request.NettyRequestSender - Using pooled Channel '[id: 0x828d045e, L:/127.0.0.1:54249 - R:localhost/127.0.0.1:57395]' for 'POST' to 'http://localhost:57395/session/8f1c87a249f6efe38257732a322a7ee5/element'
09:05:25.333 [Forwarding findElement on session 8f1c87a249f6efe38257732a322a7ee5 to remote] DEBUG o.a.netty.request.NettyRequestSender - Using open Channel [id: 0x828d045e, L:/127.0.0.1:54249 - R:localhost/127.0.0.1:57395] for POST '/session/8f1c87a249f6efe38257732a322a7ee5/element'
09:05:25.341 [AsyncHttpClient-1-11] DEBUG o.a.netty.handler.HttpHandler - 

Request DefaultHttpRequest(decodeResult: success, version: HTTP/1.1)
POST /session/8f1c87a249f6efe38257732a322a7ee5/element HTTP/1.1
User-Agent: selenium/4.1.2 (java windows)
Content-Length: 75
Content-Type: application/json; charset=utf-8
host: localhost:57395
accept: */*

Response DefaultHttpResponse(decodeResult: success, version: HTTP/1.1)
HTTP/1.1 200 OK
Content-Type: application/json; charset=utf-8
cache-control: no-cache
content-length: 88

09:05:25.341 [AsyncHttpClient-1-11] DEBUG o.a.netty.channel.ChannelManager - Adding key: http://localhost:57395 for channel [id: 0x828d045e, L:/127.0.0.1:54249 - R:localhost/127.0.0.1:57395]
09:05:25.346 [Forwarding isElementDisplayed on session 8f1c87a249f6efe38257732a322a7ee5 to remote] DEBUG o.a.netty.request.NettyRequestSender - Using pooled Channel '[id: 0x828d045e, L:/127.0.0.1:54249 - R:localhost/127.0.0.1:57395]' for 'POST' to 'http://localhost:57395/session/8f1c87a249f6efe38257732a322a7ee5/execute/sync'
09:05:25.346 [Forwarding isElementDisplayed on session 8f1c87a249f6efe38257732a322a7ee5 to remote] DEBUG o.a.netty.request.NettyRequestSender - Using open Channel [id: 0x828d045e, L:/127.0.0.1:54249 - R:localhost/127.0.0.1:57395] for POST '/session/8f1c87a249f6efe38257732a322a7ee5/execute/sync'
09:05:25.360 [AsyncHttpClient-1-11] DEBUG o.a.netty.handler.HttpHandler - 

Request DefaultHttpRequest(decodeResult: success, version: HTTP/1.1)
POST /session/8f1c87a249f6efe38257732a322a7ee5/execute/sync HTTP/1.1
User-Agent: selenium/4.1.2 (java windows)
Content-Length: 48780
Content-Type: application/json; charset=utf-8
host: localhost:57395
accept: */*

Response DefaultHttpResponse(decodeResult: success, version: HTTP/1.1)
HTTP/1.1 200 OK
Content-Type: application/json; charset=utf-8
cache-control: no-cache
content-length: 15

09:05:25.360 [AsyncHttpClient-1-11] DEBUG o.a.netty.channel.ChannelManager - Adding key: http://localhost:57395 for channel [id: 0x828d045e, L:/127.0.0.1:54249 - R:localhost/127.0.0.1:57395]
09:05:25.383 [AsyncHttpClient-1-1] DEBUG o.a.netty.channel.DefaultChannelPool - Entry count for : http://localhost:54250 : 1
09:05:25.383 [AsyncHttpClient-1-1] DEBUG o.a.netty.channel.DefaultChannelPool - Entry count for : http://localhost:57395 : 1
09:05:25.873 [Forwarding findElement on session 8f1c87a249f6efe38257732a322a7ee5 to remote] DEBUG o.a.netty.request.NettyRequestSender - Using pooled Channel '[id: 0x828d045e, L:/127.0.0.1:54249 - R:localhost/127.0.0.1:57395]' for 'POST' to 'http://localhost:57395/session/8f1c87a249f6efe38257732a322a7ee5/element'
09:05:25.873 [Forwarding findElement on session 8f1c87a249f6efe38257732a322a7ee5 to remote] DEBUG o.a.netty.request.NettyRequestSender - Using open Channel [id: 0x828d045e, L:/127.0.0.1:54249 - R:localhost/127.0.0.1:57395] for POST '/session/8f1c87a249f6efe38257732a322a7ee5/element'
09:05:25.879 [AsyncHttpClient-1-11] DEBUG o.a.netty.handler.HttpHandler - 

Request DefaultHttpRequest(decodeResult: success, version: HTTP/1.1)
POST /session/8f1c87a249f6efe38257732a322a7ee5/element HTTP/1.1
User-Agent: selenium/4.1.2 (java windows)
Content-Length: 75
Content-Type: application/json; charset=utf-8
host: localhost:57395
accept: */*

Response DefaultHttpResponse(decodeResult: success, version: HTTP/1.1)
HTTP/1.1 200 OK
Content-Type: application/json; charset=utf-8
cache-control: no-cache
content-length: 88

09:05:25.879 [AsyncHttpClient-1-11] DEBUG o.a.netty.channel.ChannelManager - Adding key: http://localhost:57395 for channel [id: 0x828d045e, L:/127.0.0.1:54249 - R:localhost/127.0.0.1:57395]
09:05:25.883 [Forwarding isElementDisplayed on session 8f1c87a249f6efe38257732a322a7ee5 to remote] DEBUG o.a.netty.request.NettyRequestSender - Using pooled Channel '[id: 0x828d045e, L:/127.0.0.1:54249 - R:localhost/127.0.0.1:57395]' for 'POST' to 'http://localhost:57395/session/8f1c87a249f6efe38257732a322a7ee5/execute/sync'
09:05:25.883 [Forwarding isElementDisplayed on session 8f1c87a249f6efe38257732a322a7ee5 to remote] DEBUG o.a.netty.request.NettyRequestSender - Using open Channel [id: 0x828d045e, L:/127.0.0.1:54249 - R:localhost/127.0.0.1:57395] for POST '/session/8f1c87a249f6efe38257732a322a7ee5/execute/sync'
09:05:25.891 [AsyncHttpClient-1-11] DEBUG o.a.netty.handler.HttpHandler - 

Request DefaultHttpRequest(decodeResult: success, version: HTTP/1.1)
POST /session/8f1c87a249f6efe38257732a322a7ee5/execute/sync HTTP/1.1
User-Agent: selenium/4.1.2 (java windows)
Content-Length: 48780
Content-Type: application/json; charset=utf-8
host: localhost:57395
accept: */*

Response DefaultHttpResponse(decodeResult: success, version: HTTP/1.1)
HTTP/1.1 200 OK
Content-Type: application/json; charset=utf-8
cache-control: no-cache
content-length: 14

09:05:25.892 [AsyncHttpClient-1-11] DEBUG o.a.netty.channel.ChannelManager - Adding key: http://localhost:57395 for channel [id: 0x828d045e, L:/127.0.0.1:54249 - R:localhost/127.0.0.1:57395]
09:05:25.892 [Forwarding getElementText on session 8f1c87a249f6efe38257732a322a7ee5 to remote] DEBUG o.a.netty.request.NettyRequestSender - Using pooled Channel '[id: 0x828d045e, L:/127.0.0.1:54249 - R:localhost/127.0.0.1:57395]' for 'GET' to 'http://localhost:57395/session/8f1c87a249f6efe38257732a322a7ee5/element/0a3e6929-2da8-403f-929c-0e0b1d143902/text'
09:05:25.892 [Forwarding getElementText on session 8f1c87a249f6efe38257732a322a7ee5 to remote] DEBUG o.a.netty.request.NettyRequestSender - Using open Channel [id: 0x828d045e, L:/127.0.0.1:54249 - R:localhost/127.0.0.1:57395] for GET '/session/8f1c87a249f6efe38257732a322a7ee5/element/0a3e6929-2da8-403f-929c-0e0b1d143902/text'
09:05:25.905 [AsyncHttpClient-1-11] DEBUG o.a.netty.handler.HttpHandler - 

Request DefaultFullHttpRequest(decodeResult: success, version: HTTP/1.1, content: EmptyByteBufBE)
GET /session/8f1c87a249f6efe38257732a322a7ee5/element/0a3e6929-2da8-403f-929c-0e0b1d143902/text HTTP/1.1
User-Agent: selenium/4.1.2 (java windows)
Cache-Control: no-cache
Content-Type: application/json; charset=utf-8
host: localhost:57395
accept: */*

Response DefaultHttpResponse(decodeResult: success, version: HTTP/1.1)
HTTP/1.1 200 OK
Content-Type: application/json; charset=utf-8
cache-control: no-cache
content-length: 59

09:05:25.905 [AsyncHttpClient-1-11] DEBUG o.a.netty.channel.ChannelManager - Adding key: http://localhost:57395 for channel [id: 0x828d045e, L:/127.0.0.1:54249 - R:localhost/127.0.0.1:57395]
09:05:26.478 [AsyncHttpClient-1-1] DEBUG o.a.netty.channel.DefaultChannelPool - Entry count for : http://localhost:54250 : 1
09:05:26.478 [AsyncHttpClient-1-1] DEBUG o.a.netty.channel.DefaultChannelPool - Entry count for : http://localhost:57395 : 1
09:05:27.581 [AsyncHttpClient-1-1] DEBUG o.a.netty.channel.DefaultChannelPool - Entry count for : http://localhost:54250 : 1
09:05:27.581 [AsyncHttpClient-1-1] DEBUG o.a.netty.channel.DefaultChannelPool - Entry count for : http://localhost:57395 : 1
  &amp#27;[32mWhen &amp#27;[0m&amp#27;[32muser login using invalid credentials form ExcelData with File &amp#27;[0m&amp#27;[32m&amp#27;[1m"InvalidUserCredentials"&amp#27;[0m&amp#27;[32m and SheetName &amp#27;[0m&amp#27;[32m&amp#27;[1m"InvalidUserCredentials"&amp#27;[0m &amp#27;[90m# stepdefinitions.LoginPageSteps.user_login_using_invalid_credentials_form_excel_data_with_file_and_sheet_name(java.lang.String,java.lang.String)&amp#27;[0m
09:05:27.918 [Forwarding getTitle on session 8f1c87a249f6efe38257732a322a7ee5 to remote] DEBUG o.a.netty.request.NettyRequestSender - Using pooled Channel '[id: 0x828d045e, L:/127.0.0.1:54249 - R:localhost/127.0.0.1:57395]' for 'GET' to 'http://localhost:57395/session/8f1c87a249f6efe38257732a322a7ee5/title'
09:05:27.918 [Forwarding getTitle on session 8f1c87a249f6efe38257732a322a7ee5 to remote] DEBUG o.a.netty.request.NettyRequestSender - Using open Channel [id: 0x828d045e, L:/127.0.0.1:54249 - R:localhost/127.0.0.1:57395] for GET '/session/8f1c87a249f6efe38257732a322a7ee5/title'
09:05:27.921 [AsyncHttpClient-1-11] DEBUG o.a.netty.handler.HttpHandler - 

Request DefaultFullHttpRequest(decodeResult: success, version: HTTP/1.1, content: EmptyByteBufBE)
GET /session/8f1c87a249f6efe38257732a322a7ee5/title HTTP/1.1
User-Agent: selenium/4.1.2 (java windows)
Cache-Control: no-cache
Content-Type: application/json; charset=utf-8
host: localhost:57395
accept: */*

Response DefaultHttpResponse(decodeResult: success, version: HTTP/1.1)
HTTP/1.1 200 OK
Content-Type: application/json; charset=utf-8
cache-control: no-cache
content-length: 22

09:05:27.921 [AsyncHttpClient-1-11] DEBUG o.a.netty.channel.ChannelManager - Adding key: http://localhost:57395 for channel [id: 0x828d045e, L:/127.0.0.1:54249 - R:localhost/127.0.0.1:57395]
09:05:27.922 [Forwarding getTitle on session 8f1c87a249f6efe38257732a322a7ee5 to remote] DEBUG o.a.netty.request.NettyRequestSender - Using pooled Channel '[id: 0x828d045e, L:/127.0.0.1:54249 - R:localhost/127.0.0.1:57395]' for 'GET' to 'http://localhost:57395/session/8f1c87a249f6efe38257732a322a7ee5/title'
09:05:27.922 [Forwarding getTitle on session 8f1c87a249f6efe38257732a322a7ee5 to remote] DEBUG o.a.netty.request.NettyRequestSender - Using open Channel [id: 0x828d045e, L:/127.0.0.1:54249 - R:localhost/127.0.0.1:57395] for GET '/session/8f1c87a249f6efe38257732a322a7ee5/title'
09:05:27.924 [AsyncHttpClient-1-11] DEBUG o.a.netty.handler.HttpHandler - 

Request DefaultFullHttpRequest(decodeResult: success, version: HTTP/1.1, content: EmptyByteBufBE)
GET /session/8f1c87a249f6efe38257732a322a7ee5/title HTTP/1.1
User-Agent: selenium/4.1.2 (java windows)
Cache-Control: no-cache
Content-Type: application/json; charset=utf-8
host: localhost:57395
accept: */*

Response DefaultHttpResponse(decodeResult: success, version: HTTP/1.1)
HTTP/1.1 200 OK
Content-Type: application/json; charset=utf-8
cache-control: no-cache
content-length: 22

09:05:27.925 [AsyncHttpClient-1-11] DEBUG o.a.netty.channel.ChannelManager - Adding key: http://localhost:57395 for channel [id: 0x828d045e, L:/127.0.0.1:54249 - R:localhost/127.0.0.1:57395]
09:05:28.679 [AsyncHttpClient-1-1] DEBUG o.a.netty.channel.DefaultChannelPool - Entry count for : http://localhost:54250 : 1
09:05:28.679 [AsyncHttpClient-1-1] DEBUG o.a.netty.channel.DefaultChannelPool - Entry count for : http://localhost:57395 : 1
09:05:29.781 [AsyncHttpClient-1-1] DEBUG o.a.netty.channel.DefaultChannelPool - Entry count for : http://localhost:54250 : 1
09:05:29.781 [AsyncHttpClient-1-1] DEBUG o.a.netty.channel.DefaultChannelPool - Entry count for : http://localhost:57395 : 1
09:05:30.880 [AsyncHttpClient-1-1] DEBUG o.a.netty.channel.DefaultChannelPool - Entry count for : http://localhost:54250 : 1
09:05:30.880 [AsyncHttpClient-1-1] DEBUG o.a.netty.channel.DefaultChannelPool - Entry count for : http://localhost:57395 : 1
09:05:31.981 [AsyncHttpClient-1-1] DEBUG o.a.netty.channel.DefaultChannelPool - Entry count for : http://localhost:54250 : 1
09:05:31.981 [AsyncHttpClient-1-1] DEBUG o.a.netty.channel.DefaultChannelPool - Entry count for : http://localhost:57395 : 1
09:05:32.941 [Forwarding findElement on session 8f1c87a249f6efe38257732a322a7ee5 to remote] DEBUG o.a.netty.request.NettyRequestSender - Using pooled Channel '[id: 0x828d045e, L:/127.0.0.1:54249 - R:localhost/127.0.0.1:57395]' for 'POST' to 'http://localhost:57395/session/8f1c87a249f6efe38257732a322a7ee5/element'
09:05:32.941 [Forwarding findElement on session 8f1c87a249f6efe38257732a322a7ee5 to remote] DEBUG o.a.netty.request.NettyRequestSender - Using open Channel [id: 0x828d045e, L:/127.0.0.1:54249 - R:localhost/127.0.0.1:57395] for POST '/session/8f1c87a249f6efe38257732a322a7ee5/element'
09:05:32.953 [AsyncHttpClient-1-11] DEBUG o.a.netty.handler.HttpHandler - 

Request DefaultHttpRequest(decodeResult: success, version: HTTP/1.1)
POST /session/8f1c87a249f6efe38257732a322a7ee5/element HTTP/1.1
User-Agent: selenium/4.1.2 (java windows)
Content-Length: 75
Content-Type: application/json; charset=utf-8
host: localhost:57395
accept: */*

Response DefaultHttpResponse(decodeResult: success, version: HTTP/1.1)
HTTP/1.1 200 OK
Content-Type: application/json; charset=utf-8
cache-control: no-cache
content-length: 88

09:05:32.953 [AsyncHttpClient-1-11] DEBUG o.a.netty.channel.ChannelManager - Adding key: http://localhost:57395 for channel [id: 0x828d045e, L:/127.0.0.1:54249 - R:localhost/127.0.0.1:57395]
09:05:32.956 [Forwarding isElementDisplayed on session 8f1c87a249f6efe38257732a322a7ee5 to remote] DEBUG o.a.netty.request.NettyRequestSender - Using pooled Channel '[id: 0x828d045e, L:/127.0.0.1:54249 - R:localhost/127.0.0.1:57395]' for 'POST' to 'http://localhost:57395/session/8f1c87a249f6efe38257732a322a7ee5/execute/sync'
09:05:32.957 [Forwarding isElementDisplayed on session 8f1c87a249f6efe38257732a322a7ee5 to remote] DEBUG o.a.netty.request.NettyRequestSender - Using open Channel [id: 0x828d045e, L:/127.0.0.1:54249 - R:localhost/127.0.0.1:57395] for POST '/session/8f1c87a249f6efe38257732a322a7ee5/execute/sync'
09:05:32.970 [AsyncHttpClient-1-11] DEBUG o.a.netty.handler.HttpHandler - 

Request DefaultHttpRequest(decodeResult: success, version: HTTP/1.1)
POST /session/8f1c87a249f6efe38257732a322a7ee5/execute/sync HTTP/1.1
User-Agent: selenium/4.1.2 (java windows)
Content-Length: 48780
Content-Type: application/json; charset=utf-8
host: localhost:57395
accept: */*

Response DefaultHttpResponse(decodeResult: success, version: HTTP/1.1)
HTTP/1.1 200 OK
Content-Type: application/json; charset=utf-8
cache-control: no-cache
content-length: 14

09:05:32.970 [AsyncHttpClient-1-11] DEBUG o.a.netty.channel.ChannelManager - Adding key: http://localhost:57395 for channel [id: 0x828d045e, L:/127.0.0.1:54249 - R:localhost/127.0.0.1:57395]
09:05:32.972 [Forwarding getElementText on session 8f1c87a249f6efe38257732a322a7ee5 to remote] DEBUG o.a.netty.request.NettyRequestSender - Using pooled Channel '[id: 0x828d045e, L:/127.0.0.1:54249 - R:localhost/127.0.0.1:57395]' for 'GET' to 'http://localhost:57395/session/8f1c87a249f6efe38257732a322a7ee5/element/0a3e6929-2da8-403f-929c-0e0b1d143902/text'
09:05:32.972 [Forwarding getElementText on session 8f1c87a249f6efe38257732a322a7ee5 to remote] DEBUG o.a.netty.request.NettyRequestSender - Using open Channel [id: 0x828d045e, L:/127.0.0.1:54249 - R:localhost/127.0.0.1:57395] for GET '/session/8f1c87a249f6efe38257732a322a7ee5/element/0a3e6929-2da8-403f-929c-0e0b1d143902/text'
09:05:32.985 [AsyncHttpClient-1-11] DEBUG o.a.netty.handler.HttpHandler - 

Request DefaultFullHttpRequest(decodeResult: success, version: HTTP/1.1, content: EmptyByteBufBE)
GET /session/8f1c87a249f6efe38257732a322a7ee5/element/0a3e6929-2da8-403f-929c-0e0b1d143902/text HTTP/1.1
User-Agent: selenium/4.1.2 (java windows)
Cache-Control: no-cache
Content-Type: application/json; charset=utf-8
host: localhost:57395
accept: */*

Response DefaultHttpResponse(decodeResult: success, version: HTTP/1.1)
HTTP/1.1 200 OK
Content-Type: application/json; charset=utf-8
cache-control: no-cache
content-length: 59

09:05:32.986 [AsyncHttpClient-1-11] DEBUG o.a.netty.channel.ChannelManager - Adding key: http://localhost:57395 for channel [id: 0x828d045e, L:/127.0.0.1:54249 - R:localhost/127.0.0.1:57395]
09:05:33.084 [AsyncHttpClient-1-1] DEBUG o.a.netty.channel.DefaultChannelPool - Entry count for : http://localhost:54250 : 1
09:05:33.085 [AsyncHttpClient-1-1] DEBUG o.a.netty.channel.DefaultChannelPool - Entry count for : http://localhost:57395 : 1
09:05:34.182 [AsyncHttpClient-1-1] DEBUG o.a.netty.channel.DefaultChannelPool - Entry count for : http://localhost:54250 : 1
09:05:34.182 [AsyncHttpClient-1-1] DEBUG o.a.netty.channel.DefaultChannelPool - Entry count for : http://localhost:57395 : 1
  &amp#27;[32mThen &amp#27;[0m&amp#27;[32muser should not proceed to Dashboard Page&amp#27;[0m                                                                                     &amp#27;[90m# stepdefinitions.LoginPageSteps.user_should_not_proceed_to_dashboard_page()&amp#27;[0m
09:05:35.004 [Forwarding findElement on session 8f1c87a249f6efe38257732a322a7ee5 to remote] DEBUG o.a.netty.request.NettyRequestSender - Using pooled Channel '[id: 0x828d045e, L:/127.0.0.1:54249 - R:localhost/127.0.0.1:57395]' for 'POST' to 'http://localhost:57395/session/8f1c87a249f6efe38257732a322a7ee5/element'
09:05:35.004 [Forwarding findElement on session 8f1c87a249f6efe38257732a322a7ee5 to remote] DEBUG o.a.netty.request.NettyRequestSender - Using open Channel [id: 0x828d045e, L:/127.0.0.1:54249 - R:localhost/127.0.0.1:57395] for POST '/session/8f1c87a249f6efe38257732a322a7ee5/element'
09:05:35.009 [AsyncHttpClient-1-11] DEBUG o.a.netty.handler.HttpHandler - 

Request DefaultHttpRequest(decodeResult: success, version: HTTP/1.1)
POST /session/8f1c87a249f6efe38257732a322a7ee5/element HTTP/1.1
User-Agent: selenium/4.1.2 (java windows)
Content-Length: 75
Content-Type: application/json; charset=utf-8
host: localhost:57395
accept: */*

Response DefaultHttpResponse(decodeResult: success, version: HTTP/1.1)
HTTP/1.1 200 OK
Content-Type: application/json; charset=utf-8
cache-control: no-cache
content-length: 88

09:05:35.010 [AsyncHttpClient-1-11] DEBUG o.a.netty.channel.ChannelManager - Adding key: http://localhost:57395 for channel [id: 0x828d045e, L:/127.0.0.1:54249 - R:localhost/127.0.0.1:57395]
09:05:35.013 [Forwarding isElementDisplayed on session 8f1c87a249f6efe38257732a322a7ee5 to remote] DEBUG o.a.netty.request.NettyRequestSender - Using pooled Channel '[id: 0x828d045e, L:/127.0.0.1:54249 - R:localhost/127.0.0.1:57395]' for 'POST' to 'http://localhost:57395/session/8f1c87a249f6efe38257732a322a7ee5/execute/sync'
09:05:35.013 [Forwarding isElementDisplayed on session 8f1c87a249f6efe38257732a322a7ee5 to remote] DEBUG o.a.netty.request.NettyRequestSender - Using open Channel [id: 0x828d045e, L:/127.0.0.1:54249 - R:localhost/127.0.0.1:57395] for POST '/session/8f1c87a249f6efe38257732a322a7ee5/execute/sync'
09:05:35.027 [AsyncHttpClient-1-11] DEBUG o.a.netty.handler.HttpHandler - 

Request DefaultHttpRequest(decodeResult: success, version: HTTP/1.1)
POST /session/8f1c87a249f6efe38257732a322a7ee5/execute/sync HTTP/1.1
User-Agent: selenium/4.1.2 (java windows)
Content-Length: 48780
Content-Type: application/json; charset=utf-8
host: localhost:57395
accept: */*

Response DefaultHttpResponse(decodeResult: success, version: HTTP/1.1)
HTTP/1.1 200 OK
Content-Type: application/json; charset=utf-8
cache-control: no-cache
content-length: 14

09:05:35.028 [AsyncHttpClient-1-11] DEBUG o.a.netty.channel.ChannelManager - Adding key: http://localhost:57395 for channel [id: 0x828d045e, L:/127.0.0.1:54249 - R:localhost/127.0.0.1:57395]
09:05:35.028 [Forwarding getElementText on session 8f1c87a249f6efe38257732a322a7ee5 to remote] DEBUG o.a.netty.request.NettyRequestSender - Using pooled Channel '[id: 0x828d045e, L:/127.0.0.1:54249 - R:localhost/127.0.0.1:57395]' for 'GET' to 'http://localhost:57395/session/8f1c87a249f6efe38257732a322a7ee5/element/0a3e6929-2da8-403f-929c-0e0b1d143902/text'
09:05:35.028 [Forwarding getElementText on session 8f1c87a249f6efe38257732a322a7ee5 to remote] DEBUG o.a.netty.request.NettyRequestSender - Using open Channel [id: 0x828d045e, L:/127.0.0.1:54249 - R:localhost/127.0.0.1:57395] for GET '/session/8f1c87a249f6efe38257732a322a7ee5/element/0a3e6929-2da8-403f-929c-0e0b1d143902/text'
09:05:35.035 [AsyncHttpClient-1-11] DEBUG o.a.netty.handler.HttpHandler - 

Request DefaultFullHttpRequest(decodeResult: success, version: HTTP/1.1, content: EmptyByteBufBE)
GET /session/8f1c87a249f6efe38257732a322a7ee5/element/0a3e6929-2da8-403f-929c-0e0b1d143902/text HTTP/1.1
User-Agent: selenium/4.1.2 (java windows)
Cache-Control: no-cache
Content-Type: application/json; charset=utf-8
host: localhost:57395
accept: */*

Response DefaultHttpResponse(decodeResult: success, version: HTTP/1.1)
HTTP/1.1 200 OK
Content-Type: application/json; charset=utf-8
cache-control: no-cache
content-length: 59

09:05:35.035 [AsyncHttpClient-1-11] DEBUG o.a.netty.channel.ChannelManager - Adding key: http://localhost:57395 for channel [id: 0x828d045e, L:/127.0.0.1:54249 - R:localhost/127.0.0.1:57395]
09:05:35.282 [AsyncHttpClient-1-1] DEBUG o.a.netty.channel.DefaultChannelPool - Entry count for : http://localhost:54250 : 1
09:05:35.282 [AsyncHttpClient-1-1] DEBUG o.a.netty.channel.DefaultChannelPool - Entry count for : http://localhost:57395 : 1
09:05:36.380 [AsyncHttpClient-1-1] DEBUG o.a.netty.channel.DefaultChannelPool - Entry count for : http://localhost:54250 : 1
09:05:36.380 [AsyncHttpClient-1-1] DEBUG o.a.netty.channel.DefaultChannelPool - Entry count for : http://localhost:57395 : 1
  &amp#27;[32mThen &amp#27;[0m&amp#27;[32muser gets login failed error message&amp#27;[0m                                                                                          &amp#27;[90m# stepdefinitions.LoginPageSteps.user_gets_login_failed_error_message()&amp#27;[0m
09:05:37.050 [Driver Command Executor] DEBUG o.a.netty.request.NettyRequestSender - Using pooled Channel '[id: 0x828d045e, L:/127.0.0.1:54249 - R:localhost/127.0.0.1:57395]' for 'DELETE' to 'http://localhost:57395/session/8f1c87a249f6efe38257732a322a7ee5'
09:05:37.050 [AsyncHttpClient-1-13] DEBUG o.a.netty.handler.WebSocketHandler - Channel Closed: [id: 0xff82a847, L:/127.0.0.1:54257 ! R:localhost/127.0.0.1:54250] with attribute NettyResponseFuture{currentRetry=5,
	isDone=1,
	isCancelled=0,
	asyncHandler=org.asynchttpclient.ws.WebSocketUpgradeHandler@63b395f9,
	nettyRequest=org.asynchttpclient.netty.request.NettyRequest@26b117eb,
	future=java.util.concurrent.CompletableFuture@10b81a02[Completed normally],
	uri=ws://localhost:54250/devtools/browser/8976c35b-b05c-4ae3-8408-14866dc42f70,
	keepAlive=true,
	redirectCount=0,
	timeoutsHolder=null,
	inAuth=0,
	touch=1648602302104}
09:05:37.050 [Driver Command Executor] DEBUG o.a.netty.request.NettyRequestSender - Using open Channel [id: 0x828d045e, L:/127.0.0.1:54249 - R:localhost/127.0.0.1:57395] for DELETE '/session/8f1c87a249f6efe38257732a322a7ee5'
09:05:37.051 [AsyncHttpClient-1-13] DEBUG o.a.netty.channel.ChannelManager - Closing Channel [id: 0xff82a847, L:/127.0.0.1:54257 ! R:localhost/127.0.0.1:54250] 
09:05:37.072 [AsyncHttpClient-1-12] DEBUG o.a.netty.handler.HttpHandler - Unexpected I/O exception on channel [id: 0x88faf2d2, L:/127.0.0.1:54256 - R:localhost/127.0.0.1:54250]
java.net.SocketException: Connection reset
	at java.base/sun.nio.ch.SocketChannelImpl.throwConnectionReset(SocketChannelImpl.java:367) ~[na:na]
	at java.base/sun.nio.ch.SocketChannelImpl.read(SocketChannelImpl.java:398) ~[na:na]
	at io.netty.buffer.PooledByteBuf.setBytes(PooledByteBuf.java:253) ~[netty-buffer-4.1.70.Final.jar:4.1.70.Final]
	at io.netty.buffer.AbstractByteBuf.writeBytes(AbstractByteBuf.java:1132) ~[netty-buffer-4.1.70.Final.jar:4.1.70.Final]
	at io.netty.channel.socket.nio.NioSocketChannel.doReadBytes(NioSocketChannel.java:350) ~[netty-transport-4.1.70.Final.jar:4.1.70.Final]
	at io.netty.channel.nio.AbstractNioByteChannel$NioByteUnsafe.read(AbstractNioByteChannel.java:151) ~[netty-transport-4.1.70.Final.jar:4.1.70.Final]
	at io.netty.channel.nio.NioEventLoop.processSelectedKey(NioEventLoop.java:719) ~[netty-transport-4.1.70.Final.jar:4.1.70.Final]
	at io.netty.channel.nio.NioEventLoop.processSelectedKeysOptimized(NioEventLoop.java:655) ~[netty-transport-4.1.70.Final.jar:4.1.70.Final]
	at io.netty.channel.nio.NioEventLoop.processSelectedKeys(NioEventLoop.java:581) ~[netty-transport-4.1.70.Final.jar:4.1.70.Final]
	at io.netty.channel.nio.NioEventLoop.run(NioEventLoop.java:493) ~[netty-transport-4.1.70.Final.jar:4.1.70.Final]
	at io.netty.util.concurrent.SingleThreadEventExecutor$4.run(SingleThreadEventExecutor.java:986) ~[netty-common-4.1.70.Final.jar:4.1.70.Final]
	at io.netty.util.internal.ThreadExecutorMap$2.run(ThreadExecutorMap.java:74) ~[netty-common-4.1.70.Final.jar:4.1.70.Final]
	at io.netty.util.concurrent.FastThreadLocalRunnable.run(FastThreadLocalRunnable.java:30) ~[netty-common-4.1.70.Final.jar:4.1.70.Final]
	at java.base/java.lang.Thread.run(Thread.java:832) ~[na:na]
09:05:37.073 [AsyncHttpClient-1-12] DEBUG o.a.netty.channel.ChannelManager - Closing Channel [id: 0x88faf2d2, L:/127.0.0.1:54256 - R:localhost/127.0.0.1:54250] 
09:05:37.073 [AsyncHttpClient-1-12] DEBUG o.a.netty.handler.HttpHandler - Channel Closed: [id: 0x88faf2d2, L:/127.0.0.1:54256 ! R:localhost/127.0.0.1:54250] with attribute DISCARD
09:05:37.084 [AsyncHttpClient-1-11] DEBUG o.a.netty.handler.HttpHandler - 

Request DefaultFullHttpRequest(decodeResult: success, version: HTTP/1.1, content: EmptyByteBufBE)
DELETE /session/8f1c87a249f6efe38257732a322a7ee5 HTTP/1.1
User-Agent: selenium/4.1.2 (java windows)
Content-Type: application/json; charset=utf-8
host: localhost:57395
accept: */*

Response DefaultHttpResponse(decodeResult: success, version: HTTP/1.1)
HTTP/1.1 200 OK
Content-Type: application/json; charset=utf-8
cache-control: no-cache
content-length: 14

09:05:37.085 [AsyncHttpClient-1-11] DEBUG o.a.netty.channel.ChannelManager - Adding key: http://localhost:57395 for channel [id: 0x828d045e, L:/127.0.0.1:54249 - R:localhost/127.0.0.1:57395]
09:05:37.131 [AsyncHttpClient-1-11] DEBUG o.a.netty.handler.HttpHandler - Channel Closed: [id: 0x828d045e, L:/127.0.0.1:54249 ! R:localhost/127.0.0.1:57395] with attribute DISCARD
09:05:37.479 [AsyncHttpClient-1-1] DEBUG o.a.netty.channel.DefaultChannelPool - Entry count for : http://localhost:54250 : 1
09:05:37.479 [AsyncHttpClient-1-1] DEBUG o.a.netty.channel.DefaultChannelPool - Entry count for : http://localhost:57395 : 1
09:05:37.479 [AsyncHttpClient-1-1] DEBUG o.a.netty.channel.DefaultChannelPool - Adding Candidate expired Channel [id: 0x88faf2d2, L:/127.0.0.1:54256 ! R:localhost/127.0.0.1:54250] isIdleTimeoutExpired=false isRemotelyClosed=true isTtlExpired=false
09:05:37.479 [AsyncHttpClient-1-1] DEBUG o.a.netty.channel.DefaultChannelPool - Closing Idle Channel [id: 0x88faf2d2, L:/127.0.0.1:54256 ! R:localhost/127.0.0.1:54250]
09:05:37.479 [AsyncHttpClient-1-1] DEBUG o.a.netty.channel.DefaultChannelPool - Adding Candidate expired Channel [id: 0x828d045e, L:/127.0.0.1:54249 ! R:localhost/127.0.0.1:57395] isIdleTimeoutExpired=false isRemotelyClosed=true isTtlExpired=false
09:05:37.479 [AsyncHttpClient-1-1] DEBUG o.a.netty.channel.DefaultChannelPool - Closing Idle Channel [id: 0x828d045e, L:/127.0.0.1:54249 ! R:localhost/127.0.0.1:57395]
09:05:37.479 [AsyncHttpClient-1-1] DEBUG o.a.netty.channel.DefaultChannelPool - Closed 2 connections out of 2 in 0 ms
09:05:37.656 [main] INFO   - 
  _____   ___   ___   _____     ___     _     ___   ___   ___   ___  
 |_   _| | __| / __| |_   _|   | _ \   /_\   / __| / __| | __| |   \ 
   | |   | _|  \__ \   | |     |  _/  / _ \  \__ \ \__ \ | _|  | |) |
   |_|   |___| |___/   |_|     |_|   /_/ \_\ |___/ |___/ |___| |___/ 

Login fail possible combinations
----------------------------------------------------------------------
]]></system-out>
    <system-err><![CDATA[Starting ChromeDriver 99.0.4844.51 (d537ec02474b5afe23684e7963d538896c63ac77-refs/branch-heads/4844@{#875}) on port 57395
Only local connections are allowed.
Please see https://chromedriver.chromium.org/security-considerations for suggestions on keeping ChromeDriver safe.
ChromeDriver was started successfully.
Mar 30, 2022 9:05:02 AM org.openqa.selenium.remote.ProtocolHandshake createSession
INFO: Detected dialect: W3C
Mar 30, 2022 9:05:02 AM org.openqa.selenium.devtools.CdpVersionFinder findNearestMatch
WARNING: Unable to find an exact match for CDP version 99, so returning the closest version found: 96
Mar 30, 2022 9:05:02 AM org.openqa.selenium.devtools.CdpVersionFinder findNearestMatch
INFO: Found CDP implementation for version 99 of 96
ERROR StatusLogger Log4j2 could not find a logging implementation. Please add log4j-core to the classpath. Using SimpleLogger to log to the console...
]]></system-err>
  </testcase>
  <testcase name="Login to PEGA Site using Author, Manager and User" classname="Validate And Verify Login Page to PEGA Site" time="37.051">
    <system-out><![CDATA[09:05:37.657 [main] INFO  i.c.core.plugin.SerenityReporter - Running feature from file:///Z:/Automation/JavaCucumber/BDD_HCL/CucumberHCL/src/main/resources/AppFeatures/ValidateAndVerifyLoginPage.feature
09:05:37.657 [main] WARN  i.c.core.plugin.SerenityReporter - Feature from file:///Z:/Automation/JavaCucumber/BDD_HCL/CucumberHCL/src/main/resources/AppFeatures/ValidateAndVerifyLoginPage.feature is not under the 'features' directory. Requirements report will not be correctly generated!
09:05:37.659 [main] DEBUG n.thucydides.core.steps.StepEventBus - Test suite started for story net.thucydides.core.model.Story@7f1849ba
09:05:37.659 [main] INFO   - Test Suite Started: Validate And Verify Login Page to PEGA Site

@All @Smoke @Test1
Scenario: Login to PEGA Site using Author, Manager and User                                            &amp#27;[90m# src/main/resources/AppFeatures/ValidateAndVerifyLoginPage.feature:19&amp#27;[0m
09:05:37.668 [main] INFO  i.c.core.plugin.SerenityReporter - Running feature from file:///Z:/Automation/JavaCucumber/BDD_HCL/CucumberHCL/src/main/resources/AppFeatures/ValidateAndVerifyLoginPage.feature
09:05:37.668 [main] WARN  i.c.core.plugin.SerenityReporter - Feature from file:///Z:/Automation/JavaCucumber/BDD_HCL/CucumberHCL/src/main/resources/AppFeatures/ValidateAndVerifyLoginPage.feature is not under the 'features' directory. Requirements report will not be correctly generated!
09:05:37.669 [main] INFO   - 
  _____   ___   ___   _____     ___   _____     _     ___   _____   ___   ___  
 |_   _| | __| / __| |_   _|   / __| |_   _|   /_\   | _ \ |_   _| | __| |   \ 
   | |   | _|  \__ \   | |     \__ \   | |    / _ \  |   /   | |   | _|  | |) |
   |_|   |___| |___/   |_|     |___/   |_|   /_/ \_\ |_|_\   |_|   |___| |___/ 

Login to PEGA Site using Author, Manager and User(validate-and-verify-login-page-to-pega-site;login-to-pega-site-using-author--manager-and-user)
--------------------------------------------------------------------------------
09:05:37.683 [main] DEBUG i.g.bonigarcia.wdm.WebDriverManager - Driver chromedriver 99.0.4844.51 found in cache
09:05:37.684 [main] INFO  i.g.bonigarcia.wdm.WebDriverManager - Exporting webdriver.chrome.driver as C:\Users\DheyClaveria\.cache\selenium\chromedriver\win32\99.0.4844.51\chromedriver.exe
09:05:38.218 [AsyncHttpClient-1-14] DEBUG o.a.n.channel.NettyConnectListener - Using new Channel '[id: 0x7ca2e8b3, L:/127.0.0.1:54275 - R:localhost/127.0.0.1:60648]' for 'POST' to '/session'
09:05:38.899 [AsyncHttpClient-1-14] DEBUG o.a.netty.handler.HttpHandler - 

Request DefaultHttpRequest(decodeResult: success, version: HTTP/1.1)
POST /session HTTP/1.1
User-Agent: selenium/4.1.2 (java windows)
Content-Length: 365
Content-Type: application/json; charset=utf-8
host: localhost:60648
accept: */*

Response DefaultHttpResponse(decodeResult: success, version: HTTP/1.1)
HTTP/1.1 200 OK
Content-Type: application/json; charset=utf-8
cache-control: no-cache
content-length: 795

09:05:38.900 [AsyncHttpClient-1-14] DEBUG o.a.netty.channel.ChannelManager - Adding key: http://localhost:60648 for channel [id: 0x7ca2e8b3, L:/127.0.0.1:54275 - R:localhost/127.0.0.1:60648]
09:05:38.905 [AsyncHttpClient-1-15] DEBUG o.a.n.channel.NettyConnectListener - Using new Channel '[id: 0x1ca49cd7, L:/127.0.0.1:54282 - R:localhost/127.0.0.1:54276]' for 'GET' to '/json/version'
09:05:38.909 [AsyncHttpClient-1-15] DEBUG o.a.netty.handler.HttpHandler - 

Request DefaultFullHttpRequest(decodeResult: success, version: HTTP/1.1, content: EmptyByteBufBE)
GET /json/version HTTP/1.1
User-Agent: selenium/4.1.2 (java windows)
host: localhost:54276
accept: */*

Response DefaultHttpResponse(decodeResult: success, version: HTTP/1.1)
HTTP/1.1 200 OK
Content-Type: application/json; charset=UTF-8
content-length: 424

09:05:38.909 [AsyncHttpClient-1-15] DEBUG o.a.netty.channel.ChannelManager - Adding key: http://localhost:54276 for channel [id: 0x1ca49cd7, L:/127.0.0.1:54282 - R:localhost/127.0.0.1:54276]
09:05:38.911 [AsyncHttpClient-1-16] DEBUG o.a.n.channel.NettyConnectListener - Using new Channel '[id: 0xfe2aa7cf, L:/127.0.0.1:54283 - R:localhost/127.0.0.1:54276]' for 'GET' to '/devtools/browser/a9247d5a-21b8-4fb6-99a6-7adb4987891f'
09:05:38.915 [AsyncHttpClient-1-16] DEBUG o.a.netty.handler.WebSocketHandler - 

Request DefaultFullHttpRequest(decodeResult: success, version: HTTP/1.1, content: EmptyByteBufBE)
GET /devtools/browser/a9247d5a-21b8-4fb6-99a6-7adb4987891f HTTP/1.1
upgrade: websocket
connection: upgrade
sec-websocket-key: 85fPMDufyl5HjL8RvWYmEQ==
sec-websocket-version: 13
origin: http://localhost:54276
host: localhost:54276
accept: */*
user-agent: AHC/2.1

Response DefaultHttpResponse(decodeResult: success, version: HTTP/1.1)
HTTP/1.1 101 WebSocket Protocol Handshake
Upgrade: WebSocket
Connection: Upgrade
Sec-WebSocket-Accept: DvugHjV7w9464EZN6sXGiej6qpg=

09:05:38.919 [Forwarding deleteAllCookies on session fdac668a6d921ab2a314dd2219cae099 to remote] DEBUG o.a.netty.request.NettyRequestSender - Using pooled Channel '[id: 0x7ca2e8b3, L:/127.0.0.1:54275 - R:localhost/127.0.0.1:60648]' for 'DELETE' to 'http://localhost:60648/session/fdac668a6d921ab2a314dd2219cae099/cookie'
09:05:38.919 [Forwarding deleteAllCookies on session fdac668a6d921ab2a314dd2219cae099 to remote] DEBUG o.a.netty.request.NettyRequestSender - Using open Channel [id: 0x7ca2e8b3, L:/127.0.0.1:54275 - R:localhost/127.0.0.1:60648] for DELETE '/session/fdac668a6d921ab2a314dd2219cae099/cookie'
09:05:38.924 [AsyncHttpClient-1-14] DEBUG o.a.netty.handler.HttpHandler - 

Request DefaultFullHttpRequest(decodeResult: success, version: HTTP/1.1, content: EmptyByteBufBE)
DELETE /session/fdac668a6d921ab2a314dd2219cae099/cookie HTTP/1.1
User-Agent: selenium/4.1.2 (java windows)
Content-Type: application/json; charset=utf-8
host: localhost:60648
accept: */*

Response DefaultHttpResponse(decodeResult: success, version: HTTP/1.1)
HTTP/1.1 200 OK
Content-Type: application/json; charset=utf-8
cache-control: no-cache
content-length: 14

09:05:38.925 [AsyncHttpClient-1-14] DEBUG o.a.netty.channel.ChannelManager - Adding key: http://localhost:60648 for channel [id: 0x7ca2e8b3, L:/127.0.0.1:54275 - R:localhost/127.0.0.1:60648]
09:05:38.926 [Forwarding maximizeCurrentWindow on session fdac668a6d921ab2a314dd2219cae099 to remote] DEBUG o.a.netty.request.NettyRequestSender - Using pooled Channel '[id: 0x7ca2e8b3, L:/127.0.0.1:54275 - R:localhost/127.0.0.1:60648]' for 'POST' to 'http://localhost:60648/session/fdac668a6d921ab2a314dd2219cae099/window/maximize'
09:05:38.926 [Forwarding maximizeCurrentWindow on session fdac668a6d921ab2a314dd2219cae099 to remote] DEBUG o.a.netty.request.NettyRequestSender - Using open Channel [id: 0x7ca2e8b3, L:/127.0.0.1:54275 - R:localhost/127.0.0.1:60648] for POST '/session/fdac668a6d921ab2a314dd2219cae099/window/maximize'
09:05:39.044 [AsyncHttpClient-1-14] DEBUG o.a.netty.handler.HttpHandler - 

Request DefaultHttpRequest(decodeResult: success, version: HTTP/1.1)
POST /session/fdac668a6d921ab2a314dd2219cae099/window/maximize HTTP/1.1
User-Agent: selenium/4.1.2 (java windows)
Content-Length: 3
Content-Type: application/json; charset=utf-8
host: localhost:60648
accept: */*

Response DefaultHttpResponse(decodeResult: success, version: HTTP/1.1)
HTTP/1.1 200 OK
Content-Type: application/json; charset=utf-8
cache-control: no-cache
content-length: 52

09:05:39.044 [AsyncHttpClient-1-14] DEBUG o.a.netty.channel.ChannelManager - Adding key: http://localhost:60648 for channel [id: 0x7ca2e8b3, L:/127.0.0.1:54275 - R:localhost/127.0.0.1:60648]
09:05:39.049 [Forwarding get on session fdac668a6d921ab2a314dd2219cae099 to remote] DEBUG o.a.netty.request.NettyRequestSender - Using pooled Channel '[id: 0x7ca2e8b3, L:/127.0.0.1:54275 - R:localhost/127.0.0.1:60648]' for 'POST' to 'http://localhost:60648/session/fdac668a6d921ab2a314dd2219cae099/url'
09:05:39.050 [Forwarding get on session fdac668a6d921ab2a314dd2219cae099 to remote] DEBUG o.a.netty.request.NettyRequestSender - Using open Channel [id: 0x7ca2e8b3, L:/127.0.0.1:54275 - R:localhost/127.0.0.1:60648] for POST '/session/fdac668a6d921ab2a314dd2219cae099/url'
09:05:39.191 [AsyncHttpClient-1-14] DEBUG o.a.netty.handler.HttpHandler - 

Request DefaultHttpRequest(decodeResult: success, version: HTTP/1.1)
POST /session/fdac668a6d921ab2a314dd2219cae099/url HTTP/1.1
User-Agent: selenium/4.1.2 (java windows)
Content-Length: 148
Content-Type: application/json; charset=utf-8
host: localhost:60648
accept: */*

Response DefaultHttpResponse(decodeResult: success, version: HTTP/1.1)
HTTP/1.1 200 OK
Content-Type: application/json; charset=utf-8
cache-control: no-cache
content-length: 14

09:05:39.191 [AsyncHttpClient-1-14] DEBUG o.a.netty.channel.ChannelManager - Adding key: http://localhost:60648 for channel [id: 0x7ca2e8b3, L:/127.0.0.1:54275 - R:localhost/127.0.0.1:60648]
09:05:39.192 [Forwarding getTitle on session fdac668a6d921ab2a314dd2219cae099 to remote] DEBUG o.a.netty.request.NettyRequestSender - Using pooled Channel '[id: 0x7ca2e8b3, L:/127.0.0.1:54275 - R:localhost/127.0.0.1:60648]' for 'GET' to 'http://localhost:60648/session/fdac668a6d921ab2a314dd2219cae099/title'
09:05:39.193 [Forwarding getTitle on session fdac668a6d921ab2a314dd2219cae099 to remote] DEBUG o.a.netty.request.NettyRequestSender - Using open Channel [id: 0x7ca2e8b3, L:/127.0.0.1:54275 - R:localhost/127.0.0.1:60648] for GET '/session/fdac668a6d921ab2a314dd2219cae099/title'
09:05:39.199 [AsyncHttpClient-1-14] DEBUG o.a.netty.handler.HttpHandler - 

Request DefaultFullHttpRequest(decodeResult: success, version: HTTP/1.1, content: EmptyByteBufBE)
GET /session/fdac668a6d921ab2a314dd2219cae099/title HTTP/1.1
User-Agent: selenium/4.1.2 (java windows)
Cache-Control: no-cache
Content-Type: application/json; charset=utf-8
host: localhost:60648
accept: */*

Response DefaultHttpResponse(decodeResult: success, version: HTTP/1.1)
HTTP/1.1 200 OK
Content-Type: application/json; charset=utf-8
cache-control: no-cache
content-length: 22

09:05:39.199 [AsyncHttpClient-1-14] DEBUG o.a.netty.channel.ChannelManager - Adding key: http://localhost:60648 for channel [id: 0x7ca2e8b3, L:/127.0.0.1:54275 - R:localhost/127.0.0.1:60648]
09:05:39.201 [Forwarding getTitle on session fdac668a6d921ab2a314dd2219cae099 to remote] DEBUG o.a.netty.request.NettyRequestSender - Using pooled Channel '[id: 0x7ca2e8b3, L:/127.0.0.1:54275 - R:localhost/127.0.0.1:60648]' for 'GET' to 'http://localhost:60648/session/fdac668a6d921ab2a314dd2219cae099/title'
09:05:39.201 [Forwarding getTitle on session fdac668a6d921ab2a314dd2219cae099 to remote] DEBUG o.a.netty.request.NettyRequestSender - Using open Channel [id: 0x7ca2e8b3, L:/127.0.0.1:54275 - R:localhost/127.0.0.1:60648] for GET '/session/fdac668a6d921ab2a314dd2219cae099/title'
09:05:39.204 [AsyncHttpClient-1-14] DEBUG o.a.netty.handler.HttpHandler - 

Request DefaultFullHttpRequest(decodeResult: success, version: HTTP/1.1, content: EmptyByteBufBE)
GET /session/fdac668a6d921ab2a314dd2219cae099/title HTTP/1.1
User-Agent: selenium/4.1.2 (java windows)
Cache-Control: no-cache
Content-Type: application/json; charset=utf-8
host: localhost:60648
accept: */*

Response DefaultHttpResponse(decodeResult: success, version: HTTP/1.1)
HTTP/1.1 200 OK
Content-Type: application/json; charset=utf-8
cache-control: no-cache
content-length: 22

09:05:39.205 [AsyncHttpClient-1-14] DEBUG o.a.netty.channel.ChannelManager - Adding key: http://localhost:60648 for channel [id: 0x7ca2e8b3, L:/127.0.0.1:54275 - R:localhost/127.0.0.1:60648]
09:05:39.676 [AsyncHttpClient-1-1] DEBUG o.a.netty.channel.DefaultChannelPool - Entry count for : http://localhost:54276 : 1
09:05:39.676 [AsyncHttpClient-1-1] DEBUG o.a.netty.channel.DefaultChannelPool - Entry count for : http://localhost:60648 : 1
09:05:40.784 [AsyncHttpClient-1-1] DEBUG o.a.netty.channel.DefaultChannelPool - Entry count for : http://localhost:54276 : 1
09:05:40.784 [AsyncHttpClient-1-1] DEBUG o.a.netty.channel.DefaultChannelPool - Entry count for : http://localhost:60648 : 1
09:05:41.880 [AsyncHttpClient-1-1] DEBUG o.a.netty.channel.DefaultChannelPool - Entry count for : http://localhost:54276 : 1
09:05:41.880 [AsyncHttpClient-1-1] DEBUG o.a.netty.channel.DefaultChannelPool - Entry count for : http://localhost:60648 : 1
09:05:42.979 [AsyncHttpClient-1-1] DEBUG o.a.netty.channel.DefaultChannelPool - Entry count for : http://localhost:54276 : 1
09:05:42.979 [AsyncHttpClient-1-1] DEBUG o.a.netty.channel.DefaultChannelPool - Entry count for : http://localhost:60648 : 1
09:05:44.071 [AsyncHttpClient-1-1] DEBUG o.a.netty.channel.DefaultChannelPool - Entry count for : http://localhost:54276 : 1
09:05:44.071 [AsyncHttpClient-1-1] DEBUG o.a.netty.channel.DefaultChannelPool - Entry count for : http://localhost:60648 : 1
  &amp#27;[32mGiven &amp#27;[0m&amp#27;[32mthat the user should navigate in PEGA Login Page&amp#27;[0m                                               &amp#27;[90m# stepdefinitions.LoginPageSteps.that_the_user_should_navigate_in_pega_login_page()&amp#27;[0m
09:05:44.216 [Forwarding findElement on session fdac668a6d921ab2a314dd2219cae099 to remote] DEBUG o.a.netty.request.NettyRequestSender - Using pooled Channel '[id: 0x7ca2e8b3, L:/127.0.0.1:54275 - R:localhost/127.0.0.1:60648]' for 'POST' to 'http://localhost:60648/session/fdac668a6d921ab2a314dd2219cae099/element'
09:05:44.216 [Forwarding findElement on session fdac668a6d921ab2a314dd2219cae099 to remote] DEBUG o.a.netty.request.NettyRequestSender - Using open Channel [id: 0x7ca2e8b3, L:/127.0.0.1:54275 - R:localhost/127.0.0.1:60648] for POST '/session/fdac668a6d921ab2a314dd2219cae099/element'
09:05:44.230 [AsyncHttpClient-1-14] DEBUG o.a.netty.handler.HttpHandler - 

Request DefaultHttpRequest(decodeResult: success, version: HTTP/1.1)
POST /session/fdac668a6d921ab2a314dd2219cae099/element HTTP/1.1
User-Agent: selenium/4.1.2 (java windows)
Content-Length: 128
Content-Type: application/json; charset=utf-8
host: localhost:60648
accept: */*

Response DefaultHttpResponse(decodeResult: success, version: HTTP/1.1)
HTTP/1.1 200 OK
Content-Type: application/json; charset=utf-8
cache-control: no-cache
content-length: 88

09:05:44.231 [AsyncHttpClient-1-14] DEBUG o.a.netty.channel.ChannelManager - Adding key: http://localhost:60648 for channel [id: 0x7ca2e8b3, L:/127.0.0.1:54275 - R:localhost/127.0.0.1:60648]
09:05:44.235 [Forwarding isElementDisplayed on session fdac668a6d921ab2a314dd2219cae099 to remote] DEBUG o.a.netty.request.NettyRequestSender - Using pooled Channel '[id: 0x7ca2e8b3, L:/127.0.0.1:54275 - R:localhost/127.0.0.1:60648]' for 'POST' to 'http://localhost:60648/session/fdac668a6d921ab2a314dd2219cae099/execute/sync'
09:05:44.235 [Forwarding isElementDisplayed on session fdac668a6d921ab2a314dd2219cae099 to remote] DEBUG o.a.netty.request.NettyRequestSender - Using open Channel [id: 0x7ca2e8b3, L:/127.0.0.1:54275 - R:localhost/127.0.0.1:60648] for POST '/session/fdac668a6d921ab2a314dd2219cae099/execute/sync'
09:05:44.259 [AsyncHttpClient-1-14] DEBUG o.a.netty.handler.HttpHandler - 

Request DefaultHttpRequest(decodeResult: success, version: HTTP/1.1)
POST /session/fdac668a6d921ab2a314dd2219cae099/execute/sync HTTP/1.1
User-Agent: selenium/4.1.2 (java windows)
Content-Length: 48780
Content-Type: application/json; charset=utf-8
host: localhost:60648
accept: */*

Response DefaultHttpResponse(decodeResult: success, version: HTTP/1.1)
HTTP/1.1 200 OK
Content-Type: application/json; charset=utf-8
cache-control: no-cache
content-length: 14

09:05:44.259 [AsyncHttpClient-1-14] DEBUG o.a.netty.channel.ChannelManager - Adding key: http://localhost:60648 for channel [id: 0x7ca2e8b3, L:/127.0.0.1:54275 - R:localhost/127.0.0.1:60648]
09:05:44.260 [Forwarding findElement on session fdac668a6d921ab2a314dd2219cae099 to remote] DEBUG o.a.netty.request.NettyRequestSender - Using pooled Channel '[id: 0x7ca2e8b3, L:/127.0.0.1:54275 - R:localhost/127.0.0.1:60648]' for 'POST' to 'http://localhost:60648/session/fdac668a6d921ab2a314dd2219cae099/element'
09:05:44.260 [Forwarding findElement on session fdac668a6d921ab2a314dd2219cae099 to remote] DEBUG o.a.netty.request.NettyRequestSender - Using open Channel [id: 0x7ca2e8b3, L:/127.0.0.1:54275 - R:localhost/127.0.0.1:60648] for POST '/session/fdac668a6d921ab2a314dd2219cae099/element'
09:05:44.267 [AsyncHttpClient-1-14] DEBUG o.a.netty.handler.HttpHandler - 

Request DefaultHttpRequest(decodeResult: success, version: HTTP/1.1)
POST /session/fdac668a6d921ab2a314dd2219cae099/element HTTP/1.1
User-Agent: selenium/4.1.2 (java windows)
Content-Length: 128
Content-Type: application/json; charset=utf-8
host: localhost:60648
accept: */*

Response DefaultHttpResponse(decodeResult: success, version: HTTP/1.1)
HTTP/1.1 200 OK
Content-Type: application/json; charset=utf-8
cache-control: no-cache
content-length: 88

09:05:44.267 [AsyncHttpClient-1-14] DEBUG o.a.netty.channel.ChannelManager - Adding key: http://localhost:60648 for channel [id: 0x7ca2e8b3, L:/127.0.0.1:54275 - R:localhost/127.0.0.1:60648]
09:05:44.272 [Forwarding isElementDisplayed on session fdac668a6d921ab2a314dd2219cae099 to remote] DEBUG o.a.netty.request.NettyRequestSender - Using pooled Channel '[id: 0x7ca2e8b3, L:/127.0.0.1:54275 - R:localhost/127.0.0.1:60648]' for 'POST' to 'http://localhost:60648/session/fdac668a6d921ab2a314dd2219cae099/execute/sync'
09:05:44.272 [Forwarding isElementDisplayed on session fdac668a6d921ab2a314dd2219cae099 to remote] DEBUG o.a.netty.request.NettyRequestSender - Using open Channel [id: 0x7ca2e8b3, L:/127.0.0.1:54275 - R:localhost/127.0.0.1:60648] for POST '/session/fdac668a6d921ab2a314dd2219cae099/execute/sync'
09:05:44.285 [AsyncHttpClient-1-14] DEBUG o.a.netty.handler.HttpHandler - 

Request DefaultHttpRequest(decodeResult: success, version: HTTP/1.1)
POST /session/fdac668a6d921ab2a314dd2219cae099/execute/sync HTTP/1.1
User-Agent: selenium/4.1.2 (java windows)
Content-Length: 48780
Content-Type: application/json; charset=utf-8
host: localhost:60648
accept: */*

Response DefaultHttpResponse(decodeResult: success, version: HTTP/1.1)
HTTP/1.1 200 OK
Content-Type: application/json; charset=utf-8
cache-control: no-cache
content-length: 14

09:05:44.285 [AsyncHttpClient-1-14] DEBUG o.a.netty.channel.ChannelManager - Adding key: http://localhost:60648 for channel [id: 0x7ca2e8b3, L:/127.0.0.1:54275 - R:localhost/127.0.0.1:60648]
09:05:44.286 [Forwarding findElement on session fdac668a6d921ab2a314dd2219cae099 to remote] DEBUG o.a.netty.request.NettyRequestSender - Using pooled Channel '[id: 0x7ca2e8b3, L:/127.0.0.1:54275 - R:localhost/127.0.0.1:60648]' for 'POST' to 'http://localhost:60648/session/fdac668a6d921ab2a314dd2219cae099/element'
09:05:44.287 [Forwarding findElement on session fdac668a6d921ab2a314dd2219cae099 to remote] DEBUG o.a.netty.request.NettyRequestSender - Using open Channel [id: 0x7ca2e8b3, L:/127.0.0.1:54275 - R:localhost/127.0.0.1:60648] for POST '/session/fdac668a6d921ab2a314dd2219cae099/element'
09:05:44.293 [AsyncHttpClient-1-14] DEBUG o.a.netty.handler.HttpHandler - 

Request DefaultHttpRequest(decodeResult: success, version: HTTP/1.1)
POST /session/fdac668a6d921ab2a314dd2219cae099/element HTTP/1.1
User-Agent: selenium/4.1.2 (java windows)
Content-Length: 128
Content-Type: application/json; charset=utf-8
host: localhost:60648
accept: */*

Response DefaultHttpResponse(decodeResult: success, version: HTTP/1.1)
HTTP/1.1 200 OK
Content-Type: application/json; charset=utf-8
cache-control: no-cache
content-length: 88

09:05:44.294 [AsyncHttpClient-1-14] DEBUG o.a.netty.channel.ChannelManager - Adding key: http://localhost:60648 for channel [id: 0x7ca2e8b3, L:/127.0.0.1:54275 - R:localhost/127.0.0.1:60648]
09:05:44.294 [Forwarding isElementEnabled on session fdac668a6d921ab2a314dd2219cae099 to remote] DEBUG o.a.netty.request.NettyRequestSender - Using pooled Channel '[id: 0x7ca2e8b3, L:/127.0.0.1:54275 - R:localhost/127.0.0.1:60648]' for 'GET' to 'http://localhost:60648/session/fdac668a6d921ab2a314dd2219cae099/element/f9bc383d-e477-4892-85aa-d7db8de16025/enabled'
09:05:44.295 [Forwarding isElementEnabled on session fdac668a6d921ab2a314dd2219cae099 to remote] DEBUG o.a.netty.request.NettyRequestSender - Using open Channel [id: 0x7ca2e8b3, L:/127.0.0.1:54275 - R:localhost/127.0.0.1:60648] for GET '/session/fdac668a6d921ab2a314dd2219cae099/element/f9bc383d-e477-4892-85aa-d7db8de16025/enabled'
09:05:44.303 [AsyncHttpClient-1-14] DEBUG o.a.netty.handler.HttpHandler - 

Request DefaultFullHttpRequest(decodeResult: success, version: HTTP/1.1, content: EmptyByteBufBE)
GET /session/fdac668a6d921ab2a314dd2219cae099/element/f9bc383d-e477-4892-85aa-d7db8de16025/enabled HTTP/1.1
User-Agent: selenium/4.1.2 (java windows)
Cache-Control: no-cache
Content-Type: application/json; charset=utf-8
host: localhost:60648
accept: */*

Response DefaultHttpResponse(decodeResult: success, version: HTTP/1.1)
HTTP/1.1 200 OK
Content-Type: application/json; charset=utf-8
cache-control: no-cache
content-length: 14

09:05:44.303 [AsyncHttpClient-1-14] DEBUG o.a.netty.channel.ChannelManager - Adding key: http://localhost:60648 for channel [id: 0x7ca2e8b3, L:/127.0.0.1:54275 - R:localhost/127.0.0.1:60648]
09:05:44.304 [Forwarding findElement on session fdac668a6d921ab2a314dd2219cae099 to remote] DEBUG o.a.netty.request.NettyRequestSender - Using pooled Channel '[id: 0x7ca2e8b3, L:/127.0.0.1:54275 - R:localhost/127.0.0.1:60648]' for 'POST' to 'http://localhost:60648/session/fdac668a6d921ab2a314dd2219cae099/element'
09:05:44.304 [Forwarding findElement on session fdac668a6d921ab2a314dd2219cae099 to remote] DEBUG o.a.netty.request.NettyRequestSender - Using open Channel [id: 0x7ca2e8b3, L:/127.0.0.1:54275 - R:localhost/127.0.0.1:60648] for POST '/session/fdac668a6d921ab2a314dd2219cae099/element'
09:05:44.315 [AsyncHttpClient-1-14] DEBUG o.a.netty.handler.HttpHandler - 

Request DefaultHttpRequest(decodeResult: success, version: HTTP/1.1)
POST /session/fdac668a6d921ab2a314dd2219cae099/element HTTP/1.1
User-Agent: selenium/4.1.2 (java windows)
Content-Length: 132
Content-Type: application/json; charset=utf-8
host: localhost:60648
accept: */*

Response DefaultHttpResponse(decodeResult: success, version: HTTP/1.1)
HTTP/1.1 200 OK
Content-Type: application/json; charset=utf-8
cache-control: no-cache
content-length: 88

09:05:44.315 [AsyncHttpClient-1-14] DEBUG o.a.netty.channel.ChannelManager - Adding key: http://localhost:60648 for channel [id: 0x7ca2e8b3, L:/127.0.0.1:54275 - R:localhost/127.0.0.1:60648]
09:05:44.320 [Forwarding isElementDisplayed on session fdac668a6d921ab2a314dd2219cae099 to remote] DEBUG o.a.netty.request.NettyRequestSender - Using pooled Channel '[id: 0x7ca2e8b3, L:/127.0.0.1:54275 - R:localhost/127.0.0.1:60648]' for 'POST' to 'http://localhost:60648/session/fdac668a6d921ab2a314dd2219cae099/execute/sync'
09:05:44.320 [Forwarding isElementDisplayed on session fdac668a6d921ab2a314dd2219cae099 to remote] DEBUG o.a.netty.request.NettyRequestSender - Using open Channel [id: 0x7ca2e8b3, L:/127.0.0.1:54275 - R:localhost/127.0.0.1:60648] for POST '/session/fdac668a6d921ab2a314dd2219cae099/execute/sync'
09:05:44.330 [AsyncHttpClient-1-14] DEBUG o.a.netty.handler.HttpHandler - 

Request DefaultHttpRequest(decodeResult: success, version: HTTP/1.1)
POST /session/fdac668a6d921ab2a314dd2219cae099/execute/sync HTTP/1.1
User-Agent: selenium/4.1.2 (java windows)
Content-Length: 48780
Content-Type: application/json; charset=utf-8
host: localhost:60648
accept: */*

Response DefaultHttpResponse(decodeResult: success, version: HTTP/1.1)
HTTP/1.1 200 OK
Content-Type: application/json; charset=utf-8
cache-control: no-cache
content-length: 14

09:05:44.331 [AsyncHttpClient-1-14] DEBUG o.a.netty.channel.ChannelManager - Adding key: http://localhost:60648 for channel [id: 0x7ca2e8b3, L:/127.0.0.1:54275 - R:localhost/127.0.0.1:60648]
09:05:44.332 [Forwarding findElement on session fdac668a6d921ab2a314dd2219cae099 to remote] DEBUG o.a.netty.request.NettyRequestSender - Using pooled Channel '[id: 0x7ca2e8b3, L:/127.0.0.1:54275 - R:localhost/127.0.0.1:60648]' for 'POST' to 'http://localhost:60648/session/fdac668a6d921ab2a314dd2219cae099/element'
09:05:44.332 [Forwarding findElement on session fdac668a6d921ab2a314dd2219cae099 to remote] DEBUG o.a.netty.request.NettyRequestSender - Using open Channel [id: 0x7ca2e8b3, L:/127.0.0.1:54275 - R:localhost/127.0.0.1:60648] for POST '/session/fdac668a6d921ab2a314dd2219cae099/element'
09:05:44.338 [AsyncHttpClient-1-14] DEBUG o.a.netty.handler.HttpHandler - 

Request DefaultHttpRequest(decodeResult: success, version: HTTP/1.1)
POST /session/fdac668a6d921ab2a314dd2219cae099/element HTTP/1.1
User-Agent: selenium/4.1.2 (java windows)
Content-Length: 132
Content-Type: application/json; charset=utf-8
host: localhost:60648
accept: */*

Response DefaultHttpResponse(decodeResult: success, version: HTTP/1.1)
HTTP/1.1 200 OK
Content-Type: application/json; charset=utf-8
cache-control: no-cache
content-length: 88

09:05:44.338 [AsyncHttpClient-1-14] DEBUG o.a.netty.channel.ChannelManager - Adding key: http://localhost:60648 for channel [id: 0x7ca2e8b3, L:/127.0.0.1:54275 - R:localhost/127.0.0.1:60648]
09:05:44.343 [Forwarding isElementDisplayed on session fdac668a6d921ab2a314dd2219cae099 to remote] DEBUG o.a.netty.request.NettyRequestSender - Using pooled Channel '[id: 0x7ca2e8b3, L:/127.0.0.1:54275 - R:localhost/127.0.0.1:60648]' for 'POST' to 'http://localhost:60648/session/fdac668a6d921ab2a314dd2219cae099/execute/sync'
09:05:44.343 [Forwarding isElementDisplayed on session fdac668a6d921ab2a314dd2219cae099 to remote] DEBUG o.a.netty.request.NettyRequestSender - Using open Channel [id: 0x7ca2e8b3, L:/127.0.0.1:54275 - R:localhost/127.0.0.1:60648] for POST '/session/fdac668a6d921ab2a314dd2219cae099/execute/sync'
09:05:44.352 [AsyncHttpClient-1-14] DEBUG o.a.netty.handler.HttpHandler - 

Request DefaultHttpRequest(decodeResult: success, version: HTTP/1.1)
POST /session/fdac668a6d921ab2a314dd2219cae099/execute/sync HTTP/1.1
User-Agent: selenium/4.1.2 (java windows)
Content-Length: 48780
Content-Type: application/json; charset=utf-8
host: localhost:60648
accept: */*

Response DefaultHttpResponse(decodeResult: success, version: HTTP/1.1)
HTTP/1.1 200 OK
Content-Type: application/json; charset=utf-8
cache-control: no-cache
content-length: 14

09:05:44.353 [AsyncHttpClient-1-14] DEBUG o.a.netty.channel.ChannelManager - Adding key: http://localhost:60648 for channel [id: 0x7ca2e8b3, L:/127.0.0.1:54275 - R:localhost/127.0.0.1:60648]
09:05:44.354 [Forwarding findElement on session fdac668a6d921ab2a314dd2219cae099 to remote] DEBUG o.a.netty.request.NettyRequestSender - Using pooled Channel '[id: 0x7ca2e8b3, L:/127.0.0.1:54275 - R:localhost/127.0.0.1:60648]' for 'POST' to 'http://localhost:60648/session/fdac668a6d921ab2a314dd2219cae099/element'
09:05:44.354 [Forwarding findElement on session fdac668a6d921ab2a314dd2219cae099 to remote] DEBUG o.a.netty.request.NettyRequestSender - Using open Channel [id: 0x7ca2e8b3, L:/127.0.0.1:54275 - R:localhost/127.0.0.1:60648] for POST '/session/fdac668a6d921ab2a314dd2219cae099/element'
09:05:44.360 [AsyncHttpClient-1-14] DEBUG o.a.netty.handler.HttpHandler - 

Request DefaultHttpRequest(decodeResult: success, version: HTTP/1.1)
POST /session/fdac668a6d921ab2a314dd2219cae099/element HTTP/1.1
User-Agent: selenium/4.1.2 (java windows)
Content-Length: 132
Content-Type: application/json; charset=utf-8
host: localhost:60648
accept: */*

Response DefaultHttpResponse(decodeResult: success, version: HTTP/1.1)
HTTP/1.1 200 OK
Content-Type: application/json; charset=utf-8
cache-control: no-cache
content-length: 88

09:05:44.360 [AsyncHttpClient-1-14] DEBUG o.a.netty.channel.ChannelManager - Adding key: http://localhost:60648 for channel [id: 0x7ca2e8b3, L:/127.0.0.1:54275 - R:localhost/127.0.0.1:60648]
09:05:44.361 [Forwarding isElementEnabled on session fdac668a6d921ab2a314dd2219cae099 to remote] DEBUG o.a.netty.request.NettyRequestSender - Using pooled Channel '[id: 0x7ca2e8b3, L:/127.0.0.1:54275 - R:localhost/127.0.0.1:60648]' for 'GET' to 'http://localhost:60648/session/fdac668a6d921ab2a314dd2219cae099/element/34de3d60-9dac-4b81-b0a0-68aa635a4d6e/enabled'
09:05:44.361 [Forwarding isElementEnabled on session fdac668a6d921ab2a314dd2219cae099 to remote] DEBUG o.a.netty.request.NettyRequestSender - Using open Channel [id: 0x7ca2e8b3, L:/127.0.0.1:54275 - R:localhost/127.0.0.1:60648] for GET '/session/fdac668a6d921ab2a314dd2219cae099/element/34de3d60-9dac-4b81-b0a0-68aa635a4d6e/enabled'
09:05:44.373 [AsyncHttpClient-1-14] DEBUG o.a.netty.handler.HttpHandler - 

Request DefaultFullHttpRequest(decodeResult: success, version: HTTP/1.1, content: EmptyByteBufBE)
GET /session/fdac668a6d921ab2a314dd2219cae099/element/34de3d60-9dac-4b81-b0a0-68aa635a4d6e/enabled HTTP/1.1
User-Agent: selenium/4.1.2 (java windows)
Cache-Control: no-cache
Content-Type: application/json; charset=utf-8
host: localhost:60648
accept: */*

Response DefaultHttpResponse(decodeResult: success, version: HTTP/1.1)
HTTP/1.1 200 OK
Content-Type: application/json; charset=utf-8
cache-control: no-cache
content-length: 14

09:05:44.373 [AsyncHttpClient-1-14] DEBUG o.a.netty.channel.ChannelManager - Adding key: http://localhost:60648 for channel [id: 0x7ca2e8b3, L:/127.0.0.1:54275 - R:localhost/127.0.0.1:60648]
09:05:44.375 [Forwarding findElement on session fdac668a6d921ab2a314dd2219cae099 to remote] DEBUG o.a.netty.request.NettyRequestSender - Using pooled Channel '[id: 0x7ca2e8b3, L:/127.0.0.1:54275 - R:localhost/127.0.0.1:60648]' for 'POST' to 'http://localhost:60648/session/fdac668a6d921ab2a314dd2219cae099/element'
09:05:44.375 [Forwarding findElement on session fdac668a6d921ab2a314dd2219cae099 to remote] DEBUG o.a.netty.request.NettyRequestSender - Using open Channel [id: 0x7ca2e8b3, L:/127.0.0.1:54275 - R:localhost/127.0.0.1:60648] for POST '/session/fdac668a6d921ab2a314dd2219cae099/element'
09:05:44.386 [AsyncHttpClient-1-14] DEBUG o.a.netty.handler.HttpHandler - 

Request DefaultHttpRequest(decodeResult: success, version: HTTP/1.1)
POST /session/fdac668a6d921ab2a314dd2219cae099/element HTTP/1.1
User-Agent: selenium/4.1.2 (java windows)
Content-Length: 125
Content-Type: application/json; charset=utf-8
host: localhost:60648
accept: */*

Response DefaultHttpResponse(decodeResult: success, version: HTTP/1.1)
HTTP/1.1 200 OK
Content-Type: application/json; charset=utf-8
cache-control: no-cache
content-length: 88

09:05:44.386 [AsyncHttpClient-1-14] DEBUG o.a.netty.channel.ChannelManager - Adding key: http://localhost:60648 for channel [id: 0x7ca2e8b3, L:/127.0.0.1:54275 - R:localhost/127.0.0.1:60648]
09:05:44.392 [Forwarding isElementDisplayed on session fdac668a6d921ab2a314dd2219cae099 to remote] DEBUG o.a.netty.request.NettyRequestSender - Using pooled Channel '[id: 0x7ca2e8b3, L:/127.0.0.1:54275 - R:localhost/127.0.0.1:60648]' for 'POST' to 'http://localhost:60648/session/fdac668a6d921ab2a314dd2219cae099/execute/sync'
09:05:44.392 [Forwarding isElementDisplayed on session fdac668a6d921ab2a314dd2219cae099 to remote] DEBUG o.a.netty.request.NettyRequestSender - Using open Channel [id: 0x7ca2e8b3, L:/127.0.0.1:54275 - R:localhost/127.0.0.1:60648] for POST '/session/fdac668a6d921ab2a314dd2219cae099/execute/sync'
09:05:44.403 [AsyncHttpClient-1-14] DEBUG o.a.netty.handler.HttpHandler - 

Request DefaultHttpRequest(decodeResult: success, version: HTTP/1.1)
POST /session/fdac668a6d921ab2a314dd2219cae099/execute/sync HTTP/1.1
User-Agent: selenium/4.1.2 (java windows)
Content-Length: 48780
Content-Type: application/json; charset=utf-8
host: localhost:60648
accept: */*

Response DefaultHttpResponse(decodeResult: success, version: HTTP/1.1)
HTTP/1.1 200 OK
Content-Type: application/json; charset=utf-8
cache-control: no-cache
content-length: 14

09:05:44.403 [AsyncHttpClient-1-14] DEBUG o.a.netty.channel.ChannelManager - Adding key: http://localhost:60648 for channel [id: 0x7ca2e8b3, L:/127.0.0.1:54275 - R:localhost/127.0.0.1:60648]
09:05:44.404 [Forwarding findElement on session fdac668a6d921ab2a314dd2219cae099 to remote] DEBUG o.a.netty.request.NettyRequestSender - Using pooled Channel '[id: 0x7ca2e8b3, L:/127.0.0.1:54275 - R:localhost/127.0.0.1:60648]' for 'POST' to 'http://localhost:60648/session/fdac668a6d921ab2a314dd2219cae099/element'
09:05:44.404 [Forwarding findElement on session fdac668a6d921ab2a314dd2219cae099 to remote] DEBUG o.a.netty.request.NettyRequestSender - Using open Channel [id: 0x7ca2e8b3, L:/127.0.0.1:54275 - R:localhost/127.0.0.1:60648] for POST '/session/fdac668a6d921ab2a314dd2219cae099/element'
09:05:44.412 [AsyncHttpClient-1-14] DEBUG o.a.netty.handler.HttpHandler - 

Request DefaultHttpRequest(decodeResult: success, version: HTTP/1.1)
POST /session/fdac668a6d921ab2a314dd2219cae099/element HTTP/1.1
User-Agent: selenium/4.1.2 (java windows)
Content-Length: 125
Content-Type: application/json; charset=utf-8
host: localhost:60648
accept: */*

Response DefaultHttpResponse(decodeResult: success, version: HTTP/1.1)
HTTP/1.1 200 OK
Content-Type: application/json; charset=utf-8
cache-control: no-cache
content-length: 88

09:05:44.412 [AsyncHttpClient-1-14] DEBUG o.a.netty.channel.ChannelManager - Adding key: http://localhost:60648 for channel [id: 0x7ca2e8b3, L:/127.0.0.1:54275 - R:localhost/127.0.0.1:60648]
09:05:44.416 [Forwarding isElementDisplayed on session fdac668a6d921ab2a314dd2219cae099 to remote] DEBUG o.a.netty.request.NettyRequestSender - Using pooled Channel '[id: 0x7ca2e8b3, L:/127.0.0.1:54275 - R:localhost/127.0.0.1:60648]' for 'POST' to 'http://localhost:60648/session/fdac668a6d921ab2a314dd2219cae099/execute/sync'
09:05:44.416 [Forwarding isElementDisplayed on session fdac668a6d921ab2a314dd2219cae099 to remote] DEBUG o.a.netty.request.NettyRequestSender - Using open Channel [id: 0x7ca2e8b3, L:/127.0.0.1:54275 - R:localhost/127.0.0.1:60648] for POST '/session/fdac668a6d921ab2a314dd2219cae099/execute/sync'
09:05:44.426 [AsyncHttpClient-1-14] DEBUG o.a.netty.handler.HttpHandler - 

Request DefaultHttpRequest(decodeResult: success, version: HTTP/1.1)
POST /session/fdac668a6d921ab2a314dd2219cae099/execute/sync HTTP/1.1
User-Agent: selenium/4.1.2 (java windows)
Content-Length: 48780
Content-Type: application/json; charset=utf-8
host: localhost:60648
accept: */*

Response DefaultHttpResponse(decodeResult: success, version: HTTP/1.1)
HTTP/1.1 200 OK
Content-Type: application/json; charset=utf-8
cache-control: no-cache
content-length: 14

09:05:44.426 [AsyncHttpClient-1-14] DEBUG o.a.netty.channel.ChannelManager - Adding key: http://localhost:60648 for channel [id: 0x7ca2e8b3, L:/127.0.0.1:54275 - R:localhost/127.0.0.1:60648]
09:05:44.427 [Forwarding findElement on session fdac668a6d921ab2a314dd2219cae099 to remote] DEBUG o.a.netty.request.NettyRequestSender - Using pooled Channel '[id: 0x7ca2e8b3, L:/127.0.0.1:54275 - R:localhost/127.0.0.1:60648]' for 'POST' to 'http://localhost:60648/session/fdac668a6d921ab2a314dd2219cae099/element'
09:05:44.427 [Forwarding findElement on session fdac668a6d921ab2a314dd2219cae099 to remote] DEBUG o.a.netty.request.NettyRequestSender - Using open Channel [id: 0x7ca2e8b3, L:/127.0.0.1:54275 - R:localhost/127.0.0.1:60648] for POST '/session/fdac668a6d921ab2a314dd2219cae099/element'
09:05:44.434 [AsyncHttpClient-1-14] DEBUG o.a.netty.handler.HttpHandler - 

Request DefaultHttpRequest(decodeResult: success, version: HTTP/1.1)
POST /session/fdac668a6d921ab2a314dd2219cae099/element HTTP/1.1
User-Agent: selenium/4.1.2 (java windows)
Content-Length: 125
Content-Type: application/json; charset=utf-8
host: localhost:60648
accept: */*

Response DefaultHttpResponse(decodeResult: success, version: HTTP/1.1)
HTTP/1.1 200 OK
Content-Type: application/json; charset=utf-8
cache-control: no-cache
content-length: 88

09:05:44.434 [AsyncHttpClient-1-14] DEBUG o.a.netty.channel.ChannelManager - Adding key: http://localhost:60648 for channel [id: 0x7ca2e8b3, L:/127.0.0.1:54275 - R:localhost/127.0.0.1:60648]
09:05:44.435 [Forwarding isElementEnabled on session fdac668a6d921ab2a314dd2219cae099 to remote] DEBUG o.a.netty.request.NettyRequestSender - Using pooled Channel '[id: 0x7ca2e8b3, L:/127.0.0.1:54275 - R:localhost/127.0.0.1:60648]' for 'GET' to 'http://localhost:60648/session/fdac668a6d921ab2a314dd2219cae099/element/07aa0b87-784c-4d91-9059-8513528070bd/enabled'
09:05:44.435 [Forwarding isElementEnabled on session fdac668a6d921ab2a314dd2219cae099 to remote] DEBUG o.a.netty.request.NettyRequestSender - Using open Channel [id: 0x7ca2e8b3, L:/127.0.0.1:54275 - R:localhost/127.0.0.1:60648] for GET '/session/fdac668a6d921ab2a314dd2219cae099/element/07aa0b87-784c-4d91-9059-8513528070bd/enabled'
09:05:44.445 [AsyncHttpClient-1-14] DEBUG o.a.netty.handler.HttpHandler - 

Request DefaultFullHttpRequest(decodeResult: success, version: HTTP/1.1, content: EmptyByteBufBE)
GET /session/fdac668a6d921ab2a314dd2219cae099/element/07aa0b87-784c-4d91-9059-8513528070bd/enabled HTTP/1.1
User-Agent: selenium/4.1.2 (java windows)
Cache-Control: no-cache
Content-Type: application/json; charset=utf-8
host: localhost:60648
accept: */*

Response DefaultHttpResponse(decodeResult: success, version: HTTP/1.1)
HTTP/1.1 200 OK
Content-Type: application/json; charset=utf-8
cache-control: no-cache
content-length: 14

09:05:44.445 [AsyncHttpClient-1-14] DEBUG o.a.netty.channel.ChannelManager - Adding key: http://localhost:60648 for channel [id: 0x7ca2e8b3, L:/127.0.0.1:54275 - R:localhost/127.0.0.1:60648]
  &amp#27;[32mAnd &amp#27;[0m&amp#27;[32muser verify the Login Page Elements is Visible&amp#27;[0m                                                   &amp#27;[90m# stepdefinitions.LoginPageSteps.user_verify_the_login_page_elements_is_visible()&amp#27;[0m
09:05:45.171 [AsyncHttpClient-1-1] DEBUG o.a.netty.channel.DefaultChannelPool - Entry count for : http://localhost:54276 : 1
09:05:45.171 [AsyncHttpClient-1-1] DEBUG o.a.netty.channel.DefaultChannelPool - Entry count for : http://localhost:60648 : 1
09:05:46.272 [AsyncHttpClient-1-1] DEBUG o.a.netty.channel.DefaultChannelPool - Entry count for : http://localhost:54276 : 1
09:05:46.272 [AsyncHttpClient-1-1] DEBUG o.a.netty.channel.DefaultChannelPool - Entry count for : http://localhost:60648 : 1
09:05:46.461 [Forwarding findElement on session fdac668a6d921ab2a314dd2219cae099 to remote] DEBUG o.a.netty.request.NettyRequestSender - Using pooled Channel '[id: 0x7ca2e8b3, L:/127.0.0.1:54275 - R:localhost/127.0.0.1:60648]' for 'POST' to 'http://localhost:60648/session/fdac668a6d921ab2a314dd2219cae099/element'
09:05:46.462 [Forwarding findElement on session fdac668a6d921ab2a314dd2219cae099 to remote] DEBUG o.a.netty.request.NettyRequestSender - Using open Channel [id: 0x7ca2e8b3, L:/127.0.0.1:54275 - R:localhost/127.0.0.1:60648] for POST '/session/fdac668a6d921ab2a314dd2219cae099/element'
09:05:46.468 [AsyncHttpClient-1-14] DEBUG o.a.netty.handler.HttpHandler - 

Request DefaultHttpRequest(decodeResult: success, version: HTTP/1.1)
POST /session/fdac668a6d921ab2a314dd2219cae099/element HTTP/1.1
User-Agent: selenium/4.1.2 (java windows)
Content-Length: 128
Content-Type: application/json; charset=utf-8
host: localhost:60648
accept: */*

Response DefaultHttpResponse(decodeResult: success, version: HTTP/1.1)
HTTP/1.1 200 OK
Content-Type: application/json; charset=utf-8
cache-control: no-cache
content-length: 88

09:05:46.468 [AsyncHttpClient-1-14] DEBUG o.a.netty.channel.ChannelManager - Adding key: http://localhost:60648 for channel [id: 0x7ca2e8b3, L:/127.0.0.1:54275 - R:localhost/127.0.0.1:60648]
09:05:46.470 [Forwarding sendKeysToElement on session fdac668a6d921ab2a314dd2219cae099 to remote] DEBUG o.a.netty.request.NettyRequestSender - Using pooled Channel '[id: 0x7ca2e8b3, L:/127.0.0.1:54275 - R:localhost/127.0.0.1:60648]' for 'POST' to 'http://localhost:60648/session/fdac668a6d921ab2a314dd2219cae099/element/f9bc383d-e477-4892-85aa-d7db8de16025/value'
09:05:46.470 [Forwarding sendKeysToElement on session fdac668a6d921ab2a314dd2219cae099 to remote] DEBUG o.a.netty.request.NettyRequestSender - Using open Channel [id: 0x7ca2e8b3, L:/127.0.0.1:54275 - R:localhost/127.0.0.1:60648] for POST '/session/fdac668a6d921ab2a314dd2219cae099/element/f9bc383d-e477-4892-85aa-d7db8de16025/value'
09:05:46.500 [AsyncHttpClient-1-14] DEBUG o.a.netty.handler.HttpHandler - 

Request DefaultHttpRequest(decodeResult: success, version: HTTP/1.1)
POST /session/fdac668a6d921ab2a314dd2219cae099/element/f9bc383d-e477-4892-85aa-d7db8de16025/value HTTP/1.1
User-Agent: selenium/4.1.2 (java windows)
Content-Length: 191
Content-Type: application/json; charset=utf-8
host: localhost:60648
accept: */*

Response DefaultHttpResponse(decodeResult: success, version: HTTP/1.1)
HTTP/1.1 200 OK
Content-Type: application/json; charset=utf-8
cache-control: no-cache
content-length: 14

09:05:46.501 [AsyncHttpClient-1-14] DEBUG o.a.netty.channel.ChannelManager - Adding key: http://localhost:60648 for channel [id: 0x7ca2e8b3, L:/127.0.0.1:54275 - R:localhost/127.0.0.1:60648]
09:05:46.502 [Forwarding findElement on session fdac668a6d921ab2a314dd2219cae099 to remote] DEBUG o.a.netty.request.NettyRequestSender - Using pooled Channel '[id: 0x7ca2e8b3, L:/127.0.0.1:54275 - R:localhost/127.0.0.1:60648]' for 'POST' to 'http://localhost:60648/session/fdac668a6d921ab2a314dd2219cae099/element'
09:05:46.502 [Forwarding findElement on session fdac668a6d921ab2a314dd2219cae099 to remote] DEBUG o.a.netty.request.NettyRequestSender - Using open Channel [id: 0x7ca2e8b3, L:/127.0.0.1:54275 - R:localhost/127.0.0.1:60648] for POST '/session/fdac668a6d921ab2a314dd2219cae099/element'
09:05:46.509 [AsyncHttpClient-1-14] DEBUG o.a.netty.handler.HttpHandler - 

Request DefaultHttpRequest(decodeResult: success, version: HTTP/1.1)
POST /session/fdac668a6d921ab2a314dd2219cae099/element HTTP/1.1
User-Agent: selenium/4.1.2 (java windows)
Content-Length: 132
Content-Type: application/json; charset=utf-8
host: localhost:60648
accept: */*

Response DefaultHttpResponse(decodeResult: success, version: HTTP/1.1)
HTTP/1.1 200 OK
Content-Type: application/json; charset=utf-8
cache-control: no-cache
content-length: 88

09:05:46.509 [AsyncHttpClient-1-14] DEBUG o.a.netty.channel.ChannelManager - Adding key: http://localhost:60648 for channel [id: 0x7ca2e8b3, L:/127.0.0.1:54275 - R:localhost/127.0.0.1:60648]
09:05:46.511 [Forwarding sendKeysToElement on session fdac668a6d921ab2a314dd2219cae099 to remote] DEBUG o.a.netty.request.NettyRequestSender - Using pooled Channel '[id: 0x7ca2e8b3, L:/127.0.0.1:54275 - R:localhost/127.0.0.1:60648]' for 'POST' to 'http://localhost:60648/session/fdac668a6d921ab2a314dd2219cae099/element/34de3d60-9dac-4b81-b0a0-68aa635a4d6e/value'
09:05:46.511 [Forwarding sendKeysToElement on session fdac668a6d921ab2a314dd2219cae099 to remote] DEBUG o.a.netty.request.NettyRequestSender - Using open Channel [id: 0x7ca2e8b3, L:/127.0.0.1:54275 - R:localhost/127.0.0.1:60648] for POST '/session/fdac668a6d921ab2a314dd2219cae099/element/34de3d60-9dac-4b81-b0a0-68aa635a4d6e/value'
09:05:46.553 [AsyncHttpClient-1-14] DEBUG o.a.netty.handler.HttpHandler - 

Request DefaultHttpRequest(decodeResult: success, version: HTTP/1.1)
POST /session/fdac668a6d921ab2a314dd2219cae099/element/34de3d60-9dac-4b81-b0a0-68aa635a4d6e/value HTTP/1.1
User-Agent: selenium/4.1.2 (java windows)
Content-Length: 231
Content-Type: application/json; charset=utf-8
host: localhost:60648
accept: */*

Response DefaultHttpResponse(decodeResult: success, version: HTTP/1.1)
HTTP/1.1 200 OK
Content-Type: application/json; charset=utf-8
cache-control: no-cache
content-length: 14

09:05:46.553 [AsyncHttpClient-1-14] DEBUG o.a.netty.channel.ChannelManager - Adding key: http://localhost:60648 for channel [id: 0x7ca2e8b3, L:/127.0.0.1:54275 - R:localhost/127.0.0.1:60648]
09:05:46.554 [Forwarding findElement on session fdac668a6d921ab2a314dd2219cae099 to remote] DEBUG o.a.netty.request.NettyRequestSender - Using pooled Channel '[id: 0x7ca2e8b3, L:/127.0.0.1:54275 - R:localhost/127.0.0.1:60648]' for 'POST' to 'http://localhost:60648/session/fdac668a6d921ab2a314dd2219cae099/element'
09:05:46.554 [Forwarding findElement on session fdac668a6d921ab2a314dd2219cae099 to remote] DEBUG o.a.netty.request.NettyRequestSender - Using open Channel [id: 0x7ca2e8b3, L:/127.0.0.1:54275 - R:localhost/127.0.0.1:60648] for POST '/session/fdac668a6d921ab2a314dd2219cae099/element'
09:05:46.560 [AsyncHttpClient-1-14] DEBUG o.a.netty.handler.HttpHandler - 

Request DefaultHttpRequest(decodeResult: success, version: HTTP/1.1)
POST /session/fdac668a6d921ab2a314dd2219cae099/element HTTP/1.1
User-Agent: selenium/4.1.2 (java windows)
Content-Length: 125
Content-Type: application/json; charset=utf-8
host: localhost:60648
accept: */*

Response DefaultHttpResponse(decodeResult: success, version: HTTP/1.1)
HTTP/1.1 200 OK
Content-Type: application/json; charset=utf-8
cache-control: no-cache
content-length: 88

09:05:46.560 [AsyncHttpClient-1-14] DEBUG o.a.netty.channel.ChannelManager - Adding key: http://localhost:60648 for channel [id: 0x7ca2e8b3, L:/127.0.0.1:54275 - R:localhost/127.0.0.1:60648]
09:05:46.561 [Forwarding clickElement on session fdac668a6d921ab2a314dd2219cae099 to remote] DEBUG o.a.netty.request.NettyRequestSender - Using pooled Channel '[id: 0x7ca2e8b3, L:/127.0.0.1:54275 - R:localhost/127.0.0.1:60648]' for 'POST' to 'http://localhost:60648/session/fdac668a6d921ab2a314dd2219cae099/element/07aa0b87-784c-4d91-9059-8513528070bd/click'
09:05:46.562 [Forwarding clickElement on session fdac668a6d921ab2a314dd2219cae099 to remote] DEBUG o.a.netty.request.NettyRequestSender - Using open Channel [id: 0x7ca2e8b3, L:/127.0.0.1:54275 - R:localhost/127.0.0.1:60648] for POST '/session/fdac668a6d921ab2a314dd2219cae099/element/07aa0b87-784c-4d91-9059-8513528070bd/click'
09:05:46.644 [AsyncHttpClient-1-14] DEBUG o.a.netty.handler.HttpHandler - 

Request DefaultHttpRequest(decodeResult: success, version: HTTP/1.1)
POST /session/fdac668a6d921ab2a314dd2219cae099/element/07aa0b87-784c-4d91-9059-8513528070bd/click HTTP/1.1
User-Agent: selenium/4.1.2 (java windows)
Content-Length: 50
Content-Type: application/json; charset=utf-8
host: localhost:60648
accept: */*

Response DefaultHttpResponse(decodeResult: success, version: HTTP/1.1)
HTTP/1.1 200 OK
Content-Type: application/json; charset=utf-8
cache-control: no-cache
content-length: 14

09:05:46.644 [AsyncHttpClient-1-14] DEBUG o.a.netty.channel.ChannelManager - Adding key: http://localhost:60648 for channel [id: 0x7ca2e8b3, L:/127.0.0.1:54275 - R:localhost/127.0.0.1:60648]
09:05:46.645 [Forwarding findElement on session fdac668a6d921ab2a314dd2219cae099 to remote] DEBUG o.a.netty.request.NettyRequestSender - Using pooled Channel '[id: 0x7ca2e8b3, L:/127.0.0.1:54275 - R:localhost/127.0.0.1:60648]' for 'POST' to 'http://localhost:60648/session/fdac668a6d921ab2a314dd2219cae099/element'
09:05:46.645 [Forwarding findElement on session fdac668a6d921ab2a314dd2219cae099 to remote] DEBUG o.a.netty.request.NettyRequestSender - Using open Channel [id: 0x7ca2e8b3, L:/127.0.0.1:54275 - R:localhost/127.0.0.1:60648] for POST '/session/fdac668a6d921ab2a314dd2219cae099/element'
09:05:46.656 [AsyncHttpClient-1-14] DEBUG o.a.netty.handler.HttpHandler - 

Request DefaultHttpRequest(decodeResult: success, version: HTTP/1.1)
POST /session/fdac668a6d921ab2a314dd2219cae099/element HTTP/1.1
User-Agent: selenium/4.1.2 (java windows)
Content-Length: 75
Content-Type: application/json; charset=utf-8
host: localhost:60648
accept: */*

Response DefaultHttpResponse(decodeResult: success, version: HTTP/1.1)
HTTP/1.1 200 OK
Content-Type: application/json; charset=utf-8
cache-control: no-cache
content-length: 88

09:05:46.657 [AsyncHttpClient-1-14] DEBUG o.a.netty.channel.ChannelManager - Adding key: http://localhost:60648 for channel [id: 0x7ca2e8b3, L:/127.0.0.1:54275 - R:localhost/127.0.0.1:60648]
09:05:46.660 [Forwarding isElementDisplayed on session fdac668a6d921ab2a314dd2219cae099 to remote] DEBUG o.a.netty.request.NettyRequestSender - Using pooled Channel '[id: 0x7ca2e8b3, L:/127.0.0.1:54275 - R:localhost/127.0.0.1:60648]' for 'POST' to 'http://localhost:60648/session/fdac668a6d921ab2a314dd2219cae099/execute/sync'
09:05:46.660 [Forwarding isElementDisplayed on session fdac668a6d921ab2a314dd2219cae099 to remote] DEBUG o.a.netty.request.NettyRequestSender - Using open Channel [id: 0x7ca2e8b3, L:/127.0.0.1:54275 - R:localhost/127.0.0.1:60648] for POST '/session/fdac668a6d921ab2a314dd2219cae099/execute/sync'
09:05:46.676 [AsyncHttpClient-1-14] DEBUG o.a.netty.handler.HttpHandler - 

Request DefaultHttpRequest(decodeResult: success, version: HTTP/1.1)
POST /session/fdac668a6d921ab2a314dd2219cae099/execute/sync HTTP/1.1
User-Agent: selenium/4.1.2 (java windows)
Content-Length: 48780
Content-Type: application/json; charset=utf-8
host: localhost:60648
accept: */*

Response DefaultHttpResponse(decodeResult: success, version: HTTP/1.1)
HTTP/1.1 200 OK
Content-Type: application/json; charset=utf-8
cache-control: no-cache
content-length: 15

09:05:46.677 [AsyncHttpClient-1-14] DEBUG o.a.netty.channel.ChannelManager - Adding key: http://localhost:60648 for channel [id: 0x7ca2e8b3, L:/127.0.0.1:54275 - R:localhost/127.0.0.1:60648]
09:05:47.189 [Forwarding findElement on session fdac668a6d921ab2a314dd2219cae099 to remote] DEBUG o.a.netty.request.NettyRequestSender - Using pooled Channel '[id: 0x7ca2e8b3, L:/127.0.0.1:54275 - R:localhost/127.0.0.1:60648]' for 'POST' to 'http://localhost:60648/session/fdac668a6d921ab2a314dd2219cae099/element'
09:05:47.190 [Forwarding findElement on session fdac668a6d921ab2a314dd2219cae099 to remote] DEBUG o.a.netty.request.NettyRequestSender - Using open Channel [id: 0x7ca2e8b3, L:/127.0.0.1:54275 - R:localhost/127.0.0.1:60648] for POST '/session/fdac668a6d921ab2a314dd2219cae099/element'
09:05:47.195 [AsyncHttpClient-1-14] DEBUG o.a.netty.handler.HttpHandler - 

Request DefaultHttpRequest(decodeResult: success, version: HTTP/1.1)
POST /session/fdac668a6d921ab2a314dd2219cae099/element HTTP/1.1
User-Agent: selenium/4.1.2 (java windows)
Content-Length: 75
Content-Type: application/json; charset=utf-8
host: localhost:60648
accept: */*

Response DefaultHttpResponse(decodeResult: success, version: HTTP/1.1)
HTTP/1.1 200 OK
Content-Type: application/json; charset=utf-8
cache-control: no-cache
content-length: 88

09:05:47.195 [AsyncHttpClient-1-14] DEBUG o.a.netty.channel.ChannelManager - Adding key: http://localhost:60648 for channel [id: 0x7ca2e8b3, L:/127.0.0.1:54275 - R:localhost/127.0.0.1:60648]
09:05:47.200 [Forwarding isElementDisplayed on session fdac668a6d921ab2a314dd2219cae099 to remote] DEBUG o.a.netty.request.NettyRequestSender - Using pooled Channel '[id: 0x7ca2e8b3, L:/127.0.0.1:54275 - R:localhost/127.0.0.1:60648]' for 'POST' to 'http://localhost:60648/session/fdac668a6d921ab2a314dd2219cae099/execute/sync'
09:05:47.200 [Forwarding isElementDisplayed on session fdac668a6d921ab2a314dd2219cae099 to remote] DEBUG o.a.netty.request.NettyRequestSender - Using open Channel [id: 0x7ca2e8b3, L:/127.0.0.1:54275 - R:localhost/127.0.0.1:60648] for POST '/session/fdac668a6d921ab2a314dd2219cae099/execute/sync'
09:05:47.208 [AsyncHttpClient-1-14] DEBUG o.a.netty.handler.HttpHandler - 

Request DefaultHttpRequest(decodeResult: success, version: HTTP/1.1)
POST /session/fdac668a6d921ab2a314dd2219cae099/execute/sync HTTP/1.1
User-Agent: selenium/4.1.2 (java windows)
Content-Length: 48780
Content-Type: application/json; charset=utf-8
host: localhost:60648
accept: */*

Response DefaultHttpResponse(decodeResult: success, version: HTTP/1.1)
HTTP/1.1 200 OK
Content-Type: application/json; charset=utf-8
cache-control: no-cache
content-length: 15

09:05:47.208 [AsyncHttpClient-1-14] DEBUG o.a.netty.channel.ChannelManager - Adding key: http://localhost:60648 for channel [id: 0x7ca2e8b3, L:/127.0.0.1:54275 - R:localhost/127.0.0.1:60648]
09:05:47.379 [AsyncHttpClient-1-1] DEBUG o.a.netty.channel.DefaultChannelPool - Entry count for : http://localhost:54276 : 1
09:05:47.379 [AsyncHttpClient-1-1] DEBUG o.a.netty.channel.DefaultChannelPool - Entry count for : http://localhost:60648 : 1
09:05:47.724 [Forwarding findElement on session fdac668a6d921ab2a314dd2219cae099 to remote] DEBUG o.a.netty.request.NettyRequestSender - Using pooled Channel '[id: 0x7ca2e8b3, L:/127.0.0.1:54275 - R:localhost/127.0.0.1:60648]' for 'POST' to 'http://localhost:60648/session/fdac668a6d921ab2a314dd2219cae099/element'
09:05:47.724 [Forwarding findElement on session fdac668a6d921ab2a314dd2219cae099 to remote] DEBUG o.a.netty.request.NettyRequestSender - Using open Channel [id: 0x7ca2e8b3, L:/127.0.0.1:54275 - R:localhost/127.0.0.1:60648] for POST '/session/fdac668a6d921ab2a314dd2219cae099/element'
09:05:47.731 [AsyncHttpClient-1-14] DEBUG o.a.netty.handler.HttpHandler - 

Request DefaultHttpRequest(decodeResult: success, version: HTTP/1.1)
POST /session/fdac668a6d921ab2a314dd2219cae099/element HTTP/1.1
User-Agent: selenium/4.1.2 (java windows)
Content-Length: 75
Content-Type: application/json; charset=utf-8
host: localhost:60648
accept: */*

Response DefaultHttpResponse(decodeResult: success, version: HTTP/1.1)
HTTP/1.1 200 OK
Content-Type: application/json; charset=utf-8
cache-control: no-cache
content-length: 88

09:05:47.732 [AsyncHttpClient-1-14] DEBUG o.a.netty.channel.ChannelManager - Adding key: http://localhost:60648 for channel [id: 0x7ca2e8b3, L:/127.0.0.1:54275 - R:localhost/127.0.0.1:60648]
09:05:47.735 [Forwarding isElementDisplayed on session fdac668a6d921ab2a314dd2219cae099 to remote] DEBUG o.a.netty.request.NettyRequestSender - Using pooled Channel '[id: 0x7ca2e8b3, L:/127.0.0.1:54275 - R:localhost/127.0.0.1:60648]' for 'POST' to 'http://localhost:60648/session/fdac668a6d921ab2a314dd2219cae099/execute/sync'
09:05:47.735 [Forwarding isElementDisplayed on session fdac668a6d921ab2a314dd2219cae099 to remote] DEBUG o.a.netty.request.NettyRequestSender - Using open Channel [id: 0x7ca2e8b3, L:/127.0.0.1:54275 - R:localhost/127.0.0.1:60648] for POST '/session/fdac668a6d921ab2a314dd2219cae099/execute/sync'
09:05:47.743 [AsyncHttpClient-1-14] DEBUG o.a.netty.handler.HttpHandler - 

Request DefaultHttpRequest(decodeResult: success, version: HTTP/1.1)
POST /session/fdac668a6d921ab2a314dd2219cae099/execute/sync HTTP/1.1
User-Agent: selenium/4.1.2 (java windows)
Content-Length: 48780
Content-Type: application/json; charset=utf-8
host: localhost:60648
accept: */*

Response DefaultHttpResponse(decodeResult: success, version: HTTP/1.1)
HTTP/1.1 200 OK
Content-Type: application/json; charset=utf-8
cache-control: no-cache
content-length: 14

09:05:47.744 [AsyncHttpClient-1-14] DEBUG o.a.netty.channel.ChannelManager - Adding key: http://localhost:60648 for channel [id: 0x7ca2e8b3, L:/127.0.0.1:54275 - R:localhost/127.0.0.1:60648]
09:05:47.744 [Forwarding getElementText on session fdac668a6d921ab2a314dd2219cae099 to remote] DEBUG o.a.netty.request.NettyRequestSender - Using pooled Channel '[id: 0x7ca2e8b3, L:/127.0.0.1:54275 - R:localhost/127.0.0.1:60648]' for 'GET' to 'http://localhost:60648/session/fdac668a6d921ab2a314dd2219cae099/element/4077142f-b7bd-47fb-b3ed-0d5137000126/text'
09:05:47.745 [Forwarding getElementText on session fdac668a6d921ab2a314dd2219cae099 to remote] DEBUG o.a.netty.request.NettyRequestSender - Using open Channel [id: 0x7ca2e8b3, L:/127.0.0.1:54275 - R:localhost/127.0.0.1:60648] for GET '/session/fdac668a6d921ab2a314dd2219cae099/element/4077142f-b7bd-47fb-b3ed-0d5137000126/text'
09:05:47.756 [AsyncHttpClient-1-14] DEBUG o.a.netty.handler.HttpHandler - 

Request DefaultFullHttpRequest(decodeResult: success, version: HTTP/1.1, content: EmptyByteBufBE)
GET /session/fdac668a6d921ab2a314dd2219cae099/element/4077142f-b7bd-47fb-b3ed-0d5137000126/text HTTP/1.1
User-Agent: selenium/4.1.2 (java windows)
Cache-Control: no-cache
Content-Type: application/json; charset=utf-8
host: localhost:60648
accept: */*

Response DefaultHttpResponse(decodeResult: success, version: HTTP/1.1)
HTTP/1.1 200 OK
Content-Type: application/json; charset=utf-8
cache-control: no-cache
content-length: 59

09:05:47.757 [AsyncHttpClient-1-14] DEBUG o.a.netty.channel.ChannelManager - Adding key: http://localhost:60648 for channel [id: 0x7ca2e8b3, L:/127.0.0.1:54275 - R:localhost/127.0.0.1:60648]
09:05:48.476 [AsyncHttpClient-1-1] DEBUG o.a.netty.channel.DefaultChannelPool - Entry count for : http://localhost:54276 : 1
09:05:48.476 [AsyncHttpClient-1-1] DEBUG o.a.netty.channel.DefaultChannelPool - Entry count for : http://localhost:60648 : 1
09:05:49.575 [AsyncHttpClient-1-1] DEBUG o.a.netty.channel.DefaultChannelPool - Entry count for : http://localhost:54276 : 1
09:05:49.575 [AsyncHttpClient-1-1] DEBUG o.a.netty.channel.DefaultChannelPool - Entry count for : http://localhost:60648 : 1
  &amp#27;[32mWhen &amp#27;[0m&amp#27;[32muser login using invalid credentials with username &amp#27;[0m&amp#27;[32m&amp#27;[1m"invalidUser"&amp#27;[0m&amp#27;[32m and password &amp#27;[0m&amp#27;[32m&amp#27;[1m"InvalidPassword"&amp#27;[0m &amp#27;[90m# stepdefinitions.LoginPageSteps.user_login_using_invalid_credentials_with_username_and_password(java.lang.String,java.lang.String)&amp#27;[0m
09:05:49.769 [Forwarding getTitle on session fdac668a6d921ab2a314dd2219cae099 to remote] DEBUG o.a.netty.request.NettyRequestSender - Using pooled Channel '[id: 0x7ca2e8b3, L:/127.0.0.1:54275 - R:localhost/127.0.0.1:60648]' for 'GET' to 'http://localhost:60648/session/fdac668a6d921ab2a314dd2219cae099/title'
09:05:49.769 [Forwarding getTitle on session fdac668a6d921ab2a314dd2219cae099 to remote] DEBUG o.a.netty.request.NettyRequestSender - Using open Channel [id: 0x7ca2e8b3, L:/127.0.0.1:54275 - R:localhost/127.0.0.1:60648] for GET '/session/fdac668a6d921ab2a314dd2219cae099/title'
09:05:49.775 [AsyncHttpClient-1-14] DEBUG o.a.netty.handler.HttpHandler - 

Request DefaultFullHttpRequest(decodeResult: success, version: HTTP/1.1, content: EmptyByteBufBE)
GET /session/fdac668a6d921ab2a314dd2219cae099/title HTTP/1.1
User-Agent: selenium/4.1.2 (java windows)
Cache-Control: no-cache
Content-Type: application/json; charset=utf-8
host: localhost:60648
accept: */*

Response DefaultHttpResponse(decodeResult: success, version: HTTP/1.1)
HTTP/1.1 200 OK
Content-Type: application/json; charset=utf-8
cache-control: no-cache
content-length: 22

09:05:49.775 [AsyncHttpClient-1-14] DEBUG o.a.netty.channel.ChannelManager - Adding key: http://localhost:60648 for channel [id: 0x7ca2e8b3, L:/127.0.0.1:54275 - R:localhost/127.0.0.1:60648]
09:05:49.776 [Forwarding getTitle on session fdac668a6d921ab2a314dd2219cae099 to remote] DEBUG o.a.netty.request.NettyRequestSender - Using pooled Channel '[id: 0x7ca2e8b3, L:/127.0.0.1:54275 - R:localhost/127.0.0.1:60648]' for 'GET' to 'http://localhost:60648/session/fdac668a6d921ab2a314dd2219cae099/title'
09:05:49.776 [Forwarding getTitle on session fdac668a6d921ab2a314dd2219cae099 to remote] DEBUG o.a.netty.request.NettyRequestSender - Using open Channel [id: 0x7ca2e8b3, L:/127.0.0.1:54275 - R:localhost/127.0.0.1:60648] for GET '/session/fdac668a6d921ab2a314dd2219cae099/title'
09:05:49.779 [AsyncHttpClient-1-14] DEBUG o.a.netty.handler.HttpHandler - 

Request DefaultFullHttpRequest(decodeResult: success, version: HTTP/1.1, content: EmptyByteBufBE)
GET /session/fdac668a6d921ab2a314dd2219cae099/title HTTP/1.1
User-Agent: selenium/4.1.2 (java windows)
Cache-Control: no-cache
Content-Type: application/json; charset=utf-8
host: localhost:60648
accept: */*

Response DefaultHttpResponse(decodeResult: success, version: HTTP/1.1)
HTTP/1.1 200 OK
Content-Type: application/json; charset=utf-8
cache-control: no-cache
content-length: 22

09:05:49.779 [AsyncHttpClient-1-14] DEBUG o.a.netty.channel.ChannelManager - Adding key: http://localhost:60648 for channel [id: 0x7ca2e8b3, L:/127.0.0.1:54275 - R:localhost/127.0.0.1:60648]
09:05:50.684 [AsyncHttpClient-1-1] DEBUG o.a.netty.channel.DefaultChannelPool - Entry count for : http://localhost:54276 : 1
09:05:50.684 [AsyncHttpClient-1-1] DEBUG o.a.netty.channel.DefaultChannelPool - Entry count for : http://localhost:60648 : 1
09:05:51.782 [AsyncHttpClient-1-1] DEBUG o.a.netty.channel.DefaultChannelPool - Entry count for : http://localhost:54276 : 1
09:05:51.782 [AsyncHttpClient-1-1] DEBUG o.a.netty.channel.DefaultChannelPool - Entry count for : http://localhost:60648 : 1
09:05:52.873 [AsyncHttpClient-1-1] DEBUG o.a.netty.channel.DefaultChannelPool - Entry count for : http://localhost:54276 : 1
09:05:52.873 [AsyncHttpClient-1-1] DEBUG o.a.netty.channel.DefaultChannelPool - Entry count for : http://localhost:60648 : 1
09:05:53.982 [AsyncHttpClient-1-1] DEBUG o.a.netty.channel.DefaultChannelPool - Entry count for : http://localhost:54276 : 1
09:05:53.982 [AsyncHttpClient-1-1] DEBUG o.a.netty.channel.DefaultChannelPool - Entry count for : http://localhost:60648 : 1
09:05:54.782 [Forwarding findElement on session fdac668a6d921ab2a314dd2219cae099 to remote] DEBUG o.a.netty.request.NettyRequestSender - Using pooled Channel '[id: 0x7ca2e8b3, L:/127.0.0.1:54275 - R:localhost/127.0.0.1:60648]' for 'POST' to 'http://localhost:60648/session/fdac668a6d921ab2a314dd2219cae099/element'
09:05:54.782 [Forwarding findElement on session fdac668a6d921ab2a314dd2219cae099 to remote] DEBUG o.a.netty.request.NettyRequestSender - Using open Channel [id: 0x7ca2e8b3, L:/127.0.0.1:54275 - R:localhost/127.0.0.1:60648] for POST '/session/fdac668a6d921ab2a314dd2219cae099/element'
09:05:54.789 [AsyncHttpClient-1-14] DEBUG o.a.netty.handler.HttpHandler - 

Request DefaultHttpRequest(decodeResult: success, version: HTTP/1.1)
POST /session/fdac668a6d921ab2a314dd2219cae099/element HTTP/1.1
User-Agent: selenium/4.1.2 (java windows)
Content-Length: 75
Content-Type: application/json; charset=utf-8
host: localhost:60648
accept: */*

Response DefaultHttpResponse(decodeResult: success, version: HTTP/1.1)
HTTP/1.1 200 OK
Content-Type: application/json; charset=utf-8
cache-control: no-cache
content-length: 88

09:05:54.789 [AsyncHttpClient-1-14] DEBUG o.a.netty.channel.ChannelManager - Adding key: http://localhost:60648 for channel [id: 0x7ca2e8b3, L:/127.0.0.1:54275 - R:localhost/127.0.0.1:60648]
09:05:54.793 [Forwarding isElementDisplayed on session fdac668a6d921ab2a314dd2219cae099 to remote] DEBUG o.a.netty.request.NettyRequestSender - Using pooled Channel '[id: 0x7ca2e8b3, L:/127.0.0.1:54275 - R:localhost/127.0.0.1:60648]' for 'POST' to 'http://localhost:60648/session/fdac668a6d921ab2a314dd2219cae099/execute/sync'
09:05:54.793 [Forwarding isElementDisplayed on session fdac668a6d921ab2a314dd2219cae099 to remote] DEBUG o.a.netty.request.NettyRequestSender - Using open Channel [id: 0x7ca2e8b3, L:/127.0.0.1:54275 - R:localhost/127.0.0.1:60648] for POST '/session/fdac668a6d921ab2a314dd2219cae099/execute/sync'
09:05:54.801 [AsyncHttpClient-1-14] DEBUG o.a.netty.handler.HttpHandler - 

Request DefaultHttpRequest(decodeResult: success, version: HTTP/1.1)
POST /session/fdac668a6d921ab2a314dd2219cae099/execute/sync HTTP/1.1
User-Agent: selenium/4.1.2 (java windows)
Content-Length: 48780
Content-Type: application/json; charset=utf-8
host: localhost:60648
accept: */*

Response DefaultHttpResponse(decodeResult: success, version: HTTP/1.1)
HTTP/1.1 200 OK
Content-Type: application/json; charset=utf-8
cache-control: no-cache
content-length: 14

09:05:54.801 [AsyncHttpClient-1-14] DEBUG o.a.netty.channel.ChannelManager - Adding key: http://localhost:60648 for channel [id: 0x7ca2e8b3, L:/127.0.0.1:54275 - R:localhost/127.0.0.1:60648]
09:05:54.802 [Forwarding getElementText on session fdac668a6d921ab2a314dd2219cae099 to remote] DEBUG o.a.netty.request.NettyRequestSender - Using pooled Channel '[id: 0x7ca2e8b3, L:/127.0.0.1:54275 - R:localhost/127.0.0.1:60648]' for 'GET' to 'http://localhost:60648/session/fdac668a6d921ab2a314dd2219cae099/element/4077142f-b7bd-47fb-b3ed-0d5137000126/text'
09:05:54.802 [Forwarding getElementText on session fdac668a6d921ab2a314dd2219cae099 to remote] DEBUG o.a.netty.request.NettyRequestSender - Using open Channel [id: 0x7ca2e8b3, L:/127.0.0.1:54275 - R:localhost/127.0.0.1:60648] for GET '/session/fdac668a6d921ab2a314dd2219cae099/element/4077142f-b7bd-47fb-b3ed-0d5137000126/text'
09:05:54.808 [AsyncHttpClient-1-14] DEBUG o.a.netty.handler.HttpHandler - 

Request DefaultFullHttpRequest(decodeResult: success, version: HTTP/1.1, content: EmptyByteBufBE)
GET /session/fdac668a6d921ab2a314dd2219cae099/element/4077142f-b7bd-47fb-b3ed-0d5137000126/text HTTP/1.1
User-Agent: selenium/4.1.2 (java windows)
Cache-Control: no-cache
Content-Type: application/json; charset=utf-8
host: localhost:60648
accept: */*

Response DefaultHttpResponse(decodeResult: success, version: HTTP/1.1)
HTTP/1.1 200 OK
Content-Type: application/json; charset=utf-8
cache-control: no-cache
content-length: 59

09:05:54.808 [AsyncHttpClient-1-14] DEBUG o.a.netty.channel.ChannelManager - Adding key: http://localhost:60648 for channel [id: 0x7ca2e8b3, L:/127.0.0.1:54275 - R:localhost/127.0.0.1:60648]
09:05:55.082 [AsyncHttpClient-1-1] DEBUG o.a.netty.channel.DefaultChannelPool - Entry count for : http://localhost:54276 : 1
09:05:55.082 [AsyncHttpClient-1-1] DEBUG o.a.netty.channel.DefaultChannelPool - Entry count for : http://localhost:60648 : 1
09:05:56.180 [AsyncHttpClient-1-1] DEBUG o.a.netty.channel.DefaultChannelPool - Entry count for : http://localhost:54276 : 1
09:05:56.180 [AsyncHttpClient-1-1] DEBUG o.a.netty.channel.DefaultChannelPool - Entry count for : http://localhost:60648 : 1
  &amp#27;[32mThen &amp#27;[0m&amp#27;[32muser should not proceed to Dashboard Page&amp#27;[0m                                                       &amp#27;[90m# stepdefinitions.LoginPageSteps.user_should_not_proceed_to_dashboard_page()&amp#27;[0m
 INFO [main] (LoginPageSteps.java:43) - List of User: [{username=author@vrbank, password=pega123!, titlePage=Pega Dev Studio}]
 INFO [main] (LoginPageSteps.java:43)- List of User: [{username=author@vrbank, password=pega123!, titlePage=Pega Dev Studio}]
author@vrbanke.get("username")
09:05:57.272 [AsyncHttpClient-1-1] DEBUG o.a.netty.channel.DefaultChannelPool - Entry count for : http://localhost:54276 : 1
09:05:57.272 [AsyncHttpClient-1-1] DEBUG o.a.netty.channel.DefaultChannelPool - Entry count for : http://localhost:60648 : 1
09:05:58.372 [AsyncHttpClient-1-1] DEBUG o.a.netty.channel.DefaultChannelPool - Entry count for : http://localhost:54276 : 1
09:05:58.372 [AsyncHttpClient-1-1] DEBUG o.a.netty.channel.DefaultChannelPool - Entry count for : http://localhost:60648 : 1
09:05:58.830 [Forwarding findElement on session fdac668a6d921ab2a314dd2219cae099 to remote] DEBUG o.a.netty.request.NettyRequestSender - Using pooled Channel '[id: 0x7ca2e8b3, L:/127.0.0.1:54275 - R:localhost/127.0.0.1:60648]' for 'POST' to 'http://localhost:60648/session/fdac668a6d921ab2a314dd2219cae099/element'
09:05:58.831 [Forwarding findElement on session fdac668a6d921ab2a314dd2219cae099 to remote] DEBUG o.a.netty.request.NettyRequestSender - Using open Channel [id: 0x7ca2e8b3, L:/127.0.0.1:54275 - R:localhost/127.0.0.1:60648] for POST '/session/fdac668a6d921ab2a314dd2219cae099/element'
09:05:58.837 [AsyncHttpClient-1-14] DEBUG o.a.netty.handler.HttpHandler - 

Request DefaultHttpRequest(decodeResult: success, version: HTTP/1.1)
POST /session/fdac668a6d921ab2a314dd2219cae099/element HTTP/1.1
User-Agent: selenium/4.1.2 (java windows)
Content-Length: 128
Content-Type: application/json; charset=utf-8
host: localhost:60648
accept: */*

Response DefaultHttpResponse(decodeResult: success, version: HTTP/1.1)
HTTP/1.1 200 OK
Content-Type: application/json; charset=utf-8
cache-control: no-cache
content-length: 88

09:05:58.837 [AsyncHttpClient-1-14] DEBUG o.a.netty.channel.ChannelManager - Adding key: http://localhost:60648 for channel [id: 0x7ca2e8b3, L:/127.0.0.1:54275 - R:localhost/127.0.0.1:60648]
09:05:58.839 [Forwarding sendKeysToElement on session fdac668a6d921ab2a314dd2219cae099 to remote] DEBUG o.a.netty.request.NettyRequestSender - Using pooled Channel '[id: 0x7ca2e8b3, L:/127.0.0.1:54275 - R:localhost/127.0.0.1:60648]' for 'POST' to 'http://localhost:60648/session/fdac668a6d921ab2a314dd2219cae099/element/a43225bb-56c5-4f76-9880-79eeb449d2a8/value'
09:05:58.839 [Forwarding sendKeysToElement on session fdac668a6d921ab2a314dd2219cae099 to remote] DEBUG o.a.netty.request.NettyRequestSender - Using open Channel [id: 0x7ca2e8b3, L:/127.0.0.1:54275 - R:localhost/127.0.0.1:60648] for POST '/session/fdac668a6d921ab2a314dd2219cae099/element/a43225bb-56c5-4f76-9880-79eeb449d2a8/value'
09:05:58.872 [AsyncHttpClient-1-14] DEBUG o.a.netty.handler.HttpHandler - 

Request DefaultHttpRequest(decodeResult: success, version: HTTP/1.1)
POST /session/fdac668a6d921ab2a314dd2219cae099/element/a43225bb-56c5-4f76-9880-79eeb449d2a8/value HTTP/1.1
User-Agent: selenium/4.1.2 (java windows)
Content-Length: 211
Content-Type: application/json; charset=utf-8
host: localhost:60648
accept: */*

Response DefaultHttpResponse(decodeResult: success, version: HTTP/1.1)
HTTP/1.1 200 OK
Content-Type: application/json; charset=utf-8
cache-control: no-cache
content-length: 14

09:05:58.872 [AsyncHttpClient-1-14] DEBUG o.a.netty.channel.ChannelManager - Adding key: http://localhost:60648 for channel [id: 0x7ca2e8b3, L:/127.0.0.1:54275 - R:localhost/127.0.0.1:60648]
09:05:58.874 [Forwarding findElement on session fdac668a6d921ab2a314dd2219cae099 to remote] DEBUG o.a.netty.request.NettyRequestSender - Using pooled Channel '[id: 0x7ca2e8b3, L:/127.0.0.1:54275 - R:localhost/127.0.0.1:60648]' for 'POST' to 'http://localhost:60648/session/fdac668a6d921ab2a314dd2219cae099/element'
09:05:58.874 [Forwarding findElement on session fdac668a6d921ab2a314dd2219cae099 to remote] DEBUG o.a.netty.request.NettyRequestSender - Using open Channel [id: 0x7ca2e8b3, L:/127.0.0.1:54275 - R:localhost/127.0.0.1:60648] for POST '/session/fdac668a6d921ab2a314dd2219cae099/element'
09:05:58.880 [AsyncHttpClient-1-14] DEBUG o.a.netty.handler.HttpHandler - 

Request DefaultHttpRequest(decodeResult: success, version: HTTP/1.1)
POST /session/fdac668a6d921ab2a314dd2219cae099/element HTTP/1.1
User-Agent: selenium/4.1.2 (java windows)
Content-Length: 132
Content-Type: application/json; charset=utf-8
host: localhost:60648
accept: */*

Response DefaultHttpResponse(decodeResult: success, version: HTTP/1.1)
HTTP/1.1 200 OK
Content-Type: application/json; charset=utf-8
cache-control: no-cache
content-length: 88

09:05:58.880 [AsyncHttpClient-1-14] DEBUG o.a.netty.channel.ChannelManager - Adding key: http://localhost:60648 for channel [id: 0x7ca2e8b3, L:/127.0.0.1:54275 - R:localhost/127.0.0.1:60648]
09:05:58.882 [Forwarding sendKeysToElement on session fdac668a6d921ab2a314dd2219cae099 to remote] DEBUG o.a.netty.request.NettyRequestSender - Using pooled Channel '[id: 0x7ca2e8b3, L:/127.0.0.1:54275 - R:localhost/127.0.0.1:60648]' for 'POST' to 'http://localhost:60648/session/fdac668a6d921ab2a314dd2219cae099/element/25be1c56-c8b2-458c-a7a7-9480d9d1c63b/value'
09:05:58.882 [Forwarding sendKeysToElement on session fdac668a6d921ab2a314dd2219cae099 to remote] DEBUG o.a.netty.request.NettyRequestSender - Using open Channel [id: 0x7ca2e8b3, L:/127.0.0.1:54275 - R:localhost/127.0.0.1:60648] for POST '/session/fdac668a6d921ab2a314dd2219cae099/element/25be1c56-c8b2-458c-a7a7-9480d9d1c63b/value'
09:05:58.928 [AsyncHttpClient-1-14] DEBUG o.a.netty.handler.HttpHandler - 

Request DefaultHttpRequest(decodeResult: success, version: HTTP/1.1)
POST /session/fdac668a6d921ab2a314dd2219cae099/element/25be1c56-c8b2-458c-a7a7-9480d9d1c63b/value HTTP/1.1
User-Agent: selenium/4.1.2 (java windows)
Content-Length: 161
Content-Type: application/json; charset=utf-8
host: localhost:60648
accept: */*

Response DefaultHttpResponse(decodeResult: success, version: HTTP/1.1)
HTTP/1.1 200 OK
Content-Type: application/json; charset=utf-8
cache-control: no-cache
content-length: 14

09:05:58.928 [AsyncHttpClient-1-14] DEBUG o.a.netty.channel.ChannelManager - Adding key: http://localhost:60648 for channel [id: 0x7ca2e8b3, L:/127.0.0.1:54275 - R:localhost/127.0.0.1:60648]
09:05:58.929 [Forwarding findElement on session fdac668a6d921ab2a314dd2219cae099 to remote] DEBUG o.a.netty.request.NettyRequestSender - Using pooled Channel '[id: 0x7ca2e8b3, L:/127.0.0.1:54275 - R:localhost/127.0.0.1:60648]' for 'POST' to 'http://localhost:60648/session/fdac668a6d921ab2a314dd2219cae099/element'
09:05:58.929 [Forwarding findElement on session fdac668a6d921ab2a314dd2219cae099 to remote] DEBUG o.a.netty.request.NettyRequestSender - Using open Channel [id: 0x7ca2e8b3, L:/127.0.0.1:54275 - R:localhost/127.0.0.1:60648] for POST '/session/fdac668a6d921ab2a314dd2219cae099/element'
09:05:58.937 [AsyncHttpClient-1-14] DEBUG o.a.netty.handler.HttpHandler - 

Request DefaultHttpRequest(decodeResult: success, version: HTTP/1.1)
POST /session/fdac668a6d921ab2a314dd2219cae099/element HTTP/1.1
User-Agent: selenium/4.1.2 (java windows)
Content-Length: 125
Content-Type: application/json; charset=utf-8
host: localhost:60648
accept: */*

Response DefaultHttpResponse(decodeResult: success, version: HTTP/1.1)
HTTP/1.1 200 OK
Content-Type: application/json; charset=utf-8
cache-control: no-cache
content-length: 88

09:05:58.937 [AsyncHttpClient-1-14] DEBUG o.a.netty.channel.ChannelManager - Adding key: http://localhost:60648 for channel [id: 0x7ca2e8b3, L:/127.0.0.1:54275 - R:localhost/127.0.0.1:60648]
09:05:58.939 [Forwarding clickElement on session fdac668a6d921ab2a314dd2219cae099 to remote] DEBUG o.a.netty.request.NettyRequestSender - Using pooled Channel '[id: 0x7ca2e8b3, L:/127.0.0.1:54275 - R:localhost/127.0.0.1:60648]' for 'POST' to 'http://localhost:60648/session/fdac668a6d921ab2a314dd2219cae099/element/ed2499c6-5abe-4377-bed6-464d3f8f5e8f/click'
09:05:58.939 [Forwarding clickElement on session fdac668a6d921ab2a314dd2219cae099 to remote] DEBUG o.a.netty.request.NettyRequestSender - Using open Channel [id: 0x7ca2e8b3, L:/127.0.0.1:54275 - R:localhost/127.0.0.1:60648] for POST '/session/fdac668a6d921ab2a314dd2219cae099/element/ed2499c6-5abe-4377-bed6-464d3f8f5e8f/click'
09:05:59.480 [AsyncHttpClient-1-1] DEBUG o.a.netty.channel.DefaultChannelPool - Entry count for : http://localhost:54276 : 1
09:06:00.574 [AsyncHttpClient-1-1] DEBUG o.a.netty.channel.DefaultChannelPool - Entry count for : http://localhost:54276 : 1
09:06:01.681 [AsyncHttpClient-1-1] DEBUG o.a.netty.channel.DefaultChannelPool - Entry count for : http://localhost:54276 : 1
09:06:02.782 [AsyncHttpClient-1-1] DEBUG o.a.netty.channel.DefaultChannelPool - Entry count for : http://localhost:54276 : 1
09:06:03.872 [AsyncHttpClient-1-1] DEBUG o.a.netty.channel.DefaultChannelPool - Entry count for : http://localhost:54276 : 1
09:06:04.985 [AsyncHttpClient-1-1] DEBUG o.a.netty.channel.DefaultChannelPool - Entry count for : http://localhost:54276 : 1
09:06:06.084 [AsyncHttpClient-1-1] DEBUG o.a.netty.channel.DefaultChannelPool - Entry count for : http://localhost:54276 : 1
09:06:07.178 [AsyncHttpClient-1-1] DEBUG o.a.netty.channel.DefaultChannelPool - Entry count for : http://localhost:54276 : 1
09:06:08.278 [AsyncHttpClient-1-1] DEBUG o.a.netty.channel.DefaultChannelPool - Entry count for : http://localhost:54276 : 1
09:06:09.055 [AsyncHttpClient-1-14] DEBUG o.a.netty.handler.HttpHandler - 

Request DefaultHttpRequest(decodeResult: success, version: HTTP/1.1)
POST /session/fdac668a6d921ab2a314dd2219cae099/element/ed2499c6-5abe-4377-bed6-464d3f8f5e8f/click HTTP/1.1
User-Agent: selenium/4.1.2 (java windows)
Content-Length: 50
Content-Type: application/json; charset=utf-8
host: localhost:60648
accept: */*

Response DefaultHttpResponse(decodeResult: success, version: HTTP/1.1)
HTTP/1.1 200 OK
Content-Type: application/json; charset=utf-8
cache-control: no-cache
content-length: 14

09:06:09.055 [AsyncHttpClient-1-14] DEBUG o.a.netty.channel.ChannelManager - Adding key: http://localhost:60648 for channel [id: 0x7ca2e8b3, L:/127.0.0.1:54275 - R:localhost/127.0.0.1:60648]
  &amp#27;[32mWhen &amp#27;[0m&amp#27;[32muser login using valid credentials&amp#27;[0m                                                              &amp#27;[90m# stepdefinitions.LoginPageSteps.user_login_using_valid_credentials(io.cucumber.datatable.DataTable)&amp#27;[0m
    | username      | password | titlePage       |
    | author@vrbank | pega123! | Pega Dev Studio |
09:06:09.061 [Forwarding getTitle on session fdac668a6d921ab2a314dd2219cae099 to remote] DEBUG o.a.netty.request.NettyRequestSender - Using pooled Channel '[id: 0x7ca2e8b3, L:/127.0.0.1:54275 - R:localhost/127.0.0.1:60648]' for 'GET' to 'http://localhost:60648/session/fdac668a6d921ab2a314dd2219cae099/title'
09:06:09.061 [Forwarding getTitle on session fdac668a6d921ab2a314dd2219cae099 to remote] DEBUG o.a.netty.request.NettyRequestSender - Using open Channel [id: 0x7ca2e8b3, L:/127.0.0.1:54275 - R:localhost/127.0.0.1:60648] for GET '/session/fdac668a6d921ab2a314dd2219cae099/title'
09:06:09.080 [AsyncHttpClient-1-14] DEBUG o.a.netty.handler.HttpHandler - 

Request DefaultFullHttpRequest(decodeResult: success, version: HTTP/1.1, content: EmptyByteBufBE)
GET /session/fdac668a6d921ab2a314dd2219cae099/title HTTP/1.1
User-Agent: selenium/4.1.2 (java windows)
Cache-Control: no-cache
Content-Type: application/json; charset=utf-8
host: localhost:60648
accept: */*

Response DefaultHttpResponse(decodeResult: success, version: HTTP/1.1)
HTTP/1.1 200 OK
Content-Type: application/json; charset=utf-8
cache-control: no-cache
content-length: 27

09:06:09.080 [AsyncHttpClient-1-14] DEBUG o.a.netty.channel.ChannelManager - Adding key: http://localhost:60648 for channel [id: 0x7ca2e8b3, L:/127.0.0.1:54275 - R:localhost/127.0.0.1:60648]
09:06:09.081 [Forwarding getTitle on session fdac668a6d921ab2a314dd2219cae099 to remote] DEBUG o.a.netty.request.NettyRequestSender - Using pooled Channel '[id: 0x7ca2e8b3, L:/127.0.0.1:54275 - R:localhost/127.0.0.1:60648]' for 'GET' to 'http://localhost:60648/session/fdac668a6d921ab2a314dd2219cae099/title'
09:06:09.081 [Forwarding getTitle on session fdac668a6d921ab2a314dd2219cae099 to remote] DEBUG o.a.netty.request.NettyRequestSender - Using open Channel [id: 0x7ca2e8b3, L:/127.0.0.1:54275 - R:localhost/127.0.0.1:60648] for GET '/session/fdac668a6d921ab2a314dd2219cae099/title'
09:06:09.083 [AsyncHttpClient-1-14] DEBUG o.a.netty.handler.HttpHandler - 

Request DefaultFullHttpRequest(decodeResult: success, version: HTTP/1.1, content: EmptyByteBufBE)
GET /session/fdac668a6d921ab2a314dd2219cae099/title HTTP/1.1
User-Agent: selenium/4.1.2 (java windows)
Cache-Control: no-cache
Content-Type: application/json; charset=utf-8
host: localhost:60648
accept: */*

Response DefaultHttpResponse(decodeResult: success, version: HTTP/1.1)
HTTP/1.1 200 OK
Content-Type: application/json; charset=utf-8
cache-control: no-cache
content-length: 27

09:06:09.084 [AsyncHttpClient-1-14] DEBUG o.a.netty.channel.ChannelManager - Adding key: http://localhost:60648 for channel [id: 0x7ca2e8b3, L:/127.0.0.1:54275 - R:localhost/127.0.0.1:60648]
09:06:09.380 [AsyncHttpClient-1-1] DEBUG o.a.netty.channel.DefaultChannelPool - Entry count for : http://localhost:54276 : 1
09:06:09.380 [AsyncHttpClient-1-1] DEBUG o.a.netty.channel.DefaultChannelPool - Entry count for : http://localhost:60648 : 1
09:06:10.481 [AsyncHttpClient-1-1] DEBUG o.a.netty.channel.DefaultChannelPool - Entry count for : http://localhost:54276 : 1
09:06:10.481 [AsyncHttpClient-1-1] DEBUG o.a.netty.channel.DefaultChannelPool - Entry count for : http://localhost:60648 : 1
09:06:11.583 [AsyncHttpClient-1-1] DEBUG o.a.netty.channel.DefaultChannelPool - Entry count for : http://localhost:54276 : 1
09:06:11.583 [AsyncHttpClient-1-1] DEBUG o.a.netty.channel.DefaultChannelPool - Entry count for : http://localhost:60648 : 1
09:06:12.686 [AsyncHttpClient-1-1] DEBUG o.a.netty.channel.DefaultChannelPool - Entry count for : http://localhost:54276 : 1
09:06:12.686 [AsyncHttpClient-1-1] DEBUG o.a.netty.channel.DefaultChannelPool - Entry count for : http://localhost:60648 : 1
09:06:13.783 [AsyncHttpClient-1-1] DEBUG o.a.netty.channel.DefaultChannelPool - Entry count for : http://localhost:54276 : 1
09:06:13.783 [AsyncHttpClient-1-1] DEBUG o.a.netty.channel.DefaultChannelPool - Entry count for : http://localhost:60648 : 1
  &amp#27;[32mThen &amp#27;[0m&amp#27;[32muser should proceed to Dashboard Page&amp#27;[0m                                                           &amp#27;[90m# stepdefinitions.LoginPageSteps.user_should_proceed_to_dashboard_page()&amp#27;[0m
09:06:14.097 [AsyncHttpClient-1-16] DEBUG o.a.netty.handler.WebSocketHandler - Channel Closed: [id: 0xfe2aa7cf, L:/127.0.0.1:54283 ! R:localhost/127.0.0.1:54276] with attribute NettyResponseFuture{currentRetry=5,
	isDone=1,
	isCancelled=0,
	asyncHandler=org.asynchttpclient.ws.WebSocketUpgradeHandler@16ebb8f9,
	nettyRequest=org.asynchttpclient.netty.request.NettyRequest@53e93440,
	future=java.util.concurrent.CompletableFuture@51642a2f[Completed normally],
	uri=ws://localhost:54276/devtools/browser/a9247d5a-21b8-4fb6-99a6-7adb4987891f,
	keepAlive=true,
	redirectCount=0,
	timeoutsHolder=null,
	inAuth=0,
	touch=1648602338916}
09:06:14.097 [Driver Command Executor] DEBUG o.a.netty.request.NettyRequestSender - Using pooled Channel '[id: 0x7ca2e8b3, L:/127.0.0.1:54275 - R:localhost/127.0.0.1:60648]' for 'DELETE' to 'http://localhost:60648/session/fdac668a6d921ab2a314dd2219cae099'
09:06:14.097 [AsyncHttpClient-1-16] DEBUG o.a.netty.channel.ChannelManager - Closing Channel [id: 0xfe2aa7cf, L:/127.0.0.1:54283 ! R:localhost/127.0.0.1:54276] 
09:06:14.097 [Driver Command Executor] DEBUG o.a.netty.request.NettyRequestSender - Using open Channel [id: 0x7ca2e8b3, L:/127.0.0.1:54275 - R:localhost/127.0.0.1:60648] for DELETE '/session/fdac668a6d921ab2a314dd2219cae099'
09:06:14.119 [AsyncHttpClient-1-15] DEBUG o.a.netty.handler.HttpHandler - Unexpected I/O exception on channel [id: 0x1ca49cd7, L:/127.0.0.1:54282 - R:localhost/127.0.0.1:54276]
java.net.SocketException: Connection reset
	at java.base/sun.nio.ch.SocketChannelImpl.throwConnectionReset(SocketChannelImpl.java:367) ~[na:na]
	at java.base/sun.nio.ch.SocketChannelImpl.read(SocketChannelImpl.java:398) ~[na:na]
	at io.netty.buffer.PooledByteBuf.setBytes(PooledByteBuf.java:253) ~[netty-buffer-4.1.70.Final.jar:4.1.70.Final]
	at io.netty.buffer.AbstractByteBuf.writeBytes(AbstractByteBuf.java:1132) ~[netty-buffer-4.1.70.Final.jar:4.1.70.Final]
	at io.netty.channel.socket.nio.NioSocketChannel.doReadBytes(NioSocketChannel.java:350) ~[netty-transport-4.1.70.Final.jar:4.1.70.Final]
	at io.netty.channel.nio.AbstractNioByteChannel$NioByteUnsafe.read(AbstractNioByteChannel.java:151) ~[netty-transport-4.1.70.Final.jar:4.1.70.Final]
	at io.netty.channel.nio.NioEventLoop.processSelectedKey(NioEventLoop.java:719) ~[netty-transport-4.1.70.Final.jar:4.1.70.Final]
	at io.netty.channel.nio.NioEventLoop.processSelectedKeysOptimized(NioEventLoop.java:655) ~[netty-transport-4.1.70.Final.jar:4.1.70.Final]
	at io.netty.channel.nio.NioEventLoop.processSelectedKeys(NioEventLoop.java:581) ~[netty-transport-4.1.70.Final.jar:4.1.70.Final]
	at io.netty.channel.nio.NioEventLoop.run(NioEventLoop.java:493) ~[netty-transport-4.1.70.Final.jar:4.1.70.Final]
	at io.netty.util.concurrent.SingleThreadEventExecutor$4.run(SingleThreadEventExecutor.java:986) ~[netty-common-4.1.70.Final.jar:4.1.70.Final]
	at io.netty.util.internal.ThreadExecutorMap$2.run(ThreadExecutorMap.java:74) ~[netty-common-4.1.70.Final.jar:4.1.70.Final]
	at io.netty.util.concurrent.FastThreadLocalRunnable.run(FastThreadLocalRunnable.java:30) ~[netty-common-4.1.70.Final.jar:4.1.70.Final]
	at java.base/java.lang.Thread.run(Thread.java:832) ~[na:na]
09:06:14.119 [AsyncHttpClient-1-15] DEBUG o.a.netty.channel.ChannelManager - Closing Channel [id: 0x1ca49cd7, L:/127.0.0.1:54282 - R:localhost/127.0.0.1:54276] 
09:06:14.119 [AsyncHttpClient-1-15] DEBUG o.a.netty.handler.HttpHandler - Channel Closed: [id: 0x1ca49cd7, L:/127.0.0.1:54282 ! R:localhost/127.0.0.1:54276] with attribute DISCARD
09:06:14.134 [AsyncHttpClient-1-14] DEBUG o.a.netty.handler.HttpHandler - 

Request DefaultFullHttpRequest(decodeResult: success, version: HTTP/1.1, content: EmptyByteBufBE)
DELETE /session/fdac668a6d921ab2a314dd2219cae099 HTTP/1.1
User-Agent: selenium/4.1.2 (java windows)
Content-Type: application/json; charset=utf-8
host: localhost:60648
accept: */*

Response DefaultHttpResponse(decodeResult: success, version: HTTP/1.1)
HTTP/1.1 200 OK
Content-Type: application/json; charset=utf-8
cache-control: no-cache
content-length: 14

09:06:14.134 [AsyncHttpClient-1-14] DEBUG o.a.netty.channel.ChannelManager - Adding key: http://localhost:60648 for channel [id: 0x7ca2e8b3, L:/127.0.0.1:54275 - R:localhost/127.0.0.1:60648]
09:06:14.190 [AsyncHttpClient-1-14] DEBUG o.a.netty.handler.HttpHandler - Channel Closed: [id: 0x7ca2e8b3, L:/127.0.0.1:54275 ! R:localhost/127.0.0.1:60648] with attribute DISCARD
09:06:14.710 [main] INFO   - 
  _____   ___   ___   _____     ___     _     ___   ___   ___   ___  
 |_   _| | __| / __| |_   _|   | _ \   /_\   / __| / __| | __| |   \ 
   | |   | _|  \__ \   | |     |  _/  / _ \  \__ \ \__ \ | _|  | |) |
   |_|   |___| |___/   |_|     |_|   /_/ \_\ |___/ |___/ |___| |___/ 

Login to PEGA Site using Author, Manager and User
----------------------------------------------------------------------
]]></system-out>
    <system-err><![CDATA[Starting ChromeDriver 99.0.4844.51 (d537ec02474b5afe23684e7963d538896c63ac77-refs/branch-heads/4844@{#875}) on port 60648
Only local connections are allowed.
Please see https://chromedriver.chromium.org/security-considerations for suggestions on keeping ChromeDriver safe.
ChromeDriver was started successfully.
Cleaning up unclosed ZipFile for archive Z:\Automation\JavaCucumber\BDD_HCL\CucumberHCL\.\src\main\resources\TestData\InvalidUserCredentials.xlsx
Mar 30, 2022 9:05:38 AM org.openqa.selenium.remote.ProtocolHandshake createSession
INFO: Detected dialect: W3C
Mar 30, 2022 9:05:38 AM org.openqa.selenium.devtools.CdpVersionFinder findNearestMatch
WARNING: Unable to find an exact match for CDP version 99, so returning the closest version found: 96
Mar 30, 2022 9:05:38 AM org.openqa.selenium.devtools.CdpVersionFinder findNearestMatch
INFO: Found CDP implementation for version 99 of 96
]]></system-err>
  </testcase>
  <testcase name="Login to PEGA Site using User" classname="Validate And Verify Login Page to PEGA Site" time="32.223">
    <system-out><![CDATA[
@All @Regression
Scenario: Login to PEGA Site using User                                                                &amp#27;[90m# src/main/resources/AppFeatures/ValidateAndVerifyLoginPage.feature:30&amp#27;[0m
09:06:14.716 [main] INFO  i.c.core.plugin.SerenityReporter - Running feature from file:///Z:/Automation/JavaCucumber/BDD_HCL/CucumberHCL/src/main/resources/AppFeatures/ValidateAndVerifyLoginPage.feature
09:06:14.716 [main] WARN  i.c.core.plugin.SerenityReporter - Feature from file:///Z:/Automation/JavaCucumber/BDD_HCL/CucumberHCL/src/main/resources/AppFeatures/ValidateAndVerifyLoginPage.feature is not under the 'features' directory. Requirements report will not be correctly generated!
09:06:14.717 [main] INFO   - 
  _____   ___   ___   _____     ___   _____     _     ___   _____   ___   ___  
 |_   _| | __| / __| |_   _|   / __| |_   _|   /_\   | _ \ |_   _| | __| |   \ 
   | |   | _|  \__ \   | |     \__ \   | |    / _ \  |   /   | |   | _|  | |) |
   |_|   |___| |___/   |_|     |___/   |_|   /_/ \_\ |_|_\   |_|   |___| |___/ 

Login to PEGA Site using User(validate-and-verify-login-page-to-pega-site;login-to-pega-site-using-user)
--------------------------------------------------------------------------------
09:06:14.730 [main] DEBUG i.g.bonigarcia.wdm.WebDriverManager - Driver chromedriver 99.0.4844.51 found in cache
09:06:14.730 [main] INFO  i.g.bonigarcia.wdm.WebDriverManager - Exporting webdriver.chrome.driver as C:\Users\DheyClaveria\.cache\selenium\chromedriver\win32\99.0.4844.51\chromedriver.exe
09:06:14.883 [AsyncHttpClient-1-1] DEBUG o.a.netty.channel.DefaultChannelPool - Entry count for : http://localhost:54276 : 1
09:06:14.883 [AsyncHttpClient-1-1] DEBUG o.a.netty.channel.DefaultChannelPool - Entry count for : http://localhost:60648 : 1
09:06:14.883 [AsyncHttpClient-1-1] DEBUG o.a.netty.channel.DefaultChannelPool - Adding Candidate expired Channel [id: 0x1ca49cd7, L:/127.0.0.1:54282 ! R:localhost/127.0.0.1:54276] isIdleTimeoutExpired=false isRemotelyClosed=true isTtlExpired=false
09:06:14.883 [AsyncHttpClient-1-1] DEBUG o.a.netty.channel.DefaultChannelPool - Closing Idle Channel [id: 0x1ca49cd7, L:/127.0.0.1:54282 ! R:localhost/127.0.0.1:54276]
09:06:14.883 [AsyncHttpClient-1-1] DEBUG o.a.netty.channel.DefaultChannelPool - Adding Candidate expired Channel [id: 0x7ca2e8b3, L:/127.0.0.1:54275 ! R:localhost/127.0.0.1:60648] isIdleTimeoutExpired=false isRemotelyClosed=true isTtlExpired=false
09:06:14.883 [AsyncHttpClient-1-1] DEBUG o.a.netty.channel.DefaultChannelPool - Closing Idle Channel [id: 0x7ca2e8b3, L:/127.0.0.1:54275 ! R:localhost/127.0.0.1:60648]
09:06:14.883 [AsyncHttpClient-1-1] DEBUG o.a.netty.channel.DefaultChannelPool - Closed 2 connections out of 2 in 0 ms
09:06:15.282 [AsyncHttpClient-1-17] DEBUG o.a.n.channel.NettyConnectListener - Using new Channel '[id: 0x6d3e5eec, L:/127.0.0.1:54312 - R:localhost/127.0.0.1:62401]' for 'POST' to '/session'
09:06:15.953 [AsyncHttpClient-1-17] DEBUG o.a.netty.handler.HttpHandler - 

Request DefaultHttpRequest(decodeResult: success, version: HTTP/1.1)
POST /session HTTP/1.1
User-Agent: selenium/4.1.2 (java windows)
Content-Length: 365
Content-Type: application/json; charset=utf-8
host: localhost:62401
accept: */*

Response DefaultHttpResponse(decodeResult: success, version: HTTP/1.1)
HTTP/1.1 200 OK
Content-Type: application/json; charset=utf-8
cache-control: no-cache
content-length: 795

09:06:15.953 [AsyncHttpClient-1-17] DEBUG o.a.netty.channel.ChannelManager - Adding key: http://localhost:62401 for channel [id: 0x6d3e5eec, L:/127.0.0.1:54312 - R:localhost/127.0.0.1:62401]
09:06:15.958 [AsyncHttpClient-1-18] DEBUG o.a.n.channel.NettyConnectListener - Using new Channel '[id: 0x95669d33, L:/127.0.0.1:54319 - R:localhost/127.0.0.1:54313]' for 'GET' to '/json/version'
09:06:15.961 [AsyncHttpClient-1-18] DEBUG o.a.netty.handler.HttpHandler - 

Request DefaultFullHttpRequest(decodeResult: success, version: HTTP/1.1, content: EmptyByteBufBE)
GET /json/version HTTP/1.1
User-Agent: selenium/4.1.2 (java windows)
host: localhost:54313
accept: */*

Response DefaultHttpResponse(decodeResult: success, version: HTTP/1.1)
HTTP/1.1 200 OK
Content-Type: application/json; charset=UTF-8
content-length: 424

09:06:15.962 [AsyncHttpClient-1-18] DEBUG o.a.netty.channel.ChannelManager - Adding key: http://localhost:54313 for channel [id: 0x95669d33, L:/127.0.0.1:54319 - R:localhost/127.0.0.1:54313]
09:06:15.964 [AsyncHttpClient-1-19] DEBUG o.a.n.channel.NettyConnectListener - Using new Channel '[id: 0xfda117ca, L:/127.0.0.1:54320 - R:localhost/127.0.0.1:54313]' for 'GET' to '/devtools/browser/c2aac36e-f9c4-4752-a7ed-3ea4845b964c'
09:06:15.969 [AsyncHttpClient-1-19] DEBUG o.a.netty.handler.WebSocketHandler - 

Request DefaultFullHttpRequest(decodeResult: success, version: HTTP/1.1, content: EmptyByteBufBE)
GET /devtools/browser/c2aac36e-f9c4-4752-a7ed-3ea4845b964c HTTP/1.1
upgrade: websocket
connection: upgrade
sec-websocket-key: 1WFrchUJx1nlFVcPSuRw5A==
sec-websocket-version: 13
origin: http://localhost:54313
host: localhost:54313
accept: */*
user-agent: AHC/2.1

Response DefaultHttpResponse(decodeResult: success, version: HTTP/1.1)
HTTP/1.1 101 WebSocket Protocol Handshake
Upgrade: WebSocket
Connection: Upgrade
Sec-WebSocket-Accept: eUJzlO3XVwiiNPfuHyRTTxoulfg=

09:06:15.972 [AsyncHttpClient-1-1] DEBUG o.a.netty.channel.DefaultChannelPool - Entry count for : http://localhost:54313 : 1
09:06:15.972 [AsyncHttpClient-1-1] DEBUG o.a.netty.channel.DefaultChannelPool - Entry count for : http://localhost:62401 : 1
09:06:15.972 [Forwarding deleteAllCookies on session 0f20cf3724d33aafa991a616147d1e5f to remote] DEBUG o.a.netty.request.NettyRequestSender - Using pooled Channel '[id: 0x6d3e5eec, L:/127.0.0.1:54312 - R:localhost/127.0.0.1:62401]' for 'DELETE' to 'http://localhost:62401/session/0f20cf3724d33aafa991a616147d1e5f/cookie'
09:06:15.972 [Forwarding deleteAllCookies on session 0f20cf3724d33aafa991a616147d1e5f to remote] DEBUG o.a.netty.request.NettyRequestSender - Using open Channel [id: 0x6d3e5eec, L:/127.0.0.1:54312 - R:localhost/127.0.0.1:62401] for DELETE '/session/0f20cf3724d33aafa991a616147d1e5f/cookie'
09:06:15.976 [AsyncHttpClient-1-17] DEBUG o.a.netty.handler.HttpHandler - 

Request DefaultFullHttpRequest(decodeResult: success, version: HTTP/1.1, content: EmptyByteBufBE)
DELETE /session/0f20cf3724d33aafa991a616147d1e5f/cookie HTTP/1.1
User-Agent: selenium/4.1.2 (java windows)
Content-Type: application/json; charset=utf-8
host: localhost:62401
accept: */*

Response DefaultHttpResponse(decodeResult: success, version: HTTP/1.1)
HTTP/1.1 200 OK
Content-Type: application/json; charset=utf-8
cache-control: no-cache
content-length: 14

09:06:15.977 [AsyncHttpClient-1-17] DEBUG o.a.netty.channel.ChannelManager - Adding key: http://localhost:62401 for channel [id: 0x6d3e5eec, L:/127.0.0.1:54312 - R:localhost/127.0.0.1:62401]
09:06:15.977 [Forwarding maximizeCurrentWindow on session 0f20cf3724d33aafa991a616147d1e5f to remote] DEBUG o.a.netty.request.NettyRequestSender - Using pooled Channel '[id: 0x6d3e5eec, L:/127.0.0.1:54312 - R:localhost/127.0.0.1:62401]' for 'POST' to 'http://localhost:62401/session/0f20cf3724d33aafa991a616147d1e5f/window/maximize'
09:06:15.977 [Forwarding maximizeCurrentWindow on session 0f20cf3724d33aafa991a616147d1e5f to remote] DEBUG o.a.netty.request.NettyRequestSender - Using open Channel [id: 0x6d3e5eec, L:/127.0.0.1:54312 - R:localhost/127.0.0.1:62401] for POST '/session/0f20cf3724d33aafa991a616147d1e5f/window/maximize'
09:06:16.100 [AsyncHttpClient-1-17] DEBUG o.a.netty.handler.HttpHandler - 

Request DefaultHttpRequest(decodeResult: success, version: HTTP/1.1)
POST /session/0f20cf3724d33aafa991a616147d1e5f/window/maximize HTTP/1.1
User-Agent: selenium/4.1.2 (java windows)
Content-Length: 3
Content-Type: application/json; charset=utf-8
host: localhost:62401
accept: */*

Response DefaultHttpResponse(decodeResult: success, version: HTTP/1.1)
HTTP/1.1 200 OK
Content-Type: application/json; charset=utf-8
cache-control: no-cache
content-length: 52

09:06:16.101 [AsyncHttpClient-1-17] DEBUG o.a.netty.channel.ChannelManager - Adding key: http://localhost:62401 for channel [id: 0x6d3e5eec, L:/127.0.0.1:54312 - R:localhost/127.0.0.1:62401]
09:06:16.106 [Forwarding get on session 0f20cf3724d33aafa991a616147d1e5f to remote] DEBUG o.a.netty.request.NettyRequestSender - Using pooled Channel '[id: 0x6d3e5eec, L:/127.0.0.1:54312 - R:localhost/127.0.0.1:62401]' for 'POST' to 'http://localhost:62401/session/0f20cf3724d33aafa991a616147d1e5f/url'
09:06:16.106 [Forwarding get on session 0f20cf3724d33aafa991a616147d1e5f to remote] DEBUG o.a.netty.request.NettyRequestSender - Using open Channel [id: 0x6d3e5eec, L:/127.0.0.1:54312 - R:localhost/127.0.0.1:62401] for POST '/session/0f20cf3724d33aafa991a616147d1e5f/url'
09:06:16.276 [AsyncHttpClient-1-17] DEBUG o.a.netty.handler.HttpHandler - 

Request DefaultHttpRequest(decodeResult: success, version: HTTP/1.1)
POST /session/0f20cf3724d33aafa991a616147d1e5f/url HTTP/1.1
User-Agent: selenium/4.1.2 (java windows)
Content-Length: 148
Content-Type: application/json; charset=utf-8
host: localhost:62401
accept: */*

Response DefaultHttpResponse(decodeResult: success, version: HTTP/1.1)
HTTP/1.1 200 OK
Content-Type: application/json; charset=utf-8
cache-control: no-cache
content-length: 14

09:06:16.277 [AsyncHttpClient-1-17] DEBUG o.a.netty.channel.ChannelManager - Adding key: http://localhost:62401 for channel [id: 0x6d3e5eec, L:/127.0.0.1:54312 - R:localhost/127.0.0.1:62401]
09:06:16.278 [Forwarding getTitle on session 0f20cf3724d33aafa991a616147d1e5f to remote] DEBUG o.a.netty.request.NettyRequestSender - Using pooled Channel '[id: 0x6d3e5eec, L:/127.0.0.1:54312 - R:localhost/127.0.0.1:62401]' for 'GET' to 'http://localhost:62401/session/0f20cf3724d33aafa991a616147d1e5f/title'
09:06:16.278 [Forwarding getTitle on session 0f20cf3724d33aafa991a616147d1e5f to remote] DEBUG o.a.netty.request.NettyRequestSender - Using open Channel [id: 0x6d3e5eec, L:/127.0.0.1:54312 - R:localhost/127.0.0.1:62401] for GET '/session/0f20cf3724d33aafa991a616147d1e5f/title'
09:06:16.283 [AsyncHttpClient-1-17] DEBUG o.a.netty.handler.HttpHandler - 

Request DefaultFullHttpRequest(decodeResult: success, version: HTTP/1.1, content: EmptyByteBufBE)
GET /session/0f20cf3724d33aafa991a616147d1e5f/title HTTP/1.1
User-Agent: selenium/4.1.2 (java windows)
Cache-Control: no-cache
Content-Type: application/json; charset=utf-8
host: localhost:62401
accept: */*

Response DefaultHttpResponse(decodeResult: success, version: HTTP/1.1)
HTTP/1.1 200 OK
Content-Type: application/json; charset=utf-8
cache-control: no-cache
content-length: 22

09:06:16.283 [AsyncHttpClient-1-17] DEBUG o.a.netty.channel.ChannelManager - Adding key: http://localhost:62401 for channel [id: 0x6d3e5eec, L:/127.0.0.1:54312 - R:localhost/127.0.0.1:62401]
09:06:16.284 [Forwarding getTitle on session 0f20cf3724d33aafa991a616147d1e5f to remote] DEBUG o.a.netty.request.NettyRequestSender - Using pooled Channel '[id: 0x6d3e5eec, L:/127.0.0.1:54312 - R:localhost/127.0.0.1:62401]' for 'GET' to 'http://localhost:62401/session/0f20cf3724d33aafa991a616147d1e5f/title'
09:06:16.284 [Forwarding getTitle on session 0f20cf3724d33aafa991a616147d1e5f to remote] DEBUG o.a.netty.request.NettyRequestSender - Using open Channel [id: 0x6d3e5eec, L:/127.0.0.1:54312 - R:localhost/127.0.0.1:62401] for GET '/session/0f20cf3724d33aafa991a616147d1e5f/title'
09:06:16.287 [AsyncHttpClient-1-17] DEBUG o.a.netty.handler.HttpHandler - 

Request DefaultFullHttpRequest(decodeResult: success, version: HTTP/1.1, content: EmptyByteBufBE)
GET /session/0f20cf3724d33aafa991a616147d1e5f/title HTTP/1.1
User-Agent: selenium/4.1.2 (java windows)
Cache-Control: no-cache
Content-Type: application/json; charset=utf-8
host: localhost:62401
accept: */*

Response DefaultHttpResponse(decodeResult: success, version: HTTP/1.1)
HTTP/1.1 200 OK
Content-Type: application/json; charset=utf-8
cache-control: no-cache
content-length: 22

09:06:16.288 [AsyncHttpClient-1-17] DEBUG o.a.netty.channel.ChannelManager - Adding key: http://localhost:62401 for channel [id: 0x6d3e5eec, L:/127.0.0.1:54312 - R:localhost/127.0.0.1:62401]
09:06:17.074 [AsyncHttpClient-1-1] DEBUG o.a.netty.channel.DefaultChannelPool - Entry count for : http://localhost:54313 : 1
09:06:17.074 [AsyncHttpClient-1-1] DEBUG o.a.netty.channel.DefaultChannelPool - Entry count for : http://localhost:62401 : 1
09:06:18.174 [AsyncHttpClient-1-1] DEBUG o.a.netty.channel.DefaultChannelPool - Entry count for : http://localhost:54313 : 1
09:06:18.174 [AsyncHttpClient-1-1] DEBUG o.a.netty.channel.DefaultChannelPool - Entry count for : http://localhost:62401 : 1
09:06:19.275 [AsyncHttpClient-1-1] DEBUG o.a.netty.channel.DefaultChannelPool - Entry count for : http://localhost:54313 : 1
09:06:19.275 [AsyncHttpClient-1-1] DEBUG o.a.netty.channel.DefaultChannelPool - Entry count for : http://localhost:62401 : 1
09:06:20.380 [AsyncHttpClient-1-1] DEBUG o.a.netty.channel.DefaultChannelPool - Entry count for : http://localhost:54313 : 1
09:06:20.380 [AsyncHttpClient-1-1] DEBUG o.a.netty.channel.DefaultChannelPool - Entry count for : http://localhost:62401 : 1
  &amp#27;[32mGiven &amp#27;[0m&amp#27;[32mthat the user should navigate in PEGA Login Page&amp#27;[0m                                               &amp#27;[90m# stepdefinitions.LoginPageSteps.that_the_user_should_navigate_in_pega_login_page()&amp#27;[0m
09:06:21.296 [Forwarding findElement on session 0f20cf3724d33aafa991a616147d1e5f to remote] DEBUG o.a.netty.request.NettyRequestSender - Using pooled Channel '[id: 0x6d3e5eec, L:/127.0.0.1:54312 - R:localhost/127.0.0.1:62401]' for 'POST' to 'http://localhost:62401/session/0f20cf3724d33aafa991a616147d1e5f/element'
09:06:21.296 [Forwarding findElement on session 0f20cf3724d33aafa991a616147d1e5f to remote] DEBUG o.a.netty.request.NettyRequestSender - Using open Channel [id: 0x6d3e5eec, L:/127.0.0.1:54312 - R:localhost/127.0.0.1:62401] for POST '/session/0f20cf3724d33aafa991a616147d1e5f/element'
09:06:21.310 [AsyncHttpClient-1-17] DEBUG o.a.netty.handler.HttpHandler - 

Request DefaultHttpRequest(decodeResult: success, version: HTTP/1.1)
POST /session/0f20cf3724d33aafa991a616147d1e5f/element HTTP/1.1
User-Agent: selenium/4.1.2 (java windows)
Content-Length: 128
Content-Type: application/json; charset=utf-8
host: localhost:62401
accept: */*

Response DefaultHttpResponse(decodeResult: success, version: HTTP/1.1)
HTTP/1.1 200 OK
Content-Type: application/json; charset=utf-8
cache-control: no-cache
content-length: 88

09:06:21.310 [AsyncHttpClient-1-17] DEBUG o.a.netty.channel.ChannelManager - Adding key: http://localhost:62401 for channel [id: 0x6d3e5eec, L:/127.0.0.1:54312 - R:localhost/127.0.0.1:62401]
09:06:21.314 [Forwarding isElementDisplayed on session 0f20cf3724d33aafa991a616147d1e5f to remote] DEBUG o.a.netty.request.NettyRequestSender - Using pooled Channel '[id: 0x6d3e5eec, L:/127.0.0.1:54312 - R:localhost/127.0.0.1:62401]' for 'POST' to 'http://localhost:62401/session/0f20cf3724d33aafa991a616147d1e5f/execute/sync'
09:06:21.314 [Forwarding isElementDisplayed on session 0f20cf3724d33aafa991a616147d1e5f to remote] DEBUG o.a.netty.request.NettyRequestSender - Using open Channel [id: 0x6d3e5eec, L:/127.0.0.1:54312 - R:localhost/127.0.0.1:62401] for POST '/session/0f20cf3724d33aafa991a616147d1e5f/execute/sync'
09:06:21.336 [AsyncHttpClient-1-17] DEBUG o.a.netty.handler.HttpHandler - 

Request DefaultHttpRequest(decodeResult: success, version: HTTP/1.1)
POST /session/0f20cf3724d33aafa991a616147d1e5f/execute/sync HTTP/1.1
User-Agent: selenium/4.1.2 (java windows)
Content-Length: 48780
Content-Type: application/json; charset=utf-8
host: localhost:62401
accept: */*

Response DefaultHttpResponse(decodeResult: success, version: HTTP/1.1)
HTTP/1.1 200 OK
Content-Type: application/json; charset=utf-8
cache-control: no-cache
content-length: 14

09:06:21.337 [AsyncHttpClient-1-17] DEBUG o.a.netty.channel.ChannelManager - Adding key: http://localhost:62401 for channel [id: 0x6d3e5eec, L:/127.0.0.1:54312 - R:localhost/127.0.0.1:62401]
09:06:21.340 [Forwarding findElement on session 0f20cf3724d33aafa991a616147d1e5f to remote] DEBUG o.a.netty.request.NettyRequestSender - Using pooled Channel '[id: 0x6d3e5eec, L:/127.0.0.1:54312 - R:localhost/127.0.0.1:62401]' for 'POST' to 'http://localhost:62401/session/0f20cf3724d33aafa991a616147d1e5f/element'
09:06:21.340 [Forwarding findElement on session 0f20cf3724d33aafa991a616147d1e5f to remote] DEBUG o.a.netty.request.NettyRequestSender - Using open Channel [id: 0x6d3e5eec, L:/127.0.0.1:54312 - R:localhost/127.0.0.1:62401] for POST '/session/0f20cf3724d33aafa991a616147d1e5f/element'
09:06:21.346 [AsyncHttpClient-1-17] DEBUG o.a.netty.handler.HttpHandler - 

Request DefaultHttpRequest(decodeResult: success, version: HTTP/1.1)
POST /session/0f20cf3724d33aafa991a616147d1e5f/element HTTP/1.1
User-Agent: selenium/4.1.2 (java windows)
Content-Length: 128
Content-Type: application/json; charset=utf-8
host: localhost:62401
accept: */*

Response DefaultHttpResponse(decodeResult: success, version: HTTP/1.1)
HTTP/1.1 200 OK
Content-Type: application/json; charset=utf-8
cache-control: no-cache
content-length: 88

09:06:21.346 [AsyncHttpClient-1-17] DEBUG o.a.netty.channel.ChannelManager - Adding key: http://localhost:62401 for channel [id: 0x6d3e5eec, L:/127.0.0.1:54312 - R:localhost/127.0.0.1:62401]
09:06:21.350 [Forwarding isElementDisplayed on session 0f20cf3724d33aafa991a616147d1e5f to remote] DEBUG o.a.netty.request.NettyRequestSender - Using pooled Channel '[id: 0x6d3e5eec, L:/127.0.0.1:54312 - R:localhost/127.0.0.1:62401]' for 'POST' to 'http://localhost:62401/session/0f20cf3724d33aafa991a616147d1e5f/execute/sync'
09:06:21.350 [Forwarding isElementDisplayed on session 0f20cf3724d33aafa991a616147d1e5f to remote] DEBUG o.a.netty.request.NettyRequestSender - Using open Channel [id: 0x6d3e5eec, L:/127.0.0.1:54312 - R:localhost/127.0.0.1:62401] for POST '/session/0f20cf3724d33aafa991a616147d1e5f/execute/sync'
09:06:21.361 [AsyncHttpClient-1-17] DEBUG o.a.netty.handler.HttpHandler - 

Request DefaultHttpRequest(decodeResult: success, version: HTTP/1.1)
POST /session/0f20cf3724d33aafa991a616147d1e5f/execute/sync HTTP/1.1
User-Agent: selenium/4.1.2 (java windows)
Content-Length: 48780
Content-Type: application/json; charset=utf-8
host: localhost:62401
accept: */*

Response DefaultHttpResponse(decodeResult: success, version: HTTP/1.1)
HTTP/1.1 200 OK
Content-Type: application/json; charset=utf-8
cache-control: no-cache
content-length: 14

09:06:21.361 [AsyncHttpClient-1-17] DEBUG o.a.netty.channel.ChannelManager - Adding key: http://localhost:62401 for channel [id: 0x6d3e5eec, L:/127.0.0.1:54312 - R:localhost/127.0.0.1:62401]
09:06:21.362 [Forwarding findElement on session 0f20cf3724d33aafa991a616147d1e5f to remote] DEBUG o.a.netty.request.NettyRequestSender - Using pooled Channel '[id: 0x6d3e5eec, L:/127.0.0.1:54312 - R:localhost/127.0.0.1:62401]' for 'POST' to 'http://localhost:62401/session/0f20cf3724d33aafa991a616147d1e5f/element'
09:06:21.362 [Forwarding findElement on session 0f20cf3724d33aafa991a616147d1e5f to remote] DEBUG o.a.netty.request.NettyRequestSender - Using open Channel [id: 0x6d3e5eec, L:/127.0.0.1:54312 - R:localhost/127.0.0.1:62401] for POST '/session/0f20cf3724d33aafa991a616147d1e5f/element'
09:06:21.367 [AsyncHttpClient-1-17] DEBUG o.a.netty.handler.HttpHandler - 

Request DefaultHttpRequest(decodeResult: success, version: HTTP/1.1)
POST /session/0f20cf3724d33aafa991a616147d1e5f/element HTTP/1.1
User-Agent: selenium/4.1.2 (java windows)
Content-Length: 128
Content-Type: application/json; charset=utf-8
host: localhost:62401
accept: */*

Response DefaultHttpResponse(decodeResult: success, version: HTTP/1.1)
HTTP/1.1 200 OK
Content-Type: application/json; charset=utf-8
cache-control: no-cache
content-length: 88

09:06:21.367 [AsyncHttpClient-1-17] DEBUG o.a.netty.channel.ChannelManager - Adding key: http://localhost:62401 for channel [id: 0x6d3e5eec, L:/127.0.0.1:54312 - R:localhost/127.0.0.1:62401]
09:06:21.369 [Forwarding isElementEnabled on session 0f20cf3724d33aafa991a616147d1e5f to remote] DEBUG o.a.netty.request.NettyRequestSender - Using pooled Channel '[id: 0x6d3e5eec, L:/127.0.0.1:54312 - R:localhost/127.0.0.1:62401]' for 'GET' to 'http://localhost:62401/session/0f20cf3724d33aafa991a616147d1e5f/element/4b3ea074-528d-4a94-8ecc-ec79cffcfc81/enabled'
09:06:21.369 [Forwarding isElementEnabled on session 0f20cf3724d33aafa991a616147d1e5f to remote] DEBUG o.a.netty.request.NettyRequestSender - Using open Channel [id: 0x6d3e5eec, L:/127.0.0.1:54312 - R:localhost/127.0.0.1:62401] for GET '/session/0f20cf3724d33aafa991a616147d1e5f/element/4b3ea074-528d-4a94-8ecc-ec79cffcfc81/enabled'
09:06:21.375 [AsyncHttpClient-1-17] DEBUG o.a.netty.handler.HttpHandler - 

Request DefaultFullHttpRequest(decodeResult: success, version: HTTP/1.1, content: EmptyByteBufBE)
GET /session/0f20cf3724d33aafa991a616147d1e5f/element/4b3ea074-528d-4a94-8ecc-ec79cffcfc81/enabled HTTP/1.1
User-Agent: selenium/4.1.2 (java windows)
Cache-Control: no-cache
Content-Type: application/json; charset=utf-8
host: localhost:62401
accept: */*

Response DefaultHttpResponse(decodeResult: success, version: HTTP/1.1)
HTTP/1.1 200 OK
Content-Type: application/json; charset=utf-8
cache-control: no-cache
content-length: 14

09:06:21.375 [AsyncHttpClient-1-17] DEBUG o.a.netty.channel.ChannelManager - Adding key: http://localhost:62401 for channel [id: 0x6d3e5eec, L:/127.0.0.1:54312 - R:localhost/127.0.0.1:62401]
09:06:21.376 [Forwarding findElement on session 0f20cf3724d33aafa991a616147d1e5f to remote] DEBUG o.a.netty.request.NettyRequestSender - Using pooled Channel '[id: 0x6d3e5eec, L:/127.0.0.1:54312 - R:localhost/127.0.0.1:62401]' for 'POST' to 'http://localhost:62401/session/0f20cf3724d33aafa991a616147d1e5f/element'
09:06:21.376 [Forwarding findElement on session 0f20cf3724d33aafa991a616147d1e5f to remote] DEBUG o.a.netty.request.NettyRequestSender - Using open Channel [id: 0x6d3e5eec, L:/127.0.0.1:54312 - R:localhost/127.0.0.1:62401] for POST '/session/0f20cf3724d33aafa991a616147d1e5f/element'
09:06:21.385 [AsyncHttpClient-1-17] DEBUG o.a.netty.handler.HttpHandler - 

Request DefaultHttpRequest(decodeResult: success, version: HTTP/1.1)
POST /session/0f20cf3724d33aafa991a616147d1e5f/element HTTP/1.1
User-Agent: selenium/4.1.2 (java windows)
Content-Length: 132
Content-Type: application/json; charset=utf-8
host: localhost:62401
accept: */*

Response DefaultHttpResponse(decodeResult: success, version: HTTP/1.1)
HTTP/1.1 200 OK
Content-Type: application/json; charset=utf-8
cache-control: no-cache
content-length: 88

09:06:21.385 [AsyncHttpClient-1-17] DEBUG o.a.netty.channel.ChannelManager - Adding key: http://localhost:62401 for channel [id: 0x6d3e5eec, L:/127.0.0.1:54312 - R:localhost/127.0.0.1:62401]
09:06:21.389 [Forwarding isElementDisplayed on session 0f20cf3724d33aafa991a616147d1e5f to remote] DEBUG o.a.netty.request.NettyRequestSender - Using pooled Channel '[id: 0x6d3e5eec, L:/127.0.0.1:54312 - R:localhost/127.0.0.1:62401]' for 'POST' to 'http://localhost:62401/session/0f20cf3724d33aafa991a616147d1e5f/execute/sync'
09:06:21.389 [Forwarding isElementDisplayed on session 0f20cf3724d33aafa991a616147d1e5f to remote] DEBUG o.a.netty.request.NettyRequestSender - Using open Channel [id: 0x6d3e5eec, L:/127.0.0.1:54312 - R:localhost/127.0.0.1:62401] for POST '/session/0f20cf3724d33aafa991a616147d1e5f/execute/sync'
09:06:21.398 [AsyncHttpClient-1-17] DEBUG o.a.netty.handler.HttpHandler - 

Request DefaultHttpRequest(decodeResult: success, version: HTTP/1.1)
POST /session/0f20cf3724d33aafa991a616147d1e5f/execute/sync HTTP/1.1
User-Agent: selenium/4.1.2 (java windows)
Content-Length: 48780
Content-Type: application/json; charset=utf-8
host: localhost:62401
accept: */*

Response DefaultHttpResponse(decodeResult: success, version: HTTP/1.1)
HTTP/1.1 200 OK
Content-Type: application/json; charset=utf-8
cache-control: no-cache
content-length: 14

09:06:21.398 [AsyncHttpClient-1-17] DEBUG o.a.netty.channel.ChannelManager - Adding key: http://localhost:62401 for channel [id: 0x6d3e5eec, L:/127.0.0.1:54312 - R:localhost/127.0.0.1:62401]
09:06:21.399 [Forwarding findElement on session 0f20cf3724d33aafa991a616147d1e5f to remote] DEBUG o.a.netty.request.NettyRequestSender - Using pooled Channel '[id: 0x6d3e5eec, L:/127.0.0.1:54312 - R:localhost/127.0.0.1:62401]' for 'POST' to 'http://localhost:62401/session/0f20cf3724d33aafa991a616147d1e5f/element'
09:06:21.399 [Forwarding findElement on session 0f20cf3724d33aafa991a616147d1e5f to remote] DEBUG o.a.netty.request.NettyRequestSender - Using open Channel [id: 0x6d3e5eec, L:/127.0.0.1:54312 - R:localhost/127.0.0.1:62401] for POST '/session/0f20cf3724d33aafa991a616147d1e5f/element'
09:06:21.404 [AsyncHttpClient-1-17] DEBUG o.a.netty.handler.HttpHandler - 

Request DefaultHttpRequest(decodeResult: success, version: HTTP/1.1)
POST /session/0f20cf3724d33aafa991a616147d1e5f/element HTTP/1.1
User-Agent: selenium/4.1.2 (java windows)
Content-Length: 132
Content-Type: application/json; charset=utf-8
host: localhost:62401
accept: */*

Response DefaultHttpResponse(decodeResult: success, version: HTTP/1.1)
HTTP/1.1 200 OK
Content-Type: application/json; charset=utf-8
cache-control: no-cache
content-length: 88

09:06:21.405 [AsyncHttpClient-1-17] DEBUG o.a.netty.channel.ChannelManager - Adding key: http://localhost:62401 for channel [id: 0x6d3e5eec, L:/127.0.0.1:54312 - R:localhost/127.0.0.1:62401]
09:06:21.409 [Forwarding isElementDisplayed on session 0f20cf3724d33aafa991a616147d1e5f to remote] DEBUG o.a.netty.request.NettyRequestSender - Using pooled Channel '[id: 0x6d3e5eec, L:/127.0.0.1:54312 - R:localhost/127.0.0.1:62401]' for 'POST' to 'http://localhost:62401/session/0f20cf3724d33aafa991a616147d1e5f/execute/sync'
09:06:21.409 [Forwarding isElementDisplayed on session 0f20cf3724d33aafa991a616147d1e5f to remote] DEBUG o.a.netty.request.NettyRequestSender - Using open Channel [id: 0x6d3e5eec, L:/127.0.0.1:54312 - R:localhost/127.0.0.1:62401] for POST '/session/0f20cf3724d33aafa991a616147d1e5f/execute/sync'
09:06:21.417 [AsyncHttpClient-1-17] DEBUG o.a.netty.handler.HttpHandler - 

Request DefaultHttpRequest(decodeResult: success, version: HTTP/1.1)
POST /session/0f20cf3724d33aafa991a616147d1e5f/execute/sync HTTP/1.1
User-Agent: selenium/4.1.2 (java windows)
Content-Length: 48780
Content-Type: application/json; charset=utf-8
host: localhost:62401
accept: */*

Response DefaultHttpResponse(decodeResult: success, version: HTTP/1.1)
HTTP/1.1 200 OK
Content-Type: application/json; charset=utf-8
cache-control: no-cache
content-length: 14

09:06:21.417 [AsyncHttpClient-1-17] DEBUG o.a.netty.channel.ChannelManager - Adding key: http://localhost:62401 for channel [id: 0x6d3e5eec, L:/127.0.0.1:54312 - R:localhost/127.0.0.1:62401]
09:06:21.418 [Forwarding findElement on session 0f20cf3724d33aafa991a616147d1e5f to remote] DEBUG o.a.netty.request.NettyRequestSender - Using pooled Channel '[id: 0x6d3e5eec, L:/127.0.0.1:54312 - R:localhost/127.0.0.1:62401]' for 'POST' to 'http://localhost:62401/session/0f20cf3724d33aafa991a616147d1e5f/element'
09:06:21.418 [Forwarding findElement on session 0f20cf3724d33aafa991a616147d1e5f to remote] DEBUG o.a.netty.request.NettyRequestSender - Using open Channel [id: 0x6d3e5eec, L:/127.0.0.1:54312 - R:localhost/127.0.0.1:62401] for POST '/session/0f20cf3724d33aafa991a616147d1e5f/element'
09:06:21.424 [AsyncHttpClient-1-17] DEBUG o.a.netty.handler.HttpHandler - 

Request DefaultHttpRequest(decodeResult: success, version: HTTP/1.1)
POST /session/0f20cf3724d33aafa991a616147d1e5f/element HTTP/1.1
User-Agent: selenium/4.1.2 (java windows)
Content-Length: 132
Content-Type: application/json; charset=utf-8
host: localhost:62401
accept: */*

Response DefaultHttpResponse(decodeResult: success, version: HTTP/1.1)
HTTP/1.1 200 OK
Content-Type: application/json; charset=utf-8
cache-control: no-cache
content-length: 88

09:06:21.424 [AsyncHttpClient-1-17] DEBUG o.a.netty.channel.ChannelManager - Adding key: http://localhost:62401 for channel [id: 0x6d3e5eec, L:/127.0.0.1:54312 - R:localhost/127.0.0.1:62401]
09:06:21.425 [Forwarding isElementEnabled on session 0f20cf3724d33aafa991a616147d1e5f to remote] DEBUG o.a.netty.request.NettyRequestSender - Using pooled Channel '[id: 0x6d3e5eec, L:/127.0.0.1:54312 - R:localhost/127.0.0.1:62401]' for 'GET' to 'http://localhost:62401/session/0f20cf3724d33aafa991a616147d1e5f/element/4b33f15d-86ab-4285-a440-f281c68cab45/enabled'
09:06:21.425 [Forwarding isElementEnabled on session 0f20cf3724d33aafa991a616147d1e5f to remote] DEBUG o.a.netty.request.NettyRequestSender - Using open Channel [id: 0x6d3e5eec, L:/127.0.0.1:54312 - R:localhost/127.0.0.1:62401] for GET '/session/0f20cf3724d33aafa991a616147d1e5f/element/4b33f15d-86ab-4285-a440-f281c68cab45/enabled'
09:06:21.431 [AsyncHttpClient-1-17] DEBUG o.a.netty.handler.HttpHandler - 

Request DefaultFullHttpRequest(decodeResult: success, version: HTTP/1.1, content: EmptyByteBufBE)
GET /session/0f20cf3724d33aafa991a616147d1e5f/element/4b33f15d-86ab-4285-a440-f281c68cab45/enabled HTTP/1.1
User-Agent: selenium/4.1.2 (java windows)
Cache-Control: no-cache
Content-Type: application/json; charset=utf-8
host: localhost:62401
accept: */*

Response DefaultHttpResponse(decodeResult: success, version: HTTP/1.1)
HTTP/1.1 200 OK
Content-Type: application/json; charset=utf-8
cache-control: no-cache
content-length: 14

09:06:21.431 [AsyncHttpClient-1-17] DEBUG o.a.netty.channel.ChannelManager - Adding key: http://localhost:62401 for channel [id: 0x6d3e5eec, L:/127.0.0.1:54312 - R:localhost/127.0.0.1:62401]
09:06:21.432 [Forwarding findElement on session 0f20cf3724d33aafa991a616147d1e5f to remote] DEBUG o.a.netty.request.NettyRequestSender - Using pooled Channel '[id: 0x6d3e5eec, L:/127.0.0.1:54312 - R:localhost/127.0.0.1:62401]' for 'POST' to 'http://localhost:62401/session/0f20cf3724d33aafa991a616147d1e5f/element'
09:06:21.432 [Forwarding findElement on session 0f20cf3724d33aafa991a616147d1e5f to remote] DEBUG o.a.netty.request.NettyRequestSender - Using open Channel [id: 0x6d3e5eec, L:/127.0.0.1:54312 - R:localhost/127.0.0.1:62401] for POST '/session/0f20cf3724d33aafa991a616147d1e5f/element'
09:06:21.445 [AsyncHttpClient-1-17] DEBUG o.a.netty.handler.HttpHandler - 

Request DefaultHttpRequest(decodeResult: success, version: HTTP/1.1)
POST /session/0f20cf3724d33aafa991a616147d1e5f/element HTTP/1.1
User-Agent: selenium/4.1.2 (java windows)
Content-Length: 125
Content-Type: application/json; charset=utf-8
host: localhost:62401
accept: */*

Response DefaultHttpResponse(decodeResult: success, version: HTTP/1.1)
HTTP/1.1 200 OK
Content-Type: application/json; charset=utf-8
cache-control: no-cache
content-length: 88

09:06:21.445 [AsyncHttpClient-1-17] DEBUG o.a.netty.channel.ChannelManager - Adding key: http://localhost:62401 for channel [id: 0x6d3e5eec, L:/127.0.0.1:54312 - R:localhost/127.0.0.1:62401]
09:06:21.449 [Forwarding isElementDisplayed on session 0f20cf3724d33aafa991a616147d1e5f to remote] DEBUG o.a.netty.request.NettyRequestSender - Using pooled Channel '[id: 0x6d3e5eec, L:/127.0.0.1:54312 - R:localhost/127.0.0.1:62401]' for 'POST' to 'http://localhost:62401/session/0f20cf3724d33aafa991a616147d1e5f/execute/sync'
09:06:21.450 [Forwarding isElementDisplayed on session 0f20cf3724d33aafa991a616147d1e5f to remote] DEBUG o.a.netty.request.NettyRequestSender - Using open Channel [id: 0x6d3e5eec, L:/127.0.0.1:54312 - R:localhost/127.0.0.1:62401] for POST '/session/0f20cf3724d33aafa991a616147d1e5f/execute/sync'
09:06:21.458 [AsyncHttpClient-1-17] DEBUG o.a.netty.handler.HttpHandler - 

Request DefaultHttpRequest(decodeResult: success, version: HTTP/1.1)
POST /session/0f20cf3724d33aafa991a616147d1e5f/execute/sync HTTP/1.1
User-Agent: selenium/4.1.2 (java windows)
Content-Length: 48780
Content-Type: application/json; charset=utf-8
host: localhost:62401
accept: */*

Response DefaultHttpResponse(decodeResult: success, version: HTTP/1.1)
HTTP/1.1 200 OK
Content-Type: application/json; charset=utf-8
cache-control: no-cache
content-length: 14

09:06:21.459 [AsyncHttpClient-1-17] DEBUG o.a.netty.channel.ChannelManager - Adding key: http://localhost:62401 for channel [id: 0x6d3e5eec, L:/127.0.0.1:54312 - R:localhost/127.0.0.1:62401]
09:06:21.460 [Forwarding findElement on session 0f20cf3724d33aafa991a616147d1e5f to remote] DEBUG o.a.netty.request.NettyRequestSender - Using pooled Channel '[id: 0x6d3e5eec, L:/127.0.0.1:54312 - R:localhost/127.0.0.1:62401]' for 'POST' to 'http://localhost:62401/session/0f20cf3724d33aafa991a616147d1e5f/element'
09:06:21.460 [Forwarding findElement on session 0f20cf3724d33aafa991a616147d1e5f to remote] DEBUG o.a.netty.request.NettyRequestSender - Using open Channel [id: 0x6d3e5eec, L:/127.0.0.1:54312 - R:localhost/127.0.0.1:62401] for POST '/session/0f20cf3724d33aafa991a616147d1e5f/element'
09:06:21.465 [AsyncHttpClient-1-17] DEBUG o.a.netty.handler.HttpHandler - 

Request DefaultHttpRequest(decodeResult: success, version: HTTP/1.1)
POST /session/0f20cf3724d33aafa991a616147d1e5f/element HTTP/1.1
User-Agent: selenium/4.1.2 (java windows)
Content-Length: 125
Content-Type: application/json; charset=utf-8
host: localhost:62401
accept: */*

Response DefaultHttpResponse(decodeResult: success, version: HTTP/1.1)
HTTP/1.1 200 OK
Content-Type: application/json; charset=utf-8
cache-control: no-cache
content-length: 88

09:06:21.466 [AsyncHttpClient-1-17] DEBUG o.a.netty.channel.ChannelManager - Adding key: http://localhost:62401 for channel [id: 0x6d3e5eec, L:/127.0.0.1:54312 - R:localhost/127.0.0.1:62401]
09:06:21.470 [Forwarding isElementDisplayed on session 0f20cf3724d33aafa991a616147d1e5f to remote] DEBUG o.a.netty.request.NettyRequestSender - Using pooled Channel '[id: 0x6d3e5eec, L:/127.0.0.1:54312 - R:localhost/127.0.0.1:62401]' for 'POST' to 'http://localhost:62401/session/0f20cf3724d33aafa991a616147d1e5f/execute/sync'
09:06:21.471 [Forwarding isElementDisplayed on session 0f20cf3724d33aafa991a616147d1e5f to remote] DEBUG o.a.netty.request.NettyRequestSender - Using open Channel [id: 0x6d3e5eec, L:/127.0.0.1:54312 - R:localhost/127.0.0.1:62401] for POST '/session/0f20cf3724d33aafa991a616147d1e5f/execute/sync'
09:06:21.480 [AsyncHttpClient-1-17] DEBUG o.a.netty.handler.HttpHandler - 

Request DefaultHttpRequest(decodeResult: success, version: HTTP/1.1)
POST /session/0f20cf3724d33aafa991a616147d1e5f/execute/sync HTTP/1.1
User-Agent: selenium/4.1.2 (java windows)
Content-Length: 48780
Content-Type: application/json; charset=utf-8
host: localhost:62401
accept: */*

Response DefaultHttpResponse(decodeResult: success, version: HTTP/1.1)
HTTP/1.1 200 OK
Content-Type: application/json; charset=utf-8
cache-control: no-cache
content-length: 14

09:06:21.480 [AsyncHttpClient-1-17] DEBUG o.a.netty.channel.ChannelManager - Adding key: http://localhost:62401 for channel [id: 0x6d3e5eec, L:/127.0.0.1:54312 - R:localhost/127.0.0.1:62401]
09:06:21.481 [Forwarding findElement on session 0f20cf3724d33aafa991a616147d1e5f to remote] DEBUG o.a.netty.request.NettyRequestSender - Using pooled Channel '[id: 0x6d3e5eec, L:/127.0.0.1:54312 - R:localhost/127.0.0.1:62401]' for 'POST' to 'http://localhost:62401/session/0f20cf3724d33aafa991a616147d1e5f/element'
09:06:21.481 [Forwarding findElement on session 0f20cf3724d33aafa991a616147d1e5f to remote] DEBUG o.a.netty.request.NettyRequestSender - Using open Channel [id: 0x6d3e5eec, L:/127.0.0.1:54312 - R:localhost/127.0.0.1:62401] for POST '/session/0f20cf3724d33aafa991a616147d1e5f/element'
09:06:21.483 [AsyncHttpClient-1-1] DEBUG o.a.netty.channel.DefaultChannelPool - Entry count for : http://localhost:54313 : 1
09:06:21.486 [AsyncHttpClient-1-17] DEBUG o.a.netty.handler.HttpHandler - 

Request DefaultHttpRequest(decodeResult: success, version: HTTP/1.1)
POST /session/0f20cf3724d33aafa991a616147d1e5f/element HTTP/1.1
User-Agent: selenium/4.1.2 (java windows)
Content-Length: 125
Content-Type: application/json; charset=utf-8
host: localhost:62401
accept: */*

Response DefaultHttpResponse(decodeResult: success, version: HTTP/1.1)
HTTP/1.1 200 OK
Content-Type: application/json; charset=utf-8
cache-control: no-cache
content-length: 88

09:06:21.486 [AsyncHttpClient-1-17] DEBUG o.a.netty.channel.ChannelManager - Adding key: http://localhost:62401 for channel [id: 0x6d3e5eec, L:/127.0.0.1:54312 - R:localhost/127.0.0.1:62401]
09:06:21.487 [Forwarding isElementEnabled on session 0f20cf3724d33aafa991a616147d1e5f to remote] DEBUG o.a.netty.request.NettyRequestSender - Using pooled Channel '[id: 0x6d3e5eec, L:/127.0.0.1:54312 - R:localhost/127.0.0.1:62401]' for 'GET' to 'http://localhost:62401/session/0f20cf3724d33aafa991a616147d1e5f/element/bd99a114-89f4-48b5-9baa-1e73af69d36d/enabled'
09:06:21.487 [Forwarding isElementEnabled on session 0f20cf3724d33aafa991a616147d1e5f to remote] DEBUG o.a.netty.request.NettyRequestSender - Using open Channel [id: 0x6d3e5eec, L:/127.0.0.1:54312 - R:localhost/127.0.0.1:62401] for GET '/session/0f20cf3724d33aafa991a616147d1e5f/element/bd99a114-89f4-48b5-9baa-1e73af69d36d/enabled'
09:06:21.494 [AsyncHttpClient-1-17] DEBUG o.a.netty.handler.HttpHandler - 

Request DefaultFullHttpRequest(decodeResult: success, version: HTTP/1.1, content: EmptyByteBufBE)
GET /session/0f20cf3724d33aafa991a616147d1e5f/element/bd99a114-89f4-48b5-9baa-1e73af69d36d/enabled HTTP/1.1
User-Agent: selenium/4.1.2 (java windows)
Cache-Control: no-cache
Content-Type: application/json; charset=utf-8
host: localhost:62401
accept: */*

Response DefaultHttpResponse(decodeResult: success, version: HTTP/1.1)
HTTP/1.1 200 OK
Content-Type: application/json; charset=utf-8
cache-control: no-cache
content-length: 14

09:06:21.494 [AsyncHttpClient-1-17] DEBUG o.a.netty.channel.ChannelManager - Adding key: http://localhost:62401 for channel [id: 0x6d3e5eec, L:/127.0.0.1:54312 - R:localhost/127.0.0.1:62401]
  &amp#27;[32mAnd &amp#27;[0m&amp#27;[32muser verify the Login Page Elements is Visible&amp#27;[0m                                                   &amp#27;[90m# stepdefinitions.LoginPageSteps.user_verify_the_login_page_elements_is_visible()&amp#27;[0m
09:06:22.569 [AsyncHttpClient-1-1] DEBUG o.a.netty.channel.DefaultChannelPool - Entry count for : http://localhost:54313 : 1
09:06:22.569 [AsyncHttpClient-1-1] DEBUG o.a.netty.channel.DefaultChannelPool - Entry count for : http://localhost:62401 : 1
09:06:23.504 [Forwarding findElement on session 0f20cf3724d33aafa991a616147d1e5f to remote] DEBUG o.a.netty.request.NettyRequestSender - Using pooled Channel '[id: 0x6d3e5eec, L:/127.0.0.1:54312 - R:localhost/127.0.0.1:62401]' for 'POST' to 'http://localhost:62401/session/0f20cf3724d33aafa991a616147d1e5f/element'
09:06:23.505 [Forwarding findElement on session 0f20cf3724d33aafa991a616147d1e5f to remote] DEBUG o.a.netty.request.NettyRequestSender - Using open Channel [id: 0x6d3e5eec, L:/127.0.0.1:54312 - R:localhost/127.0.0.1:62401] for POST '/session/0f20cf3724d33aafa991a616147d1e5f/element'
09:06:23.511 [AsyncHttpClient-1-17] DEBUG o.a.netty.handler.HttpHandler - 

Request DefaultHttpRequest(decodeResult: success, version: HTTP/1.1)
POST /session/0f20cf3724d33aafa991a616147d1e5f/element HTTP/1.1
User-Agent: selenium/4.1.2 (java windows)
Content-Length: 128
Content-Type: application/json; charset=utf-8
host: localhost:62401
accept: */*

Response DefaultHttpResponse(decodeResult: success, version: HTTP/1.1)
HTTP/1.1 200 OK
Content-Type: application/json; charset=utf-8
cache-control: no-cache
content-length: 88

09:06:23.511 [AsyncHttpClient-1-17] DEBUG o.a.netty.channel.ChannelManager - Adding key: http://localhost:62401 for channel [id: 0x6d3e5eec, L:/127.0.0.1:54312 - R:localhost/127.0.0.1:62401]
09:06:23.513 [Forwarding sendKeysToElement on session 0f20cf3724d33aafa991a616147d1e5f to remote] DEBUG o.a.netty.request.NettyRequestSender - Using pooled Channel '[id: 0x6d3e5eec, L:/127.0.0.1:54312 - R:localhost/127.0.0.1:62401]' for 'POST' to 'http://localhost:62401/session/0f20cf3724d33aafa991a616147d1e5f/element/4b3ea074-528d-4a94-8ecc-ec79cffcfc81/value'
09:06:23.513 [Forwarding sendKeysToElement on session 0f20cf3724d33aafa991a616147d1e5f to remote] DEBUG o.a.netty.request.NettyRequestSender - Using open Channel [id: 0x6d3e5eec, L:/127.0.0.1:54312 - R:localhost/127.0.0.1:62401] for POST '/session/0f20cf3724d33aafa991a616147d1e5f/element/4b3ea074-528d-4a94-8ecc-ec79cffcfc81/value'
09:06:23.549 [AsyncHttpClient-1-17] DEBUG o.a.netty.handler.HttpHandler - 

Request DefaultHttpRequest(decodeResult: success, version: HTTP/1.1)
POST /session/0f20cf3724d33aafa991a616147d1e5f/element/4b3ea074-528d-4a94-8ecc-ec79cffcfc81/value HTTP/1.1
User-Agent: selenium/4.1.2 (java windows)
Content-Length: 191
Content-Type: application/json; charset=utf-8
host: localhost:62401
accept: */*

Response DefaultHttpResponse(decodeResult: success, version: HTTP/1.1)
HTTP/1.1 200 OK
Content-Type: application/json; charset=utf-8
cache-control: no-cache
content-length: 14

09:06:23.549 [AsyncHttpClient-1-17] DEBUG o.a.netty.channel.ChannelManager - Adding key: http://localhost:62401 for channel [id: 0x6d3e5eec, L:/127.0.0.1:54312 - R:localhost/127.0.0.1:62401]
09:06:23.550 [Forwarding findElement on session 0f20cf3724d33aafa991a616147d1e5f to remote] DEBUG o.a.netty.request.NettyRequestSender - Using pooled Channel '[id: 0x6d3e5eec, L:/127.0.0.1:54312 - R:localhost/127.0.0.1:62401]' for 'POST' to 'http://localhost:62401/session/0f20cf3724d33aafa991a616147d1e5f/element'
09:06:23.550 [Forwarding findElement on session 0f20cf3724d33aafa991a616147d1e5f to remote] DEBUG o.a.netty.request.NettyRequestSender - Using open Channel [id: 0x6d3e5eec, L:/127.0.0.1:54312 - R:localhost/127.0.0.1:62401] for POST '/session/0f20cf3724d33aafa991a616147d1e5f/element'
09:06:23.556 [AsyncHttpClient-1-17] DEBUG o.a.netty.handler.HttpHandler - 

Request DefaultHttpRequest(decodeResult: success, version: HTTP/1.1)
POST /session/0f20cf3724d33aafa991a616147d1e5f/element HTTP/1.1
User-Agent: selenium/4.1.2 (java windows)
Content-Length: 132
Content-Type: application/json; charset=utf-8
host: localhost:62401
accept: */*

Response DefaultHttpResponse(decodeResult: success, version: HTTP/1.1)
HTTP/1.1 200 OK
Content-Type: application/json; charset=utf-8
cache-control: no-cache
content-length: 88

09:06:23.556 [AsyncHttpClient-1-17] DEBUG o.a.netty.channel.ChannelManager - Adding key: http://localhost:62401 for channel [id: 0x6d3e5eec, L:/127.0.0.1:54312 - R:localhost/127.0.0.1:62401]
09:06:23.558 [Forwarding sendKeysToElement on session 0f20cf3724d33aafa991a616147d1e5f to remote] DEBUG o.a.netty.request.NettyRequestSender - Using pooled Channel '[id: 0x6d3e5eec, L:/127.0.0.1:54312 - R:localhost/127.0.0.1:62401]' for 'POST' to 'http://localhost:62401/session/0f20cf3724d33aafa991a616147d1e5f/element/4b33f15d-86ab-4285-a440-f281c68cab45/value'
09:06:23.558 [Forwarding sendKeysToElement on session 0f20cf3724d33aafa991a616147d1e5f to remote] DEBUG o.a.netty.request.NettyRequestSender - Using open Channel [id: 0x6d3e5eec, L:/127.0.0.1:54312 - R:localhost/127.0.0.1:62401] for POST '/session/0f20cf3724d33aafa991a616147d1e5f/element/4b33f15d-86ab-4285-a440-f281c68cab45/value'
09:06:23.608 [AsyncHttpClient-1-17] DEBUG o.a.netty.handler.HttpHandler - 

Request DefaultHttpRequest(decodeResult: success, version: HTTP/1.1)
POST /session/0f20cf3724d33aafa991a616147d1e5f/element/4b33f15d-86ab-4285-a440-f281c68cab45/value HTTP/1.1
User-Agent: selenium/4.1.2 (java windows)
Content-Length: 231
Content-Type: application/json; charset=utf-8
host: localhost:62401
accept: */*

Response DefaultHttpResponse(decodeResult: success, version: HTTP/1.1)
HTTP/1.1 200 OK
Content-Type: application/json; charset=utf-8
cache-control: no-cache
content-length: 14

09:06:23.608 [AsyncHttpClient-1-17] DEBUG o.a.netty.channel.ChannelManager - Adding key: http://localhost:62401 for channel [id: 0x6d3e5eec, L:/127.0.0.1:54312 - R:localhost/127.0.0.1:62401]
09:06:23.610 [Forwarding findElement on session 0f20cf3724d33aafa991a616147d1e5f to remote] DEBUG o.a.netty.request.NettyRequestSender - Using pooled Channel '[id: 0x6d3e5eec, L:/127.0.0.1:54312 - R:localhost/127.0.0.1:62401]' for 'POST' to 'http://localhost:62401/session/0f20cf3724d33aafa991a616147d1e5f/element'
09:06:23.610 [Forwarding findElement on session 0f20cf3724d33aafa991a616147d1e5f to remote] DEBUG o.a.netty.request.NettyRequestSender - Using open Channel [id: 0x6d3e5eec, L:/127.0.0.1:54312 - R:localhost/127.0.0.1:62401] for POST '/session/0f20cf3724d33aafa991a616147d1e5f/element'
09:06:23.617 [AsyncHttpClient-1-17] DEBUG o.a.netty.handler.HttpHandler - 

Request DefaultHttpRequest(decodeResult: success, version: HTTP/1.1)
POST /session/0f20cf3724d33aafa991a616147d1e5f/element HTTP/1.1
User-Agent: selenium/4.1.2 (java windows)
Content-Length: 125
Content-Type: application/json; charset=utf-8
host: localhost:62401
accept: */*

Response DefaultHttpResponse(decodeResult: success, version: HTTP/1.1)
HTTP/1.1 200 OK
Content-Type: application/json; charset=utf-8
cache-control: no-cache
content-length: 88

09:06:23.617 [AsyncHttpClient-1-17] DEBUG o.a.netty.channel.ChannelManager - Adding key: http://localhost:62401 for channel [id: 0x6d3e5eec, L:/127.0.0.1:54312 - R:localhost/127.0.0.1:62401]
09:06:23.619 [Forwarding clickElement on session 0f20cf3724d33aafa991a616147d1e5f to remote] DEBUG o.a.netty.request.NettyRequestSender - Using pooled Channel '[id: 0x6d3e5eec, L:/127.0.0.1:54312 - R:localhost/127.0.0.1:62401]' for 'POST' to 'http://localhost:62401/session/0f20cf3724d33aafa991a616147d1e5f/element/bd99a114-89f4-48b5-9baa-1e73af69d36d/click'
09:06:23.619 [Forwarding clickElement on session 0f20cf3724d33aafa991a616147d1e5f to remote] DEBUG o.a.netty.request.NettyRequestSender - Using open Channel [id: 0x6d3e5eec, L:/127.0.0.1:54312 - R:localhost/127.0.0.1:62401] for POST '/session/0f20cf3724d33aafa991a616147d1e5f/element/bd99a114-89f4-48b5-9baa-1e73af69d36d/click'
09:06:23.679 [AsyncHttpClient-1-1] DEBUG o.a.netty.channel.DefaultChannelPool - Entry count for : http://localhost:54313 : 1
09:06:23.734 [AsyncHttpClient-1-17] DEBUG o.a.netty.handler.HttpHandler - 

Request DefaultHttpRequest(decodeResult: success, version: HTTP/1.1)
POST /session/0f20cf3724d33aafa991a616147d1e5f/element/bd99a114-89f4-48b5-9baa-1e73af69d36d/click HTTP/1.1
User-Agent: selenium/4.1.2 (java windows)
Content-Length: 50
Content-Type: application/json; charset=utf-8
host: localhost:62401
accept: */*

Response DefaultHttpResponse(decodeResult: success, version: HTTP/1.1)
HTTP/1.1 200 OK
Content-Type: application/json; charset=utf-8
cache-control: no-cache
content-length: 14

09:06:23.734 [AsyncHttpClient-1-17] DEBUG o.a.netty.channel.ChannelManager - Adding key: http://localhost:62401 for channel [id: 0x6d3e5eec, L:/127.0.0.1:54312 - R:localhost/127.0.0.1:62401]
09:06:23.735 [Forwarding findElement on session 0f20cf3724d33aafa991a616147d1e5f to remote] DEBUG o.a.netty.request.NettyRequestSender - Using pooled Channel '[id: 0x6d3e5eec, L:/127.0.0.1:54312 - R:localhost/127.0.0.1:62401]' for 'POST' to 'http://localhost:62401/session/0f20cf3724d33aafa991a616147d1e5f/element'
09:06:23.735 [Forwarding findElement on session 0f20cf3724d33aafa991a616147d1e5f to remote] DEBUG o.a.netty.request.NettyRequestSender - Using open Channel [id: 0x6d3e5eec, L:/127.0.0.1:54312 - R:localhost/127.0.0.1:62401] for POST '/session/0f20cf3724d33aafa991a616147d1e5f/element'
09:06:23.748 [AsyncHttpClient-1-17] DEBUG o.a.netty.handler.HttpHandler - 

Request DefaultHttpRequest(decodeResult: success, version: HTTP/1.1)
POST /session/0f20cf3724d33aafa991a616147d1e5f/element HTTP/1.1
User-Agent: selenium/4.1.2 (java windows)
Content-Length: 75
Content-Type: application/json; charset=utf-8
host: localhost:62401
accept: */*

Response DefaultHttpResponse(decodeResult: success, version: HTTP/1.1)
HTTP/1.1 200 OK
Content-Type: application/json; charset=utf-8
cache-control: no-cache
content-length: 88

09:06:23.748 [AsyncHttpClient-1-17] DEBUG o.a.netty.channel.ChannelManager - Adding key: http://localhost:62401 for channel [id: 0x6d3e5eec, L:/127.0.0.1:54312 - R:localhost/127.0.0.1:62401]
09:06:23.752 [Forwarding isElementDisplayed on session 0f20cf3724d33aafa991a616147d1e5f to remote] DEBUG o.a.netty.request.NettyRequestSender - Using pooled Channel '[id: 0x6d3e5eec, L:/127.0.0.1:54312 - R:localhost/127.0.0.1:62401]' for 'POST' to 'http://localhost:62401/session/0f20cf3724d33aafa991a616147d1e5f/execute/sync'
09:06:23.752 [Forwarding isElementDisplayed on session 0f20cf3724d33aafa991a616147d1e5f to remote] DEBUG o.a.netty.request.NettyRequestSender - Using open Channel [id: 0x6d3e5eec, L:/127.0.0.1:54312 - R:localhost/127.0.0.1:62401] for POST '/session/0f20cf3724d33aafa991a616147d1e5f/execute/sync'
09:06:23.769 [AsyncHttpClient-1-17] DEBUG o.a.netty.handler.HttpHandler - 

Request DefaultHttpRequest(decodeResult: success, version: HTTP/1.1)
POST /session/0f20cf3724d33aafa991a616147d1e5f/execute/sync HTTP/1.1
User-Agent: selenium/4.1.2 (java windows)
Content-Length: 48780
Content-Type: application/json; charset=utf-8
host: localhost:62401
accept: */*

Response DefaultHttpResponse(decodeResult: success, version: HTTP/1.1)
HTTP/1.1 200 OK
Content-Type: application/json; charset=utf-8
cache-control: no-cache
content-length: 15

09:06:23.769 [AsyncHttpClient-1-17] DEBUG o.a.netty.channel.ChannelManager - Adding key: http://localhost:62401 for channel [id: 0x6d3e5eec, L:/127.0.0.1:54312 - R:localhost/127.0.0.1:62401]
09:06:24.283 [Forwarding findElement on session 0f20cf3724d33aafa991a616147d1e5f to remote] DEBUG o.a.netty.request.NettyRequestSender - Using pooled Channel '[id: 0x6d3e5eec, L:/127.0.0.1:54312 - R:localhost/127.0.0.1:62401]' for 'POST' to 'http://localhost:62401/session/0f20cf3724d33aafa991a616147d1e5f/element'
09:06:24.284 [Forwarding findElement on session 0f20cf3724d33aafa991a616147d1e5f to remote] DEBUG o.a.netty.request.NettyRequestSender - Using open Channel [id: 0x6d3e5eec, L:/127.0.0.1:54312 - R:localhost/127.0.0.1:62401] for POST '/session/0f20cf3724d33aafa991a616147d1e5f/element'
09:06:24.290 [AsyncHttpClient-1-17] DEBUG o.a.netty.handler.HttpHandler - 

Request DefaultHttpRequest(decodeResult: success, version: HTTP/1.1)
POST /session/0f20cf3724d33aafa991a616147d1e5f/element HTTP/1.1
User-Agent: selenium/4.1.2 (java windows)
Content-Length: 75
Content-Type: application/json; charset=utf-8
host: localhost:62401
accept: */*

Response DefaultHttpResponse(decodeResult: success, version: HTTP/1.1)
HTTP/1.1 200 OK
Content-Type: application/json; charset=utf-8
cache-control: no-cache
content-length: 88

09:06:24.290 [AsyncHttpClient-1-17] DEBUG o.a.netty.channel.ChannelManager - Adding key: http://localhost:62401 for channel [id: 0x6d3e5eec, L:/127.0.0.1:54312 - R:localhost/127.0.0.1:62401]
09:06:24.294 [Forwarding isElementDisplayed on session 0f20cf3724d33aafa991a616147d1e5f to remote] DEBUG o.a.netty.request.NettyRequestSender - Using pooled Channel '[id: 0x6d3e5eec, L:/127.0.0.1:54312 - R:localhost/127.0.0.1:62401]' for 'POST' to 'http://localhost:62401/session/0f20cf3724d33aafa991a616147d1e5f/execute/sync'
09:06:24.294 [Forwarding isElementDisplayed on session 0f20cf3724d33aafa991a616147d1e5f to remote] DEBUG o.a.netty.request.NettyRequestSender - Using open Channel [id: 0x6d3e5eec, L:/127.0.0.1:54312 - R:localhost/127.0.0.1:62401] for POST '/session/0f20cf3724d33aafa991a616147d1e5f/execute/sync'
09:06:24.303 [AsyncHttpClient-1-17] DEBUG o.a.netty.handler.HttpHandler - 

Request DefaultHttpRequest(decodeResult: success, version: HTTP/1.1)
POST /session/0f20cf3724d33aafa991a616147d1e5f/execute/sync HTTP/1.1
User-Agent: selenium/4.1.2 (java windows)
Content-Length: 48780
Content-Type: application/json; charset=utf-8
host: localhost:62401
accept: */*

Response DefaultHttpResponse(decodeResult: success, version: HTTP/1.1)
HTTP/1.1 200 OK
Content-Type: application/json; charset=utf-8
cache-control: no-cache
content-length: 15

09:06:24.303 [AsyncHttpClient-1-17] DEBUG o.a.netty.channel.ChannelManager - Adding key: http://localhost:62401 for channel [id: 0x6d3e5eec, L:/127.0.0.1:54312 - R:localhost/127.0.0.1:62401]
09:06:24.780 [AsyncHttpClient-1-1] DEBUG o.a.netty.channel.DefaultChannelPool - Entry count for : http://localhost:54313 : 1
09:06:24.780 [AsyncHttpClient-1-1] DEBUG o.a.netty.channel.DefaultChannelPool - Entry count for : http://localhost:62401 : 1
09:06:24.812 [Forwarding findElement on session 0f20cf3724d33aafa991a616147d1e5f to remote] DEBUG o.a.netty.request.NettyRequestSender - Using pooled Channel '[id: 0x6d3e5eec, L:/127.0.0.1:54312 - R:localhost/127.0.0.1:62401]' for 'POST' to 'http://localhost:62401/session/0f20cf3724d33aafa991a616147d1e5f/element'
09:06:24.812 [Forwarding findElement on session 0f20cf3724d33aafa991a616147d1e5f to remote] DEBUG o.a.netty.request.NettyRequestSender - Using open Channel [id: 0x6d3e5eec, L:/127.0.0.1:54312 - R:localhost/127.0.0.1:62401] for POST '/session/0f20cf3724d33aafa991a616147d1e5f/element'
09:06:24.818 [AsyncHttpClient-1-17] DEBUG o.a.netty.handler.HttpHandler - 

Request DefaultHttpRequest(decodeResult: success, version: HTTP/1.1)
POST /session/0f20cf3724d33aafa991a616147d1e5f/element HTTP/1.1
User-Agent: selenium/4.1.2 (java windows)
Content-Length: 75
Content-Type: application/json; charset=utf-8
host: localhost:62401
accept: */*

Response DefaultHttpResponse(decodeResult: success, version: HTTP/1.1)
HTTP/1.1 200 OK
Content-Type: application/json; charset=utf-8
cache-control: no-cache
content-length: 88

09:06:24.818 [AsyncHttpClient-1-17] DEBUG o.a.netty.channel.ChannelManager - Adding key: http://localhost:62401 for channel [id: 0x6d3e5eec, L:/127.0.0.1:54312 - R:localhost/127.0.0.1:62401]
09:06:24.822 [Forwarding isElementDisplayed on session 0f20cf3724d33aafa991a616147d1e5f to remote] DEBUG o.a.netty.request.NettyRequestSender - Using pooled Channel '[id: 0x6d3e5eec, L:/127.0.0.1:54312 - R:localhost/127.0.0.1:62401]' for 'POST' to 'http://localhost:62401/session/0f20cf3724d33aafa991a616147d1e5f/execute/sync'
09:06:24.822 [Forwarding isElementDisplayed on session 0f20cf3724d33aafa991a616147d1e5f to remote] DEBUG o.a.netty.request.NettyRequestSender - Using open Channel [id: 0x6d3e5eec, L:/127.0.0.1:54312 - R:localhost/127.0.0.1:62401] for POST '/session/0f20cf3724d33aafa991a616147d1e5f/execute/sync'
09:06:24.830 [AsyncHttpClient-1-17] DEBUG o.a.netty.handler.HttpHandler - 

Request DefaultHttpRequest(decodeResult: success, version: HTTP/1.1)
POST /session/0f20cf3724d33aafa991a616147d1e5f/execute/sync HTTP/1.1
User-Agent: selenium/4.1.2 (java windows)
Content-Length: 48780
Content-Type: application/json; charset=utf-8
host: localhost:62401
accept: */*

Response DefaultHttpResponse(decodeResult: success, version: HTTP/1.1)
HTTP/1.1 200 OK
Content-Type: application/json; charset=utf-8
cache-control: no-cache
content-length: 14

09:06:24.830 [AsyncHttpClient-1-17] DEBUG o.a.netty.channel.ChannelManager - Adding key: http://localhost:62401 for channel [id: 0x6d3e5eec, L:/127.0.0.1:54312 - R:localhost/127.0.0.1:62401]
09:06:24.831 [Forwarding getElementText on session 0f20cf3724d33aafa991a616147d1e5f to remote] DEBUG o.a.netty.request.NettyRequestSender - Using pooled Channel '[id: 0x6d3e5eec, L:/127.0.0.1:54312 - R:localhost/127.0.0.1:62401]' for 'GET' to 'http://localhost:62401/session/0f20cf3724d33aafa991a616147d1e5f/element/1811f947-be28-4951-8182-89219c23188f/text'
09:06:24.831 [Forwarding getElementText on session 0f20cf3724d33aafa991a616147d1e5f to remote] DEBUG o.a.netty.request.NettyRequestSender - Using open Channel [id: 0x6d3e5eec, L:/127.0.0.1:54312 - R:localhost/127.0.0.1:62401] for GET '/session/0f20cf3724d33aafa991a616147d1e5f/element/1811f947-be28-4951-8182-89219c23188f/text'
09:06:24.850 [AsyncHttpClient-1-17] DEBUG o.a.netty.handler.HttpHandler - 

Request DefaultFullHttpRequest(decodeResult: success, version: HTTP/1.1, content: EmptyByteBufBE)
GET /session/0f20cf3724d33aafa991a616147d1e5f/element/1811f947-be28-4951-8182-89219c23188f/text HTTP/1.1
User-Agent: selenium/4.1.2 (java windows)
Cache-Control: no-cache
Content-Type: application/json; charset=utf-8
host: localhost:62401
accept: */*

Response DefaultHttpResponse(decodeResult: success, version: HTTP/1.1)
HTTP/1.1 200 OK
Content-Type: application/json; charset=utf-8
cache-control: no-cache
content-length: 59

09:06:24.850 [AsyncHttpClient-1-17] DEBUG o.a.netty.channel.ChannelManager - Adding key: http://localhost:62401 for channel [id: 0x6d3e5eec, L:/127.0.0.1:54312 - R:localhost/127.0.0.1:62401]
09:06:25.873 [AsyncHttpClient-1-1] DEBUG o.a.netty.channel.DefaultChannelPool - Entry count for : http://localhost:54313 : 1
09:06:25.873 [AsyncHttpClient-1-1] DEBUG o.a.netty.channel.DefaultChannelPool - Entry count for : http://localhost:62401 : 1
  &amp#27;[32mWhen &amp#27;[0m&amp#27;[32muser login using invalid credentials with username &amp#27;[0m&amp#27;[32m&amp#27;[1m"invalidUser"&amp#27;[0m&amp#27;[32m and password &amp#27;[0m&amp#27;[32m&amp#27;[1m"InvalidPassword"&amp#27;[0m &amp#27;[90m# stepdefinitions.LoginPageSteps.user_login_using_invalid_credentials_with_username_and_password(java.lang.String,java.lang.String)&amp#27;[0m
09:06:26.865 [Forwarding getTitle on session 0f20cf3724d33aafa991a616147d1e5f to remote] DEBUG o.a.netty.request.NettyRequestSender - Using pooled Channel '[id: 0x6d3e5eec, L:/127.0.0.1:54312 - R:localhost/127.0.0.1:62401]' for 'GET' to 'http://localhost:62401/session/0f20cf3724d33aafa991a616147d1e5f/title'
09:06:26.865 [Forwarding getTitle on session 0f20cf3724d33aafa991a616147d1e5f to remote] DEBUG o.a.netty.request.NettyRequestSender - Using open Channel [id: 0x6d3e5eec, L:/127.0.0.1:54312 - R:localhost/127.0.0.1:62401] for GET '/session/0f20cf3724d33aafa991a616147d1e5f/title'
09:06:26.868 [AsyncHttpClient-1-17] DEBUG o.a.netty.handler.HttpHandler - 

Request DefaultFullHttpRequest(decodeResult: success, version: HTTP/1.1, content: EmptyByteBufBE)
GET /session/0f20cf3724d33aafa991a616147d1e5f/title HTTP/1.1
User-Agent: selenium/4.1.2 (java windows)
Cache-Control: no-cache
Content-Type: application/json; charset=utf-8
host: localhost:62401
accept: */*

Response DefaultHttpResponse(decodeResult: success, version: HTTP/1.1)
HTTP/1.1 200 OK
Content-Type: application/json; charset=utf-8
cache-control: no-cache
content-length: 22

09:06:26.868 [AsyncHttpClient-1-17] DEBUG o.a.netty.channel.ChannelManager - Adding key: http://localhost:62401 for channel [id: 0x6d3e5eec, L:/127.0.0.1:54312 - R:localhost/127.0.0.1:62401]
09:06:26.869 [Forwarding getTitle on session 0f20cf3724d33aafa991a616147d1e5f to remote] DEBUG o.a.netty.request.NettyRequestSender - Using pooled Channel '[id: 0x6d3e5eec, L:/127.0.0.1:54312 - R:localhost/127.0.0.1:62401]' for 'GET' to 'http://localhost:62401/session/0f20cf3724d33aafa991a616147d1e5f/title'
09:06:26.869 [Forwarding getTitle on session 0f20cf3724d33aafa991a616147d1e5f to remote] DEBUG o.a.netty.request.NettyRequestSender - Using open Channel [id: 0x6d3e5eec, L:/127.0.0.1:54312 - R:localhost/127.0.0.1:62401] for GET '/session/0f20cf3724d33aafa991a616147d1e5f/title'
09:06:26.871 [AsyncHttpClient-1-17] DEBUG o.a.netty.handler.HttpHandler - 

Request DefaultFullHttpRequest(decodeResult: success, version: HTTP/1.1, content: EmptyByteBufBE)
GET /session/0f20cf3724d33aafa991a616147d1e5f/title HTTP/1.1
User-Agent: selenium/4.1.2 (java windows)
Cache-Control: no-cache
Content-Type: application/json; charset=utf-8
host: localhost:62401
accept: */*

Response DefaultHttpResponse(decodeResult: success, version: HTTP/1.1)
HTTP/1.1 200 OK
Content-Type: application/json; charset=utf-8
cache-control: no-cache
content-length: 22

09:06:26.871 [AsyncHttpClient-1-17] DEBUG o.a.netty.channel.ChannelManager - Adding key: http://localhost:62401 for channel [id: 0x6d3e5eec, L:/127.0.0.1:54312 - R:localhost/127.0.0.1:62401]
09:06:26.973 [AsyncHttpClient-1-1] DEBUG o.a.netty.channel.DefaultChannelPool - Entry count for : http://localhost:54313 : 1
09:06:26.973 [AsyncHttpClient-1-1] DEBUG o.a.netty.channel.DefaultChannelPool - Entry count for : http://localhost:62401 : 1
09:06:28.078 [AsyncHttpClient-1-1] DEBUG o.a.netty.channel.DefaultChannelPool - Entry count for : http://localhost:54313 : 1
09:06:28.078 [AsyncHttpClient-1-1] DEBUG o.a.netty.channel.DefaultChannelPool - Entry count for : http://localhost:62401 : 1
09:06:29.174 [AsyncHttpClient-1-1] DEBUG o.a.netty.channel.DefaultChannelPool - Entry count for : http://localhost:54313 : 1
09:06:29.174 [AsyncHttpClient-1-1] DEBUG o.a.netty.channel.DefaultChannelPool - Entry count for : http://localhost:62401 : 1
09:06:30.282 [AsyncHttpClient-1-1] DEBUG o.a.netty.channel.DefaultChannelPool - Entry count for : http://localhost:54313 : 1
09:06:30.282 [AsyncHttpClient-1-1] DEBUG o.a.netty.channel.DefaultChannelPool - Entry count for : http://localhost:62401 : 1
09:06:31.380 [AsyncHttpClient-1-1] DEBUG o.a.netty.channel.DefaultChannelPool - Entry count for : http://localhost:54313 : 1
09:06:31.380 [AsyncHttpClient-1-1] DEBUG o.a.netty.channel.DefaultChannelPool - Entry count for : http://localhost:62401 : 1
09:06:31.887 [Forwarding findElement on session 0f20cf3724d33aafa991a616147d1e5f to remote] DEBUG o.a.netty.request.NettyRequestSender - Using pooled Channel '[id: 0x6d3e5eec, L:/127.0.0.1:54312 - R:localhost/127.0.0.1:62401]' for 'POST' to 'http://localhost:62401/session/0f20cf3724d33aafa991a616147d1e5f/element'
09:06:31.887 [Forwarding findElement on session 0f20cf3724d33aafa991a616147d1e5f to remote] DEBUG o.a.netty.request.NettyRequestSender - Using open Channel [id: 0x6d3e5eec, L:/127.0.0.1:54312 - R:localhost/127.0.0.1:62401] for POST '/session/0f20cf3724d33aafa991a616147d1e5f/element'
09:06:31.894 [AsyncHttpClient-1-17] DEBUG o.a.netty.handler.HttpHandler - 

Request DefaultHttpRequest(decodeResult: success, version: HTTP/1.1)
POST /session/0f20cf3724d33aafa991a616147d1e5f/element HTTP/1.1
User-Agent: selenium/4.1.2 (java windows)
Content-Length: 75
Content-Type: application/json; charset=utf-8
host: localhost:62401
accept: */*

Response DefaultHttpResponse(decodeResult: success, version: HTTP/1.1)
HTTP/1.1 200 OK
Content-Type: application/json; charset=utf-8
cache-control: no-cache
content-length: 88

09:06:31.895 [AsyncHttpClient-1-17] DEBUG o.a.netty.channel.ChannelManager - Adding key: http://localhost:62401 for channel [id: 0x6d3e5eec, L:/127.0.0.1:54312 - R:localhost/127.0.0.1:62401]
09:06:31.899 [Forwarding isElementDisplayed on session 0f20cf3724d33aafa991a616147d1e5f to remote] DEBUG o.a.netty.request.NettyRequestSender - Using pooled Channel '[id: 0x6d3e5eec, L:/127.0.0.1:54312 - R:localhost/127.0.0.1:62401]' for 'POST' to 'http://localhost:62401/session/0f20cf3724d33aafa991a616147d1e5f/execute/sync'
09:06:31.899 [Forwarding isElementDisplayed on session 0f20cf3724d33aafa991a616147d1e5f to remote] DEBUG o.a.netty.request.NettyRequestSender - Using open Channel [id: 0x6d3e5eec, L:/127.0.0.1:54312 - R:localhost/127.0.0.1:62401] for POST '/session/0f20cf3724d33aafa991a616147d1e5f/execute/sync'
09:06:31.908 [AsyncHttpClient-1-17] DEBUG o.a.netty.handler.HttpHandler - 

Request DefaultHttpRequest(decodeResult: success, version: HTTP/1.1)
POST /session/0f20cf3724d33aafa991a616147d1e5f/execute/sync HTTP/1.1
User-Agent: selenium/4.1.2 (java windows)
Content-Length: 48780
Content-Type: application/json; charset=utf-8
host: localhost:62401
accept: */*

Response DefaultHttpResponse(decodeResult: success, version: HTTP/1.1)
HTTP/1.1 200 OK
Content-Type: application/json; charset=utf-8
cache-control: no-cache
content-length: 14

09:06:31.909 [AsyncHttpClient-1-17] DEBUG o.a.netty.channel.ChannelManager - Adding key: http://localhost:62401 for channel [id: 0x6d3e5eec, L:/127.0.0.1:54312 - R:localhost/127.0.0.1:62401]
09:06:31.909 [Forwarding getElementText on session 0f20cf3724d33aafa991a616147d1e5f to remote] DEBUG o.a.netty.request.NettyRequestSender - Using pooled Channel '[id: 0x6d3e5eec, L:/127.0.0.1:54312 - R:localhost/127.0.0.1:62401]' for 'GET' to 'http://localhost:62401/session/0f20cf3724d33aafa991a616147d1e5f/element/1811f947-be28-4951-8182-89219c23188f/text'
09:06:31.910 [Forwarding getElementText on session 0f20cf3724d33aafa991a616147d1e5f to remote] DEBUG o.a.netty.request.NettyRequestSender - Using open Channel [id: 0x6d3e5eec, L:/127.0.0.1:54312 - R:localhost/127.0.0.1:62401] for GET '/session/0f20cf3724d33aafa991a616147d1e5f/element/1811f947-be28-4951-8182-89219c23188f/text'
09:06:31.916 [AsyncHttpClient-1-17] DEBUG o.a.netty.handler.HttpHandler - 

Request DefaultFullHttpRequest(decodeResult: success, version: HTTP/1.1, content: EmptyByteBufBE)
GET /session/0f20cf3724d33aafa991a616147d1e5f/element/1811f947-be28-4951-8182-89219c23188f/text HTTP/1.1
User-Agent: selenium/4.1.2 (java windows)
Cache-Control: no-cache
Content-Type: application/json; charset=utf-8
host: localhost:62401
accept: */*

Response DefaultHttpResponse(decodeResult: success, version: HTTP/1.1)
HTTP/1.1 200 OK
Content-Type: application/json; charset=utf-8
cache-control: no-cache
content-length: 59

09:06:31.916 [AsyncHttpClient-1-17] DEBUG o.a.netty.channel.ChannelManager - Adding key: http://localhost:62401 for channel [id: 0x6d3e5eec, L:/127.0.0.1:54312 - R:localhost/127.0.0.1:62401]
09:06:32.476 [AsyncHttpClient-1-1] DEBUG o.a.netty.channel.DefaultChannelPool - Entry count for : http://localhost:54313 : 1
09:06:32.476 [AsyncHttpClient-1-1] DEBUG o.a.netty.channel.DefaultChannelPool - Entry count for : http://localhost:62401 : 1
09:06:33.583 [AsyncHttpClient-1-1] DEBUG o.a.netty.channel.DefaultChannelPool - Entry count for : http://localhost:54313 : 1
09:06:33.583 [AsyncHttpClient-1-1] DEBUG o.a.netty.channel.DefaultChannelPool - Entry count for : http://localhost:62401 : 1
  &amp#27;[32mThen &amp#27;[0m&amp#27;[32muser should not proceed to Dashboard Page&amp#27;[0m                                                       &amp#27;[90m# stepdefinitions.LoginPageSteps.user_should_not_proceed_to_dashboard_page()&amp#27;[0m
09:06:34.677 [AsyncHttpClient-1-1] DEBUG o.a.netty.channel.DefaultChannelPool - Entry count for : http://localhost:54313 : 1
09:06:34.677 [AsyncHttpClient-1-1] DEBUG o.a.netty.channel.DefaultChannelPool - Entry count for : http://localhost:62401 : 1
09:06:35.783 [AsyncHttpClient-1-1] DEBUG o.a.netty.channel.DefaultChannelPool - Entry count for : http://localhost:54313 : 1
09:06:35.783 [AsyncHttpClient-1-1] DEBUG o.a.netty.channel.DefaultChannelPool - Entry count for : http://localhost:62401 : 1
09:06:35.939 [Forwarding findElement on session 0f20cf3724d33aafa991a616147d1e5f to remote] DEBUG o.a.netty.request.NettyRequestSender - Using pooled Channel '[id: 0x6d3e5eec, L:/127.0.0.1:54312 - R:localhost/127.0.0.1:62401]' for 'POST' to 'http://localhost:62401/session/0f20cf3724d33aafa991a616147d1e5f/element'
09:06:35.940 [Forwarding findElement on session 0f20cf3724d33aafa991a616147d1e5f to remote] DEBUG o.a.netty.request.NettyRequestSender - Using open Channel [id: 0x6d3e5eec, L:/127.0.0.1:54312 - R:localhost/127.0.0.1:62401] for POST '/session/0f20cf3724d33aafa991a616147d1e5f/element'
09:06:35.945 [AsyncHttpClient-1-17] DEBUG o.a.netty.handler.HttpHandler - 

Request DefaultHttpRequest(decodeResult: success, version: HTTP/1.1)
POST /session/0f20cf3724d33aafa991a616147d1e5f/element HTTP/1.1
User-Agent: selenium/4.1.2 (java windows)
Content-Length: 128
Content-Type: application/json; charset=utf-8
host: localhost:62401
accept: */*

Response DefaultHttpResponse(decodeResult: success, version: HTTP/1.1)
HTTP/1.1 200 OK
Content-Type: application/json; charset=utf-8
cache-control: no-cache
content-length: 88

09:06:35.945 [AsyncHttpClient-1-17] DEBUG o.a.netty.channel.ChannelManager - Adding key: http://localhost:62401 for channel [id: 0x6d3e5eec, L:/127.0.0.1:54312 - R:localhost/127.0.0.1:62401]
09:06:35.947 [Forwarding sendKeysToElement on session 0f20cf3724d33aafa991a616147d1e5f to remote] DEBUG o.a.netty.request.NettyRequestSender - Using pooled Channel '[id: 0x6d3e5eec, L:/127.0.0.1:54312 - R:localhost/127.0.0.1:62401]' for 'POST' to 'http://localhost:62401/session/0f20cf3724d33aafa991a616147d1e5f/element/415f6700-8634-49f2-a7d7-f0223a99f299/value'
09:06:35.947 [Forwarding sendKeysToElement on session 0f20cf3724d33aafa991a616147d1e5f to remote] DEBUG o.a.netty.request.NettyRequestSender - Using open Channel [id: 0x6d3e5eec, L:/127.0.0.1:54312 - R:localhost/127.0.0.1:62401] for POST '/session/0f20cf3724d33aafa991a616147d1e5f/element/415f6700-8634-49f2-a7d7-f0223a99f299/value'
09:06:35.979 [AsyncHttpClient-1-17] DEBUG o.a.netty.handler.HttpHandler - 

Request DefaultHttpRequest(decodeResult: success, version: HTTP/1.1)
POST /session/0f20cf3724d33aafa991a616147d1e5f/element/415f6700-8634-49f2-a7d7-f0223a99f299/value HTTP/1.1
User-Agent: selenium/4.1.2 (java windows)
Content-Length: 191
Content-Type: application/json; charset=utf-8
host: localhost:62401
accept: */*

Response DefaultHttpResponse(decodeResult: success, version: HTTP/1.1)
HTTP/1.1 200 OK
Content-Type: application/json; charset=utf-8
cache-control: no-cache
content-length: 14

09:06:35.980 [AsyncHttpClient-1-17] DEBUG o.a.netty.channel.ChannelManager - Adding key: http://localhost:62401 for channel [id: 0x6d3e5eec, L:/127.0.0.1:54312 - R:localhost/127.0.0.1:62401]
09:06:35.981 [Forwarding findElement on session 0f20cf3724d33aafa991a616147d1e5f to remote] DEBUG o.a.netty.request.NettyRequestSender - Using pooled Channel '[id: 0x6d3e5eec, L:/127.0.0.1:54312 - R:localhost/127.0.0.1:62401]' for 'POST' to 'http://localhost:62401/session/0f20cf3724d33aafa991a616147d1e5f/element'
09:06:35.981 [Forwarding findElement on session 0f20cf3724d33aafa991a616147d1e5f to remote] DEBUG o.a.netty.request.NettyRequestSender - Using open Channel [id: 0x6d3e5eec, L:/127.0.0.1:54312 - R:localhost/127.0.0.1:62401] for POST '/session/0f20cf3724d33aafa991a616147d1e5f/element'
09:06:35.988 [AsyncHttpClient-1-17] DEBUG o.a.netty.handler.HttpHandler - 

Request DefaultHttpRequest(decodeResult: success, version: HTTP/1.1)
POST /session/0f20cf3724d33aafa991a616147d1e5f/element HTTP/1.1
User-Agent: selenium/4.1.2 (java windows)
Content-Length: 132
Content-Type: application/json; charset=utf-8
host: localhost:62401
accept: */*

Response DefaultHttpResponse(decodeResult: success, version: HTTP/1.1)
HTTP/1.1 200 OK
Content-Type: application/json; charset=utf-8
cache-control: no-cache
content-length: 88

09:06:35.988 [AsyncHttpClient-1-17] DEBUG o.a.netty.channel.ChannelManager - Adding key: http://localhost:62401 for channel [id: 0x6d3e5eec, L:/127.0.0.1:54312 - R:localhost/127.0.0.1:62401]
09:06:35.989 [Forwarding sendKeysToElement on session 0f20cf3724d33aafa991a616147d1e5f to remote] DEBUG o.a.netty.request.NettyRequestSender - Using pooled Channel '[id: 0x6d3e5eec, L:/127.0.0.1:54312 - R:localhost/127.0.0.1:62401]' for 'POST' to 'http://localhost:62401/session/0f20cf3724d33aafa991a616147d1e5f/element/5aa57f9f-1f8b-46c1-9885-d0a05bf5e0b9/value'
09:06:35.989 [Forwarding sendKeysToElement on session 0f20cf3724d33aafa991a616147d1e5f to remote] DEBUG o.a.netty.request.NettyRequestSender - Using open Channel [id: 0x6d3e5eec, L:/127.0.0.1:54312 - R:localhost/127.0.0.1:62401] for POST '/session/0f20cf3724d33aafa991a616147d1e5f/element/5aa57f9f-1f8b-46c1-9885-d0a05bf5e0b9/value'
09:06:36.030 [AsyncHttpClient-1-17] DEBUG o.a.netty.handler.HttpHandler - 

Request DefaultHttpRequest(decodeResult: success, version: HTTP/1.1)
POST /session/0f20cf3724d33aafa991a616147d1e5f/element/5aa57f9f-1f8b-46c1-9885-d0a05bf5e0b9/value HTTP/1.1
User-Agent: selenium/4.1.2 (java windows)
Content-Length: 161
Content-Type: application/json; charset=utf-8
host: localhost:62401
accept: */*

Response DefaultHttpResponse(decodeResult: success, version: HTTP/1.1)
HTTP/1.1 200 OK
Content-Type: application/json; charset=utf-8
cache-control: no-cache
content-length: 14

09:06:36.031 [AsyncHttpClient-1-17] DEBUG o.a.netty.channel.ChannelManager - Adding key: http://localhost:62401 for channel [id: 0x6d3e5eec, L:/127.0.0.1:54312 - R:localhost/127.0.0.1:62401]
09:06:36.032 [Forwarding findElement on session 0f20cf3724d33aafa991a616147d1e5f to remote] DEBUG o.a.netty.request.NettyRequestSender - Using pooled Channel '[id: 0x6d3e5eec, L:/127.0.0.1:54312 - R:localhost/127.0.0.1:62401]' for 'POST' to 'http://localhost:62401/session/0f20cf3724d33aafa991a616147d1e5f/element'
09:06:36.032 [Forwarding findElement on session 0f20cf3724d33aafa991a616147d1e5f to remote] DEBUG o.a.netty.request.NettyRequestSender - Using open Channel [id: 0x6d3e5eec, L:/127.0.0.1:54312 - R:localhost/127.0.0.1:62401] for POST '/session/0f20cf3724d33aafa991a616147d1e5f/element'
09:06:36.038 [AsyncHttpClient-1-17] DEBUG o.a.netty.handler.HttpHandler - 

Request DefaultHttpRequest(decodeResult: success, version: HTTP/1.1)
POST /session/0f20cf3724d33aafa991a616147d1e5f/element HTTP/1.1
User-Agent: selenium/4.1.2 (java windows)
Content-Length: 125
Content-Type: application/json; charset=utf-8
host: localhost:62401
accept: */*

Response DefaultHttpResponse(decodeResult: success, version: HTTP/1.1)
HTTP/1.1 200 OK
Content-Type: application/json; charset=utf-8
cache-control: no-cache
content-length: 88

09:06:36.039 [AsyncHttpClient-1-17] DEBUG o.a.netty.channel.ChannelManager - Adding key: http://localhost:62401 for channel [id: 0x6d3e5eec, L:/127.0.0.1:54312 - R:localhost/127.0.0.1:62401]
09:06:36.040 [Forwarding clickElement on session 0f20cf3724d33aafa991a616147d1e5f to remote] DEBUG o.a.netty.request.NettyRequestSender - Using pooled Channel '[id: 0x6d3e5eec, L:/127.0.0.1:54312 - R:localhost/127.0.0.1:62401]' for 'POST' to 'http://localhost:62401/session/0f20cf3724d33aafa991a616147d1e5f/element/d351728f-c792-405d-a86e-f28353133f1e/click'
09:06:36.040 [Forwarding clickElement on session 0f20cf3724d33aafa991a616147d1e5f to remote] DEBUG o.a.netty.request.NettyRequestSender - Using open Channel [id: 0x6d3e5eec, L:/127.0.0.1:54312 - R:localhost/127.0.0.1:62401] for POST '/session/0f20cf3724d33aafa991a616147d1e5f/element/d351728f-c792-405d-a86e-f28353133f1e/click'
09:06:36.885 [AsyncHttpClient-1-1] DEBUG o.a.netty.channel.DefaultChannelPool - Entry count for : http://localhost:54313 : 1
09:06:37.970 [AsyncHttpClient-1-1] DEBUG o.a.netty.channel.DefaultChannelPool - Entry count for : http://localhost:54313 : 1
09:06:39.078 [AsyncHttpClient-1-1] DEBUG o.a.netty.channel.DefaultChannelPool - Entry count for : http://localhost:54313 : 1
09:06:40.171 [AsyncHttpClient-1-1] DEBUG o.a.netty.channel.DefaultChannelPool - Entry count for : http://localhost:54313 : 1
09:06:41.271 [AsyncHttpClient-1-1] DEBUG o.a.netty.channel.DefaultChannelPool - Entry count for : http://localhost:54313 : 1
09:06:41.290 [AsyncHttpClient-1-17] DEBUG o.a.netty.handler.HttpHandler - 

Request DefaultHttpRequest(decodeResult: success, version: HTTP/1.1)
POST /session/0f20cf3724d33aafa991a616147d1e5f/element/d351728f-c792-405d-a86e-f28353133f1e/click HTTP/1.1
User-Agent: selenium/4.1.2 (java windows)
Content-Length: 50
Content-Type: application/json; charset=utf-8
host: localhost:62401
accept: */*

Response DefaultHttpResponse(decodeResult: success, version: HTTP/1.1)
HTTP/1.1 200 OK
Content-Type: application/json; charset=utf-8
cache-control: no-cache
content-length: 14

09:06:41.290 [AsyncHttpClient-1-17] DEBUG o.a.netty.channel.ChannelManager - Adding key: http://localhost:62401 for channel [id: 0x6d3e5eec, L:/127.0.0.1:54312 - R:localhost/127.0.0.1:62401]
  &amp#27;[32mWhen &amp#27;[0m&amp#27;[32muser login using valid credentials with username &amp#27;[0m&amp#27;[32m&amp#27;[1m"user@vrbank"&amp#27;[0m&amp#27;[32m and password &amp#27;[0m&amp#27;[32m&amp#27;[1m"pega123!"&amp#27;[0m          &amp#27;[90m# stepdefinitions.LoginPageSteps.user_login_using_valid_credentials_with_username_and_password(java.lang.String,java.lang.String)&amp#27;[0m
09:06:41.294 [Forwarding getTitle on session 0f20cf3724d33aafa991a616147d1e5f to remote] DEBUG o.a.netty.request.NettyRequestSender - Using pooled Channel '[id: 0x6d3e5eec, L:/127.0.0.1:54312 - R:localhost/127.0.0.1:62401]' for 'GET' to 'http://localhost:62401/session/0f20cf3724d33aafa991a616147d1e5f/title'
09:06:41.294 [Forwarding getTitle on session 0f20cf3724d33aafa991a616147d1e5f to remote] DEBUG o.a.netty.request.NettyRequestSender - Using open Channel [id: 0x6d3e5eec, L:/127.0.0.1:54312 - R:localhost/127.0.0.1:62401] for GET '/session/0f20cf3724d33aafa991a616147d1e5f/title'
09:06:41.297 [AsyncHttpClient-1-17] DEBUG o.a.netty.handler.HttpHandler - 

Request DefaultFullHttpRequest(decodeResult: success, version: HTTP/1.1, content: EmptyByteBufBE)
GET /session/0f20cf3724d33aafa991a616147d1e5f/title HTTP/1.1
User-Agent: selenium/4.1.2 (java windows)
Cache-Control: no-cache
Content-Type: application/json; charset=utf-8
host: localhost:62401
accept: */*

Response DefaultHttpResponse(decodeResult: success, version: HTTP/1.1)
HTTP/1.1 200 OK
Content-Type: application/json; charset=utf-8
cache-control: no-cache
content-length: 30

09:06:41.297 [AsyncHttpClient-1-17] DEBUG o.a.netty.channel.ChannelManager - Adding key: http://localhost:62401 for channel [id: 0x6d3e5eec, L:/127.0.0.1:54312 - R:localhost/127.0.0.1:62401]
09:06:41.298 [Forwarding getTitle on session 0f20cf3724d33aafa991a616147d1e5f to remote] DEBUG o.a.netty.request.NettyRequestSender - Using pooled Channel '[id: 0x6d3e5eec, L:/127.0.0.1:54312 - R:localhost/127.0.0.1:62401]' for 'GET' to 'http://localhost:62401/session/0f20cf3724d33aafa991a616147d1e5f/title'
09:06:41.298 [Forwarding getTitle on session 0f20cf3724d33aafa991a616147d1e5f to remote] DEBUG o.a.netty.request.NettyRequestSender - Using open Channel [id: 0x6d3e5eec, L:/127.0.0.1:54312 - R:localhost/127.0.0.1:62401] for GET '/session/0f20cf3724d33aafa991a616147d1e5f/title'
09:06:41.300 [AsyncHttpClient-1-17] DEBUG o.a.netty.handler.HttpHandler - 

Request DefaultFullHttpRequest(decodeResult: success, version: HTTP/1.1, content: EmptyByteBufBE)
GET /session/0f20cf3724d33aafa991a616147d1e5f/title HTTP/1.1
User-Agent: selenium/4.1.2 (java windows)
Cache-Control: no-cache
Content-Type: application/json; charset=utf-8
host: localhost:62401
accept: */*

Response DefaultHttpResponse(decodeResult: success, version: HTTP/1.1)
HTTP/1.1 200 OK
Content-Type: application/json; charset=utf-8
cache-control: no-cache
content-length: 30

09:06:41.300 [AsyncHttpClient-1-17] DEBUG o.a.netty.channel.ChannelManager - Adding key: http://localhost:62401 for channel [id: 0x6d3e5eec, L:/127.0.0.1:54312 - R:localhost/127.0.0.1:62401]
09:06:42.383 [AsyncHttpClient-1-1] DEBUG o.a.netty.channel.DefaultChannelPool - Entry count for : http://localhost:54313 : 1
09:06:42.383 [AsyncHttpClient-1-1] DEBUG o.a.netty.channel.DefaultChannelPool - Entry count for : http://localhost:62401 : 1
09:06:43.483 [AsyncHttpClient-1-1] DEBUG o.a.netty.channel.DefaultChannelPool - Entry count for : http://localhost:54313 : 1
09:06:43.483 [AsyncHttpClient-1-1] DEBUG o.a.netty.channel.DefaultChannelPool - Entry count for : http://localhost:62401 : 1
09:06:44.579 [AsyncHttpClient-1-1] DEBUG o.a.netty.channel.DefaultChannelPool - Entry count for : http://localhost:54313 : 1
09:06:44.579 [AsyncHttpClient-1-1] DEBUG o.a.netty.channel.DefaultChannelPool - Entry count for : http://localhost:62401 : 1
09:06:45.677 [AsyncHttpClient-1-1] DEBUG o.a.netty.channel.DefaultChannelPool - Entry count for : http://localhost:54313 : 1
09:06:45.677 [AsyncHttpClient-1-1] DEBUG o.a.netty.channel.DefaultChannelPool - Entry count for : http://localhost:62401 : 1
  &amp#27;[32mThen &amp#27;[0m&amp#27;[32muser should proceed to Dashboard Page&amp#27;[0m                                                           &amp#27;[90m# stepdefinitions.LoginPageSteps.user_should_proceed_to_dashboard_page()&amp#27;[0m
09:06:46.318 [AsyncHttpClient-1-19] DEBUG o.a.netty.handler.WebSocketHandler - Channel Closed: [id: 0xfda117ca, L:/127.0.0.1:54320 ! R:localhost/127.0.0.1:54313] with attribute NettyResponseFuture{currentRetry=5,
	isDone=1,
	isCancelled=0,
	asyncHandler=org.asynchttpclient.ws.WebSocketUpgradeHandler@197a792f,
	nettyRequest=org.asynchttpclient.netty.request.NettyRequest@5c78f464,
	future=java.util.concurrent.CompletableFuture@5feb055e[Completed normally],
	uri=ws://localhost:54313/devtools/browser/c2aac36e-f9c4-4752-a7ed-3ea4845b964c,
	keepAlive=true,
	redirectCount=0,
	timeoutsHolder=null,
	inAuth=0,
	touch=1648602375969}
09:06:46.318 [AsyncHttpClient-1-19] DEBUG o.a.netty.channel.ChannelManager - Closing Channel [id: 0xfda117ca, L:/127.0.0.1:54320 ! R:localhost/127.0.0.1:54313] 
09:06:46.318 [Driver Command Executor] DEBUG o.a.netty.request.NettyRequestSender - Using pooled Channel '[id: 0x6d3e5eec, L:/127.0.0.1:54312 - R:localhost/127.0.0.1:62401]' for 'DELETE' to 'http://localhost:62401/session/0f20cf3724d33aafa991a616147d1e5f'
09:06:46.318 [Driver Command Executor] DEBUG o.a.netty.request.NettyRequestSender - Using open Channel [id: 0x6d3e5eec, L:/127.0.0.1:54312 - R:localhost/127.0.0.1:62401] for DELETE '/session/0f20cf3724d33aafa991a616147d1e5f'
09:06:46.339 [AsyncHttpClient-1-18] DEBUG o.a.netty.handler.HttpHandler - Unexpected I/O exception on channel [id: 0x95669d33, L:/127.0.0.1:54319 - R:localhost/127.0.0.1:54313]
java.net.SocketException: Connection reset
	at java.base/sun.nio.ch.SocketChannelImpl.throwConnectionReset(SocketChannelImpl.java:367) ~[na:na]
	at java.base/sun.nio.ch.SocketChannelImpl.read(SocketChannelImpl.java:398) ~[na:na]
	at io.netty.buffer.PooledByteBuf.setBytes(PooledByteBuf.java:253) ~[netty-buffer-4.1.70.Final.jar:4.1.70.Final]
	at io.netty.buffer.AbstractByteBuf.writeBytes(AbstractByteBuf.java:1132) ~[netty-buffer-4.1.70.Final.jar:4.1.70.Final]
	at io.netty.channel.socket.nio.NioSocketChannel.doReadBytes(NioSocketChannel.java:350) ~[netty-transport-4.1.70.Final.jar:4.1.70.Final]
	at io.netty.channel.nio.AbstractNioByteChannel$NioByteUnsafe.read(AbstractNioByteChannel.java:151) ~[netty-transport-4.1.70.Final.jar:4.1.70.Final]
	at io.netty.channel.nio.NioEventLoop.processSelectedKey(NioEventLoop.java:719) ~[netty-transport-4.1.70.Final.jar:4.1.70.Final]
	at io.netty.channel.nio.NioEventLoop.processSelectedKeysOptimized(NioEventLoop.java:655) ~[netty-transport-4.1.70.Final.jar:4.1.70.Final]
	at io.netty.channel.nio.NioEventLoop.processSelectedKeys(NioEventLoop.java:581) ~[netty-transport-4.1.70.Final.jar:4.1.70.Final]
	at io.netty.channel.nio.NioEventLoop.run(NioEventLoop.java:493) ~[netty-transport-4.1.70.Final.jar:4.1.70.Final]
	at io.netty.util.concurrent.SingleThreadEventExecutor$4.run(SingleThreadEventExecutor.java:986) ~[netty-common-4.1.70.Final.jar:4.1.70.Final]
	at io.netty.util.internal.ThreadExecutorMap$2.run(ThreadExecutorMap.java:74) ~[netty-common-4.1.70.Final.jar:4.1.70.Final]
	at io.netty.util.concurrent.FastThreadLocalRunnable.run(FastThreadLocalRunnable.java:30) ~[netty-common-4.1.70.Final.jar:4.1.70.Final]
	at java.base/java.lang.Thread.run(Thread.java:832) ~[na:na]
09:06:46.339 [AsyncHttpClient-1-18] DEBUG o.a.netty.channel.ChannelManager - Closing Channel [id: 0x95669d33, L:/127.0.0.1:54319 - R:localhost/127.0.0.1:54313] 
09:06:46.339 [AsyncHttpClient-1-18] DEBUG o.a.netty.handler.HttpHandler - Channel Closed: [id: 0x95669d33, L:/127.0.0.1:54319 ! R:localhost/127.0.0.1:54313] with attribute DISCARD
09:06:46.353 [AsyncHttpClient-1-17] DEBUG o.a.netty.handler.HttpHandler - 

Request DefaultFullHttpRequest(decodeResult: success, version: HTTP/1.1, content: EmptyByteBufBE)
DELETE /session/0f20cf3724d33aafa991a616147d1e5f HTTP/1.1
User-Agent: selenium/4.1.2 (java windows)
Content-Type: application/json; charset=utf-8
host: localhost:62401
accept: */*

Response DefaultHttpResponse(decodeResult: success, version: HTTP/1.1)
HTTP/1.1 200 OK
Content-Type: application/json; charset=utf-8
cache-control: no-cache
content-length: 14

09:06:46.353 [AsyncHttpClient-1-17] DEBUG o.a.netty.channel.ChannelManager - Adding key: http://localhost:62401 for channel [id: 0x6d3e5eec, L:/127.0.0.1:54312 - R:localhost/127.0.0.1:62401]
09:06:46.414 [AsyncHttpClient-1-17] DEBUG o.a.netty.handler.HttpHandler - Channel Closed: [id: 0x6d3e5eec, L:/127.0.0.1:54312 ! R:localhost/127.0.0.1:62401] with attribute DISCARD
09:06:46.775 [AsyncHttpClient-1-1] DEBUG o.a.netty.channel.DefaultChannelPool - Entry count for : http://localhost:54313 : 1
09:06:46.775 [AsyncHttpClient-1-1] DEBUG o.a.netty.channel.DefaultChannelPool - Entry count for : http://localhost:62401 : 1
09:06:46.775 [AsyncHttpClient-1-1] DEBUG o.a.netty.channel.DefaultChannelPool - Adding Candidate expired Channel [id: 0x95669d33, L:/127.0.0.1:54319 ! R:localhost/127.0.0.1:54313] isIdleTimeoutExpired=false isRemotelyClosed=true isTtlExpired=false
09:06:46.775 [AsyncHttpClient-1-1] DEBUG o.a.netty.channel.DefaultChannelPool - Closing Idle Channel [id: 0x95669d33, L:/127.0.0.1:54319 ! R:localhost/127.0.0.1:54313]
09:06:46.775 [AsyncHttpClient-1-1] DEBUG o.a.netty.channel.DefaultChannelPool - Adding Candidate expired Channel [id: 0x6d3e5eec, L:/127.0.0.1:54312 ! R:localhost/127.0.0.1:62401] isIdleTimeoutExpired=false isRemotelyClosed=true isTtlExpired=false
09:06:46.775 [AsyncHttpClient-1-1] DEBUG o.a.netty.channel.DefaultChannelPool - Closing Idle Channel [id: 0x6d3e5eec, L:/127.0.0.1:54312 ! R:localhost/127.0.0.1:62401]
09:06:46.775 [AsyncHttpClient-1-1] DEBUG o.a.netty.channel.DefaultChannelPool - Closed 2 connections out of 2 in 0 ms
09:06:46.933 [main] INFO   - 
  _____   ___   ___   _____     ___     _     ___   ___   ___   ___  
 |_   _| | __| / __| |_   _|   | _ \   /_\   / __| / __| | __| |   \ 
   | |   | _|  \__ \   | |     |  _/  / _ \  \__ \ \__ \ | _|  | |) |
   |_|   |___| |___/   |_|     |_|   /_/ \_\ |___/ |___/ |___| |___/ 

Login to PEGA Site using User
----------------------------------------------------------------------
]]></system-out>
    <system-err><![CDATA[Starting ChromeDriver 99.0.4844.51 (d537ec02474b5afe23684e7963d538896c63ac77-refs/branch-heads/4844@{#875}) on port 62401
Only local connections are allowed.
Please see https://chromedriver.chromium.org/security-considerations for suggestions on keeping ChromeDriver safe.
ChromeDriver was started successfully.
Mar 30, 2022 9:06:15 AM org.openqa.selenium.remote.ProtocolHandshake createSession
INFO: Detected dialect: W3C
Mar 30, 2022 9:06:15 AM org.openqa.selenium.devtools.CdpVersionFinder findNearestMatch
WARNING: Unable to find an exact match for CDP version 99, so returning the closest version found: 96
Mar 30, 2022 9:06:15 AM org.openqa.selenium.devtools.CdpVersionFinder findNearestMatch
INFO: Found CDP implementation for version 99 of 96
]]></system-err>
  </testcase>
</testsuite>