<?xml version="1.0" encoding="UTF-8"?>
<testsuite xmlns:xsi="http://www.w3.org/2001/XMLSchema-instance" xsi:noNamespaceSchemaLocation="https://maven.apache.org/surefire/maven-surefire-plugin/xsd/surefire-test-report-3.0.xsd" version="3.0" name="testsuites.HCLSerenityTestRunner" time="98.741" tests="3" errors="0" skipped="0" failures="0">
  <properties>
    <property name="java.specification.version" value="15"/>
    <property name="webdriver.chrome.driver" value="C:\Users\DheyClaveria\.cache\selenium\chromedriver\win32\99.0.4844.51\chromedriver.exe"/>
    <property name="sun.cpu.isalist" value="amd64"/>
    <property name="sun.jnu.encoding" value="Cp1252"/>
    <property name="java.class.path" value="Z:\Automation\JavaCucumber\BDD_HCL\CucumberHCL\target\test-classes;Z:\Automation\JavaCucumber\BDD_HCL\CucumberHCL\target\classes;C:\Users\DheyClaveria\.m2\repository\com\github\ralfstuckert\pdfbox-layout\pdfbox2-layout\1.0.1\pdfbox2-layout-1.0.1.jar;C:\Users\DheyClaveria\.m2\repository\org\apache\pdfbox\pdfbox\2.0.4\pdfbox-2.0.4.jar;C:\Users\DheyClaveria\.m2\repository\org\apache\pdfbox\fontbox\2.0.4\fontbox-2.0.4.jar;C:\Users\DheyClaveria\.m2\repository\commons-logging\commons-logging\1.2\commons-logging-1.2.jar;C:\Users\DheyClaveria\.m2\repository\io\rest-assured\rest-assured-all\4.3.2\rest-assured-all-4.3.2.jar;C:\Users\DheyClaveria\.m2\repository\org\codehaus\groovy\groovy\3.0.6\groovy-3.0.6.jar;C:\Users\DheyClaveria\.m2\repository\org\apache\commons\commons-lang3\3.11\commons-lang3-3.11.jar;C:\Users\DheyClaveria\.m2\repository\org\codehaus\groovy\groovy-xml\3.0.6\groovy-xml-3.0.6.jar;C:\Users\DheyClaveria\.m2\repository\org\ccil\cowan\tagsoup\tagsoup\1.2.1\tagsoup-1.2.1.jar;C:\Users\DheyClaveria\.m2\repository\jakarta\xml\bind\jakarta.xml.bind-api\2.3.3\jakarta.xml.bind-api-2.3.3.jar;C:\Users\DheyClaveria\.m2\repository\jakarta\activation\jakarta.activation-api\1.2.2\jakarta.activation-api-1.2.2.jar;C:\Users\DheyClaveria\.m2\repository\com\sun\xml\bind\jaxb-impl\2.3.3\jaxb-impl-2.3.3.jar;C:\Users\DheyClaveria\.m2\repository\org\codehaus\groovy\groovy-json\3.0.6\groovy-json-3.0.6.jar;C:\Users\DheyClaveria\.m2\repository\ch\qos\logback\logback-classic\1.1.3\logback-classic-1.1.3.jar;C:\Users\DheyClaveria\.m2\repository\ch\qos\logback\logback-core\1.1.3\logback-core-1.1.3.jar;C:\Users\DheyClaveria\.m2\repository\org\slf4j\slf4j-api\1.7.7\slf4j-api-1.7.7.jar;C:\Users\DheyClaveria\.m2\repository\org\json\json\20210307\json-20210307.jar;C:\Users\DheyClaveria\.m2\repository\com\ea\async\ea-async\1.2.3\ea-async-1.2.3.jar;C:\Users\DheyClaveria\.m2\repository\junit\junit\4.13.1\junit-4.13.1.jar;C:\Users\DheyClaveria\.m2\repository\org\hamcrest\hamcrest-core\1.3\hamcrest-core-1.3.jar;C:\Users\DheyClaveria\.m2\repository\net\serenity-bdd\serenity-assertions\3.2.1\serenity-assertions-3.2.1.jar;C:\Users\DheyClaveria\.m2\repository\net\serenity-bdd\serenity-screenplay\3.2.1\serenity-screenplay-3.2.1.jar;C:\Users\DheyClaveria\.m2\repository\org\assertj\assertj-core\3.22.0\assertj-core-3.22.0.jar;C:\Users\DheyClaveria\.m2\repository\net\serenity-bdd\serenity-ensure\3.2.1\serenity-ensure-3.2.1.jar;C:\Users\DheyClaveria\.m2\repository\net\serenity-bdd\serenity-model\3.2.1\serenity-model-3.2.1.jar;C:\Users\DheyClaveria\.m2\repository\org\apache\commons\commons-text\1.9\commons-text-1.9.jar;C:\Users\DheyClaveria\.m2\repository\commons-net\commons-net\3.8.0\commons-net-3.8.0.jar;C:\Users\DheyClaveria\.m2\repository\com\google\inject\guice\5.1.0\guice-5.1.0.jar;C:\Users\DheyClaveria\.m2\repository\javax\inject\javax.inject\1\javax.inject-1.jar;C:\Users\DheyClaveria\.m2\repository\aopalliance\aopalliance\1.0\aopalliance-1.0.jar;C:\Users\DheyClaveria\.m2\repository\com\thoughtworks\xstream\xstream\1.4.19\xstream-1.4.19.jar;C:\Users\DheyClaveria\.m2\repository\io\github\x-stream\mxparser\1.2.2\mxparser-1.2.2.jar;C:\Users\DheyClaveria\.m2\repository\xmlpull\xmlpull\1.1.3.1\xmlpull-1.1.3.1.jar;C:\Users\DheyClaveria\.m2\repository\com\typesafe\config\1.4.2\config-1.4.2.jar;C:\Users\DheyClaveria\.m2\repository\org\imgscalr\imgscalr-lib\4.2\imgscalr-lib-4.2.jar;C:\Users\DheyClaveria\.m2\repository\org\awaitility\awaitility\4.2.0\awaitility-4.2.0.jar;C:\Users\DheyClaveria\.m2\repository\org\freemarker\freemarker\2.3.31\freemarker-2.3.31.jar;C:\Users\DheyClaveria\.m2\repository\io\github\classgraph\classgraph\4.8.138\classgraph-4.8.138.jar;C:\Users\DheyClaveria\.m2\repository\net\sourceforge\jexcelapi\jxl\2.6.12\jxl-2.6.12.jar;C:\Users\DheyClaveria\.m2\repository\net\bytebuddy\byte-buddy\1.12.8\byte-buddy-1.12.8.jar;C:\Users\DheyClaveria\.m2\repository\net\bytebuddy\byte-buddy-agent\1.12.8\byte-buddy-agent-1.12.8.jar;C:\Users\DheyClaveria\.m2\repository\org\objenesis\objenesis\3.1\objenesis-3.1.jar;C:\Users\DheyClaveria\.m2\repository\net\serenity-bdd\serenity-screenplay-webdriver\3.2.1\serenity-screenplay-webdriver-3.2.1.jar;C:\Users\DheyClaveria\.m2\repository\org\jetbrains\kotlin\kotlin-stdlib\1.6.0\kotlin-stdlib-1.6.0.jar;C:\Users\DheyClaveria\.m2\repository\org\jetbrains\annotations\13.0\annotations-13.0.jar;C:\Users\DheyClaveria\.m2\repository\org\jetbrains\kotlin\kotlin-stdlib-common\1.6.0\kotlin-stdlib-common-1.6.0.jar;C:\Users\DheyClaveria\.m2\repository\net\serenity-bdd\serenity-core\3.2.1\serenity-core-3.2.1.jar;C:\Users\DheyClaveria\.m2\repository\net\serenity-bdd\serenity-reports\3.2.1\serenity-reports-3.2.1.jar;C:\Users\DheyClaveria\.m2\repository\net\serenity-bdd\serenity-stats\3.2.1\serenity-stats-3.2.1.jar;C:\Users\DheyClaveria\.m2\repository\net\serenity-bdd\serenity-reports-configuration\3.2.1\serenity-reports-configuration-3.2.1.jar;C:\Users\DheyClaveria\.m2\repository\com\vladsch\flexmark\flexmark-all\0.34.30\flexmark-all-0.34.30.jar;C:\Users\DheyClaveria\.m2\repository\com\vladsch\flexmark\flexmark\0.34.30\flexmark-0.34.30.jar;C:\Users\DheyClaveria\.m2\repository\com\vladsch\flexmark\flexmark-ext-abbreviation\0.34.30\flexmark-ext-abbreviation-0.34.30.jar;C:\Users\DheyClaveria\.m2\repository\com\vladsch\flexmark\flexmark-ext-admonition\0.34.30\flexmark-ext-admonition-0.34.30.jar;C:\Users\DheyClaveria\.m2\repository\com\vladsch\flexmark\flexmark-ext-anchorlink\0.34.30\flexmark-ext-anchorlink-0.34.30.jar;C:\Users\DheyClaveria\.m2\repository\com\vladsch\flexmark\flexmark-ext-aside\0.34.30\flexmark-ext-aside-0.34.30.jar;C:\Users\DheyClaveria\.m2\repository\com\vladsch\flexmark\flexmark-ext-attributes\0.34.30\flexmark-ext-attributes-0.34.30.jar;C:\Users\DheyClaveria\.m2\repository\com\vladsch\flexmark\flexmark-ext-autolink\0.34.30\flexmark-ext-autolink-0.34.30.jar;C:\Users\DheyClaveria\.m2\repository\org\nibor\autolink\autolink\0.6.0\autolink-0.6.0.jar;C:\Users\DheyClaveria\.m2\repository\com\vladsch\flexmark\flexmark-ext-definition\0.34.30\flexmark-ext-definition-0.34.30.jar;C:\Users\DheyClaveria\.m2\repository\com\vladsch\flexmark\flexmark-ext-emoji\0.34.30\flexmark-ext-emoji-0.34.30.jar;C:\Users\DheyClaveria\.m2\repository\com\vladsch\flexmark\flexmark-ext-enumerated-reference\0.34.30\flexmark-ext-enumerated-reference-0.34.30.jar;C:\Users\DheyClaveria\.m2\repository\com\vladsch\flexmark\flexmark-ext-escaped-character\0.34.30\flexmark-ext-escaped-character-0.34.30.jar;C:\Users\DheyClaveria\.m2\repository\com\vladsch\flexmark\flexmark-ext-footnotes\0.34.30\flexmark-ext-footnotes-0.34.30.jar;C:\Users\DheyClaveria\.m2\repository\com\vladsch\flexmark\flexmark-ext-gfm-issues\0.34.30\flexmark-ext-gfm-issues-0.34.30.jar;C:\Users\DheyClaveria\.m2\repository\com\vladsch\flexmark\flexmark-ext-gfm-strikethrough\0.34.30\flexmark-ext-gfm-strikethrough-0.34.30.jar;C:\Users\DheyClaveria\.m2\repository\com\vladsch\flexmark\flexmark-ext-gfm-tables\0.34.30\flexmark-ext-gfm-tables-0.34.30.jar;C:\Users\DheyClaveria\.m2\repository\com\vladsch\flexmark\flexmark-ext-gfm-tasklist\0.34.30\flexmark-ext-gfm-tasklist-0.34.30.jar;C:\Users\DheyClaveria\.m2\repository\com\vladsch\flexmark\flexmark-ext-gfm-users\0.34.30\flexmark-ext-gfm-users-0.34.30.jar;C:\Users\DheyClaveria\.m2\repository\com\vladsch\flexmark\flexmark-ext-gitlab\0.34.30\flexmark-ext-gitlab-0.34.30.jar;C:\Users\DheyClaveria\.m2\repository\com\vladsch\flexmark\flexmark-ext-jekyll-front-matter\0.34.30\flexmark-ext-jekyll-front-matter-0.34.30.jar;C:\Users\DheyClaveria\.m2\repository\com\vladsch\flexmark\flexmark-ext-jekyll-tag\0.34.30\flexmark-ext-jekyll-tag-0.34.30.jar;C:\Users\DheyClaveria\.m2\repository\com\vladsch\flexmark\flexmark-ext-media-tags\0.34.30\flexmark-ext-media-tags-0.34.30.jar;C:\Users\DheyClaveria\.m2\repository\com\vladsch\flexmark\flexmark-test-util\0.34.30\flexmark-test-util-0.34.30.jar;C:\Users\DheyClaveria\.m2\repository\com\vladsch\flexmark\flexmark-ext-ins\0.34.30\flexmark-ext-ins-0.34.30.jar;C:\Users\DheyClaveria\.m2\repository\com\vladsch\flexmark\flexmark-ext-xwiki-macros\0.34.30\flexmark-ext-xwiki-macros-0.34.30.jar;C:\Users\DheyClaveria\.m2\repository\com\vladsch\flexmark\flexmark-ext-superscript\0.34.30\flexmark-ext-superscript-0.34.30.jar;C:\Users\DheyClaveria\.m2\repository\com\vladsch\flexmark\flexmark-ext-tables\0.34.30\flexmark-ext-tables-0.34.30.jar;C:\Users\DheyClaveria\.m2\repository\com\vladsch\flexmark\flexmark-ext-toc\0.34.30\flexmark-ext-toc-0.34.30.jar;C:\Users\DheyClaveria\.m2\repository\com\vladsch\flexmark\flexmark-ext-typographic\0.34.30\flexmark-ext-typographic-0.34.30.jar;C:\Users\DheyClaveria\.m2\repository\com\vladsch\flexmark\flexmark-ext-wikilink\0.34.30\flexmark-ext-wikilink-0.34.30.jar;C:\Users\DheyClaveria\.m2\repository\com\vladsch\flexmark\flexmark-ext-yaml-front-matter\0.34.30\flexmark-ext-yaml-front-matter-0.34.30.jar;C:\Users\DheyClaveria\.m2\repository\com\vladsch\flexmark\flexmark-ext-youtube-embedded\0.34.30\flexmark-ext-youtube-embedded-0.34.30.jar;C:\Users\DheyClaveria\.m2\repository\com\vladsch\flexmark\flexmark-formatter\0.34.30\flexmark-formatter-0.34.30.jar;C:\Users\DheyClaveria\.m2\repository\com\vladsch\flexmark\flexmark-html-parser\0.34.30\flexmark-html-parser-0.34.30.jar;C:\Users\DheyClaveria\.m2\repository\com\vladsch\flexmark\flexmark-jira-converter\0.34.30\flexmark-jira-converter-0.34.30.jar;C:\Users\DheyClaveria\.m2\repository\com\vladsch\flexmark\flexmark-pdf-converter\0.34.30\flexmark-pdf-converter-0.34.30.jar;C:\Users\DheyClaveria\.m2\repository\com\openhtmltopdf\openhtmltopdf-core\0.0.1-RC13\openhtmltopdf-core-0.0.1-RC13.jar;C:\Users\DheyClaveria\.m2\repository\com\openhtmltopdf\openhtmltopdf-pdfbox\0.0.1-RC13\openhtmltopdf-pdfbox-0.0.1-RC13.jar;C:\Users\DheyClaveria\.m2\repository\org\apache\pdfbox\xmpbox\2.0.8\xmpbox-2.0.8.jar;C:\Users\DheyClaveria\.m2\repository\com\openhtmltopdf\openhtmltopdf-rtl-support\0.0.1-RC13\openhtmltopdf-rtl-support-0.0.1-RC13.jar;C:\Users\DheyClaveria\.m2\repository\com\ibm\icu\icu4j\59.1\icu4j-59.1.jar;C:\Users\DheyClaveria\.m2\repository\com\openhtmltopdf\openhtmltopdf-jsoup-dom-converter\0.0.1-RC13\openhtmltopdf-jsoup-dom-converter-0.0.1-RC13.jar;C:\Users\DheyClaveria\.m2\repository\com\vladsch\flexmark\flexmark-profile-pegdown\0.34.30\flexmark-profile-pegdown-0.34.30.jar;C:\Users\DheyClaveria\.m2\repository\com\vladsch\flexmark\flexmark-util\0.34.30\flexmark-util-0.34.30.jar;C:\Users\DheyClaveria\.m2\repository\com\vladsch\flexmark\flexmark-youtrack-converter\0.34.30\flexmark-youtrack-converter-0.34.30.jar;C:\Users\DheyClaveria\.m2\repository\es\nitaur\markdown\txtmark\0.16\txtmark-0.16.jar;C:\Users\DheyClaveria\.m2\repository\net\serenity-bdd\serenity-report-resources\3.2.1\serenity-report-resources-3.2.1.jar;C:\Users\DheyClaveria\.m2\repository\com\google\code\gson\gson\2.9.0\gson-2.9.0.jar;C:\Users\DheyClaveria\.m2\repository\com\fasterxml\jackson\core\jackson-core\2.13.2\jackson-core-2.13.2.jar;C:\Users\DheyClaveria\.m2\repository\com\fasterxml\jackson\core\jackson-databind\2.13.2\jackson-databind-2.13.2.jar;C:\Users\DheyClaveria\.m2\repository\com\fasterxml\jackson\core\jackson-annotations\2.13.2\jackson-annotations-2.13.2.jar;C:\Users\DheyClaveria\.m2\repository\commons-codec\commons-codec\1.15\commons-codec-1.15.jar;C:\Users\DheyClaveria\.m2\repository\commons-io\commons-io\2.11.0\commons-io-2.11.0.jar;C:\Users\DheyClaveria\.m2\repository\org\seleniumhq\selenium\selenium-api\4.1.2\selenium-api-4.1.2.jar;C:\Users\DheyClaveria\.m2\repository\org\seleniumhq\selenium\selenium-support\4.1.2\selenium-support-4.1.2.jar;C:\Users\DheyClaveria\.m2\repository\org\seleniumhq\selenium\selenium-firefox-driver\4.1.2\selenium-firefox-driver-4.1.2.jar;C:\Users\DheyClaveria\.m2\repository\org\seleniumhq\selenium\selenium-edge-driver\4.1.2\selenium-edge-driver-4.1.2.jar;C:\Users\DheyClaveria\.m2\repository\org\seleniumhq\selenium\selenium-ie-driver\4.1.2\selenium-ie-driver-4.1.2.jar;C:\Users\DheyClaveria\.m2\repository\org\projectlombok\lombok\1.18.20\lombok-1.18.20.jar;C:\Users\DheyClaveria\.m2\repository\io\appium\java-client\8.0.0\java-client-8.0.0.jar;C:\Users\DheyClaveria\.m2\repository\commons-validator\commons-validator\1.7\commons-validator-1.7.jar;C:\Users\DheyClaveria\.m2\repository\commons-digester\commons-digester\2.1\commons-digester-2.1.jar;C:\Users\DheyClaveria\.m2\repository\org\aspectj\aspectjweaver\1.9.8\aspectjweaver-1.9.8.jar;C:\Users\DheyClaveria\.m2\repository\net\sf\opencsv\opencsv\2.0\opencsv-2.0.jar;C:\Users\DheyClaveria\.m2\repository\commons-beanutils\commons-beanutils\1.9.4\commons-beanutils-1.9.4.jar;C:\Users\DheyClaveria\.m2\repository\commons-collections\commons-collections\3.2.2\commons-collections-3.2.2.jar;C:\Users\DheyClaveria\.m2\repository\org\fluentlenium\fluentlenium-core\0.10.2\fluentlenium-core-0.10.2.jar;C:\Users\DheyClaveria\.m2\repository\com\jhlabs\filters\2.0.235\filters-2.0.235.jar;C:\Users\DheyClaveria\.m2\repository\com\paulhammant\ngwebdriver\1.1.6\ngwebdriver-1.1.6.jar;C:\Users\DheyClaveria\.m2\repository\joda-time\joda-time\2.8.2\joda-time-2.8.2.jar;C:\Users\DheyClaveria\.m2\repository\org\hamcrest\hamcrest\2.2\hamcrest-2.2.jar;C:\Users\DheyClaveria\.m2\repository\com\google\jimfs\jimfs\1.2\jimfs-1.2.jar;C:\Users\DheyClaveria\.m2\repository\org\mockito\mockito-core\3.3.3\mockito-core-3.3.3.jar;C:\Users\DheyClaveria\.m2\repository\javax\xml\bind\jaxb-api\2.3.1\jaxb-api-2.3.1.jar;C:\Users\DheyClaveria\.m2\repository\javax\activation\javax.activation-api\1.2.0\javax.activation-api-1.2.0.jar;C:\Users\DheyClaveria\.m2\repository\com\sun\xml\bind\jaxb-core\2.3.0.1\jaxb-core-2.3.0.1.jar;C:\Users\DheyClaveria\.m2\repository\javax\activation\activation\1.1.1\activation-1.1.1.jar;C:\Users\DheyClaveria\.m2\repository\net\serenity-bdd\serenity-junit\3.2.1\serenity-junit-3.2.1.jar;C:\Users\DheyClaveria\.m2\repository\net\serenity-bdd\serenity-cucumber\3.2.1\serenity-cucumber-3.2.1.jar;C:\Users\DheyClaveria\.m2\repository\org\apache\commons\commons-csv\1.5\commons-csv-1.5.jar;C:\Users\DheyClaveria\.m2\repository\net\serenity-bdd\serenity-rest-assured\3.2.1\serenity-rest-assured-3.2.1.jar;C:\Users\DheyClaveria\.m2\repository\org\apache\httpcomponents\httpclient\4.5.13\httpclient-4.5.13.jar;C:\Users\DheyClaveria\.m2\repository\org\apache\httpcomponents\httpcore\4.4.13\httpcore-4.4.13.jar;C:\Users\DheyClaveria\.m2\repository\io\rest-assured\rest-assured\4.5.1\rest-assured-4.5.1.jar;C:\Users\DheyClaveria\.m2\repository\org\apache\httpcomponents\httpmime\4.5.13\httpmime-4.5.13.jar;C:\Users\DheyClaveria\.m2\repository\io\rest-assured\json-path\4.5.1\json-path-4.5.1.jar;C:\Users\DheyClaveria\.m2\repository\io\rest-assured\rest-assured-common\4.5.1\rest-assured-common-4.5.1.jar;C:\Users\DheyClaveria\.m2\repository\io\rest-assured\xml-path\4.5.1\xml-path-4.5.1.jar;C:\Users\DheyClaveria\.m2\repository\org\opentest4j\opentest4j\1.2.0\opentest4j-1.2.0.jar;C:\Users\DheyClaveria\.m2\repository\io\cucumber\cucumber-java\7.2.3\cucumber-java-7.2.3.jar;C:\Users\DheyClaveria\.m2\repository\org\apiguardian\apiguardian-api\1.1.2\apiguardian-api-1.1.2.jar;C:\Users\DheyClaveria\.m2\repository\io\cucumber\cucumber-junit\7.2.3\cucumber-junit-7.2.3.jar;C:\Users\DheyClaveria\.m2\repository\io\cucumber\cucumber-core\7.2.3\cucumber-core-7.2.3.jar;C:\Users\DheyClaveria\.m2\repository\io\cucumber\cucumber-gherkin\7.2.3\cucumber-gherkin-7.2.3.jar;C:\Users\DheyClaveria\.m2\repository\io\cucumber\cucumber-gherkin-messages\7.2.3\cucumber-gherkin-messages-7.2.3.jar;C:\Users\DheyClaveria\.m2\repository\io\cucumber\messages\17.1.1\messages-17.1.1.jar;C:\Users\DheyClaveria\.m2\repository\io\cucumber\tag-expressions\4.1.0\tag-expressions-4.1.0.jar;C:\Users\DheyClaveria\.m2\repository\io\cucumber\cucumber-expressions\15.0.1\cucumber-expressions-15.0.1.jar;C:\Users\DheyClaveria\.m2\repository\io\cucumber\datatable\7.2.3\datatable-7.2.3.jar;C:\Users\DheyClaveria\.m2\repository\io\cucumber\cucumber-plugin\7.2.3\cucumber-plugin-7.2.3.jar;C:\Users\DheyClaveria\.m2\repository\io\cucumber\docstring\7.2.3\docstring-7.2.3.jar;C:\Users\DheyClaveria\.m2\repository\io\cucumber\html-formatter\17.0.0\html-formatter-17.0.0.jar;C:\Users\DheyClaveria\.m2\repository\io\cucumber\ci-environment\8.1.0\ci-environment-8.1.0.jar;C:\Users\DheyClaveria\.m2\repository\io\cucumber\cucumber-junit-platform-engine\7.2.3\cucumber-junit-platform-engine-7.2.3.jar;C:\Users\DheyClaveria\.m2\repository\org\junit\platform\junit-platform-engine\1.8.2\junit-platform-engine-1.8.2.jar;C:\Users\DheyClaveria\.m2\repository\org\junit\platform\junit-platform-commons\1.8.2\junit-platform-commons-1.8.2.jar;C:\Users\DheyClaveria\.m2\repository\org\junit\platform\junit-platform-suite\1.8.2\junit-platform-suite-1.8.2.jar;C:\Users\DheyClaveria\.m2\repository\org\junit\platform\junit-platform-suite-api\1.8.2\junit-platform-suite-api-1.8.2.jar;C:\Users\DheyClaveria\.m2\repository\org\junit\platform\junit-platform-suite-engine\1.8.2\junit-platform-suite-engine-1.8.2.jar;C:\Users\DheyClaveria\.m2\repository\org\junit\platform\junit-platform-suite-commons\1.8.2\junit-platform-suite-commons-1.8.2.jar;C:\Users\DheyClaveria\.m2\repository\org\junit\platform\junit-platform-launcher\1.8.2\junit-platform-launcher-1.8.2.jar;C:\Users\DheyClaveria\.m2\repository\org\junit\jupiter\junit-jupiter\5.8.2\junit-jupiter-5.8.2.jar;C:\Users\DheyClaveria\.m2\repository\org\junit\jupiter\junit-jupiter-api\5.8.2\junit-jupiter-api-5.8.2.jar;C:\Users\DheyClaveria\.m2\repository\org\junit\jupiter\junit-jupiter-params\5.8.2\junit-jupiter-params-5.8.2.jar;C:\Users\DheyClaveria\.m2\repository\org\junit\jupiter\junit-jupiter-engine\5.8.2\junit-jupiter-engine-5.8.2.jar;C:\Users\DheyClaveria\.m2\repository\org\junit\vintage\junit-vintage-engine\5.8.2\junit-vintage-engine-5.8.2.jar;C:\Users\DheyClaveria\.m2\repository\info\cukes\cucumber-java\1.2.5\cucumber-java-1.2.5.jar;C:\Users\DheyClaveria\.m2\repository\info\cukes\cucumber-core\1.2.5\cucumber-core-1.2.5.jar;C:\Users\DheyClaveria\.m2\repository\info\cukes\cucumber-html\0.2.3\cucumber-html-0.2.3.jar;C:\Users\DheyClaveria\.m2\repository\info\cukes\cucumber-jvm-deps\1.0.5\cucumber-jvm-deps-1.0.5.jar;C:\Users\DheyClaveria\.m2\repository\info\cukes\gherkin\2.12.2\gherkin-2.12.2.jar;C:\Users\DheyClaveria\.m2\repository\info\cukes\cucumber-junit\1.2.5\cucumber-junit-1.2.5.jar;C:\Users\DheyClaveria\.m2\repository\org\seleniumhq\selenium\selenium-java\4.1.1\selenium-java-4.1.1.jar;C:\Users\DheyClaveria\.m2\repository\org\seleniumhq\selenium\selenium-devtools-v85\4.1.1\selenium-devtools-v85-4.1.1.jar;C:\Users\DheyClaveria\.m2\repository\org\seleniumhq\selenium\selenium-devtools-v94\4.1.1\selenium-devtools-v94-4.1.1.jar;C:\Users\DheyClaveria\.m2\repository\org\seleniumhq\selenium\selenium-devtools-v95\4.1.1\selenium-devtools-v95-4.1.1.jar;C:\Users\DheyClaveria\.m2\repository\org\seleniumhq\selenium\selenium-devtools-v96\4.1.1\selenium-devtools-v96-4.1.1.jar;C:\Users\DheyClaveria\.m2\repository\org\seleniumhq\selenium\selenium-firefox-xpi-driver\4.1.1\selenium-firefox-xpi-driver-4.1.1.jar;C:\Users\DheyClaveria\.m2\repository\org\seleniumhq\selenium\selenium-opera-driver\4.1.1\selenium-opera-driver-4.1.1.jar;C:\Users\DheyClaveria\.m2\repository\org\seleniumhq\selenium\selenium-remote-driver\4.1.1\selenium-remote-driver-4.1.1.jar;C:\Users\DheyClaveria\.m2\repository\io\netty\netty-buffer\4.1.70.Final\netty-buffer-4.1.70.Final.jar;C:\Users\DheyClaveria\.m2\repository\io\netty\netty-codec-http\4.1.70.Final\netty-codec-http-4.1.70.Final.jar;C:\Users\DheyClaveria\.m2\repository\io\netty\netty-codec\4.1.70.Final\netty-codec-4.1.70.Final.jar;C:\Users\DheyClaveria\.m2\repository\io\netty\netty-handler\4.1.70.Final\netty-handler-4.1.70.Final.jar;C:\Users\DheyClaveria\.m2\repository\io\netty\netty-common\4.1.70.Final\netty-common-4.1.70.Final.jar;C:\Users\DheyClaveria\.m2\repository\io\netty\netty-transport-classes-epoll\4.1.70.Final\netty-transport-classes-epoll-4.1.70.Final.jar;C:\Users\DheyClaveria\.m2\repository\io\netty\netty-transport-classes-kqueue\4.1.70.Final\netty-transport-classes-kqueue-4.1.70.Final.jar;C:\Users\DheyClaveria\.m2\repository\io\netty\netty-transport-native-unix-common\4.1.70.Final\netty-transport-native-unix-common-4.1.70.Final.jar;C:\Users\DheyClaveria\.m2\repository\io\netty\netty-transport\4.1.70.Final\netty-transport-4.1.70.Final.jar;C:\Users\DheyClaveria\.m2\repository\io\netty\netty-resolver\4.1.70.Final\netty-resolver-4.1.70.Final.jar;C:\Users\DheyClaveria\.m2\repository\io\opentelemetry\opentelemetry-api\1.9.1\opentelemetry-api-1.9.1.jar;C:\Users\DheyClaveria\.m2\repository\io\opentelemetry\opentelemetry-context\1.9.1\opentelemetry-context-1.9.1.jar;C:\Users\DheyClaveria\.m2\repository\io\opentelemetry\opentelemetry-exporter-logging\1.9.1\opentelemetry-exporter-logging-1.9.1.jar;C:\Users\DheyClaveria\.m2\repository\io\opentelemetry\opentelemetry-sdk-metrics\1.9.1-alpha\opentelemetry-sdk-metrics-1.9.1-alpha.jar;C:\Users\DheyClaveria\.m2\repository\io\opentelemetry\opentelemetry-sdk-logs\1.9.1-alpha\opentelemetry-sdk-logs-1.9.1-alpha.jar;C:\Users\DheyClaveria\.m2\repository\io\opentelemetry\opentelemetry-sdk-common\1.9.1\opentelemetry-sdk-common-1.9.1.jar;C:\Users\DheyClaveria\.m2\repository\io\opentelemetry\opentelemetry-sdk-extension-autoconfigure-spi\1.9.1\opentelemetry-sdk-extension-autoconfigure-spi-1.9.1.jar;C:\Users\DheyClaveria\.m2\repository\io\opentelemetry\opentelemetry-sdk-extension-autoconfigure\1.9.1-alpha\opentelemetry-sdk-extension-autoconfigure-1.9.1-alpha.jar;C:\Users\DheyClaveria\.m2\repository\io\opentelemetry\opentelemetry-sdk-trace\1.9.1\opentelemetry-sdk-trace-1.9.1.jar;C:\Users\DheyClaveria\.m2\repository\io\opentelemetry\opentelemetry-api-metrics\1.9.1-alpha\opentelemetry-api-metrics-1.9.1-alpha.jar;C:\Users\DheyClaveria\.m2\repository\io\opentelemetry\opentelemetry-sdk\1.9.1\opentelemetry-sdk-1.9.1.jar;C:\Users\DheyClaveria\.m2\repository\io\opentelemetry\opentelemetry-semconv\1.9.1-alpha\opentelemetry-semconv-1.9.1-alpha.jar;C:\Users\DheyClaveria\.m2\repository\io\ous\jtoml\2.0.0\jtoml-2.0.0.jar;C:\Users\DheyClaveria\.m2\repository\org\apache\commons\commons-exec\1.3\commons-exec-1.3.jar;C:\Users\DheyClaveria\.m2\repository\org\asynchttpclient\async-http-client\2.12.3\async-http-client-2.12.3.jar;C:\Users\DheyClaveria\.m2\repository\org\asynchttpclient\async-http-client-netty-utils\2.12.3\async-http-client-netty-utils-2.12.3.jar;C:\Users\DheyClaveria\.m2\repository\io\netty\netty-codec-socks\4.1.60.Final\netty-codec-socks-4.1.60.Final.jar;C:\Users\DheyClaveria\.m2\repository\io\netty\netty-handler-proxy\4.1.60.Final\netty-handler-proxy-4.1.60.Final.jar;C:\Users\DheyClaveria\.m2\repository\io\netty\netty-transport-native-epoll\4.1.60.Final\netty-transport-native-epoll-4.1.60.Final-linux-x86_64.jar;C:\Users\DheyClaveria\.m2\repository\io\netty\netty-transport-native-kqueue\4.1.60.Final\netty-transport-native-kqueue-4.1.60.Final-osx-x86_64.jar;C:\Users\DheyClaveria\.m2\repository\org\reactivestreams\reactive-streams\1.0.3\reactive-streams-1.0.3.jar;C:\Users\DheyClaveria\.m2\repository\com\typesafe\netty\netty-reactive-streams\2.0.4\netty-reactive-streams-2.0.4.jar;C:\Users\DheyClaveria\.m2\repository\com\sun\activation\jakarta.activation\1.2.2\jakarta.activation-1.2.2.jar;C:\Users\DheyClaveria\.m2\repository\org\seleniumhq\selenium\selenium-http\4.1.1\selenium-http-4.1.1.jar;C:\Users\DheyClaveria\.m2\repository\net\jodah\failsafe\2.4.4\failsafe-2.4.4.jar;C:\Users\DheyClaveria\.m2\repository\org\seleniumhq\selenium\selenium-safari-driver\4.1.1\selenium-safari-driver-4.1.1.jar;C:\Users\DheyClaveria\.m2\repository\org\seleniumhq\selenium\selenium-chrome-driver\4.1.1\selenium-chrome-driver-4.1.1.jar;C:\Users\DheyClaveria\.m2\repository\com\google\auto\service\auto-service-annotations\1.0.1\auto-service-annotations-1.0.1.jar;C:\Users\DheyClaveria\.m2\repository\com\google\auto\service\auto-service\1.0.1\auto-service-1.0.1.jar;C:\Users\DheyClaveria\.m2\repository\com\google\auto\auto-common\1.2\auto-common-1.2.jar;C:\Users\DheyClaveria\.m2\repository\com\google\guava\guava\31.0.1-jre\guava-31.0.1-jre.jar;C:\Users\DheyClaveria\.m2\repository\com\google\guava\failureaccess\1.0.1\failureaccess-1.0.1.jar;C:\Users\DheyClaveria\.m2\repository\com\google\guava\listenablefuture\9999.0-empty-to-avoid-conflict-with-guava\listenablefuture-9999.0-empty-to-avoid-conflict-with-guava.jar;C:\Users\DheyClaveria\.m2\repository\com\google\code\findbugs\jsr305\3.0.2\jsr305-3.0.2.jar;C:\Users\DheyClaveria\.m2\repository\org\checkerframework\checker-qual\3.12.0\checker-qual-3.12.0.jar;C:\Users\DheyClaveria\.m2\repository\com\google\errorprone\error_prone_annotations\2.7.1\error_prone_annotations-2.7.1.jar;C:\Users\DheyClaveria\.m2\repository\com\google\j2objc\j2objc-annotations\1.3\j2objc-annotations-1.3.jar;C:\Users\DheyClaveria\.m2\repository\org\seleniumhq\selenium\selenium-chromium-driver\4.1.1\selenium-chromium-driver-4.1.1.jar;C:\Users\DheyClaveria\.m2\repository\org\seleniumhq\selenium\selenium-json\4.1.1\selenium-json-4.1.1.jar;C:\Users\DheyClaveria\.m2\repository\io\github\bonigarcia\webdrivermanager\4.2.2\webdrivermanager-4.2.2.jar;C:\Users\DheyClaveria\.m2\repository\org\apache\httpcomponents\client5\httpclient5\5.0.1\httpclient5-5.0.1.jar;C:\Users\DheyClaveria\.m2\repository\org\apache\httpcomponents\core5\httpcore5\5.0.1\httpcore5-5.0.1.jar;C:\Users\DheyClaveria\.m2\repository\org\apache\httpcomponents\core5\httpcore5-h2\5.0.1\httpcore5-h2-5.0.1.jar;C:\Users\DheyClaveria\.m2\repository\org\rauschig\jarchivelib\1.1.0\jarchivelib-1.1.0.jar;C:\Users\DheyClaveria\.m2\repository\org\jsoup\jsoup\1.13.1\jsoup-1.13.1.jar;C:\Users\DheyClaveria\.m2\repository\tech\grasshopper\extentreports-cucumber7-adapter\1.3.0\extentreports-cucumber7-adapter-1.3.0.jar;C:\Users\DheyClaveria\.m2\repository\com\aventstack\extentreports\5.0.9\extentreports-5.0.9.jar;C:\Users\DheyClaveria\.m2\repository\io\reactivex\rxjava3\rxjava\3.0.4\rxjava-3.0.4.jar;C:\Users\DheyClaveria\.m2\repository\tech\grasshopper\extent-pdf-report\2.1.0\extent-pdf-report-2.1.0.jar;C:\Users\DheyClaveria\.m2\repository\tech\grasshopper\cucumber-pdf-report\2.5.0\cucumber-pdf-report-2.5.0.jar;C:\Users\DheyClaveria\.m2\repository\org\knowm\xchart\xchart\3.8.0\xchart-3.8.0.jar;C:\Users\DheyClaveria\.m2\repository\de\erichseifert\vectorgraphics2d\VectorGraphics2D\0.13\VectorGraphics2D-0.13.jar;C:\Users\DheyClaveria\.m2\repository\de\rototor\pdfbox\graphics2d\0.30\graphics2d-0.30.jar;C:\Users\DheyClaveria\.m2\repository\com\madgag\animated-gif-lib\1.4\animated-gif-lib-1.4.jar;C:\Users\DheyClaveria\.m2\repository\org\yaml\snakeyaml\1.28\snakeyaml-1.28.jar;C:\Users\DheyClaveria\.m2\repository\tech\grasshopper\table-layout\1.4.0\table-layout-1.4.0.jar;C:\Users\DheyClaveria\.m2\repository\tech\grasshopper\rest-assured-cucumber-pdf-report\1.1.0\rest-assured-cucumber-pdf-report-1.1.0.jar;C:\Users\DheyClaveria\.m2\repository\com\aventstack\klov-reporter\5.0.9\klov-reporter-5.0.9.jar;C:\Users\DheyClaveria\.m2\repository\org\mongodb\mongodb-driver\3.6.4\mongodb-driver-3.6.4.jar;C:\Users\DheyClaveria\.m2\repository\org\mongodb\mongodb-driver-core\3.6.4\mongodb-driver-core-3.6.4.jar;C:\Users\DheyClaveria\.m2\repository\org\mongodb\bson\3.6.4\bson-3.6.4.jar;C:\Users\DheyClaveria\.m2\repository\tech\grasshopper\htmlextentreporter\1.0.0\htmlextentreporter-1.0.0.jar;C:\Users\DheyClaveria\.m2\repository\org\testng\testng\6.14.3\testng-6.14.3.jar;C:\Users\DheyClaveria\.m2\repository\com\beust\jcommander\1.72\jcommander-1.72.jar;C:\Users\DheyClaveria\.m2\repository\org\apache-extras\beanshell\bsh\2.0b6\bsh-2.0b6.jar;C:\Users\DheyClaveria\.m2\repository\io\cucumber\cucumber-testng\7.2.3\cucumber-testng-7.2.3.jar;C:\Users\DheyClaveria\.m2\repository\org\apache\poi\poi\5.2.1\poi-5.2.1.jar;C:\Users\DheyClaveria\.m2\repository\org\apache\commons\commons-collections4\4.4\commons-collections4-4.4.jar;C:\Users\DheyClaveria\.m2\repository\org\apache\commons\commons-math3\3.6.1\commons-math3-3.6.1.jar;C:\Users\DheyClaveria\.m2\repository\com\zaxxer\SparseBitSet\1.2\SparseBitSet-1.2.jar;C:\Users\DheyClaveria\.m2\repository\org\apache\logging\log4j\log4j-api\2.17.1\log4j-api-2.17.1.jar;C:\Users\DheyClaveria\.m2\repository\org\apache\poi\poi-ooxml\5.2.1\poi-ooxml-5.2.1.jar;C:\Users\DheyClaveria\.m2\repository\org\apache\poi\poi-ooxml-lite\5.2.1\poi-ooxml-lite-5.2.1.jar;C:\Users\DheyClaveria\.m2\repository\org\apache\xmlbeans\xmlbeans\5.0.3\xmlbeans-5.0.3.jar;C:\Users\DheyClaveria\.m2\repository\org\apache\commons\commons-compress\1.21\commons-compress-1.21.jar;C:\Users\DheyClaveria\.m2\repository\com\github\virtuald\curvesapi\1.07\curvesapi-1.07.jar;"/>
    <property name="java.vm.vendor" value="Oracle Corporation"/>
    <property name="sun.arch.data.model" value="64"/>
    <property name="user.variant" value=""/>
    <property name="java.vendor.url" value="https://java.oracle.com/"/>
    <property name="user.timezone" value="Asia/Shanghai"/>
    <property name="os.name" value="Windows 10"/>
    <property name="java.vm.specification.version" value="15"/>
    <property name="sun.java.launcher" value="SUN_STANDARD"/>
    <property name="user.country" value="US"/>
    <property name="sun.boot.library.path" value="C:\Program Files\Java\jdk-15.0.1\bin"/>
    <property name="sun.java.command" value="C:\Users\DheyClaveria\AppData\Local\Temp\surefire9086304467925236988\surefirebooter12264320312762808847.jar C:\Users\DheyClaveria\AppData\Local\Temp\surefire9086304467925236988 2022-03-21T11-00-21_671-jvmRun1 surefire9402984026029173158tmp surefire_012403258599419584295tmp"/>
    <property name="jdk.debug" value="release"/>
    <property name="surefire.test.class.path" value="Z:\Automation\JavaCucumber\BDD_HCL\CucumberHCL\target\test-classes;Z:\Automation\JavaCucumber\BDD_HCL\CucumberHCL\target\classes;C:\Users\DheyClaveria\.m2\repository\com\github\ralfstuckert\pdfbox-layout\pdfbox2-layout\1.0.1\pdfbox2-layout-1.0.1.jar;C:\Users\DheyClaveria\.m2\repository\org\apache\pdfbox\pdfbox\2.0.4\pdfbox-2.0.4.jar;C:\Users\DheyClaveria\.m2\repository\org\apache\pdfbox\fontbox\2.0.4\fontbox-2.0.4.jar;C:\Users\DheyClaveria\.m2\repository\commons-logging\commons-logging\1.2\commons-logging-1.2.jar;C:\Users\DheyClaveria\.m2\repository\io\rest-assured\rest-assured-all\4.3.2\rest-assured-all-4.3.2.jar;C:\Users\DheyClaveria\.m2\repository\org\codehaus\groovy\groovy\3.0.6\groovy-3.0.6.jar;C:\Users\DheyClaveria\.m2\repository\org\apache\commons\commons-lang3\3.11\commons-lang3-3.11.jar;C:\Users\DheyClaveria\.m2\repository\org\codehaus\groovy\groovy-xml\3.0.6\groovy-xml-3.0.6.jar;C:\Users\DheyClaveria\.m2\repository\org\ccil\cowan\tagsoup\tagsoup\1.2.1\tagsoup-1.2.1.jar;C:\Users\DheyClaveria\.m2\repository\jakarta\xml\bind\jakarta.xml.bind-api\2.3.3\jakarta.xml.bind-api-2.3.3.jar;C:\Users\DheyClaveria\.m2\repository\jakarta\activation\jakarta.activation-api\1.2.2\jakarta.activation-api-1.2.2.jar;C:\Users\DheyClaveria\.m2\repository\com\sun\xml\bind\jaxb-impl\2.3.3\jaxb-impl-2.3.3.jar;C:\Users\DheyClaveria\.m2\repository\org\codehaus\groovy\groovy-json\3.0.6\groovy-json-3.0.6.jar;C:\Users\DheyClaveria\.m2\repository\ch\qos\logback\logback-classic\1.1.3\logback-classic-1.1.3.jar;C:\Users\DheyClaveria\.m2\repository\ch\qos\logback\logback-core\1.1.3\logback-core-1.1.3.jar;C:\Users\DheyClaveria\.m2\repository\org\slf4j\slf4j-api\1.7.7\slf4j-api-1.7.7.jar;C:\Users\DheyClaveria\.m2\repository\org\json\json\20210307\json-20210307.jar;C:\Users\DheyClaveria\.m2\repository\com\ea\async\ea-async\1.2.3\ea-async-1.2.3.jar;C:\Users\DheyClaveria\.m2\repository\junit\junit\4.13.1\junit-4.13.1.jar;C:\Users\DheyClaveria\.m2\repository\org\hamcrest\hamcrest-core\1.3\hamcrest-core-1.3.jar;C:\Users\DheyClaveria\.m2\repository\net\serenity-bdd\serenity-assertions\3.2.1\serenity-assertions-3.2.1.jar;C:\Users\DheyClaveria\.m2\repository\net\serenity-bdd\serenity-screenplay\3.2.1\serenity-screenplay-3.2.1.jar;C:\Users\DheyClaveria\.m2\repository\org\assertj\assertj-core\3.22.0\assertj-core-3.22.0.jar;C:\Users\DheyClaveria\.m2\repository\net\serenity-bdd\serenity-ensure\3.2.1\serenity-ensure-3.2.1.jar;C:\Users\DheyClaveria\.m2\repository\net\serenity-bdd\serenity-model\3.2.1\serenity-model-3.2.1.jar;C:\Users\DheyClaveria\.m2\repository\org\apache\commons\commons-text\1.9\commons-text-1.9.jar;C:\Users\DheyClaveria\.m2\repository\commons-net\commons-net\3.8.0\commons-net-3.8.0.jar;C:\Users\DheyClaveria\.m2\repository\com\google\inject\guice\5.1.0\guice-5.1.0.jar;C:\Users\DheyClaveria\.m2\repository\javax\inject\javax.inject\1\javax.inject-1.jar;C:\Users\DheyClaveria\.m2\repository\aopalliance\aopalliance\1.0\aopalliance-1.0.jar;C:\Users\DheyClaveria\.m2\repository\com\thoughtworks\xstream\xstream\1.4.19\xstream-1.4.19.jar;C:\Users\DheyClaveria\.m2\repository\io\github\x-stream\mxparser\1.2.2\mxparser-1.2.2.jar;C:\Users\DheyClaveria\.m2\repository\xmlpull\xmlpull\1.1.3.1\xmlpull-1.1.3.1.jar;C:\Users\DheyClaveria\.m2\repository\com\typesafe\config\1.4.2\config-1.4.2.jar;C:\Users\DheyClaveria\.m2\repository\org\imgscalr\imgscalr-lib\4.2\imgscalr-lib-4.2.jar;C:\Users\DheyClaveria\.m2\repository\org\awaitility\awaitility\4.2.0\awaitility-4.2.0.jar;C:\Users\DheyClaveria\.m2\repository\org\freemarker\freemarker\2.3.31\freemarker-2.3.31.jar;C:\Users\DheyClaveria\.m2\repository\io\github\classgraph\classgraph\4.8.138\classgraph-4.8.138.jar;C:\Users\DheyClaveria\.m2\repository\net\sourceforge\jexcelapi\jxl\2.6.12\jxl-2.6.12.jar;C:\Users\DheyClaveria\.m2\repository\net\bytebuddy\byte-buddy\1.12.8\byte-buddy-1.12.8.jar;C:\Users\DheyClaveria\.m2\repository\net\bytebuddy\byte-buddy-agent\1.12.8\byte-buddy-agent-1.12.8.jar;C:\Users\DheyClaveria\.m2\repository\org\objenesis\objenesis\3.1\objenesis-3.1.jar;C:\Users\DheyClaveria\.m2\repository\net\serenity-bdd\serenity-screenplay-webdriver\3.2.1\serenity-screenplay-webdriver-3.2.1.jar;C:\Users\DheyClaveria\.m2\repository\org\jetbrains\kotlin\kotlin-stdlib\1.6.0\kotlin-stdlib-1.6.0.jar;C:\Users\DheyClaveria\.m2\repository\org\jetbrains\annotations\13.0\annotations-13.0.jar;C:\Users\DheyClaveria\.m2\repository\org\jetbrains\kotlin\kotlin-stdlib-common\1.6.0\kotlin-stdlib-common-1.6.0.jar;C:\Users\DheyClaveria\.m2\repository\net\serenity-bdd\serenity-core\3.2.1\serenity-core-3.2.1.jar;C:\Users\DheyClaveria\.m2\repository\net\serenity-bdd\serenity-reports\3.2.1\serenity-reports-3.2.1.jar;C:\Users\DheyClaveria\.m2\repository\net\serenity-bdd\serenity-stats\3.2.1\serenity-stats-3.2.1.jar;C:\Users\DheyClaveria\.m2\repository\net\serenity-bdd\serenity-reports-configuration\3.2.1\serenity-reports-configuration-3.2.1.jar;C:\Users\DheyClaveria\.m2\repository\com\vladsch\flexmark\flexmark-all\0.34.30\flexmark-all-0.34.30.jar;C:\Users\DheyClaveria\.m2\repository\com\vladsch\flexmark\flexmark\0.34.30\flexmark-0.34.30.jar;C:\Users\DheyClaveria\.m2\repository\com\vladsch\flexmark\flexmark-ext-abbreviation\0.34.30\flexmark-ext-abbreviation-0.34.30.jar;C:\Users\DheyClaveria\.m2\repository\com\vladsch\flexmark\flexmark-ext-admonition\0.34.30\flexmark-ext-admonition-0.34.30.jar;C:\Users\DheyClaveria\.m2\repository\com\vladsch\flexmark\flexmark-ext-anchorlink\0.34.30\flexmark-ext-anchorlink-0.34.30.jar;C:\Users\DheyClaveria\.m2\repository\com\vladsch\flexmark\flexmark-ext-aside\0.34.30\flexmark-ext-aside-0.34.30.jar;C:\Users\DheyClaveria\.m2\repository\com\vladsch\flexmark\flexmark-ext-attributes\0.34.30\flexmark-ext-attributes-0.34.30.jar;C:\Users\DheyClaveria\.m2\repository\com\vladsch\flexmark\flexmark-ext-autolink\0.34.30\flexmark-ext-autolink-0.34.30.jar;C:\Users\DheyClaveria\.m2\repository\org\nibor\autolink\autolink\0.6.0\autolink-0.6.0.jar;C:\Users\DheyClaveria\.m2\repository\com\vladsch\flexmark\flexmark-ext-definition\0.34.30\flexmark-ext-definition-0.34.30.jar;C:\Users\DheyClaveria\.m2\repository\com\vladsch\flexmark\flexmark-ext-emoji\0.34.30\flexmark-ext-emoji-0.34.30.jar;C:\Users\DheyClaveria\.m2\repository\com\vladsch\flexmark\flexmark-ext-enumerated-reference\0.34.30\flexmark-ext-enumerated-reference-0.34.30.jar;C:\Users\DheyClaveria\.m2\repository\com\vladsch\flexmark\flexmark-ext-escaped-character\0.34.30\flexmark-ext-escaped-character-0.34.30.jar;C:\Users\DheyClaveria\.m2\repository\com\vladsch\flexmark\flexmark-ext-footnotes\0.34.30\flexmark-ext-footnotes-0.34.30.jar;C:\Users\DheyClaveria\.m2\repository\com\vladsch\flexmark\flexmark-ext-gfm-issues\0.34.30\flexmark-ext-gfm-issues-0.34.30.jar;C:\Users\DheyClaveria\.m2\repository\com\vladsch\flexmark\flexmark-ext-gfm-strikethrough\0.34.30\flexmark-ext-gfm-strikethrough-0.34.30.jar;C:\Users\DheyClaveria\.m2\repository\com\vladsch\flexmark\flexmark-ext-gfm-tables\0.34.30\flexmark-ext-gfm-tables-0.34.30.jar;C:\Users\DheyClaveria\.m2\repository\com\vladsch\flexmark\flexmark-ext-gfm-tasklist\0.34.30\flexmark-ext-gfm-tasklist-0.34.30.jar;C:\Users\DheyClaveria\.m2\repository\com\vladsch\flexmark\flexmark-ext-gfm-users\0.34.30\flexmark-ext-gfm-users-0.34.30.jar;C:\Users\DheyClaveria\.m2\repository\com\vladsch\flexmark\flexmark-ext-gitlab\0.34.30\flexmark-ext-gitlab-0.34.30.jar;C:\Users\DheyClaveria\.m2\repository\com\vladsch\flexmark\flexmark-ext-jekyll-front-matter\0.34.30\flexmark-ext-jekyll-front-matter-0.34.30.jar;C:\Users\DheyClaveria\.m2\repository\com\vladsch\flexmark\flexmark-ext-jekyll-tag\0.34.30\flexmark-ext-jekyll-tag-0.34.30.jar;C:\Users\DheyClaveria\.m2\repository\com\vladsch\flexmark\flexmark-ext-media-tags\0.34.30\flexmark-ext-media-tags-0.34.30.jar;C:\Users\DheyClaveria\.m2\repository\com\vladsch\flexmark\flexmark-test-util\0.34.30\flexmark-test-util-0.34.30.jar;C:\Users\DheyClaveria\.m2\repository\com\vladsch\flexmark\flexmark-ext-ins\0.34.30\flexmark-ext-ins-0.34.30.jar;C:\Users\DheyClaveria\.m2\repository\com\vladsch\flexmark\flexmark-ext-xwiki-macros\0.34.30\flexmark-ext-xwiki-macros-0.34.30.jar;C:\Users\DheyClaveria\.m2\repository\com\vladsch\flexmark\flexmark-ext-superscript\0.34.30\flexmark-ext-superscript-0.34.30.jar;C:\Users\DheyClaveria\.m2\repository\com\vladsch\flexmark\flexmark-ext-tables\0.34.30\flexmark-ext-tables-0.34.30.jar;C:\Users\DheyClaveria\.m2\repository\com\vladsch\flexmark\flexmark-ext-toc\0.34.30\flexmark-ext-toc-0.34.30.jar;C:\Users\DheyClaveria\.m2\repository\com\vladsch\flexmark\flexmark-ext-typographic\0.34.30\flexmark-ext-typographic-0.34.30.jar;C:\Users\DheyClaveria\.m2\repository\com\vladsch\flexmark\flexmark-ext-wikilink\0.34.30\flexmark-ext-wikilink-0.34.30.jar;C:\Users\DheyClaveria\.m2\repository\com\vladsch\flexmark\flexmark-ext-yaml-front-matter\0.34.30\flexmark-ext-yaml-front-matter-0.34.30.jar;C:\Users\DheyClaveria\.m2\repository\com\vladsch\flexmark\flexmark-ext-youtube-embedded\0.34.30\flexmark-ext-youtube-embedded-0.34.30.jar;C:\Users\DheyClaveria\.m2\repository\com\vladsch\flexmark\flexmark-formatter\0.34.30\flexmark-formatter-0.34.30.jar;C:\Users\DheyClaveria\.m2\repository\com\vladsch\flexmark\flexmark-html-parser\0.34.30\flexmark-html-parser-0.34.30.jar;C:\Users\DheyClaveria\.m2\repository\com\vladsch\flexmark\flexmark-jira-converter\0.34.30\flexmark-jira-converter-0.34.30.jar;C:\Users\DheyClaveria\.m2\repository\com\vladsch\flexmark\flexmark-pdf-converter\0.34.30\flexmark-pdf-converter-0.34.30.jar;C:\Users\DheyClaveria\.m2\repository\com\openhtmltopdf\openhtmltopdf-core\0.0.1-RC13\openhtmltopdf-core-0.0.1-RC13.jar;C:\Users\DheyClaveria\.m2\repository\com\openhtmltopdf\openhtmltopdf-pdfbox\0.0.1-RC13\openhtmltopdf-pdfbox-0.0.1-RC13.jar;C:\Users\DheyClaveria\.m2\repository\org\apache\pdfbox\xmpbox\2.0.8\xmpbox-2.0.8.jar;C:\Users\DheyClaveria\.m2\repository\com\openhtmltopdf\openhtmltopdf-rtl-support\0.0.1-RC13\openhtmltopdf-rtl-support-0.0.1-RC13.jar;C:\Users\DheyClaveria\.m2\repository\com\ibm\icu\icu4j\59.1\icu4j-59.1.jar;C:\Users\DheyClaveria\.m2\repository\com\openhtmltopdf\openhtmltopdf-jsoup-dom-converter\0.0.1-RC13\openhtmltopdf-jsoup-dom-converter-0.0.1-RC13.jar;C:\Users\DheyClaveria\.m2\repository\com\vladsch\flexmark\flexmark-profile-pegdown\0.34.30\flexmark-profile-pegdown-0.34.30.jar;C:\Users\DheyClaveria\.m2\repository\com\vladsch\flexmark\flexmark-util\0.34.30\flexmark-util-0.34.30.jar;C:\Users\DheyClaveria\.m2\repository\com\vladsch\flexmark\flexmark-youtrack-converter\0.34.30\flexmark-youtrack-converter-0.34.30.jar;C:\Users\DheyClaveria\.m2\repository\es\nitaur\markdown\txtmark\0.16\txtmark-0.16.jar;C:\Users\DheyClaveria\.m2\repository\net\serenity-bdd\serenity-report-resources\3.2.1\serenity-report-resources-3.2.1.jar;C:\Users\DheyClaveria\.m2\repository\com\google\code\gson\gson\2.9.0\gson-2.9.0.jar;C:\Users\DheyClaveria\.m2\repository\com\fasterxml\jackson\core\jackson-core\2.13.2\jackson-core-2.13.2.jar;C:\Users\DheyClaveria\.m2\repository\com\fasterxml\jackson\core\jackson-databind\2.13.2\jackson-databind-2.13.2.jar;C:\Users\DheyClaveria\.m2\repository\com\fasterxml\jackson\core\jackson-annotations\2.13.2\jackson-annotations-2.13.2.jar;C:\Users\DheyClaveria\.m2\repository\commons-codec\commons-codec\1.15\commons-codec-1.15.jar;C:\Users\DheyClaveria\.m2\repository\commons-io\commons-io\2.11.0\commons-io-2.11.0.jar;C:\Users\DheyClaveria\.m2\repository\org\seleniumhq\selenium\selenium-api\4.1.2\selenium-api-4.1.2.jar;C:\Users\DheyClaveria\.m2\repository\org\seleniumhq\selenium\selenium-support\4.1.2\selenium-support-4.1.2.jar;C:\Users\DheyClaveria\.m2\repository\org\seleniumhq\selenium\selenium-firefox-driver\4.1.2\selenium-firefox-driver-4.1.2.jar;C:\Users\DheyClaveria\.m2\repository\org\seleniumhq\selenium\selenium-edge-driver\4.1.2\selenium-edge-driver-4.1.2.jar;C:\Users\DheyClaveria\.m2\repository\org\seleniumhq\selenium\selenium-ie-driver\4.1.2\selenium-ie-driver-4.1.2.jar;C:\Users\DheyClaveria\.m2\repository\org\projectlombok\lombok\1.18.20\lombok-1.18.20.jar;C:\Users\DheyClaveria\.m2\repository\io\appium\java-client\8.0.0\java-client-8.0.0.jar;C:\Users\DheyClaveria\.m2\repository\commons-validator\commons-validator\1.7\commons-validator-1.7.jar;C:\Users\DheyClaveria\.m2\repository\commons-digester\commons-digester\2.1\commons-digester-2.1.jar;C:\Users\DheyClaveria\.m2\repository\org\aspectj\aspectjweaver\1.9.8\aspectjweaver-1.9.8.jar;C:\Users\DheyClaveria\.m2\repository\net\sf\opencsv\opencsv\2.0\opencsv-2.0.jar;C:\Users\DheyClaveria\.m2\repository\commons-beanutils\commons-beanutils\1.9.4\commons-beanutils-1.9.4.jar;C:\Users\DheyClaveria\.m2\repository\commons-collections\commons-collections\3.2.2\commons-collections-3.2.2.jar;C:\Users\DheyClaveria\.m2\repository\org\fluentlenium\fluentlenium-core\0.10.2\fluentlenium-core-0.10.2.jar;C:\Users\DheyClaveria\.m2\repository\com\jhlabs\filters\2.0.235\filters-2.0.235.jar;C:\Users\DheyClaveria\.m2\repository\com\paulhammant\ngwebdriver\1.1.6\ngwebdriver-1.1.6.jar;C:\Users\DheyClaveria\.m2\repository\joda-time\joda-time\2.8.2\joda-time-2.8.2.jar;C:\Users\DheyClaveria\.m2\repository\org\hamcrest\hamcrest\2.2\hamcrest-2.2.jar;C:\Users\DheyClaveria\.m2\repository\com\google\jimfs\jimfs\1.2\jimfs-1.2.jar;C:\Users\DheyClaveria\.m2\repository\org\mockito\mockito-core\3.3.3\mockito-core-3.3.3.jar;C:\Users\DheyClaveria\.m2\repository\javax\xml\bind\jaxb-api\2.3.1\jaxb-api-2.3.1.jar;C:\Users\DheyClaveria\.m2\repository\javax\activation\javax.activation-api\1.2.0\javax.activation-api-1.2.0.jar;C:\Users\DheyClaveria\.m2\repository\com\sun\xml\bind\jaxb-core\2.3.0.1\jaxb-core-2.3.0.1.jar;C:\Users\DheyClaveria\.m2\repository\javax\activation\activation\1.1.1\activation-1.1.1.jar;C:\Users\DheyClaveria\.m2\repository\net\serenity-bdd\serenity-junit\3.2.1\serenity-junit-3.2.1.jar;C:\Users\DheyClaveria\.m2\repository\net\serenity-bdd\serenity-cucumber\3.2.1\serenity-cucumber-3.2.1.jar;C:\Users\DheyClaveria\.m2\repository\org\apache\commons\commons-csv\1.5\commons-csv-1.5.jar;C:\Users\DheyClaveria\.m2\repository\net\serenity-bdd\serenity-rest-assured\3.2.1\serenity-rest-assured-3.2.1.jar;C:\Users\DheyClaveria\.m2\repository\org\apache\httpcomponents\httpclient\4.5.13\httpclient-4.5.13.jar;C:\Users\DheyClaveria\.m2\repository\org\apache\httpcomponents\httpcore\4.4.13\httpcore-4.4.13.jar;C:\Users\DheyClaveria\.m2\repository\io\rest-assured\rest-assured\4.5.1\rest-assured-4.5.1.jar;C:\Users\DheyClaveria\.m2\repository\org\apache\httpcomponents\httpmime\4.5.13\httpmime-4.5.13.jar;C:\Users\DheyClaveria\.m2\repository\io\rest-assured\json-path\4.5.1\json-path-4.5.1.jar;C:\Users\DheyClaveria\.m2\repository\io\rest-assured\rest-assured-common\4.5.1\rest-assured-common-4.5.1.jar;C:\Users\DheyClaveria\.m2\repository\io\rest-assured\xml-path\4.5.1\xml-path-4.5.1.jar;C:\Users\DheyClaveria\.m2\repository\org\opentest4j\opentest4j\1.2.0\opentest4j-1.2.0.jar;C:\Users\DheyClaveria\.m2\repository\io\cucumber\cucumber-java\7.2.3\cucumber-java-7.2.3.jar;C:\Users\DheyClaveria\.m2\repository\org\apiguardian\apiguardian-api\1.1.2\apiguardian-api-1.1.2.jar;C:\Users\DheyClaveria\.m2\repository\io\cucumber\cucumber-junit\7.2.3\cucumber-junit-7.2.3.jar;C:\Users\DheyClaveria\.m2\repository\io\cucumber\cucumber-core\7.2.3\cucumber-core-7.2.3.jar;C:\Users\DheyClaveria\.m2\repository\io\cucumber\cucumber-gherkin\7.2.3\cucumber-gherkin-7.2.3.jar;C:\Users\DheyClaveria\.m2\repository\io\cucumber\cucumber-gherkin-messages\7.2.3\cucumber-gherkin-messages-7.2.3.jar;C:\Users\DheyClaveria\.m2\repository\io\cucumber\messages\17.1.1\messages-17.1.1.jar;C:\Users\DheyClaveria\.m2\repository\io\cucumber\tag-expressions\4.1.0\tag-expressions-4.1.0.jar;C:\Users\DheyClaveria\.m2\repository\io\cucumber\cucumber-expressions\15.0.1\cucumber-expressions-15.0.1.jar;C:\Users\DheyClaveria\.m2\repository\io\cucumber\datatable\7.2.3\datatable-7.2.3.jar;C:\Users\DheyClaveria\.m2\repository\io\cucumber\cucumber-plugin\7.2.3\cucumber-plugin-7.2.3.jar;C:\Users\DheyClaveria\.m2\repository\io\cucumber\docstring\7.2.3\docstring-7.2.3.jar;C:\Users\DheyClaveria\.m2\repository\io\cucumber\html-formatter\17.0.0\html-formatter-17.0.0.jar;C:\Users\DheyClaveria\.m2\repository\io\cucumber\ci-environment\8.1.0\ci-environment-8.1.0.jar;C:\Users\DheyClaveria\.m2\repository\io\cucumber\cucumber-junit-platform-engine\7.2.3\cucumber-junit-platform-engine-7.2.3.jar;C:\Users\DheyClaveria\.m2\repository\org\junit\platform\junit-platform-engine\1.8.2\junit-platform-engine-1.8.2.jar;C:\Users\DheyClaveria\.m2\repository\org\junit\platform\junit-platform-commons\1.8.2\junit-platform-commons-1.8.2.jar;C:\Users\DheyClaveria\.m2\repository\org\junit\platform\junit-platform-suite\1.8.2\junit-platform-suite-1.8.2.jar;C:\Users\DheyClaveria\.m2\repository\org\junit\platform\junit-platform-suite-api\1.8.2\junit-platform-suite-api-1.8.2.jar;C:\Users\DheyClaveria\.m2\repository\org\junit\platform\junit-platform-suite-engine\1.8.2\junit-platform-suite-engine-1.8.2.jar;C:\Users\DheyClaveria\.m2\repository\org\junit\platform\junit-platform-suite-commons\1.8.2\junit-platform-suite-commons-1.8.2.jar;C:\Users\DheyClaveria\.m2\repository\org\junit\platform\junit-platform-launcher\1.8.2\junit-platform-launcher-1.8.2.jar;C:\Users\DheyClaveria\.m2\repository\org\junit\jupiter\junit-jupiter\5.8.2\junit-jupiter-5.8.2.jar;C:\Users\DheyClaveria\.m2\repository\org\junit\jupiter\junit-jupiter-api\5.8.2\junit-jupiter-api-5.8.2.jar;C:\Users\DheyClaveria\.m2\repository\org\junit\jupiter\junit-jupiter-params\5.8.2\junit-jupiter-params-5.8.2.jar;C:\Users\DheyClaveria\.m2\repository\org\junit\jupiter\junit-jupiter-engine\5.8.2\junit-jupiter-engine-5.8.2.jar;C:\Users\DheyClaveria\.m2\repository\org\junit\vintage\junit-vintage-engine\5.8.2\junit-vintage-engine-5.8.2.jar;C:\Users\DheyClaveria\.m2\repository\info\cukes\cucumber-java\1.2.5\cucumber-java-1.2.5.jar;C:\Users\DheyClaveria\.m2\repository\info\cukes\cucumber-core\1.2.5\cucumber-core-1.2.5.jar;C:\Users\DheyClaveria\.m2\repository\info\cukes\cucumber-html\0.2.3\cucumber-html-0.2.3.jar;C:\Users\DheyClaveria\.m2\repository\info\cukes\cucumber-jvm-deps\1.0.5\cucumber-jvm-deps-1.0.5.jar;C:\Users\DheyClaveria\.m2\repository\info\cukes\gherkin\2.12.2\gherkin-2.12.2.jar;C:\Users\DheyClaveria\.m2\repository\info\cukes\cucumber-junit\1.2.5\cucumber-junit-1.2.5.jar;C:\Users\DheyClaveria\.m2\repository\org\seleniumhq\selenium\selenium-java\4.1.1\selenium-java-4.1.1.jar;C:\Users\DheyClaveria\.m2\repository\org\seleniumhq\selenium\selenium-devtools-v85\4.1.1\selenium-devtools-v85-4.1.1.jar;C:\Users\DheyClaveria\.m2\repository\org\seleniumhq\selenium\selenium-devtools-v94\4.1.1\selenium-devtools-v94-4.1.1.jar;C:\Users\DheyClaveria\.m2\repository\org\seleniumhq\selenium\selenium-devtools-v95\4.1.1\selenium-devtools-v95-4.1.1.jar;C:\Users\DheyClaveria\.m2\repository\org\seleniumhq\selenium\selenium-devtools-v96\4.1.1\selenium-devtools-v96-4.1.1.jar;C:\Users\DheyClaveria\.m2\repository\org\seleniumhq\selenium\selenium-firefox-xpi-driver\4.1.1\selenium-firefox-xpi-driver-4.1.1.jar;C:\Users\DheyClaveria\.m2\repository\org\seleniumhq\selenium\selenium-opera-driver\4.1.1\selenium-opera-driver-4.1.1.jar;C:\Users\DheyClaveria\.m2\repository\org\seleniumhq\selenium\selenium-remote-driver\4.1.1\selenium-remote-driver-4.1.1.jar;C:\Users\DheyClaveria\.m2\repository\io\netty\netty-buffer\4.1.70.Final\netty-buffer-4.1.70.Final.jar;C:\Users\DheyClaveria\.m2\repository\io\netty\netty-codec-http\4.1.70.Final\netty-codec-http-4.1.70.Final.jar;C:\Users\DheyClaveria\.m2\repository\io\netty\netty-codec\4.1.70.Final\netty-codec-4.1.70.Final.jar;C:\Users\DheyClaveria\.m2\repository\io\netty\netty-handler\4.1.70.Final\netty-handler-4.1.70.Final.jar;C:\Users\DheyClaveria\.m2\repository\io\netty\netty-common\4.1.70.Final\netty-common-4.1.70.Final.jar;C:\Users\DheyClaveria\.m2\repository\io\netty\netty-transport-classes-epoll\4.1.70.Final\netty-transport-classes-epoll-4.1.70.Final.jar;C:\Users\DheyClaveria\.m2\repository\io\netty\netty-transport-classes-kqueue\4.1.70.Final\netty-transport-classes-kqueue-4.1.70.Final.jar;C:\Users\DheyClaveria\.m2\repository\io\netty\netty-transport-native-unix-common\4.1.70.Final\netty-transport-native-unix-common-4.1.70.Final.jar;C:\Users\DheyClaveria\.m2\repository\io\netty\netty-transport\4.1.70.Final\netty-transport-4.1.70.Final.jar;C:\Users\DheyClaveria\.m2\repository\io\netty\netty-resolver\4.1.70.Final\netty-resolver-4.1.70.Final.jar;C:\Users\DheyClaveria\.m2\repository\io\opentelemetry\opentelemetry-api\1.9.1\opentelemetry-api-1.9.1.jar;C:\Users\DheyClaveria\.m2\repository\io\opentelemetry\opentelemetry-context\1.9.1\opentelemetry-context-1.9.1.jar;C:\Users\DheyClaveria\.m2\repository\io\opentelemetry\opentelemetry-exporter-logging\1.9.1\opentelemetry-exporter-logging-1.9.1.jar;C:\Users\DheyClaveria\.m2\repository\io\opentelemetry\opentelemetry-sdk-metrics\1.9.1-alpha\opentelemetry-sdk-metrics-1.9.1-alpha.jar;C:\Users\DheyClaveria\.m2\repository\io\opentelemetry\opentelemetry-sdk-logs\1.9.1-alpha\opentelemetry-sdk-logs-1.9.1-alpha.jar;C:\Users\DheyClaveria\.m2\repository\io\opentelemetry\opentelemetry-sdk-common\1.9.1\opentelemetry-sdk-common-1.9.1.jar;C:\Users\DheyClaveria\.m2\repository\io\opentelemetry\opentelemetry-sdk-extension-autoconfigure-spi\1.9.1\opentelemetry-sdk-extension-autoconfigure-spi-1.9.1.jar;C:\Users\DheyClaveria\.m2\repository\io\opentelemetry\opentelemetry-sdk-extension-autoconfigure\1.9.1-alpha\opentelemetry-sdk-extension-autoconfigure-1.9.1-alpha.jar;C:\Users\DheyClaveria\.m2\repository\io\opentelemetry\opentelemetry-sdk-trace\1.9.1\opentelemetry-sdk-trace-1.9.1.jar;C:\Users\DheyClaveria\.m2\repository\io\opentelemetry\opentelemetry-api-metrics\1.9.1-alpha\opentelemetry-api-metrics-1.9.1-alpha.jar;C:\Users\DheyClaveria\.m2\repository\io\opentelemetry\opentelemetry-sdk\1.9.1\opentelemetry-sdk-1.9.1.jar;C:\Users\DheyClaveria\.m2\repository\io\opentelemetry\opentelemetry-semconv\1.9.1-alpha\opentelemetry-semconv-1.9.1-alpha.jar;C:\Users\DheyClaveria\.m2\repository\io\ous\jtoml\2.0.0\jtoml-2.0.0.jar;C:\Users\DheyClaveria\.m2\repository\org\apache\commons\commons-exec\1.3\commons-exec-1.3.jar;C:\Users\DheyClaveria\.m2\repository\org\asynchttpclient\async-http-client\2.12.3\async-http-client-2.12.3.jar;C:\Users\DheyClaveria\.m2\repository\org\asynchttpclient\async-http-client-netty-utils\2.12.3\async-http-client-netty-utils-2.12.3.jar;C:\Users\DheyClaveria\.m2\repository\io\netty\netty-codec-socks\4.1.60.Final\netty-codec-socks-4.1.60.Final.jar;C:\Users\DheyClaveria\.m2\repository\io\netty\netty-handler-proxy\4.1.60.Final\netty-handler-proxy-4.1.60.Final.jar;C:\Users\DheyClaveria\.m2\repository\io\netty\netty-transport-native-epoll\4.1.60.Final\netty-transport-native-epoll-4.1.60.Final-linux-x86_64.jar;C:\Users\DheyClaveria\.m2\repository\io\netty\netty-transport-native-kqueue\4.1.60.Final\netty-transport-native-kqueue-4.1.60.Final-osx-x86_64.jar;C:\Users\DheyClaveria\.m2\repository\org\reactivestreams\reactive-streams\1.0.3\reactive-streams-1.0.3.jar;C:\Users\DheyClaveria\.m2\repository\com\typesafe\netty\netty-reactive-streams\2.0.4\netty-reactive-streams-2.0.4.jar;C:\Users\DheyClaveria\.m2\repository\com\sun\activation\jakarta.activation\1.2.2\jakarta.activation-1.2.2.jar;C:\Users\DheyClaveria\.m2\repository\org\seleniumhq\selenium\selenium-http\4.1.1\selenium-http-4.1.1.jar;C:\Users\DheyClaveria\.m2\repository\net\jodah\failsafe\2.4.4\failsafe-2.4.4.jar;C:\Users\DheyClaveria\.m2\repository\org\seleniumhq\selenium\selenium-safari-driver\4.1.1\selenium-safari-driver-4.1.1.jar;C:\Users\DheyClaveria\.m2\repository\org\seleniumhq\selenium\selenium-chrome-driver\4.1.1\selenium-chrome-driver-4.1.1.jar;C:\Users\DheyClaveria\.m2\repository\com\google\auto\service\auto-service-annotations\1.0.1\auto-service-annotations-1.0.1.jar;C:\Users\DheyClaveria\.m2\repository\com\google\auto\service\auto-service\1.0.1\auto-service-1.0.1.jar;C:\Users\DheyClaveria\.m2\repository\com\google\auto\auto-common\1.2\auto-common-1.2.jar;C:\Users\DheyClaveria\.m2\repository\com\google\guava\guava\31.0.1-jre\guava-31.0.1-jre.jar;C:\Users\DheyClaveria\.m2\repository\com\google\guava\failureaccess\1.0.1\failureaccess-1.0.1.jar;C:\Users\DheyClaveria\.m2\repository\com\google\guava\listenablefuture\9999.0-empty-to-avoid-conflict-with-guava\listenablefuture-9999.0-empty-to-avoid-conflict-with-guava.jar;C:\Users\DheyClaveria\.m2\repository\com\google\code\findbugs\jsr305\3.0.2\jsr305-3.0.2.jar;C:\Users\DheyClaveria\.m2\repository\org\checkerframework\checker-qual\3.12.0\checker-qual-3.12.0.jar;C:\Users\DheyClaveria\.m2\repository\com\google\errorprone\error_prone_annotations\2.7.1\error_prone_annotations-2.7.1.jar;C:\Users\DheyClaveria\.m2\repository\com\google\j2objc\j2objc-annotations\1.3\j2objc-annotations-1.3.jar;C:\Users\DheyClaveria\.m2\repository\org\seleniumhq\selenium\selenium-chromium-driver\4.1.1\selenium-chromium-driver-4.1.1.jar;C:\Users\DheyClaveria\.m2\repository\org\seleniumhq\selenium\selenium-json\4.1.1\selenium-json-4.1.1.jar;C:\Users\DheyClaveria\.m2\repository\io\github\bonigarcia\webdrivermanager\4.2.2\webdrivermanager-4.2.2.jar;C:\Users\DheyClaveria\.m2\repository\org\apache\httpcomponents\client5\httpclient5\5.0.1\httpclient5-5.0.1.jar;C:\Users\DheyClaveria\.m2\repository\org\apache\httpcomponents\core5\httpcore5\5.0.1\httpcore5-5.0.1.jar;C:\Users\DheyClaveria\.m2\repository\org\apache\httpcomponents\core5\httpcore5-h2\5.0.1\httpcore5-h2-5.0.1.jar;C:\Users\DheyClaveria\.m2\repository\org\rauschig\jarchivelib\1.1.0\jarchivelib-1.1.0.jar;C:\Users\DheyClaveria\.m2\repository\org\jsoup\jsoup\1.13.1\jsoup-1.13.1.jar;C:\Users\DheyClaveria\.m2\repository\tech\grasshopper\extentreports-cucumber7-adapter\1.3.0\extentreports-cucumber7-adapter-1.3.0.jar;C:\Users\DheyClaveria\.m2\repository\com\aventstack\extentreports\5.0.9\extentreports-5.0.9.jar;C:\Users\DheyClaveria\.m2\repository\io\reactivex\rxjava3\rxjava\3.0.4\rxjava-3.0.4.jar;C:\Users\DheyClaveria\.m2\repository\tech\grasshopper\extent-pdf-report\2.1.0\extent-pdf-report-2.1.0.jar;C:\Users\DheyClaveria\.m2\repository\tech\grasshopper\cucumber-pdf-report\2.5.0\cucumber-pdf-report-2.5.0.jar;C:\Users\DheyClaveria\.m2\repository\org\knowm\xchart\xchart\3.8.0\xchart-3.8.0.jar;C:\Users\DheyClaveria\.m2\repository\de\erichseifert\vectorgraphics2d\VectorGraphics2D\0.13\VectorGraphics2D-0.13.jar;C:\Users\DheyClaveria\.m2\repository\de\rototor\pdfbox\graphics2d\0.30\graphics2d-0.30.jar;C:\Users\DheyClaveria\.m2\repository\com\madgag\animated-gif-lib\1.4\animated-gif-lib-1.4.jar;C:\Users\DheyClaveria\.m2\repository\org\yaml\snakeyaml\1.28\snakeyaml-1.28.jar;C:\Users\DheyClaveria\.m2\repository\tech\grasshopper\table-layout\1.4.0\table-layout-1.4.0.jar;C:\Users\DheyClaveria\.m2\repository\tech\grasshopper\rest-assured-cucumber-pdf-report\1.1.0\rest-assured-cucumber-pdf-report-1.1.0.jar;C:\Users\DheyClaveria\.m2\repository\com\aventstack\klov-reporter\5.0.9\klov-reporter-5.0.9.jar;C:\Users\DheyClaveria\.m2\repository\org\mongodb\mongodb-driver\3.6.4\mongodb-driver-3.6.4.jar;C:\Users\DheyClaveria\.m2\repository\org\mongodb\mongodb-driver-core\3.6.4\mongodb-driver-core-3.6.4.jar;C:\Users\DheyClaveria\.m2\repository\org\mongodb\bson\3.6.4\bson-3.6.4.jar;C:\Users\DheyClaveria\.m2\repository\tech\grasshopper\htmlextentreporter\1.0.0\htmlextentreporter-1.0.0.jar;C:\Users\DheyClaveria\.m2\repository\org\testng\testng\6.14.3\testng-6.14.3.jar;C:\Users\DheyClaveria\.m2\repository\com\beust\jcommander\1.72\jcommander-1.72.jar;C:\Users\DheyClaveria\.m2\repository\org\apache-extras\beanshell\bsh\2.0b6\bsh-2.0b6.jar;C:\Users\DheyClaveria\.m2\repository\io\cucumber\cucumber-testng\7.2.3\cucumber-testng-7.2.3.jar;C:\Users\DheyClaveria\.m2\repository\org\apache\poi\poi\5.2.1\poi-5.2.1.jar;C:\Users\DheyClaveria\.m2\repository\org\apache\commons\commons-collections4\4.4\commons-collections4-4.4.jar;C:\Users\DheyClaveria\.m2\repository\org\apache\commons\commons-math3\3.6.1\commons-math3-3.6.1.jar;C:\Users\DheyClaveria\.m2\repository\com\zaxxer\SparseBitSet\1.2\SparseBitSet-1.2.jar;C:\Users\DheyClaveria\.m2\repository\org\apache\logging\log4j\log4j-api\2.17.1\log4j-api-2.17.1.jar;C:\Users\DheyClaveria\.m2\repository\org\apache\poi\poi-ooxml\5.2.1\poi-ooxml-5.2.1.jar;C:\Users\DheyClaveria\.m2\repository\org\apache\poi\poi-ooxml-lite\5.2.1\poi-ooxml-lite-5.2.1.jar;C:\Users\DheyClaveria\.m2\repository\org\apache\xmlbeans\xmlbeans\5.0.3\xmlbeans-5.0.3.jar;C:\Users\DheyClaveria\.m2\repository\org\apache\commons\commons-compress\1.21\commons-compress-1.21.jar;C:\Users\DheyClaveria\.m2\repository\com\github\virtuald\curvesapi\1.07\curvesapi-1.07.jar;"/>
    <property name="sun.cpu.endian" value="little"/>
    <property name="user.home" value="C:\Users\DheyClaveria"/>
    <property name="user.language" value="en"/>
    <property name="java.specification.vendor" value="Oracle Corporation"/>
    <property name="java.version.date" value="2020-10-20"/>
    <property name="java.home" value="C:\Program Files\Java\jdk-15.0.1"/>
    <property name="file.separator" value="\"/>
    <property name="basedir" value="Z:\Automation\JavaCucumber\BDD_HCL\CucumberHCL"/>
    <property name="java.vm.compressedOopsMode" value="Zero based"/>
    <property name="line.separator" value="&#10;"/>
    <property name="java.vm.specification.vendor" value="Oracle Corporation"/>
    <property name="java.specification.name" value="Java Platform API Specification"/>
    <property name="surefire.real.class.path" value="C:\Users\DheyClaveria\AppData\Local\Temp\surefire9086304467925236988\surefirebooter12264320312762808847.jar"/>
    <property name="user.script" value=""/>
    <property name="sun.management.compiler" value="HotSpot 64-Bit Tiered Compilers"/>
    <property name="java.runtime.version" value="15.0.1+9-18"/>
    <property name="user.name" value="DheyClaveria"/>
    <property name="path.separator" value=";"/>
    <property name="os.version" value="10.0"/>
    <property name="java.runtime.name" value="Java(TM) SE Runtime Environment"/>
    <property name="file.encoding" value="Cp1252"/>
    <property name="sun.nio.ch.bugLevel" value=""/>
    <property name="java.vm.name" value="Java HotSpot(TM) 64-Bit Server VM"/>
    <property name="localRepository" value="C:\Users\DheyClaveria\.m2\repository"/>
    <property name="java.vendor.url.bug" value="https://bugreport.java.com/bugreport/"/>
    <property name="java.io.tmpdir" value="C:\Users\DheyClaveria\AppData\Local\Temp\"/>
    <property name="java.version" value="15.0.1"/>
    <property name="user.dir" value="Z:\Automation\JavaCucumber\BDD_HCL\CucumberHCL"/>
    <property name="os.arch" value="amd64"/>
    <property name="java.vm.specification.name" value="Java Virtual Machine Specification"/>
    <property name="sun.os.patch.level" value=""/>
    <property name="java.library.path" value="C:\Program Files\Java\jdk-15.0.1\bin;C:\WINDOWS\Sun\Java\bin;C:\WINDOWS\system32;C:\WINDOWS;C:\Program Files\Common Files\Oracle\Java\javapath;C:\Program Files (x86)\Common Files\Intel\Shared Libraries\redist\intel64\compiler;C:\Windows\system32;C:\Windows;C:\Windows\System32\Wbem;C:\Windows\System32\WindowsPowerShell\v1.0\;C:\Windows\System32\OpenSSH\;C:\Program Files (x86)\NVIDIA Corporation\PhysX\Common;C:\Program Files\Microsoft SQL Server\120\Tools\Binn\;C:\Users\DheyClaveria\.dnx\bin;C:\Program Files\Microsoft DNX\Dnvm\;C:\Program Files\Microsoft SQL Server\130\Tools\Binn\;C:\Program Files (x86)\Microsoft SQL Server\130\Tools\Binn\;C:\Program Files (x86)\Microsoft SQL Server\130\DTS\Binn\;C:\Program Files\Microsoft SQL Server\130\DTS\Binn\;C:\Program Files\Microsoft SQL Server\Client SDK\ODBC\130\Tools\Binn\;C:\Program Files\nodejs\;C:\Program Files\NVIDIA Corporation\NVIDIA NvDLISR;C:\WINDOWS\system32;C:\WINDOWS;C:\WINDOWS\System32\Wbem;C:\WINDOWS\System32\WindowsPowerShell\v1.0\;C:\WINDOWS\System32\OpenSSH\;C:\Selenium;C:\Program Files\Git\cmd;C:\Program Files\Java\jdk-15.0.1\bin;;C:\WINDOWS\system32;C:\WINDOWS;C:\WINDOWS\System32\Wbem;C:\WINDOWS\System32\WindowsPowerShell\v1.0\;C:\WINDOWS\System32\OpenSSH\;C:\Program Files\dotnet\;C:\Users\DheyClaveria\AppData\Local\Programs\Python\Python39\Scripts\;C:\Users\DheyClaveria\AppData\Local\Programs\Python\Python39\;C:\Users\DheyClaveria\AppData\Local\Microsoft\WindowsApps;C:\Users\DheyClaveria\AppData\Local\GitHubDesktop\bin;C:\Users\DheyClaveria\AppData\Local\Programs\Microsoft VS Code\bin;C:\Users\DheyClaveria\AppData\Roaming\npm;C:\Users\DheyClaveria\AppData\Local\Microsoft\WindowsApps;C:\Program Files\Java\jdk-15.0.1\bin;C:\apache-maven-3.6.3\bin;C:\Program Files\nodejs;C:\Selenium;;."/>
    <property name="java.vm.info" value="mixed mode, sharing"/>
    <property name="java.vendor" value="Oracle Corporation"/>
    <property name="java.vm.version" value="15.0.1+9-18"/>
    <property name="sun.io.unicode.encoding" value="UnicodeLittle"/>
    <property name="java.class.version" value="59.0"/>
  </properties>
  <testcase name="Login fail possible combinations" classname="Test Invalid User Credentials Feature" time="36.584">
    <system-out><![CDATA[11:00:23.170 [main] INFO  i.c.core.plugin.SerenityReporter - Running feature from file:///Z:/Automation/JavaCucumber/BDD_HCL/CucumberHCL/src/main/resources/AppFeatures/ValidateAndVerifyInvalidLogin.feature
11:00:23.171 [main] WARN  i.c.core.plugin.SerenityReporter - Feature from file:///Z:/Automation/JavaCucumber/BDD_HCL/CucumberHCL/src/main/resources/AppFeatures/ValidateAndVerifyInvalidLogin.feature is not under the 'features' directory. Requirements report will not be correctly generated!
11:00:23.282 [main] INFO   - 

-------------------------------------------------------------------------------------
     _______. _______ .______       _______ .__   __.  __  .___________.____    ____ 
    /       ||   ____||   _  \     |   ____||  \ |  | |  | |           |\   \  /   / 
   |   (----`|  |__   |  |_)  |    |  |__   |   \|  | |  | `---|  |----` \   \/   /  
    \   \    |   __|  |      /     |   __|  |  . `  | |  |     |  |       \_    _/   
.----)   |   |  |____ |  |\  \----.|  |____ |  |\   | |  |     |  |         |  |     
|_______/    |_______|| _| `._____||_______||__| \__| |__|     |__|         |__|    
                                                                                     
 News and tutorials at http://www.serenity-bdd.info                                  
 Documentation at https://wakaleo.gitbooks.io/the-serenity-book/content/             
 Join the Serenity Community on Gitter: https://gitter.im/serenity-bdd/serenity-core 
 Serenity BDD Support and Training at http://serenity-bdd.info/#/trainingandsupport  
-------------------------------------------------------------------------------------

11:00:23.284 [main] DEBUG n.thucydides.core.steps.StepEventBus - Test suite started for story net.thucydides.core.model.Story@b13a1f46
11:00:23.285 [main] INFO   - Test Suite Started: Test Invalid User Credentials Feature
11:00:23.313 [main] INFO  i.c.core.plugin.SerenityReporter - Running feature from file:///Z:/Automation/JavaCucumber/BDD_HCL/CucumberHCL/src/main/resources/AppFeatures/ValidateAndVerifyLoginPage.feature
11:00:23.313 [main] WARN  i.c.core.plugin.SerenityReporter - Feature from file:///Z:/Automation/JavaCucumber/BDD_HCL/CucumberHCL/src/main/resources/AppFeatures/ValidateAndVerifyLoginPage.feature is not under the 'features' directory. Requirements report will not be correctly generated!
11:00:23.317 [main] DEBUG n.thucydides.core.steps.StepEventBus - Test suite started for story net.thucydides.core.model.Story@7f1849ba
11:00:23.317 [main] INFO   - Test Suite Started: Validate And Verify Login Page to PEGA Site
11:00:23.323 [main] INFO  i.c.core.plugin.SerenityReporter - Running feature from file:///Z:/Automation/JavaCucumber/BDD_HCL/CucumberHCL/src/main/resources/AppFeatures/ValidateAndVerifyInvalidLogin.feature
11:00:23.323 [main] WARN  i.c.core.plugin.SerenityReporter - Feature from file:///Z:/Automation/JavaCucumber/BDD_HCL/CucumberHCL/src/main/resources/AppFeatures/ValidateAndVerifyInvalidLogin.feature is not under the 'features' directory. Requirements report will not be correctly generated!
11:00:23.325 [main] DEBUG n.thucydides.core.steps.StepEventBus - Test suite started for story net.thucydides.core.model.Story@b13a1f46
11:00:23.325 [main] INFO   - Test Suite Started: Test Invalid User Credentials Feature

@All @testInvalid
Scenario Outline: Login fail possible combinations                                                                                   &amp#27;[90m# src/main/resources/AppFeatures/ValidateAndVerifyInvalidLogin.feature:15&amp#27;[0m
11:00:23.395 [main] INFO  i.c.core.plugin.SerenityReporter - Running feature from file:///Z:/Automation/JavaCucumber/BDD_HCL/CucumberHCL/src/main/resources/AppFeatures/ValidateAndVerifyInvalidLogin.feature
11:00:23.395 [main] WARN  i.c.core.plugin.SerenityReporter - Feature from file:///Z:/Automation/JavaCucumber/BDD_HCL/CucumberHCL/src/main/resources/AppFeatures/ValidateAndVerifyInvalidLogin.feature is not under the 'features' directory. Requirements report will not be correctly generated!
11:00:23.485 [main] INFO   - 
  _____   ___   ___   _____     ___   _____     _     ___   _____   ___   ___  
 |_   _| | __| / __| |_   _|   / __| |_   _|   /_\   | _ \ |_   _| | __| |   \ 
   | |   | _|  \__ \   | |     \__ \   | |    / _ \  |   /   | |   | _|  | |) |
   |_|   |___| |___/   |_|     |___/   |_|   /_/ \_\ |_|_\   |_|   |___| |___/ 

Login fail possible combinations(test-invalid-user-credentials-feature;login-fail-possible-combinations)
--------------------------------------------------------------------------------
11:00:23.587 [main] DEBUG com.pages.drivers.DriversFactory - Set up Browser
11:00:23.587 [main] DEBUG com.pages.drivers.DriversFactory - Initialize Driver Browser Configuration
11:00:23.587 [main] DEBUG com.pages.drivers.DriversFactory -  Driver Browser : chrome
11:00:23.824 [main] DEBUG i.g.b.wdm.cache.ResolutionCache - Resolution chrome=99 in cache (valid until 11:36:40 21/03/2022 CST)
11:00:23.824 [main] DEBUG i.g.b.wdm.cache.ResolutionCache - Resolution chrome99=99.0.4844.51 in cache (valid until 09:15:22 22/03/2022 CST)
11:00:23.824 [main] INFO  i.g.bonigarcia.wdm.WebDriverManager - Using chromedriver 99.0.4844.51 (resolved driver for Chrome 99)
11:00:23.836 [main] DEBUG i.g.bonigarcia.wdm.WebDriverManager - Driver chromedriver 99.0.4844.51 found in cache
11:00:23.836 [main] INFO  i.g.bonigarcia.wdm.WebDriverManager - Exporting webdriver.chrome.driver as C:\Users\DheyClaveria\.cache\selenium\chromedriver\win32\99.0.4844.51\chromedriver.exe
11:00:23.892 [main] DEBUG i.n.u.i.l.InternalLoggerFactory - Using SLF4J as the default logging framework
11:00:23.893 [main] DEBUG io.netty.util.ResourceLeakDetector - -Dio.netty.leakDetection.level: simple
11:00:23.893 [main] DEBUG io.netty.util.ResourceLeakDetector - -Dio.netty.leakDetection.targetRecords: 4
11:00:23.895 [main] DEBUG i.n.util.ResourceLeakDetectorFactory - Loaded default ResourceLeakDetector: io.netty.util.ResourceLeakDetector@51efb731
11:00:23.908 [main] DEBUG i.n.util.internal.PlatformDependent0 - -Dio.netty.noUnsafe: false
11:00:23.908 [main] DEBUG i.n.util.internal.PlatformDependent0 - Java version: 15
11:00:23.908 [main] DEBUG i.n.util.internal.PlatformDependent0 - sun.misc.Unsafe.theUnsafe: available
11:00:23.909 [main] DEBUG i.n.util.internal.PlatformDependent0 - sun.misc.Unsafe.copyMemory: available
11:00:23.909 [main] DEBUG i.n.util.internal.PlatformDependent0 - java.nio.Buffer.address: available
11:00:23.909 [main] DEBUG i.n.util.internal.PlatformDependent0 - direct buffer constructor: unavailable: Reflective setAccessible(true) disabled
11:00:23.910 [main] DEBUG i.n.util.internal.PlatformDependent0 - java.nio.Bits.unaligned: available, true
11:00:23.911 [main] DEBUG i.n.util.internal.PlatformDependent0 - jdk.internal.misc.Unsafe.allocateUninitializedArray(int): unavailable: class io.netty.util.internal.PlatformDependent0$6 cannot access class jdk.internal.misc.Unsafe (in module java.base) because module java.base does not export jdk.internal.misc to unnamed module @5f59185e
11:00:23.912 [main] DEBUG i.n.util.internal.PlatformDependent0 - java.nio.DirectByteBuffer.<init>(long, int): unavailable
11:00:23.912 [main] DEBUG i.n.util.internal.PlatformDependent - sun.misc.Unsafe: available
11:00:23.914 [main] DEBUG i.n.util.internal.PlatformDependent - maxDirectMemory: 4276092928 bytes (maybe)
11:00:23.914 [main] DEBUG i.n.util.internal.PlatformDependent - -Dio.netty.tmpdir: C:\Users\DheyClaveria\AppData\Local\Temp (java.io.tmpdir)
11:00:23.914 [main] DEBUG i.n.util.internal.PlatformDependent - -Dio.netty.bitMode: 64 (sun.arch.data.model)
11:00:23.914 [main] DEBUG i.n.util.internal.PlatformDependent - Platform: Windows
11:00:23.915 [main] DEBUG i.n.util.internal.PlatformDependent - -Dio.netty.maxDirectMemory: -1 bytes
11:00:23.915 [main] DEBUG i.n.util.internal.PlatformDependent - -Dio.netty.uninitializedArrayAllocationThreshold: -1
11:00:23.916 [main] DEBUG io.netty.util.internal.CleanerJava9 - java.nio.ByteBuffer.cleaner(): available
11:00:23.916 [main] DEBUG i.n.util.internal.PlatformDependent - -Dio.netty.noPreferDirect: false
11:00:23.921 [main] DEBUG i.n.util.internal.PlatformDependent - org.jctools-core.MpscChunkedArrayQueue: available
11:00:23.932 [main] DEBUG i.n.u.i.InternalThreadLocalMap - -Dio.netty.threadLocalMap.stringBuilder.initialSize: 1024
11:00:23.932 [main] DEBUG i.n.u.i.InternalThreadLocalMap - -Dio.netty.threadLocalMap.stringBuilder.maxSize: 4096
11:00:23.974 [main] DEBUG io.netty.handler.ssl.JdkSslContext - Default protocols (JDK): [TLSv1.3, TLSv1.2, TLSv1.1, TLSv1] 
11:00:23.974 [main] DEBUG io.netty.handler.ssl.JdkSslContext - Default cipher suites (JDK): [TLS_ECDHE_ECDSA_WITH_AES_256_GCM_SHA384, TLS_ECDHE_ECDSA_WITH_AES_128_GCM_SHA256, TLS_ECDHE_RSA_WITH_AES_128_GCM_SHA256, TLS_ECDHE_RSA_WITH_AES_256_GCM_SHA384, TLS_ECDHE_RSA_WITH_AES_128_CBC_SHA, TLS_ECDHE_RSA_WITH_AES_256_CBC_SHA, TLS_RSA_WITH_AES_128_GCM_SHA256, TLS_RSA_WITH_AES_128_CBC_SHA, TLS_RSA_WITH_AES_256_CBC_SHA, TLS_AES_128_GCM_SHA256, TLS_AES_256_GCM_SHA384]
11:00:23.991 [main] DEBUG i.n.c.MultithreadEventLoopGroup - -Dio.netty.eventLoopThreads: 24
11:00:23.999 [main] DEBUG io.netty.channel.nio.NioEventLoop - -Dio.netty.noKeySetOptimization: false
11:00:23.999 [main] DEBUG io.netty.channel.nio.NioEventLoop - -Dio.netty.selectorAutoRebuildThreshold: 512
11:00:24.031 [main] DEBUG i.n.buffer.PooledByteBufAllocator - -Dio.netty.allocator.numHeapArenas: 24
11:00:24.031 [main] DEBUG i.n.buffer.PooledByteBufAllocator - -Dio.netty.allocator.numDirectArenas: 24
11:00:24.031 [main] DEBUG i.n.buffer.PooledByteBufAllocator - -Dio.netty.allocator.pageSize: 8192
11:00:24.031 [main] DEBUG i.n.buffer.PooledByteBufAllocator - -Dio.netty.allocator.maxOrder: 11
11:00:24.031 [main] DEBUG i.n.buffer.PooledByteBufAllocator - -Dio.netty.allocator.chunkSize: 16777216
11:00:24.031 [main] DEBUG i.n.buffer.PooledByteBufAllocator - -Dio.netty.allocator.smallCacheSize: 256
11:00:24.031 [main] DEBUG i.n.buffer.PooledByteBufAllocator - -Dio.netty.allocator.normalCacheSize: 64
11:00:24.031 [main] DEBUG i.n.buffer.PooledByteBufAllocator - -Dio.netty.allocator.maxCachedBufferCapacity: 32768
11:00:24.031 [main] DEBUG i.n.buffer.PooledByteBufAllocator - -Dio.netty.allocator.cacheTrimInterval: 8192
11:00:24.031 [main] DEBUG i.n.buffer.PooledByteBufAllocator - -Dio.netty.allocator.cacheTrimIntervalMillis: 0
11:00:24.032 [main] DEBUG i.n.buffer.PooledByteBufAllocator - -Dio.netty.allocator.useCacheForAllThreads: true
11:00:24.032 [main] DEBUG i.n.buffer.PooledByteBufAllocator - -Dio.netty.allocator.maxCachedByteBuffersPerChunk: 1023
11:00:24.038 [main] DEBUG io.netty.buffer.ByteBufUtil - -Dio.netty.allocator.type: pooled
11:00:24.038 [main] DEBUG io.netty.buffer.ByteBufUtil - -Dio.netty.threadLocalDirectBufferSize: 0
11:00:24.038 [main] DEBUG io.netty.buffer.ByteBufUtil - -Dio.netty.maxThreadLocalCharBufferSize: 16384
11:00:24.712 [Forwarding newSession on session null to remote] DEBUG io.netty.channel.DefaultChannelId - -Dio.netty.processId: 26480 (auto-detected)
11:00:24.718 [Forwarding newSession on session null to remote] DEBUG io.netty.util.NetUtil - -Djava.net.preferIPv4Stack: false
11:00:24.718 [Forwarding newSession on session null to remote] DEBUG io.netty.util.NetUtil - -Djava.net.preferIPv6Addresses: false
11:00:24.723 [Forwarding newSession on session null to remote] DEBUG io.netty.util.NetUtilInitializations - Loopback interface: lo (Software Loopback Interface 1, 127.0.0.1)
11:00:24.723 [Forwarding newSession on session null to remote] DEBUG io.netty.util.NetUtil - Failed to get SOMAXCONN from sysctl and file \proc\sys\net\core\somaxconn. Default: 200
11:00:24.731 [Forwarding newSession on session null to remote] DEBUG io.netty.channel.DefaultChannelId - -Dio.netty.machineId: 00:d8:61:ff:fe:9b:78:4c (auto-detected)
11:00:24.759 [AsyncHttpClient-1-2] DEBUG io.netty.buffer.AbstractByteBuf - -Dio.netty.buffer.checkAccessible: true
11:00:24.759 [AsyncHttpClient-1-2] DEBUG io.netty.buffer.AbstractByteBuf - -Dio.netty.buffer.checkBounds: true
11:00:24.759 [AsyncHttpClient-1-2] DEBUG i.n.util.ResourceLeakDetectorFactory - Loaded default ResourceLeakDetector: io.netty.util.ResourceLeakDetector@25eb1dd2
11:00:24.766 [AsyncHttpClient-1-2] DEBUG o.a.n.channel.NettyConnectListener - Using new Channel '[id: 0xedbedd30, L:/127.0.0.1:63983 - R:localhost/127.0.0.1:51894]' for 'POST' to '/session'
11:00:24.776 [AsyncHttpClient-1-2] DEBUG io.netty.util.Recycler - -Dio.netty.recycler.maxCapacityPerThread: 4096
11:00:24.776 [AsyncHttpClient-1-2] DEBUG io.netty.util.Recycler - -Dio.netty.recycler.maxSharedCapacityFactor: 2
11:00:24.776 [AsyncHttpClient-1-2] DEBUG io.netty.util.Recycler - -Dio.netty.recycler.linkCapacity: 16
11:00:24.776 [AsyncHttpClient-1-2] DEBUG io.netty.util.Recycler - -Dio.netty.recycler.ratio: 8
11:00:24.776 [AsyncHttpClient-1-2] DEBUG io.netty.util.Recycler - -Dio.netty.recycler.delayedQueue.ratio: 8
11:00:25.452 [AsyncHttpClient-1-2] DEBUG i.n.handler.codec.compression.Brotli - brotli4j not in the classpath; Brotli support will be unavailable.
11:00:25.452 [AsyncHttpClient-1-2] DEBUG o.a.netty.handler.HttpHandler - 

Request DefaultHttpRequest(decodeResult: success, version: HTTP/1.1)
POST /session HTTP/1.1
User-Agent: selenium/4.1.2 (java windows)
Content-Length: 365
Content-Type: application/json; charset=utf-8
host: localhost:51894
accept: */*

Response DefaultHttpResponse(decodeResult: success, version: HTTP/1.1)
HTTP/1.1 200 OK
Content-Type: application/json; charset=utf-8
cache-control: no-cache
content-length: 795

11:00:25.455 [AsyncHttpClient-1-2] DEBUG o.a.netty.channel.ChannelManager - Adding key: http://localhost:51894 for channel [id: 0xedbedd30, L:/127.0.0.1:63983 - R:localhost/127.0.0.1:51894]
11:00:25.501 [AsyncHttpClient-1-3] DEBUG o.a.n.channel.NettyConnectListener - Using new Channel '[id: 0x94e17d27, L:/127.0.0.1:63990 - R:localhost/127.0.0.1:63984]' for 'GET' to '/json/version'
11:00:25.505 [AsyncHttpClient-1-3] DEBUG o.a.netty.handler.HttpHandler - 

Request DefaultFullHttpRequest(decodeResult: success, version: HTTP/1.1, content: EmptyByteBufBE)
GET /json/version HTTP/1.1
User-Agent: selenium/4.1.2 (java windows)
host: localhost:63984
accept: */*

Response DefaultHttpResponse(decodeResult: success, version: HTTP/1.1)
HTTP/1.1 200 OK
Content-Type: application/json; charset=UTF-8
content-length: 423

11:00:25.505 [AsyncHttpClient-1-3] DEBUG o.a.netty.channel.ChannelManager - Adding key: http://localhost:63984 for channel [id: 0x94e17d27, L:/127.0.0.1:63990 - R:localhost/127.0.0.1:63984]
11:00:25.509 [main] DEBUG i.n.util.internal.ThreadLocalRandom - -Dio.netty.initialSeedUniquifier: 0x0df9838f80f93741
11:00:25.512 [AsyncHttpClient-1-4] DEBUG o.a.n.channel.NettyConnectListener - Using new Channel '[id: 0x6cafce61, L:/127.0.0.1:63991 - R:localhost/127.0.0.1:63984]' for 'GET' to '/devtools/browser/7165b075-cb87-4b52-8a30-d2f7e5727b38'
11:00:25.515 [AsyncHttpClient-1-4] DEBUG o.a.netty.handler.WebSocketHandler - 

Request DefaultFullHttpRequest(decodeResult: success, version: HTTP/1.1, content: EmptyByteBufBE)
GET /devtools/browser/7165b075-cb87-4b52-8a30-d2f7e5727b38 HTTP/1.1
upgrade: websocket
connection: upgrade
sec-websocket-key: Mnb6s2c53NHv3qtO4mdREg==
sec-websocket-version: 13
origin: http://localhost:63984
host: localhost:63984
accept: */*
user-agent: AHC/2.1

Response DefaultHttpResponse(decodeResult: success, version: HTTP/1.1)
HTTP/1.1 101 WebSocket Protocol Handshake
Upgrade: WebSocket
Connection: Upgrade
Sec-WebSocket-Accept: 6ifVNMPSOI+BA4FsP/FBa8dtBKY=

11:00:25.535 [Forwarding deleteAllCookies on session cf070861423e5b0e57dd07cfdb76f8cd to remote] DEBUG o.a.netty.request.NettyRequestSender - Using pooled Channel '[id: 0xedbedd30, L:/127.0.0.1:63983 - R:localhost/127.0.0.1:51894]' for 'DELETE' to 'http://localhost:51894/session/cf070861423e5b0e57dd07cfdb76f8cd/cookie'
11:00:25.535 [Forwarding deleteAllCookies on session cf070861423e5b0e57dd07cfdb76f8cd to remote] DEBUG o.a.netty.request.NettyRequestSender - Using open Channel [id: 0xedbedd30, L:/127.0.0.1:63983 - R:localhost/127.0.0.1:51894] for DELETE '/session/cf070861423e5b0e57dd07cfdb76f8cd/cookie'
11:00:25.540 [AsyncHttpClient-1-2] DEBUG o.a.netty.handler.HttpHandler - 

Request DefaultFullHttpRequest(decodeResult: success, version: HTTP/1.1, content: EmptyByteBufBE)
DELETE /session/cf070861423e5b0e57dd07cfdb76f8cd/cookie HTTP/1.1
User-Agent: selenium/4.1.2 (java windows)
Content-Type: application/json; charset=utf-8
host: localhost:51894
accept: */*

Response DefaultHttpResponse(decodeResult: success, version: HTTP/1.1)
HTTP/1.1 200 OK
Content-Type: application/json; charset=utf-8
cache-control: no-cache
content-length: 14

11:00:25.541 [AsyncHttpClient-1-2] DEBUG o.a.netty.channel.ChannelManager - Adding key: http://localhost:51894 for channel [id: 0xedbedd30, L:/127.0.0.1:63983 - R:localhost/127.0.0.1:51894]
11:00:25.545 [Forwarding maximizeCurrentWindow on session cf070861423e5b0e57dd07cfdb76f8cd to remote] DEBUG o.a.netty.request.NettyRequestSender - Using pooled Channel '[id: 0xedbedd30, L:/127.0.0.1:63983 - R:localhost/127.0.0.1:51894]' for 'POST' to 'http://localhost:51894/session/cf070861423e5b0e57dd07cfdb76f8cd/window/maximize'
11:00:25.545 [Forwarding maximizeCurrentWindow on session cf070861423e5b0e57dd07cfdb76f8cd to remote] DEBUG o.a.netty.request.NettyRequestSender - Using open Channel [id: 0xedbedd30, L:/127.0.0.1:63983 - R:localhost/127.0.0.1:51894] for POST '/session/cf070861423e5b0e57dd07cfdb76f8cd/window/maximize'
11:00:25.662 [AsyncHttpClient-1-2] DEBUG o.a.netty.handler.HttpHandler - 

Request DefaultHttpRequest(decodeResult: success, version: HTTP/1.1)
POST /session/cf070861423e5b0e57dd07cfdb76f8cd/window/maximize HTTP/1.1
User-Agent: selenium/4.1.2 (java windows)
Content-Length: 3
Content-Type: application/json; charset=utf-8
host: localhost:51894
accept: */*

Response DefaultHttpResponse(decodeResult: success, version: HTTP/1.1)
HTTP/1.1 200 OK
Content-Type: application/json; charset=utf-8
cache-control: no-cache
content-length: 52

11:00:25.662 [AsyncHttpClient-1-2] DEBUG o.a.netty.channel.ChannelManager - Adding key: http://localhost:51894 for channel [id: 0xedbedd30, L:/127.0.0.1:63983 - R:localhost/127.0.0.1:51894]
11:00:25.671 [Forwarding get on session cf070861423e5b0e57dd07cfdb76f8cd to remote] DEBUG o.a.netty.request.NettyRequestSender - Using pooled Channel '[id: 0xedbedd30, L:/127.0.0.1:63983 - R:localhost/127.0.0.1:51894]' for 'POST' to 'http://localhost:51894/session/cf070861423e5b0e57dd07cfdb76f8cd/url'
11:00:25.671 [Forwarding get on session cf070861423e5b0e57dd07cfdb76f8cd to remote] DEBUG o.a.netty.request.NettyRequestSender - Using open Channel [id: 0xedbedd30, L:/127.0.0.1:63983 - R:localhost/127.0.0.1:51894] for POST '/session/cf070861423e5b0e57dd07cfdb76f8cd/url'
11:00:25.780 [AsyncHttpClient-1-2] DEBUG o.a.netty.handler.HttpHandler - 

Request DefaultHttpRequest(decodeResult: success, version: HTTP/1.1)
POST /session/cf070861423e5b0e57dd07cfdb76f8cd/url HTTP/1.1
User-Agent: selenium/4.1.2 (java windows)
Content-Length: 148
Content-Type: application/json; charset=utf-8
host: localhost:51894
accept: */*

Response DefaultHttpResponse(decodeResult: success, version: HTTP/1.1)
HTTP/1.1 200 OK
Content-Type: application/json; charset=utf-8
cache-control: no-cache
content-length: 14

11:00:25.780 [AsyncHttpClient-1-2] DEBUG o.a.netty.channel.ChannelManager - Adding key: http://localhost:51894 for channel [id: 0xedbedd30, L:/127.0.0.1:63983 - R:localhost/127.0.0.1:51894]
11:00:25.782 [Forwarding getTitle on session cf070861423e5b0e57dd07cfdb76f8cd to remote] DEBUG o.a.netty.request.NettyRequestSender - Using pooled Channel '[id: 0xedbedd30, L:/127.0.0.1:63983 - R:localhost/127.0.0.1:51894]' for 'GET' to 'http://localhost:51894/session/cf070861423e5b0e57dd07cfdb76f8cd/title'
11:00:25.782 [Forwarding getTitle on session cf070861423e5b0e57dd07cfdb76f8cd to remote] DEBUG o.a.netty.request.NettyRequestSender - Using open Channel [id: 0xedbedd30, L:/127.0.0.1:63983 - R:localhost/127.0.0.1:51894] for GET '/session/cf070861423e5b0e57dd07cfdb76f8cd/title'
11:00:25.785 [AsyncHttpClient-1-2] DEBUG o.a.netty.handler.HttpHandler - 

Request DefaultFullHttpRequest(decodeResult: success, version: HTTP/1.1, content: EmptyByteBufBE)
GET /session/cf070861423e5b0e57dd07cfdb76f8cd/title HTTP/1.1
User-Agent: selenium/4.1.2 (java windows)
Cache-Control: no-cache
Content-Type: application/json; charset=utf-8
host: localhost:51894
accept: */*

Response DefaultHttpResponse(decodeResult: success, version: HTTP/1.1)
HTTP/1.1 200 OK
Content-Type: application/json; charset=utf-8
cache-control: no-cache
content-length: 22

11:00:25.785 [AsyncHttpClient-1-2] DEBUG o.a.netty.channel.ChannelManager - Adding key: http://localhost:51894 for channel [id: 0xedbedd30, L:/127.0.0.1:63983 - R:localhost/127.0.0.1:51894]
11:00:25.786 [main] DEBUG com.pages.LoginPage - verifyApplication: 'Login Page' 
11:00:25.787 [Forwarding getTitle on session cf070861423e5b0e57dd07cfdb76f8cd to remote] DEBUG o.a.netty.request.NettyRequestSender - Using pooled Channel '[id: 0xedbedd30, L:/127.0.0.1:63983 - R:localhost/127.0.0.1:51894]' for 'GET' to 'http://localhost:51894/session/cf070861423e5b0e57dd07cfdb76f8cd/title'
11:00:25.787 [Forwarding getTitle on session cf070861423e5b0e57dd07cfdb76f8cd to remote] DEBUG o.a.netty.request.NettyRequestSender - Using open Channel [id: 0xedbedd30, L:/127.0.0.1:63983 - R:localhost/127.0.0.1:51894] for GET '/session/cf070861423e5b0e57dd07cfdb76f8cd/title'
11:00:25.790 [AsyncHttpClient-1-2] DEBUG o.a.netty.handler.HttpHandler - 

Request DefaultFullHttpRequest(decodeResult: success, version: HTTP/1.1, content: EmptyByteBufBE)
GET /session/cf070861423e5b0e57dd07cfdb76f8cd/title HTTP/1.1
User-Agent: selenium/4.1.2 (java windows)
Cache-Control: no-cache
Content-Type: application/json; charset=utf-8
host: localhost:51894
accept: */*

Response DefaultHttpResponse(decodeResult: success, version: HTTP/1.1)
HTTP/1.1 200 OK
Content-Type: application/json; charset=utf-8
cache-control: no-cache
content-length: 22

11:00:25.791 [AsyncHttpClient-1-2] DEBUG o.a.netty.channel.ChannelManager - Adding key: http://localhost:51894 for channel [id: 0xedbedd30, L:/127.0.0.1:63983 - R:localhost/127.0.0.1:51894]
11:00:26.131 [AsyncHttpClient-1-1] DEBUG o.a.netty.channel.DefaultChannelPool - Entry count for : http://localhost:63984 : 1
11:00:26.131 [AsyncHttpClient-1-1] DEBUG o.a.netty.channel.DefaultChannelPool - Entry count for : http://localhost:51894 : 1
11:00:27.225 [AsyncHttpClient-1-1] DEBUG o.a.netty.channel.DefaultChannelPool - Entry count for : http://localhost:63984 : 1
11:00:27.225 [AsyncHttpClient-1-1] DEBUG o.a.netty.channel.DefaultChannelPool - Entry count for : http://localhost:51894 : 1
11:00:28.335 [AsyncHttpClient-1-1] DEBUG o.a.netty.channel.DefaultChannelPool - Entry count for : http://localhost:63984 : 1
11:00:28.335 [AsyncHttpClient-1-1] DEBUG o.a.netty.channel.DefaultChannelPool - Entry count for : http://localhost:51894 : 1
11:00:29.424 [AsyncHttpClient-1-1] DEBUG o.a.netty.channel.DefaultChannelPool - Entry count for : http://localhost:63984 : 1
11:00:29.424 [AsyncHttpClient-1-1] DEBUG o.a.netty.channel.DefaultChannelPool - Entry count for : http://localhost:51894 : 1
11:00:30.532 [AsyncHttpClient-1-1] DEBUG o.a.netty.channel.DefaultChannelPool - Entry count for : http://localhost:63984 : 1
11:00:30.532 [AsyncHttpClient-1-1] DEBUG o.a.netty.channel.DefaultChannelPool - Entry count for : http://localhost:51894 : 1
  &amp#27;[32mGiven &amp#27;[0m&amp#27;[32mthat the user should navigate in PEGA Login Page&amp#27;[0m                                                                             &amp#27;[90m# stepdefinitions.LoginPageSteps.that_the_user_should_navigate_in_pega_login_page()&amp#27;[0m
11:00:30.799 [main] DEBUG com.pages.LoginPage - verifyPageElements : Current Element = 'By.xpath: //div[@id="credentials"]//div[@class="field user"]//input' 
11:00:30.800 [Forwarding findElement on session cf070861423e5b0e57dd07cfdb76f8cd to remote] DEBUG o.a.netty.request.NettyRequestSender - Using pooled Channel '[id: 0xedbedd30, L:/127.0.0.1:63983 - R:localhost/127.0.0.1:51894]' for 'POST' to 'http://localhost:51894/session/cf070861423e5b0e57dd07cfdb76f8cd/element'
11:00:30.800 [Forwarding findElement on session cf070861423e5b0e57dd07cfdb76f8cd to remote] DEBUG o.a.netty.request.NettyRequestSender - Using open Channel [id: 0xedbedd30, L:/127.0.0.1:63983 - R:localhost/127.0.0.1:51894] for POST '/session/cf070861423e5b0e57dd07cfdb76f8cd/element'
11:00:30.808 [AsyncHttpClient-1-2] DEBUG o.a.netty.handler.HttpHandler - 

Request DefaultHttpRequest(decodeResult: success, version: HTTP/1.1)
POST /session/cf070861423e5b0e57dd07cfdb76f8cd/element HTTP/1.1
User-Agent: selenium/4.1.2 (java windows)
Content-Length: 128
Content-Type: application/json; charset=utf-8
host: localhost:51894
accept: */*

Response DefaultHttpResponse(decodeResult: success, version: HTTP/1.1)
HTTP/1.1 200 OK
Content-Type: application/json; charset=utf-8
cache-control: no-cache
content-length: 88

11:00:30.808 [AsyncHttpClient-1-2] DEBUG o.a.netty.channel.ChannelManager - Adding key: http://localhost:51894 for channel [id: 0xedbedd30, L:/127.0.0.1:63983 - R:localhost/127.0.0.1:51894]
11:00:30.817 [Forwarding isElementDisplayed on session cf070861423e5b0e57dd07cfdb76f8cd to remote] DEBUG o.a.netty.request.NettyRequestSender - Using pooled Channel '[id: 0xedbedd30, L:/127.0.0.1:63983 - R:localhost/127.0.0.1:51894]' for 'POST' to 'http://localhost:51894/session/cf070861423e5b0e57dd07cfdb76f8cd/execute/sync'
11:00:30.817 [Forwarding isElementDisplayed on session cf070861423e5b0e57dd07cfdb76f8cd to remote] DEBUG o.a.netty.request.NettyRequestSender - Using open Channel [id: 0xedbedd30, L:/127.0.0.1:63983 - R:localhost/127.0.0.1:51894] for POST '/session/cf070861423e5b0e57dd07cfdb76f8cd/execute/sync'
11:00:30.830 [AsyncHttpClient-1-2] DEBUG o.a.netty.handler.HttpHandler - 

Request DefaultHttpRequest(decodeResult: success, version: HTTP/1.1)
POST /session/cf070861423e5b0e57dd07cfdb76f8cd/execute/sync HTTP/1.1
User-Agent: selenium/4.1.2 (java windows)
Content-Length: 48780
Content-Type: application/json; charset=utf-8
host: localhost:51894
accept: */*

Response DefaultHttpResponse(decodeResult: success, version: HTTP/1.1)
HTTP/1.1 200 OK
Content-Type: application/json; charset=utf-8
cache-control: no-cache
content-length: 14

11:00:30.830 [AsyncHttpClient-1-2] DEBUG o.a.netty.channel.ChannelManager - Adding key: http://localhost:51894 for channel [id: 0xedbedd30, L:/127.0.0.1:63983 - R:localhost/127.0.0.1:51894]
11:00:30.831 [Forwarding findElement on session cf070861423e5b0e57dd07cfdb76f8cd to remote] DEBUG o.a.netty.request.NettyRequestSender - Using pooled Channel '[id: 0xedbedd30, L:/127.0.0.1:63983 - R:localhost/127.0.0.1:51894]' for 'POST' to 'http://localhost:51894/session/cf070861423e5b0e57dd07cfdb76f8cd/element'
11:00:30.831 [Forwarding findElement on session cf070861423e5b0e57dd07cfdb76f8cd to remote] DEBUG o.a.netty.request.NettyRequestSender - Using open Channel [id: 0xedbedd30, L:/127.0.0.1:63983 - R:localhost/127.0.0.1:51894] for POST '/session/cf070861423e5b0e57dd07cfdb76f8cd/element'
11:00:30.834 [AsyncHttpClient-1-2] DEBUG o.a.netty.handler.HttpHandler - 

Request DefaultHttpRequest(decodeResult: success, version: HTTP/1.1)
POST /session/cf070861423e5b0e57dd07cfdb76f8cd/element HTTP/1.1
User-Agent: selenium/4.1.2 (java windows)
Content-Length: 128
Content-Type: application/json; charset=utf-8
host: localhost:51894
accept: */*

Response DefaultHttpResponse(decodeResult: success, version: HTTP/1.1)
HTTP/1.1 200 OK
Content-Type: application/json; charset=utf-8
cache-control: no-cache
content-length: 88

11:00:30.834 [AsyncHttpClient-1-2] DEBUG o.a.netty.channel.ChannelManager - Adding key: http://localhost:51894 for channel [id: 0xedbedd30, L:/127.0.0.1:63983 - R:localhost/127.0.0.1:51894]
11:00:30.838 [Forwarding isElementDisplayed on session cf070861423e5b0e57dd07cfdb76f8cd to remote] DEBUG o.a.netty.request.NettyRequestSender - Using pooled Channel '[id: 0xedbedd30, L:/127.0.0.1:63983 - R:localhost/127.0.0.1:51894]' for 'POST' to 'http://localhost:51894/session/cf070861423e5b0e57dd07cfdb76f8cd/execute/sync'
11:00:30.838 [Forwarding isElementDisplayed on session cf070861423e5b0e57dd07cfdb76f8cd to remote] DEBUG o.a.netty.request.NettyRequestSender - Using open Channel [id: 0xedbedd30, L:/127.0.0.1:63983 - R:localhost/127.0.0.1:51894] for POST '/session/cf070861423e5b0e57dd07cfdb76f8cd/execute/sync'
11:00:30.846 [AsyncHttpClient-1-2] DEBUG o.a.netty.handler.HttpHandler - 

Request DefaultHttpRequest(decodeResult: success, version: HTTP/1.1)
POST /session/cf070861423e5b0e57dd07cfdb76f8cd/execute/sync HTTP/1.1
User-Agent: selenium/4.1.2 (java windows)
Content-Length: 48780
Content-Type: application/json; charset=utf-8
host: localhost:51894
accept: */*

Response DefaultHttpResponse(decodeResult: success, version: HTTP/1.1)
HTTP/1.1 200 OK
Content-Type: application/json; charset=utf-8
cache-control: no-cache
content-length: 14

11:00:30.846 [AsyncHttpClient-1-2] DEBUG o.a.netty.channel.ChannelManager - Adding key: http://localhost:51894 for channel [id: 0xedbedd30, L:/127.0.0.1:63983 - R:localhost/127.0.0.1:51894]
11:00:30.847 [Forwarding findElement on session cf070861423e5b0e57dd07cfdb76f8cd to remote] DEBUG o.a.netty.request.NettyRequestSender - Using pooled Channel '[id: 0xedbedd30, L:/127.0.0.1:63983 - R:localhost/127.0.0.1:51894]' for 'POST' to 'http://localhost:51894/session/cf070861423e5b0e57dd07cfdb76f8cd/element'
11:00:30.847 [Forwarding findElement on session cf070861423e5b0e57dd07cfdb76f8cd to remote] DEBUG o.a.netty.request.NettyRequestSender - Using open Channel [id: 0xedbedd30, L:/127.0.0.1:63983 - R:localhost/127.0.0.1:51894] for POST '/session/cf070861423e5b0e57dd07cfdb76f8cd/element'
11:00:30.851 [AsyncHttpClient-1-2] DEBUG o.a.netty.handler.HttpHandler - 

Request DefaultHttpRequest(decodeResult: success, version: HTTP/1.1)
POST /session/cf070861423e5b0e57dd07cfdb76f8cd/element HTTP/1.1
User-Agent: selenium/4.1.2 (java windows)
Content-Length: 128
Content-Type: application/json; charset=utf-8
host: localhost:51894
accept: */*

Response DefaultHttpResponse(decodeResult: success, version: HTTP/1.1)
HTTP/1.1 200 OK
Content-Type: application/json; charset=utf-8
cache-control: no-cache
content-length: 88

11:00:30.851 [AsyncHttpClient-1-2] DEBUG o.a.netty.channel.ChannelManager - Adding key: http://localhost:51894 for channel [id: 0xedbedd30, L:/127.0.0.1:63983 - R:localhost/127.0.0.1:51894]
11:00:30.853 [Forwarding isElementEnabled on session cf070861423e5b0e57dd07cfdb76f8cd to remote] DEBUG o.a.netty.request.NettyRequestSender - Using pooled Channel '[id: 0xedbedd30, L:/127.0.0.1:63983 - R:localhost/127.0.0.1:51894]' for 'GET' to 'http://localhost:51894/session/cf070861423e5b0e57dd07cfdb76f8cd/element/c030e440-6970-4782-b57d-aaea65e3c284/enabled'
11:00:30.853 [Forwarding isElementEnabled on session cf070861423e5b0e57dd07cfdb76f8cd to remote] DEBUG o.a.netty.request.NettyRequestSender - Using open Channel [id: 0xedbedd30, L:/127.0.0.1:63983 - R:localhost/127.0.0.1:51894] for GET '/session/cf070861423e5b0e57dd07cfdb76f8cd/element/c030e440-6970-4782-b57d-aaea65e3c284/enabled'
11:00:30.857 [AsyncHttpClient-1-2] DEBUG o.a.netty.handler.HttpHandler - 

Request DefaultFullHttpRequest(decodeResult: success, version: HTTP/1.1, content: EmptyByteBufBE)
GET /session/cf070861423e5b0e57dd07cfdb76f8cd/element/c030e440-6970-4782-b57d-aaea65e3c284/enabled HTTP/1.1
User-Agent: selenium/4.1.2 (java windows)
Cache-Control: no-cache
Content-Type: application/json; charset=utf-8
host: localhost:51894
accept: */*

Response DefaultHttpResponse(decodeResult: success, version: HTTP/1.1)
HTTP/1.1 200 OK
Content-Type: application/json; charset=utf-8
cache-control: no-cache
content-length: 14

11:00:30.858 [AsyncHttpClient-1-2] DEBUG o.a.netty.channel.ChannelManager - Adding key: http://localhost:51894 for channel [id: 0xedbedd30, L:/127.0.0.1:63983 - R:localhost/127.0.0.1:51894]
11:00:30.858 [main] DEBUG com.pages.LoginPage - verifyPageElements : Current Element = 'By.xpath: //div[@id="credentials"]//div[@class="field password"]//input' 
11:00:30.859 [Forwarding findElement on session cf070861423e5b0e57dd07cfdb76f8cd to remote] DEBUG o.a.netty.request.NettyRequestSender - Using pooled Channel '[id: 0xedbedd30, L:/127.0.0.1:63983 - R:localhost/127.0.0.1:51894]' for 'POST' to 'http://localhost:51894/session/cf070861423e5b0e57dd07cfdb76f8cd/element'
11:00:30.859 [Forwarding findElement on session cf070861423e5b0e57dd07cfdb76f8cd to remote] DEBUG o.a.netty.request.NettyRequestSender - Using open Channel [id: 0xedbedd30, L:/127.0.0.1:63983 - R:localhost/127.0.0.1:51894] for POST '/session/cf070861423e5b0e57dd07cfdb76f8cd/element'
11:00:30.866 [AsyncHttpClient-1-2] DEBUG o.a.netty.handler.HttpHandler - 

Request DefaultHttpRequest(decodeResult: success, version: HTTP/1.1)
POST /session/cf070861423e5b0e57dd07cfdb76f8cd/element HTTP/1.1
User-Agent: selenium/4.1.2 (java windows)
Content-Length: 132
Content-Type: application/json; charset=utf-8
host: localhost:51894
accept: */*

Response DefaultHttpResponse(decodeResult: success, version: HTTP/1.1)
HTTP/1.1 200 OK
Content-Type: application/json; charset=utf-8
cache-control: no-cache
content-length: 88

11:00:30.866 [AsyncHttpClient-1-2] DEBUG o.a.netty.channel.ChannelManager - Adding key: http://localhost:51894 for channel [id: 0xedbedd30, L:/127.0.0.1:63983 - R:localhost/127.0.0.1:51894]
11:00:30.870 [Forwarding isElementDisplayed on session cf070861423e5b0e57dd07cfdb76f8cd to remote] DEBUG o.a.netty.request.NettyRequestSender - Using pooled Channel '[id: 0xedbedd30, L:/127.0.0.1:63983 - R:localhost/127.0.0.1:51894]' for 'POST' to 'http://localhost:51894/session/cf070861423e5b0e57dd07cfdb76f8cd/execute/sync'
11:00:30.870 [Forwarding isElementDisplayed on session cf070861423e5b0e57dd07cfdb76f8cd to remote] DEBUG o.a.netty.request.NettyRequestSender - Using open Channel [id: 0xedbedd30, L:/127.0.0.1:63983 - R:localhost/127.0.0.1:51894] for POST '/session/cf070861423e5b0e57dd07cfdb76f8cd/execute/sync'
11:00:30.877 [AsyncHttpClient-1-2] DEBUG o.a.netty.handler.HttpHandler - 

Request DefaultHttpRequest(decodeResult: success, version: HTTP/1.1)
POST /session/cf070861423e5b0e57dd07cfdb76f8cd/execute/sync HTTP/1.1
User-Agent: selenium/4.1.2 (java windows)
Content-Length: 48780
Content-Type: application/json; charset=utf-8
host: localhost:51894
accept: */*

Response DefaultHttpResponse(decodeResult: success, version: HTTP/1.1)
HTTP/1.1 200 OK
Content-Type: application/json; charset=utf-8
cache-control: no-cache
content-length: 14

11:00:30.877 [AsyncHttpClient-1-2] DEBUG o.a.netty.channel.ChannelManager - Adding key: http://localhost:51894 for channel [id: 0xedbedd30, L:/127.0.0.1:63983 - R:localhost/127.0.0.1:51894]
11:00:30.878 [Forwarding findElement on session cf070861423e5b0e57dd07cfdb76f8cd to remote] DEBUG o.a.netty.request.NettyRequestSender - Using pooled Channel '[id: 0xedbedd30, L:/127.0.0.1:63983 - R:localhost/127.0.0.1:51894]' for 'POST' to 'http://localhost:51894/session/cf070861423e5b0e57dd07cfdb76f8cd/element'
11:00:30.878 [Forwarding findElement on session cf070861423e5b0e57dd07cfdb76f8cd to remote] DEBUG o.a.netty.request.NettyRequestSender - Using open Channel [id: 0xedbedd30, L:/127.0.0.1:63983 - R:localhost/127.0.0.1:51894] for POST '/session/cf070861423e5b0e57dd07cfdb76f8cd/element'
11:00:30.882 [AsyncHttpClient-1-2] DEBUG o.a.netty.handler.HttpHandler - 

Request DefaultHttpRequest(decodeResult: success, version: HTTP/1.1)
POST /session/cf070861423e5b0e57dd07cfdb76f8cd/element HTTP/1.1
User-Agent: selenium/4.1.2 (java windows)
Content-Length: 132
Content-Type: application/json; charset=utf-8
host: localhost:51894
accept: */*

Response DefaultHttpResponse(decodeResult: success, version: HTTP/1.1)
HTTP/1.1 200 OK
Content-Type: application/json; charset=utf-8
cache-control: no-cache
content-length: 88

11:00:30.882 [AsyncHttpClient-1-2] DEBUG o.a.netty.channel.ChannelManager - Adding key: http://localhost:51894 for channel [id: 0xedbedd30, L:/127.0.0.1:63983 - R:localhost/127.0.0.1:51894]
11:00:30.885 [Forwarding isElementDisplayed on session cf070861423e5b0e57dd07cfdb76f8cd to remote] DEBUG o.a.netty.request.NettyRequestSender - Using pooled Channel '[id: 0xedbedd30, L:/127.0.0.1:63983 - R:localhost/127.0.0.1:51894]' for 'POST' to 'http://localhost:51894/session/cf070861423e5b0e57dd07cfdb76f8cd/execute/sync'
11:00:30.885 [Forwarding isElementDisplayed on session cf070861423e5b0e57dd07cfdb76f8cd to remote] DEBUG o.a.netty.request.NettyRequestSender - Using open Channel [id: 0xedbedd30, L:/127.0.0.1:63983 - R:localhost/127.0.0.1:51894] for POST '/session/cf070861423e5b0e57dd07cfdb76f8cd/execute/sync'
11:00:30.892 [AsyncHttpClient-1-2] DEBUG o.a.netty.handler.HttpHandler - 

Request DefaultHttpRequest(decodeResult: success, version: HTTP/1.1)
POST /session/cf070861423e5b0e57dd07cfdb76f8cd/execute/sync HTTP/1.1
User-Agent: selenium/4.1.2 (java windows)
Content-Length: 48780
Content-Type: application/json; charset=utf-8
host: localhost:51894
accept: */*

Response DefaultHttpResponse(decodeResult: success, version: HTTP/1.1)
HTTP/1.1 200 OK
Content-Type: application/json; charset=utf-8
cache-control: no-cache
content-length: 14

11:00:30.892 [AsyncHttpClient-1-2] DEBUG o.a.netty.channel.ChannelManager - Adding key: http://localhost:51894 for channel [id: 0xedbedd30, L:/127.0.0.1:63983 - R:localhost/127.0.0.1:51894]
11:00:30.893 [Forwarding findElement on session cf070861423e5b0e57dd07cfdb76f8cd to remote] DEBUG o.a.netty.request.NettyRequestSender - Using pooled Channel '[id: 0xedbedd30, L:/127.0.0.1:63983 - R:localhost/127.0.0.1:51894]' for 'POST' to 'http://localhost:51894/session/cf070861423e5b0e57dd07cfdb76f8cd/element'
11:00:30.894 [Forwarding findElement on session cf070861423e5b0e57dd07cfdb76f8cd to remote] DEBUG o.a.netty.request.NettyRequestSender - Using open Channel [id: 0xedbedd30, L:/127.0.0.1:63983 - R:localhost/127.0.0.1:51894] for POST '/session/cf070861423e5b0e57dd07cfdb76f8cd/element'
11:00:30.898 [AsyncHttpClient-1-2] DEBUG o.a.netty.handler.HttpHandler - 

Request DefaultHttpRequest(decodeResult: success, version: HTTP/1.1)
POST /session/cf070861423e5b0e57dd07cfdb76f8cd/element HTTP/1.1
User-Agent: selenium/4.1.2 (java windows)
Content-Length: 132
Content-Type: application/json; charset=utf-8
host: localhost:51894
accept: */*

Response DefaultHttpResponse(decodeResult: success, version: HTTP/1.1)
HTTP/1.1 200 OK
Content-Type: application/json; charset=utf-8
cache-control: no-cache
content-length: 88

11:00:30.898 [AsyncHttpClient-1-2] DEBUG o.a.netty.channel.ChannelManager - Adding key: http://localhost:51894 for channel [id: 0xedbedd30, L:/127.0.0.1:63983 - R:localhost/127.0.0.1:51894]
11:00:30.899 [Forwarding isElementEnabled on session cf070861423e5b0e57dd07cfdb76f8cd to remote] DEBUG o.a.netty.request.NettyRequestSender - Using pooled Channel '[id: 0xedbedd30, L:/127.0.0.1:63983 - R:localhost/127.0.0.1:51894]' for 'GET' to 'http://localhost:51894/session/cf070861423e5b0e57dd07cfdb76f8cd/element/1ea22cff-b448-474d-b413-20993f9788cf/enabled'
11:00:30.899 [Forwarding isElementEnabled on session cf070861423e5b0e57dd07cfdb76f8cd to remote] DEBUG o.a.netty.request.NettyRequestSender - Using open Channel [id: 0xedbedd30, L:/127.0.0.1:63983 - R:localhost/127.0.0.1:51894] for GET '/session/cf070861423e5b0e57dd07cfdb76f8cd/element/1ea22cff-b448-474d-b413-20993f9788cf/enabled'
11:00:30.905 [AsyncHttpClient-1-2] DEBUG o.a.netty.handler.HttpHandler - 

Request DefaultFullHttpRequest(decodeResult: success, version: HTTP/1.1, content: EmptyByteBufBE)
GET /session/cf070861423e5b0e57dd07cfdb76f8cd/element/1ea22cff-b448-474d-b413-20993f9788cf/enabled HTTP/1.1
User-Agent: selenium/4.1.2 (java windows)
Cache-Control: no-cache
Content-Type: application/json; charset=utf-8
host: localhost:51894
accept: */*

Response DefaultHttpResponse(decodeResult: success, version: HTTP/1.1)
HTTP/1.1 200 OK
Content-Type: application/json; charset=utf-8
cache-control: no-cache
content-length: 14

11:00:30.905 [AsyncHttpClient-1-2] DEBUG o.a.netty.channel.ChannelManager - Adding key: http://localhost:51894 for channel [id: 0xedbedd30, L:/127.0.0.1:63983 - R:localhost/127.0.0.1:51894]
11:00:30.906 [main] DEBUG com.pages.LoginPage - verifyPageElements : Current Element = 'By.xpath: //div[@id="credentials"]//button[contains(@class,"loginButton")]' 
11:00:30.906 [Forwarding findElement on session cf070861423e5b0e57dd07cfdb76f8cd to remote] DEBUG o.a.netty.request.NettyRequestSender - Using pooled Channel '[id: 0xedbedd30, L:/127.0.0.1:63983 - R:localhost/127.0.0.1:51894]' for 'POST' to 'http://localhost:51894/session/cf070861423e5b0e57dd07cfdb76f8cd/element'
11:00:30.906 [Forwarding findElement on session cf070861423e5b0e57dd07cfdb76f8cd to remote] DEBUG o.a.netty.request.NettyRequestSender - Using open Channel [id: 0xedbedd30, L:/127.0.0.1:63983 - R:localhost/127.0.0.1:51894] for POST '/session/cf070861423e5b0e57dd07cfdb76f8cd/element'
11:00:30.913 [AsyncHttpClient-1-2] DEBUG o.a.netty.handler.HttpHandler - 

Request DefaultHttpRequest(decodeResult: success, version: HTTP/1.1)
POST /session/cf070861423e5b0e57dd07cfdb76f8cd/element HTTP/1.1
User-Agent: selenium/4.1.2 (java windows)
Content-Length: 125
Content-Type: application/json; charset=utf-8
host: localhost:51894
accept: */*

Response DefaultHttpResponse(decodeResult: success, version: HTTP/1.1)
HTTP/1.1 200 OK
Content-Type: application/json; charset=utf-8
cache-control: no-cache
content-length: 88

11:00:30.913 [AsyncHttpClient-1-2] DEBUG o.a.netty.channel.ChannelManager - Adding key: http://localhost:51894 for channel [id: 0xedbedd30, L:/127.0.0.1:63983 - R:localhost/127.0.0.1:51894]
11:00:30.916 [Forwarding isElementDisplayed on session cf070861423e5b0e57dd07cfdb76f8cd to remote] DEBUG o.a.netty.request.NettyRequestSender - Using pooled Channel '[id: 0xedbedd30, L:/127.0.0.1:63983 - R:localhost/127.0.0.1:51894]' for 'POST' to 'http://localhost:51894/session/cf070861423e5b0e57dd07cfdb76f8cd/execute/sync'
11:00:30.916 [Forwarding isElementDisplayed on session cf070861423e5b0e57dd07cfdb76f8cd to remote] DEBUG o.a.netty.request.NettyRequestSender - Using open Channel [id: 0xedbedd30, L:/127.0.0.1:63983 - R:localhost/127.0.0.1:51894] for POST '/session/cf070861423e5b0e57dd07cfdb76f8cd/execute/sync'
11:00:30.923 [AsyncHttpClient-1-2] DEBUG o.a.netty.handler.HttpHandler - 

Request DefaultHttpRequest(decodeResult: success, version: HTTP/1.1)
POST /session/cf070861423e5b0e57dd07cfdb76f8cd/execute/sync HTTP/1.1
User-Agent: selenium/4.1.2 (java windows)
Content-Length: 48780
Content-Type: application/json; charset=utf-8
host: localhost:51894
accept: */*

Response DefaultHttpResponse(decodeResult: success, version: HTTP/1.1)
HTTP/1.1 200 OK
Content-Type: application/json; charset=utf-8
cache-control: no-cache
content-length: 14

11:00:30.923 [AsyncHttpClient-1-2] DEBUG o.a.netty.channel.ChannelManager - Adding key: http://localhost:51894 for channel [id: 0xedbedd30, L:/127.0.0.1:63983 - R:localhost/127.0.0.1:51894]
11:00:30.924 [Forwarding findElement on session cf070861423e5b0e57dd07cfdb76f8cd to remote] DEBUG o.a.netty.request.NettyRequestSender - Using pooled Channel '[id: 0xedbedd30, L:/127.0.0.1:63983 - R:localhost/127.0.0.1:51894]' for 'POST' to 'http://localhost:51894/session/cf070861423e5b0e57dd07cfdb76f8cd/element'
11:00:30.924 [Forwarding findElement on session cf070861423e5b0e57dd07cfdb76f8cd to remote] DEBUG o.a.netty.request.NettyRequestSender - Using open Channel [id: 0xedbedd30, L:/127.0.0.1:63983 - R:localhost/127.0.0.1:51894] for POST '/session/cf070861423e5b0e57dd07cfdb76f8cd/element'
11:00:30.929 [AsyncHttpClient-1-2] DEBUG o.a.netty.handler.HttpHandler - 

Request DefaultHttpRequest(decodeResult: success, version: HTTP/1.1)
POST /session/cf070861423e5b0e57dd07cfdb76f8cd/element HTTP/1.1
User-Agent: selenium/4.1.2 (java windows)
Content-Length: 125
Content-Type: application/json; charset=utf-8
host: localhost:51894
accept: */*

Response DefaultHttpResponse(decodeResult: success, version: HTTP/1.1)
HTTP/1.1 200 OK
Content-Type: application/json; charset=utf-8
cache-control: no-cache
content-length: 88

11:00:30.929 [AsyncHttpClient-1-2] DEBUG o.a.netty.channel.ChannelManager - Adding key: http://localhost:51894 for channel [id: 0xedbedd30, L:/127.0.0.1:63983 - R:localhost/127.0.0.1:51894]
11:00:30.932 [Forwarding isElementDisplayed on session cf070861423e5b0e57dd07cfdb76f8cd to remote] DEBUG o.a.netty.request.NettyRequestSender - Using pooled Channel '[id: 0xedbedd30, L:/127.0.0.1:63983 - R:localhost/127.0.0.1:51894]' for 'POST' to 'http://localhost:51894/session/cf070861423e5b0e57dd07cfdb76f8cd/execute/sync'
11:00:30.932 [Forwarding isElementDisplayed on session cf070861423e5b0e57dd07cfdb76f8cd to remote] DEBUG o.a.netty.request.NettyRequestSender - Using open Channel [id: 0xedbedd30, L:/127.0.0.1:63983 - R:localhost/127.0.0.1:51894] for POST '/session/cf070861423e5b0e57dd07cfdb76f8cd/execute/sync'
11:00:30.938 [AsyncHttpClient-1-2] DEBUG o.a.netty.handler.HttpHandler - 

Request DefaultHttpRequest(decodeResult: success, version: HTTP/1.1)
POST /session/cf070861423e5b0e57dd07cfdb76f8cd/execute/sync HTTP/1.1
User-Agent: selenium/4.1.2 (java windows)
Content-Length: 48780
Content-Type: application/json; charset=utf-8
host: localhost:51894
accept: */*

Response DefaultHttpResponse(decodeResult: success, version: HTTP/1.1)
HTTP/1.1 200 OK
Content-Type: application/json; charset=utf-8
cache-control: no-cache
content-length: 14

11:00:30.939 [AsyncHttpClient-1-2] DEBUG o.a.netty.channel.ChannelManager - Adding key: http://localhost:51894 for channel [id: 0xedbedd30, L:/127.0.0.1:63983 - R:localhost/127.0.0.1:51894]
11:00:30.940 [Forwarding findElement on session cf070861423e5b0e57dd07cfdb76f8cd to remote] DEBUG o.a.netty.request.NettyRequestSender - Using pooled Channel '[id: 0xedbedd30, L:/127.0.0.1:63983 - R:localhost/127.0.0.1:51894]' for 'POST' to 'http://localhost:51894/session/cf070861423e5b0e57dd07cfdb76f8cd/element'
11:00:30.940 [Forwarding findElement on session cf070861423e5b0e57dd07cfdb76f8cd to remote] DEBUG o.a.netty.request.NettyRequestSender - Using open Channel [id: 0xedbedd30, L:/127.0.0.1:63983 - R:localhost/127.0.0.1:51894] for POST '/session/cf070861423e5b0e57dd07cfdb76f8cd/element'
11:00:30.944 [AsyncHttpClient-1-2] DEBUG o.a.netty.handler.HttpHandler - 

Request DefaultHttpRequest(decodeResult: success, version: HTTP/1.1)
POST /session/cf070861423e5b0e57dd07cfdb76f8cd/element HTTP/1.1
User-Agent: selenium/4.1.2 (java windows)
Content-Length: 125
Content-Type: application/json; charset=utf-8
host: localhost:51894
accept: */*

Response DefaultHttpResponse(decodeResult: success, version: HTTP/1.1)
HTTP/1.1 200 OK
Content-Type: application/json; charset=utf-8
cache-control: no-cache
content-length: 88

11:00:30.944 [AsyncHttpClient-1-2] DEBUG o.a.netty.channel.ChannelManager - Adding key: http://localhost:51894 for channel [id: 0xedbedd30, L:/127.0.0.1:63983 - R:localhost/127.0.0.1:51894]
11:00:30.945 [Forwarding isElementEnabled on session cf070861423e5b0e57dd07cfdb76f8cd to remote] DEBUG o.a.netty.request.NettyRequestSender - Using pooled Channel '[id: 0xedbedd30, L:/127.0.0.1:63983 - R:localhost/127.0.0.1:51894]' for 'GET' to 'http://localhost:51894/session/cf070861423e5b0e57dd07cfdb76f8cd/element/8be186c9-804f-438d-81e5-2c3fd65194f5/enabled'
11:00:30.946 [Forwarding isElementEnabled on session cf070861423e5b0e57dd07cfdb76f8cd to remote] DEBUG o.a.netty.request.NettyRequestSender - Using open Channel [id: 0xedbedd30, L:/127.0.0.1:63983 - R:localhost/127.0.0.1:51894] for GET '/session/cf070861423e5b0e57dd07cfdb76f8cd/element/8be186c9-804f-438d-81e5-2c3fd65194f5/enabled'
11:00:30.950 [AsyncHttpClient-1-2] DEBUG o.a.netty.handler.HttpHandler - 

Request DefaultFullHttpRequest(decodeResult: success, version: HTTP/1.1, content: EmptyByteBufBE)
GET /session/cf070861423e5b0e57dd07cfdb76f8cd/element/8be186c9-804f-438d-81e5-2c3fd65194f5/enabled HTTP/1.1
User-Agent: selenium/4.1.2 (java windows)
Cache-Control: no-cache
Content-Type: application/json; charset=utf-8
host: localhost:51894
accept: */*

Response DefaultHttpResponse(decodeResult: success, version: HTTP/1.1)
HTTP/1.1 200 OK
Content-Type: application/json; charset=utf-8
cache-control: no-cache
content-length: 14

11:00:30.951 [AsyncHttpClient-1-2] DEBUG o.a.netty.channel.ChannelManager - Adding key: http://localhost:51894 for channel [id: 0xedbedd30, L:/127.0.0.1:63983 - R:localhost/127.0.0.1:51894]
  &amp#27;[32mAnd &amp#27;[0m&amp#27;[32muser verify the Login Page Elements is Visible&amp#27;[0m                                                                                 &amp#27;[90m# stepdefinitions.LoginPageSteps.user_verify_the_login_page_elements_is_visible()&amp#27;[0m
11:00:31.493 [main] DEBUG stepdefinitions.LoginPageSteps - [{username=invalidUser@vrbank0, password=pega123!}, {username=invalidUser@vrbank1, password=pega123!}, {username=, password=}, {username=, password=}]
11:00:31.628 [AsyncHttpClient-1-1] DEBUG o.a.netty.channel.DefaultChannelPool - Entry count for : http://localhost:63984 : 1
11:00:31.628 [AsyncHttpClient-1-1] DEBUG o.a.netty.channel.DefaultChannelPool - Entry count for : http://localhost:51894 : 1
11:00:32.729 [AsyncHttpClient-1-1] DEBUG o.a.netty.channel.DefaultChannelPool - Entry count for : http://localhost:63984 : 1
11:00:32.729 [AsyncHttpClient-1-1] DEBUG o.a.netty.channel.DefaultChannelPool - Entry count for : http://localhost:51894 : 1
11:00:33.496 [main] DEBUG com.pages.LoginPage - enterUserCredentails: username = 'invalidUser@vrbank0' | password = 'pega123!' 
11:00:33.497 [Forwarding findElement on session cf070861423e5b0e57dd07cfdb76f8cd to remote] DEBUG o.a.netty.request.NettyRequestSender - Using pooled Channel '[id: 0xedbedd30, L:/127.0.0.1:63983 - R:localhost/127.0.0.1:51894]' for 'POST' to 'http://localhost:51894/session/cf070861423e5b0e57dd07cfdb76f8cd/element'
11:00:33.497 [Forwarding findElement on session cf070861423e5b0e57dd07cfdb76f8cd to remote] DEBUG o.a.netty.request.NettyRequestSender - Using open Channel [id: 0xedbedd30, L:/127.0.0.1:63983 - R:localhost/127.0.0.1:51894] for POST '/session/cf070861423e5b0e57dd07cfdb76f8cd/element'
11:00:33.500 [AsyncHttpClient-1-2] DEBUG o.a.netty.handler.HttpHandler - 

Request DefaultHttpRequest(decodeResult: success, version: HTTP/1.1)
POST /session/cf070861423e5b0e57dd07cfdb76f8cd/element HTTP/1.1
User-Agent: selenium/4.1.2 (java windows)
Content-Length: 128
Content-Type: application/json; charset=utf-8
host: localhost:51894
accept: */*

Response DefaultHttpResponse(decodeResult: success, version: HTTP/1.1)
HTTP/1.1 200 OK
Content-Type: application/json; charset=utf-8
cache-control: no-cache
content-length: 88

11:00:33.501 [AsyncHttpClient-1-2] DEBUG o.a.netty.channel.ChannelManager - Adding key: http://localhost:51894 for channel [id: 0xedbedd30, L:/127.0.0.1:63983 - R:localhost/127.0.0.1:51894]
11:00:33.503 [Forwarding sendKeysToElement on session cf070861423e5b0e57dd07cfdb76f8cd to remote] DEBUG o.a.netty.request.NettyRequestSender - Using pooled Channel '[id: 0xedbedd30, L:/127.0.0.1:63983 - R:localhost/127.0.0.1:51894]' for 'POST' to 'http://localhost:51894/session/cf070861423e5b0e57dd07cfdb76f8cd/element/c030e440-6970-4782-b57d-aaea65e3c284/value'
11:00:33.503 [Forwarding sendKeysToElement on session cf070861423e5b0e57dd07cfdb76f8cd to remote] DEBUG o.a.netty.request.NettyRequestSender - Using open Channel [id: 0xedbedd30, L:/127.0.0.1:63983 - R:localhost/127.0.0.1:51894] for POST '/session/cf070861423e5b0e57dd07cfdb76f8cd/element/c030e440-6970-4782-b57d-aaea65e3c284/value'
11:00:33.543 [AsyncHttpClient-1-2] DEBUG o.a.netty.handler.HttpHandler - 

Request DefaultHttpRequest(decodeResult: success, version: HTTP/1.1)
POST /session/cf070861423e5b0e57dd07cfdb76f8cd/element/c030e440-6970-4782-b57d-aaea65e3c284/value HTTP/1.1
User-Agent: selenium/4.1.2 (java windows)
Content-Length: 271
Content-Type: application/json; charset=utf-8
host: localhost:51894
accept: */*

Response DefaultHttpResponse(decodeResult: success, version: HTTP/1.1)
HTTP/1.1 200 OK
Content-Type: application/json; charset=utf-8
cache-control: no-cache
content-length: 14

11:00:33.543 [AsyncHttpClient-1-2] DEBUG o.a.netty.channel.ChannelManager - Adding key: http://localhost:51894 for channel [id: 0xedbedd30, L:/127.0.0.1:63983 - R:localhost/127.0.0.1:51894]
11:00:33.544 [Forwarding findElement on session cf070861423e5b0e57dd07cfdb76f8cd to remote] DEBUG o.a.netty.request.NettyRequestSender - Using pooled Channel '[id: 0xedbedd30, L:/127.0.0.1:63983 - R:localhost/127.0.0.1:51894]' for 'POST' to 'http://localhost:51894/session/cf070861423e5b0e57dd07cfdb76f8cd/element'
11:00:33.544 [Forwarding findElement on session cf070861423e5b0e57dd07cfdb76f8cd to remote] DEBUG o.a.netty.request.NettyRequestSender - Using open Channel [id: 0xedbedd30, L:/127.0.0.1:63983 - R:localhost/127.0.0.1:51894] for POST '/session/cf070861423e5b0e57dd07cfdb76f8cd/element'
11:00:33.548 [AsyncHttpClient-1-2] DEBUG o.a.netty.handler.HttpHandler - 

Request DefaultHttpRequest(decodeResult: success, version: HTTP/1.1)
POST /session/cf070861423e5b0e57dd07cfdb76f8cd/element HTTP/1.1
User-Agent: selenium/4.1.2 (java windows)
Content-Length: 132
Content-Type: application/json; charset=utf-8
host: localhost:51894
accept: */*

Response DefaultHttpResponse(decodeResult: success, version: HTTP/1.1)
HTTP/1.1 200 OK
Content-Type: application/json; charset=utf-8
cache-control: no-cache
content-length: 88

11:00:33.548 [AsyncHttpClient-1-2] DEBUG o.a.netty.channel.ChannelManager - Adding key: http://localhost:51894 for channel [id: 0xedbedd30, L:/127.0.0.1:63983 - R:localhost/127.0.0.1:51894]
11:00:33.550 [Forwarding sendKeysToElement on session cf070861423e5b0e57dd07cfdb76f8cd to remote] DEBUG o.a.netty.request.NettyRequestSender - Using pooled Channel '[id: 0xedbedd30, L:/127.0.0.1:63983 - R:localhost/127.0.0.1:51894]' for 'POST' to 'http://localhost:51894/session/cf070861423e5b0e57dd07cfdb76f8cd/element/1ea22cff-b448-474d-b413-20993f9788cf/value'
11:00:33.550 [Forwarding sendKeysToElement on session cf070861423e5b0e57dd07cfdb76f8cd to remote] DEBUG o.a.netty.request.NettyRequestSender - Using open Channel [id: 0xedbedd30, L:/127.0.0.1:63983 - R:localhost/127.0.0.1:51894] for POST '/session/cf070861423e5b0e57dd07cfdb76f8cd/element/1ea22cff-b448-474d-b413-20993f9788cf/value'
11:00:33.575 [AsyncHttpClient-1-2] DEBUG o.a.netty.handler.HttpHandler - 

Request DefaultHttpRequest(decodeResult: success, version: HTTP/1.1)
POST /session/cf070861423e5b0e57dd07cfdb76f8cd/element/1ea22cff-b448-474d-b413-20993f9788cf/value HTTP/1.1
User-Agent: selenium/4.1.2 (java windows)
Content-Length: 161
Content-Type: application/json; charset=utf-8
host: localhost:51894
accept: */*

Response DefaultHttpResponse(decodeResult: success, version: HTTP/1.1)
HTTP/1.1 200 OK
Content-Type: application/json; charset=utf-8
cache-control: no-cache
content-length: 14

11:00:33.575 [AsyncHttpClient-1-2] DEBUG o.a.netty.channel.ChannelManager - Adding key: http://localhost:51894 for channel [id: 0xedbedd30, L:/127.0.0.1:63983 - R:localhost/127.0.0.1:51894]
11:00:33.576 [Forwarding findElement on session cf070861423e5b0e57dd07cfdb76f8cd to remote] DEBUG o.a.netty.request.NettyRequestSender - Using pooled Channel '[id: 0xedbedd30, L:/127.0.0.1:63983 - R:localhost/127.0.0.1:51894]' for 'POST' to 'http://localhost:51894/session/cf070861423e5b0e57dd07cfdb76f8cd/element'
11:00:33.577 [Forwarding findElement on session cf070861423e5b0e57dd07cfdb76f8cd to remote] DEBUG o.a.netty.request.NettyRequestSender - Using open Channel [id: 0xedbedd30, L:/127.0.0.1:63983 - R:localhost/127.0.0.1:51894] for POST '/session/cf070861423e5b0e57dd07cfdb76f8cd/element'
11:00:33.581 [AsyncHttpClient-1-2] DEBUG o.a.netty.handler.HttpHandler - 

Request DefaultHttpRequest(decodeResult: success, version: HTTP/1.1)
POST /session/cf070861423e5b0e57dd07cfdb76f8cd/element HTTP/1.1
User-Agent: selenium/4.1.2 (java windows)
Content-Length: 125
Content-Type: application/json; charset=utf-8
host: localhost:51894
accept: */*

Response DefaultHttpResponse(decodeResult: success, version: HTTP/1.1)
HTTP/1.1 200 OK
Content-Type: application/json; charset=utf-8
cache-control: no-cache
content-length: 88

11:00:33.581 [AsyncHttpClient-1-2] DEBUG o.a.netty.channel.ChannelManager - Adding key: http://localhost:51894 for channel [id: 0xedbedd30, L:/127.0.0.1:63983 - R:localhost/127.0.0.1:51894]
11:00:33.582 [Forwarding clickElement on session cf070861423e5b0e57dd07cfdb76f8cd to remote] DEBUG o.a.netty.request.NettyRequestSender - Using pooled Channel '[id: 0xedbedd30, L:/127.0.0.1:63983 - R:localhost/127.0.0.1:51894]' for 'POST' to 'http://localhost:51894/session/cf070861423e5b0e57dd07cfdb76f8cd/element/8be186c9-804f-438d-81e5-2c3fd65194f5/click'
11:00:33.582 [Forwarding clickElement on session cf070861423e5b0e57dd07cfdb76f8cd to remote] DEBUG o.a.netty.request.NettyRequestSender - Using open Channel [id: 0xedbedd30, L:/127.0.0.1:63983 - R:localhost/127.0.0.1:51894] for POST '/session/cf070861423e5b0e57dd07cfdb76f8cd/element/8be186c9-804f-438d-81e5-2c3fd65194f5/click'
11:00:33.632 [AsyncHttpClient-1-2] DEBUG o.a.netty.handler.HttpHandler - 

Request DefaultHttpRequest(decodeResult: success, version: HTTP/1.1)
POST /session/cf070861423e5b0e57dd07cfdb76f8cd/element/8be186c9-804f-438d-81e5-2c3fd65194f5/click HTTP/1.1
User-Agent: selenium/4.1.2 (java windows)
Content-Length: 50
Content-Type: application/json; charset=utf-8
host: localhost:51894
accept: */*

Response DefaultHttpResponse(decodeResult: success, version: HTTP/1.1)
HTTP/1.1 200 OK
Content-Type: application/json; charset=utf-8
cache-control: no-cache
content-length: 14

11:00:33.633 [AsyncHttpClient-1-2] DEBUG o.a.netty.channel.ChannelManager - Adding key: http://localhost:51894 for channel [id: 0xedbedd30, L:/127.0.0.1:63983 - R:localhost/127.0.0.1:51894]
11:00:33.633 [main] DEBUG com.pages.LoginPage - verifyErrorMessage: 'The information you entered was not recognized.' 
11:00:33.634 [Forwarding findElement on session cf070861423e5b0e57dd07cfdb76f8cd to remote] DEBUG o.a.netty.request.NettyRequestSender - Using pooled Channel '[id: 0xedbedd30, L:/127.0.0.1:63983 - R:localhost/127.0.0.1:51894]' for 'POST' to 'http://localhost:51894/session/cf070861423e5b0e57dd07cfdb76f8cd/element'
11:00:33.634 [Forwarding findElement on session cf070861423e5b0e57dd07cfdb76f8cd to remote] DEBUG o.a.netty.request.NettyRequestSender - Using open Channel [id: 0xedbedd30, L:/127.0.0.1:63983 - R:localhost/127.0.0.1:51894] for POST '/session/cf070861423e5b0e57dd07cfdb76f8cd/element'
11:00:33.644 [AsyncHttpClient-1-2] DEBUG o.a.netty.handler.HttpHandler - 

Request DefaultHttpRequest(decodeResult: success, version: HTTP/1.1)
POST /session/cf070861423e5b0e57dd07cfdb76f8cd/element HTTP/1.1
User-Agent: selenium/4.1.2 (java windows)
Content-Length: 75
Content-Type: application/json; charset=utf-8
host: localhost:51894
accept: */*

Response DefaultHttpResponse(decodeResult: success, version: HTTP/1.1)
HTTP/1.1 200 OK
Content-Type: application/json; charset=utf-8
cache-control: no-cache
content-length: 88

11:00:33.644 [AsyncHttpClient-1-2] DEBUG o.a.netty.channel.ChannelManager - Adding key: http://localhost:51894 for channel [id: 0xedbedd30, L:/127.0.0.1:63983 - R:localhost/127.0.0.1:51894]
11:00:33.647 [Forwarding isElementDisplayed on session cf070861423e5b0e57dd07cfdb76f8cd to remote] DEBUG o.a.netty.request.NettyRequestSender - Using pooled Channel '[id: 0xedbedd30, L:/127.0.0.1:63983 - R:localhost/127.0.0.1:51894]' for 'POST' to 'http://localhost:51894/session/cf070861423e5b0e57dd07cfdb76f8cd/execute/sync'
11:00:33.647 [Forwarding isElementDisplayed on session cf070861423e5b0e57dd07cfdb76f8cd to remote] DEBUG o.a.netty.request.NettyRequestSender - Using open Channel [id: 0xedbedd30, L:/127.0.0.1:63983 - R:localhost/127.0.0.1:51894] for POST '/session/cf070861423e5b0e57dd07cfdb76f8cd/execute/sync'
11:00:33.658 [AsyncHttpClient-1-2] DEBUG o.a.netty.handler.HttpHandler - 

Request DefaultHttpRequest(decodeResult: success, version: HTTP/1.1)
POST /session/cf070861423e5b0e57dd07cfdb76f8cd/execute/sync HTTP/1.1
User-Agent: selenium/4.1.2 (java windows)
Content-Length: 48780
Content-Type: application/json; charset=utf-8
host: localhost:51894
accept: */*

Response DefaultHttpResponse(decodeResult: success, version: HTTP/1.1)
HTTP/1.1 200 OK
Content-Type: application/json; charset=utf-8
cache-control: no-cache
content-length: 15

11:00:33.658 [AsyncHttpClient-1-2] DEBUG o.a.netty.channel.ChannelManager - Adding key: http://localhost:51894 for channel [id: 0xedbedd30, L:/127.0.0.1:63983 - R:localhost/127.0.0.1:51894]
11:00:33.825 [AsyncHttpClient-1-1] DEBUG o.a.netty.channel.DefaultChannelPool - Entry count for : http://localhost:63984 : 1
11:00:33.825 [AsyncHttpClient-1-1] DEBUG o.a.netty.channel.DefaultChannelPool - Entry count for : http://localhost:51894 : 1
11:00:34.163 [Forwarding findElement on session cf070861423e5b0e57dd07cfdb76f8cd to remote] DEBUG o.a.netty.request.NettyRequestSender - Using pooled Channel '[id: 0xedbedd30, L:/127.0.0.1:63983 - R:localhost/127.0.0.1:51894]' for 'POST' to 'http://localhost:51894/session/cf070861423e5b0e57dd07cfdb76f8cd/element'
11:00:34.163 [Forwarding findElement on session cf070861423e5b0e57dd07cfdb76f8cd to remote] DEBUG o.a.netty.request.NettyRequestSender - Using open Channel [id: 0xedbedd30, L:/127.0.0.1:63983 - R:localhost/127.0.0.1:51894] for POST '/session/cf070861423e5b0e57dd07cfdb76f8cd/element'
11:00:34.168 [AsyncHttpClient-1-2] DEBUG o.a.netty.handler.HttpHandler - 

Request DefaultHttpRequest(decodeResult: success, version: HTTP/1.1)
POST /session/cf070861423e5b0e57dd07cfdb76f8cd/element HTTP/1.1
User-Agent: selenium/4.1.2 (java windows)
Content-Length: 75
Content-Type: application/json; charset=utf-8
host: localhost:51894
accept: */*

Response DefaultHttpResponse(decodeResult: success, version: HTTP/1.1)
HTTP/1.1 200 OK
Content-Type: application/json; charset=utf-8
cache-control: no-cache
content-length: 88

11:00:34.168 [AsyncHttpClient-1-2] DEBUG o.a.netty.channel.ChannelManager - Adding key: http://localhost:51894 for channel [id: 0xedbedd30, L:/127.0.0.1:63983 - R:localhost/127.0.0.1:51894]
11:00:34.170 [Forwarding isElementDisplayed on session cf070861423e5b0e57dd07cfdb76f8cd to remote] DEBUG o.a.netty.request.NettyRequestSender - Using pooled Channel '[id: 0xedbedd30, L:/127.0.0.1:63983 - R:localhost/127.0.0.1:51894]' for 'POST' to 'http://localhost:51894/session/cf070861423e5b0e57dd07cfdb76f8cd/execute/sync'
11:00:34.170 [Forwarding isElementDisplayed on session cf070861423e5b0e57dd07cfdb76f8cd to remote] DEBUG o.a.netty.request.NettyRequestSender - Using open Channel [id: 0xedbedd30, L:/127.0.0.1:63983 - R:localhost/127.0.0.1:51894] for POST '/session/cf070861423e5b0e57dd07cfdb76f8cd/execute/sync'
11:00:34.175 [AsyncHttpClient-1-2] DEBUG o.a.netty.handler.HttpHandler - 

Request DefaultHttpRequest(decodeResult: success, version: HTTP/1.1)
POST /session/cf070861423e5b0e57dd07cfdb76f8cd/execute/sync HTTP/1.1
User-Agent: selenium/4.1.2 (java windows)
Content-Length: 48780
Content-Type: application/json; charset=utf-8
host: localhost:51894
accept: */*

Response DefaultHttpResponse(decodeResult: success, version: HTTP/1.1)
HTTP/1.1 200 OK
Content-Type: application/json; charset=utf-8
cache-control: no-cache
content-length: 14

11:00:34.176 [AsyncHttpClient-1-2] DEBUG o.a.netty.channel.ChannelManager - Adding key: http://localhost:51894 for channel [id: 0xedbedd30, L:/127.0.0.1:63983 - R:localhost/127.0.0.1:51894]
11:00:34.177 [Forwarding getElementText on session cf070861423e5b0e57dd07cfdb76f8cd to remote] DEBUG o.a.netty.request.NettyRequestSender - Using pooled Channel '[id: 0xedbedd30, L:/127.0.0.1:63983 - R:localhost/127.0.0.1:51894]' for 'GET' to 'http://localhost:51894/session/cf070861423e5b0e57dd07cfdb76f8cd/element/7432a3d2-12e0-4b79-95ba-5c195cd8a9f7/text'
11:00:34.177 [Forwarding getElementText on session cf070861423e5b0e57dd07cfdb76f8cd to remote] DEBUG o.a.netty.request.NettyRequestSender - Using open Channel [id: 0xedbedd30, L:/127.0.0.1:63983 - R:localhost/127.0.0.1:51894] for GET '/session/cf070861423e5b0e57dd07cfdb76f8cd/element/7432a3d2-12e0-4b79-95ba-5c195cd8a9f7/text'
11:00:34.184 [AsyncHttpClient-1-2] DEBUG o.a.netty.handler.HttpHandler - 

Request DefaultFullHttpRequest(decodeResult: success, version: HTTP/1.1, content: EmptyByteBufBE)
GET /session/cf070861423e5b0e57dd07cfdb76f8cd/element/7432a3d2-12e0-4b79-95ba-5c195cd8a9f7/text HTTP/1.1
User-Agent: selenium/4.1.2 (java windows)
Cache-Control: no-cache
Content-Type: application/json; charset=utf-8
host: localhost:51894
accept: */*

Response DefaultHttpResponse(decodeResult: success, version: HTTP/1.1)
HTTP/1.1 200 OK
Content-Type: application/json; charset=utf-8
cache-control: no-cache
content-length: 59

11:00:34.184 [AsyncHttpClient-1-2] DEBUG o.a.netty.channel.ChannelManager - Adding key: http://localhost:51894 for channel [id: 0xedbedd30, L:/127.0.0.1:63983 - R:localhost/127.0.0.1:51894]
11:00:34.932 [AsyncHttpClient-1-1] DEBUG o.a.netty.channel.DefaultChannelPool - Entry count for : http://localhost:63984 : 1
11:00:34.932 [AsyncHttpClient-1-1] DEBUG o.a.netty.channel.DefaultChannelPool - Entry count for : http://localhost:51894 : 1
11:00:36.025 [AsyncHttpClient-1-1] DEBUG o.a.netty.channel.DefaultChannelPool - Entry count for : http://localhost:63984 : 1
11:00:36.025 [AsyncHttpClient-1-1] DEBUG o.a.netty.channel.DefaultChannelPool - Entry count for : http://localhost:51894 : 1
11:00:37.126 [AsyncHttpClient-1-1] DEBUG o.a.netty.channel.DefaultChannelPool - Entry count for : http://localhost:63984 : 1
11:00:37.126 [AsyncHttpClient-1-1] DEBUG o.a.netty.channel.DefaultChannelPool - Entry count for : http://localhost:51894 : 1
11:00:38.199 [main] DEBUG com.pages.LoginPage - enterUserCredentails: username = 'invalidUser@vrbank1' | password = 'pega123!' 
11:00:38.200 [Forwarding findElement on session cf070861423e5b0e57dd07cfdb76f8cd to remote] DEBUG o.a.netty.request.NettyRequestSender - Using pooled Channel '[id: 0xedbedd30, L:/127.0.0.1:63983 - R:localhost/127.0.0.1:51894]' for 'POST' to 'http://localhost:51894/session/cf070861423e5b0e57dd07cfdb76f8cd/element'
11:00:38.200 [Forwarding findElement on session cf070861423e5b0e57dd07cfdb76f8cd to remote] DEBUG o.a.netty.request.NettyRequestSender - Using open Channel [id: 0xedbedd30, L:/127.0.0.1:63983 - R:localhost/127.0.0.1:51894] for POST '/session/cf070861423e5b0e57dd07cfdb76f8cd/element'
11:00:38.204 [AsyncHttpClient-1-2] DEBUG o.a.netty.handler.HttpHandler - 

Request DefaultHttpRequest(decodeResult: success, version: HTTP/1.1)
POST /session/cf070861423e5b0e57dd07cfdb76f8cd/element HTTP/1.1
User-Agent: selenium/4.1.2 (java windows)
Content-Length: 128
Content-Type: application/json; charset=utf-8
host: localhost:51894
accept: */*

Response DefaultHttpResponse(decodeResult: success, version: HTTP/1.1)
HTTP/1.1 200 OK
Content-Type: application/json; charset=utf-8
cache-control: no-cache
content-length: 88

11:00:38.204 [AsyncHttpClient-1-2] DEBUG o.a.netty.channel.ChannelManager - Adding key: http://localhost:51894 for channel [id: 0xedbedd30, L:/127.0.0.1:63983 - R:localhost/127.0.0.1:51894]
11:00:38.205 [Forwarding sendKeysToElement on session cf070861423e5b0e57dd07cfdb76f8cd to remote] DEBUG o.a.netty.request.NettyRequestSender - Using pooled Channel '[id: 0xedbedd30, L:/127.0.0.1:63983 - R:localhost/127.0.0.1:51894]' for 'POST' to 'http://localhost:51894/session/cf070861423e5b0e57dd07cfdb76f8cd/element/0b66512e-d59a-48f9-b03c-6be144ba7065/value'
11:00:38.205 [Forwarding sendKeysToElement on session cf070861423e5b0e57dd07cfdb76f8cd to remote] DEBUG o.a.netty.request.NettyRequestSender - Using open Channel [id: 0xedbedd30, L:/127.0.0.1:63983 - R:localhost/127.0.0.1:51894] for POST '/session/cf070861423e5b0e57dd07cfdb76f8cd/element/0b66512e-d59a-48f9-b03c-6be144ba7065/value'
11:00:38.225 [AsyncHttpClient-1-2] DEBUG o.a.netty.handler.HttpHandler - 

Request DefaultHttpRequest(decodeResult: success, version: HTTP/1.1)
POST /session/cf070861423e5b0e57dd07cfdb76f8cd/element/0b66512e-d59a-48f9-b03c-6be144ba7065/value HTTP/1.1
User-Agent: selenium/4.1.2 (java windows)
Content-Length: 271
Content-Type: application/json; charset=utf-8
host: localhost:51894
accept: */*

Response DefaultHttpResponse(decodeResult: success, version: HTTP/1.1)
HTTP/1.1 200 OK
Content-Type: application/json; charset=utf-8
cache-control: no-cache
content-length: 14

11:00:38.226 [AsyncHttpClient-1-2] DEBUG o.a.netty.channel.ChannelManager - Adding key: http://localhost:51894 for channel [id: 0xedbedd30, L:/127.0.0.1:63983 - R:localhost/127.0.0.1:51894]
11:00:38.227 [Forwarding findElement on session cf070861423e5b0e57dd07cfdb76f8cd to remote] DEBUG o.a.netty.request.NettyRequestSender - Using pooled Channel '[id: 0xedbedd30, L:/127.0.0.1:63983 - R:localhost/127.0.0.1:51894]' for 'POST' to 'http://localhost:51894/session/cf070861423e5b0e57dd07cfdb76f8cd/element'
11:00:38.227 [Forwarding findElement on session cf070861423e5b0e57dd07cfdb76f8cd to remote] DEBUG o.a.netty.request.NettyRequestSender - Using open Channel [id: 0xedbedd30, L:/127.0.0.1:63983 - R:localhost/127.0.0.1:51894] for POST '/session/cf070861423e5b0e57dd07cfdb76f8cd/element'
11:00:38.231 [AsyncHttpClient-1-1] DEBUG o.a.netty.channel.DefaultChannelPool - Entry count for : http://localhost:63984 : 1
11:00:38.232 [AsyncHttpClient-1-2] DEBUG o.a.netty.handler.HttpHandler - 

Request DefaultHttpRequest(decodeResult: success, version: HTTP/1.1)
POST /session/cf070861423e5b0e57dd07cfdb76f8cd/element HTTP/1.1
User-Agent: selenium/4.1.2 (java windows)
Content-Length: 132
Content-Type: application/json; charset=utf-8
host: localhost:51894
accept: */*

Response DefaultHttpResponse(decodeResult: success, version: HTTP/1.1)
HTTP/1.1 200 OK
Content-Type: application/json; charset=utf-8
cache-control: no-cache
content-length: 88

11:00:38.232 [AsyncHttpClient-1-2] DEBUG o.a.netty.channel.ChannelManager - Adding key: http://localhost:51894 for channel [id: 0xedbedd30, L:/127.0.0.1:63983 - R:localhost/127.0.0.1:51894]
11:00:38.233 [Forwarding sendKeysToElement on session cf070861423e5b0e57dd07cfdb76f8cd to remote] DEBUG o.a.netty.request.NettyRequestSender - Using pooled Channel '[id: 0xedbedd30, L:/127.0.0.1:63983 - R:localhost/127.0.0.1:51894]' for 'POST' to 'http://localhost:51894/session/cf070861423e5b0e57dd07cfdb76f8cd/element/b495d61c-37df-4914-b492-56b2e811a79d/value'
11:00:38.233 [Forwarding sendKeysToElement on session cf070861423e5b0e57dd07cfdb76f8cd to remote] DEBUG o.a.netty.request.NettyRequestSender - Using open Channel [id: 0xedbedd30, L:/127.0.0.1:63983 - R:localhost/127.0.0.1:51894] for POST '/session/cf070861423e5b0e57dd07cfdb76f8cd/element/b495d61c-37df-4914-b492-56b2e811a79d/value'
11:00:38.262 [AsyncHttpClient-1-2] DEBUG o.a.netty.handler.HttpHandler - 

Request DefaultHttpRequest(decodeResult: success, version: HTTP/1.1)
POST /session/cf070861423e5b0e57dd07cfdb76f8cd/element/b495d61c-37df-4914-b492-56b2e811a79d/value HTTP/1.1
User-Agent: selenium/4.1.2 (java windows)
Content-Length: 161
Content-Type: application/json; charset=utf-8
host: localhost:51894
accept: */*

Response DefaultHttpResponse(decodeResult: success, version: HTTP/1.1)
HTTP/1.1 200 OK
Content-Type: application/json; charset=utf-8
cache-control: no-cache
content-length: 14

11:00:38.262 [AsyncHttpClient-1-2] DEBUG o.a.netty.channel.ChannelManager - Adding key: http://localhost:51894 for channel [id: 0xedbedd30, L:/127.0.0.1:63983 - R:localhost/127.0.0.1:51894]
11:00:38.264 [Forwarding findElement on session cf070861423e5b0e57dd07cfdb76f8cd to remote] DEBUG o.a.netty.request.NettyRequestSender - Using pooled Channel '[id: 0xedbedd30, L:/127.0.0.1:63983 - R:localhost/127.0.0.1:51894]' for 'POST' to 'http://localhost:51894/session/cf070861423e5b0e57dd07cfdb76f8cd/element'
11:00:38.264 [Forwarding findElement on session cf070861423e5b0e57dd07cfdb76f8cd to remote] DEBUG o.a.netty.request.NettyRequestSender - Using open Channel [id: 0xedbedd30, L:/127.0.0.1:63983 - R:localhost/127.0.0.1:51894] for POST '/session/cf070861423e5b0e57dd07cfdb76f8cd/element'
11:00:38.270 [AsyncHttpClient-1-2] DEBUG o.a.netty.handler.HttpHandler - 

Request DefaultHttpRequest(decodeResult: success, version: HTTP/1.1)
POST /session/cf070861423e5b0e57dd07cfdb76f8cd/element HTTP/1.1
User-Agent: selenium/4.1.2 (java windows)
Content-Length: 125
Content-Type: application/json; charset=utf-8
host: localhost:51894
accept: */*

Response DefaultHttpResponse(decodeResult: success, version: HTTP/1.1)
HTTP/1.1 200 OK
Content-Type: application/json; charset=utf-8
cache-control: no-cache
content-length: 88

11:00:38.271 [AsyncHttpClient-1-2] DEBUG o.a.netty.channel.ChannelManager - Adding key: http://localhost:51894 for channel [id: 0xedbedd30, L:/127.0.0.1:63983 - R:localhost/127.0.0.1:51894]
11:00:38.272 [Forwarding clickElement on session cf070861423e5b0e57dd07cfdb76f8cd to remote] DEBUG o.a.netty.request.NettyRequestSender - Using pooled Channel '[id: 0xedbedd30, L:/127.0.0.1:63983 - R:localhost/127.0.0.1:51894]' for 'POST' to 'http://localhost:51894/session/cf070861423e5b0e57dd07cfdb76f8cd/element/b719bdce-741e-49d7-9d67-4b2675bd144a/click'
11:00:38.272 [Forwarding clickElement on session cf070861423e5b0e57dd07cfdb76f8cd to remote] DEBUG o.a.netty.request.NettyRequestSender - Using open Channel [id: 0xedbedd30, L:/127.0.0.1:63983 - R:localhost/127.0.0.1:51894] for POST '/session/cf070861423e5b0e57dd07cfdb76f8cd/element/b719bdce-741e-49d7-9d67-4b2675bd144a/click'
11:00:38.319 [AsyncHttpClient-1-2] DEBUG o.a.netty.handler.HttpHandler - 

Request DefaultHttpRequest(decodeResult: success, version: HTTP/1.1)
POST /session/cf070861423e5b0e57dd07cfdb76f8cd/element/b719bdce-741e-49d7-9d67-4b2675bd144a/click HTTP/1.1
User-Agent: selenium/4.1.2 (java windows)
Content-Length: 50
Content-Type: application/json; charset=utf-8
host: localhost:51894
accept: */*

Response DefaultHttpResponse(decodeResult: success, version: HTTP/1.1)
HTTP/1.1 200 OK
Content-Type: application/json; charset=utf-8
cache-control: no-cache
content-length: 14

11:00:38.319 [AsyncHttpClient-1-2] DEBUG o.a.netty.channel.ChannelManager - Adding key: http://localhost:51894 for channel [id: 0xedbedd30, L:/127.0.0.1:63983 - R:localhost/127.0.0.1:51894]
11:00:38.320 [main] DEBUG com.pages.LoginPage - verifyErrorMessage: 'The information you entered was not recognized.' 
11:00:38.320 [Forwarding findElement on session cf070861423e5b0e57dd07cfdb76f8cd to remote] DEBUG o.a.netty.request.NettyRequestSender - Using pooled Channel '[id: 0xedbedd30, L:/127.0.0.1:63983 - R:localhost/127.0.0.1:51894]' for 'POST' to 'http://localhost:51894/session/cf070861423e5b0e57dd07cfdb76f8cd/element'
11:00:38.320 [Forwarding findElement on session cf070861423e5b0e57dd07cfdb76f8cd to remote] DEBUG o.a.netty.request.NettyRequestSender - Using open Channel [id: 0xedbedd30, L:/127.0.0.1:63983 - R:localhost/127.0.0.1:51894] for POST '/session/cf070861423e5b0e57dd07cfdb76f8cd/element'
11:00:38.326 [AsyncHttpClient-1-2] DEBUG o.a.netty.handler.HttpHandler - 

Request DefaultHttpRequest(decodeResult: success, version: HTTP/1.1)
POST /session/cf070861423e5b0e57dd07cfdb76f8cd/element HTTP/1.1
User-Agent: selenium/4.1.2 (java windows)
Content-Length: 75
Content-Type: application/json; charset=utf-8
host: localhost:51894
accept: */*

Response DefaultHttpResponse(decodeResult: success, version: HTTP/1.1)
HTTP/1.1 200 OK
Content-Type: application/json; charset=utf-8
cache-control: no-cache
content-length: 88

11:00:38.327 [AsyncHttpClient-1-2] DEBUG o.a.netty.channel.ChannelManager - Adding key: http://localhost:51894 for channel [id: 0xedbedd30, L:/127.0.0.1:63983 - R:localhost/127.0.0.1:51894]
11:00:38.330 [Forwarding isElementDisplayed on session cf070861423e5b0e57dd07cfdb76f8cd to remote] DEBUG o.a.netty.request.NettyRequestSender - Using pooled Channel '[id: 0xedbedd30, L:/127.0.0.1:63983 - R:localhost/127.0.0.1:51894]' for 'POST' to 'http://localhost:51894/session/cf070861423e5b0e57dd07cfdb76f8cd/execute/sync'
11:00:38.330 [Forwarding isElementDisplayed on session cf070861423e5b0e57dd07cfdb76f8cd to remote] DEBUG o.a.netty.request.NettyRequestSender - Using open Channel [id: 0xedbedd30, L:/127.0.0.1:63983 - R:localhost/127.0.0.1:51894] for POST '/session/cf070861423e5b0e57dd07cfdb76f8cd/execute/sync'
11:00:38.338 [AsyncHttpClient-1-2] DEBUG o.a.netty.handler.HttpHandler - 

Request DefaultHttpRequest(decodeResult: success, version: HTTP/1.1)
POST /session/cf070861423e5b0e57dd07cfdb76f8cd/execute/sync HTTP/1.1
User-Agent: selenium/4.1.2 (java windows)
Content-Length: 48780
Content-Type: application/json; charset=utf-8
host: localhost:51894
accept: */*

Response DefaultHttpResponse(decodeResult: success, version: HTTP/1.1)
HTTP/1.1 200 OK
Content-Type: application/json; charset=utf-8
cache-control: no-cache
content-length: 15

11:00:38.338 [AsyncHttpClient-1-2] DEBUG o.a.netty.channel.ChannelManager - Adding key: http://localhost:51894 for channel [id: 0xedbedd30, L:/127.0.0.1:63983 - R:localhost/127.0.0.1:51894]
11:00:38.844 [Forwarding findElement on session cf070861423e5b0e57dd07cfdb76f8cd to remote] DEBUG o.a.netty.request.NettyRequestSender - Using pooled Channel '[id: 0xedbedd30, L:/127.0.0.1:63983 - R:localhost/127.0.0.1:51894]' for 'POST' to 'http://localhost:51894/session/cf070861423e5b0e57dd07cfdb76f8cd/element'
11:00:38.844 [Forwarding findElement on session cf070861423e5b0e57dd07cfdb76f8cd to remote] DEBUG o.a.netty.request.NettyRequestSender - Using open Channel [id: 0xedbedd30, L:/127.0.0.1:63983 - R:localhost/127.0.0.1:51894] for POST '/session/cf070861423e5b0e57dd07cfdb76f8cd/element'
11:00:38.849 [AsyncHttpClient-1-2] DEBUG o.a.netty.handler.HttpHandler - 

Request DefaultHttpRequest(decodeResult: success, version: HTTP/1.1)
POST /session/cf070861423e5b0e57dd07cfdb76f8cd/element HTTP/1.1
User-Agent: selenium/4.1.2 (java windows)
Content-Length: 75
Content-Type: application/json; charset=utf-8
host: localhost:51894
accept: */*

Response DefaultHttpResponse(decodeResult: success, version: HTTP/1.1)
HTTP/1.1 200 OK
Content-Type: application/json; charset=utf-8
cache-control: no-cache
content-length: 88

11:00:38.849 [AsyncHttpClient-1-2] DEBUG o.a.netty.channel.ChannelManager - Adding key: http://localhost:51894 for channel [id: 0xedbedd30, L:/127.0.0.1:63983 - R:localhost/127.0.0.1:51894]
11:00:38.852 [Forwarding isElementDisplayed on session cf070861423e5b0e57dd07cfdb76f8cd to remote] DEBUG o.a.netty.request.NettyRequestSender - Using pooled Channel '[id: 0xedbedd30, L:/127.0.0.1:63983 - R:localhost/127.0.0.1:51894]' for 'POST' to 'http://localhost:51894/session/cf070861423e5b0e57dd07cfdb76f8cd/execute/sync'
11:00:38.852 [Forwarding isElementDisplayed on session cf070861423e5b0e57dd07cfdb76f8cd to remote] DEBUG o.a.netty.request.NettyRequestSender - Using open Channel [id: 0xedbedd30, L:/127.0.0.1:63983 - R:localhost/127.0.0.1:51894] for POST '/session/cf070861423e5b0e57dd07cfdb76f8cd/execute/sync'
11:00:38.858 [AsyncHttpClient-1-2] DEBUG o.a.netty.handler.HttpHandler - 

Request DefaultHttpRequest(decodeResult: success, version: HTTP/1.1)
POST /session/cf070861423e5b0e57dd07cfdb76f8cd/execute/sync HTTP/1.1
User-Agent: selenium/4.1.2 (java windows)
Content-Length: 48780
Content-Type: application/json; charset=utf-8
host: localhost:51894
accept: */*

Response DefaultHttpResponse(decodeResult: success, version: HTTP/1.1)
HTTP/1.1 200 OK
Content-Type: application/json; charset=utf-8
cache-control: no-cache
content-length: 14

11:00:38.859 [AsyncHttpClient-1-2] DEBUG o.a.netty.channel.ChannelManager - Adding key: http://localhost:51894 for channel [id: 0xedbedd30, L:/127.0.0.1:63983 - R:localhost/127.0.0.1:51894]
11:00:38.860 [Forwarding getElementText on session cf070861423e5b0e57dd07cfdb76f8cd to remote] DEBUG o.a.netty.request.NettyRequestSender - Using pooled Channel '[id: 0xedbedd30, L:/127.0.0.1:63983 - R:localhost/127.0.0.1:51894]' for 'GET' to 'http://localhost:51894/session/cf070861423e5b0e57dd07cfdb76f8cd/element/4a38a391-03c9-4305-b585-17a078b9afab/text'
11:00:38.860 [Forwarding getElementText on session cf070861423e5b0e57dd07cfdb76f8cd to remote] DEBUG o.a.netty.request.NettyRequestSender - Using open Channel [id: 0xedbedd30, L:/127.0.0.1:63983 - R:localhost/127.0.0.1:51894] for GET '/session/cf070861423e5b0e57dd07cfdb76f8cd/element/4a38a391-03c9-4305-b585-17a078b9afab/text'
11:00:38.868 [AsyncHttpClient-1-2] DEBUG o.a.netty.handler.HttpHandler - 

Request DefaultFullHttpRequest(decodeResult: success, version: HTTP/1.1, content: EmptyByteBufBE)
GET /session/cf070861423e5b0e57dd07cfdb76f8cd/element/4a38a391-03c9-4305-b585-17a078b9afab/text HTTP/1.1
User-Agent: selenium/4.1.2 (java windows)
Cache-Control: no-cache
Content-Type: application/json; charset=utf-8
host: localhost:51894
accept: */*

Response DefaultHttpResponse(decodeResult: success, version: HTTP/1.1)
HTTP/1.1 200 OK
Content-Type: application/json; charset=utf-8
cache-control: no-cache
content-length: 59

11:00:38.868 [AsyncHttpClient-1-2] DEBUG o.a.netty.channel.ChannelManager - Adding key: http://localhost:51894 for channel [id: 0xedbedd30, L:/127.0.0.1:63983 - R:localhost/127.0.0.1:51894]
11:00:39.333 [AsyncHttpClient-1-1] DEBUG o.a.netty.channel.DefaultChannelPool - Entry count for : http://localhost:63984 : 1
11:00:39.333 [AsyncHttpClient-1-1] DEBUG o.a.netty.channel.DefaultChannelPool - Entry count for : http://localhost:51894 : 1
11:00:40.426 [AsyncHttpClient-1-1] DEBUG o.a.netty.channel.DefaultChannelPool - Entry count for : http://localhost:63984 : 1
11:00:40.426 [AsyncHttpClient-1-1] DEBUG o.a.netty.channel.DefaultChannelPool - Entry count for : http://localhost:51894 : 1
11:00:41.530 [AsyncHttpClient-1-1] DEBUG o.a.netty.channel.DefaultChannelPool - Entry count for : http://localhost:63984 : 1
11:00:41.530 [AsyncHttpClient-1-1] DEBUG o.a.netty.channel.DefaultChannelPool - Entry count for : http://localhost:51894 : 1
11:00:42.628 [AsyncHttpClient-1-1] DEBUG o.a.netty.channel.DefaultChannelPool - Entry count for : http://localhost:63984 : 1
11:00:42.628 [AsyncHttpClient-1-1] DEBUG o.a.netty.channel.DefaultChannelPool - Entry count for : http://localhost:51894 : 1
11:00:42.887 [main] DEBUG com.pages.LoginPage - enterUserCredentails: username = '' | password = '' 
11:00:42.887 [Forwarding findElement on session cf070861423e5b0e57dd07cfdb76f8cd to remote] DEBUG o.a.netty.request.NettyRequestSender - Using pooled Channel '[id: 0xedbedd30, L:/127.0.0.1:63983 - R:localhost/127.0.0.1:51894]' for 'POST' to 'http://localhost:51894/session/cf070861423e5b0e57dd07cfdb76f8cd/element'
11:00:42.888 [Forwarding findElement on session cf070861423e5b0e57dd07cfdb76f8cd to remote] DEBUG o.a.netty.request.NettyRequestSender - Using open Channel [id: 0xedbedd30, L:/127.0.0.1:63983 - R:localhost/127.0.0.1:51894] for POST '/session/cf070861423e5b0e57dd07cfdb76f8cd/element'
11:00:42.895 [AsyncHttpClient-1-2] DEBUG o.a.netty.handler.HttpHandler - 

Request DefaultHttpRequest(decodeResult: success, version: HTTP/1.1)
POST /session/cf070861423e5b0e57dd07cfdb76f8cd/element HTTP/1.1
User-Agent: selenium/4.1.2 (java windows)
Content-Length: 128
Content-Type: application/json; charset=utf-8
host: localhost:51894
accept: */*

Response DefaultHttpResponse(decodeResult: success, version: HTTP/1.1)
HTTP/1.1 200 OK
Content-Type: application/json; charset=utf-8
cache-control: no-cache
content-length: 88

11:00:42.895 [AsyncHttpClient-1-2] DEBUG o.a.netty.channel.ChannelManager - Adding key: http://localhost:51894 for channel [id: 0xedbedd30, L:/127.0.0.1:63983 - R:localhost/127.0.0.1:51894]
11:00:42.896 [Forwarding sendKeysToElement on session cf070861423e5b0e57dd07cfdb76f8cd to remote] DEBUG o.a.netty.request.NettyRequestSender - Using pooled Channel '[id: 0xedbedd30, L:/127.0.0.1:63983 - R:localhost/127.0.0.1:51894]' for 'POST' to 'http://localhost:51894/session/cf070861423e5b0e57dd07cfdb76f8cd/element/79a1596b-1e55-41db-948c-e48be3197539/value'
11:00:42.897 [Forwarding sendKeysToElement on session cf070861423e5b0e57dd07cfdb76f8cd to remote] DEBUG o.a.netty.request.NettyRequestSender - Using open Channel [id: 0xedbedd30, L:/127.0.0.1:63983 - R:localhost/127.0.0.1:51894] for POST '/session/cf070861423e5b0e57dd07cfdb76f8cd/element/79a1596b-1e55-41db-948c-e48be3197539/value'
11:00:42.909 [AsyncHttpClient-1-2] DEBUG o.a.netty.handler.HttpHandler - 

Request DefaultHttpRequest(decodeResult: success, version: HTTP/1.1)
POST /session/cf070861423e5b0e57dd07cfdb76f8cd/element/79a1596b-1e55-41db-948c-e48be3197539/value HTTP/1.1
User-Agent: selenium/4.1.2 (java windows)
Content-Length: 82
Content-Type: application/json; charset=utf-8
host: localhost:51894
accept: */*

Response DefaultHttpResponse(decodeResult: success, version: HTTP/1.1)
HTTP/1.1 200 OK
Content-Type: application/json; charset=utf-8
cache-control: no-cache
content-length: 14

11:00:42.909 [AsyncHttpClient-1-2] DEBUG o.a.netty.channel.ChannelManager - Adding key: http://localhost:51894 for channel [id: 0xedbedd30, L:/127.0.0.1:63983 - R:localhost/127.0.0.1:51894]
11:00:42.910 [Forwarding findElement on session cf070861423e5b0e57dd07cfdb76f8cd to remote] DEBUG o.a.netty.request.NettyRequestSender - Using pooled Channel '[id: 0xedbedd30, L:/127.0.0.1:63983 - R:localhost/127.0.0.1:51894]' for 'POST' to 'http://localhost:51894/session/cf070861423e5b0e57dd07cfdb76f8cd/element'
11:00:42.911 [Forwarding findElement on session cf070861423e5b0e57dd07cfdb76f8cd to remote] DEBUG o.a.netty.request.NettyRequestSender - Using open Channel [id: 0xedbedd30, L:/127.0.0.1:63983 - R:localhost/127.0.0.1:51894] for POST '/session/cf070861423e5b0e57dd07cfdb76f8cd/element'
11:00:42.917 [AsyncHttpClient-1-2] DEBUG o.a.netty.handler.HttpHandler - 

Request DefaultHttpRequest(decodeResult: success, version: HTTP/1.1)
POST /session/cf070861423e5b0e57dd07cfdb76f8cd/element HTTP/1.1
User-Agent: selenium/4.1.2 (java windows)
Content-Length: 132
Content-Type: application/json; charset=utf-8
host: localhost:51894
accept: */*

Response DefaultHttpResponse(decodeResult: success, version: HTTP/1.1)
HTTP/1.1 200 OK
Content-Type: application/json; charset=utf-8
cache-control: no-cache
content-length: 88

11:00:42.917 [AsyncHttpClient-1-2] DEBUG o.a.netty.channel.ChannelManager - Adding key: http://localhost:51894 for channel [id: 0xedbedd30, L:/127.0.0.1:63983 - R:localhost/127.0.0.1:51894]
11:00:42.918 [Forwarding sendKeysToElement on session cf070861423e5b0e57dd07cfdb76f8cd to remote] DEBUG o.a.netty.request.NettyRequestSender - Using pooled Channel '[id: 0xedbedd30, L:/127.0.0.1:63983 - R:localhost/127.0.0.1:51894]' for 'POST' to 'http://localhost:51894/session/cf070861423e5b0e57dd07cfdb76f8cd/element/d6b00c97-c0a9-4696-996d-156e1371175c/value'
11:00:42.919 [Forwarding sendKeysToElement on session cf070861423e5b0e57dd07cfdb76f8cd to remote] DEBUG o.a.netty.request.NettyRequestSender - Using open Channel [id: 0xedbedd30, L:/127.0.0.1:63983 - R:localhost/127.0.0.1:51894] for POST '/session/cf070861423e5b0e57dd07cfdb76f8cd/element/d6b00c97-c0a9-4696-996d-156e1371175c/value'
11:00:42.941 [AsyncHttpClient-1-2] DEBUG o.a.netty.handler.HttpHandler - 

Request DefaultHttpRequest(decodeResult: success, version: HTTP/1.1)
POST /session/cf070861423e5b0e57dd07cfdb76f8cd/element/d6b00c97-c0a9-4696-996d-156e1371175c/value HTTP/1.1
User-Agent: selenium/4.1.2 (java windows)
Content-Length: 82
Content-Type: application/json; charset=utf-8
host: localhost:51894
accept: */*

Response DefaultHttpResponse(decodeResult: success, version: HTTP/1.1)
HTTP/1.1 200 OK
Content-Type: application/json; charset=utf-8
cache-control: no-cache
content-length: 14

11:00:42.942 [AsyncHttpClient-1-2] DEBUG o.a.netty.channel.ChannelManager - Adding key: http://localhost:51894 for channel [id: 0xedbedd30, L:/127.0.0.1:63983 - R:localhost/127.0.0.1:51894]
11:00:42.943 [Forwarding findElement on session cf070861423e5b0e57dd07cfdb76f8cd to remote] DEBUG o.a.netty.request.NettyRequestSender - Using pooled Channel '[id: 0xedbedd30, L:/127.0.0.1:63983 - R:localhost/127.0.0.1:51894]' for 'POST' to 'http://localhost:51894/session/cf070861423e5b0e57dd07cfdb76f8cd/element'
11:00:42.943 [Forwarding findElement on session cf070861423e5b0e57dd07cfdb76f8cd to remote] DEBUG o.a.netty.request.NettyRequestSender - Using open Channel [id: 0xedbedd30, L:/127.0.0.1:63983 - R:localhost/127.0.0.1:51894] for POST '/session/cf070861423e5b0e57dd07cfdb76f8cd/element'
11:00:42.950 [AsyncHttpClient-1-2] DEBUG o.a.netty.handler.HttpHandler - 

Request DefaultHttpRequest(decodeResult: success, version: HTTP/1.1)
POST /session/cf070861423e5b0e57dd07cfdb76f8cd/element HTTP/1.1
User-Agent: selenium/4.1.2 (java windows)
Content-Length: 125
Content-Type: application/json; charset=utf-8
host: localhost:51894
accept: */*

Response DefaultHttpResponse(decodeResult: success, version: HTTP/1.1)
HTTP/1.1 200 OK
Content-Type: application/json; charset=utf-8
cache-control: no-cache
content-length: 88

11:00:42.950 [AsyncHttpClient-1-2] DEBUG o.a.netty.channel.ChannelManager - Adding key: http://localhost:51894 for channel [id: 0xedbedd30, L:/127.0.0.1:63983 - R:localhost/127.0.0.1:51894]
11:00:42.951 [Forwarding clickElement on session cf070861423e5b0e57dd07cfdb76f8cd to remote] DEBUG o.a.netty.request.NettyRequestSender - Using pooled Channel '[id: 0xedbedd30, L:/127.0.0.1:63983 - R:localhost/127.0.0.1:51894]' for 'POST' to 'http://localhost:51894/session/cf070861423e5b0e57dd07cfdb76f8cd/element/c4259cb1-e895-47ed-8610-b5d99a6a5097/click'
11:00:42.951 [Forwarding clickElement on session cf070861423e5b0e57dd07cfdb76f8cd to remote] DEBUG o.a.netty.request.NettyRequestSender - Using open Channel [id: 0xedbedd30, L:/127.0.0.1:63983 - R:localhost/127.0.0.1:51894] for POST '/session/cf070861423e5b0e57dd07cfdb76f8cd/element/c4259cb1-e895-47ed-8610-b5d99a6a5097/click'
11:00:42.995 [AsyncHttpClient-1-2] DEBUG o.a.netty.handler.HttpHandler - 

Request DefaultHttpRequest(decodeResult: success, version: HTTP/1.1)
POST /session/cf070861423e5b0e57dd07cfdb76f8cd/element/c4259cb1-e895-47ed-8610-b5d99a6a5097/click HTTP/1.1
User-Agent: selenium/4.1.2 (java windows)
Content-Length: 50
Content-Type: application/json; charset=utf-8
host: localhost:51894
accept: */*

Response DefaultHttpResponse(decodeResult: success, version: HTTP/1.1)
HTTP/1.1 200 OK
Content-Type: application/json; charset=utf-8
cache-control: no-cache
content-length: 14

11:00:42.996 [AsyncHttpClient-1-2] DEBUG o.a.netty.channel.ChannelManager - Adding key: http://localhost:51894 for channel [id: 0xedbedd30, L:/127.0.0.1:63983 - R:localhost/127.0.0.1:51894]
11:00:42.997 [main] DEBUG com.pages.LoginPage - verifyErrorMessage: 'The information you entered was not recognized.' 
11:00:42.998 [Forwarding findElement on session cf070861423e5b0e57dd07cfdb76f8cd to remote] DEBUG o.a.netty.request.NettyRequestSender - Using pooled Channel '[id: 0xedbedd30, L:/127.0.0.1:63983 - R:localhost/127.0.0.1:51894]' for 'POST' to 'http://localhost:51894/session/cf070861423e5b0e57dd07cfdb76f8cd/element'
11:00:42.998 [Forwarding findElement on session cf070861423e5b0e57dd07cfdb76f8cd to remote] DEBUG o.a.netty.request.NettyRequestSender - Using open Channel [id: 0xedbedd30, L:/127.0.0.1:63983 - R:localhost/127.0.0.1:51894] for POST '/session/cf070861423e5b0e57dd07cfdb76f8cd/element'
11:00:43.005 [AsyncHttpClient-1-2] DEBUG o.a.netty.handler.HttpHandler - 

Request DefaultHttpRequest(decodeResult: success, version: HTTP/1.1)
POST /session/cf070861423e5b0e57dd07cfdb76f8cd/element HTTP/1.1
User-Agent: selenium/4.1.2 (java windows)
Content-Length: 75
Content-Type: application/json; charset=utf-8
host: localhost:51894
accept: */*

Response DefaultHttpResponse(decodeResult: success, version: HTTP/1.1)
HTTP/1.1 200 OK
Content-Type: application/json; charset=utf-8
cache-control: no-cache
content-length: 88

11:00:43.005 [AsyncHttpClient-1-2] DEBUG o.a.netty.channel.ChannelManager - Adding key: http://localhost:51894 for channel [id: 0xedbedd30, L:/127.0.0.1:63983 - R:localhost/127.0.0.1:51894]
11:00:43.008 [Forwarding isElementDisplayed on session cf070861423e5b0e57dd07cfdb76f8cd to remote] DEBUG o.a.netty.request.NettyRequestSender - Using pooled Channel '[id: 0xedbedd30, L:/127.0.0.1:63983 - R:localhost/127.0.0.1:51894]' for 'POST' to 'http://localhost:51894/session/cf070861423e5b0e57dd07cfdb76f8cd/execute/sync'
11:00:43.008 [Forwarding isElementDisplayed on session cf070861423e5b0e57dd07cfdb76f8cd to remote] DEBUG o.a.netty.request.NettyRequestSender - Using open Channel [id: 0xedbedd30, L:/127.0.0.1:63983 - R:localhost/127.0.0.1:51894] for POST '/session/cf070861423e5b0e57dd07cfdb76f8cd/execute/sync'
11:00:43.020 [AsyncHttpClient-1-2] DEBUG o.a.netty.handler.HttpHandler - 

Request DefaultHttpRequest(decodeResult: success, version: HTTP/1.1)
POST /session/cf070861423e5b0e57dd07cfdb76f8cd/execute/sync HTTP/1.1
User-Agent: selenium/4.1.2 (java windows)
Content-Length: 48780
Content-Type: application/json; charset=utf-8
host: localhost:51894
accept: */*

Response DefaultHttpResponse(decodeResult: success, version: HTTP/1.1)
HTTP/1.1 200 OK
Content-Type: application/json; charset=utf-8
cache-control: no-cache
content-length: 15

11:00:43.020 [AsyncHttpClient-1-2] DEBUG o.a.netty.channel.ChannelManager - Adding key: http://localhost:51894 for channel [id: 0xedbedd30, L:/127.0.0.1:63983 - R:localhost/127.0.0.1:51894]
11:00:43.526 [Forwarding findElement on session cf070861423e5b0e57dd07cfdb76f8cd to remote] DEBUG o.a.netty.request.NettyRequestSender - Using pooled Channel '[id: 0xedbedd30, L:/127.0.0.1:63983 - R:localhost/127.0.0.1:51894]' for 'POST' to 'http://localhost:51894/session/cf070861423e5b0e57dd07cfdb76f8cd/element'
11:00:43.526 [Forwarding findElement on session cf070861423e5b0e57dd07cfdb76f8cd to remote] DEBUG o.a.netty.request.NettyRequestSender - Using open Channel [id: 0xedbedd30, L:/127.0.0.1:63983 - R:localhost/127.0.0.1:51894] for POST '/session/cf070861423e5b0e57dd07cfdb76f8cd/element'
11:00:43.530 [AsyncHttpClient-1-2] DEBUG o.a.netty.handler.HttpHandler - 

Request DefaultHttpRequest(decodeResult: success, version: HTTP/1.1)
POST /session/cf070861423e5b0e57dd07cfdb76f8cd/element HTTP/1.1
User-Agent: selenium/4.1.2 (java windows)
Content-Length: 75
Content-Type: application/json; charset=utf-8
host: localhost:51894
accept: */*

Response DefaultHttpResponse(decodeResult: success, version: HTTP/1.1)
HTTP/1.1 200 OK
Content-Type: application/json; charset=utf-8
cache-control: no-cache
content-length: 88

11:00:43.531 [AsyncHttpClient-1-2] DEBUG o.a.netty.channel.ChannelManager - Adding key: http://localhost:51894 for channel [id: 0xedbedd30, L:/127.0.0.1:63983 - R:localhost/127.0.0.1:51894]
11:00:43.533 [Forwarding isElementDisplayed on session cf070861423e5b0e57dd07cfdb76f8cd to remote] DEBUG o.a.netty.request.NettyRequestSender - Using pooled Channel '[id: 0xedbedd30, L:/127.0.0.1:63983 - R:localhost/127.0.0.1:51894]' for 'POST' to 'http://localhost:51894/session/cf070861423e5b0e57dd07cfdb76f8cd/execute/sync'
11:00:43.533 [Forwarding isElementDisplayed on session cf070861423e5b0e57dd07cfdb76f8cd to remote] DEBUG o.a.netty.request.NettyRequestSender - Using open Channel [id: 0xedbedd30, L:/127.0.0.1:63983 - R:localhost/127.0.0.1:51894] for POST '/session/cf070861423e5b0e57dd07cfdb76f8cd/execute/sync'
11:00:43.540 [AsyncHttpClient-1-2] DEBUG o.a.netty.handler.HttpHandler - 

Request DefaultHttpRequest(decodeResult: success, version: HTTP/1.1)
POST /session/cf070861423e5b0e57dd07cfdb76f8cd/execute/sync HTTP/1.1
User-Agent: selenium/4.1.2 (java windows)
Content-Length: 48780
Content-Type: application/json; charset=utf-8
host: localhost:51894
accept: */*

Response DefaultHttpResponse(decodeResult: success, version: HTTP/1.1)
HTTP/1.1 200 OK
Content-Type: application/json; charset=utf-8
cache-control: no-cache
content-length: 14

11:00:43.540 [AsyncHttpClient-1-2] DEBUG o.a.netty.channel.ChannelManager - Adding key: http://localhost:51894 for channel [id: 0xedbedd30, L:/127.0.0.1:63983 - R:localhost/127.0.0.1:51894]
11:00:43.541 [Forwarding getElementText on session cf070861423e5b0e57dd07cfdb76f8cd to remote] DEBUG o.a.netty.request.NettyRequestSender - Using pooled Channel '[id: 0xedbedd30, L:/127.0.0.1:63983 - R:localhost/127.0.0.1:51894]' for 'GET' to 'http://localhost:51894/session/cf070861423e5b0e57dd07cfdb76f8cd/element/1b557869-9374-4d33-abc1-783d9cf4a520/text'
11:00:43.541 [Forwarding getElementText on session cf070861423e5b0e57dd07cfdb76f8cd to remote] DEBUG o.a.netty.request.NettyRequestSender - Using open Channel [id: 0xedbedd30, L:/127.0.0.1:63983 - R:localhost/127.0.0.1:51894] for GET '/session/cf070861423e5b0e57dd07cfdb76f8cd/element/1b557869-9374-4d33-abc1-783d9cf4a520/text'
11:00:43.549 [AsyncHttpClient-1-2] DEBUG o.a.netty.handler.HttpHandler - 

Request DefaultFullHttpRequest(decodeResult: success, version: HTTP/1.1, content: EmptyByteBufBE)
GET /session/cf070861423e5b0e57dd07cfdb76f8cd/element/1b557869-9374-4d33-abc1-783d9cf4a520/text HTTP/1.1
User-Agent: selenium/4.1.2 (java windows)
Cache-Control: no-cache
Content-Type: application/json; charset=utf-8
host: localhost:51894
accept: */*

Response DefaultHttpResponse(decodeResult: success, version: HTTP/1.1)
HTTP/1.1 200 OK
Content-Type: application/json; charset=utf-8
cache-control: no-cache
content-length: 59

11:00:43.549 [AsyncHttpClient-1-2] DEBUG o.a.netty.channel.ChannelManager - Adding key: http://localhost:51894 for channel [id: 0xedbedd30, L:/127.0.0.1:63983 - R:localhost/127.0.0.1:51894]
11:00:43.728 [AsyncHttpClient-1-1] DEBUG o.a.netty.channel.DefaultChannelPool - Entry count for : http://localhost:63984 : 1
11:00:43.728 [AsyncHttpClient-1-1] DEBUG o.a.netty.channel.DefaultChannelPool - Entry count for : http://localhost:51894 : 1
11:00:44.831 [AsyncHttpClient-1-1] DEBUG o.a.netty.channel.DefaultChannelPool - Entry count for : http://localhost:63984 : 1
11:00:44.831 [AsyncHttpClient-1-1] DEBUG o.a.netty.channel.DefaultChannelPool - Entry count for : http://localhost:51894 : 1
11:00:45.925 [AsyncHttpClient-1-1] DEBUG o.a.netty.channel.DefaultChannelPool - Entry count for : http://localhost:63984 : 1
11:00:45.925 [AsyncHttpClient-1-1] DEBUG o.a.netty.channel.DefaultChannelPool - Entry count for : http://localhost:51894 : 1
11:00:47.026 [AsyncHttpClient-1-1] DEBUG o.a.netty.channel.DefaultChannelPool - Entry count for : http://localhost:63984 : 1
11:00:47.026 [AsyncHttpClient-1-1] DEBUG o.a.netty.channel.DefaultChannelPool - Entry count for : http://localhost:51894 : 1
11:00:47.569 [main] DEBUG com.pages.LoginPage - enterUserCredentails: username = '' | password = '' 
11:00:47.569 [Forwarding findElement on session cf070861423e5b0e57dd07cfdb76f8cd to remote] DEBUG o.a.netty.request.NettyRequestSender - Using pooled Channel '[id: 0xedbedd30, L:/127.0.0.1:63983 - R:localhost/127.0.0.1:51894]' for 'POST' to 'http://localhost:51894/session/cf070861423e5b0e57dd07cfdb76f8cd/element'
11:00:47.569 [Forwarding findElement on session cf070861423e5b0e57dd07cfdb76f8cd to remote] DEBUG o.a.netty.request.NettyRequestSender - Using open Channel [id: 0xedbedd30, L:/127.0.0.1:63983 - R:localhost/127.0.0.1:51894] for POST '/session/cf070861423e5b0e57dd07cfdb76f8cd/element'
11:00:47.573 [AsyncHttpClient-1-2] DEBUG o.a.netty.handler.HttpHandler - 

Request DefaultHttpRequest(decodeResult: success, version: HTTP/1.1)
POST /session/cf070861423e5b0e57dd07cfdb76f8cd/element HTTP/1.1
User-Agent: selenium/4.1.2 (java windows)
Content-Length: 128
Content-Type: application/json; charset=utf-8
host: localhost:51894
accept: */*

Response DefaultHttpResponse(decodeResult: success, version: HTTP/1.1)
HTTP/1.1 200 OK
Content-Type: application/json; charset=utf-8
cache-control: no-cache
content-length: 88

11:00:47.573 [AsyncHttpClient-1-2] DEBUG o.a.netty.channel.ChannelManager - Adding key: http://localhost:51894 for channel [id: 0xedbedd30, L:/127.0.0.1:63983 - R:localhost/127.0.0.1:51894]
11:00:47.574 [Forwarding sendKeysToElement on session cf070861423e5b0e57dd07cfdb76f8cd to remote] DEBUG o.a.netty.request.NettyRequestSender - Using pooled Channel '[id: 0xedbedd30, L:/127.0.0.1:63983 - R:localhost/127.0.0.1:51894]' for 'POST' to 'http://localhost:51894/session/cf070861423e5b0e57dd07cfdb76f8cd/element/767dbbfc-d2b7-4980-b95f-fac4e2ac4da2/value'
11:00:47.574 [Forwarding sendKeysToElement on session cf070861423e5b0e57dd07cfdb76f8cd to remote] DEBUG o.a.netty.request.NettyRequestSender - Using open Channel [id: 0xedbedd30, L:/127.0.0.1:63983 - R:localhost/127.0.0.1:51894] for POST '/session/cf070861423e5b0e57dd07cfdb76f8cd/element/767dbbfc-d2b7-4980-b95f-fac4e2ac4da2/value'
11:00:47.586 [AsyncHttpClient-1-2] DEBUG o.a.netty.handler.HttpHandler - 

Request DefaultHttpRequest(decodeResult: success, version: HTTP/1.1)
POST /session/cf070861423e5b0e57dd07cfdb76f8cd/element/767dbbfc-d2b7-4980-b95f-fac4e2ac4da2/value HTTP/1.1
User-Agent: selenium/4.1.2 (java windows)
Content-Length: 82
Content-Type: application/json; charset=utf-8
host: localhost:51894
accept: */*

Response DefaultHttpResponse(decodeResult: success, version: HTTP/1.1)
HTTP/1.1 200 OK
Content-Type: application/json; charset=utf-8
cache-control: no-cache
content-length: 14

11:00:47.586 [AsyncHttpClient-1-2] DEBUG o.a.netty.channel.ChannelManager - Adding key: http://localhost:51894 for channel [id: 0xedbedd30, L:/127.0.0.1:63983 - R:localhost/127.0.0.1:51894]
11:00:47.587 [Forwarding findElement on session cf070861423e5b0e57dd07cfdb76f8cd to remote] DEBUG o.a.netty.request.NettyRequestSender - Using pooled Channel '[id: 0xedbedd30, L:/127.0.0.1:63983 - R:localhost/127.0.0.1:51894]' for 'POST' to 'http://localhost:51894/session/cf070861423e5b0e57dd07cfdb76f8cd/element'
11:00:47.587 [Forwarding findElement on session cf070861423e5b0e57dd07cfdb76f8cd to remote] DEBUG o.a.netty.request.NettyRequestSender - Using open Channel [id: 0xedbedd30, L:/127.0.0.1:63983 - R:localhost/127.0.0.1:51894] for POST '/session/cf070861423e5b0e57dd07cfdb76f8cd/element'
11:00:47.590 [AsyncHttpClient-1-2] DEBUG o.a.netty.handler.HttpHandler - 

Request DefaultHttpRequest(decodeResult: success, version: HTTP/1.1)
POST /session/cf070861423e5b0e57dd07cfdb76f8cd/element HTTP/1.1
User-Agent: selenium/4.1.2 (java windows)
Content-Length: 132
Content-Type: application/json; charset=utf-8
host: localhost:51894
accept: */*

Response DefaultHttpResponse(decodeResult: success, version: HTTP/1.1)
HTTP/1.1 200 OK
Content-Type: application/json; charset=utf-8
cache-control: no-cache
content-length: 88

11:00:47.590 [AsyncHttpClient-1-2] DEBUG o.a.netty.channel.ChannelManager - Adding key: http://localhost:51894 for channel [id: 0xedbedd30, L:/127.0.0.1:63983 - R:localhost/127.0.0.1:51894]
11:00:47.592 [Forwarding sendKeysToElement on session cf070861423e5b0e57dd07cfdb76f8cd to remote] DEBUG o.a.netty.request.NettyRequestSender - Using pooled Channel '[id: 0xedbedd30, L:/127.0.0.1:63983 - R:localhost/127.0.0.1:51894]' for 'POST' to 'http://localhost:51894/session/cf070861423e5b0e57dd07cfdb76f8cd/element/b35389c2-b3f5-41f4-a97d-5f5a802c3df5/value'
11:00:47.592 [Forwarding sendKeysToElement on session cf070861423e5b0e57dd07cfdb76f8cd to remote] DEBUG o.a.netty.request.NettyRequestSender - Using open Channel [id: 0xedbedd30, L:/127.0.0.1:63983 - R:localhost/127.0.0.1:51894] for POST '/session/cf070861423e5b0e57dd07cfdb76f8cd/element/b35389c2-b3f5-41f4-a97d-5f5a802c3df5/value'
11:00:47.614 [AsyncHttpClient-1-2] DEBUG o.a.netty.handler.HttpHandler - 

Request DefaultHttpRequest(decodeResult: success, version: HTTP/1.1)
POST /session/cf070861423e5b0e57dd07cfdb76f8cd/element/b35389c2-b3f5-41f4-a97d-5f5a802c3df5/value HTTP/1.1
User-Agent: selenium/4.1.2 (java windows)
Content-Length: 82
Content-Type: application/json; charset=utf-8
host: localhost:51894
accept: */*

Response DefaultHttpResponse(decodeResult: success, version: HTTP/1.1)
HTTP/1.1 200 OK
Content-Type: application/json; charset=utf-8
cache-control: no-cache
content-length: 14

11:00:47.614 [AsyncHttpClient-1-2] DEBUG o.a.netty.channel.ChannelManager - Adding key: http://localhost:51894 for channel [id: 0xedbedd30, L:/127.0.0.1:63983 - R:localhost/127.0.0.1:51894]
11:00:47.616 [Forwarding findElement on session cf070861423e5b0e57dd07cfdb76f8cd to remote] DEBUG o.a.netty.request.NettyRequestSender - Using pooled Channel '[id: 0xedbedd30, L:/127.0.0.1:63983 - R:localhost/127.0.0.1:51894]' for 'POST' to 'http://localhost:51894/session/cf070861423e5b0e57dd07cfdb76f8cd/element'
11:00:47.616 [Forwarding findElement on session cf070861423e5b0e57dd07cfdb76f8cd to remote] DEBUG o.a.netty.request.NettyRequestSender - Using open Channel [id: 0xedbedd30, L:/127.0.0.1:63983 - R:localhost/127.0.0.1:51894] for POST '/session/cf070861423e5b0e57dd07cfdb76f8cd/element'
11:00:47.620 [AsyncHttpClient-1-2] DEBUG o.a.netty.handler.HttpHandler - 

Request DefaultHttpRequest(decodeResult: success, version: HTTP/1.1)
POST /session/cf070861423e5b0e57dd07cfdb76f8cd/element HTTP/1.1
User-Agent: selenium/4.1.2 (java windows)
Content-Length: 125
Content-Type: application/json; charset=utf-8
host: localhost:51894
accept: */*

Response DefaultHttpResponse(decodeResult: success, version: HTTP/1.1)
HTTP/1.1 200 OK
Content-Type: application/json; charset=utf-8
cache-control: no-cache
content-length: 88

11:00:47.621 [AsyncHttpClient-1-2] DEBUG o.a.netty.channel.ChannelManager - Adding key: http://localhost:51894 for channel [id: 0xedbedd30, L:/127.0.0.1:63983 - R:localhost/127.0.0.1:51894]
11:00:47.622 [Forwarding clickElement on session cf070861423e5b0e57dd07cfdb76f8cd to remote] DEBUG o.a.netty.request.NettyRequestSender - Using pooled Channel '[id: 0xedbedd30, L:/127.0.0.1:63983 - R:localhost/127.0.0.1:51894]' for 'POST' to 'http://localhost:51894/session/cf070861423e5b0e57dd07cfdb76f8cd/element/ae490a9c-aa37-42ad-9c1c-1002ed95322f/click'
11:00:47.622 [Forwarding clickElement on session cf070861423e5b0e57dd07cfdb76f8cd to remote] DEBUG o.a.netty.request.NettyRequestSender - Using open Channel [id: 0xedbedd30, L:/127.0.0.1:63983 - R:localhost/127.0.0.1:51894] for POST '/session/cf070861423e5b0e57dd07cfdb76f8cd/element/ae490a9c-aa37-42ad-9c1c-1002ed95322f/click'
11:00:47.662 [AsyncHttpClient-1-2] DEBUG o.a.netty.handler.HttpHandler - 

Request DefaultHttpRequest(decodeResult: success, version: HTTP/1.1)
POST /session/cf070861423e5b0e57dd07cfdb76f8cd/element/ae490a9c-aa37-42ad-9c1c-1002ed95322f/click HTTP/1.1
User-Agent: selenium/4.1.2 (java windows)
Content-Length: 50
Content-Type: application/json; charset=utf-8
host: localhost:51894
accept: */*

Response DefaultHttpResponse(decodeResult: success, version: HTTP/1.1)
HTTP/1.1 200 OK
Content-Type: application/json; charset=utf-8
cache-control: no-cache
content-length: 14

11:00:47.662 [AsyncHttpClient-1-2] DEBUG o.a.netty.channel.ChannelManager - Adding key: http://localhost:51894 for channel [id: 0xedbedd30, L:/127.0.0.1:63983 - R:localhost/127.0.0.1:51894]
11:00:47.663 [main] DEBUG com.pages.LoginPage - verifyErrorMessage: 'The information you entered was not recognized.' 
11:00:47.663 [Forwarding findElement on session cf070861423e5b0e57dd07cfdb76f8cd to remote] DEBUG o.a.netty.request.NettyRequestSender - Using pooled Channel '[id: 0xedbedd30, L:/127.0.0.1:63983 - R:localhost/127.0.0.1:51894]' for 'POST' to 'http://localhost:51894/session/cf070861423e5b0e57dd07cfdb76f8cd/element'
11:00:47.663 [Forwarding findElement on session cf070861423e5b0e57dd07cfdb76f8cd to remote] DEBUG o.a.netty.request.NettyRequestSender - Using open Channel [id: 0xedbedd30, L:/127.0.0.1:63983 - R:localhost/127.0.0.1:51894] for POST '/session/cf070861423e5b0e57dd07cfdb76f8cd/element'
11:00:47.669 [AsyncHttpClient-1-2] DEBUG o.a.netty.handler.HttpHandler - 

Request DefaultHttpRequest(decodeResult: success, version: HTTP/1.1)
POST /session/cf070861423e5b0e57dd07cfdb76f8cd/element HTTP/1.1
User-Agent: selenium/4.1.2 (java windows)
Content-Length: 75
Content-Type: application/json; charset=utf-8
host: localhost:51894
accept: */*

Response DefaultHttpResponse(decodeResult: success, version: HTTP/1.1)
HTTP/1.1 200 OK
Content-Type: application/json; charset=utf-8
cache-control: no-cache
content-length: 88

11:00:47.669 [AsyncHttpClient-1-2] DEBUG o.a.netty.channel.ChannelManager - Adding key: http://localhost:51894 for channel [id: 0xedbedd30, L:/127.0.0.1:63983 - R:localhost/127.0.0.1:51894]
11:00:47.671 [Forwarding isElementDisplayed on session cf070861423e5b0e57dd07cfdb76f8cd to remote] DEBUG o.a.netty.request.NettyRequestSender - Using pooled Channel '[id: 0xedbedd30, L:/127.0.0.1:63983 - R:localhost/127.0.0.1:51894]' for 'POST' to 'http://localhost:51894/session/cf070861423e5b0e57dd07cfdb76f8cd/execute/sync'
11:00:47.671 [Forwarding isElementDisplayed on session cf070861423e5b0e57dd07cfdb76f8cd to remote] DEBUG o.a.netty.request.NettyRequestSender - Using open Channel [id: 0xedbedd30, L:/127.0.0.1:63983 - R:localhost/127.0.0.1:51894] for POST '/session/cf070861423e5b0e57dd07cfdb76f8cd/execute/sync'
11:00:47.682 [AsyncHttpClient-1-2] DEBUG o.a.netty.handler.HttpHandler - 

Request DefaultHttpRequest(decodeResult: success, version: HTTP/1.1)
POST /session/cf070861423e5b0e57dd07cfdb76f8cd/execute/sync HTTP/1.1
User-Agent: selenium/4.1.2 (java windows)
Content-Length: 48780
Content-Type: application/json; charset=utf-8
host: localhost:51894
accept: */*

Response DefaultHttpResponse(decodeResult: success, version: HTTP/1.1)
HTTP/1.1 200 OK
Content-Type: application/json; charset=utf-8
cache-control: no-cache
content-length: 15

11:00:47.682 [AsyncHttpClient-1-2] DEBUG o.a.netty.channel.ChannelManager - Adding key: http://localhost:51894 for channel [id: 0xedbedd30, L:/127.0.0.1:63983 - R:localhost/127.0.0.1:51894]
11:00:48.132 [AsyncHttpClient-1-1] DEBUG o.a.netty.channel.DefaultChannelPool - Entry count for : http://localhost:63984 : 1
11:00:48.132 [AsyncHttpClient-1-1] DEBUG o.a.netty.channel.DefaultChannelPool - Entry count for : http://localhost:51894 : 1
11:00:48.193 [Forwarding findElement on session cf070861423e5b0e57dd07cfdb76f8cd to remote] DEBUG o.a.netty.request.NettyRequestSender - Using pooled Channel '[id: 0xedbedd30, L:/127.0.0.1:63983 - R:localhost/127.0.0.1:51894]' for 'POST' to 'http://localhost:51894/session/cf070861423e5b0e57dd07cfdb76f8cd/element'
11:00:48.193 [Forwarding findElement on session cf070861423e5b0e57dd07cfdb76f8cd to remote] DEBUG o.a.netty.request.NettyRequestSender - Using open Channel [id: 0xedbedd30, L:/127.0.0.1:63983 - R:localhost/127.0.0.1:51894] for POST '/session/cf070861423e5b0e57dd07cfdb76f8cd/element'
11:00:48.197 [AsyncHttpClient-1-2] DEBUG o.a.netty.handler.HttpHandler - 

Request DefaultHttpRequest(decodeResult: success, version: HTTP/1.1)
POST /session/cf070861423e5b0e57dd07cfdb76f8cd/element HTTP/1.1
User-Agent: selenium/4.1.2 (java windows)
Content-Length: 75
Content-Type: application/json; charset=utf-8
host: localhost:51894
accept: */*

Response DefaultHttpResponse(decodeResult: success, version: HTTP/1.1)
HTTP/1.1 200 OK
Content-Type: application/json; charset=utf-8
cache-control: no-cache
content-length: 88

11:00:48.198 [AsyncHttpClient-1-2] DEBUG o.a.netty.channel.ChannelManager - Adding key: http://localhost:51894 for channel [id: 0xedbedd30, L:/127.0.0.1:63983 - R:localhost/127.0.0.1:51894]
11:00:48.200 [Forwarding isElementDisplayed on session cf070861423e5b0e57dd07cfdb76f8cd to remote] DEBUG o.a.netty.request.NettyRequestSender - Using pooled Channel '[id: 0xedbedd30, L:/127.0.0.1:63983 - R:localhost/127.0.0.1:51894]' for 'POST' to 'http://localhost:51894/session/cf070861423e5b0e57dd07cfdb76f8cd/execute/sync'
11:00:48.200 [Forwarding isElementDisplayed on session cf070861423e5b0e57dd07cfdb76f8cd to remote] DEBUG o.a.netty.request.NettyRequestSender - Using open Channel [id: 0xedbedd30, L:/127.0.0.1:63983 - R:localhost/127.0.0.1:51894] for POST '/session/cf070861423e5b0e57dd07cfdb76f8cd/execute/sync'
11:00:48.206 [AsyncHttpClient-1-2] DEBUG o.a.netty.handler.HttpHandler - 

Request DefaultHttpRequest(decodeResult: success, version: HTTP/1.1)
POST /session/cf070861423e5b0e57dd07cfdb76f8cd/execute/sync HTTP/1.1
User-Agent: selenium/4.1.2 (java windows)
Content-Length: 48780
Content-Type: application/json; charset=utf-8
host: localhost:51894
accept: */*

Response DefaultHttpResponse(decodeResult: success, version: HTTP/1.1)
HTTP/1.1 200 OK
Content-Type: application/json; charset=utf-8
cache-control: no-cache
content-length: 14

11:00:48.206 [AsyncHttpClient-1-2] DEBUG o.a.netty.channel.ChannelManager - Adding key: http://localhost:51894 for channel [id: 0xedbedd30, L:/127.0.0.1:63983 - R:localhost/127.0.0.1:51894]
11:00:48.207 [Forwarding getElementText on session cf070861423e5b0e57dd07cfdb76f8cd to remote] DEBUG o.a.netty.request.NettyRequestSender - Using pooled Channel '[id: 0xedbedd30, L:/127.0.0.1:63983 - R:localhost/127.0.0.1:51894]' for 'GET' to 'http://localhost:51894/session/cf070861423e5b0e57dd07cfdb76f8cd/element/2602b279-dbc3-4692-9e9d-fe38e404e702/text'
11:00:48.207 [Forwarding getElementText on session cf070861423e5b0e57dd07cfdb76f8cd to remote] DEBUG o.a.netty.request.NettyRequestSender - Using open Channel [id: 0xedbedd30, L:/127.0.0.1:63983 - R:localhost/127.0.0.1:51894] for GET '/session/cf070861423e5b0e57dd07cfdb76f8cd/element/2602b279-dbc3-4692-9e9d-fe38e404e702/text'
11:00:48.215 [AsyncHttpClient-1-2] DEBUG o.a.netty.handler.HttpHandler - 

Request DefaultFullHttpRequest(decodeResult: success, version: HTTP/1.1, content: EmptyByteBufBE)
GET /session/cf070861423e5b0e57dd07cfdb76f8cd/element/2602b279-dbc3-4692-9e9d-fe38e404e702/text HTTP/1.1
User-Agent: selenium/4.1.2 (java windows)
Cache-Control: no-cache
Content-Type: application/json; charset=utf-8
host: localhost:51894
accept: */*

Response DefaultHttpResponse(decodeResult: success, version: HTTP/1.1)
HTTP/1.1 200 OK
Content-Type: application/json; charset=utf-8
cache-control: no-cache
content-length: 59

11:00:48.215 [AsyncHttpClient-1-2] DEBUG o.a.netty.channel.ChannelManager - Adding key: http://localhost:51894 for channel [id: 0xedbedd30, L:/127.0.0.1:63983 - R:localhost/127.0.0.1:51894]
11:00:49.227 [AsyncHttpClient-1-1] DEBUG o.a.netty.channel.DefaultChannelPool - Entry count for : http://localhost:63984 : 1
11:00:49.227 [AsyncHttpClient-1-1] DEBUG o.a.netty.channel.DefaultChannelPool - Entry count for : http://localhost:51894 : 1
  &amp#27;[32mWhen &amp#27;[0m&amp#27;[32muser login using invalid credentials form ExcelData with File &amp#27;[0m&amp#27;[32m&amp#27;[1m"InvalidUserCredentials"&amp#27;[0m&amp#27;[32m and SheetName &amp#27;[0m&amp#27;[32m&amp#27;[1m"InvalidUserCredentials"&amp#27;[0m &amp#27;[90m# stepdefinitions.LoginPageSteps.user_login_using_invalid_credentials_form_excel_data_with_file_and_sheet_name(java.lang.String,java.lang.String)&amp#27;[0m
11:00:50.223 [Forwarding getTitle on session cf070861423e5b0e57dd07cfdb76f8cd to remote] DEBUG o.a.netty.request.NettyRequestSender - Using pooled Channel '[id: 0xedbedd30, L:/127.0.0.1:63983 - R:localhost/127.0.0.1:51894]' for 'GET' to 'http://localhost:51894/session/cf070861423e5b0e57dd07cfdb76f8cd/title'
11:00:50.223 [Forwarding getTitle on session cf070861423e5b0e57dd07cfdb76f8cd to remote] DEBUG o.a.netty.request.NettyRequestSender - Using open Channel [id: 0xedbedd30, L:/127.0.0.1:63983 - R:localhost/127.0.0.1:51894] for GET '/session/cf070861423e5b0e57dd07cfdb76f8cd/title'
11:00:50.226 [AsyncHttpClient-1-2] DEBUG o.a.netty.handler.HttpHandler - 

Request DefaultFullHttpRequest(decodeResult: success, version: HTTP/1.1, content: EmptyByteBufBE)
GET /session/cf070861423e5b0e57dd07cfdb76f8cd/title HTTP/1.1
User-Agent: selenium/4.1.2 (java windows)
Cache-Control: no-cache
Content-Type: application/json; charset=utf-8
host: localhost:51894
accept: */*

Response DefaultHttpResponse(decodeResult: success, version: HTTP/1.1)
HTTP/1.1 200 OK
Content-Type: application/json; charset=utf-8
cache-control: no-cache
content-length: 22

11:00:50.226 [AsyncHttpClient-1-2] DEBUG o.a.netty.channel.ChannelManager - Adding key: http://localhost:51894 for channel [id: 0xedbedd30, L:/127.0.0.1:63983 - R:localhost/127.0.0.1:51894]
11:00:50.226 [main] DEBUG com.pages.LoginPage - verifyApplication: 'Login Page' 
11:00:50.227 [Forwarding getTitle on session cf070861423e5b0e57dd07cfdb76f8cd to remote] DEBUG o.a.netty.request.NettyRequestSender - Using pooled Channel '[id: 0xedbedd30, L:/127.0.0.1:63983 - R:localhost/127.0.0.1:51894]' for 'GET' to 'http://localhost:51894/session/cf070861423e5b0e57dd07cfdb76f8cd/title'
11:00:50.227 [Forwarding getTitle on session cf070861423e5b0e57dd07cfdb76f8cd to remote] DEBUG o.a.netty.request.NettyRequestSender - Using open Channel [id: 0xedbedd30, L:/127.0.0.1:63983 - R:localhost/127.0.0.1:51894] for GET '/session/cf070861423e5b0e57dd07cfdb76f8cd/title'
11:00:50.228 [AsyncHttpClient-1-2] DEBUG o.a.netty.handler.HttpHandler - 

Request DefaultFullHttpRequest(decodeResult: success, version: HTTP/1.1, content: EmptyByteBufBE)
GET /session/cf070861423e5b0e57dd07cfdb76f8cd/title HTTP/1.1
User-Agent: selenium/4.1.2 (java windows)
Cache-Control: no-cache
Content-Type: application/json; charset=utf-8
host: localhost:51894
accept: */*

Response DefaultHttpResponse(decodeResult: success, version: HTTP/1.1)
HTTP/1.1 200 OK
Content-Type: application/json; charset=utf-8
cache-control: no-cache
content-length: 22

11:00:50.228 [AsyncHttpClient-1-2] DEBUG o.a.netty.channel.ChannelManager - Adding key: http://localhost:51894 for channel [id: 0xedbedd30, L:/127.0.0.1:63983 - R:localhost/127.0.0.1:51894]
11:00:50.328 [AsyncHttpClient-1-1] DEBUG o.a.netty.channel.DefaultChannelPool - Entry count for : http://localhost:63984 : 1
11:00:50.328 [AsyncHttpClient-1-1] DEBUG o.a.netty.channel.DefaultChannelPool - Entry count for : http://localhost:51894 : 1
11:00:51.425 [AsyncHttpClient-1-1] DEBUG o.a.netty.channel.DefaultChannelPool - Entry count for : http://localhost:63984 : 1
11:00:51.425 [AsyncHttpClient-1-1] DEBUG o.a.netty.channel.DefaultChannelPool - Entry count for : http://localhost:51894 : 1
11:00:52.526 [AsyncHttpClient-1-1] DEBUG o.a.netty.channel.DefaultChannelPool - Entry count for : http://localhost:63984 : 1
11:00:52.526 [AsyncHttpClient-1-1] DEBUG o.a.netty.channel.DefaultChannelPool - Entry count for : http://localhost:51894 : 1
11:00:53.626 [AsyncHttpClient-1-1] DEBUG o.a.netty.channel.DefaultChannelPool - Entry count for : http://localhost:63984 : 1
11:00:53.626 [AsyncHttpClient-1-1] DEBUG o.a.netty.channel.DefaultChannelPool - Entry count for : http://localhost:51894 : 1
11:00:54.725 [AsyncHttpClient-1-1] DEBUG o.a.netty.channel.DefaultChannelPool - Entry count for : http://localhost:63984 : 1
11:00:54.725 [AsyncHttpClient-1-1] DEBUG o.a.netty.channel.DefaultChannelPool - Entry count for : http://localhost:51894 : 1
11:00:55.241 [main] DEBUG com.pages.LoginPage - verifyErrorMessage: 'The information you entered was not recognized.' 
11:00:55.241 [Forwarding findElement on session cf070861423e5b0e57dd07cfdb76f8cd to remote] DEBUG o.a.netty.request.NettyRequestSender - Using pooled Channel '[id: 0xedbedd30, L:/127.0.0.1:63983 - R:localhost/127.0.0.1:51894]' for 'POST' to 'http://localhost:51894/session/cf070861423e5b0e57dd07cfdb76f8cd/element'
11:00:55.241 [Forwarding findElement on session cf070861423e5b0e57dd07cfdb76f8cd to remote] DEBUG o.a.netty.request.NettyRequestSender - Using open Channel [id: 0xedbedd30, L:/127.0.0.1:63983 - R:localhost/127.0.0.1:51894] for POST '/session/cf070861423e5b0e57dd07cfdb76f8cd/element'
11:00:55.248 [AsyncHttpClient-1-2] DEBUG o.a.netty.handler.HttpHandler - 

Request DefaultHttpRequest(decodeResult: success, version: HTTP/1.1)
POST /session/cf070861423e5b0e57dd07cfdb76f8cd/element HTTP/1.1
User-Agent: selenium/4.1.2 (java windows)
Content-Length: 75
Content-Type: application/json; charset=utf-8
host: localhost:51894
accept: */*

Response DefaultHttpResponse(decodeResult: success, version: HTTP/1.1)
HTTP/1.1 200 OK
Content-Type: application/json; charset=utf-8
cache-control: no-cache
content-length: 88

11:00:55.248 [AsyncHttpClient-1-2] DEBUG o.a.netty.channel.ChannelManager - Adding key: http://localhost:51894 for channel [id: 0xedbedd30, L:/127.0.0.1:63983 - R:localhost/127.0.0.1:51894]
11:00:55.254 [Forwarding isElementDisplayed on session cf070861423e5b0e57dd07cfdb76f8cd to remote] DEBUG o.a.netty.request.NettyRequestSender - Using pooled Channel '[id: 0xedbedd30, L:/127.0.0.1:63983 - R:localhost/127.0.0.1:51894]' for 'POST' to 'http://localhost:51894/session/cf070861423e5b0e57dd07cfdb76f8cd/execute/sync'
11:00:55.254 [Forwarding isElementDisplayed on session cf070861423e5b0e57dd07cfdb76f8cd to remote] DEBUG o.a.netty.request.NettyRequestSender - Using open Channel [id: 0xedbedd30, L:/127.0.0.1:63983 - R:localhost/127.0.0.1:51894] for POST '/session/cf070861423e5b0e57dd07cfdb76f8cd/execute/sync'
11:00:55.262 [AsyncHttpClient-1-2] DEBUG o.a.netty.handler.HttpHandler - 

Request DefaultHttpRequest(decodeResult: success, version: HTTP/1.1)
POST /session/cf070861423e5b0e57dd07cfdb76f8cd/execute/sync HTTP/1.1
User-Agent: selenium/4.1.2 (java windows)
Content-Length: 48780
Content-Type: application/json; charset=utf-8
host: localhost:51894
accept: */*

Response DefaultHttpResponse(decodeResult: success, version: HTTP/1.1)
HTTP/1.1 200 OK
Content-Type: application/json; charset=utf-8
cache-control: no-cache
content-length: 14

11:00:55.262 [AsyncHttpClient-1-2] DEBUG o.a.netty.channel.ChannelManager - Adding key: http://localhost:51894 for channel [id: 0xedbedd30, L:/127.0.0.1:63983 - R:localhost/127.0.0.1:51894]
11:00:55.263 [Forwarding getElementText on session cf070861423e5b0e57dd07cfdb76f8cd to remote] DEBUG o.a.netty.request.NettyRequestSender - Using pooled Channel '[id: 0xedbedd30, L:/127.0.0.1:63983 - R:localhost/127.0.0.1:51894]' for 'GET' to 'http://localhost:51894/session/cf070861423e5b0e57dd07cfdb76f8cd/element/2602b279-dbc3-4692-9e9d-fe38e404e702/text'
11:00:55.263 [Forwarding getElementText on session cf070861423e5b0e57dd07cfdb76f8cd to remote] DEBUG o.a.netty.request.NettyRequestSender - Using open Channel [id: 0xedbedd30, L:/127.0.0.1:63983 - R:localhost/127.0.0.1:51894] for GET '/session/cf070861423e5b0e57dd07cfdb76f8cd/element/2602b279-dbc3-4692-9e9d-fe38e404e702/text'
11:00:55.270 [AsyncHttpClient-1-2] DEBUG o.a.netty.handler.HttpHandler - 

Request DefaultFullHttpRequest(decodeResult: success, version: HTTP/1.1, content: EmptyByteBufBE)
GET /session/cf070861423e5b0e57dd07cfdb76f8cd/element/2602b279-dbc3-4692-9e9d-fe38e404e702/text HTTP/1.1
User-Agent: selenium/4.1.2 (java windows)
Cache-Control: no-cache
Content-Type: application/json; charset=utf-8
host: localhost:51894
accept: */*

Response DefaultHttpResponse(decodeResult: success, version: HTTP/1.1)
HTTP/1.1 200 OK
Content-Type: application/json; charset=utf-8
cache-control: no-cache
content-length: 59

11:00:55.270 [AsyncHttpClient-1-2] DEBUG o.a.netty.channel.ChannelManager - Adding key: http://localhost:51894 for channel [id: 0xedbedd30, L:/127.0.0.1:63983 - R:localhost/127.0.0.1:51894]
11:00:55.824 [AsyncHttpClient-1-1] DEBUG o.a.netty.channel.DefaultChannelPool - Entry count for : http://localhost:63984 : 1
11:00:55.824 [AsyncHttpClient-1-1] DEBUG o.a.netty.channel.DefaultChannelPool - Entry count for : http://localhost:51894 : 1
11:00:56.928 [AsyncHttpClient-1-1] DEBUG o.a.netty.channel.DefaultChannelPool - Entry count for : http://localhost:63984 : 1
11:00:56.928 [AsyncHttpClient-1-1] DEBUG o.a.netty.channel.DefaultChannelPool - Entry count for : http://localhost:51894 : 1
  &amp#27;[32mThen &amp#27;[0m&amp#27;[32muser should not proceed to Dashboard Page&amp#27;[0m                                                                                     &amp#27;[90m# stepdefinitions.LoginPageSteps.user_should_not_proceed_to_dashboard_page()&amp#27;[0m
11:00:57.279 [main] DEBUG com.pages.LoginPage - verifyErrorMessage: 'The information you entered was not recognized.' 
11:00:57.279 [Forwarding findElement on session cf070861423e5b0e57dd07cfdb76f8cd to remote] DEBUG o.a.netty.request.NettyRequestSender - Using pooled Channel '[id: 0xedbedd30, L:/127.0.0.1:63983 - R:localhost/127.0.0.1:51894]' for 'POST' to 'http://localhost:51894/session/cf070861423e5b0e57dd07cfdb76f8cd/element'
11:00:57.280 [Forwarding findElement on session cf070861423e5b0e57dd07cfdb76f8cd to remote] DEBUG o.a.netty.request.NettyRequestSender - Using open Channel [id: 0xedbedd30, L:/127.0.0.1:63983 - R:localhost/127.0.0.1:51894] for POST '/session/cf070861423e5b0e57dd07cfdb76f8cd/element'
11:00:57.283 [AsyncHttpClient-1-2] DEBUG o.a.netty.handler.HttpHandler - 

Request DefaultHttpRequest(decodeResult: success, version: HTTP/1.1)
POST /session/cf070861423e5b0e57dd07cfdb76f8cd/element HTTP/1.1
User-Agent: selenium/4.1.2 (java windows)
Content-Length: 75
Content-Type: application/json; charset=utf-8
host: localhost:51894
accept: */*

Response DefaultHttpResponse(decodeResult: success, version: HTTP/1.1)
HTTP/1.1 200 OK
Content-Type: application/json; charset=utf-8
cache-control: no-cache
content-length: 88

11:00:57.284 [AsyncHttpClient-1-2] DEBUG o.a.netty.channel.ChannelManager - Adding key: http://localhost:51894 for channel [id: 0xedbedd30, L:/127.0.0.1:63983 - R:localhost/127.0.0.1:51894]
11:00:57.286 [Forwarding isElementDisplayed on session cf070861423e5b0e57dd07cfdb76f8cd to remote] DEBUG o.a.netty.request.NettyRequestSender - Using pooled Channel '[id: 0xedbedd30, L:/127.0.0.1:63983 - R:localhost/127.0.0.1:51894]' for 'POST' to 'http://localhost:51894/session/cf070861423e5b0e57dd07cfdb76f8cd/execute/sync'
11:00:57.286 [Forwarding isElementDisplayed on session cf070861423e5b0e57dd07cfdb76f8cd to remote] DEBUG o.a.netty.request.NettyRequestSender - Using open Channel [id: 0xedbedd30, L:/127.0.0.1:63983 - R:localhost/127.0.0.1:51894] for POST '/session/cf070861423e5b0e57dd07cfdb76f8cd/execute/sync'
11:00:57.294 [AsyncHttpClient-1-2] DEBUG o.a.netty.handler.HttpHandler - 

Request DefaultHttpRequest(decodeResult: success, version: HTTP/1.1)
POST /session/cf070861423e5b0e57dd07cfdb76f8cd/execute/sync HTTP/1.1
User-Agent: selenium/4.1.2 (java windows)
Content-Length: 48780
Content-Type: application/json; charset=utf-8
host: localhost:51894
accept: */*

Response DefaultHttpResponse(decodeResult: success, version: HTTP/1.1)
HTTP/1.1 200 OK
Content-Type: application/json; charset=utf-8
cache-control: no-cache
content-length: 14

11:00:57.294 [AsyncHttpClient-1-2] DEBUG o.a.netty.channel.ChannelManager - Adding key: http://localhost:51894 for channel [id: 0xedbedd30, L:/127.0.0.1:63983 - R:localhost/127.0.0.1:51894]
11:00:57.294 [Forwarding getElementText on session cf070861423e5b0e57dd07cfdb76f8cd to remote] DEBUG o.a.netty.request.NettyRequestSender - Using pooled Channel '[id: 0xedbedd30, L:/127.0.0.1:63983 - R:localhost/127.0.0.1:51894]' for 'GET' to 'http://localhost:51894/session/cf070861423e5b0e57dd07cfdb76f8cd/element/2602b279-dbc3-4692-9e9d-fe38e404e702/text'
11:00:57.295 [Forwarding getElementText on session cf070861423e5b0e57dd07cfdb76f8cd to remote] DEBUG o.a.netty.request.NettyRequestSender - Using open Channel [id: 0xedbedd30, L:/127.0.0.1:63983 - R:localhost/127.0.0.1:51894] for GET '/session/cf070861423e5b0e57dd07cfdb76f8cd/element/2602b279-dbc3-4692-9e9d-fe38e404e702/text'
11:00:57.298 [AsyncHttpClient-1-2] DEBUG o.a.netty.handler.HttpHandler - 

Request DefaultFullHttpRequest(decodeResult: success, version: HTTP/1.1, content: EmptyByteBufBE)
GET /session/cf070861423e5b0e57dd07cfdb76f8cd/element/2602b279-dbc3-4692-9e9d-fe38e404e702/text HTTP/1.1
User-Agent: selenium/4.1.2 (java windows)
Cache-Control: no-cache
Content-Type: application/json; charset=utf-8
host: localhost:51894
accept: */*

Response DefaultHttpResponse(decodeResult: success, version: HTTP/1.1)
HTTP/1.1 200 OK
Content-Type: application/json; charset=utf-8
cache-control: no-cache
content-length: 59

11:00:57.298 [AsyncHttpClient-1-2] DEBUG o.a.netty.channel.ChannelManager - Adding key: http://localhost:51894 for channel [id: 0xedbedd30, L:/127.0.0.1:63983 - R:localhost/127.0.0.1:51894]
11:00:58.028 [AsyncHttpClient-1-1] DEBUG o.a.netty.channel.DefaultChannelPool - Entry count for : http://localhost:63984 : 1
11:00:58.028 [AsyncHttpClient-1-1] DEBUG o.a.netty.channel.DefaultChannelPool - Entry count for : http://localhost:51894 : 1
11:00:59.127 [AsyncHttpClient-1-1] DEBUG o.a.netty.channel.DefaultChannelPool - Entry count for : http://localhost:63984 : 1
11:00:59.127 [AsyncHttpClient-1-1] DEBUG o.a.netty.channel.DefaultChannelPool - Entry count for : http://localhost:51894 : 1
  &amp#27;[32mThen &amp#27;[0m&amp#27;[32muser gets login failed error message&amp#27;[0m                                                                                          &amp#27;[90m# stepdefinitions.LoginPageSteps.user_gets_login_failed_error_message()&amp#27;[0m
11:00:59.302 [main] DEBUG com.pages.drivers.DriversFactory - close the browser
11:00:59.307 [Driver Command Executor] DEBUG o.a.netty.request.NettyRequestSender - Using pooled Channel '[id: 0xedbedd30, L:/127.0.0.1:63983 - R:localhost/127.0.0.1:51894]' for 'DELETE' to 'http://localhost:51894/session/cf070861423e5b0e57dd07cfdb76f8cd'
11:00:59.307 [Driver Command Executor] DEBUG o.a.netty.request.NettyRequestSender - Using open Channel [id: 0xedbedd30, L:/127.0.0.1:63983 - R:localhost/127.0.0.1:51894] for DELETE '/session/cf070861423e5b0e57dd07cfdb76f8cd'
11:00:59.308 [AsyncHttpClient-1-4] DEBUG o.a.netty.handler.WebSocketHandler - Channel Closed: [id: 0x6cafce61, L:/127.0.0.1:63991 ! R:localhost/127.0.0.1:63984] with attribute NettyResponseFuture{currentRetry=5,
	isDone=1,
	isCancelled=0,
	asyncHandler=org.asynchttpclient.ws.WebSocketUpgradeHandler@10b45d3,
	nettyRequest=org.asynchttpclient.netty.request.NettyRequest@78959611,
	future=java.util.concurrent.CompletableFuture@318cf41d[Completed normally],
	uri=ws://localhost:63984/devtools/browser/7165b075-cb87-4b52-8a30-d2f7e5727b38,
	keepAlive=true,
	redirectCount=0,
	timeoutsHolder=null,
	inAuth=0,
	touch=1647831625521}
11:00:59.309 [AsyncHttpClient-1-4] DEBUG o.a.netty.channel.ChannelManager - Closing Channel [id: 0x6cafce61, L:/127.0.0.1:63991 ! R:localhost/127.0.0.1:63984] 
11:00:59.333 [AsyncHttpClient-1-3] DEBUG o.a.netty.handler.HttpHandler - Unexpected I/O exception on channel [id: 0x94e17d27, L:/127.0.0.1:63990 - R:localhost/127.0.0.1:63984]
java.net.SocketException: Connection reset
	at java.base/sun.nio.ch.SocketChannelImpl.throwConnectionReset(SocketChannelImpl.java:367) ~[na:na]
	at java.base/sun.nio.ch.SocketChannelImpl.read(SocketChannelImpl.java:398) ~[na:na]
	at io.netty.buffer.PooledByteBuf.setBytes(PooledByteBuf.java:253) ~[netty-buffer-4.1.70.Final.jar:4.1.70.Final]
	at io.netty.buffer.AbstractByteBuf.writeBytes(AbstractByteBuf.java:1132) ~[netty-buffer-4.1.70.Final.jar:4.1.70.Final]
	at io.netty.channel.socket.nio.NioSocketChannel.doReadBytes(NioSocketChannel.java:350) ~[netty-transport-4.1.70.Final.jar:4.1.70.Final]
	at io.netty.channel.nio.AbstractNioByteChannel$NioByteUnsafe.read(AbstractNioByteChannel.java:151) ~[netty-transport-4.1.70.Final.jar:4.1.70.Final]
	at io.netty.channel.nio.NioEventLoop.processSelectedKey(NioEventLoop.java:719) ~[netty-transport-4.1.70.Final.jar:4.1.70.Final]
	at io.netty.channel.nio.NioEventLoop.processSelectedKeysOptimized(NioEventLoop.java:655) ~[netty-transport-4.1.70.Final.jar:4.1.70.Final]
	at io.netty.channel.nio.NioEventLoop.processSelectedKeys(NioEventLoop.java:581) ~[netty-transport-4.1.70.Final.jar:4.1.70.Final]
	at io.netty.channel.nio.NioEventLoop.run(NioEventLoop.java:493) ~[netty-transport-4.1.70.Final.jar:4.1.70.Final]
	at io.netty.util.concurrent.SingleThreadEventExecutor$4.run(SingleThreadEventExecutor.java:986) ~[netty-common-4.1.70.Final.jar:4.1.70.Final]
	at io.netty.util.internal.ThreadExecutorMap$2.run(ThreadExecutorMap.java:74) ~[netty-common-4.1.70.Final.jar:4.1.70.Final]
	at io.netty.util.concurrent.FastThreadLocalRunnable.run(FastThreadLocalRunnable.java:30) ~[netty-common-4.1.70.Final.jar:4.1.70.Final]
	at java.base/java.lang.Thread.run(Thread.java:832) ~[na:na]
11:00:59.334 [AsyncHttpClient-1-3] DEBUG o.a.netty.channel.ChannelManager - Closing Channel [id: 0x94e17d27, L:/127.0.0.1:63990 - R:localhost/127.0.0.1:63984] 
11:00:59.335 [AsyncHttpClient-1-3] DEBUG o.a.netty.handler.HttpHandler - Channel Closed: [id: 0x94e17d27, L:/127.0.0.1:63990 ! R:localhost/127.0.0.1:63984] with attribute DISCARD
11:00:59.338 [AsyncHttpClient-1-2] DEBUG o.a.netty.handler.HttpHandler - 

Request DefaultFullHttpRequest(decodeResult: success, version: HTTP/1.1, content: EmptyByteBufBE)
DELETE /session/cf070861423e5b0e57dd07cfdb76f8cd HTTP/1.1
User-Agent: selenium/4.1.2 (java windows)
Content-Type: application/json; charset=utf-8
host: localhost:51894
accept: */*

Response DefaultHttpResponse(decodeResult: success, version: HTTP/1.1)
HTTP/1.1 200 OK
Content-Type: application/json; charset=utf-8
cache-control: no-cache
content-length: 14

11:00:59.338 [AsyncHttpClient-1-2] DEBUG o.a.netty.channel.ChannelManager - Adding key: http://localhost:51894 for channel [id: 0xedbedd30, L:/127.0.0.1:63983 - R:localhost/127.0.0.1:51894]
11:00:59.374 [AsyncHttpClient-1-2] DEBUG o.a.netty.handler.HttpHandler - Channel Closed: [id: 0xedbedd30, L:/127.0.0.1:63983 ! R:localhost/127.0.0.1:51894] with attribute DISCARD
11:00:59.908 [main] INFO   - 
  _____   ___   ___   _____     ___     _     ___   ___   ___   ___  
 |_   _| | __| / __| |_   _|   | _ \   /_\   / __| / __| | __| |   \ 
   | |   | _|  \__ \   | |     |  _/  / _ \  \__ \ \__ \ | _|  | |) |
   |_|   |___| |___/   |_|     |_|   /_/ \_\ |___/ |___/ |___| |___/ 

Login fail possible combinations
----------------------------------------------------------------------
]]></system-out>
    <system-err><![CDATA[Starting ChromeDriver 99.0.4844.51 (d537ec02474b5afe23684e7963d538896c63ac77-refs/branch-heads/4844@{#875}) on port 51894
Only local connections are allowed.
Please see https://chromedriver.chromium.org/security-considerations for suggestions on keeping ChromeDriver safe.
ChromeDriver was started successfully.
Mar 21, 2022 11:00:25 AM org.openqa.selenium.remote.ProtocolHandshake createSession
INFO: Detected dialect: W3C
Mar 21, 2022 11:00:25 AM org.openqa.selenium.devtools.CdpVersionFinder findNearestMatch
WARNING: Unable to find an exact match for CDP version 99, so returning the closest version found: 96
Mar 21, 2022 11:00:25 AM org.openqa.selenium.devtools.CdpVersionFinder findNearestMatch
INFO: Found CDP implementation for version 99 of 96
ERROR StatusLogger Log4j2 could not find a logging implementation. Please add log4j-core to the classpath. Using SimpleLogger to log to the console...
]]></system-err>
  </testcase>
  <testcase name="Login to PEGA Site using Author, Manager and User" classname="Validate And Verify Login Page to PEGA Site" time="28.62">
    <system-out><![CDATA[11:00:59.915 [main] INFO  i.c.core.plugin.SerenityReporter - Running feature from file:///Z:/Automation/JavaCucumber/BDD_HCL/CucumberHCL/src/main/resources/AppFeatures/ValidateAndVerifyLoginPage.feature
11:00:59.915 [main] WARN  i.c.core.plugin.SerenityReporter - Feature from file:///Z:/Automation/JavaCucumber/BDD_HCL/CucumberHCL/src/main/resources/AppFeatures/ValidateAndVerifyLoginPage.feature is not under the 'features' directory. Requirements report will not be correctly generated!
11:00:59.918 [main] DEBUG n.thucydides.core.steps.StepEventBus - Test suite started for story net.thucydides.core.model.Story@7f1849ba
11:00:59.918 [main] INFO   - Test Suite Started: Validate And Verify Login Page to PEGA Site

@All @Smoke @Test1
Scenario: Login to PEGA Site using Author, Manager and User                                            &amp#27;[90m# src/main/resources/AppFeatures/ValidateAndVerifyLoginPage.feature:19&amp#27;[0m
11:00:59.936 [main] INFO  i.c.core.plugin.SerenityReporter - Running feature from file:///Z:/Automation/JavaCucumber/BDD_HCL/CucumberHCL/src/main/resources/AppFeatures/ValidateAndVerifyLoginPage.feature
11:00:59.936 [main] WARN  i.c.core.plugin.SerenityReporter - Feature from file:///Z:/Automation/JavaCucumber/BDD_HCL/CucumberHCL/src/main/resources/AppFeatures/ValidateAndVerifyLoginPage.feature is not under the 'features' directory. Requirements report will not be correctly generated!
11:00:59.939 [main] INFO   - 
  _____   ___   ___   _____     ___   _____     _     ___   _____   ___   ___  
 |_   _| | __| / __| |_   _|   / __| |_   _|   /_\   | _ \ |_   _| | __| |   \ 
   | |   | _|  \__ \   | |     \__ \   | |    / _ \  |   /   | |   | _|  | |) |
   |_|   |___| |___/   |_|     |___/   |_|   /_/ \_\ |_|_\   |_|   |___| |___/ 

Login to PEGA Site using Author, Manager and User(validate-and-verify-login-page-to-pega-site;login-to-pega-site-using-author--manager-and-user)
--------------------------------------------------------------------------------
11:00:59.947 [main] DEBUG com.pages.drivers.DriversFactory - Set up Browser
11:00:59.947 [main] DEBUG com.pages.drivers.DriversFactory - Initialize Driver Browser Configuration
11:00:59.947 [main] DEBUG com.pages.drivers.DriversFactory -  Driver Browser : chrome
11:00:59.959 [main] DEBUG i.g.b.wdm.cache.ResolutionCache - Resolution chrome=99 in cache (valid until 11:36:40 21/03/2022 CST)
11:00:59.960 [main] DEBUG i.g.b.wdm.cache.ResolutionCache - Resolution chrome99=99.0.4844.51 in cache (valid until 09:15:22 22/03/2022 CST)
11:00:59.961 [main] INFO  i.g.bonigarcia.wdm.WebDriverManager - Using chromedriver 99.0.4844.51 (resolved driver for Chrome 99)
11:00:59.967 [main] DEBUG i.g.bonigarcia.wdm.WebDriverManager - Driver chromedriver 99.0.4844.51 found in cache
11:00:59.968 [main] INFO  i.g.bonigarcia.wdm.WebDriverManager - Exporting webdriver.chrome.driver as C:\Users\DheyClaveria\.cache\selenium\chromedriver\win32\99.0.4844.51\chromedriver.exe
11:01:00.229 [AsyncHttpClient-1-1] DEBUG o.a.netty.channel.DefaultChannelPool - Entry count for : http://localhost:63984 : 1
11:01:00.229 [AsyncHttpClient-1-1] DEBUG o.a.netty.channel.DefaultChannelPool - Entry count for : http://localhost:51894 : 1
11:01:00.229 [AsyncHttpClient-1-1] DEBUG o.a.netty.channel.DefaultChannelPool - Adding Candidate expired Channel [id: 0x94e17d27, L:/127.0.0.1:63990 ! R:localhost/127.0.0.1:63984] isIdleTimeoutExpired=false isRemotelyClosed=true isTtlExpired=false
11:01:00.229 [AsyncHttpClient-1-1] DEBUG o.a.netty.channel.DefaultChannelPool - Closing Idle Channel [id: 0x94e17d27, L:/127.0.0.1:63990 ! R:localhost/127.0.0.1:63984]
11:01:00.229 [AsyncHttpClient-1-1] DEBUG o.a.netty.channel.DefaultChannelPool - Adding Candidate expired Channel [id: 0xedbedd30, L:/127.0.0.1:63983 ! R:localhost/127.0.0.1:51894] isIdleTimeoutExpired=false isRemotelyClosed=true isTtlExpired=false
11:01:00.229 [AsyncHttpClient-1-1] DEBUG o.a.netty.channel.DefaultChannelPool - Closing Idle Channel [id: 0xedbedd30, L:/127.0.0.1:63983 ! R:localhost/127.0.0.1:51894]
11:01:00.229 [AsyncHttpClient-1-1] DEBUG o.a.netty.channel.DefaultChannelPool - Closed 2 connections out of 2 in 0 ms
11:01:00.496 [AsyncHttpClient-1-5] DEBUG o.a.n.channel.NettyConnectListener - Using new Channel '[id: 0x7ffa651a, L:/127.0.0.1:64012 - R:localhost/127.0.0.1:54111]' for 'POST' to '/session'
11:01:01.048 [AsyncHttpClient-1-5] DEBUG o.a.netty.handler.HttpHandler - 

Request DefaultHttpRequest(decodeResult: success, version: HTTP/1.1)
POST /session HTTP/1.1
User-Agent: selenium/4.1.2 (java windows)
Content-Length: 365
Content-Type: application/json; charset=utf-8
host: localhost:54111
accept: */*

Response DefaultHttpResponse(decodeResult: success, version: HTTP/1.1)
HTTP/1.1 200 OK
Content-Type: application/json; charset=utf-8
cache-control: no-cache
content-length: 795

11:01:01.049 [AsyncHttpClient-1-5] DEBUG o.a.netty.channel.ChannelManager - Adding key: http://localhost:54111 for channel [id: 0x7ffa651a, L:/127.0.0.1:64012 - R:localhost/127.0.0.1:54111]
11:01:01.054 [AsyncHttpClient-1-6] DEBUG o.a.n.channel.NettyConnectListener - Using new Channel '[id: 0x794a9ecf, L:/127.0.0.1:64019 - R:localhost/127.0.0.1:64013]' for 'GET' to '/json/version'
11:01:01.057 [AsyncHttpClient-1-6] DEBUG o.a.netty.handler.HttpHandler - 

Request DefaultFullHttpRequest(decodeResult: success, version: HTTP/1.1, content: EmptyByteBufBE)
GET /json/version HTTP/1.1
User-Agent: selenium/4.1.2 (java windows)
host: localhost:64013
accept: */*

Response DefaultHttpResponse(decodeResult: success, version: HTTP/1.1)
HTTP/1.1 200 OK
Content-Type: application/json; charset=UTF-8
content-length: 423

11:01:01.057 [AsyncHttpClient-1-6] DEBUG o.a.netty.channel.ChannelManager - Adding key: http://localhost:64013 for channel [id: 0x794a9ecf, L:/127.0.0.1:64019 - R:localhost/127.0.0.1:64013]
11:01:01.059 [AsyncHttpClient-1-7] DEBUG o.a.n.channel.NettyConnectListener - Using new Channel '[id: 0x10c5f3cb, L:/127.0.0.1:64020 - R:localhost/127.0.0.1:64013]' for 'GET' to '/devtools/browser/0c0f4b10-2f77-47d6-9bc2-c92f75325397'
11:01:01.062 [AsyncHttpClient-1-7] DEBUG o.a.netty.handler.WebSocketHandler - 

Request DefaultFullHttpRequest(decodeResult: success, version: HTTP/1.1, content: EmptyByteBufBE)
GET /devtools/browser/0c0f4b10-2f77-47d6-9bc2-c92f75325397 HTTP/1.1
upgrade: websocket
connection: upgrade
sec-websocket-key: LFfIwZauk7pZRUmRWTar4Q==
sec-websocket-version: 13
origin: http://localhost:64013
host: localhost:64013
accept: */*
user-agent: AHC/2.1

Response DefaultHttpResponse(decodeResult: success, version: HTTP/1.1)
HTTP/1.1 101 WebSocket Protocol Handshake
Upgrade: WebSocket
Connection: Upgrade
Sec-WebSocket-Accept: nxuUmGPacu5vgHBake8YIvdJTms=

11:01:01.065 [Forwarding deleteAllCookies on session b2179adef5ab5fad8fa631845dd1c22f to remote] DEBUG o.a.netty.request.NettyRequestSender - Using pooled Channel '[id: 0x7ffa651a, L:/127.0.0.1:64012 - R:localhost/127.0.0.1:54111]' for 'DELETE' to 'http://localhost:54111/session/b2179adef5ab5fad8fa631845dd1c22f/cookie'
11:01:01.065 [Forwarding deleteAllCookies on session b2179adef5ab5fad8fa631845dd1c22f to remote] DEBUG o.a.netty.request.NettyRequestSender - Using open Channel [id: 0x7ffa651a, L:/127.0.0.1:64012 - R:localhost/127.0.0.1:54111] for DELETE '/session/b2179adef5ab5fad8fa631845dd1c22f/cookie'
11:01:01.068 [AsyncHttpClient-1-5] DEBUG o.a.netty.handler.HttpHandler - 

Request DefaultFullHttpRequest(decodeResult: success, version: HTTP/1.1, content: EmptyByteBufBE)
DELETE /session/b2179adef5ab5fad8fa631845dd1c22f/cookie HTTP/1.1
User-Agent: selenium/4.1.2 (java windows)
Content-Type: application/json; charset=utf-8
host: localhost:54111
accept: */*

Response DefaultHttpResponse(decodeResult: success, version: HTTP/1.1)
HTTP/1.1 200 OK
Content-Type: application/json; charset=utf-8
cache-control: no-cache
content-length: 14

11:01:01.069 [AsyncHttpClient-1-5] DEBUG o.a.netty.channel.ChannelManager - Adding key: http://localhost:54111 for channel [id: 0x7ffa651a, L:/127.0.0.1:64012 - R:localhost/127.0.0.1:54111]
11:01:01.070 [Forwarding maximizeCurrentWindow on session b2179adef5ab5fad8fa631845dd1c22f to remote] DEBUG o.a.netty.request.NettyRequestSender - Using pooled Channel '[id: 0x7ffa651a, L:/127.0.0.1:64012 - R:localhost/127.0.0.1:54111]' for 'POST' to 'http://localhost:54111/session/b2179adef5ab5fad8fa631845dd1c22f/window/maximize'
11:01:01.070 [Forwarding maximizeCurrentWindow on session b2179adef5ab5fad8fa631845dd1c22f to remote] DEBUG o.a.netty.request.NettyRequestSender - Using open Channel [id: 0x7ffa651a, L:/127.0.0.1:64012 - R:localhost/127.0.0.1:54111] for POST '/session/b2179adef5ab5fad8fa631845dd1c22f/window/maximize'
11:01:01.180 [AsyncHttpClient-1-5] DEBUG o.a.netty.handler.HttpHandler - 

Request DefaultHttpRequest(decodeResult: success, version: HTTP/1.1)
POST /session/b2179adef5ab5fad8fa631845dd1c22f/window/maximize HTTP/1.1
User-Agent: selenium/4.1.2 (java windows)
Content-Length: 3
Content-Type: application/json; charset=utf-8
host: localhost:54111
accept: */*

Response DefaultHttpResponse(decodeResult: success, version: HTTP/1.1)
HTTP/1.1 200 OK
Content-Type: application/json; charset=utf-8
cache-control: no-cache
content-length: 52

11:01:01.180 [AsyncHttpClient-1-5] DEBUG o.a.netty.channel.ChannelManager - Adding key: http://localhost:54111 for channel [id: 0x7ffa651a, L:/127.0.0.1:64012 - R:localhost/127.0.0.1:54111]
11:01:01.184 [Forwarding get on session b2179adef5ab5fad8fa631845dd1c22f to remote] DEBUG o.a.netty.request.NettyRequestSender - Using pooled Channel '[id: 0x7ffa651a, L:/127.0.0.1:64012 - R:localhost/127.0.0.1:54111]' for 'POST' to 'http://localhost:54111/session/b2179adef5ab5fad8fa631845dd1c22f/url'
11:01:01.184 [Forwarding get on session b2179adef5ab5fad8fa631845dd1c22f to remote] DEBUG o.a.netty.request.NettyRequestSender - Using open Channel [id: 0x7ffa651a, L:/127.0.0.1:64012 - R:localhost/127.0.0.1:54111] for POST '/session/b2179adef5ab5fad8fa631845dd1c22f/url'
11:01:01.304 [AsyncHttpClient-1-5] DEBUG o.a.netty.handler.HttpHandler - 

Request DefaultHttpRequest(decodeResult: success, version: HTTP/1.1)
POST /session/b2179adef5ab5fad8fa631845dd1c22f/url HTTP/1.1
User-Agent: selenium/4.1.2 (java windows)
Content-Length: 148
Content-Type: application/json; charset=utf-8
host: localhost:54111
accept: */*

Response DefaultHttpResponse(decodeResult: success, version: HTTP/1.1)
HTTP/1.1 200 OK
Content-Type: application/json; charset=utf-8
cache-control: no-cache
content-length: 14

11:01:01.304 [AsyncHttpClient-1-5] DEBUG o.a.netty.channel.ChannelManager - Adding key: http://localhost:54111 for channel [id: 0x7ffa651a, L:/127.0.0.1:64012 - R:localhost/127.0.0.1:54111]
11:01:01.305 [Forwarding getTitle on session b2179adef5ab5fad8fa631845dd1c22f to remote] DEBUG o.a.netty.request.NettyRequestSender - Using pooled Channel '[id: 0x7ffa651a, L:/127.0.0.1:64012 - R:localhost/127.0.0.1:54111]' for 'GET' to 'http://localhost:54111/session/b2179adef5ab5fad8fa631845dd1c22f/title'
11:01:01.305 [Forwarding getTitle on session b2179adef5ab5fad8fa631845dd1c22f to remote] DEBUG o.a.netty.request.NettyRequestSender - Using open Channel [id: 0x7ffa651a, L:/127.0.0.1:64012 - R:localhost/127.0.0.1:54111] for GET '/session/b2179adef5ab5fad8fa631845dd1c22f/title'
11:01:01.307 [AsyncHttpClient-1-5] DEBUG o.a.netty.handler.HttpHandler - 

Request DefaultFullHttpRequest(decodeResult: success, version: HTTP/1.1, content: EmptyByteBufBE)
GET /session/b2179adef5ab5fad8fa631845dd1c22f/title HTTP/1.1
User-Agent: selenium/4.1.2 (java windows)
Cache-Control: no-cache
Content-Type: application/json; charset=utf-8
host: localhost:54111
accept: */*

Response DefaultHttpResponse(decodeResult: success, version: HTTP/1.1)
HTTP/1.1 200 OK
Content-Type: application/json; charset=utf-8
cache-control: no-cache
content-length: 22

11:01:01.307 [AsyncHttpClient-1-5] DEBUG o.a.netty.channel.ChannelManager - Adding key: http://localhost:54111 for channel [id: 0x7ffa651a, L:/127.0.0.1:64012 - R:localhost/127.0.0.1:54111]
11:01:01.308 [main] DEBUG com.pages.LoginPage - verifyApplication: 'Login Page' 
11:01:01.308 [Forwarding getTitle on session b2179adef5ab5fad8fa631845dd1c22f to remote] DEBUG o.a.netty.request.NettyRequestSender - Using pooled Channel '[id: 0x7ffa651a, L:/127.0.0.1:64012 - R:localhost/127.0.0.1:54111]' for 'GET' to 'http://localhost:54111/session/b2179adef5ab5fad8fa631845dd1c22f/title'
11:01:01.308 [Forwarding getTitle on session b2179adef5ab5fad8fa631845dd1c22f to remote] DEBUG o.a.netty.request.NettyRequestSender - Using open Channel [id: 0x7ffa651a, L:/127.0.0.1:64012 - R:localhost/127.0.0.1:54111] for GET '/session/b2179adef5ab5fad8fa631845dd1c22f/title'
11:01:01.310 [AsyncHttpClient-1-5] DEBUG o.a.netty.handler.HttpHandler - 

Request DefaultFullHttpRequest(decodeResult: success, version: HTTP/1.1, content: EmptyByteBufBE)
GET /session/b2179adef5ab5fad8fa631845dd1c22f/title HTTP/1.1
User-Agent: selenium/4.1.2 (java windows)
Cache-Control: no-cache
Content-Type: application/json; charset=utf-8
host: localhost:54111
accept: */*

Response DefaultHttpResponse(decodeResult: success, version: HTTP/1.1)
HTTP/1.1 200 OK
Content-Type: application/json; charset=utf-8
cache-control: no-cache
content-length: 22

11:01:01.310 [AsyncHttpClient-1-5] DEBUG o.a.netty.channel.ChannelManager - Adding key: http://localhost:54111 for channel [id: 0x7ffa651a, L:/127.0.0.1:64012 - R:localhost/127.0.0.1:54111]
11:01:01.339 [AsyncHttpClient-1-1] DEBUG o.a.netty.channel.DefaultChannelPool - Entry count for : http://localhost:54111 : 1
11:01:01.339 [AsyncHttpClient-1-1] DEBUG o.a.netty.channel.DefaultChannelPool - Entry count for : http://localhost:64013 : 1
11:01:02.433 [AsyncHttpClient-1-1] DEBUG o.a.netty.channel.DefaultChannelPool - Entry count for : http://localhost:54111 : 1
11:01:02.433 [AsyncHttpClient-1-1] DEBUG o.a.netty.channel.DefaultChannelPool - Entry count for : http://localhost:64013 : 1
11:01:03.538 [AsyncHttpClient-1-1] DEBUG o.a.netty.channel.DefaultChannelPool - Entry count for : http://localhost:54111 : 1
11:01:03.538 [AsyncHttpClient-1-1] DEBUG o.a.netty.channel.DefaultChannelPool - Entry count for : http://localhost:64013 : 1
11:01:04.634 [AsyncHttpClient-1-1] DEBUG o.a.netty.channel.DefaultChannelPool - Entry count for : http://localhost:54111 : 1
11:01:04.634 [AsyncHttpClient-1-1] DEBUG o.a.netty.channel.DefaultChannelPool - Entry count for : http://localhost:64013 : 1
11:01:05.738 [AsyncHttpClient-1-1] DEBUG o.a.netty.channel.DefaultChannelPool - Entry count for : http://localhost:54111 : 1
11:01:05.738 [AsyncHttpClient-1-1] DEBUG o.a.netty.channel.DefaultChannelPool - Entry count for : http://localhost:64013 : 1
  &amp#27;[32mGiven &amp#27;[0m&amp#27;[32mthat the user should navigate in PEGA Login Page&amp#27;[0m                                               &amp#27;[90m# stepdefinitions.LoginPageSteps.that_the_user_should_navigate_in_pega_login_page()&amp#27;[0m
11:01:06.313 [main] DEBUG com.pages.LoginPage - verifyPageElements : Current Element = 'By.xpath: //div[@id="credentials"]//div[@class="field user"]//input' 
11:01:06.314 [Forwarding findElement on session b2179adef5ab5fad8fa631845dd1c22f to remote] DEBUG o.a.netty.request.NettyRequestSender - Using pooled Channel '[id: 0x7ffa651a, L:/127.0.0.1:64012 - R:localhost/127.0.0.1:54111]' for 'POST' to 'http://localhost:54111/session/b2179adef5ab5fad8fa631845dd1c22f/element'
11:01:06.314 [Forwarding findElement on session b2179adef5ab5fad8fa631845dd1c22f to remote] DEBUG o.a.netty.request.NettyRequestSender - Using open Channel [id: 0x7ffa651a, L:/127.0.0.1:64012 - R:localhost/127.0.0.1:54111] for POST '/session/b2179adef5ab5fad8fa631845dd1c22f/element'
11:01:06.322 [AsyncHttpClient-1-5] DEBUG o.a.netty.handler.HttpHandler - 

Request DefaultHttpRequest(decodeResult: success, version: HTTP/1.1)
POST /session/b2179adef5ab5fad8fa631845dd1c22f/element HTTP/1.1
User-Agent: selenium/4.1.2 (java windows)
Content-Length: 128
Content-Type: application/json; charset=utf-8
host: localhost:54111
accept: */*

Response DefaultHttpResponse(decodeResult: success, version: HTTP/1.1)
HTTP/1.1 200 OK
Content-Type: application/json; charset=utf-8
cache-control: no-cache
content-length: 88

11:01:06.322 [AsyncHttpClient-1-5] DEBUG o.a.netty.channel.ChannelManager - Adding key: http://localhost:54111 for channel [id: 0x7ffa651a, L:/127.0.0.1:64012 - R:localhost/127.0.0.1:54111]
11:01:06.325 [Forwarding isElementDisplayed on session b2179adef5ab5fad8fa631845dd1c22f to remote] DEBUG o.a.netty.request.NettyRequestSender - Using pooled Channel '[id: 0x7ffa651a, L:/127.0.0.1:64012 - R:localhost/127.0.0.1:54111]' for 'POST' to 'http://localhost:54111/session/b2179adef5ab5fad8fa631845dd1c22f/execute/sync'
11:01:06.325 [Forwarding isElementDisplayed on session b2179adef5ab5fad8fa631845dd1c22f to remote] DEBUG o.a.netty.request.NettyRequestSender - Using open Channel [id: 0x7ffa651a, L:/127.0.0.1:64012 - R:localhost/127.0.0.1:54111] for POST '/session/b2179adef5ab5fad8fa631845dd1c22f/execute/sync'
11:01:06.337 [AsyncHttpClient-1-5] DEBUG o.a.netty.handler.HttpHandler - 

Request DefaultHttpRequest(decodeResult: success, version: HTTP/1.1)
POST /session/b2179adef5ab5fad8fa631845dd1c22f/execute/sync HTTP/1.1
User-Agent: selenium/4.1.2 (java windows)
Content-Length: 48780
Content-Type: application/json; charset=utf-8
host: localhost:54111
accept: */*

Response DefaultHttpResponse(decodeResult: success, version: HTTP/1.1)
HTTP/1.1 200 OK
Content-Type: application/json; charset=utf-8
cache-control: no-cache
content-length: 14

11:01:06.337 [AsyncHttpClient-1-5] DEBUG o.a.netty.channel.ChannelManager - Adding key: http://localhost:54111 for channel [id: 0x7ffa651a, L:/127.0.0.1:64012 - R:localhost/127.0.0.1:54111]
11:01:06.338 [Forwarding findElement on session b2179adef5ab5fad8fa631845dd1c22f to remote] DEBUG o.a.netty.request.NettyRequestSender - Using pooled Channel '[id: 0x7ffa651a, L:/127.0.0.1:64012 - R:localhost/127.0.0.1:54111]' for 'POST' to 'http://localhost:54111/session/b2179adef5ab5fad8fa631845dd1c22f/element'
11:01:06.338 [Forwarding findElement on session b2179adef5ab5fad8fa631845dd1c22f to remote] DEBUG o.a.netty.request.NettyRequestSender - Using open Channel [id: 0x7ffa651a, L:/127.0.0.1:64012 - R:localhost/127.0.0.1:54111] for POST '/session/b2179adef5ab5fad8fa631845dd1c22f/element'
11:01:06.343 [AsyncHttpClient-1-5] DEBUG o.a.netty.handler.HttpHandler - 

Request DefaultHttpRequest(decodeResult: success, version: HTTP/1.1)
POST /session/b2179adef5ab5fad8fa631845dd1c22f/element HTTP/1.1
User-Agent: selenium/4.1.2 (java windows)
Content-Length: 128
Content-Type: application/json; charset=utf-8
host: localhost:54111
accept: */*

Response DefaultHttpResponse(decodeResult: success, version: HTTP/1.1)
HTTP/1.1 200 OK
Content-Type: application/json; charset=utf-8
cache-control: no-cache
content-length: 88

11:01:06.343 [AsyncHttpClient-1-5] DEBUG o.a.netty.channel.ChannelManager - Adding key: http://localhost:54111 for channel [id: 0x7ffa651a, L:/127.0.0.1:64012 - R:localhost/127.0.0.1:54111]
11:01:06.346 [Forwarding isElementDisplayed on session b2179adef5ab5fad8fa631845dd1c22f to remote] DEBUG o.a.netty.request.NettyRequestSender - Using pooled Channel '[id: 0x7ffa651a, L:/127.0.0.1:64012 - R:localhost/127.0.0.1:54111]' for 'POST' to 'http://localhost:54111/session/b2179adef5ab5fad8fa631845dd1c22f/execute/sync'
11:01:06.346 [Forwarding isElementDisplayed on session b2179adef5ab5fad8fa631845dd1c22f to remote] DEBUG o.a.netty.request.NettyRequestSender - Using open Channel [id: 0x7ffa651a, L:/127.0.0.1:64012 - R:localhost/127.0.0.1:54111] for POST '/session/b2179adef5ab5fad8fa631845dd1c22f/execute/sync'
11:01:06.355 [AsyncHttpClient-1-5] DEBUG o.a.netty.handler.HttpHandler - 

Request DefaultHttpRequest(decodeResult: success, version: HTTP/1.1)
POST /session/b2179adef5ab5fad8fa631845dd1c22f/execute/sync HTTP/1.1
User-Agent: selenium/4.1.2 (java windows)
Content-Length: 48780
Content-Type: application/json; charset=utf-8
host: localhost:54111
accept: */*

Response DefaultHttpResponse(decodeResult: success, version: HTTP/1.1)
HTTP/1.1 200 OK
Content-Type: application/json; charset=utf-8
cache-control: no-cache
content-length: 14

11:01:06.355 [AsyncHttpClient-1-5] DEBUG o.a.netty.channel.ChannelManager - Adding key: http://localhost:54111 for channel [id: 0x7ffa651a, L:/127.0.0.1:64012 - R:localhost/127.0.0.1:54111]
11:01:06.356 [Forwarding findElement on session b2179adef5ab5fad8fa631845dd1c22f to remote] DEBUG o.a.netty.request.NettyRequestSender - Using pooled Channel '[id: 0x7ffa651a, L:/127.0.0.1:64012 - R:localhost/127.0.0.1:54111]' for 'POST' to 'http://localhost:54111/session/b2179adef5ab5fad8fa631845dd1c22f/element'
11:01:06.356 [Forwarding findElement on session b2179adef5ab5fad8fa631845dd1c22f to remote] DEBUG o.a.netty.request.NettyRequestSender - Using open Channel [id: 0x7ffa651a, L:/127.0.0.1:64012 - R:localhost/127.0.0.1:54111] for POST '/session/b2179adef5ab5fad8fa631845dd1c22f/element'
11:01:06.361 [AsyncHttpClient-1-5] DEBUG o.a.netty.handler.HttpHandler - 

Request DefaultHttpRequest(decodeResult: success, version: HTTP/1.1)
POST /session/b2179adef5ab5fad8fa631845dd1c22f/element HTTP/1.1
User-Agent: selenium/4.1.2 (java windows)
Content-Length: 128
Content-Type: application/json; charset=utf-8
host: localhost:54111
accept: */*

Response DefaultHttpResponse(decodeResult: success, version: HTTP/1.1)
HTTP/1.1 200 OK
Content-Type: application/json; charset=utf-8
cache-control: no-cache
content-length: 88

11:01:06.361 [AsyncHttpClient-1-5] DEBUG o.a.netty.channel.ChannelManager - Adding key: http://localhost:54111 for channel [id: 0x7ffa651a, L:/127.0.0.1:64012 - R:localhost/127.0.0.1:54111]
11:01:06.362 [Forwarding isElementEnabled on session b2179adef5ab5fad8fa631845dd1c22f to remote] DEBUG o.a.netty.request.NettyRequestSender - Using pooled Channel '[id: 0x7ffa651a, L:/127.0.0.1:64012 - R:localhost/127.0.0.1:54111]' for 'GET' to 'http://localhost:54111/session/b2179adef5ab5fad8fa631845dd1c22f/element/9c6e7d1e-8301-4e81-a602-9e0791e8b516/enabled'
11:01:06.362 [Forwarding isElementEnabled on session b2179adef5ab5fad8fa631845dd1c22f to remote] DEBUG o.a.netty.request.NettyRequestSender - Using open Channel [id: 0x7ffa651a, L:/127.0.0.1:64012 - R:localhost/127.0.0.1:54111] for GET '/session/b2179adef5ab5fad8fa631845dd1c22f/element/9c6e7d1e-8301-4e81-a602-9e0791e8b516/enabled'
11:01:06.367 [AsyncHttpClient-1-5] DEBUG o.a.netty.handler.HttpHandler - 

Request DefaultFullHttpRequest(decodeResult: success, version: HTTP/1.1, content: EmptyByteBufBE)
GET /session/b2179adef5ab5fad8fa631845dd1c22f/element/9c6e7d1e-8301-4e81-a602-9e0791e8b516/enabled HTTP/1.1
User-Agent: selenium/4.1.2 (java windows)
Cache-Control: no-cache
Content-Type: application/json; charset=utf-8
host: localhost:54111
accept: */*

Response DefaultHttpResponse(decodeResult: success, version: HTTP/1.1)
HTTP/1.1 200 OK
Content-Type: application/json; charset=utf-8
cache-control: no-cache
content-length: 14

11:01:06.367 [AsyncHttpClient-1-5] DEBUG o.a.netty.channel.ChannelManager - Adding key: http://localhost:54111 for channel [id: 0x7ffa651a, L:/127.0.0.1:64012 - R:localhost/127.0.0.1:54111]
11:01:06.368 [main] DEBUG com.pages.LoginPage - verifyPageElements : Current Element = 'By.xpath: //div[@id="credentials"]//div[@class="field password"]//input' 
11:01:06.368 [Forwarding findElement on session b2179adef5ab5fad8fa631845dd1c22f to remote] DEBUG o.a.netty.request.NettyRequestSender - Using pooled Channel '[id: 0x7ffa651a, L:/127.0.0.1:64012 - R:localhost/127.0.0.1:54111]' for 'POST' to 'http://localhost:54111/session/b2179adef5ab5fad8fa631845dd1c22f/element'
11:01:06.368 [Forwarding findElement on session b2179adef5ab5fad8fa631845dd1c22f to remote] DEBUG o.a.netty.request.NettyRequestSender - Using open Channel [id: 0x7ffa651a, L:/127.0.0.1:64012 - R:localhost/127.0.0.1:54111] for POST '/session/b2179adef5ab5fad8fa631845dd1c22f/element'
11:01:06.375 [AsyncHttpClient-1-5] DEBUG o.a.netty.handler.HttpHandler - 

Request DefaultHttpRequest(decodeResult: success, version: HTTP/1.1)
POST /session/b2179adef5ab5fad8fa631845dd1c22f/element HTTP/1.1
User-Agent: selenium/4.1.2 (java windows)
Content-Length: 132
Content-Type: application/json; charset=utf-8
host: localhost:54111
accept: */*

Response DefaultHttpResponse(decodeResult: success, version: HTTP/1.1)
HTTP/1.1 200 OK
Content-Type: application/json; charset=utf-8
cache-control: no-cache
content-length: 88

11:01:06.375 [AsyncHttpClient-1-5] DEBUG o.a.netty.channel.ChannelManager - Adding key: http://localhost:54111 for channel [id: 0x7ffa651a, L:/127.0.0.1:64012 - R:localhost/127.0.0.1:54111]
11:01:06.378 [Forwarding isElementDisplayed on session b2179adef5ab5fad8fa631845dd1c22f to remote] DEBUG o.a.netty.request.NettyRequestSender - Using pooled Channel '[id: 0x7ffa651a, L:/127.0.0.1:64012 - R:localhost/127.0.0.1:54111]' for 'POST' to 'http://localhost:54111/session/b2179adef5ab5fad8fa631845dd1c22f/execute/sync'
11:01:06.378 [Forwarding isElementDisplayed on session b2179adef5ab5fad8fa631845dd1c22f to remote] DEBUG o.a.netty.request.NettyRequestSender - Using open Channel [id: 0x7ffa651a, L:/127.0.0.1:64012 - R:localhost/127.0.0.1:54111] for POST '/session/b2179adef5ab5fad8fa631845dd1c22f/execute/sync'
11:01:06.384 [AsyncHttpClient-1-5] DEBUG o.a.netty.handler.HttpHandler - 

Request DefaultHttpRequest(decodeResult: success, version: HTTP/1.1)
POST /session/b2179adef5ab5fad8fa631845dd1c22f/execute/sync HTTP/1.1
User-Agent: selenium/4.1.2 (java windows)
Content-Length: 48780
Content-Type: application/json; charset=utf-8
host: localhost:54111
accept: */*

Response DefaultHttpResponse(decodeResult: success, version: HTTP/1.1)
HTTP/1.1 200 OK
Content-Type: application/json; charset=utf-8
cache-control: no-cache
content-length: 14

11:01:06.384 [AsyncHttpClient-1-5] DEBUG o.a.netty.channel.ChannelManager - Adding key: http://localhost:54111 for channel [id: 0x7ffa651a, L:/127.0.0.1:64012 - R:localhost/127.0.0.1:54111]
11:01:06.385 [Forwarding findElement on session b2179adef5ab5fad8fa631845dd1c22f to remote] DEBUG o.a.netty.request.NettyRequestSender - Using pooled Channel '[id: 0x7ffa651a, L:/127.0.0.1:64012 - R:localhost/127.0.0.1:54111]' for 'POST' to 'http://localhost:54111/session/b2179adef5ab5fad8fa631845dd1c22f/element'
11:01:06.385 [Forwarding findElement on session b2179adef5ab5fad8fa631845dd1c22f to remote] DEBUG o.a.netty.request.NettyRequestSender - Using open Channel [id: 0x7ffa651a, L:/127.0.0.1:64012 - R:localhost/127.0.0.1:54111] for POST '/session/b2179adef5ab5fad8fa631845dd1c22f/element'
11:01:06.389 [AsyncHttpClient-1-5] DEBUG o.a.netty.handler.HttpHandler - 

Request DefaultHttpRequest(decodeResult: success, version: HTTP/1.1)
POST /session/b2179adef5ab5fad8fa631845dd1c22f/element HTTP/1.1
User-Agent: selenium/4.1.2 (java windows)
Content-Length: 132
Content-Type: application/json; charset=utf-8
host: localhost:54111
accept: */*

Response DefaultHttpResponse(decodeResult: success, version: HTTP/1.1)
HTTP/1.1 200 OK
Content-Type: application/json; charset=utf-8
cache-control: no-cache
content-length: 88

11:01:06.389 [AsyncHttpClient-1-5] DEBUG o.a.netty.channel.ChannelManager - Adding key: http://localhost:54111 for channel [id: 0x7ffa651a, L:/127.0.0.1:64012 - R:localhost/127.0.0.1:54111]
11:01:06.391 [Forwarding isElementDisplayed on session b2179adef5ab5fad8fa631845dd1c22f to remote] DEBUG o.a.netty.request.NettyRequestSender - Using pooled Channel '[id: 0x7ffa651a, L:/127.0.0.1:64012 - R:localhost/127.0.0.1:54111]' for 'POST' to 'http://localhost:54111/session/b2179adef5ab5fad8fa631845dd1c22f/execute/sync'
11:01:06.391 [Forwarding isElementDisplayed on session b2179adef5ab5fad8fa631845dd1c22f to remote] DEBUG o.a.netty.request.NettyRequestSender - Using open Channel [id: 0x7ffa651a, L:/127.0.0.1:64012 - R:localhost/127.0.0.1:54111] for POST '/session/b2179adef5ab5fad8fa631845dd1c22f/execute/sync'
11:01:06.397 [AsyncHttpClient-1-5] DEBUG o.a.netty.handler.HttpHandler - 

Request DefaultHttpRequest(decodeResult: success, version: HTTP/1.1)
POST /session/b2179adef5ab5fad8fa631845dd1c22f/execute/sync HTTP/1.1
User-Agent: selenium/4.1.2 (java windows)
Content-Length: 48780
Content-Type: application/json; charset=utf-8
host: localhost:54111
accept: */*

Response DefaultHttpResponse(decodeResult: success, version: HTTP/1.1)
HTTP/1.1 200 OK
Content-Type: application/json; charset=utf-8
cache-control: no-cache
content-length: 14

11:01:06.397 [AsyncHttpClient-1-5] DEBUG o.a.netty.channel.ChannelManager - Adding key: http://localhost:54111 for channel [id: 0x7ffa651a, L:/127.0.0.1:64012 - R:localhost/127.0.0.1:54111]
11:01:06.398 [Forwarding findElement on session b2179adef5ab5fad8fa631845dd1c22f to remote] DEBUG o.a.netty.request.NettyRequestSender - Using pooled Channel '[id: 0x7ffa651a, L:/127.0.0.1:64012 - R:localhost/127.0.0.1:54111]' for 'POST' to 'http://localhost:54111/session/b2179adef5ab5fad8fa631845dd1c22f/element'
11:01:06.398 [Forwarding findElement on session b2179adef5ab5fad8fa631845dd1c22f to remote] DEBUG o.a.netty.request.NettyRequestSender - Using open Channel [id: 0x7ffa651a, L:/127.0.0.1:64012 - R:localhost/127.0.0.1:54111] for POST '/session/b2179adef5ab5fad8fa631845dd1c22f/element'
11:01:06.402 [AsyncHttpClient-1-5] DEBUG o.a.netty.handler.HttpHandler - 

Request DefaultHttpRequest(decodeResult: success, version: HTTP/1.1)
POST /session/b2179adef5ab5fad8fa631845dd1c22f/element HTTP/1.1
User-Agent: selenium/4.1.2 (java windows)
Content-Length: 132
Content-Type: application/json; charset=utf-8
host: localhost:54111
accept: */*

Response DefaultHttpResponse(decodeResult: success, version: HTTP/1.1)
HTTP/1.1 200 OK
Content-Type: application/json; charset=utf-8
cache-control: no-cache
content-length: 88

11:01:06.402 [AsyncHttpClient-1-5] DEBUG o.a.netty.channel.ChannelManager - Adding key: http://localhost:54111 for channel [id: 0x7ffa651a, L:/127.0.0.1:64012 - R:localhost/127.0.0.1:54111]
11:01:06.403 [Forwarding isElementEnabled on session b2179adef5ab5fad8fa631845dd1c22f to remote] DEBUG o.a.netty.request.NettyRequestSender - Using pooled Channel '[id: 0x7ffa651a, L:/127.0.0.1:64012 - R:localhost/127.0.0.1:54111]' for 'GET' to 'http://localhost:54111/session/b2179adef5ab5fad8fa631845dd1c22f/element/cd132359-ec5e-45b7-9209-32f1c81e7ed4/enabled'
11:01:06.403 [Forwarding isElementEnabled on session b2179adef5ab5fad8fa631845dd1c22f to remote] DEBUG o.a.netty.request.NettyRequestSender - Using open Channel [id: 0x7ffa651a, L:/127.0.0.1:64012 - R:localhost/127.0.0.1:54111] for GET '/session/b2179adef5ab5fad8fa631845dd1c22f/element/cd132359-ec5e-45b7-9209-32f1c81e7ed4/enabled'
11:01:06.409 [AsyncHttpClient-1-5] DEBUG o.a.netty.handler.HttpHandler - 

Request DefaultFullHttpRequest(decodeResult: success, version: HTTP/1.1, content: EmptyByteBufBE)
GET /session/b2179adef5ab5fad8fa631845dd1c22f/element/cd132359-ec5e-45b7-9209-32f1c81e7ed4/enabled HTTP/1.1
User-Agent: selenium/4.1.2 (java windows)
Cache-Control: no-cache
Content-Type: application/json; charset=utf-8
host: localhost:54111
accept: */*

Response DefaultHttpResponse(decodeResult: success, version: HTTP/1.1)
HTTP/1.1 200 OK
Content-Type: application/json; charset=utf-8
cache-control: no-cache
content-length: 14

11:01:06.409 [AsyncHttpClient-1-5] DEBUG o.a.netty.channel.ChannelManager - Adding key: http://localhost:54111 for channel [id: 0x7ffa651a, L:/127.0.0.1:64012 - R:localhost/127.0.0.1:54111]
11:01:06.410 [main] DEBUG com.pages.LoginPage - verifyPageElements : Current Element = 'By.xpath: //div[@id="credentials"]//button[contains(@class,"loginButton")]' 
11:01:06.410 [Forwarding findElement on session b2179adef5ab5fad8fa631845dd1c22f to remote] DEBUG o.a.netty.request.NettyRequestSender - Using pooled Channel '[id: 0x7ffa651a, L:/127.0.0.1:64012 - R:localhost/127.0.0.1:54111]' for 'POST' to 'http://localhost:54111/session/b2179adef5ab5fad8fa631845dd1c22f/element'
11:01:06.410 [Forwarding findElement on session b2179adef5ab5fad8fa631845dd1c22f to remote] DEBUG o.a.netty.request.NettyRequestSender - Using open Channel [id: 0x7ffa651a, L:/127.0.0.1:64012 - R:localhost/127.0.0.1:54111] for POST '/session/b2179adef5ab5fad8fa631845dd1c22f/element'
11:01:06.417 [AsyncHttpClient-1-5] DEBUG o.a.netty.handler.HttpHandler - 

Request DefaultHttpRequest(decodeResult: success, version: HTTP/1.1)
POST /session/b2179adef5ab5fad8fa631845dd1c22f/element HTTP/1.1
User-Agent: selenium/4.1.2 (java windows)
Content-Length: 125
Content-Type: application/json; charset=utf-8
host: localhost:54111
accept: */*

Response DefaultHttpResponse(decodeResult: success, version: HTTP/1.1)
HTTP/1.1 200 OK
Content-Type: application/json; charset=utf-8
cache-control: no-cache
content-length: 88

11:01:06.417 [AsyncHttpClient-1-5] DEBUG o.a.netty.channel.ChannelManager - Adding key: http://localhost:54111 for channel [id: 0x7ffa651a, L:/127.0.0.1:64012 - R:localhost/127.0.0.1:54111]
11:01:06.420 [Forwarding isElementDisplayed on session b2179adef5ab5fad8fa631845dd1c22f to remote] DEBUG o.a.netty.request.NettyRequestSender - Using pooled Channel '[id: 0x7ffa651a, L:/127.0.0.1:64012 - R:localhost/127.0.0.1:54111]' for 'POST' to 'http://localhost:54111/session/b2179adef5ab5fad8fa631845dd1c22f/execute/sync'
11:01:06.420 [Forwarding isElementDisplayed on session b2179adef5ab5fad8fa631845dd1c22f to remote] DEBUG o.a.netty.request.NettyRequestSender - Using open Channel [id: 0x7ffa651a, L:/127.0.0.1:64012 - R:localhost/127.0.0.1:54111] for POST '/session/b2179adef5ab5fad8fa631845dd1c22f/execute/sync'
11:01:06.427 [AsyncHttpClient-1-5] DEBUG o.a.netty.handler.HttpHandler - 

Request DefaultHttpRequest(decodeResult: success, version: HTTP/1.1)
POST /session/b2179adef5ab5fad8fa631845dd1c22f/execute/sync HTTP/1.1
User-Agent: selenium/4.1.2 (java windows)
Content-Length: 48780
Content-Type: application/json; charset=utf-8
host: localhost:54111
accept: */*

Response DefaultHttpResponse(decodeResult: success, version: HTTP/1.1)
HTTP/1.1 200 OK
Content-Type: application/json; charset=utf-8
cache-control: no-cache
content-length: 14

11:01:06.427 [AsyncHttpClient-1-5] DEBUG o.a.netty.channel.ChannelManager - Adding key: http://localhost:54111 for channel [id: 0x7ffa651a, L:/127.0.0.1:64012 - R:localhost/127.0.0.1:54111]
11:01:06.428 [Forwarding findElement on session b2179adef5ab5fad8fa631845dd1c22f to remote] DEBUG o.a.netty.request.NettyRequestSender - Using pooled Channel '[id: 0x7ffa651a, L:/127.0.0.1:64012 - R:localhost/127.0.0.1:54111]' for 'POST' to 'http://localhost:54111/session/b2179adef5ab5fad8fa631845dd1c22f/element'
11:01:06.428 [Forwarding findElement on session b2179adef5ab5fad8fa631845dd1c22f to remote] DEBUG o.a.netty.request.NettyRequestSender - Using open Channel [id: 0x7ffa651a, L:/127.0.0.1:64012 - R:localhost/127.0.0.1:54111] for POST '/session/b2179adef5ab5fad8fa631845dd1c22f/element'
11:01:06.432 [AsyncHttpClient-1-5] DEBUG o.a.netty.handler.HttpHandler - 

Request DefaultHttpRequest(decodeResult: success, version: HTTP/1.1)
POST /session/b2179adef5ab5fad8fa631845dd1c22f/element HTTP/1.1
User-Agent: selenium/4.1.2 (java windows)
Content-Length: 125
Content-Type: application/json; charset=utf-8
host: localhost:54111
accept: */*

Response DefaultHttpResponse(decodeResult: success, version: HTTP/1.1)
HTTP/1.1 200 OK
Content-Type: application/json; charset=utf-8
cache-control: no-cache
content-length: 88

11:01:06.433 [AsyncHttpClient-1-5] DEBUG o.a.netty.channel.ChannelManager - Adding key: http://localhost:54111 for channel [id: 0x7ffa651a, L:/127.0.0.1:64012 - R:localhost/127.0.0.1:54111]
11:01:06.435 [Forwarding isElementDisplayed on session b2179adef5ab5fad8fa631845dd1c22f to remote] DEBUG o.a.netty.request.NettyRequestSender - Using pooled Channel '[id: 0x7ffa651a, L:/127.0.0.1:64012 - R:localhost/127.0.0.1:54111]' for 'POST' to 'http://localhost:54111/session/b2179adef5ab5fad8fa631845dd1c22f/execute/sync'
11:01:06.435 [Forwarding isElementDisplayed on session b2179adef5ab5fad8fa631845dd1c22f to remote] DEBUG o.a.netty.request.NettyRequestSender - Using open Channel [id: 0x7ffa651a, L:/127.0.0.1:64012 - R:localhost/127.0.0.1:54111] for POST '/session/b2179adef5ab5fad8fa631845dd1c22f/execute/sync'
11:01:06.442 [AsyncHttpClient-1-5] DEBUG o.a.netty.handler.HttpHandler - 

Request DefaultHttpRequest(decodeResult: success, version: HTTP/1.1)
POST /session/b2179adef5ab5fad8fa631845dd1c22f/execute/sync HTTP/1.1
User-Agent: selenium/4.1.2 (java windows)
Content-Length: 48780
Content-Type: application/json; charset=utf-8
host: localhost:54111
accept: */*

Response DefaultHttpResponse(decodeResult: success, version: HTTP/1.1)
HTTP/1.1 200 OK
Content-Type: application/json; charset=utf-8
cache-control: no-cache
content-length: 14

11:01:06.442 [AsyncHttpClient-1-5] DEBUG o.a.netty.channel.ChannelManager - Adding key: http://localhost:54111 for channel [id: 0x7ffa651a, L:/127.0.0.1:64012 - R:localhost/127.0.0.1:54111]
11:01:06.443 [Forwarding findElement on session b2179adef5ab5fad8fa631845dd1c22f to remote] DEBUG o.a.netty.request.NettyRequestSender - Using pooled Channel '[id: 0x7ffa651a, L:/127.0.0.1:64012 - R:localhost/127.0.0.1:54111]' for 'POST' to 'http://localhost:54111/session/b2179adef5ab5fad8fa631845dd1c22f/element'
11:01:06.443 [Forwarding findElement on session b2179adef5ab5fad8fa631845dd1c22f to remote] DEBUG o.a.netty.request.NettyRequestSender - Using open Channel [id: 0x7ffa651a, L:/127.0.0.1:64012 - R:localhost/127.0.0.1:54111] for POST '/session/b2179adef5ab5fad8fa631845dd1c22f/element'
11:01:06.447 [AsyncHttpClient-1-5] DEBUG o.a.netty.handler.HttpHandler - 

Request DefaultHttpRequest(decodeResult: success, version: HTTP/1.1)
POST /session/b2179adef5ab5fad8fa631845dd1c22f/element HTTP/1.1
User-Agent: selenium/4.1.2 (java windows)
Content-Length: 125
Content-Type: application/json; charset=utf-8
host: localhost:54111
accept: */*

Response DefaultHttpResponse(decodeResult: success, version: HTTP/1.1)
HTTP/1.1 200 OK
Content-Type: application/json; charset=utf-8
cache-control: no-cache
content-length: 88

11:01:06.447 [AsyncHttpClient-1-5] DEBUG o.a.netty.channel.ChannelManager - Adding key: http://localhost:54111 for channel [id: 0x7ffa651a, L:/127.0.0.1:64012 - R:localhost/127.0.0.1:54111]
11:01:06.448 [Forwarding isElementEnabled on session b2179adef5ab5fad8fa631845dd1c22f to remote] DEBUG o.a.netty.request.NettyRequestSender - Using pooled Channel '[id: 0x7ffa651a, L:/127.0.0.1:64012 - R:localhost/127.0.0.1:54111]' for 'GET' to 'http://localhost:54111/session/b2179adef5ab5fad8fa631845dd1c22f/element/83a8164d-fb8f-4a0e-a466-150d74ef2dec/enabled'
11:01:06.448 [Forwarding isElementEnabled on session b2179adef5ab5fad8fa631845dd1c22f to remote] DEBUG o.a.netty.request.NettyRequestSender - Using open Channel [id: 0x7ffa651a, L:/127.0.0.1:64012 - R:localhost/127.0.0.1:54111] for GET '/session/b2179adef5ab5fad8fa631845dd1c22f/element/83a8164d-fb8f-4a0e-a466-150d74ef2dec/enabled'
11:01:06.453 [AsyncHttpClient-1-5] DEBUG o.a.netty.handler.HttpHandler - 

Request DefaultFullHttpRequest(decodeResult: success, version: HTTP/1.1, content: EmptyByteBufBE)
GET /session/b2179adef5ab5fad8fa631845dd1c22f/element/83a8164d-fb8f-4a0e-a466-150d74ef2dec/enabled HTTP/1.1
User-Agent: selenium/4.1.2 (java windows)
Cache-Control: no-cache
Content-Type: application/json; charset=utf-8
host: localhost:54111
accept: */*

Response DefaultHttpResponse(decodeResult: success, version: HTTP/1.1)
HTTP/1.1 200 OK
Content-Type: application/json; charset=utf-8
cache-control: no-cache
content-length: 14

11:01:06.453 [AsyncHttpClient-1-5] DEBUG o.a.netty.channel.ChannelManager - Adding key: http://localhost:54111 for channel [id: 0x7ffa651a, L:/127.0.0.1:64012 - R:localhost/127.0.0.1:54111]
  &amp#27;[32mAnd &amp#27;[0m&amp#27;[32muser verify the Login Page Elements is Visible&amp#27;[0m                                                   &amp#27;[90m# stepdefinitions.LoginPageSteps.user_verify_the_login_page_elements_is_visible()&amp#27;[0m
11:01:06.831 [AsyncHttpClient-1-1] DEBUG o.a.netty.channel.DefaultChannelPool - Entry count for : http://localhost:54111 : 1
11:01:06.831 [AsyncHttpClient-1-1] DEBUG o.a.netty.channel.DefaultChannelPool - Entry count for : http://localhost:64013 : 1
11:01:07.927 [AsyncHttpClient-1-1] DEBUG o.a.netty.channel.DefaultChannelPool - Entry count for : http://localhost:54111 : 1
11:01:07.927 [AsyncHttpClient-1-1] DEBUG o.a.netty.channel.DefaultChannelPool - Entry count for : http://localhost:64013 : 1
11:01:08.459 [main] DEBUG com.pages.LoginPage - enterUserCredentails: username = 'invalidUser' | password = 'InvalidPassword' 
11:01:08.459 [Forwarding findElement on session b2179adef5ab5fad8fa631845dd1c22f to remote] DEBUG o.a.netty.request.NettyRequestSender - Using pooled Channel '[id: 0x7ffa651a, L:/127.0.0.1:64012 - R:localhost/127.0.0.1:54111]' for 'POST' to 'http://localhost:54111/session/b2179adef5ab5fad8fa631845dd1c22f/element'
11:01:08.459 [Forwarding findElement on session b2179adef5ab5fad8fa631845dd1c22f to remote] DEBUG o.a.netty.request.NettyRequestSender - Using open Channel [id: 0x7ffa651a, L:/127.0.0.1:64012 - R:localhost/127.0.0.1:54111] for POST '/session/b2179adef5ab5fad8fa631845dd1c22f/element'
11:01:08.464 [AsyncHttpClient-1-5] DEBUG o.a.netty.handler.HttpHandler - 

Request DefaultHttpRequest(decodeResult: success, version: HTTP/1.1)
POST /session/b2179adef5ab5fad8fa631845dd1c22f/element HTTP/1.1
User-Agent: selenium/4.1.2 (java windows)
Content-Length: 128
Content-Type: application/json; charset=utf-8
host: localhost:54111
accept: */*

Response DefaultHttpResponse(decodeResult: success, version: HTTP/1.1)
HTTP/1.1 200 OK
Content-Type: application/json; charset=utf-8
cache-control: no-cache
content-length: 88

11:01:08.464 [AsyncHttpClient-1-5] DEBUG o.a.netty.channel.ChannelManager - Adding key: http://localhost:54111 for channel [id: 0x7ffa651a, L:/127.0.0.1:64012 - R:localhost/127.0.0.1:54111]
11:01:08.465 [Forwarding sendKeysToElement on session b2179adef5ab5fad8fa631845dd1c22f to remote] DEBUG o.a.netty.request.NettyRequestSender - Using pooled Channel '[id: 0x7ffa651a, L:/127.0.0.1:64012 - R:localhost/127.0.0.1:54111]' for 'POST' to 'http://localhost:54111/session/b2179adef5ab5fad8fa631845dd1c22f/element/9c6e7d1e-8301-4e81-a602-9e0791e8b516/value'
11:01:08.466 [Forwarding sendKeysToElement on session b2179adef5ab5fad8fa631845dd1c22f to remote] DEBUG o.a.netty.request.NettyRequestSender - Using open Channel [id: 0x7ffa651a, L:/127.0.0.1:64012 - R:localhost/127.0.0.1:54111] for POST '/session/b2179adef5ab5fad8fa631845dd1c22f/element/9c6e7d1e-8301-4e81-a602-9e0791e8b516/value'
11:01:08.488 [AsyncHttpClient-1-5] DEBUG o.a.netty.handler.HttpHandler - 

Request DefaultHttpRequest(decodeResult: success, version: HTTP/1.1)
POST /session/b2179adef5ab5fad8fa631845dd1c22f/element/9c6e7d1e-8301-4e81-a602-9e0791e8b516/value HTTP/1.1
User-Agent: selenium/4.1.2 (java windows)
Content-Length: 191
Content-Type: application/json; charset=utf-8
host: localhost:54111
accept: */*

Response DefaultHttpResponse(decodeResult: success, version: HTTP/1.1)
HTTP/1.1 200 OK
Content-Type: application/json; charset=utf-8
cache-control: no-cache
content-length: 14

11:01:08.488 [AsyncHttpClient-1-5] DEBUG o.a.netty.channel.ChannelManager - Adding key: http://localhost:54111 for channel [id: 0x7ffa651a, L:/127.0.0.1:64012 - R:localhost/127.0.0.1:54111]
11:01:08.489 [Forwarding findElement on session b2179adef5ab5fad8fa631845dd1c22f to remote] DEBUG o.a.netty.request.NettyRequestSender - Using pooled Channel '[id: 0x7ffa651a, L:/127.0.0.1:64012 - R:localhost/127.0.0.1:54111]' for 'POST' to 'http://localhost:54111/session/b2179adef5ab5fad8fa631845dd1c22f/element'
11:01:08.489 [Forwarding findElement on session b2179adef5ab5fad8fa631845dd1c22f to remote] DEBUG o.a.netty.request.NettyRequestSender - Using open Channel [id: 0x7ffa651a, L:/127.0.0.1:64012 - R:localhost/127.0.0.1:54111] for POST '/session/b2179adef5ab5fad8fa631845dd1c22f/element'
11:01:08.493 [AsyncHttpClient-1-5] DEBUG o.a.netty.handler.HttpHandler - 

Request DefaultHttpRequest(decodeResult: success, version: HTTP/1.1)
POST /session/b2179adef5ab5fad8fa631845dd1c22f/element HTTP/1.1
User-Agent: selenium/4.1.2 (java windows)
Content-Length: 132
Content-Type: application/json; charset=utf-8
host: localhost:54111
accept: */*

Response DefaultHttpResponse(decodeResult: success, version: HTTP/1.1)
HTTP/1.1 200 OK
Content-Type: application/json; charset=utf-8
cache-control: no-cache
content-length: 88

11:01:08.493 [AsyncHttpClient-1-5] DEBUG o.a.netty.channel.ChannelManager - Adding key: http://localhost:54111 for channel [id: 0x7ffa651a, L:/127.0.0.1:64012 - R:localhost/127.0.0.1:54111]
11:01:08.494 [Forwarding sendKeysToElement on session b2179adef5ab5fad8fa631845dd1c22f to remote] DEBUG o.a.netty.request.NettyRequestSender - Using pooled Channel '[id: 0x7ffa651a, L:/127.0.0.1:64012 - R:localhost/127.0.0.1:54111]' for 'POST' to 'http://localhost:54111/session/b2179adef5ab5fad8fa631845dd1c22f/element/cd132359-ec5e-45b7-9209-32f1c81e7ed4/value'
11:01:08.494 [Forwarding sendKeysToElement on session b2179adef5ab5fad8fa631845dd1c22f to remote] DEBUG o.a.netty.request.NettyRequestSender - Using open Channel [id: 0x7ffa651a, L:/127.0.0.1:64012 - R:localhost/127.0.0.1:54111] for POST '/session/b2179adef5ab5fad8fa631845dd1c22f/element/cd132359-ec5e-45b7-9209-32f1c81e7ed4/value'
11:01:08.523 [AsyncHttpClient-1-5] DEBUG o.a.netty.handler.HttpHandler - 

Request DefaultHttpRequest(decodeResult: success, version: HTTP/1.1)
POST /session/b2179adef5ab5fad8fa631845dd1c22f/element/cd132359-ec5e-45b7-9209-32f1c81e7ed4/value HTTP/1.1
User-Agent: selenium/4.1.2 (java windows)
Content-Length: 231
Content-Type: application/json; charset=utf-8
host: localhost:54111
accept: */*

Response DefaultHttpResponse(decodeResult: success, version: HTTP/1.1)
HTTP/1.1 200 OK
Content-Type: application/json; charset=utf-8
cache-control: no-cache
content-length: 14

11:01:08.523 [AsyncHttpClient-1-5] DEBUG o.a.netty.channel.ChannelManager - Adding key: http://localhost:54111 for channel [id: 0x7ffa651a, L:/127.0.0.1:64012 - R:localhost/127.0.0.1:54111]
11:01:08.524 [Forwarding findElement on session b2179adef5ab5fad8fa631845dd1c22f to remote] DEBUG o.a.netty.request.NettyRequestSender - Using pooled Channel '[id: 0x7ffa651a, L:/127.0.0.1:64012 - R:localhost/127.0.0.1:54111]' for 'POST' to 'http://localhost:54111/session/b2179adef5ab5fad8fa631845dd1c22f/element'
11:01:08.524 [Forwarding findElement on session b2179adef5ab5fad8fa631845dd1c22f to remote] DEBUG o.a.netty.request.NettyRequestSender - Using open Channel [id: 0x7ffa651a, L:/127.0.0.1:64012 - R:localhost/127.0.0.1:54111] for POST '/session/b2179adef5ab5fad8fa631845dd1c22f/element'
11:01:08.529 [AsyncHttpClient-1-5] DEBUG o.a.netty.handler.HttpHandler - 

Request DefaultHttpRequest(decodeResult: success, version: HTTP/1.1)
POST /session/b2179adef5ab5fad8fa631845dd1c22f/element HTTP/1.1
User-Agent: selenium/4.1.2 (java windows)
Content-Length: 125
Content-Type: application/json; charset=utf-8
host: localhost:54111
accept: */*

Response DefaultHttpResponse(decodeResult: success, version: HTTP/1.1)
HTTP/1.1 200 OK
Content-Type: application/json; charset=utf-8
cache-control: no-cache
content-length: 88

11:01:08.529 [AsyncHttpClient-1-5] DEBUG o.a.netty.channel.ChannelManager - Adding key: http://localhost:54111 for channel [id: 0x7ffa651a, L:/127.0.0.1:64012 - R:localhost/127.0.0.1:54111]
11:01:08.530 [Forwarding clickElement on session b2179adef5ab5fad8fa631845dd1c22f to remote] DEBUG o.a.netty.request.NettyRequestSender - Using pooled Channel '[id: 0x7ffa651a, L:/127.0.0.1:64012 - R:localhost/127.0.0.1:54111]' for 'POST' to 'http://localhost:54111/session/b2179adef5ab5fad8fa631845dd1c22f/element/83a8164d-fb8f-4a0e-a466-150d74ef2dec/click'
11:01:08.530 [Forwarding clickElement on session b2179adef5ab5fad8fa631845dd1c22f to remote] DEBUG o.a.netty.request.NettyRequestSender - Using open Channel [id: 0x7ffa651a, L:/127.0.0.1:64012 - R:localhost/127.0.0.1:54111] for POST '/session/b2179adef5ab5fad8fa631845dd1c22f/element/83a8164d-fb8f-4a0e-a466-150d74ef2dec/click'
11:01:08.580 [AsyncHttpClient-1-5] DEBUG o.a.netty.handler.HttpHandler - 

Request DefaultHttpRequest(decodeResult: success, version: HTTP/1.1)
POST /session/b2179adef5ab5fad8fa631845dd1c22f/element/83a8164d-fb8f-4a0e-a466-150d74ef2dec/click HTTP/1.1
User-Agent: selenium/4.1.2 (java windows)
Content-Length: 50
Content-Type: application/json; charset=utf-8
host: localhost:54111
accept: */*

Response DefaultHttpResponse(decodeResult: success, version: HTTP/1.1)
HTTP/1.1 200 OK
Content-Type: application/json; charset=utf-8
cache-control: no-cache
content-length: 14

11:01:08.580 [AsyncHttpClient-1-5] DEBUG o.a.netty.channel.ChannelManager - Adding key: http://localhost:54111 for channel [id: 0x7ffa651a, L:/127.0.0.1:64012 - R:localhost/127.0.0.1:54111]
11:01:08.580 [main] DEBUG com.pages.LoginPage - verifyErrorMessage: 'The information you entered was not recognized.' 
11:01:08.581 [Forwarding findElement on session b2179adef5ab5fad8fa631845dd1c22f to remote] DEBUG o.a.netty.request.NettyRequestSender - Using pooled Channel '[id: 0x7ffa651a, L:/127.0.0.1:64012 - R:localhost/127.0.0.1:54111]' for 'POST' to 'http://localhost:54111/session/b2179adef5ab5fad8fa631845dd1c22f/element'
11:01:08.581 [Forwarding findElement on session b2179adef5ab5fad8fa631845dd1c22f to remote] DEBUG o.a.netty.request.NettyRequestSender - Using open Channel [id: 0x7ffa651a, L:/127.0.0.1:64012 - R:localhost/127.0.0.1:54111] for POST '/session/b2179adef5ab5fad8fa631845dd1c22f/element'
11:01:08.588 [AsyncHttpClient-1-5] DEBUG o.a.netty.handler.HttpHandler - 

Request DefaultHttpRequest(decodeResult: success, version: HTTP/1.1)
POST /session/b2179adef5ab5fad8fa631845dd1c22f/element HTTP/1.1
User-Agent: selenium/4.1.2 (java windows)
Content-Length: 75
Content-Type: application/json; charset=utf-8
host: localhost:54111
accept: */*

Response DefaultHttpResponse(decodeResult: success, version: HTTP/1.1)
HTTP/1.1 200 OK
Content-Type: application/json; charset=utf-8
cache-control: no-cache
content-length: 88

11:01:08.588 [AsyncHttpClient-1-5] DEBUG o.a.netty.channel.ChannelManager - Adding key: http://localhost:54111 for channel [id: 0x7ffa651a, L:/127.0.0.1:64012 - R:localhost/127.0.0.1:54111]
11:01:08.591 [Forwarding isElementDisplayed on session b2179adef5ab5fad8fa631845dd1c22f to remote] DEBUG o.a.netty.request.NettyRequestSender - Using pooled Channel '[id: 0x7ffa651a, L:/127.0.0.1:64012 - R:localhost/127.0.0.1:54111]' for 'POST' to 'http://localhost:54111/session/b2179adef5ab5fad8fa631845dd1c22f/execute/sync'
11:01:08.591 [Forwarding isElementDisplayed on session b2179adef5ab5fad8fa631845dd1c22f to remote] DEBUG o.a.netty.request.NettyRequestSender - Using open Channel [id: 0x7ffa651a, L:/127.0.0.1:64012 - R:localhost/127.0.0.1:54111] for POST '/session/b2179adef5ab5fad8fa631845dd1c22f/execute/sync'
11:01:08.601 [AsyncHttpClient-1-5] DEBUG o.a.netty.handler.HttpHandler - 

Request DefaultHttpRequest(decodeResult: success, version: HTTP/1.1)
POST /session/b2179adef5ab5fad8fa631845dd1c22f/execute/sync HTTP/1.1
User-Agent: selenium/4.1.2 (java windows)
Content-Length: 48780
Content-Type: application/json; charset=utf-8
host: localhost:54111
accept: */*

Response DefaultHttpResponse(decodeResult: success, version: HTTP/1.1)
HTTP/1.1 200 OK
Content-Type: application/json; charset=utf-8
cache-control: no-cache
content-length: 15

11:01:08.601 [AsyncHttpClient-1-5] DEBUG o.a.netty.channel.ChannelManager - Adding key: http://localhost:54111 for channel [id: 0x7ffa651a, L:/127.0.0.1:64012 - R:localhost/127.0.0.1:54111]
11:01:09.028 [AsyncHttpClient-1-1] DEBUG o.a.netty.channel.DefaultChannelPool - Entry count for : http://localhost:54111 : 1
11:01:09.028 [AsyncHttpClient-1-1] DEBUG o.a.netty.channel.DefaultChannelPool - Entry count for : http://localhost:64013 : 1
11:01:09.106 [Forwarding findElement on session b2179adef5ab5fad8fa631845dd1c22f to remote] DEBUG o.a.netty.request.NettyRequestSender - Using pooled Channel '[id: 0x7ffa651a, L:/127.0.0.1:64012 - R:localhost/127.0.0.1:54111]' for 'POST' to 'http://localhost:54111/session/b2179adef5ab5fad8fa631845dd1c22f/element'
11:01:09.107 [Forwarding findElement on session b2179adef5ab5fad8fa631845dd1c22f to remote] DEBUG o.a.netty.request.NettyRequestSender - Using open Channel [id: 0x7ffa651a, L:/127.0.0.1:64012 - R:localhost/127.0.0.1:54111] for POST '/session/b2179adef5ab5fad8fa631845dd1c22f/element'
11:01:09.111 [AsyncHttpClient-1-5] DEBUG o.a.netty.handler.HttpHandler - 

Request DefaultHttpRequest(decodeResult: success, version: HTTP/1.1)
POST /session/b2179adef5ab5fad8fa631845dd1c22f/element HTTP/1.1
User-Agent: selenium/4.1.2 (java windows)
Content-Length: 75
Content-Type: application/json; charset=utf-8
host: localhost:54111
accept: */*

Response DefaultHttpResponse(decodeResult: success, version: HTTP/1.1)
HTTP/1.1 200 OK
Content-Type: application/json; charset=utf-8
cache-control: no-cache
content-length: 88

11:01:09.111 [AsyncHttpClient-1-5] DEBUG o.a.netty.channel.ChannelManager - Adding key: http://localhost:54111 for channel [id: 0x7ffa651a, L:/127.0.0.1:64012 - R:localhost/127.0.0.1:54111]
11:01:09.114 [Forwarding isElementDisplayed on session b2179adef5ab5fad8fa631845dd1c22f to remote] DEBUG o.a.netty.request.NettyRequestSender - Using pooled Channel '[id: 0x7ffa651a, L:/127.0.0.1:64012 - R:localhost/127.0.0.1:54111]' for 'POST' to 'http://localhost:54111/session/b2179adef5ab5fad8fa631845dd1c22f/execute/sync'
11:01:09.114 [Forwarding isElementDisplayed on session b2179adef5ab5fad8fa631845dd1c22f to remote] DEBUG o.a.netty.request.NettyRequestSender - Using open Channel [id: 0x7ffa651a, L:/127.0.0.1:64012 - R:localhost/127.0.0.1:54111] for POST '/session/b2179adef5ab5fad8fa631845dd1c22f/execute/sync'
11:01:09.119 [AsyncHttpClient-1-5] DEBUG o.a.netty.handler.HttpHandler - 

Request DefaultHttpRequest(decodeResult: success, version: HTTP/1.1)
POST /session/b2179adef5ab5fad8fa631845dd1c22f/execute/sync HTTP/1.1
User-Agent: selenium/4.1.2 (java windows)
Content-Length: 48780
Content-Type: application/json; charset=utf-8
host: localhost:54111
accept: */*

Response DefaultHttpResponse(decodeResult: success, version: HTTP/1.1)
HTTP/1.1 200 OK
Content-Type: application/json; charset=utf-8
cache-control: no-cache
content-length: 14

11:01:09.119 [AsyncHttpClient-1-5] DEBUG o.a.netty.channel.ChannelManager - Adding key: http://localhost:54111 for channel [id: 0x7ffa651a, L:/127.0.0.1:64012 - R:localhost/127.0.0.1:54111]
11:01:09.120 [Forwarding getElementText on session b2179adef5ab5fad8fa631845dd1c22f to remote] DEBUG o.a.netty.request.NettyRequestSender - Using pooled Channel '[id: 0x7ffa651a, L:/127.0.0.1:64012 - R:localhost/127.0.0.1:54111]' for 'GET' to 'http://localhost:54111/session/b2179adef5ab5fad8fa631845dd1c22f/element/b6babeba-d41e-40cf-ae22-e9308b942d53/text'
11:01:09.120 [Forwarding getElementText on session b2179adef5ab5fad8fa631845dd1c22f to remote] DEBUG o.a.netty.request.NettyRequestSender - Using open Channel [id: 0x7ffa651a, L:/127.0.0.1:64012 - R:localhost/127.0.0.1:54111] for GET '/session/b2179adef5ab5fad8fa631845dd1c22f/element/b6babeba-d41e-40cf-ae22-e9308b942d53/text'
11:01:09.129 [AsyncHttpClient-1-5] DEBUG o.a.netty.handler.HttpHandler - 

Request DefaultFullHttpRequest(decodeResult: success, version: HTTP/1.1, content: EmptyByteBufBE)
GET /session/b2179adef5ab5fad8fa631845dd1c22f/element/b6babeba-d41e-40cf-ae22-e9308b942d53/text HTTP/1.1
User-Agent: selenium/4.1.2 (java windows)
Cache-Control: no-cache
Content-Type: application/json; charset=utf-8
host: localhost:54111
accept: */*

Response DefaultHttpResponse(decodeResult: success, version: HTTP/1.1)
HTTP/1.1 200 OK
Content-Type: application/json; charset=utf-8
cache-control: no-cache
content-length: 59

11:01:09.129 [AsyncHttpClient-1-5] DEBUG o.a.netty.channel.ChannelManager - Adding key: http://localhost:54111 for channel [id: 0x7ffa651a, L:/127.0.0.1:64012 - R:localhost/127.0.0.1:54111]
11:01:10.137 [AsyncHttpClient-1-1] DEBUG o.a.netty.channel.DefaultChannelPool - Entry count for : http://localhost:54111 : 1
11:01:10.137 [AsyncHttpClient-1-1] DEBUG o.a.netty.channel.DefaultChannelPool - Entry count for : http://localhost:64013 : 1
  &amp#27;[32mWhen &amp#27;[0m&amp#27;[32muser login using invalid credentials with username &amp#27;[0m&amp#27;[32m&amp#27;[1m"invalidUser"&amp#27;[0m&amp#27;[32m and password &amp#27;[0m&amp#27;[32m&amp#27;[1m"InvalidPassword"&amp#27;[0m &amp#27;[90m# stepdefinitions.LoginPageSteps.user_login_using_invalid_credentials_with_username_and_password(java.lang.String,java.lang.String)&amp#27;[0m
11:01:11.139 [Forwarding getTitle on session b2179adef5ab5fad8fa631845dd1c22f to remote] DEBUG o.a.netty.request.NettyRequestSender - Using pooled Channel '[id: 0x7ffa651a, L:/127.0.0.1:64012 - R:localhost/127.0.0.1:54111]' for 'GET' to 'http://localhost:54111/session/b2179adef5ab5fad8fa631845dd1c22f/title'
11:01:11.139 [Forwarding getTitle on session b2179adef5ab5fad8fa631845dd1c22f to remote] DEBUG o.a.netty.request.NettyRequestSender - Using open Channel [id: 0x7ffa651a, L:/127.0.0.1:64012 - R:localhost/127.0.0.1:54111] for GET '/session/b2179adef5ab5fad8fa631845dd1c22f/title'
11:01:11.142 [AsyncHttpClient-1-5] DEBUG o.a.netty.handler.HttpHandler - 

Request DefaultFullHttpRequest(decodeResult: success, version: HTTP/1.1, content: EmptyByteBufBE)
GET /session/b2179adef5ab5fad8fa631845dd1c22f/title HTTP/1.1
User-Agent: selenium/4.1.2 (java windows)
Cache-Control: no-cache
Content-Type: application/json; charset=utf-8
host: localhost:54111
accept: */*

Response DefaultHttpResponse(decodeResult: success, version: HTTP/1.1)
HTTP/1.1 200 OK
Content-Type: application/json; charset=utf-8
cache-control: no-cache
content-length: 22

11:01:11.142 [AsyncHttpClient-1-5] DEBUG o.a.netty.channel.ChannelManager - Adding key: http://localhost:54111 for channel [id: 0x7ffa651a, L:/127.0.0.1:64012 - R:localhost/127.0.0.1:54111]
11:01:11.143 [main] DEBUG com.pages.LoginPage - verifyApplication: 'Login Page' 
11:01:11.143 [Forwarding getTitle on session b2179adef5ab5fad8fa631845dd1c22f to remote] DEBUG o.a.netty.request.NettyRequestSender - Using pooled Channel '[id: 0x7ffa651a, L:/127.0.0.1:64012 - R:localhost/127.0.0.1:54111]' for 'GET' to 'http://localhost:54111/session/b2179adef5ab5fad8fa631845dd1c22f/title'
11:01:11.143 [Forwarding getTitle on session b2179adef5ab5fad8fa631845dd1c22f to remote] DEBUG o.a.netty.request.NettyRequestSender - Using open Channel [id: 0x7ffa651a, L:/127.0.0.1:64012 - R:localhost/127.0.0.1:54111] for GET '/session/b2179adef5ab5fad8fa631845dd1c22f/title'
11:01:11.145 [AsyncHttpClient-1-5] DEBUG o.a.netty.handler.HttpHandler - 

Request DefaultFullHttpRequest(decodeResult: success, version: HTTP/1.1, content: EmptyByteBufBE)
GET /session/b2179adef5ab5fad8fa631845dd1c22f/title HTTP/1.1
User-Agent: selenium/4.1.2 (java windows)
Cache-Control: no-cache
Content-Type: application/json; charset=utf-8
host: localhost:54111
accept: */*

Response DefaultHttpResponse(decodeResult: success, version: HTTP/1.1)
HTTP/1.1 200 OK
Content-Type: application/json; charset=utf-8
cache-control: no-cache
content-length: 22

11:01:11.145 [AsyncHttpClient-1-5] DEBUG o.a.netty.channel.ChannelManager - Adding key: http://localhost:54111 for channel [id: 0x7ffa651a, L:/127.0.0.1:64012 - R:localhost/127.0.0.1:54111]
11:01:11.233 [AsyncHttpClient-1-1] DEBUG o.a.netty.channel.DefaultChannelPool - Entry count for : http://localhost:54111 : 1
11:01:11.233 [AsyncHttpClient-1-1] DEBUG o.a.netty.channel.DefaultChannelPool - Entry count for : http://localhost:64013 : 1
11:01:12.335 [AsyncHttpClient-1-1] DEBUG o.a.netty.channel.DefaultChannelPool - Entry count for : http://localhost:54111 : 1
11:01:12.335 [AsyncHttpClient-1-1] DEBUG o.a.netty.channel.DefaultChannelPool - Entry count for : http://localhost:64013 : 1
11:01:13.432 [AsyncHttpClient-1-1] DEBUG o.a.netty.channel.DefaultChannelPool - Entry count for : http://localhost:54111 : 1
11:01:13.432 [AsyncHttpClient-1-1] DEBUG o.a.netty.channel.DefaultChannelPool - Entry count for : http://localhost:64013 : 1
11:01:14.531 [AsyncHttpClient-1-1] DEBUG o.a.netty.channel.DefaultChannelPool - Entry count for : http://localhost:54111 : 1
11:01:14.531 [AsyncHttpClient-1-1] DEBUG o.a.netty.channel.DefaultChannelPool - Entry count for : http://localhost:64013 : 1
11:01:15.624 [AsyncHttpClient-1-1] DEBUG o.a.netty.channel.DefaultChannelPool - Entry count for : http://localhost:54111 : 1
11:01:15.624 [AsyncHttpClient-1-1] DEBUG o.a.netty.channel.DefaultChannelPool - Entry count for : http://localhost:64013 : 1
11:01:16.157 [main] DEBUG com.pages.LoginPage - verifyErrorMessage: 'The information you entered was not recognized.' 
11:01:16.157 [Forwarding findElement on session b2179adef5ab5fad8fa631845dd1c22f to remote] DEBUG o.a.netty.request.NettyRequestSender - Using pooled Channel '[id: 0x7ffa651a, L:/127.0.0.1:64012 - R:localhost/127.0.0.1:54111]' for 'POST' to 'http://localhost:54111/session/b2179adef5ab5fad8fa631845dd1c22f/element'
11:01:16.157 [Forwarding findElement on session b2179adef5ab5fad8fa631845dd1c22f to remote] DEBUG o.a.netty.request.NettyRequestSender - Using open Channel [id: 0x7ffa651a, L:/127.0.0.1:64012 - R:localhost/127.0.0.1:54111] for POST '/session/b2179adef5ab5fad8fa631845dd1c22f/element'
11:01:16.161 [AsyncHttpClient-1-5] DEBUG o.a.netty.handler.HttpHandler - 

Request DefaultHttpRequest(decodeResult: success, version: HTTP/1.1)
POST /session/b2179adef5ab5fad8fa631845dd1c22f/element HTTP/1.1
User-Agent: selenium/4.1.2 (java windows)
Content-Length: 75
Content-Type: application/json; charset=utf-8
host: localhost:54111
accept: */*

Response DefaultHttpResponse(decodeResult: success, version: HTTP/1.1)
HTTP/1.1 200 OK
Content-Type: application/json; charset=utf-8
cache-control: no-cache
content-length: 88

11:01:16.162 [AsyncHttpClient-1-5] DEBUG o.a.netty.channel.ChannelManager - Adding key: http://localhost:54111 for channel [id: 0x7ffa651a, L:/127.0.0.1:64012 - R:localhost/127.0.0.1:54111]
11:01:16.164 [Forwarding isElementDisplayed on session b2179adef5ab5fad8fa631845dd1c22f to remote] DEBUG o.a.netty.request.NettyRequestSender - Using pooled Channel '[id: 0x7ffa651a, L:/127.0.0.1:64012 - R:localhost/127.0.0.1:54111]' for 'POST' to 'http://localhost:54111/session/b2179adef5ab5fad8fa631845dd1c22f/execute/sync'
11:01:16.164 [Forwarding isElementDisplayed on session b2179adef5ab5fad8fa631845dd1c22f to remote] DEBUG o.a.netty.request.NettyRequestSender - Using open Channel [id: 0x7ffa651a, L:/127.0.0.1:64012 - R:localhost/127.0.0.1:54111] for POST '/session/b2179adef5ab5fad8fa631845dd1c22f/execute/sync'
11:01:16.169 [AsyncHttpClient-1-5] DEBUG o.a.netty.handler.HttpHandler - 

Request DefaultHttpRequest(decodeResult: success, version: HTTP/1.1)
POST /session/b2179adef5ab5fad8fa631845dd1c22f/execute/sync HTTP/1.1
User-Agent: selenium/4.1.2 (java windows)
Content-Length: 48780
Content-Type: application/json; charset=utf-8
host: localhost:54111
accept: */*

Response DefaultHttpResponse(decodeResult: success, version: HTTP/1.1)
HTTP/1.1 200 OK
Content-Type: application/json; charset=utf-8
cache-control: no-cache
content-length: 14

11:01:16.169 [AsyncHttpClient-1-5] DEBUG o.a.netty.channel.ChannelManager - Adding key: http://localhost:54111 for channel [id: 0x7ffa651a, L:/127.0.0.1:64012 - R:localhost/127.0.0.1:54111]
11:01:16.169 [Forwarding getElementText on session b2179adef5ab5fad8fa631845dd1c22f to remote] DEBUG o.a.netty.request.NettyRequestSender - Using pooled Channel '[id: 0x7ffa651a, L:/127.0.0.1:64012 - R:localhost/127.0.0.1:54111]' for 'GET' to 'http://localhost:54111/session/b2179adef5ab5fad8fa631845dd1c22f/element/b6babeba-d41e-40cf-ae22-e9308b942d53/text'
11:01:16.169 [Forwarding getElementText on session b2179adef5ab5fad8fa631845dd1c22f to remote] DEBUG o.a.netty.request.NettyRequestSender - Using open Channel [id: 0x7ffa651a, L:/127.0.0.1:64012 - R:localhost/127.0.0.1:54111] for GET '/session/b2179adef5ab5fad8fa631845dd1c22f/element/b6babeba-d41e-40cf-ae22-e9308b942d53/text'
11:01:16.174 [AsyncHttpClient-1-5] DEBUG o.a.netty.handler.HttpHandler - 

Request DefaultFullHttpRequest(decodeResult: success, version: HTTP/1.1, content: EmptyByteBufBE)
GET /session/b2179adef5ab5fad8fa631845dd1c22f/element/b6babeba-d41e-40cf-ae22-e9308b942d53/text HTTP/1.1
User-Agent: selenium/4.1.2 (java windows)
Cache-Control: no-cache
Content-Type: application/json; charset=utf-8
host: localhost:54111
accept: */*

Response DefaultHttpResponse(decodeResult: success, version: HTTP/1.1)
HTTP/1.1 200 OK
Content-Type: application/json; charset=utf-8
cache-control: no-cache
content-length: 59

11:01:16.174 [AsyncHttpClient-1-5] DEBUG o.a.netty.channel.ChannelManager - Adding key: http://localhost:54111 for channel [id: 0x7ffa651a, L:/127.0.0.1:64012 - R:localhost/127.0.0.1:54111]
11:01:16.739 [AsyncHttpClient-1-1] DEBUG o.a.netty.channel.DefaultChannelPool - Entry count for : http://localhost:54111 : 1
11:01:16.739 [AsyncHttpClient-1-1] DEBUG o.a.netty.channel.DefaultChannelPool - Entry count for : http://localhost:64013 : 1
11:01:17.835 [AsyncHttpClient-1-1] DEBUG o.a.netty.channel.DefaultChannelPool - Entry count for : http://localhost:54111 : 1
11:01:17.835 [AsyncHttpClient-1-1] DEBUG o.a.netty.channel.DefaultChannelPool - Entry count for : http://localhost:64013 : 1
  &amp#27;[32mThen &amp#27;[0m&amp#27;[32muser should not proceed to Dashboard Page&amp#27;[0m                                                       &amp#27;[90m# stepdefinitions.LoginPageSteps.user_should_not_proceed_to_dashboard_page()&amp#27;[0m
11:01:18.184 [main] DEBUG stepdefinitions.LoginPageSteps - List of User: [{username=author@vrbank, password=pega123!, titlePage=Pega Dev Studio}]
author@vrbanke.get("username")
11:01:18.925 [AsyncHttpClient-1-1] DEBUG o.a.netty.channel.DefaultChannelPool - Entry count for : http://localhost:54111 : 1
11:01:18.925 [AsyncHttpClient-1-1] DEBUG o.a.netty.channel.DefaultChannelPool - Entry count for : http://localhost:64013 : 1
11:01:20.028 [AsyncHttpClient-1-1] DEBUG o.a.netty.channel.DefaultChannelPool - Entry count for : http://localhost:54111 : 1
11:01:20.028 [AsyncHttpClient-1-1] DEBUG o.a.netty.channel.DefaultChannelPool - Entry count for : http://localhost:64013 : 1
11:01:20.189 [main] DEBUG com.pages.LoginPage - enterUserCredentails: username = 'author@vrbank' | password = 'pega123!' 
11:01:20.189 [Forwarding findElement on session b2179adef5ab5fad8fa631845dd1c22f to remote] DEBUG o.a.netty.request.NettyRequestSender - Using pooled Channel '[id: 0x7ffa651a, L:/127.0.0.1:64012 - R:localhost/127.0.0.1:54111]' for 'POST' to 'http://localhost:54111/session/b2179adef5ab5fad8fa631845dd1c22f/element'
11:01:20.189 [Forwarding findElement on session b2179adef5ab5fad8fa631845dd1c22f to remote] DEBUG o.a.netty.request.NettyRequestSender - Using open Channel [id: 0x7ffa651a, L:/127.0.0.1:64012 - R:localhost/127.0.0.1:54111] for POST '/session/b2179adef5ab5fad8fa631845dd1c22f/element'
11:01:20.193 [AsyncHttpClient-1-5] DEBUG o.a.netty.handler.HttpHandler - 

Request DefaultHttpRequest(decodeResult: success, version: HTTP/1.1)
POST /session/b2179adef5ab5fad8fa631845dd1c22f/element HTTP/1.1
User-Agent: selenium/4.1.2 (java windows)
Content-Length: 128
Content-Type: application/json; charset=utf-8
host: localhost:54111
accept: */*

Response DefaultHttpResponse(decodeResult: success, version: HTTP/1.1)
HTTP/1.1 200 OK
Content-Type: application/json; charset=utf-8
cache-control: no-cache
content-length: 88

11:01:20.193 [AsyncHttpClient-1-5] DEBUG o.a.netty.channel.ChannelManager - Adding key: http://localhost:54111 for channel [id: 0x7ffa651a, L:/127.0.0.1:64012 - R:localhost/127.0.0.1:54111]
11:01:20.194 [Forwarding sendKeysToElement on session b2179adef5ab5fad8fa631845dd1c22f to remote] DEBUG o.a.netty.request.NettyRequestSender - Using pooled Channel '[id: 0x7ffa651a, L:/127.0.0.1:64012 - R:localhost/127.0.0.1:54111]' for 'POST' to 'http://localhost:54111/session/b2179adef5ab5fad8fa631845dd1c22f/element/f9bc27a6-c761-45b4-8089-cce9e060871f/value'
11:01:20.194 [Forwarding sendKeysToElement on session b2179adef5ab5fad8fa631845dd1c22f to remote] DEBUG o.a.netty.request.NettyRequestSender - Using open Channel [id: 0x7ffa651a, L:/127.0.0.1:64012 - R:localhost/127.0.0.1:54111] for POST '/session/b2179adef5ab5fad8fa631845dd1c22f/element/f9bc27a6-c761-45b4-8089-cce9e060871f/value'
11:01:20.213 [AsyncHttpClient-1-5] DEBUG o.a.netty.handler.HttpHandler - 

Request DefaultHttpRequest(decodeResult: success, version: HTTP/1.1)
POST /session/b2179adef5ab5fad8fa631845dd1c22f/element/f9bc27a6-c761-45b4-8089-cce9e060871f/value HTTP/1.1
User-Agent: selenium/4.1.2 (java windows)
Content-Length: 211
Content-Type: application/json; charset=utf-8
host: localhost:54111
accept: */*

Response DefaultHttpResponse(decodeResult: success, version: HTTP/1.1)
HTTP/1.1 200 OK
Content-Type: application/json; charset=utf-8
cache-control: no-cache
content-length: 14

11:01:20.213 [AsyncHttpClient-1-5] DEBUG o.a.netty.channel.ChannelManager - Adding key: http://localhost:54111 for channel [id: 0x7ffa651a, L:/127.0.0.1:64012 - R:localhost/127.0.0.1:54111]
11:01:20.214 [Forwarding findElement on session b2179adef5ab5fad8fa631845dd1c22f to remote] DEBUG o.a.netty.request.NettyRequestSender - Using pooled Channel '[id: 0x7ffa651a, L:/127.0.0.1:64012 - R:localhost/127.0.0.1:54111]' for 'POST' to 'http://localhost:54111/session/b2179adef5ab5fad8fa631845dd1c22f/element'
11:01:20.214 [Forwarding findElement on session b2179adef5ab5fad8fa631845dd1c22f to remote] DEBUG o.a.netty.request.NettyRequestSender - Using open Channel [id: 0x7ffa651a, L:/127.0.0.1:64012 - R:localhost/127.0.0.1:54111] for POST '/session/b2179adef5ab5fad8fa631845dd1c22f/element'
11:01:20.218 [AsyncHttpClient-1-5] DEBUG o.a.netty.handler.HttpHandler - 

Request DefaultHttpRequest(decodeResult: success, version: HTTP/1.1)
POST /session/b2179adef5ab5fad8fa631845dd1c22f/element HTTP/1.1
User-Agent: selenium/4.1.2 (java windows)
Content-Length: 132
Content-Type: application/json; charset=utf-8
host: localhost:54111
accept: */*

Response DefaultHttpResponse(decodeResult: success, version: HTTP/1.1)
HTTP/1.1 200 OK
Content-Type: application/json; charset=utf-8
cache-control: no-cache
content-length: 88

11:01:20.218 [AsyncHttpClient-1-5] DEBUG o.a.netty.channel.ChannelManager - Adding key: http://localhost:54111 for channel [id: 0x7ffa651a, L:/127.0.0.1:64012 - R:localhost/127.0.0.1:54111]
11:01:20.219 [Forwarding sendKeysToElement on session b2179adef5ab5fad8fa631845dd1c22f to remote] DEBUG o.a.netty.request.NettyRequestSender - Using pooled Channel '[id: 0x7ffa651a, L:/127.0.0.1:64012 - R:localhost/127.0.0.1:54111]' for 'POST' to 'http://localhost:54111/session/b2179adef5ab5fad8fa631845dd1c22f/element/d99f6dad-dd0b-4aa3-9720-216e23c1f541/value'
11:01:20.219 [Forwarding sendKeysToElement on session b2179adef5ab5fad8fa631845dd1c22f to remote] DEBUG o.a.netty.request.NettyRequestSender - Using open Channel [id: 0x7ffa651a, L:/127.0.0.1:64012 - R:localhost/127.0.0.1:54111] for POST '/session/b2179adef5ab5fad8fa631845dd1c22f/element/d99f6dad-dd0b-4aa3-9720-216e23c1f541/value'
11:01:20.246 [AsyncHttpClient-1-5] DEBUG o.a.netty.handler.HttpHandler - 

Request DefaultHttpRequest(decodeResult: success, version: HTTP/1.1)
POST /session/b2179adef5ab5fad8fa631845dd1c22f/element/d99f6dad-dd0b-4aa3-9720-216e23c1f541/value HTTP/1.1
User-Agent: selenium/4.1.2 (java windows)
Content-Length: 161
Content-Type: application/json; charset=utf-8
host: localhost:54111
accept: */*

Response DefaultHttpResponse(decodeResult: success, version: HTTP/1.1)
HTTP/1.1 200 OK
Content-Type: application/json; charset=utf-8
cache-control: no-cache
content-length: 14

11:01:20.246 [AsyncHttpClient-1-5] DEBUG o.a.netty.channel.ChannelManager - Adding key: http://localhost:54111 for channel [id: 0x7ffa651a, L:/127.0.0.1:64012 - R:localhost/127.0.0.1:54111]
11:01:20.247 [Forwarding findElement on session b2179adef5ab5fad8fa631845dd1c22f to remote] DEBUG o.a.netty.request.NettyRequestSender - Using pooled Channel '[id: 0x7ffa651a, L:/127.0.0.1:64012 - R:localhost/127.0.0.1:54111]' for 'POST' to 'http://localhost:54111/session/b2179adef5ab5fad8fa631845dd1c22f/element'
11:01:20.247 [Forwarding findElement on session b2179adef5ab5fad8fa631845dd1c22f to remote] DEBUG o.a.netty.request.NettyRequestSender - Using open Channel [id: 0x7ffa651a, L:/127.0.0.1:64012 - R:localhost/127.0.0.1:54111] for POST '/session/b2179adef5ab5fad8fa631845dd1c22f/element'
11:01:20.254 [AsyncHttpClient-1-5] DEBUG o.a.netty.handler.HttpHandler - 

Request DefaultHttpRequest(decodeResult: success, version: HTTP/1.1)
POST /session/b2179adef5ab5fad8fa631845dd1c22f/element HTTP/1.1
User-Agent: selenium/4.1.2 (java windows)
Content-Length: 125
Content-Type: application/json; charset=utf-8
host: localhost:54111
accept: */*

Response DefaultHttpResponse(decodeResult: success, version: HTTP/1.1)
HTTP/1.1 200 OK
Content-Type: application/json; charset=utf-8
cache-control: no-cache
content-length: 88

11:01:20.254 [AsyncHttpClient-1-5] DEBUG o.a.netty.channel.ChannelManager - Adding key: http://localhost:54111 for channel [id: 0x7ffa651a, L:/127.0.0.1:64012 - R:localhost/127.0.0.1:54111]
11:01:20.255 [Forwarding clickElement on session b2179adef5ab5fad8fa631845dd1c22f to remote] DEBUG o.a.netty.request.NettyRequestSender - Using pooled Channel '[id: 0x7ffa651a, L:/127.0.0.1:64012 - R:localhost/127.0.0.1:54111]' for 'POST' to 'http://localhost:54111/session/b2179adef5ab5fad8fa631845dd1c22f/element/360feac4-6a8b-4957-86e8-3a4d7e59c181/click'
11:01:20.255 [Forwarding clickElement on session b2179adef5ab5fad8fa631845dd1c22f to remote] DEBUG o.a.netty.request.NettyRequestSender - Using open Channel [id: 0x7ffa651a, L:/127.0.0.1:64012 - R:localhost/127.0.0.1:54111] for POST '/session/b2179adef5ab5fad8fa631845dd1c22f/element/360feac4-6a8b-4957-86e8-3a4d7e59c181/click'
11:01:21.131 [AsyncHttpClient-1-1] DEBUG o.a.netty.channel.DefaultChannelPool - Entry count for : http://localhost:64013 : 1
11:01:22.238 [AsyncHttpClient-1-1] DEBUG o.a.netty.channel.DefaultChannelPool - Entry count for : http://localhost:64013 : 1
11:01:22.836 [AsyncHttpClient-1-5] DEBUG o.a.netty.handler.HttpHandler - 

Request DefaultHttpRequest(decodeResult: success, version: HTTP/1.1)
POST /session/b2179adef5ab5fad8fa631845dd1c22f/element/360feac4-6a8b-4957-86e8-3a4d7e59c181/click HTTP/1.1
User-Agent: selenium/4.1.2 (java windows)
Content-Length: 50
Content-Type: application/json; charset=utf-8
host: localhost:54111
accept: */*

Response DefaultHttpResponse(decodeResult: success, version: HTTP/1.1)
HTTP/1.1 200 OK
Content-Type: application/json; charset=utf-8
cache-control: no-cache
content-length: 14

11:01:22.836 [AsyncHttpClient-1-5] DEBUG o.a.netty.channel.ChannelManager - Adding key: http://localhost:54111 for channel [id: 0x7ffa651a, L:/127.0.0.1:64012 - R:localhost/127.0.0.1:54111]
  &amp#27;[32mWhen &amp#27;[0m&amp#27;[32muser login using valid credentials&amp#27;[0m                                                              &amp#27;[90m# stepdefinitions.LoginPageSteps.user_login_using_valid_credentials(io.cucumber.datatable.DataTable)&amp#27;[0m
    | username      | password | titlePage       |
    | author@vrbank | pega123! | Pega Dev Studio |
11:01:22.843 [Forwarding getTitle on session b2179adef5ab5fad8fa631845dd1c22f to remote] DEBUG o.a.netty.request.NettyRequestSender - Using pooled Channel '[id: 0x7ffa651a, L:/127.0.0.1:64012 - R:localhost/127.0.0.1:54111]' for 'GET' to 'http://localhost:54111/session/b2179adef5ab5fad8fa631845dd1c22f/title'
11:01:22.844 [Forwarding getTitle on session b2179adef5ab5fad8fa631845dd1c22f to remote] DEBUG o.a.netty.request.NettyRequestSender - Using open Channel [id: 0x7ffa651a, L:/127.0.0.1:64012 - R:localhost/127.0.0.1:54111] for GET '/session/b2179adef5ab5fad8fa631845dd1c22f/title'
11:01:22.913 [AsyncHttpClient-1-5] DEBUG o.a.netty.handler.HttpHandler - 

Request DefaultFullHttpRequest(decodeResult: success, version: HTTP/1.1, content: EmptyByteBufBE)
GET /session/b2179adef5ab5fad8fa631845dd1c22f/title HTTP/1.1
User-Agent: selenium/4.1.2 (java windows)
Cache-Control: no-cache
Content-Type: application/json; charset=utf-8
host: localhost:54111
accept: */*

Response DefaultHttpResponse(decodeResult: success, version: HTTP/1.1)
HTTP/1.1 200 OK
Content-Type: application/json; charset=utf-8
cache-control: no-cache
content-length: 27

11:01:22.914 [AsyncHttpClient-1-5] DEBUG o.a.netty.channel.ChannelManager - Adding key: http://localhost:54111 for channel [id: 0x7ffa651a, L:/127.0.0.1:64012 - R:localhost/127.0.0.1:54111]
11:01:22.915 [main] DEBUG com.pages.LoginPage - verifyApplication: 'Pega Dev Studio' 
11:01:22.915 [Forwarding getTitle on session b2179adef5ab5fad8fa631845dd1c22f to remote] DEBUG o.a.netty.request.NettyRequestSender - Using pooled Channel '[id: 0x7ffa651a, L:/127.0.0.1:64012 - R:localhost/127.0.0.1:54111]' for 'GET' to 'http://localhost:54111/session/b2179adef5ab5fad8fa631845dd1c22f/title'
11:01:22.915 [Forwarding getTitle on session b2179adef5ab5fad8fa631845dd1c22f to remote] DEBUG o.a.netty.request.NettyRequestSender - Using open Channel [id: 0x7ffa651a, L:/127.0.0.1:64012 - R:localhost/127.0.0.1:54111] for GET '/session/b2179adef5ab5fad8fa631845dd1c22f/title'
11:01:22.921 [AsyncHttpClient-1-5] DEBUG o.a.netty.handler.HttpHandler - 

Request DefaultFullHttpRequest(decodeResult: success, version: HTTP/1.1, content: EmptyByteBufBE)
GET /session/b2179adef5ab5fad8fa631845dd1c22f/title HTTP/1.1
User-Agent: selenium/4.1.2 (java windows)
Cache-Control: no-cache
Content-Type: application/json; charset=utf-8
host: localhost:54111
accept: */*

Response DefaultHttpResponse(decodeResult: success, version: HTTP/1.1)
HTTP/1.1 200 OK
Content-Type: application/json; charset=utf-8
cache-control: no-cache
content-length: 27

11:01:22.921 [AsyncHttpClient-1-5] DEBUG o.a.netty.channel.ChannelManager - Adding key: http://localhost:54111 for channel [id: 0x7ffa651a, L:/127.0.0.1:64012 - R:localhost/127.0.0.1:54111]
11:01:23.334 [AsyncHttpClient-1-1] DEBUG o.a.netty.channel.DefaultChannelPool - Entry count for : http://localhost:54111 : 1
11:01:23.334 [AsyncHttpClient-1-1] DEBUG o.a.netty.channel.DefaultChannelPool - Entry count for : http://localhost:64013 : 1
11:01:24.425 [AsyncHttpClient-1-1] DEBUG o.a.netty.channel.DefaultChannelPool - Entry count for : http://localhost:54111 : 1
11:01:24.425 [AsyncHttpClient-1-1] DEBUG o.a.netty.channel.DefaultChannelPool - Entry count for : http://localhost:64013 : 1
11:01:25.525 [AsyncHttpClient-1-1] DEBUG o.a.netty.channel.DefaultChannelPool - Entry count for : http://localhost:54111 : 1
11:01:25.525 [AsyncHttpClient-1-1] DEBUG o.a.netty.channel.DefaultChannelPool - Entry count for : http://localhost:64013 : 1
11:01:26.625 [AsyncHttpClient-1-1] DEBUG o.a.netty.channel.DefaultChannelPool - Entry count for : http://localhost:54111 : 1
11:01:26.625 [AsyncHttpClient-1-1] DEBUG o.a.netty.channel.DefaultChannelPool - Entry count for : http://localhost:64013 : 1
11:01:27.726 [AsyncHttpClient-1-1] DEBUG o.a.netty.channel.DefaultChannelPool - Entry count for : http://localhost:54111 : 1
11:01:27.726 [AsyncHttpClient-1-1] DEBUG o.a.netty.channel.DefaultChannelPool - Entry count for : http://localhost:64013 : 1
  &amp#27;[32mThen &amp#27;[0m&amp#27;[32muser should proceed to Dashboard Page&amp#27;[0m                                                           &amp#27;[90m# stepdefinitions.LoginPageSteps.user_should_proceed_to_dashboard_page()&amp#27;[0m
11:01:27.933 [main] DEBUG com.pages.drivers.DriversFactory - close the browser
11:01:27.934 [AsyncHttpClient-1-7] DEBUG o.a.netty.handler.WebSocketHandler - Channel Closed: [id: 0x10c5f3cb, L:/127.0.0.1:64020 ! R:localhost/127.0.0.1:64013] with attribute NettyResponseFuture{currentRetry=5,
	isDone=1,
	isCancelled=0,
	asyncHandler=org.asynchttpclient.ws.WebSocketUpgradeHandler@46b37618,
	nettyRequest=org.asynchttpclient.netty.request.NettyRequest@3b1e0aa,
	future=java.util.concurrent.CompletableFuture@17050de9[Completed normally],
	uri=ws://localhost:64013/devtools/browser/0c0f4b10-2f77-47d6-9bc2-c92f75325397,
	keepAlive=true,
	redirectCount=0,
	timeoutsHolder=null,
	inAuth=0,
	touch=1647831661062}
11:01:27.934 [AsyncHttpClient-1-7] DEBUG o.a.netty.channel.ChannelManager - Closing Channel [id: 0x10c5f3cb, L:/127.0.0.1:64020 ! R:localhost/127.0.0.1:64013] 
11:01:27.934 [Driver Command Executor] DEBUG o.a.netty.request.NettyRequestSender - Using pooled Channel '[id: 0x7ffa651a, L:/127.0.0.1:64012 - R:localhost/127.0.0.1:54111]' for 'DELETE' to 'http://localhost:54111/session/b2179adef5ab5fad8fa631845dd1c22f'
11:01:27.934 [Driver Command Executor] DEBUG o.a.netty.request.NettyRequestSender - Using open Channel [id: 0x7ffa651a, L:/127.0.0.1:64012 - R:localhost/127.0.0.1:54111] for DELETE '/session/b2179adef5ab5fad8fa631845dd1c22f'
11:01:27.955 [AsyncHttpClient-1-6] DEBUG o.a.netty.handler.HttpHandler - Unexpected I/O exception on channel [id: 0x794a9ecf, L:/127.0.0.1:64019 - R:localhost/127.0.0.1:64013]
java.net.SocketException: Connection reset
	at java.base/sun.nio.ch.SocketChannelImpl.throwConnectionReset(SocketChannelImpl.java:367) ~[na:na]
	at java.base/sun.nio.ch.SocketChannelImpl.read(SocketChannelImpl.java:398) ~[na:na]
	at io.netty.buffer.PooledByteBuf.setBytes(PooledByteBuf.java:253) ~[netty-buffer-4.1.70.Final.jar:4.1.70.Final]
	at io.netty.buffer.AbstractByteBuf.writeBytes(AbstractByteBuf.java:1132) ~[netty-buffer-4.1.70.Final.jar:4.1.70.Final]
	at io.netty.channel.socket.nio.NioSocketChannel.doReadBytes(NioSocketChannel.java:350) ~[netty-transport-4.1.70.Final.jar:4.1.70.Final]
	at io.netty.channel.nio.AbstractNioByteChannel$NioByteUnsafe.read(AbstractNioByteChannel.java:151) ~[netty-transport-4.1.70.Final.jar:4.1.70.Final]
	at io.netty.channel.nio.NioEventLoop.processSelectedKey(NioEventLoop.java:719) ~[netty-transport-4.1.70.Final.jar:4.1.70.Final]
	at io.netty.channel.nio.NioEventLoop.processSelectedKeysOptimized(NioEventLoop.java:655) ~[netty-transport-4.1.70.Final.jar:4.1.70.Final]
	at io.netty.channel.nio.NioEventLoop.processSelectedKeys(NioEventLoop.java:581) ~[netty-transport-4.1.70.Final.jar:4.1.70.Final]
	at io.netty.channel.nio.NioEventLoop.run(NioEventLoop.java:493) ~[netty-transport-4.1.70.Final.jar:4.1.70.Final]
	at io.netty.util.concurrent.SingleThreadEventExecutor$4.run(SingleThreadEventExecutor.java:986) ~[netty-common-4.1.70.Final.jar:4.1.70.Final]
	at io.netty.util.internal.ThreadExecutorMap$2.run(ThreadExecutorMap.java:74) ~[netty-common-4.1.70.Final.jar:4.1.70.Final]
	at io.netty.util.concurrent.FastThreadLocalRunnable.run(FastThreadLocalRunnable.java:30) ~[netty-common-4.1.70.Final.jar:4.1.70.Final]
	at java.base/java.lang.Thread.run(Thread.java:832) ~[na:na]
11:01:27.955 [AsyncHttpClient-1-6] DEBUG o.a.netty.channel.ChannelManager - Closing Channel [id: 0x794a9ecf, L:/127.0.0.1:64019 - R:localhost/127.0.0.1:64013] 
11:01:27.955 [AsyncHttpClient-1-6] DEBUG o.a.netty.handler.HttpHandler - Channel Closed: [id: 0x794a9ecf, L:/127.0.0.1:64019 ! R:localhost/127.0.0.1:64013] with attribute DISCARD
11:01:27.966 [AsyncHttpClient-1-5] DEBUG o.a.netty.handler.HttpHandler - 

Request DefaultFullHttpRequest(decodeResult: success, version: HTTP/1.1, content: EmptyByteBufBE)
DELETE /session/b2179adef5ab5fad8fa631845dd1c22f HTTP/1.1
User-Agent: selenium/4.1.2 (java windows)
Content-Type: application/json; charset=utf-8
host: localhost:54111
accept: */*

Response DefaultHttpResponse(decodeResult: success, version: HTTP/1.1)
HTTP/1.1 200 OK
Content-Type: application/json; charset=utf-8
cache-control: no-cache
content-length: 14

11:01:27.966 [AsyncHttpClient-1-5] DEBUG o.a.netty.channel.ChannelManager - Adding key: http://localhost:54111 for channel [id: 0x7ffa651a, L:/127.0.0.1:64012 - R:localhost/127.0.0.1:54111]
11:01:28.012 [AsyncHttpClient-1-5] DEBUG o.a.netty.handler.HttpHandler - Channel Closed: [id: 0x7ffa651a, L:/127.0.0.1:64012 ! R:localhost/127.0.0.1:54111] with attribute DISCARD
11:01:28.540 [main] INFO   - 
  _____   ___   ___   _____     ___     _     ___   ___   ___   ___  
 |_   _| | __| / __| |_   _|   | _ \   /_\   / __| / __| | __| |   \ 
   | |   | _|  \__ \   | |     |  _/  / _ \  \__ \ \__ \ | _|  | |) |
   |_|   |___| |___/   |_|     |_|   /_/ \_\ |___/ |___/ |___| |___/ 

Login to PEGA Site using Author, Manager and User
----------------------------------------------------------------------
]]></system-out>
    <system-err><![CDATA[Starting ChromeDriver 99.0.4844.51 (d537ec02474b5afe23684e7963d538896c63ac77-refs/branch-heads/4844@{#875}) on port 54111
Only local connections are allowed.
Please see https://chromedriver.chromium.org/security-considerations for suggestions on keeping ChromeDriver safe.
ChromeDriver was started successfully.
Mar 21, 2022 11:01:01 AM org.openqa.selenium.remote.ProtocolHandshake createSession
INFO: Detected dialect: W3C
Mar 21, 2022 11:01:01 AM org.openqa.selenium.devtools.CdpVersionFinder findNearestMatch
WARNING: Unable to find an exact match for CDP version 99, so returning the closest version found: 96
Mar 21, 2022 11:01:01 AM org.openqa.selenium.devtools.CdpVersionFinder findNearestMatch
INFO: Found CDP implementation for version 99 of 96
]]></system-err>
  </testcase>
  <testcase name="Login to PEGA Site using User" classname="Validate And Verify Login Page to PEGA Site" time="30.242">
    <system-out><![CDATA[
@All @Regression
Scenario: Login to PEGA Site using User                                                                &amp#27;[90m# src/main/resources/AppFeatures/ValidateAndVerifyLoginPage.feature:31&amp#27;[0m
11:01:28.546 [main] INFO  i.c.core.plugin.SerenityReporter - Running feature from file:///Z:/Automation/JavaCucumber/BDD_HCL/CucumberHCL/src/main/resources/AppFeatures/ValidateAndVerifyLoginPage.feature
11:01:28.547 [main] WARN  i.c.core.plugin.SerenityReporter - Feature from file:///Z:/Automation/JavaCucumber/BDD_HCL/CucumberHCL/src/main/resources/AppFeatures/ValidateAndVerifyLoginPage.feature is not under the 'features' directory. Requirements report will not be correctly generated!
11:01:28.548 [main] INFO   - 
  _____   ___   ___   _____     ___   _____     _     ___   _____   ___   ___  
 |_   _| | __| / __| |_   _|   / __| |_   _|   /_\   | _ \ |_   _| | __| |   \ 
   | |   | _|  \__ \   | |     \__ \   | |    / _ \  |   /   | |   | _|  | |) |
   |_|   |___| |___/   |_|     |___/   |_|   /_/ \_\ |_|_\   |_|   |___| |___/ 

Login to PEGA Site using User(validate-and-verify-login-page-to-pega-site;login-to-pega-site-using-user)
--------------------------------------------------------------------------------
11:01:28.552 [main] DEBUG com.pages.drivers.DriversFactory - Set up Browser
11:01:28.553 [main] DEBUG com.pages.drivers.DriversFactory - Initialize Driver Browser Configuration
11:01:28.553 [main] DEBUG com.pages.drivers.DriversFactory -  Driver Browser : chrome
11:01:28.560 [main] DEBUG i.g.b.wdm.cache.ResolutionCache - Resolution chrome=99 in cache (valid until 11:36:40 21/03/2022 CST)
11:01:28.561 [main] DEBUG i.g.b.wdm.cache.ResolutionCache - Resolution chrome99=99.0.4844.51 in cache (valid until 09:15:22 22/03/2022 CST)
11:01:28.561 [main] INFO  i.g.bonigarcia.wdm.WebDriverManager - Using chromedriver 99.0.4844.51 (resolved driver for Chrome 99)
11:01:28.565 [main] DEBUG i.g.bonigarcia.wdm.WebDriverManager - Driver chromedriver 99.0.4844.51 found in cache
11:01:28.565 [main] INFO  i.g.bonigarcia.wdm.WebDriverManager - Exporting webdriver.chrome.driver as C:\Users\DheyClaveria\.cache\selenium\chromedriver\win32\99.0.4844.51\chromedriver.exe
11:01:28.835 [AsyncHttpClient-1-1] DEBUG o.a.netty.channel.DefaultChannelPool - Entry count for : http://localhost:54111 : 1
11:01:28.835 [AsyncHttpClient-1-1] DEBUG o.a.netty.channel.DefaultChannelPool - Entry count for : http://localhost:64013 : 1
11:01:28.835 [AsyncHttpClient-1-1] DEBUG o.a.netty.channel.DefaultChannelPool - Adding Candidate expired Channel [id: 0x7ffa651a, L:/127.0.0.1:64012 ! R:localhost/127.0.0.1:54111] isIdleTimeoutExpired=false isRemotelyClosed=true isTtlExpired=false
11:01:28.835 [AsyncHttpClient-1-1] DEBUG o.a.netty.channel.DefaultChannelPool - Closing Idle Channel [id: 0x7ffa651a, L:/127.0.0.1:64012 ! R:localhost/127.0.0.1:54111]
11:01:28.835 [AsyncHttpClient-1-1] DEBUG o.a.netty.channel.DefaultChannelPool - Adding Candidate expired Channel [id: 0x794a9ecf, L:/127.0.0.1:64019 ! R:localhost/127.0.0.1:64013] isIdleTimeoutExpired=false isRemotelyClosed=true isTtlExpired=false
11:01:28.835 [AsyncHttpClient-1-1] DEBUG o.a.netty.channel.DefaultChannelPool - Closing Idle Channel [id: 0x794a9ecf, L:/127.0.0.1:64019 ! R:localhost/127.0.0.1:64013]
11:01:28.835 [AsyncHttpClient-1-1] DEBUG o.a.netty.channel.DefaultChannelPool - Closed 2 connections out of 2 in 0 ms
11:01:29.105 [AsyncHttpClient-1-8] DEBUG o.a.n.channel.NettyConnectListener - Using new Channel '[id: 0x2148f518, L:/127.0.0.1:64101 - R:localhost/127.0.0.1:52457]' for 'POST' to '/session'
11:01:30.088 [AsyncHttpClient-1-8] DEBUG o.a.netty.handler.HttpHandler - 

Request DefaultHttpRequest(decodeResult: success, version: HTTP/1.1)
POST /session HTTP/1.1
User-Agent: selenium/4.1.2 (java windows)
Content-Length: 365
Content-Type: application/json; charset=utf-8
host: localhost:52457
accept: */*

Response DefaultHttpResponse(decodeResult: success, version: HTTP/1.1)
HTTP/1.1 200 OK
Content-Type: application/json; charset=utf-8
cache-control: no-cache
content-length: 795

11:01:30.089 [AsyncHttpClient-1-8] DEBUG o.a.netty.channel.ChannelManager - Adding key: http://localhost:52457 for channel [id: 0x2148f518, L:/127.0.0.1:64101 - R:localhost/127.0.0.1:52457]
11:01:30.094 [AsyncHttpClient-1-9] DEBUG o.a.n.channel.NettyConnectListener - Using new Channel '[id: 0x05286507, L:/127.0.0.1:64108 - R:localhost/127.0.0.1:64102]' for 'GET' to '/json/version'
11:01:30.097 [AsyncHttpClient-1-9] DEBUG o.a.netty.handler.HttpHandler - 

Request DefaultFullHttpRequest(decodeResult: success, version: HTTP/1.1, content: EmptyByteBufBE)
GET /json/version HTTP/1.1
User-Agent: selenium/4.1.2 (java windows)
host: localhost:64102
accept: */*

Response DefaultHttpResponse(decodeResult: success, version: HTTP/1.1)
HTTP/1.1 200 OK
Content-Type: application/json; charset=UTF-8
content-length: 423

11:01:30.097 [AsyncHttpClient-1-9] DEBUG o.a.netty.channel.ChannelManager - Adding key: http://localhost:64102 for channel [id: 0x05286507, L:/127.0.0.1:64108 - R:localhost/127.0.0.1:64102]
11:01:30.099 [AsyncHttpClient-1-10] DEBUG o.a.n.channel.NettyConnectListener - Using new Channel '[id: 0x5211c301, L:/127.0.0.1:64109 - R:localhost/127.0.0.1:64102]' for 'GET' to '/devtools/browser/6f118f9f-fe16-4333-8693-2772ead90727'
11:01:30.101 [AsyncHttpClient-1-10] DEBUG o.a.netty.handler.WebSocketHandler - 

Request DefaultFullHttpRequest(decodeResult: success, version: HTTP/1.1, content: EmptyByteBufBE)
GET /devtools/browser/6f118f9f-fe16-4333-8693-2772ead90727 HTTP/1.1
upgrade: websocket
connection: upgrade
sec-websocket-key: V7UXvDFlBOQ/LDWcvuLX3Q==
sec-websocket-version: 13
origin: http://localhost:64102
host: localhost:64102
accept: */*
user-agent: AHC/2.1

Response DefaultHttpResponse(decodeResult: success, version: HTTP/1.1)
HTTP/1.1 101 WebSocket Protocol Handshake
Upgrade: WebSocket
Connection: Upgrade
Sec-WebSocket-Accept: TiPnGzzWB7vmfFZh9AIftcsYrls=

11:01:30.104 [Forwarding deleteAllCookies on session 382d2052b61bc25573683fca6ebeef73 to remote] DEBUG o.a.netty.request.NettyRequestSender - Using pooled Channel '[id: 0x2148f518, L:/127.0.0.1:64101 - R:localhost/127.0.0.1:52457]' for 'DELETE' to 'http://localhost:52457/session/382d2052b61bc25573683fca6ebeef73/cookie'
11:01:30.104 [Forwarding deleteAllCookies on session 382d2052b61bc25573683fca6ebeef73 to remote] DEBUG o.a.netty.request.NettyRequestSender - Using open Channel [id: 0x2148f518, L:/127.0.0.1:64101 - R:localhost/127.0.0.1:52457] for DELETE '/session/382d2052b61bc25573683fca6ebeef73/cookie'
11:01:30.125 [AsyncHttpClient-1-8] DEBUG o.a.netty.handler.HttpHandler - 

Request DefaultFullHttpRequest(decodeResult: success, version: HTTP/1.1, content: EmptyByteBufBE)
DELETE /session/382d2052b61bc25573683fca6ebeef73/cookie HTTP/1.1
User-Agent: selenium/4.1.2 (java windows)
Content-Type: application/json; charset=utf-8
host: localhost:52457
accept: */*

Response DefaultHttpResponse(decodeResult: success, version: HTTP/1.1)
HTTP/1.1 200 OK
Content-Type: application/json; charset=utf-8
cache-control: no-cache
content-length: 14

11:01:30.125 [AsyncHttpClient-1-8] DEBUG o.a.netty.channel.ChannelManager - Adding key: http://localhost:52457 for channel [id: 0x2148f518, L:/127.0.0.1:64101 - R:localhost/127.0.0.1:52457]
11:01:30.127 [Forwarding maximizeCurrentWindow on session 382d2052b61bc25573683fca6ebeef73 to remote] DEBUG o.a.netty.request.NettyRequestSender - Using pooled Channel '[id: 0x2148f518, L:/127.0.0.1:64101 - R:localhost/127.0.0.1:52457]' for 'POST' to 'http://localhost:52457/session/382d2052b61bc25573683fca6ebeef73/window/maximize'
11:01:30.127 [Forwarding maximizeCurrentWindow on session 382d2052b61bc25573683fca6ebeef73 to remote] DEBUG o.a.netty.request.NettyRequestSender - Using open Channel [id: 0x2148f518, L:/127.0.0.1:64101 - R:localhost/127.0.0.1:52457] for POST '/session/382d2052b61bc25573683fca6ebeef73/window/maximize'
11:01:30.248 [AsyncHttpClient-1-8] DEBUG o.a.netty.handler.HttpHandler - 

Request DefaultHttpRequest(decodeResult: success, version: HTTP/1.1)
POST /session/382d2052b61bc25573683fca6ebeef73/window/maximize HTTP/1.1
User-Agent: selenium/4.1.2 (java windows)
Content-Length: 3
Content-Type: application/json; charset=utf-8
host: localhost:52457
accept: */*

Response DefaultHttpResponse(decodeResult: success, version: HTTP/1.1)
HTTP/1.1 200 OK
Content-Type: application/json; charset=utf-8
cache-control: no-cache
content-length: 52

11:01:30.248 [AsyncHttpClient-1-8] DEBUG o.a.netty.channel.ChannelManager - Adding key: http://localhost:52457 for channel [id: 0x2148f518, L:/127.0.0.1:64101 - R:localhost/127.0.0.1:52457]
11:01:30.252 [Forwarding get on session 382d2052b61bc25573683fca6ebeef73 to remote] DEBUG o.a.netty.request.NettyRequestSender - Using pooled Channel '[id: 0x2148f518, L:/127.0.0.1:64101 - R:localhost/127.0.0.1:52457]' for 'POST' to 'http://localhost:52457/session/382d2052b61bc25573683fca6ebeef73/url'
11:01:30.252 [Forwarding get on session 382d2052b61bc25573683fca6ebeef73 to remote] DEBUG o.a.netty.request.NettyRequestSender - Using open Channel [id: 0x2148f518, L:/127.0.0.1:64101 - R:localhost/127.0.0.1:52457] for POST '/session/382d2052b61bc25573683fca6ebeef73/url'
11:01:30.370 [AsyncHttpClient-1-8] DEBUG o.a.netty.handler.HttpHandler - 

Request DefaultHttpRequest(decodeResult: success, version: HTTP/1.1)
POST /session/382d2052b61bc25573683fca6ebeef73/url HTTP/1.1
User-Agent: selenium/4.1.2 (java windows)
Content-Length: 148
Content-Type: application/json; charset=utf-8
host: localhost:52457
accept: */*

Response DefaultHttpResponse(decodeResult: success, version: HTTP/1.1)
HTTP/1.1 200 OK
Content-Type: application/json; charset=utf-8
cache-control: no-cache
content-length: 14

11:01:30.370 [AsyncHttpClient-1-8] DEBUG o.a.netty.channel.ChannelManager - Adding key: http://localhost:52457 for channel [id: 0x2148f518, L:/127.0.0.1:64101 - R:localhost/127.0.0.1:52457]
11:01:30.370 [Forwarding getTitle on session 382d2052b61bc25573683fca6ebeef73 to remote] DEBUG o.a.netty.request.NettyRequestSender - Using pooled Channel '[id: 0x2148f518, L:/127.0.0.1:64101 - R:localhost/127.0.0.1:52457]' for 'GET' to 'http://localhost:52457/session/382d2052b61bc25573683fca6ebeef73/title'
11:01:30.370 [Forwarding getTitle on session 382d2052b61bc25573683fca6ebeef73 to remote] DEBUG o.a.netty.request.NettyRequestSender - Using open Channel [id: 0x2148f518, L:/127.0.0.1:64101 - R:localhost/127.0.0.1:52457] for GET '/session/382d2052b61bc25573683fca6ebeef73/title'
11:01:30.374 [AsyncHttpClient-1-8] DEBUG o.a.netty.handler.HttpHandler - 

Request DefaultFullHttpRequest(decodeResult: success, version: HTTP/1.1, content: EmptyByteBufBE)
GET /session/382d2052b61bc25573683fca6ebeef73/title HTTP/1.1
User-Agent: selenium/4.1.2 (java windows)
Cache-Control: no-cache
Content-Type: application/json; charset=utf-8
host: localhost:52457
accept: */*

Response DefaultHttpResponse(decodeResult: success, version: HTTP/1.1)
HTTP/1.1 200 OK
Content-Type: application/json; charset=utf-8
cache-control: no-cache
content-length: 22

11:01:30.374 [AsyncHttpClient-1-8] DEBUG o.a.netty.channel.ChannelManager - Adding key: http://localhost:52457 for channel [id: 0x2148f518, L:/127.0.0.1:64101 - R:localhost/127.0.0.1:52457]
11:01:30.375 [main] DEBUG com.pages.LoginPage - verifyApplication: 'Login Page' 
11:01:30.375 [Forwarding getTitle on session 382d2052b61bc25573683fca6ebeef73 to remote] DEBUG o.a.netty.request.NettyRequestSender - Using pooled Channel '[id: 0x2148f518, L:/127.0.0.1:64101 - R:localhost/127.0.0.1:52457]' for 'GET' to 'http://localhost:52457/session/382d2052b61bc25573683fca6ebeef73/title'
11:01:30.375 [Forwarding getTitle on session 382d2052b61bc25573683fca6ebeef73 to remote] DEBUG o.a.netty.request.NettyRequestSender - Using open Channel [id: 0x2148f518, L:/127.0.0.1:64101 - R:localhost/127.0.0.1:52457] for GET '/session/382d2052b61bc25573683fca6ebeef73/title'
11:01:30.377 [AsyncHttpClient-1-8] DEBUG o.a.netty.handler.HttpHandler - 

Request DefaultFullHttpRequest(decodeResult: success, version: HTTP/1.1, content: EmptyByteBufBE)
GET /session/382d2052b61bc25573683fca6ebeef73/title HTTP/1.1
User-Agent: selenium/4.1.2 (java windows)
Cache-Control: no-cache
Content-Type: application/json; charset=utf-8
host: localhost:52457
accept: */*

Response DefaultHttpResponse(decodeResult: success, version: HTTP/1.1)
HTTP/1.1 200 OK
Content-Type: application/json; charset=utf-8
cache-control: no-cache
content-length: 22

11:01:30.377 [AsyncHttpClient-1-8] DEBUG o.a.netty.channel.ChannelManager - Adding key: http://localhost:52457 for channel [id: 0x2148f518, L:/127.0.0.1:64101 - R:localhost/127.0.0.1:52457]
11:01:31.028 [AsyncHttpClient-1-1] DEBUG o.a.netty.channel.DefaultChannelPool - Entry count for : http://localhost:52457 : 1
11:01:31.028 [AsyncHttpClient-1-1] DEBUG o.a.netty.channel.DefaultChannelPool - Entry count for : http://localhost:64102 : 1
11:01:32.138 [AsyncHttpClient-1-1] DEBUG o.a.netty.channel.DefaultChannelPool - Entry count for : http://localhost:52457 : 1
11:01:32.138 [AsyncHttpClient-1-1] DEBUG o.a.netty.channel.DefaultChannelPool - Entry count for : http://localhost:64102 : 1
11:01:33.228 [AsyncHttpClient-1-1] DEBUG o.a.netty.channel.DefaultChannelPool - Entry count for : http://localhost:52457 : 1
11:01:33.228 [AsyncHttpClient-1-1] DEBUG o.a.netty.channel.DefaultChannelPool - Entry count for : http://localhost:64102 : 1
11:01:34.337 [AsyncHttpClient-1-1] DEBUG o.a.netty.channel.DefaultChannelPool - Entry count for : http://localhost:52457 : 1
11:01:34.337 [AsyncHttpClient-1-1] DEBUG o.a.netty.channel.DefaultChannelPool - Entry count for : http://localhost:64102 : 1
  &amp#27;[32mGiven &amp#27;[0m&amp#27;[32mthat the user should navigate in PEGA Login Page&amp#27;[0m                                               &amp#27;[90m# stepdefinitions.LoginPageSteps.that_the_user_should_navigate_in_pega_login_page()&amp#27;[0m
11:01:35.387 [main] DEBUG com.pages.LoginPage - verifyPageElements : Current Element = 'By.xpath: //div[@id="credentials"]//div[@class="field user"]//input' 
11:01:35.387 [Forwarding findElement on session 382d2052b61bc25573683fca6ebeef73 to remote] DEBUG o.a.netty.request.NettyRequestSender - Using pooled Channel '[id: 0x2148f518, L:/127.0.0.1:64101 - R:localhost/127.0.0.1:52457]' for 'POST' to 'http://localhost:52457/session/382d2052b61bc25573683fca6ebeef73/element'
11:01:35.387 [Forwarding findElement on session 382d2052b61bc25573683fca6ebeef73 to remote] DEBUG o.a.netty.request.NettyRequestSender - Using open Channel [id: 0x2148f518, L:/127.0.0.1:64101 - R:localhost/127.0.0.1:52457] for POST '/session/382d2052b61bc25573683fca6ebeef73/element'
11:01:35.399 [AsyncHttpClient-1-8] DEBUG o.a.netty.handler.HttpHandler - 

Request DefaultHttpRequest(decodeResult: success, version: HTTP/1.1)
POST /session/382d2052b61bc25573683fca6ebeef73/element HTTP/1.1
User-Agent: selenium/4.1.2 (java windows)
Content-Length: 128
Content-Type: application/json; charset=utf-8
host: localhost:52457
accept: */*

Response DefaultHttpResponse(decodeResult: success, version: HTTP/1.1)
HTTP/1.1 200 OK
Content-Type: application/json; charset=utf-8
cache-control: no-cache
content-length: 88

11:01:35.399 [AsyncHttpClient-1-8] DEBUG o.a.netty.channel.ChannelManager - Adding key: http://localhost:52457 for channel [id: 0x2148f518, L:/127.0.0.1:64101 - R:localhost/127.0.0.1:52457]
11:01:35.401 [Forwarding isElementDisplayed on session 382d2052b61bc25573683fca6ebeef73 to remote] DEBUG o.a.netty.request.NettyRequestSender - Using pooled Channel '[id: 0x2148f518, L:/127.0.0.1:64101 - R:localhost/127.0.0.1:52457]' for 'POST' to 'http://localhost:52457/session/382d2052b61bc25573683fca6ebeef73/execute/sync'
11:01:35.401 [Forwarding isElementDisplayed on session 382d2052b61bc25573683fca6ebeef73 to remote] DEBUG o.a.netty.request.NettyRequestSender - Using open Channel [id: 0x2148f518, L:/127.0.0.1:64101 - R:localhost/127.0.0.1:52457] for POST '/session/382d2052b61bc25573683fca6ebeef73/execute/sync'
11:01:35.415 [AsyncHttpClient-1-8] DEBUG o.a.netty.handler.HttpHandler - 

Request DefaultHttpRequest(decodeResult: success, version: HTTP/1.1)
POST /session/382d2052b61bc25573683fca6ebeef73/execute/sync HTTP/1.1
User-Agent: selenium/4.1.2 (java windows)
Content-Length: 48780
Content-Type: application/json; charset=utf-8
host: localhost:52457
accept: */*

Response DefaultHttpResponse(decodeResult: success, version: HTTP/1.1)
HTTP/1.1 200 OK
Content-Type: application/json; charset=utf-8
cache-control: no-cache
content-length: 14

11:01:35.415 [AsyncHttpClient-1-8] DEBUG o.a.netty.channel.ChannelManager - Adding key: http://localhost:52457 for channel [id: 0x2148f518, L:/127.0.0.1:64101 - R:localhost/127.0.0.1:52457]
11:01:35.416 [Forwarding findElement on session 382d2052b61bc25573683fca6ebeef73 to remote] DEBUG o.a.netty.request.NettyRequestSender - Using pooled Channel '[id: 0x2148f518, L:/127.0.0.1:64101 - R:localhost/127.0.0.1:52457]' for 'POST' to 'http://localhost:52457/session/382d2052b61bc25573683fca6ebeef73/element'
11:01:35.416 [Forwarding findElement on session 382d2052b61bc25573683fca6ebeef73 to remote] DEBUG o.a.netty.request.NettyRequestSender - Using open Channel [id: 0x2148f518, L:/127.0.0.1:64101 - R:localhost/127.0.0.1:52457] for POST '/session/382d2052b61bc25573683fca6ebeef73/element'
11:01:35.421 [AsyncHttpClient-1-8] DEBUG o.a.netty.handler.HttpHandler - 

Request DefaultHttpRequest(decodeResult: success, version: HTTP/1.1)
POST /session/382d2052b61bc25573683fca6ebeef73/element HTTP/1.1
User-Agent: selenium/4.1.2 (java windows)
Content-Length: 128
Content-Type: application/json; charset=utf-8
host: localhost:52457
accept: */*

Response DefaultHttpResponse(decodeResult: success, version: HTTP/1.1)
HTTP/1.1 200 OK
Content-Type: application/json; charset=utf-8
cache-control: no-cache
content-length: 88

11:01:35.421 [AsyncHttpClient-1-8] DEBUG o.a.netty.channel.ChannelManager - Adding key: http://localhost:52457 for channel [id: 0x2148f518, L:/127.0.0.1:64101 - R:localhost/127.0.0.1:52457]
11:01:35.423 [Forwarding isElementDisplayed on session 382d2052b61bc25573683fca6ebeef73 to remote] DEBUG o.a.netty.request.NettyRequestSender - Using pooled Channel '[id: 0x2148f518, L:/127.0.0.1:64101 - R:localhost/127.0.0.1:52457]' for 'POST' to 'http://localhost:52457/session/382d2052b61bc25573683fca6ebeef73/execute/sync'
11:01:35.423 [Forwarding isElementDisplayed on session 382d2052b61bc25573683fca6ebeef73 to remote] DEBUG o.a.netty.request.NettyRequestSender - Using open Channel [id: 0x2148f518, L:/127.0.0.1:64101 - R:localhost/127.0.0.1:52457] for POST '/session/382d2052b61bc25573683fca6ebeef73/execute/sync'
11:01:35.431 [AsyncHttpClient-1-8] DEBUG o.a.netty.handler.HttpHandler - 

Request DefaultHttpRequest(decodeResult: success, version: HTTP/1.1)
POST /session/382d2052b61bc25573683fca6ebeef73/execute/sync HTTP/1.1
User-Agent: selenium/4.1.2 (java windows)
Content-Length: 48780
Content-Type: application/json; charset=utf-8
host: localhost:52457
accept: */*

Response DefaultHttpResponse(decodeResult: success, version: HTTP/1.1)
HTTP/1.1 200 OK
Content-Type: application/json; charset=utf-8
cache-control: no-cache
content-length: 14

11:01:35.431 [AsyncHttpClient-1-8] DEBUG o.a.netty.channel.ChannelManager - Adding key: http://localhost:52457 for channel [id: 0x2148f518, L:/127.0.0.1:64101 - R:localhost/127.0.0.1:52457]
11:01:35.431 [Forwarding findElement on session 382d2052b61bc25573683fca6ebeef73 to remote] DEBUG o.a.netty.request.NettyRequestSender - Using pooled Channel '[id: 0x2148f518, L:/127.0.0.1:64101 - R:localhost/127.0.0.1:52457]' for 'POST' to 'http://localhost:52457/session/382d2052b61bc25573683fca6ebeef73/element'
11:01:35.432 [Forwarding findElement on session 382d2052b61bc25573683fca6ebeef73 to remote] DEBUG o.a.netty.request.NettyRequestSender - Using open Channel [id: 0x2148f518, L:/127.0.0.1:64101 - R:localhost/127.0.0.1:52457] for POST '/session/382d2052b61bc25573683fca6ebeef73/element'
11:01:35.433 [AsyncHttpClient-1-1] DEBUG o.a.netty.channel.DefaultChannelPool - Entry count for : http://localhost:64102 : 1
11:01:35.436 [AsyncHttpClient-1-8] DEBUG o.a.netty.handler.HttpHandler - 

Request DefaultHttpRequest(decodeResult: success, version: HTTP/1.1)
POST /session/382d2052b61bc25573683fca6ebeef73/element HTTP/1.1
User-Agent: selenium/4.1.2 (java windows)
Content-Length: 128
Content-Type: application/json; charset=utf-8
host: localhost:52457
accept: */*

Response DefaultHttpResponse(decodeResult: success, version: HTTP/1.1)
HTTP/1.1 200 OK
Content-Type: application/json; charset=utf-8
cache-control: no-cache
content-length: 88

11:01:35.436 [AsyncHttpClient-1-8] DEBUG o.a.netty.channel.ChannelManager - Adding key: http://localhost:52457 for channel [id: 0x2148f518, L:/127.0.0.1:64101 - R:localhost/127.0.0.1:52457]
11:01:35.437 [Forwarding isElementEnabled on session 382d2052b61bc25573683fca6ebeef73 to remote] DEBUG o.a.netty.request.NettyRequestSender - Using pooled Channel '[id: 0x2148f518, L:/127.0.0.1:64101 - R:localhost/127.0.0.1:52457]' for 'GET' to 'http://localhost:52457/session/382d2052b61bc25573683fca6ebeef73/element/2e19bf2f-391a-418f-bb9b-78529b1873dc/enabled'
11:01:35.437 [Forwarding isElementEnabled on session 382d2052b61bc25573683fca6ebeef73 to remote] DEBUG o.a.netty.request.NettyRequestSender - Using open Channel [id: 0x2148f518, L:/127.0.0.1:64101 - R:localhost/127.0.0.1:52457] for GET '/session/382d2052b61bc25573683fca6ebeef73/element/2e19bf2f-391a-418f-bb9b-78529b1873dc/enabled'
11:01:35.444 [AsyncHttpClient-1-8] DEBUG o.a.netty.handler.HttpHandler - 

Request DefaultFullHttpRequest(decodeResult: success, version: HTTP/1.1, content: EmptyByteBufBE)
GET /session/382d2052b61bc25573683fca6ebeef73/element/2e19bf2f-391a-418f-bb9b-78529b1873dc/enabled HTTP/1.1
User-Agent: selenium/4.1.2 (java windows)
Cache-Control: no-cache
Content-Type: application/json; charset=utf-8
host: localhost:52457
accept: */*

Response DefaultHttpResponse(decodeResult: success, version: HTTP/1.1)
HTTP/1.1 200 OK
Content-Type: application/json; charset=utf-8
cache-control: no-cache
content-length: 14

11:01:35.445 [AsyncHttpClient-1-8] DEBUG o.a.netty.channel.ChannelManager - Adding key: http://localhost:52457 for channel [id: 0x2148f518, L:/127.0.0.1:64101 - R:localhost/127.0.0.1:52457]
11:01:35.445 [main] DEBUG com.pages.LoginPage - verifyPageElements : Current Element = 'By.xpath: //div[@id="credentials"]//div[@class="field password"]//input' 
11:01:35.445 [Forwarding findElement on session 382d2052b61bc25573683fca6ebeef73 to remote] DEBUG o.a.netty.request.NettyRequestSender - Using pooled Channel '[id: 0x2148f518, L:/127.0.0.1:64101 - R:localhost/127.0.0.1:52457]' for 'POST' to 'http://localhost:52457/session/382d2052b61bc25573683fca6ebeef73/element'
11:01:35.445 [Forwarding findElement on session 382d2052b61bc25573683fca6ebeef73 to remote] DEBUG o.a.netty.request.NettyRequestSender - Using open Channel [id: 0x2148f518, L:/127.0.0.1:64101 - R:localhost/127.0.0.1:52457] for POST '/session/382d2052b61bc25573683fca6ebeef73/element'
11:01:35.453 [AsyncHttpClient-1-8] DEBUG o.a.netty.handler.HttpHandler - 

Request DefaultHttpRequest(decodeResult: success, version: HTTP/1.1)
POST /session/382d2052b61bc25573683fca6ebeef73/element HTTP/1.1
User-Agent: selenium/4.1.2 (java windows)
Content-Length: 132
Content-Type: application/json; charset=utf-8
host: localhost:52457
accept: */*

Response DefaultHttpResponse(decodeResult: success, version: HTTP/1.1)
HTTP/1.1 200 OK
Content-Type: application/json; charset=utf-8
cache-control: no-cache
content-length: 88

11:01:35.453 [AsyncHttpClient-1-8] DEBUG o.a.netty.channel.ChannelManager - Adding key: http://localhost:52457 for channel [id: 0x2148f518, L:/127.0.0.1:64101 - R:localhost/127.0.0.1:52457]
11:01:35.456 [Forwarding isElementDisplayed on session 382d2052b61bc25573683fca6ebeef73 to remote] DEBUG o.a.netty.request.NettyRequestSender - Using pooled Channel '[id: 0x2148f518, L:/127.0.0.1:64101 - R:localhost/127.0.0.1:52457]' for 'POST' to 'http://localhost:52457/session/382d2052b61bc25573683fca6ebeef73/execute/sync'
11:01:35.456 [Forwarding isElementDisplayed on session 382d2052b61bc25573683fca6ebeef73 to remote] DEBUG o.a.netty.request.NettyRequestSender - Using open Channel [id: 0x2148f518, L:/127.0.0.1:64101 - R:localhost/127.0.0.1:52457] for POST '/session/382d2052b61bc25573683fca6ebeef73/execute/sync'
11:01:35.462 [AsyncHttpClient-1-8] DEBUG o.a.netty.handler.HttpHandler - 

Request DefaultHttpRequest(decodeResult: success, version: HTTP/1.1)
POST /session/382d2052b61bc25573683fca6ebeef73/execute/sync HTTP/1.1
User-Agent: selenium/4.1.2 (java windows)
Content-Length: 48780
Content-Type: application/json; charset=utf-8
host: localhost:52457
accept: */*

Response DefaultHttpResponse(decodeResult: success, version: HTTP/1.1)
HTTP/1.1 200 OK
Content-Type: application/json; charset=utf-8
cache-control: no-cache
content-length: 14

11:01:35.462 [AsyncHttpClient-1-8] DEBUG o.a.netty.channel.ChannelManager - Adding key: http://localhost:52457 for channel [id: 0x2148f518, L:/127.0.0.1:64101 - R:localhost/127.0.0.1:52457]
11:01:35.463 [Forwarding findElement on session 382d2052b61bc25573683fca6ebeef73 to remote] DEBUG o.a.netty.request.NettyRequestSender - Using pooled Channel '[id: 0x2148f518, L:/127.0.0.1:64101 - R:localhost/127.0.0.1:52457]' for 'POST' to 'http://localhost:52457/session/382d2052b61bc25573683fca6ebeef73/element'
11:01:35.463 [Forwarding findElement on session 382d2052b61bc25573683fca6ebeef73 to remote] DEBUG o.a.netty.request.NettyRequestSender - Using open Channel [id: 0x2148f518, L:/127.0.0.1:64101 - R:localhost/127.0.0.1:52457] for POST '/session/382d2052b61bc25573683fca6ebeef73/element'
11:01:35.468 [AsyncHttpClient-1-8] DEBUG o.a.netty.handler.HttpHandler - 

Request DefaultHttpRequest(decodeResult: success, version: HTTP/1.1)
POST /session/382d2052b61bc25573683fca6ebeef73/element HTTP/1.1
User-Agent: selenium/4.1.2 (java windows)
Content-Length: 132
Content-Type: application/json; charset=utf-8
host: localhost:52457
accept: */*

Response DefaultHttpResponse(decodeResult: success, version: HTTP/1.1)
HTTP/1.1 200 OK
Content-Type: application/json; charset=utf-8
cache-control: no-cache
content-length: 88

11:01:35.468 [AsyncHttpClient-1-8] DEBUG o.a.netty.channel.ChannelManager - Adding key: http://localhost:52457 for channel [id: 0x2148f518, L:/127.0.0.1:64101 - R:localhost/127.0.0.1:52457]
11:01:35.471 [Forwarding isElementDisplayed on session 382d2052b61bc25573683fca6ebeef73 to remote] DEBUG o.a.netty.request.NettyRequestSender - Using pooled Channel '[id: 0x2148f518, L:/127.0.0.1:64101 - R:localhost/127.0.0.1:52457]' for 'POST' to 'http://localhost:52457/session/382d2052b61bc25573683fca6ebeef73/execute/sync'
11:01:35.471 [Forwarding isElementDisplayed on session 382d2052b61bc25573683fca6ebeef73 to remote] DEBUG o.a.netty.request.NettyRequestSender - Using open Channel [id: 0x2148f518, L:/127.0.0.1:64101 - R:localhost/127.0.0.1:52457] for POST '/session/382d2052b61bc25573683fca6ebeef73/execute/sync'
11:01:35.477 [AsyncHttpClient-1-8] DEBUG o.a.netty.handler.HttpHandler - 

Request DefaultHttpRequest(decodeResult: success, version: HTTP/1.1)
POST /session/382d2052b61bc25573683fca6ebeef73/execute/sync HTTP/1.1
User-Agent: selenium/4.1.2 (java windows)
Content-Length: 48780
Content-Type: application/json; charset=utf-8
host: localhost:52457
accept: */*

Response DefaultHttpResponse(decodeResult: success, version: HTTP/1.1)
HTTP/1.1 200 OK
Content-Type: application/json; charset=utf-8
cache-control: no-cache
content-length: 14

11:01:35.477 [AsyncHttpClient-1-8] DEBUG o.a.netty.channel.ChannelManager - Adding key: http://localhost:52457 for channel [id: 0x2148f518, L:/127.0.0.1:64101 - R:localhost/127.0.0.1:52457]
11:01:35.478 [Forwarding findElement on session 382d2052b61bc25573683fca6ebeef73 to remote] DEBUG o.a.netty.request.NettyRequestSender - Using pooled Channel '[id: 0x2148f518, L:/127.0.0.1:64101 - R:localhost/127.0.0.1:52457]' for 'POST' to 'http://localhost:52457/session/382d2052b61bc25573683fca6ebeef73/element'
11:01:35.478 [Forwarding findElement on session 382d2052b61bc25573683fca6ebeef73 to remote] DEBUG o.a.netty.request.NettyRequestSender - Using open Channel [id: 0x2148f518, L:/127.0.0.1:64101 - R:localhost/127.0.0.1:52457] for POST '/session/382d2052b61bc25573683fca6ebeef73/element'
11:01:35.483 [AsyncHttpClient-1-8] DEBUG o.a.netty.handler.HttpHandler - 

Request DefaultHttpRequest(decodeResult: success, version: HTTP/1.1)
POST /session/382d2052b61bc25573683fca6ebeef73/element HTTP/1.1
User-Agent: selenium/4.1.2 (java windows)
Content-Length: 132
Content-Type: application/json; charset=utf-8
host: localhost:52457
accept: */*

Response DefaultHttpResponse(decodeResult: success, version: HTTP/1.1)
HTTP/1.1 200 OK
Content-Type: application/json; charset=utf-8
cache-control: no-cache
content-length: 88

11:01:35.483 [AsyncHttpClient-1-8] DEBUG o.a.netty.channel.ChannelManager - Adding key: http://localhost:52457 for channel [id: 0x2148f518, L:/127.0.0.1:64101 - R:localhost/127.0.0.1:52457]
11:01:35.484 [Forwarding isElementEnabled on session 382d2052b61bc25573683fca6ebeef73 to remote] DEBUG o.a.netty.request.NettyRequestSender - Using pooled Channel '[id: 0x2148f518, L:/127.0.0.1:64101 - R:localhost/127.0.0.1:52457]' for 'GET' to 'http://localhost:52457/session/382d2052b61bc25573683fca6ebeef73/element/a68e1f90-d8f0-485a-a6c5-b068dda9f234/enabled'
11:01:35.484 [Forwarding isElementEnabled on session 382d2052b61bc25573683fca6ebeef73 to remote] DEBUG o.a.netty.request.NettyRequestSender - Using open Channel [id: 0x2148f518, L:/127.0.0.1:64101 - R:localhost/127.0.0.1:52457] for GET '/session/382d2052b61bc25573683fca6ebeef73/element/a68e1f90-d8f0-485a-a6c5-b068dda9f234/enabled'
11:01:35.488 [AsyncHttpClient-1-8] DEBUG o.a.netty.handler.HttpHandler - 

Request DefaultFullHttpRequest(decodeResult: success, version: HTTP/1.1, content: EmptyByteBufBE)
GET /session/382d2052b61bc25573683fca6ebeef73/element/a68e1f90-d8f0-485a-a6c5-b068dda9f234/enabled HTTP/1.1
User-Agent: selenium/4.1.2 (java windows)
Cache-Control: no-cache
Content-Type: application/json; charset=utf-8
host: localhost:52457
accept: */*

Response DefaultHttpResponse(decodeResult: success, version: HTTP/1.1)
HTTP/1.1 200 OK
Content-Type: application/json; charset=utf-8
cache-control: no-cache
content-length: 14

11:01:35.488 [AsyncHttpClient-1-8] DEBUG o.a.netty.channel.ChannelManager - Adding key: http://localhost:52457 for channel [id: 0x2148f518, L:/127.0.0.1:64101 - R:localhost/127.0.0.1:52457]
11:01:35.489 [main] DEBUG com.pages.LoginPage - verifyPageElements : Current Element = 'By.xpath: //div[@id="credentials"]//button[contains(@class,"loginButton")]' 
11:01:35.489 [Forwarding findElement on session 382d2052b61bc25573683fca6ebeef73 to remote] DEBUG o.a.netty.request.NettyRequestSender - Using pooled Channel '[id: 0x2148f518, L:/127.0.0.1:64101 - R:localhost/127.0.0.1:52457]' for 'POST' to 'http://localhost:52457/session/382d2052b61bc25573683fca6ebeef73/element'
11:01:35.489 [Forwarding findElement on session 382d2052b61bc25573683fca6ebeef73 to remote] DEBUG o.a.netty.request.NettyRequestSender - Using open Channel [id: 0x2148f518, L:/127.0.0.1:64101 - R:localhost/127.0.0.1:52457] for POST '/session/382d2052b61bc25573683fca6ebeef73/element'
11:01:35.497 [AsyncHttpClient-1-8] DEBUG o.a.netty.handler.HttpHandler - 

Request DefaultHttpRequest(decodeResult: success, version: HTTP/1.1)
POST /session/382d2052b61bc25573683fca6ebeef73/element HTTP/1.1
User-Agent: selenium/4.1.2 (java windows)
Content-Length: 125
Content-Type: application/json; charset=utf-8
host: localhost:52457
accept: */*

Response DefaultHttpResponse(decodeResult: success, version: HTTP/1.1)
HTTP/1.1 200 OK
Content-Type: application/json; charset=utf-8
cache-control: no-cache
content-length: 88

11:01:35.497 [AsyncHttpClient-1-8] DEBUG o.a.netty.channel.ChannelManager - Adding key: http://localhost:52457 for channel [id: 0x2148f518, L:/127.0.0.1:64101 - R:localhost/127.0.0.1:52457]
11:01:35.499 [Forwarding isElementDisplayed on session 382d2052b61bc25573683fca6ebeef73 to remote] DEBUG o.a.netty.request.NettyRequestSender - Using pooled Channel '[id: 0x2148f518, L:/127.0.0.1:64101 - R:localhost/127.0.0.1:52457]' for 'POST' to 'http://localhost:52457/session/382d2052b61bc25573683fca6ebeef73/execute/sync'
11:01:35.499 [Forwarding isElementDisplayed on session 382d2052b61bc25573683fca6ebeef73 to remote] DEBUG o.a.netty.request.NettyRequestSender - Using open Channel [id: 0x2148f518, L:/127.0.0.1:64101 - R:localhost/127.0.0.1:52457] for POST '/session/382d2052b61bc25573683fca6ebeef73/execute/sync'
11:01:35.505 [AsyncHttpClient-1-8] DEBUG o.a.netty.handler.HttpHandler - 

Request DefaultHttpRequest(decodeResult: success, version: HTTP/1.1)
POST /session/382d2052b61bc25573683fca6ebeef73/execute/sync HTTP/1.1
User-Agent: selenium/4.1.2 (java windows)
Content-Length: 48780
Content-Type: application/json; charset=utf-8
host: localhost:52457
accept: */*

Response DefaultHttpResponse(decodeResult: success, version: HTTP/1.1)
HTTP/1.1 200 OK
Content-Type: application/json; charset=utf-8
cache-control: no-cache
content-length: 14

11:01:35.505 [AsyncHttpClient-1-8] DEBUG o.a.netty.channel.ChannelManager - Adding key: http://localhost:52457 for channel [id: 0x2148f518, L:/127.0.0.1:64101 - R:localhost/127.0.0.1:52457]
11:01:35.506 [Forwarding findElement on session 382d2052b61bc25573683fca6ebeef73 to remote] DEBUG o.a.netty.request.NettyRequestSender - Using pooled Channel '[id: 0x2148f518, L:/127.0.0.1:64101 - R:localhost/127.0.0.1:52457]' for 'POST' to 'http://localhost:52457/session/382d2052b61bc25573683fca6ebeef73/element'
11:01:35.506 [Forwarding findElement on session 382d2052b61bc25573683fca6ebeef73 to remote] DEBUG o.a.netty.request.NettyRequestSender - Using open Channel [id: 0x2148f518, L:/127.0.0.1:64101 - R:localhost/127.0.0.1:52457] for POST '/session/382d2052b61bc25573683fca6ebeef73/element'
11:01:35.512 [AsyncHttpClient-1-8] DEBUG o.a.netty.handler.HttpHandler - 

Request DefaultHttpRequest(decodeResult: success, version: HTTP/1.1)
POST /session/382d2052b61bc25573683fca6ebeef73/element HTTP/1.1
User-Agent: selenium/4.1.2 (java windows)
Content-Length: 125
Content-Type: application/json; charset=utf-8
host: localhost:52457
accept: */*

Response DefaultHttpResponse(decodeResult: success, version: HTTP/1.1)
HTTP/1.1 200 OK
Content-Type: application/json; charset=utf-8
cache-control: no-cache
content-length: 88

11:01:35.512 [AsyncHttpClient-1-8] DEBUG o.a.netty.channel.ChannelManager - Adding key: http://localhost:52457 for channel [id: 0x2148f518, L:/127.0.0.1:64101 - R:localhost/127.0.0.1:52457]
11:01:35.514 [Forwarding isElementDisplayed on session 382d2052b61bc25573683fca6ebeef73 to remote] DEBUG o.a.netty.request.NettyRequestSender - Using pooled Channel '[id: 0x2148f518, L:/127.0.0.1:64101 - R:localhost/127.0.0.1:52457]' for 'POST' to 'http://localhost:52457/session/382d2052b61bc25573683fca6ebeef73/execute/sync'
11:01:35.515 [Forwarding isElementDisplayed on session 382d2052b61bc25573683fca6ebeef73 to remote] DEBUG o.a.netty.request.NettyRequestSender - Using open Channel [id: 0x2148f518, L:/127.0.0.1:64101 - R:localhost/127.0.0.1:52457] for POST '/session/382d2052b61bc25573683fca6ebeef73/execute/sync'
11:01:35.520 [AsyncHttpClient-1-8] DEBUG o.a.netty.handler.HttpHandler - 

Request DefaultHttpRequest(decodeResult: success, version: HTTP/1.1)
POST /session/382d2052b61bc25573683fca6ebeef73/execute/sync HTTP/1.1
User-Agent: selenium/4.1.2 (java windows)
Content-Length: 48780
Content-Type: application/json; charset=utf-8
host: localhost:52457
accept: */*

Response DefaultHttpResponse(decodeResult: success, version: HTTP/1.1)
HTTP/1.1 200 OK
Content-Type: application/json; charset=utf-8
cache-control: no-cache
content-length: 14

11:01:35.520 [AsyncHttpClient-1-8] DEBUG o.a.netty.channel.ChannelManager - Adding key: http://localhost:52457 for channel [id: 0x2148f518, L:/127.0.0.1:64101 - R:localhost/127.0.0.1:52457]
11:01:35.521 [Forwarding findElement on session 382d2052b61bc25573683fca6ebeef73 to remote] DEBUG o.a.netty.request.NettyRequestSender - Using pooled Channel '[id: 0x2148f518, L:/127.0.0.1:64101 - R:localhost/127.0.0.1:52457]' for 'POST' to 'http://localhost:52457/session/382d2052b61bc25573683fca6ebeef73/element'
11:01:35.521 [Forwarding findElement on session 382d2052b61bc25573683fca6ebeef73 to remote] DEBUG o.a.netty.request.NettyRequestSender - Using open Channel [id: 0x2148f518, L:/127.0.0.1:64101 - R:localhost/127.0.0.1:52457] for POST '/session/382d2052b61bc25573683fca6ebeef73/element'
11:01:35.526 [AsyncHttpClient-1-8] DEBUG o.a.netty.handler.HttpHandler - 

Request DefaultHttpRequest(decodeResult: success, version: HTTP/1.1)
POST /session/382d2052b61bc25573683fca6ebeef73/element HTTP/1.1
User-Agent: selenium/4.1.2 (java windows)
Content-Length: 125
Content-Type: application/json; charset=utf-8
host: localhost:52457
accept: */*

Response DefaultHttpResponse(decodeResult: success, version: HTTP/1.1)
HTTP/1.1 200 OK
Content-Type: application/json; charset=utf-8
cache-control: no-cache
content-length: 88

11:01:35.527 [AsyncHttpClient-1-8] DEBUG o.a.netty.channel.ChannelManager - Adding key: http://localhost:52457 for channel [id: 0x2148f518, L:/127.0.0.1:64101 - R:localhost/127.0.0.1:52457]
11:01:35.527 [Forwarding isElementEnabled on session 382d2052b61bc25573683fca6ebeef73 to remote] DEBUG o.a.netty.request.NettyRequestSender - Using pooled Channel '[id: 0x2148f518, L:/127.0.0.1:64101 - R:localhost/127.0.0.1:52457]' for 'GET' to 'http://localhost:52457/session/382d2052b61bc25573683fca6ebeef73/element/37e1a955-a917-4dff-86d0-48e4cb9c6560/enabled'
11:01:35.528 [Forwarding isElementEnabled on session 382d2052b61bc25573683fca6ebeef73 to remote] DEBUG o.a.netty.request.NettyRequestSender - Using open Channel [id: 0x2148f518, L:/127.0.0.1:64101 - R:localhost/127.0.0.1:52457] for GET '/session/382d2052b61bc25573683fca6ebeef73/element/37e1a955-a917-4dff-86d0-48e4cb9c6560/enabled'
11:01:35.533 [AsyncHttpClient-1-8] DEBUG o.a.netty.handler.HttpHandler - 

Request DefaultFullHttpRequest(decodeResult: success, version: HTTP/1.1, content: EmptyByteBufBE)
GET /session/382d2052b61bc25573683fca6ebeef73/element/37e1a955-a917-4dff-86d0-48e4cb9c6560/enabled HTTP/1.1
User-Agent: selenium/4.1.2 (java windows)
Cache-Control: no-cache
Content-Type: application/json; charset=utf-8
host: localhost:52457
accept: */*

Response DefaultHttpResponse(decodeResult: success, version: HTTP/1.1)
HTTP/1.1 200 OK
Content-Type: application/json; charset=utf-8
cache-control: no-cache
content-length: 14

11:01:35.533 [AsyncHttpClient-1-8] DEBUG o.a.netty.channel.ChannelManager - Adding key: http://localhost:52457 for channel [id: 0x2148f518, L:/127.0.0.1:64101 - R:localhost/127.0.0.1:52457]
  &amp#27;[32mAnd &amp#27;[0m&amp#27;[32muser verify the Login Page Elements is Visible&amp#27;[0m                                                   &amp#27;[90m# stepdefinitions.LoginPageSteps.user_verify_the_login_page_elements_is_visible()&amp#27;[0m
11:01:36.539 [AsyncHttpClient-1-1] DEBUG o.a.netty.channel.DefaultChannelPool - Entry count for : http://localhost:52457 : 1
11:01:36.539 [AsyncHttpClient-1-1] DEBUG o.a.netty.channel.DefaultChannelPool - Entry count for : http://localhost:64102 : 1
11:01:37.540 [main] DEBUG com.pages.LoginPage - enterUserCredentails: username = 'invalidUser' | password = 'InvalidPassword' 
11:01:37.540 [Forwarding findElement on session 382d2052b61bc25573683fca6ebeef73 to remote] DEBUG o.a.netty.request.NettyRequestSender - Using pooled Channel '[id: 0x2148f518, L:/127.0.0.1:64101 - R:localhost/127.0.0.1:52457]' for 'POST' to 'http://localhost:52457/session/382d2052b61bc25573683fca6ebeef73/element'
11:01:37.540 [Forwarding findElement on session 382d2052b61bc25573683fca6ebeef73 to remote] DEBUG o.a.netty.request.NettyRequestSender - Using open Channel [id: 0x2148f518, L:/127.0.0.1:64101 - R:localhost/127.0.0.1:52457] for POST '/session/382d2052b61bc25573683fca6ebeef73/element'
11:01:37.544 [AsyncHttpClient-1-8] DEBUG o.a.netty.handler.HttpHandler - 

Request DefaultHttpRequest(decodeResult: success, version: HTTP/1.1)
POST /session/382d2052b61bc25573683fca6ebeef73/element HTTP/1.1
User-Agent: selenium/4.1.2 (java windows)
Content-Length: 128
Content-Type: application/json; charset=utf-8
host: localhost:52457
accept: */*

Response DefaultHttpResponse(decodeResult: success, version: HTTP/1.1)
HTTP/1.1 200 OK
Content-Type: application/json; charset=utf-8
cache-control: no-cache
content-length: 88

11:01:37.545 [AsyncHttpClient-1-8] DEBUG o.a.netty.channel.ChannelManager - Adding key: http://localhost:52457 for channel [id: 0x2148f518, L:/127.0.0.1:64101 - R:localhost/127.0.0.1:52457]
11:01:37.546 [Forwarding sendKeysToElement on session 382d2052b61bc25573683fca6ebeef73 to remote] DEBUG o.a.netty.request.NettyRequestSender - Using pooled Channel '[id: 0x2148f518, L:/127.0.0.1:64101 - R:localhost/127.0.0.1:52457]' for 'POST' to 'http://localhost:52457/session/382d2052b61bc25573683fca6ebeef73/element/2e19bf2f-391a-418f-bb9b-78529b1873dc/value'
11:01:37.546 [Forwarding sendKeysToElement on session 382d2052b61bc25573683fca6ebeef73 to remote] DEBUG o.a.netty.request.NettyRequestSender - Using open Channel [id: 0x2148f518, L:/127.0.0.1:64101 - R:localhost/127.0.0.1:52457] for POST '/session/382d2052b61bc25573683fca6ebeef73/element/2e19bf2f-391a-418f-bb9b-78529b1873dc/value'
11:01:37.568 [AsyncHttpClient-1-8] DEBUG o.a.netty.handler.HttpHandler - 

Request DefaultHttpRequest(decodeResult: success, version: HTTP/1.1)
POST /session/382d2052b61bc25573683fca6ebeef73/element/2e19bf2f-391a-418f-bb9b-78529b1873dc/value HTTP/1.1
User-Agent: selenium/4.1.2 (java windows)
Content-Length: 191
Content-Type: application/json; charset=utf-8
host: localhost:52457
accept: */*

Response DefaultHttpResponse(decodeResult: success, version: HTTP/1.1)
HTTP/1.1 200 OK
Content-Type: application/json; charset=utf-8
cache-control: no-cache
content-length: 14

11:01:37.568 [AsyncHttpClient-1-8] DEBUG o.a.netty.channel.ChannelManager - Adding key: http://localhost:52457 for channel [id: 0x2148f518, L:/127.0.0.1:64101 - R:localhost/127.0.0.1:52457]
11:01:37.569 [Forwarding findElement on session 382d2052b61bc25573683fca6ebeef73 to remote] DEBUG o.a.netty.request.NettyRequestSender - Using pooled Channel '[id: 0x2148f518, L:/127.0.0.1:64101 - R:localhost/127.0.0.1:52457]' for 'POST' to 'http://localhost:52457/session/382d2052b61bc25573683fca6ebeef73/element'
11:01:37.569 [Forwarding findElement on session 382d2052b61bc25573683fca6ebeef73 to remote] DEBUG o.a.netty.request.NettyRequestSender - Using open Channel [id: 0x2148f518, L:/127.0.0.1:64101 - R:localhost/127.0.0.1:52457] for POST '/session/382d2052b61bc25573683fca6ebeef73/element'
11:01:37.573 [AsyncHttpClient-1-8] DEBUG o.a.netty.handler.HttpHandler - 

Request DefaultHttpRequest(decodeResult: success, version: HTTP/1.1)
POST /session/382d2052b61bc25573683fca6ebeef73/element HTTP/1.1
User-Agent: selenium/4.1.2 (java windows)
Content-Length: 132
Content-Type: application/json; charset=utf-8
host: localhost:52457
accept: */*

Response DefaultHttpResponse(decodeResult: success, version: HTTP/1.1)
HTTP/1.1 200 OK
Content-Type: application/json; charset=utf-8
cache-control: no-cache
content-length: 88

11:01:37.573 [AsyncHttpClient-1-8] DEBUG o.a.netty.channel.ChannelManager - Adding key: http://localhost:52457 for channel [id: 0x2148f518, L:/127.0.0.1:64101 - R:localhost/127.0.0.1:52457]
11:01:37.574 [Forwarding sendKeysToElement on session 382d2052b61bc25573683fca6ebeef73 to remote] DEBUG o.a.netty.request.NettyRequestSender - Using pooled Channel '[id: 0x2148f518, L:/127.0.0.1:64101 - R:localhost/127.0.0.1:52457]' for 'POST' to 'http://localhost:52457/session/382d2052b61bc25573683fca6ebeef73/element/a68e1f90-d8f0-485a-a6c5-b068dda9f234/value'
11:01:37.574 [Forwarding sendKeysToElement on session 382d2052b61bc25573683fca6ebeef73 to remote] DEBUG o.a.netty.request.NettyRequestSender - Using open Channel [id: 0x2148f518, L:/127.0.0.1:64101 - R:localhost/127.0.0.1:52457] for POST '/session/382d2052b61bc25573683fca6ebeef73/element/a68e1f90-d8f0-485a-a6c5-b068dda9f234/value'
11:01:37.602 [AsyncHttpClient-1-8] DEBUG o.a.netty.handler.HttpHandler - 

Request DefaultHttpRequest(decodeResult: success, version: HTTP/1.1)
POST /session/382d2052b61bc25573683fca6ebeef73/element/a68e1f90-d8f0-485a-a6c5-b068dda9f234/value HTTP/1.1
User-Agent: selenium/4.1.2 (java windows)
Content-Length: 231
Content-Type: application/json; charset=utf-8
host: localhost:52457
accept: */*

Response DefaultHttpResponse(decodeResult: success, version: HTTP/1.1)
HTTP/1.1 200 OK
Content-Type: application/json; charset=utf-8
cache-control: no-cache
content-length: 14

11:01:37.602 [AsyncHttpClient-1-8] DEBUG o.a.netty.channel.ChannelManager - Adding key: http://localhost:52457 for channel [id: 0x2148f518, L:/127.0.0.1:64101 - R:localhost/127.0.0.1:52457]
11:01:37.603 [Forwarding findElement on session 382d2052b61bc25573683fca6ebeef73 to remote] DEBUG o.a.netty.request.NettyRequestSender - Using pooled Channel '[id: 0x2148f518, L:/127.0.0.1:64101 - R:localhost/127.0.0.1:52457]' for 'POST' to 'http://localhost:52457/session/382d2052b61bc25573683fca6ebeef73/element'
11:01:37.603 [Forwarding findElement on session 382d2052b61bc25573683fca6ebeef73 to remote] DEBUG o.a.netty.request.NettyRequestSender - Using open Channel [id: 0x2148f518, L:/127.0.0.1:64101 - R:localhost/127.0.0.1:52457] for POST '/session/382d2052b61bc25573683fca6ebeef73/element'
11:01:37.608 [AsyncHttpClient-1-8] DEBUG o.a.netty.handler.HttpHandler - 

Request DefaultHttpRequest(decodeResult: success, version: HTTP/1.1)
POST /session/382d2052b61bc25573683fca6ebeef73/element HTTP/1.1
User-Agent: selenium/4.1.2 (java windows)
Content-Length: 125
Content-Type: application/json; charset=utf-8
host: localhost:52457
accept: */*

Response DefaultHttpResponse(decodeResult: success, version: HTTP/1.1)
HTTP/1.1 200 OK
Content-Type: application/json; charset=utf-8
cache-control: no-cache
content-length: 88

11:01:37.608 [AsyncHttpClient-1-8] DEBUG o.a.netty.channel.ChannelManager - Adding key: http://localhost:52457 for channel [id: 0x2148f518, L:/127.0.0.1:64101 - R:localhost/127.0.0.1:52457]
11:01:37.609 [Forwarding clickElement on session 382d2052b61bc25573683fca6ebeef73 to remote] DEBUG o.a.netty.request.NettyRequestSender - Using pooled Channel '[id: 0x2148f518, L:/127.0.0.1:64101 - R:localhost/127.0.0.1:52457]' for 'POST' to 'http://localhost:52457/session/382d2052b61bc25573683fca6ebeef73/element/37e1a955-a917-4dff-86d0-48e4cb9c6560/click'
11:01:37.609 [Forwarding clickElement on session 382d2052b61bc25573683fca6ebeef73 to remote] DEBUG o.a.netty.request.NettyRequestSender - Using open Channel [id: 0x2148f518, L:/127.0.0.1:64101 - R:localhost/127.0.0.1:52457] for POST '/session/382d2052b61bc25573683fca6ebeef73/element/37e1a955-a917-4dff-86d0-48e4cb9c6560/click'
11:01:37.635 [AsyncHttpClient-1-1] DEBUG o.a.netty.channel.DefaultChannelPool - Entry count for : http://localhost:64102 : 1
11:01:37.672 [AsyncHttpClient-1-8] DEBUG o.a.netty.handler.HttpHandler - 

Request DefaultHttpRequest(decodeResult: success, version: HTTP/1.1)
POST /session/382d2052b61bc25573683fca6ebeef73/element/37e1a955-a917-4dff-86d0-48e4cb9c6560/click HTTP/1.1
User-Agent: selenium/4.1.2 (java windows)
Content-Length: 50
Content-Type: application/json; charset=utf-8
host: localhost:52457
accept: */*

Response DefaultHttpResponse(decodeResult: success, version: HTTP/1.1)
HTTP/1.1 200 OK
Content-Type: application/json; charset=utf-8
cache-control: no-cache
content-length: 14

11:01:37.672 [AsyncHttpClient-1-8] DEBUG o.a.netty.channel.ChannelManager - Adding key: http://localhost:52457 for channel [id: 0x2148f518, L:/127.0.0.1:64101 - R:localhost/127.0.0.1:52457]
11:01:37.672 [main] DEBUG com.pages.LoginPage - verifyErrorMessage: 'The information you entered was not recognized.' 
11:01:37.673 [Forwarding findElement on session 382d2052b61bc25573683fca6ebeef73 to remote] DEBUG o.a.netty.request.NettyRequestSender - Using pooled Channel '[id: 0x2148f518, L:/127.0.0.1:64101 - R:localhost/127.0.0.1:52457]' for 'POST' to 'http://localhost:52457/session/382d2052b61bc25573683fca6ebeef73/element'
11:01:37.673 [Forwarding findElement on session 382d2052b61bc25573683fca6ebeef73 to remote] DEBUG o.a.netty.request.NettyRequestSender - Using open Channel [id: 0x2148f518, L:/127.0.0.1:64101 - R:localhost/127.0.0.1:52457] for POST '/session/382d2052b61bc25573683fca6ebeef73/element'
11:01:37.681 [AsyncHttpClient-1-8] DEBUG o.a.netty.handler.HttpHandler - 

Request DefaultHttpRequest(decodeResult: success, version: HTTP/1.1)
POST /session/382d2052b61bc25573683fca6ebeef73/element HTTP/1.1
User-Agent: selenium/4.1.2 (java windows)
Content-Length: 75
Content-Type: application/json; charset=utf-8
host: localhost:52457
accept: */*

Response DefaultHttpResponse(decodeResult: success, version: HTTP/1.1)
HTTP/1.1 200 OK
Content-Type: application/json; charset=utf-8
cache-control: no-cache
content-length: 88

11:01:37.682 [AsyncHttpClient-1-8] DEBUG o.a.netty.channel.ChannelManager - Adding key: http://localhost:52457 for channel [id: 0x2148f518, L:/127.0.0.1:64101 - R:localhost/127.0.0.1:52457]
11:01:37.685 [Forwarding isElementDisplayed on session 382d2052b61bc25573683fca6ebeef73 to remote] DEBUG o.a.netty.request.NettyRequestSender - Using pooled Channel '[id: 0x2148f518, L:/127.0.0.1:64101 - R:localhost/127.0.0.1:52457]' for 'POST' to 'http://localhost:52457/session/382d2052b61bc25573683fca6ebeef73/execute/sync'
11:01:37.685 [Forwarding isElementDisplayed on session 382d2052b61bc25573683fca6ebeef73 to remote] DEBUG o.a.netty.request.NettyRequestSender - Using open Channel [id: 0x2148f518, L:/127.0.0.1:64101 - R:localhost/127.0.0.1:52457] for POST '/session/382d2052b61bc25573683fca6ebeef73/execute/sync'
11:01:37.696 [AsyncHttpClient-1-8] DEBUG o.a.netty.handler.HttpHandler - 

Request DefaultHttpRequest(decodeResult: success, version: HTTP/1.1)
POST /session/382d2052b61bc25573683fca6ebeef73/execute/sync HTTP/1.1
User-Agent: selenium/4.1.2 (java windows)
Content-Length: 48780
Content-Type: application/json; charset=utf-8
host: localhost:52457
accept: */*

Response DefaultHttpResponse(decodeResult: success, version: HTTP/1.1)
HTTP/1.1 200 OK
Content-Type: application/json; charset=utf-8
cache-control: no-cache
content-length: 15

11:01:37.696 [AsyncHttpClient-1-8] DEBUG o.a.netty.channel.ChannelManager - Adding key: http://localhost:52457 for channel [id: 0x2148f518, L:/127.0.0.1:64101 - R:localhost/127.0.0.1:52457]
11:01:38.201 [Forwarding findElement on session 382d2052b61bc25573683fca6ebeef73 to remote] DEBUG o.a.netty.request.NettyRequestSender - Using pooled Channel '[id: 0x2148f518, L:/127.0.0.1:64101 - R:localhost/127.0.0.1:52457]' for 'POST' to 'http://localhost:52457/session/382d2052b61bc25573683fca6ebeef73/element'
11:01:38.202 [Forwarding findElement on session 382d2052b61bc25573683fca6ebeef73 to remote] DEBUG o.a.netty.request.NettyRequestSender - Using open Channel [id: 0x2148f518, L:/127.0.0.1:64101 - R:localhost/127.0.0.1:52457] for POST '/session/382d2052b61bc25573683fca6ebeef73/element'
11:01:38.206 [AsyncHttpClient-1-8] DEBUG o.a.netty.handler.HttpHandler - 

Request DefaultHttpRequest(decodeResult: success, version: HTTP/1.1)
POST /session/382d2052b61bc25573683fca6ebeef73/element HTTP/1.1
User-Agent: selenium/4.1.2 (java windows)
Content-Length: 75
Content-Type: application/json; charset=utf-8
host: localhost:52457
accept: */*

Response DefaultHttpResponse(decodeResult: success, version: HTTP/1.1)
HTTP/1.1 200 OK
Content-Type: application/json; charset=utf-8
cache-control: no-cache
content-length: 88

11:01:38.206 [AsyncHttpClient-1-8] DEBUG o.a.netty.channel.ChannelManager - Adding key: http://localhost:52457 for channel [id: 0x2148f518, L:/127.0.0.1:64101 - R:localhost/127.0.0.1:52457]
11:01:38.209 [Forwarding isElementDisplayed on session 382d2052b61bc25573683fca6ebeef73 to remote] DEBUG o.a.netty.request.NettyRequestSender - Using pooled Channel '[id: 0x2148f518, L:/127.0.0.1:64101 - R:localhost/127.0.0.1:52457]' for 'POST' to 'http://localhost:52457/session/382d2052b61bc25573683fca6ebeef73/execute/sync'
11:01:38.209 [Forwarding isElementDisplayed on session 382d2052b61bc25573683fca6ebeef73 to remote] DEBUG o.a.netty.request.NettyRequestSender - Using open Channel [id: 0x2148f518, L:/127.0.0.1:64101 - R:localhost/127.0.0.1:52457] for POST '/session/382d2052b61bc25573683fca6ebeef73/execute/sync'
11:01:38.214 [AsyncHttpClient-1-8] DEBUG o.a.netty.handler.HttpHandler - 

Request DefaultHttpRequest(decodeResult: success, version: HTTP/1.1)
POST /session/382d2052b61bc25573683fca6ebeef73/execute/sync HTTP/1.1
User-Agent: selenium/4.1.2 (java windows)
Content-Length: 48780
Content-Type: application/json; charset=utf-8
host: localhost:52457
accept: */*

Response DefaultHttpResponse(decodeResult: success, version: HTTP/1.1)
HTTP/1.1 200 OK
Content-Type: application/json; charset=utf-8
cache-control: no-cache
content-length: 15

11:01:38.214 [AsyncHttpClient-1-8] DEBUG o.a.netty.channel.ChannelManager - Adding key: http://localhost:52457 for channel [id: 0x2148f518, L:/127.0.0.1:64101 - R:localhost/127.0.0.1:52457]
11:01:38.721 [Forwarding findElement on session 382d2052b61bc25573683fca6ebeef73 to remote] DEBUG o.a.netty.request.NettyRequestSender - Using pooled Channel '[id: 0x2148f518, L:/127.0.0.1:64101 - R:localhost/127.0.0.1:52457]' for 'POST' to 'http://localhost:52457/session/382d2052b61bc25573683fca6ebeef73/element'
11:01:38.721 [Forwarding findElement on session 382d2052b61bc25573683fca6ebeef73 to remote] DEBUG o.a.netty.request.NettyRequestSender - Using open Channel [id: 0x2148f518, L:/127.0.0.1:64101 - R:localhost/127.0.0.1:52457] for POST '/session/382d2052b61bc25573683fca6ebeef73/element'
11:01:38.725 [AsyncHttpClient-1-8] DEBUG o.a.netty.handler.HttpHandler - 

Request DefaultHttpRequest(decodeResult: success, version: HTTP/1.1)
POST /session/382d2052b61bc25573683fca6ebeef73/element HTTP/1.1
User-Agent: selenium/4.1.2 (java windows)
Content-Length: 75
Content-Type: application/json; charset=utf-8
host: localhost:52457
accept: */*

Response DefaultHttpResponse(decodeResult: success, version: HTTP/1.1)
HTTP/1.1 200 OK
Content-Type: application/json; charset=utf-8
cache-control: no-cache
content-length: 88

11:01:38.725 [AsyncHttpClient-1-8] DEBUG o.a.netty.channel.ChannelManager - Adding key: http://localhost:52457 for channel [id: 0x2148f518, L:/127.0.0.1:64101 - R:localhost/127.0.0.1:52457]
11:01:38.728 [Forwarding isElementDisplayed on session 382d2052b61bc25573683fca6ebeef73 to remote] DEBUG o.a.netty.request.NettyRequestSender - Using pooled Channel '[id: 0x2148f518, L:/127.0.0.1:64101 - R:localhost/127.0.0.1:52457]' for 'POST' to 'http://localhost:52457/session/382d2052b61bc25573683fca6ebeef73/execute/sync'
11:01:38.728 [Forwarding isElementDisplayed on session 382d2052b61bc25573683fca6ebeef73 to remote] DEBUG o.a.netty.request.NettyRequestSender - Using open Channel [id: 0x2148f518, L:/127.0.0.1:64101 - R:localhost/127.0.0.1:52457] for POST '/session/382d2052b61bc25573683fca6ebeef73/execute/sync'
11:01:38.732 [AsyncHttpClient-1-8] DEBUG o.a.netty.handler.HttpHandler - 

Request DefaultHttpRequest(decodeResult: success, version: HTTP/1.1)
POST /session/382d2052b61bc25573683fca6ebeef73/execute/sync HTTP/1.1
User-Agent: selenium/4.1.2 (java windows)
Content-Length: 48780
Content-Type: application/json; charset=utf-8
host: localhost:52457
accept: */*

Response DefaultHttpResponse(decodeResult: success, version: HTTP/1.1)
HTTP/1.1 200 OK
Content-Type: application/json; charset=utf-8
cache-control: no-cache
content-length: 14

11:01:38.732 [AsyncHttpClient-1-8] DEBUG o.a.netty.channel.ChannelManager - Adding key: http://localhost:52457 for channel [id: 0x2148f518, L:/127.0.0.1:64101 - R:localhost/127.0.0.1:52457]
11:01:38.733 [Forwarding getElementText on session 382d2052b61bc25573683fca6ebeef73 to remote] DEBUG o.a.netty.request.NettyRequestSender - Using pooled Channel '[id: 0x2148f518, L:/127.0.0.1:64101 - R:localhost/127.0.0.1:52457]' for 'GET' to 'http://localhost:52457/session/382d2052b61bc25573683fca6ebeef73/element/8aa97eef-97cc-42fa-b195-aec12fc61b65/text'
11:01:38.733 [Forwarding getElementText on session 382d2052b61bc25573683fca6ebeef73 to remote] DEBUG o.a.netty.request.NettyRequestSender - Using open Channel [id: 0x2148f518, L:/127.0.0.1:64101 - R:localhost/127.0.0.1:52457] for GET '/session/382d2052b61bc25573683fca6ebeef73/element/8aa97eef-97cc-42fa-b195-aec12fc61b65/text'
11:01:38.737 [AsyncHttpClient-1-1] DEBUG o.a.netty.channel.DefaultChannelPool - Entry count for : http://localhost:64102 : 1
11:01:38.742 [AsyncHttpClient-1-8] DEBUG o.a.netty.handler.HttpHandler - 

Request DefaultFullHttpRequest(decodeResult: success, version: HTTP/1.1, content: EmptyByteBufBE)
GET /session/382d2052b61bc25573683fca6ebeef73/element/8aa97eef-97cc-42fa-b195-aec12fc61b65/text HTTP/1.1
User-Agent: selenium/4.1.2 (java windows)
Cache-Control: no-cache
Content-Type: application/json; charset=utf-8
host: localhost:52457
accept: */*

Response DefaultHttpResponse(decodeResult: success, version: HTTP/1.1)
HTTP/1.1 200 OK
Content-Type: application/json; charset=utf-8
cache-control: no-cache
content-length: 59

11:01:38.742 [AsyncHttpClient-1-8] DEBUG o.a.netty.channel.ChannelManager - Adding key: http://localhost:52457 for channel [id: 0x2148f518, L:/127.0.0.1:64101 - R:localhost/127.0.0.1:52457]
11:01:39.833 [AsyncHttpClient-1-1] DEBUG o.a.netty.channel.DefaultChannelPool - Entry count for : http://localhost:52457 : 1
11:01:39.833 [AsyncHttpClient-1-1] DEBUG o.a.netty.channel.DefaultChannelPool - Entry count for : http://localhost:64102 : 1
  &amp#27;[32mWhen &amp#27;[0m&amp#27;[32muser login using invalid credentials with username &amp#27;[0m&amp#27;[32m&amp#27;[1m"invalidUser"&amp#27;[0m&amp#27;[32m and password &amp#27;[0m&amp#27;[32m&amp#27;[1m"InvalidPassword"&amp#27;[0m &amp#27;[90m# stepdefinitions.LoginPageSteps.user_login_using_invalid_credentials_with_username_and_password(java.lang.String,java.lang.String)&amp#27;[0m
11:01:40.757 [Forwarding getTitle on session 382d2052b61bc25573683fca6ebeef73 to remote] DEBUG o.a.netty.request.NettyRequestSender - Using pooled Channel '[id: 0x2148f518, L:/127.0.0.1:64101 - R:localhost/127.0.0.1:52457]' for 'GET' to 'http://localhost:52457/session/382d2052b61bc25573683fca6ebeef73/title'
11:01:40.757 [Forwarding getTitle on session 382d2052b61bc25573683fca6ebeef73 to remote] DEBUG o.a.netty.request.NettyRequestSender - Using open Channel [id: 0x2148f518, L:/127.0.0.1:64101 - R:localhost/127.0.0.1:52457] for GET '/session/382d2052b61bc25573683fca6ebeef73/title'
11:01:40.760 [AsyncHttpClient-1-8] DEBUG o.a.netty.handler.HttpHandler - 

Request DefaultFullHttpRequest(decodeResult: success, version: HTTP/1.1, content: EmptyByteBufBE)
GET /session/382d2052b61bc25573683fca6ebeef73/title HTTP/1.1
User-Agent: selenium/4.1.2 (java windows)
Cache-Control: no-cache
Content-Type: application/json; charset=utf-8
host: localhost:52457
accept: */*

Response DefaultHttpResponse(decodeResult: success, version: HTTP/1.1)
HTTP/1.1 200 OK
Content-Type: application/json; charset=utf-8
cache-control: no-cache
content-length: 22

11:01:40.760 [AsyncHttpClient-1-8] DEBUG o.a.netty.channel.ChannelManager - Adding key: http://localhost:52457 for channel [id: 0x2148f518, L:/127.0.0.1:64101 - R:localhost/127.0.0.1:52457]
11:01:40.760 [main] DEBUG com.pages.LoginPage - verifyApplication: 'Login Page' 
11:01:40.761 [Forwarding getTitle on session 382d2052b61bc25573683fca6ebeef73 to remote] DEBUG o.a.netty.request.NettyRequestSender - Using pooled Channel '[id: 0x2148f518, L:/127.0.0.1:64101 - R:localhost/127.0.0.1:52457]' for 'GET' to 'http://localhost:52457/session/382d2052b61bc25573683fca6ebeef73/title'
11:01:40.761 [Forwarding getTitle on session 382d2052b61bc25573683fca6ebeef73 to remote] DEBUG o.a.netty.request.NettyRequestSender - Using open Channel [id: 0x2148f518, L:/127.0.0.1:64101 - R:localhost/127.0.0.1:52457] for GET '/session/382d2052b61bc25573683fca6ebeef73/title'
11:01:40.762 [AsyncHttpClient-1-8] DEBUG o.a.netty.handler.HttpHandler - 

Request DefaultFullHttpRequest(decodeResult: success, version: HTTP/1.1, content: EmptyByteBufBE)
GET /session/382d2052b61bc25573683fca6ebeef73/title HTTP/1.1
User-Agent: selenium/4.1.2 (java windows)
Cache-Control: no-cache
Content-Type: application/json; charset=utf-8
host: localhost:52457
accept: */*

Response DefaultHttpResponse(decodeResult: success, version: HTTP/1.1)
HTTP/1.1 200 OK
Content-Type: application/json; charset=utf-8
cache-control: no-cache
content-length: 22

11:01:40.762 [AsyncHttpClient-1-8] DEBUG o.a.netty.channel.ChannelManager - Adding key: http://localhost:52457 for channel [id: 0x2148f518, L:/127.0.0.1:64101 - R:localhost/127.0.0.1:52457]
11:01:40.926 [AsyncHttpClient-1-1] DEBUG o.a.netty.channel.DefaultChannelPool - Entry count for : http://localhost:52457 : 1
11:01:40.926 [AsyncHttpClient-1-1] DEBUG o.a.netty.channel.DefaultChannelPool - Entry count for : http://localhost:64102 : 1
11:01:42.029 [AsyncHttpClient-1-1] DEBUG o.a.netty.channel.DefaultChannelPool - Entry count for : http://localhost:52457 : 1
11:01:42.029 [AsyncHttpClient-1-1] DEBUG o.a.netty.channel.DefaultChannelPool - Entry count for : http://localhost:64102 : 1
11:01:43.130 [AsyncHttpClient-1-1] DEBUG o.a.netty.channel.DefaultChannelPool - Entry count for : http://localhost:52457 : 1
11:01:43.130 [AsyncHttpClient-1-1] DEBUG o.a.netty.channel.DefaultChannelPool - Entry count for : http://localhost:64102 : 1
11:01:44.233 [AsyncHttpClient-1-1] DEBUG o.a.netty.channel.DefaultChannelPool - Entry count for : http://localhost:52457 : 1
11:01:44.233 [AsyncHttpClient-1-1] DEBUG o.a.netty.channel.DefaultChannelPool - Entry count for : http://localhost:64102 : 1
11:01:45.335 [AsyncHttpClient-1-1] DEBUG o.a.netty.channel.DefaultChannelPool - Entry count for : http://localhost:52457 : 1
11:01:45.335 [AsyncHttpClient-1-1] DEBUG o.a.netty.channel.DefaultChannelPool - Entry count for : http://localhost:64102 : 1
11:01:45.775 [main] DEBUG com.pages.LoginPage - verifyErrorMessage: 'The information you entered was not recognized.' 
11:01:45.775 [Forwarding findElement on session 382d2052b61bc25573683fca6ebeef73 to remote] DEBUG o.a.netty.request.NettyRequestSender - Using pooled Channel '[id: 0x2148f518, L:/127.0.0.1:64101 - R:localhost/127.0.0.1:52457]' for 'POST' to 'http://localhost:52457/session/382d2052b61bc25573683fca6ebeef73/element'
11:01:45.775 [Forwarding findElement on session 382d2052b61bc25573683fca6ebeef73 to remote] DEBUG o.a.netty.request.NettyRequestSender - Using open Channel [id: 0x2148f518, L:/127.0.0.1:64101 - R:localhost/127.0.0.1:52457] for POST '/session/382d2052b61bc25573683fca6ebeef73/element'
11:01:45.780 [AsyncHttpClient-1-8] DEBUG o.a.netty.handler.HttpHandler - 

Request DefaultHttpRequest(decodeResult: success, version: HTTP/1.1)
POST /session/382d2052b61bc25573683fca6ebeef73/element HTTP/1.1
User-Agent: selenium/4.1.2 (java windows)
Content-Length: 75
Content-Type: application/json; charset=utf-8
host: localhost:52457
accept: */*

Response DefaultHttpResponse(decodeResult: success, version: HTTP/1.1)
HTTP/1.1 200 OK
Content-Type: application/json; charset=utf-8
cache-control: no-cache
content-length: 88

11:01:45.780 [AsyncHttpClient-1-8] DEBUG o.a.netty.channel.ChannelManager - Adding key: http://localhost:52457 for channel [id: 0x2148f518, L:/127.0.0.1:64101 - R:localhost/127.0.0.1:52457]
11:01:45.782 [Forwarding isElementDisplayed on session 382d2052b61bc25573683fca6ebeef73 to remote] DEBUG o.a.netty.request.NettyRequestSender - Using pooled Channel '[id: 0x2148f518, L:/127.0.0.1:64101 - R:localhost/127.0.0.1:52457]' for 'POST' to 'http://localhost:52457/session/382d2052b61bc25573683fca6ebeef73/execute/sync'
11:01:45.782 [Forwarding isElementDisplayed on session 382d2052b61bc25573683fca6ebeef73 to remote] DEBUG o.a.netty.request.NettyRequestSender - Using open Channel [id: 0x2148f518, L:/127.0.0.1:64101 - R:localhost/127.0.0.1:52457] for POST '/session/382d2052b61bc25573683fca6ebeef73/execute/sync'
11:01:45.787 [AsyncHttpClient-1-8] DEBUG o.a.netty.handler.HttpHandler - 

Request DefaultHttpRequest(decodeResult: success, version: HTTP/1.1)
POST /session/382d2052b61bc25573683fca6ebeef73/execute/sync HTTP/1.1
User-Agent: selenium/4.1.2 (java windows)
Content-Length: 48780
Content-Type: application/json; charset=utf-8
host: localhost:52457
accept: */*

Response DefaultHttpResponse(decodeResult: success, version: HTTP/1.1)
HTTP/1.1 200 OK
Content-Type: application/json; charset=utf-8
cache-control: no-cache
content-length: 14

11:01:45.788 [AsyncHttpClient-1-8] DEBUG o.a.netty.channel.ChannelManager - Adding key: http://localhost:52457 for channel [id: 0x2148f518, L:/127.0.0.1:64101 - R:localhost/127.0.0.1:52457]
11:01:45.788 [Forwarding getElementText on session 382d2052b61bc25573683fca6ebeef73 to remote] DEBUG o.a.netty.request.NettyRequestSender - Using pooled Channel '[id: 0x2148f518, L:/127.0.0.1:64101 - R:localhost/127.0.0.1:52457]' for 'GET' to 'http://localhost:52457/session/382d2052b61bc25573683fca6ebeef73/element/8aa97eef-97cc-42fa-b195-aec12fc61b65/text'
11:01:45.788 [Forwarding getElementText on session 382d2052b61bc25573683fca6ebeef73 to remote] DEBUG o.a.netty.request.NettyRequestSender - Using open Channel [id: 0x2148f518, L:/127.0.0.1:64101 - R:localhost/127.0.0.1:52457] for GET '/session/382d2052b61bc25573683fca6ebeef73/element/8aa97eef-97cc-42fa-b195-aec12fc61b65/text'
11:01:45.792 [AsyncHttpClient-1-8] DEBUG o.a.netty.handler.HttpHandler - 

Request DefaultFullHttpRequest(decodeResult: success, version: HTTP/1.1, content: EmptyByteBufBE)
GET /session/382d2052b61bc25573683fca6ebeef73/element/8aa97eef-97cc-42fa-b195-aec12fc61b65/text HTTP/1.1
User-Agent: selenium/4.1.2 (java windows)
Cache-Control: no-cache
Content-Type: application/json; charset=utf-8
host: localhost:52457
accept: */*

Response DefaultHttpResponse(decodeResult: success, version: HTTP/1.1)
HTTP/1.1 200 OK
Content-Type: application/json; charset=utf-8
cache-control: no-cache
content-length: 59

11:01:45.792 [AsyncHttpClient-1-8] DEBUG o.a.netty.channel.ChannelManager - Adding key: http://localhost:52457 for channel [id: 0x2148f518, L:/127.0.0.1:64101 - R:localhost/127.0.0.1:52457]
11:01:46.435 [AsyncHttpClient-1-1] DEBUG o.a.netty.channel.DefaultChannelPool - Entry count for : http://localhost:52457 : 1
11:01:46.435 [AsyncHttpClient-1-1] DEBUG o.a.netty.channel.DefaultChannelPool - Entry count for : http://localhost:64102 : 1
11:01:47.539 [AsyncHttpClient-1-1] DEBUG o.a.netty.channel.DefaultChannelPool - Entry count for : http://localhost:52457 : 1
11:01:47.539 [AsyncHttpClient-1-1] DEBUG o.a.netty.channel.DefaultChannelPool - Entry count for : http://localhost:64102 : 1
  &amp#27;[32mThen &amp#27;[0m&amp#27;[32muser should not proceed to Dashboard Page&amp#27;[0m                                                       &amp#27;[90m# stepdefinitions.LoginPageSteps.user_should_not_proceed_to_dashboard_page()&amp#27;[0m
11:01:48.627 [AsyncHttpClient-1-1] DEBUG o.a.netty.channel.DefaultChannelPool - Entry count for : http://localhost:52457 : 1
11:01:48.627 [AsyncHttpClient-1-1] DEBUG o.a.netty.channel.DefaultChannelPool - Entry count for : http://localhost:64102 : 1
11:01:49.727 [AsyncHttpClient-1-1] DEBUG o.a.netty.channel.DefaultChannelPool - Entry count for : http://localhost:52457 : 1
11:01:49.727 [AsyncHttpClient-1-1] DEBUG o.a.netty.channel.DefaultChannelPool - Entry count for : http://localhost:64102 : 1
11:01:49.822 [main] DEBUG com.pages.LoginPage - enterUserCredentails: username = 'user@vrbank' | password = 'pega123!' 
11:01:49.822 [Forwarding findElement on session 382d2052b61bc25573683fca6ebeef73 to remote] DEBUG o.a.netty.request.NettyRequestSender - Using pooled Channel '[id: 0x2148f518, L:/127.0.0.1:64101 - R:localhost/127.0.0.1:52457]' for 'POST' to 'http://localhost:52457/session/382d2052b61bc25573683fca6ebeef73/element'
11:01:49.822 [Forwarding findElement on session 382d2052b61bc25573683fca6ebeef73 to remote] DEBUG o.a.netty.request.NettyRequestSender - Using open Channel [id: 0x2148f518, L:/127.0.0.1:64101 - R:localhost/127.0.0.1:52457] for POST '/session/382d2052b61bc25573683fca6ebeef73/element'
11:01:49.827 [AsyncHttpClient-1-8] DEBUG o.a.netty.handler.HttpHandler - 

Request DefaultHttpRequest(decodeResult: success, version: HTTP/1.1)
POST /session/382d2052b61bc25573683fca6ebeef73/element HTTP/1.1
User-Agent: selenium/4.1.2 (java windows)
Content-Length: 128
Content-Type: application/json; charset=utf-8
host: localhost:52457
accept: */*

Response DefaultHttpResponse(decodeResult: success, version: HTTP/1.1)
HTTP/1.1 200 OK
Content-Type: application/json; charset=utf-8
cache-control: no-cache
content-length: 88

11:01:49.827 [AsyncHttpClient-1-8] DEBUG o.a.netty.channel.ChannelManager - Adding key: http://localhost:52457 for channel [id: 0x2148f518, L:/127.0.0.1:64101 - R:localhost/127.0.0.1:52457]
11:01:49.828 [Forwarding sendKeysToElement on session 382d2052b61bc25573683fca6ebeef73 to remote] DEBUG o.a.netty.request.NettyRequestSender - Using pooled Channel '[id: 0x2148f518, L:/127.0.0.1:64101 - R:localhost/127.0.0.1:52457]' for 'POST' to 'http://localhost:52457/session/382d2052b61bc25573683fca6ebeef73/element/a6c3dccc-cab9-48b9-9045-d941ed212c97/value'
11:01:49.828 [Forwarding sendKeysToElement on session 382d2052b61bc25573683fca6ebeef73 to remote] DEBUG o.a.netty.request.NettyRequestSender - Using open Channel [id: 0x2148f518, L:/127.0.0.1:64101 - R:localhost/127.0.0.1:52457] for POST '/session/382d2052b61bc25573683fca6ebeef73/element/a6c3dccc-cab9-48b9-9045-d941ed212c97/value'
11:01:49.846 [AsyncHttpClient-1-8] DEBUG o.a.netty.handler.HttpHandler - 

Request DefaultHttpRequest(decodeResult: success, version: HTTP/1.1)
POST /session/382d2052b61bc25573683fca6ebeef73/element/a6c3dccc-cab9-48b9-9045-d941ed212c97/value HTTP/1.1
User-Agent: selenium/4.1.2 (java windows)
Content-Length: 191
Content-Type: application/json; charset=utf-8
host: localhost:52457
accept: */*

Response DefaultHttpResponse(decodeResult: success, version: HTTP/1.1)
HTTP/1.1 200 OK
Content-Type: application/json; charset=utf-8
cache-control: no-cache
content-length: 14

11:01:49.846 [AsyncHttpClient-1-8] DEBUG o.a.netty.channel.ChannelManager - Adding key: http://localhost:52457 for channel [id: 0x2148f518, L:/127.0.0.1:64101 - R:localhost/127.0.0.1:52457]
11:01:49.847 [Forwarding findElement on session 382d2052b61bc25573683fca6ebeef73 to remote] DEBUG o.a.netty.request.NettyRequestSender - Using pooled Channel '[id: 0x2148f518, L:/127.0.0.1:64101 - R:localhost/127.0.0.1:52457]' for 'POST' to 'http://localhost:52457/session/382d2052b61bc25573683fca6ebeef73/element'
11:01:49.848 [Forwarding findElement on session 382d2052b61bc25573683fca6ebeef73 to remote] DEBUG o.a.netty.request.NettyRequestSender - Using open Channel [id: 0x2148f518, L:/127.0.0.1:64101 - R:localhost/127.0.0.1:52457] for POST '/session/382d2052b61bc25573683fca6ebeef73/element'
11:01:49.852 [AsyncHttpClient-1-8] DEBUG o.a.netty.handler.HttpHandler - 

Request DefaultHttpRequest(decodeResult: success, version: HTTP/1.1)
POST /session/382d2052b61bc25573683fca6ebeef73/element HTTP/1.1
User-Agent: selenium/4.1.2 (java windows)
Content-Length: 132
Content-Type: application/json; charset=utf-8
host: localhost:52457
accept: */*

Response DefaultHttpResponse(decodeResult: success, version: HTTP/1.1)
HTTP/1.1 200 OK
Content-Type: application/json; charset=utf-8
cache-control: no-cache
content-length: 88

11:01:49.852 [AsyncHttpClient-1-8] DEBUG o.a.netty.channel.ChannelManager - Adding key: http://localhost:52457 for channel [id: 0x2148f518, L:/127.0.0.1:64101 - R:localhost/127.0.0.1:52457]
11:01:49.853 [Forwarding sendKeysToElement on session 382d2052b61bc25573683fca6ebeef73 to remote] DEBUG o.a.netty.request.NettyRequestSender - Using pooled Channel '[id: 0x2148f518, L:/127.0.0.1:64101 - R:localhost/127.0.0.1:52457]' for 'POST' to 'http://localhost:52457/session/382d2052b61bc25573683fca6ebeef73/element/6294fb38-b8bd-4cd9-80f4-cc8db963b6bf/value'
11:01:49.853 [Forwarding sendKeysToElement on session 382d2052b61bc25573683fca6ebeef73 to remote] DEBUG o.a.netty.request.NettyRequestSender - Using open Channel [id: 0x2148f518, L:/127.0.0.1:64101 - R:localhost/127.0.0.1:52457] for POST '/session/382d2052b61bc25573683fca6ebeef73/element/6294fb38-b8bd-4cd9-80f4-cc8db963b6bf/value'
11:01:49.884 [AsyncHttpClient-1-8] DEBUG o.a.netty.handler.HttpHandler - 

Request DefaultHttpRequest(decodeResult: success, version: HTTP/1.1)
POST /session/382d2052b61bc25573683fca6ebeef73/element/6294fb38-b8bd-4cd9-80f4-cc8db963b6bf/value HTTP/1.1
User-Agent: selenium/4.1.2 (java windows)
Content-Length: 161
Content-Type: application/json; charset=utf-8
host: localhost:52457
accept: */*

Response DefaultHttpResponse(decodeResult: success, version: HTTP/1.1)
HTTP/1.1 200 OK
Content-Type: application/json; charset=utf-8
cache-control: no-cache
content-length: 14

11:01:49.884 [AsyncHttpClient-1-8] DEBUG o.a.netty.channel.ChannelManager - Adding key: http://localhost:52457 for channel [id: 0x2148f518, L:/127.0.0.1:64101 - R:localhost/127.0.0.1:52457]
11:01:49.885 [Forwarding findElement on session 382d2052b61bc25573683fca6ebeef73 to remote] DEBUG o.a.netty.request.NettyRequestSender - Using pooled Channel '[id: 0x2148f518, L:/127.0.0.1:64101 - R:localhost/127.0.0.1:52457]' for 'POST' to 'http://localhost:52457/session/382d2052b61bc25573683fca6ebeef73/element'
11:01:49.885 [Forwarding findElement on session 382d2052b61bc25573683fca6ebeef73 to remote] DEBUG o.a.netty.request.NettyRequestSender - Using open Channel [id: 0x2148f518, L:/127.0.0.1:64101 - R:localhost/127.0.0.1:52457] for POST '/session/382d2052b61bc25573683fca6ebeef73/element'
11:01:49.892 [AsyncHttpClient-1-8] DEBUG o.a.netty.handler.HttpHandler - 

Request DefaultHttpRequest(decodeResult: success, version: HTTP/1.1)
POST /session/382d2052b61bc25573683fca6ebeef73/element HTTP/1.1
User-Agent: selenium/4.1.2 (java windows)
Content-Length: 125
Content-Type: application/json; charset=utf-8
host: localhost:52457
accept: */*

Response DefaultHttpResponse(decodeResult: success, version: HTTP/1.1)
HTTP/1.1 200 OK
Content-Type: application/json; charset=utf-8
cache-control: no-cache
content-length: 88

11:01:49.892 [AsyncHttpClient-1-8] DEBUG o.a.netty.channel.ChannelManager - Adding key: http://localhost:52457 for channel [id: 0x2148f518, L:/127.0.0.1:64101 - R:localhost/127.0.0.1:52457]
11:01:49.893 [Forwarding clickElement on session 382d2052b61bc25573683fca6ebeef73 to remote] DEBUG o.a.netty.request.NettyRequestSender - Using pooled Channel '[id: 0x2148f518, L:/127.0.0.1:64101 - R:localhost/127.0.0.1:52457]' for 'POST' to 'http://localhost:52457/session/382d2052b61bc25573683fca6ebeef73/element/d2de0b74-1e8d-4fb0-8898-0c9082fe6bf9/click'
11:01:49.893 [Forwarding clickElement on session 382d2052b61bc25573683fca6ebeef73 to remote] DEBUG o.a.netty.request.NettyRequestSender - Using open Channel [id: 0x2148f518, L:/127.0.0.1:64101 - R:localhost/127.0.0.1:52457] for POST '/session/382d2052b61bc25573683fca6ebeef73/element/d2de0b74-1e8d-4fb0-8898-0c9082fe6bf9/click'
11:01:50.836 [AsyncHttpClient-1-1] DEBUG o.a.netty.channel.DefaultChannelPool - Entry count for : http://localhost:64102 : 1
11:01:51.938 [AsyncHttpClient-1-1] DEBUG o.a.netty.channel.DefaultChannelPool - Entry count for : http://localhost:64102 : 1
11:01:53.037 [AsyncHttpClient-1-1] DEBUG o.a.netty.channel.DefaultChannelPool - Entry count for : http://localhost:64102 : 1
11:01:53.140 [AsyncHttpClient-1-8] DEBUG o.a.netty.handler.HttpHandler - 

Request DefaultHttpRequest(decodeResult: success, version: HTTP/1.1)
POST /session/382d2052b61bc25573683fca6ebeef73/element/d2de0b74-1e8d-4fb0-8898-0c9082fe6bf9/click HTTP/1.1
User-Agent: selenium/4.1.2 (java windows)
Content-Length: 50
Content-Type: application/json; charset=utf-8
host: localhost:52457
accept: */*

Response DefaultHttpResponse(decodeResult: success, version: HTTP/1.1)
HTTP/1.1 200 OK
Content-Type: application/json; charset=utf-8
cache-control: no-cache
content-length: 14

11:01:53.141 [AsyncHttpClient-1-8] DEBUG o.a.netty.channel.ChannelManager - Adding key: http://localhost:52457 for channel [id: 0x2148f518, L:/127.0.0.1:64101 - R:localhost/127.0.0.1:52457]
  &amp#27;[32mWhen &amp#27;[0m&amp#27;[32muser login using valid credentials with username &amp#27;[0m&amp#27;[32m&amp#27;[1m"user@vrbank"&amp#27;[0m&amp#27;[32m and password &amp#27;[0m&amp#27;[32m&amp#27;[1m"pega123!"&amp#27;[0m          &amp#27;[90m# stepdefinitions.LoginPageSteps.user_login_using_valid_credentials_with_username_and_password(java.lang.String,java.lang.String)&amp#27;[0m
11:01:53.145 [Forwarding getTitle on session 382d2052b61bc25573683fca6ebeef73 to remote] DEBUG o.a.netty.request.NettyRequestSender - Using pooled Channel '[id: 0x2148f518, L:/127.0.0.1:64101 - R:localhost/127.0.0.1:52457]' for 'GET' to 'http://localhost:52457/session/382d2052b61bc25573683fca6ebeef73/title'
11:01:53.145 [Forwarding getTitle on session 382d2052b61bc25573683fca6ebeef73 to remote] DEBUG o.a.netty.request.NettyRequestSender - Using open Channel [id: 0x2148f518, L:/127.0.0.1:64101 - R:localhost/127.0.0.1:52457] for GET '/session/382d2052b61bc25573683fca6ebeef73/title'
11:01:53.149 [AsyncHttpClient-1-8] DEBUG o.a.netty.handler.HttpHandler - 

Request DefaultFullHttpRequest(decodeResult: success, version: HTTP/1.1, content: EmptyByteBufBE)
GET /session/382d2052b61bc25573683fca6ebeef73/title HTTP/1.1
User-Agent: selenium/4.1.2 (java windows)
Cache-Control: no-cache
Content-Type: application/json; charset=utf-8
host: localhost:52457
accept: */*

Response DefaultHttpResponse(decodeResult: success, version: HTTP/1.1)
HTTP/1.1 200 OK
Content-Type: application/json; charset=utf-8
cache-control: no-cache
content-length: 30

11:01:53.149 [AsyncHttpClient-1-8] DEBUG o.a.netty.channel.ChannelManager - Adding key: http://localhost:52457 for channel [id: 0x2148f518, L:/127.0.0.1:64101 - R:localhost/127.0.0.1:52457]
11:01:53.150 [main] DEBUG com.pages.LoginPage - verifyApplication: 'Cosmos Application' 
11:01:53.150 [Forwarding getTitle on session 382d2052b61bc25573683fca6ebeef73 to remote] DEBUG o.a.netty.request.NettyRequestSender - Using pooled Channel '[id: 0x2148f518, L:/127.0.0.1:64101 - R:localhost/127.0.0.1:52457]' for 'GET' to 'http://localhost:52457/session/382d2052b61bc25573683fca6ebeef73/title'
11:01:53.150 [Forwarding getTitle on session 382d2052b61bc25573683fca6ebeef73 to remote] DEBUG o.a.netty.request.NettyRequestSender - Using open Channel [id: 0x2148f518, L:/127.0.0.1:64101 - R:localhost/127.0.0.1:52457] for GET '/session/382d2052b61bc25573683fca6ebeef73/title'
11:01:53.157 [AsyncHttpClient-1-8] DEBUG o.a.netty.handler.HttpHandler - 

Request DefaultFullHttpRequest(decodeResult: success, version: HTTP/1.1, content: EmptyByteBufBE)
GET /session/382d2052b61bc25573683fca6ebeef73/title HTTP/1.1
User-Agent: selenium/4.1.2 (java windows)
Cache-Control: no-cache
Content-Type: application/json; charset=utf-8
host: localhost:52457
accept: */*

Response DefaultHttpResponse(decodeResult: success, version: HTTP/1.1)
HTTP/1.1 200 OK
Content-Type: application/json; charset=utf-8
cache-control: no-cache
content-length: 30

11:01:53.157 [AsyncHttpClient-1-8] DEBUG o.a.netty.channel.ChannelManager - Adding key: http://localhost:52457 for channel [id: 0x2148f518, L:/127.0.0.1:64101 - R:localhost/127.0.0.1:52457]
11:01:54.125 [AsyncHttpClient-1-1] DEBUG o.a.netty.channel.DefaultChannelPool - Entry count for : http://localhost:52457 : 1
11:01:54.125 [AsyncHttpClient-1-1] DEBUG o.a.netty.channel.DefaultChannelPool - Entry count for : http://localhost:64102 : 1
11:01:55.240 [AsyncHttpClient-1-1] DEBUG o.a.netty.channel.DefaultChannelPool - Entry count for : http://localhost:52457 : 1
11:01:55.240 [AsyncHttpClient-1-1] DEBUG o.a.netty.channel.DefaultChannelPool - Entry count for : http://localhost:64102 : 1
11:01:56.338 [AsyncHttpClient-1-1] DEBUG o.a.netty.channel.DefaultChannelPool - Entry count for : http://localhost:52457 : 1
11:01:56.338 [AsyncHttpClient-1-1] DEBUG o.a.netty.channel.DefaultChannelPool - Entry count for : http://localhost:64102 : 1
11:01:57.435 [AsyncHttpClient-1-1] DEBUG o.a.netty.channel.DefaultChannelPool - Entry count for : http://localhost:52457 : 1
11:01:57.435 [AsyncHttpClient-1-1] DEBUG o.a.netty.channel.DefaultChannelPool - Entry count for : http://localhost:64102 : 1
  &amp#27;[32mThen &amp#27;[0m&amp#27;[32muser should proceed to Dashboard Page&amp#27;[0m                                                           &amp#27;[90m# stepdefinitions.LoginPageSteps.user_should_proceed_to_dashboard_page()&amp#27;[0m
11:01:58.170 [main] DEBUG com.pages.drivers.DriversFactory - close the browser
11:01:58.171 [AsyncHttpClient-1-10] DEBUG o.a.netty.handler.WebSocketHandler - Channel Closed: [id: 0x5211c301, L:/127.0.0.1:64109 ! R:localhost/127.0.0.1:64102] with attribute NettyResponseFuture{currentRetry=5,
	isDone=1,
	isCancelled=0,
	asyncHandler=org.asynchttpclient.ws.WebSocketUpgradeHandler@ec47b51,
	nettyRequest=org.asynchttpclient.netty.request.NettyRequest@4bc6e4ed,
	future=java.util.concurrent.CompletableFuture@2f9f58ac[Completed normally],
	uri=ws://localhost:64102/devtools/browser/6f118f9f-fe16-4333-8693-2772ead90727,
	keepAlive=true,
	redirectCount=0,
	timeoutsHolder=null,
	inAuth=0,
	touch=1647831690102}
11:01:58.171 [AsyncHttpClient-1-10] DEBUG o.a.netty.channel.ChannelManager - Closing Channel [id: 0x5211c301, L:/127.0.0.1:64109 ! R:localhost/127.0.0.1:64102] 
11:01:58.172 [Driver Command Executor] DEBUG o.a.netty.request.NettyRequestSender - Using pooled Channel '[id: 0x2148f518, L:/127.0.0.1:64101 - R:localhost/127.0.0.1:52457]' for 'DELETE' to 'http://localhost:52457/session/382d2052b61bc25573683fca6ebeef73'
11:01:58.172 [Driver Command Executor] DEBUG o.a.netty.request.NettyRequestSender - Using open Channel [id: 0x2148f518, L:/127.0.0.1:64101 - R:localhost/127.0.0.1:52457] for DELETE '/session/382d2052b61bc25573683fca6ebeef73'
11:01:58.200 [AsyncHttpClient-1-9] DEBUG o.a.netty.handler.HttpHandler - Unexpected I/O exception on channel [id: 0x05286507, L:/127.0.0.1:64108 - R:localhost/127.0.0.1:64102]
java.net.SocketException: Connection reset
	at java.base/sun.nio.ch.SocketChannelImpl.throwConnectionReset(SocketChannelImpl.java:367) ~[na:na]
	at java.base/sun.nio.ch.SocketChannelImpl.read(SocketChannelImpl.java:398) ~[na:na]
	at io.netty.buffer.PooledByteBuf.setBytes(PooledByteBuf.java:253) ~[netty-buffer-4.1.70.Final.jar:4.1.70.Final]
	at io.netty.buffer.AbstractByteBuf.writeBytes(AbstractByteBuf.java:1132) ~[netty-buffer-4.1.70.Final.jar:4.1.70.Final]
	at io.netty.channel.socket.nio.NioSocketChannel.doReadBytes(NioSocketChannel.java:350) ~[netty-transport-4.1.70.Final.jar:4.1.70.Final]
	at io.netty.channel.nio.AbstractNioByteChannel$NioByteUnsafe.read(AbstractNioByteChannel.java:151) ~[netty-transport-4.1.70.Final.jar:4.1.70.Final]
	at io.netty.channel.nio.NioEventLoop.processSelectedKey(NioEventLoop.java:719) ~[netty-transport-4.1.70.Final.jar:4.1.70.Final]
	at io.netty.channel.nio.NioEventLoop.processSelectedKeysOptimized(NioEventLoop.java:655) ~[netty-transport-4.1.70.Final.jar:4.1.70.Final]
	at io.netty.channel.nio.NioEventLoop.processSelectedKeys(NioEventLoop.java:581) ~[netty-transport-4.1.70.Final.jar:4.1.70.Final]
	at io.netty.channel.nio.NioEventLoop.run(NioEventLoop.java:493) ~[netty-transport-4.1.70.Final.jar:4.1.70.Final]
	at io.netty.util.concurrent.SingleThreadEventExecutor$4.run(SingleThreadEventExecutor.java:986) ~[netty-common-4.1.70.Final.jar:4.1.70.Final]
	at io.netty.util.internal.ThreadExecutorMap$2.run(ThreadExecutorMap.java:74) ~[netty-common-4.1.70.Final.jar:4.1.70.Final]
	at io.netty.util.concurrent.FastThreadLocalRunnable.run(FastThreadLocalRunnable.java:30) ~[netty-common-4.1.70.Final.jar:4.1.70.Final]
	at java.base/java.lang.Thread.run(Thread.java:832) ~[na:na]
11:01:58.200 [AsyncHttpClient-1-9] DEBUG o.a.netty.channel.ChannelManager - Closing Channel [id: 0x05286507, L:/127.0.0.1:64108 - R:localhost/127.0.0.1:64102] 
11:01:58.201 [AsyncHttpClient-1-9] DEBUG o.a.netty.handler.HttpHandler - Channel Closed: [id: 0x05286507, L:/127.0.0.1:64108 ! R:localhost/127.0.0.1:64102] with attribute DISCARD
11:01:58.214 [AsyncHttpClient-1-8] DEBUG o.a.netty.handler.HttpHandler - 

Request DefaultFullHttpRequest(decodeResult: success, version: HTTP/1.1, content: EmptyByteBufBE)
DELETE /session/382d2052b61bc25573683fca6ebeef73 HTTP/1.1
User-Agent: selenium/4.1.2 (java windows)
Content-Type: application/json; charset=utf-8
host: localhost:52457
accept: */*

Response DefaultHttpResponse(decodeResult: success, version: HTTP/1.1)
HTTP/1.1 200 OK
Content-Type: application/json; charset=utf-8
cache-control: no-cache
content-length: 14

11:01:58.215 [AsyncHttpClient-1-8] DEBUG o.a.netty.channel.ChannelManager - Adding key: http://localhost:52457 for channel [id: 0x2148f518, L:/127.0.0.1:64101 - R:localhost/127.0.0.1:52457]
11:01:58.260 [AsyncHttpClient-1-8] DEBUG o.a.netty.handler.HttpHandler - Channel Closed: [id: 0x2148f518, L:/127.0.0.1:64101 ! R:localhost/127.0.0.1:52457] with attribute DISCARD
11:01:58.528 [AsyncHttpClient-1-1] DEBUG o.a.netty.channel.DefaultChannelPool - Entry count for : http://localhost:52457 : 1
11:01:58.528 [AsyncHttpClient-1-1] DEBUG o.a.netty.channel.DefaultChannelPool - Entry count for : http://localhost:64102 : 1
11:01:58.528 [AsyncHttpClient-1-1] DEBUG o.a.netty.channel.DefaultChannelPool - Adding Candidate expired Channel [id: 0x2148f518, L:/127.0.0.1:64101 ! R:localhost/127.0.0.1:52457] isIdleTimeoutExpired=false isRemotelyClosed=true isTtlExpired=false
11:01:58.528 [AsyncHttpClient-1-1] DEBUG o.a.netty.channel.DefaultChannelPool - Closing Idle Channel [id: 0x2148f518, L:/127.0.0.1:64101 ! R:localhost/127.0.0.1:52457]
11:01:58.528 [AsyncHttpClient-1-1] DEBUG o.a.netty.channel.DefaultChannelPool - Adding Candidate expired Channel [id: 0x05286507, L:/127.0.0.1:64108 ! R:localhost/127.0.0.1:64102] isIdleTimeoutExpired=false isRemotelyClosed=true isTtlExpired=false
11:01:58.528 [AsyncHttpClient-1-1] DEBUG o.a.netty.channel.DefaultChannelPool - Closing Idle Channel [id: 0x05286507, L:/127.0.0.1:64108 ! R:localhost/127.0.0.1:64102]
11:01:58.528 [AsyncHttpClient-1-1] DEBUG o.a.netty.channel.DefaultChannelPool - Closed 2 connections out of 2 in 0 ms
11:01:58.782 [main] INFO   - 
  _____   ___   ___   _____     ___     _     ___   ___   ___   ___  
 |_   _| | __| / __| |_   _|   | _ \   /_\   / __| / __| | __| |   \ 
   | |   | _|  \__ \   | |     |  _/  / _ \  \__ \ \__ \ | _|  | |) |
   |_|   |___| |___/   |_|     |_|   /_/ \_\ |___/ |___/ |___| |___/ 

Login to PEGA Site using User
----------------------------------------------------------------------
]]></system-out>
    <system-err><![CDATA[Starting ChromeDriver 99.0.4844.51 (d537ec02474b5afe23684e7963d538896c63ac77-refs/branch-heads/4844@{#875}) on port 52457
Only local connections are allowed.
Please see https://chromedriver.chromium.org/security-considerations for suggestions on keeping ChromeDriver safe.
ChromeDriver was started successfully.
Mar 21, 2022 11:01:30 AM org.openqa.selenium.remote.ProtocolHandshake createSession
INFO: Detected dialect: W3C
Mar 21, 2022 11:01:30 AM org.openqa.selenium.devtools.CdpVersionFinder findNearestMatch
WARNING: Unable to find an exact match for CDP version 99, so returning the closest version found: 96
Mar 21, 2022 11:01:30 AM org.openqa.selenium.devtools.CdpVersionFinder findNearestMatch
INFO: Found CDP implementation for version 99 of 96
]]></system-err>
  </testcase>
</testsuite>