<?xml version="1.0" encoding="UTF-8"?>
<testsuite xmlns:xsi="http://www.w3.org/2001/XMLSchema-instance" xsi:noNamespaceSchemaLocation="https://maven.apache.org/surefire/maven-surefire-plugin/xsd/surefire-test-report-3.0.xsd" version="3.0" name="testsuites.HCLSerenityTestRunner" time="105.176" tests="4" errors="0" skipped="0" failures="0">
  <properties>
    <property name="java.specification.version" value="15"/>
    <property name="webdriver.chrome.driver" value="C:\Users\DheyClaveria\.cache\selenium\chromedriver\win32\99.0.4844.51\chromedriver.exe"/>
    <property name="sun.cpu.isalist" value="amd64"/>
    <property name="sun.jnu.encoding" value="Cp1252"/>
    <property name="java.class.path" value="Z:\Automation\JavaCucumber\BDD_HCL\CucumberHCL\target\test-classes;Z:\Automation\JavaCucumber\BDD_HCL\CucumberHCL\target\classes;C:\Users\DheyClaveria\.m2\repository\com\github\ralfstuckert\pdfbox-layout\pdfbox2-layout\1.0.1\pdfbox2-layout-1.0.1.jar;C:\Users\DheyClaveria\.m2\repository\org\apache\pdfbox\pdfbox\2.0.4\pdfbox-2.0.4.jar;C:\Users\DheyClaveria\.m2\repository\org\apache\pdfbox\fontbox\2.0.4\fontbox-2.0.4.jar;C:\Users\DheyClaveria\.m2\repository\commons-logging\commons-logging\1.2\commons-logging-1.2.jar;C:\Users\DheyClaveria\.m2\repository\io\rest-assured\rest-assured\4.5.1\rest-assured-4.5.1.jar;C:\Users\DheyClaveria\.m2\repository\org\codehaus\groovy\groovy\3.0.9\groovy-3.0.9.jar;C:\Users\DheyClaveria\.m2\repository\org\codehaus\groovy\groovy-xml\3.0.9\groovy-xml-3.0.9.jar;C:\Users\DheyClaveria\.m2\repository\org\apache\httpcomponents\httpclient\4.5.13\httpclient-4.5.13.jar;C:\Users\DheyClaveria\.m2\repository\org\apache\httpcomponents\httpcore\4.4.13\httpcore-4.4.13.jar;C:\Users\DheyClaveria\.m2\repository\org\apache\httpcomponents\httpmime\4.5.13\httpmime-4.5.13.jar;C:\Users\DheyClaveria\.m2\repository\org\hamcrest\hamcrest\2.1\hamcrest-2.1.jar;C:\Users\DheyClaveria\.m2\repository\org\ccil\cowan\tagsoup\tagsoup\1.2.1\tagsoup-1.2.1.jar;C:\Users\DheyClaveria\.m2\repository\io\rest-assured\json-path\4.5.1\json-path-4.5.1.jar;C:\Users\DheyClaveria\.m2\repository\io\rest-assured\rest-assured-common\4.5.1\rest-assured-common-4.5.1.jar;C:\Users\DheyClaveria\.m2\repository\io\rest-assured\xml-path\4.5.1\xml-path-4.5.1.jar;C:\Users\DheyClaveria\.m2\repository\io\rest-assured\rest-assured-all\4.3.2\rest-assured-all-4.3.2.jar;C:\Users\DheyClaveria\.m2\repository\org\apache\commons\commons-lang3\3.11\commons-lang3-3.11.jar;C:\Users\DheyClaveria\.m2\repository\jakarta\xml\bind\jakarta.xml.bind-api\2.3.3\jakarta.xml.bind-api-2.3.3.jar;C:\Users\DheyClaveria\.m2\repository\jakarta\activation\jakarta.activation-api\1.2.2\jakarta.activation-api-1.2.2.jar;C:\Users\DheyClaveria\.m2\repository\com\sun\xml\bind\jaxb-impl\2.3.3\jaxb-impl-2.3.3.jar;C:\Users\DheyClaveria\.m2\repository\org\codehaus\groovy\groovy-json\3.0.6\groovy-json-3.0.6.jar;C:\Users\DheyClaveria\.m2\repository\log4j\log4j\1.2.17\log4j-1.2.17.jar;C:\Users\DheyClaveria\.m2\repository\ch\qos\logback\logback-classic\1.1.3\logback-classic-1.1.3.jar;C:\Users\DheyClaveria\.m2\repository\ch\qos\logback\logback-core\1.1.3\logback-core-1.1.3.jar;C:\Users\DheyClaveria\.m2\repository\org\slf4j\slf4j-api\1.7.7\slf4j-api-1.7.7.jar;C:\Users\DheyClaveria\.m2\repository\org\json\json\20210307\json-20210307.jar;C:\Users\DheyClaveria\.m2\repository\com\ea\async\ea-async\1.2.3\ea-async-1.2.3.jar;C:\Users\DheyClaveria\.m2\repository\net\serenity-bdd\serenity-assertions\3.2.0\serenity-assertions-3.2.0.jar;C:\Users\DheyClaveria\.m2\repository\net\serenity-bdd\serenity-screenplay\3.2.0\serenity-screenplay-3.2.0.jar;C:\Users\DheyClaveria\.m2\repository\org\assertj\assertj-core\3.21.0\assertj-core-3.21.0.jar;C:\Users\DheyClaveria\.m2\repository\net\serenity-bdd\serenity-ensure\3.2.0\serenity-ensure-3.2.0.jar;C:\Users\DheyClaveria\.m2\repository\net\serenity-bdd\serenity-model\3.2.0\serenity-model-3.2.0.jar;C:\Users\DheyClaveria\.m2\repository\org\apache\commons\commons-text\1.9\commons-text-1.9.jar;C:\Users\DheyClaveria\.m2\repository\commons-net\commons-net\3.6\commons-net-3.6.jar;C:\Users\DheyClaveria\.m2\repository\com\google\inject\guice\5.0.1\guice-5.0.1.jar;C:\Users\DheyClaveria\.m2\repository\javax\inject\javax.inject\1\javax.inject-1.jar;C:\Users\DheyClaveria\.m2\repository\aopalliance\aopalliance\1.0\aopalliance-1.0.jar;C:\Users\DheyClaveria\.m2\repository\com\thoughtworks\xstream\xstream\1.4.19\xstream-1.4.19.jar;C:\Users\DheyClaveria\.m2\repository\io\github\x-stream\mxparser\1.2.2\mxparser-1.2.2.jar;C:\Users\DheyClaveria\.m2\repository\xmlpull\xmlpull\1.1.3.1\xmlpull-1.1.3.1.jar;C:\Users\DheyClaveria\.m2\repository\com\typesafe\config\1.3.1\config-1.3.1.jar;C:\Users\DheyClaveria\.m2\repository\org\imgscalr\imgscalr-lib\4.2\imgscalr-lib-4.2.jar;C:\Users\DheyClaveria\.m2\repository\org\awaitility\awaitility\4.1.0\awaitility-4.1.0.jar;C:\Users\DheyClaveria\.m2\repository\org\freemarker\freemarker\2.3.31\freemarker-2.3.31.jar;C:\Users\DheyClaveria\.m2\repository\io\github\classgraph\classgraph\4.8.138\classgraph-4.8.138.jar;C:\Users\DheyClaveria\.m2\repository\net\sourceforge\jexcelapi\jxl\2.6.12\jxl-2.6.12.jar;C:\Users\DheyClaveria\.m2\repository\net\bytebuddy\byte-buddy\1.12.3\byte-buddy-1.12.3.jar;C:\Users\DheyClaveria\.m2\repository\net\bytebuddy\byte-buddy-agent\1.12.3\byte-buddy-agent-1.12.3.jar;C:\Users\DheyClaveria\.m2\repository\org\objenesis\objenesis\3.1\objenesis-3.1.jar;C:\Users\DheyClaveria\.m2\repository\net\serenity-bdd\serenity-screenplay-webdriver\3.2.0\serenity-screenplay-webdriver-3.2.0.jar;C:\Users\DheyClaveria\.m2\repository\org\jetbrains\kotlin\kotlin-stdlib\1.6.0\kotlin-stdlib-1.6.0.jar;C:\Users\DheyClaveria\.m2\repository\org\jetbrains\annotations\13.0\annotations-13.0.jar;C:\Users\DheyClaveria\.m2\repository\org\jetbrains\kotlin\kotlin-stdlib-common\1.6.0\kotlin-stdlib-common-1.6.0.jar;C:\Users\DheyClaveria\.m2\repository\net\serenity-bdd\serenity-core\3.2.0\serenity-core-3.2.0.jar;C:\Users\DheyClaveria\.m2\repository\net\serenity-bdd\serenity-reports\3.2.0\serenity-reports-3.2.0.jar;C:\Users\DheyClaveria\.m2\repository\net\serenity-bdd\serenity-stats\3.2.0\serenity-stats-3.2.0.jar;C:\Users\DheyClaveria\.m2\repository\net\serenity-bdd\serenity-reports-configuration\3.2.0\serenity-reports-configuration-3.2.0.jar;C:\Users\DheyClaveria\.m2\repository\com\vladsch\flexmark\flexmark-all\0.34.30\flexmark-all-0.34.30.jar;C:\Users\DheyClaveria\.m2\repository\com\vladsch\flexmark\flexmark\0.34.30\flexmark-0.34.30.jar;C:\Users\DheyClaveria\.m2\repository\com\vladsch\flexmark\flexmark-ext-abbreviation\0.34.30\flexmark-ext-abbreviation-0.34.30.jar;C:\Users\DheyClaveria\.m2\repository\com\vladsch\flexmark\flexmark-ext-admonition\0.34.30\flexmark-ext-admonition-0.34.30.jar;C:\Users\DheyClaveria\.m2\repository\com\vladsch\flexmark\flexmark-ext-anchorlink\0.34.30\flexmark-ext-anchorlink-0.34.30.jar;C:\Users\DheyClaveria\.m2\repository\com\vladsch\flexmark\flexmark-ext-aside\0.34.30\flexmark-ext-aside-0.34.30.jar;C:\Users\DheyClaveria\.m2\repository\com\vladsch\flexmark\flexmark-ext-attributes\0.34.30\flexmark-ext-attributes-0.34.30.jar;C:\Users\DheyClaveria\.m2\repository\com\vladsch\flexmark\flexmark-ext-autolink\0.34.30\flexmark-ext-autolink-0.34.30.jar;C:\Users\DheyClaveria\.m2\repository\org\nibor\autolink\autolink\0.6.0\autolink-0.6.0.jar;C:\Users\DheyClaveria\.m2\repository\com\vladsch\flexmark\flexmark-ext-definition\0.34.30\flexmark-ext-definition-0.34.30.jar;C:\Users\DheyClaveria\.m2\repository\com\vladsch\flexmark\flexmark-ext-emoji\0.34.30\flexmark-ext-emoji-0.34.30.jar;C:\Users\DheyClaveria\.m2\repository\com\vladsch\flexmark\flexmark-ext-enumerated-reference\0.34.30\flexmark-ext-enumerated-reference-0.34.30.jar;C:\Users\DheyClaveria\.m2\repository\com\vladsch\flexmark\flexmark-ext-escaped-character\0.34.30\flexmark-ext-escaped-character-0.34.30.jar;C:\Users\DheyClaveria\.m2\repository\com\vladsch\flexmark\flexmark-ext-footnotes\0.34.30\flexmark-ext-footnotes-0.34.30.jar;C:\Users\DheyClaveria\.m2\repository\com\vladsch\flexmark\flexmark-ext-gfm-issues\0.34.30\flexmark-ext-gfm-issues-0.34.30.jar;C:\Users\DheyClaveria\.m2\repository\com\vladsch\flexmark\flexmark-ext-gfm-strikethrough\0.34.30\flexmark-ext-gfm-strikethrough-0.34.30.jar;C:\Users\DheyClaveria\.m2\repository\com\vladsch\flexmark\flexmark-ext-gfm-tables\0.34.30\flexmark-ext-gfm-tables-0.34.30.jar;C:\Users\DheyClaveria\.m2\repository\com\vladsch\flexmark\flexmark-ext-gfm-tasklist\0.34.30\flexmark-ext-gfm-tasklist-0.34.30.jar;C:\Users\DheyClaveria\.m2\repository\com\vladsch\flexmark\flexmark-ext-gfm-users\0.34.30\flexmark-ext-gfm-users-0.34.30.jar;C:\Users\DheyClaveria\.m2\repository\com\vladsch\flexmark\flexmark-ext-gitlab\0.34.30\flexmark-ext-gitlab-0.34.30.jar;C:\Users\DheyClaveria\.m2\repository\com\vladsch\flexmark\flexmark-ext-jekyll-front-matter\0.34.30\flexmark-ext-jekyll-front-matter-0.34.30.jar;C:\Users\DheyClaveria\.m2\repository\com\vladsch\flexmark\flexmark-ext-jekyll-tag\0.34.30\flexmark-ext-jekyll-tag-0.34.30.jar;C:\Users\DheyClaveria\.m2\repository\com\vladsch\flexmark\flexmark-ext-media-tags\0.34.30\flexmark-ext-media-tags-0.34.30.jar;C:\Users\DheyClaveria\.m2\repository\com\vladsch\flexmark\flexmark-test-util\0.34.30\flexmark-test-util-0.34.30.jar;C:\Users\DheyClaveria\.m2\repository\com\vladsch\flexmark\flexmark-ext-ins\0.34.30\flexmark-ext-ins-0.34.30.jar;C:\Users\DheyClaveria\.m2\repository\com\vladsch\flexmark\flexmark-ext-xwiki-macros\0.34.30\flexmark-ext-xwiki-macros-0.34.30.jar;C:\Users\DheyClaveria\.m2\repository\com\vladsch\flexmark\flexmark-ext-superscript\0.34.30\flexmark-ext-superscript-0.34.30.jar;C:\Users\DheyClaveria\.m2\repository\com\vladsch\flexmark\flexmark-ext-tables\0.34.30\flexmark-ext-tables-0.34.30.jar;C:\Users\DheyClaveria\.m2\repository\com\vladsch\flexmark\flexmark-ext-toc\0.34.30\flexmark-ext-toc-0.34.30.jar;C:\Users\DheyClaveria\.m2\repository\com\vladsch\flexmark\flexmark-ext-typographic\0.34.30\flexmark-ext-typographic-0.34.30.jar;C:\Users\DheyClaveria\.m2\repository\com\vladsch\flexmark\flexmark-ext-wikilink\0.34.30\flexmark-ext-wikilink-0.34.30.jar;C:\Users\DheyClaveria\.m2\repository\com\vladsch\flexmark\flexmark-ext-yaml-front-matter\0.34.30\flexmark-ext-yaml-front-matter-0.34.30.jar;C:\Users\DheyClaveria\.m2\repository\com\vladsch\flexmark\flexmark-ext-youtube-embedded\0.34.30\flexmark-ext-youtube-embedded-0.34.30.jar;C:\Users\DheyClaveria\.m2\repository\com\vladsch\flexmark\flexmark-formatter\0.34.30\flexmark-formatter-0.34.30.jar;C:\Users\DheyClaveria\.m2\repository\com\vladsch\flexmark\flexmark-html-parser\0.34.30\flexmark-html-parser-0.34.30.jar;C:\Users\DheyClaveria\.m2\repository\com\vladsch\flexmark\flexmark-jira-converter\0.34.30\flexmark-jira-converter-0.34.30.jar;C:\Users\DheyClaveria\.m2\repository\com\vladsch\flexmark\flexmark-pdf-converter\0.34.30\flexmark-pdf-converter-0.34.30.jar;C:\Users\DheyClaveria\.m2\repository\com\openhtmltopdf\openhtmltopdf-core\0.0.1-RC13\openhtmltopdf-core-0.0.1-RC13.jar;C:\Users\DheyClaveria\.m2\repository\com\openhtmltopdf\openhtmltopdf-pdfbox\0.0.1-RC13\openhtmltopdf-pdfbox-0.0.1-RC13.jar;C:\Users\DheyClaveria\.m2\repository\org\apache\pdfbox\xmpbox\2.0.8\xmpbox-2.0.8.jar;C:\Users\DheyClaveria\.m2\repository\com\openhtmltopdf\openhtmltopdf-rtl-support\0.0.1-RC13\openhtmltopdf-rtl-support-0.0.1-RC13.jar;C:\Users\DheyClaveria\.m2\repository\com\ibm\icu\icu4j\59.1\icu4j-59.1.jar;C:\Users\DheyClaveria\.m2\repository\com\openhtmltopdf\openhtmltopdf-jsoup-dom-converter\0.0.1-RC13\openhtmltopdf-jsoup-dom-converter-0.0.1-RC13.jar;C:\Users\DheyClaveria\.m2\repository\com\vladsch\flexmark\flexmark-profile-pegdown\0.34.30\flexmark-profile-pegdown-0.34.30.jar;C:\Users\DheyClaveria\.m2\repository\com\vladsch\flexmark\flexmark-util\0.34.30\flexmark-util-0.34.30.jar;C:\Users\DheyClaveria\.m2\repository\com\vladsch\flexmark\flexmark-youtrack-converter\0.34.30\flexmark-youtrack-converter-0.34.30.jar;C:\Users\DheyClaveria\.m2\repository\es\nitaur\markdown\txtmark\0.16\txtmark-0.16.jar;C:\Users\DheyClaveria\.m2\repository\net\serenity-bdd\serenity-report-resources\3.2.0\serenity-report-resources-3.2.0.jar;C:\Users\DheyClaveria\.m2\repository\com\google\code\gson\gson\2.8.9\gson-2.8.9.jar;C:\Users\DheyClaveria\.m2\repository\com\fasterxml\jackson\core\jackson-core\2.12.4\jackson-core-2.12.4.jar;C:\Users\DheyClaveria\.m2\repository\com\fasterxml\jackson\core\jackson-databind\2.12.4\jackson-databind-2.12.4.jar;C:\Users\DheyClaveria\.m2\repository\com\fasterxml\jackson\core\jackson-annotations\2.12.4\jackson-annotations-2.12.4.jar;C:\Users\DheyClaveria\.m2\repository\commons-codec\commons-codec\1.15\commons-codec-1.15.jar;C:\Users\DheyClaveria\.m2\repository\commons-io\commons-io\2.8.0\commons-io-2.8.0.jar;C:\Users\DheyClaveria\.m2\repository\org\seleniumhq\selenium\selenium-api\4.1.2\selenium-api-4.1.2.jar;C:\Users\DheyClaveria\.m2\repository\org\seleniumhq\selenium\selenium-support\4.1.2\selenium-support-4.1.2.jar;C:\Users\DheyClaveria\.m2\repository\org\seleniumhq\selenium\selenium-firefox-driver\4.1.2\selenium-firefox-driver-4.1.2.jar;C:\Users\DheyClaveria\.m2\repository\org\seleniumhq\selenium\selenium-edge-driver\4.1.2\selenium-edge-driver-4.1.2.jar;C:\Users\DheyClaveria\.m2\repository\org\seleniumhq\selenium\selenium-ie-driver\4.1.2\selenium-ie-driver-4.1.2.jar;C:\Users\DheyClaveria\.m2\repository\org\projectlombok\lombok\1.18.20\lombok-1.18.20.jar;C:\Users\DheyClaveria\.m2\repository\io\appium\java-client\8.0.0-beta2\java-client-8.0.0-beta2.jar;C:\Users\DheyClaveria\.m2\repository\commons-validator\commons-validator\1.7\commons-validator-1.7.jar;C:\Users\DheyClaveria\.m2\repository\commons-digester\commons-digester\2.1\commons-digester-2.1.jar;C:\Users\DheyClaveria\.m2\repository\org\aspectj\aspectjweaver\1.9.7\aspectjweaver-1.9.7.jar;C:\Users\DheyClaveria\.m2\repository\net\sf\opencsv\opencsv\2.0\opencsv-2.0.jar;C:\Users\DheyClaveria\.m2\repository\commons-beanutils\commons-beanutils\1.9.4\commons-beanutils-1.9.4.jar;C:\Users\DheyClaveria\.m2\repository\commons-collections\commons-collections\3.2.2\commons-collections-3.2.2.jar;C:\Users\DheyClaveria\.m2\repository\org\fluentlenium\fluentlenium-core\0.10.2\fluentlenium-core-0.10.2.jar;C:\Users\DheyClaveria\.m2\repository\com\jhlabs\filters\2.0.235\filters-2.0.235.jar;C:\Users\DheyClaveria\.m2\repository\com\paulhammant\ngwebdriver\1.1.5\ngwebdriver-1.1.5.jar;C:\Users\DheyClaveria\.m2\repository\joda-time\joda-time\2.8.2\joda-time-2.8.2.jar;C:\Users\DheyClaveria\.m2\repository\com\google\jimfs\jimfs\1.1\jimfs-1.1.jar;C:\Users\DheyClaveria\.m2\repository\org\mockito\mockito-core\3.3.3\mockito-core-3.3.3.jar;C:\Users\DheyClaveria\.m2\repository\javax\xml\bind\jaxb-api\2.3.1\jaxb-api-2.3.1.jar;C:\Users\DheyClaveria\.m2\repository\javax\activation\javax.activation-api\1.2.0\javax.activation-api-1.2.0.jar;C:\Users\DheyClaveria\.m2\repository\com\sun\xml\bind\jaxb-core\2.3.0.1\jaxb-core-2.3.0.1.jar;C:\Users\DheyClaveria\.m2\repository\javax\activation\activation\1.1.1\activation-1.1.1.jar;C:\Users\DheyClaveria\.m2\repository\net\serenity-bdd\serenity-junit\3.2.0\serenity-junit-3.2.0.jar;C:\Users\DheyClaveria\.m2\repository\net\serenity-bdd\serenity-cucumber\3.2.0\serenity-cucumber-3.2.0.jar;C:\Users\DheyClaveria\.m2\repository\org\apache\commons\commons-csv\1.5\commons-csv-1.5.jar;C:\Users\DheyClaveria\.m2\repository\net\serenity-bdd\serenity-rest-assured\3.2.0\serenity-rest-assured-3.2.0.jar;C:\Users\DheyClaveria\.m2\repository\org\opentest4j\opentest4j\1.2.0\opentest4j-1.2.0.jar;C:\Users\DheyClaveria\.m2\repository\io\cucumber\cucumber-java\7.2.3\cucumber-java-7.2.3.jar;C:\Users\DheyClaveria\.m2\repository\org\apiguardian\apiguardian-api\1.1.2\apiguardian-api-1.1.2.jar;C:\Users\DheyClaveria\.m2\repository\io\cucumber\cucumber-junit\7.2.3\cucumber-junit-7.2.3.jar;C:\Users\DheyClaveria\.m2\repository\io\cucumber\cucumber-core\7.2.3\cucumber-core-7.2.3.jar;C:\Users\DheyClaveria\.m2\repository\io\cucumber\cucumber-gherkin-messages\7.2.3\cucumber-gherkin-messages-7.2.3.jar;C:\Users\DheyClaveria\.m2\repository\io\cucumber\messages\17.1.1\messages-17.1.1.jar;C:\Users\DheyClaveria\.m2\repository\io\cucumber\tag-expressions\4.1.0\tag-expressions-4.1.0.jar;C:\Users\DheyClaveria\.m2\repository\io\cucumber\cucumber-expressions\15.0.1\cucumber-expressions-15.0.1.jar;C:\Users\DheyClaveria\.m2\repository\io\cucumber\datatable\7.2.3\datatable-7.2.3.jar;C:\Users\DheyClaveria\.m2\repository\io\cucumber\cucumber-plugin\7.2.3\cucumber-plugin-7.2.3.jar;C:\Users\DheyClaveria\.m2\repository\io\cucumber\docstring\7.2.3\docstring-7.2.3.jar;C:\Users\DheyClaveria\.m2\repository\io\cucumber\html-formatter\17.0.0\html-formatter-17.0.0.jar;C:\Users\DheyClaveria\.m2\repository\io\cucumber\ci-environment\8.1.0\ci-environment-8.1.0.jar;C:\Users\DheyClaveria\.m2\repository\io\cucumber\cucumber-junit-platform-engine\7.2.3\cucumber-junit-platform-engine-7.2.3.jar;C:\Users\DheyClaveria\.m2\repository\org\junit\platform\junit-platform-engine\1.8.2\junit-platform-engine-1.8.2.jar;C:\Users\DheyClaveria\.m2\repository\org\junit\platform\junit-platform-commons\1.8.2\junit-platform-commons-1.8.2.jar;C:\Users\DheyClaveria\.m2\repository\io\cucumber\cucumber-jvm-deps\1.0.6\cucumber-jvm-deps-1.0.6.jar;C:\Users\DheyClaveria\.m2\repository\net\masterthought\cucumber-reporting\5.7.0\cucumber-reporting-5.7.0.jar;C:\Users\DheyClaveria\.m2\repository\com\fasterxml\jackson\datatype\jackson-datatype-jsr310\2.13.0\jackson-datatype-jsr310-2.13.0.jar;C:\Users\DheyClaveria\.m2\repository\org\apache\velocity\velocity-engine-core\2.3\velocity-engine-core-2.3.jar;C:\Users\DheyClaveria\.m2\repository\org\codehaus\plexus\plexus-utils\3.3.0\plexus-utils-3.3.0.jar;C:\Users\DheyClaveria\.m2\repository\org\jsoup\jsoup\1.14.2\jsoup-1.14.2.jar;C:\Users\DheyClaveria\.m2\repository\com\google\guava\guava\30.1.1-jre\guava-30.1.1-jre.jar;C:\Users\DheyClaveria\.m2\repository\com\google\guava\failureaccess\1.0.1\failureaccess-1.0.1.jar;C:\Users\DheyClaveria\.m2\repository\com\google\guava\listenablefuture\9999.0-empty-to-avoid-conflict-with-guava\listenablefuture-9999.0-empty-to-avoid-conflict-with-guava.jar;C:\Users\DheyClaveria\.m2\repository\com\google\code\findbugs\jsr305\3.0.2\jsr305-3.0.2.jar;C:\Users\DheyClaveria\.m2\repository\org\checkerframework\checker-qual\3.8.0\checker-qual-3.8.0.jar;C:\Users\DheyClaveria\.m2\repository\com\google\errorprone\error_prone_annotations\2.5.1\error_prone_annotations-2.5.1.jar;C:\Users\DheyClaveria\.m2\repository\com\google\j2objc\j2objc-annotations\1.3\j2objc-annotations-1.3.jar;C:\Users\DheyClaveria\.m2\repository\com\googlecode\owasp-java-html-sanitizer\owasp-java-html-sanitizer\20211018.2\owasp-java-html-sanitizer-20211018.2.jar;C:\Users\DheyClaveria\.m2\repository\commons-configuration\commons-configuration\1.10\commons-configuration-1.10.jar;C:\Users\DheyClaveria\.m2\repository\commons-lang\commons-lang\2.6\commons-lang-2.6.jar;C:\Users\DheyClaveria\.m2\repository\io\cucumber\cucumber-html\0.2.7\cucumber-html-0.2.7.jar;C:\Users\DheyClaveria\.m2\repository\io\cucumber\cucumber-gherkin\7.2.3\cucumber-gherkin-7.2.3.jar;C:\Users\DheyClaveria\.m2\repository\junit\junit\4.13.1\junit-4.13.1.jar;C:\Users\DheyClaveria\.m2\repository\org\hamcrest\hamcrest-core\1.3\hamcrest-core-1.3.jar;C:\Users\DheyClaveria\.m2\repository\org\junit\platform\junit-platform-suite\1.8.2\junit-platform-suite-1.8.2.jar;C:\Users\DheyClaveria\.m2\repository\org\junit\platform\junit-platform-suite-api\1.8.2\junit-platform-suite-api-1.8.2.jar;C:\Users\DheyClaveria\.m2\repository\org\junit\platform\junit-platform-suite-engine\1.8.2\junit-platform-suite-engine-1.8.2.jar;C:\Users\DheyClaveria\.m2\repository\org\junit\platform\junit-platform-suite-commons\1.8.2\junit-platform-suite-commons-1.8.2.jar;C:\Users\DheyClaveria\.m2\repository\org\junit\platform\junit-platform-launcher\1.8.2\junit-platform-launcher-1.8.2.jar;C:\Users\DheyClaveria\.m2\repository\org\junit\jupiter\junit-jupiter\5.8.2\junit-jupiter-5.8.2.jar;C:\Users\DheyClaveria\.m2\repository\org\junit\jupiter\junit-jupiter-api\5.8.2\junit-jupiter-api-5.8.2.jar;C:\Users\DheyClaveria\.m2\repository\org\junit\jupiter\junit-jupiter-params\5.8.2\junit-jupiter-params-5.8.2.jar;C:\Users\DheyClaveria\.m2\repository\org\junit\jupiter\junit-jupiter-engine\5.8.2\junit-jupiter-engine-5.8.2.jar;C:\Users\DheyClaveria\.m2\repository\org\junit\vintage\junit-vintage-engine\5.8.2\junit-vintage-engine-5.8.2.jar;C:\Users\DheyClaveria\.m2\repository\info\cukes\cucumber-java\1.2.5\cucumber-java-1.2.5.jar;C:\Users\DheyClaveria\.m2\repository\info\cukes\cucumber-core\1.2.5\cucumber-core-1.2.5.jar;C:\Users\DheyClaveria\.m2\repository\info\cukes\cucumber-html\0.2.3\cucumber-html-0.2.3.jar;C:\Users\DheyClaveria\.m2\repository\info\cukes\cucumber-jvm-deps\1.0.5\cucumber-jvm-deps-1.0.5.jar;C:\Users\DheyClaveria\.m2\repository\info\cukes\gherkin\2.12.2\gherkin-2.12.2.jar;C:\Users\DheyClaveria\.m2\repository\info\cukes\cucumber-junit\1.2.5\cucumber-junit-1.2.5.jar;C:\Users\DheyClaveria\.m2\repository\org\seleniumhq\selenium\selenium-java\4.1.1\selenium-java-4.1.1.jar;C:\Users\DheyClaveria\.m2\repository\org\seleniumhq\selenium\selenium-devtools-v85\4.1.1\selenium-devtools-v85-4.1.1.jar;C:\Users\DheyClaveria\.m2\repository\org\seleniumhq\selenium\selenium-devtools-v94\4.1.1\selenium-devtools-v94-4.1.1.jar;C:\Users\DheyClaveria\.m2\repository\org\seleniumhq\selenium\selenium-devtools-v95\4.1.1\selenium-devtools-v95-4.1.1.jar;C:\Users\DheyClaveria\.m2\repository\org\seleniumhq\selenium\selenium-devtools-v96\4.1.1\selenium-devtools-v96-4.1.1.jar;C:\Users\DheyClaveria\.m2\repository\org\seleniumhq\selenium\selenium-firefox-xpi-driver\4.1.1\selenium-firefox-xpi-driver-4.1.1.jar;C:\Users\DheyClaveria\.m2\repository\org\seleniumhq\selenium\selenium-opera-driver\4.1.1\selenium-opera-driver-4.1.1.jar;C:\Users\DheyClaveria\.m2\repository\org\seleniumhq\selenium\selenium-remote-driver\4.1.1\selenium-remote-driver-4.1.1.jar;C:\Users\DheyClaveria\.m2\repository\io\netty\netty-buffer\4.1.70.Final\netty-buffer-4.1.70.Final.jar;C:\Users\DheyClaveria\.m2\repository\io\netty\netty-codec-http\4.1.70.Final\netty-codec-http-4.1.70.Final.jar;C:\Users\DheyClaveria\.m2\repository\io\netty\netty-codec\4.1.70.Final\netty-codec-4.1.70.Final.jar;C:\Users\DheyClaveria\.m2\repository\io\netty\netty-handler\4.1.70.Final\netty-handler-4.1.70.Final.jar;C:\Users\DheyClaveria\.m2\repository\io\netty\netty-common\4.1.70.Final\netty-common-4.1.70.Final.jar;C:\Users\DheyClaveria\.m2\repository\io\netty\netty-transport-classes-epoll\4.1.70.Final\netty-transport-classes-epoll-4.1.70.Final.jar;C:\Users\DheyClaveria\.m2\repository\io\netty\netty-transport-classes-kqueue\4.1.70.Final\netty-transport-classes-kqueue-4.1.70.Final.jar;C:\Users\DheyClaveria\.m2\repository\io\netty\netty-transport-native-unix-common\4.1.70.Final\netty-transport-native-unix-common-4.1.70.Final.jar;C:\Users\DheyClaveria\.m2\repository\io\netty\netty-transport\4.1.70.Final\netty-transport-4.1.70.Final.jar;C:\Users\DheyClaveria\.m2\repository\io\netty\netty-resolver\4.1.70.Final\netty-resolver-4.1.70.Final.jar;C:\Users\DheyClaveria\.m2\repository\io\opentelemetry\opentelemetry-api\1.9.1\opentelemetry-api-1.9.1.jar;C:\Users\DheyClaveria\.m2\repository\io\opentelemetry\opentelemetry-context\1.9.1\opentelemetry-context-1.9.1.jar;C:\Users\DheyClaveria\.m2\repository\io\opentelemetry\opentelemetry-exporter-logging\1.9.1\opentelemetry-exporter-logging-1.9.1.jar;C:\Users\DheyClaveria\.m2\repository\io\opentelemetry\opentelemetry-sdk-metrics\1.9.1-alpha\opentelemetry-sdk-metrics-1.9.1-alpha.jar;C:\Users\DheyClaveria\.m2\repository\io\opentelemetry\opentelemetry-sdk-logs\1.9.1-alpha\opentelemetry-sdk-logs-1.9.1-alpha.jar;C:\Users\DheyClaveria\.m2\repository\io\opentelemetry\opentelemetry-sdk-common\1.9.1\opentelemetry-sdk-common-1.9.1.jar;C:\Users\DheyClaveria\.m2\repository\io\opentelemetry\opentelemetry-sdk-extension-autoconfigure-spi\1.9.1\opentelemetry-sdk-extension-autoconfigure-spi-1.9.1.jar;C:\Users\DheyClaveria\.m2\repository\io\opentelemetry\opentelemetry-sdk-extension-autoconfigure\1.9.1-alpha\opentelemetry-sdk-extension-autoconfigure-1.9.1-alpha.jar;C:\Users\DheyClaveria\.m2\repository\io\opentelemetry\opentelemetry-sdk-trace\1.9.1\opentelemetry-sdk-trace-1.9.1.jar;C:\Users\DheyClaveria\.m2\repository\io\opentelemetry\opentelemetry-api-metrics\1.9.1-alpha\opentelemetry-api-metrics-1.9.1-alpha.jar;C:\Users\DheyClaveria\.m2\repository\io\opentelemetry\opentelemetry-sdk\1.9.1\opentelemetry-sdk-1.9.1.jar;C:\Users\DheyClaveria\.m2\repository\io\opentelemetry\opentelemetry-semconv\1.9.1-alpha\opentelemetry-semconv-1.9.1-alpha.jar;C:\Users\DheyClaveria\.m2\repository\io\ous\jtoml\2.0.0\jtoml-2.0.0.jar;C:\Users\DheyClaveria\.m2\repository\org\apache\commons\commons-exec\1.3\commons-exec-1.3.jar;C:\Users\DheyClaveria\.m2\repository\org\asynchttpclient\async-http-client\2.12.3\async-http-client-2.12.3.jar;C:\Users\DheyClaveria\.m2\repository\org\asynchttpclient\async-http-client-netty-utils\2.12.3\async-http-client-netty-utils-2.12.3.jar;C:\Users\DheyClaveria\.m2\repository\io\netty\netty-codec-socks\4.1.60.Final\netty-codec-socks-4.1.60.Final.jar;C:\Users\DheyClaveria\.m2\repository\io\netty\netty-handler-proxy\4.1.60.Final\netty-handler-proxy-4.1.60.Final.jar;C:\Users\DheyClaveria\.m2\repository\io\netty\netty-transport-native-epoll\4.1.60.Final\netty-transport-native-epoll-4.1.60.Final-linux-x86_64.jar;C:\Users\DheyClaveria\.m2\repository\io\netty\netty-transport-native-kqueue\4.1.60.Final\netty-transport-native-kqueue-4.1.60.Final-osx-x86_64.jar;C:\Users\DheyClaveria\.m2\repository\org\reactivestreams\reactive-streams\1.0.3\reactive-streams-1.0.3.jar;C:\Users\DheyClaveria\.m2\repository\com\typesafe\netty\netty-reactive-streams\2.0.4\netty-reactive-streams-2.0.4.jar;C:\Users\DheyClaveria\.m2\repository\com\sun\activation\jakarta.activation\1.2.2\jakarta.activation-1.2.2.jar;C:\Users\DheyClaveria\.m2\repository\org\seleniumhq\selenium\selenium-http\4.1.1\selenium-http-4.1.1.jar;C:\Users\DheyClaveria\.m2\repository\net\jodah\failsafe\2.4.4\failsafe-2.4.4.jar;C:\Users\DheyClaveria\.m2\repository\org\seleniumhq\selenium\selenium-safari-driver\4.1.1\selenium-safari-driver-4.1.1.jar;C:\Users\DheyClaveria\.m2\repository\org\seleniumhq\selenium\selenium-chrome-driver\4.1.1\selenium-chrome-driver-4.1.1.jar;C:\Users\DheyClaveria\.m2\repository\com\google\auto\service\auto-service-annotations\1.0.1\auto-service-annotations-1.0.1.jar;C:\Users\DheyClaveria\.m2\repository\com\google\auto\service\auto-service\1.0.1\auto-service-1.0.1.jar;C:\Users\DheyClaveria\.m2\repository\com\google\auto\auto-common\1.2\auto-common-1.2.jar;C:\Users\DheyClaveria\.m2\repository\org\seleniumhq\selenium\selenium-chromium-driver\4.1.1\selenium-chromium-driver-4.1.1.jar;C:\Users\DheyClaveria\.m2\repository\org\seleniumhq\selenium\selenium-json\4.1.1\selenium-json-4.1.1.jar;C:\Users\DheyClaveria\.m2\repository\io\github\bonigarcia\webdrivermanager\4.2.2\webdrivermanager-4.2.2.jar;C:\Users\DheyClaveria\.m2\repository\org\apache\httpcomponents\client5\httpclient5\5.0.1\httpclient5-5.0.1.jar;C:\Users\DheyClaveria\.m2\repository\org\apache\httpcomponents\core5\httpcore5\5.0.1\httpcore5-5.0.1.jar;C:\Users\DheyClaveria\.m2\repository\org\apache\httpcomponents\core5\httpcore5-h2\5.0.1\httpcore5-h2-5.0.1.jar;C:\Users\DheyClaveria\.m2\repository\org\rauschig\jarchivelib\1.1.0\jarchivelib-1.1.0.jar;C:\Users\DheyClaveria\.m2\repository\tech\grasshopper\extentreports-cucumber7-adapter\1.3.0\extentreports-cucumber7-adapter-1.3.0.jar;C:\Users\DheyClaveria\.m2\repository\com\aventstack\extentreports\5.0.9\extentreports-5.0.9.jar;C:\Users\DheyClaveria\.m2\repository\io\reactivex\rxjava3\rxjava\3.0.4\rxjava-3.0.4.jar;C:\Users\DheyClaveria\.m2\repository\tech\grasshopper\extent-pdf-report\2.1.0\extent-pdf-report-2.1.0.jar;C:\Users\DheyClaveria\.m2\repository\tech\grasshopper\cucumber-pdf-report\2.5.0\cucumber-pdf-report-2.5.0.jar;C:\Users\DheyClaveria\.m2\repository\org\knowm\xchart\xchart\3.8.0\xchart-3.8.0.jar;C:\Users\DheyClaveria\.m2\repository\de\erichseifert\vectorgraphics2d\VectorGraphics2D\0.13\VectorGraphics2D-0.13.jar;C:\Users\DheyClaveria\.m2\repository\de\rototor\pdfbox\graphics2d\0.30\graphics2d-0.30.jar;C:\Users\DheyClaveria\.m2\repository\com\madgag\animated-gif-lib\1.4\animated-gif-lib-1.4.jar;C:\Users\DheyClaveria\.m2\repository\org\yaml\snakeyaml\1.28\snakeyaml-1.28.jar;C:\Users\DheyClaveria\.m2\repository\tech\grasshopper\table-layout\1.4.0\table-layout-1.4.0.jar;C:\Users\DheyClaveria\.m2\repository\tech\grasshopper\rest-assured-cucumber-pdf-report\1.1.0\rest-assured-cucumber-pdf-report-1.1.0.jar;C:\Users\DheyClaveria\.m2\repository\com\aventstack\klov-reporter\5.0.9\klov-reporter-5.0.9.jar;C:\Users\DheyClaveria\.m2\repository\org\mongodb\mongodb-driver\3.6.4\mongodb-driver-3.6.4.jar;C:\Users\DheyClaveria\.m2\repository\org\mongodb\mongodb-driver-core\3.6.4\mongodb-driver-core-3.6.4.jar;C:\Users\DheyClaveria\.m2\repository\org\mongodb\bson\3.6.4\bson-3.6.4.jar;C:\Users\DheyClaveria\.m2\repository\tech\grasshopper\htmlextentreporter\1.0.0\htmlextentreporter-1.0.0.jar;C:\Users\DheyClaveria\.m2\repository\org\testng\testng\6.14.3\testng-6.14.3.jar;C:\Users\DheyClaveria\.m2\repository\com\beust\jcommander\1.72\jcommander-1.72.jar;C:\Users\DheyClaveria\.m2\repository\org\apache-extras\beanshell\bsh\2.0b6\bsh-2.0b6.jar;C:\Users\DheyClaveria\.m2\repository\io\cucumber\cucumber-testng\7.2.3\cucumber-testng-7.2.3.jar;C:\Users\DheyClaveria\.m2\repository\org\apache\poi\poi\5.2.1\poi-5.2.1.jar;C:\Users\DheyClaveria\.m2\repository\org\apache\commons\commons-collections4\4.4\commons-collections4-4.4.jar;C:\Users\DheyClaveria\.m2\repository\org\apache\commons\commons-math3\3.6.1\commons-math3-3.6.1.jar;C:\Users\DheyClaveria\.m2\repository\com\zaxxer\SparseBitSet\1.2\SparseBitSet-1.2.jar;C:\Users\DheyClaveria\.m2\repository\org\apache\logging\log4j\log4j-api\2.17.1\log4j-api-2.17.1.jar;C:\Users\DheyClaveria\.m2\repository\org\apache\poi\poi-ooxml\5.2.1\poi-ooxml-5.2.1.jar;C:\Users\DheyClaveria\.m2\repository\org\apache\poi\poi-ooxml-lite\5.2.1\poi-ooxml-lite-5.2.1.jar;C:\Users\DheyClaveria\.m2\repository\org\apache\xmlbeans\xmlbeans\5.0.3\xmlbeans-5.0.3.jar;C:\Users\DheyClaveria\.m2\repository\org\apache\commons\commons-compress\1.21\commons-compress-1.21.jar;C:\Users\DheyClaveria\.m2\repository\com\github\virtuald\curvesapi\1.07\curvesapi-1.07.jar;"/>
    <property name="java.vm.vendor" value="Oracle Corporation"/>
    <property name="sun.arch.data.model" value="64"/>
    <property name="user.variant" value=""/>
    <property name="java.vendor.url" value="https://java.oracle.com/"/>
    <property name="user.timezone" value="Asia/Shanghai"/>
    <property name="os.name" value="Windows 10"/>
    <property name="java.vm.specification.version" value="15"/>
    <property name="sun.java.launcher" value="SUN_STANDARD"/>
    <property name="user.country" value="US"/>
    <property name="sun.boot.library.path" value="C:\Program Files\Java\jdk-15.0.1\bin"/>
    <property name="sun.java.command" value="C:\Users\DheyClaveria\AppData\Local\Temp\surefire14236323146126366495\surefirebooter9431071638383359353.jar C:\Users\DheyClaveria\AppData\Local\Temp\surefire14236323146126366495 2022-03-25T16-38-40_502-jvmRun1 surefire17902856740018724938tmp surefire_015036908279453496691tmp"/>
    <property name="jdk.debug" value="release"/>
    <property name="surefire.test.class.path" value="Z:\Automation\JavaCucumber\BDD_HCL\CucumberHCL\target\test-classes;Z:\Automation\JavaCucumber\BDD_HCL\CucumberHCL\target\classes;C:\Users\DheyClaveria\.m2\repository\com\github\ralfstuckert\pdfbox-layout\pdfbox2-layout\1.0.1\pdfbox2-layout-1.0.1.jar;C:\Users\DheyClaveria\.m2\repository\org\apache\pdfbox\pdfbox\2.0.4\pdfbox-2.0.4.jar;C:\Users\DheyClaveria\.m2\repository\org\apache\pdfbox\fontbox\2.0.4\fontbox-2.0.4.jar;C:\Users\DheyClaveria\.m2\repository\commons-logging\commons-logging\1.2\commons-logging-1.2.jar;C:\Users\DheyClaveria\.m2\repository\io\rest-assured\rest-assured\4.5.1\rest-assured-4.5.1.jar;C:\Users\DheyClaveria\.m2\repository\org\codehaus\groovy\groovy\3.0.9\groovy-3.0.9.jar;C:\Users\DheyClaveria\.m2\repository\org\codehaus\groovy\groovy-xml\3.0.9\groovy-xml-3.0.9.jar;C:\Users\DheyClaveria\.m2\repository\org\apache\httpcomponents\httpclient\4.5.13\httpclient-4.5.13.jar;C:\Users\DheyClaveria\.m2\repository\org\apache\httpcomponents\httpcore\4.4.13\httpcore-4.4.13.jar;C:\Users\DheyClaveria\.m2\repository\org\apache\httpcomponents\httpmime\4.5.13\httpmime-4.5.13.jar;C:\Users\DheyClaveria\.m2\repository\org\hamcrest\hamcrest\2.1\hamcrest-2.1.jar;C:\Users\DheyClaveria\.m2\repository\org\ccil\cowan\tagsoup\tagsoup\1.2.1\tagsoup-1.2.1.jar;C:\Users\DheyClaveria\.m2\repository\io\rest-assured\json-path\4.5.1\json-path-4.5.1.jar;C:\Users\DheyClaveria\.m2\repository\io\rest-assured\rest-assured-common\4.5.1\rest-assured-common-4.5.1.jar;C:\Users\DheyClaveria\.m2\repository\io\rest-assured\xml-path\4.5.1\xml-path-4.5.1.jar;C:\Users\DheyClaveria\.m2\repository\io\rest-assured\rest-assured-all\4.3.2\rest-assured-all-4.3.2.jar;C:\Users\DheyClaveria\.m2\repository\org\apache\commons\commons-lang3\3.11\commons-lang3-3.11.jar;C:\Users\DheyClaveria\.m2\repository\jakarta\xml\bind\jakarta.xml.bind-api\2.3.3\jakarta.xml.bind-api-2.3.3.jar;C:\Users\DheyClaveria\.m2\repository\jakarta\activation\jakarta.activation-api\1.2.2\jakarta.activation-api-1.2.2.jar;C:\Users\DheyClaveria\.m2\repository\com\sun\xml\bind\jaxb-impl\2.3.3\jaxb-impl-2.3.3.jar;C:\Users\DheyClaveria\.m2\repository\org\codehaus\groovy\groovy-json\3.0.6\groovy-json-3.0.6.jar;C:\Users\DheyClaveria\.m2\repository\log4j\log4j\1.2.17\log4j-1.2.17.jar;C:\Users\DheyClaveria\.m2\repository\ch\qos\logback\logback-classic\1.1.3\logback-classic-1.1.3.jar;C:\Users\DheyClaveria\.m2\repository\ch\qos\logback\logback-core\1.1.3\logback-core-1.1.3.jar;C:\Users\DheyClaveria\.m2\repository\org\slf4j\slf4j-api\1.7.7\slf4j-api-1.7.7.jar;C:\Users\DheyClaveria\.m2\repository\org\json\json\20210307\json-20210307.jar;C:\Users\DheyClaveria\.m2\repository\com\ea\async\ea-async\1.2.3\ea-async-1.2.3.jar;C:\Users\DheyClaveria\.m2\repository\net\serenity-bdd\serenity-assertions\3.2.0\serenity-assertions-3.2.0.jar;C:\Users\DheyClaveria\.m2\repository\net\serenity-bdd\serenity-screenplay\3.2.0\serenity-screenplay-3.2.0.jar;C:\Users\DheyClaveria\.m2\repository\org\assertj\assertj-core\3.21.0\assertj-core-3.21.0.jar;C:\Users\DheyClaveria\.m2\repository\net\serenity-bdd\serenity-ensure\3.2.0\serenity-ensure-3.2.0.jar;C:\Users\DheyClaveria\.m2\repository\net\serenity-bdd\serenity-model\3.2.0\serenity-model-3.2.0.jar;C:\Users\DheyClaveria\.m2\repository\org\apache\commons\commons-text\1.9\commons-text-1.9.jar;C:\Users\DheyClaveria\.m2\repository\commons-net\commons-net\3.6\commons-net-3.6.jar;C:\Users\DheyClaveria\.m2\repository\com\google\inject\guice\5.0.1\guice-5.0.1.jar;C:\Users\DheyClaveria\.m2\repository\javax\inject\javax.inject\1\javax.inject-1.jar;C:\Users\DheyClaveria\.m2\repository\aopalliance\aopalliance\1.0\aopalliance-1.0.jar;C:\Users\DheyClaveria\.m2\repository\com\thoughtworks\xstream\xstream\1.4.19\xstream-1.4.19.jar;C:\Users\DheyClaveria\.m2\repository\io\github\x-stream\mxparser\1.2.2\mxparser-1.2.2.jar;C:\Users\DheyClaveria\.m2\repository\xmlpull\xmlpull\1.1.3.1\xmlpull-1.1.3.1.jar;C:\Users\DheyClaveria\.m2\repository\com\typesafe\config\1.3.1\config-1.3.1.jar;C:\Users\DheyClaveria\.m2\repository\org\imgscalr\imgscalr-lib\4.2\imgscalr-lib-4.2.jar;C:\Users\DheyClaveria\.m2\repository\org\awaitility\awaitility\4.1.0\awaitility-4.1.0.jar;C:\Users\DheyClaveria\.m2\repository\org\freemarker\freemarker\2.3.31\freemarker-2.3.31.jar;C:\Users\DheyClaveria\.m2\repository\io\github\classgraph\classgraph\4.8.138\classgraph-4.8.138.jar;C:\Users\DheyClaveria\.m2\repository\net\sourceforge\jexcelapi\jxl\2.6.12\jxl-2.6.12.jar;C:\Users\DheyClaveria\.m2\repository\net\bytebuddy\byte-buddy\1.12.3\byte-buddy-1.12.3.jar;C:\Users\DheyClaveria\.m2\repository\net\bytebuddy\byte-buddy-agent\1.12.3\byte-buddy-agent-1.12.3.jar;C:\Users\DheyClaveria\.m2\repository\org\objenesis\objenesis\3.1\objenesis-3.1.jar;C:\Users\DheyClaveria\.m2\repository\net\serenity-bdd\serenity-screenplay-webdriver\3.2.0\serenity-screenplay-webdriver-3.2.0.jar;C:\Users\DheyClaveria\.m2\repository\org\jetbrains\kotlin\kotlin-stdlib\1.6.0\kotlin-stdlib-1.6.0.jar;C:\Users\DheyClaveria\.m2\repository\org\jetbrains\annotations\13.0\annotations-13.0.jar;C:\Users\DheyClaveria\.m2\repository\org\jetbrains\kotlin\kotlin-stdlib-common\1.6.0\kotlin-stdlib-common-1.6.0.jar;C:\Users\DheyClaveria\.m2\repository\net\serenity-bdd\serenity-core\3.2.0\serenity-core-3.2.0.jar;C:\Users\DheyClaveria\.m2\repository\net\serenity-bdd\serenity-reports\3.2.0\serenity-reports-3.2.0.jar;C:\Users\DheyClaveria\.m2\repository\net\serenity-bdd\serenity-stats\3.2.0\serenity-stats-3.2.0.jar;C:\Users\DheyClaveria\.m2\repository\net\serenity-bdd\serenity-reports-configuration\3.2.0\serenity-reports-configuration-3.2.0.jar;C:\Users\DheyClaveria\.m2\repository\com\vladsch\flexmark\flexmark-all\0.34.30\flexmark-all-0.34.30.jar;C:\Users\DheyClaveria\.m2\repository\com\vladsch\flexmark\flexmark\0.34.30\flexmark-0.34.30.jar;C:\Users\DheyClaveria\.m2\repository\com\vladsch\flexmark\flexmark-ext-abbreviation\0.34.30\flexmark-ext-abbreviation-0.34.30.jar;C:\Users\DheyClaveria\.m2\repository\com\vladsch\flexmark\flexmark-ext-admonition\0.34.30\flexmark-ext-admonition-0.34.30.jar;C:\Users\DheyClaveria\.m2\repository\com\vladsch\flexmark\flexmark-ext-anchorlink\0.34.30\flexmark-ext-anchorlink-0.34.30.jar;C:\Users\DheyClaveria\.m2\repository\com\vladsch\flexmark\flexmark-ext-aside\0.34.30\flexmark-ext-aside-0.34.30.jar;C:\Users\DheyClaveria\.m2\repository\com\vladsch\flexmark\flexmark-ext-attributes\0.34.30\flexmark-ext-attributes-0.34.30.jar;C:\Users\DheyClaveria\.m2\repository\com\vladsch\flexmark\flexmark-ext-autolink\0.34.30\flexmark-ext-autolink-0.34.30.jar;C:\Users\DheyClaveria\.m2\repository\org\nibor\autolink\autolink\0.6.0\autolink-0.6.0.jar;C:\Users\DheyClaveria\.m2\repository\com\vladsch\flexmark\flexmark-ext-definition\0.34.30\flexmark-ext-definition-0.34.30.jar;C:\Users\DheyClaveria\.m2\repository\com\vladsch\flexmark\flexmark-ext-emoji\0.34.30\flexmark-ext-emoji-0.34.30.jar;C:\Users\DheyClaveria\.m2\repository\com\vladsch\flexmark\flexmark-ext-enumerated-reference\0.34.30\flexmark-ext-enumerated-reference-0.34.30.jar;C:\Users\DheyClaveria\.m2\repository\com\vladsch\flexmark\flexmark-ext-escaped-character\0.34.30\flexmark-ext-escaped-character-0.34.30.jar;C:\Users\DheyClaveria\.m2\repository\com\vladsch\flexmark\flexmark-ext-footnotes\0.34.30\flexmark-ext-footnotes-0.34.30.jar;C:\Users\DheyClaveria\.m2\repository\com\vladsch\flexmark\flexmark-ext-gfm-issues\0.34.30\flexmark-ext-gfm-issues-0.34.30.jar;C:\Users\DheyClaveria\.m2\repository\com\vladsch\flexmark\flexmark-ext-gfm-strikethrough\0.34.30\flexmark-ext-gfm-strikethrough-0.34.30.jar;C:\Users\DheyClaveria\.m2\repository\com\vladsch\flexmark\flexmark-ext-gfm-tables\0.34.30\flexmark-ext-gfm-tables-0.34.30.jar;C:\Users\DheyClaveria\.m2\repository\com\vladsch\flexmark\flexmark-ext-gfm-tasklist\0.34.30\flexmark-ext-gfm-tasklist-0.34.30.jar;C:\Users\DheyClaveria\.m2\repository\com\vladsch\flexmark\flexmark-ext-gfm-users\0.34.30\flexmark-ext-gfm-users-0.34.30.jar;C:\Users\DheyClaveria\.m2\repository\com\vladsch\flexmark\flexmark-ext-gitlab\0.34.30\flexmark-ext-gitlab-0.34.30.jar;C:\Users\DheyClaveria\.m2\repository\com\vladsch\flexmark\flexmark-ext-jekyll-front-matter\0.34.30\flexmark-ext-jekyll-front-matter-0.34.30.jar;C:\Users\DheyClaveria\.m2\repository\com\vladsch\flexmark\flexmark-ext-jekyll-tag\0.34.30\flexmark-ext-jekyll-tag-0.34.30.jar;C:\Users\DheyClaveria\.m2\repository\com\vladsch\flexmark\flexmark-ext-media-tags\0.34.30\flexmark-ext-media-tags-0.34.30.jar;C:\Users\DheyClaveria\.m2\repository\com\vladsch\flexmark\flexmark-test-util\0.34.30\flexmark-test-util-0.34.30.jar;C:\Users\DheyClaveria\.m2\repository\com\vladsch\flexmark\flexmark-ext-ins\0.34.30\flexmark-ext-ins-0.34.30.jar;C:\Users\DheyClaveria\.m2\repository\com\vladsch\flexmark\flexmark-ext-xwiki-macros\0.34.30\flexmark-ext-xwiki-macros-0.34.30.jar;C:\Users\DheyClaveria\.m2\repository\com\vladsch\flexmark\flexmark-ext-superscript\0.34.30\flexmark-ext-superscript-0.34.30.jar;C:\Users\DheyClaveria\.m2\repository\com\vladsch\flexmark\flexmark-ext-tables\0.34.30\flexmark-ext-tables-0.34.30.jar;C:\Users\DheyClaveria\.m2\repository\com\vladsch\flexmark\flexmark-ext-toc\0.34.30\flexmark-ext-toc-0.34.30.jar;C:\Users\DheyClaveria\.m2\repository\com\vladsch\flexmark\flexmark-ext-typographic\0.34.30\flexmark-ext-typographic-0.34.30.jar;C:\Users\DheyClaveria\.m2\repository\com\vladsch\flexmark\flexmark-ext-wikilink\0.34.30\flexmark-ext-wikilink-0.34.30.jar;C:\Users\DheyClaveria\.m2\repository\com\vladsch\flexmark\flexmark-ext-yaml-front-matter\0.34.30\flexmark-ext-yaml-front-matter-0.34.30.jar;C:\Users\DheyClaveria\.m2\repository\com\vladsch\flexmark\flexmark-ext-youtube-embedded\0.34.30\flexmark-ext-youtube-embedded-0.34.30.jar;C:\Users\DheyClaveria\.m2\repository\com\vladsch\flexmark\flexmark-formatter\0.34.30\flexmark-formatter-0.34.30.jar;C:\Users\DheyClaveria\.m2\repository\com\vladsch\flexmark\flexmark-html-parser\0.34.30\flexmark-html-parser-0.34.30.jar;C:\Users\DheyClaveria\.m2\repository\com\vladsch\flexmark\flexmark-jira-converter\0.34.30\flexmark-jira-converter-0.34.30.jar;C:\Users\DheyClaveria\.m2\repository\com\vladsch\flexmark\flexmark-pdf-converter\0.34.30\flexmark-pdf-converter-0.34.30.jar;C:\Users\DheyClaveria\.m2\repository\com\openhtmltopdf\openhtmltopdf-core\0.0.1-RC13\openhtmltopdf-core-0.0.1-RC13.jar;C:\Users\DheyClaveria\.m2\repository\com\openhtmltopdf\openhtmltopdf-pdfbox\0.0.1-RC13\openhtmltopdf-pdfbox-0.0.1-RC13.jar;C:\Users\DheyClaveria\.m2\repository\org\apache\pdfbox\xmpbox\2.0.8\xmpbox-2.0.8.jar;C:\Users\DheyClaveria\.m2\repository\com\openhtmltopdf\openhtmltopdf-rtl-support\0.0.1-RC13\openhtmltopdf-rtl-support-0.0.1-RC13.jar;C:\Users\DheyClaveria\.m2\repository\com\ibm\icu\icu4j\59.1\icu4j-59.1.jar;C:\Users\DheyClaveria\.m2\repository\com\openhtmltopdf\openhtmltopdf-jsoup-dom-converter\0.0.1-RC13\openhtmltopdf-jsoup-dom-converter-0.0.1-RC13.jar;C:\Users\DheyClaveria\.m2\repository\com\vladsch\flexmark\flexmark-profile-pegdown\0.34.30\flexmark-profile-pegdown-0.34.30.jar;C:\Users\DheyClaveria\.m2\repository\com\vladsch\flexmark\flexmark-util\0.34.30\flexmark-util-0.34.30.jar;C:\Users\DheyClaveria\.m2\repository\com\vladsch\flexmark\flexmark-youtrack-converter\0.34.30\flexmark-youtrack-converter-0.34.30.jar;C:\Users\DheyClaveria\.m2\repository\es\nitaur\markdown\txtmark\0.16\txtmark-0.16.jar;C:\Users\DheyClaveria\.m2\repository\net\serenity-bdd\serenity-report-resources\3.2.0\serenity-report-resources-3.2.0.jar;C:\Users\DheyClaveria\.m2\repository\com\google\code\gson\gson\2.8.9\gson-2.8.9.jar;C:\Users\DheyClaveria\.m2\repository\com\fasterxml\jackson\core\jackson-core\2.12.4\jackson-core-2.12.4.jar;C:\Users\DheyClaveria\.m2\repository\com\fasterxml\jackson\core\jackson-databind\2.12.4\jackson-databind-2.12.4.jar;C:\Users\DheyClaveria\.m2\repository\com\fasterxml\jackson\core\jackson-annotations\2.12.4\jackson-annotations-2.12.4.jar;C:\Users\DheyClaveria\.m2\repository\commons-codec\commons-codec\1.15\commons-codec-1.15.jar;C:\Users\DheyClaveria\.m2\repository\commons-io\commons-io\2.8.0\commons-io-2.8.0.jar;C:\Users\DheyClaveria\.m2\repository\org\seleniumhq\selenium\selenium-api\4.1.2\selenium-api-4.1.2.jar;C:\Users\DheyClaveria\.m2\repository\org\seleniumhq\selenium\selenium-support\4.1.2\selenium-support-4.1.2.jar;C:\Users\DheyClaveria\.m2\repository\org\seleniumhq\selenium\selenium-firefox-driver\4.1.2\selenium-firefox-driver-4.1.2.jar;C:\Users\DheyClaveria\.m2\repository\org\seleniumhq\selenium\selenium-edge-driver\4.1.2\selenium-edge-driver-4.1.2.jar;C:\Users\DheyClaveria\.m2\repository\org\seleniumhq\selenium\selenium-ie-driver\4.1.2\selenium-ie-driver-4.1.2.jar;C:\Users\DheyClaveria\.m2\repository\org\projectlombok\lombok\1.18.20\lombok-1.18.20.jar;C:\Users\DheyClaveria\.m2\repository\io\appium\java-client\8.0.0-beta2\java-client-8.0.0-beta2.jar;C:\Users\DheyClaveria\.m2\repository\commons-validator\commons-validator\1.7\commons-validator-1.7.jar;C:\Users\DheyClaveria\.m2\repository\commons-digester\commons-digester\2.1\commons-digester-2.1.jar;C:\Users\DheyClaveria\.m2\repository\org\aspectj\aspectjweaver\1.9.7\aspectjweaver-1.9.7.jar;C:\Users\DheyClaveria\.m2\repository\net\sf\opencsv\opencsv\2.0\opencsv-2.0.jar;C:\Users\DheyClaveria\.m2\repository\commons-beanutils\commons-beanutils\1.9.4\commons-beanutils-1.9.4.jar;C:\Users\DheyClaveria\.m2\repository\commons-collections\commons-collections\3.2.2\commons-collections-3.2.2.jar;C:\Users\DheyClaveria\.m2\repository\org\fluentlenium\fluentlenium-core\0.10.2\fluentlenium-core-0.10.2.jar;C:\Users\DheyClaveria\.m2\repository\com\jhlabs\filters\2.0.235\filters-2.0.235.jar;C:\Users\DheyClaveria\.m2\repository\com\paulhammant\ngwebdriver\1.1.5\ngwebdriver-1.1.5.jar;C:\Users\DheyClaveria\.m2\repository\joda-time\joda-time\2.8.2\joda-time-2.8.2.jar;C:\Users\DheyClaveria\.m2\repository\com\google\jimfs\jimfs\1.1\jimfs-1.1.jar;C:\Users\DheyClaveria\.m2\repository\org\mockito\mockito-core\3.3.3\mockito-core-3.3.3.jar;C:\Users\DheyClaveria\.m2\repository\javax\xml\bind\jaxb-api\2.3.1\jaxb-api-2.3.1.jar;C:\Users\DheyClaveria\.m2\repository\javax\activation\javax.activation-api\1.2.0\javax.activation-api-1.2.0.jar;C:\Users\DheyClaveria\.m2\repository\com\sun\xml\bind\jaxb-core\2.3.0.1\jaxb-core-2.3.0.1.jar;C:\Users\DheyClaveria\.m2\repository\javax\activation\activation\1.1.1\activation-1.1.1.jar;C:\Users\DheyClaveria\.m2\repository\net\serenity-bdd\serenity-junit\3.2.0\serenity-junit-3.2.0.jar;C:\Users\DheyClaveria\.m2\repository\net\serenity-bdd\serenity-cucumber\3.2.0\serenity-cucumber-3.2.0.jar;C:\Users\DheyClaveria\.m2\repository\org\apache\commons\commons-csv\1.5\commons-csv-1.5.jar;C:\Users\DheyClaveria\.m2\repository\net\serenity-bdd\serenity-rest-assured\3.2.0\serenity-rest-assured-3.2.0.jar;C:\Users\DheyClaveria\.m2\repository\org\opentest4j\opentest4j\1.2.0\opentest4j-1.2.0.jar;C:\Users\DheyClaveria\.m2\repository\io\cucumber\cucumber-java\7.2.3\cucumber-java-7.2.3.jar;C:\Users\DheyClaveria\.m2\repository\org\apiguardian\apiguardian-api\1.1.2\apiguardian-api-1.1.2.jar;C:\Users\DheyClaveria\.m2\repository\io\cucumber\cucumber-junit\7.2.3\cucumber-junit-7.2.3.jar;C:\Users\DheyClaveria\.m2\repository\io\cucumber\cucumber-core\7.2.3\cucumber-core-7.2.3.jar;C:\Users\DheyClaveria\.m2\repository\io\cucumber\cucumber-gherkin-messages\7.2.3\cucumber-gherkin-messages-7.2.3.jar;C:\Users\DheyClaveria\.m2\repository\io\cucumber\messages\17.1.1\messages-17.1.1.jar;C:\Users\DheyClaveria\.m2\repository\io\cucumber\tag-expressions\4.1.0\tag-expressions-4.1.0.jar;C:\Users\DheyClaveria\.m2\repository\io\cucumber\cucumber-expressions\15.0.1\cucumber-expressions-15.0.1.jar;C:\Users\DheyClaveria\.m2\repository\io\cucumber\datatable\7.2.3\datatable-7.2.3.jar;C:\Users\DheyClaveria\.m2\repository\io\cucumber\cucumber-plugin\7.2.3\cucumber-plugin-7.2.3.jar;C:\Users\DheyClaveria\.m2\repository\io\cucumber\docstring\7.2.3\docstring-7.2.3.jar;C:\Users\DheyClaveria\.m2\repository\io\cucumber\html-formatter\17.0.0\html-formatter-17.0.0.jar;C:\Users\DheyClaveria\.m2\repository\io\cucumber\ci-environment\8.1.0\ci-environment-8.1.0.jar;C:\Users\DheyClaveria\.m2\repository\io\cucumber\cucumber-junit-platform-engine\7.2.3\cucumber-junit-platform-engine-7.2.3.jar;C:\Users\DheyClaveria\.m2\repository\org\junit\platform\junit-platform-engine\1.8.2\junit-platform-engine-1.8.2.jar;C:\Users\DheyClaveria\.m2\repository\org\junit\platform\junit-platform-commons\1.8.2\junit-platform-commons-1.8.2.jar;C:\Users\DheyClaveria\.m2\repository\io\cucumber\cucumber-jvm-deps\1.0.6\cucumber-jvm-deps-1.0.6.jar;C:\Users\DheyClaveria\.m2\repository\net\masterthought\cucumber-reporting\5.7.0\cucumber-reporting-5.7.0.jar;C:\Users\DheyClaveria\.m2\repository\com\fasterxml\jackson\datatype\jackson-datatype-jsr310\2.13.0\jackson-datatype-jsr310-2.13.0.jar;C:\Users\DheyClaveria\.m2\repository\org\apache\velocity\velocity-engine-core\2.3\velocity-engine-core-2.3.jar;C:\Users\DheyClaveria\.m2\repository\org\codehaus\plexus\plexus-utils\3.3.0\plexus-utils-3.3.0.jar;C:\Users\DheyClaveria\.m2\repository\org\jsoup\jsoup\1.14.2\jsoup-1.14.2.jar;C:\Users\DheyClaveria\.m2\repository\com\google\guava\guava\30.1.1-jre\guava-30.1.1-jre.jar;C:\Users\DheyClaveria\.m2\repository\com\google\guava\failureaccess\1.0.1\failureaccess-1.0.1.jar;C:\Users\DheyClaveria\.m2\repository\com\google\guava\listenablefuture\9999.0-empty-to-avoid-conflict-with-guava\listenablefuture-9999.0-empty-to-avoid-conflict-with-guava.jar;C:\Users\DheyClaveria\.m2\repository\com\google\code\findbugs\jsr305\3.0.2\jsr305-3.0.2.jar;C:\Users\DheyClaveria\.m2\repository\org\checkerframework\checker-qual\3.8.0\checker-qual-3.8.0.jar;C:\Users\DheyClaveria\.m2\repository\com\google\errorprone\error_prone_annotations\2.5.1\error_prone_annotations-2.5.1.jar;C:\Users\DheyClaveria\.m2\repository\com\google\j2objc\j2objc-annotations\1.3\j2objc-annotations-1.3.jar;C:\Users\DheyClaveria\.m2\repository\com\googlecode\owasp-java-html-sanitizer\owasp-java-html-sanitizer\20211018.2\owasp-java-html-sanitizer-20211018.2.jar;C:\Users\DheyClaveria\.m2\repository\commons-configuration\commons-configuration\1.10\commons-configuration-1.10.jar;C:\Users\DheyClaveria\.m2\repository\commons-lang\commons-lang\2.6\commons-lang-2.6.jar;C:\Users\DheyClaveria\.m2\repository\io\cucumber\cucumber-html\0.2.7\cucumber-html-0.2.7.jar;C:\Users\DheyClaveria\.m2\repository\io\cucumber\cucumber-gherkin\7.2.3\cucumber-gherkin-7.2.3.jar;C:\Users\DheyClaveria\.m2\repository\junit\junit\4.13.1\junit-4.13.1.jar;C:\Users\DheyClaveria\.m2\repository\org\hamcrest\hamcrest-core\1.3\hamcrest-core-1.3.jar;C:\Users\DheyClaveria\.m2\repository\org\junit\platform\junit-platform-suite\1.8.2\junit-platform-suite-1.8.2.jar;C:\Users\DheyClaveria\.m2\repository\org\junit\platform\junit-platform-suite-api\1.8.2\junit-platform-suite-api-1.8.2.jar;C:\Users\DheyClaveria\.m2\repository\org\junit\platform\junit-platform-suite-engine\1.8.2\junit-platform-suite-engine-1.8.2.jar;C:\Users\DheyClaveria\.m2\repository\org\junit\platform\junit-platform-suite-commons\1.8.2\junit-platform-suite-commons-1.8.2.jar;C:\Users\DheyClaveria\.m2\repository\org\junit\platform\junit-platform-launcher\1.8.2\junit-platform-launcher-1.8.2.jar;C:\Users\DheyClaveria\.m2\repository\org\junit\jupiter\junit-jupiter\5.8.2\junit-jupiter-5.8.2.jar;C:\Users\DheyClaveria\.m2\repository\org\junit\jupiter\junit-jupiter-api\5.8.2\junit-jupiter-api-5.8.2.jar;C:\Users\DheyClaveria\.m2\repository\org\junit\jupiter\junit-jupiter-params\5.8.2\junit-jupiter-params-5.8.2.jar;C:\Users\DheyClaveria\.m2\repository\org\junit\jupiter\junit-jupiter-engine\5.8.2\junit-jupiter-engine-5.8.2.jar;C:\Users\DheyClaveria\.m2\repository\org\junit\vintage\junit-vintage-engine\5.8.2\junit-vintage-engine-5.8.2.jar;C:\Users\DheyClaveria\.m2\repository\info\cukes\cucumber-java\1.2.5\cucumber-java-1.2.5.jar;C:\Users\DheyClaveria\.m2\repository\info\cukes\cucumber-core\1.2.5\cucumber-core-1.2.5.jar;C:\Users\DheyClaveria\.m2\repository\info\cukes\cucumber-html\0.2.3\cucumber-html-0.2.3.jar;C:\Users\DheyClaveria\.m2\repository\info\cukes\cucumber-jvm-deps\1.0.5\cucumber-jvm-deps-1.0.5.jar;C:\Users\DheyClaveria\.m2\repository\info\cukes\gherkin\2.12.2\gherkin-2.12.2.jar;C:\Users\DheyClaveria\.m2\repository\info\cukes\cucumber-junit\1.2.5\cucumber-junit-1.2.5.jar;C:\Users\DheyClaveria\.m2\repository\org\seleniumhq\selenium\selenium-java\4.1.1\selenium-java-4.1.1.jar;C:\Users\DheyClaveria\.m2\repository\org\seleniumhq\selenium\selenium-devtools-v85\4.1.1\selenium-devtools-v85-4.1.1.jar;C:\Users\DheyClaveria\.m2\repository\org\seleniumhq\selenium\selenium-devtools-v94\4.1.1\selenium-devtools-v94-4.1.1.jar;C:\Users\DheyClaveria\.m2\repository\org\seleniumhq\selenium\selenium-devtools-v95\4.1.1\selenium-devtools-v95-4.1.1.jar;C:\Users\DheyClaveria\.m2\repository\org\seleniumhq\selenium\selenium-devtools-v96\4.1.1\selenium-devtools-v96-4.1.1.jar;C:\Users\DheyClaveria\.m2\repository\org\seleniumhq\selenium\selenium-firefox-xpi-driver\4.1.1\selenium-firefox-xpi-driver-4.1.1.jar;C:\Users\DheyClaveria\.m2\repository\org\seleniumhq\selenium\selenium-opera-driver\4.1.1\selenium-opera-driver-4.1.1.jar;C:\Users\DheyClaveria\.m2\repository\org\seleniumhq\selenium\selenium-remote-driver\4.1.1\selenium-remote-driver-4.1.1.jar;C:\Users\DheyClaveria\.m2\repository\io\netty\netty-buffer\4.1.70.Final\netty-buffer-4.1.70.Final.jar;C:\Users\DheyClaveria\.m2\repository\io\netty\netty-codec-http\4.1.70.Final\netty-codec-http-4.1.70.Final.jar;C:\Users\DheyClaveria\.m2\repository\io\netty\netty-codec\4.1.70.Final\netty-codec-4.1.70.Final.jar;C:\Users\DheyClaveria\.m2\repository\io\netty\netty-handler\4.1.70.Final\netty-handler-4.1.70.Final.jar;C:\Users\DheyClaveria\.m2\repository\io\netty\netty-common\4.1.70.Final\netty-common-4.1.70.Final.jar;C:\Users\DheyClaveria\.m2\repository\io\netty\netty-transport-classes-epoll\4.1.70.Final\netty-transport-classes-epoll-4.1.70.Final.jar;C:\Users\DheyClaveria\.m2\repository\io\netty\netty-transport-classes-kqueue\4.1.70.Final\netty-transport-classes-kqueue-4.1.70.Final.jar;C:\Users\DheyClaveria\.m2\repository\io\netty\netty-transport-native-unix-common\4.1.70.Final\netty-transport-native-unix-common-4.1.70.Final.jar;C:\Users\DheyClaveria\.m2\repository\io\netty\netty-transport\4.1.70.Final\netty-transport-4.1.70.Final.jar;C:\Users\DheyClaveria\.m2\repository\io\netty\netty-resolver\4.1.70.Final\netty-resolver-4.1.70.Final.jar;C:\Users\DheyClaveria\.m2\repository\io\opentelemetry\opentelemetry-api\1.9.1\opentelemetry-api-1.9.1.jar;C:\Users\DheyClaveria\.m2\repository\io\opentelemetry\opentelemetry-context\1.9.1\opentelemetry-context-1.9.1.jar;C:\Users\DheyClaveria\.m2\repository\io\opentelemetry\opentelemetry-exporter-logging\1.9.1\opentelemetry-exporter-logging-1.9.1.jar;C:\Users\DheyClaveria\.m2\repository\io\opentelemetry\opentelemetry-sdk-metrics\1.9.1-alpha\opentelemetry-sdk-metrics-1.9.1-alpha.jar;C:\Users\DheyClaveria\.m2\repository\io\opentelemetry\opentelemetry-sdk-logs\1.9.1-alpha\opentelemetry-sdk-logs-1.9.1-alpha.jar;C:\Users\DheyClaveria\.m2\repository\io\opentelemetry\opentelemetry-sdk-common\1.9.1\opentelemetry-sdk-common-1.9.1.jar;C:\Users\DheyClaveria\.m2\repository\io\opentelemetry\opentelemetry-sdk-extension-autoconfigure-spi\1.9.1\opentelemetry-sdk-extension-autoconfigure-spi-1.9.1.jar;C:\Users\DheyClaveria\.m2\repository\io\opentelemetry\opentelemetry-sdk-extension-autoconfigure\1.9.1-alpha\opentelemetry-sdk-extension-autoconfigure-1.9.1-alpha.jar;C:\Users\DheyClaveria\.m2\repository\io\opentelemetry\opentelemetry-sdk-trace\1.9.1\opentelemetry-sdk-trace-1.9.1.jar;C:\Users\DheyClaveria\.m2\repository\io\opentelemetry\opentelemetry-api-metrics\1.9.1-alpha\opentelemetry-api-metrics-1.9.1-alpha.jar;C:\Users\DheyClaveria\.m2\repository\io\opentelemetry\opentelemetry-sdk\1.9.1\opentelemetry-sdk-1.9.1.jar;C:\Users\DheyClaveria\.m2\repository\io\opentelemetry\opentelemetry-semconv\1.9.1-alpha\opentelemetry-semconv-1.9.1-alpha.jar;C:\Users\DheyClaveria\.m2\repository\io\ous\jtoml\2.0.0\jtoml-2.0.0.jar;C:\Users\DheyClaveria\.m2\repository\org\apache\commons\commons-exec\1.3\commons-exec-1.3.jar;C:\Users\DheyClaveria\.m2\repository\org\asynchttpclient\async-http-client\2.12.3\async-http-client-2.12.3.jar;C:\Users\DheyClaveria\.m2\repository\org\asynchttpclient\async-http-client-netty-utils\2.12.3\async-http-client-netty-utils-2.12.3.jar;C:\Users\DheyClaveria\.m2\repository\io\netty\netty-codec-socks\4.1.60.Final\netty-codec-socks-4.1.60.Final.jar;C:\Users\DheyClaveria\.m2\repository\io\netty\netty-handler-proxy\4.1.60.Final\netty-handler-proxy-4.1.60.Final.jar;C:\Users\DheyClaveria\.m2\repository\io\netty\netty-transport-native-epoll\4.1.60.Final\netty-transport-native-epoll-4.1.60.Final-linux-x86_64.jar;C:\Users\DheyClaveria\.m2\repository\io\netty\netty-transport-native-kqueue\4.1.60.Final\netty-transport-native-kqueue-4.1.60.Final-osx-x86_64.jar;C:\Users\DheyClaveria\.m2\repository\org\reactivestreams\reactive-streams\1.0.3\reactive-streams-1.0.3.jar;C:\Users\DheyClaveria\.m2\repository\com\typesafe\netty\netty-reactive-streams\2.0.4\netty-reactive-streams-2.0.4.jar;C:\Users\DheyClaveria\.m2\repository\com\sun\activation\jakarta.activation\1.2.2\jakarta.activation-1.2.2.jar;C:\Users\DheyClaveria\.m2\repository\org\seleniumhq\selenium\selenium-http\4.1.1\selenium-http-4.1.1.jar;C:\Users\DheyClaveria\.m2\repository\net\jodah\failsafe\2.4.4\failsafe-2.4.4.jar;C:\Users\DheyClaveria\.m2\repository\org\seleniumhq\selenium\selenium-safari-driver\4.1.1\selenium-safari-driver-4.1.1.jar;C:\Users\DheyClaveria\.m2\repository\org\seleniumhq\selenium\selenium-chrome-driver\4.1.1\selenium-chrome-driver-4.1.1.jar;C:\Users\DheyClaveria\.m2\repository\com\google\auto\service\auto-service-annotations\1.0.1\auto-service-annotations-1.0.1.jar;C:\Users\DheyClaveria\.m2\repository\com\google\auto\service\auto-service\1.0.1\auto-service-1.0.1.jar;C:\Users\DheyClaveria\.m2\repository\com\google\auto\auto-common\1.2\auto-common-1.2.jar;C:\Users\DheyClaveria\.m2\repository\org\seleniumhq\selenium\selenium-chromium-driver\4.1.1\selenium-chromium-driver-4.1.1.jar;C:\Users\DheyClaveria\.m2\repository\org\seleniumhq\selenium\selenium-json\4.1.1\selenium-json-4.1.1.jar;C:\Users\DheyClaveria\.m2\repository\io\github\bonigarcia\webdrivermanager\4.2.2\webdrivermanager-4.2.2.jar;C:\Users\DheyClaveria\.m2\repository\org\apache\httpcomponents\client5\httpclient5\5.0.1\httpclient5-5.0.1.jar;C:\Users\DheyClaveria\.m2\repository\org\apache\httpcomponents\core5\httpcore5\5.0.1\httpcore5-5.0.1.jar;C:\Users\DheyClaveria\.m2\repository\org\apache\httpcomponents\core5\httpcore5-h2\5.0.1\httpcore5-h2-5.0.1.jar;C:\Users\DheyClaveria\.m2\repository\org\rauschig\jarchivelib\1.1.0\jarchivelib-1.1.0.jar;C:\Users\DheyClaveria\.m2\repository\tech\grasshopper\extentreports-cucumber7-adapter\1.3.0\extentreports-cucumber7-adapter-1.3.0.jar;C:\Users\DheyClaveria\.m2\repository\com\aventstack\extentreports\5.0.9\extentreports-5.0.9.jar;C:\Users\DheyClaveria\.m2\repository\io\reactivex\rxjava3\rxjava\3.0.4\rxjava-3.0.4.jar;C:\Users\DheyClaveria\.m2\repository\tech\grasshopper\extent-pdf-report\2.1.0\extent-pdf-report-2.1.0.jar;C:\Users\DheyClaveria\.m2\repository\tech\grasshopper\cucumber-pdf-report\2.5.0\cucumber-pdf-report-2.5.0.jar;C:\Users\DheyClaveria\.m2\repository\org\knowm\xchart\xchart\3.8.0\xchart-3.8.0.jar;C:\Users\DheyClaveria\.m2\repository\de\erichseifert\vectorgraphics2d\VectorGraphics2D\0.13\VectorGraphics2D-0.13.jar;C:\Users\DheyClaveria\.m2\repository\de\rototor\pdfbox\graphics2d\0.30\graphics2d-0.30.jar;C:\Users\DheyClaveria\.m2\repository\com\madgag\animated-gif-lib\1.4\animated-gif-lib-1.4.jar;C:\Users\DheyClaveria\.m2\repository\org\yaml\snakeyaml\1.28\snakeyaml-1.28.jar;C:\Users\DheyClaveria\.m2\repository\tech\grasshopper\table-layout\1.4.0\table-layout-1.4.0.jar;C:\Users\DheyClaveria\.m2\repository\tech\grasshopper\rest-assured-cucumber-pdf-report\1.1.0\rest-assured-cucumber-pdf-report-1.1.0.jar;C:\Users\DheyClaveria\.m2\repository\com\aventstack\klov-reporter\5.0.9\klov-reporter-5.0.9.jar;C:\Users\DheyClaveria\.m2\repository\org\mongodb\mongodb-driver\3.6.4\mongodb-driver-3.6.4.jar;C:\Users\DheyClaveria\.m2\repository\org\mongodb\mongodb-driver-core\3.6.4\mongodb-driver-core-3.6.4.jar;C:\Users\DheyClaveria\.m2\repository\org\mongodb\bson\3.6.4\bson-3.6.4.jar;C:\Users\DheyClaveria\.m2\repository\tech\grasshopper\htmlextentreporter\1.0.0\htmlextentreporter-1.0.0.jar;C:\Users\DheyClaveria\.m2\repository\org\testng\testng\6.14.3\testng-6.14.3.jar;C:\Users\DheyClaveria\.m2\repository\com\beust\jcommander\1.72\jcommander-1.72.jar;C:\Users\DheyClaveria\.m2\repository\org\apache-extras\beanshell\bsh\2.0b6\bsh-2.0b6.jar;C:\Users\DheyClaveria\.m2\repository\io\cucumber\cucumber-testng\7.2.3\cucumber-testng-7.2.3.jar;C:\Users\DheyClaveria\.m2\repository\org\apache\poi\poi\5.2.1\poi-5.2.1.jar;C:\Users\DheyClaveria\.m2\repository\org\apache\commons\commons-collections4\4.4\commons-collections4-4.4.jar;C:\Users\DheyClaveria\.m2\repository\org\apache\commons\commons-math3\3.6.1\commons-math3-3.6.1.jar;C:\Users\DheyClaveria\.m2\repository\com\zaxxer\SparseBitSet\1.2\SparseBitSet-1.2.jar;C:\Users\DheyClaveria\.m2\repository\org\apache\logging\log4j\log4j-api\2.17.1\log4j-api-2.17.1.jar;C:\Users\DheyClaveria\.m2\repository\org\apache\poi\poi-ooxml\5.2.1\poi-ooxml-5.2.1.jar;C:\Users\DheyClaveria\.m2\repository\org\apache\poi\poi-ooxml-lite\5.2.1\poi-ooxml-lite-5.2.1.jar;C:\Users\DheyClaveria\.m2\repository\org\apache\xmlbeans\xmlbeans\5.0.3\xmlbeans-5.0.3.jar;C:\Users\DheyClaveria\.m2\repository\org\apache\commons\commons-compress\1.21\commons-compress-1.21.jar;C:\Users\DheyClaveria\.m2\repository\com\github\virtuald\curvesapi\1.07\curvesapi-1.07.jar;"/>
    <property name="sun.cpu.endian" value="little"/>
    <property name="user.home" value="C:\Users\DheyClaveria"/>
    <property name="user.language" value="en"/>
    <property name="java.specification.vendor" value="Oracle Corporation"/>
    <property name="java.version.date" value="2020-10-20"/>
    <property name="java.home" value="C:\Program Files\Java\jdk-15.0.1"/>
    <property name="file.separator" value="\"/>
    <property name="basedir" value="Z:\Automation\JavaCucumber\BDD_HCL\CucumberHCL"/>
    <property name="java.vm.compressedOopsMode" value="Zero based"/>
    <property name="line.separator" value="&#10;"/>
    <property name="java.vm.specification.vendor" value="Oracle Corporation"/>
    <property name="java.specification.name" value="Java Platform API Specification"/>
    <property name="surefire.real.class.path" value="C:\Users\DheyClaveria\AppData\Local\Temp\surefire14236323146126366495\surefirebooter9431071638383359353.jar"/>
    <property name="user.script" value=""/>
    <property name="sun.management.compiler" value="HotSpot 64-Bit Tiered Compilers"/>
    <property name="java.runtime.version" value="15.0.1+9-18"/>
    <property name="user.name" value="DheyClaveria"/>
    <property name="path.separator" value=";"/>
    <property name="os.version" value="10.0"/>
    <property name="java.runtime.name" value="Java(TM) SE Runtime Environment"/>
    <property name="file.encoding" value="Cp1252"/>
    <property name="sun.nio.ch.bugLevel" value=""/>
    <property name="java.vm.name" value="Java HotSpot(TM) 64-Bit Server VM"/>
    <property name="localRepository" value="C:\Users\DheyClaveria\.m2\repository"/>
    <property name="java.vendor.url.bug" value="https://bugreport.java.com/bugreport/"/>
    <property name="java.io.tmpdir" value="C:\Users\DheyClaveria\AppData\Local\Temp\"/>
    <property name="java.version" value="15.0.1"/>
    <property name="user.dir" value="Z:\Automation\JavaCucumber\BDD_HCL\CucumberHCL"/>
    <property name="os.arch" value="amd64"/>
    <property name="java.vm.specification.name" value="Java Virtual Machine Specification"/>
    <property name="sun.os.patch.level" value=""/>
    <property name="java.library.path" value="C:\Program Files\Java\jdk-15.0.1\bin;C:\WINDOWS\Sun\Java\bin;C:\WINDOWS\system32;C:\WINDOWS;C:\Program Files\Java\jdk-15.0.1/bin;C:\Program Files\Java\jdk-15.0.1/bin;C:\Program Files\Common Files\Oracle\Java\javapath;C:\Program Files (x86)\Common Files\Intel\Shared Libraries\redist\intel64\compiler;C:\Windows\system32;C:\Windows;C:\Windows\System32\Wbem;C:\Windows\System32\WindowsPowerShell\v1.0\;C:\Windows\System32\OpenSSH\;C:\Program Files (x86)\NVIDIA Corporation\PhysX\Common;C:\Program Files\Microsoft SQL Server\120\Tools\Binn\;C:\Users\DheyClaveria\.dnx\bin;C:\Program Files\Microsoft DNX\Dnvm\;C:\Program Files\Microsoft SQL Server\130\Tools\Binn\;C:\Program Files (x86)\Microsoft SQL Server\130\Tools\Binn\;C:\Program Files (x86)\Microsoft SQL Server\130\DTS\Binn\;C:\Program Files\Microsoft SQL Server\130\DTS\Binn\;C:\Program Files\Microsoft SQL Server\Client SDK\ODBC\130\Tools\Binn\;C:\Program Files\nodejs\;C:\Program Files\NVIDIA Corporation\NVIDIA NvDLISR;C:\WINDOWS\system32;C:\WINDOWS;C:\WINDOWS\System32\Wbem;C:\WINDOWS\System32\WindowsPowerShell\v1.0\;C:\WINDOWS\System32\OpenSSH\;C:\Selenium;C:\Program Files\Git\cmd;C:\Program Files\Java\jdk-15.0.1\bin;C:\WINDOWS\system32;C:\WINDOWS;C:\WINDOWS\System32\Wbem;C:\WINDOWS\System32\WindowsPowerShell\v1.0\;C:\WINDOWS\System32\OpenSSH\;C:\Program Files\dotnet\;C:\apache-maven-3.8.5\bin;%MAVEN_HOME%;%M2_HOME%\bin;C:\Users\DheyClaveria\AppData\Local\Programs\Python\Python39\Scripts\;C:\Users\DheyClaveria\AppData\Local\Programs\Python\Python39\;C:\Users\DheyClaveria\AppData\Local\Microsoft\WindowsApps;C:\Users\DheyClaveria\AppData\Local\GitHubDesktop\bin;C:\Users\DheyClaveria\AppData\Local\Programs\Microsoft VS Code\bin;C:\Users\DheyClaveria\AppData\Roaming\npm;C:\Users\DheyClaveria\AppData\Local\Microsoft\WindowsApps;C:\Program Files\Java\jdk-15.0.1\bin;C:\apache-maven-3.6.3\bin;C:\Program Files\nodejs;C:\Selenium;;."/>
    <property name="java.vm.info" value="mixed mode, sharing"/>
    <property name="java.vendor" value="Oracle Corporation"/>
    <property name="java.vm.version" value="15.0.1+9-18"/>
    <property name="sun.io.unicode.encoding" value="UnicodeLittle"/>
    <property name="java.class.version" value="59.0"/>
  </properties>
  <testcase name="Verify one author of the post" classname="Verify different GET operations using REST-assured" time="5.625">
    <system-out><![CDATA[16:38:42.657 [main] INFO  i.c.core.plugin.SerenityReporter - Running feature from file:///Z:/Automation/JavaCucumber/BDD_HCL/CucumberHCL/src/main/resources/AppFeatures/GetPost.feature
16:38:42.660 [main] WARN  i.c.core.plugin.SerenityReporter - Feature from file:///Z:/Automation/JavaCucumber/BDD_HCL/CucumberHCL/src/main/resources/AppFeatures/GetPost.feature is not under the 'features' directory. Requirements report will not be correctly generated!
16:38:42.847 [main] INFO   - 

-------------------------------------------------------------------------------------
     _______. _______ .______       _______ .__   __.  __  .___________.____    ____ 
    /       ||   ____||   _  \     |   ____||  \ |  | |  | |           |\   \  /   / 
   |   (----`|  |__   |  |_)  |    |  |__   |   \|  | |  | `---|  |----` \   \/   /  
    \   \    |   __|  |      /     |   __|  |  . `  | |  |     |  |       \_    _/   
.----)   |   |  |____ |  |\  \----.|  |____ |  |\   | |  |     |  |         |  |     
|_______/    |_______|| _| `._____||_______||__| \__| |__|     |__|         |__|    
                                                                                     
 News and tutorials at http://www.serenity-bdd.info                                  
 Documentation at https://wakaleo.gitbooks.io/the-serenity-book/content/             
 Join the Serenity Community on Gitter: https://gitter.im/serenity-bdd/serenity-core 
 Serenity BDD Support and Training at http://serenity-bdd.info/#/trainingandsupport  
-------------------------------------------------------------------------------------

16:38:42.850 [main] DEBUG n.thucydides.core.steps.StepEventBus - Test suite started for story net.thucydides.core.model.Story@d1e746b5
16:38:42.853 [main] INFO   - Test Suite Started: Verify different GET operations using REST-assured
16:38:42.870 [main] INFO  i.c.core.plugin.SerenityReporter - Running feature from file:///Z:/Automation/JavaCucumber/BDD_HCL/CucumberHCL/src/main/resources/AppFeatures/ValidateAndVerifyInvalidLogin.feature
16:38:42.871 [main] WARN  i.c.core.plugin.SerenityReporter - Feature from file:///Z:/Automation/JavaCucumber/BDD_HCL/CucumberHCL/src/main/resources/AppFeatures/ValidateAndVerifyInvalidLogin.feature is not under the 'features' directory. Requirements report will not be correctly generated!
16:38:42.878 [main] DEBUG n.thucydides.core.steps.StepEventBus - Test suite started for story net.thucydides.core.model.Story@b13a1f46
16:38:42.879 [main] INFO   - Test Suite Started: Test Invalid User Credentials Feature
16:38:42.879 [main] INFO  i.c.core.plugin.SerenityReporter - Running feature from file:///Z:/Automation/JavaCucumber/BDD_HCL/CucumberHCL/src/main/resources/AppFeatures/ValidateAndVerifyLoginPage.feature
16:38:42.879 [main] WARN  i.c.core.plugin.SerenityReporter - Feature from file:///Z:/Automation/JavaCucumber/BDD_HCL/CucumberHCL/src/main/resources/AppFeatures/ValidateAndVerifyLoginPage.feature is not under the 'features' directory. Requirements report will not be correctly generated!
16:38:42.886 [main] DEBUG n.thucydides.core.steps.StepEventBus - Test suite started for story net.thucydides.core.model.Story@7f1849ba
16:38:42.887 [main] INFO   - Test Suite Started: Validate And Verify Login Page to PEGA Site
16:38:42.887 [main] INFO  i.c.core.plugin.SerenityReporter - Running feature from file:///Z:/Automation/JavaCucumber/BDD_HCL/CucumberHCL/src/main/resources/AppFeatures/GetPost.feature
16:38:42.887 [main] WARN  i.c.core.plugin.SerenityReporter - Feature from file:///Z:/Automation/JavaCucumber/BDD_HCL/CucumberHCL/src/main/resources/AppFeatures/GetPost.feature is not under the 'features' directory. Requirements report will not be correctly generated!
16:38:42.892 [main] DEBUG n.thucydides.core.steps.StepEventBus - Test suite started for story net.thucydides.core.model.Story@d1e746b5
16:38:42.892 [main] INFO   - Test Suite Started: Verify different GET operations using REST-assured

@All @Performance
Scenario: Verify one author of the post      &amp#27;[90m# src/main/resources/AppFeatures/GetPost.feature:4&amp#27;[0m
16:38:42.978 [main] INFO  i.c.core.plugin.SerenityReporter - Running feature from file:///Z:/Automation/JavaCucumber/BDD_HCL/CucumberHCL/src/main/resources/AppFeatures/GetPost.feature
16:38:42.979 [main] WARN  i.c.core.plugin.SerenityReporter - Feature from file:///Z:/Automation/JavaCucumber/BDD_HCL/CucumberHCL/src/main/resources/AppFeatures/GetPost.feature is not under the 'features' directory. Requirements report will not be correctly generated!
16:38:43.084 [main] INFO   - 
  _____   ___   ___   _____     ___   _____     _     ___   _____   ___   ___  
 |_   _| | __| / __| |_   _|   / __| |_   _|   /_\   | _ \ |_   _| | __| |   \ 
   | |   | _|  \__ \   | |     \__ \   | |    / _ \  |   /   | |   | _|  | |) |
   |_|   |___| |___/   |_|     |___/   |_|   /_/ \_\ |_|_\   |_|   |___| |___/ 

Verify one author of the post(verify-different-get-operations-using-rest-assured;verify-one-author-of-the-post)
--------------------------------------------------------------------------------
16:38:43.206 [main] DEBUG com.pages.drivers.DriversFactory - Initialize Driver Browser Configuration
16:38:43.206 [main] DEBUG com.pages.drivers.DriversFactory -  Driver Browser : chrome
16:38:43.497 [main] DEBUG i.g.bonigarcia.wdm.WebDriverManager - Driver chromedriver 99.0.4844.51 found in cache
16:38:43.498 [main] INFO  i.g.bonigarcia.wdm.WebDriverManager - Exporting webdriver.chrome.driver as C:\Users\DheyClaveria\.cache\selenium\chromedriver\win32\99.0.4844.51\chromedriver.exe
16:38:43.591 [main] DEBUG i.n.u.i.l.InternalLoggerFactory - Using SLF4J as the default logging framework
16:38:43.595 [main] DEBUG io.netty.util.ResourceLeakDetector - -Dio.netty.leakDetection.level: simple
16:38:43.595 [main] DEBUG io.netty.util.ResourceLeakDetector - -Dio.netty.leakDetection.targetRecords: 4
16:38:43.600 [main] DEBUG i.n.util.ResourceLeakDetectorFactory - Loaded default ResourceLeakDetector: io.netty.util.ResourceLeakDetector@1491344a
16:38:43.622 [main] DEBUG i.n.util.internal.PlatformDependent0 - -Dio.netty.noUnsafe: false
16:38:43.622 [main] DEBUG i.n.util.internal.PlatformDependent0 - Java version: 15
16:38:43.623 [main] DEBUG i.n.util.internal.PlatformDependent0 - sun.misc.Unsafe.theUnsafe: available
16:38:43.624 [main] DEBUG i.n.util.internal.PlatformDependent0 - sun.misc.Unsafe.copyMemory: available
16:38:43.624 [main] DEBUG i.n.util.internal.PlatformDependent0 - java.nio.Buffer.address: available
16:38:43.625 [main] DEBUG i.n.util.internal.PlatformDependent0 - direct buffer constructor: unavailable: Reflective setAccessible(true) disabled
16:38:43.626 [main] DEBUG i.n.util.internal.PlatformDependent0 - java.nio.Bits.unaligned: available, true
16:38:43.628 [main] DEBUG i.n.util.internal.PlatformDependent0 - jdk.internal.misc.Unsafe.allocateUninitializedArray(int): unavailable: class io.netty.util.internal.PlatformDependent0$6 cannot access class jdk.internal.misc.Unsafe (in module java.base) because module java.base does not export jdk.internal.misc to unnamed module @5e8f9e2d
16:38:43.629 [main] DEBUG i.n.util.internal.PlatformDependent0 - java.nio.DirectByteBuffer.<init>(long, int): unavailable
16:38:43.629 [main] DEBUG i.n.util.internal.PlatformDependent - sun.misc.Unsafe: available
16:38:43.630 [main] DEBUG i.n.util.internal.PlatformDependent - maxDirectMemory: 4276092928 bytes (maybe)
16:38:43.631 [main] DEBUG i.n.util.internal.PlatformDependent - -Dio.netty.tmpdir: C:\Users\DheyClaveria\AppData\Local\Temp (java.io.tmpdir)
16:38:43.631 [main] DEBUG i.n.util.internal.PlatformDependent - -Dio.netty.bitMode: 64 (sun.arch.data.model)
16:38:43.631 [main] DEBUG i.n.util.internal.PlatformDependent - Platform: Windows
16:38:43.632 [main] DEBUG i.n.util.internal.PlatformDependent - -Dio.netty.maxDirectMemory: -1 bytes
16:38:43.632 [main] DEBUG i.n.util.internal.PlatformDependent - -Dio.netty.uninitializedArrayAllocationThreshold: -1
16:38:43.633 [main] DEBUG io.netty.util.internal.CleanerJava9 - java.nio.ByteBuffer.cleaner(): available
16:38:43.633 [main] DEBUG i.n.util.internal.PlatformDependent - -Dio.netty.noPreferDirect: false
16:38:43.643 [main] DEBUG i.n.util.internal.PlatformDependent - org.jctools-core.MpscChunkedArrayQueue: available
16:38:43.663 [main] DEBUG i.n.u.i.InternalThreadLocalMap - -Dio.netty.threadLocalMap.stringBuilder.initialSize: 1024
16:38:43.663 [main] DEBUG i.n.u.i.InternalThreadLocalMap - -Dio.netty.threadLocalMap.stringBuilder.maxSize: 4096
16:38:43.702 [main] DEBUG io.netty.handler.ssl.JdkSslContext - Default protocols (JDK): [TLSv1.3, TLSv1.2, TLSv1.1, TLSv1] 
16:38:43.702 [main] DEBUG io.netty.handler.ssl.JdkSslContext - Default cipher suites (JDK): [TLS_ECDHE_ECDSA_WITH_AES_256_GCM_SHA384, TLS_ECDHE_ECDSA_WITH_AES_128_GCM_SHA256, TLS_ECDHE_RSA_WITH_AES_128_GCM_SHA256, TLS_ECDHE_RSA_WITH_AES_256_GCM_SHA384, TLS_ECDHE_RSA_WITH_AES_128_CBC_SHA, TLS_ECDHE_RSA_WITH_AES_256_CBC_SHA, TLS_RSA_WITH_AES_128_GCM_SHA256, TLS_RSA_WITH_AES_128_CBC_SHA, TLS_RSA_WITH_AES_256_CBC_SHA, TLS_AES_128_GCM_SHA256, TLS_AES_256_GCM_SHA384]
16:38:43.731 [main] DEBUG i.n.c.MultithreadEventLoopGroup - -Dio.netty.eventLoopThreads: 24
16:38:43.741 [main] DEBUG io.netty.channel.nio.NioEventLoop - -Dio.netty.noKeySetOptimization: false
16:38:43.742 [main] DEBUG io.netty.channel.nio.NioEventLoop - -Dio.netty.selectorAutoRebuildThreshold: 512
16:38:43.799 [main] DEBUG i.n.buffer.PooledByteBufAllocator - -Dio.netty.allocator.numHeapArenas: 24
16:38:43.799 [main] DEBUG i.n.buffer.PooledByteBufAllocator - -Dio.netty.allocator.numDirectArenas: 24
16:38:43.799 [main] DEBUG i.n.buffer.PooledByteBufAllocator - -Dio.netty.allocator.pageSize: 8192
16:38:43.799 [main] DEBUG i.n.buffer.PooledByteBufAllocator - -Dio.netty.allocator.maxOrder: 11
16:38:43.799 [main] DEBUG i.n.buffer.PooledByteBufAllocator - -Dio.netty.allocator.chunkSize: 16777216
16:38:43.799 [main] DEBUG i.n.buffer.PooledByteBufAllocator - -Dio.netty.allocator.smallCacheSize: 256
16:38:43.799 [main] DEBUG i.n.buffer.PooledByteBufAllocator - -Dio.netty.allocator.normalCacheSize: 64
16:38:43.799 [main] DEBUG i.n.buffer.PooledByteBufAllocator - -Dio.netty.allocator.maxCachedBufferCapacity: 32768
16:38:43.799 [main] DEBUG i.n.buffer.PooledByteBufAllocator - -Dio.netty.allocator.cacheTrimInterval: 8192
16:38:43.799 [main] DEBUG i.n.buffer.PooledByteBufAllocator - -Dio.netty.allocator.cacheTrimIntervalMillis: 0
16:38:43.799 [main] DEBUG i.n.buffer.PooledByteBufAllocator - -Dio.netty.allocator.useCacheForAllThreads: true
16:38:43.800 [main] DEBUG i.n.buffer.PooledByteBufAllocator - -Dio.netty.allocator.maxCachedByteBuffersPerChunk: 1023
16:38:43.813 [main] DEBUG io.netty.buffer.ByteBufUtil - -Dio.netty.allocator.type: pooled
16:38:43.813 [main] DEBUG io.netty.buffer.ByteBufUtil - -Dio.netty.threadLocalDirectBufferSize: 0
16:38:43.813 [main] DEBUG io.netty.buffer.ByteBufUtil - -Dio.netty.maxThreadLocalCharBufferSize: 16384
16:38:44.585 [Forwarding newSession on session null to remote] DEBUG io.netty.channel.DefaultChannelId - -Dio.netty.processId: 13556 (auto-detected)
16:38:44.587 [Forwarding newSession on session null to remote] DEBUG io.netty.util.NetUtil - -Djava.net.preferIPv4Stack: false
16:38:44.588 [Forwarding newSession on session null to remote] DEBUG io.netty.util.NetUtil - -Djava.net.preferIPv6Addresses: false
16:38:44.596 [Forwarding newSession on session null to remote] DEBUG io.netty.util.NetUtilInitializations - Loopback interface: lo (Software Loopback Interface 1, 127.0.0.1)
16:38:44.597 [Forwarding newSession on session null to remote] DEBUG io.netty.util.NetUtil - Failed to get SOMAXCONN from sysctl and file \proc\sys\net\core\somaxconn. Default: 200
16:38:44.612 [Forwarding newSession on session null to remote] DEBUG io.netty.channel.DefaultChannelId - -Dio.netty.machineId: 00:d8:61:ff:fe:9b:78:4c (auto-detected)
16:38:44.659 [AsyncHttpClient-1-2] DEBUG io.netty.buffer.AbstractByteBuf - -Dio.netty.buffer.checkAccessible: true
16:38:44.660 [AsyncHttpClient-1-2] DEBUG io.netty.buffer.AbstractByteBuf - -Dio.netty.buffer.checkBounds: true
16:38:44.660 [AsyncHttpClient-1-2] DEBUG i.n.util.ResourceLeakDetectorFactory - Loaded default ResourceLeakDetector: io.netty.util.ResourceLeakDetector@12ffb8a9
16:38:44.672 [AsyncHttpClient-1-2] DEBUG o.a.n.channel.NettyConnectListener - Using new Channel '[id: 0xcc9f0661, L:/127.0.0.1:52850 - R:localhost/127.0.0.1:53027]' for 'POST' to '/session'
16:38:44.692 [AsyncHttpClient-1-2] DEBUG io.netty.util.Recycler - -Dio.netty.recycler.maxCapacityPerThread: 4096
16:38:44.693 [AsyncHttpClient-1-2] DEBUG io.netty.util.Recycler - -Dio.netty.recycler.maxSharedCapacityFactor: 2
16:38:44.693 [AsyncHttpClient-1-2] DEBUG io.netty.util.Recycler - -Dio.netty.recycler.linkCapacity: 16
16:38:44.693 [AsyncHttpClient-1-2] DEBUG io.netty.util.Recycler - -Dio.netty.recycler.ratio: 8
16:38:44.693 [AsyncHttpClient-1-2] DEBUG io.netty.util.Recycler - -Dio.netty.recycler.delayedQueue.ratio: 8
16:38:45.593 [AsyncHttpClient-1-2] DEBUG i.n.handler.codec.compression.Brotli - brotli4j not in the classpath; Brotli support will be unavailable.
16:38:45.593 [AsyncHttpClient-1-2] DEBUG o.a.netty.handler.HttpHandler - 

Request DefaultHttpRequest(decodeResult: success, version: HTTP/1.1)
POST /session HTTP/1.1
User-Agent: selenium/4.1.2 (java windows)
Content-Length: 365
Content-Type: application/json; charset=utf-8
host: localhost:53027
accept: */*

Response DefaultHttpResponse(decodeResult: success, version: HTTP/1.1)
HTTP/1.1 200 OK
Content-Type: application/json; charset=utf-8
cache-control: no-cache
content-length: 795

16:38:45.599 [AsyncHttpClient-1-2] DEBUG o.a.netty.channel.ChannelManager - Adding key: http://localhost:53027 for channel [id: 0xcc9f0661, L:/127.0.0.1:52850 - R:localhost/127.0.0.1:53027]
16:38:45.662 [AsyncHttpClient-1-3] DEBUG o.a.n.channel.NettyConnectListener - Using new Channel '[id: 0x4c1dad90, L:/127.0.0.1:52857 - R:localhost/127.0.0.1:52851]' for 'GET' to '/json/version'
16:38:45.667 [AsyncHttpClient-1-3] DEBUG o.a.netty.handler.HttpHandler - 

Request DefaultFullHttpRequest(decodeResult: success, version: HTTP/1.1, content: EmptyByteBufBE)
GET /json/version HTTP/1.1
User-Agent: selenium/4.1.2 (java windows)
host: localhost:52851
accept: */*

Response DefaultHttpResponse(decodeResult: success, version: HTTP/1.1)
HTTP/1.1 200 OK
Content-Type: application/json; charset=UTF-8
content-length: 423

16:38:45.668 [AsyncHttpClient-1-3] DEBUG o.a.netty.channel.ChannelManager - Adding key: http://localhost:52851 for channel [id: 0x4c1dad90, L:/127.0.0.1:52857 - R:localhost/127.0.0.1:52851]
16:38:45.675 [main] DEBUG i.n.util.internal.ThreadLocalRandom - -Dio.netty.initialSeedUniquifier: 0x6c79b994f7805817
16:38:45.678 [AsyncHttpClient-1-4] DEBUG o.a.n.channel.NettyConnectListener - Using new Channel '[id: 0x453dc201, L:/127.0.0.1:52858 - R:localhost/127.0.0.1:52851]' for 'GET' to '/devtools/browser/9aeb9e48-a931-49f4-b6a5-bfeec74804d2'
16:38:45.683 [AsyncHttpClient-1-4] DEBUG o.a.netty.handler.WebSocketHandler - 

Request DefaultFullHttpRequest(decodeResult: success, version: HTTP/1.1, content: EmptyByteBufBE)
GET /devtools/browser/9aeb9e48-a931-49f4-b6a5-bfeec74804d2 HTTP/1.1
upgrade: websocket
connection: upgrade
sec-websocket-key: RmUJLPPoRQQTxS+Eezxx8A==
sec-websocket-version: 13
origin: http://localhost:52851
host: localhost:52851
accept: */*
user-agent: AHC/2.1

Response DefaultHttpResponse(decodeResult: success, version: HTTP/1.1)
HTTP/1.1 101 WebSocket Protocol Handshake
Upgrade: WebSocket
Connection: Upgrade
Sec-WebSocket-Accept: lmnUuaIc75o434xDg13BeuZc2gQ=

16:38:45.715 [Forwarding deleteAllCookies on session d1cb8fd19ab8432323dde8403f17df2a to remote] DEBUG o.a.netty.request.NettyRequestSender - Using pooled Channel '[id: 0xcc9f0661, L:/127.0.0.1:52850 - R:localhost/127.0.0.1:53027]' for 'DELETE' to 'http://localhost:53027/session/d1cb8fd19ab8432323dde8403f17df2a/cookie'
16:38:45.715 [Forwarding deleteAllCookies on session d1cb8fd19ab8432323dde8403f17df2a to remote] DEBUG o.a.netty.request.NettyRequestSender - Using open Channel [id: 0xcc9f0661, L:/127.0.0.1:52850 - R:localhost/127.0.0.1:53027] for DELETE '/session/d1cb8fd19ab8432323dde8403f17df2a/cookie'
16:38:45.723 [AsyncHttpClient-1-2] DEBUG o.a.netty.handler.HttpHandler - 

Request DefaultFullHttpRequest(decodeResult: success, version: HTTP/1.1, content: EmptyByteBufBE)
DELETE /session/d1cb8fd19ab8432323dde8403f17df2a/cookie HTTP/1.1
User-Agent: selenium/4.1.2 (java windows)
Content-Type: application/json; charset=utf-8
host: localhost:53027
accept: */*

Response DefaultHttpResponse(decodeResult: success, version: HTTP/1.1)
HTTP/1.1 200 OK
Content-Type: application/json; charset=utf-8
cache-control: no-cache
content-length: 14

16:38:45.723 [AsyncHttpClient-1-2] DEBUG o.a.netty.channel.ChannelManager - Adding key: http://localhost:53027 for channel [id: 0xcc9f0661, L:/127.0.0.1:52850 - R:localhost/127.0.0.1:53027]
16:38:45.729 [Forwarding maximizeCurrentWindow on session d1cb8fd19ab8432323dde8403f17df2a to remote] DEBUG o.a.netty.request.NettyRequestSender - Using pooled Channel '[id: 0xcc9f0661, L:/127.0.0.1:52850 - R:localhost/127.0.0.1:53027]' for 'POST' to 'http://localhost:53027/session/d1cb8fd19ab8432323dde8403f17df2a/window/maximize'
16:38:45.729 [Forwarding maximizeCurrentWindow on session d1cb8fd19ab8432323dde8403f17df2a to remote] DEBUG o.a.netty.request.NettyRequestSender - Using open Channel [id: 0xcc9f0661, L:/127.0.0.1:52850 - R:localhost/127.0.0.1:53027] for POST '/session/d1cb8fd19ab8432323dde8403f17df2a/window/maximize'
16:38:45.854 [AsyncHttpClient-1-1] DEBUG o.a.netty.channel.DefaultChannelPool - Entry count for : http://localhost:52851 : 1
16:38:45.856 [AsyncHttpClient-1-2] DEBUG o.a.netty.handler.HttpHandler - 

Request DefaultHttpRequest(decodeResult: success, version: HTTP/1.1)
POST /session/d1cb8fd19ab8432323dde8403f17df2a/window/maximize HTTP/1.1
User-Agent: selenium/4.1.2 (java windows)
Content-Length: 3
Content-Type: application/json; charset=utf-8
host: localhost:53027
accept: */*

Response DefaultHttpResponse(decodeResult: success, version: HTTP/1.1)
HTTP/1.1 200 OK
Content-Type: application/json; charset=utf-8
cache-control: no-cache
content-length: 52

16:38:45.856 [AsyncHttpClient-1-2] DEBUG o.a.netty.channel.ChannelManager - Adding key: http://localhost:53027 for channel [id: 0xcc9f0661, L:/127.0.0.1:52850 - R:localhost/127.0.0.1:53027]
  &amp#27;[32mGiven &amp#27;[0m&amp#27;[32mI perform GET operation for "&amp#27;[0m&amp#27;[32m&amp#27;[1m/posts&amp#27;[0m&amp#27;[32m"&amp#27;[0m &amp#27;[90m# stepdefinitions.GetPostSteps.i_perform_get_operation_for(java.lang.String)&amp#27;[0m
16:38:46.950 [AsyncHttpClient-1-1] DEBUG o.a.netty.channel.DefaultChannelPool - Entry count for : http://localhost:53027 : 1
16:38:46.950 [AsyncHttpClient-1-1] DEBUG o.a.netty.channel.DefaultChannelPool - Entry count for : http://localhost:52851 : 1
  &amp#27;[32mWhen &amp#27;[0m&amp#27;[32mI perform GET for the post number "&amp#27;[0m&amp#27;[32m&amp#27;[1m2&amp#27;[0m&amp#27;[32m"&amp#27;[0m &amp#27;[90m# stepdefinitions.GetPostSteps.i_perform_get_for_the_post_number(java.lang.String)&amp#27;[0m
  &amp#27;[32mThen &amp#27;[0m&amp#27;[32mI should see the author name as "&amp#27;[0m&amp#27;[32m&amp#27;[1mapi&amp#27;[0m&amp#27;[32m"&amp#27;[0m &amp#27;[90m# stepdefinitions.GetPostSteps.i_should_see_the_author_name_as(java.lang.String)&amp#27;[0m
16:38:47.886 [Driver Command Executor] DEBUG o.a.netty.request.NettyRequestSender - Using pooled Channel '[id: 0xcc9f0661, L:/127.0.0.1:52850 - R:localhost/127.0.0.1:53027]' for 'DELETE' to 'http://localhost:53027/session/d1cb8fd19ab8432323dde8403f17df2a'
16:38:47.887 [Driver Command Executor] DEBUG o.a.netty.request.NettyRequestSender - Using open Channel [id: 0xcc9f0661, L:/127.0.0.1:52850 - R:localhost/127.0.0.1:53027] for DELETE '/session/d1cb8fd19ab8432323dde8403f17df2a'
16:38:47.889 [AsyncHttpClient-1-4] DEBUG o.a.netty.handler.WebSocketHandler - Channel Closed: [id: 0x453dc201, L:/127.0.0.1:52858 ! R:localhost/127.0.0.1:52851] with attribute NettyResponseFuture{currentRetry=5,
	isDone=1,
	isCancelled=0,
	asyncHandler=org.asynchttpclient.ws.WebSocketUpgradeHandler@5350ed70,
	nettyRequest=org.asynchttpclient.netty.request.NettyRequest@69bb0e41,
	future=java.util.concurrent.CompletableFuture@31c3363c[Completed normally],
	uri=ws://localhost:52851/devtools/browser/9aeb9e48-a931-49f4-b6a5-bfeec74804d2,
	keepAlive=true,
	redirectCount=0,
	timeoutsHolder=null,
	inAuth=0,
	touch=1648197525693}
16:38:47.889 [AsyncHttpClient-1-4] DEBUG o.a.netty.channel.ChannelManager - Closing Channel [id: 0x453dc201, L:/127.0.0.1:52858 ! R:localhost/127.0.0.1:52851] 
16:38:47.929 [AsyncHttpClient-1-3] DEBUG o.a.netty.handler.HttpHandler - Unexpected I/O exception on channel [id: 0x4c1dad90, L:/127.0.0.1:52857 - R:localhost/127.0.0.1:52851]
java.net.SocketException: Connection reset
	at java.base/sun.nio.ch.SocketChannelImpl.throwConnectionReset(SocketChannelImpl.java:367) ~[na:na]
	at java.base/sun.nio.ch.SocketChannelImpl.read(SocketChannelImpl.java:398) ~[na:na]
	at io.netty.buffer.PooledByteBuf.setBytes(PooledByteBuf.java:253) ~[netty-buffer-4.1.70.Final.jar:4.1.70.Final]
	at io.netty.buffer.AbstractByteBuf.writeBytes(AbstractByteBuf.java:1132) ~[netty-buffer-4.1.70.Final.jar:4.1.70.Final]
	at io.netty.channel.socket.nio.NioSocketChannel.doReadBytes(NioSocketChannel.java:350) ~[netty-transport-4.1.70.Final.jar:4.1.70.Final]
	at io.netty.channel.nio.AbstractNioByteChannel$NioByteUnsafe.read(AbstractNioByteChannel.java:151) ~[netty-transport-4.1.70.Final.jar:4.1.70.Final]
	at io.netty.channel.nio.NioEventLoop.processSelectedKey(NioEventLoop.java:719) ~[netty-transport-4.1.70.Final.jar:4.1.70.Final]
	at io.netty.channel.nio.NioEventLoop.processSelectedKeysOptimized(NioEventLoop.java:655) ~[netty-transport-4.1.70.Final.jar:4.1.70.Final]
	at io.netty.channel.nio.NioEventLoop.processSelectedKeys(NioEventLoop.java:581) ~[netty-transport-4.1.70.Final.jar:4.1.70.Final]
	at io.netty.channel.nio.NioEventLoop.run(NioEventLoop.java:493) ~[netty-transport-4.1.70.Final.jar:4.1.70.Final]
	at io.netty.util.concurrent.SingleThreadEventExecutor$4.run(SingleThreadEventExecutor.java:986) ~[netty-common-4.1.70.Final.jar:4.1.70.Final]
	at io.netty.util.internal.ThreadExecutorMap$2.run(ThreadExecutorMap.java:74) ~[netty-common-4.1.70.Final.jar:4.1.70.Final]
	at io.netty.util.concurrent.FastThreadLocalRunnable.run(FastThreadLocalRunnable.java:30) ~[netty-common-4.1.70.Final.jar:4.1.70.Final]
	at java.base/java.lang.Thread.run(Thread.java:832) ~[na:na]
16:38:47.929 [AsyncHttpClient-1-3] DEBUG o.a.netty.channel.ChannelManager - Closing Channel [id: 0x4c1dad90, L:/127.0.0.1:52857 - R:localhost/127.0.0.1:52851] 
16:38:47.931 [AsyncHttpClient-1-3] DEBUG o.a.netty.handler.HttpHandler - Channel Closed: [id: 0x4c1dad90, L:/127.0.0.1:52857 ! R:localhost/127.0.0.1:52851] with attribute DISCARD
16:38:47.942 [AsyncHttpClient-1-2] DEBUG o.a.netty.handler.HttpHandler - 

Request DefaultFullHttpRequest(decodeResult: success, version: HTTP/1.1, content: EmptyByteBufBE)
DELETE /session/d1cb8fd19ab8432323dde8403f17df2a HTTP/1.1
User-Agent: selenium/4.1.2 (java windows)
Content-Type: application/json; charset=utf-8
host: localhost:53027
accept: */*

Response DefaultHttpResponse(decodeResult: success, version: HTTP/1.1)
HTTP/1.1 200 OK
Content-Type: application/json; charset=utf-8
cache-control: no-cache
content-length: 14

16:38:47.942 [AsyncHttpClient-1-2] DEBUG o.a.netty.channel.ChannelManager - Adding key: http://localhost:53027 for channel [id: 0xcc9f0661, L:/127.0.0.1:52850 - R:localhost/127.0.0.1:53027]
16:38:47.990 [AsyncHttpClient-1-2] DEBUG o.a.netty.handler.HttpHandler - Channel Closed: [id: 0xcc9f0661, L:/127.0.0.1:52850 ! R:localhost/127.0.0.1:53027] with attribute DISCARD
16:38:48.056 [AsyncHttpClient-1-1] DEBUG o.a.netty.channel.DefaultChannelPool - Entry count for : http://localhost:53027 : 1
16:38:48.056 [AsyncHttpClient-1-1] DEBUG o.a.netty.channel.DefaultChannelPool - Entry count for : http://localhost:52851 : 1
16:38:48.056 [AsyncHttpClient-1-1] DEBUG o.a.netty.channel.DefaultChannelPool - Adding Candidate expired Channel [id: 0xcc9f0661, L:/127.0.0.1:52850 ! R:localhost/127.0.0.1:53027] isIdleTimeoutExpired=false isRemotelyClosed=true isTtlExpired=false
16:38:48.056 [AsyncHttpClient-1-1] DEBUG o.a.netty.channel.DefaultChannelPool - Closing Idle Channel [id: 0xcc9f0661, L:/127.0.0.1:52850 ! R:localhost/127.0.0.1:53027]
16:38:48.057 [AsyncHttpClient-1-1] DEBUG o.a.netty.channel.DefaultChannelPool - Adding Candidate expired Channel [id: 0x4c1dad90, L:/127.0.0.1:52857 ! R:localhost/127.0.0.1:52851] isIdleTimeoutExpired=false isRemotelyClosed=true isTtlExpired=false
16:38:48.057 [AsyncHttpClient-1-1] DEBUG o.a.netty.channel.DefaultChannelPool - Closing Idle Channel [id: 0x4c1dad90, L:/127.0.0.1:52857 ! R:localhost/127.0.0.1:52851]
16:38:48.057 [AsyncHttpClient-1-1] DEBUG o.a.netty.channel.DefaultChannelPool - Closed 2 connections out of 2 in 1 ms
16:38:48.516 [main] INFO   - 
  _____   ___   ___   _____     ___     _     ___   ___   ___   ___  
 |_   _| | __| / __| |_   _|   | _ \   /_\   / __| / __| | __| |   \ 
   | |   | _|  \__ \   | |     |  _/  / _ \  \__ \ \__ \ | _|  | |) |
   |_|   |___| |___/   |_|     |_|   /_/ \_\ |___/ |___/ |___| |___/ 

Verify one author of the post
----------------------------------------------------------------------
]]></system-out>
    <system-err><![CDATA[log4j:WARN No appenders could be found for logger (hooks.apphooks).
log4j:WARN Please initialize the log4j system properly.
log4j:WARN See http://logging.apache.org/log4j/1.2/faq.html#noconfig for more info.
Starting ChromeDriver 99.0.4844.51 (d537ec02474b5afe23684e7963d538896c63ac77-refs/branch-heads/4844@{#875}) on port 53027
Only local connections are allowed.
Please see https://chromedriver.chromium.org/security-considerations for suggestions on keeping ChromeDriver safe.
ChromeDriver was started successfully.
Mar 25, 2022 4:38:45 PM org.openqa.selenium.remote.ProtocolHandshake createSession
INFO: Detected dialect: W3C
Mar 25, 2022 4:38:45 PM org.openqa.selenium.devtools.CdpVersionFinder findNearestMatch
WARNING: Unable to find an exact match for CDP version 99, so returning the closest version found: 96
Mar 25, 2022 4:38:45 PM org.openqa.selenium.devtools.CdpVersionFinder findNearestMatch
INFO: Found CDP implementation for version 99 of 96
]]></system-err>
  </testcase>
  <testcase name="Login fail possible combinations" classname="Test Invalid User Credentials Feature" time="36.577">
    <system-out><![CDATA[16:38:48.522 [main] INFO  i.c.core.plugin.SerenityReporter - Running feature from file:///Z:/Automation/JavaCucumber/BDD_HCL/CucumberHCL/src/main/resources/AppFeatures/ValidateAndVerifyInvalidLogin.feature
16:38:48.522 [main] WARN  i.c.core.plugin.SerenityReporter - Feature from file:///Z:/Automation/JavaCucumber/BDD_HCL/CucumberHCL/src/main/resources/AppFeatures/ValidateAndVerifyInvalidLogin.feature is not under the 'features' directory. Requirements report will not be correctly generated!
16:38:48.526 [main] DEBUG n.thucydides.core.steps.StepEventBus - Test suite started for story net.thucydides.core.model.Story@b13a1f46
16:38:48.526 [main] INFO   - Test Suite Started: Test Invalid User Credentials Feature

@All @testInvalid
Scenario Outline: Login fail possible combinations                                                                                   &amp#27;[90m# src/main/resources/AppFeatures/ValidateAndVerifyInvalidLogin.feature:15&amp#27;[0m
16:38:48.540 [main] INFO  i.c.core.plugin.SerenityReporter - Running feature from file:///Z:/Automation/JavaCucumber/BDD_HCL/CucumberHCL/src/main/resources/AppFeatures/ValidateAndVerifyInvalidLogin.feature
16:38:48.541 [main] WARN  i.c.core.plugin.SerenityReporter - Feature from file:///Z:/Automation/JavaCucumber/BDD_HCL/CucumberHCL/src/main/resources/AppFeatures/ValidateAndVerifyInvalidLogin.feature is not under the 'features' directory. Requirements report will not be correctly generated!
16:38:48.556 [main] INFO   - 
  _____   ___   ___   _____     ___   _____     _     ___   _____   ___   ___  
 |_   _| | __| / __| |_   _|   / __| |_   _|   /_\   | _ \ |_   _| | __| |   \ 
   | |   | _|  \__ \   | |     \__ \   | |    / _ \  |   /   | |   | _|  | |) |
   |_|   |___| |___/   |_|     |___/   |_|   /_/ \_\ |_|_\   |_|   |___| |___/ 

Login fail possible combinations(test-invalid-user-credentials-feature;login-fail-possible-combinations)
--------------------------------------------------------------------------------
16:38:48.574 [main] DEBUG com.pages.drivers.DriversFactory - Initialize Driver Browser Configuration
16:38:48.574 [main] DEBUG com.pages.drivers.DriversFactory -  Driver Browser : chrome
16:38:48.590 [main] DEBUG i.g.bonigarcia.wdm.WebDriverManager - Driver chromedriver 99.0.4844.51 found in cache
16:38:48.591 [main] INFO  i.g.bonigarcia.wdm.WebDriverManager - Exporting webdriver.chrome.driver as C:\Users\DheyClaveria\.cache\selenium\chromedriver\win32\99.0.4844.51\chromedriver.exe
16:38:49.128 [AsyncHttpClient-1-5] DEBUG o.a.n.channel.NettyConnectListener - Using new Channel '[id: 0x58932355, L:/127.0.0.1:52876 - R:localhost/127.0.0.1:53337]' for 'POST' to '/session'
16:38:49.823 [AsyncHttpClient-1-5] DEBUG o.a.netty.handler.HttpHandler - 

Request DefaultHttpRequest(decodeResult: success, version: HTTP/1.1)
POST /session HTTP/1.1
User-Agent: selenium/4.1.2 (java windows)
Content-Length: 365
Content-Type: application/json; charset=utf-8
host: localhost:53337
accept: */*

Response DefaultHttpResponse(decodeResult: success, version: HTTP/1.1)
HTTP/1.1 200 OK
Content-Type: application/json; charset=utf-8
cache-control: no-cache
content-length: 795

16:38:49.824 [AsyncHttpClient-1-5] DEBUG o.a.netty.channel.ChannelManager - Adding key: http://localhost:53337 for channel [id: 0x58932355, L:/127.0.0.1:52876 - R:localhost/127.0.0.1:53337]
16:38:49.833 [AsyncHttpClient-1-6] DEBUG o.a.n.channel.NettyConnectListener - Using new Channel '[id: 0xa4d03dcf, L:/127.0.0.1:52883 - R:localhost/127.0.0.1:52877]' for 'GET' to '/json/version'
16:38:49.840 [AsyncHttpClient-1-6] DEBUG o.a.netty.handler.HttpHandler - 

Request DefaultFullHttpRequest(decodeResult: success, version: HTTP/1.1, content: EmptyByteBufBE)
GET /json/version HTTP/1.1
User-Agent: selenium/4.1.2 (java windows)
host: localhost:52877
accept: */*

Response DefaultHttpResponse(decodeResult: success, version: HTTP/1.1)
HTTP/1.1 200 OK
Content-Type: application/json; charset=UTF-8
content-length: 423

16:38:49.840 [AsyncHttpClient-1-6] DEBUG o.a.netty.channel.ChannelManager - Adding key: http://localhost:52877 for channel [id: 0xa4d03dcf, L:/127.0.0.1:52883 - R:localhost/127.0.0.1:52877]
16:38:49.843 [AsyncHttpClient-1-7] DEBUG o.a.n.channel.NettyConnectListener - Using new Channel '[id: 0x7d071040, L:/127.0.0.1:52884 - R:localhost/127.0.0.1:52877]' for 'GET' to '/devtools/browser/c2cfd9d5-93cb-41c0-bfae-786939ea1efe'
16:38:49.849 [AsyncHttpClient-1-7] DEBUG o.a.netty.handler.WebSocketHandler - 

Request DefaultFullHttpRequest(decodeResult: success, version: HTTP/1.1, content: EmptyByteBufBE)
GET /devtools/browser/c2cfd9d5-93cb-41c0-bfae-786939ea1efe HTTP/1.1
upgrade: websocket
connection: upgrade
sec-websocket-key: w3pAKpudRBPra2HPFb+49Q==
sec-websocket-version: 13
origin: http://localhost:52877
host: localhost:52877
accept: */*
user-agent: AHC/2.1

Response DefaultHttpResponse(decodeResult: success, version: HTTP/1.1)
HTTP/1.1 101 WebSocket Protocol Handshake
Upgrade: WebSocket
Connection: Upgrade
Sec-WebSocket-Accept: MQG7v4bl/kETStroRvadDP9zrP8=

16:38:49.855 [Forwarding deleteAllCookies on session 434af8e6e095c0e9fb3f22ffc96d776e to remote] DEBUG o.a.netty.request.NettyRequestSender - Using pooled Channel '[id: 0x58932355, L:/127.0.0.1:52876 - R:localhost/127.0.0.1:53337]' for 'DELETE' to 'http://localhost:53337/session/434af8e6e095c0e9fb3f22ffc96d776e/cookie'
16:38:49.855 [Forwarding deleteAllCookies on session 434af8e6e095c0e9fb3f22ffc96d776e to remote] DEBUG o.a.netty.request.NettyRequestSender - Using open Channel [id: 0x58932355, L:/127.0.0.1:52876 - R:localhost/127.0.0.1:53337] for DELETE '/session/434af8e6e095c0e9fb3f22ffc96d776e/cookie'
16:38:49.861 [AsyncHttpClient-1-5] DEBUG o.a.netty.handler.HttpHandler - 

Request DefaultFullHttpRequest(decodeResult: success, version: HTTP/1.1, content: EmptyByteBufBE)
DELETE /session/434af8e6e095c0e9fb3f22ffc96d776e/cookie HTTP/1.1
User-Agent: selenium/4.1.2 (java windows)
Content-Type: application/json; charset=utf-8
host: localhost:53337
accept: */*

Response DefaultHttpResponse(decodeResult: success, version: HTTP/1.1)
HTTP/1.1 200 OK
Content-Type: application/json; charset=utf-8
cache-control: no-cache
content-length: 14

16:38:49.861 [AsyncHttpClient-1-5] DEBUG o.a.netty.channel.ChannelManager - Adding key: http://localhost:53337 for channel [id: 0x58932355, L:/127.0.0.1:52876 - R:localhost/127.0.0.1:53337]
16:38:49.863 [Forwarding maximizeCurrentWindow on session 434af8e6e095c0e9fb3f22ffc96d776e to remote] DEBUG o.a.netty.request.NettyRequestSender - Using pooled Channel '[id: 0x58932355, L:/127.0.0.1:52876 - R:localhost/127.0.0.1:53337]' for 'POST' to 'http://localhost:53337/session/434af8e6e095c0e9fb3f22ffc96d776e/window/maximize'
16:38:49.863 [Forwarding maximizeCurrentWindow on session 434af8e6e095c0e9fb3f22ffc96d776e to remote] DEBUG o.a.netty.request.NettyRequestSender - Using open Channel [id: 0x58932355, L:/127.0.0.1:52876 - R:localhost/127.0.0.1:53337] for POST '/session/434af8e6e095c0e9fb3f22ffc96d776e/window/maximize'
16:38:49.990 [AsyncHttpClient-1-5] DEBUG o.a.netty.handler.HttpHandler - 

Request DefaultHttpRequest(decodeResult: success, version: HTTP/1.1)
POST /session/434af8e6e095c0e9fb3f22ffc96d776e/window/maximize HTTP/1.1
User-Agent: selenium/4.1.2 (java windows)
Content-Length: 3
Content-Type: application/json; charset=utf-8
host: localhost:53337
accept: */*

Response DefaultHttpResponse(decodeResult: success, version: HTTP/1.1)
HTTP/1.1 200 OK
Content-Type: application/json; charset=utf-8
cache-control: no-cache
content-length: 52

16:38:49.990 [AsyncHttpClient-1-5] DEBUG o.a.netty.channel.ChannelManager - Adding key: http://localhost:53337 for channel [id: 0x58932355, L:/127.0.0.1:52876 - R:localhost/127.0.0.1:53337]
16:38:50.005 [Forwarding get on session 434af8e6e095c0e9fb3f22ffc96d776e to remote] DEBUG o.a.netty.request.NettyRequestSender - Using pooled Channel '[id: 0x58932355, L:/127.0.0.1:52876 - R:localhost/127.0.0.1:53337]' for 'POST' to 'http://localhost:53337/session/434af8e6e095c0e9fb3f22ffc96d776e/url'
16:38:50.005 [Forwarding get on session 434af8e6e095c0e9fb3f22ffc96d776e to remote] DEBUG o.a.netty.request.NettyRequestSender - Using open Channel [id: 0x58932355, L:/127.0.0.1:52876 - R:localhost/127.0.0.1:53337] for POST '/session/434af8e6e095c0e9fb3f22ffc96d776e/url'
16:38:50.198 [AsyncHttpClient-1-5] DEBUG o.a.netty.handler.HttpHandler - 

Request DefaultHttpRequest(decodeResult: success, version: HTTP/1.1)
POST /session/434af8e6e095c0e9fb3f22ffc96d776e/url HTTP/1.1
User-Agent: selenium/4.1.2 (java windows)
Content-Length: 148
Content-Type: application/json; charset=utf-8
host: localhost:53337
accept: */*

Response DefaultHttpResponse(decodeResult: success, version: HTTP/1.1)
HTTP/1.1 200 OK
Content-Type: application/json; charset=utf-8
cache-control: no-cache
content-length: 14

16:38:50.199 [AsyncHttpClient-1-5] DEBUG o.a.netty.channel.ChannelManager - Adding key: http://localhost:53337 for channel [id: 0x58932355, L:/127.0.0.1:52876 - R:localhost/127.0.0.1:53337]
16:38:50.201 [Forwarding getTitle on session 434af8e6e095c0e9fb3f22ffc96d776e to remote] DEBUG o.a.netty.request.NettyRequestSender - Using pooled Channel '[id: 0x58932355, L:/127.0.0.1:52876 - R:localhost/127.0.0.1:53337]' for 'GET' to 'http://localhost:53337/session/434af8e6e095c0e9fb3f22ffc96d776e/title'
16:38:50.201 [Forwarding getTitle on session 434af8e6e095c0e9fb3f22ffc96d776e to remote] DEBUG o.a.netty.request.NettyRequestSender - Using open Channel [id: 0x58932355, L:/127.0.0.1:52876 - R:localhost/127.0.0.1:53337] for GET '/session/434af8e6e095c0e9fb3f22ffc96d776e/title'
16:38:50.206 [AsyncHttpClient-1-5] DEBUG o.a.netty.handler.HttpHandler - 

Request DefaultFullHttpRequest(decodeResult: success, version: HTTP/1.1, content: EmptyByteBufBE)
GET /session/434af8e6e095c0e9fb3f22ffc96d776e/title HTTP/1.1
User-Agent: selenium/4.1.2 (java windows)
Cache-Control: no-cache
Content-Type: application/json; charset=utf-8
host: localhost:53337
accept: */*

Response DefaultHttpResponse(decodeResult: success, version: HTTP/1.1)
HTTP/1.1 200 OK
Content-Type: application/json; charset=utf-8
cache-control: no-cache
content-length: 22

16:38:50.206 [AsyncHttpClient-1-5] DEBUG o.a.netty.channel.ChannelManager - Adding key: http://localhost:53337 for channel [id: 0x58932355, L:/127.0.0.1:52876 - R:localhost/127.0.0.1:53337]
16:38:50.211 [Forwarding getTitle on session 434af8e6e095c0e9fb3f22ffc96d776e to remote] DEBUG o.a.netty.request.NettyRequestSender - Using pooled Channel '[id: 0x58932355, L:/127.0.0.1:52876 - R:localhost/127.0.0.1:53337]' for 'GET' to 'http://localhost:53337/session/434af8e6e095c0e9fb3f22ffc96d776e/title'
16:38:50.211 [Forwarding getTitle on session 434af8e6e095c0e9fb3f22ffc96d776e to remote] DEBUG o.a.netty.request.NettyRequestSender - Using open Channel [id: 0x58932355, L:/127.0.0.1:52876 - R:localhost/127.0.0.1:53337] for GET '/session/434af8e6e095c0e9fb3f22ffc96d776e/title'
16:38:50.214 [AsyncHttpClient-1-5] DEBUG o.a.netty.handler.HttpHandler - 

Request DefaultFullHttpRequest(decodeResult: success, version: HTTP/1.1, content: EmptyByteBufBE)
GET /session/434af8e6e095c0e9fb3f22ffc96d776e/title HTTP/1.1
User-Agent: selenium/4.1.2 (java windows)
Cache-Control: no-cache
Content-Type: application/json; charset=utf-8
host: localhost:53337
accept: */*

Response DefaultHttpResponse(decodeResult: success, version: HTTP/1.1)
HTTP/1.1 200 OK
Content-Type: application/json; charset=utf-8
cache-control: no-cache
content-length: 22

16:38:50.214 [AsyncHttpClient-1-5] DEBUG o.a.netty.channel.ChannelManager - Adding key: http://localhost:53337 for channel [id: 0x58932355, L:/127.0.0.1:52876 - R:localhost/127.0.0.1:53337]
16:38:50.250 [AsyncHttpClient-1-1] DEBUG o.a.netty.channel.DefaultChannelPool - Entry count for : http://localhost:53337 : 1
16:38:50.250 [AsyncHttpClient-1-1] DEBUG o.a.netty.channel.DefaultChannelPool - Entry count for : http://localhost:52877 : 1
16:38:51.359 [AsyncHttpClient-1-1] DEBUG o.a.netty.channel.DefaultChannelPool - Entry count for : http://localhost:53337 : 1
16:38:51.359 [AsyncHttpClient-1-1] DEBUG o.a.netty.channel.DefaultChannelPool - Entry count for : http://localhost:52877 : 1
16:38:52.464 [AsyncHttpClient-1-1] DEBUG o.a.netty.channel.DefaultChannelPool - Entry count for : http://localhost:53337 : 1
16:38:52.464 [AsyncHttpClient-1-1] DEBUG o.a.netty.channel.DefaultChannelPool - Entry count for : http://localhost:52877 : 1
16:38:53.563 [AsyncHttpClient-1-1] DEBUG o.a.netty.channel.DefaultChannelPool - Entry count for : http://localhost:53337 : 1
16:38:53.563 [AsyncHttpClient-1-1] DEBUG o.a.netty.channel.DefaultChannelPool - Entry count for : http://localhost:52877 : 1
16:38:54.652 [AsyncHttpClient-1-1] DEBUG o.a.netty.channel.DefaultChannelPool - Entry count for : http://localhost:53337 : 1
16:38:54.652 [AsyncHttpClient-1-1] DEBUG o.a.netty.channel.DefaultChannelPool - Entry count for : http://localhost:52877 : 1
  &amp#27;[32mGiven &amp#27;[0m&amp#27;[32mthat the user should navigate in PEGA Login Page&amp#27;[0m                                                                             &amp#27;[90m# stepdefinitions.LoginPageSteps.that_the_user_should_navigate_in_pega_login_page()&amp#27;[0m
16:38:55.225 [Forwarding findElement on session 434af8e6e095c0e9fb3f22ffc96d776e to remote] DEBUG o.a.netty.request.NettyRequestSender - Using pooled Channel '[id: 0x58932355, L:/127.0.0.1:52876 - R:localhost/127.0.0.1:53337]' for 'POST' to 'http://localhost:53337/session/434af8e6e095c0e9fb3f22ffc96d776e/element'
16:38:55.225 [Forwarding findElement on session 434af8e6e095c0e9fb3f22ffc96d776e to remote] DEBUG o.a.netty.request.NettyRequestSender - Using open Channel [id: 0x58932355, L:/127.0.0.1:52876 - R:localhost/127.0.0.1:53337] for POST '/session/434af8e6e095c0e9fb3f22ffc96d776e/element'
16:38:55.239 [AsyncHttpClient-1-5] DEBUG o.a.netty.handler.HttpHandler - 

Request DefaultHttpRequest(decodeResult: success, version: HTTP/1.1)
POST /session/434af8e6e095c0e9fb3f22ffc96d776e/element HTTP/1.1
User-Agent: selenium/4.1.2 (java windows)
Content-Length: 128
Content-Type: application/json; charset=utf-8
host: localhost:53337
accept: */*

Response DefaultHttpResponse(decodeResult: success, version: HTTP/1.1)
HTTP/1.1 200 OK
Content-Type: application/json; charset=utf-8
cache-control: no-cache
content-length: 88

16:38:55.240 [AsyncHttpClient-1-5] DEBUG o.a.netty.channel.ChannelManager - Adding key: http://localhost:53337 for channel [id: 0x58932355, L:/127.0.0.1:52876 - R:localhost/127.0.0.1:53337]
16:38:55.252 [Forwarding isElementDisplayed on session 434af8e6e095c0e9fb3f22ffc96d776e to remote] DEBUG o.a.netty.request.NettyRequestSender - Using pooled Channel '[id: 0x58932355, L:/127.0.0.1:52876 - R:localhost/127.0.0.1:53337]' for 'POST' to 'http://localhost:53337/session/434af8e6e095c0e9fb3f22ffc96d776e/execute/sync'
16:38:55.252 [Forwarding isElementDisplayed on session 434af8e6e095c0e9fb3f22ffc96d776e to remote] DEBUG o.a.netty.request.NettyRequestSender - Using open Channel [id: 0x58932355, L:/127.0.0.1:52876 - R:localhost/127.0.0.1:53337] for POST '/session/434af8e6e095c0e9fb3f22ffc96d776e/execute/sync'
16:38:55.275 [AsyncHttpClient-1-5] DEBUG o.a.netty.handler.HttpHandler - 

Request DefaultHttpRequest(decodeResult: success, version: HTTP/1.1)
POST /session/434af8e6e095c0e9fb3f22ffc96d776e/execute/sync HTTP/1.1
User-Agent: selenium/4.1.2 (java windows)
Content-Length: 48780
Content-Type: application/json; charset=utf-8
host: localhost:53337
accept: */*

Response DefaultHttpResponse(decodeResult: success, version: HTTP/1.1)
HTTP/1.1 200 OK
Content-Type: application/json; charset=utf-8
cache-control: no-cache
content-length: 14

16:38:55.276 [AsyncHttpClient-1-5] DEBUG o.a.netty.channel.ChannelManager - Adding key: http://localhost:53337 for channel [id: 0x58932355, L:/127.0.0.1:52876 - R:localhost/127.0.0.1:53337]
16:38:55.277 [Forwarding findElement on session 434af8e6e095c0e9fb3f22ffc96d776e to remote] DEBUG o.a.netty.request.NettyRequestSender - Using pooled Channel '[id: 0x58932355, L:/127.0.0.1:52876 - R:localhost/127.0.0.1:53337]' for 'POST' to 'http://localhost:53337/session/434af8e6e095c0e9fb3f22ffc96d776e/element'
16:38:55.277 [Forwarding findElement on session 434af8e6e095c0e9fb3f22ffc96d776e to remote] DEBUG o.a.netty.request.NettyRequestSender - Using open Channel [id: 0x58932355, L:/127.0.0.1:52876 - R:localhost/127.0.0.1:53337] for POST '/session/434af8e6e095c0e9fb3f22ffc96d776e/element'
16:38:55.285 [AsyncHttpClient-1-5] DEBUG o.a.netty.handler.HttpHandler - 

Request DefaultHttpRequest(decodeResult: success, version: HTTP/1.1)
POST /session/434af8e6e095c0e9fb3f22ffc96d776e/element HTTP/1.1
User-Agent: selenium/4.1.2 (java windows)
Content-Length: 128
Content-Type: application/json; charset=utf-8
host: localhost:53337
accept: */*

Response DefaultHttpResponse(decodeResult: success, version: HTTP/1.1)
HTTP/1.1 200 OK
Content-Type: application/json; charset=utf-8
cache-control: no-cache
content-length: 88

16:38:55.285 [AsyncHttpClient-1-5] DEBUG o.a.netty.channel.ChannelManager - Adding key: http://localhost:53337 for channel [id: 0x58932355, L:/127.0.0.1:52876 - R:localhost/127.0.0.1:53337]
16:38:55.291 [Forwarding isElementDisplayed on session 434af8e6e095c0e9fb3f22ffc96d776e to remote] DEBUG o.a.netty.request.NettyRequestSender - Using pooled Channel '[id: 0x58932355, L:/127.0.0.1:52876 - R:localhost/127.0.0.1:53337]' for 'POST' to 'http://localhost:53337/session/434af8e6e095c0e9fb3f22ffc96d776e/execute/sync'
16:38:55.291 [Forwarding isElementDisplayed on session 434af8e6e095c0e9fb3f22ffc96d776e to remote] DEBUG o.a.netty.request.NettyRequestSender - Using open Channel [id: 0x58932355, L:/127.0.0.1:52876 - R:localhost/127.0.0.1:53337] for POST '/session/434af8e6e095c0e9fb3f22ffc96d776e/execute/sync'
16:38:55.305 [AsyncHttpClient-1-5] DEBUG o.a.netty.handler.HttpHandler - 

Request DefaultHttpRequest(decodeResult: success, version: HTTP/1.1)
POST /session/434af8e6e095c0e9fb3f22ffc96d776e/execute/sync HTTP/1.1
User-Agent: selenium/4.1.2 (java windows)
Content-Length: 48780
Content-Type: application/json; charset=utf-8
host: localhost:53337
accept: */*

Response DefaultHttpResponse(decodeResult: success, version: HTTP/1.1)
HTTP/1.1 200 OK
Content-Type: application/json; charset=utf-8
cache-control: no-cache
content-length: 14

16:38:55.305 [AsyncHttpClient-1-5] DEBUG o.a.netty.channel.ChannelManager - Adding key: http://localhost:53337 for channel [id: 0x58932355, L:/127.0.0.1:52876 - R:localhost/127.0.0.1:53337]
16:38:55.307 [Forwarding findElement on session 434af8e6e095c0e9fb3f22ffc96d776e to remote] DEBUG o.a.netty.request.NettyRequestSender - Using pooled Channel '[id: 0x58932355, L:/127.0.0.1:52876 - R:localhost/127.0.0.1:53337]' for 'POST' to 'http://localhost:53337/session/434af8e6e095c0e9fb3f22ffc96d776e/element'
16:38:55.307 [Forwarding findElement on session 434af8e6e095c0e9fb3f22ffc96d776e to remote] DEBUG o.a.netty.request.NettyRequestSender - Using open Channel [id: 0x58932355, L:/127.0.0.1:52876 - R:localhost/127.0.0.1:53337] for POST '/session/434af8e6e095c0e9fb3f22ffc96d776e/element'
16:38:55.315 [AsyncHttpClient-1-5] DEBUG o.a.netty.handler.HttpHandler - 

Request DefaultHttpRequest(decodeResult: success, version: HTTP/1.1)
POST /session/434af8e6e095c0e9fb3f22ffc96d776e/element HTTP/1.1
User-Agent: selenium/4.1.2 (java windows)
Content-Length: 128
Content-Type: application/json; charset=utf-8
host: localhost:53337
accept: */*

Response DefaultHttpResponse(decodeResult: success, version: HTTP/1.1)
HTTP/1.1 200 OK
Content-Type: application/json; charset=utf-8
cache-control: no-cache
content-length: 88

16:38:55.315 [AsyncHttpClient-1-5] DEBUG o.a.netty.channel.ChannelManager - Adding key: http://localhost:53337 for channel [id: 0x58932355, L:/127.0.0.1:52876 - R:localhost/127.0.0.1:53337]
16:38:55.318 [Forwarding isElementEnabled on session 434af8e6e095c0e9fb3f22ffc96d776e to remote] DEBUG o.a.netty.request.NettyRequestSender - Using pooled Channel '[id: 0x58932355, L:/127.0.0.1:52876 - R:localhost/127.0.0.1:53337]' for 'GET' to 'http://localhost:53337/session/434af8e6e095c0e9fb3f22ffc96d776e/element/e824a398-a0f7-4f56-b986-7995a1edd6ac/enabled'
16:38:55.318 [Forwarding isElementEnabled on session 434af8e6e095c0e9fb3f22ffc96d776e to remote] DEBUG o.a.netty.request.NettyRequestSender - Using open Channel [id: 0x58932355, L:/127.0.0.1:52876 - R:localhost/127.0.0.1:53337] for GET '/session/434af8e6e095c0e9fb3f22ffc96d776e/element/e824a398-a0f7-4f56-b986-7995a1edd6ac/enabled'
16:38:55.326 [AsyncHttpClient-1-5] DEBUG o.a.netty.handler.HttpHandler - 

Request DefaultFullHttpRequest(decodeResult: success, version: HTTP/1.1, content: EmptyByteBufBE)
GET /session/434af8e6e095c0e9fb3f22ffc96d776e/element/e824a398-a0f7-4f56-b986-7995a1edd6ac/enabled HTTP/1.1
User-Agent: selenium/4.1.2 (java windows)
Cache-Control: no-cache
Content-Type: application/json; charset=utf-8
host: localhost:53337
accept: */*

Response DefaultHttpResponse(decodeResult: success, version: HTTP/1.1)
HTTP/1.1 200 OK
Content-Type: application/json; charset=utf-8
cache-control: no-cache
content-length: 14

16:38:55.326 [AsyncHttpClient-1-5] DEBUG o.a.netty.channel.ChannelManager - Adding key: http://localhost:53337 for channel [id: 0x58932355, L:/127.0.0.1:52876 - R:localhost/127.0.0.1:53337]
16:38:55.328 [Forwarding findElement on session 434af8e6e095c0e9fb3f22ffc96d776e to remote] DEBUG o.a.netty.request.NettyRequestSender - Using pooled Channel '[id: 0x58932355, L:/127.0.0.1:52876 - R:localhost/127.0.0.1:53337]' for 'POST' to 'http://localhost:53337/session/434af8e6e095c0e9fb3f22ffc96d776e/element'
16:38:55.328 [Forwarding findElement on session 434af8e6e095c0e9fb3f22ffc96d776e to remote] DEBUG o.a.netty.request.NettyRequestSender - Using open Channel [id: 0x58932355, L:/127.0.0.1:52876 - R:localhost/127.0.0.1:53337] for POST '/session/434af8e6e095c0e9fb3f22ffc96d776e/element'
16:38:55.339 [AsyncHttpClient-1-5] DEBUG o.a.netty.handler.HttpHandler - 

Request DefaultHttpRequest(decodeResult: success, version: HTTP/1.1)
POST /session/434af8e6e095c0e9fb3f22ffc96d776e/element HTTP/1.1
User-Agent: selenium/4.1.2 (java windows)
Content-Length: 132
Content-Type: application/json; charset=utf-8
host: localhost:53337
accept: */*

Response DefaultHttpResponse(decodeResult: success, version: HTTP/1.1)
HTTP/1.1 200 OK
Content-Type: application/json; charset=utf-8
cache-control: no-cache
content-length: 88

16:38:55.339 [AsyncHttpClient-1-5] DEBUG o.a.netty.channel.ChannelManager - Adding key: http://localhost:53337 for channel [id: 0x58932355, L:/127.0.0.1:52876 - R:localhost/127.0.0.1:53337]
16:38:55.345 [Forwarding isElementDisplayed on session 434af8e6e095c0e9fb3f22ffc96d776e to remote] DEBUG o.a.netty.request.NettyRequestSender - Using pooled Channel '[id: 0x58932355, L:/127.0.0.1:52876 - R:localhost/127.0.0.1:53337]' for 'POST' to 'http://localhost:53337/session/434af8e6e095c0e9fb3f22ffc96d776e/execute/sync'
16:38:55.345 [Forwarding isElementDisplayed on session 434af8e6e095c0e9fb3f22ffc96d776e to remote] DEBUG o.a.netty.request.NettyRequestSender - Using open Channel [id: 0x58932355, L:/127.0.0.1:52876 - R:localhost/127.0.0.1:53337] for POST '/session/434af8e6e095c0e9fb3f22ffc96d776e/execute/sync'
16:38:55.357 [AsyncHttpClient-1-5] DEBUG o.a.netty.handler.HttpHandler - 

Request DefaultHttpRequest(decodeResult: success, version: HTTP/1.1)
POST /session/434af8e6e095c0e9fb3f22ffc96d776e/execute/sync HTTP/1.1
User-Agent: selenium/4.1.2 (java windows)
Content-Length: 48780
Content-Type: application/json; charset=utf-8
host: localhost:53337
accept: */*

Response DefaultHttpResponse(decodeResult: success, version: HTTP/1.1)
HTTP/1.1 200 OK
Content-Type: application/json; charset=utf-8
cache-control: no-cache
content-length: 14

16:38:55.357 [AsyncHttpClient-1-5] DEBUG o.a.netty.channel.ChannelManager - Adding key: http://localhost:53337 for channel [id: 0x58932355, L:/127.0.0.1:52876 - R:localhost/127.0.0.1:53337]
16:38:55.359 [Forwarding findElement on session 434af8e6e095c0e9fb3f22ffc96d776e to remote] DEBUG o.a.netty.request.NettyRequestSender - Using pooled Channel '[id: 0x58932355, L:/127.0.0.1:52876 - R:localhost/127.0.0.1:53337]' for 'POST' to 'http://localhost:53337/session/434af8e6e095c0e9fb3f22ffc96d776e/element'
16:38:55.359 [Forwarding findElement on session 434af8e6e095c0e9fb3f22ffc96d776e to remote] DEBUG o.a.netty.request.NettyRequestSender - Using open Channel [id: 0x58932355, L:/127.0.0.1:52876 - R:localhost/127.0.0.1:53337] for POST '/session/434af8e6e095c0e9fb3f22ffc96d776e/element'
16:38:55.366 [AsyncHttpClient-1-5] DEBUG o.a.netty.handler.HttpHandler - 

Request DefaultHttpRequest(decodeResult: success, version: HTTP/1.1)
POST /session/434af8e6e095c0e9fb3f22ffc96d776e/element HTTP/1.1
User-Agent: selenium/4.1.2 (java windows)
Content-Length: 132
Content-Type: application/json; charset=utf-8
host: localhost:53337
accept: */*

Response DefaultHttpResponse(decodeResult: success, version: HTTP/1.1)
HTTP/1.1 200 OK
Content-Type: application/json; charset=utf-8
cache-control: no-cache
content-length: 88

16:38:55.366 [AsyncHttpClient-1-5] DEBUG o.a.netty.channel.ChannelManager - Adding key: http://localhost:53337 for channel [id: 0x58932355, L:/127.0.0.1:52876 - R:localhost/127.0.0.1:53337]
16:38:55.371 [Forwarding isElementDisplayed on session 434af8e6e095c0e9fb3f22ffc96d776e to remote] DEBUG o.a.netty.request.NettyRequestSender - Using pooled Channel '[id: 0x58932355, L:/127.0.0.1:52876 - R:localhost/127.0.0.1:53337]' for 'POST' to 'http://localhost:53337/session/434af8e6e095c0e9fb3f22ffc96d776e/execute/sync'
16:38:55.371 [Forwarding isElementDisplayed on session 434af8e6e095c0e9fb3f22ffc96d776e to remote] DEBUG o.a.netty.request.NettyRequestSender - Using open Channel [id: 0x58932355, L:/127.0.0.1:52876 - R:localhost/127.0.0.1:53337] for POST '/session/434af8e6e095c0e9fb3f22ffc96d776e/execute/sync'
16:38:55.382 [AsyncHttpClient-1-5] DEBUG o.a.netty.handler.HttpHandler - 

Request DefaultHttpRequest(decodeResult: success, version: HTTP/1.1)
POST /session/434af8e6e095c0e9fb3f22ffc96d776e/execute/sync HTTP/1.1
User-Agent: selenium/4.1.2 (java windows)
Content-Length: 48780
Content-Type: application/json; charset=utf-8
host: localhost:53337
accept: */*

Response DefaultHttpResponse(decodeResult: success, version: HTTP/1.1)
HTTP/1.1 200 OK
Content-Type: application/json; charset=utf-8
cache-control: no-cache
content-length: 14

16:38:55.382 [AsyncHttpClient-1-5] DEBUG o.a.netty.channel.ChannelManager - Adding key: http://localhost:53337 for channel [id: 0x58932355, L:/127.0.0.1:52876 - R:localhost/127.0.0.1:53337]
16:38:55.384 [Forwarding findElement on session 434af8e6e095c0e9fb3f22ffc96d776e to remote] DEBUG o.a.netty.request.NettyRequestSender - Using pooled Channel '[id: 0x58932355, L:/127.0.0.1:52876 - R:localhost/127.0.0.1:53337]' for 'POST' to 'http://localhost:53337/session/434af8e6e095c0e9fb3f22ffc96d776e/element'
16:38:55.384 [Forwarding findElement on session 434af8e6e095c0e9fb3f22ffc96d776e to remote] DEBUG o.a.netty.request.NettyRequestSender - Using open Channel [id: 0x58932355, L:/127.0.0.1:52876 - R:localhost/127.0.0.1:53337] for POST '/session/434af8e6e095c0e9fb3f22ffc96d776e/element'
16:38:55.391 [AsyncHttpClient-1-5] DEBUG o.a.netty.handler.HttpHandler - 

Request DefaultHttpRequest(decodeResult: success, version: HTTP/1.1)
POST /session/434af8e6e095c0e9fb3f22ffc96d776e/element HTTP/1.1
User-Agent: selenium/4.1.2 (java windows)
Content-Length: 132
Content-Type: application/json; charset=utf-8
host: localhost:53337
accept: */*

Response DefaultHttpResponse(decodeResult: success, version: HTTP/1.1)
HTTP/1.1 200 OK
Content-Type: application/json; charset=utf-8
cache-control: no-cache
content-length: 88

16:38:55.391 [AsyncHttpClient-1-5] DEBUG o.a.netty.channel.ChannelManager - Adding key: http://localhost:53337 for channel [id: 0x58932355, L:/127.0.0.1:52876 - R:localhost/127.0.0.1:53337]
16:38:55.393 [Forwarding isElementEnabled on session 434af8e6e095c0e9fb3f22ffc96d776e to remote] DEBUG o.a.netty.request.NettyRequestSender - Using pooled Channel '[id: 0x58932355, L:/127.0.0.1:52876 - R:localhost/127.0.0.1:53337]' for 'GET' to 'http://localhost:53337/session/434af8e6e095c0e9fb3f22ffc96d776e/element/87b7a1ae-a316-45e7-a535-c9ca3b756370/enabled'
16:38:55.393 [Forwarding isElementEnabled on session 434af8e6e095c0e9fb3f22ffc96d776e to remote] DEBUG o.a.netty.request.NettyRequestSender - Using open Channel [id: 0x58932355, L:/127.0.0.1:52876 - R:localhost/127.0.0.1:53337] for GET '/session/434af8e6e095c0e9fb3f22ffc96d776e/element/87b7a1ae-a316-45e7-a535-c9ca3b756370/enabled'
16:38:55.401 [AsyncHttpClient-1-5] DEBUG o.a.netty.handler.HttpHandler - 

Request DefaultFullHttpRequest(decodeResult: success, version: HTTP/1.1, content: EmptyByteBufBE)
GET /session/434af8e6e095c0e9fb3f22ffc96d776e/element/87b7a1ae-a316-45e7-a535-c9ca3b756370/enabled HTTP/1.1
User-Agent: selenium/4.1.2 (java windows)
Cache-Control: no-cache
Content-Type: application/json; charset=utf-8
host: localhost:53337
accept: */*

Response DefaultHttpResponse(decodeResult: success, version: HTTP/1.1)
HTTP/1.1 200 OK
Content-Type: application/json; charset=utf-8
cache-control: no-cache
content-length: 14

16:38:55.401 [AsyncHttpClient-1-5] DEBUG o.a.netty.channel.ChannelManager - Adding key: http://localhost:53337 for channel [id: 0x58932355, L:/127.0.0.1:52876 - R:localhost/127.0.0.1:53337]
16:38:55.403 [Forwarding findElement on session 434af8e6e095c0e9fb3f22ffc96d776e to remote] DEBUG o.a.netty.request.NettyRequestSender - Using pooled Channel '[id: 0x58932355, L:/127.0.0.1:52876 - R:localhost/127.0.0.1:53337]' for 'POST' to 'http://localhost:53337/session/434af8e6e095c0e9fb3f22ffc96d776e/element'
16:38:55.403 [Forwarding findElement on session 434af8e6e095c0e9fb3f22ffc96d776e to remote] DEBUG o.a.netty.request.NettyRequestSender - Using open Channel [id: 0x58932355, L:/127.0.0.1:52876 - R:localhost/127.0.0.1:53337] for POST '/session/434af8e6e095c0e9fb3f22ffc96d776e/element'
16:38:55.415 [AsyncHttpClient-1-5] DEBUG o.a.netty.handler.HttpHandler - 

Request DefaultHttpRequest(decodeResult: success, version: HTTP/1.1)
POST /session/434af8e6e095c0e9fb3f22ffc96d776e/element HTTP/1.1
User-Agent: selenium/4.1.2 (java windows)
Content-Length: 125
Content-Type: application/json; charset=utf-8
host: localhost:53337
accept: */*

Response DefaultHttpResponse(decodeResult: success, version: HTTP/1.1)
HTTP/1.1 200 OK
Content-Type: application/json; charset=utf-8
cache-control: no-cache
content-length: 88

16:38:55.415 [AsyncHttpClient-1-5] DEBUG o.a.netty.channel.ChannelManager - Adding key: http://localhost:53337 for channel [id: 0x58932355, L:/127.0.0.1:52876 - R:localhost/127.0.0.1:53337]
16:38:55.420 [Forwarding isElementDisplayed on session 434af8e6e095c0e9fb3f22ffc96d776e to remote] DEBUG o.a.netty.request.NettyRequestSender - Using pooled Channel '[id: 0x58932355, L:/127.0.0.1:52876 - R:localhost/127.0.0.1:53337]' for 'POST' to 'http://localhost:53337/session/434af8e6e095c0e9fb3f22ffc96d776e/execute/sync'
16:38:55.420 [Forwarding isElementDisplayed on session 434af8e6e095c0e9fb3f22ffc96d776e to remote] DEBUG o.a.netty.request.NettyRequestSender - Using open Channel [id: 0x58932355, L:/127.0.0.1:52876 - R:localhost/127.0.0.1:53337] for POST '/session/434af8e6e095c0e9fb3f22ffc96d776e/execute/sync'
16:38:55.432 [AsyncHttpClient-1-5] DEBUG o.a.netty.handler.HttpHandler - 

Request DefaultHttpRequest(decodeResult: success, version: HTTP/1.1)
POST /session/434af8e6e095c0e9fb3f22ffc96d776e/execute/sync HTTP/1.1
User-Agent: selenium/4.1.2 (java windows)
Content-Length: 48780
Content-Type: application/json; charset=utf-8
host: localhost:53337
accept: */*

Response DefaultHttpResponse(decodeResult: success, version: HTTP/1.1)
HTTP/1.1 200 OK
Content-Type: application/json; charset=utf-8
cache-control: no-cache
content-length: 14

16:38:55.432 [AsyncHttpClient-1-5] DEBUG o.a.netty.channel.ChannelManager - Adding key: http://localhost:53337 for channel [id: 0x58932355, L:/127.0.0.1:52876 - R:localhost/127.0.0.1:53337]
16:38:55.434 [Forwarding findElement on session 434af8e6e095c0e9fb3f22ffc96d776e to remote] DEBUG o.a.netty.request.NettyRequestSender - Using pooled Channel '[id: 0x58932355, L:/127.0.0.1:52876 - R:localhost/127.0.0.1:53337]' for 'POST' to 'http://localhost:53337/session/434af8e6e095c0e9fb3f22ffc96d776e/element'
16:38:55.434 [Forwarding findElement on session 434af8e6e095c0e9fb3f22ffc96d776e to remote] DEBUG o.a.netty.request.NettyRequestSender - Using open Channel [id: 0x58932355, L:/127.0.0.1:52876 - R:localhost/127.0.0.1:53337] for POST '/session/434af8e6e095c0e9fb3f22ffc96d776e/element'
16:38:55.442 [AsyncHttpClient-1-5] DEBUG o.a.netty.handler.HttpHandler - 

Request DefaultHttpRequest(decodeResult: success, version: HTTP/1.1)
POST /session/434af8e6e095c0e9fb3f22ffc96d776e/element HTTP/1.1
User-Agent: selenium/4.1.2 (java windows)
Content-Length: 125
Content-Type: application/json; charset=utf-8
host: localhost:53337
accept: */*

Response DefaultHttpResponse(decodeResult: success, version: HTTP/1.1)
HTTP/1.1 200 OK
Content-Type: application/json; charset=utf-8
cache-control: no-cache
content-length: 88

16:38:55.442 [AsyncHttpClient-1-5] DEBUG o.a.netty.channel.ChannelManager - Adding key: http://localhost:53337 for channel [id: 0x58932355, L:/127.0.0.1:52876 - R:localhost/127.0.0.1:53337]
16:38:55.448 [Forwarding isElementDisplayed on session 434af8e6e095c0e9fb3f22ffc96d776e to remote] DEBUG o.a.netty.request.NettyRequestSender - Using pooled Channel '[id: 0x58932355, L:/127.0.0.1:52876 - R:localhost/127.0.0.1:53337]' for 'POST' to 'http://localhost:53337/session/434af8e6e095c0e9fb3f22ffc96d776e/execute/sync'
16:38:55.448 [Forwarding isElementDisplayed on session 434af8e6e095c0e9fb3f22ffc96d776e to remote] DEBUG o.a.netty.request.NettyRequestSender - Using open Channel [id: 0x58932355, L:/127.0.0.1:52876 - R:localhost/127.0.0.1:53337] for POST '/session/434af8e6e095c0e9fb3f22ffc96d776e/execute/sync'
16:38:55.458 [AsyncHttpClient-1-5] DEBUG o.a.netty.handler.HttpHandler - 

Request DefaultHttpRequest(decodeResult: success, version: HTTP/1.1)
POST /session/434af8e6e095c0e9fb3f22ffc96d776e/execute/sync HTTP/1.1
User-Agent: selenium/4.1.2 (java windows)
Content-Length: 48780
Content-Type: application/json; charset=utf-8
host: localhost:53337
accept: */*

Response DefaultHttpResponse(decodeResult: success, version: HTTP/1.1)
HTTP/1.1 200 OK
Content-Type: application/json; charset=utf-8
cache-control: no-cache
content-length: 14

16:38:55.458 [AsyncHttpClient-1-5] DEBUG o.a.netty.channel.ChannelManager - Adding key: http://localhost:53337 for channel [id: 0x58932355, L:/127.0.0.1:52876 - R:localhost/127.0.0.1:53337]
16:38:55.460 [Forwarding findElement on session 434af8e6e095c0e9fb3f22ffc96d776e to remote] DEBUG o.a.netty.request.NettyRequestSender - Using pooled Channel '[id: 0x58932355, L:/127.0.0.1:52876 - R:localhost/127.0.0.1:53337]' for 'POST' to 'http://localhost:53337/session/434af8e6e095c0e9fb3f22ffc96d776e/element'
16:38:55.460 [Forwarding findElement on session 434af8e6e095c0e9fb3f22ffc96d776e to remote] DEBUG o.a.netty.request.NettyRequestSender - Using open Channel [id: 0x58932355, L:/127.0.0.1:52876 - R:localhost/127.0.0.1:53337] for POST '/session/434af8e6e095c0e9fb3f22ffc96d776e/element'
16:38:55.466 [AsyncHttpClient-1-5] DEBUG o.a.netty.handler.HttpHandler - 

Request DefaultHttpRequest(decodeResult: success, version: HTTP/1.1)
POST /session/434af8e6e095c0e9fb3f22ffc96d776e/element HTTP/1.1
User-Agent: selenium/4.1.2 (java windows)
Content-Length: 125
Content-Type: application/json; charset=utf-8
host: localhost:53337
accept: */*

Response DefaultHttpResponse(decodeResult: success, version: HTTP/1.1)
HTTP/1.1 200 OK
Content-Type: application/json; charset=utf-8
cache-control: no-cache
content-length: 88

16:38:55.466 [AsyncHttpClient-1-5] DEBUG o.a.netty.channel.ChannelManager - Adding key: http://localhost:53337 for channel [id: 0x58932355, L:/127.0.0.1:52876 - R:localhost/127.0.0.1:53337]
16:38:55.467 [Forwarding isElementEnabled on session 434af8e6e095c0e9fb3f22ffc96d776e to remote] DEBUG o.a.netty.request.NettyRequestSender - Using pooled Channel '[id: 0x58932355, L:/127.0.0.1:52876 - R:localhost/127.0.0.1:53337]' for 'GET' to 'http://localhost:53337/session/434af8e6e095c0e9fb3f22ffc96d776e/element/76c81085-a3ab-4c98-8873-6a0cf0ac0c3b/enabled'
16:38:55.468 [Forwarding isElementEnabled on session 434af8e6e095c0e9fb3f22ffc96d776e to remote] DEBUG o.a.netty.request.NettyRequestSender - Using open Channel [id: 0x58932355, L:/127.0.0.1:52876 - R:localhost/127.0.0.1:53337] for GET '/session/434af8e6e095c0e9fb3f22ffc96d776e/element/76c81085-a3ab-4c98-8873-6a0cf0ac0c3b/enabled'
16:38:55.476 [AsyncHttpClient-1-5] DEBUG o.a.netty.handler.HttpHandler - 

Request DefaultFullHttpRequest(decodeResult: success, version: HTTP/1.1, content: EmptyByteBufBE)
GET /session/434af8e6e095c0e9fb3f22ffc96d776e/element/76c81085-a3ab-4c98-8873-6a0cf0ac0c3b/enabled HTTP/1.1
User-Agent: selenium/4.1.2 (java windows)
Cache-Control: no-cache
Content-Type: application/json; charset=utf-8
host: localhost:53337
accept: */*

Response DefaultHttpResponse(decodeResult: success, version: HTTP/1.1)
HTTP/1.1 200 OK
Content-Type: application/json; charset=utf-8
cache-control: no-cache
content-length: 14

16:38:55.476 [AsyncHttpClient-1-5] DEBUG o.a.netty.channel.ChannelManager - Adding key: http://localhost:53337 for channel [id: 0x58932355, L:/127.0.0.1:52876 - R:localhost/127.0.0.1:53337]
  &amp#27;[32mAnd &amp#27;[0m&amp#27;[32muser verify the Login Page Elements is Visible&amp#27;[0m                                                                                 &amp#27;[90m# stepdefinitions.LoginPageSteps.user_verify_the_login_page_elements_is_visible()&amp#27;[0m
16:38:55.754 [AsyncHttpClient-1-1] DEBUG o.a.netty.channel.DefaultChannelPool - Entry count for : http://localhost:53337 : 1
16:38:55.754 [AsyncHttpClient-1-1] DEBUG o.a.netty.channel.DefaultChannelPool - Entry count for : http://localhost:52877 : 1
16:38:56.863 [AsyncHttpClient-1-1] DEBUG o.a.netty.channel.DefaultChannelPool - Entry count for : http://localhost:53337 : 1
16:38:56.863 [AsyncHttpClient-1-1] DEBUG o.a.netty.channel.DefaultChannelPool - Entry count for : http://localhost:52877 : 1
16:38:57.962 [AsyncHttpClient-1-1] DEBUG o.a.netty.channel.DefaultChannelPool - Entry count for : http://localhost:53337 : 1
16:38:57.962 [AsyncHttpClient-1-1] DEBUG o.a.netty.channel.DefaultChannelPool - Entry count for : http://localhost:52877 : 1
16:38:58.182 [Forwarding findElement on session 434af8e6e095c0e9fb3f22ffc96d776e to remote] DEBUG o.a.netty.request.NettyRequestSender - Using pooled Channel '[id: 0x58932355, L:/127.0.0.1:52876 - R:localhost/127.0.0.1:53337]' for 'POST' to 'http://localhost:53337/session/434af8e6e095c0e9fb3f22ffc96d776e/element'
16:38:58.182 [Forwarding findElement on session 434af8e6e095c0e9fb3f22ffc96d776e to remote] DEBUG o.a.netty.request.NettyRequestSender - Using open Channel [id: 0x58932355, L:/127.0.0.1:52876 - R:localhost/127.0.0.1:53337] for POST '/session/434af8e6e095c0e9fb3f22ffc96d776e/element'
16:38:58.189 [AsyncHttpClient-1-5] DEBUG o.a.netty.handler.HttpHandler - 

Request DefaultHttpRequest(decodeResult: success, version: HTTP/1.1)
POST /session/434af8e6e095c0e9fb3f22ffc96d776e/element HTTP/1.1
User-Agent: selenium/4.1.2 (java windows)
Content-Length: 128
Content-Type: application/json; charset=utf-8
host: localhost:53337
accept: */*

Response DefaultHttpResponse(decodeResult: success, version: HTTP/1.1)
HTTP/1.1 200 OK
Content-Type: application/json; charset=utf-8
cache-control: no-cache
content-length: 88

16:38:58.190 [AsyncHttpClient-1-5] DEBUG o.a.netty.channel.ChannelManager - Adding key: http://localhost:53337 for channel [id: 0x58932355, L:/127.0.0.1:52876 - R:localhost/127.0.0.1:53337]
16:38:58.193 [Forwarding sendKeysToElement on session 434af8e6e095c0e9fb3f22ffc96d776e to remote] DEBUG o.a.netty.request.NettyRequestSender - Using pooled Channel '[id: 0x58932355, L:/127.0.0.1:52876 - R:localhost/127.0.0.1:53337]' for 'POST' to 'http://localhost:53337/session/434af8e6e095c0e9fb3f22ffc96d776e/element/e824a398-a0f7-4f56-b986-7995a1edd6ac/value'
16:38:58.193 [Forwarding sendKeysToElement on session 434af8e6e095c0e9fb3f22ffc96d776e to remote] DEBUG o.a.netty.request.NettyRequestSender - Using open Channel [id: 0x58932355, L:/127.0.0.1:52876 - R:localhost/127.0.0.1:53337] for POST '/session/434af8e6e095c0e9fb3f22ffc96d776e/element/e824a398-a0f7-4f56-b986-7995a1edd6ac/value'
16:38:58.235 [AsyncHttpClient-1-5] DEBUG o.a.netty.handler.HttpHandler - 

Request DefaultHttpRequest(decodeResult: success, version: HTTP/1.1)
POST /session/434af8e6e095c0e9fb3f22ffc96d776e/element/e824a398-a0f7-4f56-b986-7995a1edd6ac/value HTTP/1.1
User-Agent: selenium/4.1.2 (java windows)
Content-Length: 271
Content-Type: application/json; charset=utf-8
host: localhost:53337
accept: */*

Response DefaultHttpResponse(decodeResult: success, version: HTTP/1.1)
HTTP/1.1 200 OK
Content-Type: application/json; charset=utf-8
cache-control: no-cache
content-length: 14

16:38:58.236 [AsyncHttpClient-1-5] DEBUG o.a.netty.channel.ChannelManager - Adding key: http://localhost:53337 for channel [id: 0x58932355, L:/127.0.0.1:52876 - R:localhost/127.0.0.1:53337]
16:38:58.237 [Forwarding findElement on session 434af8e6e095c0e9fb3f22ffc96d776e to remote] DEBUG o.a.netty.request.NettyRequestSender - Using pooled Channel '[id: 0x58932355, L:/127.0.0.1:52876 - R:localhost/127.0.0.1:53337]' for 'POST' to 'http://localhost:53337/session/434af8e6e095c0e9fb3f22ffc96d776e/element'
16:38:58.238 [Forwarding findElement on session 434af8e6e095c0e9fb3f22ffc96d776e to remote] DEBUG o.a.netty.request.NettyRequestSender - Using open Channel [id: 0x58932355, L:/127.0.0.1:52876 - R:localhost/127.0.0.1:53337] for POST '/session/434af8e6e095c0e9fb3f22ffc96d776e/element'
16:38:58.245 [AsyncHttpClient-1-5] DEBUG o.a.netty.handler.HttpHandler - 

Request DefaultHttpRequest(decodeResult: success, version: HTTP/1.1)
POST /session/434af8e6e095c0e9fb3f22ffc96d776e/element HTTP/1.1
User-Agent: selenium/4.1.2 (java windows)
Content-Length: 132
Content-Type: application/json; charset=utf-8
host: localhost:53337
accept: */*

Response DefaultHttpResponse(decodeResult: success, version: HTTP/1.1)
HTTP/1.1 200 OK
Content-Type: application/json; charset=utf-8
cache-control: no-cache
content-length: 88

16:38:58.245 [AsyncHttpClient-1-5] DEBUG o.a.netty.channel.ChannelManager - Adding key: http://localhost:53337 for channel [id: 0x58932355, L:/127.0.0.1:52876 - R:localhost/127.0.0.1:53337]
16:38:58.247 [Forwarding sendKeysToElement on session 434af8e6e095c0e9fb3f22ffc96d776e to remote] DEBUG o.a.netty.request.NettyRequestSender - Using pooled Channel '[id: 0x58932355, L:/127.0.0.1:52876 - R:localhost/127.0.0.1:53337]' for 'POST' to 'http://localhost:53337/session/434af8e6e095c0e9fb3f22ffc96d776e/element/87b7a1ae-a316-45e7-a535-c9ca3b756370/value'
16:38:58.248 [Forwarding sendKeysToElement on session 434af8e6e095c0e9fb3f22ffc96d776e to remote] DEBUG o.a.netty.request.NettyRequestSender - Using open Channel [id: 0x58932355, L:/127.0.0.1:52876 - R:localhost/127.0.0.1:53337] for POST '/session/434af8e6e095c0e9fb3f22ffc96d776e/element/87b7a1ae-a316-45e7-a535-c9ca3b756370/value'
16:38:58.296 [AsyncHttpClient-1-5] DEBUG o.a.netty.handler.HttpHandler - 

Request DefaultHttpRequest(decodeResult: success, version: HTTP/1.1)
POST /session/434af8e6e095c0e9fb3f22ffc96d776e/element/87b7a1ae-a316-45e7-a535-c9ca3b756370/value HTTP/1.1
User-Agent: selenium/4.1.2 (java windows)
Content-Length: 161
Content-Type: application/json; charset=utf-8
host: localhost:53337
accept: */*

Response DefaultHttpResponse(decodeResult: success, version: HTTP/1.1)
HTTP/1.1 200 OK
Content-Type: application/json; charset=utf-8
cache-control: no-cache
content-length: 14

16:38:58.296 [AsyncHttpClient-1-5] DEBUG o.a.netty.channel.ChannelManager - Adding key: http://localhost:53337 for channel [id: 0x58932355, L:/127.0.0.1:52876 - R:localhost/127.0.0.1:53337]
16:38:58.298 [Forwarding findElement on session 434af8e6e095c0e9fb3f22ffc96d776e to remote] DEBUG o.a.netty.request.NettyRequestSender - Using pooled Channel '[id: 0x58932355, L:/127.0.0.1:52876 - R:localhost/127.0.0.1:53337]' for 'POST' to 'http://localhost:53337/session/434af8e6e095c0e9fb3f22ffc96d776e/element'
16:38:58.298 [Forwarding findElement on session 434af8e6e095c0e9fb3f22ffc96d776e to remote] DEBUG o.a.netty.request.NettyRequestSender - Using open Channel [id: 0x58932355, L:/127.0.0.1:52876 - R:localhost/127.0.0.1:53337] for POST '/session/434af8e6e095c0e9fb3f22ffc96d776e/element'
16:38:58.306 [AsyncHttpClient-1-5] DEBUG o.a.netty.handler.HttpHandler - 

Request DefaultHttpRequest(decodeResult: success, version: HTTP/1.1)
POST /session/434af8e6e095c0e9fb3f22ffc96d776e/element HTTP/1.1
User-Agent: selenium/4.1.2 (java windows)
Content-Length: 125
Content-Type: application/json; charset=utf-8
host: localhost:53337
accept: */*

Response DefaultHttpResponse(decodeResult: success, version: HTTP/1.1)
HTTP/1.1 200 OK
Content-Type: application/json; charset=utf-8
cache-control: no-cache
content-length: 88

16:38:58.306 [AsyncHttpClient-1-5] DEBUG o.a.netty.channel.ChannelManager - Adding key: http://localhost:53337 for channel [id: 0x58932355, L:/127.0.0.1:52876 - R:localhost/127.0.0.1:53337]
16:38:58.309 [Forwarding clickElement on session 434af8e6e095c0e9fb3f22ffc96d776e to remote] DEBUG o.a.netty.request.NettyRequestSender - Using pooled Channel '[id: 0x58932355, L:/127.0.0.1:52876 - R:localhost/127.0.0.1:53337]' for 'POST' to 'http://localhost:53337/session/434af8e6e095c0e9fb3f22ffc96d776e/element/76c81085-a3ab-4c98-8873-6a0cf0ac0c3b/click'
16:38:58.309 [Forwarding clickElement on session 434af8e6e095c0e9fb3f22ffc96d776e to remote] DEBUG o.a.netty.request.NettyRequestSender - Using open Channel [id: 0x58932355, L:/127.0.0.1:52876 - R:localhost/127.0.0.1:53337] for POST '/session/434af8e6e095c0e9fb3f22ffc96d776e/element/76c81085-a3ab-4c98-8873-6a0cf0ac0c3b/click'
16:38:58.407 [AsyncHttpClient-1-5] DEBUG o.a.netty.handler.HttpHandler - 

Request DefaultHttpRequest(decodeResult: success, version: HTTP/1.1)
POST /session/434af8e6e095c0e9fb3f22ffc96d776e/element/76c81085-a3ab-4c98-8873-6a0cf0ac0c3b/click HTTP/1.1
User-Agent: selenium/4.1.2 (java windows)
Content-Length: 50
Content-Type: application/json; charset=utf-8
host: localhost:53337
accept: */*

Response DefaultHttpResponse(decodeResult: success, version: HTTP/1.1)
HTTP/1.1 200 OK
Content-Type: application/json; charset=utf-8
cache-control: no-cache
content-length: 14

16:38:58.407 [AsyncHttpClient-1-5] DEBUG o.a.netty.channel.ChannelManager - Adding key: http://localhost:53337 for channel [id: 0x58932355, L:/127.0.0.1:52876 - R:localhost/127.0.0.1:53337]
16:38:58.409 [Forwarding findElement on session 434af8e6e095c0e9fb3f22ffc96d776e to remote] DEBUG o.a.netty.request.NettyRequestSender - Using pooled Channel '[id: 0x58932355, L:/127.0.0.1:52876 - R:localhost/127.0.0.1:53337]' for 'POST' to 'http://localhost:53337/session/434af8e6e095c0e9fb3f22ffc96d776e/element'
16:38:58.409 [Forwarding findElement on session 434af8e6e095c0e9fb3f22ffc96d776e to remote] DEBUG o.a.netty.request.NettyRequestSender - Using open Channel [id: 0x58932355, L:/127.0.0.1:52876 - R:localhost/127.0.0.1:53337] for POST '/session/434af8e6e095c0e9fb3f22ffc96d776e/element'
16:38:58.423 [AsyncHttpClient-1-5] DEBUG o.a.netty.handler.HttpHandler - 

Request DefaultHttpRequest(decodeResult: success, version: HTTP/1.1)
POST /session/434af8e6e095c0e9fb3f22ffc96d776e/element HTTP/1.1
User-Agent: selenium/4.1.2 (java windows)
Content-Length: 75
Content-Type: application/json; charset=utf-8
host: localhost:53337
accept: */*

Response DefaultHttpResponse(decodeResult: success, version: HTTP/1.1)
HTTP/1.1 200 OK
Content-Type: application/json; charset=utf-8
cache-control: no-cache
content-length: 88

16:38:58.423 [AsyncHttpClient-1-5] DEBUG o.a.netty.channel.ChannelManager - Adding key: http://localhost:53337 for channel [id: 0x58932355, L:/127.0.0.1:52876 - R:localhost/127.0.0.1:53337]
16:38:58.427 [Forwarding isElementDisplayed on session 434af8e6e095c0e9fb3f22ffc96d776e to remote] DEBUG o.a.netty.request.NettyRequestSender - Using pooled Channel '[id: 0x58932355, L:/127.0.0.1:52876 - R:localhost/127.0.0.1:53337]' for 'POST' to 'http://localhost:53337/session/434af8e6e095c0e9fb3f22ffc96d776e/execute/sync'
16:38:58.428 [Forwarding isElementDisplayed on session 434af8e6e095c0e9fb3f22ffc96d776e to remote] DEBUG o.a.netty.request.NettyRequestSender - Using open Channel [id: 0x58932355, L:/127.0.0.1:52876 - R:localhost/127.0.0.1:53337] for POST '/session/434af8e6e095c0e9fb3f22ffc96d776e/execute/sync'
16:38:58.447 [AsyncHttpClient-1-5] DEBUG o.a.netty.handler.HttpHandler - 

Request DefaultHttpRequest(decodeResult: success, version: HTTP/1.1)
POST /session/434af8e6e095c0e9fb3f22ffc96d776e/execute/sync HTTP/1.1
User-Agent: selenium/4.1.2 (java windows)
Content-Length: 48780
Content-Type: application/json; charset=utf-8
host: localhost:53337
accept: */*

Response DefaultHttpResponse(decodeResult: success, version: HTTP/1.1)
HTTP/1.1 200 OK
Content-Type: application/json; charset=utf-8
cache-control: no-cache
content-length: 15

16:38:58.447 [AsyncHttpClient-1-5] DEBUG o.a.netty.channel.ChannelManager - Adding key: http://localhost:53337 for channel [id: 0x58932355, L:/127.0.0.1:52876 - R:localhost/127.0.0.1:53337]
16:38:58.962 [Forwarding findElement on session 434af8e6e095c0e9fb3f22ffc96d776e to remote] DEBUG o.a.netty.request.NettyRequestSender - Using pooled Channel '[id: 0x58932355, L:/127.0.0.1:52876 - R:localhost/127.0.0.1:53337]' for 'POST' to 'http://localhost:53337/session/434af8e6e095c0e9fb3f22ffc96d776e/element'
16:38:58.963 [Forwarding findElement on session 434af8e6e095c0e9fb3f22ffc96d776e to remote] DEBUG o.a.netty.request.NettyRequestSender - Using open Channel [id: 0x58932355, L:/127.0.0.1:52876 - R:localhost/127.0.0.1:53337] for POST '/session/434af8e6e095c0e9fb3f22ffc96d776e/element'
16:38:58.970 [AsyncHttpClient-1-5] DEBUG o.a.netty.handler.HttpHandler - 

Request DefaultHttpRequest(decodeResult: success, version: HTTP/1.1)
POST /session/434af8e6e095c0e9fb3f22ffc96d776e/element HTTP/1.1
User-Agent: selenium/4.1.2 (java windows)
Content-Length: 75
Content-Type: application/json; charset=utf-8
host: localhost:53337
accept: */*

Response DefaultHttpResponse(decodeResult: success, version: HTTP/1.1)
HTTP/1.1 200 OK
Content-Type: application/json; charset=utf-8
cache-control: no-cache
content-length: 88

16:38:58.971 [AsyncHttpClient-1-5] DEBUG o.a.netty.channel.ChannelManager - Adding key: http://localhost:53337 for channel [id: 0x58932355, L:/127.0.0.1:52876 - R:localhost/127.0.0.1:53337]
16:38:58.975 [Forwarding isElementDisplayed on session 434af8e6e095c0e9fb3f22ffc96d776e to remote] DEBUG o.a.netty.request.NettyRequestSender - Using pooled Channel '[id: 0x58932355, L:/127.0.0.1:52876 - R:localhost/127.0.0.1:53337]' for 'POST' to 'http://localhost:53337/session/434af8e6e095c0e9fb3f22ffc96d776e/execute/sync'
16:38:58.975 [Forwarding isElementDisplayed on session 434af8e6e095c0e9fb3f22ffc96d776e to remote] DEBUG o.a.netty.request.NettyRequestSender - Using open Channel [id: 0x58932355, L:/127.0.0.1:52876 - R:localhost/127.0.0.1:53337] for POST '/session/434af8e6e095c0e9fb3f22ffc96d776e/execute/sync'
16:38:58.985 [AsyncHttpClient-1-5] DEBUG o.a.netty.handler.HttpHandler - 

Request DefaultHttpRequest(decodeResult: success, version: HTTP/1.1)
POST /session/434af8e6e095c0e9fb3f22ffc96d776e/execute/sync HTTP/1.1
User-Agent: selenium/4.1.2 (java windows)
Content-Length: 48780
Content-Type: application/json; charset=utf-8
host: localhost:53337
accept: */*

Response DefaultHttpResponse(decodeResult: success, version: HTTP/1.1)
HTTP/1.1 200 OK
Content-Type: application/json; charset=utf-8
cache-control: no-cache
content-length: 14

16:38:58.985 [AsyncHttpClient-1-5] DEBUG o.a.netty.channel.ChannelManager - Adding key: http://localhost:53337 for channel [id: 0x58932355, L:/127.0.0.1:52876 - R:localhost/127.0.0.1:53337]
16:38:58.986 [Forwarding getElementText on session 434af8e6e095c0e9fb3f22ffc96d776e to remote] DEBUG o.a.netty.request.NettyRequestSender - Using pooled Channel '[id: 0x58932355, L:/127.0.0.1:52876 - R:localhost/127.0.0.1:53337]' for 'GET' to 'http://localhost:53337/session/434af8e6e095c0e9fb3f22ffc96d776e/element/7b4d8784-6b24-4f90-b2f8-7daa3c29611e/text'
16:38:58.986 [Forwarding getElementText on session 434af8e6e095c0e9fb3f22ffc96d776e to remote] DEBUG o.a.netty.request.NettyRequestSender - Using open Channel [id: 0x58932355, L:/127.0.0.1:52876 - R:localhost/127.0.0.1:53337] for GET '/session/434af8e6e095c0e9fb3f22ffc96d776e/element/7b4d8784-6b24-4f90-b2f8-7daa3c29611e/text'
16:38:59.000 [AsyncHttpClient-1-5] DEBUG o.a.netty.handler.HttpHandler - 

Request DefaultFullHttpRequest(decodeResult: success, version: HTTP/1.1, content: EmptyByteBufBE)
GET /session/434af8e6e095c0e9fb3f22ffc96d776e/element/7b4d8784-6b24-4f90-b2f8-7daa3c29611e/text HTTP/1.1
User-Agent: selenium/4.1.2 (java windows)
Cache-Control: no-cache
Content-Type: application/json; charset=utf-8
host: localhost:53337
accept: */*

Response DefaultHttpResponse(decodeResult: success, version: HTTP/1.1)
HTTP/1.1 200 OK
Content-Type: application/json; charset=utf-8
cache-control: no-cache
content-length: 59

16:38:59.000 [AsyncHttpClient-1-5] DEBUG o.a.netty.channel.ChannelManager - Adding key: http://localhost:53337 for channel [id: 0x58932355, L:/127.0.0.1:52876 - R:localhost/127.0.0.1:53337]
16:38:59.057 [AsyncHttpClient-1-1] DEBUG o.a.netty.channel.DefaultChannelPool - Entry count for : http://localhost:53337 : 1
16:38:59.057 [AsyncHttpClient-1-1] DEBUG o.a.netty.channel.DefaultChannelPool - Entry count for : http://localhost:52877 : 1
16:39:00.160 [AsyncHttpClient-1-1] DEBUG o.a.netty.channel.DefaultChannelPool - Entry count for : http://localhost:53337 : 1
16:39:00.160 [AsyncHttpClient-1-1] DEBUG o.a.netty.channel.DefaultChannelPool - Entry count for : http://localhost:52877 : 1
16:39:01.257 [AsyncHttpClient-1-1] DEBUG o.a.netty.channel.DefaultChannelPool - Entry count for : http://localhost:53337 : 1
16:39:01.257 [AsyncHttpClient-1-1] DEBUG o.a.netty.channel.DefaultChannelPool - Entry count for : http://localhost:52877 : 1
16:39:02.351 [AsyncHttpClient-1-1] DEBUG o.a.netty.channel.DefaultChannelPool - Entry count for : http://localhost:53337 : 1
16:39:02.351 [AsyncHttpClient-1-1] DEBUG o.a.netty.channel.DefaultChannelPool - Entry count for : http://localhost:52877 : 1
16:39:03.012 [Forwarding findElement on session 434af8e6e095c0e9fb3f22ffc96d776e to remote] DEBUG o.a.netty.request.NettyRequestSender - Using pooled Channel '[id: 0x58932355, L:/127.0.0.1:52876 - R:localhost/127.0.0.1:53337]' for 'POST' to 'http://localhost:53337/session/434af8e6e095c0e9fb3f22ffc96d776e/element'
16:39:03.012 [Forwarding findElement on session 434af8e6e095c0e9fb3f22ffc96d776e to remote] DEBUG o.a.netty.request.NettyRequestSender - Using open Channel [id: 0x58932355, L:/127.0.0.1:52876 - R:localhost/127.0.0.1:53337] for POST '/session/434af8e6e095c0e9fb3f22ffc96d776e/element'
16:39:03.019 [AsyncHttpClient-1-5] DEBUG o.a.netty.handler.HttpHandler - 

Request DefaultHttpRequest(decodeResult: success, version: HTTP/1.1)
POST /session/434af8e6e095c0e9fb3f22ffc96d776e/element HTTP/1.1
User-Agent: selenium/4.1.2 (java windows)
Content-Length: 128
Content-Type: application/json; charset=utf-8
host: localhost:53337
accept: */*

Response DefaultHttpResponse(decodeResult: success, version: HTTP/1.1)
HTTP/1.1 200 OK
Content-Type: application/json; charset=utf-8
cache-control: no-cache
content-length: 88

16:39:03.020 [AsyncHttpClient-1-5] DEBUG o.a.netty.channel.ChannelManager - Adding key: http://localhost:53337 for channel [id: 0x58932355, L:/127.0.0.1:52876 - R:localhost/127.0.0.1:53337]
16:39:03.022 [Forwarding sendKeysToElement on session 434af8e6e095c0e9fb3f22ffc96d776e to remote] DEBUG o.a.netty.request.NettyRequestSender - Using pooled Channel '[id: 0x58932355, L:/127.0.0.1:52876 - R:localhost/127.0.0.1:53337]' for 'POST' to 'http://localhost:53337/session/434af8e6e095c0e9fb3f22ffc96d776e/element/85a1d9e8-6804-49fb-aa12-7d78a9c46459/value'
16:39:03.022 [Forwarding sendKeysToElement on session 434af8e6e095c0e9fb3f22ffc96d776e to remote] DEBUG o.a.netty.request.NettyRequestSender - Using open Channel [id: 0x58932355, L:/127.0.0.1:52876 - R:localhost/127.0.0.1:53337] for POST '/session/434af8e6e095c0e9fb3f22ffc96d776e/element/85a1d9e8-6804-49fb-aa12-7d78a9c46459/value'
16:39:03.063 [AsyncHttpClient-1-5] DEBUG o.a.netty.handler.HttpHandler - 

Request DefaultHttpRequest(decodeResult: success, version: HTTP/1.1)
POST /session/434af8e6e095c0e9fb3f22ffc96d776e/element/85a1d9e8-6804-49fb-aa12-7d78a9c46459/value HTTP/1.1
User-Agent: selenium/4.1.2 (java windows)
Content-Length: 271
Content-Type: application/json; charset=utf-8
host: localhost:53337
accept: */*

Response DefaultHttpResponse(decodeResult: success, version: HTTP/1.1)
HTTP/1.1 200 OK
Content-Type: application/json; charset=utf-8
cache-control: no-cache
content-length: 14

16:39:03.064 [AsyncHttpClient-1-5] DEBUG o.a.netty.channel.ChannelManager - Adding key: http://localhost:53337 for channel [id: 0x58932355, L:/127.0.0.1:52876 - R:localhost/127.0.0.1:53337]
16:39:03.066 [Forwarding findElement on session 434af8e6e095c0e9fb3f22ffc96d776e to remote] DEBUG o.a.netty.request.NettyRequestSender - Using pooled Channel '[id: 0x58932355, L:/127.0.0.1:52876 - R:localhost/127.0.0.1:53337]' for 'POST' to 'http://localhost:53337/session/434af8e6e095c0e9fb3f22ffc96d776e/element'
16:39:03.066 [Forwarding findElement on session 434af8e6e095c0e9fb3f22ffc96d776e to remote] DEBUG o.a.netty.request.NettyRequestSender - Using open Channel [id: 0x58932355, L:/127.0.0.1:52876 - R:localhost/127.0.0.1:53337] for POST '/session/434af8e6e095c0e9fb3f22ffc96d776e/element'
16:39:03.073 [AsyncHttpClient-1-5] DEBUG o.a.netty.handler.HttpHandler - 

Request DefaultHttpRequest(decodeResult: success, version: HTTP/1.1)
POST /session/434af8e6e095c0e9fb3f22ffc96d776e/element HTTP/1.1
User-Agent: selenium/4.1.2 (java windows)
Content-Length: 132
Content-Type: application/json; charset=utf-8
host: localhost:53337
accept: */*

Response DefaultHttpResponse(decodeResult: success, version: HTTP/1.1)
HTTP/1.1 200 OK
Content-Type: application/json; charset=utf-8
cache-control: no-cache
content-length: 88

16:39:03.073 [AsyncHttpClient-1-5] DEBUG o.a.netty.channel.ChannelManager - Adding key: http://localhost:53337 for channel [id: 0x58932355, L:/127.0.0.1:52876 - R:localhost/127.0.0.1:53337]
16:39:03.075 [Forwarding sendKeysToElement on session 434af8e6e095c0e9fb3f22ffc96d776e to remote] DEBUG o.a.netty.request.NettyRequestSender - Using pooled Channel '[id: 0x58932355, L:/127.0.0.1:52876 - R:localhost/127.0.0.1:53337]' for 'POST' to 'http://localhost:53337/session/434af8e6e095c0e9fb3f22ffc96d776e/element/1783f050-c7b8-4657-8b1b-60ca7162ba20/value'
16:39:03.075 [Forwarding sendKeysToElement on session 434af8e6e095c0e9fb3f22ffc96d776e to remote] DEBUG o.a.netty.request.NettyRequestSender - Using open Channel [id: 0x58932355, L:/127.0.0.1:52876 - R:localhost/127.0.0.1:53337] for POST '/session/434af8e6e095c0e9fb3f22ffc96d776e/element/1783f050-c7b8-4657-8b1b-60ca7162ba20/value'
16:39:03.128 [AsyncHttpClient-1-5] DEBUG o.a.netty.handler.HttpHandler - 

Request DefaultHttpRequest(decodeResult: success, version: HTTP/1.1)
POST /session/434af8e6e095c0e9fb3f22ffc96d776e/element/1783f050-c7b8-4657-8b1b-60ca7162ba20/value HTTP/1.1
User-Agent: selenium/4.1.2 (java windows)
Content-Length: 161
Content-Type: application/json; charset=utf-8
host: localhost:53337
accept: */*

Response DefaultHttpResponse(decodeResult: success, version: HTTP/1.1)
HTTP/1.1 200 OK
Content-Type: application/json; charset=utf-8
cache-control: no-cache
content-length: 14

16:39:03.128 [AsyncHttpClient-1-5] DEBUG o.a.netty.channel.ChannelManager - Adding key: http://localhost:53337 for channel [id: 0x58932355, L:/127.0.0.1:52876 - R:localhost/127.0.0.1:53337]
16:39:03.130 [Forwarding findElement on session 434af8e6e095c0e9fb3f22ffc96d776e to remote] DEBUG o.a.netty.request.NettyRequestSender - Using pooled Channel '[id: 0x58932355, L:/127.0.0.1:52876 - R:localhost/127.0.0.1:53337]' for 'POST' to 'http://localhost:53337/session/434af8e6e095c0e9fb3f22ffc96d776e/element'
16:39:03.130 [Forwarding findElement on session 434af8e6e095c0e9fb3f22ffc96d776e to remote] DEBUG o.a.netty.request.NettyRequestSender - Using open Channel [id: 0x58932355, L:/127.0.0.1:52876 - R:localhost/127.0.0.1:53337] for POST '/session/434af8e6e095c0e9fb3f22ffc96d776e/element'
16:39:03.136 [AsyncHttpClient-1-5] DEBUG o.a.netty.handler.HttpHandler - 

Request DefaultHttpRequest(decodeResult: success, version: HTTP/1.1)
POST /session/434af8e6e095c0e9fb3f22ffc96d776e/element HTTP/1.1
User-Agent: selenium/4.1.2 (java windows)
Content-Length: 125
Content-Type: application/json; charset=utf-8
host: localhost:53337
accept: */*

Response DefaultHttpResponse(decodeResult: success, version: HTTP/1.1)
HTTP/1.1 200 OK
Content-Type: application/json; charset=utf-8
cache-control: no-cache
content-length: 88

16:39:03.136 [AsyncHttpClient-1-5] DEBUG o.a.netty.channel.ChannelManager - Adding key: http://localhost:53337 for channel [id: 0x58932355, L:/127.0.0.1:52876 - R:localhost/127.0.0.1:53337]
16:39:03.138 [Forwarding clickElement on session 434af8e6e095c0e9fb3f22ffc96d776e to remote] DEBUG o.a.netty.request.NettyRequestSender - Using pooled Channel '[id: 0x58932355, L:/127.0.0.1:52876 - R:localhost/127.0.0.1:53337]' for 'POST' to 'http://localhost:53337/session/434af8e6e095c0e9fb3f22ffc96d776e/element/087058a4-afe9-4ab2-8d97-16e3f5b4842e/click'
16:39:03.139 [Forwarding clickElement on session 434af8e6e095c0e9fb3f22ffc96d776e to remote] DEBUG o.a.netty.request.NettyRequestSender - Using open Channel [id: 0x58932355, L:/127.0.0.1:52876 - R:localhost/127.0.0.1:53337] for POST '/session/434af8e6e095c0e9fb3f22ffc96d776e/element/087058a4-afe9-4ab2-8d97-16e3f5b4842e/click'
16:39:03.226 [AsyncHttpClient-1-5] DEBUG o.a.netty.handler.HttpHandler - 

Request DefaultHttpRequest(decodeResult: success, version: HTTP/1.1)
POST /session/434af8e6e095c0e9fb3f22ffc96d776e/element/087058a4-afe9-4ab2-8d97-16e3f5b4842e/click HTTP/1.1
User-Agent: selenium/4.1.2 (java windows)
Content-Length: 50
Content-Type: application/json; charset=utf-8
host: localhost:53337
accept: */*

Response DefaultHttpResponse(decodeResult: success, version: HTTP/1.1)
HTTP/1.1 200 OK
Content-Type: application/json; charset=utf-8
cache-control: no-cache
content-length: 14

16:39:03.227 [AsyncHttpClient-1-5] DEBUG o.a.netty.channel.ChannelManager - Adding key: http://localhost:53337 for channel [id: 0x58932355, L:/127.0.0.1:52876 - R:localhost/127.0.0.1:53337]
16:39:03.228 [Forwarding findElement on session 434af8e6e095c0e9fb3f22ffc96d776e to remote] DEBUG o.a.netty.request.NettyRequestSender - Using pooled Channel '[id: 0x58932355, L:/127.0.0.1:52876 - R:localhost/127.0.0.1:53337]' for 'POST' to 'http://localhost:53337/session/434af8e6e095c0e9fb3f22ffc96d776e/element'
16:39:03.228 [Forwarding findElement on session 434af8e6e095c0e9fb3f22ffc96d776e to remote] DEBUG o.a.netty.request.NettyRequestSender - Using open Channel [id: 0x58932355, L:/127.0.0.1:52876 - R:localhost/127.0.0.1:53337] for POST '/session/434af8e6e095c0e9fb3f22ffc96d776e/element'
16:39:03.238 [AsyncHttpClient-1-5] DEBUG o.a.netty.handler.HttpHandler - 

Request DefaultHttpRequest(decodeResult: success, version: HTTP/1.1)
POST /session/434af8e6e095c0e9fb3f22ffc96d776e/element HTTP/1.1
User-Agent: selenium/4.1.2 (java windows)
Content-Length: 75
Content-Type: application/json; charset=utf-8
host: localhost:53337
accept: */*

Response DefaultHttpResponse(decodeResult: success, version: HTTP/1.1)
HTTP/1.1 200 OK
Content-Type: application/json; charset=utf-8
cache-control: no-cache
content-length: 88

16:39:03.238 [AsyncHttpClient-1-5] DEBUG o.a.netty.channel.ChannelManager - Adding key: http://localhost:53337 for channel [id: 0x58932355, L:/127.0.0.1:52876 - R:localhost/127.0.0.1:53337]
16:39:03.242 [Forwarding isElementDisplayed on session 434af8e6e095c0e9fb3f22ffc96d776e to remote] DEBUG o.a.netty.request.NettyRequestSender - Using pooled Channel '[id: 0x58932355, L:/127.0.0.1:52876 - R:localhost/127.0.0.1:53337]' for 'POST' to 'http://localhost:53337/session/434af8e6e095c0e9fb3f22ffc96d776e/execute/sync'
16:39:03.242 [Forwarding isElementDisplayed on session 434af8e6e095c0e9fb3f22ffc96d776e to remote] DEBUG o.a.netty.request.NettyRequestSender - Using open Channel [id: 0x58932355, L:/127.0.0.1:52876 - R:localhost/127.0.0.1:53337] for POST '/session/434af8e6e095c0e9fb3f22ffc96d776e/execute/sync'
16:39:03.254 [AsyncHttpClient-1-5] DEBUG o.a.netty.handler.HttpHandler - 

Request DefaultHttpRequest(decodeResult: success, version: HTTP/1.1)
POST /session/434af8e6e095c0e9fb3f22ffc96d776e/execute/sync HTTP/1.1
User-Agent: selenium/4.1.2 (java windows)
Content-Length: 48780
Content-Type: application/json; charset=utf-8
host: localhost:53337
accept: */*

Response DefaultHttpResponse(decodeResult: success, version: HTTP/1.1)
HTTP/1.1 200 OK
Content-Type: application/json; charset=utf-8
cache-control: no-cache
content-length: 15

16:39:03.255 [AsyncHttpClient-1-5] DEBUG o.a.netty.channel.ChannelManager - Adding key: http://localhost:53337 for channel [id: 0x58932355, L:/127.0.0.1:52876 - R:localhost/127.0.0.1:53337]
16:39:03.456 [AsyncHttpClient-1-1] DEBUG o.a.netty.channel.DefaultChannelPool - Entry count for : http://localhost:53337 : 1
16:39:03.456 [AsyncHttpClient-1-1] DEBUG o.a.netty.channel.DefaultChannelPool - Entry count for : http://localhost:52877 : 1
16:39:03.761 [Forwarding findElement on session 434af8e6e095c0e9fb3f22ffc96d776e to remote] DEBUG o.a.netty.request.NettyRequestSender - Using pooled Channel '[id: 0x58932355, L:/127.0.0.1:52876 - R:localhost/127.0.0.1:53337]' for 'POST' to 'http://localhost:53337/session/434af8e6e095c0e9fb3f22ffc96d776e/element'
16:39:03.761 [Forwarding findElement on session 434af8e6e095c0e9fb3f22ffc96d776e to remote] DEBUG o.a.netty.request.NettyRequestSender - Using open Channel [id: 0x58932355, L:/127.0.0.1:52876 - R:localhost/127.0.0.1:53337] for POST '/session/434af8e6e095c0e9fb3f22ffc96d776e/element'
16:39:03.769 [AsyncHttpClient-1-5] DEBUG o.a.netty.handler.HttpHandler - 

Request DefaultHttpRequest(decodeResult: success, version: HTTP/1.1)
POST /session/434af8e6e095c0e9fb3f22ffc96d776e/element HTTP/1.1
User-Agent: selenium/4.1.2 (java windows)
Content-Length: 75
Content-Type: application/json; charset=utf-8
host: localhost:53337
accept: */*

Response DefaultHttpResponse(decodeResult: success, version: HTTP/1.1)
HTTP/1.1 200 OK
Content-Type: application/json; charset=utf-8
cache-control: no-cache
content-length: 88

16:39:03.769 [AsyncHttpClient-1-5] DEBUG o.a.netty.channel.ChannelManager - Adding key: http://localhost:53337 for channel [id: 0x58932355, L:/127.0.0.1:52876 - R:localhost/127.0.0.1:53337]
16:39:03.773 [Forwarding isElementDisplayed on session 434af8e6e095c0e9fb3f22ffc96d776e to remote] DEBUG o.a.netty.request.NettyRequestSender - Using pooled Channel '[id: 0x58932355, L:/127.0.0.1:52876 - R:localhost/127.0.0.1:53337]' for 'POST' to 'http://localhost:53337/session/434af8e6e095c0e9fb3f22ffc96d776e/execute/sync'
16:39:03.773 [Forwarding isElementDisplayed on session 434af8e6e095c0e9fb3f22ffc96d776e to remote] DEBUG o.a.netty.request.NettyRequestSender - Using open Channel [id: 0x58932355, L:/127.0.0.1:52876 - R:localhost/127.0.0.1:53337] for POST '/session/434af8e6e095c0e9fb3f22ffc96d776e/execute/sync'
16:39:03.788 [AsyncHttpClient-1-5] DEBUG o.a.netty.handler.HttpHandler - 

Request DefaultHttpRequest(decodeResult: success, version: HTTP/1.1)
POST /session/434af8e6e095c0e9fb3f22ffc96d776e/execute/sync HTTP/1.1
User-Agent: selenium/4.1.2 (java windows)
Content-Length: 48780
Content-Type: application/json; charset=utf-8
host: localhost:53337
accept: */*

Response DefaultHttpResponse(decodeResult: success, version: HTTP/1.1)
HTTP/1.1 200 OK
Content-Type: application/json; charset=utf-8
cache-control: no-cache
content-length: 14

16:39:03.789 [AsyncHttpClient-1-5] DEBUG o.a.netty.channel.ChannelManager - Adding key: http://localhost:53337 for channel [id: 0x58932355, L:/127.0.0.1:52876 - R:localhost/127.0.0.1:53337]
16:39:03.790 [Forwarding getElementText on session 434af8e6e095c0e9fb3f22ffc96d776e to remote] DEBUG o.a.netty.request.NettyRequestSender - Using pooled Channel '[id: 0x58932355, L:/127.0.0.1:52876 - R:localhost/127.0.0.1:53337]' for 'GET' to 'http://localhost:53337/session/434af8e6e095c0e9fb3f22ffc96d776e/element/54426f9e-ea87-4fab-a7b3-39d757ae16a9/text'
16:39:03.791 [Forwarding getElementText on session 434af8e6e095c0e9fb3f22ffc96d776e to remote] DEBUG o.a.netty.request.NettyRequestSender - Using open Channel [id: 0x58932355, L:/127.0.0.1:52876 - R:localhost/127.0.0.1:53337] for GET '/session/434af8e6e095c0e9fb3f22ffc96d776e/element/54426f9e-ea87-4fab-a7b3-39d757ae16a9/text'
16:39:03.809 [AsyncHttpClient-1-5] DEBUG o.a.netty.handler.HttpHandler - 

Request DefaultFullHttpRequest(decodeResult: success, version: HTTP/1.1, content: EmptyByteBufBE)
GET /session/434af8e6e095c0e9fb3f22ffc96d776e/element/54426f9e-ea87-4fab-a7b3-39d757ae16a9/text HTTP/1.1
User-Agent: selenium/4.1.2 (java windows)
Cache-Control: no-cache
Content-Type: application/json; charset=utf-8
host: localhost:53337
accept: */*

Response DefaultHttpResponse(decodeResult: success, version: HTTP/1.1)
HTTP/1.1 200 OK
Content-Type: application/json; charset=utf-8
cache-control: no-cache
content-length: 59

16:39:03.810 [AsyncHttpClient-1-5] DEBUG o.a.netty.channel.ChannelManager - Adding key: http://localhost:53337 for channel [id: 0x58932355, L:/127.0.0.1:52876 - R:localhost/127.0.0.1:53337]
16:39:04.549 [AsyncHttpClient-1-1] DEBUG o.a.netty.channel.DefaultChannelPool - Entry count for : http://localhost:53337 : 1
16:39:04.549 [AsyncHttpClient-1-1] DEBUG o.a.netty.channel.DefaultChannelPool - Entry count for : http://localhost:52877 : 1
16:39:05.662 [AsyncHttpClient-1-1] DEBUG o.a.netty.channel.DefaultChannelPool - Entry count for : http://localhost:53337 : 1
16:39:05.662 [AsyncHttpClient-1-1] DEBUG o.a.netty.channel.DefaultChannelPool - Entry count for : http://localhost:52877 : 1
16:39:06.752 [AsyncHttpClient-1-1] DEBUG o.a.netty.channel.DefaultChannelPool - Entry count for : http://localhost:53337 : 1
16:39:06.752 [AsyncHttpClient-1-1] DEBUG o.a.netty.channel.DefaultChannelPool - Entry count for : http://localhost:52877 : 1
16:39:07.825 [Forwarding findElement on session 434af8e6e095c0e9fb3f22ffc96d776e to remote] DEBUG o.a.netty.request.NettyRequestSender - Using pooled Channel '[id: 0x58932355, L:/127.0.0.1:52876 - R:localhost/127.0.0.1:53337]' for 'POST' to 'http://localhost:53337/session/434af8e6e095c0e9fb3f22ffc96d776e/element'
16:39:07.825 [Forwarding findElement on session 434af8e6e095c0e9fb3f22ffc96d776e to remote] DEBUG o.a.netty.request.NettyRequestSender - Using open Channel [id: 0x58932355, L:/127.0.0.1:52876 - R:localhost/127.0.0.1:53337] for POST '/session/434af8e6e095c0e9fb3f22ffc96d776e/element'
16:39:07.838 [AsyncHttpClient-1-5] DEBUG o.a.netty.handler.HttpHandler - 

Request DefaultHttpRequest(decodeResult: success, version: HTTP/1.1)
POST /session/434af8e6e095c0e9fb3f22ffc96d776e/element HTTP/1.1
User-Agent: selenium/4.1.2 (java windows)
Content-Length: 128
Content-Type: application/json; charset=utf-8
host: localhost:53337
accept: */*

Response DefaultHttpResponse(decodeResult: success, version: HTTP/1.1)
HTTP/1.1 200 OK
Content-Type: application/json; charset=utf-8
cache-control: no-cache
content-length: 88

16:39:07.839 [AsyncHttpClient-1-5] DEBUG o.a.netty.channel.ChannelManager - Adding key: http://localhost:53337 for channel [id: 0x58932355, L:/127.0.0.1:52876 - R:localhost/127.0.0.1:53337]
16:39:07.841 [Forwarding sendKeysToElement on session 434af8e6e095c0e9fb3f22ffc96d776e to remote] DEBUG o.a.netty.request.NettyRequestSender - Using pooled Channel '[id: 0x58932355, L:/127.0.0.1:52876 - R:localhost/127.0.0.1:53337]' for 'POST' to 'http://localhost:53337/session/434af8e6e095c0e9fb3f22ffc96d776e/element/68e90678-22c9-46de-8df3-d540c2a7a3f2/value'
16:39:07.841 [Forwarding sendKeysToElement on session 434af8e6e095c0e9fb3f22ffc96d776e to remote] DEBUG o.a.netty.request.NettyRequestSender - Using open Channel [id: 0x58932355, L:/127.0.0.1:52876 - R:localhost/127.0.0.1:53337] for POST '/session/434af8e6e095c0e9fb3f22ffc96d776e/element/68e90678-22c9-46de-8df3-d540c2a7a3f2/value'
16:39:07.856 [AsyncHttpClient-1-1] DEBUG o.a.netty.channel.DefaultChannelPool - Entry count for : http://localhost:52877 : 1
16:39:07.867 [AsyncHttpClient-1-5] DEBUG o.a.netty.handler.HttpHandler - 

Request DefaultHttpRequest(decodeResult: success, version: HTTP/1.1)
POST /session/434af8e6e095c0e9fb3f22ffc96d776e/element/68e90678-22c9-46de-8df3-d540c2a7a3f2/value HTTP/1.1
User-Agent: selenium/4.1.2 (java windows)
Content-Length: 82
Content-Type: application/json; charset=utf-8
host: localhost:53337
accept: */*

Response DefaultHttpResponse(decodeResult: success, version: HTTP/1.1)
HTTP/1.1 200 OK
Content-Type: application/json; charset=utf-8
cache-control: no-cache
content-length: 14

16:39:07.867 [AsyncHttpClient-1-5] DEBUG o.a.netty.channel.ChannelManager - Adding key: http://localhost:53337 for channel [id: 0x58932355, L:/127.0.0.1:52876 - R:localhost/127.0.0.1:53337]
16:39:07.868 [Forwarding findElement on session 434af8e6e095c0e9fb3f22ffc96d776e to remote] DEBUG o.a.netty.request.NettyRequestSender - Using pooled Channel '[id: 0x58932355, L:/127.0.0.1:52876 - R:localhost/127.0.0.1:53337]' for 'POST' to 'http://localhost:53337/session/434af8e6e095c0e9fb3f22ffc96d776e/element'
16:39:07.868 [Forwarding findElement on session 434af8e6e095c0e9fb3f22ffc96d776e to remote] DEBUG o.a.netty.request.NettyRequestSender - Using open Channel [id: 0x58932355, L:/127.0.0.1:52876 - R:localhost/127.0.0.1:53337] for POST '/session/434af8e6e095c0e9fb3f22ffc96d776e/element'
16:39:07.880 [AsyncHttpClient-1-5] DEBUG o.a.netty.handler.HttpHandler - 

Request DefaultHttpRequest(decodeResult: success, version: HTTP/1.1)
POST /session/434af8e6e095c0e9fb3f22ffc96d776e/element HTTP/1.1
User-Agent: selenium/4.1.2 (java windows)
Content-Length: 132
Content-Type: application/json; charset=utf-8
host: localhost:53337
accept: */*

Response DefaultHttpResponse(decodeResult: success, version: HTTP/1.1)
HTTP/1.1 200 OK
Content-Type: application/json; charset=utf-8
cache-control: no-cache
content-length: 88

16:39:07.880 [AsyncHttpClient-1-5] DEBUG o.a.netty.channel.ChannelManager - Adding key: http://localhost:53337 for channel [id: 0x58932355, L:/127.0.0.1:52876 - R:localhost/127.0.0.1:53337]
16:39:07.882 [Forwarding sendKeysToElement on session 434af8e6e095c0e9fb3f22ffc96d776e to remote] DEBUG o.a.netty.request.NettyRequestSender - Using pooled Channel '[id: 0x58932355, L:/127.0.0.1:52876 - R:localhost/127.0.0.1:53337]' for 'POST' to 'http://localhost:53337/session/434af8e6e095c0e9fb3f22ffc96d776e/element/9f2a02e1-1e17-485d-b1f2-6ccc054ac31a/value'
16:39:07.882 [Forwarding sendKeysToElement on session 434af8e6e095c0e9fb3f22ffc96d776e to remote] DEBUG o.a.netty.request.NettyRequestSender - Using open Channel [id: 0x58932355, L:/127.0.0.1:52876 - R:localhost/127.0.0.1:53337] for POST '/session/434af8e6e095c0e9fb3f22ffc96d776e/element/9f2a02e1-1e17-485d-b1f2-6ccc054ac31a/value'
16:39:07.923 [AsyncHttpClient-1-5] DEBUG o.a.netty.handler.HttpHandler - 

Request DefaultHttpRequest(decodeResult: success, version: HTTP/1.1)
POST /session/434af8e6e095c0e9fb3f22ffc96d776e/element/9f2a02e1-1e17-485d-b1f2-6ccc054ac31a/value HTTP/1.1
User-Agent: selenium/4.1.2 (java windows)
Content-Length: 82
Content-Type: application/json; charset=utf-8
host: localhost:53337
accept: */*

Response DefaultHttpResponse(decodeResult: success, version: HTTP/1.1)
HTTP/1.1 200 OK
Content-Type: application/json; charset=utf-8
cache-control: no-cache
content-length: 14

16:39:07.924 [AsyncHttpClient-1-5] DEBUG o.a.netty.channel.ChannelManager - Adding key: http://localhost:53337 for channel [id: 0x58932355, L:/127.0.0.1:52876 - R:localhost/127.0.0.1:53337]
16:39:07.926 [Forwarding findElement on session 434af8e6e095c0e9fb3f22ffc96d776e to remote] DEBUG o.a.netty.request.NettyRequestSender - Using pooled Channel '[id: 0x58932355, L:/127.0.0.1:52876 - R:localhost/127.0.0.1:53337]' for 'POST' to 'http://localhost:53337/session/434af8e6e095c0e9fb3f22ffc96d776e/element'
16:39:07.926 [Forwarding findElement on session 434af8e6e095c0e9fb3f22ffc96d776e to remote] DEBUG o.a.netty.request.NettyRequestSender - Using open Channel [id: 0x58932355, L:/127.0.0.1:52876 - R:localhost/127.0.0.1:53337] for POST '/session/434af8e6e095c0e9fb3f22ffc96d776e/element'
16:39:07.939 [AsyncHttpClient-1-5] DEBUG o.a.netty.handler.HttpHandler - 

Request DefaultHttpRequest(decodeResult: success, version: HTTP/1.1)
POST /session/434af8e6e095c0e9fb3f22ffc96d776e/element HTTP/1.1
User-Agent: selenium/4.1.2 (java windows)
Content-Length: 125
Content-Type: application/json; charset=utf-8
host: localhost:53337
accept: */*

Response DefaultHttpResponse(decodeResult: success, version: HTTP/1.1)
HTTP/1.1 200 OK
Content-Type: application/json; charset=utf-8
cache-control: no-cache
content-length: 88

16:39:07.940 [AsyncHttpClient-1-5] DEBUG o.a.netty.channel.ChannelManager - Adding key: http://localhost:53337 for channel [id: 0x58932355, L:/127.0.0.1:52876 - R:localhost/127.0.0.1:53337]
16:39:07.941 [Forwarding clickElement on session 434af8e6e095c0e9fb3f22ffc96d776e to remote] DEBUG o.a.netty.request.NettyRequestSender - Using pooled Channel '[id: 0x58932355, L:/127.0.0.1:52876 - R:localhost/127.0.0.1:53337]' for 'POST' to 'http://localhost:53337/session/434af8e6e095c0e9fb3f22ffc96d776e/element/0e214c38-4563-4c2f-96bb-1f207d1204f0/click'
16:39:07.941 [Forwarding clickElement on session 434af8e6e095c0e9fb3f22ffc96d776e to remote] DEBUG o.a.netty.request.NettyRequestSender - Using open Channel [id: 0x58932355, L:/127.0.0.1:52876 - R:localhost/127.0.0.1:53337] for POST '/session/434af8e6e095c0e9fb3f22ffc96d776e/element/0e214c38-4563-4c2f-96bb-1f207d1204f0/click'
16:39:08.017 [AsyncHttpClient-1-5] DEBUG o.a.netty.handler.HttpHandler - 

Request DefaultHttpRequest(decodeResult: success, version: HTTP/1.1)
POST /session/434af8e6e095c0e9fb3f22ffc96d776e/element/0e214c38-4563-4c2f-96bb-1f207d1204f0/click HTTP/1.1
User-Agent: selenium/4.1.2 (java windows)
Content-Length: 50
Content-Type: application/json; charset=utf-8
host: localhost:53337
accept: */*

Response DefaultHttpResponse(decodeResult: success, version: HTTP/1.1)
HTTP/1.1 200 OK
Content-Type: application/json; charset=utf-8
cache-control: no-cache
content-length: 14

16:39:08.017 [AsyncHttpClient-1-5] DEBUG o.a.netty.channel.ChannelManager - Adding key: http://localhost:53337 for channel [id: 0x58932355, L:/127.0.0.1:52876 - R:localhost/127.0.0.1:53337]
16:39:08.019 [Forwarding findElement on session 434af8e6e095c0e9fb3f22ffc96d776e to remote] DEBUG o.a.netty.request.NettyRequestSender - Using pooled Channel '[id: 0x58932355, L:/127.0.0.1:52876 - R:localhost/127.0.0.1:53337]' for 'POST' to 'http://localhost:53337/session/434af8e6e095c0e9fb3f22ffc96d776e/element'
16:39:08.020 [Forwarding findElement on session 434af8e6e095c0e9fb3f22ffc96d776e to remote] DEBUG o.a.netty.request.NettyRequestSender - Using open Channel [id: 0x58932355, L:/127.0.0.1:52876 - R:localhost/127.0.0.1:53337] for POST '/session/434af8e6e095c0e9fb3f22ffc96d776e/element'
16:39:08.028 [AsyncHttpClient-1-5] DEBUG o.a.netty.handler.HttpHandler - 

Request DefaultHttpRequest(decodeResult: success, version: HTTP/1.1)
POST /session/434af8e6e095c0e9fb3f22ffc96d776e/element HTTP/1.1
User-Agent: selenium/4.1.2 (java windows)
Content-Length: 75
Content-Type: application/json; charset=utf-8
host: localhost:53337
accept: */*

Response DefaultHttpResponse(decodeResult: success, version: HTTP/1.1)
HTTP/1.1 200 OK
Content-Type: application/json; charset=utf-8
cache-control: no-cache
content-length: 88

16:39:08.028 [AsyncHttpClient-1-5] DEBUG o.a.netty.channel.ChannelManager - Adding key: http://localhost:53337 for channel [id: 0x58932355, L:/127.0.0.1:52876 - R:localhost/127.0.0.1:53337]
16:39:08.032 [Forwarding isElementDisplayed on session 434af8e6e095c0e9fb3f22ffc96d776e to remote] DEBUG o.a.netty.request.NettyRequestSender - Using pooled Channel '[id: 0x58932355, L:/127.0.0.1:52876 - R:localhost/127.0.0.1:53337]' for 'POST' to 'http://localhost:53337/session/434af8e6e095c0e9fb3f22ffc96d776e/execute/sync'
16:39:08.033 [Forwarding isElementDisplayed on session 434af8e6e095c0e9fb3f22ffc96d776e to remote] DEBUG o.a.netty.request.NettyRequestSender - Using open Channel [id: 0x58932355, L:/127.0.0.1:52876 - R:localhost/127.0.0.1:53337] for POST '/session/434af8e6e095c0e9fb3f22ffc96d776e/execute/sync'
16:39:08.044 [AsyncHttpClient-1-5] DEBUG o.a.netty.handler.HttpHandler - 

Request DefaultHttpRequest(decodeResult: success, version: HTTP/1.1)
POST /session/434af8e6e095c0e9fb3f22ffc96d776e/execute/sync HTTP/1.1
User-Agent: selenium/4.1.2 (java windows)
Content-Length: 48780
Content-Type: application/json; charset=utf-8
host: localhost:53337
accept: */*

Response DefaultHttpResponse(decodeResult: success, version: HTTP/1.1)
HTTP/1.1 200 OK
Content-Type: application/json; charset=utf-8
cache-control: no-cache
content-length: 15

16:39:08.045 [AsyncHttpClient-1-5] DEBUG o.a.netty.channel.ChannelManager - Adding key: http://localhost:53337 for channel [id: 0x58932355, L:/127.0.0.1:52876 - R:localhost/127.0.0.1:53337]
16:39:08.550 [Forwarding findElement on session 434af8e6e095c0e9fb3f22ffc96d776e to remote] DEBUG o.a.netty.request.NettyRequestSender - Using pooled Channel '[id: 0x58932355, L:/127.0.0.1:52876 - R:localhost/127.0.0.1:53337]' for 'POST' to 'http://localhost:53337/session/434af8e6e095c0e9fb3f22ffc96d776e/element'
16:39:08.551 [Forwarding findElement on session 434af8e6e095c0e9fb3f22ffc96d776e to remote] DEBUG o.a.netty.request.NettyRequestSender - Using open Channel [id: 0x58932355, L:/127.0.0.1:52876 - R:localhost/127.0.0.1:53337] for POST '/session/434af8e6e095c0e9fb3f22ffc96d776e/element'
16:39:08.558 [AsyncHttpClient-1-5] DEBUG o.a.netty.handler.HttpHandler - 

Request DefaultHttpRequest(decodeResult: success, version: HTTP/1.1)
POST /session/434af8e6e095c0e9fb3f22ffc96d776e/element HTTP/1.1
User-Agent: selenium/4.1.2 (java windows)
Content-Length: 75
Content-Type: application/json; charset=utf-8
host: localhost:53337
accept: */*

Response DefaultHttpResponse(decodeResult: success, version: HTTP/1.1)
HTTP/1.1 200 OK
Content-Type: application/json; charset=utf-8
cache-control: no-cache
content-length: 88

16:39:08.559 [AsyncHttpClient-1-5] DEBUG o.a.netty.channel.ChannelManager - Adding key: http://localhost:53337 for channel [id: 0x58932355, L:/127.0.0.1:52876 - R:localhost/127.0.0.1:53337]
16:39:08.563 [Forwarding isElementDisplayed on session 434af8e6e095c0e9fb3f22ffc96d776e to remote] DEBUG o.a.netty.request.NettyRequestSender - Using pooled Channel '[id: 0x58932355, L:/127.0.0.1:52876 - R:localhost/127.0.0.1:53337]' for 'POST' to 'http://localhost:53337/session/434af8e6e095c0e9fb3f22ffc96d776e/execute/sync'
16:39:08.563 [Forwarding isElementDisplayed on session 434af8e6e095c0e9fb3f22ffc96d776e to remote] DEBUG o.a.netty.request.NettyRequestSender - Using open Channel [id: 0x58932355, L:/127.0.0.1:52876 - R:localhost/127.0.0.1:53337] for POST '/session/434af8e6e095c0e9fb3f22ffc96d776e/execute/sync'
16:39:08.574 [AsyncHttpClient-1-5] DEBUG o.a.netty.handler.HttpHandler - 

Request DefaultHttpRequest(decodeResult: success, version: HTTP/1.1)
POST /session/434af8e6e095c0e9fb3f22ffc96d776e/execute/sync HTTP/1.1
User-Agent: selenium/4.1.2 (java windows)
Content-Length: 48780
Content-Type: application/json; charset=utf-8
host: localhost:53337
accept: */*

Response DefaultHttpResponse(decodeResult: success, version: HTTP/1.1)
HTTP/1.1 200 OK
Content-Type: application/json; charset=utf-8
cache-control: no-cache
content-length: 14

16:39:08.574 [AsyncHttpClient-1-5] DEBUG o.a.netty.channel.ChannelManager - Adding key: http://localhost:53337 for channel [id: 0x58932355, L:/127.0.0.1:52876 - R:localhost/127.0.0.1:53337]
16:39:08.575 [Forwarding getElementText on session 434af8e6e095c0e9fb3f22ffc96d776e to remote] DEBUG o.a.netty.request.NettyRequestSender - Using pooled Channel '[id: 0x58932355, L:/127.0.0.1:52876 - R:localhost/127.0.0.1:53337]' for 'GET' to 'http://localhost:53337/session/434af8e6e095c0e9fb3f22ffc96d776e/element/d0ef296e-bdce-4f93-81b0-db44a117f1fe/text'
16:39:08.575 [Forwarding getElementText on session 434af8e6e095c0e9fb3f22ffc96d776e to remote] DEBUG o.a.netty.request.NettyRequestSender - Using open Channel [id: 0x58932355, L:/127.0.0.1:52876 - R:localhost/127.0.0.1:53337] for GET '/session/434af8e6e095c0e9fb3f22ffc96d776e/element/d0ef296e-bdce-4f93-81b0-db44a117f1fe/text'
16:39:08.589 [AsyncHttpClient-1-5] DEBUG o.a.netty.handler.HttpHandler - 

Request DefaultFullHttpRequest(decodeResult: success, version: HTTP/1.1, content: EmptyByteBufBE)
GET /session/434af8e6e095c0e9fb3f22ffc96d776e/element/d0ef296e-bdce-4f93-81b0-db44a117f1fe/text HTTP/1.1
User-Agent: selenium/4.1.2 (java windows)
Cache-Control: no-cache
Content-Type: application/json; charset=utf-8
host: localhost:53337
accept: */*

Response DefaultHttpResponse(decodeResult: success, version: HTTP/1.1)
HTTP/1.1 200 OK
Content-Type: application/json; charset=utf-8
cache-control: no-cache
content-length: 59

16:39:08.589 [AsyncHttpClient-1-5] DEBUG o.a.netty.channel.ChannelManager - Adding key: http://localhost:53337 for channel [id: 0x58932355, L:/127.0.0.1:52876 - R:localhost/127.0.0.1:53337]
16:39:08.964 [AsyncHttpClient-1-1] DEBUG o.a.netty.channel.DefaultChannelPool - Entry count for : http://localhost:53337 : 1
16:39:08.964 [AsyncHttpClient-1-1] DEBUG o.a.netty.channel.DefaultChannelPool - Entry count for : http://localhost:52877 : 1
16:39:10.049 [AsyncHttpClient-1-1] DEBUG o.a.netty.channel.DefaultChannelPool - Entry count for : http://localhost:53337 : 1
16:39:10.049 [AsyncHttpClient-1-1] DEBUG o.a.netty.channel.DefaultChannelPool - Entry count for : http://localhost:52877 : 1
16:39:11.160 [AsyncHttpClient-1-1] DEBUG o.a.netty.channel.DefaultChannelPool - Entry count for : http://localhost:53337 : 1
16:39:11.160 [AsyncHttpClient-1-1] DEBUG o.a.netty.channel.DefaultChannelPool - Entry count for : http://localhost:52877 : 1
16:39:12.256 [AsyncHttpClient-1-1] DEBUG o.a.netty.channel.DefaultChannelPool - Entry count for : http://localhost:53337 : 1
16:39:12.256 [AsyncHttpClient-1-1] DEBUG o.a.netty.channel.DefaultChannelPool - Entry count for : http://localhost:52877 : 1
16:39:12.607 [Forwarding findElement on session 434af8e6e095c0e9fb3f22ffc96d776e to remote] DEBUG o.a.netty.request.NettyRequestSender - Using pooled Channel '[id: 0x58932355, L:/127.0.0.1:52876 - R:localhost/127.0.0.1:53337]' for 'POST' to 'http://localhost:53337/session/434af8e6e095c0e9fb3f22ffc96d776e/element'
16:39:12.607 [Forwarding findElement on session 434af8e6e095c0e9fb3f22ffc96d776e to remote] DEBUG o.a.netty.request.NettyRequestSender - Using open Channel [id: 0x58932355, L:/127.0.0.1:52876 - R:localhost/127.0.0.1:53337] for POST '/session/434af8e6e095c0e9fb3f22ffc96d776e/element'
16:39:12.613 [AsyncHttpClient-1-5] DEBUG o.a.netty.handler.HttpHandler - 

Request DefaultHttpRequest(decodeResult: success, version: HTTP/1.1)
POST /session/434af8e6e095c0e9fb3f22ffc96d776e/element HTTP/1.1
User-Agent: selenium/4.1.2 (java windows)
Content-Length: 128
Content-Type: application/json; charset=utf-8
host: localhost:53337
accept: */*

Response DefaultHttpResponse(decodeResult: success, version: HTTP/1.1)
HTTP/1.1 200 OK
Content-Type: application/json; charset=utf-8
cache-control: no-cache
content-length: 88

16:39:12.613 [AsyncHttpClient-1-5] DEBUG o.a.netty.channel.ChannelManager - Adding key: http://localhost:53337 for channel [id: 0x58932355, L:/127.0.0.1:52876 - R:localhost/127.0.0.1:53337]
16:39:12.615 [Forwarding sendKeysToElement on session 434af8e6e095c0e9fb3f22ffc96d776e to remote] DEBUG o.a.netty.request.NettyRequestSender - Using pooled Channel '[id: 0x58932355, L:/127.0.0.1:52876 - R:localhost/127.0.0.1:53337]' for 'POST' to 'http://localhost:53337/session/434af8e6e095c0e9fb3f22ffc96d776e/element/8a685782-9103-4957-ad5d-8c166f473ada/value'
16:39:12.615 [Forwarding sendKeysToElement on session 434af8e6e095c0e9fb3f22ffc96d776e to remote] DEBUG o.a.netty.request.NettyRequestSender - Using open Channel [id: 0x58932355, L:/127.0.0.1:52876 - R:localhost/127.0.0.1:53337] for POST '/session/434af8e6e095c0e9fb3f22ffc96d776e/element/8a685782-9103-4957-ad5d-8c166f473ada/value'
16:39:12.636 [AsyncHttpClient-1-5] DEBUG o.a.netty.handler.HttpHandler - 

Request DefaultHttpRequest(decodeResult: success, version: HTTP/1.1)
POST /session/434af8e6e095c0e9fb3f22ffc96d776e/element/8a685782-9103-4957-ad5d-8c166f473ada/value HTTP/1.1
User-Agent: selenium/4.1.2 (java windows)
Content-Length: 82
Content-Type: application/json; charset=utf-8
host: localhost:53337
accept: */*

Response DefaultHttpResponse(decodeResult: success, version: HTTP/1.1)
HTTP/1.1 200 OK
Content-Type: application/json; charset=utf-8
cache-control: no-cache
content-length: 14

16:39:12.637 [AsyncHttpClient-1-5] DEBUG o.a.netty.channel.ChannelManager - Adding key: http://localhost:53337 for channel [id: 0x58932355, L:/127.0.0.1:52876 - R:localhost/127.0.0.1:53337]
16:39:12.638 [Forwarding findElement on session 434af8e6e095c0e9fb3f22ffc96d776e to remote] DEBUG o.a.netty.request.NettyRequestSender - Using pooled Channel '[id: 0x58932355, L:/127.0.0.1:52876 - R:localhost/127.0.0.1:53337]' for 'POST' to 'http://localhost:53337/session/434af8e6e095c0e9fb3f22ffc96d776e/element'
16:39:12.638 [Forwarding findElement on session 434af8e6e095c0e9fb3f22ffc96d776e to remote] DEBUG o.a.netty.request.NettyRequestSender - Using open Channel [id: 0x58932355, L:/127.0.0.1:52876 - R:localhost/127.0.0.1:53337] for POST '/session/434af8e6e095c0e9fb3f22ffc96d776e/element'
16:39:12.646 [AsyncHttpClient-1-5] DEBUG o.a.netty.handler.HttpHandler - 

Request DefaultHttpRequest(decodeResult: success, version: HTTP/1.1)
POST /session/434af8e6e095c0e9fb3f22ffc96d776e/element HTTP/1.1
User-Agent: selenium/4.1.2 (java windows)
Content-Length: 132
Content-Type: application/json; charset=utf-8
host: localhost:53337
accept: */*

Response DefaultHttpResponse(decodeResult: success, version: HTTP/1.1)
HTTP/1.1 200 OK
Content-Type: application/json; charset=utf-8
cache-control: no-cache
content-length: 88

16:39:12.647 [AsyncHttpClient-1-5] DEBUG o.a.netty.channel.ChannelManager - Adding key: http://localhost:53337 for channel [id: 0x58932355, L:/127.0.0.1:52876 - R:localhost/127.0.0.1:53337]
16:39:12.648 [Forwarding sendKeysToElement on session 434af8e6e095c0e9fb3f22ffc96d776e to remote] DEBUG o.a.netty.request.NettyRequestSender - Using pooled Channel '[id: 0x58932355, L:/127.0.0.1:52876 - R:localhost/127.0.0.1:53337]' for 'POST' to 'http://localhost:53337/session/434af8e6e095c0e9fb3f22ffc96d776e/element/f143a5e1-7c2b-4ec0-9346-e8ee908c9e89/value'
16:39:12.649 [Forwarding sendKeysToElement on session 434af8e6e095c0e9fb3f22ffc96d776e to remote] DEBUG o.a.netty.request.NettyRequestSender - Using open Channel [id: 0x58932355, L:/127.0.0.1:52876 - R:localhost/127.0.0.1:53337] for POST '/session/434af8e6e095c0e9fb3f22ffc96d776e/element/f143a5e1-7c2b-4ec0-9346-e8ee908c9e89/value'
16:39:12.689 [AsyncHttpClient-1-5] DEBUG o.a.netty.handler.HttpHandler - 

Request DefaultHttpRequest(decodeResult: success, version: HTTP/1.1)
POST /session/434af8e6e095c0e9fb3f22ffc96d776e/element/f143a5e1-7c2b-4ec0-9346-e8ee908c9e89/value HTTP/1.1
User-Agent: selenium/4.1.2 (java windows)
Content-Length: 82
Content-Type: application/json; charset=utf-8
host: localhost:53337
accept: */*

Response DefaultHttpResponse(decodeResult: success, version: HTTP/1.1)
HTTP/1.1 200 OK
Content-Type: application/json; charset=utf-8
cache-control: no-cache
content-length: 14

16:39:12.690 [AsyncHttpClient-1-5] DEBUG o.a.netty.channel.ChannelManager - Adding key: http://localhost:53337 for channel [id: 0x58932355, L:/127.0.0.1:52876 - R:localhost/127.0.0.1:53337]
16:39:12.691 [Forwarding findElement on session 434af8e6e095c0e9fb3f22ffc96d776e to remote] DEBUG o.a.netty.request.NettyRequestSender - Using pooled Channel '[id: 0x58932355, L:/127.0.0.1:52876 - R:localhost/127.0.0.1:53337]' for 'POST' to 'http://localhost:53337/session/434af8e6e095c0e9fb3f22ffc96d776e/element'
16:39:12.691 [Forwarding findElement on session 434af8e6e095c0e9fb3f22ffc96d776e to remote] DEBUG o.a.netty.request.NettyRequestSender - Using open Channel [id: 0x58932355, L:/127.0.0.1:52876 - R:localhost/127.0.0.1:53337] for POST '/session/434af8e6e095c0e9fb3f22ffc96d776e/element'
16:39:12.697 [AsyncHttpClient-1-5] DEBUG o.a.netty.handler.HttpHandler - 

Request DefaultHttpRequest(decodeResult: success, version: HTTP/1.1)
POST /session/434af8e6e095c0e9fb3f22ffc96d776e/element HTTP/1.1
User-Agent: selenium/4.1.2 (java windows)
Content-Length: 125
Content-Type: application/json; charset=utf-8
host: localhost:53337
accept: */*

Response DefaultHttpResponse(decodeResult: success, version: HTTP/1.1)
HTTP/1.1 200 OK
Content-Type: application/json; charset=utf-8
cache-control: no-cache
content-length: 88

16:39:12.697 [AsyncHttpClient-1-5] DEBUG o.a.netty.channel.ChannelManager - Adding key: http://localhost:53337 for channel [id: 0x58932355, L:/127.0.0.1:52876 - R:localhost/127.0.0.1:53337]
16:39:12.698 [Forwarding clickElement on session 434af8e6e095c0e9fb3f22ffc96d776e to remote] DEBUG o.a.netty.request.NettyRequestSender - Using pooled Channel '[id: 0x58932355, L:/127.0.0.1:52876 - R:localhost/127.0.0.1:53337]' for 'POST' to 'http://localhost:53337/session/434af8e6e095c0e9fb3f22ffc96d776e/element/8892927f-937a-4d79-b884-c54aaf2a4eba/click'
16:39:12.698 [Forwarding clickElement on session 434af8e6e095c0e9fb3f22ffc96d776e to remote] DEBUG o.a.netty.request.NettyRequestSender - Using open Channel [id: 0x58932355, L:/127.0.0.1:52876 - R:localhost/127.0.0.1:53337] for POST '/session/434af8e6e095c0e9fb3f22ffc96d776e/element/8892927f-937a-4d79-b884-c54aaf2a4eba/click'
16:39:12.774 [AsyncHttpClient-1-5] DEBUG o.a.netty.handler.HttpHandler - 

Request DefaultHttpRequest(decodeResult: success, version: HTTP/1.1)
POST /session/434af8e6e095c0e9fb3f22ffc96d776e/element/8892927f-937a-4d79-b884-c54aaf2a4eba/click HTTP/1.1
User-Agent: selenium/4.1.2 (java windows)
Content-Length: 50
Content-Type: application/json; charset=utf-8
host: localhost:53337
accept: */*

Response DefaultHttpResponse(decodeResult: success, version: HTTP/1.1)
HTTP/1.1 200 OK
Content-Type: application/json; charset=utf-8
cache-control: no-cache
content-length: 14

16:39:12.775 [AsyncHttpClient-1-5] DEBUG o.a.netty.channel.ChannelManager - Adding key: http://localhost:53337 for channel [id: 0x58932355, L:/127.0.0.1:52876 - R:localhost/127.0.0.1:53337]
16:39:12.776 [Forwarding findElement on session 434af8e6e095c0e9fb3f22ffc96d776e to remote] DEBUG o.a.netty.request.NettyRequestSender - Using pooled Channel '[id: 0x58932355, L:/127.0.0.1:52876 - R:localhost/127.0.0.1:53337]' for 'POST' to 'http://localhost:53337/session/434af8e6e095c0e9fb3f22ffc96d776e/element'
16:39:12.777 [Forwarding findElement on session 434af8e6e095c0e9fb3f22ffc96d776e to remote] DEBUG o.a.netty.request.NettyRequestSender - Using open Channel [id: 0x58932355, L:/127.0.0.1:52876 - R:localhost/127.0.0.1:53337] for POST '/session/434af8e6e095c0e9fb3f22ffc96d776e/element'
16:39:12.785 [AsyncHttpClient-1-5] DEBUG o.a.netty.handler.HttpHandler - 

Request DefaultHttpRequest(decodeResult: success, version: HTTP/1.1)
POST /session/434af8e6e095c0e9fb3f22ffc96d776e/element HTTP/1.1
User-Agent: selenium/4.1.2 (java windows)
Content-Length: 75
Content-Type: application/json; charset=utf-8
host: localhost:53337
accept: */*

Response DefaultHttpResponse(decodeResult: success, version: HTTP/1.1)
HTTP/1.1 200 OK
Content-Type: application/json; charset=utf-8
cache-control: no-cache
content-length: 88

16:39:12.785 [AsyncHttpClient-1-5] DEBUG o.a.netty.channel.ChannelManager - Adding key: http://localhost:53337 for channel [id: 0x58932355, L:/127.0.0.1:52876 - R:localhost/127.0.0.1:53337]
16:39:12.789 [Forwarding isElementDisplayed on session 434af8e6e095c0e9fb3f22ffc96d776e to remote] DEBUG o.a.netty.request.NettyRequestSender - Using pooled Channel '[id: 0x58932355, L:/127.0.0.1:52876 - R:localhost/127.0.0.1:53337]' for 'POST' to 'http://localhost:53337/session/434af8e6e095c0e9fb3f22ffc96d776e/execute/sync'
16:39:12.789 [Forwarding isElementDisplayed on session 434af8e6e095c0e9fb3f22ffc96d776e to remote] DEBUG o.a.netty.request.NettyRequestSender - Using open Channel [id: 0x58932355, L:/127.0.0.1:52876 - R:localhost/127.0.0.1:53337] for POST '/session/434af8e6e095c0e9fb3f22ffc96d776e/execute/sync'
16:39:12.801 [AsyncHttpClient-1-5] DEBUG o.a.netty.handler.HttpHandler - 

Request DefaultHttpRequest(decodeResult: success, version: HTTP/1.1)
POST /session/434af8e6e095c0e9fb3f22ffc96d776e/execute/sync HTTP/1.1
User-Agent: selenium/4.1.2 (java windows)
Content-Length: 48780
Content-Type: application/json; charset=utf-8
host: localhost:53337
accept: */*

Response DefaultHttpResponse(decodeResult: success, version: HTTP/1.1)
HTTP/1.1 200 OK
Content-Type: application/json; charset=utf-8
cache-control: no-cache
content-length: 15

16:39:12.801 [AsyncHttpClient-1-5] DEBUG o.a.netty.channel.ChannelManager - Adding key: http://localhost:53337 for channel [id: 0x58932355, L:/127.0.0.1:52876 - R:localhost/127.0.0.1:53337]
16:39:13.309 [Forwarding findElement on session 434af8e6e095c0e9fb3f22ffc96d776e to remote] DEBUG o.a.netty.request.NettyRequestSender - Using pooled Channel '[id: 0x58932355, L:/127.0.0.1:52876 - R:localhost/127.0.0.1:53337]' for 'POST' to 'http://localhost:53337/session/434af8e6e095c0e9fb3f22ffc96d776e/element'
16:39:13.310 [Forwarding findElement on session 434af8e6e095c0e9fb3f22ffc96d776e to remote] DEBUG o.a.netty.request.NettyRequestSender - Using open Channel [id: 0x58932355, L:/127.0.0.1:52876 - R:localhost/127.0.0.1:53337] for POST '/session/434af8e6e095c0e9fb3f22ffc96d776e/element'
16:39:13.317 [AsyncHttpClient-1-5] DEBUG o.a.netty.handler.HttpHandler - 

Request DefaultHttpRequest(decodeResult: success, version: HTTP/1.1)
POST /session/434af8e6e095c0e9fb3f22ffc96d776e/element HTTP/1.1
User-Agent: selenium/4.1.2 (java windows)
Content-Length: 75
Content-Type: application/json; charset=utf-8
host: localhost:53337
accept: */*

Response DefaultHttpResponse(decodeResult: success, version: HTTP/1.1)
HTTP/1.1 200 OK
Content-Type: application/json; charset=utf-8
cache-control: no-cache
content-length: 88

16:39:13.317 [AsyncHttpClient-1-5] DEBUG o.a.netty.channel.ChannelManager - Adding key: http://localhost:53337 for channel [id: 0x58932355, L:/127.0.0.1:52876 - R:localhost/127.0.0.1:53337]
16:39:13.321 [Forwarding isElementDisplayed on session 434af8e6e095c0e9fb3f22ffc96d776e to remote] DEBUG o.a.netty.request.NettyRequestSender - Using pooled Channel '[id: 0x58932355, L:/127.0.0.1:52876 - R:localhost/127.0.0.1:53337]' for 'POST' to 'http://localhost:53337/session/434af8e6e095c0e9fb3f22ffc96d776e/execute/sync'
16:39:13.321 [Forwarding isElementDisplayed on session 434af8e6e095c0e9fb3f22ffc96d776e to remote] DEBUG o.a.netty.request.NettyRequestSender - Using open Channel [id: 0x58932355, L:/127.0.0.1:52876 - R:localhost/127.0.0.1:53337] for POST '/session/434af8e6e095c0e9fb3f22ffc96d776e/execute/sync'
16:39:13.330 [AsyncHttpClient-1-5] DEBUG o.a.netty.handler.HttpHandler - 

Request DefaultHttpRequest(decodeResult: success, version: HTTP/1.1)
POST /session/434af8e6e095c0e9fb3f22ffc96d776e/execute/sync HTTP/1.1
User-Agent: selenium/4.1.2 (java windows)
Content-Length: 48780
Content-Type: application/json; charset=utf-8
host: localhost:53337
accept: */*

Response DefaultHttpResponse(decodeResult: success, version: HTTP/1.1)
HTTP/1.1 200 OK
Content-Type: application/json; charset=utf-8
cache-control: no-cache
content-length: 14

16:39:13.330 [AsyncHttpClient-1-5] DEBUG o.a.netty.channel.ChannelManager - Adding key: http://localhost:53337 for channel [id: 0x58932355, L:/127.0.0.1:52876 - R:localhost/127.0.0.1:53337]
16:39:13.331 [Forwarding getElementText on session 434af8e6e095c0e9fb3f22ffc96d776e to remote] DEBUG o.a.netty.request.NettyRequestSender - Using pooled Channel '[id: 0x58932355, L:/127.0.0.1:52876 - R:localhost/127.0.0.1:53337]' for 'GET' to 'http://localhost:53337/session/434af8e6e095c0e9fb3f22ffc96d776e/element/628d2cc3-be39-467d-8665-4020b238945c/text'
16:39:13.332 [Forwarding getElementText on session 434af8e6e095c0e9fb3f22ffc96d776e to remote] DEBUG o.a.netty.request.NettyRequestSender - Using open Channel [id: 0x58932355, L:/127.0.0.1:52876 - R:localhost/127.0.0.1:53337] for GET '/session/434af8e6e095c0e9fb3f22ffc96d776e/element/628d2cc3-be39-467d-8665-4020b238945c/text'
16:39:13.344 [AsyncHttpClient-1-5] DEBUG o.a.netty.handler.HttpHandler - 

Request DefaultFullHttpRequest(decodeResult: success, version: HTTP/1.1, content: EmptyByteBufBE)
GET /session/434af8e6e095c0e9fb3f22ffc96d776e/element/628d2cc3-be39-467d-8665-4020b238945c/text HTTP/1.1
User-Agent: selenium/4.1.2 (java windows)
Cache-Control: no-cache
Content-Type: application/json; charset=utf-8
host: localhost:53337
accept: */*

Response DefaultHttpResponse(decodeResult: success, version: HTTP/1.1)
HTTP/1.1 200 OK
Content-Type: application/json; charset=utf-8
cache-control: no-cache
content-length: 59

16:39:13.344 [AsyncHttpClient-1-5] DEBUG o.a.netty.channel.ChannelManager - Adding key: http://localhost:53337 for channel [id: 0x58932355, L:/127.0.0.1:52876 - R:localhost/127.0.0.1:53337]
16:39:13.357 [AsyncHttpClient-1-1] DEBUG o.a.netty.channel.DefaultChannelPool - Entry count for : http://localhost:53337 : 1
16:39:13.357 [AsyncHttpClient-1-1] DEBUG o.a.netty.channel.DefaultChannelPool - Entry count for : http://localhost:52877 : 1
16:39:14.451 [AsyncHttpClient-1-1] DEBUG o.a.netty.channel.DefaultChannelPool - Entry count for : http://localhost:53337 : 1
16:39:14.451 [AsyncHttpClient-1-1] DEBUG o.a.netty.channel.DefaultChannelPool - Entry count for : http://localhost:52877 : 1
  &amp#27;[32mWhen &amp#27;[0m&amp#27;[32muser login using invalid credentials form ExcelData with File &amp#27;[0m&amp#27;[32m&amp#27;[1m"InvalidUserCredentials"&amp#27;[0m&amp#27;[32m and SheetName &amp#27;[0m&amp#27;[32m&amp#27;[1m"InvalidUserCredentials"&amp#27;[0m &amp#27;[90m# stepdefinitions.LoginPageSteps.user_login_using_invalid_credentials_form_excel_data_with_file_and_sheet_name(java.lang.String,java.lang.String)&amp#27;[0m
16:39:15.351 [Forwarding getTitle on session 434af8e6e095c0e9fb3f22ffc96d776e to remote] DEBUG o.a.netty.request.NettyRequestSender - Using pooled Channel '[id: 0x58932355, L:/127.0.0.1:52876 - R:localhost/127.0.0.1:53337]' for 'GET' to 'http://localhost:53337/session/434af8e6e095c0e9fb3f22ffc96d776e/title'
16:39:15.352 [Forwarding getTitle on session 434af8e6e095c0e9fb3f22ffc96d776e to remote] DEBUG o.a.netty.request.NettyRequestSender - Using open Channel [id: 0x58932355, L:/127.0.0.1:52876 - R:localhost/127.0.0.1:53337] for GET '/session/434af8e6e095c0e9fb3f22ffc96d776e/title'
16:39:15.356 [AsyncHttpClient-1-5] DEBUG o.a.netty.handler.HttpHandler - 

Request DefaultFullHttpRequest(decodeResult: success, version: HTTP/1.1, content: EmptyByteBufBE)
GET /session/434af8e6e095c0e9fb3f22ffc96d776e/title HTTP/1.1
User-Agent: selenium/4.1.2 (java windows)
Cache-Control: no-cache
Content-Type: application/json; charset=utf-8
host: localhost:53337
accept: */*

Response DefaultHttpResponse(decodeResult: success, version: HTTP/1.1)
HTTP/1.1 200 OK
Content-Type: application/json; charset=utf-8
cache-control: no-cache
content-length: 22

16:39:15.357 [AsyncHttpClient-1-5] DEBUG o.a.netty.channel.ChannelManager - Adding key: http://localhost:53337 for channel [id: 0x58932355, L:/127.0.0.1:52876 - R:localhost/127.0.0.1:53337]
16:39:15.358 [Forwarding getTitle on session 434af8e6e095c0e9fb3f22ffc96d776e to remote] DEBUG o.a.netty.request.NettyRequestSender - Using pooled Channel '[id: 0x58932355, L:/127.0.0.1:52876 - R:localhost/127.0.0.1:53337]' for 'GET' to 'http://localhost:53337/session/434af8e6e095c0e9fb3f22ffc96d776e/title'
16:39:15.358 [Forwarding getTitle on session 434af8e6e095c0e9fb3f22ffc96d776e to remote] DEBUG o.a.netty.request.NettyRequestSender - Using open Channel [id: 0x58932355, L:/127.0.0.1:52876 - R:localhost/127.0.0.1:53337] for GET '/session/434af8e6e095c0e9fb3f22ffc96d776e/title'
16:39:15.360 [AsyncHttpClient-1-5] DEBUG o.a.netty.handler.HttpHandler - 

Request DefaultFullHttpRequest(decodeResult: success, version: HTTP/1.1, content: EmptyByteBufBE)
GET /session/434af8e6e095c0e9fb3f22ffc96d776e/title HTTP/1.1
User-Agent: selenium/4.1.2 (java windows)
Cache-Control: no-cache
Content-Type: application/json; charset=utf-8
host: localhost:53337
accept: */*

Response DefaultHttpResponse(decodeResult: success, version: HTTP/1.1)
HTTP/1.1 200 OK
Content-Type: application/json; charset=utf-8
cache-control: no-cache
content-length: 22

16:39:15.360 [AsyncHttpClient-1-5] DEBUG o.a.netty.channel.ChannelManager - Adding key: http://localhost:53337 for channel [id: 0x58932355, L:/127.0.0.1:52876 - R:localhost/127.0.0.1:53337]
16:39:15.556 [AsyncHttpClient-1-1] DEBUG o.a.netty.channel.DefaultChannelPool - Entry count for : http://localhost:53337 : 1
16:39:15.556 [AsyncHttpClient-1-1] DEBUG o.a.netty.channel.DefaultChannelPool - Entry count for : http://localhost:52877 : 1
16:39:16.651 [AsyncHttpClient-1-1] DEBUG o.a.netty.channel.DefaultChannelPool - Entry count for : http://localhost:53337 : 1
16:39:16.651 [AsyncHttpClient-1-1] DEBUG o.a.netty.channel.DefaultChannelPool - Entry count for : http://localhost:52877 : 1
16:39:17.753 [AsyncHttpClient-1-1] DEBUG o.a.netty.channel.DefaultChannelPool - Entry count for : http://localhost:53337 : 1
16:39:17.753 [AsyncHttpClient-1-1] DEBUG o.a.netty.channel.DefaultChannelPool - Entry count for : http://localhost:52877 : 1
16:39:18.849 [AsyncHttpClient-1-1] DEBUG o.a.netty.channel.DefaultChannelPool - Entry count for : http://localhost:53337 : 1
16:39:18.849 [AsyncHttpClient-1-1] DEBUG o.a.netty.channel.DefaultChannelPool - Entry count for : http://localhost:52877 : 1
16:39:19.950 [AsyncHttpClient-1-1] DEBUG o.a.netty.channel.DefaultChannelPool - Entry count for : http://localhost:53337 : 1
16:39:19.950 [AsyncHttpClient-1-1] DEBUG o.a.netty.channel.DefaultChannelPool - Entry count for : http://localhost:52877 : 1
16:39:20.375 [Forwarding findElement on session 434af8e6e095c0e9fb3f22ffc96d776e to remote] DEBUG o.a.netty.request.NettyRequestSender - Using pooled Channel '[id: 0x58932355, L:/127.0.0.1:52876 - R:localhost/127.0.0.1:53337]' for 'POST' to 'http://localhost:53337/session/434af8e6e095c0e9fb3f22ffc96d776e/element'
16:39:20.375 [Forwarding findElement on session 434af8e6e095c0e9fb3f22ffc96d776e to remote] DEBUG o.a.netty.request.NettyRequestSender - Using open Channel [id: 0x58932355, L:/127.0.0.1:52876 - R:localhost/127.0.0.1:53337] for POST '/session/434af8e6e095c0e9fb3f22ffc96d776e/element'
16:39:20.387 [AsyncHttpClient-1-5] DEBUG o.a.netty.handler.HttpHandler - 

Request DefaultHttpRequest(decodeResult: success, version: HTTP/1.1)
POST /session/434af8e6e095c0e9fb3f22ffc96d776e/element HTTP/1.1
User-Agent: selenium/4.1.2 (java windows)
Content-Length: 75
Content-Type: application/json; charset=utf-8
host: localhost:53337
accept: */*

Response DefaultHttpResponse(decodeResult: success, version: HTTP/1.1)
HTTP/1.1 200 OK
Content-Type: application/json; charset=utf-8
cache-control: no-cache
content-length: 88

16:39:20.388 [AsyncHttpClient-1-5] DEBUG o.a.netty.channel.ChannelManager - Adding key: http://localhost:53337 for channel [id: 0x58932355, L:/127.0.0.1:52876 - R:localhost/127.0.0.1:53337]
16:39:20.392 [Forwarding isElementDisplayed on session 434af8e6e095c0e9fb3f22ffc96d776e to remote] DEBUG o.a.netty.request.NettyRequestSender - Using pooled Channel '[id: 0x58932355, L:/127.0.0.1:52876 - R:localhost/127.0.0.1:53337]' for 'POST' to 'http://localhost:53337/session/434af8e6e095c0e9fb3f22ffc96d776e/execute/sync'
16:39:20.392 [Forwarding isElementDisplayed on session 434af8e6e095c0e9fb3f22ffc96d776e to remote] DEBUG o.a.netty.request.NettyRequestSender - Using open Channel [id: 0x58932355, L:/127.0.0.1:52876 - R:localhost/127.0.0.1:53337] for POST '/session/434af8e6e095c0e9fb3f22ffc96d776e/execute/sync'
16:39:20.407 [AsyncHttpClient-1-5] DEBUG o.a.netty.handler.HttpHandler - 

Request DefaultHttpRequest(decodeResult: success, version: HTTP/1.1)
POST /session/434af8e6e095c0e9fb3f22ffc96d776e/execute/sync HTTP/1.1
User-Agent: selenium/4.1.2 (java windows)
Content-Length: 48780
Content-Type: application/json; charset=utf-8
host: localhost:53337
accept: */*

Response DefaultHttpResponse(decodeResult: success, version: HTTP/1.1)
HTTP/1.1 200 OK
Content-Type: application/json; charset=utf-8
cache-control: no-cache
content-length: 14

16:39:20.407 [AsyncHttpClient-1-5] DEBUG o.a.netty.channel.ChannelManager - Adding key: http://localhost:53337 for channel [id: 0x58932355, L:/127.0.0.1:52876 - R:localhost/127.0.0.1:53337]
16:39:20.409 [Forwarding getElementText on session 434af8e6e095c0e9fb3f22ffc96d776e to remote] DEBUG o.a.netty.request.NettyRequestSender - Using pooled Channel '[id: 0x58932355, L:/127.0.0.1:52876 - R:localhost/127.0.0.1:53337]' for 'GET' to 'http://localhost:53337/session/434af8e6e095c0e9fb3f22ffc96d776e/element/628d2cc3-be39-467d-8665-4020b238945c/text'
16:39:20.409 [Forwarding getElementText on session 434af8e6e095c0e9fb3f22ffc96d776e to remote] DEBUG o.a.netty.request.NettyRequestSender - Using open Channel [id: 0x58932355, L:/127.0.0.1:52876 - R:localhost/127.0.0.1:53337] for GET '/session/434af8e6e095c0e9fb3f22ffc96d776e/element/628d2cc3-be39-467d-8665-4020b238945c/text'
16:39:20.421 [AsyncHttpClient-1-5] DEBUG o.a.netty.handler.HttpHandler - 

Request DefaultFullHttpRequest(decodeResult: success, version: HTTP/1.1, content: EmptyByteBufBE)
GET /session/434af8e6e095c0e9fb3f22ffc96d776e/element/628d2cc3-be39-467d-8665-4020b238945c/text HTTP/1.1
User-Agent: selenium/4.1.2 (java windows)
Cache-Control: no-cache
Content-Type: application/json; charset=utf-8
host: localhost:53337
accept: */*

Response DefaultHttpResponse(decodeResult: success, version: HTTP/1.1)
HTTP/1.1 200 OK
Content-Type: application/json; charset=utf-8
cache-control: no-cache
content-length: 59

16:39:20.422 [AsyncHttpClient-1-5] DEBUG o.a.netty.channel.ChannelManager - Adding key: http://localhost:53337 for channel [id: 0x58932355, L:/127.0.0.1:52876 - R:localhost/127.0.0.1:53337]
16:39:21.050 [AsyncHttpClient-1-1] DEBUG o.a.netty.channel.DefaultChannelPool - Entry count for : http://localhost:53337 : 1
16:39:21.050 [AsyncHttpClient-1-1] DEBUG o.a.netty.channel.DefaultChannelPool - Entry count for : http://localhost:52877 : 1
16:39:22.155 [AsyncHttpClient-1-1] DEBUG o.a.netty.channel.DefaultChannelPool - Entry count for : http://localhost:53337 : 1
16:39:22.155 [AsyncHttpClient-1-1] DEBUG o.a.netty.channel.DefaultChannelPool - Entry count for : http://localhost:52877 : 1
  &amp#27;[32mThen &amp#27;[0m&amp#27;[32muser should not proceed to Dashboard Page&amp#27;[0m                                                                                     &amp#27;[90m# stepdefinitions.LoginPageSteps.user_should_not_proceed_to_dashboard_page()&amp#27;[0m
16:39:22.429 [Forwarding findElement on session 434af8e6e095c0e9fb3f22ffc96d776e to remote] DEBUG o.a.netty.request.NettyRequestSender - Using pooled Channel '[id: 0x58932355, L:/127.0.0.1:52876 - R:localhost/127.0.0.1:53337]' for 'POST' to 'http://localhost:53337/session/434af8e6e095c0e9fb3f22ffc96d776e/element'
16:39:22.430 [Forwarding findElement on session 434af8e6e095c0e9fb3f22ffc96d776e to remote] DEBUG o.a.netty.request.NettyRequestSender - Using open Channel [id: 0x58932355, L:/127.0.0.1:52876 - R:localhost/127.0.0.1:53337] for POST '/session/434af8e6e095c0e9fb3f22ffc96d776e/element'
16:39:22.442 [AsyncHttpClient-1-5] DEBUG o.a.netty.handler.HttpHandler - 

Request DefaultHttpRequest(decodeResult: success, version: HTTP/1.1)
POST /session/434af8e6e095c0e9fb3f22ffc96d776e/element HTTP/1.1
User-Agent: selenium/4.1.2 (java windows)
Content-Length: 75
Content-Type: application/json; charset=utf-8
host: localhost:53337
accept: */*

Response DefaultHttpResponse(decodeResult: success, version: HTTP/1.1)
HTTP/1.1 200 OK
Content-Type: application/json; charset=utf-8
cache-control: no-cache
content-length: 88

16:39:22.442 [AsyncHttpClient-1-5] DEBUG o.a.netty.channel.ChannelManager - Adding key: http://localhost:53337 for channel [id: 0x58932355, L:/127.0.0.1:52876 - R:localhost/127.0.0.1:53337]
16:39:22.447 [Forwarding isElementDisplayed on session 434af8e6e095c0e9fb3f22ffc96d776e to remote] DEBUG o.a.netty.request.NettyRequestSender - Using pooled Channel '[id: 0x58932355, L:/127.0.0.1:52876 - R:localhost/127.0.0.1:53337]' for 'POST' to 'http://localhost:53337/session/434af8e6e095c0e9fb3f22ffc96d776e/execute/sync'
16:39:22.447 [Forwarding isElementDisplayed on session 434af8e6e095c0e9fb3f22ffc96d776e to remote] DEBUG o.a.netty.request.NettyRequestSender - Using open Channel [id: 0x58932355, L:/127.0.0.1:52876 - R:localhost/127.0.0.1:53337] for POST '/session/434af8e6e095c0e9fb3f22ffc96d776e/execute/sync'
16:39:22.465 [AsyncHttpClient-1-5] DEBUG o.a.netty.handler.HttpHandler - 

Request DefaultHttpRequest(decodeResult: success, version: HTTP/1.1)
POST /session/434af8e6e095c0e9fb3f22ffc96d776e/execute/sync HTTP/1.1
User-Agent: selenium/4.1.2 (java windows)
Content-Length: 48780
Content-Type: application/json; charset=utf-8
host: localhost:53337
accept: */*

Response DefaultHttpResponse(decodeResult: success, version: HTTP/1.1)
HTTP/1.1 200 OK
Content-Type: application/json; charset=utf-8
cache-control: no-cache
content-length: 14

16:39:22.465 [AsyncHttpClient-1-5] DEBUG o.a.netty.channel.ChannelManager - Adding key: http://localhost:53337 for channel [id: 0x58932355, L:/127.0.0.1:52876 - R:localhost/127.0.0.1:53337]
16:39:22.466 [Forwarding getElementText on session 434af8e6e095c0e9fb3f22ffc96d776e to remote] DEBUG o.a.netty.request.NettyRequestSender - Using pooled Channel '[id: 0x58932355, L:/127.0.0.1:52876 - R:localhost/127.0.0.1:53337]' for 'GET' to 'http://localhost:53337/session/434af8e6e095c0e9fb3f22ffc96d776e/element/628d2cc3-be39-467d-8665-4020b238945c/text'
16:39:22.466 [Forwarding getElementText on session 434af8e6e095c0e9fb3f22ffc96d776e to remote] DEBUG o.a.netty.request.NettyRequestSender - Using open Channel [id: 0x58932355, L:/127.0.0.1:52876 - R:localhost/127.0.0.1:53337] for GET '/session/434af8e6e095c0e9fb3f22ffc96d776e/element/628d2cc3-be39-467d-8665-4020b238945c/text'
16:39:22.477 [AsyncHttpClient-1-5] DEBUG o.a.netty.handler.HttpHandler - 

Request DefaultFullHttpRequest(decodeResult: success, version: HTTP/1.1, content: EmptyByteBufBE)
GET /session/434af8e6e095c0e9fb3f22ffc96d776e/element/628d2cc3-be39-467d-8665-4020b238945c/text HTTP/1.1
User-Agent: selenium/4.1.2 (java windows)
Cache-Control: no-cache
Content-Type: application/json; charset=utf-8
host: localhost:53337
accept: */*

Response DefaultHttpResponse(decodeResult: success, version: HTTP/1.1)
HTTP/1.1 200 OK
Content-Type: application/json; charset=utf-8
cache-control: no-cache
content-length: 59

16:39:22.477 [AsyncHttpClient-1-5] DEBUG o.a.netty.channel.ChannelManager - Adding key: http://localhost:53337 for channel [id: 0x58932355, L:/127.0.0.1:52876 - R:localhost/127.0.0.1:53337]
16:39:23.251 [AsyncHttpClient-1-1] DEBUG o.a.netty.channel.DefaultChannelPool - Entry count for : http://localhost:53337 : 1
16:39:23.251 [AsyncHttpClient-1-1] DEBUG o.a.netty.channel.DefaultChannelPool - Entry count for : http://localhost:52877 : 1
16:39:24.350 [AsyncHttpClient-1-1] DEBUG o.a.netty.channel.DefaultChannelPool - Entry count for : http://localhost:53337 : 1
16:39:24.350 [AsyncHttpClient-1-1] DEBUG o.a.netty.channel.DefaultChannelPool - Entry count for : http://localhost:52877 : 1
  &amp#27;[32mThen &amp#27;[0m&amp#27;[32muser gets login failed error message&amp#27;[0m                                                                                          &amp#27;[90m# stepdefinitions.LoginPageSteps.user_gets_login_failed_error_message()&amp#27;[0m
16:39:24.489 [AsyncHttpClient-1-7] DEBUG o.a.netty.handler.WebSocketHandler - Channel Closed: [id: 0x7d071040, L:/127.0.0.1:52884 ! R:localhost/127.0.0.1:52877] with attribute NettyResponseFuture{currentRetry=5,
	isDone=1,
	isCancelled=0,
	asyncHandler=org.asynchttpclient.ws.WebSocketUpgradeHandler@45c05a41,
	nettyRequest=org.asynchttpclient.netty.request.NettyRequest@c2dc9d,
	future=java.util.concurrent.CompletableFuture@e7dd40d[Completed normally],
	uri=ws://localhost:52877/devtools/browser/c2cfd9d5-93cb-41c0-bfae-786939ea1efe,
	keepAlive=true,
	redirectCount=0,
	timeoutsHolder=null,
	inAuth=0,
	touch=1648197529850}
16:39:24.489 [Driver Command Executor] DEBUG o.a.netty.request.NettyRequestSender - Using pooled Channel '[id: 0x58932355, L:/127.0.0.1:52876 - R:localhost/127.0.0.1:53337]' for 'DELETE' to 'http://localhost:53337/session/434af8e6e095c0e9fb3f22ffc96d776e'
16:39:24.489 [AsyncHttpClient-1-7] DEBUG o.a.netty.channel.ChannelManager - Closing Channel [id: 0x7d071040, L:/127.0.0.1:52884 ! R:localhost/127.0.0.1:52877] 
16:39:24.489 [Driver Command Executor] DEBUG o.a.netty.request.NettyRequestSender - Using open Channel [id: 0x58932355, L:/127.0.0.1:52876 - R:localhost/127.0.0.1:53337] for DELETE '/session/434af8e6e095c0e9fb3f22ffc96d776e'
16:39:24.513 [AsyncHttpClient-1-6] DEBUG o.a.netty.handler.HttpHandler - Unexpected I/O exception on channel [id: 0xa4d03dcf, L:/127.0.0.1:52883 - R:localhost/127.0.0.1:52877]
java.net.SocketException: Connection reset
	at java.base/sun.nio.ch.SocketChannelImpl.throwConnectionReset(SocketChannelImpl.java:367) ~[na:na]
	at java.base/sun.nio.ch.SocketChannelImpl.read(SocketChannelImpl.java:398) ~[na:na]
	at io.netty.buffer.PooledByteBuf.setBytes(PooledByteBuf.java:253) ~[netty-buffer-4.1.70.Final.jar:4.1.70.Final]
	at io.netty.buffer.AbstractByteBuf.writeBytes(AbstractByteBuf.java:1132) ~[netty-buffer-4.1.70.Final.jar:4.1.70.Final]
	at io.netty.channel.socket.nio.NioSocketChannel.doReadBytes(NioSocketChannel.java:350) ~[netty-transport-4.1.70.Final.jar:4.1.70.Final]
	at io.netty.channel.nio.AbstractNioByteChannel$NioByteUnsafe.read(AbstractNioByteChannel.java:151) ~[netty-transport-4.1.70.Final.jar:4.1.70.Final]
	at io.netty.channel.nio.NioEventLoop.processSelectedKey(NioEventLoop.java:719) ~[netty-transport-4.1.70.Final.jar:4.1.70.Final]
	at io.netty.channel.nio.NioEventLoop.processSelectedKeysOptimized(NioEventLoop.java:655) ~[netty-transport-4.1.70.Final.jar:4.1.70.Final]
	at io.netty.channel.nio.NioEventLoop.processSelectedKeys(NioEventLoop.java:581) ~[netty-transport-4.1.70.Final.jar:4.1.70.Final]
	at io.netty.channel.nio.NioEventLoop.run(NioEventLoop.java:493) ~[netty-transport-4.1.70.Final.jar:4.1.70.Final]
	at io.netty.util.concurrent.SingleThreadEventExecutor$4.run(SingleThreadEventExecutor.java:986) ~[netty-common-4.1.70.Final.jar:4.1.70.Final]
	at io.netty.util.internal.ThreadExecutorMap$2.run(ThreadExecutorMap.java:74) ~[netty-common-4.1.70.Final.jar:4.1.70.Final]
	at io.netty.util.concurrent.FastThreadLocalRunnable.run(FastThreadLocalRunnable.java:30) ~[netty-common-4.1.70.Final.jar:4.1.70.Final]
	at java.base/java.lang.Thread.run(Thread.java:832) ~[na:na]
16:39:24.513 [AsyncHttpClient-1-6] DEBUG o.a.netty.channel.ChannelManager - Closing Channel [id: 0xa4d03dcf, L:/127.0.0.1:52883 - R:localhost/127.0.0.1:52877] 
16:39:24.513 [AsyncHttpClient-1-6] DEBUG o.a.netty.handler.HttpHandler - Channel Closed: [id: 0xa4d03dcf, L:/127.0.0.1:52883 ! R:localhost/127.0.0.1:52877] with attribute DISCARD
16:39:24.526 [AsyncHttpClient-1-5] DEBUG o.a.netty.handler.HttpHandler - 

Request DefaultFullHttpRequest(decodeResult: success, version: HTTP/1.1, content: EmptyByteBufBE)
DELETE /session/434af8e6e095c0e9fb3f22ffc96d776e HTTP/1.1
User-Agent: selenium/4.1.2 (java windows)
Content-Type: application/json; charset=utf-8
host: localhost:53337
accept: */*

Response DefaultHttpResponse(decodeResult: success, version: HTTP/1.1)
HTTP/1.1 200 OK
Content-Type: application/json; charset=utf-8
cache-control: no-cache
content-length: 14

16:39:24.527 [AsyncHttpClient-1-5] DEBUG o.a.netty.channel.ChannelManager - Adding key: http://localhost:53337 for channel [id: 0x58932355, L:/127.0.0.1:52876 - R:localhost/127.0.0.1:53337]
16:39:24.577 [AsyncHttpClient-1-5] DEBUG o.a.netty.handler.HttpHandler - Channel Closed: [id: 0x58932355, L:/127.0.0.1:52876 ! R:localhost/127.0.0.1:53337] with attribute DISCARD
16:39:25.106 [main] INFO   - 
  _____   ___   ___   _____     ___     _     ___   ___   ___   ___  
 |_   _| | __| / __| |_   _|   | _ \   /_\   / __| / __| | __| |   \ 
   | |   | _|  \__ \   | |     |  _/  / _ \  \__ \ \__ \ | _|  | |) |
   |_|   |___| |___/   |_|     |_|   /_/ \_\ |___/ |___/ |___| |___/ 

Login fail possible combinations
----------------------------------------------------------------------
]]></system-out>
    <system-err><![CDATA[Starting ChromeDriver 99.0.4844.51 (d537ec02474b5afe23684e7963d538896c63ac77-refs/branch-heads/4844@{#875}) on port 53337
Only local connections are allowed.
Please see https://chromedriver.chromium.org/security-considerations for suggestions on keeping ChromeDriver safe.
ChromeDriver was started successfully.
Mar 25, 2022 4:38:49 PM org.openqa.selenium.remote.ProtocolHandshake createSession
INFO: Detected dialect: W3C
Mar 25, 2022 4:38:49 PM org.openqa.selenium.devtools.CdpVersionFinder findNearestMatch
WARNING: Unable to find an exact match for CDP version 99, so returning the closest version found: 96
Mar 25, 2022 4:38:49 PM org.openqa.selenium.devtools.CdpVersionFinder findNearestMatch
INFO: Found CDP implementation for version 99 of 96
ERROR StatusLogger Log4j2 could not find a logging implementation. Please add log4j-core to the classpath. Using SimpleLogger to log to the console...
]]></system-err>
  </testcase>
  <testcase name="Login to PEGA Site using Author, Manager and User" classname="Validate And Verify Login Page to PEGA Site" time="28.441">
    <system-out><![CDATA[16:39:25.108 [main] INFO  i.c.core.plugin.SerenityReporter - Running feature from file:///Z:/Automation/JavaCucumber/BDD_HCL/CucumberHCL/src/main/resources/AppFeatures/ValidateAndVerifyLoginPage.feature
16:39:25.108 [main] WARN  i.c.core.plugin.SerenityReporter - Feature from file:///Z:/Automation/JavaCucumber/BDD_HCL/CucumberHCL/src/main/resources/AppFeatures/ValidateAndVerifyLoginPage.feature is not under the 'features' directory. Requirements report will not be correctly generated!
16:39:25.110 [main] DEBUG n.thucydides.core.steps.StepEventBus - Test suite started for story net.thucydides.core.model.Story@7f1849ba
16:39:25.110 [main] INFO   - Test Suite Started: Validate And Verify Login Page to PEGA Site

@All @Smoke @Test1
Scenario: Login to PEGA Site using Author, Manager and User                                            &amp#27;[90m# src/main/resources/AppFeatures/ValidateAndVerifyLoginPage.feature:19&amp#27;[0m
16:39:25.118 [main] INFO  i.c.core.plugin.SerenityReporter - Running feature from file:///Z:/Automation/JavaCucumber/BDD_HCL/CucumberHCL/src/main/resources/AppFeatures/ValidateAndVerifyLoginPage.feature
16:39:25.118 [main] WARN  i.c.core.plugin.SerenityReporter - Feature from file:///Z:/Automation/JavaCucumber/BDD_HCL/CucumberHCL/src/main/resources/AppFeatures/ValidateAndVerifyLoginPage.feature is not under the 'features' directory. Requirements report will not be correctly generated!
16:39:25.120 [main] INFO   - 
  _____   ___   ___   _____     ___   _____     _     ___   _____   ___   ___  
 |_   _| | __| / __| |_   _|   / __| |_   _|   /_\   | _ \ |_   _| | __| |   \ 
   | |   | _|  \__ \   | |     \__ \   | |    / _ \  |   /   | |   | _|  | |) |
   |_|   |___| |___/   |_|     |___/   |_|   /_/ \_\ |_|_\   |_|   |___| |___/ 

Login to PEGA Site using Author, Manager and User(validate-and-verify-login-page-to-pega-site;login-to-pega-site-using-author--manager-and-user)
--------------------------------------------------------------------------------
16:39:25.125 [main] DEBUG com.pages.drivers.DriversFactory - Initialize Driver Browser Configuration
16:39:25.125 [main] DEBUG com.pages.drivers.DriversFactory -  Driver Browser : chrome
16:39:25.136 [main] DEBUG i.g.bonigarcia.wdm.WebDriverManager - Driver chromedriver 99.0.4844.51 found in cache
16:39:25.137 [main] INFO  i.g.bonigarcia.wdm.WebDriverManager - Exporting webdriver.chrome.driver as C:\Users\DheyClaveria\.cache\selenium\chromedriver\win32\99.0.4844.51\chromedriver.exe
16:39:25.451 [AsyncHttpClient-1-1] DEBUG o.a.netty.channel.DefaultChannelPool - Entry count for : http://localhost:53337 : 1
16:39:25.451 [AsyncHttpClient-1-1] DEBUG o.a.netty.channel.DefaultChannelPool - Entry count for : http://localhost:52877 : 1
16:39:25.451 [AsyncHttpClient-1-1] DEBUG o.a.netty.channel.DefaultChannelPool - Adding Candidate expired Channel [id: 0x58932355, L:/127.0.0.1:52876 ! R:localhost/127.0.0.1:53337] isIdleTimeoutExpired=false isRemotelyClosed=true isTtlExpired=false
16:39:25.451 [AsyncHttpClient-1-1] DEBUG o.a.netty.channel.DefaultChannelPool - Closing Idle Channel [id: 0x58932355, L:/127.0.0.1:52876 ! R:localhost/127.0.0.1:53337]
16:39:25.451 [AsyncHttpClient-1-1] DEBUG o.a.netty.channel.DefaultChannelPool - Adding Candidate expired Channel [id: 0xa4d03dcf, L:/127.0.0.1:52883 ! R:localhost/127.0.0.1:52877] isIdleTimeoutExpired=false isRemotelyClosed=true isTtlExpired=false
16:39:25.451 [AsyncHttpClient-1-1] DEBUG o.a.netty.channel.DefaultChannelPool - Closing Idle Channel [id: 0xa4d03dcf, L:/127.0.0.1:52883 ! R:localhost/127.0.0.1:52877]
16:39:25.451 [AsyncHttpClient-1-1] DEBUG o.a.netty.channel.DefaultChannelPool - Closed 2 connections out of 2 in 0 ms
16:39:25.683 [AsyncHttpClient-1-8] DEBUG o.a.n.channel.NettyConnectListener - Using new Channel '[id: 0xbd65f83f, L:/127.0.0.1:53107 - R:localhost/127.0.0.1:60677]' for 'POST' to '/session'
16:39:26.374 [AsyncHttpClient-1-8] DEBUG o.a.netty.handler.HttpHandler - 

Request DefaultHttpRequest(decodeResult: success, version: HTTP/1.1)
POST /session HTTP/1.1
User-Agent: selenium/4.1.2 (java windows)
Content-Length: 365
Content-Type: application/json; charset=utf-8
host: localhost:60677
accept: */*

Response DefaultHttpResponse(decodeResult: success, version: HTTP/1.1)
HTTP/1.1 200 OK
Content-Type: application/json; charset=utf-8
cache-control: no-cache
content-length: 795

16:39:26.374 [AsyncHttpClient-1-8] DEBUG o.a.netty.channel.ChannelManager - Adding key: http://localhost:60677 for channel [id: 0xbd65f83f, L:/127.0.0.1:53107 - R:localhost/127.0.0.1:60677]
16:39:26.382 [AsyncHttpClient-1-9] DEBUG o.a.n.channel.NettyConnectListener - Using new Channel '[id: 0x37469b72, L:/127.0.0.1:53114 - R:localhost/127.0.0.1:53108]' for 'GET' to '/json/version'
16:39:26.388 [AsyncHttpClient-1-9] DEBUG o.a.netty.handler.HttpHandler - 

Request DefaultFullHttpRequest(decodeResult: success, version: HTTP/1.1, content: EmptyByteBufBE)
GET /json/version HTTP/1.1
User-Agent: selenium/4.1.2 (java windows)
host: localhost:53108
accept: */*

Response DefaultHttpResponse(decodeResult: success, version: HTTP/1.1)
HTTP/1.1 200 OK
Content-Type: application/json; charset=UTF-8
content-length: 423

16:39:26.388 [AsyncHttpClient-1-9] DEBUG o.a.netty.channel.ChannelManager - Adding key: http://localhost:53108 for channel [id: 0x37469b72, L:/127.0.0.1:53114 - R:localhost/127.0.0.1:53108]
16:39:26.390 [AsyncHttpClient-1-10] DEBUG o.a.n.channel.NettyConnectListener - Using new Channel '[id: 0x9926a232, L:/127.0.0.1:53115 - R:localhost/127.0.0.1:53108]' for 'GET' to '/devtools/browser/886e643a-bdaa-4021-a331-e4569254d12e'
16:39:26.396 [AsyncHttpClient-1-10] DEBUG o.a.netty.handler.WebSocketHandler - 

Request DefaultFullHttpRequest(decodeResult: success, version: HTTP/1.1, content: EmptyByteBufBE)
GET /devtools/browser/886e643a-bdaa-4021-a331-e4569254d12e HTTP/1.1
upgrade: websocket
connection: upgrade
sec-websocket-key: QGRaMTmDuiNKB/w8+S71lw==
sec-websocket-version: 13
origin: http://localhost:53108
host: localhost:53108
accept: */*
user-agent: AHC/2.1

Response DefaultHttpResponse(decodeResult: success, version: HTTP/1.1)
HTTP/1.1 101 WebSocket Protocol Handshake
Upgrade: WebSocket
Connection: Upgrade
Sec-WebSocket-Accept: OFa4s8D6/JSqaSYbzkWc+7ttYuQ=

16:39:26.401 [Forwarding deleteAllCookies on session b205c0df6a3e502296ddd6b56ce4ad20 to remote] DEBUG o.a.netty.request.NettyRequestSender - Using pooled Channel '[id: 0xbd65f83f, L:/127.0.0.1:53107 - R:localhost/127.0.0.1:60677]' for 'DELETE' to 'http://localhost:60677/session/b205c0df6a3e502296ddd6b56ce4ad20/cookie'
16:39:26.401 [Forwarding deleteAllCookies on session b205c0df6a3e502296ddd6b56ce4ad20 to remote] DEBUG o.a.netty.request.NettyRequestSender - Using open Channel [id: 0xbd65f83f, L:/127.0.0.1:53107 - R:localhost/127.0.0.1:60677] for DELETE '/session/b205c0df6a3e502296ddd6b56ce4ad20/cookie'
16:39:26.405 [AsyncHttpClient-1-8] DEBUG o.a.netty.handler.HttpHandler - 

Request DefaultFullHttpRequest(decodeResult: success, version: HTTP/1.1, content: EmptyByteBufBE)
DELETE /session/b205c0df6a3e502296ddd6b56ce4ad20/cookie HTTP/1.1
User-Agent: selenium/4.1.2 (java windows)
Content-Type: application/json; charset=utf-8
host: localhost:60677
accept: */*

Response DefaultHttpResponse(decodeResult: success, version: HTTP/1.1)
HTTP/1.1 200 OK
Content-Type: application/json; charset=utf-8
cache-control: no-cache
content-length: 14

16:39:26.406 [AsyncHttpClient-1-8] DEBUG o.a.netty.channel.ChannelManager - Adding key: http://localhost:60677 for channel [id: 0xbd65f83f, L:/127.0.0.1:53107 - R:localhost/127.0.0.1:60677]
16:39:26.407 [Forwarding maximizeCurrentWindow on session b205c0df6a3e502296ddd6b56ce4ad20 to remote] DEBUG o.a.netty.request.NettyRequestSender - Using pooled Channel '[id: 0xbd65f83f, L:/127.0.0.1:53107 - R:localhost/127.0.0.1:60677]' for 'POST' to 'http://localhost:60677/session/b205c0df6a3e502296ddd6b56ce4ad20/window/maximize'
16:39:26.407 [Forwarding maximizeCurrentWindow on session b205c0df6a3e502296ddd6b56ce4ad20 to remote] DEBUG o.a.netty.request.NettyRequestSender - Using open Channel [id: 0xbd65f83f, L:/127.0.0.1:53107 - R:localhost/127.0.0.1:60677] for POST '/session/b205c0df6a3e502296ddd6b56ce4ad20/window/maximize'
16:39:26.535 [AsyncHttpClient-1-8] DEBUG o.a.netty.handler.HttpHandler - 

Request DefaultHttpRequest(decodeResult: success, version: HTTP/1.1)
POST /session/b205c0df6a3e502296ddd6b56ce4ad20/window/maximize HTTP/1.1
User-Agent: selenium/4.1.2 (java windows)
Content-Length: 3
Content-Type: application/json; charset=utf-8
host: localhost:60677
accept: */*

Response DefaultHttpResponse(decodeResult: success, version: HTTP/1.1)
HTTP/1.1 200 OK
Content-Type: application/json; charset=utf-8
cache-control: no-cache
content-length: 52

16:39:26.535 [AsyncHttpClient-1-8] DEBUG o.a.netty.channel.ChannelManager - Adding key: http://localhost:60677 for channel [id: 0xbd65f83f, L:/127.0.0.1:53107 - R:localhost/127.0.0.1:60677]
16:39:26.540 [Forwarding get on session b205c0df6a3e502296ddd6b56ce4ad20 to remote] DEBUG o.a.netty.request.NettyRequestSender - Using pooled Channel '[id: 0xbd65f83f, L:/127.0.0.1:53107 - R:localhost/127.0.0.1:60677]' for 'POST' to 'http://localhost:60677/session/b205c0df6a3e502296ddd6b56ce4ad20/url'
16:39:26.540 [Forwarding get on session b205c0df6a3e502296ddd6b56ce4ad20 to remote] DEBUG o.a.netty.request.NettyRequestSender - Using open Channel [id: 0xbd65f83f, L:/127.0.0.1:53107 - R:localhost/127.0.0.1:60677] for POST '/session/b205c0df6a3e502296ddd6b56ce4ad20/url'
16:39:26.550 [AsyncHttpClient-1-1] DEBUG o.a.netty.channel.DefaultChannelPool - Entry count for : http://localhost:53108 : 1
16:39:26.704 [AsyncHttpClient-1-8] DEBUG o.a.netty.handler.HttpHandler - 

Request DefaultHttpRequest(decodeResult: success, version: HTTP/1.1)
POST /session/b205c0df6a3e502296ddd6b56ce4ad20/url HTTP/1.1
User-Agent: selenium/4.1.2 (java windows)
Content-Length: 148
Content-Type: application/json; charset=utf-8
host: localhost:60677
accept: */*

Response DefaultHttpResponse(decodeResult: success, version: HTTP/1.1)
HTTP/1.1 200 OK
Content-Type: application/json; charset=utf-8
cache-control: no-cache
content-length: 14

16:39:26.705 [AsyncHttpClient-1-8] DEBUG o.a.netty.channel.ChannelManager - Adding key: http://localhost:60677 for channel [id: 0xbd65f83f, L:/127.0.0.1:53107 - R:localhost/127.0.0.1:60677]
16:39:26.706 [Forwarding getTitle on session b205c0df6a3e502296ddd6b56ce4ad20 to remote] DEBUG o.a.netty.request.NettyRequestSender - Using pooled Channel '[id: 0xbd65f83f, L:/127.0.0.1:53107 - R:localhost/127.0.0.1:60677]' for 'GET' to 'http://localhost:60677/session/b205c0df6a3e502296ddd6b56ce4ad20/title'
16:39:26.706 [Forwarding getTitle on session b205c0df6a3e502296ddd6b56ce4ad20 to remote] DEBUG o.a.netty.request.NettyRequestSender - Using open Channel [id: 0xbd65f83f, L:/127.0.0.1:53107 - R:localhost/127.0.0.1:60677] for GET '/session/b205c0df6a3e502296ddd6b56ce4ad20/title'
16:39:26.712 [AsyncHttpClient-1-8] DEBUG o.a.netty.handler.HttpHandler - 

Request DefaultFullHttpRequest(decodeResult: success, version: HTTP/1.1, content: EmptyByteBufBE)
GET /session/b205c0df6a3e502296ddd6b56ce4ad20/title HTTP/1.1
User-Agent: selenium/4.1.2 (java windows)
Cache-Control: no-cache
Content-Type: application/json; charset=utf-8
host: localhost:60677
accept: */*

Response DefaultHttpResponse(decodeResult: success, version: HTTP/1.1)
HTTP/1.1 200 OK
Content-Type: application/json; charset=utf-8
cache-control: no-cache
content-length: 22

16:39:26.712 [AsyncHttpClient-1-8] DEBUG o.a.netty.channel.ChannelManager - Adding key: http://localhost:60677 for channel [id: 0xbd65f83f, L:/127.0.0.1:53107 - R:localhost/127.0.0.1:60677]
16:39:26.713 [Forwarding getTitle on session b205c0df6a3e502296ddd6b56ce4ad20 to remote] DEBUG o.a.netty.request.NettyRequestSender - Using pooled Channel '[id: 0xbd65f83f, L:/127.0.0.1:53107 - R:localhost/127.0.0.1:60677]' for 'GET' to 'http://localhost:60677/session/b205c0df6a3e502296ddd6b56ce4ad20/title'
16:39:26.713 [Forwarding getTitle on session b205c0df6a3e502296ddd6b56ce4ad20 to remote] DEBUG o.a.netty.request.NettyRequestSender - Using open Channel [id: 0xbd65f83f, L:/127.0.0.1:53107 - R:localhost/127.0.0.1:60677] for GET '/session/b205c0df6a3e502296ddd6b56ce4ad20/title'
16:39:26.717 [AsyncHttpClient-1-8] DEBUG o.a.netty.handler.HttpHandler - 

Request DefaultFullHttpRequest(decodeResult: success, version: HTTP/1.1, content: EmptyByteBufBE)
GET /session/b205c0df6a3e502296ddd6b56ce4ad20/title HTTP/1.1
User-Agent: selenium/4.1.2 (java windows)
Cache-Control: no-cache
Content-Type: application/json; charset=utf-8
host: localhost:60677
accept: */*

Response DefaultHttpResponse(decodeResult: success, version: HTTP/1.1)
HTTP/1.1 200 OK
Content-Type: application/json; charset=utf-8
cache-control: no-cache
content-length: 22

16:39:26.717 [AsyncHttpClient-1-8] DEBUG o.a.netty.channel.ChannelManager - Adding key: http://localhost:60677 for channel [id: 0xbd65f83f, L:/127.0.0.1:53107 - R:localhost/127.0.0.1:60677]
16:39:27.650 [AsyncHttpClient-1-1] DEBUG o.a.netty.channel.DefaultChannelPool - Entry count for : http://localhost:53108 : 1
16:39:27.650 [AsyncHttpClient-1-1] DEBUG o.a.netty.channel.DefaultChannelPool - Entry count for : http://localhost:60677 : 1
16:39:28.749 [AsyncHttpClient-1-1] DEBUG o.a.netty.channel.DefaultChannelPool - Entry count for : http://localhost:53108 : 1
16:39:28.749 [AsyncHttpClient-1-1] DEBUG o.a.netty.channel.DefaultChannelPool - Entry count for : http://localhost:60677 : 1
16:39:29.851 [AsyncHttpClient-1-1] DEBUG o.a.netty.channel.DefaultChannelPool - Entry count for : http://localhost:53108 : 1
16:39:29.851 [AsyncHttpClient-1-1] DEBUG o.a.netty.channel.DefaultChannelPool - Entry count for : http://localhost:60677 : 1
16:39:30.954 [AsyncHttpClient-1-1] DEBUG o.a.netty.channel.DefaultChannelPool - Entry count for : http://localhost:53108 : 1
16:39:30.954 [AsyncHttpClient-1-1] DEBUG o.a.netty.channel.DefaultChannelPool - Entry count for : http://localhost:60677 : 1
  &amp#27;[32mGiven &amp#27;[0m&amp#27;[32mthat the user should navigate in PEGA Login Page&amp#27;[0m                                               &amp#27;[90m# stepdefinitions.LoginPageSteps.that_the_user_should_navigate_in_pega_login_page()&amp#27;[0m
16:39:31.722 [Forwarding findElement on session b205c0df6a3e502296ddd6b56ce4ad20 to remote] DEBUG o.a.netty.request.NettyRequestSender - Using pooled Channel '[id: 0xbd65f83f, L:/127.0.0.1:53107 - R:localhost/127.0.0.1:60677]' for 'POST' to 'http://localhost:60677/session/b205c0df6a3e502296ddd6b56ce4ad20/element'
16:39:31.722 [Forwarding findElement on session b205c0df6a3e502296ddd6b56ce4ad20 to remote] DEBUG o.a.netty.request.NettyRequestSender - Using open Channel [id: 0xbd65f83f, L:/127.0.0.1:53107 - R:localhost/127.0.0.1:60677] for POST '/session/b205c0df6a3e502296ddd6b56ce4ad20/element'
16:39:31.736 [AsyncHttpClient-1-8] DEBUG o.a.netty.handler.HttpHandler - 

Request DefaultHttpRequest(decodeResult: success, version: HTTP/1.1)
POST /session/b205c0df6a3e502296ddd6b56ce4ad20/element HTTP/1.1
User-Agent: selenium/4.1.2 (java windows)
Content-Length: 128
Content-Type: application/json; charset=utf-8
host: localhost:60677
accept: */*

Response DefaultHttpResponse(decodeResult: success, version: HTTP/1.1)
HTTP/1.1 200 OK
Content-Type: application/json; charset=utf-8
cache-control: no-cache
content-length: 88

16:39:31.736 [AsyncHttpClient-1-8] DEBUG o.a.netty.channel.ChannelManager - Adding key: http://localhost:60677 for channel [id: 0xbd65f83f, L:/127.0.0.1:53107 - R:localhost/127.0.0.1:60677]
16:39:31.740 [Forwarding isElementDisplayed on session b205c0df6a3e502296ddd6b56ce4ad20 to remote] DEBUG o.a.netty.request.NettyRequestSender - Using pooled Channel '[id: 0xbd65f83f, L:/127.0.0.1:53107 - R:localhost/127.0.0.1:60677]' for 'POST' to 'http://localhost:60677/session/b205c0df6a3e502296ddd6b56ce4ad20/execute/sync'
16:39:31.740 [Forwarding isElementDisplayed on session b205c0df6a3e502296ddd6b56ce4ad20 to remote] DEBUG o.a.netty.request.NettyRequestSender - Using open Channel [id: 0xbd65f83f, L:/127.0.0.1:53107 - R:localhost/127.0.0.1:60677] for POST '/session/b205c0df6a3e502296ddd6b56ce4ad20/execute/sync'
16:39:31.762 [AsyncHttpClient-1-8] DEBUG o.a.netty.handler.HttpHandler - 

Request DefaultHttpRequest(decodeResult: success, version: HTTP/1.1)
POST /session/b205c0df6a3e502296ddd6b56ce4ad20/execute/sync HTTP/1.1
User-Agent: selenium/4.1.2 (java windows)
Content-Length: 48780
Content-Type: application/json; charset=utf-8
host: localhost:60677
accept: */*

Response DefaultHttpResponse(decodeResult: success, version: HTTP/1.1)
HTTP/1.1 200 OK
Content-Type: application/json; charset=utf-8
cache-control: no-cache
content-length: 14

16:39:31.762 [AsyncHttpClient-1-8] DEBUG o.a.netty.channel.ChannelManager - Adding key: http://localhost:60677 for channel [id: 0xbd65f83f, L:/127.0.0.1:53107 - R:localhost/127.0.0.1:60677]
16:39:31.764 [Forwarding findElement on session b205c0df6a3e502296ddd6b56ce4ad20 to remote] DEBUG o.a.netty.request.NettyRequestSender - Using pooled Channel '[id: 0xbd65f83f, L:/127.0.0.1:53107 - R:localhost/127.0.0.1:60677]' for 'POST' to 'http://localhost:60677/session/b205c0df6a3e502296ddd6b56ce4ad20/element'
16:39:31.764 [Forwarding findElement on session b205c0df6a3e502296ddd6b56ce4ad20 to remote] DEBUG o.a.netty.request.NettyRequestSender - Using open Channel [id: 0xbd65f83f, L:/127.0.0.1:53107 - R:localhost/127.0.0.1:60677] for POST '/session/b205c0df6a3e502296ddd6b56ce4ad20/element'
16:39:31.771 [AsyncHttpClient-1-8] DEBUG o.a.netty.handler.HttpHandler - 

Request DefaultHttpRequest(decodeResult: success, version: HTTP/1.1)
POST /session/b205c0df6a3e502296ddd6b56ce4ad20/element HTTP/1.1
User-Agent: selenium/4.1.2 (java windows)
Content-Length: 128
Content-Type: application/json; charset=utf-8
host: localhost:60677
accept: */*

Response DefaultHttpResponse(decodeResult: success, version: HTTP/1.1)
HTTP/1.1 200 OK
Content-Type: application/json; charset=utf-8
cache-control: no-cache
content-length: 88

16:39:31.771 [AsyncHttpClient-1-8] DEBUG o.a.netty.channel.ChannelManager - Adding key: http://localhost:60677 for channel [id: 0xbd65f83f, L:/127.0.0.1:53107 - R:localhost/127.0.0.1:60677]
16:39:31.774 [Forwarding isElementDisplayed on session b205c0df6a3e502296ddd6b56ce4ad20 to remote] DEBUG o.a.netty.request.NettyRequestSender - Using pooled Channel '[id: 0xbd65f83f, L:/127.0.0.1:53107 - R:localhost/127.0.0.1:60677]' for 'POST' to 'http://localhost:60677/session/b205c0df6a3e502296ddd6b56ce4ad20/execute/sync'
16:39:31.775 [Forwarding isElementDisplayed on session b205c0df6a3e502296ddd6b56ce4ad20 to remote] DEBUG o.a.netty.request.NettyRequestSender - Using open Channel [id: 0xbd65f83f, L:/127.0.0.1:53107 - R:localhost/127.0.0.1:60677] for POST '/session/b205c0df6a3e502296ddd6b56ce4ad20/execute/sync'
16:39:31.788 [AsyncHttpClient-1-8] DEBUG o.a.netty.handler.HttpHandler - 

Request DefaultHttpRequest(decodeResult: success, version: HTTP/1.1)
POST /session/b205c0df6a3e502296ddd6b56ce4ad20/execute/sync HTTP/1.1
User-Agent: selenium/4.1.2 (java windows)
Content-Length: 48780
Content-Type: application/json; charset=utf-8
host: localhost:60677
accept: */*

Response DefaultHttpResponse(decodeResult: success, version: HTTP/1.1)
HTTP/1.1 200 OK
Content-Type: application/json; charset=utf-8
cache-control: no-cache
content-length: 14

16:39:31.789 [AsyncHttpClient-1-8] DEBUG o.a.netty.channel.ChannelManager - Adding key: http://localhost:60677 for channel [id: 0xbd65f83f, L:/127.0.0.1:53107 - R:localhost/127.0.0.1:60677]
16:39:31.790 [Forwarding findElement on session b205c0df6a3e502296ddd6b56ce4ad20 to remote] DEBUG o.a.netty.request.NettyRequestSender - Using pooled Channel '[id: 0xbd65f83f, L:/127.0.0.1:53107 - R:localhost/127.0.0.1:60677]' for 'POST' to 'http://localhost:60677/session/b205c0df6a3e502296ddd6b56ce4ad20/element'
16:39:31.790 [Forwarding findElement on session b205c0df6a3e502296ddd6b56ce4ad20 to remote] DEBUG o.a.netty.request.NettyRequestSender - Using open Channel [id: 0xbd65f83f, L:/127.0.0.1:53107 - R:localhost/127.0.0.1:60677] for POST '/session/b205c0df6a3e502296ddd6b56ce4ad20/element'
16:39:31.797 [AsyncHttpClient-1-8] DEBUG o.a.netty.handler.HttpHandler - 

Request DefaultHttpRequest(decodeResult: success, version: HTTP/1.1)
POST /session/b205c0df6a3e502296ddd6b56ce4ad20/element HTTP/1.1
User-Agent: selenium/4.1.2 (java windows)
Content-Length: 128
Content-Type: application/json; charset=utf-8
host: localhost:60677
accept: */*

Response DefaultHttpResponse(decodeResult: success, version: HTTP/1.1)
HTTP/1.1 200 OK
Content-Type: application/json; charset=utf-8
cache-control: no-cache
content-length: 88

16:39:31.797 [AsyncHttpClient-1-8] DEBUG o.a.netty.channel.ChannelManager - Adding key: http://localhost:60677 for channel [id: 0xbd65f83f, L:/127.0.0.1:53107 - R:localhost/127.0.0.1:60677]
16:39:31.798 [Forwarding isElementEnabled on session b205c0df6a3e502296ddd6b56ce4ad20 to remote] DEBUG o.a.netty.request.NettyRequestSender - Using pooled Channel '[id: 0xbd65f83f, L:/127.0.0.1:53107 - R:localhost/127.0.0.1:60677]' for 'GET' to 'http://localhost:60677/session/b205c0df6a3e502296ddd6b56ce4ad20/element/69dddbca-2730-4178-9021-e98de5014002/enabled'
16:39:31.798 [Forwarding isElementEnabled on session b205c0df6a3e502296ddd6b56ce4ad20 to remote] DEBUG o.a.netty.request.NettyRequestSender - Using open Channel [id: 0xbd65f83f, L:/127.0.0.1:53107 - R:localhost/127.0.0.1:60677] for GET '/session/b205c0df6a3e502296ddd6b56ce4ad20/element/69dddbca-2730-4178-9021-e98de5014002/enabled'
16:39:31.807 [AsyncHttpClient-1-8] DEBUG o.a.netty.handler.HttpHandler - 

Request DefaultFullHttpRequest(decodeResult: success, version: HTTP/1.1, content: EmptyByteBufBE)
GET /session/b205c0df6a3e502296ddd6b56ce4ad20/element/69dddbca-2730-4178-9021-e98de5014002/enabled HTTP/1.1
User-Agent: selenium/4.1.2 (java windows)
Cache-Control: no-cache
Content-Type: application/json; charset=utf-8
host: localhost:60677
accept: */*

Response DefaultHttpResponse(decodeResult: success, version: HTTP/1.1)
HTTP/1.1 200 OK
Content-Type: application/json; charset=utf-8
cache-control: no-cache
content-length: 14

16:39:31.807 [AsyncHttpClient-1-8] DEBUG o.a.netty.channel.ChannelManager - Adding key: http://localhost:60677 for channel [id: 0xbd65f83f, L:/127.0.0.1:53107 - R:localhost/127.0.0.1:60677]
16:39:31.809 [Forwarding findElement on session b205c0df6a3e502296ddd6b56ce4ad20 to remote] DEBUG o.a.netty.request.NettyRequestSender - Using pooled Channel '[id: 0xbd65f83f, L:/127.0.0.1:53107 - R:localhost/127.0.0.1:60677]' for 'POST' to 'http://localhost:60677/session/b205c0df6a3e502296ddd6b56ce4ad20/element'
16:39:31.809 [Forwarding findElement on session b205c0df6a3e502296ddd6b56ce4ad20 to remote] DEBUG o.a.netty.request.NettyRequestSender - Using open Channel [id: 0xbd65f83f, L:/127.0.0.1:53107 - R:localhost/127.0.0.1:60677] for POST '/session/b205c0df6a3e502296ddd6b56ce4ad20/element'
16:39:31.821 [AsyncHttpClient-1-8] DEBUG o.a.netty.handler.HttpHandler - 

Request DefaultHttpRequest(decodeResult: success, version: HTTP/1.1)
POST /session/b205c0df6a3e502296ddd6b56ce4ad20/element HTTP/1.1
User-Agent: selenium/4.1.2 (java windows)
Content-Length: 132
Content-Type: application/json; charset=utf-8
host: localhost:60677
accept: */*

Response DefaultHttpResponse(decodeResult: success, version: HTTP/1.1)
HTTP/1.1 200 OK
Content-Type: application/json; charset=utf-8
cache-control: no-cache
content-length: 88

16:39:31.821 [AsyncHttpClient-1-8] DEBUG o.a.netty.channel.ChannelManager - Adding key: http://localhost:60677 for channel [id: 0xbd65f83f, L:/127.0.0.1:53107 - R:localhost/127.0.0.1:60677]
16:39:31.825 [Forwarding isElementDisplayed on session b205c0df6a3e502296ddd6b56ce4ad20 to remote] DEBUG o.a.netty.request.NettyRequestSender - Using pooled Channel '[id: 0xbd65f83f, L:/127.0.0.1:53107 - R:localhost/127.0.0.1:60677]' for 'POST' to 'http://localhost:60677/session/b205c0df6a3e502296ddd6b56ce4ad20/execute/sync'
16:39:31.825 [Forwarding isElementDisplayed on session b205c0df6a3e502296ddd6b56ce4ad20 to remote] DEBUG o.a.netty.request.NettyRequestSender - Using open Channel [id: 0xbd65f83f, L:/127.0.0.1:53107 - R:localhost/127.0.0.1:60677] for POST '/session/b205c0df6a3e502296ddd6b56ce4ad20/execute/sync'
16:39:31.835 [AsyncHttpClient-1-8] DEBUG o.a.netty.handler.HttpHandler - 

Request DefaultHttpRequest(decodeResult: success, version: HTTP/1.1)
POST /session/b205c0df6a3e502296ddd6b56ce4ad20/execute/sync HTTP/1.1
User-Agent: selenium/4.1.2 (java windows)
Content-Length: 48780
Content-Type: application/json; charset=utf-8
host: localhost:60677
accept: */*

Response DefaultHttpResponse(decodeResult: success, version: HTTP/1.1)
HTTP/1.1 200 OK
Content-Type: application/json; charset=utf-8
cache-control: no-cache
content-length: 14

16:39:31.835 [AsyncHttpClient-1-8] DEBUG o.a.netty.channel.ChannelManager - Adding key: http://localhost:60677 for channel [id: 0xbd65f83f, L:/127.0.0.1:53107 - R:localhost/127.0.0.1:60677]
16:39:31.836 [Forwarding findElement on session b205c0df6a3e502296ddd6b56ce4ad20 to remote] DEBUG o.a.netty.request.NettyRequestSender - Using pooled Channel '[id: 0xbd65f83f, L:/127.0.0.1:53107 - R:localhost/127.0.0.1:60677]' for 'POST' to 'http://localhost:60677/session/b205c0df6a3e502296ddd6b56ce4ad20/element'
16:39:31.837 [Forwarding findElement on session b205c0df6a3e502296ddd6b56ce4ad20 to remote] DEBUG o.a.netty.request.NettyRequestSender - Using open Channel [id: 0xbd65f83f, L:/127.0.0.1:53107 - R:localhost/127.0.0.1:60677] for POST '/session/b205c0df6a3e502296ddd6b56ce4ad20/element'
16:39:31.843 [AsyncHttpClient-1-8] DEBUG o.a.netty.handler.HttpHandler - 

Request DefaultHttpRequest(decodeResult: success, version: HTTP/1.1)
POST /session/b205c0df6a3e502296ddd6b56ce4ad20/element HTTP/1.1
User-Agent: selenium/4.1.2 (java windows)
Content-Length: 132
Content-Type: application/json; charset=utf-8
host: localhost:60677
accept: */*

Response DefaultHttpResponse(decodeResult: success, version: HTTP/1.1)
HTTP/1.1 200 OK
Content-Type: application/json; charset=utf-8
cache-control: no-cache
content-length: 88

16:39:31.843 [AsyncHttpClient-1-8] DEBUG o.a.netty.channel.ChannelManager - Adding key: http://localhost:60677 for channel [id: 0xbd65f83f, L:/127.0.0.1:53107 - R:localhost/127.0.0.1:60677]
16:39:31.847 [Forwarding isElementDisplayed on session b205c0df6a3e502296ddd6b56ce4ad20 to remote] DEBUG o.a.netty.request.NettyRequestSender - Using pooled Channel '[id: 0xbd65f83f, L:/127.0.0.1:53107 - R:localhost/127.0.0.1:60677]' for 'POST' to 'http://localhost:60677/session/b205c0df6a3e502296ddd6b56ce4ad20/execute/sync'
16:39:31.847 [Forwarding isElementDisplayed on session b205c0df6a3e502296ddd6b56ce4ad20 to remote] DEBUG o.a.netty.request.NettyRequestSender - Using open Channel [id: 0xbd65f83f, L:/127.0.0.1:53107 - R:localhost/127.0.0.1:60677] for POST '/session/b205c0df6a3e502296ddd6b56ce4ad20/execute/sync'
16:39:31.857 [AsyncHttpClient-1-8] DEBUG o.a.netty.handler.HttpHandler - 

Request DefaultHttpRequest(decodeResult: success, version: HTTP/1.1)
POST /session/b205c0df6a3e502296ddd6b56ce4ad20/execute/sync HTTP/1.1
User-Agent: selenium/4.1.2 (java windows)
Content-Length: 48780
Content-Type: application/json; charset=utf-8
host: localhost:60677
accept: */*

Response DefaultHttpResponse(decodeResult: success, version: HTTP/1.1)
HTTP/1.1 200 OK
Content-Type: application/json; charset=utf-8
cache-control: no-cache
content-length: 14

16:39:31.857 [AsyncHttpClient-1-8] DEBUG o.a.netty.channel.ChannelManager - Adding key: http://localhost:60677 for channel [id: 0xbd65f83f, L:/127.0.0.1:53107 - R:localhost/127.0.0.1:60677]
16:39:31.859 [Forwarding findElement on session b205c0df6a3e502296ddd6b56ce4ad20 to remote] DEBUG o.a.netty.request.NettyRequestSender - Using pooled Channel '[id: 0xbd65f83f, L:/127.0.0.1:53107 - R:localhost/127.0.0.1:60677]' for 'POST' to 'http://localhost:60677/session/b205c0df6a3e502296ddd6b56ce4ad20/element'
16:39:31.859 [Forwarding findElement on session b205c0df6a3e502296ddd6b56ce4ad20 to remote] DEBUG o.a.netty.request.NettyRequestSender - Using open Channel [id: 0xbd65f83f, L:/127.0.0.1:53107 - R:localhost/127.0.0.1:60677] for POST '/session/b205c0df6a3e502296ddd6b56ce4ad20/element'
16:39:31.865 [AsyncHttpClient-1-8] DEBUG o.a.netty.handler.HttpHandler - 

Request DefaultHttpRequest(decodeResult: success, version: HTTP/1.1)
POST /session/b205c0df6a3e502296ddd6b56ce4ad20/element HTTP/1.1
User-Agent: selenium/4.1.2 (java windows)
Content-Length: 132
Content-Type: application/json; charset=utf-8
host: localhost:60677
accept: */*

Response DefaultHttpResponse(decodeResult: success, version: HTTP/1.1)
HTTP/1.1 200 OK
Content-Type: application/json; charset=utf-8
cache-control: no-cache
content-length: 88

16:39:31.865 [AsyncHttpClient-1-8] DEBUG o.a.netty.channel.ChannelManager - Adding key: http://localhost:60677 for channel [id: 0xbd65f83f, L:/127.0.0.1:53107 - R:localhost/127.0.0.1:60677]
16:39:31.867 [Forwarding isElementEnabled on session b205c0df6a3e502296ddd6b56ce4ad20 to remote] DEBUG o.a.netty.request.NettyRequestSender - Using pooled Channel '[id: 0xbd65f83f, L:/127.0.0.1:53107 - R:localhost/127.0.0.1:60677]' for 'GET' to 'http://localhost:60677/session/b205c0df6a3e502296ddd6b56ce4ad20/element/7b4d47d9-ed0e-45a6-8e29-4f4926d0c4e1/enabled'
16:39:31.867 [Forwarding isElementEnabled on session b205c0df6a3e502296ddd6b56ce4ad20 to remote] DEBUG o.a.netty.request.NettyRequestSender - Using open Channel [id: 0xbd65f83f, L:/127.0.0.1:53107 - R:localhost/127.0.0.1:60677] for GET '/session/b205c0df6a3e502296ddd6b56ce4ad20/element/7b4d47d9-ed0e-45a6-8e29-4f4926d0c4e1/enabled'
16:39:31.875 [AsyncHttpClient-1-8] DEBUG o.a.netty.handler.HttpHandler - 

Request DefaultFullHttpRequest(decodeResult: success, version: HTTP/1.1, content: EmptyByteBufBE)
GET /session/b205c0df6a3e502296ddd6b56ce4ad20/element/7b4d47d9-ed0e-45a6-8e29-4f4926d0c4e1/enabled HTTP/1.1
User-Agent: selenium/4.1.2 (java windows)
Cache-Control: no-cache
Content-Type: application/json; charset=utf-8
host: localhost:60677
accept: */*

Response DefaultHttpResponse(decodeResult: success, version: HTTP/1.1)
HTTP/1.1 200 OK
Content-Type: application/json; charset=utf-8
cache-control: no-cache
content-length: 14

16:39:31.875 [AsyncHttpClient-1-8] DEBUG o.a.netty.channel.ChannelManager - Adding key: http://localhost:60677 for channel [id: 0xbd65f83f, L:/127.0.0.1:53107 - R:localhost/127.0.0.1:60677]
16:39:31.877 [Forwarding findElement on session b205c0df6a3e502296ddd6b56ce4ad20 to remote] DEBUG o.a.netty.request.NettyRequestSender - Using pooled Channel '[id: 0xbd65f83f, L:/127.0.0.1:53107 - R:localhost/127.0.0.1:60677]' for 'POST' to 'http://localhost:60677/session/b205c0df6a3e502296ddd6b56ce4ad20/element'
16:39:31.877 [Forwarding findElement on session b205c0df6a3e502296ddd6b56ce4ad20 to remote] DEBUG o.a.netty.request.NettyRequestSender - Using open Channel [id: 0xbd65f83f, L:/127.0.0.1:53107 - R:localhost/127.0.0.1:60677] for POST '/session/b205c0df6a3e502296ddd6b56ce4ad20/element'
16:39:31.890 [AsyncHttpClient-1-8] DEBUG o.a.netty.handler.HttpHandler - 

Request DefaultHttpRequest(decodeResult: success, version: HTTP/1.1)
POST /session/b205c0df6a3e502296ddd6b56ce4ad20/element HTTP/1.1
User-Agent: selenium/4.1.2 (java windows)
Content-Length: 125
Content-Type: application/json; charset=utf-8
host: localhost:60677
accept: */*

Response DefaultHttpResponse(decodeResult: success, version: HTTP/1.1)
HTTP/1.1 200 OK
Content-Type: application/json; charset=utf-8
cache-control: no-cache
content-length: 88

16:39:31.890 [AsyncHttpClient-1-8] DEBUG o.a.netty.channel.ChannelManager - Adding key: http://localhost:60677 for channel [id: 0xbd65f83f, L:/127.0.0.1:53107 - R:localhost/127.0.0.1:60677]
16:39:31.894 [Forwarding isElementDisplayed on session b205c0df6a3e502296ddd6b56ce4ad20 to remote] DEBUG o.a.netty.request.NettyRequestSender - Using pooled Channel '[id: 0xbd65f83f, L:/127.0.0.1:53107 - R:localhost/127.0.0.1:60677]' for 'POST' to 'http://localhost:60677/session/b205c0df6a3e502296ddd6b56ce4ad20/execute/sync'
16:39:31.894 [Forwarding isElementDisplayed on session b205c0df6a3e502296ddd6b56ce4ad20 to remote] DEBUG o.a.netty.request.NettyRequestSender - Using open Channel [id: 0xbd65f83f, L:/127.0.0.1:53107 - R:localhost/127.0.0.1:60677] for POST '/session/b205c0df6a3e502296ddd6b56ce4ad20/execute/sync'
16:39:31.904 [AsyncHttpClient-1-8] DEBUG o.a.netty.handler.HttpHandler - 

Request DefaultHttpRequest(decodeResult: success, version: HTTP/1.1)
POST /session/b205c0df6a3e502296ddd6b56ce4ad20/execute/sync HTTP/1.1
User-Agent: selenium/4.1.2 (java windows)
Content-Length: 48780
Content-Type: application/json; charset=utf-8
host: localhost:60677
accept: */*

Response DefaultHttpResponse(decodeResult: success, version: HTTP/1.1)
HTTP/1.1 200 OK
Content-Type: application/json; charset=utf-8
cache-control: no-cache
content-length: 14

16:39:31.905 [AsyncHttpClient-1-8] DEBUG o.a.netty.channel.ChannelManager - Adding key: http://localhost:60677 for channel [id: 0xbd65f83f, L:/127.0.0.1:53107 - R:localhost/127.0.0.1:60677]
16:39:31.906 [Forwarding findElement on session b205c0df6a3e502296ddd6b56ce4ad20 to remote] DEBUG o.a.netty.request.NettyRequestSender - Using pooled Channel '[id: 0xbd65f83f, L:/127.0.0.1:53107 - R:localhost/127.0.0.1:60677]' for 'POST' to 'http://localhost:60677/session/b205c0df6a3e502296ddd6b56ce4ad20/element'
16:39:31.906 [Forwarding findElement on session b205c0df6a3e502296ddd6b56ce4ad20 to remote] DEBUG o.a.netty.request.NettyRequestSender - Using open Channel [id: 0xbd65f83f, L:/127.0.0.1:53107 - R:localhost/127.0.0.1:60677] for POST '/session/b205c0df6a3e502296ddd6b56ce4ad20/element'
16:39:31.912 [AsyncHttpClient-1-8] DEBUG o.a.netty.handler.HttpHandler - 

Request DefaultHttpRequest(decodeResult: success, version: HTTP/1.1)
POST /session/b205c0df6a3e502296ddd6b56ce4ad20/element HTTP/1.1
User-Agent: selenium/4.1.2 (java windows)
Content-Length: 125
Content-Type: application/json; charset=utf-8
host: localhost:60677
accept: */*

Response DefaultHttpResponse(decodeResult: success, version: HTTP/1.1)
HTTP/1.1 200 OK
Content-Type: application/json; charset=utf-8
cache-control: no-cache
content-length: 88

16:39:31.912 [AsyncHttpClient-1-8] DEBUG o.a.netty.channel.ChannelManager - Adding key: http://localhost:60677 for channel [id: 0xbd65f83f, L:/127.0.0.1:53107 - R:localhost/127.0.0.1:60677]
16:39:31.916 [Forwarding isElementDisplayed on session b205c0df6a3e502296ddd6b56ce4ad20 to remote] DEBUG o.a.netty.request.NettyRequestSender - Using pooled Channel '[id: 0xbd65f83f, L:/127.0.0.1:53107 - R:localhost/127.0.0.1:60677]' for 'POST' to 'http://localhost:60677/session/b205c0df6a3e502296ddd6b56ce4ad20/execute/sync'
16:39:31.916 [Forwarding isElementDisplayed on session b205c0df6a3e502296ddd6b56ce4ad20 to remote] DEBUG o.a.netty.request.NettyRequestSender - Using open Channel [id: 0xbd65f83f, L:/127.0.0.1:53107 - R:localhost/127.0.0.1:60677] for POST '/session/b205c0df6a3e502296ddd6b56ce4ad20/execute/sync'
16:39:31.926 [AsyncHttpClient-1-8] DEBUG o.a.netty.handler.HttpHandler - 

Request DefaultHttpRequest(decodeResult: success, version: HTTP/1.1)
POST /session/b205c0df6a3e502296ddd6b56ce4ad20/execute/sync HTTP/1.1
User-Agent: selenium/4.1.2 (java windows)
Content-Length: 48780
Content-Type: application/json; charset=utf-8
host: localhost:60677
accept: */*

Response DefaultHttpResponse(decodeResult: success, version: HTTP/1.1)
HTTP/1.1 200 OK
Content-Type: application/json; charset=utf-8
cache-control: no-cache
content-length: 14

16:39:31.926 [AsyncHttpClient-1-8] DEBUG o.a.netty.channel.ChannelManager - Adding key: http://localhost:60677 for channel [id: 0xbd65f83f, L:/127.0.0.1:53107 - R:localhost/127.0.0.1:60677]
16:39:31.927 [Forwarding findElement on session b205c0df6a3e502296ddd6b56ce4ad20 to remote] DEBUG o.a.netty.request.NettyRequestSender - Using pooled Channel '[id: 0xbd65f83f, L:/127.0.0.1:53107 - R:localhost/127.0.0.1:60677]' for 'POST' to 'http://localhost:60677/session/b205c0df6a3e502296ddd6b56ce4ad20/element'
16:39:31.927 [Forwarding findElement on session b205c0df6a3e502296ddd6b56ce4ad20 to remote] DEBUG o.a.netty.request.NettyRequestSender - Using open Channel [id: 0xbd65f83f, L:/127.0.0.1:53107 - R:localhost/127.0.0.1:60677] for POST '/session/b205c0df6a3e502296ddd6b56ce4ad20/element'
16:39:31.933 [AsyncHttpClient-1-8] DEBUG o.a.netty.handler.HttpHandler - 

Request DefaultHttpRequest(decodeResult: success, version: HTTP/1.1)
POST /session/b205c0df6a3e502296ddd6b56ce4ad20/element HTTP/1.1
User-Agent: selenium/4.1.2 (java windows)
Content-Length: 125
Content-Type: application/json; charset=utf-8
host: localhost:60677
accept: */*

Response DefaultHttpResponse(decodeResult: success, version: HTTP/1.1)
HTTP/1.1 200 OK
Content-Type: application/json; charset=utf-8
cache-control: no-cache
content-length: 88

16:39:31.933 [AsyncHttpClient-1-8] DEBUG o.a.netty.channel.ChannelManager - Adding key: http://localhost:60677 for channel [id: 0xbd65f83f, L:/127.0.0.1:53107 - R:localhost/127.0.0.1:60677]
16:39:31.934 [Forwarding isElementEnabled on session b205c0df6a3e502296ddd6b56ce4ad20 to remote] DEBUG o.a.netty.request.NettyRequestSender - Using pooled Channel '[id: 0xbd65f83f, L:/127.0.0.1:53107 - R:localhost/127.0.0.1:60677]' for 'GET' to 'http://localhost:60677/session/b205c0df6a3e502296ddd6b56ce4ad20/element/1ec9925c-18e5-41f3-88d4-c13576b0ee87/enabled'
16:39:31.934 [Forwarding isElementEnabled on session b205c0df6a3e502296ddd6b56ce4ad20 to remote] DEBUG o.a.netty.request.NettyRequestSender - Using open Channel [id: 0xbd65f83f, L:/127.0.0.1:53107 - R:localhost/127.0.0.1:60677] for GET '/session/b205c0df6a3e502296ddd6b56ce4ad20/element/1ec9925c-18e5-41f3-88d4-c13576b0ee87/enabled'
16:39:31.942 [AsyncHttpClient-1-8] DEBUG o.a.netty.handler.HttpHandler - 

Request DefaultFullHttpRequest(decodeResult: success, version: HTTP/1.1, content: EmptyByteBufBE)
GET /session/b205c0df6a3e502296ddd6b56ce4ad20/element/1ec9925c-18e5-41f3-88d4-c13576b0ee87/enabled HTTP/1.1
User-Agent: selenium/4.1.2 (java windows)
Cache-Control: no-cache
Content-Type: application/json; charset=utf-8
host: localhost:60677
accept: */*

Response DefaultHttpResponse(decodeResult: success, version: HTTP/1.1)
HTTP/1.1 200 OK
Content-Type: application/json; charset=utf-8
cache-control: no-cache
content-length: 14

16:39:31.942 [AsyncHttpClient-1-8] DEBUG o.a.netty.channel.ChannelManager - Adding key: http://localhost:60677 for channel [id: 0xbd65f83f, L:/127.0.0.1:53107 - R:localhost/127.0.0.1:60677]
  &amp#27;[32mAnd &amp#27;[0m&amp#27;[32muser verify the Login Page Elements is Visible&amp#27;[0m                                                   &amp#27;[90m# stepdefinitions.LoginPageSteps.user_verify_the_login_page_elements_is_visible()&amp#27;[0m
16:39:32.049 [AsyncHttpClient-1-1] DEBUG o.a.netty.channel.DefaultChannelPool - Entry count for : http://localhost:53108 : 1
16:39:32.049 [AsyncHttpClient-1-1] DEBUG o.a.netty.channel.DefaultChannelPool - Entry count for : http://localhost:60677 : 1
16:39:33.150 [AsyncHttpClient-1-1] DEBUG o.a.netty.channel.DefaultChannelPool - Entry count for : http://localhost:53108 : 1
16:39:33.150 [AsyncHttpClient-1-1] DEBUG o.a.netty.channel.DefaultChannelPool - Entry count for : http://localhost:60677 : 1
16:39:33.954 [Forwarding findElement on session b205c0df6a3e502296ddd6b56ce4ad20 to remote] DEBUG o.a.netty.request.NettyRequestSender - Using pooled Channel '[id: 0xbd65f83f, L:/127.0.0.1:53107 - R:localhost/127.0.0.1:60677]' for 'POST' to 'http://localhost:60677/session/b205c0df6a3e502296ddd6b56ce4ad20/element'
16:39:33.954 [Forwarding findElement on session b205c0df6a3e502296ddd6b56ce4ad20 to remote] DEBUG o.a.netty.request.NettyRequestSender - Using open Channel [id: 0xbd65f83f, L:/127.0.0.1:53107 - R:localhost/127.0.0.1:60677] for POST '/session/b205c0df6a3e502296ddd6b56ce4ad20/element'
16:39:33.961 [AsyncHttpClient-1-8] DEBUG o.a.netty.handler.HttpHandler - 

Request DefaultHttpRequest(decodeResult: success, version: HTTP/1.1)
POST /session/b205c0df6a3e502296ddd6b56ce4ad20/element HTTP/1.1
User-Agent: selenium/4.1.2 (java windows)
Content-Length: 128
Content-Type: application/json; charset=utf-8
host: localhost:60677
accept: */*

Response DefaultHttpResponse(decodeResult: success, version: HTTP/1.1)
HTTP/1.1 200 OK
Content-Type: application/json; charset=utf-8
cache-control: no-cache
content-length: 88

16:39:33.961 [AsyncHttpClient-1-8] DEBUG o.a.netty.channel.ChannelManager - Adding key: http://localhost:60677 for channel [id: 0xbd65f83f, L:/127.0.0.1:53107 - R:localhost/127.0.0.1:60677]
16:39:33.962 [Forwarding sendKeysToElement on session b205c0df6a3e502296ddd6b56ce4ad20 to remote] DEBUG o.a.netty.request.NettyRequestSender - Using pooled Channel '[id: 0xbd65f83f, L:/127.0.0.1:53107 - R:localhost/127.0.0.1:60677]' for 'POST' to 'http://localhost:60677/session/b205c0df6a3e502296ddd6b56ce4ad20/element/69dddbca-2730-4178-9021-e98de5014002/value'
16:39:33.962 [Forwarding sendKeysToElement on session b205c0df6a3e502296ddd6b56ce4ad20 to remote] DEBUG o.a.netty.request.NettyRequestSender - Using open Channel [id: 0xbd65f83f, L:/127.0.0.1:53107 - R:localhost/127.0.0.1:60677] for POST '/session/b205c0df6a3e502296ddd6b56ce4ad20/element/69dddbca-2730-4178-9021-e98de5014002/value'
16:39:33.998 [AsyncHttpClient-1-8] DEBUG o.a.netty.handler.HttpHandler - 

Request DefaultHttpRequest(decodeResult: success, version: HTTP/1.1)
POST /session/b205c0df6a3e502296ddd6b56ce4ad20/element/69dddbca-2730-4178-9021-e98de5014002/value HTTP/1.1
User-Agent: selenium/4.1.2 (java windows)
Content-Length: 191
Content-Type: application/json; charset=utf-8
host: localhost:60677
accept: */*

Response DefaultHttpResponse(decodeResult: success, version: HTTP/1.1)
HTTP/1.1 200 OK
Content-Type: application/json; charset=utf-8
cache-control: no-cache
content-length: 14

16:39:33.998 [AsyncHttpClient-1-8] DEBUG o.a.netty.channel.ChannelManager - Adding key: http://localhost:60677 for channel [id: 0xbd65f83f, L:/127.0.0.1:53107 - R:localhost/127.0.0.1:60677]
16:39:33.999 [Forwarding findElement on session b205c0df6a3e502296ddd6b56ce4ad20 to remote] DEBUG o.a.netty.request.NettyRequestSender - Using pooled Channel '[id: 0xbd65f83f, L:/127.0.0.1:53107 - R:localhost/127.0.0.1:60677]' for 'POST' to 'http://localhost:60677/session/b205c0df6a3e502296ddd6b56ce4ad20/element'
16:39:33.999 [Forwarding findElement on session b205c0df6a3e502296ddd6b56ce4ad20 to remote] DEBUG o.a.netty.request.NettyRequestSender - Using open Channel [id: 0xbd65f83f, L:/127.0.0.1:53107 - R:localhost/127.0.0.1:60677] for POST '/session/b205c0df6a3e502296ddd6b56ce4ad20/element'
16:39:34.007 [AsyncHttpClient-1-8] DEBUG o.a.netty.handler.HttpHandler - 

Request DefaultHttpRequest(decodeResult: success, version: HTTP/1.1)
POST /session/b205c0df6a3e502296ddd6b56ce4ad20/element HTTP/1.1
User-Agent: selenium/4.1.2 (java windows)
Content-Length: 132
Content-Type: application/json; charset=utf-8
host: localhost:60677
accept: */*

Response DefaultHttpResponse(decodeResult: success, version: HTTP/1.1)
HTTP/1.1 200 OK
Content-Type: application/json; charset=utf-8
cache-control: no-cache
content-length: 88

16:39:34.007 [AsyncHttpClient-1-8] DEBUG o.a.netty.channel.ChannelManager - Adding key: http://localhost:60677 for channel [id: 0xbd65f83f, L:/127.0.0.1:53107 - R:localhost/127.0.0.1:60677]
16:39:34.008 [Forwarding sendKeysToElement on session b205c0df6a3e502296ddd6b56ce4ad20 to remote] DEBUG o.a.netty.request.NettyRequestSender - Using pooled Channel '[id: 0xbd65f83f, L:/127.0.0.1:53107 - R:localhost/127.0.0.1:60677]' for 'POST' to 'http://localhost:60677/session/b205c0df6a3e502296ddd6b56ce4ad20/element/7b4d47d9-ed0e-45a6-8e29-4f4926d0c4e1/value'
16:39:34.008 [Forwarding sendKeysToElement on session b205c0df6a3e502296ddd6b56ce4ad20 to remote] DEBUG o.a.netty.request.NettyRequestSender - Using open Channel [id: 0xbd65f83f, L:/127.0.0.1:53107 - R:localhost/127.0.0.1:60677] for POST '/session/b205c0df6a3e502296ddd6b56ce4ad20/element/7b4d47d9-ed0e-45a6-8e29-4f4926d0c4e1/value'
16:39:34.057 [AsyncHttpClient-1-8] DEBUG o.a.netty.handler.HttpHandler - 

Request DefaultHttpRequest(decodeResult: success, version: HTTP/1.1)
POST /session/b205c0df6a3e502296ddd6b56ce4ad20/element/7b4d47d9-ed0e-45a6-8e29-4f4926d0c4e1/value HTTP/1.1
User-Agent: selenium/4.1.2 (java windows)
Content-Length: 231
Content-Type: application/json; charset=utf-8
host: localhost:60677
accept: */*

Response DefaultHttpResponse(decodeResult: success, version: HTTP/1.1)
HTTP/1.1 200 OK
Content-Type: application/json; charset=utf-8
cache-control: no-cache
content-length: 14

16:39:34.057 [AsyncHttpClient-1-8] DEBUG o.a.netty.channel.ChannelManager - Adding key: http://localhost:60677 for channel [id: 0xbd65f83f, L:/127.0.0.1:53107 - R:localhost/127.0.0.1:60677]
16:39:34.058 [Forwarding findElement on session b205c0df6a3e502296ddd6b56ce4ad20 to remote] DEBUG o.a.netty.request.NettyRequestSender - Using pooled Channel '[id: 0xbd65f83f, L:/127.0.0.1:53107 - R:localhost/127.0.0.1:60677]' for 'POST' to 'http://localhost:60677/session/b205c0df6a3e502296ddd6b56ce4ad20/element'
16:39:34.058 [Forwarding findElement on session b205c0df6a3e502296ddd6b56ce4ad20 to remote] DEBUG o.a.netty.request.NettyRequestSender - Using open Channel [id: 0xbd65f83f, L:/127.0.0.1:53107 - R:localhost/127.0.0.1:60677] for POST '/session/b205c0df6a3e502296ddd6b56ce4ad20/element'
16:39:34.065 [AsyncHttpClient-1-8] DEBUG o.a.netty.handler.HttpHandler - 

Request DefaultHttpRequest(decodeResult: success, version: HTTP/1.1)
POST /session/b205c0df6a3e502296ddd6b56ce4ad20/element HTTP/1.1
User-Agent: selenium/4.1.2 (java windows)
Content-Length: 125
Content-Type: application/json; charset=utf-8
host: localhost:60677
accept: */*

Response DefaultHttpResponse(decodeResult: success, version: HTTP/1.1)
HTTP/1.1 200 OK
Content-Type: application/json; charset=utf-8
cache-control: no-cache
content-length: 88

16:39:34.065 [AsyncHttpClient-1-8] DEBUG o.a.netty.channel.ChannelManager - Adding key: http://localhost:60677 for channel [id: 0xbd65f83f, L:/127.0.0.1:53107 - R:localhost/127.0.0.1:60677]
16:39:34.066 [Forwarding clickElement on session b205c0df6a3e502296ddd6b56ce4ad20 to remote] DEBUG o.a.netty.request.NettyRequestSender - Using pooled Channel '[id: 0xbd65f83f, L:/127.0.0.1:53107 - R:localhost/127.0.0.1:60677]' for 'POST' to 'http://localhost:60677/session/b205c0df6a3e502296ddd6b56ce4ad20/element/1ec9925c-18e5-41f3-88d4-c13576b0ee87/click'
16:39:34.066 [Forwarding clickElement on session b205c0df6a3e502296ddd6b56ce4ad20 to remote] DEBUG o.a.netty.request.NettyRequestSender - Using open Channel [id: 0xbd65f83f, L:/127.0.0.1:53107 - R:localhost/127.0.0.1:60677] for POST '/session/b205c0df6a3e502296ddd6b56ce4ad20/element/1ec9925c-18e5-41f3-88d4-c13576b0ee87/click'
16:39:34.152 [AsyncHttpClient-1-8] DEBUG o.a.netty.handler.HttpHandler - 

Request DefaultHttpRequest(decodeResult: success, version: HTTP/1.1)
POST /session/b205c0df6a3e502296ddd6b56ce4ad20/element/1ec9925c-18e5-41f3-88d4-c13576b0ee87/click HTTP/1.1
User-Agent: selenium/4.1.2 (java windows)
Content-Length: 50
Content-Type: application/json; charset=utf-8
host: localhost:60677
accept: */*

Response DefaultHttpResponse(decodeResult: success, version: HTTP/1.1)
HTTP/1.1 200 OK
Content-Type: application/json; charset=utf-8
cache-control: no-cache
content-length: 14

16:39:34.152 [AsyncHttpClient-1-8] DEBUG o.a.netty.channel.ChannelManager - Adding key: http://localhost:60677 for channel [id: 0xbd65f83f, L:/127.0.0.1:53107 - R:localhost/127.0.0.1:60677]
16:39:34.153 [Forwarding findElement on session b205c0df6a3e502296ddd6b56ce4ad20 to remote] DEBUG o.a.netty.request.NettyRequestSender - Using pooled Channel '[id: 0xbd65f83f, L:/127.0.0.1:53107 - R:localhost/127.0.0.1:60677]' for 'POST' to 'http://localhost:60677/session/b205c0df6a3e502296ddd6b56ce4ad20/element'
16:39:34.153 [Forwarding findElement on session b205c0df6a3e502296ddd6b56ce4ad20 to remote] DEBUG o.a.netty.request.NettyRequestSender - Using open Channel [id: 0xbd65f83f, L:/127.0.0.1:53107 - R:localhost/127.0.0.1:60677] for POST '/session/b205c0df6a3e502296ddd6b56ce4ad20/element'
16:39:34.167 [AsyncHttpClient-1-8] DEBUG o.a.netty.handler.HttpHandler - 

Request DefaultHttpRequest(decodeResult: success, version: HTTP/1.1)
POST /session/b205c0df6a3e502296ddd6b56ce4ad20/element HTTP/1.1
User-Agent: selenium/4.1.2 (java windows)
Content-Length: 75
Content-Type: application/json; charset=utf-8
host: localhost:60677
accept: */*

Response DefaultHttpResponse(decodeResult: success, version: HTTP/1.1)
HTTP/1.1 200 OK
Content-Type: application/json; charset=utf-8
cache-control: no-cache
content-length: 88

16:39:34.167 [AsyncHttpClient-1-8] DEBUG o.a.netty.channel.ChannelManager - Adding key: http://localhost:60677 for channel [id: 0xbd65f83f, L:/127.0.0.1:53107 - R:localhost/127.0.0.1:60677]
16:39:34.172 [Forwarding isElementDisplayed on session b205c0df6a3e502296ddd6b56ce4ad20 to remote] DEBUG o.a.netty.request.NettyRequestSender - Using pooled Channel '[id: 0xbd65f83f, L:/127.0.0.1:53107 - R:localhost/127.0.0.1:60677]' for 'POST' to 'http://localhost:60677/session/b205c0df6a3e502296ddd6b56ce4ad20/execute/sync'
16:39:34.172 [Forwarding isElementDisplayed on session b205c0df6a3e502296ddd6b56ce4ad20 to remote] DEBUG o.a.netty.request.NettyRequestSender - Using open Channel [id: 0xbd65f83f, L:/127.0.0.1:53107 - R:localhost/127.0.0.1:60677] for POST '/session/b205c0df6a3e502296ddd6b56ce4ad20/execute/sync'
16:39:34.189 [AsyncHttpClient-1-8] DEBUG o.a.netty.handler.HttpHandler - 

Request DefaultHttpRequest(decodeResult: success, version: HTTP/1.1)
POST /session/b205c0df6a3e502296ddd6b56ce4ad20/execute/sync HTTP/1.1
User-Agent: selenium/4.1.2 (java windows)
Content-Length: 48780
Content-Type: application/json; charset=utf-8
host: localhost:60677
accept: */*

Response DefaultHttpResponse(decodeResult: success, version: HTTP/1.1)
HTTP/1.1 200 OK
Content-Type: application/json; charset=utf-8
cache-control: no-cache
content-length: 15

16:39:34.189 [AsyncHttpClient-1-8] DEBUG o.a.netty.channel.ChannelManager - Adding key: http://localhost:60677 for channel [id: 0xbd65f83f, L:/127.0.0.1:53107 - R:localhost/127.0.0.1:60677]
16:39:34.250 [AsyncHttpClient-1-1] DEBUG o.a.netty.channel.DefaultChannelPool - Entry count for : http://localhost:53108 : 1
16:39:34.250 [AsyncHttpClient-1-1] DEBUG o.a.netty.channel.DefaultChannelPool - Entry count for : http://localhost:60677 : 1
16:39:34.691 [Forwarding findElement on session b205c0df6a3e502296ddd6b56ce4ad20 to remote] DEBUG o.a.netty.request.NettyRequestSender - Using pooled Channel '[id: 0xbd65f83f, L:/127.0.0.1:53107 - R:localhost/127.0.0.1:60677]' for 'POST' to 'http://localhost:60677/session/b205c0df6a3e502296ddd6b56ce4ad20/element'
16:39:34.691 [Forwarding findElement on session b205c0df6a3e502296ddd6b56ce4ad20 to remote] DEBUG o.a.netty.request.NettyRequestSender - Using open Channel [id: 0xbd65f83f, L:/127.0.0.1:53107 - R:localhost/127.0.0.1:60677] for POST '/session/b205c0df6a3e502296ddd6b56ce4ad20/element'
16:39:34.698 [AsyncHttpClient-1-8] DEBUG o.a.netty.handler.HttpHandler - 

Request DefaultHttpRequest(decodeResult: success, version: HTTP/1.1)
POST /session/b205c0df6a3e502296ddd6b56ce4ad20/element HTTP/1.1
User-Agent: selenium/4.1.2 (java windows)
Content-Length: 75
Content-Type: application/json; charset=utf-8
host: localhost:60677
accept: */*

Response DefaultHttpResponse(decodeResult: success, version: HTTP/1.1)
HTTP/1.1 200 OK
Content-Type: application/json; charset=utf-8
cache-control: no-cache
content-length: 88

16:39:34.699 [AsyncHttpClient-1-8] DEBUG o.a.netty.channel.ChannelManager - Adding key: http://localhost:60677 for channel [id: 0xbd65f83f, L:/127.0.0.1:53107 - R:localhost/127.0.0.1:60677]
16:39:34.702 [Forwarding isElementDisplayed on session b205c0df6a3e502296ddd6b56ce4ad20 to remote] DEBUG o.a.netty.request.NettyRequestSender - Using pooled Channel '[id: 0xbd65f83f, L:/127.0.0.1:53107 - R:localhost/127.0.0.1:60677]' for 'POST' to 'http://localhost:60677/session/b205c0df6a3e502296ddd6b56ce4ad20/execute/sync'
16:39:34.702 [Forwarding isElementDisplayed on session b205c0df6a3e502296ddd6b56ce4ad20 to remote] DEBUG o.a.netty.request.NettyRequestSender - Using open Channel [id: 0xbd65f83f, L:/127.0.0.1:53107 - R:localhost/127.0.0.1:60677] for POST '/session/b205c0df6a3e502296ddd6b56ce4ad20/execute/sync'
16:39:34.711 [AsyncHttpClient-1-8] DEBUG o.a.netty.handler.HttpHandler - 

Request DefaultHttpRequest(decodeResult: success, version: HTTP/1.1)
POST /session/b205c0df6a3e502296ddd6b56ce4ad20/execute/sync HTTP/1.1
User-Agent: selenium/4.1.2 (java windows)
Content-Length: 48780
Content-Type: application/json; charset=utf-8
host: localhost:60677
accept: */*

Response DefaultHttpResponse(decodeResult: success, version: HTTP/1.1)
HTTP/1.1 200 OK
Content-Type: application/json; charset=utf-8
cache-control: no-cache
content-length: 14

16:39:34.711 [AsyncHttpClient-1-8] DEBUG o.a.netty.channel.ChannelManager - Adding key: http://localhost:60677 for channel [id: 0xbd65f83f, L:/127.0.0.1:53107 - R:localhost/127.0.0.1:60677]
16:39:34.712 [Forwarding getElementText on session b205c0df6a3e502296ddd6b56ce4ad20 to remote] DEBUG o.a.netty.request.NettyRequestSender - Using pooled Channel '[id: 0xbd65f83f, L:/127.0.0.1:53107 - R:localhost/127.0.0.1:60677]' for 'GET' to 'http://localhost:60677/session/b205c0df6a3e502296ddd6b56ce4ad20/element/10565fa3-82db-4728-9858-678e5726e9ff/text'
16:39:34.712 [Forwarding getElementText on session b205c0df6a3e502296ddd6b56ce4ad20 to remote] DEBUG o.a.netty.request.NettyRequestSender - Using open Channel [id: 0xbd65f83f, L:/127.0.0.1:53107 - R:localhost/127.0.0.1:60677] for GET '/session/b205c0df6a3e502296ddd6b56ce4ad20/element/10565fa3-82db-4728-9858-678e5726e9ff/text'
16:39:34.726 [AsyncHttpClient-1-8] DEBUG o.a.netty.handler.HttpHandler - 

Request DefaultFullHttpRequest(decodeResult: success, version: HTTP/1.1, content: EmptyByteBufBE)
GET /session/b205c0df6a3e502296ddd6b56ce4ad20/element/10565fa3-82db-4728-9858-678e5726e9ff/text HTTP/1.1
User-Agent: selenium/4.1.2 (java windows)
Cache-Control: no-cache
Content-Type: application/json; charset=utf-8
host: localhost:60677
accept: */*

Response DefaultHttpResponse(decodeResult: success, version: HTTP/1.1)
HTTP/1.1 200 OK
Content-Type: application/json; charset=utf-8
cache-control: no-cache
content-length: 59

16:39:34.726 [AsyncHttpClient-1-8] DEBUG o.a.netty.channel.ChannelManager - Adding key: http://localhost:60677 for channel [id: 0xbd65f83f, L:/127.0.0.1:53107 - R:localhost/127.0.0.1:60677]
16:39:35.359 [AsyncHttpClient-1-1] DEBUG o.a.netty.channel.DefaultChannelPool - Entry count for : http://localhost:53108 : 1
16:39:35.359 [AsyncHttpClient-1-1] DEBUG o.a.netty.channel.DefaultChannelPool - Entry count for : http://localhost:60677 : 1
16:39:36.449 [AsyncHttpClient-1-1] DEBUG o.a.netty.channel.DefaultChannelPool - Entry count for : http://localhost:53108 : 1
16:39:36.449 [AsyncHttpClient-1-1] DEBUG o.a.netty.channel.DefaultChannelPool - Entry count for : http://localhost:60677 : 1
  &amp#27;[32mWhen &amp#27;[0m&amp#27;[32muser login using invalid credentials with username &amp#27;[0m&amp#27;[32m&amp#27;[1m"invalidUser"&amp#27;[0m&amp#27;[32m and password &amp#27;[0m&amp#27;[32m&amp#27;[1m"InvalidPassword"&amp#27;[0m &amp#27;[90m# stepdefinitions.LoginPageSteps.user_login_using_invalid_credentials_with_username_and_password(java.lang.String,java.lang.String)&amp#27;[0m
16:39:36.736 [Forwarding getTitle on session b205c0df6a3e502296ddd6b56ce4ad20 to remote] DEBUG o.a.netty.request.NettyRequestSender - Using pooled Channel '[id: 0xbd65f83f, L:/127.0.0.1:53107 - R:localhost/127.0.0.1:60677]' for 'GET' to 'http://localhost:60677/session/b205c0df6a3e502296ddd6b56ce4ad20/title'
16:39:36.736 [Forwarding getTitle on session b205c0df6a3e502296ddd6b56ce4ad20 to remote] DEBUG o.a.netty.request.NettyRequestSender - Using open Channel [id: 0xbd65f83f, L:/127.0.0.1:53107 - R:localhost/127.0.0.1:60677] for GET '/session/b205c0df6a3e502296ddd6b56ce4ad20/title'
16:39:36.739 [AsyncHttpClient-1-8] DEBUG o.a.netty.handler.HttpHandler - 

Request DefaultFullHttpRequest(decodeResult: success, version: HTTP/1.1, content: EmptyByteBufBE)
GET /session/b205c0df6a3e502296ddd6b56ce4ad20/title HTTP/1.1
User-Agent: selenium/4.1.2 (java windows)
Cache-Control: no-cache
Content-Type: application/json; charset=utf-8
host: localhost:60677
accept: */*

Response DefaultHttpResponse(decodeResult: success, version: HTTP/1.1)
HTTP/1.1 200 OK
Content-Type: application/json; charset=utf-8
cache-control: no-cache
content-length: 22

16:39:36.739 [AsyncHttpClient-1-8] DEBUG o.a.netty.channel.ChannelManager - Adding key: http://localhost:60677 for channel [id: 0xbd65f83f, L:/127.0.0.1:53107 - R:localhost/127.0.0.1:60677]
16:39:36.740 [Forwarding getTitle on session b205c0df6a3e502296ddd6b56ce4ad20 to remote] DEBUG o.a.netty.request.NettyRequestSender - Using pooled Channel '[id: 0xbd65f83f, L:/127.0.0.1:53107 - R:localhost/127.0.0.1:60677]' for 'GET' to 'http://localhost:60677/session/b205c0df6a3e502296ddd6b56ce4ad20/title'
16:39:36.740 [Forwarding getTitle on session b205c0df6a3e502296ddd6b56ce4ad20 to remote] DEBUG o.a.netty.request.NettyRequestSender - Using open Channel [id: 0xbd65f83f, L:/127.0.0.1:53107 - R:localhost/127.0.0.1:60677] for GET '/session/b205c0df6a3e502296ddd6b56ce4ad20/title'
16:39:36.743 [AsyncHttpClient-1-8] DEBUG o.a.netty.handler.HttpHandler - 

Request DefaultFullHttpRequest(decodeResult: success, version: HTTP/1.1, content: EmptyByteBufBE)
GET /session/b205c0df6a3e502296ddd6b56ce4ad20/title HTTP/1.1
User-Agent: selenium/4.1.2 (java windows)
Cache-Control: no-cache
Content-Type: application/json; charset=utf-8
host: localhost:60677
accept: */*

Response DefaultHttpResponse(decodeResult: success, version: HTTP/1.1)
HTTP/1.1 200 OK
Content-Type: application/json; charset=utf-8
cache-control: no-cache
content-length: 22

16:39:36.743 [AsyncHttpClient-1-8] DEBUG o.a.netty.channel.ChannelManager - Adding key: http://localhost:60677 for channel [id: 0xbd65f83f, L:/127.0.0.1:53107 - R:localhost/127.0.0.1:60677]
16:39:37.556 [AsyncHttpClient-1-1] DEBUG o.a.netty.channel.DefaultChannelPool - Entry count for : http://localhost:53108 : 1
16:39:37.556 [AsyncHttpClient-1-1] DEBUG o.a.netty.channel.DefaultChannelPool - Entry count for : http://localhost:60677 : 1
16:39:38.664 [AsyncHttpClient-1-1] DEBUG o.a.netty.channel.DefaultChannelPool - Entry count for : http://localhost:53108 : 1
16:39:38.664 [AsyncHttpClient-1-1] DEBUG o.a.netty.channel.DefaultChannelPool - Entry count for : http://localhost:60677 : 1
16:39:39.755 [AsyncHttpClient-1-1] DEBUG o.a.netty.channel.DefaultChannelPool - Entry count for : http://localhost:53108 : 1
16:39:39.755 [AsyncHttpClient-1-1] DEBUG o.a.netty.channel.DefaultChannelPool - Entry count for : http://localhost:60677 : 1
16:39:40.858 [AsyncHttpClient-1-1] DEBUG o.a.netty.channel.DefaultChannelPool - Entry count for : http://localhost:53108 : 1
16:39:40.858 [AsyncHttpClient-1-1] DEBUG o.a.netty.channel.DefaultChannelPool - Entry count for : http://localhost:60677 : 1
16:39:41.754 [Forwarding findElement on session b205c0df6a3e502296ddd6b56ce4ad20 to remote] DEBUG o.a.netty.request.NettyRequestSender - Using pooled Channel '[id: 0xbd65f83f, L:/127.0.0.1:53107 - R:localhost/127.0.0.1:60677]' for 'POST' to 'http://localhost:60677/session/b205c0df6a3e502296ddd6b56ce4ad20/element'
16:39:41.754 [Forwarding findElement on session b205c0df6a3e502296ddd6b56ce4ad20 to remote] DEBUG o.a.netty.request.NettyRequestSender - Using open Channel [id: 0xbd65f83f, L:/127.0.0.1:53107 - R:localhost/127.0.0.1:60677] for POST '/session/b205c0df6a3e502296ddd6b56ce4ad20/element'
16:39:41.761 [AsyncHttpClient-1-8] DEBUG o.a.netty.handler.HttpHandler - 

Request DefaultHttpRequest(decodeResult: success, version: HTTP/1.1)
POST /session/b205c0df6a3e502296ddd6b56ce4ad20/element HTTP/1.1
User-Agent: selenium/4.1.2 (java windows)
Content-Length: 75
Content-Type: application/json; charset=utf-8
host: localhost:60677
accept: */*

Response DefaultHttpResponse(decodeResult: success, version: HTTP/1.1)
HTTP/1.1 200 OK
Content-Type: application/json; charset=utf-8
cache-control: no-cache
content-length: 88

16:39:41.761 [AsyncHttpClient-1-8] DEBUG o.a.netty.channel.ChannelManager - Adding key: http://localhost:60677 for channel [id: 0xbd65f83f, L:/127.0.0.1:53107 - R:localhost/127.0.0.1:60677]
16:39:41.764 [Forwarding isElementDisplayed on session b205c0df6a3e502296ddd6b56ce4ad20 to remote] DEBUG o.a.netty.request.NettyRequestSender - Using pooled Channel '[id: 0xbd65f83f, L:/127.0.0.1:53107 - R:localhost/127.0.0.1:60677]' for 'POST' to 'http://localhost:60677/session/b205c0df6a3e502296ddd6b56ce4ad20/execute/sync'
16:39:41.765 [Forwarding isElementDisplayed on session b205c0df6a3e502296ddd6b56ce4ad20 to remote] DEBUG o.a.netty.request.NettyRequestSender - Using open Channel [id: 0xbd65f83f, L:/127.0.0.1:53107 - R:localhost/127.0.0.1:60677] for POST '/session/b205c0df6a3e502296ddd6b56ce4ad20/execute/sync'
16:39:41.773 [AsyncHttpClient-1-8] DEBUG o.a.netty.handler.HttpHandler - 

Request DefaultHttpRequest(decodeResult: success, version: HTTP/1.1)
POST /session/b205c0df6a3e502296ddd6b56ce4ad20/execute/sync HTTP/1.1
User-Agent: selenium/4.1.2 (java windows)
Content-Length: 48780
Content-Type: application/json; charset=utf-8
host: localhost:60677
accept: */*

Response DefaultHttpResponse(decodeResult: success, version: HTTP/1.1)
HTTP/1.1 200 OK
Content-Type: application/json; charset=utf-8
cache-control: no-cache
content-length: 14

16:39:41.773 [AsyncHttpClient-1-8] DEBUG o.a.netty.channel.ChannelManager - Adding key: http://localhost:60677 for channel [id: 0xbd65f83f, L:/127.0.0.1:53107 - R:localhost/127.0.0.1:60677]
16:39:41.774 [Forwarding getElementText on session b205c0df6a3e502296ddd6b56ce4ad20 to remote] DEBUG o.a.netty.request.NettyRequestSender - Using pooled Channel '[id: 0xbd65f83f, L:/127.0.0.1:53107 - R:localhost/127.0.0.1:60677]' for 'GET' to 'http://localhost:60677/session/b205c0df6a3e502296ddd6b56ce4ad20/element/10565fa3-82db-4728-9858-678e5726e9ff/text'
16:39:41.774 [Forwarding getElementText on session b205c0df6a3e502296ddd6b56ce4ad20 to remote] DEBUG o.a.netty.request.NettyRequestSender - Using open Channel [id: 0xbd65f83f, L:/127.0.0.1:53107 - R:localhost/127.0.0.1:60677] for GET '/session/b205c0df6a3e502296ddd6b56ce4ad20/element/10565fa3-82db-4728-9858-678e5726e9ff/text'
16:39:41.781 [AsyncHttpClient-1-8] DEBUG o.a.netty.handler.HttpHandler - 

Request DefaultFullHttpRequest(decodeResult: success, version: HTTP/1.1, content: EmptyByteBufBE)
GET /session/b205c0df6a3e502296ddd6b56ce4ad20/element/10565fa3-82db-4728-9858-678e5726e9ff/text HTTP/1.1
User-Agent: selenium/4.1.2 (java windows)
Cache-Control: no-cache
Content-Type: application/json; charset=utf-8
host: localhost:60677
accept: */*

Response DefaultHttpResponse(decodeResult: success, version: HTTP/1.1)
HTTP/1.1 200 OK
Content-Type: application/json; charset=utf-8
cache-control: no-cache
content-length: 59

16:39:41.781 [AsyncHttpClient-1-8] DEBUG o.a.netty.channel.ChannelManager - Adding key: http://localhost:60677 for channel [id: 0xbd65f83f, L:/127.0.0.1:53107 - R:localhost/127.0.0.1:60677]
16:39:41.959 [AsyncHttpClient-1-1] DEBUG o.a.netty.channel.DefaultChannelPool - Entry count for : http://localhost:53108 : 1
16:39:41.959 [AsyncHttpClient-1-1] DEBUG o.a.netty.channel.DefaultChannelPool - Entry count for : http://localhost:60677 : 1
16:39:43.052 [AsyncHttpClient-1-1] DEBUG o.a.netty.channel.DefaultChannelPool - Entry count for : http://localhost:53108 : 1
16:39:43.052 [AsyncHttpClient-1-1] DEBUG o.a.netty.channel.DefaultChannelPool - Entry count for : http://localhost:60677 : 1
  &amp#27;[32mThen &amp#27;[0m&amp#27;[32muser should not proceed to Dashboard Page&amp#27;[0m                                                       &amp#27;[90m# stepdefinitions.LoginPageSteps.user_should_not_proceed_to_dashboard_page()&amp#27;[0m
author@vrbanke.get("username")
16:39:44.159 [AsyncHttpClient-1-1] DEBUG o.a.netty.channel.DefaultChannelPool - Entry count for : http://localhost:53108 : 1
16:39:44.159 [AsyncHttpClient-1-1] DEBUG o.a.netty.channel.DefaultChannelPool - Entry count for : http://localhost:60677 : 1
16:39:45.250 [AsyncHttpClient-1-1] DEBUG o.a.netty.channel.DefaultChannelPool - Entry count for : http://localhost:53108 : 1
16:39:45.250 [AsyncHttpClient-1-1] DEBUG o.a.netty.channel.DefaultChannelPool - Entry count for : http://localhost:60677 : 1
16:39:45.808 [Forwarding findElement on session b205c0df6a3e502296ddd6b56ce4ad20 to remote] DEBUG o.a.netty.request.NettyRequestSender - Using pooled Channel '[id: 0xbd65f83f, L:/127.0.0.1:53107 - R:localhost/127.0.0.1:60677]' for 'POST' to 'http://localhost:60677/session/b205c0df6a3e502296ddd6b56ce4ad20/element'
16:39:45.809 [Forwarding findElement on session b205c0df6a3e502296ddd6b56ce4ad20 to remote] DEBUG o.a.netty.request.NettyRequestSender - Using open Channel [id: 0xbd65f83f, L:/127.0.0.1:53107 - R:localhost/127.0.0.1:60677] for POST '/session/b205c0df6a3e502296ddd6b56ce4ad20/element'
16:39:45.815 [AsyncHttpClient-1-8] DEBUG o.a.netty.handler.HttpHandler - 

Request DefaultHttpRequest(decodeResult: success, version: HTTP/1.1)
POST /session/b205c0df6a3e502296ddd6b56ce4ad20/element HTTP/1.1
User-Agent: selenium/4.1.2 (java windows)
Content-Length: 128
Content-Type: application/json; charset=utf-8
host: localhost:60677
accept: */*

Response DefaultHttpResponse(decodeResult: success, version: HTTP/1.1)
HTTP/1.1 200 OK
Content-Type: application/json; charset=utf-8
cache-control: no-cache
content-length: 88

16:39:45.816 [AsyncHttpClient-1-8] DEBUG o.a.netty.channel.ChannelManager - Adding key: http://localhost:60677 for channel [id: 0xbd65f83f, L:/127.0.0.1:53107 - R:localhost/127.0.0.1:60677]
16:39:45.817 [Forwarding sendKeysToElement on session b205c0df6a3e502296ddd6b56ce4ad20 to remote] DEBUG o.a.netty.request.NettyRequestSender - Using pooled Channel '[id: 0xbd65f83f, L:/127.0.0.1:53107 - R:localhost/127.0.0.1:60677]' for 'POST' to 'http://localhost:60677/session/b205c0df6a3e502296ddd6b56ce4ad20/element/4a5e0aaa-0a76-442c-9bbe-1655f517578a/value'
16:39:45.817 [Forwarding sendKeysToElement on session b205c0df6a3e502296ddd6b56ce4ad20 to remote] DEBUG o.a.netty.request.NettyRequestSender - Using open Channel [id: 0xbd65f83f, L:/127.0.0.1:53107 - R:localhost/127.0.0.1:60677] for POST '/session/b205c0df6a3e502296ddd6b56ce4ad20/element/4a5e0aaa-0a76-442c-9bbe-1655f517578a/value'
16:39:45.849 [AsyncHttpClient-1-8] DEBUG o.a.netty.handler.HttpHandler - 

Request DefaultHttpRequest(decodeResult: success, version: HTTP/1.1)
POST /session/b205c0df6a3e502296ddd6b56ce4ad20/element/4a5e0aaa-0a76-442c-9bbe-1655f517578a/value HTTP/1.1
User-Agent: selenium/4.1.2 (java windows)
Content-Length: 211
Content-Type: application/json; charset=utf-8
host: localhost:60677
accept: */*

Response DefaultHttpResponse(decodeResult: success, version: HTTP/1.1)
HTTP/1.1 200 OK
Content-Type: application/json; charset=utf-8
cache-control: no-cache
content-length: 14

16:39:45.849 [AsyncHttpClient-1-8] DEBUG o.a.netty.channel.ChannelManager - Adding key: http://localhost:60677 for channel [id: 0xbd65f83f, L:/127.0.0.1:53107 - R:localhost/127.0.0.1:60677]
16:39:45.850 [Forwarding findElement on session b205c0df6a3e502296ddd6b56ce4ad20 to remote] DEBUG o.a.netty.request.NettyRequestSender - Using pooled Channel '[id: 0xbd65f83f, L:/127.0.0.1:53107 - R:localhost/127.0.0.1:60677]' for 'POST' to 'http://localhost:60677/session/b205c0df6a3e502296ddd6b56ce4ad20/element'
16:39:45.850 [Forwarding findElement on session b205c0df6a3e502296ddd6b56ce4ad20 to remote] DEBUG o.a.netty.request.NettyRequestSender - Using open Channel [id: 0xbd65f83f, L:/127.0.0.1:53107 - R:localhost/127.0.0.1:60677] for POST '/session/b205c0df6a3e502296ddd6b56ce4ad20/element'
16:39:45.857 [AsyncHttpClient-1-8] DEBUG o.a.netty.handler.HttpHandler - 

Request DefaultHttpRequest(decodeResult: success, version: HTTP/1.1)
POST /session/b205c0df6a3e502296ddd6b56ce4ad20/element HTTP/1.1
User-Agent: selenium/4.1.2 (java windows)
Content-Length: 132
Content-Type: application/json; charset=utf-8
host: localhost:60677
accept: */*

Response DefaultHttpResponse(decodeResult: success, version: HTTP/1.1)
HTTP/1.1 200 OK
Content-Type: application/json; charset=utf-8
cache-control: no-cache
content-length: 88

16:39:45.857 [AsyncHttpClient-1-8] DEBUG o.a.netty.channel.ChannelManager - Adding key: http://localhost:60677 for channel [id: 0xbd65f83f, L:/127.0.0.1:53107 - R:localhost/127.0.0.1:60677]
16:39:45.859 [Forwarding sendKeysToElement on session b205c0df6a3e502296ddd6b56ce4ad20 to remote] DEBUG o.a.netty.request.NettyRequestSender - Using pooled Channel '[id: 0xbd65f83f, L:/127.0.0.1:53107 - R:localhost/127.0.0.1:60677]' for 'POST' to 'http://localhost:60677/session/b205c0df6a3e502296ddd6b56ce4ad20/element/f4eb0b21-9aeb-4715-a436-512a6c1400ec/value'
16:39:45.859 [Forwarding sendKeysToElement on session b205c0df6a3e502296ddd6b56ce4ad20 to remote] DEBUG o.a.netty.request.NettyRequestSender - Using open Channel [id: 0xbd65f83f, L:/127.0.0.1:53107 - R:localhost/127.0.0.1:60677] for POST '/session/b205c0df6a3e502296ddd6b56ce4ad20/element/f4eb0b21-9aeb-4715-a436-512a6c1400ec/value'
16:39:45.906 [AsyncHttpClient-1-8] DEBUG o.a.netty.handler.HttpHandler - 

Request DefaultHttpRequest(decodeResult: success, version: HTTP/1.1)
POST /session/b205c0df6a3e502296ddd6b56ce4ad20/element/f4eb0b21-9aeb-4715-a436-512a6c1400ec/value HTTP/1.1
User-Agent: selenium/4.1.2 (java windows)
Content-Length: 161
Content-Type: application/json; charset=utf-8
host: localhost:60677
accept: */*

Response DefaultHttpResponse(decodeResult: success, version: HTTP/1.1)
HTTP/1.1 200 OK
Content-Type: application/json; charset=utf-8
cache-control: no-cache
content-length: 14

16:39:45.906 [AsyncHttpClient-1-8] DEBUG o.a.netty.channel.ChannelManager - Adding key: http://localhost:60677 for channel [id: 0xbd65f83f, L:/127.0.0.1:53107 - R:localhost/127.0.0.1:60677]
16:39:45.907 [Forwarding findElement on session b205c0df6a3e502296ddd6b56ce4ad20 to remote] DEBUG o.a.netty.request.NettyRequestSender - Using pooled Channel '[id: 0xbd65f83f, L:/127.0.0.1:53107 - R:localhost/127.0.0.1:60677]' for 'POST' to 'http://localhost:60677/session/b205c0df6a3e502296ddd6b56ce4ad20/element'
16:39:45.907 [Forwarding findElement on session b205c0df6a3e502296ddd6b56ce4ad20 to remote] DEBUG o.a.netty.request.NettyRequestSender - Using open Channel [id: 0xbd65f83f, L:/127.0.0.1:53107 - R:localhost/127.0.0.1:60677] for POST '/session/b205c0df6a3e502296ddd6b56ce4ad20/element'
16:39:45.914 [AsyncHttpClient-1-8] DEBUG o.a.netty.handler.HttpHandler - 

Request DefaultHttpRequest(decodeResult: success, version: HTTP/1.1)
POST /session/b205c0df6a3e502296ddd6b56ce4ad20/element HTTP/1.1
User-Agent: selenium/4.1.2 (java windows)
Content-Length: 125
Content-Type: application/json; charset=utf-8
host: localhost:60677
accept: */*

Response DefaultHttpResponse(decodeResult: success, version: HTTP/1.1)
HTTP/1.1 200 OK
Content-Type: application/json; charset=utf-8
cache-control: no-cache
content-length: 88

16:39:45.914 [AsyncHttpClient-1-8] DEBUG o.a.netty.channel.ChannelManager - Adding key: http://localhost:60677 for channel [id: 0xbd65f83f, L:/127.0.0.1:53107 - R:localhost/127.0.0.1:60677]
16:39:45.915 [Forwarding clickElement on session b205c0df6a3e502296ddd6b56ce4ad20 to remote] DEBUG o.a.netty.request.NettyRequestSender - Using pooled Channel '[id: 0xbd65f83f, L:/127.0.0.1:53107 - R:localhost/127.0.0.1:60677]' for 'POST' to 'http://localhost:60677/session/b205c0df6a3e502296ddd6b56ce4ad20/element/030e3389-7601-4be5-a6ce-791097ac4a96/click'
16:39:45.915 [Forwarding clickElement on session b205c0df6a3e502296ddd6b56ce4ad20 to remote] DEBUG o.a.netty.request.NettyRequestSender - Using open Channel [id: 0xbd65f83f, L:/127.0.0.1:53107 - R:localhost/127.0.0.1:60677] for POST '/session/b205c0df6a3e502296ddd6b56ce4ad20/element/030e3389-7601-4be5-a6ce-791097ac4a96/click'
16:39:46.361 [AsyncHttpClient-1-1] DEBUG o.a.netty.channel.DefaultChannelPool - Entry count for : http://localhost:53108 : 1
16:39:47.463 [AsyncHttpClient-1-1] DEBUG o.a.netty.channel.DefaultChannelPool - Entry count for : http://localhost:53108 : 1
16:39:47.847 [AsyncHttpClient-1-8] DEBUG o.a.netty.handler.HttpHandler - 

Request DefaultHttpRequest(decodeResult: success, version: HTTP/1.1)
POST /session/b205c0df6a3e502296ddd6b56ce4ad20/element/030e3389-7601-4be5-a6ce-791097ac4a96/click HTTP/1.1
User-Agent: selenium/4.1.2 (java windows)
Content-Length: 50
Content-Type: application/json; charset=utf-8
host: localhost:60677
accept: */*

Response DefaultHttpResponse(decodeResult: success, version: HTTP/1.1)
HTTP/1.1 200 OK
Content-Type: application/json; charset=utf-8
cache-control: no-cache
content-length: 14

16:39:47.847 [AsyncHttpClient-1-8] DEBUG o.a.netty.channel.ChannelManager - Adding key: http://localhost:60677 for channel [id: 0xbd65f83f, L:/127.0.0.1:53107 - R:localhost/127.0.0.1:60677]
  &amp#27;[32mWhen &amp#27;[0m&amp#27;[32muser login using valid credentials&amp#27;[0m                                                              &amp#27;[90m# stepdefinitions.LoginPageSteps.user_login_using_valid_credentials(io.cucumber.datatable.DataTable)&amp#27;[0m
    | username      | password | titlePage       |
    | author@vrbank | pega123! | Pega Dev Studio |
16:39:47.854 [Forwarding getTitle on session b205c0df6a3e502296ddd6b56ce4ad20 to remote] DEBUG o.a.netty.request.NettyRequestSender - Using pooled Channel '[id: 0xbd65f83f, L:/127.0.0.1:53107 - R:localhost/127.0.0.1:60677]' for 'GET' to 'http://localhost:60677/session/b205c0df6a3e502296ddd6b56ce4ad20/title'
16:39:47.854 [Forwarding getTitle on session b205c0df6a3e502296ddd6b56ce4ad20 to remote] DEBUG o.a.netty.request.NettyRequestSender - Using open Channel [id: 0xbd65f83f, L:/127.0.0.1:53107 - R:localhost/127.0.0.1:60677] for GET '/session/b205c0df6a3e502296ddd6b56ce4ad20/title'
16:39:47.916 [AsyncHttpClient-1-8] DEBUG o.a.netty.handler.HttpHandler - 

Request DefaultFullHttpRequest(decodeResult: success, version: HTTP/1.1, content: EmptyByteBufBE)
GET /session/b205c0df6a3e502296ddd6b56ce4ad20/title HTTP/1.1
User-Agent: selenium/4.1.2 (java windows)
Cache-Control: no-cache
Content-Type: application/json; charset=utf-8
host: localhost:60677
accept: */*

Response DefaultHttpResponse(decodeResult: success, version: HTTP/1.1)
HTTP/1.1 200 OK
Content-Type: application/json; charset=utf-8
cache-control: no-cache
content-length: 27

16:39:47.916 [AsyncHttpClient-1-8] DEBUG o.a.netty.channel.ChannelManager - Adding key: http://localhost:60677 for channel [id: 0xbd65f83f, L:/127.0.0.1:53107 - R:localhost/127.0.0.1:60677]
16:39:47.917 [Forwarding getTitle on session b205c0df6a3e502296ddd6b56ce4ad20 to remote] DEBUG o.a.netty.request.NettyRequestSender - Using pooled Channel '[id: 0xbd65f83f, L:/127.0.0.1:53107 - R:localhost/127.0.0.1:60677]' for 'GET' to 'http://localhost:60677/session/b205c0df6a3e502296ddd6b56ce4ad20/title'
16:39:47.917 [Forwarding getTitle on session b205c0df6a3e502296ddd6b56ce4ad20 to remote] DEBUG o.a.netty.request.NettyRequestSender - Using open Channel [id: 0xbd65f83f, L:/127.0.0.1:53107 - R:localhost/127.0.0.1:60677] for GET '/session/b205c0df6a3e502296ddd6b56ce4ad20/title'
16:39:47.922 [AsyncHttpClient-1-8] DEBUG o.a.netty.handler.HttpHandler - 

Request DefaultFullHttpRequest(decodeResult: success, version: HTTP/1.1, content: EmptyByteBufBE)
GET /session/b205c0df6a3e502296ddd6b56ce4ad20/title HTTP/1.1
User-Agent: selenium/4.1.2 (java windows)
Cache-Control: no-cache
Content-Type: application/json; charset=utf-8
host: localhost:60677
accept: */*

Response DefaultHttpResponse(decodeResult: success, version: HTTP/1.1)
HTTP/1.1 200 OK
Content-Type: application/json; charset=utf-8
cache-control: no-cache
content-length: 27

16:39:47.922 [AsyncHttpClient-1-8] DEBUG o.a.netty.channel.ChannelManager - Adding key: http://localhost:60677 for channel [id: 0xbd65f83f, L:/127.0.0.1:53107 - R:localhost/127.0.0.1:60677]
16:39:48.548 [AsyncHttpClient-1-1] DEBUG o.a.netty.channel.DefaultChannelPool - Entry count for : http://localhost:53108 : 1
16:39:48.548 [AsyncHttpClient-1-1] DEBUG o.a.netty.channel.DefaultChannelPool - Entry count for : http://localhost:60677 : 1
16:39:49.659 [AsyncHttpClient-1-1] DEBUG o.a.netty.channel.DefaultChannelPool - Entry count for : http://localhost:53108 : 1
16:39:49.659 [AsyncHttpClient-1-1] DEBUG o.a.netty.channel.DefaultChannelPool - Entry count for : http://localhost:60677 : 1
16:39:50.752 [AsyncHttpClient-1-1] DEBUG o.a.netty.channel.DefaultChannelPool - Entry count for : http://localhost:53108 : 1
16:39:50.752 [AsyncHttpClient-1-1] DEBUG o.a.netty.channel.DefaultChannelPool - Entry count for : http://localhost:60677 : 1
16:39:51.862 [AsyncHttpClient-1-1] DEBUG o.a.netty.channel.DefaultChannelPool - Entry count for : http://localhost:53108 : 1
16:39:51.862 [AsyncHttpClient-1-1] DEBUG o.a.netty.channel.DefaultChannelPool - Entry count for : http://localhost:60677 : 1
  &amp#27;[32mThen &amp#27;[0m&amp#27;[32muser should proceed to Dashboard Page&amp#27;[0m                                                           &amp#27;[90m# stepdefinitions.LoginPageSteps.user_should_proceed_to_dashboard_page()&amp#27;[0m
16:39:52.927 [AsyncHttpClient-1-10] DEBUG o.a.netty.handler.WebSocketHandler - Channel Closed: [id: 0x9926a232, L:/127.0.0.1:53115 ! R:localhost/127.0.0.1:53108] with attribute NettyResponseFuture{currentRetry=5,
	isDone=1,
	isCancelled=0,
	asyncHandler=org.asynchttpclient.ws.WebSocketUpgradeHandler@541c2ea9,
	nettyRequest=org.asynchttpclient.netty.request.NettyRequest@111eaa4e,
	future=java.util.concurrent.CompletableFuture@6d28ef39[Completed normally],
	uri=ws://localhost:53108/devtools/browser/886e643a-bdaa-4021-a331-e4569254d12e,
	keepAlive=true,
	redirectCount=0,
	timeoutsHolder=null,
	inAuth=0,
	touch=1648197566397}
16:39:52.927 [Driver Command Executor] DEBUG o.a.netty.request.NettyRequestSender - Using pooled Channel '[id: 0xbd65f83f, L:/127.0.0.1:53107 - R:localhost/127.0.0.1:60677]' for 'DELETE' to 'http://localhost:60677/session/b205c0df6a3e502296ddd6b56ce4ad20'
16:39:52.927 [AsyncHttpClient-1-10] DEBUG o.a.netty.channel.ChannelManager - Closing Channel [id: 0x9926a232, L:/127.0.0.1:53115 ! R:localhost/127.0.0.1:53108] 
16:39:52.927 [Driver Command Executor] DEBUG o.a.netty.request.NettyRequestSender - Using open Channel [id: 0xbd65f83f, L:/127.0.0.1:53107 - R:localhost/127.0.0.1:60677] for DELETE '/session/b205c0df6a3e502296ddd6b56ce4ad20'
16:39:52.952 [AsyncHttpClient-1-9] DEBUG o.a.netty.handler.HttpHandler - Unexpected I/O exception on channel [id: 0x37469b72, L:/127.0.0.1:53114 - R:localhost/127.0.0.1:53108]
java.net.SocketException: Connection reset
	at java.base/sun.nio.ch.SocketChannelImpl.throwConnectionReset(SocketChannelImpl.java:367) ~[na:na]
	at java.base/sun.nio.ch.SocketChannelImpl.read(SocketChannelImpl.java:398) ~[na:na]
	at io.netty.buffer.PooledByteBuf.setBytes(PooledByteBuf.java:253) ~[netty-buffer-4.1.70.Final.jar:4.1.70.Final]
	at io.netty.buffer.AbstractByteBuf.writeBytes(AbstractByteBuf.java:1132) ~[netty-buffer-4.1.70.Final.jar:4.1.70.Final]
	at io.netty.channel.socket.nio.NioSocketChannel.doReadBytes(NioSocketChannel.java:350) ~[netty-transport-4.1.70.Final.jar:4.1.70.Final]
	at io.netty.channel.nio.AbstractNioByteChannel$NioByteUnsafe.read(AbstractNioByteChannel.java:151) ~[netty-transport-4.1.70.Final.jar:4.1.70.Final]
	at io.netty.channel.nio.NioEventLoop.processSelectedKey(NioEventLoop.java:719) ~[netty-transport-4.1.70.Final.jar:4.1.70.Final]
	at io.netty.channel.nio.NioEventLoop.processSelectedKeysOptimized(NioEventLoop.java:655) ~[netty-transport-4.1.70.Final.jar:4.1.70.Final]
	at io.netty.channel.nio.NioEventLoop.processSelectedKeys(NioEventLoop.java:581) ~[netty-transport-4.1.70.Final.jar:4.1.70.Final]
	at io.netty.channel.nio.NioEventLoop.run(NioEventLoop.java:493) ~[netty-transport-4.1.70.Final.jar:4.1.70.Final]
	at io.netty.util.concurrent.SingleThreadEventExecutor$4.run(SingleThreadEventExecutor.java:986) ~[netty-common-4.1.70.Final.jar:4.1.70.Final]
	at io.netty.util.internal.ThreadExecutorMap$2.run(ThreadExecutorMap.java:74) ~[netty-common-4.1.70.Final.jar:4.1.70.Final]
	at io.netty.util.concurrent.FastThreadLocalRunnable.run(FastThreadLocalRunnable.java:30) ~[netty-common-4.1.70.Final.jar:4.1.70.Final]
	at java.base/java.lang.Thread.run(Thread.java:832) ~[na:na]
16:39:52.952 [AsyncHttpClient-1-9] DEBUG o.a.netty.channel.ChannelManager - Closing Channel [id: 0x37469b72, L:/127.0.0.1:53114 - R:localhost/127.0.0.1:53108] 
16:39:52.952 [AsyncHttpClient-1-9] DEBUG o.a.netty.handler.HttpHandler - Channel Closed: [id: 0x37469b72, L:/127.0.0.1:53114 ! R:localhost/127.0.0.1:53108] with attribute DISCARD
16:39:52.956 [AsyncHttpClient-1-1] DEBUG o.a.netty.channel.DefaultChannelPool - Entry count for : http://localhost:53108 : 1
16:39:52.957 [AsyncHttpClient-1-1] DEBUG o.a.netty.channel.DefaultChannelPool - Adding Candidate expired Channel [id: 0x37469b72, L:/127.0.0.1:53114 ! R:localhost/127.0.0.1:53108] isIdleTimeoutExpired=false isRemotelyClosed=true isTtlExpired=false
16:39:52.957 [AsyncHttpClient-1-1] DEBUG o.a.netty.channel.DefaultChannelPool - Closing Idle Channel [id: 0x37469b72, L:/127.0.0.1:53114 ! R:localhost/127.0.0.1:53108]
16:39:52.957 [AsyncHttpClient-1-1] DEBUG o.a.netty.channel.DefaultChannelPool - Closed 1 connections out of 1 in 0 ms
16:39:52.968 [AsyncHttpClient-1-8] DEBUG o.a.netty.handler.HttpHandler - 

Request DefaultFullHttpRequest(decodeResult: success, version: HTTP/1.1, content: EmptyByteBufBE)
DELETE /session/b205c0df6a3e502296ddd6b56ce4ad20 HTTP/1.1
User-Agent: selenium/4.1.2 (java windows)
Content-Type: application/json; charset=utf-8
host: localhost:60677
accept: */*

Response DefaultHttpResponse(decodeResult: success, version: HTTP/1.1)
HTTP/1.1 200 OK
Content-Type: application/json; charset=utf-8
cache-control: no-cache
content-length: 14

16:39:52.968 [AsyncHttpClient-1-8] DEBUG o.a.netty.channel.ChannelManager - Adding key: http://localhost:60677 for channel [id: 0xbd65f83f, L:/127.0.0.1:53107 - R:localhost/127.0.0.1:60677]
16:39:53.028 [AsyncHttpClient-1-8] DEBUG o.a.netty.handler.HttpHandler - Channel Closed: [id: 0xbd65f83f, L:/127.0.0.1:53107 ! R:localhost/127.0.0.1:60677] with attribute DISCARD
16:39:53.551 [main] INFO   - 
  _____   ___   ___   _____     ___     _     ___   ___   ___   ___  
 |_   _| | __| / __| |_   _|   | _ \   /_\   / __| / __| | __| |   \ 
   | |   | _|  \__ \   | |     |  _/  / _ \  \__ \ \__ \ | _|  | |) |
   |_|   |___| |___/   |_|     |_|   /_/ \_\ |___/ |___/ |___| |___/ 

Login to PEGA Site using Author, Manager and User
----------------------------------------------------------------------
]]></system-out>
    <system-err><![CDATA[Starting ChromeDriver 99.0.4844.51 (d537ec02474b5afe23684e7963d538896c63ac77-refs/branch-heads/4844@{#875}) on port 60677
Only local connections are allowed.
Please see https://chromedriver.chromium.org/security-considerations for suggestions on keeping ChromeDriver safe.
ChromeDriver was started successfully.
Mar 25, 2022 4:39:26 PM org.openqa.selenium.remote.ProtocolHandshake createSession
INFO: Detected dialect: W3C
Mar 25, 2022 4:39:26 PM org.openqa.selenium.devtools.CdpVersionFinder findNearestMatch
WARNING: Unable to find an exact match for CDP version 99, so returning the closest version found: 96
Mar 25, 2022 4:39:26 PM org.openqa.selenium.devtools.CdpVersionFinder findNearestMatch
INFO: Found CDP implementation for version 99 of 96
]]></system-err>
  </testcase>
  <testcase name="Login to PEGA Site using User" classname="Validate And Verify Login Page to PEGA Site" time="29.956">
    <system-out><![CDATA[
@All @Regression
Scenario: Login to PEGA Site using User                                                                &amp#27;[90m# src/main/resources/AppFeatures/ValidateAndVerifyLoginPage.feature:30&amp#27;[0m
16:39:53.558 [main] INFO  i.c.core.plugin.SerenityReporter - Running feature from file:///Z:/Automation/JavaCucumber/BDD_HCL/CucumberHCL/src/main/resources/AppFeatures/ValidateAndVerifyLoginPage.feature
16:39:53.558 [main] WARN  i.c.core.plugin.SerenityReporter - Feature from file:///Z:/Automation/JavaCucumber/BDD_HCL/CucumberHCL/src/main/resources/AppFeatures/ValidateAndVerifyLoginPage.feature is not under the 'features' directory. Requirements report will not be correctly generated!
16:39:53.559 [main] INFO   - 
  _____   ___   ___   _____     ___   _____     _     ___   _____   ___   ___  
 |_   _| | __| / __| |_   _|   / __| |_   _|   /_\   | _ \ |_   _| | __| |   \ 
   | |   | _|  \__ \   | |     \__ \   | |    / _ \  |   /   | |   | _|  | |) |
   |_|   |___| |___/   |_|     |___/   |_|   /_/ \_\ |_|_\   |_|   |___| |___/ 

Login to PEGA Site using User(validate-and-verify-login-page-to-pega-site;login-to-pega-site-using-user)
--------------------------------------------------------------------------------
16:39:53.563 [main] DEBUG com.pages.drivers.DriversFactory - Initialize Driver Browser Configuration
16:39:53.564 [main] DEBUG com.pages.drivers.DriversFactory -  Driver Browser : chrome
16:39:53.573 [main] DEBUG i.g.bonigarcia.wdm.WebDriverManager - Driver chromedriver 99.0.4844.51 found in cache
16:39:53.573 [main] INFO  i.g.bonigarcia.wdm.WebDriverManager - Exporting webdriver.chrome.driver as C:\Users\DheyClaveria\.cache\selenium\chromedriver\win32\99.0.4844.51\chromedriver.exe
16:39:54.055 [AsyncHttpClient-1-1] DEBUG o.a.netty.channel.DefaultChannelPool - Entry count for : http://localhost:60677 : 1
16:39:54.055 [AsyncHttpClient-1-1] DEBUG o.a.netty.channel.DefaultChannelPool - Adding Candidate expired Channel [id: 0xbd65f83f, L:/127.0.0.1:53107 ! R:localhost/127.0.0.1:60677] isIdleTimeoutExpired=false isRemotelyClosed=true isTtlExpired=false
16:39:54.055 [AsyncHttpClient-1-1] DEBUG o.a.netty.channel.DefaultChannelPool - Closing Idle Channel [id: 0xbd65f83f, L:/127.0.0.1:53107 ! R:localhost/127.0.0.1:60677]
16:39:54.055 [AsyncHttpClient-1-1] DEBUG o.a.netty.channel.DefaultChannelPool - Closed 1 connections out of 1 in 0 ms
16:39:54.109 [AsyncHttpClient-1-11] DEBUG o.a.n.channel.NettyConnectListener - Using new Channel '[id: 0xc99fb80c, L:/127.0.0.1:53174 - R:localhost/127.0.0.1:61510]' for 'POST' to '/session'
16:39:54.863 [AsyncHttpClient-1-11] DEBUG o.a.netty.handler.HttpHandler - 

Request DefaultHttpRequest(decodeResult: success, version: HTTP/1.1)
POST /session HTTP/1.1
User-Agent: selenium/4.1.2 (java windows)
Content-Length: 365
Content-Type: application/json; charset=utf-8
host: localhost:61510
accept: */*

Response DefaultHttpResponse(decodeResult: success, version: HTTP/1.1)
HTTP/1.1 200 OK
Content-Type: application/json; charset=utf-8
cache-control: no-cache
content-length: 793

16:39:54.863 [AsyncHttpClient-1-11] DEBUG o.a.netty.channel.ChannelManager - Adding key: http://localhost:61510 for channel [id: 0xc99fb80c, L:/127.0.0.1:53174 - R:localhost/127.0.0.1:61510]
16:39:54.870 [AsyncHttpClient-1-12] DEBUG o.a.n.channel.NettyConnectListener - Using new Channel '[id: 0xfadba7ac, L:/127.0.0.1:53181 - R:localhost/127.0.0.1:53175]' for 'GET' to '/json/version'
16:39:54.874 [AsyncHttpClient-1-12] DEBUG o.a.netty.handler.HttpHandler - 

Request DefaultFullHttpRequest(decodeResult: success, version: HTTP/1.1, content: EmptyByteBufBE)
GET /json/version HTTP/1.1
User-Agent: selenium/4.1.2 (java windows)
host: localhost:53175
accept: */*

Response DefaultHttpResponse(decodeResult: success, version: HTTP/1.1)
HTTP/1.1 200 OK
Content-Type: application/json; charset=UTF-8
content-length: 423

16:39:54.874 [AsyncHttpClient-1-12] DEBUG o.a.netty.channel.ChannelManager - Adding key: http://localhost:53175 for channel [id: 0xfadba7ac, L:/127.0.0.1:53181 - R:localhost/127.0.0.1:53175]
16:39:54.877 [AsyncHttpClient-1-13] DEBUG o.a.n.channel.NettyConnectListener - Using new Channel '[id: 0x6d7aa63a, L:/127.0.0.1:53182 - R:localhost/127.0.0.1:53175]' for 'GET' to '/devtools/browser/101afb56-8cdd-4f20-8b4a-29398d6da5f5'
16:39:54.881 [AsyncHttpClient-1-13] DEBUG o.a.netty.handler.WebSocketHandler - 

Request DefaultFullHttpRequest(decodeResult: success, version: HTTP/1.1, content: EmptyByteBufBE)
GET /devtools/browser/101afb56-8cdd-4f20-8b4a-29398d6da5f5 HTTP/1.1
upgrade: websocket
connection: upgrade
sec-websocket-key: ta4vk2phofC14o4gjm0RMg==
sec-websocket-version: 13
origin: http://localhost:53175
host: localhost:53175
accept: */*
user-agent: AHC/2.1

Response DefaultHttpResponse(decodeResult: success, version: HTTP/1.1)
HTTP/1.1 101 WebSocket Protocol Handshake
Upgrade: WebSocket
Connection: Upgrade
Sec-WebSocket-Accept: chU0fv385Q2J9qdwGHSQ0kzkQtg=

16:39:54.884 [Forwarding deleteAllCookies on session 395182f0b341e89b96e47c2a9609fe9b to remote] DEBUG o.a.netty.request.NettyRequestSender - Using pooled Channel '[id: 0xc99fb80c, L:/127.0.0.1:53174 - R:localhost/127.0.0.1:61510]' for 'DELETE' to 'http://localhost:61510/session/395182f0b341e89b96e47c2a9609fe9b/cookie'
16:39:54.885 [Forwarding deleteAllCookies on session 395182f0b341e89b96e47c2a9609fe9b to remote] DEBUG o.a.netty.request.NettyRequestSender - Using open Channel [id: 0xc99fb80c, L:/127.0.0.1:53174 - R:localhost/127.0.0.1:61510] for DELETE '/session/395182f0b341e89b96e47c2a9609fe9b/cookie'
16:39:54.890 [AsyncHttpClient-1-11] DEBUG o.a.netty.handler.HttpHandler - 

Request DefaultFullHttpRequest(decodeResult: success, version: HTTP/1.1, content: EmptyByteBufBE)
DELETE /session/395182f0b341e89b96e47c2a9609fe9b/cookie HTTP/1.1
User-Agent: selenium/4.1.2 (java windows)
Content-Type: application/json; charset=utf-8
host: localhost:61510
accept: */*

Response DefaultHttpResponse(decodeResult: success, version: HTTP/1.1)
HTTP/1.1 200 OK
Content-Type: application/json; charset=utf-8
cache-control: no-cache
content-length: 14

16:39:54.890 [AsyncHttpClient-1-11] DEBUG o.a.netty.channel.ChannelManager - Adding key: http://localhost:61510 for channel [id: 0xc99fb80c, L:/127.0.0.1:53174 - R:localhost/127.0.0.1:61510]
16:39:54.891 [Forwarding maximizeCurrentWindow on session 395182f0b341e89b96e47c2a9609fe9b to remote] DEBUG o.a.netty.request.NettyRequestSender - Using pooled Channel '[id: 0xc99fb80c, L:/127.0.0.1:53174 - R:localhost/127.0.0.1:61510]' for 'POST' to 'http://localhost:61510/session/395182f0b341e89b96e47c2a9609fe9b/window/maximize'
16:39:54.892 [Forwarding maximizeCurrentWindow on session 395182f0b341e89b96e47c2a9609fe9b to remote] DEBUG o.a.netty.request.NettyRequestSender - Using open Channel [id: 0xc99fb80c, L:/127.0.0.1:53174 - R:localhost/127.0.0.1:61510] for POST '/session/395182f0b341e89b96e47c2a9609fe9b/window/maximize'
16:39:55.009 [AsyncHttpClient-1-11] DEBUG o.a.netty.handler.HttpHandler - 

Request DefaultHttpRequest(decodeResult: success, version: HTTP/1.1)
POST /session/395182f0b341e89b96e47c2a9609fe9b/window/maximize HTTP/1.1
User-Agent: selenium/4.1.2 (java windows)
Content-Length: 3
Content-Type: application/json; charset=utf-8
host: localhost:61510
accept: */*

Response DefaultHttpResponse(decodeResult: success, version: HTTP/1.1)
HTTP/1.1 200 OK
Content-Type: application/json; charset=utf-8
cache-control: no-cache
content-length: 52

16:39:55.010 [AsyncHttpClient-1-11] DEBUG o.a.netty.channel.ChannelManager - Adding key: http://localhost:61510 for channel [id: 0xc99fb80c, L:/127.0.0.1:53174 - R:localhost/127.0.0.1:61510]
16:39:55.014 [Forwarding get on session 395182f0b341e89b96e47c2a9609fe9b to remote] DEBUG o.a.netty.request.NettyRequestSender - Using pooled Channel '[id: 0xc99fb80c, L:/127.0.0.1:53174 - R:localhost/127.0.0.1:61510]' for 'POST' to 'http://localhost:61510/session/395182f0b341e89b96e47c2a9609fe9b/url'
16:39:55.014 [Forwarding get on session 395182f0b341e89b96e47c2a9609fe9b to remote] DEBUG o.a.netty.request.NettyRequestSender - Using open Channel [id: 0xc99fb80c, L:/127.0.0.1:53174 - R:localhost/127.0.0.1:61510] for POST '/session/395182f0b341e89b96e47c2a9609fe9b/url'
16:39:55.149 [AsyncHttpClient-1-1] DEBUG o.a.netty.channel.DefaultChannelPool - Entry count for : http://localhost:53175 : 1
16:39:55.163 [AsyncHttpClient-1-11] DEBUG o.a.netty.handler.HttpHandler - 

Request DefaultHttpRequest(decodeResult: success, version: HTTP/1.1)
POST /session/395182f0b341e89b96e47c2a9609fe9b/url HTTP/1.1
User-Agent: selenium/4.1.2 (java windows)
Content-Length: 148
Content-Type: application/json; charset=utf-8
host: localhost:61510
accept: */*

Response DefaultHttpResponse(decodeResult: success, version: HTTP/1.1)
HTTP/1.1 200 OK
Content-Type: application/json; charset=utf-8
cache-control: no-cache
content-length: 14

16:39:55.163 [AsyncHttpClient-1-11] DEBUG o.a.netty.channel.ChannelManager - Adding key: http://localhost:61510 for channel [id: 0xc99fb80c, L:/127.0.0.1:53174 - R:localhost/127.0.0.1:61510]
16:39:55.164 [Forwarding getTitle on session 395182f0b341e89b96e47c2a9609fe9b to remote] DEBUG o.a.netty.request.NettyRequestSender - Using pooled Channel '[id: 0xc99fb80c, L:/127.0.0.1:53174 - R:localhost/127.0.0.1:61510]' for 'GET' to 'http://localhost:61510/session/395182f0b341e89b96e47c2a9609fe9b/title'
16:39:55.164 [Forwarding getTitle on session 395182f0b341e89b96e47c2a9609fe9b to remote] DEBUG o.a.netty.request.NettyRequestSender - Using open Channel [id: 0xc99fb80c, L:/127.0.0.1:53174 - R:localhost/127.0.0.1:61510] for GET '/session/395182f0b341e89b96e47c2a9609fe9b/title'
16:39:55.168 [AsyncHttpClient-1-11] DEBUG o.a.netty.handler.HttpHandler - 

Request DefaultFullHttpRequest(decodeResult: success, version: HTTP/1.1, content: EmptyByteBufBE)
GET /session/395182f0b341e89b96e47c2a9609fe9b/title HTTP/1.1
User-Agent: selenium/4.1.2 (java windows)
Cache-Control: no-cache
Content-Type: application/json; charset=utf-8
host: localhost:61510
accept: */*

Response DefaultHttpResponse(decodeResult: success, version: HTTP/1.1)
HTTP/1.1 200 OK
Content-Type: application/json; charset=utf-8
cache-control: no-cache
content-length: 22

16:39:55.168 [AsyncHttpClient-1-11] DEBUG o.a.netty.channel.ChannelManager - Adding key: http://localhost:61510 for channel [id: 0xc99fb80c, L:/127.0.0.1:53174 - R:localhost/127.0.0.1:61510]
16:39:55.169 [Forwarding getTitle on session 395182f0b341e89b96e47c2a9609fe9b to remote] DEBUG o.a.netty.request.NettyRequestSender - Using pooled Channel '[id: 0xc99fb80c, L:/127.0.0.1:53174 - R:localhost/127.0.0.1:61510]' for 'GET' to 'http://localhost:61510/session/395182f0b341e89b96e47c2a9609fe9b/title'
16:39:55.169 [Forwarding getTitle on session 395182f0b341e89b96e47c2a9609fe9b to remote] DEBUG o.a.netty.request.NettyRequestSender - Using open Channel [id: 0xc99fb80c, L:/127.0.0.1:53174 - R:localhost/127.0.0.1:61510] for GET '/session/395182f0b341e89b96e47c2a9609fe9b/title'
16:39:55.174 [AsyncHttpClient-1-11] DEBUG o.a.netty.handler.HttpHandler - 

Request DefaultFullHttpRequest(decodeResult: success, version: HTTP/1.1, content: EmptyByteBufBE)
GET /session/395182f0b341e89b96e47c2a9609fe9b/title HTTP/1.1
User-Agent: selenium/4.1.2 (java windows)
Cache-Control: no-cache
Content-Type: application/json; charset=utf-8
host: localhost:61510
accept: */*

Response DefaultHttpResponse(decodeResult: success, version: HTTP/1.1)
HTTP/1.1 200 OK
Content-Type: application/json; charset=utf-8
cache-control: no-cache
content-length: 22

16:39:55.174 [AsyncHttpClient-1-11] DEBUG o.a.netty.channel.ChannelManager - Adding key: http://localhost:61510 for channel [id: 0xc99fb80c, L:/127.0.0.1:53174 - R:localhost/127.0.0.1:61510]
16:39:56.260 [AsyncHttpClient-1-1] DEBUG o.a.netty.channel.DefaultChannelPool - Entry count for : http://localhost:53175 : 1
16:39:56.260 [AsyncHttpClient-1-1] DEBUG o.a.netty.channel.DefaultChannelPool - Entry count for : http://localhost:61510 : 1
16:39:57.354 [AsyncHttpClient-1-1] DEBUG o.a.netty.channel.DefaultChannelPool - Entry count for : http://localhost:53175 : 1
16:39:57.354 [AsyncHttpClient-1-1] DEBUG o.a.netty.channel.DefaultChannelPool - Entry count for : http://localhost:61510 : 1
16:39:58.453 [AsyncHttpClient-1-1] DEBUG o.a.netty.channel.DefaultChannelPool - Entry count for : http://localhost:53175 : 1
16:39:58.453 [AsyncHttpClient-1-1] DEBUG o.a.netty.channel.DefaultChannelPool - Entry count for : http://localhost:61510 : 1
16:39:59.549 [AsyncHttpClient-1-1] DEBUG o.a.netty.channel.DefaultChannelPool - Entry count for : http://localhost:53175 : 1
16:39:59.549 [AsyncHttpClient-1-1] DEBUG o.a.netty.channel.DefaultChannelPool - Entry count for : http://localhost:61510 : 1
  &amp#27;[32mGiven &amp#27;[0m&amp#27;[32mthat the user should navigate in PEGA Login Page&amp#27;[0m                                               &amp#27;[90m# stepdefinitions.LoginPageSteps.that_the_user_should_navigate_in_pega_login_page()&amp#27;[0m
16:40:00.191 [Forwarding findElement on session 395182f0b341e89b96e47c2a9609fe9b to remote] DEBUG o.a.netty.request.NettyRequestSender - Using pooled Channel '[id: 0xc99fb80c, L:/127.0.0.1:53174 - R:localhost/127.0.0.1:61510]' for 'POST' to 'http://localhost:61510/session/395182f0b341e89b96e47c2a9609fe9b/element'
16:40:00.191 [Forwarding findElement on session 395182f0b341e89b96e47c2a9609fe9b to remote] DEBUG o.a.netty.request.NettyRequestSender - Using open Channel [id: 0xc99fb80c, L:/127.0.0.1:53174 - R:localhost/127.0.0.1:61510] for POST '/session/395182f0b341e89b96e47c2a9609fe9b/element'
16:40:00.205 [AsyncHttpClient-1-11] DEBUG o.a.netty.handler.HttpHandler - 

Request DefaultHttpRequest(decodeResult: success, version: HTTP/1.1)
POST /session/395182f0b341e89b96e47c2a9609fe9b/element HTTP/1.1
User-Agent: selenium/4.1.2 (java windows)
Content-Length: 128
Content-Type: application/json; charset=utf-8
host: localhost:61510
accept: */*

Response DefaultHttpResponse(decodeResult: success, version: HTTP/1.1)
HTTP/1.1 200 OK
Content-Type: application/json; charset=utf-8
cache-control: no-cache
content-length: 88

16:40:00.205 [AsyncHttpClient-1-11] DEBUG o.a.netty.channel.ChannelManager - Adding key: http://localhost:61510 for channel [id: 0xc99fb80c, L:/127.0.0.1:53174 - R:localhost/127.0.0.1:61510]
16:40:00.208 [Forwarding isElementDisplayed on session 395182f0b341e89b96e47c2a9609fe9b to remote] DEBUG o.a.netty.request.NettyRequestSender - Using pooled Channel '[id: 0xc99fb80c, L:/127.0.0.1:53174 - R:localhost/127.0.0.1:61510]' for 'POST' to 'http://localhost:61510/session/395182f0b341e89b96e47c2a9609fe9b/execute/sync'
16:40:00.208 [Forwarding isElementDisplayed on session 395182f0b341e89b96e47c2a9609fe9b to remote] DEBUG o.a.netty.request.NettyRequestSender - Using open Channel [id: 0xc99fb80c, L:/127.0.0.1:53174 - R:localhost/127.0.0.1:61510] for POST '/session/395182f0b341e89b96e47c2a9609fe9b/execute/sync'
16:40:00.230 [AsyncHttpClient-1-11] DEBUG o.a.netty.handler.HttpHandler - 

Request DefaultHttpRequest(decodeResult: success, version: HTTP/1.1)
POST /session/395182f0b341e89b96e47c2a9609fe9b/execute/sync HTTP/1.1
User-Agent: selenium/4.1.2 (java windows)
Content-Length: 48780
Content-Type: application/json; charset=utf-8
host: localhost:61510
accept: */*

Response DefaultHttpResponse(decodeResult: success, version: HTTP/1.1)
HTTP/1.1 200 OK
Content-Type: application/json; charset=utf-8
cache-control: no-cache
content-length: 14

16:40:00.231 [AsyncHttpClient-1-11] DEBUG o.a.netty.channel.ChannelManager - Adding key: http://localhost:61510 for channel [id: 0xc99fb80c, L:/127.0.0.1:53174 - R:localhost/127.0.0.1:61510]
16:40:00.232 [Forwarding findElement on session 395182f0b341e89b96e47c2a9609fe9b to remote] DEBUG o.a.netty.request.NettyRequestSender - Using pooled Channel '[id: 0xc99fb80c, L:/127.0.0.1:53174 - R:localhost/127.0.0.1:61510]' for 'POST' to 'http://localhost:61510/session/395182f0b341e89b96e47c2a9609fe9b/element'
16:40:00.232 [Forwarding findElement on session 395182f0b341e89b96e47c2a9609fe9b to remote] DEBUG o.a.netty.request.NettyRequestSender - Using open Channel [id: 0xc99fb80c, L:/127.0.0.1:53174 - R:localhost/127.0.0.1:61510] for POST '/session/395182f0b341e89b96e47c2a9609fe9b/element'
16:40:00.238 [AsyncHttpClient-1-11] DEBUG o.a.netty.handler.HttpHandler - 

Request DefaultHttpRequest(decodeResult: success, version: HTTP/1.1)
POST /session/395182f0b341e89b96e47c2a9609fe9b/element HTTP/1.1
User-Agent: selenium/4.1.2 (java windows)
Content-Length: 128
Content-Type: application/json; charset=utf-8
host: localhost:61510
accept: */*

Response DefaultHttpResponse(decodeResult: success, version: HTTP/1.1)
HTTP/1.1 200 OK
Content-Type: application/json; charset=utf-8
cache-control: no-cache
content-length: 88

16:40:00.238 [AsyncHttpClient-1-11] DEBUG o.a.netty.channel.ChannelManager - Adding key: http://localhost:61510 for channel [id: 0xc99fb80c, L:/127.0.0.1:53174 - R:localhost/127.0.0.1:61510]
16:40:00.242 [Forwarding isElementDisplayed on session 395182f0b341e89b96e47c2a9609fe9b to remote] DEBUG o.a.netty.request.NettyRequestSender - Using pooled Channel '[id: 0xc99fb80c, L:/127.0.0.1:53174 - R:localhost/127.0.0.1:61510]' for 'POST' to 'http://localhost:61510/session/395182f0b341e89b96e47c2a9609fe9b/execute/sync'
16:40:00.242 [Forwarding isElementDisplayed on session 395182f0b341e89b96e47c2a9609fe9b to remote] DEBUG o.a.netty.request.NettyRequestSender - Using open Channel [id: 0xc99fb80c, L:/127.0.0.1:53174 - R:localhost/127.0.0.1:61510] for POST '/session/395182f0b341e89b96e47c2a9609fe9b/execute/sync'
16:40:00.255 [AsyncHttpClient-1-11] DEBUG o.a.netty.handler.HttpHandler - 

Request DefaultHttpRequest(decodeResult: success, version: HTTP/1.1)
POST /session/395182f0b341e89b96e47c2a9609fe9b/execute/sync HTTP/1.1
User-Agent: selenium/4.1.2 (java windows)
Content-Length: 48780
Content-Type: application/json; charset=utf-8
host: localhost:61510
accept: */*

Response DefaultHttpResponse(decodeResult: success, version: HTTP/1.1)
HTTP/1.1 200 OK
Content-Type: application/json; charset=utf-8
cache-control: no-cache
content-length: 14

16:40:00.255 [AsyncHttpClient-1-11] DEBUG o.a.netty.channel.ChannelManager - Adding key: http://localhost:61510 for channel [id: 0xc99fb80c, L:/127.0.0.1:53174 - R:localhost/127.0.0.1:61510]
16:40:00.256 [Forwarding findElement on session 395182f0b341e89b96e47c2a9609fe9b to remote] DEBUG o.a.netty.request.NettyRequestSender - Using pooled Channel '[id: 0xc99fb80c, L:/127.0.0.1:53174 - R:localhost/127.0.0.1:61510]' for 'POST' to 'http://localhost:61510/session/395182f0b341e89b96e47c2a9609fe9b/element'
16:40:00.256 [Forwarding findElement on session 395182f0b341e89b96e47c2a9609fe9b to remote] DEBUG o.a.netty.request.NettyRequestSender - Using open Channel [id: 0xc99fb80c, L:/127.0.0.1:53174 - R:localhost/127.0.0.1:61510] for POST '/session/395182f0b341e89b96e47c2a9609fe9b/element'
16:40:00.262 [AsyncHttpClient-1-11] DEBUG o.a.netty.handler.HttpHandler - 

Request DefaultHttpRequest(decodeResult: success, version: HTTP/1.1)
POST /session/395182f0b341e89b96e47c2a9609fe9b/element HTTP/1.1
User-Agent: selenium/4.1.2 (java windows)
Content-Length: 128
Content-Type: application/json; charset=utf-8
host: localhost:61510
accept: */*

Response DefaultHttpResponse(decodeResult: success, version: HTTP/1.1)
HTTP/1.1 200 OK
Content-Type: application/json; charset=utf-8
cache-control: no-cache
content-length: 88

16:40:00.262 [AsyncHttpClient-1-11] DEBUG o.a.netty.channel.ChannelManager - Adding key: http://localhost:61510 for channel [id: 0xc99fb80c, L:/127.0.0.1:53174 - R:localhost/127.0.0.1:61510]
16:40:00.263 [Forwarding isElementEnabled on session 395182f0b341e89b96e47c2a9609fe9b to remote] DEBUG o.a.netty.request.NettyRequestSender - Using pooled Channel '[id: 0xc99fb80c, L:/127.0.0.1:53174 - R:localhost/127.0.0.1:61510]' for 'GET' to 'http://localhost:61510/session/395182f0b341e89b96e47c2a9609fe9b/element/9b1b24ea-5c7f-4fe8-a20e-d575f38c58c1/enabled'
16:40:00.263 [Forwarding isElementEnabled on session 395182f0b341e89b96e47c2a9609fe9b to remote] DEBUG o.a.netty.request.NettyRequestSender - Using open Channel [id: 0xc99fb80c, L:/127.0.0.1:53174 - R:localhost/127.0.0.1:61510] for GET '/session/395182f0b341e89b96e47c2a9609fe9b/element/9b1b24ea-5c7f-4fe8-a20e-d575f38c58c1/enabled'
16:40:00.271 [AsyncHttpClient-1-11] DEBUG o.a.netty.handler.HttpHandler - 

Request DefaultFullHttpRequest(decodeResult: success, version: HTTP/1.1, content: EmptyByteBufBE)
GET /session/395182f0b341e89b96e47c2a9609fe9b/element/9b1b24ea-5c7f-4fe8-a20e-d575f38c58c1/enabled HTTP/1.1
User-Agent: selenium/4.1.2 (java windows)
Cache-Control: no-cache
Content-Type: application/json; charset=utf-8
host: localhost:61510
accept: */*

Response DefaultHttpResponse(decodeResult: success, version: HTTP/1.1)
HTTP/1.1 200 OK
Content-Type: application/json; charset=utf-8
cache-control: no-cache
content-length: 14

16:40:00.272 [AsyncHttpClient-1-11] DEBUG o.a.netty.channel.ChannelManager - Adding key: http://localhost:61510 for channel [id: 0xc99fb80c, L:/127.0.0.1:53174 - R:localhost/127.0.0.1:61510]
16:40:00.273 [Forwarding findElement on session 395182f0b341e89b96e47c2a9609fe9b to remote] DEBUG o.a.netty.request.NettyRequestSender - Using pooled Channel '[id: 0xc99fb80c, L:/127.0.0.1:53174 - R:localhost/127.0.0.1:61510]' for 'POST' to 'http://localhost:61510/session/395182f0b341e89b96e47c2a9609fe9b/element'
16:40:00.273 [Forwarding findElement on session 395182f0b341e89b96e47c2a9609fe9b to remote] DEBUG o.a.netty.request.NettyRequestSender - Using open Channel [id: 0xc99fb80c, L:/127.0.0.1:53174 - R:localhost/127.0.0.1:61510] for POST '/session/395182f0b341e89b96e47c2a9609fe9b/element'
16:40:00.285 [AsyncHttpClient-1-11] DEBUG o.a.netty.handler.HttpHandler - 

Request DefaultHttpRequest(decodeResult: success, version: HTTP/1.1)
POST /session/395182f0b341e89b96e47c2a9609fe9b/element HTTP/1.1
User-Agent: selenium/4.1.2 (java windows)
Content-Length: 132
Content-Type: application/json; charset=utf-8
host: localhost:61510
accept: */*

Response DefaultHttpResponse(decodeResult: success, version: HTTP/1.1)
HTTP/1.1 200 OK
Content-Type: application/json; charset=utf-8
cache-control: no-cache
content-length: 88

16:40:00.285 [AsyncHttpClient-1-11] DEBUG o.a.netty.channel.ChannelManager - Adding key: http://localhost:61510 for channel [id: 0xc99fb80c, L:/127.0.0.1:53174 - R:localhost/127.0.0.1:61510]
16:40:00.289 [Forwarding isElementDisplayed on session 395182f0b341e89b96e47c2a9609fe9b to remote] DEBUG o.a.netty.request.NettyRequestSender - Using pooled Channel '[id: 0xc99fb80c, L:/127.0.0.1:53174 - R:localhost/127.0.0.1:61510]' for 'POST' to 'http://localhost:61510/session/395182f0b341e89b96e47c2a9609fe9b/execute/sync'
16:40:00.289 [Forwarding isElementDisplayed on session 395182f0b341e89b96e47c2a9609fe9b to remote] DEBUG o.a.netty.request.NettyRequestSender - Using open Channel [id: 0xc99fb80c, L:/127.0.0.1:53174 - R:localhost/127.0.0.1:61510] for POST '/session/395182f0b341e89b96e47c2a9609fe9b/execute/sync'
16:40:00.299 [AsyncHttpClient-1-11] DEBUG o.a.netty.handler.HttpHandler - 

Request DefaultHttpRequest(decodeResult: success, version: HTTP/1.1)
POST /session/395182f0b341e89b96e47c2a9609fe9b/execute/sync HTTP/1.1
User-Agent: selenium/4.1.2 (java windows)
Content-Length: 48780
Content-Type: application/json; charset=utf-8
host: localhost:61510
accept: */*

Response DefaultHttpResponse(decodeResult: success, version: HTTP/1.1)
HTTP/1.1 200 OK
Content-Type: application/json; charset=utf-8
cache-control: no-cache
content-length: 14

16:40:00.299 [AsyncHttpClient-1-11] DEBUG o.a.netty.channel.ChannelManager - Adding key: http://localhost:61510 for channel [id: 0xc99fb80c, L:/127.0.0.1:53174 - R:localhost/127.0.0.1:61510]
16:40:00.301 [Forwarding findElement on session 395182f0b341e89b96e47c2a9609fe9b to remote] DEBUG o.a.netty.request.NettyRequestSender - Using pooled Channel '[id: 0xc99fb80c, L:/127.0.0.1:53174 - R:localhost/127.0.0.1:61510]' for 'POST' to 'http://localhost:61510/session/395182f0b341e89b96e47c2a9609fe9b/element'
16:40:00.301 [Forwarding findElement on session 395182f0b341e89b96e47c2a9609fe9b to remote] DEBUG o.a.netty.request.NettyRequestSender - Using open Channel [id: 0xc99fb80c, L:/127.0.0.1:53174 - R:localhost/127.0.0.1:61510] for POST '/session/395182f0b341e89b96e47c2a9609fe9b/element'
16:40:00.307 [AsyncHttpClient-1-11] DEBUG o.a.netty.handler.HttpHandler - 

Request DefaultHttpRequest(decodeResult: success, version: HTTP/1.1)
POST /session/395182f0b341e89b96e47c2a9609fe9b/element HTTP/1.1
User-Agent: selenium/4.1.2 (java windows)
Content-Length: 132
Content-Type: application/json; charset=utf-8
host: localhost:61510
accept: */*

Response DefaultHttpResponse(decodeResult: success, version: HTTP/1.1)
HTTP/1.1 200 OK
Content-Type: application/json; charset=utf-8
cache-control: no-cache
content-length: 88

16:40:00.307 [AsyncHttpClient-1-11] DEBUG o.a.netty.channel.ChannelManager - Adding key: http://localhost:61510 for channel [id: 0xc99fb80c, L:/127.0.0.1:53174 - R:localhost/127.0.0.1:61510]
16:40:00.311 [Forwarding isElementDisplayed on session 395182f0b341e89b96e47c2a9609fe9b to remote] DEBUG o.a.netty.request.NettyRequestSender - Using pooled Channel '[id: 0xc99fb80c, L:/127.0.0.1:53174 - R:localhost/127.0.0.1:61510]' for 'POST' to 'http://localhost:61510/session/395182f0b341e89b96e47c2a9609fe9b/execute/sync'
16:40:00.311 [Forwarding isElementDisplayed on session 395182f0b341e89b96e47c2a9609fe9b to remote] DEBUG o.a.netty.request.NettyRequestSender - Using open Channel [id: 0xc99fb80c, L:/127.0.0.1:53174 - R:localhost/127.0.0.1:61510] for POST '/session/395182f0b341e89b96e47c2a9609fe9b/execute/sync'
16:40:00.320 [AsyncHttpClient-1-11] DEBUG o.a.netty.handler.HttpHandler - 

Request DefaultHttpRequest(decodeResult: success, version: HTTP/1.1)
POST /session/395182f0b341e89b96e47c2a9609fe9b/execute/sync HTTP/1.1
User-Agent: selenium/4.1.2 (java windows)
Content-Length: 48780
Content-Type: application/json; charset=utf-8
host: localhost:61510
accept: */*

Response DefaultHttpResponse(decodeResult: success, version: HTTP/1.1)
HTTP/1.1 200 OK
Content-Type: application/json; charset=utf-8
cache-control: no-cache
content-length: 14

16:40:00.320 [AsyncHttpClient-1-11] DEBUG o.a.netty.channel.ChannelManager - Adding key: http://localhost:61510 for channel [id: 0xc99fb80c, L:/127.0.0.1:53174 - R:localhost/127.0.0.1:61510]
16:40:00.321 [Forwarding findElement on session 395182f0b341e89b96e47c2a9609fe9b to remote] DEBUG o.a.netty.request.NettyRequestSender - Using pooled Channel '[id: 0xc99fb80c, L:/127.0.0.1:53174 - R:localhost/127.0.0.1:61510]' for 'POST' to 'http://localhost:61510/session/395182f0b341e89b96e47c2a9609fe9b/element'
16:40:00.321 [Forwarding findElement on session 395182f0b341e89b96e47c2a9609fe9b to remote] DEBUG o.a.netty.request.NettyRequestSender - Using open Channel [id: 0xc99fb80c, L:/127.0.0.1:53174 - R:localhost/127.0.0.1:61510] for POST '/session/395182f0b341e89b96e47c2a9609fe9b/element'
16:40:00.327 [AsyncHttpClient-1-11] DEBUG o.a.netty.handler.HttpHandler - 

Request DefaultHttpRequest(decodeResult: success, version: HTTP/1.1)
POST /session/395182f0b341e89b96e47c2a9609fe9b/element HTTP/1.1
User-Agent: selenium/4.1.2 (java windows)
Content-Length: 132
Content-Type: application/json; charset=utf-8
host: localhost:61510
accept: */*

Response DefaultHttpResponse(decodeResult: success, version: HTTP/1.1)
HTTP/1.1 200 OK
Content-Type: application/json; charset=utf-8
cache-control: no-cache
content-length: 88

16:40:00.327 [AsyncHttpClient-1-11] DEBUG o.a.netty.channel.ChannelManager - Adding key: http://localhost:61510 for channel [id: 0xc99fb80c, L:/127.0.0.1:53174 - R:localhost/127.0.0.1:61510]
16:40:00.328 [Forwarding isElementEnabled on session 395182f0b341e89b96e47c2a9609fe9b to remote] DEBUG o.a.netty.request.NettyRequestSender - Using pooled Channel '[id: 0xc99fb80c, L:/127.0.0.1:53174 - R:localhost/127.0.0.1:61510]' for 'GET' to 'http://localhost:61510/session/395182f0b341e89b96e47c2a9609fe9b/element/11003344-655e-4a42-a64d-b7d9fe5b3778/enabled'
16:40:00.328 [Forwarding isElementEnabled on session 395182f0b341e89b96e47c2a9609fe9b to remote] DEBUG o.a.netty.request.NettyRequestSender - Using open Channel [id: 0xc99fb80c, L:/127.0.0.1:53174 - R:localhost/127.0.0.1:61510] for GET '/session/395182f0b341e89b96e47c2a9609fe9b/element/11003344-655e-4a42-a64d-b7d9fe5b3778/enabled'
16:40:00.336 [AsyncHttpClient-1-11] DEBUG o.a.netty.handler.HttpHandler - 

Request DefaultFullHttpRequest(decodeResult: success, version: HTTP/1.1, content: EmptyByteBufBE)
GET /session/395182f0b341e89b96e47c2a9609fe9b/element/11003344-655e-4a42-a64d-b7d9fe5b3778/enabled HTTP/1.1
User-Agent: selenium/4.1.2 (java windows)
Cache-Control: no-cache
Content-Type: application/json; charset=utf-8
host: localhost:61510
accept: */*

Response DefaultHttpResponse(decodeResult: success, version: HTTP/1.1)
HTTP/1.1 200 OK
Content-Type: application/json; charset=utf-8
cache-control: no-cache
content-length: 14

16:40:00.337 [AsyncHttpClient-1-11] DEBUG o.a.netty.channel.ChannelManager - Adding key: http://localhost:61510 for channel [id: 0xc99fb80c, L:/127.0.0.1:53174 - R:localhost/127.0.0.1:61510]
16:40:00.338 [Forwarding findElement on session 395182f0b341e89b96e47c2a9609fe9b to remote] DEBUG o.a.netty.request.NettyRequestSender - Using pooled Channel '[id: 0xc99fb80c, L:/127.0.0.1:53174 - R:localhost/127.0.0.1:61510]' for 'POST' to 'http://localhost:61510/session/395182f0b341e89b96e47c2a9609fe9b/element'
16:40:00.338 [Forwarding findElement on session 395182f0b341e89b96e47c2a9609fe9b to remote] DEBUG o.a.netty.request.NettyRequestSender - Using open Channel [id: 0xc99fb80c, L:/127.0.0.1:53174 - R:localhost/127.0.0.1:61510] for POST '/session/395182f0b341e89b96e47c2a9609fe9b/element'
16:40:00.352 [AsyncHttpClient-1-11] DEBUG o.a.netty.handler.HttpHandler - 

Request DefaultHttpRequest(decodeResult: success, version: HTTP/1.1)
POST /session/395182f0b341e89b96e47c2a9609fe9b/element HTTP/1.1
User-Agent: selenium/4.1.2 (java windows)
Content-Length: 125
Content-Type: application/json; charset=utf-8
host: localhost:61510
accept: */*

Response DefaultHttpResponse(decodeResult: success, version: HTTP/1.1)
HTTP/1.1 200 OK
Content-Type: application/json; charset=utf-8
cache-control: no-cache
content-length: 88

16:40:00.352 [AsyncHttpClient-1-11] DEBUG o.a.netty.channel.ChannelManager - Adding key: http://localhost:61510 for channel [id: 0xc99fb80c, L:/127.0.0.1:53174 - R:localhost/127.0.0.1:61510]
16:40:00.356 [Forwarding isElementDisplayed on session 395182f0b341e89b96e47c2a9609fe9b to remote] DEBUG o.a.netty.request.NettyRequestSender - Using pooled Channel '[id: 0xc99fb80c, L:/127.0.0.1:53174 - R:localhost/127.0.0.1:61510]' for 'POST' to 'http://localhost:61510/session/395182f0b341e89b96e47c2a9609fe9b/execute/sync'
16:40:00.356 [Forwarding isElementDisplayed on session 395182f0b341e89b96e47c2a9609fe9b to remote] DEBUG o.a.netty.request.NettyRequestSender - Using open Channel [id: 0xc99fb80c, L:/127.0.0.1:53174 - R:localhost/127.0.0.1:61510] for POST '/session/395182f0b341e89b96e47c2a9609fe9b/execute/sync'
16:40:00.367 [AsyncHttpClient-1-11] DEBUG o.a.netty.handler.HttpHandler - 

Request DefaultHttpRequest(decodeResult: success, version: HTTP/1.1)
POST /session/395182f0b341e89b96e47c2a9609fe9b/execute/sync HTTP/1.1
User-Agent: selenium/4.1.2 (java windows)
Content-Length: 48780
Content-Type: application/json; charset=utf-8
host: localhost:61510
accept: */*

Response DefaultHttpResponse(decodeResult: success, version: HTTP/1.1)
HTTP/1.1 200 OK
Content-Type: application/json; charset=utf-8
cache-control: no-cache
content-length: 14

16:40:00.367 [AsyncHttpClient-1-11] DEBUG o.a.netty.channel.ChannelManager - Adding key: http://localhost:61510 for channel [id: 0xc99fb80c, L:/127.0.0.1:53174 - R:localhost/127.0.0.1:61510]
16:40:00.368 [Forwarding findElement on session 395182f0b341e89b96e47c2a9609fe9b to remote] DEBUG o.a.netty.request.NettyRequestSender - Using pooled Channel '[id: 0xc99fb80c, L:/127.0.0.1:53174 - R:localhost/127.0.0.1:61510]' for 'POST' to 'http://localhost:61510/session/395182f0b341e89b96e47c2a9609fe9b/element'
16:40:00.368 [Forwarding findElement on session 395182f0b341e89b96e47c2a9609fe9b to remote] DEBUG o.a.netty.request.NettyRequestSender - Using open Channel [id: 0xc99fb80c, L:/127.0.0.1:53174 - R:localhost/127.0.0.1:61510] for POST '/session/395182f0b341e89b96e47c2a9609fe9b/element'
16:40:00.375 [AsyncHttpClient-1-11] DEBUG o.a.netty.handler.HttpHandler - 

Request DefaultHttpRequest(decodeResult: success, version: HTTP/1.1)
POST /session/395182f0b341e89b96e47c2a9609fe9b/element HTTP/1.1
User-Agent: selenium/4.1.2 (java windows)
Content-Length: 125
Content-Type: application/json; charset=utf-8
host: localhost:61510
accept: */*

Response DefaultHttpResponse(decodeResult: success, version: HTTP/1.1)
HTTP/1.1 200 OK
Content-Type: application/json; charset=utf-8
cache-control: no-cache
content-length: 88

16:40:00.375 [AsyncHttpClient-1-11] DEBUG o.a.netty.channel.ChannelManager - Adding key: http://localhost:61510 for channel [id: 0xc99fb80c, L:/127.0.0.1:53174 - R:localhost/127.0.0.1:61510]
16:40:00.379 [Forwarding isElementDisplayed on session 395182f0b341e89b96e47c2a9609fe9b to remote] DEBUG o.a.netty.request.NettyRequestSender - Using pooled Channel '[id: 0xc99fb80c, L:/127.0.0.1:53174 - R:localhost/127.0.0.1:61510]' for 'POST' to 'http://localhost:61510/session/395182f0b341e89b96e47c2a9609fe9b/execute/sync'
16:40:00.379 [Forwarding isElementDisplayed on session 395182f0b341e89b96e47c2a9609fe9b to remote] DEBUG o.a.netty.request.NettyRequestSender - Using open Channel [id: 0xc99fb80c, L:/127.0.0.1:53174 - R:localhost/127.0.0.1:61510] for POST '/session/395182f0b341e89b96e47c2a9609fe9b/execute/sync'
16:40:00.388 [AsyncHttpClient-1-11] DEBUG o.a.netty.handler.HttpHandler - 

Request DefaultHttpRequest(decodeResult: success, version: HTTP/1.1)
POST /session/395182f0b341e89b96e47c2a9609fe9b/execute/sync HTTP/1.1
User-Agent: selenium/4.1.2 (java windows)
Content-Length: 48780
Content-Type: application/json; charset=utf-8
host: localhost:61510
accept: */*

Response DefaultHttpResponse(decodeResult: success, version: HTTP/1.1)
HTTP/1.1 200 OK
Content-Type: application/json; charset=utf-8
cache-control: no-cache
content-length: 14

16:40:00.388 [AsyncHttpClient-1-11] DEBUG o.a.netty.channel.ChannelManager - Adding key: http://localhost:61510 for channel [id: 0xc99fb80c, L:/127.0.0.1:53174 - R:localhost/127.0.0.1:61510]
16:40:00.390 [Forwarding findElement on session 395182f0b341e89b96e47c2a9609fe9b to remote] DEBUG o.a.netty.request.NettyRequestSender - Using pooled Channel '[id: 0xc99fb80c, L:/127.0.0.1:53174 - R:localhost/127.0.0.1:61510]' for 'POST' to 'http://localhost:61510/session/395182f0b341e89b96e47c2a9609fe9b/element'
16:40:00.390 [Forwarding findElement on session 395182f0b341e89b96e47c2a9609fe9b to remote] DEBUG o.a.netty.request.NettyRequestSender - Using open Channel [id: 0xc99fb80c, L:/127.0.0.1:53174 - R:localhost/127.0.0.1:61510] for POST '/session/395182f0b341e89b96e47c2a9609fe9b/element'
16:40:00.396 [AsyncHttpClient-1-11] DEBUG o.a.netty.handler.HttpHandler - 

Request DefaultHttpRequest(decodeResult: success, version: HTTP/1.1)
POST /session/395182f0b341e89b96e47c2a9609fe9b/element HTTP/1.1
User-Agent: selenium/4.1.2 (java windows)
Content-Length: 125
Content-Type: application/json; charset=utf-8
host: localhost:61510
accept: */*

Response DefaultHttpResponse(decodeResult: success, version: HTTP/1.1)
HTTP/1.1 200 OK
Content-Type: application/json; charset=utf-8
cache-control: no-cache
content-length: 88

16:40:00.396 [AsyncHttpClient-1-11] DEBUG o.a.netty.channel.ChannelManager - Adding key: http://localhost:61510 for channel [id: 0xc99fb80c, L:/127.0.0.1:53174 - R:localhost/127.0.0.1:61510]
16:40:00.397 [Forwarding isElementEnabled on session 395182f0b341e89b96e47c2a9609fe9b to remote] DEBUG o.a.netty.request.NettyRequestSender - Using pooled Channel '[id: 0xc99fb80c, L:/127.0.0.1:53174 - R:localhost/127.0.0.1:61510]' for 'GET' to 'http://localhost:61510/session/395182f0b341e89b96e47c2a9609fe9b/element/c3508b94-333f-4cc1-b65a-f8a6a81231bf/enabled'
16:40:00.397 [Forwarding isElementEnabled on session 395182f0b341e89b96e47c2a9609fe9b to remote] DEBUG o.a.netty.request.NettyRequestSender - Using open Channel [id: 0xc99fb80c, L:/127.0.0.1:53174 - R:localhost/127.0.0.1:61510] for GET '/session/395182f0b341e89b96e47c2a9609fe9b/element/c3508b94-333f-4cc1-b65a-f8a6a81231bf/enabled'
16:40:00.407 [AsyncHttpClient-1-11] DEBUG o.a.netty.handler.HttpHandler - 

Request DefaultFullHttpRequest(decodeResult: success, version: HTTP/1.1, content: EmptyByteBufBE)
GET /session/395182f0b341e89b96e47c2a9609fe9b/element/c3508b94-333f-4cc1-b65a-f8a6a81231bf/enabled HTTP/1.1
User-Agent: selenium/4.1.2 (java windows)
Cache-Control: no-cache
Content-Type: application/json; charset=utf-8
host: localhost:61510
accept: */*

Response DefaultHttpResponse(decodeResult: success, version: HTTP/1.1)
HTTP/1.1 200 OK
Content-Type: application/json; charset=utf-8
cache-control: no-cache
content-length: 14

16:40:00.408 [AsyncHttpClient-1-11] DEBUG o.a.netty.channel.ChannelManager - Adding key: http://localhost:61510 for channel [id: 0xc99fb80c, L:/127.0.0.1:53174 - R:localhost/127.0.0.1:61510]
  &amp#27;[32mAnd &amp#27;[0m&amp#27;[32muser verify the Login Page Elements is Visible&amp#27;[0m                                                   &amp#27;[90m# stepdefinitions.LoginPageSteps.user_verify_the_login_page_elements_is_visible()&amp#27;[0m
16:40:00.652 [AsyncHttpClient-1-1] DEBUG o.a.netty.channel.DefaultChannelPool - Entry count for : http://localhost:53175 : 1
16:40:00.652 [AsyncHttpClient-1-1] DEBUG o.a.netty.channel.DefaultChannelPool - Entry count for : http://localhost:61510 : 1
16:40:01.749 [AsyncHttpClient-1-1] DEBUG o.a.netty.channel.DefaultChannelPool - Entry count for : http://localhost:53175 : 1
16:40:01.749 [AsyncHttpClient-1-1] DEBUG o.a.netty.channel.DefaultChannelPool - Entry count for : http://localhost:61510 : 1
16:40:02.420 [Forwarding findElement on session 395182f0b341e89b96e47c2a9609fe9b to remote] DEBUG o.a.netty.request.NettyRequestSender - Using pooled Channel '[id: 0xc99fb80c, L:/127.0.0.1:53174 - R:localhost/127.0.0.1:61510]' for 'POST' to 'http://localhost:61510/session/395182f0b341e89b96e47c2a9609fe9b/element'
16:40:02.420 [Forwarding findElement on session 395182f0b341e89b96e47c2a9609fe9b to remote] DEBUG o.a.netty.request.NettyRequestSender - Using open Channel [id: 0xc99fb80c, L:/127.0.0.1:53174 - R:localhost/127.0.0.1:61510] for POST '/session/395182f0b341e89b96e47c2a9609fe9b/element'
16:40:02.428 [AsyncHttpClient-1-11] DEBUG o.a.netty.handler.HttpHandler - 

Request DefaultHttpRequest(decodeResult: success, version: HTTP/1.1)
POST /session/395182f0b341e89b96e47c2a9609fe9b/element HTTP/1.1
User-Agent: selenium/4.1.2 (java windows)
Content-Length: 128
Content-Type: application/json; charset=utf-8
host: localhost:61510
accept: */*

Response DefaultHttpResponse(decodeResult: success, version: HTTP/1.1)
HTTP/1.1 200 OK
Content-Type: application/json; charset=utf-8
cache-control: no-cache
content-length: 88

16:40:02.428 [AsyncHttpClient-1-11] DEBUG o.a.netty.channel.ChannelManager - Adding key: http://localhost:61510 for channel [id: 0xc99fb80c, L:/127.0.0.1:53174 - R:localhost/127.0.0.1:61510]
16:40:02.429 [Forwarding sendKeysToElement on session 395182f0b341e89b96e47c2a9609fe9b to remote] DEBUG o.a.netty.request.NettyRequestSender - Using pooled Channel '[id: 0xc99fb80c, L:/127.0.0.1:53174 - R:localhost/127.0.0.1:61510]' for 'POST' to 'http://localhost:61510/session/395182f0b341e89b96e47c2a9609fe9b/element/9b1b24ea-5c7f-4fe8-a20e-d575f38c58c1/value'
16:40:02.429 [Forwarding sendKeysToElement on session 395182f0b341e89b96e47c2a9609fe9b to remote] DEBUG o.a.netty.request.NettyRequestSender - Using open Channel [id: 0xc99fb80c, L:/127.0.0.1:53174 - R:localhost/127.0.0.1:61510] for POST '/session/395182f0b341e89b96e47c2a9609fe9b/element/9b1b24ea-5c7f-4fe8-a20e-d575f38c58c1/value'
16:40:02.465 [AsyncHttpClient-1-11] DEBUG o.a.netty.handler.HttpHandler - 

Request DefaultHttpRequest(decodeResult: success, version: HTTP/1.1)
POST /session/395182f0b341e89b96e47c2a9609fe9b/element/9b1b24ea-5c7f-4fe8-a20e-d575f38c58c1/value HTTP/1.1
User-Agent: selenium/4.1.2 (java windows)
Content-Length: 191
Content-Type: application/json; charset=utf-8
host: localhost:61510
accept: */*

Response DefaultHttpResponse(decodeResult: success, version: HTTP/1.1)
HTTP/1.1 200 OK
Content-Type: application/json; charset=utf-8
cache-control: no-cache
content-length: 14

16:40:02.466 [AsyncHttpClient-1-11] DEBUG o.a.netty.channel.ChannelManager - Adding key: http://localhost:61510 for channel [id: 0xc99fb80c, L:/127.0.0.1:53174 - R:localhost/127.0.0.1:61510]
16:40:02.467 [Forwarding findElement on session 395182f0b341e89b96e47c2a9609fe9b to remote] DEBUG o.a.netty.request.NettyRequestSender - Using pooled Channel '[id: 0xc99fb80c, L:/127.0.0.1:53174 - R:localhost/127.0.0.1:61510]' for 'POST' to 'http://localhost:61510/session/395182f0b341e89b96e47c2a9609fe9b/element'
16:40:02.467 [Forwarding findElement on session 395182f0b341e89b96e47c2a9609fe9b to remote] DEBUG o.a.netty.request.NettyRequestSender - Using open Channel [id: 0xc99fb80c, L:/127.0.0.1:53174 - R:localhost/127.0.0.1:61510] for POST '/session/395182f0b341e89b96e47c2a9609fe9b/element'
16:40:02.473 [AsyncHttpClient-1-11] DEBUG o.a.netty.handler.HttpHandler - 

Request DefaultHttpRequest(decodeResult: success, version: HTTP/1.1)
POST /session/395182f0b341e89b96e47c2a9609fe9b/element HTTP/1.1
User-Agent: selenium/4.1.2 (java windows)
Content-Length: 132
Content-Type: application/json; charset=utf-8
host: localhost:61510
accept: */*

Response DefaultHttpResponse(decodeResult: success, version: HTTP/1.1)
HTTP/1.1 200 OK
Content-Type: application/json; charset=utf-8
cache-control: no-cache
content-length: 88

16:40:02.474 [AsyncHttpClient-1-11] DEBUG o.a.netty.channel.ChannelManager - Adding key: http://localhost:61510 for channel [id: 0xc99fb80c, L:/127.0.0.1:53174 - R:localhost/127.0.0.1:61510]
16:40:02.475 [Forwarding sendKeysToElement on session 395182f0b341e89b96e47c2a9609fe9b to remote] DEBUG o.a.netty.request.NettyRequestSender - Using pooled Channel '[id: 0xc99fb80c, L:/127.0.0.1:53174 - R:localhost/127.0.0.1:61510]' for 'POST' to 'http://localhost:61510/session/395182f0b341e89b96e47c2a9609fe9b/element/11003344-655e-4a42-a64d-b7d9fe5b3778/value'
16:40:02.475 [Forwarding sendKeysToElement on session 395182f0b341e89b96e47c2a9609fe9b to remote] DEBUG o.a.netty.request.NettyRequestSender - Using open Channel [id: 0xc99fb80c, L:/127.0.0.1:53174 - R:localhost/127.0.0.1:61510] for POST '/session/395182f0b341e89b96e47c2a9609fe9b/element/11003344-655e-4a42-a64d-b7d9fe5b3778/value'
16:40:02.525 [AsyncHttpClient-1-11] DEBUG o.a.netty.handler.HttpHandler - 

Request DefaultHttpRequest(decodeResult: success, version: HTTP/1.1)
POST /session/395182f0b341e89b96e47c2a9609fe9b/element/11003344-655e-4a42-a64d-b7d9fe5b3778/value HTTP/1.1
User-Agent: selenium/4.1.2 (java windows)
Content-Length: 231
Content-Type: application/json; charset=utf-8
host: localhost:61510
accept: */*

Response DefaultHttpResponse(decodeResult: success, version: HTTP/1.1)
HTTP/1.1 200 OK
Content-Type: application/json; charset=utf-8
cache-control: no-cache
content-length: 14

16:40:02.525 [AsyncHttpClient-1-11] DEBUG o.a.netty.channel.ChannelManager - Adding key: http://localhost:61510 for channel [id: 0xc99fb80c, L:/127.0.0.1:53174 - R:localhost/127.0.0.1:61510]
16:40:02.526 [Forwarding findElement on session 395182f0b341e89b96e47c2a9609fe9b to remote] DEBUG o.a.netty.request.NettyRequestSender - Using pooled Channel '[id: 0xc99fb80c, L:/127.0.0.1:53174 - R:localhost/127.0.0.1:61510]' for 'POST' to 'http://localhost:61510/session/395182f0b341e89b96e47c2a9609fe9b/element'
16:40:02.526 [Forwarding findElement on session 395182f0b341e89b96e47c2a9609fe9b to remote] DEBUG o.a.netty.request.NettyRequestSender - Using open Channel [id: 0xc99fb80c, L:/127.0.0.1:53174 - R:localhost/127.0.0.1:61510] for POST '/session/395182f0b341e89b96e47c2a9609fe9b/element'
16:40:02.534 [AsyncHttpClient-1-11] DEBUG o.a.netty.handler.HttpHandler - 

Request DefaultHttpRequest(decodeResult: success, version: HTTP/1.1)
POST /session/395182f0b341e89b96e47c2a9609fe9b/element HTTP/1.1
User-Agent: selenium/4.1.2 (java windows)
Content-Length: 125
Content-Type: application/json; charset=utf-8
host: localhost:61510
accept: */*

Response DefaultHttpResponse(decodeResult: success, version: HTTP/1.1)
HTTP/1.1 200 OK
Content-Type: application/json; charset=utf-8
cache-control: no-cache
content-length: 88

16:40:02.535 [AsyncHttpClient-1-11] DEBUG o.a.netty.channel.ChannelManager - Adding key: http://localhost:61510 for channel [id: 0xc99fb80c, L:/127.0.0.1:53174 - R:localhost/127.0.0.1:61510]
16:40:02.536 [Forwarding clickElement on session 395182f0b341e89b96e47c2a9609fe9b to remote] DEBUG o.a.netty.request.NettyRequestSender - Using pooled Channel '[id: 0xc99fb80c, L:/127.0.0.1:53174 - R:localhost/127.0.0.1:61510]' for 'POST' to 'http://localhost:61510/session/395182f0b341e89b96e47c2a9609fe9b/element/c3508b94-333f-4cc1-b65a-f8a6a81231bf/click'
16:40:02.536 [Forwarding clickElement on session 395182f0b341e89b96e47c2a9609fe9b to remote] DEBUG o.a.netty.request.NettyRequestSender - Using open Channel [id: 0xc99fb80c, L:/127.0.0.1:53174 - R:localhost/127.0.0.1:61510] for POST '/session/395182f0b341e89b96e47c2a9609fe9b/element/c3508b94-333f-4cc1-b65a-f8a6a81231bf/click'
16:40:02.619 [AsyncHttpClient-1-11] DEBUG o.a.netty.handler.HttpHandler - 

Request DefaultHttpRequest(decodeResult: success, version: HTTP/1.1)
POST /session/395182f0b341e89b96e47c2a9609fe9b/element/c3508b94-333f-4cc1-b65a-f8a6a81231bf/click HTTP/1.1
User-Agent: selenium/4.1.2 (java windows)
Content-Length: 50
Content-Type: application/json; charset=utf-8
host: localhost:61510
accept: */*

Response DefaultHttpResponse(decodeResult: success, version: HTTP/1.1)
HTTP/1.1 200 OK
Content-Type: application/json; charset=utf-8
cache-control: no-cache
content-length: 14

16:40:02.620 [AsyncHttpClient-1-11] DEBUG o.a.netty.channel.ChannelManager - Adding key: http://localhost:61510 for channel [id: 0xc99fb80c, L:/127.0.0.1:53174 - R:localhost/127.0.0.1:61510]
16:40:02.621 [Forwarding findElement on session 395182f0b341e89b96e47c2a9609fe9b to remote] DEBUG o.a.netty.request.NettyRequestSender - Using pooled Channel '[id: 0xc99fb80c, L:/127.0.0.1:53174 - R:localhost/127.0.0.1:61510]' for 'POST' to 'http://localhost:61510/session/395182f0b341e89b96e47c2a9609fe9b/element'
16:40:02.621 [Forwarding findElement on session 395182f0b341e89b96e47c2a9609fe9b to remote] DEBUG o.a.netty.request.NettyRequestSender - Using open Channel [id: 0xc99fb80c, L:/127.0.0.1:53174 - R:localhost/127.0.0.1:61510] for POST '/session/395182f0b341e89b96e47c2a9609fe9b/element'
16:40:02.634 [AsyncHttpClient-1-11] DEBUG o.a.netty.handler.HttpHandler - 

Request DefaultHttpRequest(decodeResult: success, version: HTTP/1.1)
POST /session/395182f0b341e89b96e47c2a9609fe9b/element HTTP/1.1
User-Agent: selenium/4.1.2 (java windows)
Content-Length: 75
Content-Type: application/json; charset=utf-8
host: localhost:61510
accept: */*

Response DefaultHttpResponse(decodeResult: success, version: HTTP/1.1)
HTTP/1.1 200 OK
Content-Type: application/json; charset=utf-8
cache-control: no-cache
content-length: 88

16:40:02.634 [AsyncHttpClient-1-11] DEBUG o.a.netty.channel.ChannelManager - Adding key: http://localhost:61510 for channel [id: 0xc99fb80c, L:/127.0.0.1:53174 - R:localhost/127.0.0.1:61510]
16:40:02.638 [Forwarding isElementDisplayed on session 395182f0b341e89b96e47c2a9609fe9b to remote] DEBUG o.a.netty.request.NettyRequestSender - Using pooled Channel '[id: 0xc99fb80c, L:/127.0.0.1:53174 - R:localhost/127.0.0.1:61510]' for 'POST' to 'http://localhost:61510/session/395182f0b341e89b96e47c2a9609fe9b/execute/sync'
16:40:02.638 [Forwarding isElementDisplayed on session 395182f0b341e89b96e47c2a9609fe9b to remote] DEBUG o.a.netty.request.NettyRequestSender - Using open Channel [id: 0xc99fb80c, L:/127.0.0.1:53174 - R:localhost/127.0.0.1:61510] for POST '/session/395182f0b341e89b96e47c2a9609fe9b/execute/sync'
16:40:02.656 [AsyncHttpClient-1-11] DEBUG o.a.netty.handler.HttpHandler - 

Request DefaultHttpRequest(decodeResult: success, version: HTTP/1.1)
POST /session/395182f0b341e89b96e47c2a9609fe9b/execute/sync HTTP/1.1
User-Agent: selenium/4.1.2 (java windows)
Content-Length: 48780
Content-Type: application/json; charset=utf-8
host: localhost:61510
accept: */*

Response DefaultHttpResponse(decodeResult: success, version: HTTP/1.1)
HTTP/1.1 200 OK
Content-Type: application/json; charset=utf-8
cache-control: no-cache
content-length: 15

16:40:02.657 [AsyncHttpClient-1-11] DEBUG o.a.netty.channel.ChannelManager - Adding key: http://localhost:61510 for channel [id: 0xc99fb80c, L:/127.0.0.1:53174 - R:localhost/127.0.0.1:61510]
16:40:02.850 [AsyncHttpClient-1-1] DEBUG o.a.netty.channel.DefaultChannelPool - Entry count for : http://localhost:53175 : 1
16:40:02.850 [AsyncHttpClient-1-1] DEBUG o.a.netty.channel.DefaultChannelPool - Entry count for : http://localhost:61510 : 1
16:40:03.161 [Forwarding findElement on session 395182f0b341e89b96e47c2a9609fe9b to remote] DEBUG o.a.netty.request.NettyRequestSender - Using pooled Channel '[id: 0xc99fb80c, L:/127.0.0.1:53174 - R:localhost/127.0.0.1:61510]' for 'POST' to 'http://localhost:61510/session/395182f0b341e89b96e47c2a9609fe9b/element'
16:40:03.161 [Forwarding findElement on session 395182f0b341e89b96e47c2a9609fe9b to remote] DEBUG o.a.netty.request.NettyRequestSender - Using open Channel [id: 0xc99fb80c, L:/127.0.0.1:53174 - R:localhost/127.0.0.1:61510] for POST '/session/395182f0b341e89b96e47c2a9609fe9b/element'
16:40:03.168 [AsyncHttpClient-1-11] DEBUG o.a.netty.handler.HttpHandler - 

Request DefaultHttpRequest(decodeResult: success, version: HTTP/1.1)
POST /session/395182f0b341e89b96e47c2a9609fe9b/element HTTP/1.1
User-Agent: selenium/4.1.2 (java windows)
Content-Length: 75
Content-Type: application/json; charset=utf-8
host: localhost:61510
accept: */*

Response DefaultHttpResponse(decodeResult: success, version: HTTP/1.1)
HTTP/1.1 200 OK
Content-Type: application/json; charset=utf-8
cache-control: no-cache
content-length: 88

16:40:03.168 [AsyncHttpClient-1-11] DEBUG o.a.netty.channel.ChannelManager - Adding key: http://localhost:61510 for channel [id: 0xc99fb80c, L:/127.0.0.1:53174 - R:localhost/127.0.0.1:61510]
16:40:03.172 [Forwarding isElementDisplayed on session 395182f0b341e89b96e47c2a9609fe9b to remote] DEBUG o.a.netty.request.NettyRequestSender - Using pooled Channel '[id: 0xc99fb80c, L:/127.0.0.1:53174 - R:localhost/127.0.0.1:61510]' for 'POST' to 'http://localhost:61510/session/395182f0b341e89b96e47c2a9609fe9b/execute/sync'
16:40:03.172 [Forwarding isElementDisplayed on session 395182f0b341e89b96e47c2a9609fe9b to remote] DEBUG o.a.netty.request.NettyRequestSender - Using open Channel [id: 0xc99fb80c, L:/127.0.0.1:53174 - R:localhost/127.0.0.1:61510] for POST '/session/395182f0b341e89b96e47c2a9609fe9b/execute/sync'
16:40:03.180 [AsyncHttpClient-1-11] DEBUG o.a.netty.handler.HttpHandler - 

Request DefaultHttpRequest(decodeResult: success, version: HTTP/1.1)
POST /session/395182f0b341e89b96e47c2a9609fe9b/execute/sync HTTP/1.1
User-Agent: selenium/4.1.2 (java windows)
Content-Length: 48780
Content-Type: application/json; charset=utf-8
host: localhost:61510
accept: */*

Response DefaultHttpResponse(decodeResult: success, version: HTTP/1.1)
HTTP/1.1 200 OK
Content-Type: application/json; charset=utf-8
cache-control: no-cache
content-length: 15

16:40:03.180 [AsyncHttpClient-1-11] DEBUG o.a.netty.channel.ChannelManager - Adding key: http://localhost:61510 for channel [id: 0xc99fb80c, L:/127.0.0.1:53174 - R:localhost/127.0.0.1:61510]
16:40:03.687 [Forwarding findElement on session 395182f0b341e89b96e47c2a9609fe9b to remote] DEBUG o.a.netty.request.NettyRequestSender - Using pooled Channel '[id: 0xc99fb80c, L:/127.0.0.1:53174 - R:localhost/127.0.0.1:61510]' for 'POST' to 'http://localhost:61510/session/395182f0b341e89b96e47c2a9609fe9b/element'
16:40:03.688 [Forwarding findElement on session 395182f0b341e89b96e47c2a9609fe9b to remote] DEBUG o.a.netty.request.NettyRequestSender - Using open Channel [id: 0xc99fb80c, L:/127.0.0.1:53174 - R:localhost/127.0.0.1:61510] for POST '/session/395182f0b341e89b96e47c2a9609fe9b/element'
16:40:03.694 [AsyncHttpClient-1-11] DEBUG o.a.netty.handler.HttpHandler - 

Request DefaultHttpRequest(decodeResult: success, version: HTTP/1.1)
POST /session/395182f0b341e89b96e47c2a9609fe9b/element HTTP/1.1
User-Agent: selenium/4.1.2 (java windows)
Content-Length: 75
Content-Type: application/json; charset=utf-8
host: localhost:61510
accept: */*

Response DefaultHttpResponse(decodeResult: success, version: HTTP/1.1)
HTTP/1.1 200 OK
Content-Type: application/json; charset=utf-8
cache-control: no-cache
content-length: 88

16:40:03.694 [AsyncHttpClient-1-11] DEBUG o.a.netty.channel.ChannelManager - Adding key: http://localhost:61510 for channel [id: 0xc99fb80c, L:/127.0.0.1:53174 - R:localhost/127.0.0.1:61510]
16:40:03.698 [Forwarding isElementDisplayed on session 395182f0b341e89b96e47c2a9609fe9b to remote] DEBUG o.a.netty.request.NettyRequestSender - Using pooled Channel '[id: 0xc99fb80c, L:/127.0.0.1:53174 - R:localhost/127.0.0.1:61510]' for 'POST' to 'http://localhost:61510/session/395182f0b341e89b96e47c2a9609fe9b/execute/sync'
16:40:03.698 [Forwarding isElementDisplayed on session 395182f0b341e89b96e47c2a9609fe9b to remote] DEBUG o.a.netty.request.NettyRequestSender - Using open Channel [id: 0xc99fb80c, L:/127.0.0.1:53174 - R:localhost/127.0.0.1:61510] for POST '/session/395182f0b341e89b96e47c2a9609fe9b/execute/sync'
16:40:03.707 [AsyncHttpClient-1-11] DEBUG o.a.netty.handler.HttpHandler - 

Request DefaultHttpRequest(decodeResult: success, version: HTTP/1.1)
POST /session/395182f0b341e89b96e47c2a9609fe9b/execute/sync HTTP/1.1
User-Agent: selenium/4.1.2 (java windows)
Content-Length: 48780
Content-Type: application/json; charset=utf-8
host: localhost:61510
accept: */*

Response DefaultHttpResponse(decodeResult: success, version: HTTP/1.1)
HTTP/1.1 200 OK
Content-Type: application/json; charset=utf-8
cache-control: no-cache
content-length: 14

16:40:03.707 [AsyncHttpClient-1-11] DEBUG o.a.netty.channel.ChannelManager - Adding key: http://localhost:61510 for channel [id: 0xc99fb80c, L:/127.0.0.1:53174 - R:localhost/127.0.0.1:61510]
16:40:03.708 [Forwarding getElementText on session 395182f0b341e89b96e47c2a9609fe9b to remote] DEBUG o.a.netty.request.NettyRequestSender - Using pooled Channel '[id: 0xc99fb80c, L:/127.0.0.1:53174 - R:localhost/127.0.0.1:61510]' for 'GET' to 'http://localhost:61510/session/395182f0b341e89b96e47c2a9609fe9b/element/d60ac177-bb4f-42e4-9904-68effa7973ec/text'
16:40:03.708 [Forwarding getElementText on session 395182f0b341e89b96e47c2a9609fe9b to remote] DEBUG o.a.netty.request.NettyRequestSender - Using open Channel [id: 0xc99fb80c, L:/127.0.0.1:53174 - R:localhost/127.0.0.1:61510] for GET '/session/395182f0b341e89b96e47c2a9609fe9b/element/d60ac177-bb4f-42e4-9904-68effa7973ec/text'
16:40:03.722 [AsyncHttpClient-1-11] DEBUG o.a.netty.handler.HttpHandler - 

Request DefaultFullHttpRequest(decodeResult: success, version: HTTP/1.1, content: EmptyByteBufBE)
GET /session/395182f0b341e89b96e47c2a9609fe9b/element/d60ac177-bb4f-42e4-9904-68effa7973ec/text HTTP/1.1
User-Agent: selenium/4.1.2 (java windows)
Cache-Control: no-cache
Content-Type: application/json; charset=utf-8
host: localhost:61510
accept: */*

Response DefaultHttpResponse(decodeResult: success, version: HTTP/1.1)
HTTP/1.1 200 OK
Content-Type: application/json; charset=utf-8
cache-control: no-cache
content-length: 59

16:40:03.722 [AsyncHttpClient-1-11] DEBUG o.a.netty.channel.ChannelManager - Adding key: http://localhost:61510 for channel [id: 0xc99fb80c, L:/127.0.0.1:53174 - R:localhost/127.0.0.1:61510]
16:40:03.954 [AsyncHttpClient-1-1] DEBUG o.a.netty.channel.DefaultChannelPool - Entry count for : http://localhost:53175 : 1
16:40:03.954 [AsyncHttpClient-1-1] DEBUG o.a.netty.channel.DefaultChannelPool - Entry count for : http://localhost:61510 : 1
16:40:05.064 [AsyncHttpClient-1-1] DEBUG o.a.netty.channel.DefaultChannelPool - Entry count for : http://localhost:53175 : 1
16:40:05.064 [AsyncHttpClient-1-1] DEBUG o.a.netty.channel.DefaultChannelPool - Entry count for : http://localhost:61510 : 1
  &amp#27;[32mWhen &amp#27;[0m&amp#27;[32muser login using invalid credentials with username &amp#27;[0m&amp#27;[32m&amp#27;[1m"invalidUser"&amp#27;[0m&amp#27;[32m and password &amp#27;[0m&amp#27;[32m&amp#27;[1m"InvalidPassword"&amp#27;[0m &amp#27;[90m# stepdefinitions.LoginPageSteps.user_login_using_invalid_credentials_with_username_and_password(java.lang.String,java.lang.String)&amp#27;[0m
16:40:05.734 [Forwarding getTitle on session 395182f0b341e89b96e47c2a9609fe9b to remote] DEBUG o.a.netty.request.NettyRequestSender - Using pooled Channel '[id: 0xc99fb80c, L:/127.0.0.1:53174 - R:localhost/127.0.0.1:61510]' for 'GET' to 'http://localhost:61510/session/395182f0b341e89b96e47c2a9609fe9b/title'
16:40:05.734 [Forwarding getTitle on session 395182f0b341e89b96e47c2a9609fe9b to remote] DEBUG o.a.netty.request.NettyRequestSender - Using open Channel [id: 0xc99fb80c, L:/127.0.0.1:53174 - R:localhost/127.0.0.1:61510] for GET '/session/395182f0b341e89b96e47c2a9609fe9b/title'
16:40:05.738 [AsyncHttpClient-1-11] DEBUG o.a.netty.handler.HttpHandler - 

Request DefaultFullHttpRequest(decodeResult: success, version: HTTP/1.1, content: EmptyByteBufBE)
GET /session/395182f0b341e89b96e47c2a9609fe9b/title HTTP/1.1
User-Agent: selenium/4.1.2 (java windows)
Cache-Control: no-cache
Content-Type: application/json; charset=utf-8
host: localhost:61510
accept: */*

Response DefaultHttpResponse(decodeResult: success, version: HTTP/1.1)
HTTP/1.1 200 OK
Content-Type: application/json; charset=utf-8
cache-control: no-cache
content-length: 22

16:40:05.738 [AsyncHttpClient-1-11] DEBUG o.a.netty.channel.ChannelManager - Adding key: http://localhost:61510 for channel [id: 0xc99fb80c, L:/127.0.0.1:53174 - R:localhost/127.0.0.1:61510]
16:40:05.739 [Forwarding getTitle on session 395182f0b341e89b96e47c2a9609fe9b to remote] DEBUG o.a.netty.request.NettyRequestSender - Using pooled Channel '[id: 0xc99fb80c, L:/127.0.0.1:53174 - R:localhost/127.0.0.1:61510]' for 'GET' to 'http://localhost:61510/session/395182f0b341e89b96e47c2a9609fe9b/title'
16:40:05.739 [Forwarding getTitle on session 395182f0b341e89b96e47c2a9609fe9b to remote] DEBUG o.a.netty.request.NettyRequestSender - Using open Channel [id: 0xc99fb80c, L:/127.0.0.1:53174 - R:localhost/127.0.0.1:61510] for GET '/session/395182f0b341e89b96e47c2a9609fe9b/title'
16:40:05.741 [AsyncHttpClient-1-11] DEBUG o.a.netty.handler.HttpHandler - 

Request DefaultFullHttpRequest(decodeResult: success, version: HTTP/1.1, content: EmptyByteBufBE)
GET /session/395182f0b341e89b96e47c2a9609fe9b/title HTTP/1.1
User-Agent: selenium/4.1.2 (java windows)
Cache-Control: no-cache
Content-Type: application/json; charset=utf-8
host: localhost:61510
accept: */*

Response DefaultHttpResponse(decodeResult: success, version: HTTP/1.1)
HTTP/1.1 200 OK
Content-Type: application/json; charset=utf-8
cache-control: no-cache
content-length: 22

16:40:05.742 [AsyncHttpClient-1-11] DEBUG o.a.netty.channel.ChannelManager - Adding key: http://localhost:61510 for channel [id: 0xc99fb80c, L:/127.0.0.1:53174 - R:localhost/127.0.0.1:61510]
16:40:06.157 [AsyncHttpClient-1-1] DEBUG o.a.netty.channel.DefaultChannelPool - Entry count for : http://localhost:53175 : 1
16:40:06.157 [AsyncHttpClient-1-1] DEBUG o.a.netty.channel.DefaultChannelPool - Entry count for : http://localhost:61510 : 1
16:40:07.254 [AsyncHttpClient-1-1] DEBUG o.a.netty.channel.DefaultChannelPool - Entry count for : http://localhost:53175 : 1
16:40:07.254 [AsyncHttpClient-1-1] DEBUG o.a.netty.channel.DefaultChannelPool - Entry count for : http://localhost:61510 : 1
16:40:08.353 [AsyncHttpClient-1-1] DEBUG o.a.netty.channel.DefaultChannelPool - Entry count for : http://localhost:53175 : 1
16:40:08.353 [AsyncHttpClient-1-1] DEBUG o.a.netty.channel.DefaultChannelPool - Entry count for : http://localhost:61510 : 1
16:40:09.449 [AsyncHttpClient-1-1] DEBUG o.a.netty.channel.DefaultChannelPool - Entry count for : http://localhost:53175 : 1
16:40:09.449 [AsyncHttpClient-1-1] DEBUG o.a.netty.channel.DefaultChannelPool - Entry count for : http://localhost:61510 : 1
16:40:10.558 [AsyncHttpClient-1-1] DEBUG o.a.netty.channel.DefaultChannelPool - Entry count for : http://localhost:53175 : 1
16:40:10.558 [AsyncHttpClient-1-1] DEBUG o.a.netty.channel.DefaultChannelPool - Entry count for : http://localhost:61510 : 1
16:40:10.751 [Forwarding findElement on session 395182f0b341e89b96e47c2a9609fe9b to remote] DEBUG o.a.netty.request.NettyRequestSender - Using pooled Channel '[id: 0xc99fb80c, L:/127.0.0.1:53174 - R:localhost/127.0.0.1:61510]' for 'POST' to 'http://localhost:61510/session/395182f0b341e89b96e47c2a9609fe9b/element'
16:40:10.751 [Forwarding findElement on session 395182f0b341e89b96e47c2a9609fe9b to remote] DEBUG o.a.netty.request.NettyRequestSender - Using open Channel [id: 0xc99fb80c, L:/127.0.0.1:53174 - R:localhost/127.0.0.1:61510] for POST '/session/395182f0b341e89b96e47c2a9609fe9b/element'
16:40:10.759 [AsyncHttpClient-1-11] DEBUG o.a.netty.handler.HttpHandler - 

Request DefaultHttpRequest(decodeResult: success, version: HTTP/1.1)
POST /session/395182f0b341e89b96e47c2a9609fe9b/element HTTP/1.1
User-Agent: selenium/4.1.2 (java windows)
Content-Length: 75
Content-Type: application/json; charset=utf-8
host: localhost:61510
accept: */*

Response DefaultHttpResponse(decodeResult: success, version: HTTP/1.1)
HTTP/1.1 200 OK
Content-Type: application/json; charset=utf-8
cache-control: no-cache
content-length: 88

16:40:10.759 [AsyncHttpClient-1-11] DEBUG o.a.netty.channel.ChannelManager - Adding key: http://localhost:61510 for channel [id: 0xc99fb80c, L:/127.0.0.1:53174 - R:localhost/127.0.0.1:61510]
16:40:10.762 [Forwarding isElementDisplayed on session 395182f0b341e89b96e47c2a9609fe9b to remote] DEBUG o.a.netty.request.NettyRequestSender - Using pooled Channel '[id: 0xc99fb80c, L:/127.0.0.1:53174 - R:localhost/127.0.0.1:61510]' for 'POST' to 'http://localhost:61510/session/395182f0b341e89b96e47c2a9609fe9b/execute/sync'
16:40:10.763 [Forwarding isElementDisplayed on session 395182f0b341e89b96e47c2a9609fe9b to remote] DEBUG o.a.netty.request.NettyRequestSender - Using open Channel [id: 0xc99fb80c, L:/127.0.0.1:53174 - R:localhost/127.0.0.1:61510] for POST '/session/395182f0b341e89b96e47c2a9609fe9b/execute/sync'
16:40:10.772 [AsyncHttpClient-1-11] DEBUG o.a.netty.handler.HttpHandler - 

Request DefaultHttpRequest(decodeResult: success, version: HTTP/1.1)
POST /session/395182f0b341e89b96e47c2a9609fe9b/execute/sync HTTP/1.1
User-Agent: selenium/4.1.2 (java windows)
Content-Length: 48780
Content-Type: application/json; charset=utf-8
host: localhost:61510
accept: */*

Response DefaultHttpResponse(decodeResult: success, version: HTTP/1.1)
HTTP/1.1 200 OK
Content-Type: application/json; charset=utf-8
cache-control: no-cache
content-length: 14

16:40:10.772 [AsyncHttpClient-1-11] DEBUG o.a.netty.channel.ChannelManager - Adding key: http://localhost:61510 for channel [id: 0xc99fb80c, L:/127.0.0.1:53174 - R:localhost/127.0.0.1:61510]
16:40:10.773 [Forwarding getElementText on session 395182f0b341e89b96e47c2a9609fe9b to remote] DEBUG o.a.netty.request.NettyRequestSender - Using pooled Channel '[id: 0xc99fb80c, L:/127.0.0.1:53174 - R:localhost/127.0.0.1:61510]' for 'GET' to 'http://localhost:61510/session/395182f0b341e89b96e47c2a9609fe9b/element/d60ac177-bb4f-42e4-9904-68effa7973ec/text'
16:40:10.773 [Forwarding getElementText on session 395182f0b341e89b96e47c2a9609fe9b to remote] DEBUG o.a.netty.request.NettyRequestSender - Using open Channel [id: 0xc99fb80c, L:/127.0.0.1:53174 - R:localhost/127.0.0.1:61510] for GET '/session/395182f0b341e89b96e47c2a9609fe9b/element/d60ac177-bb4f-42e4-9904-68effa7973ec/text'
16:40:10.780 [AsyncHttpClient-1-11] DEBUG o.a.netty.handler.HttpHandler - 

Request DefaultFullHttpRequest(decodeResult: success, version: HTTP/1.1, content: EmptyByteBufBE)
GET /session/395182f0b341e89b96e47c2a9609fe9b/element/d60ac177-bb4f-42e4-9904-68effa7973ec/text HTTP/1.1
User-Agent: selenium/4.1.2 (java windows)
Cache-Control: no-cache
Content-Type: application/json; charset=utf-8
host: localhost:61510
accept: */*

Response DefaultHttpResponse(decodeResult: success, version: HTTP/1.1)
HTTP/1.1 200 OK
Content-Type: application/json; charset=utf-8
cache-control: no-cache
content-length: 59

16:40:10.780 [AsyncHttpClient-1-11] DEBUG o.a.netty.channel.ChannelManager - Adding key: http://localhost:61510 for channel [id: 0xc99fb80c, L:/127.0.0.1:53174 - R:localhost/127.0.0.1:61510]
16:40:11.659 [AsyncHttpClient-1-1] DEBUG o.a.netty.channel.DefaultChannelPool - Entry count for : http://localhost:53175 : 1
16:40:11.659 [AsyncHttpClient-1-1] DEBUG o.a.netty.channel.DefaultChannelPool - Entry count for : http://localhost:61510 : 1
16:40:12.754 [AsyncHttpClient-1-1] DEBUG o.a.netty.channel.DefaultChannelPool - Entry count for : http://localhost:53175 : 1
16:40:12.754 [AsyncHttpClient-1-1] DEBUG o.a.netty.channel.DefaultChannelPool - Entry count for : http://localhost:61510 : 1
  &amp#27;[32mThen &amp#27;[0m&amp#27;[32muser should not proceed to Dashboard Page&amp#27;[0m                                                       &amp#27;[90m# stepdefinitions.LoginPageSteps.user_should_not_proceed_to_dashboard_page()&amp#27;[0m
16:40:13.855 [AsyncHttpClient-1-1] DEBUG o.a.netty.channel.DefaultChannelPool - Entry count for : http://localhost:53175 : 1
16:40:13.855 [AsyncHttpClient-1-1] DEBUG o.a.netty.channel.DefaultChannelPool - Entry count for : http://localhost:61510 : 1
16:40:14.796 [Forwarding findElement on session 395182f0b341e89b96e47c2a9609fe9b to remote] DEBUG o.a.netty.request.NettyRequestSender - Using pooled Channel '[id: 0xc99fb80c, L:/127.0.0.1:53174 - R:localhost/127.0.0.1:61510]' for 'POST' to 'http://localhost:61510/session/395182f0b341e89b96e47c2a9609fe9b/element'
16:40:14.797 [Forwarding findElement on session 395182f0b341e89b96e47c2a9609fe9b to remote] DEBUG o.a.netty.request.NettyRequestSender - Using open Channel [id: 0xc99fb80c, L:/127.0.0.1:53174 - R:localhost/127.0.0.1:61510] for POST '/session/395182f0b341e89b96e47c2a9609fe9b/element'
16:40:14.803 [AsyncHttpClient-1-11] DEBUG o.a.netty.handler.HttpHandler - 

Request DefaultHttpRequest(decodeResult: success, version: HTTP/1.1)
POST /session/395182f0b341e89b96e47c2a9609fe9b/element HTTP/1.1
User-Agent: selenium/4.1.2 (java windows)
Content-Length: 128
Content-Type: application/json; charset=utf-8
host: localhost:61510
accept: */*

Response DefaultHttpResponse(decodeResult: success, version: HTTP/1.1)
HTTP/1.1 200 OK
Content-Type: application/json; charset=utf-8
cache-control: no-cache
content-length: 88

16:40:14.804 [AsyncHttpClient-1-11] DEBUG o.a.netty.channel.ChannelManager - Adding key: http://localhost:61510 for channel [id: 0xc99fb80c, L:/127.0.0.1:53174 - R:localhost/127.0.0.1:61510]
16:40:14.805 [Forwarding sendKeysToElement on session 395182f0b341e89b96e47c2a9609fe9b to remote] DEBUG o.a.netty.request.NettyRequestSender - Using pooled Channel '[id: 0xc99fb80c, L:/127.0.0.1:53174 - R:localhost/127.0.0.1:61510]' for 'POST' to 'http://localhost:61510/session/395182f0b341e89b96e47c2a9609fe9b/element/b2f90b10-df7e-4678-af12-e9bef78f746c/value'
16:40:14.805 [Forwarding sendKeysToElement on session 395182f0b341e89b96e47c2a9609fe9b to remote] DEBUG o.a.netty.request.NettyRequestSender - Using open Channel [id: 0xc99fb80c, L:/127.0.0.1:53174 - R:localhost/127.0.0.1:61510] for POST '/session/395182f0b341e89b96e47c2a9609fe9b/element/b2f90b10-df7e-4678-af12-e9bef78f746c/value'
16:40:14.837 [AsyncHttpClient-1-11] DEBUG o.a.netty.handler.HttpHandler - 

Request DefaultHttpRequest(decodeResult: success, version: HTTP/1.1)
POST /session/395182f0b341e89b96e47c2a9609fe9b/element/b2f90b10-df7e-4678-af12-e9bef78f746c/value HTTP/1.1
User-Agent: selenium/4.1.2 (java windows)
Content-Length: 191
Content-Type: application/json; charset=utf-8
host: localhost:61510
accept: */*

Response DefaultHttpResponse(decodeResult: success, version: HTTP/1.1)
HTTP/1.1 200 OK
Content-Type: application/json; charset=utf-8
cache-control: no-cache
content-length: 14

16:40:14.837 [AsyncHttpClient-1-11] DEBUG o.a.netty.channel.ChannelManager - Adding key: http://localhost:61510 for channel [id: 0xc99fb80c, L:/127.0.0.1:53174 - R:localhost/127.0.0.1:61510]
16:40:14.839 [Forwarding findElement on session 395182f0b341e89b96e47c2a9609fe9b to remote] DEBUG o.a.netty.request.NettyRequestSender - Using pooled Channel '[id: 0xc99fb80c, L:/127.0.0.1:53174 - R:localhost/127.0.0.1:61510]' for 'POST' to 'http://localhost:61510/session/395182f0b341e89b96e47c2a9609fe9b/element'
16:40:14.839 [Forwarding findElement on session 395182f0b341e89b96e47c2a9609fe9b to remote] DEBUG o.a.netty.request.NettyRequestSender - Using open Channel [id: 0xc99fb80c, L:/127.0.0.1:53174 - R:localhost/127.0.0.1:61510] for POST '/session/395182f0b341e89b96e47c2a9609fe9b/element'
16:40:14.845 [AsyncHttpClient-1-11] DEBUG o.a.netty.handler.HttpHandler - 

Request DefaultHttpRequest(decodeResult: success, version: HTTP/1.1)
POST /session/395182f0b341e89b96e47c2a9609fe9b/element HTTP/1.1
User-Agent: selenium/4.1.2 (java windows)
Content-Length: 132
Content-Type: application/json; charset=utf-8
host: localhost:61510
accept: */*

Response DefaultHttpResponse(decodeResult: success, version: HTTP/1.1)
HTTP/1.1 200 OK
Content-Type: application/json; charset=utf-8
cache-control: no-cache
content-length: 88

16:40:14.846 [AsyncHttpClient-1-11] DEBUG o.a.netty.channel.ChannelManager - Adding key: http://localhost:61510 for channel [id: 0xc99fb80c, L:/127.0.0.1:53174 - R:localhost/127.0.0.1:61510]
16:40:14.847 [Forwarding sendKeysToElement on session 395182f0b341e89b96e47c2a9609fe9b to remote] DEBUG o.a.netty.request.NettyRequestSender - Using pooled Channel '[id: 0xc99fb80c, L:/127.0.0.1:53174 - R:localhost/127.0.0.1:61510]' for 'POST' to 'http://localhost:61510/session/395182f0b341e89b96e47c2a9609fe9b/element/a0e92b78-c2a2-4baa-bdca-9170aa02470f/value'
16:40:14.847 [Forwarding sendKeysToElement on session 395182f0b341e89b96e47c2a9609fe9b to remote] DEBUG o.a.netty.request.NettyRequestSender - Using open Channel [id: 0xc99fb80c, L:/127.0.0.1:53174 - R:localhost/127.0.0.1:61510] for POST '/session/395182f0b341e89b96e47c2a9609fe9b/element/a0e92b78-c2a2-4baa-bdca-9170aa02470f/value'
16:40:14.896 [AsyncHttpClient-1-11] DEBUG o.a.netty.handler.HttpHandler - 

Request DefaultHttpRequest(decodeResult: success, version: HTTP/1.1)
POST /session/395182f0b341e89b96e47c2a9609fe9b/element/a0e92b78-c2a2-4baa-bdca-9170aa02470f/value HTTP/1.1
User-Agent: selenium/4.1.2 (java windows)
Content-Length: 161
Content-Type: application/json; charset=utf-8
host: localhost:61510
accept: */*

Response DefaultHttpResponse(decodeResult: success, version: HTTP/1.1)
HTTP/1.1 200 OK
Content-Type: application/json; charset=utf-8
cache-control: no-cache
content-length: 14

16:40:14.896 [AsyncHttpClient-1-11] DEBUG o.a.netty.channel.ChannelManager - Adding key: http://localhost:61510 for channel [id: 0xc99fb80c, L:/127.0.0.1:53174 - R:localhost/127.0.0.1:61510]
16:40:14.898 [Forwarding findElement on session 395182f0b341e89b96e47c2a9609fe9b to remote] DEBUG o.a.netty.request.NettyRequestSender - Using pooled Channel '[id: 0xc99fb80c, L:/127.0.0.1:53174 - R:localhost/127.0.0.1:61510]' for 'POST' to 'http://localhost:61510/session/395182f0b341e89b96e47c2a9609fe9b/element'
16:40:14.898 [Forwarding findElement on session 395182f0b341e89b96e47c2a9609fe9b to remote] DEBUG o.a.netty.request.NettyRequestSender - Using open Channel [id: 0xc99fb80c, L:/127.0.0.1:53174 - R:localhost/127.0.0.1:61510] for POST '/session/395182f0b341e89b96e47c2a9609fe9b/element'
16:40:14.905 [AsyncHttpClient-1-11] DEBUG o.a.netty.handler.HttpHandler - 

Request DefaultHttpRequest(decodeResult: success, version: HTTP/1.1)
POST /session/395182f0b341e89b96e47c2a9609fe9b/element HTTP/1.1
User-Agent: selenium/4.1.2 (java windows)
Content-Length: 125
Content-Type: application/json; charset=utf-8
host: localhost:61510
accept: */*

Response DefaultHttpResponse(decodeResult: success, version: HTTP/1.1)
HTTP/1.1 200 OK
Content-Type: application/json; charset=utf-8
cache-control: no-cache
content-length: 88

16:40:14.906 [AsyncHttpClient-1-11] DEBUG o.a.netty.channel.ChannelManager - Adding key: http://localhost:61510 for channel [id: 0xc99fb80c, L:/127.0.0.1:53174 - R:localhost/127.0.0.1:61510]
16:40:14.907 [Forwarding clickElement on session 395182f0b341e89b96e47c2a9609fe9b to remote] DEBUG o.a.netty.request.NettyRequestSender - Using pooled Channel '[id: 0xc99fb80c, L:/127.0.0.1:53174 - R:localhost/127.0.0.1:61510]' for 'POST' to 'http://localhost:61510/session/395182f0b341e89b96e47c2a9609fe9b/element/87372593-d11a-43bc-bfed-bb02783d72f1/click'
16:40:14.907 [Forwarding clickElement on session 395182f0b341e89b96e47c2a9609fe9b to remote] DEBUG o.a.netty.request.NettyRequestSender - Using open Channel [id: 0xc99fb80c, L:/127.0.0.1:53174 - R:localhost/127.0.0.1:61510] for POST '/session/395182f0b341e89b96e47c2a9609fe9b/element/87372593-d11a-43bc-bfed-bb02783d72f1/click'
16:40:14.950 [AsyncHttpClient-1-1] DEBUG o.a.netty.channel.DefaultChannelPool - Entry count for : http://localhost:53175 : 1
16:40:16.060 [AsyncHttpClient-1-1] DEBUG o.a.netty.channel.DefaultChannelPool - Entry count for : http://localhost:53175 : 1
16:40:17.156 [AsyncHttpClient-1-1] DEBUG o.a.netty.channel.DefaultChannelPool - Entry count for : http://localhost:53175 : 1
16:40:17.864 [AsyncHttpClient-1-11] DEBUG o.a.netty.handler.HttpHandler - 

Request DefaultHttpRequest(decodeResult: success, version: HTTP/1.1)
POST /session/395182f0b341e89b96e47c2a9609fe9b/element/87372593-d11a-43bc-bfed-bb02783d72f1/click HTTP/1.1
User-Agent: selenium/4.1.2 (java windows)
Content-Length: 50
Content-Type: application/json; charset=utf-8
host: localhost:61510
accept: */*

Response DefaultHttpResponse(decodeResult: success, version: HTTP/1.1)
HTTP/1.1 200 OK
Content-Type: application/json; charset=utf-8
cache-control: no-cache
content-length: 14

16:40:17.864 [AsyncHttpClient-1-11] DEBUG o.a.netty.channel.ChannelManager - Adding key: http://localhost:61510 for channel [id: 0xc99fb80c, L:/127.0.0.1:53174 - R:localhost/127.0.0.1:61510]
  &amp#27;[32mWhen &amp#27;[0m&amp#27;[32muser login using valid credentials with username &amp#27;[0m&amp#27;[32m&amp#27;[1m"user@vrbank"&amp#27;[0m&amp#27;[32m and password &amp#27;[0m&amp#27;[32m&amp#27;[1m"pega123!"&amp#27;[0m          &amp#27;[90m# stepdefinitions.LoginPageSteps.user_login_using_valid_credentials_with_username_and_password(java.lang.String,java.lang.String)&amp#27;[0m
16:40:17.869 [Forwarding getTitle on session 395182f0b341e89b96e47c2a9609fe9b to remote] DEBUG o.a.netty.request.NettyRequestSender - Using pooled Channel '[id: 0xc99fb80c, L:/127.0.0.1:53174 - R:localhost/127.0.0.1:61510]' for 'GET' to 'http://localhost:61510/session/395182f0b341e89b96e47c2a9609fe9b/title'
16:40:17.869 [Forwarding getTitle on session 395182f0b341e89b96e47c2a9609fe9b to remote] DEBUG o.a.netty.request.NettyRequestSender - Using open Channel [id: 0xc99fb80c, L:/127.0.0.1:53174 - R:localhost/127.0.0.1:61510] for GET '/session/395182f0b341e89b96e47c2a9609fe9b/title'
16:40:17.872 [AsyncHttpClient-1-11] DEBUG o.a.netty.handler.HttpHandler - 

Request DefaultFullHttpRequest(decodeResult: success, version: HTTP/1.1, content: EmptyByteBufBE)
GET /session/395182f0b341e89b96e47c2a9609fe9b/title HTTP/1.1
User-Agent: selenium/4.1.2 (java windows)
Cache-Control: no-cache
Content-Type: application/json; charset=utf-8
host: localhost:61510
accept: */*

Response DefaultHttpResponse(decodeResult: success, version: HTTP/1.1)
HTTP/1.1 200 OK
Content-Type: application/json; charset=utf-8
cache-control: no-cache
content-length: 30

16:40:17.873 [AsyncHttpClient-1-11] DEBUG o.a.netty.channel.ChannelManager - Adding key: http://localhost:61510 for channel [id: 0xc99fb80c, L:/127.0.0.1:53174 - R:localhost/127.0.0.1:61510]
16:40:17.873 [Forwarding getTitle on session 395182f0b341e89b96e47c2a9609fe9b to remote] DEBUG o.a.netty.request.NettyRequestSender - Using pooled Channel '[id: 0xc99fb80c, L:/127.0.0.1:53174 - R:localhost/127.0.0.1:61510]' for 'GET' to 'http://localhost:61510/session/395182f0b341e89b96e47c2a9609fe9b/title'
16:40:17.873 [Forwarding getTitle on session 395182f0b341e89b96e47c2a9609fe9b to remote] DEBUG o.a.netty.request.NettyRequestSender - Using open Channel [id: 0xc99fb80c, L:/127.0.0.1:53174 - R:localhost/127.0.0.1:61510] for GET '/session/395182f0b341e89b96e47c2a9609fe9b/title'
16:40:17.876 [AsyncHttpClient-1-11] DEBUG o.a.netty.handler.HttpHandler - 

Request DefaultFullHttpRequest(decodeResult: success, version: HTTP/1.1, content: EmptyByteBufBE)
GET /session/395182f0b341e89b96e47c2a9609fe9b/title HTTP/1.1
User-Agent: selenium/4.1.2 (java windows)
Cache-Control: no-cache
Content-Type: application/json; charset=utf-8
host: localhost:61510
accept: */*

Response DefaultHttpResponse(decodeResult: success, version: HTTP/1.1)
HTTP/1.1 200 OK
Content-Type: application/json; charset=utf-8
cache-control: no-cache
content-length: 30

16:40:17.876 [AsyncHttpClient-1-11] DEBUG o.a.netty.channel.ChannelManager - Adding key: http://localhost:61510 for channel [id: 0xc99fb80c, L:/127.0.0.1:53174 - R:localhost/127.0.0.1:61510]
16:40:18.260 [AsyncHttpClient-1-1] DEBUG o.a.netty.channel.DefaultChannelPool - Entry count for : http://localhost:53175 : 1
16:40:18.260 [AsyncHttpClient-1-1] DEBUG o.a.netty.channel.DefaultChannelPool - Entry count for : http://localhost:61510 : 1
16:40:19.354 [AsyncHttpClient-1-1] DEBUG o.a.netty.channel.DefaultChannelPool - Entry count for : http://localhost:53175 : 1
16:40:19.354 [AsyncHttpClient-1-1] DEBUG o.a.netty.channel.DefaultChannelPool - Entry count for : http://localhost:61510 : 1
16:40:20.453 [AsyncHttpClient-1-1] DEBUG o.a.netty.channel.DefaultChannelPool - Entry count for : http://localhost:53175 : 1
16:40:20.453 [AsyncHttpClient-1-1] DEBUG o.a.netty.channel.DefaultChannelPool - Entry count for : http://localhost:61510 : 1
16:40:21.558 [AsyncHttpClient-1-1] DEBUG o.a.netty.channel.DefaultChannelPool - Entry count for : http://localhost:53175 : 1
16:40:21.558 [AsyncHttpClient-1-1] DEBUG o.a.netty.channel.DefaultChannelPool - Entry count for : http://localhost:61510 : 1
16:40:22.650 [AsyncHttpClient-1-1] DEBUG o.a.netty.channel.DefaultChannelPool - Entry count for : http://localhost:53175 : 1
16:40:22.650 [AsyncHttpClient-1-1] DEBUG o.a.netty.channel.DefaultChannelPool - Entry count for : http://localhost:61510 : 1
  &amp#27;[32mThen &amp#27;[0m&amp#27;[32muser should proceed to Dashboard Page&amp#27;[0m                                                           &amp#27;[90m# stepdefinitions.LoginPageSteps.user_should_proceed_to_dashboard_page()&amp#27;[0m
16:40:22.892 [AsyncHttpClient-1-13] DEBUG o.a.netty.handler.WebSocketHandler - Channel Closed: [id: 0x6d7aa63a, L:/127.0.0.1:53182 ! R:localhost/127.0.0.1:53175] with attribute NettyResponseFuture{currentRetry=5,
	isDone=1,
	isCancelled=0,
	asyncHandler=org.asynchttpclient.ws.WebSocketUpgradeHandler@4274f30d,
	nettyRequest=org.asynchttpclient.netty.request.NettyRequest@7767527,
	future=java.util.concurrent.CompletableFuture@2b954ac4[Completed normally],
	uri=ws://localhost:53175/devtools/browser/101afb56-8cdd-4f20-8b4a-29398d6da5f5,
	keepAlive=true,
	redirectCount=0,
	timeoutsHolder=null,
	inAuth=0,
	touch=1648197594881}
16:40:22.892 [AsyncHttpClient-1-13] DEBUG o.a.netty.channel.ChannelManager - Closing Channel [id: 0x6d7aa63a, L:/127.0.0.1:53182 ! R:localhost/127.0.0.1:53175] 
16:40:22.893 [Driver Command Executor] DEBUG o.a.netty.request.NettyRequestSender - Using pooled Channel '[id: 0xc99fb80c, L:/127.0.0.1:53174 - R:localhost/127.0.0.1:61510]' for 'DELETE' to 'http://localhost:61510/session/395182f0b341e89b96e47c2a9609fe9b'
16:40:22.893 [Driver Command Executor] DEBUG o.a.netty.request.NettyRequestSender - Using open Channel [id: 0xc99fb80c, L:/127.0.0.1:53174 - R:localhost/127.0.0.1:61510] for DELETE '/session/395182f0b341e89b96e47c2a9609fe9b'
16:40:22.917 [AsyncHttpClient-1-12] DEBUG o.a.netty.handler.HttpHandler - Unexpected I/O exception on channel [id: 0xfadba7ac, L:/127.0.0.1:53181 - R:localhost/127.0.0.1:53175]
java.net.SocketException: Connection reset
	at java.base/sun.nio.ch.SocketChannelImpl.throwConnectionReset(SocketChannelImpl.java:367) ~[na:na]
	at java.base/sun.nio.ch.SocketChannelImpl.read(SocketChannelImpl.java:398) ~[na:na]
	at io.netty.buffer.PooledByteBuf.setBytes(PooledByteBuf.java:253) ~[netty-buffer-4.1.70.Final.jar:4.1.70.Final]
	at io.netty.buffer.AbstractByteBuf.writeBytes(AbstractByteBuf.java:1132) ~[netty-buffer-4.1.70.Final.jar:4.1.70.Final]
	at io.netty.channel.socket.nio.NioSocketChannel.doReadBytes(NioSocketChannel.java:350) ~[netty-transport-4.1.70.Final.jar:4.1.70.Final]
	at io.netty.channel.nio.AbstractNioByteChannel$NioByteUnsafe.read(AbstractNioByteChannel.java:151) ~[netty-transport-4.1.70.Final.jar:4.1.70.Final]
	at io.netty.channel.nio.NioEventLoop.processSelectedKey(NioEventLoop.java:719) ~[netty-transport-4.1.70.Final.jar:4.1.70.Final]
	at io.netty.channel.nio.NioEventLoop.processSelectedKeysOptimized(NioEventLoop.java:655) ~[netty-transport-4.1.70.Final.jar:4.1.70.Final]
	at io.netty.channel.nio.NioEventLoop.processSelectedKeys(NioEventLoop.java:581) ~[netty-transport-4.1.70.Final.jar:4.1.70.Final]
	at io.netty.channel.nio.NioEventLoop.run(NioEventLoop.java:493) ~[netty-transport-4.1.70.Final.jar:4.1.70.Final]
	at io.netty.util.concurrent.SingleThreadEventExecutor$4.run(SingleThreadEventExecutor.java:986) ~[netty-common-4.1.70.Final.jar:4.1.70.Final]
	at io.netty.util.internal.ThreadExecutorMap$2.run(ThreadExecutorMap.java:74) ~[netty-common-4.1.70.Final.jar:4.1.70.Final]
	at io.netty.util.concurrent.FastThreadLocalRunnable.run(FastThreadLocalRunnable.java:30) ~[netty-common-4.1.70.Final.jar:4.1.70.Final]
	at java.base/java.lang.Thread.run(Thread.java:832) ~[na:na]
16:40:22.917 [AsyncHttpClient-1-12] DEBUG o.a.netty.channel.ChannelManager - Closing Channel [id: 0xfadba7ac, L:/127.0.0.1:53181 - R:localhost/127.0.0.1:53175] 
16:40:22.917 [AsyncHttpClient-1-12] DEBUG o.a.netty.handler.HttpHandler - Channel Closed: [id: 0xfadba7ac, L:/127.0.0.1:53181 ! R:localhost/127.0.0.1:53175] with attribute DISCARD
16:40:22.931 [AsyncHttpClient-1-11] DEBUG o.a.netty.handler.HttpHandler - 

Request DefaultFullHttpRequest(decodeResult: success, version: HTTP/1.1, content: EmptyByteBufBE)
DELETE /session/395182f0b341e89b96e47c2a9609fe9b HTTP/1.1
User-Agent: selenium/4.1.2 (java windows)
Content-Type: application/json; charset=utf-8
host: localhost:61510
accept: */*

Response DefaultHttpResponse(decodeResult: success, version: HTTP/1.1)
HTTP/1.1 200 OK
Content-Type: application/json; charset=utf-8
cache-control: no-cache
content-length: 14

16:40:22.931 [AsyncHttpClient-1-11] DEBUG o.a.netty.channel.ChannelManager - Adding key: http://localhost:61510 for channel [id: 0xc99fb80c, L:/127.0.0.1:53174 - R:localhost/127.0.0.1:61510]
16:40:22.987 [AsyncHttpClient-1-11] DEBUG o.a.netty.handler.HttpHandler - Channel Closed: [id: 0xc99fb80c, L:/127.0.0.1:53174 ! R:localhost/127.0.0.1:61510] with attribute DISCARD
16:40:23.508 [main] INFO   - 
  _____   ___   ___   _____     ___     _     ___   ___   ___   ___  
 |_   _| | __| / __| |_   _|   | _ \   /_\   / __| / __| | __| |   \ 
   | |   | _|  \__ \   | |     |  _/  / _ \  \__ \ \__ \ | _|  | |) |
   |_|   |___| |___/   |_|     |_|   /_/ \_\ |___/ |___/ |___| |___/ 

Login to PEGA Site using User
----------------------------------------------------------------------
]]></system-out>
    <system-err><![CDATA[Starting ChromeDriver 99.0.4844.51 (d537ec02474b5afe23684e7963d538896c63ac77-refs/branch-heads/4844@{#875}) on port 61510
Only local connections are allowed.
Please see https://chromedriver.chromium.org/security-considerations for suggestions on keeping ChromeDriver safe.
ChromeDriver was started successfully.
Mar 25, 2022 4:39:54 PM org.openqa.selenium.remote.ProtocolHandshake createSession
INFO: Detected dialect: W3C
Mar 25, 2022 4:39:54 PM org.openqa.selenium.devtools.CdpVersionFinder findNearestMatch
WARNING: Unable to find an exact match for CDP version 99, so returning the closest version found: 96
Mar 25, 2022 4:39:54 PM org.openqa.selenium.devtools.CdpVersionFinder findNearestMatch
INFO: Found CDP implementation for version 99 of 96
]]></system-err>
  </testcase>
</testsuite>