<?xml version="1.0" encoding="UTF-8"?>
<testsuite xmlns:xsi="http://www.w3.org/2001/XMLSchema-instance" xsi:noNamespaceSchemaLocation="https://maven.apache.org/surefire/maven-surefire-plugin/xsd/surefire-test-report-3.0.xsd" version="3.0" name="testsuites.HCLSerenityTestRunner" time="97.159" tests="3" errors="0" skipped="0" failures="0">
  <properties>
    <property name="java.specification.version" value="15"/>
    <property name="webdriver.chrome.driver" value="C:\Users\DheyClaveria\.cache\selenium\chromedriver\win32\99.0.4844.51\chromedriver.exe"/>
    <property name="sun.cpu.isalist" value="amd64"/>
    <property name="sun.jnu.encoding" value="Cp1252"/>
    <property name="java.class.path" value="Z:\Automation\JavaCucumber\BDD_HCL\CucumberHCL\target\test-classes;Z:\Automation\JavaCucumber\BDD_HCL\CucumberHCL\target\classes;C:\Users\DheyClaveria\.m2\repository\com\github\ralfstuckert\pdfbox-layout\pdfbox2-layout\1.0.1\pdfbox2-layout-1.0.1.jar;C:\Users\DheyClaveria\.m2\repository\org\apache\pdfbox\pdfbox\2.0.4\pdfbox-2.0.4.jar;C:\Users\DheyClaveria\.m2\repository\org\apache\pdfbox\fontbox\2.0.4\fontbox-2.0.4.jar;C:\Users\DheyClaveria\.m2\repository\commons-logging\commons-logging\1.2\commons-logging-1.2.jar;C:\Users\DheyClaveria\.m2\repository\io\rest-assured\rest-assured-all\4.3.2\rest-assured-all-4.3.2.jar;C:\Users\DheyClaveria\.m2\repository\org\codehaus\groovy\groovy\3.0.6\groovy-3.0.6.jar;C:\Users\DheyClaveria\.m2\repository\org\apache\commons\commons-lang3\3.11\commons-lang3-3.11.jar;C:\Users\DheyClaveria\.m2\repository\org\codehaus\groovy\groovy-xml\3.0.6\groovy-xml-3.0.6.jar;C:\Users\DheyClaveria\.m2\repository\org\ccil\cowan\tagsoup\tagsoup\1.2.1\tagsoup-1.2.1.jar;C:\Users\DheyClaveria\.m2\repository\jakarta\xml\bind\jakarta.xml.bind-api\2.3.3\jakarta.xml.bind-api-2.3.3.jar;C:\Users\DheyClaveria\.m2\repository\jakarta\activation\jakarta.activation-api\1.2.2\jakarta.activation-api-1.2.2.jar;C:\Users\DheyClaveria\.m2\repository\com\sun\xml\bind\jaxb-impl\2.3.3\jaxb-impl-2.3.3.jar;C:\Users\DheyClaveria\.m2\repository\org\codehaus\groovy\groovy-json\3.0.6\groovy-json-3.0.6.jar;C:\Users\DheyClaveria\.m2\repository\log4j\log4j\1.2.17\log4j-1.2.17.jar;C:\Users\DheyClaveria\.m2\repository\ch\qos\logback\logback-classic\1.1.3\logback-classic-1.1.3.jar;C:\Users\DheyClaveria\.m2\repository\ch\qos\logback\logback-core\1.1.3\logback-core-1.1.3.jar;C:\Users\DheyClaveria\.m2\repository\org\slf4j\slf4j-api\1.7.7\slf4j-api-1.7.7.jar;C:\Users\DheyClaveria\.m2\repository\org\json\json\20210307\json-20210307.jar;C:\Users\DheyClaveria\.m2\repository\com\ea\async\ea-async\1.2.3\ea-async-1.2.3.jar;C:\Users\DheyClaveria\.m2\repository\net\serenity-bdd\serenity-assertions\3.2.0\serenity-assertions-3.2.0.jar;C:\Users\DheyClaveria\.m2\repository\net\serenity-bdd\serenity-screenplay\3.2.0\serenity-screenplay-3.2.0.jar;C:\Users\DheyClaveria\.m2\repository\org\assertj\assertj-core\3.21.0\assertj-core-3.21.0.jar;C:\Users\DheyClaveria\.m2\repository\net\serenity-bdd\serenity-ensure\3.2.0\serenity-ensure-3.2.0.jar;C:\Users\DheyClaveria\.m2\repository\net\serenity-bdd\serenity-model\3.2.0\serenity-model-3.2.0.jar;C:\Users\DheyClaveria\.m2\repository\org\apache\commons\commons-text\1.9\commons-text-1.9.jar;C:\Users\DheyClaveria\.m2\repository\commons-net\commons-net\3.6\commons-net-3.6.jar;C:\Users\DheyClaveria\.m2\repository\com\google\inject\guice\5.0.1\guice-5.0.1.jar;C:\Users\DheyClaveria\.m2\repository\javax\inject\javax.inject\1\javax.inject-1.jar;C:\Users\DheyClaveria\.m2\repository\aopalliance\aopalliance\1.0\aopalliance-1.0.jar;C:\Users\DheyClaveria\.m2\repository\com\thoughtworks\xstream\xstream\1.4.19\xstream-1.4.19.jar;C:\Users\DheyClaveria\.m2\repository\io\github\x-stream\mxparser\1.2.2\mxparser-1.2.2.jar;C:\Users\DheyClaveria\.m2\repository\xmlpull\xmlpull\1.1.3.1\xmlpull-1.1.3.1.jar;C:\Users\DheyClaveria\.m2\repository\com\typesafe\config\1.3.1\config-1.3.1.jar;C:\Users\DheyClaveria\.m2\repository\org\imgscalr\imgscalr-lib\4.2\imgscalr-lib-4.2.jar;C:\Users\DheyClaveria\.m2\repository\org\awaitility\awaitility\4.1.0\awaitility-4.1.0.jar;C:\Users\DheyClaveria\.m2\repository\org\freemarker\freemarker\2.3.31\freemarker-2.3.31.jar;C:\Users\DheyClaveria\.m2\repository\io\github\classgraph\classgraph\4.8.138\classgraph-4.8.138.jar;C:\Users\DheyClaveria\.m2\repository\net\sourceforge\jexcelapi\jxl\2.6.12\jxl-2.6.12.jar;C:\Users\DheyClaveria\.m2\repository\net\bytebuddy\byte-buddy\1.12.3\byte-buddy-1.12.3.jar;C:\Users\DheyClaveria\.m2\repository\net\bytebuddy\byte-buddy-agent\1.12.3\byte-buddy-agent-1.12.3.jar;C:\Users\DheyClaveria\.m2\repository\org\objenesis\objenesis\3.1\objenesis-3.1.jar;C:\Users\DheyClaveria\.m2\repository\net\serenity-bdd\serenity-screenplay-webdriver\3.2.0\serenity-screenplay-webdriver-3.2.0.jar;C:\Users\DheyClaveria\.m2\repository\org\jetbrains\kotlin\kotlin-stdlib\1.6.0\kotlin-stdlib-1.6.0.jar;C:\Users\DheyClaveria\.m2\repository\org\jetbrains\annotations\13.0\annotations-13.0.jar;C:\Users\DheyClaveria\.m2\repository\org\jetbrains\kotlin\kotlin-stdlib-common\1.6.0\kotlin-stdlib-common-1.6.0.jar;C:\Users\DheyClaveria\.m2\repository\net\serenity-bdd\serenity-core\3.2.0\serenity-core-3.2.0.jar;C:\Users\DheyClaveria\.m2\repository\net\serenity-bdd\serenity-reports\3.2.0\serenity-reports-3.2.0.jar;C:\Users\DheyClaveria\.m2\repository\net\serenity-bdd\serenity-stats\3.2.0\serenity-stats-3.2.0.jar;C:\Users\DheyClaveria\.m2\repository\net\serenity-bdd\serenity-reports-configuration\3.2.0\serenity-reports-configuration-3.2.0.jar;C:\Users\DheyClaveria\.m2\repository\com\vladsch\flexmark\flexmark-all\0.34.30\flexmark-all-0.34.30.jar;C:\Users\DheyClaveria\.m2\repository\com\vladsch\flexmark\flexmark\0.34.30\flexmark-0.34.30.jar;C:\Users\DheyClaveria\.m2\repository\com\vladsch\flexmark\flexmark-ext-abbreviation\0.34.30\flexmark-ext-abbreviation-0.34.30.jar;C:\Users\DheyClaveria\.m2\repository\com\vladsch\flexmark\flexmark-ext-admonition\0.34.30\flexmark-ext-admonition-0.34.30.jar;C:\Users\DheyClaveria\.m2\repository\com\vladsch\flexmark\flexmark-ext-anchorlink\0.34.30\flexmark-ext-anchorlink-0.34.30.jar;C:\Users\DheyClaveria\.m2\repository\com\vladsch\flexmark\flexmark-ext-aside\0.34.30\flexmark-ext-aside-0.34.30.jar;C:\Users\DheyClaveria\.m2\repository\com\vladsch\flexmark\flexmark-ext-attributes\0.34.30\flexmark-ext-attributes-0.34.30.jar;C:\Users\DheyClaveria\.m2\repository\com\vladsch\flexmark\flexmark-ext-autolink\0.34.30\flexmark-ext-autolink-0.34.30.jar;C:\Users\DheyClaveria\.m2\repository\org\nibor\autolink\autolink\0.6.0\autolink-0.6.0.jar;C:\Users\DheyClaveria\.m2\repository\com\vladsch\flexmark\flexmark-ext-definition\0.34.30\flexmark-ext-definition-0.34.30.jar;C:\Users\DheyClaveria\.m2\repository\com\vladsch\flexmark\flexmark-ext-emoji\0.34.30\flexmark-ext-emoji-0.34.30.jar;C:\Users\DheyClaveria\.m2\repository\com\vladsch\flexmark\flexmark-ext-enumerated-reference\0.34.30\flexmark-ext-enumerated-reference-0.34.30.jar;C:\Users\DheyClaveria\.m2\repository\com\vladsch\flexmark\flexmark-ext-escaped-character\0.34.30\flexmark-ext-escaped-character-0.34.30.jar;C:\Users\DheyClaveria\.m2\repository\com\vladsch\flexmark\flexmark-ext-footnotes\0.34.30\flexmark-ext-footnotes-0.34.30.jar;C:\Users\DheyClaveria\.m2\repository\com\vladsch\flexmark\flexmark-ext-gfm-issues\0.34.30\flexmark-ext-gfm-issues-0.34.30.jar;C:\Users\DheyClaveria\.m2\repository\com\vladsch\flexmark\flexmark-ext-gfm-strikethrough\0.34.30\flexmark-ext-gfm-strikethrough-0.34.30.jar;C:\Users\DheyClaveria\.m2\repository\com\vladsch\flexmark\flexmark-ext-gfm-tables\0.34.30\flexmark-ext-gfm-tables-0.34.30.jar;C:\Users\DheyClaveria\.m2\repository\com\vladsch\flexmark\flexmark-ext-gfm-tasklist\0.34.30\flexmark-ext-gfm-tasklist-0.34.30.jar;C:\Users\DheyClaveria\.m2\repository\com\vladsch\flexmark\flexmark-ext-gfm-users\0.34.30\flexmark-ext-gfm-users-0.34.30.jar;C:\Users\DheyClaveria\.m2\repository\com\vladsch\flexmark\flexmark-ext-gitlab\0.34.30\flexmark-ext-gitlab-0.34.30.jar;C:\Users\DheyClaveria\.m2\repository\com\vladsch\flexmark\flexmark-ext-jekyll-front-matter\0.34.30\flexmark-ext-jekyll-front-matter-0.34.30.jar;C:\Users\DheyClaveria\.m2\repository\com\vladsch\flexmark\flexmark-ext-jekyll-tag\0.34.30\flexmark-ext-jekyll-tag-0.34.30.jar;C:\Users\DheyClaveria\.m2\repository\com\vladsch\flexmark\flexmark-ext-media-tags\0.34.30\flexmark-ext-media-tags-0.34.30.jar;C:\Users\DheyClaveria\.m2\repository\com\vladsch\flexmark\flexmark-test-util\0.34.30\flexmark-test-util-0.34.30.jar;C:\Users\DheyClaveria\.m2\repository\com\vladsch\flexmark\flexmark-ext-ins\0.34.30\flexmark-ext-ins-0.34.30.jar;C:\Users\DheyClaveria\.m2\repository\com\vladsch\flexmark\flexmark-ext-xwiki-macros\0.34.30\flexmark-ext-xwiki-macros-0.34.30.jar;C:\Users\DheyClaveria\.m2\repository\com\vladsch\flexmark\flexmark-ext-superscript\0.34.30\flexmark-ext-superscript-0.34.30.jar;C:\Users\DheyClaveria\.m2\repository\com\vladsch\flexmark\flexmark-ext-tables\0.34.30\flexmark-ext-tables-0.34.30.jar;C:\Users\DheyClaveria\.m2\repository\com\vladsch\flexmark\flexmark-ext-toc\0.34.30\flexmark-ext-toc-0.34.30.jar;C:\Users\DheyClaveria\.m2\repository\com\vladsch\flexmark\flexmark-ext-typographic\0.34.30\flexmark-ext-typographic-0.34.30.jar;C:\Users\DheyClaveria\.m2\repository\com\vladsch\flexmark\flexmark-ext-wikilink\0.34.30\flexmark-ext-wikilink-0.34.30.jar;C:\Users\DheyClaveria\.m2\repository\com\vladsch\flexmark\flexmark-ext-yaml-front-matter\0.34.30\flexmark-ext-yaml-front-matter-0.34.30.jar;C:\Users\DheyClaveria\.m2\repository\com\vladsch\flexmark\flexmark-ext-youtube-embedded\0.34.30\flexmark-ext-youtube-embedded-0.34.30.jar;C:\Users\DheyClaveria\.m2\repository\com\vladsch\flexmark\flexmark-formatter\0.34.30\flexmark-formatter-0.34.30.jar;C:\Users\DheyClaveria\.m2\repository\com\vladsch\flexmark\flexmark-html-parser\0.34.30\flexmark-html-parser-0.34.30.jar;C:\Users\DheyClaveria\.m2\repository\com\vladsch\flexmark\flexmark-jira-converter\0.34.30\flexmark-jira-converter-0.34.30.jar;C:\Users\DheyClaveria\.m2\repository\com\vladsch\flexmark\flexmark-pdf-converter\0.34.30\flexmark-pdf-converter-0.34.30.jar;C:\Users\DheyClaveria\.m2\repository\com\openhtmltopdf\openhtmltopdf-core\0.0.1-RC13\openhtmltopdf-core-0.0.1-RC13.jar;C:\Users\DheyClaveria\.m2\repository\com\openhtmltopdf\openhtmltopdf-pdfbox\0.0.1-RC13\openhtmltopdf-pdfbox-0.0.1-RC13.jar;C:\Users\DheyClaveria\.m2\repository\org\apache\pdfbox\xmpbox\2.0.8\xmpbox-2.0.8.jar;C:\Users\DheyClaveria\.m2\repository\com\openhtmltopdf\openhtmltopdf-rtl-support\0.0.1-RC13\openhtmltopdf-rtl-support-0.0.1-RC13.jar;C:\Users\DheyClaveria\.m2\repository\com\ibm\icu\icu4j\59.1\icu4j-59.1.jar;C:\Users\DheyClaveria\.m2\repository\com\openhtmltopdf\openhtmltopdf-jsoup-dom-converter\0.0.1-RC13\openhtmltopdf-jsoup-dom-converter-0.0.1-RC13.jar;C:\Users\DheyClaveria\.m2\repository\com\vladsch\flexmark\flexmark-profile-pegdown\0.34.30\flexmark-profile-pegdown-0.34.30.jar;C:\Users\DheyClaveria\.m2\repository\com\vladsch\flexmark\flexmark-util\0.34.30\flexmark-util-0.34.30.jar;C:\Users\DheyClaveria\.m2\repository\com\vladsch\flexmark\flexmark-youtrack-converter\0.34.30\flexmark-youtrack-converter-0.34.30.jar;C:\Users\DheyClaveria\.m2\repository\es\nitaur\markdown\txtmark\0.16\txtmark-0.16.jar;C:\Users\DheyClaveria\.m2\repository\net\serenity-bdd\serenity-report-resources\3.2.0\serenity-report-resources-3.2.0.jar;C:\Users\DheyClaveria\.m2\repository\com\google\code\gson\gson\2.8.9\gson-2.8.9.jar;C:\Users\DheyClaveria\.m2\repository\com\fasterxml\jackson\core\jackson-core\2.12.4\jackson-core-2.12.4.jar;C:\Users\DheyClaveria\.m2\repository\com\fasterxml\jackson\core\jackson-databind\2.12.4\jackson-databind-2.12.4.jar;C:\Users\DheyClaveria\.m2\repository\com\fasterxml\jackson\core\jackson-annotations\2.12.4\jackson-annotations-2.12.4.jar;C:\Users\DheyClaveria\.m2\repository\commons-codec\commons-codec\1.15\commons-codec-1.15.jar;C:\Users\DheyClaveria\.m2\repository\commons-io\commons-io\2.8.0\commons-io-2.8.0.jar;C:\Users\DheyClaveria\.m2\repository\org\seleniumhq\selenium\selenium-api\4.1.2\selenium-api-4.1.2.jar;C:\Users\DheyClaveria\.m2\repository\org\seleniumhq\selenium\selenium-support\4.1.2\selenium-support-4.1.2.jar;C:\Users\DheyClaveria\.m2\repository\org\seleniumhq\selenium\selenium-firefox-driver\4.1.2\selenium-firefox-driver-4.1.2.jar;C:\Users\DheyClaveria\.m2\repository\org\seleniumhq\selenium\selenium-edge-driver\4.1.2\selenium-edge-driver-4.1.2.jar;C:\Users\DheyClaveria\.m2\repository\org\seleniumhq\selenium\selenium-ie-driver\4.1.2\selenium-ie-driver-4.1.2.jar;C:\Users\DheyClaveria\.m2\repository\org\projectlombok\lombok\1.18.20\lombok-1.18.20.jar;C:\Users\DheyClaveria\.m2\repository\io\appium\java-client\8.0.0-beta2\java-client-8.0.0-beta2.jar;C:\Users\DheyClaveria\.m2\repository\commons-validator\commons-validator\1.7\commons-validator-1.7.jar;C:\Users\DheyClaveria\.m2\repository\commons-digester\commons-digester\2.1\commons-digester-2.1.jar;C:\Users\DheyClaveria\.m2\repository\org\aspectj\aspectjweaver\1.9.7\aspectjweaver-1.9.7.jar;C:\Users\DheyClaveria\.m2\repository\net\sf\opencsv\opencsv\2.0\opencsv-2.0.jar;C:\Users\DheyClaveria\.m2\repository\commons-beanutils\commons-beanutils\1.9.4\commons-beanutils-1.9.4.jar;C:\Users\DheyClaveria\.m2\repository\commons-collections\commons-collections\3.2.2\commons-collections-3.2.2.jar;C:\Users\DheyClaveria\.m2\repository\org\fluentlenium\fluentlenium-core\0.10.2\fluentlenium-core-0.10.2.jar;C:\Users\DheyClaveria\.m2\repository\com\jhlabs\filters\2.0.235\filters-2.0.235.jar;C:\Users\DheyClaveria\.m2\repository\com\paulhammant\ngwebdriver\1.1.5\ngwebdriver-1.1.5.jar;C:\Users\DheyClaveria\.m2\repository\joda-time\joda-time\2.8.2\joda-time-2.8.2.jar;C:\Users\DheyClaveria\.m2\repository\org\hamcrest\hamcrest\2.2\hamcrest-2.2.jar;C:\Users\DheyClaveria\.m2\repository\com\google\jimfs\jimfs\1.1\jimfs-1.1.jar;C:\Users\DheyClaveria\.m2\repository\org\mockito\mockito-core\3.3.3\mockito-core-3.3.3.jar;C:\Users\DheyClaveria\.m2\repository\javax\xml\bind\jaxb-api\2.3.1\jaxb-api-2.3.1.jar;C:\Users\DheyClaveria\.m2\repository\javax\activation\javax.activation-api\1.2.0\javax.activation-api-1.2.0.jar;C:\Users\DheyClaveria\.m2\repository\com\sun\xml\bind\jaxb-core\2.3.0.1\jaxb-core-2.3.0.1.jar;C:\Users\DheyClaveria\.m2\repository\javax\activation\activation\1.1.1\activation-1.1.1.jar;C:\Users\DheyClaveria\.m2\repository\net\serenity-bdd\serenity-junit\3.2.0\serenity-junit-3.2.0.jar;C:\Users\DheyClaveria\.m2\repository\net\serenity-bdd\serenity-cucumber\3.2.0\serenity-cucumber-3.2.0.jar;C:\Users\DheyClaveria\.m2\repository\org\apache\commons\commons-csv\1.5\commons-csv-1.5.jar;C:\Users\DheyClaveria\.m2\repository\net\serenity-bdd\serenity-rest-assured\3.2.0\serenity-rest-assured-3.2.0.jar;C:\Users\DheyClaveria\.m2\repository\org\apache\httpcomponents\httpclient\4.5.13\httpclient-4.5.13.jar;C:\Users\DheyClaveria\.m2\repository\org\apache\httpcomponents\httpcore\4.4.13\httpcore-4.4.13.jar;C:\Users\DheyClaveria\.m2\repository\io\rest-assured\rest-assured\4.4.0\rest-assured-4.4.0.jar;C:\Users\DheyClaveria\.m2\repository\org\apache\httpcomponents\httpmime\4.5.13\httpmime-4.5.13.jar;C:\Users\DheyClaveria\.m2\repository\io\rest-assured\json-path\4.4.0\json-path-4.4.0.jar;C:\Users\DheyClaveria\.m2\repository\io\rest-assured\rest-assured-common\4.4.0\rest-assured-common-4.4.0.jar;C:\Users\DheyClaveria\.m2\repository\io\rest-assured\xml-path\4.4.0\xml-path-4.4.0.jar;C:\Users\DheyClaveria\.m2\repository\org\opentest4j\opentest4j\1.2.0\opentest4j-1.2.0.jar;C:\Users\DheyClaveria\.m2\repository\io\cucumber\cucumber-java\7.2.3\cucumber-java-7.2.3.jar;C:\Users\DheyClaveria\.m2\repository\org\apiguardian\apiguardian-api\1.1.2\apiguardian-api-1.1.2.jar;C:\Users\DheyClaveria\.m2\repository\io\cucumber\cucumber-junit\7.2.3\cucumber-junit-7.2.3.jar;C:\Users\DheyClaveria\.m2\repository\io\cucumber\cucumber-core\7.2.3\cucumber-core-7.2.3.jar;C:\Users\DheyClaveria\.m2\repository\io\cucumber\cucumber-gherkin-messages\7.2.3\cucumber-gherkin-messages-7.2.3.jar;C:\Users\DheyClaveria\.m2\repository\io\cucumber\messages\17.1.1\messages-17.1.1.jar;C:\Users\DheyClaveria\.m2\repository\io\cucumber\tag-expressions\4.1.0\tag-expressions-4.1.0.jar;C:\Users\DheyClaveria\.m2\repository\io\cucumber\cucumber-expressions\15.0.1\cucumber-expressions-15.0.1.jar;C:\Users\DheyClaveria\.m2\repository\io\cucumber\datatable\7.2.3\datatable-7.2.3.jar;C:\Users\DheyClaveria\.m2\repository\io\cucumber\cucumber-plugin\7.2.3\cucumber-plugin-7.2.3.jar;C:\Users\DheyClaveria\.m2\repository\io\cucumber\docstring\7.2.3\docstring-7.2.3.jar;C:\Users\DheyClaveria\.m2\repository\io\cucumber\html-formatter\17.0.0\html-formatter-17.0.0.jar;C:\Users\DheyClaveria\.m2\repository\io\cucumber\ci-environment\8.1.0\ci-environment-8.1.0.jar;C:\Users\DheyClaveria\.m2\repository\io\cucumber\cucumber-junit-platform-engine\7.2.3\cucumber-junit-platform-engine-7.2.3.jar;C:\Users\DheyClaveria\.m2\repository\org\junit\platform\junit-platform-engine\1.8.2\junit-platform-engine-1.8.2.jar;C:\Users\DheyClaveria\.m2\repository\org\junit\platform\junit-platform-commons\1.8.2\junit-platform-commons-1.8.2.jar;C:\Users\DheyClaveria\.m2\repository\net\masterthought\cucumber-reporting\5.7.0\cucumber-reporting-5.7.0.jar;C:\Users\DheyClaveria\.m2\repository\com\fasterxml\jackson\datatype\jackson-datatype-jsr310\2.13.0\jackson-datatype-jsr310-2.13.0.jar;C:\Users\DheyClaveria\.m2\repository\org\apache\velocity\velocity-engine-core\2.3\velocity-engine-core-2.3.jar;C:\Users\DheyClaveria\.m2\repository\org\codehaus\plexus\plexus-utils\3.3.0\plexus-utils-3.3.0.jar;C:\Users\DheyClaveria\.m2\repository\org\jsoup\jsoup\1.14.2\jsoup-1.14.2.jar;C:\Users\DheyClaveria\.m2\repository\com\google\guava\guava\30.1.1-jre\guava-30.1.1-jre.jar;C:\Users\DheyClaveria\.m2\repository\com\google\guava\failureaccess\1.0.1\failureaccess-1.0.1.jar;C:\Users\DheyClaveria\.m2\repository\com\google\guava\listenablefuture\9999.0-empty-to-avoid-conflict-with-guava\listenablefuture-9999.0-empty-to-avoid-conflict-with-guava.jar;C:\Users\DheyClaveria\.m2\repository\com\google\code\findbugs\jsr305\3.0.2\jsr305-3.0.2.jar;C:\Users\DheyClaveria\.m2\repository\org\checkerframework\checker-qual\3.8.0\checker-qual-3.8.0.jar;C:\Users\DheyClaveria\.m2\repository\com\google\errorprone\error_prone_annotations\2.5.1\error_prone_annotations-2.5.1.jar;C:\Users\DheyClaveria\.m2\repository\com\google\j2objc\j2objc-annotations\1.3\j2objc-annotations-1.3.jar;C:\Users\DheyClaveria\.m2\repository\com\googlecode\owasp-java-html-sanitizer\owasp-java-html-sanitizer\20211018.2\owasp-java-html-sanitizer-20211018.2.jar;C:\Users\DheyClaveria\.m2\repository\commons-configuration\commons-configuration\1.10\commons-configuration-1.10.jar;C:\Users\DheyClaveria\.m2\repository\commons-lang\commons-lang\2.6\commons-lang-2.6.jar;C:\Users\DheyClaveria\.m2\repository\io\cucumber\cucumber-html\0.2.7\cucumber-html-0.2.7.jar;C:\Users\DheyClaveria\.m2\repository\io\cucumber\cucumber-gherkin\7.2.3\cucumber-gherkin-7.2.3.jar;C:\Users\DheyClaveria\.m2\repository\org\hamcrest\hamcrest-core\2.2\hamcrest-core-2.2.jar;C:\Users\DheyClaveria\.m2\repository\junit\junit\4.13.1\junit-4.13.1.jar;C:\Users\DheyClaveria\.m2\repository\org\junit\platform\junit-platform-suite\1.8.2\junit-platform-suite-1.8.2.jar;C:\Users\DheyClaveria\.m2\repository\org\junit\platform\junit-platform-suite-api\1.8.2\junit-platform-suite-api-1.8.2.jar;C:\Users\DheyClaveria\.m2\repository\org\junit\platform\junit-platform-suite-engine\1.8.2\junit-platform-suite-engine-1.8.2.jar;C:\Users\DheyClaveria\.m2\repository\org\junit\platform\junit-platform-suite-commons\1.8.2\junit-platform-suite-commons-1.8.2.jar;C:\Users\DheyClaveria\.m2\repository\org\junit\platform\junit-platform-launcher\1.8.2\junit-platform-launcher-1.8.2.jar;C:\Users\DheyClaveria\.m2\repository\org\junit\jupiter\junit-jupiter\5.8.2\junit-jupiter-5.8.2.jar;C:\Users\DheyClaveria\.m2\repository\org\junit\jupiter\junit-jupiter-api\5.8.2\junit-jupiter-api-5.8.2.jar;C:\Users\DheyClaveria\.m2\repository\org\junit\jupiter\junit-jupiter-params\5.8.2\junit-jupiter-params-5.8.2.jar;C:\Users\DheyClaveria\.m2\repository\org\junit\jupiter\junit-jupiter-engine\5.8.2\junit-jupiter-engine-5.8.2.jar;C:\Users\DheyClaveria\.m2\repository\org\junit\vintage\junit-vintage-engine\5.8.2\junit-vintage-engine-5.8.2.jar;C:\Users\DheyClaveria\.m2\repository\info\cukes\cucumber-java\1.2.5\cucumber-java-1.2.5.jar;C:\Users\DheyClaveria\.m2\repository\info\cukes\cucumber-core\1.2.5\cucumber-core-1.2.5.jar;C:\Users\DheyClaveria\.m2\repository\info\cukes\cucumber-html\0.2.3\cucumber-html-0.2.3.jar;C:\Users\DheyClaveria\.m2\repository\info\cukes\cucumber-jvm-deps\1.0.5\cucumber-jvm-deps-1.0.5.jar;C:\Users\DheyClaveria\.m2\repository\info\cukes\gherkin\2.12.2\gherkin-2.12.2.jar;C:\Users\DheyClaveria\.m2\repository\info\cukes\cucumber-junit\1.2.5\cucumber-junit-1.2.5.jar;C:\Users\DheyClaveria\.m2\repository\org\seleniumhq\selenium\selenium-java\4.1.1\selenium-java-4.1.1.jar;C:\Users\DheyClaveria\.m2\repository\org\seleniumhq\selenium\selenium-devtools-v85\4.1.1\selenium-devtools-v85-4.1.1.jar;C:\Users\DheyClaveria\.m2\repository\org\seleniumhq\selenium\selenium-devtools-v94\4.1.1\selenium-devtools-v94-4.1.1.jar;C:\Users\DheyClaveria\.m2\repository\org\seleniumhq\selenium\selenium-devtools-v95\4.1.1\selenium-devtools-v95-4.1.1.jar;C:\Users\DheyClaveria\.m2\repository\org\seleniumhq\selenium\selenium-devtools-v96\4.1.1\selenium-devtools-v96-4.1.1.jar;C:\Users\DheyClaveria\.m2\repository\org\seleniumhq\selenium\selenium-firefox-xpi-driver\4.1.1\selenium-firefox-xpi-driver-4.1.1.jar;C:\Users\DheyClaveria\.m2\repository\org\seleniumhq\selenium\selenium-opera-driver\4.1.1\selenium-opera-driver-4.1.1.jar;C:\Users\DheyClaveria\.m2\repository\org\seleniumhq\selenium\selenium-remote-driver\4.1.1\selenium-remote-driver-4.1.1.jar;C:\Users\DheyClaveria\.m2\repository\io\netty\netty-buffer\4.1.70.Final\netty-buffer-4.1.70.Final.jar;C:\Users\DheyClaveria\.m2\repository\io\netty\netty-codec-http\4.1.70.Final\netty-codec-http-4.1.70.Final.jar;C:\Users\DheyClaveria\.m2\repository\io\netty\netty-codec\4.1.70.Final\netty-codec-4.1.70.Final.jar;C:\Users\DheyClaveria\.m2\repository\io\netty\netty-handler\4.1.70.Final\netty-handler-4.1.70.Final.jar;C:\Users\DheyClaveria\.m2\repository\io\netty\netty-common\4.1.70.Final\netty-common-4.1.70.Final.jar;C:\Users\DheyClaveria\.m2\repository\io\netty\netty-transport-classes-epoll\4.1.70.Final\netty-transport-classes-epoll-4.1.70.Final.jar;C:\Users\DheyClaveria\.m2\repository\io\netty\netty-transport-classes-kqueue\4.1.70.Final\netty-transport-classes-kqueue-4.1.70.Final.jar;C:\Users\DheyClaveria\.m2\repository\io\netty\netty-transport-native-unix-common\4.1.70.Final\netty-transport-native-unix-common-4.1.70.Final.jar;C:\Users\DheyClaveria\.m2\repository\io\netty\netty-transport\4.1.70.Final\netty-transport-4.1.70.Final.jar;C:\Users\DheyClaveria\.m2\repository\io\netty\netty-resolver\4.1.70.Final\netty-resolver-4.1.70.Final.jar;C:\Users\DheyClaveria\.m2\repository\io\opentelemetry\opentelemetry-api\1.9.1\opentelemetry-api-1.9.1.jar;C:\Users\DheyClaveria\.m2\repository\io\opentelemetry\opentelemetry-context\1.9.1\opentelemetry-context-1.9.1.jar;C:\Users\DheyClaveria\.m2\repository\io\opentelemetry\opentelemetry-exporter-logging\1.9.1\opentelemetry-exporter-logging-1.9.1.jar;C:\Users\DheyClaveria\.m2\repository\io\opentelemetry\opentelemetry-sdk-metrics\1.9.1-alpha\opentelemetry-sdk-metrics-1.9.1-alpha.jar;C:\Users\DheyClaveria\.m2\repository\io\opentelemetry\opentelemetry-sdk-logs\1.9.1-alpha\opentelemetry-sdk-logs-1.9.1-alpha.jar;C:\Users\DheyClaveria\.m2\repository\io\opentelemetry\opentelemetry-sdk-common\1.9.1\opentelemetry-sdk-common-1.9.1.jar;C:\Users\DheyClaveria\.m2\repository\io\opentelemetry\opentelemetry-sdk-extension-autoconfigure-spi\1.9.1\opentelemetry-sdk-extension-autoconfigure-spi-1.9.1.jar;C:\Users\DheyClaveria\.m2\repository\io\opentelemetry\opentelemetry-sdk-extension-autoconfigure\1.9.1-alpha\opentelemetry-sdk-extension-autoconfigure-1.9.1-alpha.jar;C:\Users\DheyClaveria\.m2\repository\io\opentelemetry\opentelemetry-sdk-trace\1.9.1\opentelemetry-sdk-trace-1.9.1.jar;C:\Users\DheyClaveria\.m2\repository\io\opentelemetry\opentelemetry-api-metrics\1.9.1-alpha\opentelemetry-api-metrics-1.9.1-alpha.jar;C:\Users\DheyClaveria\.m2\repository\io\opentelemetry\opentelemetry-sdk\1.9.1\opentelemetry-sdk-1.9.1.jar;C:\Users\DheyClaveria\.m2\repository\io\opentelemetry\opentelemetry-semconv\1.9.1-alpha\opentelemetry-semconv-1.9.1-alpha.jar;C:\Users\DheyClaveria\.m2\repository\io\ous\jtoml\2.0.0\jtoml-2.0.0.jar;C:\Users\DheyClaveria\.m2\repository\org\apache\commons\commons-exec\1.3\commons-exec-1.3.jar;C:\Users\DheyClaveria\.m2\repository\org\asynchttpclient\async-http-client\2.12.3\async-http-client-2.12.3.jar;C:\Users\DheyClaveria\.m2\repository\org\asynchttpclient\async-http-client-netty-utils\2.12.3\async-http-client-netty-utils-2.12.3.jar;C:\Users\DheyClaveria\.m2\repository\io\netty\netty-codec-socks\4.1.60.Final\netty-codec-socks-4.1.60.Final.jar;C:\Users\DheyClaveria\.m2\repository\io\netty\netty-handler-proxy\4.1.60.Final\netty-handler-proxy-4.1.60.Final.jar;C:\Users\DheyClaveria\.m2\repository\io\netty\netty-transport-native-epoll\4.1.60.Final\netty-transport-native-epoll-4.1.60.Final-linux-x86_64.jar;C:\Users\DheyClaveria\.m2\repository\io\netty\netty-transport-native-kqueue\4.1.60.Final\netty-transport-native-kqueue-4.1.60.Final-osx-x86_64.jar;C:\Users\DheyClaveria\.m2\repository\org\reactivestreams\reactive-streams\1.0.3\reactive-streams-1.0.3.jar;C:\Users\DheyClaveria\.m2\repository\com\typesafe\netty\netty-reactive-streams\2.0.4\netty-reactive-streams-2.0.4.jar;C:\Users\DheyClaveria\.m2\repository\com\sun\activation\jakarta.activation\1.2.2\jakarta.activation-1.2.2.jar;C:\Users\DheyClaveria\.m2\repository\org\seleniumhq\selenium\selenium-http\4.1.1\selenium-http-4.1.1.jar;C:\Users\DheyClaveria\.m2\repository\net\jodah\failsafe\2.4.4\failsafe-2.4.4.jar;C:\Users\DheyClaveria\.m2\repository\org\seleniumhq\selenium\selenium-safari-driver\4.1.1\selenium-safari-driver-4.1.1.jar;C:\Users\DheyClaveria\.m2\repository\org\seleniumhq\selenium\selenium-chrome-driver\4.1.1\selenium-chrome-driver-4.1.1.jar;C:\Users\DheyClaveria\.m2\repository\com\google\auto\service\auto-service-annotations\1.0.1\auto-service-annotations-1.0.1.jar;C:\Users\DheyClaveria\.m2\repository\com\google\auto\service\auto-service\1.0.1\auto-service-1.0.1.jar;C:\Users\DheyClaveria\.m2\repository\com\google\auto\auto-common\1.2\auto-common-1.2.jar;C:\Users\DheyClaveria\.m2\repository\org\seleniumhq\selenium\selenium-chromium-driver\4.1.1\selenium-chromium-driver-4.1.1.jar;C:\Users\DheyClaveria\.m2\repository\org\seleniumhq\selenium\selenium-json\4.1.1\selenium-json-4.1.1.jar;C:\Users\DheyClaveria\.m2\repository\io\github\bonigarcia\webdrivermanager\4.2.2\webdrivermanager-4.2.2.jar;C:\Users\DheyClaveria\.m2\repository\org\apache\httpcomponents\client5\httpclient5\5.0.1\httpclient5-5.0.1.jar;C:\Users\DheyClaveria\.m2\repository\org\apache\httpcomponents\core5\httpcore5\5.0.1\httpcore5-5.0.1.jar;C:\Users\DheyClaveria\.m2\repository\org\apache\httpcomponents\core5\httpcore5-h2\5.0.1\httpcore5-h2-5.0.1.jar;C:\Users\DheyClaveria\.m2\repository\org\rauschig\jarchivelib\1.1.0\jarchivelib-1.1.0.jar;C:\Users\DheyClaveria\.m2\repository\tech\grasshopper\extentreports-cucumber7-adapter\1.3.0\extentreports-cucumber7-adapter-1.3.0.jar;C:\Users\DheyClaveria\.m2\repository\com\aventstack\extentreports\5.0.9\extentreports-5.0.9.jar;C:\Users\DheyClaveria\.m2\repository\io\reactivex\rxjava3\rxjava\3.0.4\rxjava-3.0.4.jar;C:\Users\DheyClaveria\.m2\repository\tech\grasshopper\extent-pdf-report\2.1.0\extent-pdf-report-2.1.0.jar;C:\Users\DheyClaveria\.m2\repository\tech\grasshopper\cucumber-pdf-report\2.5.0\cucumber-pdf-report-2.5.0.jar;C:\Users\DheyClaveria\.m2\repository\org\knowm\xchart\xchart\3.8.0\xchart-3.8.0.jar;C:\Users\DheyClaveria\.m2\repository\de\erichseifert\vectorgraphics2d\VectorGraphics2D\0.13\VectorGraphics2D-0.13.jar;C:\Users\DheyClaveria\.m2\repository\de\rototor\pdfbox\graphics2d\0.30\graphics2d-0.30.jar;C:\Users\DheyClaveria\.m2\repository\com\madgag\animated-gif-lib\1.4\animated-gif-lib-1.4.jar;C:\Users\DheyClaveria\.m2\repository\org\yaml\snakeyaml\1.28\snakeyaml-1.28.jar;C:\Users\DheyClaveria\.m2\repository\tech\grasshopper\table-layout\1.4.0\table-layout-1.4.0.jar;C:\Users\DheyClaveria\.m2\repository\tech\grasshopper\rest-assured-cucumber-pdf-report\1.1.0\rest-assured-cucumber-pdf-report-1.1.0.jar;C:\Users\DheyClaveria\.m2\repository\com\aventstack\klov-reporter\5.0.9\klov-reporter-5.0.9.jar;C:\Users\DheyClaveria\.m2\repository\org\mongodb\mongodb-driver\3.6.4\mongodb-driver-3.6.4.jar;C:\Users\DheyClaveria\.m2\repository\org\mongodb\mongodb-driver-core\3.6.4\mongodb-driver-core-3.6.4.jar;C:\Users\DheyClaveria\.m2\repository\org\mongodb\bson\3.6.4\bson-3.6.4.jar;C:\Users\DheyClaveria\.m2\repository\tech\grasshopper\htmlextentreporter\1.0.0\htmlextentreporter-1.0.0.jar;C:\Users\DheyClaveria\.m2\repository\org\testng\testng\6.14.3\testng-6.14.3.jar;C:\Users\DheyClaveria\.m2\repository\com\beust\jcommander\1.72\jcommander-1.72.jar;C:\Users\DheyClaveria\.m2\repository\org\apache-extras\beanshell\bsh\2.0b6\bsh-2.0b6.jar;C:\Users\DheyClaveria\.m2\repository\io\cucumber\cucumber-testng\7.2.3\cucumber-testng-7.2.3.jar;C:\Users\DheyClaveria\.m2\repository\org\apache\poi\poi\5.2.1\poi-5.2.1.jar;C:\Users\DheyClaveria\.m2\repository\org\apache\commons\commons-collections4\4.4\commons-collections4-4.4.jar;C:\Users\DheyClaveria\.m2\repository\org\apache\commons\commons-math3\3.6.1\commons-math3-3.6.1.jar;C:\Users\DheyClaveria\.m2\repository\com\zaxxer\SparseBitSet\1.2\SparseBitSet-1.2.jar;C:\Users\DheyClaveria\.m2\repository\org\apache\logging\log4j\log4j-api\2.17.1\log4j-api-2.17.1.jar;C:\Users\DheyClaveria\.m2\repository\org\apache\poi\poi-ooxml\5.2.1\poi-ooxml-5.2.1.jar;C:\Users\DheyClaveria\.m2\repository\org\apache\poi\poi-ooxml-lite\5.2.1\poi-ooxml-lite-5.2.1.jar;C:\Users\DheyClaveria\.m2\repository\org\apache\xmlbeans\xmlbeans\5.0.3\xmlbeans-5.0.3.jar;C:\Users\DheyClaveria\.m2\repository\org\apache\commons\commons-compress\1.21\commons-compress-1.21.jar;C:\Users\DheyClaveria\.m2\repository\com\github\virtuald\curvesapi\1.07\curvesapi-1.07.jar;"/>
    <property name="java.vm.vendor" value="Oracle Corporation"/>
    <property name="sun.arch.data.model" value="64"/>
    <property name="user.variant" value=""/>
    <property name="java.vendor.url" value="https://java.oracle.com/"/>
    <property name="user.timezone" value="Asia/Shanghai"/>
    <property name="os.name" value="Windows 10"/>
    <property name="java.vm.specification.version" value="15"/>
    <property name="sun.java.launcher" value="SUN_STANDARD"/>
    <property name="user.country" value="US"/>
    <property name="sun.boot.library.path" value="C:\Program Files\Java\jdk-15.0.1\bin"/>
    <property name="sun.java.command" value="C:\Users\DheyClaveria\AppData\Local\Temp\surefire12549071814913805157\surefirebooter4970800118845801448.jar C:\Users\DheyClaveria\AppData\Local\Temp\surefire12549071814913805157 2022-03-23T16-09-00_600-jvmRun1 surefire5447816396696100386tmp surefire_02547056965727801072tmp"/>
    <property name="jdk.debug" value="release"/>
    <property name="surefire.test.class.path" value="Z:\Automation\JavaCucumber\BDD_HCL\CucumberHCL\target\test-classes;Z:\Automation\JavaCucumber\BDD_HCL\CucumberHCL\target\classes;C:\Users\DheyClaveria\.m2\repository\com\github\ralfstuckert\pdfbox-layout\pdfbox2-layout\1.0.1\pdfbox2-layout-1.0.1.jar;C:\Users\DheyClaveria\.m2\repository\org\apache\pdfbox\pdfbox\2.0.4\pdfbox-2.0.4.jar;C:\Users\DheyClaveria\.m2\repository\org\apache\pdfbox\fontbox\2.0.4\fontbox-2.0.4.jar;C:\Users\DheyClaveria\.m2\repository\commons-logging\commons-logging\1.2\commons-logging-1.2.jar;C:\Users\DheyClaveria\.m2\repository\io\rest-assured\rest-assured-all\4.3.2\rest-assured-all-4.3.2.jar;C:\Users\DheyClaveria\.m2\repository\org\codehaus\groovy\groovy\3.0.6\groovy-3.0.6.jar;C:\Users\DheyClaveria\.m2\repository\org\apache\commons\commons-lang3\3.11\commons-lang3-3.11.jar;C:\Users\DheyClaveria\.m2\repository\org\codehaus\groovy\groovy-xml\3.0.6\groovy-xml-3.0.6.jar;C:\Users\DheyClaveria\.m2\repository\org\ccil\cowan\tagsoup\tagsoup\1.2.1\tagsoup-1.2.1.jar;C:\Users\DheyClaveria\.m2\repository\jakarta\xml\bind\jakarta.xml.bind-api\2.3.3\jakarta.xml.bind-api-2.3.3.jar;C:\Users\DheyClaveria\.m2\repository\jakarta\activation\jakarta.activation-api\1.2.2\jakarta.activation-api-1.2.2.jar;C:\Users\DheyClaveria\.m2\repository\com\sun\xml\bind\jaxb-impl\2.3.3\jaxb-impl-2.3.3.jar;C:\Users\DheyClaveria\.m2\repository\org\codehaus\groovy\groovy-json\3.0.6\groovy-json-3.0.6.jar;C:\Users\DheyClaveria\.m2\repository\log4j\log4j\1.2.17\log4j-1.2.17.jar;C:\Users\DheyClaveria\.m2\repository\ch\qos\logback\logback-classic\1.1.3\logback-classic-1.1.3.jar;C:\Users\DheyClaveria\.m2\repository\ch\qos\logback\logback-core\1.1.3\logback-core-1.1.3.jar;C:\Users\DheyClaveria\.m2\repository\org\slf4j\slf4j-api\1.7.7\slf4j-api-1.7.7.jar;C:\Users\DheyClaveria\.m2\repository\org\json\json\20210307\json-20210307.jar;C:\Users\DheyClaveria\.m2\repository\com\ea\async\ea-async\1.2.3\ea-async-1.2.3.jar;C:\Users\DheyClaveria\.m2\repository\net\serenity-bdd\serenity-assertions\3.2.0\serenity-assertions-3.2.0.jar;C:\Users\DheyClaveria\.m2\repository\net\serenity-bdd\serenity-screenplay\3.2.0\serenity-screenplay-3.2.0.jar;C:\Users\DheyClaveria\.m2\repository\org\assertj\assertj-core\3.21.0\assertj-core-3.21.0.jar;C:\Users\DheyClaveria\.m2\repository\net\serenity-bdd\serenity-ensure\3.2.0\serenity-ensure-3.2.0.jar;C:\Users\DheyClaveria\.m2\repository\net\serenity-bdd\serenity-model\3.2.0\serenity-model-3.2.0.jar;C:\Users\DheyClaveria\.m2\repository\org\apache\commons\commons-text\1.9\commons-text-1.9.jar;C:\Users\DheyClaveria\.m2\repository\commons-net\commons-net\3.6\commons-net-3.6.jar;C:\Users\DheyClaveria\.m2\repository\com\google\inject\guice\5.0.1\guice-5.0.1.jar;C:\Users\DheyClaveria\.m2\repository\javax\inject\javax.inject\1\javax.inject-1.jar;C:\Users\DheyClaveria\.m2\repository\aopalliance\aopalliance\1.0\aopalliance-1.0.jar;C:\Users\DheyClaveria\.m2\repository\com\thoughtworks\xstream\xstream\1.4.19\xstream-1.4.19.jar;C:\Users\DheyClaveria\.m2\repository\io\github\x-stream\mxparser\1.2.2\mxparser-1.2.2.jar;C:\Users\DheyClaveria\.m2\repository\xmlpull\xmlpull\1.1.3.1\xmlpull-1.1.3.1.jar;C:\Users\DheyClaveria\.m2\repository\com\typesafe\config\1.3.1\config-1.3.1.jar;C:\Users\DheyClaveria\.m2\repository\org\imgscalr\imgscalr-lib\4.2\imgscalr-lib-4.2.jar;C:\Users\DheyClaveria\.m2\repository\org\awaitility\awaitility\4.1.0\awaitility-4.1.0.jar;C:\Users\DheyClaveria\.m2\repository\org\freemarker\freemarker\2.3.31\freemarker-2.3.31.jar;C:\Users\DheyClaveria\.m2\repository\io\github\classgraph\classgraph\4.8.138\classgraph-4.8.138.jar;C:\Users\DheyClaveria\.m2\repository\net\sourceforge\jexcelapi\jxl\2.6.12\jxl-2.6.12.jar;C:\Users\DheyClaveria\.m2\repository\net\bytebuddy\byte-buddy\1.12.3\byte-buddy-1.12.3.jar;C:\Users\DheyClaveria\.m2\repository\net\bytebuddy\byte-buddy-agent\1.12.3\byte-buddy-agent-1.12.3.jar;C:\Users\DheyClaveria\.m2\repository\org\objenesis\objenesis\3.1\objenesis-3.1.jar;C:\Users\DheyClaveria\.m2\repository\net\serenity-bdd\serenity-screenplay-webdriver\3.2.0\serenity-screenplay-webdriver-3.2.0.jar;C:\Users\DheyClaveria\.m2\repository\org\jetbrains\kotlin\kotlin-stdlib\1.6.0\kotlin-stdlib-1.6.0.jar;C:\Users\DheyClaveria\.m2\repository\org\jetbrains\annotations\13.0\annotations-13.0.jar;C:\Users\DheyClaveria\.m2\repository\org\jetbrains\kotlin\kotlin-stdlib-common\1.6.0\kotlin-stdlib-common-1.6.0.jar;C:\Users\DheyClaveria\.m2\repository\net\serenity-bdd\serenity-core\3.2.0\serenity-core-3.2.0.jar;C:\Users\DheyClaveria\.m2\repository\net\serenity-bdd\serenity-reports\3.2.0\serenity-reports-3.2.0.jar;C:\Users\DheyClaveria\.m2\repository\net\serenity-bdd\serenity-stats\3.2.0\serenity-stats-3.2.0.jar;C:\Users\DheyClaveria\.m2\repository\net\serenity-bdd\serenity-reports-configuration\3.2.0\serenity-reports-configuration-3.2.0.jar;C:\Users\DheyClaveria\.m2\repository\com\vladsch\flexmark\flexmark-all\0.34.30\flexmark-all-0.34.30.jar;C:\Users\DheyClaveria\.m2\repository\com\vladsch\flexmark\flexmark\0.34.30\flexmark-0.34.30.jar;C:\Users\DheyClaveria\.m2\repository\com\vladsch\flexmark\flexmark-ext-abbreviation\0.34.30\flexmark-ext-abbreviation-0.34.30.jar;C:\Users\DheyClaveria\.m2\repository\com\vladsch\flexmark\flexmark-ext-admonition\0.34.30\flexmark-ext-admonition-0.34.30.jar;C:\Users\DheyClaveria\.m2\repository\com\vladsch\flexmark\flexmark-ext-anchorlink\0.34.30\flexmark-ext-anchorlink-0.34.30.jar;C:\Users\DheyClaveria\.m2\repository\com\vladsch\flexmark\flexmark-ext-aside\0.34.30\flexmark-ext-aside-0.34.30.jar;C:\Users\DheyClaveria\.m2\repository\com\vladsch\flexmark\flexmark-ext-attributes\0.34.30\flexmark-ext-attributes-0.34.30.jar;C:\Users\DheyClaveria\.m2\repository\com\vladsch\flexmark\flexmark-ext-autolink\0.34.30\flexmark-ext-autolink-0.34.30.jar;C:\Users\DheyClaveria\.m2\repository\org\nibor\autolink\autolink\0.6.0\autolink-0.6.0.jar;C:\Users\DheyClaveria\.m2\repository\com\vladsch\flexmark\flexmark-ext-definition\0.34.30\flexmark-ext-definition-0.34.30.jar;C:\Users\DheyClaveria\.m2\repository\com\vladsch\flexmark\flexmark-ext-emoji\0.34.30\flexmark-ext-emoji-0.34.30.jar;C:\Users\DheyClaveria\.m2\repository\com\vladsch\flexmark\flexmark-ext-enumerated-reference\0.34.30\flexmark-ext-enumerated-reference-0.34.30.jar;C:\Users\DheyClaveria\.m2\repository\com\vladsch\flexmark\flexmark-ext-escaped-character\0.34.30\flexmark-ext-escaped-character-0.34.30.jar;C:\Users\DheyClaveria\.m2\repository\com\vladsch\flexmark\flexmark-ext-footnotes\0.34.30\flexmark-ext-footnotes-0.34.30.jar;C:\Users\DheyClaveria\.m2\repository\com\vladsch\flexmark\flexmark-ext-gfm-issues\0.34.30\flexmark-ext-gfm-issues-0.34.30.jar;C:\Users\DheyClaveria\.m2\repository\com\vladsch\flexmark\flexmark-ext-gfm-strikethrough\0.34.30\flexmark-ext-gfm-strikethrough-0.34.30.jar;C:\Users\DheyClaveria\.m2\repository\com\vladsch\flexmark\flexmark-ext-gfm-tables\0.34.30\flexmark-ext-gfm-tables-0.34.30.jar;C:\Users\DheyClaveria\.m2\repository\com\vladsch\flexmark\flexmark-ext-gfm-tasklist\0.34.30\flexmark-ext-gfm-tasklist-0.34.30.jar;C:\Users\DheyClaveria\.m2\repository\com\vladsch\flexmark\flexmark-ext-gfm-users\0.34.30\flexmark-ext-gfm-users-0.34.30.jar;C:\Users\DheyClaveria\.m2\repository\com\vladsch\flexmark\flexmark-ext-gitlab\0.34.30\flexmark-ext-gitlab-0.34.30.jar;C:\Users\DheyClaveria\.m2\repository\com\vladsch\flexmark\flexmark-ext-jekyll-front-matter\0.34.30\flexmark-ext-jekyll-front-matter-0.34.30.jar;C:\Users\DheyClaveria\.m2\repository\com\vladsch\flexmark\flexmark-ext-jekyll-tag\0.34.30\flexmark-ext-jekyll-tag-0.34.30.jar;C:\Users\DheyClaveria\.m2\repository\com\vladsch\flexmark\flexmark-ext-media-tags\0.34.30\flexmark-ext-media-tags-0.34.30.jar;C:\Users\DheyClaveria\.m2\repository\com\vladsch\flexmark\flexmark-test-util\0.34.30\flexmark-test-util-0.34.30.jar;C:\Users\DheyClaveria\.m2\repository\com\vladsch\flexmark\flexmark-ext-ins\0.34.30\flexmark-ext-ins-0.34.30.jar;C:\Users\DheyClaveria\.m2\repository\com\vladsch\flexmark\flexmark-ext-xwiki-macros\0.34.30\flexmark-ext-xwiki-macros-0.34.30.jar;C:\Users\DheyClaveria\.m2\repository\com\vladsch\flexmark\flexmark-ext-superscript\0.34.30\flexmark-ext-superscript-0.34.30.jar;C:\Users\DheyClaveria\.m2\repository\com\vladsch\flexmark\flexmark-ext-tables\0.34.30\flexmark-ext-tables-0.34.30.jar;C:\Users\DheyClaveria\.m2\repository\com\vladsch\flexmark\flexmark-ext-toc\0.34.30\flexmark-ext-toc-0.34.30.jar;C:\Users\DheyClaveria\.m2\repository\com\vladsch\flexmark\flexmark-ext-typographic\0.34.30\flexmark-ext-typographic-0.34.30.jar;C:\Users\DheyClaveria\.m2\repository\com\vladsch\flexmark\flexmark-ext-wikilink\0.34.30\flexmark-ext-wikilink-0.34.30.jar;C:\Users\DheyClaveria\.m2\repository\com\vladsch\flexmark\flexmark-ext-yaml-front-matter\0.34.30\flexmark-ext-yaml-front-matter-0.34.30.jar;C:\Users\DheyClaveria\.m2\repository\com\vladsch\flexmark\flexmark-ext-youtube-embedded\0.34.30\flexmark-ext-youtube-embedded-0.34.30.jar;C:\Users\DheyClaveria\.m2\repository\com\vladsch\flexmark\flexmark-formatter\0.34.30\flexmark-formatter-0.34.30.jar;C:\Users\DheyClaveria\.m2\repository\com\vladsch\flexmark\flexmark-html-parser\0.34.30\flexmark-html-parser-0.34.30.jar;C:\Users\DheyClaveria\.m2\repository\com\vladsch\flexmark\flexmark-jira-converter\0.34.30\flexmark-jira-converter-0.34.30.jar;C:\Users\DheyClaveria\.m2\repository\com\vladsch\flexmark\flexmark-pdf-converter\0.34.30\flexmark-pdf-converter-0.34.30.jar;C:\Users\DheyClaveria\.m2\repository\com\openhtmltopdf\openhtmltopdf-core\0.0.1-RC13\openhtmltopdf-core-0.0.1-RC13.jar;C:\Users\DheyClaveria\.m2\repository\com\openhtmltopdf\openhtmltopdf-pdfbox\0.0.1-RC13\openhtmltopdf-pdfbox-0.0.1-RC13.jar;C:\Users\DheyClaveria\.m2\repository\org\apache\pdfbox\xmpbox\2.0.8\xmpbox-2.0.8.jar;C:\Users\DheyClaveria\.m2\repository\com\openhtmltopdf\openhtmltopdf-rtl-support\0.0.1-RC13\openhtmltopdf-rtl-support-0.0.1-RC13.jar;C:\Users\DheyClaveria\.m2\repository\com\ibm\icu\icu4j\59.1\icu4j-59.1.jar;C:\Users\DheyClaveria\.m2\repository\com\openhtmltopdf\openhtmltopdf-jsoup-dom-converter\0.0.1-RC13\openhtmltopdf-jsoup-dom-converter-0.0.1-RC13.jar;C:\Users\DheyClaveria\.m2\repository\com\vladsch\flexmark\flexmark-profile-pegdown\0.34.30\flexmark-profile-pegdown-0.34.30.jar;C:\Users\DheyClaveria\.m2\repository\com\vladsch\flexmark\flexmark-util\0.34.30\flexmark-util-0.34.30.jar;C:\Users\DheyClaveria\.m2\repository\com\vladsch\flexmark\flexmark-youtrack-converter\0.34.30\flexmark-youtrack-converter-0.34.30.jar;C:\Users\DheyClaveria\.m2\repository\es\nitaur\markdown\txtmark\0.16\txtmark-0.16.jar;C:\Users\DheyClaveria\.m2\repository\net\serenity-bdd\serenity-report-resources\3.2.0\serenity-report-resources-3.2.0.jar;C:\Users\DheyClaveria\.m2\repository\com\google\code\gson\gson\2.8.9\gson-2.8.9.jar;C:\Users\DheyClaveria\.m2\repository\com\fasterxml\jackson\core\jackson-core\2.12.4\jackson-core-2.12.4.jar;C:\Users\DheyClaveria\.m2\repository\com\fasterxml\jackson\core\jackson-databind\2.12.4\jackson-databind-2.12.4.jar;C:\Users\DheyClaveria\.m2\repository\com\fasterxml\jackson\core\jackson-annotations\2.12.4\jackson-annotations-2.12.4.jar;C:\Users\DheyClaveria\.m2\repository\commons-codec\commons-codec\1.15\commons-codec-1.15.jar;C:\Users\DheyClaveria\.m2\repository\commons-io\commons-io\2.8.0\commons-io-2.8.0.jar;C:\Users\DheyClaveria\.m2\repository\org\seleniumhq\selenium\selenium-api\4.1.2\selenium-api-4.1.2.jar;C:\Users\DheyClaveria\.m2\repository\org\seleniumhq\selenium\selenium-support\4.1.2\selenium-support-4.1.2.jar;C:\Users\DheyClaveria\.m2\repository\org\seleniumhq\selenium\selenium-firefox-driver\4.1.2\selenium-firefox-driver-4.1.2.jar;C:\Users\DheyClaveria\.m2\repository\org\seleniumhq\selenium\selenium-edge-driver\4.1.2\selenium-edge-driver-4.1.2.jar;C:\Users\DheyClaveria\.m2\repository\org\seleniumhq\selenium\selenium-ie-driver\4.1.2\selenium-ie-driver-4.1.2.jar;C:\Users\DheyClaveria\.m2\repository\org\projectlombok\lombok\1.18.20\lombok-1.18.20.jar;C:\Users\DheyClaveria\.m2\repository\io\appium\java-client\8.0.0-beta2\java-client-8.0.0-beta2.jar;C:\Users\DheyClaveria\.m2\repository\commons-validator\commons-validator\1.7\commons-validator-1.7.jar;C:\Users\DheyClaveria\.m2\repository\commons-digester\commons-digester\2.1\commons-digester-2.1.jar;C:\Users\DheyClaveria\.m2\repository\org\aspectj\aspectjweaver\1.9.7\aspectjweaver-1.9.7.jar;C:\Users\DheyClaveria\.m2\repository\net\sf\opencsv\opencsv\2.0\opencsv-2.0.jar;C:\Users\DheyClaveria\.m2\repository\commons-beanutils\commons-beanutils\1.9.4\commons-beanutils-1.9.4.jar;C:\Users\DheyClaveria\.m2\repository\commons-collections\commons-collections\3.2.2\commons-collections-3.2.2.jar;C:\Users\DheyClaveria\.m2\repository\org\fluentlenium\fluentlenium-core\0.10.2\fluentlenium-core-0.10.2.jar;C:\Users\DheyClaveria\.m2\repository\com\jhlabs\filters\2.0.235\filters-2.0.235.jar;C:\Users\DheyClaveria\.m2\repository\com\paulhammant\ngwebdriver\1.1.5\ngwebdriver-1.1.5.jar;C:\Users\DheyClaveria\.m2\repository\joda-time\joda-time\2.8.2\joda-time-2.8.2.jar;C:\Users\DheyClaveria\.m2\repository\org\hamcrest\hamcrest\2.2\hamcrest-2.2.jar;C:\Users\DheyClaveria\.m2\repository\com\google\jimfs\jimfs\1.1\jimfs-1.1.jar;C:\Users\DheyClaveria\.m2\repository\org\mockito\mockito-core\3.3.3\mockito-core-3.3.3.jar;C:\Users\DheyClaveria\.m2\repository\javax\xml\bind\jaxb-api\2.3.1\jaxb-api-2.3.1.jar;C:\Users\DheyClaveria\.m2\repository\javax\activation\javax.activation-api\1.2.0\javax.activation-api-1.2.0.jar;C:\Users\DheyClaveria\.m2\repository\com\sun\xml\bind\jaxb-core\2.3.0.1\jaxb-core-2.3.0.1.jar;C:\Users\DheyClaveria\.m2\repository\javax\activation\activation\1.1.1\activation-1.1.1.jar;C:\Users\DheyClaveria\.m2\repository\net\serenity-bdd\serenity-junit\3.2.0\serenity-junit-3.2.0.jar;C:\Users\DheyClaveria\.m2\repository\net\serenity-bdd\serenity-cucumber\3.2.0\serenity-cucumber-3.2.0.jar;C:\Users\DheyClaveria\.m2\repository\org\apache\commons\commons-csv\1.5\commons-csv-1.5.jar;C:\Users\DheyClaveria\.m2\repository\net\serenity-bdd\serenity-rest-assured\3.2.0\serenity-rest-assured-3.2.0.jar;C:\Users\DheyClaveria\.m2\repository\org\apache\httpcomponents\httpclient\4.5.13\httpclient-4.5.13.jar;C:\Users\DheyClaveria\.m2\repository\org\apache\httpcomponents\httpcore\4.4.13\httpcore-4.4.13.jar;C:\Users\DheyClaveria\.m2\repository\io\rest-assured\rest-assured\4.4.0\rest-assured-4.4.0.jar;C:\Users\DheyClaveria\.m2\repository\org\apache\httpcomponents\httpmime\4.5.13\httpmime-4.5.13.jar;C:\Users\DheyClaveria\.m2\repository\io\rest-assured\json-path\4.4.0\json-path-4.4.0.jar;C:\Users\DheyClaveria\.m2\repository\io\rest-assured\rest-assured-common\4.4.0\rest-assured-common-4.4.0.jar;C:\Users\DheyClaveria\.m2\repository\io\rest-assured\xml-path\4.4.0\xml-path-4.4.0.jar;C:\Users\DheyClaveria\.m2\repository\org\opentest4j\opentest4j\1.2.0\opentest4j-1.2.0.jar;C:\Users\DheyClaveria\.m2\repository\io\cucumber\cucumber-java\7.2.3\cucumber-java-7.2.3.jar;C:\Users\DheyClaveria\.m2\repository\org\apiguardian\apiguardian-api\1.1.2\apiguardian-api-1.1.2.jar;C:\Users\DheyClaveria\.m2\repository\io\cucumber\cucumber-junit\7.2.3\cucumber-junit-7.2.3.jar;C:\Users\DheyClaveria\.m2\repository\io\cucumber\cucumber-core\7.2.3\cucumber-core-7.2.3.jar;C:\Users\DheyClaveria\.m2\repository\io\cucumber\cucumber-gherkin-messages\7.2.3\cucumber-gherkin-messages-7.2.3.jar;C:\Users\DheyClaveria\.m2\repository\io\cucumber\messages\17.1.1\messages-17.1.1.jar;C:\Users\DheyClaveria\.m2\repository\io\cucumber\tag-expressions\4.1.0\tag-expressions-4.1.0.jar;C:\Users\DheyClaveria\.m2\repository\io\cucumber\cucumber-expressions\15.0.1\cucumber-expressions-15.0.1.jar;C:\Users\DheyClaveria\.m2\repository\io\cucumber\datatable\7.2.3\datatable-7.2.3.jar;C:\Users\DheyClaveria\.m2\repository\io\cucumber\cucumber-plugin\7.2.3\cucumber-plugin-7.2.3.jar;C:\Users\DheyClaveria\.m2\repository\io\cucumber\docstring\7.2.3\docstring-7.2.3.jar;C:\Users\DheyClaveria\.m2\repository\io\cucumber\html-formatter\17.0.0\html-formatter-17.0.0.jar;C:\Users\DheyClaveria\.m2\repository\io\cucumber\ci-environment\8.1.0\ci-environment-8.1.0.jar;C:\Users\DheyClaveria\.m2\repository\io\cucumber\cucumber-junit-platform-engine\7.2.3\cucumber-junit-platform-engine-7.2.3.jar;C:\Users\DheyClaveria\.m2\repository\org\junit\platform\junit-platform-engine\1.8.2\junit-platform-engine-1.8.2.jar;C:\Users\DheyClaveria\.m2\repository\org\junit\platform\junit-platform-commons\1.8.2\junit-platform-commons-1.8.2.jar;C:\Users\DheyClaveria\.m2\repository\net\masterthought\cucumber-reporting\5.7.0\cucumber-reporting-5.7.0.jar;C:\Users\DheyClaveria\.m2\repository\com\fasterxml\jackson\datatype\jackson-datatype-jsr310\2.13.0\jackson-datatype-jsr310-2.13.0.jar;C:\Users\DheyClaveria\.m2\repository\org\apache\velocity\velocity-engine-core\2.3\velocity-engine-core-2.3.jar;C:\Users\DheyClaveria\.m2\repository\org\codehaus\plexus\plexus-utils\3.3.0\plexus-utils-3.3.0.jar;C:\Users\DheyClaveria\.m2\repository\org\jsoup\jsoup\1.14.2\jsoup-1.14.2.jar;C:\Users\DheyClaveria\.m2\repository\com\google\guava\guava\30.1.1-jre\guava-30.1.1-jre.jar;C:\Users\DheyClaveria\.m2\repository\com\google\guava\failureaccess\1.0.1\failureaccess-1.0.1.jar;C:\Users\DheyClaveria\.m2\repository\com\google\guava\listenablefuture\9999.0-empty-to-avoid-conflict-with-guava\listenablefuture-9999.0-empty-to-avoid-conflict-with-guava.jar;C:\Users\DheyClaveria\.m2\repository\com\google\code\findbugs\jsr305\3.0.2\jsr305-3.0.2.jar;C:\Users\DheyClaveria\.m2\repository\org\checkerframework\checker-qual\3.8.0\checker-qual-3.8.0.jar;C:\Users\DheyClaveria\.m2\repository\com\google\errorprone\error_prone_annotations\2.5.1\error_prone_annotations-2.5.1.jar;C:\Users\DheyClaveria\.m2\repository\com\google\j2objc\j2objc-annotations\1.3\j2objc-annotations-1.3.jar;C:\Users\DheyClaveria\.m2\repository\com\googlecode\owasp-java-html-sanitizer\owasp-java-html-sanitizer\20211018.2\owasp-java-html-sanitizer-20211018.2.jar;C:\Users\DheyClaveria\.m2\repository\commons-configuration\commons-configuration\1.10\commons-configuration-1.10.jar;C:\Users\DheyClaveria\.m2\repository\commons-lang\commons-lang\2.6\commons-lang-2.6.jar;C:\Users\DheyClaveria\.m2\repository\io\cucumber\cucumber-html\0.2.7\cucumber-html-0.2.7.jar;C:\Users\DheyClaveria\.m2\repository\io\cucumber\cucumber-gherkin\7.2.3\cucumber-gherkin-7.2.3.jar;C:\Users\DheyClaveria\.m2\repository\org\hamcrest\hamcrest-core\2.2\hamcrest-core-2.2.jar;C:\Users\DheyClaveria\.m2\repository\junit\junit\4.13.1\junit-4.13.1.jar;C:\Users\DheyClaveria\.m2\repository\org\junit\platform\junit-platform-suite\1.8.2\junit-platform-suite-1.8.2.jar;C:\Users\DheyClaveria\.m2\repository\org\junit\platform\junit-platform-suite-api\1.8.2\junit-platform-suite-api-1.8.2.jar;C:\Users\DheyClaveria\.m2\repository\org\junit\platform\junit-platform-suite-engine\1.8.2\junit-platform-suite-engine-1.8.2.jar;C:\Users\DheyClaveria\.m2\repository\org\junit\platform\junit-platform-suite-commons\1.8.2\junit-platform-suite-commons-1.8.2.jar;C:\Users\DheyClaveria\.m2\repository\org\junit\platform\junit-platform-launcher\1.8.2\junit-platform-launcher-1.8.2.jar;C:\Users\DheyClaveria\.m2\repository\org\junit\jupiter\junit-jupiter\5.8.2\junit-jupiter-5.8.2.jar;C:\Users\DheyClaveria\.m2\repository\org\junit\jupiter\junit-jupiter-api\5.8.2\junit-jupiter-api-5.8.2.jar;C:\Users\DheyClaveria\.m2\repository\org\junit\jupiter\junit-jupiter-params\5.8.2\junit-jupiter-params-5.8.2.jar;C:\Users\DheyClaveria\.m2\repository\org\junit\jupiter\junit-jupiter-engine\5.8.2\junit-jupiter-engine-5.8.2.jar;C:\Users\DheyClaveria\.m2\repository\org\junit\vintage\junit-vintage-engine\5.8.2\junit-vintage-engine-5.8.2.jar;C:\Users\DheyClaveria\.m2\repository\info\cukes\cucumber-java\1.2.5\cucumber-java-1.2.5.jar;C:\Users\DheyClaveria\.m2\repository\info\cukes\cucumber-core\1.2.5\cucumber-core-1.2.5.jar;C:\Users\DheyClaveria\.m2\repository\info\cukes\cucumber-html\0.2.3\cucumber-html-0.2.3.jar;C:\Users\DheyClaveria\.m2\repository\info\cukes\cucumber-jvm-deps\1.0.5\cucumber-jvm-deps-1.0.5.jar;C:\Users\DheyClaveria\.m2\repository\info\cukes\gherkin\2.12.2\gherkin-2.12.2.jar;C:\Users\DheyClaveria\.m2\repository\info\cukes\cucumber-junit\1.2.5\cucumber-junit-1.2.5.jar;C:\Users\DheyClaveria\.m2\repository\org\seleniumhq\selenium\selenium-java\4.1.1\selenium-java-4.1.1.jar;C:\Users\DheyClaveria\.m2\repository\org\seleniumhq\selenium\selenium-devtools-v85\4.1.1\selenium-devtools-v85-4.1.1.jar;C:\Users\DheyClaveria\.m2\repository\org\seleniumhq\selenium\selenium-devtools-v94\4.1.1\selenium-devtools-v94-4.1.1.jar;C:\Users\DheyClaveria\.m2\repository\org\seleniumhq\selenium\selenium-devtools-v95\4.1.1\selenium-devtools-v95-4.1.1.jar;C:\Users\DheyClaveria\.m2\repository\org\seleniumhq\selenium\selenium-devtools-v96\4.1.1\selenium-devtools-v96-4.1.1.jar;C:\Users\DheyClaveria\.m2\repository\org\seleniumhq\selenium\selenium-firefox-xpi-driver\4.1.1\selenium-firefox-xpi-driver-4.1.1.jar;C:\Users\DheyClaveria\.m2\repository\org\seleniumhq\selenium\selenium-opera-driver\4.1.1\selenium-opera-driver-4.1.1.jar;C:\Users\DheyClaveria\.m2\repository\org\seleniumhq\selenium\selenium-remote-driver\4.1.1\selenium-remote-driver-4.1.1.jar;C:\Users\DheyClaveria\.m2\repository\io\netty\netty-buffer\4.1.70.Final\netty-buffer-4.1.70.Final.jar;C:\Users\DheyClaveria\.m2\repository\io\netty\netty-codec-http\4.1.70.Final\netty-codec-http-4.1.70.Final.jar;C:\Users\DheyClaveria\.m2\repository\io\netty\netty-codec\4.1.70.Final\netty-codec-4.1.70.Final.jar;C:\Users\DheyClaveria\.m2\repository\io\netty\netty-handler\4.1.70.Final\netty-handler-4.1.70.Final.jar;C:\Users\DheyClaveria\.m2\repository\io\netty\netty-common\4.1.70.Final\netty-common-4.1.70.Final.jar;C:\Users\DheyClaveria\.m2\repository\io\netty\netty-transport-classes-epoll\4.1.70.Final\netty-transport-classes-epoll-4.1.70.Final.jar;C:\Users\DheyClaveria\.m2\repository\io\netty\netty-transport-classes-kqueue\4.1.70.Final\netty-transport-classes-kqueue-4.1.70.Final.jar;C:\Users\DheyClaveria\.m2\repository\io\netty\netty-transport-native-unix-common\4.1.70.Final\netty-transport-native-unix-common-4.1.70.Final.jar;C:\Users\DheyClaveria\.m2\repository\io\netty\netty-transport\4.1.70.Final\netty-transport-4.1.70.Final.jar;C:\Users\DheyClaveria\.m2\repository\io\netty\netty-resolver\4.1.70.Final\netty-resolver-4.1.70.Final.jar;C:\Users\DheyClaveria\.m2\repository\io\opentelemetry\opentelemetry-api\1.9.1\opentelemetry-api-1.9.1.jar;C:\Users\DheyClaveria\.m2\repository\io\opentelemetry\opentelemetry-context\1.9.1\opentelemetry-context-1.9.1.jar;C:\Users\DheyClaveria\.m2\repository\io\opentelemetry\opentelemetry-exporter-logging\1.9.1\opentelemetry-exporter-logging-1.9.1.jar;C:\Users\DheyClaveria\.m2\repository\io\opentelemetry\opentelemetry-sdk-metrics\1.9.1-alpha\opentelemetry-sdk-metrics-1.9.1-alpha.jar;C:\Users\DheyClaveria\.m2\repository\io\opentelemetry\opentelemetry-sdk-logs\1.9.1-alpha\opentelemetry-sdk-logs-1.9.1-alpha.jar;C:\Users\DheyClaveria\.m2\repository\io\opentelemetry\opentelemetry-sdk-common\1.9.1\opentelemetry-sdk-common-1.9.1.jar;C:\Users\DheyClaveria\.m2\repository\io\opentelemetry\opentelemetry-sdk-extension-autoconfigure-spi\1.9.1\opentelemetry-sdk-extension-autoconfigure-spi-1.9.1.jar;C:\Users\DheyClaveria\.m2\repository\io\opentelemetry\opentelemetry-sdk-extension-autoconfigure\1.9.1-alpha\opentelemetry-sdk-extension-autoconfigure-1.9.1-alpha.jar;C:\Users\DheyClaveria\.m2\repository\io\opentelemetry\opentelemetry-sdk-trace\1.9.1\opentelemetry-sdk-trace-1.9.1.jar;C:\Users\DheyClaveria\.m2\repository\io\opentelemetry\opentelemetry-api-metrics\1.9.1-alpha\opentelemetry-api-metrics-1.9.1-alpha.jar;C:\Users\DheyClaveria\.m2\repository\io\opentelemetry\opentelemetry-sdk\1.9.1\opentelemetry-sdk-1.9.1.jar;C:\Users\DheyClaveria\.m2\repository\io\opentelemetry\opentelemetry-semconv\1.9.1-alpha\opentelemetry-semconv-1.9.1-alpha.jar;C:\Users\DheyClaveria\.m2\repository\io\ous\jtoml\2.0.0\jtoml-2.0.0.jar;C:\Users\DheyClaveria\.m2\repository\org\apache\commons\commons-exec\1.3\commons-exec-1.3.jar;C:\Users\DheyClaveria\.m2\repository\org\asynchttpclient\async-http-client\2.12.3\async-http-client-2.12.3.jar;C:\Users\DheyClaveria\.m2\repository\org\asynchttpclient\async-http-client-netty-utils\2.12.3\async-http-client-netty-utils-2.12.3.jar;C:\Users\DheyClaveria\.m2\repository\io\netty\netty-codec-socks\4.1.60.Final\netty-codec-socks-4.1.60.Final.jar;C:\Users\DheyClaveria\.m2\repository\io\netty\netty-handler-proxy\4.1.60.Final\netty-handler-proxy-4.1.60.Final.jar;C:\Users\DheyClaveria\.m2\repository\io\netty\netty-transport-native-epoll\4.1.60.Final\netty-transport-native-epoll-4.1.60.Final-linux-x86_64.jar;C:\Users\DheyClaveria\.m2\repository\io\netty\netty-transport-native-kqueue\4.1.60.Final\netty-transport-native-kqueue-4.1.60.Final-osx-x86_64.jar;C:\Users\DheyClaveria\.m2\repository\org\reactivestreams\reactive-streams\1.0.3\reactive-streams-1.0.3.jar;C:\Users\DheyClaveria\.m2\repository\com\typesafe\netty\netty-reactive-streams\2.0.4\netty-reactive-streams-2.0.4.jar;C:\Users\DheyClaveria\.m2\repository\com\sun\activation\jakarta.activation\1.2.2\jakarta.activation-1.2.2.jar;C:\Users\DheyClaveria\.m2\repository\org\seleniumhq\selenium\selenium-http\4.1.1\selenium-http-4.1.1.jar;C:\Users\DheyClaveria\.m2\repository\net\jodah\failsafe\2.4.4\failsafe-2.4.4.jar;C:\Users\DheyClaveria\.m2\repository\org\seleniumhq\selenium\selenium-safari-driver\4.1.1\selenium-safari-driver-4.1.1.jar;C:\Users\DheyClaveria\.m2\repository\org\seleniumhq\selenium\selenium-chrome-driver\4.1.1\selenium-chrome-driver-4.1.1.jar;C:\Users\DheyClaveria\.m2\repository\com\google\auto\service\auto-service-annotations\1.0.1\auto-service-annotations-1.0.1.jar;C:\Users\DheyClaveria\.m2\repository\com\google\auto\service\auto-service\1.0.1\auto-service-1.0.1.jar;C:\Users\DheyClaveria\.m2\repository\com\google\auto\auto-common\1.2\auto-common-1.2.jar;C:\Users\DheyClaveria\.m2\repository\org\seleniumhq\selenium\selenium-chromium-driver\4.1.1\selenium-chromium-driver-4.1.1.jar;C:\Users\DheyClaveria\.m2\repository\org\seleniumhq\selenium\selenium-json\4.1.1\selenium-json-4.1.1.jar;C:\Users\DheyClaveria\.m2\repository\io\github\bonigarcia\webdrivermanager\4.2.2\webdrivermanager-4.2.2.jar;C:\Users\DheyClaveria\.m2\repository\org\apache\httpcomponents\client5\httpclient5\5.0.1\httpclient5-5.0.1.jar;C:\Users\DheyClaveria\.m2\repository\org\apache\httpcomponents\core5\httpcore5\5.0.1\httpcore5-5.0.1.jar;C:\Users\DheyClaveria\.m2\repository\org\apache\httpcomponents\core5\httpcore5-h2\5.0.1\httpcore5-h2-5.0.1.jar;C:\Users\DheyClaveria\.m2\repository\org\rauschig\jarchivelib\1.1.0\jarchivelib-1.1.0.jar;C:\Users\DheyClaveria\.m2\repository\tech\grasshopper\extentreports-cucumber7-adapter\1.3.0\extentreports-cucumber7-adapter-1.3.0.jar;C:\Users\DheyClaveria\.m2\repository\com\aventstack\extentreports\5.0.9\extentreports-5.0.9.jar;C:\Users\DheyClaveria\.m2\repository\io\reactivex\rxjava3\rxjava\3.0.4\rxjava-3.0.4.jar;C:\Users\DheyClaveria\.m2\repository\tech\grasshopper\extent-pdf-report\2.1.0\extent-pdf-report-2.1.0.jar;C:\Users\DheyClaveria\.m2\repository\tech\grasshopper\cucumber-pdf-report\2.5.0\cucumber-pdf-report-2.5.0.jar;C:\Users\DheyClaveria\.m2\repository\org\knowm\xchart\xchart\3.8.0\xchart-3.8.0.jar;C:\Users\DheyClaveria\.m2\repository\de\erichseifert\vectorgraphics2d\VectorGraphics2D\0.13\VectorGraphics2D-0.13.jar;C:\Users\DheyClaveria\.m2\repository\de\rototor\pdfbox\graphics2d\0.30\graphics2d-0.30.jar;C:\Users\DheyClaveria\.m2\repository\com\madgag\animated-gif-lib\1.4\animated-gif-lib-1.4.jar;C:\Users\DheyClaveria\.m2\repository\org\yaml\snakeyaml\1.28\snakeyaml-1.28.jar;C:\Users\DheyClaveria\.m2\repository\tech\grasshopper\table-layout\1.4.0\table-layout-1.4.0.jar;C:\Users\DheyClaveria\.m2\repository\tech\grasshopper\rest-assured-cucumber-pdf-report\1.1.0\rest-assured-cucumber-pdf-report-1.1.0.jar;C:\Users\DheyClaveria\.m2\repository\com\aventstack\klov-reporter\5.0.9\klov-reporter-5.0.9.jar;C:\Users\DheyClaveria\.m2\repository\org\mongodb\mongodb-driver\3.6.4\mongodb-driver-3.6.4.jar;C:\Users\DheyClaveria\.m2\repository\org\mongodb\mongodb-driver-core\3.6.4\mongodb-driver-core-3.6.4.jar;C:\Users\DheyClaveria\.m2\repository\org\mongodb\bson\3.6.4\bson-3.6.4.jar;C:\Users\DheyClaveria\.m2\repository\tech\grasshopper\htmlextentreporter\1.0.0\htmlextentreporter-1.0.0.jar;C:\Users\DheyClaveria\.m2\repository\org\testng\testng\6.14.3\testng-6.14.3.jar;C:\Users\DheyClaveria\.m2\repository\com\beust\jcommander\1.72\jcommander-1.72.jar;C:\Users\DheyClaveria\.m2\repository\org\apache-extras\beanshell\bsh\2.0b6\bsh-2.0b6.jar;C:\Users\DheyClaveria\.m2\repository\io\cucumber\cucumber-testng\7.2.3\cucumber-testng-7.2.3.jar;C:\Users\DheyClaveria\.m2\repository\org\apache\poi\poi\5.2.1\poi-5.2.1.jar;C:\Users\DheyClaveria\.m2\repository\org\apache\commons\commons-collections4\4.4\commons-collections4-4.4.jar;C:\Users\DheyClaveria\.m2\repository\org\apache\commons\commons-math3\3.6.1\commons-math3-3.6.1.jar;C:\Users\DheyClaveria\.m2\repository\com\zaxxer\SparseBitSet\1.2\SparseBitSet-1.2.jar;C:\Users\DheyClaveria\.m2\repository\org\apache\logging\log4j\log4j-api\2.17.1\log4j-api-2.17.1.jar;C:\Users\DheyClaveria\.m2\repository\org\apache\poi\poi-ooxml\5.2.1\poi-ooxml-5.2.1.jar;C:\Users\DheyClaveria\.m2\repository\org\apache\poi\poi-ooxml-lite\5.2.1\poi-ooxml-lite-5.2.1.jar;C:\Users\DheyClaveria\.m2\repository\org\apache\xmlbeans\xmlbeans\5.0.3\xmlbeans-5.0.3.jar;C:\Users\DheyClaveria\.m2\repository\org\apache\commons\commons-compress\1.21\commons-compress-1.21.jar;C:\Users\DheyClaveria\.m2\repository\com\github\virtuald\curvesapi\1.07\curvesapi-1.07.jar;"/>
    <property name="sun.cpu.endian" value="little"/>
    <property name="user.home" value="C:\Users\DheyClaveria"/>
    <property name="user.language" value="en"/>
    <property name="java.specification.vendor" value="Oracle Corporation"/>
    <property name="java.version.date" value="2020-10-20"/>
    <property name="java.home" value="C:\Program Files\Java\jdk-15.0.1"/>
    <property name="tags" value="@All"/>
    <property name="file.separator" value="\"/>
    <property name="basedir" value="Z:\Automation\JavaCucumber\BDD_HCL\CucumberHCL"/>
    <property name="java.vm.compressedOopsMode" value="Zero based"/>
    <property name="line.separator" value="&#10;"/>
    <property name="java.vm.specification.vendor" value="Oracle Corporation"/>
    <property name="java.specification.name" value="Java Platform API Specification"/>
    <property name="surefire.real.class.path" value="C:\Users\DheyClaveria\AppData\Local\Temp\surefire12549071814913805157\surefirebooter4970800118845801448.jar"/>
    <property name="user.script" value=""/>
    <property name="sun.management.compiler" value="HotSpot 64-Bit Tiered Compilers"/>
    <property name="java.runtime.version" value="15.0.1+9-18"/>
    <property name="user.name" value="DheyClaveria"/>
    <property name="path.separator" value=";"/>
    <property name="os.version" value="10.0"/>
    <property name="java.runtime.name" value="Java(TM) SE Runtime Environment"/>
    <property name="file.encoding" value="Cp1252"/>
    <property name="sun.nio.ch.bugLevel" value=""/>
    <property name="java.vm.name" value="Java HotSpot(TM) 64-Bit Server VM"/>
    <property name="localRepository" value="C:\Users\DheyClaveria\.m2\repository"/>
    <property name="java.vendor.url.bug" value="https://bugreport.java.com/bugreport/"/>
    <property name="java.io.tmpdir" value="C:\Users\DheyClaveria\AppData\Local\Temp\"/>
    <property name="java.version" value="15.0.1"/>
    <property name="user.dir" value="Z:\Automation\JavaCucumber\BDD_HCL\CucumberHCL"/>
    <property name="os.arch" value="amd64"/>
    <property name="java.vm.specification.name" value="Java Virtual Machine Specification"/>
    <property name="sun.os.patch.level" value=""/>
    <property name="java.library.path" value="C:\Program Files\Java\jdk-15.0.1\bin;C:\WINDOWS\Sun\Java\bin;C:\WINDOWS\system32;C:\WINDOWS;C:\Program Files\Common Files\Oracle\Java\javapath;C:\Program Files (x86)\Common Files\Intel\Shared Libraries\redist\intel64\compiler;C:\Windows\system32;C:\Windows;C:\Windows\System32\Wbem;C:\Windows\System32\WindowsPowerShell\v1.0\;C:\Windows\System32\OpenSSH\;C:\Program Files (x86)\NVIDIA Corporation\PhysX\Common;C:\Program Files\Microsoft SQL Server\120\Tools\Binn\;C:\Users\DheyClaveria\.dnx\bin;C:\Program Files\Microsoft DNX\Dnvm\;C:\Program Files\Microsoft SQL Server\130\Tools\Binn\;C:\Program Files (x86)\Microsoft SQL Server\130\Tools\Binn\;C:\Program Files (x86)\Microsoft SQL Server\130\DTS\Binn\;C:\Program Files\Microsoft SQL Server\130\DTS\Binn\;C:\Program Files\Microsoft SQL Server\Client SDK\ODBC\130\Tools\Binn\;C:\Program Files\nodejs\;C:\Program Files\NVIDIA Corporation\NVIDIA NvDLISR;C:\WINDOWS\system32;C:\WINDOWS;C:\WINDOWS\System32\Wbem;C:\WINDOWS\System32\WindowsPowerShell\v1.0\;C:\WINDOWS\System32\OpenSSH\;C:\Selenium;C:\Program Files\Git\cmd;C:\Program Files\Java\jdk-15.0.1\bin;C:\WINDOWS\system32;C:\WINDOWS;C:\WINDOWS\System32\Wbem;C:\WINDOWS\System32\WindowsPowerShell\v1.0\;C:\WINDOWS\System32\OpenSSH\;C:\Program Files\dotnet\;C:\apache-maven-3.8.5\bin;C:\apache-maven-3.8.5\;C:\apache-maven-3.8.5\\bin;C:\Users\DheyClaveria\AppData\Local\Programs\Python\Python39\Scripts\;C:\Users\DheyClaveria\AppData\Local\Programs\Python\Python39\;C:\Users\DheyClaveria\AppData\Local\Microsoft\WindowsApps;C:\Users\DheyClaveria\AppData\Local\GitHubDesktop\bin;C:\Users\DheyClaveria\AppData\Local\Programs\Microsoft VS Code\bin;C:\Users\DheyClaveria\AppData\Roaming\npm;C:\Users\DheyClaveria\AppData\Local\Microsoft\WindowsApps;C:\Program Files\Java\jdk-15.0.1\bin;C:\apache-maven-3.6.3\bin;C:\Program Files\nodejs;C:\Selenium;;."/>
    <property name="java.vm.info" value="mixed mode, sharing"/>
    <property name="java.vendor" value="Oracle Corporation"/>
    <property name="java.vm.version" value="15.0.1+9-18"/>
    <property name="sun.io.unicode.encoding" value="UnicodeLittle"/>
    <property name="java.class.version" value="59.0"/>
  </properties>
  <testcase name="Login fail possible combinations" classname="Test Invalid User Credentials Feature" time="37.132">
    <system-out><![CDATA[16:09:01.924 [main] INFO  i.c.core.plugin.SerenityReporter - Running feature from file:///Z:/Automation/JavaCucumber/BDD_HCL/CucumberHCL/src/main/resources/AppFeatures/ValidateAndVerifyInvalidLogin.feature
16:09:01.925 [main] WARN  i.c.core.plugin.SerenityReporter - Feature from file:///Z:/Automation/JavaCucumber/BDD_HCL/CucumberHCL/src/main/resources/AppFeatures/ValidateAndVerifyInvalidLogin.feature is not under the 'features' directory. Requirements report will not be correctly generated!
16:09:02.046 [main] INFO   - 

-------------------------------------------------------------------------------------
     _______. _______ .______       _______ .__   __.  __  .___________.____    ____ 
    /       ||   ____||   _  \     |   ____||  \ |  | |  | |           |\   \  /   / 
   |   (----`|  |__   |  |_)  |    |  |__   |   \|  | |  | `---|  |----` \   \/   /  
    \   \    |   __|  |      /     |   __|  |  . `  | |  |     |  |       \_    _/   
.----)   |   |  |____ |  |\  \----.|  |____ |  |\   | |  |     |  |         |  |     
|_______/    |_______|| _| `._____||_______||__| \__| |__|     |__|         |__|    
                                                                                     
 News and tutorials at http://www.serenity-bdd.info                                  
 Documentation at https://wakaleo.gitbooks.io/the-serenity-book/content/             
 Join the Serenity Community on Gitter: https://gitter.im/serenity-bdd/serenity-core 
 Serenity BDD Support and Training at http://serenity-bdd.info/#/trainingandsupport  
-------------------------------------------------------------------------------------

16:09:02.048 [main] DEBUG n.thucydides.core.steps.StepEventBus - Test suite started for story net.thucydides.core.model.Story@b13a1f46
16:09:02.050 [main] INFO   - Test Suite Started: Test Invalid User Credentials Feature
16:09:02.060 [main] INFO  i.c.core.plugin.SerenityReporter - Running feature from file:///Z:/Automation/JavaCucumber/BDD_HCL/CucumberHCL/src/main/resources/AppFeatures/ValidateAndVerifyLoginPage.feature
16:09:02.060 [main] WARN  i.c.core.plugin.SerenityReporter - Feature from file:///Z:/Automation/JavaCucumber/BDD_HCL/CucumberHCL/src/main/resources/AppFeatures/ValidateAndVerifyLoginPage.feature is not under the 'features' directory. Requirements report will not be correctly generated!
16:09:02.065 [main] DEBUG n.thucydides.core.steps.StepEventBus - Test suite started for story net.thucydides.core.model.Story@7f1849ba
16:09:02.065 [main] INFO   - Test Suite Started: Validate And Verify Login Page to PEGA Site
16:09:02.066 [main] INFO  i.c.core.plugin.SerenityReporter - Running feature from file:///Z:/Automation/JavaCucumber/BDD_HCL/CucumberHCL/src/main/resources/AppFeatures/ValidateAndVerifyInvalidLogin.feature
16:09:02.066 [main] WARN  i.c.core.plugin.SerenityReporter - Feature from file:///Z:/Automation/JavaCucumber/BDD_HCL/CucumberHCL/src/main/resources/AppFeatures/ValidateAndVerifyInvalidLogin.feature is not under the 'features' directory. Requirements report will not be correctly generated!
16:09:02.068 [main] DEBUG n.thucydides.core.steps.StepEventBus - Test suite started for story net.thucydides.core.model.Story@b13a1f46
16:09:02.068 [main] INFO   - Test Suite Started: Test Invalid User Credentials Feature

@All @testInvalid
Scenario Outline: Login fail possible combinations                                                                                   &amp#27;[90m# src/main/resources/AppFeatures/ValidateAndVerifyInvalidLogin.feature:15&amp#27;[0m
16:09:02.121 [main] INFO  i.c.core.plugin.SerenityReporter - Running feature from file:///Z:/Automation/JavaCucumber/BDD_HCL/CucumberHCL/src/main/resources/AppFeatures/ValidateAndVerifyInvalidLogin.feature
16:09:02.121 [main] WARN  i.c.core.plugin.SerenityReporter - Feature from file:///Z:/Automation/JavaCucumber/BDD_HCL/CucumberHCL/src/main/resources/AppFeatures/ValidateAndVerifyInvalidLogin.feature is not under the 'features' directory. Requirements report will not be correctly generated!
16:09:02.190 [main] INFO   - 
  _____   ___   ___   _____     ___   _____     _     ___   _____   ___   ___  
 |_   _| | __| / __| |_   _|   / __| |_   _|   /_\   | _ \ |_   _| | __| |   \ 
   | |   | _|  \__ \   | |     \__ \   | |    / _ \  |   /   | |   | _|  | |) |
   |_|   |___| |___/   |_|     |___/   |_|   /_/ \_\ |_|_\   |_|   |___| |___/ 

Login fail possible combinations(test-invalid-user-credentials-feature;login-fail-possible-combinations)
--------------------------------------------------------------------------------
16:09:02.306 [main] DEBUG com.pages.drivers.DriversFactory - Initialize Driver Browser Configuration
16:09:02.306 [main] DEBUG com.pages.drivers.DriversFactory -  Driver Browser : chrome
16:09:02.539 [main] DEBUG i.g.bonigarcia.wdm.WebDriverManager - Driver chromedriver 99.0.4844.51 found in cache
16:09:02.540 [main] INFO  i.g.bonigarcia.wdm.WebDriverManager - Exporting webdriver.chrome.driver as C:\Users\DheyClaveria\.cache\selenium\chromedriver\win32\99.0.4844.51\chromedriver.exe
16:09:02.603 [main] DEBUG i.n.u.i.l.InternalLoggerFactory - Using SLF4J as the default logging framework
16:09:02.605 [main] DEBUG io.netty.util.ResourceLeakDetector - -Dio.netty.leakDetection.level: simple
16:09:02.605 [main] DEBUG io.netty.util.ResourceLeakDetector - -Dio.netty.leakDetection.targetRecords: 4
16:09:02.607 [main] DEBUG i.n.util.ResourceLeakDetectorFactory - Loaded default ResourceLeakDetector: io.netty.util.ResourceLeakDetector@1a8df0b3
16:09:02.623 [main] DEBUG i.n.util.internal.PlatformDependent0 - -Dio.netty.noUnsafe: false
16:09:02.623 [main] DEBUG i.n.util.internal.PlatformDependent0 - Java version: 15
16:09:02.624 [main] DEBUG i.n.util.internal.PlatformDependent0 - sun.misc.Unsafe.theUnsafe: available
16:09:02.624 [main] DEBUG i.n.util.internal.PlatformDependent0 - sun.misc.Unsafe.copyMemory: available
16:09:02.625 [main] DEBUG i.n.util.internal.PlatformDependent0 - java.nio.Buffer.address: available
16:09:02.625 [main] DEBUG i.n.util.internal.PlatformDependent0 - direct buffer constructor: unavailable: Reflective setAccessible(true) disabled
16:09:02.626 [main] DEBUG i.n.util.internal.PlatformDependent0 - java.nio.Bits.unaligned: available, true
16:09:02.626 [main] DEBUG i.n.util.internal.PlatformDependent0 - jdk.internal.misc.Unsafe.allocateUninitializedArray(int): unavailable: class io.netty.util.internal.PlatformDependent0$6 cannot access class jdk.internal.misc.Unsafe (in module java.base) because module java.base does not export jdk.internal.misc to unnamed module @172ca72b
16:09:02.628 [main] DEBUG i.n.util.internal.PlatformDependent0 - java.nio.DirectByteBuffer.<init>(long, int): unavailable
16:09:02.628 [main] DEBUG i.n.util.internal.PlatformDependent - sun.misc.Unsafe: available
16:09:02.630 [main] DEBUG i.n.util.internal.PlatformDependent - maxDirectMemory: 4276092928 bytes (maybe)
16:09:02.630 [main] DEBUG i.n.util.internal.PlatformDependent - -Dio.netty.tmpdir: C:\Users\DheyClaveria\AppData\Local\Temp (java.io.tmpdir)
16:09:02.630 [main] DEBUG i.n.util.internal.PlatformDependent - -Dio.netty.bitMode: 64 (sun.arch.data.model)
16:09:02.630 [main] DEBUG i.n.util.internal.PlatformDependent - Platform: Windows
16:09:02.631 [main] DEBUG i.n.util.internal.PlatformDependent - -Dio.netty.maxDirectMemory: -1 bytes
16:09:02.631 [main] DEBUG i.n.util.internal.PlatformDependent - -Dio.netty.uninitializedArrayAllocationThreshold: -1
16:09:02.632 [main] DEBUG io.netty.util.internal.CleanerJava9 - java.nio.ByteBuffer.cleaner(): available
16:09:02.632 [main] DEBUG i.n.util.internal.PlatformDependent - -Dio.netty.noPreferDirect: false
16:09:02.638 [main] DEBUG i.n.util.internal.PlatformDependent - org.jctools-core.MpscChunkedArrayQueue: available
16:09:02.652 [main] DEBUG i.n.u.i.InternalThreadLocalMap - -Dio.netty.threadLocalMap.stringBuilder.initialSize: 1024
16:09:02.652 [main] DEBUG i.n.u.i.InternalThreadLocalMap - -Dio.netty.threadLocalMap.stringBuilder.maxSize: 4096
16:09:02.698 [main] DEBUG io.netty.handler.ssl.JdkSslContext - Default protocols (JDK): [TLSv1.3, TLSv1.2, TLSv1.1, TLSv1] 
16:09:02.698 [main] DEBUG io.netty.handler.ssl.JdkSslContext - Default cipher suites (JDK): [TLS_ECDHE_ECDSA_WITH_AES_256_GCM_SHA384, TLS_ECDHE_ECDSA_WITH_AES_128_GCM_SHA256, TLS_ECDHE_RSA_WITH_AES_128_GCM_SHA256, TLS_ECDHE_RSA_WITH_AES_256_GCM_SHA384, TLS_ECDHE_RSA_WITH_AES_128_CBC_SHA, TLS_ECDHE_RSA_WITH_AES_256_CBC_SHA, TLS_RSA_WITH_AES_128_GCM_SHA256, TLS_RSA_WITH_AES_128_CBC_SHA, TLS_RSA_WITH_AES_256_CBC_SHA, TLS_AES_128_GCM_SHA256, TLS_AES_256_GCM_SHA384]
16:09:02.715 [main] DEBUG i.n.c.MultithreadEventLoopGroup - -Dio.netty.eventLoopThreads: 24
16:09:02.722 [main] DEBUG io.netty.channel.nio.NioEventLoop - -Dio.netty.noKeySetOptimization: false
16:09:02.723 [main] DEBUG io.netty.channel.nio.NioEventLoop - -Dio.netty.selectorAutoRebuildThreshold: 512
16:09:02.759 [main] DEBUG i.n.buffer.PooledByteBufAllocator - -Dio.netty.allocator.numHeapArenas: 24
16:09:02.760 [main] DEBUG i.n.buffer.PooledByteBufAllocator - -Dio.netty.allocator.numDirectArenas: 24
16:09:02.760 [main] DEBUG i.n.buffer.PooledByteBufAllocator - -Dio.netty.allocator.pageSize: 8192
16:09:02.760 [main] DEBUG i.n.buffer.PooledByteBufAllocator - -Dio.netty.allocator.maxOrder: 11
16:09:02.760 [main] DEBUG i.n.buffer.PooledByteBufAllocator - -Dio.netty.allocator.chunkSize: 16777216
16:09:02.760 [main] DEBUG i.n.buffer.PooledByteBufAllocator - -Dio.netty.allocator.smallCacheSize: 256
16:09:02.760 [main] DEBUG i.n.buffer.PooledByteBufAllocator - -Dio.netty.allocator.normalCacheSize: 64
16:09:02.760 [main] DEBUG i.n.buffer.PooledByteBufAllocator - -Dio.netty.allocator.maxCachedBufferCapacity: 32768
16:09:02.760 [main] DEBUG i.n.buffer.PooledByteBufAllocator - -Dio.netty.allocator.cacheTrimInterval: 8192
16:09:02.760 [main] DEBUG i.n.buffer.PooledByteBufAllocator - -Dio.netty.allocator.cacheTrimIntervalMillis: 0
16:09:02.760 [main] DEBUG i.n.buffer.PooledByteBufAllocator - -Dio.netty.allocator.useCacheForAllThreads: true
16:09:02.760 [main] DEBUG i.n.buffer.PooledByteBufAllocator - -Dio.netty.allocator.maxCachedByteBuffersPerChunk: 1023
16:09:02.767 [main] DEBUG io.netty.buffer.ByteBufUtil - -Dio.netty.allocator.type: pooled
16:09:02.768 [main] DEBUG io.netty.buffer.ByteBufUtil - -Dio.netty.threadLocalDirectBufferSize: 0
16:09:02.768 [main] DEBUG io.netty.buffer.ByteBufUtil - -Dio.netty.maxThreadLocalCharBufferSize: 16384
16:09:03.450 [Forwarding newSession on session null to remote] DEBUG io.netty.channel.DefaultChannelId - -Dio.netty.processId: 12320 (auto-detected)
16:09:03.451 [Forwarding newSession on session null to remote] DEBUG io.netty.util.NetUtil - -Djava.net.preferIPv4Stack: false
16:09:03.452 [Forwarding newSession on session null to remote] DEBUG io.netty.util.NetUtil - -Djava.net.preferIPv6Addresses: false
16:09:03.456 [Forwarding newSession on session null to remote] DEBUG io.netty.util.NetUtilInitializations - Loopback interface: lo (Software Loopback Interface 1, 127.0.0.1)
16:09:03.457 [Forwarding newSession on session null to remote] DEBUG io.netty.util.NetUtil - Failed to get SOMAXCONN from sysctl and file \proc\sys\net\core\somaxconn. Default: 200
16:09:03.465 [Forwarding newSession on session null to remote] DEBUG io.netty.channel.DefaultChannelId - -Dio.netty.machineId: 00:d8:61:ff:fe:9b:78:4c (auto-detected)
16:09:03.496 [AsyncHttpClient-1-2] DEBUG io.netty.buffer.AbstractByteBuf - -Dio.netty.buffer.checkAccessible: true
16:09:03.496 [AsyncHttpClient-1-2] DEBUG io.netty.buffer.AbstractByteBuf - -Dio.netty.buffer.checkBounds: true
16:09:03.496 [AsyncHttpClient-1-2] DEBUG i.n.util.ResourceLeakDetectorFactory - Loaded default ResourceLeakDetector: io.netty.util.ResourceLeakDetector@771509fd
16:09:03.504 [AsyncHttpClient-1-2] DEBUG o.a.n.channel.NettyConnectListener - Using new Channel '[id: 0x9f61be65, L:/127.0.0.1:63913 - R:localhost/127.0.0.1:61264]' for 'POST' to '/session'
16:09:03.517 [AsyncHttpClient-1-2] DEBUG io.netty.util.Recycler - -Dio.netty.recycler.maxCapacityPerThread: 4096
16:09:03.517 [AsyncHttpClient-1-2] DEBUG io.netty.util.Recycler - -Dio.netty.recycler.maxSharedCapacityFactor: 2
16:09:03.517 [AsyncHttpClient-1-2] DEBUG io.netty.util.Recycler - -Dio.netty.recycler.linkCapacity: 16
16:09:03.517 [AsyncHttpClient-1-2] DEBUG io.netty.util.Recycler - -Dio.netty.recycler.ratio: 8
16:09:03.517 [AsyncHttpClient-1-2] DEBUG io.netty.util.Recycler - -Dio.netty.recycler.delayedQueue.ratio: 8
16:09:04.129 [AsyncHttpClient-1-2] DEBUG i.n.handler.codec.compression.Brotli - brotli4j not in the classpath; Brotli support will be unavailable.
16:09:04.129 [AsyncHttpClient-1-2] DEBUG o.a.netty.handler.HttpHandler - 

Request DefaultHttpRequest(decodeResult: success, version: HTTP/1.1)
POST /session HTTP/1.1
User-Agent: selenium/4.1.2 (java windows)
Content-Length: 365
Content-Type: application/json; charset=utf-8
host: localhost:61264
accept: */*

Response DefaultHttpResponse(decodeResult: success, version: HTTP/1.1)
HTTP/1.1 200 OK
Content-Type: application/json; charset=utf-8
cache-control: no-cache
content-length: 795

16:09:04.133 [AsyncHttpClient-1-2] DEBUG o.a.netty.channel.ChannelManager - Adding key: http://localhost:61264 for channel [id: 0x9f61be65, L:/127.0.0.1:63913 - R:localhost/127.0.0.1:61264]
16:09:04.180 [AsyncHttpClient-1-3] DEBUG o.a.n.channel.NettyConnectListener - Using new Channel '[id: 0x1fad7d39, L:/127.0.0.1:63921 - R:localhost/127.0.0.1:63914]' for 'GET' to '/json/version'
16:09:04.185 [AsyncHttpClient-1-3] DEBUG o.a.netty.handler.HttpHandler - 

Request DefaultFullHttpRequest(decodeResult: success, version: HTTP/1.1, content: EmptyByteBufBE)
GET /json/version HTTP/1.1
User-Agent: selenium/4.1.2 (java windows)
host: localhost:63914
accept: */*

Response DefaultHttpResponse(decodeResult: success, version: HTTP/1.1)
HTTP/1.1 200 OK
Content-Type: application/json; charset=UTF-8
content-length: 423

16:09:04.186 [AsyncHttpClient-1-3] DEBUG o.a.netty.channel.ChannelManager - Adding key: http://localhost:63914 for channel [id: 0x1fad7d39, L:/127.0.0.1:63921 - R:localhost/127.0.0.1:63914]
16:09:04.190 [main] DEBUG i.n.util.internal.ThreadLocalRandom - -Dio.netty.initialSeedUniquifier: 0x16e86e2e8e6cec02
16:09:04.193 [AsyncHttpClient-1-4] DEBUG o.a.n.channel.NettyConnectListener - Using new Channel '[id: 0xd49413c9, L:/127.0.0.1:63922 - R:localhost/127.0.0.1:63914]' for 'GET' to '/devtools/browser/1cc05f15-daf9-4b7c-b16d-cf24e2a159f6'
16:09:04.199 [AsyncHttpClient-1-4] DEBUG o.a.netty.handler.WebSocketHandler - 

Request DefaultFullHttpRequest(decodeResult: success, version: HTTP/1.1, content: EmptyByteBufBE)
GET /devtools/browser/1cc05f15-daf9-4b7c-b16d-cf24e2a159f6 HTTP/1.1
upgrade: websocket
connection: upgrade
sec-websocket-key: GJUynnxRQWfTf5TwarzSkw==
sec-websocket-version: 13
origin: http://localhost:63914
host: localhost:63914
accept: */*
user-agent: AHC/2.1

Response DefaultHttpResponse(decodeResult: success, version: HTTP/1.1)
HTTP/1.1 101 WebSocket Protocol Handshake
Upgrade: WebSocket
Connection: Upgrade
Sec-WebSocket-Accept: 8XoVttqz/c6P9caCqP9GCCXAOBo=

16:09:04.223 [Forwarding deleteAllCookies on session 45bc349ba6157f9b4cd0734b21e85f03 to remote] DEBUG o.a.netty.request.NettyRequestSender - Using pooled Channel '[id: 0x9f61be65, L:/127.0.0.1:63913 - R:localhost/127.0.0.1:61264]' for 'DELETE' to 'http://localhost:61264/session/45bc349ba6157f9b4cd0734b21e85f03/cookie'
16:09:04.223 [Forwarding deleteAllCookies on session 45bc349ba6157f9b4cd0734b21e85f03 to remote] DEBUG o.a.netty.request.NettyRequestSender - Using open Channel [id: 0x9f61be65, L:/127.0.0.1:63913 - R:localhost/127.0.0.1:61264] for DELETE '/session/45bc349ba6157f9b4cd0734b21e85f03/cookie'
16:09:04.229 [AsyncHttpClient-1-2] DEBUG o.a.netty.handler.HttpHandler - 

Request DefaultFullHttpRequest(decodeResult: success, version: HTTP/1.1, content: EmptyByteBufBE)
DELETE /session/45bc349ba6157f9b4cd0734b21e85f03/cookie HTTP/1.1
User-Agent: selenium/4.1.2 (java windows)
Content-Type: application/json; charset=utf-8
host: localhost:61264
accept: */*

Response DefaultHttpResponse(decodeResult: success, version: HTTP/1.1)
HTTP/1.1 200 OK
Content-Type: application/json; charset=utf-8
cache-control: no-cache
content-length: 14

16:09:04.229 [AsyncHttpClient-1-2] DEBUG o.a.netty.channel.ChannelManager - Adding key: http://localhost:61264 for channel [id: 0x9f61be65, L:/127.0.0.1:63913 - R:localhost/127.0.0.1:61264]
16:09:04.234 [Forwarding maximizeCurrentWindow on session 45bc349ba6157f9b4cd0734b21e85f03 to remote] DEBUG o.a.netty.request.NettyRequestSender - Using pooled Channel '[id: 0x9f61be65, L:/127.0.0.1:63913 - R:localhost/127.0.0.1:61264]' for 'POST' to 'http://localhost:61264/session/45bc349ba6157f9b4cd0734b21e85f03/window/maximize'
16:09:04.234 [Forwarding maximizeCurrentWindow on session 45bc349ba6157f9b4cd0734b21e85f03 to remote] DEBUG o.a.netty.request.NettyRequestSender - Using open Channel [id: 0x9f61be65, L:/127.0.0.1:63913 - R:localhost/127.0.0.1:61264] for POST '/session/45bc349ba6157f9b4cd0734b21e85f03/window/maximize'
16:09:04.354 [AsyncHttpClient-1-2] DEBUG o.a.netty.handler.HttpHandler - 

Request DefaultHttpRequest(decodeResult: success, version: HTTP/1.1)
POST /session/45bc349ba6157f9b4cd0734b21e85f03/window/maximize HTTP/1.1
User-Agent: selenium/4.1.2 (java windows)
Content-Length: 3
Content-Type: application/json; charset=utf-8
host: localhost:61264
accept: */*

Response DefaultHttpResponse(decodeResult: success, version: HTTP/1.1)
HTTP/1.1 200 OK
Content-Type: application/json; charset=utf-8
cache-control: no-cache
content-length: 52

16:09:04.354 [AsyncHttpClient-1-2] DEBUG o.a.netty.channel.ChannelManager - Adding key: http://localhost:61264 for channel [id: 0x9f61be65, L:/127.0.0.1:63913 - R:localhost/127.0.0.1:61264]
16:09:04.364 [Forwarding get on session 45bc349ba6157f9b4cd0734b21e85f03 to remote] DEBUG o.a.netty.request.NettyRequestSender - Using pooled Channel '[id: 0x9f61be65, L:/127.0.0.1:63913 - R:localhost/127.0.0.1:61264]' for 'POST' to 'http://localhost:61264/session/45bc349ba6157f9b4cd0734b21e85f03/url'
16:09:04.364 [Forwarding get on session 45bc349ba6157f9b4cd0734b21e85f03 to remote] DEBUG o.a.netty.request.NettyRequestSender - Using open Channel [id: 0x9f61be65, L:/127.0.0.1:63913 - R:localhost/127.0.0.1:61264] for POST '/session/45bc349ba6157f9b4cd0734b21e85f03/url'
16:09:04.500 [AsyncHttpClient-1-2] DEBUG o.a.netty.handler.HttpHandler - 

Request DefaultHttpRequest(decodeResult: success, version: HTTP/1.1)
POST /session/45bc349ba6157f9b4cd0734b21e85f03/url HTTP/1.1
User-Agent: selenium/4.1.2 (java windows)
Content-Length: 148
Content-Type: application/json; charset=utf-8
host: localhost:61264
accept: */*

Response DefaultHttpResponse(decodeResult: success, version: HTTP/1.1)
HTTP/1.1 200 OK
Content-Type: application/json; charset=utf-8
cache-control: no-cache
content-length: 14

16:09:04.500 [AsyncHttpClient-1-2] DEBUG o.a.netty.channel.ChannelManager - Adding key: http://localhost:61264 for channel [id: 0x9f61be65, L:/127.0.0.1:63913 - R:localhost/127.0.0.1:61264]
16:09:04.502 [Forwarding getTitle on session 45bc349ba6157f9b4cd0734b21e85f03 to remote] DEBUG o.a.netty.request.NettyRequestSender - Using pooled Channel '[id: 0x9f61be65, L:/127.0.0.1:63913 - R:localhost/127.0.0.1:61264]' for 'GET' to 'http://localhost:61264/session/45bc349ba6157f9b4cd0734b21e85f03/title'
16:09:04.502 [Forwarding getTitle on session 45bc349ba6157f9b4cd0734b21e85f03 to remote] DEBUG o.a.netty.request.NettyRequestSender - Using open Channel [id: 0x9f61be65, L:/127.0.0.1:63913 - R:localhost/127.0.0.1:61264] for GET '/session/45bc349ba6157f9b4cd0734b21e85f03/title'
16:09:04.505 [AsyncHttpClient-1-2] DEBUG o.a.netty.handler.HttpHandler - 

Request DefaultFullHttpRequest(decodeResult: success, version: HTTP/1.1, content: EmptyByteBufBE)
GET /session/45bc349ba6157f9b4cd0734b21e85f03/title HTTP/1.1
User-Agent: selenium/4.1.2 (java windows)
Cache-Control: no-cache
Content-Type: application/json; charset=utf-8
host: localhost:61264
accept: */*

Response DefaultHttpResponse(decodeResult: success, version: HTTP/1.1)
HTTP/1.1 200 OK
Content-Type: application/json; charset=utf-8
cache-control: no-cache
content-length: 22

16:09:04.506 [AsyncHttpClient-1-2] DEBUG o.a.netty.channel.ChannelManager - Adding key: http://localhost:61264 for channel [id: 0x9f61be65, L:/127.0.0.1:63913 - R:localhost/127.0.0.1:61264]
16:09:04.510 [Forwarding getTitle on session 45bc349ba6157f9b4cd0734b21e85f03 to remote] DEBUG o.a.netty.request.NettyRequestSender - Using pooled Channel '[id: 0x9f61be65, L:/127.0.0.1:63913 - R:localhost/127.0.0.1:61264]' for 'GET' to 'http://localhost:61264/session/45bc349ba6157f9b4cd0734b21e85f03/title'
16:09:04.510 [Forwarding getTitle on session 45bc349ba6157f9b4cd0734b21e85f03 to remote] DEBUG o.a.netty.request.NettyRequestSender - Using open Channel [id: 0x9f61be65, L:/127.0.0.1:63913 - R:localhost/127.0.0.1:61264] for GET '/session/45bc349ba6157f9b4cd0734b21e85f03/title'
16:09:04.514 [AsyncHttpClient-1-2] DEBUG o.a.netty.handler.HttpHandler - 

Request DefaultFullHttpRequest(decodeResult: success, version: HTTP/1.1, content: EmptyByteBufBE)
GET /session/45bc349ba6157f9b4cd0734b21e85f03/title HTTP/1.1
User-Agent: selenium/4.1.2 (java windows)
Cache-Control: no-cache
Content-Type: application/json; charset=utf-8
host: localhost:61264
accept: */*

Response DefaultHttpResponse(decodeResult: success, version: HTTP/1.1)
HTTP/1.1 200 OK
Content-Type: application/json; charset=utf-8
cache-control: no-cache
content-length: 22

16:09:04.514 [AsyncHttpClient-1-2] DEBUG o.a.netty.channel.ChannelManager - Adding key: http://localhost:61264 for channel [id: 0x9f61be65, L:/127.0.0.1:63913 - R:localhost/127.0.0.1:61264]
16:09:04.849 [AsyncHttpClient-1-1] DEBUG o.a.netty.channel.DefaultChannelPool - Entry count for : http://localhost:61264 : 1
16:09:04.849 [AsyncHttpClient-1-1] DEBUG o.a.netty.channel.DefaultChannelPool - Entry count for : http://localhost:63914 : 1
16:09:05.944 [AsyncHttpClient-1-1] DEBUG o.a.netty.channel.DefaultChannelPool - Entry count for : http://localhost:61264 : 1
16:09:05.944 [AsyncHttpClient-1-1] DEBUG o.a.netty.channel.DefaultChannelPool - Entry count for : http://localhost:63914 : 1
16:09:07.043 [AsyncHttpClient-1-1] DEBUG o.a.netty.channel.DefaultChannelPool - Entry count for : http://localhost:61264 : 1
16:09:07.043 [AsyncHttpClient-1-1] DEBUG o.a.netty.channel.DefaultChannelPool - Entry count for : http://localhost:63914 : 1
16:09:08.154 [AsyncHttpClient-1-1] DEBUG o.a.netty.channel.DefaultChannelPool - Entry count for : http://localhost:61264 : 1
16:09:08.154 [AsyncHttpClient-1-1] DEBUG o.a.netty.channel.DefaultChannelPool - Entry count for : http://localhost:63914 : 1
16:09:09.246 [AsyncHttpClient-1-1] DEBUG o.a.netty.channel.DefaultChannelPool - Entry count for : http://localhost:61264 : 1
16:09:09.246 [AsyncHttpClient-1-1] DEBUG o.a.netty.channel.DefaultChannelPool - Entry count for : http://localhost:63914 : 1
  &amp#27;[32mGiven &amp#27;[0m&amp#27;[32mthat the user should navigate in PEGA Login Page&amp#27;[0m                                                                             &amp#27;[90m# stepdefinitions.LoginPageSteps.that_the_user_should_navigate_in_pega_login_page()&amp#27;[0m
16:09:09.536 [Forwarding findElement on session 45bc349ba6157f9b4cd0734b21e85f03 to remote] DEBUG o.a.netty.request.NettyRequestSender - Using pooled Channel '[id: 0x9f61be65, L:/127.0.0.1:63913 - R:localhost/127.0.0.1:61264]' for 'POST' to 'http://localhost:61264/session/45bc349ba6157f9b4cd0734b21e85f03/element'
16:09:09.536 [Forwarding findElement on session 45bc349ba6157f9b4cd0734b21e85f03 to remote] DEBUG o.a.netty.request.NettyRequestSender - Using open Channel [id: 0x9f61be65, L:/127.0.0.1:63913 - R:localhost/127.0.0.1:61264] for POST '/session/45bc349ba6157f9b4cd0734b21e85f03/element'
16:09:09.549 [AsyncHttpClient-1-2] DEBUG o.a.netty.handler.HttpHandler - 

Request DefaultHttpRequest(decodeResult: success, version: HTTP/1.1)
POST /session/45bc349ba6157f9b4cd0734b21e85f03/element HTTP/1.1
User-Agent: selenium/4.1.2 (java windows)
Content-Length: 128
Content-Type: application/json; charset=utf-8
host: localhost:61264
accept: */*

Response DefaultHttpResponse(decodeResult: success, version: HTTP/1.1)
HTTP/1.1 200 OK
Content-Type: application/json; charset=utf-8
cache-control: no-cache
content-length: 88

16:09:09.549 [AsyncHttpClient-1-2] DEBUG o.a.netty.channel.ChannelManager - Adding key: http://localhost:61264 for channel [id: 0x9f61be65, L:/127.0.0.1:63913 - R:localhost/127.0.0.1:61264]
16:09:09.559 [Forwarding isElementDisplayed on session 45bc349ba6157f9b4cd0734b21e85f03 to remote] DEBUG o.a.netty.request.NettyRequestSender - Using pooled Channel '[id: 0x9f61be65, L:/127.0.0.1:63913 - R:localhost/127.0.0.1:61264]' for 'POST' to 'http://localhost:61264/session/45bc349ba6157f9b4cd0734b21e85f03/execute/sync'
16:09:09.559 [Forwarding isElementDisplayed on session 45bc349ba6157f9b4cd0734b21e85f03 to remote] DEBUG o.a.netty.request.NettyRequestSender - Using open Channel [id: 0x9f61be65, L:/127.0.0.1:63913 - R:localhost/127.0.0.1:61264] for POST '/session/45bc349ba6157f9b4cd0734b21e85f03/execute/sync'
16:09:09.576 [AsyncHttpClient-1-2] DEBUG o.a.netty.handler.HttpHandler - 

Request DefaultHttpRequest(decodeResult: success, version: HTTP/1.1)
POST /session/45bc349ba6157f9b4cd0734b21e85f03/execute/sync HTTP/1.1
User-Agent: selenium/4.1.2 (java windows)
Content-Length: 48780
Content-Type: application/json; charset=utf-8
host: localhost:61264
accept: */*

Response DefaultHttpResponse(decodeResult: success, version: HTTP/1.1)
HTTP/1.1 200 OK
Content-Type: application/json; charset=utf-8
cache-control: no-cache
content-length: 14

16:09:09.576 [AsyncHttpClient-1-2] DEBUG o.a.netty.channel.ChannelManager - Adding key: http://localhost:61264 for channel [id: 0x9f61be65, L:/127.0.0.1:63913 - R:localhost/127.0.0.1:61264]
16:09:09.578 [Forwarding findElement on session 45bc349ba6157f9b4cd0734b21e85f03 to remote] DEBUG o.a.netty.request.NettyRequestSender - Using pooled Channel '[id: 0x9f61be65, L:/127.0.0.1:63913 - R:localhost/127.0.0.1:61264]' for 'POST' to 'http://localhost:61264/session/45bc349ba6157f9b4cd0734b21e85f03/element'
16:09:09.578 [Forwarding findElement on session 45bc349ba6157f9b4cd0734b21e85f03 to remote] DEBUG o.a.netty.request.NettyRequestSender - Using open Channel [id: 0x9f61be65, L:/127.0.0.1:63913 - R:localhost/127.0.0.1:61264] for POST '/session/45bc349ba6157f9b4cd0734b21e85f03/element'
16:09:09.583 [AsyncHttpClient-1-2] DEBUG o.a.netty.handler.HttpHandler - 

Request DefaultHttpRequest(decodeResult: success, version: HTTP/1.1)
POST /session/45bc349ba6157f9b4cd0734b21e85f03/element HTTP/1.1
User-Agent: selenium/4.1.2 (java windows)
Content-Length: 128
Content-Type: application/json; charset=utf-8
host: localhost:61264
accept: */*

Response DefaultHttpResponse(decodeResult: success, version: HTTP/1.1)
HTTP/1.1 200 OK
Content-Type: application/json; charset=utf-8
cache-control: no-cache
content-length: 88

16:09:09.583 [AsyncHttpClient-1-2] DEBUG o.a.netty.channel.ChannelManager - Adding key: http://localhost:61264 for channel [id: 0x9f61be65, L:/127.0.0.1:63913 - R:localhost/127.0.0.1:61264]
16:09:09.587 [Forwarding isElementDisplayed on session 45bc349ba6157f9b4cd0734b21e85f03 to remote] DEBUG o.a.netty.request.NettyRequestSender - Using pooled Channel '[id: 0x9f61be65, L:/127.0.0.1:63913 - R:localhost/127.0.0.1:61264]' for 'POST' to 'http://localhost:61264/session/45bc349ba6157f9b4cd0734b21e85f03/execute/sync'
16:09:09.587 [Forwarding isElementDisplayed on session 45bc349ba6157f9b4cd0734b21e85f03 to remote] DEBUG o.a.netty.request.NettyRequestSender - Using open Channel [id: 0x9f61be65, L:/127.0.0.1:63913 - R:localhost/127.0.0.1:61264] for POST '/session/45bc349ba6157f9b4cd0734b21e85f03/execute/sync'
16:09:09.596 [AsyncHttpClient-1-2] DEBUG o.a.netty.handler.HttpHandler - 

Request DefaultHttpRequest(decodeResult: success, version: HTTP/1.1)
POST /session/45bc349ba6157f9b4cd0734b21e85f03/execute/sync HTTP/1.1
User-Agent: selenium/4.1.2 (java windows)
Content-Length: 48780
Content-Type: application/json; charset=utf-8
host: localhost:61264
accept: */*

Response DefaultHttpResponse(decodeResult: success, version: HTTP/1.1)
HTTP/1.1 200 OK
Content-Type: application/json; charset=utf-8
cache-control: no-cache
content-length: 14

16:09:09.597 [AsyncHttpClient-1-2] DEBUG o.a.netty.channel.ChannelManager - Adding key: http://localhost:61264 for channel [id: 0x9f61be65, L:/127.0.0.1:63913 - R:localhost/127.0.0.1:61264]
16:09:09.598 [Forwarding findElement on session 45bc349ba6157f9b4cd0734b21e85f03 to remote] DEBUG o.a.netty.request.NettyRequestSender - Using pooled Channel '[id: 0x9f61be65, L:/127.0.0.1:63913 - R:localhost/127.0.0.1:61264]' for 'POST' to 'http://localhost:61264/session/45bc349ba6157f9b4cd0734b21e85f03/element'
16:09:09.598 [Forwarding findElement on session 45bc349ba6157f9b4cd0734b21e85f03 to remote] DEBUG o.a.netty.request.NettyRequestSender - Using open Channel [id: 0x9f61be65, L:/127.0.0.1:63913 - R:localhost/127.0.0.1:61264] for POST '/session/45bc349ba6157f9b4cd0734b21e85f03/element'
16:09:09.603 [AsyncHttpClient-1-2] DEBUG o.a.netty.handler.HttpHandler - 

Request DefaultHttpRequest(decodeResult: success, version: HTTP/1.1)
POST /session/45bc349ba6157f9b4cd0734b21e85f03/element HTTP/1.1
User-Agent: selenium/4.1.2 (java windows)
Content-Length: 128
Content-Type: application/json; charset=utf-8
host: localhost:61264
accept: */*

Response DefaultHttpResponse(decodeResult: success, version: HTTP/1.1)
HTTP/1.1 200 OK
Content-Type: application/json; charset=utf-8
cache-control: no-cache
content-length: 88

16:09:09.603 [AsyncHttpClient-1-2] DEBUG o.a.netty.channel.ChannelManager - Adding key: http://localhost:61264 for channel [id: 0x9f61be65, L:/127.0.0.1:63913 - R:localhost/127.0.0.1:61264]
16:09:09.605 [Forwarding isElementEnabled on session 45bc349ba6157f9b4cd0734b21e85f03 to remote] DEBUG o.a.netty.request.NettyRequestSender - Using pooled Channel '[id: 0x9f61be65, L:/127.0.0.1:63913 - R:localhost/127.0.0.1:61264]' for 'GET' to 'http://localhost:61264/session/45bc349ba6157f9b4cd0734b21e85f03/element/2c9f2fed-45de-47f7-b674-0f64a6da13fc/enabled'
16:09:09.605 [Forwarding isElementEnabled on session 45bc349ba6157f9b4cd0734b21e85f03 to remote] DEBUG o.a.netty.request.NettyRequestSender - Using open Channel [id: 0x9f61be65, L:/127.0.0.1:63913 - R:localhost/127.0.0.1:61264] for GET '/session/45bc349ba6157f9b4cd0734b21e85f03/element/2c9f2fed-45de-47f7-b674-0f64a6da13fc/enabled'
16:09:09.614 [AsyncHttpClient-1-2] DEBUG o.a.netty.handler.HttpHandler - 

Request DefaultFullHttpRequest(decodeResult: success, version: HTTP/1.1, content: EmptyByteBufBE)
GET /session/45bc349ba6157f9b4cd0734b21e85f03/element/2c9f2fed-45de-47f7-b674-0f64a6da13fc/enabled HTTP/1.1
User-Agent: selenium/4.1.2 (java windows)
Cache-Control: no-cache
Content-Type: application/json; charset=utf-8
host: localhost:61264
accept: */*

Response DefaultHttpResponse(decodeResult: success, version: HTTP/1.1)
HTTP/1.1 200 OK
Content-Type: application/json; charset=utf-8
cache-control: no-cache
content-length: 14

16:09:09.614 [AsyncHttpClient-1-2] DEBUG o.a.netty.channel.ChannelManager - Adding key: http://localhost:61264 for channel [id: 0x9f61be65, L:/127.0.0.1:63913 - R:localhost/127.0.0.1:61264]
16:09:09.616 [Forwarding findElement on session 45bc349ba6157f9b4cd0734b21e85f03 to remote] DEBUG o.a.netty.request.NettyRequestSender - Using pooled Channel '[id: 0x9f61be65, L:/127.0.0.1:63913 - R:localhost/127.0.0.1:61264]' for 'POST' to 'http://localhost:61264/session/45bc349ba6157f9b4cd0734b21e85f03/element'
16:09:09.616 [Forwarding findElement on session 45bc349ba6157f9b4cd0734b21e85f03 to remote] DEBUG o.a.netty.request.NettyRequestSender - Using open Channel [id: 0x9f61be65, L:/127.0.0.1:63913 - R:localhost/127.0.0.1:61264] for POST '/session/45bc349ba6157f9b4cd0734b21e85f03/element'
16:09:09.624 [AsyncHttpClient-1-2] DEBUG o.a.netty.handler.HttpHandler - 

Request DefaultHttpRequest(decodeResult: success, version: HTTP/1.1)
POST /session/45bc349ba6157f9b4cd0734b21e85f03/element HTTP/1.1
User-Agent: selenium/4.1.2 (java windows)
Content-Length: 132
Content-Type: application/json; charset=utf-8
host: localhost:61264
accept: */*

Response DefaultHttpResponse(decodeResult: success, version: HTTP/1.1)
HTTP/1.1 200 OK
Content-Type: application/json; charset=utf-8
cache-control: no-cache
content-length: 88

16:09:09.624 [AsyncHttpClient-1-2] DEBUG o.a.netty.channel.ChannelManager - Adding key: http://localhost:61264 for channel [id: 0x9f61be65, L:/127.0.0.1:63913 - R:localhost/127.0.0.1:61264]
16:09:09.629 [Forwarding isElementDisplayed on session 45bc349ba6157f9b4cd0734b21e85f03 to remote] DEBUG o.a.netty.request.NettyRequestSender - Using pooled Channel '[id: 0x9f61be65, L:/127.0.0.1:63913 - R:localhost/127.0.0.1:61264]' for 'POST' to 'http://localhost:61264/session/45bc349ba6157f9b4cd0734b21e85f03/execute/sync'
16:09:09.629 [Forwarding isElementDisplayed on session 45bc349ba6157f9b4cd0734b21e85f03 to remote] DEBUG o.a.netty.request.NettyRequestSender - Using open Channel [id: 0x9f61be65, L:/127.0.0.1:63913 - R:localhost/127.0.0.1:61264] for POST '/session/45bc349ba6157f9b4cd0734b21e85f03/execute/sync'
16:09:09.637 [AsyncHttpClient-1-2] DEBUG o.a.netty.handler.HttpHandler - 

Request DefaultHttpRequest(decodeResult: success, version: HTTP/1.1)
POST /session/45bc349ba6157f9b4cd0734b21e85f03/execute/sync HTTP/1.1
User-Agent: selenium/4.1.2 (java windows)
Content-Length: 48780
Content-Type: application/json; charset=utf-8
host: localhost:61264
accept: */*

Response DefaultHttpResponse(decodeResult: success, version: HTTP/1.1)
HTTP/1.1 200 OK
Content-Type: application/json; charset=utf-8
cache-control: no-cache
content-length: 14

16:09:09.638 [AsyncHttpClient-1-2] DEBUG o.a.netty.channel.ChannelManager - Adding key: http://localhost:61264 for channel [id: 0x9f61be65, L:/127.0.0.1:63913 - R:localhost/127.0.0.1:61264]
16:09:09.639 [Forwarding findElement on session 45bc349ba6157f9b4cd0734b21e85f03 to remote] DEBUG o.a.netty.request.NettyRequestSender - Using pooled Channel '[id: 0x9f61be65, L:/127.0.0.1:63913 - R:localhost/127.0.0.1:61264]' for 'POST' to 'http://localhost:61264/session/45bc349ba6157f9b4cd0734b21e85f03/element'
16:09:09.639 [Forwarding findElement on session 45bc349ba6157f9b4cd0734b21e85f03 to remote] DEBUG o.a.netty.request.NettyRequestSender - Using open Channel [id: 0x9f61be65, L:/127.0.0.1:63913 - R:localhost/127.0.0.1:61264] for POST '/session/45bc349ba6157f9b4cd0734b21e85f03/element'
16:09:09.644 [AsyncHttpClient-1-2] DEBUG o.a.netty.handler.HttpHandler - 

Request DefaultHttpRequest(decodeResult: success, version: HTTP/1.1)
POST /session/45bc349ba6157f9b4cd0734b21e85f03/element HTTP/1.1
User-Agent: selenium/4.1.2 (java windows)
Content-Length: 132
Content-Type: application/json; charset=utf-8
host: localhost:61264
accept: */*

Response DefaultHttpResponse(decodeResult: success, version: HTTP/1.1)
HTTP/1.1 200 OK
Content-Type: application/json; charset=utf-8
cache-control: no-cache
content-length: 88

16:09:09.645 [AsyncHttpClient-1-2] DEBUG o.a.netty.channel.ChannelManager - Adding key: http://localhost:61264 for channel [id: 0x9f61be65, L:/127.0.0.1:63913 - R:localhost/127.0.0.1:61264]
16:09:09.648 [Forwarding isElementDisplayed on session 45bc349ba6157f9b4cd0734b21e85f03 to remote] DEBUG o.a.netty.request.NettyRequestSender - Using pooled Channel '[id: 0x9f61be65, L:/127.0.0.1:63913 - R:localhost/127.0.0.1:61264]' for 'POST' to 'http://localhost:61264/session/45bc349ba6157f9b4cd0734b21e85f03/execute/sync'
16:09:09.648 [Forwarding isElementDisplayed on session 45bc349ba6157f9b4cd0734b21e85f03 to remote] DEBUG o.a.netty.request.NettyRequestSender - Using open Channel [id: 0x9f61be65, L:/127.0.0.1:63913 - R:localhost/127.0.0.1:61264] for POST '/session/45bc349ba6157f9b4cd0734b21e85f03/execute/sync'
16:09:09.655 [AsyncHttpClient-1-2] DEBUG o.a.netty.handler.HttpHandler - 

Request DefaultHttpRequest(decodeResult: success, version: HTTP/1.1)
POST /session/45bc349ba6157f9b4cd0734b21e85f03/execute/sync HTTP/1.1
User-Agent: selenium/4.1.2 (java windows)
Content-Length: 48780
Content-Type: application/json; charset=utf-8
host: localhost:61264
accept: */*

Response DefaultHttpResponse(decodeResult: success, version: HTTP/1.1)
HTTP/1.1 200 OK
Content-Type: application/json; charset=utf-8
cache-control: no-cache
content-length: 14

16:09:09.655 [AsyncHttpClient-1-2] DEBUG o.a.netty.channel.ChannelManager - Adding key: http://localhost:61264 for channel [id: 0x9f61be65, L:/127.0.0.1:63913 - R:localhost/127.0.0.1:61264]
16:09:09.656 [Forwarding findElement on session 45bc349ba6157f9b4cd0734b21e85f03 to remote] DEBUG o.a.netty.request.NettyRequestSender - Using pooled Channel '[id: 0x9f61be65, L:/127.0.0.1:63913 - R:localhost/127.0.0.1:61264]' for 'POST' to 'http://localhost:61264/session/45bc349ba6157f9b4cd0734b21e85f03/element'
16:09:09.656 [Forwarding findElement on session 45bc349ba6157f9b4cd0734b21e85f03 to remote] DEBUG o.a.netty.request.NettyRequestSender - Using open Channel [id: 0x9f61be65, L:/127.0.0.1:63913 - R:localhost/127.0.0.1:61264] for POST '/session/45bc349ba6157f9b4cd0734b21e85f03/element'
16:09:09.661 [AsyncHttpClient-1-2] DEBUG o.a.netty.handler.HttpHandler - 

Request DefaultHttpRequest(decodeResult: success, version: HTTP/1.1)
POST /session/45bc349ba6157f9b4cd0734b21e85f03/element HTTP/1.1
User-Agent: selenium/4.1.2 (java windows)
Content-Length: 132
Content-Type: application/json; charset=utf-8
host: localhost:61264
accept: */*

Response DefaultHttpResponse(decodeResult: success, version: HTTP/1.1)
HTTP/1.1 200 OK
Content-Type: application/json; charset=utf-8
cache-control: no-cache
content-length: 88

16:09:09.661 [AsyncHttpClient-1-2] DEBUG o.a.netty.channel.ChannelManager - Adding key: http://localhost:61264 for channel [id: 0x9f61be65, L:/127.0.0.1:63913 - R:localhost/127.0.0.1:61264]
16:09:09.662 [Forwarding isElementEnabled on session 45bc349ba6157f9b4cd0734b21e85f03 to remote] DEBUG o.a.netty.request.NettyRequestSender - Using pooled Channel '[id: 0x9f61be65, L:/127.0.0.1:63913 - R:localhost/127.0.0.1:61264]' for 'GET' to 'http://localhost:61264/session/45bc349ba6157f9b4cd0734b21e85f03/element/ed0ee25b-c434-40da-ae95-33aaa0c25345/enabled'
16:09:09.663 [Forwarding isElementEnabled on session 45bc349ba6157f9b4cd0734b21e85f03 to remote] DEBUG o.a.netty.request.NettyRequestSender - Using open Channel [id: 0x9f61be65, L:/127.0.0.1:63913 - R:localhost/127.0.0.1:61264] for GET '/session/45bc349ba6157f9b4cd0734b21e85f03/element/ed0ee25b-c434-40da-ae95-33aaa0c25345/enabled'
16:09:09.667 [AsyncHttpClient-1-2] DEBUG o.a.netty.handler.HttpHandler - 

Request DefaultFullHttpRequest(decodeResult: success, version: HTTP/1.1, content: EmptyByteBufBE)
GET /session/45bc349ba6157f9b4cd0734b21e85f03/element/ed0ee25b-c434-40da-ae95-33aaa0c25345/enabled HTTP/1.1
User-Agent: selenium/4.1.2 (java windows)
Cache-Control: no-cache
Content-Type: application/json; charset=utf-8
host: localhost:61264
accept: */*

Response DefaultHttpResponse(decodeResult: success, version: HTTP/1.1)
HTTP/1.1 200 OK
Content-Type: application/json; charset=utf-8
cache-control: no-cache
content-length: 14

16:09:09.668 [AsyncHttpClient-1-2] DEBUG o.a.netty.channel.ChannelManager - Adding key: http://localhost:61264 for channel [id: 0x9f61be65, L:/127.0.0.1:63913 - R:localhost/127.0.0.1:61264]
16:09:09.669 [Forwarding findElement on session 45bc349ba6157f9b4cd0734b21e85f03 to remote] DEBUG o.a.netty.request.NettyRequestSender - Using pooled Channel '[id: 0x9f61be65, L:/127.0.0.1:63913 - R:localhost/127.0.0.1:61264]' for 'POST' to 'http://localhost:61264/session/45bc349ba6157f9b4cd0734b21e85f03/element'
16:09:09.669 [Forwarding findElement on session 45bc349ba6157f9b4cd0734b21e85f03 to remote] DEBUG o.a.netty.request.NettyRequestSender - Using open Channel [id: 0x9f61be65, L:/127.0.0.1:63913 - R:localhost/127.0.0.1:61264] for POST '/session/45bc349ba6157f9b4cd0734b21e85f03/element'
16:09:09.676 [AsyncHttpClient-1-2] DEBUG o.a.netty.handler.HttpHandler - 

Request DefaultHttpRequest(decodeResult: success, version: HTTP/1.1)
POST /session/45bc349ba6157f9b4cd0734b21e85f03/element HTTP/1.1
User-Agent: selenium/4.1.2 (java windows)
Content-Length: 125
Content-Type: application/json; charset=utf-8
host: localhost:61264
accept: */*

Response DefaultHttpResponse(decodeResult: success, version: HTTP/1.1)
HTTP/1.1 200 OK
Content-Type: application/json; charset=utf-8
cache-control: no-cache
content-length: 88

16:09:09.676 [AsyncHttpClient-1-2] DEBUG o.a.netty.channel.ChannelManager - Adding key: http://localhost:61264 for channel [id: 0x9f61be65, L:/127.0.0.1:63913 - R:localhost/127.0.0.1:61264]
16:09:09.679 [Forwarding isElementDisplayed on session 45bc349ba6157f9b4cd0734b21e85f03 to remote] DEBUG o.a.netty.request.NettyRequestSender - Using pooled Channel '[id: 0x9f61be65, L:/127.0.0.1:63913 - R:localhost/127.0.0.1:61264]' for 'POST' to 'http://localhost:61264/session/45bc349ba6157f9b4cd0734b21e85f03/execute/sync'
16:09:09.679 [Forwarding isElementDisplayed on session 45bc349ba6157f9b4cd0734b21e85f03 to remote] DEBUG o.a.netty.request.NettyRequestSender - Using open Channel [id: 0x9f61be65, L:/127.0.0.1:63913 - R:localhost/127.0.0.1:61264] for POST '/session/45bc349ba6157f9b4cd0734b21e85f03/execute/sync'
16:09:09.686 [AsyncHttpClient-1-2] DEBUG o.a.netty.handler.HttpHandler - 

Request DefaultHttpRequest(decodeResult: success, version: HTTP/1.1)
POST /session/45bc349ba6157f9b4cd0734b21e85f03/execute/sync HTTP/1.1
User-Agent: selenium/4.1.2 (java windows)
Content-Length: 48780
Content-Type: application/json; charset=utf-8
host: localhost:61264
accept: */*

Response DefaultHttpResponse(decodeResult: success, version: HTTP/1.1)
HTTP/1.1 200 OK
Content-Type: application/json; charset=utf-8
cache-control: no-cache
content-length: 14

16:09:09.686 [AsyncHttpClient-1-2] DEBUG o.a.netty.channel.ChannelManager - Adding key: http://localhost:61264 for channel [id: 0x9f61be65, L:/127.0.0.1:63913 - R:localhost/127.0.0.1:61264]
16:09:09.688 [Forwarding findElement on session 45bc349ba6157f9b4cd0734b21e85f03 to remote] DEBUG o.a.netty.request.NettyRequestSender - Using pooled Channel '[id: 0x9f61be65, L:/127.0.0.1:63913 - R:localhost/127.0.0.1:61264]' for 'POST' to 'http://localhost:61264/session/45bc349ba6157f9b4cd0734b21e85f03/element'
16:09:09.688 [Forwarding findElement on session 45bc349ba6157f9b4cd0734b21e85f03 to remote] DEBUG o.a.netty.request.NettyRequestSender - Using open Channel [id: 0x9f61be65, L:/127.0.0.1:63913 - R:localhost/127.0.0.1:61264] for POST '/session/45bc349ba6157f9b4cd0734b21e85f03/element'
16:09:09.692 [AsyncHttpClient-1-2] DEBUG o.a.netty.handler.HttpHandler - 

Request DefaultHttpRequest(decodeResult: success, version: HTTP/1.1)
POST /session/45bc349ba6157f9b4cd0734b21e85f03/element HTTP/1.1
User-Agent: selenium/4.1.2 (java windows)
Content-Length: 125
Content-Type: application/json; charset=utf-8
host: localhost:61264
accept: */*

Response DefaultHttpResponse(decodeResult: success, version: HTTP/1.1)
HTTP/1.1 200 OK
Content-Type: application/json; charset=utf-8
cache-control: no-cache
content-length: 88

16:09:09.692 [AsyncHttpClient-1-2] DEBUG o.a.netty.channel.ChannelManager - Adding key: http://localhost:61264 for channel [id: 0x9f61be65, L:/127.0.0.1:63913 - R:localhost/127.0.0.1:61264]
16:09:09.695 [Forwarding isElementDisplayed on session 45bc349ba6157f9b4cd0734b21e85f03 to remote] DEBUG o.a.netty.request.NettyRequestSender - Using pooled Channel '[id: 0x9f61be65, L:/127.0.0.1:63913 - R:localhost/127.0.0.1:61264]' for 'POST' to 'http://localhost:61264/session/45bc349ba6157f9b4cd0734b21e85f03/execute/sync'
16:09:09.695 [Forwarding isElementDisplayed on session 45bc349ba6157f9b4cd0734b21e85f03 to remote] DEBUG o.a.netty.request.NettyRequestSender - Using open Channel [id: 0x9f61be65, L:/127.0.0.1:63913 - R:localhost/127.0.0.1:61264] for POST '/session/45bc349ba6157f9b4cd0734b21e85f03/execute/sync'
16:09:09.702 [AsyncHttpClient-1-2] DEBUG o.a.netty.handler.HttpHandler - 

Request DefaultHttpRequest(decodeResult: success, version: HTTP/1.1)
POST /session/45bc349ba6157f9b4cd0734b21e85f03/execute/sync HTTP/1.1
User-Agent: selenium/4.1.2 (java windows)
Content-Length: 48780
Content-Type: application/json; charset=utf-8
host: localhost:61264
accept: */*

Response DefaultHttpResponse(decodeResult: success, version: HTTP/1.1)
HTTP/1.1 200 OK
Content-Type: application/json; charset=utf-8
cache-control: no-cache
content-length: 14

16:09:09.702 [AsyncHttpClient-1-2] DEBUG o.a.netty.channel.ChannelManager - Adding key: http://localhost:61264 for channel [id: 0x9f61be65, L:/127.0.0.1:63913 - R:localhost/127.0.0.1:61264]
16:09:09.703 [Forwarding findElement on session 45bc349ba6157f9b4cd0734b21e85f03 to remote] DEBUG o.a.netty.request.NettyRequestSender - Using pooled Channel '[id: 0x9f61be65, L:/127.0.0.1:63913 - R:localhost/127.0.0.1:61264]' for 'POST' to 'http://localhost:61264/session/45bc349ba6157f9b4cd0734b21e85f03/element'
16:09:09.703 [Forwarding findElement on session 45bc349ba6157f9b4cd0734b21e85f03 to remote] DEBUG o.a.netty.request.NettyRequestSender - Using open Channel [id: 0x9f61be65, L:/127.0.0.1:63913 - R:localhost/127.0.0.1:61264] for POST '/session/45bc349ba6157f9b4cd0734b21e85f03/element'
16:09:09.708 [AsyncHttpClient-1-2] DEBUG o.a.netty.handler.HttpHandler - 

Request DefaultHttpRequest(decodeResult: success, version: HTTP/1.1)
POST /session/45bc349ba6157f9b4cd0734b21e85f03/element HTTP/1.1
User-Agent: selenium/4.1.2 (java windows)
Content-Length: 125
Content-Type: application/json; charset=utf-8
host: localhost:61264
accept: */*

Response DefaultHttpResponse(decodeResult: success, version: HTTP/1.1)
HTTP/1.1 200 OK
Content-Type: application/json; charset=utf-8
cache-control: no-cache
content-length: 88

16:09:09.708 [AsyncHttpClient-1-2] DEBUG o.a.netty.channel.ChannelManager - Adding key: http://localhost:61264 for channel [id: 0x9f61be65, L:/127.0.0.1:63913 - R:localhost/127.0.0.1:61264]
16:09:09.709 [Forwarding isElementEnabled on session 45bc349ba6157f9b4cd0734b21e85f03 to remote] DEBUG o.a.netty.request.NettyRequestSender - Using pooled Channel '[id: 0x9f61be65, L:/127.0.0.1:63913 - R:localhost/127.0.0.1:61264]' for 'GET' to 'http://localhost:61264/session/45bc349ba6157f9b4cd0734b21e85f03/element/01a04840-cc66-4c32-b3b5-c512ca658c52/enabled'
16:09:09.709 [Forwarding isElementEnabled on session 45bc349ba6157f9b4cd0734b21e85f03 to remote] DEBUG o.a.netty.request.NettyRequestSender - Using open Channel [id: 0x9f61be65, L:/127.0.0.1:63913 - R:localhost/127.0.0.1:61264] for GET '/session/45bc349ba6157f9b4cd0734b21e85f03/element/01a04840-cc66-4c32-b3b5-c512ca658c52/enabled'
16:09:09.714 [AsyncHttpClient-1-2] DEBUG o.a.netty.handler.HttpHandler - 

Request DefaultFullHttpRequest(decodeResult: success, version: HTTP/1.1, content: EmptyByteBufBE)
GET /session/45bc349ba6157f9b4cd0734b21e85f03/element/01a04840-cc66-4c32-b3b5-c512ca658c52/enabled HTTP/1.1
User-Agent: selenium/4.1.2 (java windows)
Cache-Control: no-cache
Content-Type: application/json; charset=utf-8
host: localhost:61264
accept: */*

Response DefaultHttpResponse(decodeResult: success, version: HTTP/1.1)
HTTP/1.1 200 OK
Content-Type: application/json; charset=utf-8
cache-control: no-cache
content-length: 14

16:09:09.714 [AsyncHttpClient-1-2] DEBUG o.a.netty.channel.ChannelManager - Adding key: http://localhost:61264 for channel [id: 0x9f61be65, L:/127.0.0.1:63913 - R:localhost/127.0.0.1:61264]
  &amp#27;[32mAnd &amp#27;[0m&amp#27;[32muser verify the Login Page Elements is Visible&amp#27;[0m                                                                                 &amp#27;[90m# stepdefinitions.LoginPageSteps.user_verify_the_login_page_elements_is_visible()&amp#27;[0m
16:09:10.357 [AsyncHttpClient-1-1] DEBUG o.a.netty.channel.DefaultChannelPool - Entry count for : http://localhost:61264 : 1
16:09:10.357 [AsyncHttpClient-1-1] DEBUG o.a.netty.channel.DefaultChannelPool - Entry count for : http://localhost:63914 : 1
16:09:11.450 [AsyncHttpClient-1-1] DEBUG o.a.netty.channel.DefaultChannelPool - Entry count for : http://localhost:61264 : 1
16:09:11.450 [AsyncHttpClient-1-1] DEBUG o.a.netty.channel.DefaultChannelPool - Entry count for : http://localhost:63914 : 1
16:09:12.210 [Forwarding findElement on session 45bc349ba6157f9b4cd0734b21e85f03 to remote] DEBUG o.a.netty.request.NettyRequestSender - Using pooled Channel '[id: 0x9f61be65, L:/127.0.0.1:63913 - R:localhost/127.0.0.1:61264]' for 'POST' to 'http://localhost:61264/session/45bc349ba6157f9b4cd0734b21e85f03/element'
16:09:12.210 [Forwarding findElement on session 45bc349ba6157f9b4cd0734b21e85f03 to remote] DEBUG o.a.netty.request.NettyRequestSender - Using open Channel [id: 0x9f61be65, L:/127.0.0.1:63913 - R:localhost/127.0.0.1:61264] for POST '/session/45bc349ba6157f9b4cd0734b21e85f03/element'
16:09:12.214 [AsyncHttpClient-1-2] DEBUG o.a.netty.handler.HttpHandler - 

Request DefaultHttpRequest(decodeResult: success, version: HTTP/1.1)
POST /session/45bc349ba6157f9b4cd0734b21e85f03/element HTTP/1.1
User-Agent: selenium/4.1.2 (java windows)
Content-Length: 128
Content-Type: application/json; charset=utf-8
host: localhost:61264
accept: */*

Response DefaultHttpResponse(decodeResult: success, version: HTTP/1.1)
HTTP/1.1 200 OK
Content-Type: application/json; charset=utf-8
cache-control: no-cache
content-length: 88

16:09:12.214 [AsyncHttpClient-1-2] DEBUG o.a.netty.channel.ChannelManager - Adding key: http://localhost:61264 for channel [id: 0x9f61be65, L:/127.0.0.1:63913 - R:localhost/127.0.0.1:61264]
16:09:12.217 [Forwarding sendKeysToElement on session 45bc349ba6157f9b4cd0734b21e85f03 to remote] DEBUG o.a.netty.request.NettyRequestSender - Using pooled Channel '[id: 0x9f61be65, L:/127.0.0.1:63913 - R:localhost/127.0.0.1:61264]' for 'POST' to 'http://localhost:61264/session/45bc349ba6157f9b4cd0734b21e85f03/element/2c9f2fed-45de-47f7-b674-0f64a6da13fc/value'
16:09:12.217 [Forwarding sendKeysToElement on session 45bc349ba6157f9b4cd0734b21e85f03 to remote] DEBUG o.a.netty.request.NettyRequestSender - Using open Channel [id: 0x9f61be65, L:/127.0.0.1:63913 - R:localhost/127.0.0.1:61264] for POST '/session/45bc349ba6157f9b4cd0734b21e85f03/element/2c9f2fed-45de-47f7-b674-0f64a6da13fc/value'
16:09:12.262 [AsyncHttpClient-1-2] DEBUG o.a.netty.handler.HttpHandler - 

Request DefaultHttpRequest(decodeResult: success, version: HTTP/1.1)
POST /session/45bc349ba6157f9b4cd0734b21e85f03/element/2c9f2fed-45de-47f7-b674-0f64a6da13fc/value HTTP/1.1
User-Agent: selenium/4.1.2 (java windows)
Content-Length: 271
Content-Type: application/json; charset=utf-8
host: localhost:61264
accept: */*

Response DefaultHttpResponse(decodeResult: success, version: HTTP/1.1)
HTTP/1.1 200 OK
Content-Type: application/json; charset=utf-8
cache-control: no-cache
content-length: 14

16:09:12.262 [AsyncHttpClient-1-2] DEBUG o.a.netty.channel.ChannelManager - Adding key: http://localhost:61264 for channel [id: 0x9f61be65, L:/127.0.0.1:63913 - R:localhost/127.0.0.1:61264]
16:09:12.263 [Forwarding findElement on session 45bc349ba6157f9b4cd0734b21e85f03 to remote] DEBUG o.a.netty.request.NettyRequestSender - Using pooled Channel '[id: 0x9f61be65, L:/127.0.0.1:63913 - R:localhost/127.0.0.1:61264]' for 'POST' to 'http://localhost:61264/session/45bc349ba6157f9b4cd0734b21e85f03/element'
16:09:12.263 [Forwarding findElement on session 45bc349ba6157f9b4cd0734b21e85f03 to remote] DEBUG o.a.netty.request.NettyRequestSender - Using open Channel [id: 0x9f61be65, L:/127.0.0.1:63913 - R:localhost/127.0.0.1:61264] for POST '/session/45bc349ba6157f9b4cd0734b21e85f03/element'
16:09:12.268 [AsyncHttpClient-1-2] DEBUG o.a.netty.handler.HttpHandler - 

Request DefaultHttpRequest(decodeResult: success, version: HTTP/1.1)
POST /session/45bc349ba6157f9b4cd0734b21e85f03/element HTTP/1.1
User-Agent: selenium/4.1.2 (java windows)
Content-Length: 132
Content-Type: application/json; charset=utf-8
host: localhost:61264
accept: */*

Response DefaultHttpResponse(decodeResult: success, version: HTTP/1.1)
HTTP/1.1 200 OK
Content-Type: application/json; charset=utf-8
cache-control: no-cache
content-length: 88

16:09:12.268 [AsyncHttpClient-1-2] DEBUG o.a.netty.channel.ChannelManager - Adding key: http://localhost:61264 for channel [id: 0x9f61be65, L:/127.0.0.1:63913 - R:localhost/127.0.0.1:61264]
16:09:12.269 [Forwarding sendKeysToElement on session 45bc349ba6157f9b4cd0734b21e85f03 to remote] DEBUG o.a.netty.request.NettyRequestSender - Using pooled Channel '[id: 0x9f61be65, L:/127.0.0.1:63913 - R:localhost/127.0.0.1:61264]' for 'POST' to 'http://localhost:61264/session/45bc349ba6157f9b4cd0734b21e85f03/element/ed0ee25b-c434-40da-ae95-33aaa0c25345/value'
16:09:12.269 [Forwarding sendKeysToElement on session 45bc349ba6157f9b4cd0734b21e85f03 to remote] DEBUG o.a.netty.request.NettyRequestSender - Using open Channel [id: 0x9f61be65, L:/127.0.0.1:63913 - R:localhost/127.0.0.1:61264] for POST '/session/45bc349ba6157f9b4cd0734b21e85f03/element/ed0ee25b-c434-40da-ae95-33aaa0c25345/value'
16:09:12.307 [AsyncHttpClient-1-2] DEBUG o.a.netty.handler.HttpHandler - 

Request DefaultHttpRequest(decodeResult: success, version: HTTP/1.1)
POST /session/45bc349ba6157f9b4cd0734b21e85f03/element/ed0ee25b-c434-40da-ae95-33aaa0c25345/value HTTP/1.1
User-Agent: selenium/4.1.2 (java windows)
Content-Length: 161
Content-Type: application/json; charset=utf-8
host: localhost:61264
accept: */*

Response DefaultHttpResponse(decodeResult: success, version: HTTP/1.1)
HTTP/1.1 200 OK
Content-Type: application/json; charset=utf-8
cache-control: no-cache
content-length: 14

16:09:12.308 [AsyncHttpClient-1-2] DEBUG o.a.netty.channel.ChannelManager - Adding key: http://localhost:61264 for channel [id: 0x9f61be65, L:/127.0.0.1:63913 - R:localhost/127.0.0.1:61264]
16:09:12.309 [Forwarding findElement on session 45bc349ba6157f9b4cd0734b21e85f03 to remote] DEBUG o.a.netty.request.NettyRequestSender - Using pooled Channel '[id: 0x9f61be65, L:/127.0.0.1:63913 - R:localhost/127.0.0.1:61264]' for 'POST' to 'http://localhost:61264/session/45bc349ba6157f9b4cd0734b21e85f03/element'
16:09:12.309 [Forwarding findElement on session 45bc349ba6157f9b4cd0734b21e85f03 to remote] DEBUG o.a.netty.request.NettyRequestSender - Using open Channel [id: 0x9f61be65, L:/127.0.0.1:63913 - R:localhost/127.0.0.1:61264] for POST '/session/45bc349ba6157f9b4cd0734b21e85f03/element'
16:09:12.314 [AsyncHttpClient-1-2] DEBUG o.a.netty.handler.HttpHandler - 

Request DefaultHttpRequest(decodeResult: success, version: HTTP/1.1)
POST /session/45bc349ba6157f9b4cd0734b21e85f03/element HTTP/1.1
User-Agent: selenium/4.1.2 (java windows)
Content-Length: 125
Content-Type: application/json; charset=utf-8
host: localhost:61264
accept: */*

Response DefaultHttpResponse(decodeResult: success, version: HTTP/1.1)
HTTP/1.1 200 OK
Content-Type: application/json; charset=utf-8
cache-control: no-cache
content-length: 88

16:09:12.315 [AsyncHttpClient-1-2] DEBUG o.a.netty.channel.ChannelManager - Adding key: http://localhost:61264 for channel [id: 0x9f61be65, L:/127.0.0.1:63913 - R:localhost/127.0.0.1:61264]
16:09:12.316 [Forwarding clickElement on session 45bc349ba6157f9b4cd0734b21e85f03 to remote] DEBUG o.a.netty.request.NettyRequestSender - Using pooled Channel '[id: 0x9f61be65, L:/127.0.0.1:63913 - R:localhost/127.0.0.1:61264]' for 'POST' to 'http://localhost:61264/session/45bc349ba6157f9b4cd0734b21e85f03/element/01a04840-cc66-4c32-b3b5-c512ca658c52/click'
16:09:12.316 [Forwarding clickElement on session 45bc349ba6157f9b4cd0734b21e85f03 to remote] DEBUG o.a.netty.request.NettyRequestSender - Using open Channel [id: 0x9f61be65, L:/127.0.0.1:63913 - R:localhost/127.0.0.1:61264] for POST '/session/45bc349ba6157f9b4cd0734b21e85f03/element/01a04840-cc66-4c32-b3b5-c512ca658c52/click'
16:09:12.380 [AsyncHttpClient-1-2] DEBUG o.a.netty.handler.HttpHandler - 

Request DefaultHttpRequest(decodeResult: success, version: HTTP/1.1)
POST /session/45bc349ba6157f9b4cd0734b21e85f03/element/01a04840-cc66-4c32-b3b5-c512ca658c52/click HTTP/1.1
User-Agent: selenium/4.1.2 (java windows)
Content-Length: 50
Content-Type: application/json; charset=utf-8
host: localhost:61264
accept: */*

Response DefaultHttpResponse(decodeResult: success, version: HTTP/1.1)
HTTP/1.1 200 OK
Content-Type: application/json; charset=utf-8
cache-control: no-cache
content-length: 14

16:09:12.381 [AsyncHttpClient-1-2] DEBUG o.a.netty.channel.ChannelManager - Adding key: http://localhost:61264 for channel [id: 0x9f61be65, L:/127.0.0.1:63913 - R:localhost/127.0.0.1:61264]
16:09:12.382 [Forwarding findElement on session 45bc349ba6157f9b4cd0734b21e85f03 to remote] DEBUG o.a.netty.request.NettyRequestSender - Using pooled Channel '[id: 0x9f61be65, L:/127.0.0.1:63913 - R:localhost/127.0.0.1:61264]' for 'POST' to 'http://localhost:61264/session/45bc349ba6157f9b4cd0734b21e85f03/element'
16:09:12.382 [Forwarding findElement on session 45bc349ba6157f9b4cd0734b21e85f03 to remote] DEBUG o.a.netty.request.NettyRequestSender - Using open Channel [id: 0x9f61be65, L:/127.0.0.1:63913 - R:localhost/127.0.0.1:61264] for POST '/session/45bc349ba6157f9b4cd0734b21e85f03/element'
16:09:12.390 [AsyncHttpClient-1-2] DEBUG o.a.netty.handler.HttpHandler - 

Request DefaultHttpRequest(decodeResult: success, version: HTTP/1.1)
POST /session/45bc349ba6157f9b4cd0734b21e85f03/element HTTP/1.1
User-Agent: selenium/4.1.2 (java windows)
Content-Length: 75
Content-Type: application/json; charset=utf-8
host: localhost:61264
accept: */*

Response DefaultHttpResponse(decodeResult: success, version: HTTP/1.1)
HTTP/1.1 200 OK
Content-Type: application/json; charset=utf-8
cache-control: no-cache
content-length: 88

16:09:12.390 [AsyncHttpClient-1-2] DEBUG o.a.netty.channel.ChannelManager - Adding key: http://localhost:61264 for channel [id: 0x9f61be65, L:/127.0.0.1:63913 - R:localhost/127.0.0.1:61264]
16:09:12.393 [Forwarding isElementDisplayed on session 45bc349ba6157f9b4cd0734b21e85f03 to remote] DEBUG o.a.netty.request.NettyRequestSender - Using pooled Channel '[id: 0x9f61be65, L:/127.0.0.1:63913 - R:localhost/127.0.0.1:61264]' for 'POST' to 'http://localhost:61264/session/45bc349ba6157f9b4cd0734b21e85f03/execute/sync'
16:09:12.394 [Forwarding isElementDisplayed on session 45bc349ba6157f9b4cd0734b21e85f03 to remote] DEBUG o.a.netty.request.NettyRequestSender - Using open Channel [id: 0x9f61be65, L:/127.0.0.1:63913 - R:localhost/127.0.0.1:61264] for POST '/session/45bc349ba6157f9b4cd0734b21e85f03/execute/sync'
16:09:12.405 [AsyncHttpClient-1-2] DEBUG o.a.netty.handler.HttpHandler - 

Request DefaultHttpRequest(decodeResult: success, version: HTTP/1.1)
POST /session/45bc349ba6157f9b4cd0734b21e85f03/execute/sync HTTP/1.1
User-Agent: selenium/4.1.2 (java windows)
Content-Length: 48780
Content-Type: application/json; charset=utf-8
host: localhost:61264
accept: */*

Response DefaultHttpResponse(decodeResult: success, version: HTTP/1.1)
HTTP/1.1 200 OK
Content-Type: application/json; charset=utf-8
cache-control: no-cache
content-length: 15

16:09:12.406 [AsyncHttpClient-1-2] DEBUG o.a.netty.channel.ChannelManager - Adding key: http://localhost:61264 for channel [id: 0x9f61be65, L:/127.0.0.1:63913 - R:localhost/127.0.0.1:61264]
16:09:12.545 [AsyncHttpClient-1-1] DEBUG o.a.netty.channel.DefaultChannelPool - Entry count for : http://localhost:61264 : 1
16:09:12.545 [AsyncHttpClient-1-1] DEBUG o.a.netty.channel.DefaultChannelPool - Entry count for : http://localhost:63914 : 1
16:09:12.909 [Forwarding findElement on session 45bc349ba6157f9b4cd0734b21e85f03 to remote] DEBUG o.a.netty.request.NettyRequestSender - Using pooled Channel '[id: 0x9f61be65, L:/127.0.0.1:63913 - R:localhost/127.0.0.1:61264]' for 'POST' to 'http://localhost:61264/session/45bc349ba6157f9b4cd0734b21e85f03/element'
16:09:12.910 [Forwarding findElement on session 45bc349ba6157f9b4cd0734b21e85f03 to remote] DEBUG o.a.netty.request.NettyRequestSender - Using open Channel [id: 0x9f61be65, L:/127.0.0.1:63913 - R:localhost/127.0.0.1:61264] for POST '/session/45bc349ba6157f9b4cd0734b21e85f03/element'
16:09:12.914 [AsyncHttpClient-1-2] DEBUG o.a.netty.handler.HttpHandler - 

Request DefaultHttpRequest(decodeResult: success, version: HTTP/1.1)
POST /session/45bc349ba6157f9b4cd0734b21e85f03/element HTTP/1.1
User-Agent: selenium/4.1.2 (java windows)
Content-Length: 75
Content-Type: application/json; charset=utf-8
host: localhost:61264
accept: */*

Response DefaultHttpResponse(decodeResult: success, version: HTTP/1.1)
HTTP/1.1 200 OK
Content-Type: application/json; charset=utf-8
cache-control: no-cache
content-length: 88

16:09:12.914 [AsyncHttpClient-1-2] DEBUG o.a.netty.channel.ChannelManager - Adding key: http://localhost:61264 for channel [id: 0x9f61be65, L:/127.0.0.1:63913 - R:localhost/127.0.0.1:61264]
16:09:12.922 [Forwarding isElementDisplayed on session 45bc349ba6157f9b4cd0734b21e85f03 to remote] DEBUG o.a.netty.request.NettyRequestSender - Using pooled Channel '[id: 0x9f61be65, L:/127.0.0.1:63913 - R:localhost/127.0.0.1:61264]' for 'POST' to 'http://localhost:61264/session/45bc349ba6157f9b4cd0734b21e85f03/execute/sync'
16:09:12.922 [Forwarding isElementDisplayed on session 45bc349ba6157f9b4cd0734b21e85f03 to remote] DEBUG o.a.netty.request.NettyRequestSender - Using open Channel [id: 0x9f61be65, L:/127.0.0.1:63913 - R:localhost/127.0.0.1:61264] for POST '/session/45bc349ba6157f9b4cd0734b21e85f03/execute/sync'
16:09:12.928 [AsyncHttpClient-1-2] DEBUG o.a.netty.handler.HttpHandler - 

Request DefaultHttpRequest(decodeResult: success, version: HTTP/1.1)
POST /session/45bc349ba6157f9b4cd0734b21e85f03/execute/sync HTTP/1.1
User-Agent: selenium/4.1.2 (java windows)
Content-Length: 48780
Content-Type: application/json; charset=utf-8
host: localhost:61264
accept: */*

Response DefaultHttpResponse(decodeResult: success, version: HTTP/1.1)
HTTP/1.1 200 OK
Content-Type: application/json; charset=utf-8
cache-control: no-cache
content-length: 15

16:09:12.928 [AsyncHttpClient-1-2] DEBUG o.a.netty.channel.ChannelManager - Adding key: http://localhost:61264 for channel [id: 0x9f61be65, L:/127.0.0.1:63913 - R:localhost/127.0.0.1:61264]
16:09:13.430 [Forwarding findElement on session 45bc349ba6157f9b4cd0734b21e85f03 to remote] DEBUG o.a.netty.request.NettyRequestSender - Using pooled Channel '[id: 0x9f61be65, L:/127.0.0.1:63913 - R:localhost/127.0.0.1:61264]' for 'POST' to 'http://localhost:61264/session/45bc349ba6157f9b4cd0734b21e85f03/element'
16:09:13.431 [Forwarding findElement on session 45bc349ba6157f9b4cd0734b21e85f03 to remote] DEBUG o.a.netty.request.NettyRequestSender - Using open Channel [id: 0x9f61be65, L:/127.0.0.1:63913 - R:localhost/127.0.0.1:61264] for POST '/session/45bc349ba6157f9b4cd0734b21e85f03/element'
16:09:13.435 [AsyncHttpClient-1-2] DEBUG o.a.netty.handler.HttpHandler - 

Request DefaultHttpRequest(decodeResult: success, version: HTTP/1.1)
POST /session/45bc349ba6157f9b4cd0734b21e85f03/element HTTP/1.1
User-Agent: selenium/4.1.2 (java windows)
Content-Length: 75
Content-Type: application/json; charset=utf-8
host: localhost:61264
accept: */*

Response DefaultHttpResponse(decodeResult: success, version: HTTP/1.1)
HTTP/1.1 200 OK
Content-Type: application/json; charset=utf-8
cache-control: no-cache
content-length: 88

16:09:13.435 [AsyncHttpClient-1-2] DEBUG o.a.netty.channel.ChannelManager - Adding key: http://localhost:61264 for channel [id: 0x9f61be65, L:/127.0.0.1:63913 - R:localhost/127.0.0.1:61264]
16:09:13.438 [Forwarding isElementDisplayed on session 45bc349ba6157f9b4cd0734b21e85f03 to remote] DEBUG o.a.netty.request.NettyRequestSender - Using pooled Channel '[id: 0x9f61be65, L:/127.0.0.1:63913 - R:localhost/127.0.0.1:61264]' for 'POST' to 'http://localhost:61264/session/45bc349ba6157f9b4cd0734b21e85f03/execute/sync'
16:09:13.438 [Forwarding isElementDisplayed on session 45bc349ba6157f9b4cd0734b21e85f03 to remote] DEBUG o.a.netty.request.NettyRequestSender - Using open Channel [id: 0x9f61be65, L:/127.0.0.1:63913 - R:localhost/127.0.0.1:61264] for POST '/session/45bc349ba6157f9b4cd0734b21e85f03/execute/sync'
16:09:13.444 [AsyncHttpClient-1-2] DEBUG o.a.netty.handler.HttpHandler - 

Request DefaultHttpRequest(decodeResult: success, version: HTTP/1.1)
POST /session/45bc349ba6157f9b4cd0734b21e85f03/execute/sync HTTP/1.1
User-Agent: selenium/4.1.2 (java windows)
Content-Length: 48780
Content-Type: application/json; charset=utf-8
host: localhost:61264
accept: */*

Response DefaultHttpResponse(decodeResult: success, version: HTTP/1.1)
HTTP/1.1 200 OK
Content-Type: application/json; charset=utf-8
cache-control: no-cache
content-length: 14

16:09:13.444 [AsyncHttpClient-1-2] DEBUG o.a.netty.channel.ChannelManager - Adding key: http://localhost:61264 for channel [id: 0x9f61be65, L:/127.0.0.1:63913 - R:localhost/127.0.0.1:61264]
16:09:13.444 [Forwarding getElementText on session 45bc349ba6157f9b4cd0734b21e85f03 to remote] DEBUG o.a.netty.request.NettyRequestSender - Using pooled Channel '[id: 0x9f61be65, L:/127.0.0.1:63913 - R:localhost/127.0.0.1:61264]' for 'GET' to 'http://localhost:61264/session/45bc349ba6157f9b4cd0734b21e85f03/element/b87b8e2d-5ba0-47e1-9923-823428efde58/text'
16:09:13.444 [Forwarding getElementText on session 45bc349ba6157f9b4cd0734b21e85f03 to remote] DEBUG o.a.netty.request.NettyRequestSender - Using open Channel [id: 0x9f61be65, L:/127.0.0.1:63913 - R:localhost/127.0.0.1:61264] for GET '/session/45bc349ba6157f9b4cd0734b21e85f03/element/b87b8e2d-5ba0-47e1-9923-823428efde58/text'
16:09:13.454 [AsyncHttpClient-1-2] DEBUG o.a.netty.handler.HttpHandler - 

Request DefaultFullHttpRequest(decodeResult: success, version: HTTP/1.1, content: EmptyByteBufBE)
GET /session/45bc349ba6157f9b4cd0734b21e85f03/element/b87b8e2d-5ba0-47e1-9923-823428efde58/text HTTP/1.1
User-Agent: selenium/4.1.2 (java windows)
Cache-Control: no-cache
Content-Type: application/json; charset=utf-8
host: localhost:61264
accept: */*

Response DefaultHttpResponse(decodeResult: success, version: HTTP/1.1)
HTTP/1.1 200 OK
Content-Type: application/json; charset=utf-8
cache-control: no-cache
content-length: 59

16:09:13.454 [AsyncHttpClient-1-2] DEBUG o.a.netty.channel.ChannelManager - Adding key: http://localhost:61264 for channel [id: 0x9f61be65, L:/127.0.0.1:63913 - R:localhost/127.0.0.1:61264]
16:09:13.654 [AsyncHttpClient-1-1] DEBUG o.a.netty.channel.DefaultChannelPool - Entry count for : http://localhost:61264 : 1
16:09:13.654 [AsyncHttpClient-1-1] DEBUG o.a.netty.channel.DefaultChannelPool - Entry count for : http://localhost:63914 : 1
16:09:14.751 [AsyncHttpClient-1-1] DEBUG o.a.netty.channel.DefaultChannelPool - Entry count for : http://localhost:61264 : 1
16:09:14.751 [AsyncHttpClient-1-1] DEBUG o.a.netty.channel.DefaultChannelPool - Entry count for : http://localhost:63914 : 1
16:09:15.849 [AsyncHttpClient-1-1] DEBUG o.a.netty.channel.DefaultChannelPool - Entry count for : http://localhost:61264 : 1
16:09:15.849 [AsyncHttpClient-1-1] DEBUG o.a.netty.channel.DefaultChannelPool - Entry count for : http://localhost:63914 : 1
16:09:16.951 [AsyncHttpClient-1-1] DEBUG o.a.netty.channel.DefaultChannelPool - Entry count for : http://localhost:61264 : 1
16:09:16.951 [AsyncHttpClient-1-1] DEBUG o.a.netty.channel.DefaultChannelPool - Entry count for : http://localhost:63914 : 1
16:09:17.465 [Forwarding findElement on session 45bc349ba6157f9b4cd0734b21e85f03 to remote] DEBUG o.a.netty.request.NettyRequestSender - Using pooled Channel '[id: 0x9f61be65, L:/127.0.0.1:63913 - R:localhost/127.0.0.1:61264]' for 'POST' to 'http://localhost:61264/session/45bc349ba6157f9b4cd0734b21e85f03/element'
16:09:17.465 [Forwarding findElement on session 45bc349ba6157f9b4cd0734b21e85f03 to remote] DEBUG o.a.netty.request.NettyRequestSender - Using open Channel [id: 0x9f61be65, L:/127.0.0.1:63913 - R:localhost/127.0.0.1:61264] for POST '/session/45bc349ba6157f9b4cd0734b21e85f03/element'
16:09:17.468 [AsyncHttpClient-1-2] DEBUG o.a.netty.handler.HttpHandler - 

Request DefaultHttpRequest(decodeResult: success, version: HTTP/1.1)
POST /session/45bc349ba6157f9b4cd0734b21e85f03/element HTTP/1.1
User-Agent: selenium/4.1.2 (java windows)
Content-Length: 128
Content-Type: application/json; charset=utf-8
host: localhost:61264
accept: */*

Response DefaultHttpResponse(decodeResult: success, version: HTTP/1.1)
HTTP/1.1 200 OK
Content-Type: application/json; charset=utf-8
cache-control: no-cache
content-length: 88

16:09:17.468 [AsyncHttpClient-1-2] DEBUG o.a.netty.channel.ChannelManager - Adding key: http://localhost:61264 for channel [id: 0x9f61be65, L:/127.0.0.1:63913 - R:localhost/127.0.0.1:61264]
16:09:17.468 [Forwarding sendKeysToElement on session 45bc349ba6157f9b4cd0734b21e85f03 to remote] DEBUG o.a.netty.request.NettyRequestSender - Using pooled Channel '[id: 0x9f61be65, L:/127.0.0.1:63913 - R:localhost/127.0.0.1:61264]' for 'POST' to 'http://localhost:61264/session/45bc349ba6157f9b4cd0734b21e85f03/element/022084a4-4421-4247-98f0-2b8dfcd212d4/value'
16:09:17.468 [Forwarding sendKeysToElement on session 45bc349ba6157f9b4cd0734b21e85f03 to remote] DEBUG o.a.netty.request.NettyRequestSender - Using open Channel [id: 0x9f61be65, L:/127.0.0.1:63913 - R:localhost/127.0.0.1:61264] for POST '/session/45bc349ba6157f9b4cd0734b21e85f03/element/022084a4-4421-4247-98f0-2b8dfcd212d4/value'
16:09:17.524 [AsyncHttpClient-1-2] DEBUG o.a.netty.handler.HttpHandler - 

Request DefaultHttpRequest(decodeResult: success, version: HTTP/1.1)
POST /session/45bc349ba6157f9b4cd0734b21e85f03/element/022084a4-4421-4247-98f0-2b8dfcd212d4/value HTTP/1.1
User-Agent: selenium/4.1.2 (java windows)
Content-Length: 271
Content-Type: application/json; charset=utf-8
host: localhost:61264
accept: */*

Response DefaultHttpResponse(decodeResult: success, version: HTTP/1.1)
HTTP/1.1 200 OK
Content-Type: application/json; charset=utf-8
cache-control: no-cache
content-length: 14

16:09:17.524 [AsyncHttpClient-1-2] DEBUG o.a.netty.channel.ChannelManager - Adding key: http://localhost:61264 for channel [id: 0x9f61be65, L:/127.0.0.1:63913 - R:localhost/127.0.0.1:61264]
16:09:17.525 [Forwarding findElement on session 45bc349ba6157f9b4cd0734b21e85f03 to remote] DEBUG o.a.netty.request.NettyRequestSender - Using pooled Channel '[id: 0x9f61be65, L:/127.0.0.1:63913 - R:localhost/127.0.0.1:61264]' for 'POST' to 'http://localhost:61264/session/45bc349ba6157f9b4cd0734b21e85f03/element'
16:09:17.525 [Forwarding findElement on session 45bc349ba6157f9b4cd0734b21e85f03 to remote] DEBUG o.a.netty.request.NettyRequestSender - Using open Channel [id: 0x9f61be65, L:/127.0.0.1:63913 - R:localhost/127.0.0.1:61264] for POST '/session/45bc349ba6157f9b4cd0734b21e85f03/element'
16:09:17.530 [AsyncHttpClient-1-2] DEBUG o.a.netty.handler.HttpHandler - 

Request DefaultHttpRequest(decodeResult: success, version: HTTP/1.1)
POST /session/45bc349ba6157f9b4cd0734b21e85f03/element HTTP/1.1
User-Agent: selenium/4.1.2 (java windows)
Content-Length: 132
Content-Type: application/json; charset=utf-8
host: localhost:61264
accept: */*

Response DefaultHttpResponse(decodeResult: success, version: HTTP/1.1)
HTTP/1.1 200 OK
Content-Type: application/json; charset=utf-8
cache-control: no-cache
content-length: 88

16:09:17.530 [AsyncHttpClient-1-2] DEBUG o.a.netty.channel.ChannelManager - Adding key: http://localhost:61264 for channel [id: 0x9f61be65, L:/127.0.0.1:63913 - R:localhost/127.0.0.1:61264]
16:09:17.531 [Forwarding sendKeysToElement on session 45bc349ba6157f9b4cd0734b21e85f03 to remote] DEBUG o.a.netty.request.NettyRequestSender - Using pooled Channel '[id: 0x9f61be65, L:/127.0.0.1:63913 - R:localhost/127.0.0.1:61264]' for 'POST' to 'http://localhost:61264/session/45bc349ba6157f9b4cd0734b21e85f03/element/4b1938ad-09c5-4b7b-a5a2-f462d77c2621/value'
16:09:17.531 [Forwarding sendKeysToElement on session 45bc349ba6157f9b4cd0734b21e85f03 to remote] DEBUG o.a.netty.request.NettyRequestSender - Using open Channel [id: 0x9f61be65, L:/127.0.0.1:63913 - R:localhost/127.0.0.1:61264] for POST '/session/45bc349ba6157f9b4cd0734b21e85f03/element/4b1938ad-09c5-4b7b-a5a2-f462d77c2621/value'
16:09:17.572 [AsyncHttpClient-1-2] DEBUG o.a.netty.handler.HttpHandler - 

Request DefaultHttpRequest(decodeResult: success, version: HTTP/1.1)
POST /session/45bc349ba6157f9b4cd0734b21e85f03/element/4b1938ad-09c5-4b7b-a5a2-f462d77c2621/value HTTP/1.1
User-Agent: selenium/4.1.2 (java windows)
Content-Length: 161
Content-Type: application/json; charset=utf-8
host: localhost:61264
accept: */*

Response DefaultHttpResponse(decodeResult: success, version: HTTP/1.1)
HTTP/1.1 200 OK
Content-Type: application/json; charset=utf-8
cache-control: no-cache
content-length: 14

16:09:17.572 [AsyncHttpClient-1-2] DEBUG o.a.netty.channel.ChannelManager - Adding key: http://localhost:61264 for channel [id: 0x9f61be65, L:/127.0.0.1:63913 - R:localhost/127.0.0.1:61264]
16:09:17.573 [Forwarding findElement on session 45bc349ba6157f9b4cd0734b21e85f03 to remote] DEBUG o.a.netty.request.NettyRequestSender - Using pooled Channel '[id: 0x9f61be65, L:/127.0.0.1:63913 - R:localhost/127.0.0.1:61264]' for 'POST' to 'http://localhost:61264/session/45bc349ba6157f9b4cd0734b21e85f03/element'
16:09:17.573 [Forwarding findElement on session 45bc349ba6157f9b4cd0734b21e85f03 to remote] DEBUG o.a.netty.request.NettyRequestSender - Using open Channel [id: 0x9f61be65, L:/127.0.0.1:63913 - R:localhost/127.0.0.1:61264] for POST '/session/45bc349ba6157f9b4cd0734b21e85f03/element'
16:09:17.578 [AsyncHttpClient-1-2] DEBUG o.a.netty.handler.HttpHandler - 

Request DefaultHttpRequest(decodeResult: success, version: HTTP/1.1)
POST /session/45bc349ba6157f9b4cd0734b21e85f03/element HTTP/1.1
User-Agent: selenium/4.1.2 (java windows)
Content-Length: 125
Content-Type: application/json; charset=utf-8
host: localhost:61264
accept: */*

Response DefaultHttpResponse(decodeResult: success, version: HTTP/1.1)
HTTP/1.1 200 OK
Content-Type: application/json; charset=utf-8
cache-control: no-cache
content-length: 88

16:09:17.578 [AsyncHttpClient-1-2] DEBUG o.a.netty.channel.ChannelManager - Adding key: http://localhost:61264 for channel [id: 0x9f61be65, L:/127.0.0.1:63913 - R:localhost/127.0.0.1:61264]
16:09:17.580 [Forwarding clickElement on session 45bc349ba6157f9b4cd0734b21e85f03 to remote] DEBUG o.a.netty.request.NettyRequestSender - Using pooled Channel '[id: 0x9f61be65, L:/127.0.0.1:63913 - R:localhost/127.0.0.1:61264]' for 'POST' to 'http://localhost:61264/session/45bc349ba6157f9b4cd0734b21e85f03/element/d1bc84ca-1fb7-4ac0-b004-dba9cfeda5cc/click'
16:09:17.580 [Forwarding clickElement on session 45bc349ba6157f9b4cd0734b21e85f03 to remote] DEBUG o.a.netty.request.NettyRequestSender - Using open Channel [id: 0x9f61be65, L:/127.0.0.1:63913 - R:localhost/127.0.0.1:61264] for POST '/session/45bc349ba6157f9b4cd0734b21e85f03/element/d1bc84ca-1fb7-4ac0-b004-dba9cfeda5cc/click'
16:09:17.636 [AsyncHttpClient-1-2] DEBUG o.a.netty.handler.HttpHandler - 

Request DefaultHttpRequest(decodeResult: success, version: HTTP/1.1)
POST /session/45bc349ba6157f9b4cd0734b21e85f03/element/d1bc84ca-1fb7-4ac0-b004-dba9cfeda5cc/click HTTP/1.1
User-Agent: selenium/4.1.2 (java windows)
Content-Length: 50
Content-Type: application/json; charset=utf-8
host: localhost:61264
accept: */*

Response DefaultHttpResponse(decodeResult: success, version: HTTP/1.1)
HTTP/1.1 200 OK
Content-Type: application/json; charset=utf-8
cache-control: no-cache
content-length: 14

16:09:17.636 [AsyncHttpClient-1-2] DEBUG o.a.netty.channel.ChannelManager - Adding key: http://localhost:61264 for channel [id: 0x9f61be65, L:/127.0.0.1:63913 - R:localhost/127.0.0.1:61264]
16:09:17.637 [Forwarding findElement on session 45bc349ba6157f9b4cd0734b21e85f03 to remote] DEBUG o.a.netty.request.NettyRequestSender - Using pooled Channel '[id: 0x9f61be65, L:/127.0.0.1:63913 - R:localhost/127.0.0.1:61264]' for 'POST' to 'http://localhost:61264/session/45bc349ba6157f9b4cd0734b21e85f03/element'
16:09:17.637 [Forwarding findElement on session 45bc349ba6157f9b4cd0734b21e85f03 to remote] DEBUG o.a.netty.request.NettyRequestSender - Using open Channel [id: 0x9f61be65, L:/127.0.0.1:63913 - R:localhost/127.0.0.1:61264] for POST '/session/45bc349ba6157f9b4cd0734b21e85f03/element'
16:09:17.643 [AsyncHttpClient-1-2] DEBUG o.a.netty.handler.HttpHandler - 

Request DefaultHttpRequest(decodeResult: success, version: HTTP/1.1)
POST /session/45bc349ba6157f9b4cd0734b21e85f03/element HTTP/1.1
User-Agent: selenium/4.1.2 (java windows)
Content-Length: 75
Content-Type: application/json; charset=utf-8
host: localhost:61264
accept: */*

Response DefaultHttpResponse(decodeResult: success, version: HTTP/1.1)
HTTP/1.1 200 OK
Content-Type: application/json; charset=utf-8
cache-control: no-cache
content-length: 88

16:09:17.644 [AsyncHttpClient-1-2] DEBUG o.a.netty.channel.ChannelManager - Adding key: http://localhost:61264 for channel [id: 0x9f61be65, L:/127.0.0.1:63913 - R:localhost/127.0.0.1:61264]
16:09:17.646 [Forwarding isElementDisplayed on session 45bc349ba6157f9b4cd0734b21e85f03 to remote] DEBUG o.a.netty.request.NettyRequestSender - Using pooled Channel '[id: 0x9f61be65, L:/127.0.0.1:63913 - R:localhost/127.0.0.1:61264]' for 'POST' to 'http://localhost:61264/session/45bc349ba6157f9b4cd0734b21e85f03/execute/sync'
16:09:17.646 [Forwarding isElementDisplayed on session 45bc349ba6157f9b4cd0734b21e85f03 to remote] DEBUG o.a.netty.request.NettyRequestSender - Using open Channel [id: 0x9f61be65, L:/127.0.0.1:63913 - R:localhost/127.0.0.1:61264] for POST '/session/45bc349ba6157f9b4cd0734b21e85f03/execute/sync'
16:09:17.655 [AsyncHttpClient-1-2] DEBUG o.a.netty.handler.HttpHandler - 

Request DefaultHttpRequest(decodeResult: success, version: HTTP/1.1)
POST /session/45bc349ba6157f9b4cd0734b21e85f03/execute/sync HTTP/1.1
User-Agent: selenium/4.1.2 (java windows)
Content-Length: 48780
Content-Type: application/json; charset=utf-8
host: localhost:61264
accept: */*

Response DefaultHttpResponse(decodeResult: success, version: HTTP/1.1)
HTTP/1.1 200 OK
Content-Type: application/json; charset=utf-8
cache-control: no-cache
content-length: 15

16:09:17.655 [AsyncHttpClient-1-2] DEBUG o.a.netty.channel.ChannelManager - Adding key: http://localhost:61264 for channel [id: 0x9f61be65, L:/127.0.0.1:63913 - R:localhost/127.0.0.1:61264]
16:09:18.045 [AsyncHttpClient-1-1] DEBUG o.a.netty.channel.DefaultChannelPool - Entry count for : http://localhost:61264 : 1
16:09:18.045 [AsyncHttpClient-1-1] DEBUG o.a.netty.channel.DefaultChannelPool - Entry count for : http://localhost:63914 : 1
16:09:18.158 [Forwarding findElement on session 45bc349ba6157f9b4cd0734b21e85f03 to remote] DEBUG o.a.netty.request.NettyRequestSender - Using pooled Channel '[id: 0x9f61be65, L:/127.0.0.1:63913 - R:localhost/127.0.0.1:61264]' for 'POST' to 'http://localhost:61264/session/45bc349ba6157f9b4cd0734b21e85f03/element'
16:09:18.158 [Forwarding findElement on session 45bc349ba6157f9b4cd0734b21e85f03 to remote] DEBUG o.a.netty.request.NettyRequestSender - Using open Channel [id: 0x9f61be65, L:/127.0.0.1:63913 - R:localhost/127.0.0.1:61264] for POST '/session/45bc349ba6157f9b4cd0734b21e85f03/element'
16:09:18.162 [AsyncHttpClient-1-2] DEBUG o.a.netty.handler.HttpHandler - 

Request DefaultHttpRequest(decodeResult: success, version: HTTP/1.1)
POST /session/45bc349ba6157f9b4cd0734b21e85f03/element HTTP/1.1
User-Agent: selenium/4.1.2 (java windows)
Content-Length: 75
Content-Type: application/json; charset=utf-8
host: localhost:61264
accept: */*

Response DefaultHttpResponse(decodeResult: success, version: HTTP/1.1)
HTTP/1.1 200 OK
Content-Type: application/json; charset=utf-8
cache-control: no-cache
content-length: 88

16:09:18.163 [AsyncHttpClient-1-2] DEBUG o.a.netty.channel.ChannelManager - Adding key: http://localhost:61264 for channel [id: 0x9f61be65, L:/127.0.0.1:63913 - R:localhost/127.0.0.1:61264]
16:09:18.165 [Forwarding isElementDisplayed on session 45bc349ba6157f9b4cd0734b21e85f03 to remote] DEBUG o.a.netty.request.NettyRequestSender - Using pooled Channel '[id: 0x9f61be65, L:/127.0.0.1:63913 - R:localhost/127.0.0.1:61264]' for 'POST' to 'http://localhost:61264/session/45bc349ba6157f9b4cd0734b21e85f03/execute/sync'
16:09:18.165 [Forwarding isElementDisplayed on session 45bc349ba6157f9b4cd0734b21e85f03 to remote] DEBUG o.a.netty.request.NettyRequestSender - Using open Channel [id: 0x9f61be65, L:/127.0.0.1:63913 - R:localhost/127.0.0.1:61264] for POST '/session/45bc349ba6157f9b4cd0734b21e85f03/execute/sync'
16:09:18.171 [AsyncHttpClient-1-2] DEBUG o.a.netty.handler.HttpHandler - 

Request DefaultHttpRequest(decodeResult: success, version: HTTP/1.1)
POST /session/45bc349ba6157f9b4cd0734b21e85f03/execute/sync HTTP/1.1
User-Agent: selenium/4.1.2 (java windows)
Content-Length: 48780
Content-Type: application/json; charset=utf-8
host: localhost:61264
accept: */*

Response DefaultHttpResponse(decodeResult: success, version: HTTP/1.1)
HTTP/1.1 200 OK
Content-Type: application/json; charset=utf-8
cache-control: no-cache
content-length: 14

16:09:18.172 [AsyncHttpClient-1-2] DEBUG o.a.netty.channel.ChannelManager - Adding key: http://localhost:61264 for channel [id: 0x9f61be65, L:/127.0.0.1:63913 - R:localhost/127.0.0.1:61264]
16:09:18.172 [Forwarding getElementText on session 45bc349ba6157f9b4cd0734b21e85f03 to remote] DEBUG o.a.netty.request.NettyRequestSender - Using pooled Channel '[id: 0x9f61be65, L:/127.0.0.1:63913 - R:localhost/127.0.0.1:61264]' for 'GET' to 'http://localhost:61264/session/45bc349ba6157f9b4cd0734b21e85f03/element/53f7d6f9-e4cc-4264-80d0-d1ae049ddc3e/text'
16:09:18.172 [Forwarding getElementText on session 45bc349ba6157f9b4cd0734b21e85f03 to remote] DEBUG o.a.netty.request.NettyRequestSender - Using open Channel [id: 0x9f61be65, L:/127.0.0.1:63913 - R:localhost/127.0.0.1:61264] for GET '/session/45bc349ba6157f9b4cd0734b21e85f03/element/53f7d6f9-e4cc-4264-80d0-d1ae049ddc3e/text'
16:09:18.181 [AsyncHttpClient-1-2] DEBUG o.a.netty.handler.HttpHandler - 

Request DefaultFullHttpRequest(decodeResult: success, version: HTTP/1.1, content: EmptyByteBufBE)
GET /session/45bc349ba6157f9b4cd0734b21e85f03/element/53f7d6f9-e4cc-4264-80d0-d1ae049ddc3e/text HTTP/1.1
User-Agent: selenium/4.1.2 (java windows)
Cache-Control: no-cache
Content-Type: application/json; charset=utf-8
host: localhost:61264
accept: */*

Response DefaultHttpResponse(decodeResult: success, version: HTTP/1.1)
HTTP/1.1 200 OK
Content-Type: application/json; charset=utf-8
cache-control: no-cache
content-length: 59

16:09:18.181 [AsyncHttpClient-1-2] DEBUG o.a.netty.channel.ChannelManager - Adding key: http://localhost:61264 for channel [id: 0x9f61be65, L:/127.0.0.1:63913 - R:localhost/127.0.0.1:61264]
16:09:19.149 [AsyncHttpClient-1-1] DEBUG o.a.netty.channel.DefaultChannelPool - Entry count for : http://localhost:61264 : 1
16:09:19.149 [AsyncHttpClient-1-1] DEBUG o.a.netty.channel.DefaultChannelPool - Entry count for : http://localhost:63914 : 1
16:09:20.253 [AsyncHttpClient-1-1] DEBUG o.a.netty.channel.DefaultChannelPool - Entry count for : http://localhost:61264 : 1
16:09:20.253 [AsyncHttpClient-1-1] DEBUG o.a.netty.channel.DefaultChannelPool - Entry count for : http://localhost:63914 : 1
16:09:21.353 [AsyncHttpClient-1-1] DEBUG o.a.netty.channel.DefaultChannelPool - Entry count for : http://localhost:61264 : 1
16:09:21.353 [AsyncHttpClient-1-1] DEBUG o.a.netty.channel.DefaultChannelPool - Entry count for : http://localhost:63914 : 1
16:09:22.191 [Forwarding findElement on session 45bc349ba6157f9b4cd0734b21e85f03 to remote] DEBUG o.a.netty.request.NettyRequestSender - Using pooled Channel '[id: 0x9f61be65, L:/127.0.0.1:63913 - R:localhost/127.0.0.1:61264]' for 'POST' to 'http://localhost:61264/session/45bc349ba6157f9b4cd0734b21e85f03/element'
16:09:22.191 [Forwarding findElement on session 45bc349ba6157f9b4cd0734b21e85f03 to remote] DEBUG o.a.netty.request.NettyRequestSender - Using open Channel [id: 0x9f61be65, L:/127.0.0.1:63913 - R:localhost/127.0.0.1:61264] for POST '/session/45bc349ba6157f9b4cd0734b21e85f03/element'
16:09:22.191 [AsyncHttpClient-1-2] DEBUG o.a.netty.handler.HttpHandler - 

Request DefaultHttpRequest(decodeResult: success, version: HTTP/1.1)
POST /session/45bc349ba6157f9b4cd0734b21e85f03/element HTTP/1.1
User-Agent: selenium/4.1.2 (java windows)
Content-Length: 128
Content-Type: application/json; charset=utf-8
host: localhost:61264
accept: */*

Response DefaultHttpResponse(decodeResult: success, version: HTTP/1.1)
HTTP/1.1 200 OK
Content-Type: application/json; charset=utf-8
cache-control: no-cache
content-length: 88

16:09:22.191 [AsyncHttpClient-1-2] DEBUG o.a.netty.channel.ChannelManager - Adding key: http://localhost:61264 for channel [id: 0x9f61be65, L:/127.0.0.1:63913 - R:localhost/127.0.0.1:61264]
16:09:22.191 [Forwarding sendKeysToElement on session 45bc349ba6157f9b4cd0734b21e85f03 to remote] DEBUG o.a.netty.request.NettyRequestSender - Using pooled Channel '[id: 0x9f61be65, L:/127.0.0.1:63913 - R:localhost/127.0.0.1:61264]' for 'POST' to 'http://localhost:61264/session/45bc349ba6157f9b4cd0734b21e85f03/element/911ae1ce-add0-400b-95af-4f50d891e929/value'
16:09:22.191 [Forwarding sendKeysToElement on session 45bc349ba6157f9b4cd0734b21e85f03 to remote] DEBUG o.a.netty.request.NettyRequestSender - Using open Channel [id: 0x9f61be65, L:/127.0.0.1:63913 - R:localhost/127.0.0.1:61264] for POST '/session/45bc349ba6157f9b4cd0734b21e85f03/element/911ae1ce-add0-400b-95af-4f50d891e929/value'
16:09:22.211 [AsyncHttpClient-1-2] DEBUG o.a.netty.handler.HttpHandler - 

Request DefaultHttpRequest(decodeResult: success, version: HTTP/1.1)
POST /session/45bc349ba6157f9b4cd0734b21e85f03/element/911ae1ce-add0-400b-95af-4f50d891e929/value HTTP/1.1
User-Agent: selenium/4.1.2 (java windows)
Content-Length: 82
Content-Type: application/json; charset=utf-8
host: localhost:61264
accept: */*

Response DefaultHttpResponse(decodeResult: success, version: HTTP/1.1)
HTTP/1.1 200 OK
Content-Type: application/json; charset=utf-8
cache-control: no-cache
content-length: 14

16:09:22.211 [AsyncHttpClient-1-2] DEBUG o.a.netty.channel.ChannelManager - Adding key: http://localhost:61264 for channel [id: 0x9f61be65, L:/127.0.0.1:63913 - R:localhost/127.0.0.1:61264]
16:09:22.211 [Forwarding findElement on session 45bc349ba6157f9b4cd0734b21e85f03 to remote] DEBUG o.a.netty.request.NettyRequestSender - Using pooled Channel '[id: 0x9f61be65, L:/127.0.0.1:63913 - R:localhost/127.0.0.1:61264]' for 'POST' to 'http://localhost:61264/session/45bc349ba6157f9b4cd0734b21e85f03/element'
16:09:22.211 [Forwarding findElement on session 45bc349ba6157f9b4cd0734b21e85f03 to remote] DEBUG o.a.netty.request.NettyRequestSender - Using open Channel [id: 0x9f61be65, L:/127.0.0.1:63913 - R:localhost/127.0.0.1:61264] for POST '/session/45bc349ba6157f9b4cd0734b21e85f03/element'
16:09:22.211 [AsyncHttpClient-1-2] DEBUG o.a.netty.handler.HttpHandler - 

Request DefaultHttpRequest(decodeResult: success, version: HTTP/1.1)
POST /session/45bc349ba6157f9b4cd0734b21e85f03/element HTTP/1.1
User-Agent: selenium/4.1.2 (java windows)
Content-Length: 132
Content-Type: application/json; charset=utf-8
host: localhost:61264
accept: */*

Response DefaultHttpResponse(decodeResult: success, version: HTTP/1.1)
HTTP/1.1 200 OK
Content-Type: application/json; charset=utf-8
cache-control: no-cache
content-length: 88

16:09:22.211 [AsyncHttpClient-1-2] DEBUG o.a.netty.channel.ChannelManager - Adding key: http://localhost:61264 for channel [id: 0x9f61be65, L:/127.0.0.1:63913 - R:localhost/127.0.0.1:61264]
16:09:22.211 [Forwarding sendKeysToElement on session 45bc349ba6157f9b4cd0734b21e85f03 to remote] DEBUG o.a.netty.request.NettyRequestSender - Using pooled Channel '[id: 0x9f61be65, L:/127.0.0.1:63913 - R:localhost/127.0.0.1:61264]' for 'POST' to 'http://localhost:61264/session/45bc349ba6157f9b4cd0734b21e85f03/element/ad85bbfb-6a6b-4bab-b533-f360810d9354/value'
16:09:22.211 [Forwarding sendKeysToElement on session 45bc349ba6157f9b4cd0734b21e85f03 to remote] DEBUG o.a.netty.request.NettyRequestSender - Using open Channel [id: 0x9f61be65, L:/127.0.0.1:63913 - R:localhost/127.0.0.1:61264] for POST '/session/45bc349ba6157f9b4cd0734b21e85f03/element/ad85bbfb-6a6b-4bab-b533-f360810d9354/value'
16:09:22.245 [AsyncHttpClient-1-2] DEBUG o.a.netty.handler.HttpHandler - 

Request DefaultHttpRequest(decodeResult: success, version: HTTP/1.1)
POST /session/45bc349ba6157f9b4cd0734b21e85f03/element/ad85bbfb-6a6b-4bab-b533-f360810d9354/value HTTP/1.1
User-Agent: selenium/4.1.2 (java windows)
Content-Length: 82
Content-Type: application/json; charset=utf-8
host: localhost:61264
accept: */*

Response DefaultHttpResponse(decodeResult: success, version: HTTP/1.1)
HTTP/1.1 200 OK
Content-Type: application/json; charset=utf-8
cache-control: no-cache
content-length: 14

16:09:22.245 [AsyncHttpClient-1-2] DEBUG o.a.netty.channel.ChannelManager - Adding key: http://localhost:61264 for channel [id: 0x9f61be65, L:/127.0.0.1:63913 - R:localhost/127.0.0.1:61264]
16:09:22.246 [Forwarding findElement on session 45bc349ba6157f9b4cd0734b21e85f03 to remote] DEBUG o.a.netty.request.NettyRequestSender - Using pooled Channel '[id: 0x9f61be65, L:/127.0.0.1:63913 - R:localhost/127.0.0.1:61264]' for 'POST' to 'http://localhost:61264/session/45bc349ba6157f9b4cd0734b21e85f03/element'
16:09:22.246 [Forwarding findElement on session 45bc349ba6157f9b4cd0734b21e85f03 to remote] DEBUG o.a.netty.request.NettyRequestSender - Using open Channel [id: 0x9f61be65, L:/127.0.0.1:63913 - R:localhost/127.0.0.1:61264] for POST '/session/45bc349ba6157f9b4cd0734b21e85f03/element'
16:09:22.251 [AsyncHttpClient-1-2] DEBUG o.a.netty.handler.HttpHandler - 

Request DefaultHttpRequest(decodeResult: success, version: HTTP/1.1)
POST /session/45bc349ba6157f9b4cd0734b21e85f03/element HTTP/1.1
User-Agent: selenium/4.1.2 (java windows)
Content-Length: 125
Content-Type: application/json; charset=utf-8
host: localhost:61264
accept: */*

Response DefaultHttpResponse(decodeResult: success, version: HTTP/1.1)
HTTP/1.1 200 OK
Content-Type: application/json; charset=utf-8
cache-control: no-cache
content-length: 88

16:09:22.251 [AsyncHttpClient-1-2] DEBUG o.a.netty.channel.ChannelManager - Adding key: http://localhost:61264 for channel [id: 0x9f61be65, L:/127.0.0.1:63913 - R:localhost/127.0.0.1:61264]
16:09:22.253 [Forwarding clickElement on session 45bc349ba6157f9b4cd0734b21e85f03 to remote] DEBUG o.a.netty.request.NettyRequestSender - Using pooled Channel '[id: 0x9f61be65, L:/127.0.0.1:63913 - R:localhost/127.0.0.1:61264]' for 'POST' to 'http://localhost:61264/session/45bc349ba6157f9b4cd0734b21e85f03/element/8d25531d-dbc1-405a-8392-6517cec40b5d/click'
16:09:22.253 [Forwarding clickElement on session 45bc349ba6157f9b4cd0734b21e85f03 to remote] DEBUG o.a.netty.request.NettyRequestSender - Using open Channel [id: 0x9f61be65, L:/127.0.0.1:63913 - R:localhost/127.0.0.1:61264] for POST '/session/45bc349ba6157f9b4cd0734b21e85f03/element/8d25531d-dbc1-405a-8392-6517cec40b5d/click'
16:09:22.303 [AsyncHttpClient-1-2] DEBUG o.a.netty.handler.HttpHandler - 

Request DefaultHttpRequest(decodeResult: success, version: HTTP/1.1)
POST /session/45bc349ba6157f9b4cd0734b21e85f03/element/8d25531d-dbc1-405a-8392-6517cec40b5d/click HTTP/1.1
User-Agent: selenium/4.1.2 (java windows)
Content-Length: 50
Content-Type: application/json; charset=utf-8
host: localhost:61264
accept: */*

Response DefaultHttpResponse(decodeResult: success, version: HTTP/1.1)
HTTP/1.1 200 OK
Content-Type: application/json; charset=utf-8
cache-control: no-cache
content-length: 14

16:09:22.303 [AsyncHttpClient-1-2] DEBUG o.a.netty.channel.ChannelManager - Adding key: http://localhost:61264 for channel [id: 0x9f61be65, L:/127.0.0.1:63913 - R:localhost/127.0.0.1:61264]
16:09:22.305 [Forwarding findElement on session 45bc349ba6157f9b4cd0734b21e85f03 to remote] DEBUG o.a.netty.request.NettyRequestSender - Using pooled Channel '[id: 0x9f61be65, L:/127.0.0.1:63913 - R:localhost/127.0.0.1:61264]' for 'POST' to 'http://localhost:61264/session/45bc349ba6157f9b4cd0734b21e85f03/element'
16:09:22.305 [Forwarding findElement on session 45bc349ba6157f9b4cd0734b21e85f03 to remote] DEBUG o.a.netty.request.NettyRequestSender - Using open Channel [id: 0x9f61be65, L:/127.0.0.1:63913 - R:localhost/127.0.0.1:61264] for POST '/session/45bc349ba6157f9b4cd0734b21e85f03/element'
16:09:22.310 [AsyncHttpClient-1-2] DEBUG o.a.netty.handler.HttpHandler - 

Request DefaultHttpRequest(decodeResult: success, version: HTTP/1.1)
POST /session/45bc349ba6157f9b4cd0734b21e85f03/element HTTP/1.1
User-Agent: selenium/4.1.2 (java windows)
Content-Length: 75
Content-Type: application/json; charset=utf-8
host: localhost:61264
accept: */*

Response DefaultHttpResponse(decodeResult: success, version: HTTP/1.1)
HTTP/1.1 200 OK
Content-Type: application/json; charset=utf-8
cache-control: no-cache
content-length: 88

16:09:22.311 [AsyncHttpClient-1-2] DEBUG o.a.netty.channel.ChannelManager - Adding key: http://localhost:61264 for channel [id: 0x9f61be65, L:/127.0.0.1:63913 - R:localhost/127.0.0.1:61264]
16:09:22.313 [Forwarding isElementDisplayed on session 45bc349ba6157f9b4cd0734b21e85f03 to remote] DEBUG o.a.netty.request.NettyRequestSender - Using pooled Channel '[id: 0x9f61be65, L:/127.0.0.1:63913 - R:localhost/127.0.0.1:61264]' for 'POST' to 'http://localhost:61264/session/45bc349ba6157f9b4cd0734b21e85f03/execute/sync'
16:09:22.313 [Forwarding isElementDisplayed on session 45bc349ba6157f9b4cd0734b21e85f03 to remote] DEBUG o.a.netty.request.NettyRequestSender - Using open Channel [id: 0x9f61be65, L:/127.0.0.1:63913 - R:localhost/127.0.0.1:61264] for POST '/session/45bc349ba6157f9b4cd0734b21e85f03/execute/sync'
16:09:22.322 [AsyncHttpClient-1-2] DEBUG o.a.netty.handler.HttpHandler - 

Request DefaultHttpRequest(decodeResult: success, version: HTTP/1.1)
POST /session/45bc349ba6157f9b4cd0734b21e85f03/execute/sync HTTP/1.1
User-Agent: selenium/4.1.2 (java windows)
Content-Length: 48780
Content-Type: application/json; charset=utf-8
host: localhost:61264
accept: */*

Response DefaultHttpResponse(decodeResult: success, version: HTTP/1.1)
HTTP/1.1 200 OK
Content-Type: application/json; charset=utf-8
cache-control: no-cache
content-length: 15

16:09:22.322 [AsyncHttpClient-1-2] DEBUG o.a.netty.channel.ChannelManager - Adding key: http://localhost:61264 for channel [id: 0x9f61be65, L:/127.0.0.1:63913 - R:localhost/127.0.0.1:61264]
16:09:22.446 [AsyncHttpClient-1-1] DEBUG o.a.netty.channel.DefaultChannelPool - Entry count for : http://localhost:61264 : 1
16:09:22.446 [AsyncHttpClient-1-1] DEBUG o.a.netty.channel.DefaultChannelPool - Entry count for : http://localhost:63914 : 1
16:09:22.830 [Forwarding findElement on session 45bc349ba6157f9b4cd0734b21e85f03 to remote] DEBUG o.a.netty.request.NettyRequestSender - Using pooled Channel '[id: 0x9f61be65, L:/127.0.0.1:63913 - R:localhost/127.0.0.1:61264]' for 'POST' to 'http://localhost:61264/session/45bc349ba6157f9b4cd0734b21e85f03/element'
16:09:22.830 [Forwarding findElement on session 45bc349ba6157f9b4cd0734b21e85f03 to remote] DEBUG o.a.netty.request.NettyRequestSender - Using open Channel [id: 0x9f61be65, L:/127.0.0.1:63913 - R:localhost/127.0.0.1:61264] for POST '/session/45bc349ba6157f9b4cd0734b21e85f03/element'
16:09:22.835 [AsyncHttpClient-1-2] DEBUG o.a.netty.handler.HttpHandler - 

Request DefaultHttpRequest(decodeResult: success, version: HTTP/1.1)
POST /session/45bc349ba6157f9b4cd0734b21e85f03/element HTTP/1.1
User-Agent: selenium/4.1.2 (java windows)
Content-Length: 75
Content-Type: application/json; charset=utf-8
host: localhost:61264
accept: */*

Response DefaultHttpResponse(decodeResult: success, version: HTTP/1.1)
HTTP/1.1 200 OK
Content-Type: application/json; charset=utf-8
cache-control: no-cache
content-length: 88

16:09:22.835 [AsyncHttpClient-1-2] DEBUG o.a.netty.channel.ChannelManager - Adding key: http://localhost:61264 for channel [id: 0x9f61be65, L:/127.0.0.1:63913 - R:localhost/127.0.0.1:61264]
16:09:22.838 [Forwarding isElementDisplayed on session 45bc349ba6157f9b4cd0734b21e85f03 to remote] DEBUG o.a.netty.request.NettyRequestSender - Using pooled Channel '[id: 0x9f61be65, L:/127.0.0.1:63913 - R:localhost/127.0.0.1:61264]' for 'POST' to 'http://localhost:61264/session/45bc349ba6157f9b4cd0734b21e85f03/execute/sync'
16:09:22.838 [Forwarding isElementDisplayed on session 45bc349ba6157f9b4cd0734b21e85f03 to remote] DEBUG o.a.netty.request.NettyRequestSender - Using open Channel [id: 0x9f61be65, L:/127.0.0.1:63913 - R:localhost/127.0.0.1:61264] for POST '/session/45bc349ba6157f9b4cd0734b21e85f03/execute/sync'
16:09:22.843 [AsyncHttpClient-1-2] DEBUG o.a.netty.handler.HttpHandler - 

Request DefaultHttpRequest(decodeResult: success, version: HTTP/1.1)
POST /session/45bc349ba6157f9b4cd0734b21e85f03/execute/sync HTTP/1.1
User-Agent: selenium/4.1.2 (java windows)
Content-Length: 48780
Content-Type: application/json; charset=utf-8
host: localhost:61264
accept: */*

Response DefaultHttpResponse(decodeResult: success, version: HTTP/1.1)
HTTP/1.1 200 OK
Content-Type: application/json; charset=utf-8
cache-control: no-cache
content-length: 14

16:09:22.844 [AsyncHttpClient-1-2] DEBUG o.a.netty.channel.ChannelManager - Adding key: http://localhost:61264 for channel [id: 0x9f61be65, L:/127.0.0.1:63913 - R:localhost/127.0.0.1:61264]
16:09:22.844 [Forwarding getElementText on session 45bc349ba6157f9b4cd0734b21e85f03 to remote] DEBUG o.a.netty.request.NettyRequestSender - Using pooled Channel '[id: 0x9f61be65, L:/127.0.0.1:63913 - R:localhost/127.0.0.1:61264]' for 'GET' to 'http://localhost:61264/session/45bc349ba6157f9b4cd0734b21e85f03/element/9319932f-a565-4469-9c73-cfcab5165b26/text'
16:09:22.844 [Forwarding getElementText on session 45bc349ba6157f9b4cd0734b21e85f03 to remote] DEBUG o.a.netty.request.NettyRequestSender - Using open Channel [id: 0x9f61be65, L:/127.0.0.1:63913 - R:localhost/127.0.0.1:61264] for GET '/session/45bc349ba6157f9b4cd0734b21e85f03/element/9319932f-a565-4469-9c73-cfcab5165b26/text'
16:09:22.854 [AsyncHttpClient-1-2] DEBUG o.a.netty.handler.HttpHandler - 

Request DefaultFullHttpRequest(decodeResult: success, version: HTTP/1.1, content: EmptyByteBufBE)
GET /session/45bc349ba6157f9b4cd0734b21e85f03/element/9319932f-a565-4469-9c73-cfcab5165b26/text HTTP/1.1
User-Agent: selenium/4.1.2 (java windows)
Cache-Control: no-cache
Content-Type: application/json; charset=utf-8
host: localhost:61264
accept: */*

Response DefaultHttpResponse(decodeResult: success, version: HTTP/1.1)
HTTP/1.1 200 OK
Content-Type: application/json; charset=utf-8
cache-control: no-cache
content-length: 59

16:09:22.854 [AsyncHttpClient-1-2] DEBUG o.a.netty.channel.ChannelManager - Adding key: http://localhost:61264 for channel [id: 0x9f61be65, L:/127.0.0.1:63913 - R:localhost/127.0.0.1:61264]
16:09:23.552 [AsyncHttpClient-1-1] DEBUG o.a.netty.channel.DefaultChannelPool - Entry count for : http://localhost:61264 : 1
16:09:23.552 [AsyncHttpClient-1-1] DEBUG o.a.netty.channel.DefaultChannelPool - Entry count for : http://localhost:63914 : 1
16:09:24.651 [AsyncHttpClient-1-1] DEBUG o.a.netty.channel.DefaultChannelPool - Entry count for : http://localhost:61264 : 1
16:09:24.651 [AsyncHttpClient-1-1] DEBUG o.a.netty.channel.DefaultChannelPool - Entry count for : http://localhost:63914 : 1
16:09:25.748 [AsyncHttpClient-1-1] DEBUG o.a.netty.channel.DefaultChannelPool - Entry count for : http://localhost:61264 : 1
16:09:25.748 [AsyncHttpClient-1-1] DEBUG o.a.netty.channel.DefaultChannelPool - Entry count for : http://localhost:63914 : 1
16:09:26.852 [AsyncHttpClient-1-1] DEBUG o.a.netty.channel.DefaultChannelPool - Entry count for : http://localhost:61264 : 1
16:09:26.852 [AsyncHttpClient-1-1] DEBUG o.a.netty.channel.DefaultChannelPool - Entry count for : http://localhost:63914 : 1
16:09:26.862 [Forwarding findElement on session 45bc349ba6157f9b4cd0734b21e85f03 to remote] DEBUG o.a.netty.request.NettyRequestSender - Using pooled Channel '[id: 0x9f61be65, L:/127.0.0.1:63913 - R:localhost/127.0.0.1:61264]' for 'POST' to 'http://localhost:61264/session/45bc349ba6157f9b4cd0734b21e85f03/element'
16:09:26.862 [Forwarding findElement on session 45bc349ba6157f9b4cd0734b21e85f03 to remote] DEBUG o.a.netty.request.NettyRequestSender - Using open Channel [id: 0x9f61be65, L:/127.0.0.1:63913 - R:localhost/127.0.0.1:61264] for POST '/session/45bc349ba6157f9b4cd0734b21e85f03/element'
16:09:26.862 [AsyncHttpClient-1-2] DEBUG o.a.netty.handler.HttpHandler - 

Request DefaultHttpRequest(decodeResult: success, version: HTTP/1.1)
POST /session/45bc349ba6157f9b4cd0734b21e85f03/element HTTP/1.1
User-Agent: selenium/4.1.2 (java windows)
Content-Length: 128
Content-Type: application/json; charset=utf-8
host: localhost:61264
accept: */*

Response DefaultHttpResponse(decodeResult: success, version: HTTP/1.1)
HTTP/1.1 200 OK
Content-Type: application/json; charset=utf-8
cache-control: no-cache
content-length: 88

16:09:26.862 [AsyncHttpClient-1-2] DEBUG o.a.netty.channel.ChannelManager - Adding key: http://localhost:61264 for channel [id: 0x9f61be65, L:/127.0.0.1:63913 - R:localhost/127.0.0.1:61264]
16:09:26.862 [Forwarding sendKeysToElement on session 45bc349ba6157f9b4cd0734b21e85f03 to remote] DEBUG o.a.netty.request.NettyRequestSender - Using pooled Channel '[id: 0x9f61be65, L:/127.0.0.1:63913 - R:localhost/127.0.0.1:61264]' for 'POST' to 'http://localhost:61264/session/45bc349ba6157f9b4cd0734b21e85f03/element/895fedfe-4f0a-43d5-8ab0-37f83a6612cf/value'
16:09:26.862 [Forwarding sendKeysToElement on session 45bc349ba6157f9b4cd0734b21e85f03 to remote] DEBUG o.a.netty.request.NettyRequestSender - Using open Channel [id: 0x9f61be65, L:/127.0.0.1:63913 - R:localhost/127.0.0.1:61264] for POST '/session/45bc349ba6157f9b4cd0734b21e85f03/element/895fedfe-4f0a-43d5-8ab0-37f83a6612cf/value'
16:09:26.882 [AsyncHttpClient-1-2] DEBUG o.a.netty.handler.HttpHandler - 

Request DefaultHttpRequest(decodeResult: success, version: HTTP/1.1)
POST /session/45bc349ba6157f9b4cd0734b21e85f03/element/895fedfe-4f0a-43d5-8ab0-37f83a6612cf/value HTTP/1.1
User-Agent: selenium/4.1.2 (java windows)
Content-Length: 82
Content-Type: application/json; charset=utf-8
host: localhost:61264
accept: */*

Response DefaultHttpResponse(decodeResult: success, version: HTTP/1.1)
HTTP/1.1 200 OK
Content-Type: application/json; charset=utf-8
cache-control: no-cache
content-length: 14

16:09:26.882 [AsyncHttpClient-1-2] DEBUG o.a.netty.channel.ChannelManager - Adding key: http://localhost:61264 for channel [id: 0x9f61be65, L:/127.0.0.1:63913 - R:localhost/127.0.0.1:61264]
16:09:26.882 [Forwarding findElement on session 45bc349ba6157f9b4cd0734b21e85f03 to remote] DEBUG o.a.netty.request.NettyRequestSender - Using pooled Channel '[id: 0x9f61be65, L:/127.0.0.1:63913 - R:localhost/127.0.0.1:61264]' for 'POST' to 'http://localhost:61264/session/45bc349ba6157f9b4cd0734b21e85f03/element'
16:09:26.882 [Forwarding findElement on session 45bc349ba6157f9b4cd0734b21e85f03 to remote] DEBUG o.a.netty.request.NettyRequestSender - Using open Channel [id: 0x9f61be65, L:/127.0.0.1:63913 - R:localhost/127.0.0.1:61264] for POST '/session/45bc349ba6157f9b4cd0734b21e85f03/element'
16:09:26.882 [AsyncHttpClient-1-2] DEBUG o.a.netty.handler.HttpHandler - 

Request DefaultHttpRequest(decodeResult: success, version: HTTP/1.1)
POST /session/45bc349ba6157f9b4cd0734b21e85f03/element HTTP/1.1
User-Agent: selenium/4.1.2 (java windows)
Content-Length: 132
Content-Type: application/json; charset=utf-8
host: localhost:61264
accept: */*

Response DefaultHttpResponse(decodeResult: success, version: HTTP/1.1)
HTTP/1.1 200 OK
Content-Type: application/json; charset=utf-8
cache-control: no-cache
content-length: 88

16:09:26.882 [AsyncHttpClient-1-2] DEBUG o.a.netty.channel.ChannelManager - Adding key: http://localhost:61264 for channel [id: 0x9f61be65, L:/127.0.0.1:63913 - R:localhost/127.0.0.1:61264]
16:09:26.882 [Forwarding sendKeysToElement on session 45bc349ba6157f9b4cd0734b21e85f03 to remote] DEBUG o.a.netty.request.NettyRequestSender - Using pooled Channel '[id: 0x9f61be65, L:/127.0.0.1:63913 - R:localhost/127.0.0.1:61264]' for 'POST' to 'http://localhost:61264/session/45bc349ba6157f9b4cd0734b21e85f03/element/82ca5a45-ab83-4fa7-8d93-5489708d8326/value'
16:09:26.882 [Forwarding sendKeysToElement on session 45bc349ba6157f9b4cd0734b21e85f03 to remote] DEBUG o.a.netty.request.NettyRequestSender - Using open Channel [id: 0x9f61be65, L:/127.0.0.1:63913 - R:localhost/127.0.0.1:61264] for POST '/session/45bc349ba6157f9b4cd0734b21e85f03/element/82ca5a45-ab83-4fa7-8d93-5489708d8326/value'
16:09:26.917 [AsyncHttpClient-1-2] DEBUG o.a.netty.handler.HttpHandler - 

Request DefaultHttpRequest(decodeResult: success, version: HTTP/1.1)
POST /session/45bc349ba6157f9b4cd0734b21e85f03/element/82ca5a45-ab83-4fa7-8d93-5489708d8326/value HTTP/1.1
User-Agent: selenium/4.1.2 (java windows)
Content-Length: 82
Content-Type: application/json; charset=utf-8
host: localhost:61264
accept: */*

Response DefaultHttpResponse(decodeResult: success, version: HTTP/1.1)
HTTP/1.1 200 OK
Content-Type: application/json; charset=utf-8
cache-control: no-cache
content-length: 14

16:09:26.917 [AsyncHttpClient-1-2] DEBUG o.a.netty.channel.ChannelManager - Adding key: http://localhost:61264 for channel [id: 0x9f61be65, L:/127.0.0.1:63913 - R:localhost/127.0.0.1:61264]
16:09:26.919 [Forwarding findElement on session 45bc349ba6157f9b4cd0734b21e85f03 to remote] DEBUG o.a.netty.request.NettyRequestSender - Using pooled Channel '[id: 0x9f61be65, L:/127.0.0.1:63913 - R:localhost/127.0.0.1:61264]' for 'POST' to 'http://localhost:61264/session/45bc349ba6157f9b4cd0734b21e85f03/element'
16:09:26.919 [Forwarding findElement on session 45bc349ba6157f9b4cd0734b21e85f03 to remote] DEBUG o.a.netty.request.NettyRequestSender - Using open Channel [id: 0x9f61be65, L:/127.0.0.1:63913 - R:localhost/127.0.0.1:61264] for POST '/session/45bc349ba6157f9b4cd0734b21e85f03/element'
16:09:26.923 [AsyncHttpClient-1-2] DEBUG o.a.netty.handler.HttpHandler - 

Request DefaultHttpRequest(decodeResult: success, version: HTTP/1.1)
POST /session/45bc349ba6157f9b4cd0734b21e85f03/element HTTP/1.1
User-Agent: selenium/4.1.2 (java windows)
Content-Length: 125
Content-Type: application/json; charset=utf-8
host: localhost:61264
accept: */*

Response DefaultHttpResponse(decodeResult: success, version: HTTP/1.1)
HTTP/1.1 200 OK
Content-Type: application/json; charset=utf-8
cache-control: no-cache
content-length: 88

16:09:26.924 [AsyncHttpClient-1-2] DEBUG o.a.netty.channel.ChannelManager - Adding key: http://localhost:61264 for channel [id: 0x9f61be65, L:/127.0.0.1:63913 - R:localhost/127.0.0.1:61264]
16:09:26.925 [Forwarding clickElement on session 45bc349ba6157f9b4cd0734b21e85f03 to remote] DEBUG o.a.netty.request.NettyRequestSender - Using pooled Channel '[id: 0x9f61be65, L:/127.0.0.1:63913 - R:localhost/127.0.0.1:61264]' for 'POST' to 'http://localhost:61264/session/45bc349ba6157f9b4cd0734b21e85f03/element/c12bb000-9342-4130-ada2-97e9383640e1/click'
16:09:26.925 [Forwarding clickElement on session 45bc349ba6157f9b4cd0734b21e85f03 to remote] DEBUG o.a.netty.request.NettyRequestSender - Using open Channel [id: 0x9f61be65, L:/127.0.0.1:63913 - R:localhost/127.0.0.1:61264] for POST '/session/45bc349ba6157f9b4cd0734b21e85f03/element/c12bb000-9342-4130-ada2-97e9383640e1/click'
16:09:26.973 [AsyncHttpClient-1-2] DEBUG o.a.netty.handler.HttpHandler - 

Request DefaultHttpRequest(decodeResult: success, version: HTTP/1.1)
POST /session/45bc349ba6157f9b4cd0734b21e85f03/element/c12bb000-9342-4130-ada2-97e9383640e1/click HTTP/1.1
User-Agent: selenium/4.1.2 (java windows)
Content-Length: 50
Content-Type: application/json; charset=utf-8
host: localhost:61264
accept: */*

Response DefaultHttpResponse(decodeResult: success, version: HTTP/1.1)
HTTP/1.1 200 OK
Content-Type: application/json; charset=utf-8
cache-control: no-cache
content-length: 14

16:09:26.973 [AsyncHttpClient-1-2] DEBUG o.a.netty.channel.ChannelManager - Adding key: http://localhost:61264 for channel [id: 0x9f61be65, L:/127.0.0.1:63913 - R:localhost/127.0.0.1:61264]
16:09:26.974 [Forwarding findElement on session 45bc349ba6157f9b4cd0734b21e85f03 to remote] DEBUG o.a.netty.request.NettyRequestSender - Using pooled Channel '[id: 0x9f61be65, L:/127.0.0.1:63913 - R:localhost/127.0.0.1:61264]' for 'POST' to 'http://localhost:61264/session/45bc349ba6157f9b4cd0734b21e85f03/element'
16:09:26.974 [Forwarding findElement on session 45bc349ba6157f9b4cd0734b21e85f03 to remote] DEBUG o.a.netty.request.NettyRequestSender - Using open Channel [id: 0x9f61be65, L:/127.0.0.1:63913 - R:localhost/127.0.0.1:61264] for POST '/session/45bc349ba6157f9b4cd0734b21e85f03/element'
16:09:26.980 [AsyncHttpClient-1-2] DEBUG o.a.netty.handler.HttpHandler - 

Request DefaultHttpRequest(decodeResult: success, version: HTTP/1.1)
POST /session/45bc349ba6157f9b4cd0734b21e85f03/element HTTP/1.1
User-Agent: selenium/4.1.2 (java windows)
Content-Length: 75
Content-Type: application/json; charset=utf-8
host: localhost:61264
accept: */*

Response DefaultHttpResponse(decodeResult: success, version: HTTP/1.1)
HTTP/1.1 200 OK
Content-Type: application/json; charset=utf-8
cache-control: no-cache
content-length: 88

16:09:26.980 [AsyncHttpClient-1-2] DEBUG o.a.netty.channel.ChannelManager - Adding key: http://localhost:61264 for channel [id: 0x9f61be65, L:/127.0.0.1:63913 - R:localhost/127.0.0.1:61264]
16:09:26.982 [Forwarding isElementDisplayed on session 45bc349ba6157f9b4cd0734b21e85f03 to remote] DEBUG o.a.netty.request.NettyRequestSender - Using pooled Channel '[id: 0x9f61be65, L:/127.0.0.1:63913 - R:localhost/127.0.0.1:61264]' for 'POST' to 'http://localhost:61264/session/45bc349ba6157f9b4cd0734b21e85f03/execute/sync'
16:09:26.982 [Forwarding isElementDisplayed on session 45bc349ba6157f9b4cd0734b21e85f03 to remote] DEBUG o.a.netty.request.NettyRequestSender - Using open Channel [id: 0x9f61be65, L:/127.0.0.1:63913 - R:localhost/127.0.0.1:61264] for POST '/session/45bc349ba6157f9b4cd0734b21e85f03/execute/sync'
16:09:26.991 [AsyncHttpClient-1-2] DEBUG o.a.netty.handler.HttpHandler - 

Request DefaultHttpRequest(decodeResult: success, version: HTTP/1.1)
POST /session/45bc349ba6157f9b4cd0734b21e85f03/execute/sync HTTP/1.1
User-Agent: selenium/4.1.2 (java windows)
Content-Length: 48780
Content-Type: application/json; charset=utf-8
host: localhost:61264
accept: */*

Response DefaultHttpResponse(decodeResult: success, version: HTTP/1.1)
HTTP/1.1 200 OK
Content-Type: application/json; charset=utf-8
cache-control: no-cache
content-length: 15

16:09:26.991 [AsyncHttpClient-1-2] DEBUG o.a.netty.channel.ChannelManager - Adding key: http://localhost:61264 for channel [id: 0x9f61be65, L:/127.0.0.1:63913 - R:localhost/127.0.0.1:61264]
16:09:27.503 [Forwarding findElement on session 45bc349ba6157f9b4cd0734b21e85f03 to remote] DEBUG o.a.netty.request.NettyRequestSender - Using pooled Channel '[id: 0x9f61be65, L:/127.0.0.1:63913 - R:localhost/127.0.0.1:61264]' for 'POST' to 'http://localhost:61264/session/45bc349ba6157f9b4cd0734b21e85f03/element'
16:09:27.504 [Forwarding findElement on session 45bc349ba6157f9b4cd0734b21e85f03 to remote] DEBUG o.a.netty.request.NettyRequestSender - Using open Channel [id: 0x9f61be65, L:/127.0.0.1:63913 - R:localhost/127.0.0.1:61264] for POST '/session/45bc349ba6157f9b4cd0734b21e85f03/element'
16:09:27.508 [AsyncHttpClient-1-2] DEBUG o.a.netty.handler.HttpHandler - 

Request DefaultHttpRequest(decodeResult: success, version: HTTP/1.1)
POST /session/45bc349ba6157f9b4cd0734b21e85f03/element HTTP/1.1
User-Agent: selenium/4.1.2 (java windows)
Content-Length: 75
Content-Type: application/json; charset=utf-8
host: localhost:61264
accept: */*

Response DefaultHttpResponse(decodeResult: success, version: HTTP/1.1)
HTTP/1.1 200 OK
Content-Type: application/json; charset=utf-8
cache-control: no-cache
content-length: 88

16:09:27.509 [AsyncHttpClient-1-2] DEBUG o.a.netty.channel.ChannelManager - Adding key: http://localhost:61264 for channel [id: 0x9f61be65, L:/127.0.0.1:63913 - R:localhost/127.0.0.1:61264]
16:09:27.511 [Forwarding isElementDisplayed on session 45bc349ba6157f9b4cd0734b21e85f03 to remote] DEBUG o.a.netty.request.NettyRequestSender - Using pooled Channel '[id: 0x9f61be65, L:/127.0.0.1:63913 - R:localhost/127.0.0.1:61264]' for 'POST' to 'http://localhost:61264/session/45bc349ba6157f9b4cd0734b21e85f03/execute/sync'
16:09:27.511 [Forwarding isElementDisplayed on session 45bc349ba6157f9b4cd0734b21e85f03 to remote] DEBUG o.a.netty.request.NettyRequestSender - Using open Channel [id: 0x9f61be65, L:/127.0.0.1:63913 - R:localhost/127.0.0.1:61264] for POST '/session/45bc349ba6157f9b4cd0734b21e85f03/execute/sync'
16:09:27.517 [AsyncHttpClient-1-2] DEBUG o.a.netty.handler.HttpHandler - 

Request DefaultHttpRequest(decodeResult: success, version: HTTP/1.1)
POST /session/45bc349ba6157f9b4cd0734b21e85f03/execute/sync HTTP/1.1
User-Agent: selenium/4.1.2 (java windows)
Content-Length: 48780
Content-Type: application/json; charset=utf-8
host: localhost:61264
accept: */*

Response DefaultHttpResponse(decodeResult: success, version: HTTP/1.1)
HTTP/1.1 200 OK
Content-Type: application/json; charset=utf-8
cache-control: no-cache
content-length: 14

16:09:27.517 [AsyncHttpClient-1-2] DEBUG o.a.netty.channel.ChannelManager - Adding key: http://localhost:61264 for channel [id: 0x9f61be65, L:/127.0.0.1:63913 - R:localhost/127.0.0.1:61264]
16:09:27.518 [Forwarding getElementText on session 45bc349ba6157f9b4cd0734b21e85f03 to remote] DEBUG o.a.netty.request.NettyRequestSender - Using pooled Channel '[id: 0x9f61be65, L:/127.0.0.1:63913 - R:localhost/127.0.0.1:61264]' for 'GET' to 'http://localhost:61264/session/45bc349ba6157f9b4cd0734b21e85f03/element/005ddc23-71a8-4c30-9f47-d589fe8b619d/text'
16:09:27.518 [Forwarding getElementText on session 45bc349ba6157f9b4cd0734b21e85f03 to remote] DEBUG o.a.netty.request.NettyRequestSender - Using open Channel [id: 0x9f61be65, L:/127.0.0.1:63913 - R:localhost/127.0.0.1:61264] for GET '/session/45bc349ba6157f9b4cd0734b21e85f03/element/005ddc23-71a8-4c30-9f47-d589fe8b619d/text'
16:09:27.527 [AsyncHttpClient-1-2] DEBUG o.a.netty.handler.HttpHandler - 

Request DefaultFullHttpRequest(decodeResult: success, version: HTTP/1.1, content: EmptyByteBufBE)
GET /session/45bc349ba6157f9b4cd0734b21e85f03/element/005ddc23-71a8-4c30-9f47-d589fe8b619d/text HTTP/1.1
User-Agent: selenium/4.1.2 (java windows)
Cache-Control: no-cache
Content-Type: application/json; charset=utf-8
host: localhost:61264
accept: */*

Response DefaultHttpResponse(decodeResult: success, version: HTTP/1.1)
HTTP/1.1 200 OK
Content-Type: application/json; charset=utf-8
cache-control: no-cache
content-length: 59

16:09:27.527 [AsyncHttpClient-1-2] DEBUG o.a.netty.channel.ChannelManager - Adding key: http://localhost:61264 for channel [id: 0x9f61be65, L:/127.0.0.1:63913 - R:localhost/127.0.0.1:61264]
16:09:27.948 [AsyncHttpClient-1-1] DEBUG o.a.netty.channel.DefaultChannelPool - Entry count for : http://localhost:61264 : 1
16:09:27.948 [AsyncHttpClient-1-1] DEBUG o.a.netty.channel.DefaultChannelPool - Entry count for : http://localhost:63914 : 1
16:09:29.052 [AsyncHttpClient-1-1] DEBUG o.a.netty.channel.DefaultChannelPool - Entry count for : http://localhost:61264 : 1
16:09:29.052 [AsyncHttpClient-1-1] DEBUG o.a.netty.channel.DefaultChannelPool - Entry count for : http://localhost:63914 : 1
  &amp#27;[32mWhen &amp#27;[0m&amp#27;[32muser login using invalid credentials form ExcelData with File &amp#27;[0m&amp#27;[32m&amp#27;[1m"InvalidUserCredentials"&amp#27;[0m&amp#27;[32m and SheetName &amp#27;[0m&amp#27;[32m&amp#27;[1m"InvalidUserCredentials"&amp#27;[0m &amp#27;[90m# stepdefinitions.LoginPageSteps.user_login_using_invalid_credentials_form_excel_data_with_file_and_sheet_name(java.lang.String,java.lang.String)&amp#27;[0m
16:09:29.533 [Forwarding getTitle on session 45bc349ba6157f9b4cd0734b21e85f03 to remote] DEBUG o.a.netty.request.NettyRequestSender - Using pooled Channel '[id: 0x9f61be65, L:/127.0.0.1:63913 - R:localhost/127.0.0.1:61264]' for 'GET' to 'http://localhost:61264/session/45bc349ba6157f9b4cd0734b21e85f03/title'
16:09:29.533 [Forwarding getTitle on session 45bc349ba6157f9b4cd0734b21e85f03 to remote] DEBUG o.a.netty.request.NettyRequestSender - Using open Channel [id: 0x9f61be65, L:/127.0.0.1:63913 - R:localhost/127.0.0.1:61264] for GET '/session/45bc349ba6157f9b4cd0734b21e85f03/title'
16:09:29.533 [AsyncHttpClient-1-2] DEBUG o.a.netty.handler.HttpHandler - 

Request DefaultFullHttpRequest(decodeResult: success, version: HTTP/1.1, content: EmptyByteBufBE)
GET /session/45bc349ba6157f9b4cd0734b21e85f03/title HTTP/1.1
User-Agent: selenium/4.1.2 (java windows)
Cache-Control: no-cache
Content-Type: application/json; charset=utf-8
host: localhost:61264
accept: */*

Response DefaultHttpResponse(decodeResult: success, version: HTTP/1.1)
HTTP/1.1 200 OK
Content-Type: application/json; charset=utf-8
cache-control: no-cache
content-length: 22

16:09:29.533 [AsyncHttpClient-1-2] DEBUG o.a.netty.channel.ChannelManager - Adding key: http://localhost:61264 for channel [id: 0x9f61be65, L:/127.0.0.1:63913 - R:localhost/127.0.0.1:61264]
16:09:29.533 [Forwarding getTitle on session 45bc349ba6157f9b4cd0734b21e85f03 to remote] DEBUG o.a.netty.request.NettyRequestSender - Using pooled Channel '[id: 0x9f61be65, L:/127.0.0.1:63913 - R:localhost/127.0.0.1:61264]' for 'GET' to 'http://localhost:61264/session/45bc349ba6157f9b4cd0734b21e85f03/title'
16:09:29.533 [Forwarding getTitle on session 45bc349ba6157f9b4cd0734b21e85f03 to remote] DEBUG o.a.netty.request.NettyRequestSender - Using open Channel [id: 0x9f61be65, L:/127.0.0.1:63913 - R:localhost/127.0.0.1:61264] for GET '/session/45bc349ba6157f9b4cd0734b21e85f03/title'
16:09:29.540 [AsyncHttpClient-1-2] DEBUG o.a.netty.handler.HttpHandler - 

Request DefaultFullHttpRequest(decodeResult: success, version: HTTP/1.1, content: EmptyByteBufBE)
GET /session/45bc349ba6157f9b4cd0734b21e85f03/title HTTP/1.1
User-Agent: selenium/4.1.2 (java windows)
Cache-Control: no-cache
Content-Type: application/json; charset=utf-8
host: localhost:61264
accept: */*

Response DefaultHttpResponse(decodeResult: success, version: HTTP/1.1)
HTTP/1.1 200 OK
Content-Type: application/json; charset=utf-8
cache-control: no-cache
content-length: 22

16:09:29.540 [AsyncHttpClient-1-2] DEBUG o.a.netty.channel.ChannelManager - Adding key: http://localhost:61264 for channel [id: 0x9f61be65, L:/127.0.0.1:63913 - R:localhost/127.0.0.1:61264]
16:09:30.145 [AsyncHttpClient-1-1] DEBUG o.a.netty.channel.DefaultChannelPool - Entry count for : http://localhost:61264 : 1
16:09:30.145 [AsyncHttpClient-1-1] DEBUG o.a.netty.channel.DefaultChannelPool - Entry count for : http://localhost:63914 : 1
16:09:31.250 [AsyncHttpClient-1-1] DEBUG o.a.netty.channel.DefaultChannelPool - Entry count for : http://localhost:61264 : 1
16:09:31.250 [AsyncHttpClient-1-1] DEBUG o.a.netty.channel.DefaultChannelPool - Entry count for : http://localhost:63914 : 1
16:09:32.345 [AsyncHttpClient-1-1] DEBUG o.a.netty.channel.DefaultChannelPool - Entry count for : http://localhost:61264 : 1
16:09:32.345 [AsyncHttpClient-1-1] DEBUG o.a.netty.channel.DefaultChannelPool - Entry count for : http://localhost:63914 : 1
16:09:33.450 [AsyncHttpClient-1-1] DEBUG o.a.netty.channel.DefaultChannelPool - Entry count for : http://localhost:61264 : 1
16:09:33.450 [AsyncHttpClient-1-1] DEBUG o.a.netty.channel.DefaultChannelPool - Entry count for : http://localhost:63914 : 1
16:09:34.551 [AsyncHttpClient-1-1] DEBUG o.a.netty.channel.DefaultChannelPool - Entry count for : http://localhost:61264 : 1
16:09:34.551 [AsyncHttpClient-1-1] DEBUG o.a.netty.channel.DefaultChannelPool - Entry count for : http://localhost:63914 : 1
16:09:34.551 [Forwarding findElement on session 45bc349ba6157f9b4cd0734b21e85f03 to remote] DEBUG o.a.netty.request.NettyRequestSender - Using pooled Channel '[id: 0x9f61be65, L:/127.0.0.1:63913 - R:localhost/127.0.0.1:61264]' for 'POST' to 'http://localhost:61264/session/45bc349ba6157f9b4cd0734b21e85f03/element'
16:09:34.551 [Forwarding findElement on session 45bc349ba6157f9b4cd0734b21e85f03 to remote] DEBUG o.a.netty.request.NettyRequestSender - Using open Channel [id: 0x9f61be65, L:/127.0.0.1:63913 - R:localhost/127.0.0.1:61264] for POST '/session/45bc349ba6157f9b4cd0734b21e85f03/element'
16:09:34.556 [AsyncHttpClient-1-2] DEBUG o.a.netty.handler.HttpHandler - 

Request DefaultHttpRequest(decodeResult: success, version: HTTP/1.1)
POST /session/45bc349ba6157f9b4cd0734b21e85f03/element HTTP/1.1
User-Agent: selenium/4.1.2 (java windows)
Content-Length: 75
Content-Type: application/json; charset=utf-8
host: localhost:61264
accept: */*

Response DefaultHttpResponse(decodeResult: success, version: HTTP/1.1)
HTTP/1.1 200 OK
Content-Type: application/json; charset=utf-8
cache-control: no-cache
content-length: 88

16:09:34.556 [AsyncHttpClient-1-2] DEBUG o.a.netty.channel.ChannelManager - Adding key: http://localhost:61264 for channel [id: 0x9f61be65, L:/127.0.0.1:63913 - R:localhost/127.0.0.1:61264]
16:09:34.561 [Forwarding isElementDisplayed on session 45bc349ba6157f9b4cd0734b21e85f03 to remote] DEBUG o.a.netty.request.NettyRequestSender - Using pooled Channel '[id: 0x9f61be65, L:/127.0.0.1:63913 - R:localhost/127.0.0.1:61264]' for 'POST' to 'http://localhost:61264/session/45bc349ba6157f9b4cd0734b21e85f03/execute/sync'
16:09:34.561 [Forwarding isElementDisplayed on session 45bc349ba6157f9b4cd0734b21e85f03 to remote] DEBUG o.a.netty.request.NettyRequestSender - Using open Channel [id: 0x9f61be65, L:/127.0.0.1:63913 - R:localhost/127.0.0.1:61264] for POST '/session/45bc349ba6157f9b4cd0734b21e85f03/execute/sync'
16:09:34.571 [AsyncHttpClient-1-2] DEBUG o.a.netty.handler.HttpHandler - 

Request DefaultHttpRequest(decodeResult: success, version: HTTP/1.1)
POST /session/45bc349ba6157f9b4cd0734b21e85f03/execute/sync HTTP/1.1
User-Agent: selenium/4.1.2 (java windows)
Content-Length: 48780
Content-Type: application/json; charset=utf-8
host: localhost:61264
accept: */*

Response DefaultHttpResponse(decodeResult: success, version: HTTP/1.1)
HTTP/1.1 200 OK
Content-Type: application/json; charset=utf-8
cache-control: no-cache
content-length: 14

16:09:34.571 [AsyncHttpClient-1-2] DEBUG o.a.netty.channel.ChannelManager - Adding key: http://localhost:61264 for channel [id: 0x9f61be65, L:/127.0.0.1:63913 - R:localhost/127.0.0.1:61264]
16:09:34.571 [Forwarding getElementText on session 45bc349ba6157f9b4cd0734b21e85f03 to remote] DEBUG o.a.netty.request.NettyRequestSender - Using pooled Channel '[id: 0x9f61be65, L:/127.0.0.1:63913 - R:localhost/127.0.0.1:61264]' for 'GET' to 'http://localhost:61264/session/45bc349ba6157f9b4cd0734b21e85f03/element/005ddc23-71a8-4c30-9f47-d589fe8b619d/text'
16:09:34.571 [Forwarding getElementText on session 45bc349ba6157f9b4cd0734b21e85f03 to remote] DEBUG o.a.netty.request.NettyRequestSender - Using open Channel [id: 0x9f61be65, L:/127.0.0.1:63913 - R:localhost/127.0.0.1:61264] for GET '/session/45bc349ba6157f9b4cd0734b21e85f03/element/005ddc23-71a8-4c30-9f47-d589fe8b619d/text'
16:09:34.581 [AsyncHttpClient-1-2] DEBUG o.a.netty.handler.HttpHandler - 

Request DefaultFullHttpRequest(decodeResult: success, version: HTTP/1.1, content: EmptyByteBufBE)
GET /session/45bc349ba6157f9b4cd0734b21e85f03/element/005ddc23-71a8-4c30-9f47-d589fe8b619d/text HTTP/1.1
User-Agent: selenium/4.1.2 (java windows)
Cache-Control: no-cache
Content-Type: application/json; charset=utf-8
host: localhost:61264
accept: */*

Response DefaultHttpResponse(decodeResult: success, version: HTTP/1.1)
HTTP/1.1 200 OK
Content-Type: application/json; charset=utf-8
cache-control: no-cache
content-length: 59

16:09:34.581 [AsyncHttpClient-1-2] DEBUG o.a.netty.channel.ChannelManager - Adding key: http://localhost:61264 for channel [id: 0x9f61be65, L:/127.0.0.1:63913 - R:localhost/127.0.0.1:61264]
16:09:35.651 [AsyncHttpClient-1-1] DEBUG o.a.netty.channel.DefaultChannelPool - Entry count for : http://localhost:61264 : 1
16:09:35.651 [AsyncHttpClient-1-1] DEBUG o.a.netty.channel.DefaultChannelPool - Entry count for : http://localhost:63914 : 1
  &amp#27;[32mThen &amp#27;[0m&amp#27;[32muser should not proceed to Dashboard Page&amp#27;[0m                                                                                     &amp#27;[90m# stepdefinitions.LoginPageSteps.user_should_not_proceed_to_dashboard_page()&amp#27;[0m
16:09:36.585 [Forwarding findElement on session 45bc349ba6157f9b4cd0734b21e85f03 to remote] DEBUG o.a.netty.request.NettyRequestSender - Using pooled Channel '[id: 0x9f61be65, L:/127.0.0.1:63913 - R:localhost/127.0.0.1:61264]' for 'POST' to 'http://localhost:61264/session/45bc349ba6157f9b4cd0734b21e85f03/element'
16:09:36.585 [Forwarding findElement on session 45bc349ba6157f9b4cd0734b21e85f03 to remote] DEBUG o.a.netty.request.NettyRequestSender - Using open Channel [id: 0x9f61be65, L:/127.0.0.1:63913 - R:localhost/127.0.0.1:61264] for POST '/session/45bc349ba6157f9b4cd0734b21e85f03/element'
16:09:36.591 [AsyncHttpClient-1-2] DEBUG o.a.netty.handler.HttpHandler - 

Request DefaultHttpRequest(decodeResult: success, version: HTTP/1.1)
POST /session/45bc349ba6157f9b4cd0734b21e85f03/element HTTP/1.1
User-Agent: selenium/4.1.2 (java windows)
Content-Length: 75
Content-Type: application/json; charset=utf-8
host: localhost:61264
accept: */*

Response DefaultHttpResponse(decodeResult: success, version: HTTP/1.1)
HTTP/1.1 200 OK
Content-Type: application/json; charset=utf-8
cache-control: no-cache
content-length: 88

16:09:36.591 [AsyncHttpClient-1-2] DEBUG o.a.netty.channel.ChannelManager - Adding key: http://localhost:61264 for channel [id: 0x9f61be65, L:/127.0.0.1:63913 - R:localhost/127.0.0.1:61264]
16:09:36.595 [Forwarding isElementDisplayed on session 45bc349ba6157f9b4cd0734b21e85f03 to remote] DEBUG o.a.netty.request.NettyRequestSender - Using pooled Channel '[id: 0x9f61be65, L:/127.0.0.1:63913 - R:localhost/127.0.0.1:61264]' for 'POST' to 'http://localhost:61264/session/45bc349ba6157f9b4cd0734b21e85f03/execute/sync'
16:09:36.595 [Forwarding isElementDisplayed on session 45bc349ba6157f9b4cd0734b21e85f03 to remote] DEBUG o.a.netty.request.NettyRequestSender - Using open Channel [id: 0x9f61be65, L:/127.0.0.1:63913 - R:localhost/127.0.0.1:61264] for POST '/session/45bc349ba6157f9b4cd0734b21e85f03/execute/sync'
16:09:36.605 [AsyncHttpClient-1-2] DEBUG o.a.netty.handler.HttpHandler - 

Request DefaultHttpRequest(decodeResult: success, version: HTTP/1.1)
POST /session/45bc349ba6157f9b4cd0734b21e85f03/execute/sync HTTP/1.1
User-Agent: selenium/4.1.2 (java windows)
Content-Length: 48780
Content-Type: application/json; charset=utf-8
host: localhost:61264
accept: */*

Response DefaultHttpResponse(decodeResult: success, version: HTTP/1.1)
HTTP/1.1 200 OK
Content-Type: application/json; charset=utf-8
cache-control: no-cache
content-length: 14

16:09:36.605 [AsyncHttpClient-1-2] DEBUG o.a.netty.channel.ChannelManager - Adding key: http://localhost:61264 for channel [id: 0x9f61be65, L:/127.0.0.1:63913 - R:localhost/127.0.0.1:61264]
16:09:36.605 [Forwarding getElementText on session 45bc349ba6157f9b4cd0734b21e85f03 to remote] DEBUG o.a.netty.request.NettyRequestSender - Using pooled Channel '[id: 0x9f61be65, L:/127.0.0.1:63913 - R:localhost/127.0.0.1:61264]' for 'GET' to 'http://localhost:61264/session/45bc349ba6157f9b4cd0734b21e85f03/element/005ddc23-71a8-4c30-9f47-d589fe8b619d/text'
16:09:36.605 [Forwarding getElementText on session 45bc349ba6157f9b4cd0734b21e85f03 to remote] DEBUG o.a.netty.request.NettyRequestSender - Using open Channel [id: 0x9f61be65, L:/127.0.0.1:63913 - R:localhost/127.0.0.1:61264] for GET '/session/45bc349ba6157f9b4cd0734b21e85f03/element/005ddc23-71a8-4c30-9f47-d589fe8b619d/text'
16:09:36.611 [AsyncHttpClient-1-2] DEBUG o.a.netty.handler.HttpHandler - 

Request DefaultFullHttpRequest(decodeResult: success, version: HTTP/1.1, content: EmptyByteBufBE)
GET /session/45bc349ba6157f9b4cd0734b21e85f03/element/005ddc23-71a8-4c30-9f47-d589fe8b619d/text HTTP/1.1
User-Agent: selenium/4.1.2 (java windows)
Cache-Control: no-cache
Content-Type: application/json; charset=utf-8
host: localhost:61264
accept: */*

Response DefaultHttpResponse(decodeResult: success, version: HTTP/1.1)
HTTP/1.1 200 OK
Content-Type: application/json; charset=utf-8
cache-control: no-cache
content-length: 59

16:09:36.611 [AsyncHttpClient-1-2] DEBUG o.a.netty.channel.ChannelManager - Adding key: http://localhost:61264 for channel [id: 0x9f61be65, L:/127.0.0.1:63913 - R:localhost/127.0.0.1:61264]
16:09:36.746 [AsyncHttpClient-1-1] DEBUG o.a.netty.channel.DefaultChannelPool - Entry count for : http://localhost:61264 : 1
16:09:36.746 [AsyncHttpClient-1-1] DEBUG o.a.netty.channel.DefaultChannelPool - Entry count for : http://localhost:63914 : 1
16:09:37.850 [AsyncHttpClient-1-1] DEBUG o.a.netty.channel.DefaultChannelPool - Entry count for : http://localhost:61264 : 1
16:09:37.850 [AsyncHttpClient-1-1] DEBUG o.a.netty.channel.DefaultChannelPool - Entry count for : http://localhost:63914 : 1
  &amp#27;[32mThen &amp#27;[0m&amp#27;[32muser gets login failed error message&amp#27;[0m                                                                                          &amp#27;[90m# stepdefinitions.LoginPageSteps.user_gets_login_failed_error_message()&amp#27;[0m
16:09:38.616 [Driver Command Executor] DEBUG o.a.netty.request.NettyRequestSender - Using pooled Channel '[id: 0x9f61be65, L:/127.0.0.1:63913 - R:localhost/127.0.0.1:61264]' for 'DELETE' to 'http://localhost:61264/session/45bc349ba6157f9b4cd0734b21e85f03'
16:09:38.617 [Driver Command Executor] DEBUG o.a.netty.request.NettyRequestSender - Using open Channel [id: 0x9f61be65, L:/127.0.0.1:63913 - R:localhost/127.0.0.1:61264] for DELETE '/session/45bc349ba6157f9b4cd0734b21e85f03'
16:09:38.617 [AsyncHttpClient-1-4] DEBUG o.a.netty.handler.WebSocketHandler - Channel Closed: [id: 0xd49413c9, L:/127.0.0.1:63922 ! R:localhost/127.0.0.1:63914] with attribute NettyResponseFuture{currentRetry=5,
	isDone=1,
	isCancelled=0,
	asyncHandler=org.asynchttpclient.ws.WebSocketUpgradeHandler@5716817c,
	nettyRequest=org.asynchttpclient.netty.request.NettyRequest@54e3fbce,
	future=java.util.concurrent.CompletableFuture@e53d163[Completed normally],
	uri=ws://localhost:63914/devtools/browser/1cc05f15-daf9-4b7c-b16d-cf24e2a159f6,
	keepAlive=true,
	redirectCount=0,
	timeoutsHolder=null,
	inAuth=0,
	touch=1648022944206}
16:09:38.618 [AsyncHttpClient-1-4] DEBUG o.a.netty.channel.ChannelManager - Closing Channel [id: 0xd49413c9, L:/127.0.0.1:63922 ! R:localhost/127.0.0.1:63914] 
16:09:38.636 [AsyncHttpClient-1-3] DEBUG o.a.netty.handler.HttpHandler - Unexpected I/O exception on channel [id: 0x1fad7d39, L:/127.0.0.1:63921 - R:localhost/127.0.0.1:63914]
java.net.SocketException: Connection reset
	at java.base/sun.nio.ch.SocketChannelImpl.throwConnectionReset(SocketChannelImpl.java:367) ~[na:na]
	at java.base/sun.nio.ch.SocketChannelImpl.read(SocketChannelImpl.java:398) ~[na:na]
	at io.netty.buffer.PooledByteBuf.setBytes(PooledByteBuf.java:253) ~[netty-buffer-4.1.70.Final.jar:4.1.70.Final]
	at io.netty.buffer.AbstractByteBuf.writeBytes(AbstractByteBuf.java:1132) ~[netty-buffer-4.1.70.Final.jar:4.1.70.Final]
	at io.netty.channel.socket.nio.NioSocketChannel.doReadBytes(NioSocketChannel.java:350) ~[netty-transport-4.1.70.Final.jar:4.1.70.Final]
	at io.netty.channel.nio.AbstractNioByteChannel$NioByteUnsafe.read(AbstractNioByteChannel.java:151) ~[netty-transport-4.1.70.Final.jar:4.1.70.Final]
	at io.netty.channel.nio.NioEventLoop.processSelectedKey(NioEventLoop.java:719) ~[netty-transport-4.1.70.Final.jar:4.1.70.Final]
	at io.netty.channel.nio.NioEventLoop.processSelectedKeysOptimized(NioEventLoop.java:655) ~[netty-transport-4.1.70.Final.jar:4.1.70.Final]
	at io.netty.channel.nio.NioEventLoop.processSelectedKeys(NioEventLoop.java:581) ~[netty-transport-4.1.70.Final.jar:4.1.70.Final]
	at io.netty.channel.nio.NioEventLoop.run(NioEventLoop.java:493) ~[netty-transport-4.1.70.Final.jar:4.1.70.Final]
	at io.netty.util.concurrent.SingleThreadEventExecutor$4.run(SingleThreadEventExecutor.java:986) ~[netty-common-4.1.70.Final.jar:4.1.70.Final]
	at io.netty.util.internal.ThreadExecutorMap$2.run(ThreadExecutorMap.java:74) ~[netty-common-4.1.70.Final.jar:4.1.70.Final]
	at io.netty.util.concurrent.FastThreadLocalRunnable.run(FastThreadLocalRunnable.java:30) ~[netty-common-4.1.70.Final.jar:4.1.70.Final]
	at java.base/java.lang.Thread.run(Thread.java:832) ~[na:na]
16:09:38.636 [AsyncHttpClient-1-3] DEBUG o.a.netty.channel.ChannelManager - Closing Channel [id: 0x1fad7d39, L:/127.0.0.1:63921 - R:localhost/127.0.0.1:63914] 
16:09:38.637 [AsyncHttpClient-1-3] DEBUG o.a.netty.handler.HttpHandler - Channel Closed: [id: 0x1fad7d39, L:/127.0.0.1:63921 ! R:localhost/127.0.0.1:63914] with attribute DISCARD
16:09:38.641 [AsyncHttpClient-1-2] DEBUG o.a.netty.handler.HttpHandler - 

Request DefaultFullHttpRequest(decodeResult: success, version: HTTP/1.1, content: EmptyByteBufBE)
DELETE /session/45bc349ba6157f9b4cd0734b21e85f03 HTTP/1.1
User-Agent: selenium/4.1.2 (java windows)
Content-Type: application/json; charset=utf-8
host: localhost:61264
accept: */*

Response DefaultHttpResponse(decodeResult: success, version: HTTP/1.1)
HTTP/1.1 200 OK
Content-Type: application/json; charset=utf-8
cache-control: no-cache
content-length: 14

16:09:38.641 [AsyncHttpClient-1-2] DEBUG o.a.netty.channel.ChannelManager - Adding key: http://localhost:61264 for channel [id: 0x9f61be65, L:/127.0.0.1:63913 - R:localhost/127.0.0.1:61264]
16:09:38.671 [AsyncHttpClient-1-2] DEBUG o.a.netty.handler.HttpHandler - Channel Closed: [id: 0x9f61be65, L:/127.0.0.1:63913 ! R:localhost/127.0.0.1:61264] with attribute DISCARD
16:09:38.945 [AsyncHttpClient-1-1] DEBUG o.a.netty.channel.DefaultChannelPool - Entry count for : http://localhost:61264 : 1
16:09:38.945 [AsyncHttpClient-1-1] DEBUG o.a.netty.channel.DefaultChannelPool - Entry count for : http://localhost:63914 : 1
16:09:38.945 [AsyncHttpClient-1-1] DEBUG o.a.netty.channel.DefaultChannelPool - Adding Candidate expired Channel [id: 0x9f61be65, L:/127.0.0.1:63913 ! R:localhost/127.0.0.1:61264] isIdleTimeoutExpired=false isRemotelyClosed=true isTtlExpired=false
16:09:38.945 [AsyncHttpClient-1-1] DEBUG o.a.netty.channel.DefaultChannelPool - Closing Idle Channel [id: 0x9f61be65, L:/127.0.0.1:63913 ! R:localhost/127.0.0.1:61264]
16:09:38.945 [AsyncHttpClient-1-1] DEBUG o.a.netty.channel.DefaultChannelPool - Adding Candidate expired Channel [id: 0x1fad7d39, L:/127.0.0.1:63921 ! R:localhost/127.0.0.1:63914] isIdleTimeoutExpired=false isRemotelyClosed=true isTtlExpired=false
16:09:38.945 [AsyncHttpClient-1-1] DEBUG o.a.netty.channel.DefaultChannelPool - Closing Idle Channel [id: 0x1fad7d39, L:/127.0.0.1:63921 ! R:localhost/127.0.0.1:63914]
16:09:38.945 [AsyncHttpClient-1-1] DEBUG o.a.netty.channel.DefaultChannelPool - Closed 2 connections out of 2 in 0 ms
16:09:39.201 [main] INFO   - 
  _____   ___   ___   _____     ___     _     ___   ___   ___   ___  
 |_   _| | __| / __| |_   _|   | _ \   /_\   / __| / __| | __| |   \ 
   | |   | _|  \__ \   | |     |  _/  / _ \  \__ \ \__ \ | _|  | |) |
   |_|   |___| |___/   |_|     |_|   /_/ \_\ |___/ |___/ |___| |___/ 

Login fail possible combinations
----------------------------------------------------------------------
]]></system-out>
    <system-err><![CDATA[log4j:WARN No appenders could be found for logger (hooks.apphooks).
log4j:WARN Please initialize the log4j system properly.
log4j:WARN See http://logging.apache.org/log4j/1.2/faq.html#noconfig for more info.
Starting ChromeDriver 99.0.4844.51 (d537ec02474b5afe23684e7963d538896c63ac77-refs/branch-heads/4844@{#875}) on port 61264
Only local connections are allowed.
Please see https://chromedriver.chromium.org/security-considerations for suggestions on keeping ChromeDriver safe.
ChromeDriver was started successfully.
Mar 23, 2022 4:09:04 PM org.openqa.selenium.remote.ProtocolHandshake createSession
INFO: Detected dialect: W3C
Mar 23, 2022 4:09:04 PM org.openqa.selenium.devtools.CdpVersionFinder findNearestMatch
WARNING: Unable to find an exact match for CDP version 99, so returning the closest version found: 96
Mar 23, 2022 4:09:04 PM org.openqa.selenium.devtools.CdpVersionFinder findNearestMatch
INFO: Found CDP implementation for version 99 of 96
ERROR StatusLogger Log4j2 could not find a logging implementation. Please add log4j-core to the classpath. Using SimpleLogger to log to the console...
Cleaning up unclosed ZipFile for archive Z:\Automation\JavaCucumber\BDD_HCL\CucumberHCL\.\src\main\resources\TestData\InvalidUserCredentials.xlsx
]]></system-err>
  </testcase>
  <testcase name="Login to PEGA Site using Author, Manager and User" classname="Validate And Verify Login Page to PEGA Site" time="28.873">
    <system-out><![CDATA[16:09:39.204 [main] INFO  i.c.core.plugin.SerenityReporter - Running feature from file:///Z:/Automation/JavaCucumber/BDD_HCL/CucumberHCL/src/main/resources/AppFeatures/ValidateAndVerifyLoginPage.feature
16:09:39.204 [main] WARN  i.c.core.plugin.SerenityReporter - Feature from file:///Z:/Automation/JavaCucumber/BDD_HCL/CucumberHCL/src/main/resources/AppFeatures/ValidateAndVerifyLoginPage.feature is not under the 'features' directory. Requirements report will not be correctly generated!
16:09:39.205 [main] DEBUG n.thucydides.core.steps.StepEventBus - Test suite started for story net.thucydides.core.model.Story@7f1849ba
16:09:39.206 [main] INFO   - Test Suite Started: Validate And Verify Login Page to PEGA Site

@All @Smoke @Test1
Scenario: Login to PEGA Site using Author, Manager and User                                            &amp#27;[90m# src/main/resources/AppFeatures/ValidateAndVerifyLoginPage.feature:19&amp#27;[0m
16:09:39.212 [main] INFO  i.c.core.plugin.SerenityReporter - Running feature from file:///Z:/Automation/JavaCucumber/BDD_HCL/CucumberHCL/src/main/resources/AppFeatures/ValidateAndVerifyLoginPage.feature
16:09:39.212 [main] WARN  i.c.core.plugin.SerenityReporter - Feature from file:///Z:/Automation/JavaCucumber/BDD_HCL/CucumberHCL/src/main/resources/AppFeatures/ValidateAndVerifyLoginPage.feature is not under the 'features' directory. Requirements report will not be correctly generated!
16:09:39.213 [main] INFO   - 
  _____   ___   ___   _____     ___   _____     _     ___   _____   ___   ___  
 |_   _| | __| / __| |_   _|   / __| |_   _|   /_\   | _ \ |_   _| | __| |   \ 
   | |   | _|  \__ \   | |     \__ \   | |    / _ \  |   /   | |   | _|  | |) |
   |_|   |___| |___/   |_|     |___/   |_|   /_/ \_\ |_|_\   |_|   |___| |___/ 

Login to PEGA Site using Author, Manager and User(validate-and-verify-login-page-to-pega-site;login-to-pega-site-using-author--manager-and-user)
--------------------------------------------------------------------------------
16:09:39.217 [main] DEBUG com.pages.drivers.DriversFactory - Initialize Driver Browser Configuration
16:09:39.217 [main] DEBUG com.pages.drivers.DriversFactory -  Driver Browser : chrome
16:09:39.225 [main] DEBUG i.g.bonigarcia.wdm.WebDriverManager - Driver chromedriver 99.0.4844.51 found in cache
16:09:39.226 [main] INFO  i.g.bonigarcia.wdm.WebDriverManager - Exporting webdriver.chrome.driver as C:\Users\DheyClaveria\.cache\selenium\chromedriver\win32\99.0.4844.51\chromedriver.exe
16:09:39.742 [AsyncHttpClient-1-5] DEBUG o.a.n.channel.NettyConnectListener - Using new Channel '[id: 0xef817934, L:/127.0.0.1:63941 - R:localhost/127.0.0.1:53394]' for 'POST' to '/session'
16:09:40.329 [AsyncHttpClient-1-5] DEBUG o.a.netty.handler.HttpHandler - 

Request DefaultHttpRequest(decodeResult: success, version: HTTP/1.1)
POST /session HTTP/1.1
User-Agent: selenium/4.1.2 (java windows)
Content-Length: 365
Content-Type: application/json; charset=utf-8
host: localhost:53394
accept: */*

Response DefaultHttpResponse(decodeResult: success, version: HTTP/1.1)
HTTP/1.1 200 OK
Content-Type: application/json; charset=utf-8
cache-control: no-cache
content-length: 794

16:09:40.330 [AsyncHttpClient-1-5] DEBUG o.a.netty.channel.ChannelManager - Adding key: http://localhost:53394 for channel [id: 0xef817934, L:/127.0.0.1:63941 - R:localhost/127.0.0.1:53394]
16:09:40.334 [AsyncHttpClient-1-6] DEBUG o.a.n.channel.NettyConnectListener - Using new Channel '[id: 0x90ee3990, L:/127.0.0.1:63948 - R:localhost/127.0.0.1:63942]' for 'GET' to '/json/version'
16:09:40.340 [AsyncHttpClient-1-6] DEBUG o.a.netty.handler.HttpHandler - 

Request DefaultFullHttpRequest(decodeResult: success, version: HTTP/1.1, content: EmptyByteBufBE)
GET /json/version HTTP/1.1
User-Agent: selenium/4.1.2 (java windows)
host: localhost:63942
accept: */*

Response DefaultHttpResponse(decodeResult: success, version: HTTP/1.1)
HTTP/1.1 200 OK
Content-Type: application/json; charset=UTF-8
content-length: 423

16:09:40.340 [AsyncHttpClient-1-6] DEBUG o.a.netty.channel.ChannelManager - Adding key: http://localhost:63942 for channel [id: 0x90ee3990, L:/127.0.0.1:63948 - R:localhost/127.0.0.1:63942]
16:09:40.342 [AsyncHttpClient-1-7] DEBUG o.a.n.channel.NettyConnectListener - Using new Channel '[id: 0x4bfda28d, L:/127.0.0.1:63949 - R:localhost/127.0.0.1:63942]' for 'GET' to '/devtools/browser/1c6675e2-2a80-40b5-aa0d-122585e1e850'
16:09:40.347 [AsyncHttpClient-1-7] DEBUG o.a.netty.handler.WebSocketHandler - 

Request DefaultFullHttpRequest(decodeResult: success, version: HTTP/1.1, content: EmptyByteBufBE)
GET /devtools/browser/1c6675e2-2a80-40b5-aa0d-122585e1e850 HTTP/1.1
upgrade: websocket
connection: upgrade
sec-websocket-key: KB+7VKrVIfZt8MeISQ+5hQ==
sec-websocket-version: 13
origin: http://localhost:63942
host: localhost:63942
accept: */*
user-agent: AHC/2.1

Response DefaultHttpResponse(decodeResult: success, version: HTTP/1.1)
HTTP/1.1 101 WebSocket Protocol Handshake
Upgrade: WebSocket
Connection: Upgrade
Sec-WebSocket-Accept: 9m8Ppf6L21b3GxDDRG6HElQryv8=

16:09:40.350 [Forwarding deleteAllCookies on session 1ffdc4c1a70c4a08824fd96e1a5e6bf2 to remote] DEBUG o.a.netty.request.NettyRequestSender - Using pooled Channel '[id: 0xef817934, L:/127.0.0.1:63941 - R:localhost/127.0.0.1:53394]' for 'DELETE' to 'http://localhost:53394/session/1ffdc4c1a70c4a08824fd96e1a5e6bf2/cookie'
16:09:40.350 [Forwarding deleteAllCookies on session 1ffdc4c1a70c4a08824fd96e1a5e6bf2 to remote] DEBUG o.a.netty.request.NettyRequestSender - Using open Channel [id: 0xef817934, L:/127.0.0.1:63941 - R:localhost/127.0.0.1:53394] for DELETE '/session/1ffdc4c1a70c4a08824fd96e1a5e6bf2/cookie'
16:09:40.354 [AsyncHttpClient-1-5] DEBUG o.a.netty.handler.HttpHandler - 

Request DefaultFullHttpRequest(decodeResult: success, version: HTTP/1.1, content: EmptyByteBufBE)
DELETE /session/1ffdc4c1a70c4a08824fd96e1a5e6bf2/cookie HTTP/1.1
User-Agent: selenium/4.1.2 (java windows)
Content-Type: application/json; charset=utf-8
host: localhost:53394
accept: */*

Response DefaultHttpResponse(decodeResult: success, version: HTTP/1.1)
HTTP/1.1 200 OK
Content-Type: application/json; charset=utf-8
cache-control: no-cache
content-length: 14

16:09:40.354 [AsyncHttpClient-1-5] DEBUG o.a.netty.channel.ChannelManager - Adding key: http://localhost:53394 for channel [id: 0xef817934, L:/127.0.0.1:63941 - R:localhost/127.0.0.1:53394]
16:09:40.355 [Forwarding maximizeCurrentWindow on session 1ffdc4c1a70c4a08824fd96e1a5e6bf2 to remote] DEBUG o.a.netty.request.NettyRequestSender - Using pooled Channel '[id: 0xef817934, L:/127.0.0.1:63941 - R:localhost/127.0.0.1:53394]' for 'POST' to 'http://localhost:53394/session/1ffdc4c1a70c4a08824fd96e1a5e6bf2/window/maximize'
16:09:40.355 [Forwarding maximizeCurrentWindow on session 1ffdc4c1a70c4a08824fd96e1a5e6bf2 to remote] DEBUG o.a.netty.request.NettyRequestSender - Using open Channel [id: 0xef817934, L:/127.0.0.1:63941 - R:localhost/127.0.0.1:53394] for POST '/session/1ffdc4c1a70c4a08824fd96e1a5e6bf2/window/maximize'
16:09:40.475 [AsyncHttpClient-1-5] DEBUG o.a.netty.handler.HttpHandler - 

Request DefaultHttpRequest(decodeResult: success, version: HTTP/1.1)
POST /session/1ffdc4c1a70c4a08824fd96e1a5e6bf2/window/maximize HTTP/1.1
User-Agent: selenium/4.1.2 (java windows)
Content-Length: 3
Content-Type: application/json; charset=utf-8
host: localhost:53394
accept: */*

Response DefaultHttpResponse(decodeResult: success, version: HTTP/1.1)
HTTP/1.1 200 OK
Content-Type: application/json; charset=utf-8
cache-control: no-cache
content-length: 52

16:09:40.476 [AsyncHttpClient-1-5] DEBUG o.a.netty.channel.ChannelManager - Adding key: http://localhost:53394 for channel [id: 0xef817934, L:/127.0.0.1:63941 - R:localhost/127.0.0.1:53394]
16:09:40.479 [Forwarding get on session 1ffdc4c1a70c4a08824fd96e1a5e6bf2 to remote] DEBUG o.a.netty.request.NettyRequestSender - Using pooled Channel '[id: 0xef817934, L:/127.0.0.1:63941 - R:localhost/127.0.0.1:53394]' for 'POST' to 'http://localhost:53394/session/1ffdc4c1a70c4a08824fd96e1a5e6bf2/url'
16:09:40.479 [Forwarding get on session 1ffdc4c1a70c4a08824fd96e1a5e6bf2 to remote] DEBUG o.a.netty.request.NettyRequestSender - Using open Channel [id: 0xef817934, L:/127.0.0.1:63941 - R:localhost/127.0.0.1:53394] for POST '/session/1ffdc4c1a70c4a08824fd96e1a5e6bf2/url'
16:09:40.596 [AsyncHttpClient-1-5] DEBUG o.a.netty.handler.HttpHandler - 

Request DefaultHttpRequest(decodeResult: success, version: HTTP/1.1)
POST /session/1ffdc4c1a70c4a08824fd96e1a5e6bf2/url HTTP/1.1
User-Agent: selenium/4.1.2 (java windows)
Content-Length: 148
Content-Type: application/json; charset=utf-8
host: localhost:53394
accept: */*

Response DefaultHttpResponse(decodeResult: success, version: HTTP/1.1)
HTTP/1.1 200 OK
Content-Type: application/json; charset=utf-8
cache-control: no-cache
content-length: 14

16:09:40.597 [AsyncHttpClient-1-5] DEBUG o.a.netty.channel.ChannelManager - Adding key: http://localhost:53394 for channel [id: 0xef817934, L:/127.0.0.1:63941 - R:localhost/127.0.0.1:53394]
16:09:40.597 [Forwarding getTitle on session 1ffdc4c1a70c4a08824fd96e1a5e6bf2 to remote] DEBUG o.a.netty.request.NettyRequestSender - Using pooled Channel '[id: 0xef817934, L:/127.0.0.1:63941 - R:localhost/127.0.0.1:53394]' for 'GET' to 'http://localhost:53394/session/1ffdc4c1a70c4a08824fd96e1a5e6bf2/title'
16:09:40.597 [Forwarding getTitle on session 1ffdc4c1a70c4a08824fd96e1a5e6bf2 to remote] DEBUG o.a.netty.request.NettyRequestSender - Using open Channel [id: 0xef817934, L:/127.0.0.1:63941 - R:localhost/127.0.0.1:53394] for GET '/session/1ffdc4c1a70c4a08824fd96e1a5e6bf2/title'
16:09:40.600 [AsyncHttpClient-1-5] DEBUG o.a.netty.handler.HttpHandler - 

Request DefaultFullHttpRequest(decodeResult: success, version: HTTP/1.1, content: EmptyByteBufBE)
GET /session/1ffdc4c1a70c4a08824fd96e1a5e6bf2/title HTTP/1.1
User-Agent: selenium/4.1.2 (java windows)
Cache-Control: no-cache
Content-Type: application/json; charset=utf-8
host: localhost:53394
accept: */*

Response DefaultHttpResponse(decodeResult: success, version: HTTP/1.1)
HTTP/1.1 200 OK
Content-Type: application/json; charset=utf-8
cache-control: no-cache
content-length: 22

16:09:40.601 [AsyncHttpClient-1-5] DEBUG o.a.netty.channel.ChannelManager - Adding key: http://localhost:53394 for channel [id: 0xef817934, L:/127.0.0.1:63941 - R:localhost/127.0.0.1:53394]
16:09:40.602 [Forwarding getTitle on session 1ffdc4c1a70c4a08824fd96e1a5e6bf2 to remote] DEBUG o.a.netty.request.NettyRequestSender - Using pooled Channel '[id: 0xef817934, L:/127.0.0.1:63941 - R:localhost/127.0.0.1:53394]' for 'GET' to 'http://localhost:53394/session/1ffdc4c1a70c4a08824fd96e1a5e6bf2/title'
16:09:40.602 [Forwarding getTitle on session 1ffdc4c1a70c4a08824fd96e1a5e6bf2 to remote] DEBUG o.a.netty.request.NettyRequestSender - Using open Channel [id: 0xef817934, L:/127.0.0.1:63941 - R:localhost/127.0.0.1:53394] for GET '/session/1ffdc4c1a70c4a08824fd96e1a5e6bf2/title'
16:09:40.605 [AsyncHttpClient-1-5] DEBUG o.a.netty.handler.HttpHandler - 

Request DefaultFullHttpRequest(decodeResult: success, version: HTTP/1.1, content: EmptyByteBufBE)
GET /session/1ffdc4c1a70c4a08824fd96e1a5e6bf2/title HTTP/1.1
User-Agent: selenium/4.1.2 (java windows)
Cache-Control: no-cache
Content-Type: application/json; charset=utf-8
host: localhost:53394
accept: */*

Response DefaultHttpResponse(decodeResult: success, version: HTTP/1.1)
HTTP/1.1 200 OK
Content-Type: application/json; charset=utf-8
cache-control: no-cache
content-length: 22

16:09:40.606 [AsyncHttpClient-1-5] DEBUG o.a.netty.channel.ChannelManager - Adding key: http://localhost:53394 for channel [id: 0xef817934, L:/127.0.0.1:63941 - R:localhost/127.0.0.1:53394]
16:09:41.157 [AsyncHttpClient-1-1] DEBUG o.a.netty.channel.DefaultChannelPool - Entry count for : http://localhost:53394 : 1
16:09:41.157 [AsyncHttpClient-1-1] DEBUG o.a.netty.channel.DefaultChannelPool - Entry count for : http://localhost:63942 : 1
16:09:42.258 [AsyncHttpClient-1-1] DEBUG o.a.netty.channel.DefaultChannelPool - Entry count for : http://localhost:53394 : 1
16:09:42.258 [AsyncHttpClient-1-1] DEBUG o.a.netty.channel.DefaultChannelPool - Entry count for : http://localhost:63942 : 1
16:09:43.355 [AsyncHttpClient-1-1] DEBUG o.a.netty.channel.DefaultChannelPool - Entry count for : http://localhost:53394 : 1
16:09:43.355 [AsyncHttpClient-1-1] DEBUG o.a.netty.channel.DefaultChannelPool - Entry count for : http://localhost:63942 : 1
16:09:44.444 [AsyncHttpClient-1-1] DEBUG o.a.netty.channel.DefaultChannelPool - Entry count for : http://localhost:53394 : 1
16:09:44.444 [AsyncHttpClient-1-1] DEBUG o.a.netty.channel.DefaultChannelPool - Entry count for : http://localhost:63942 : 1
16:09:45.552 [AsyncHttpClient-1-1] DEBUG o.a.netty.channel.DefaultChannelPool - Entry count for : http://localhost:53394 : 1
16:09:45.552 [AsyncHttpClient-1-1] DEBUG o.a.netty.channel.DefaultChannelPool - Entry count for : http://localhost:63942 : 1
  &amp#27;[32mGiven &amp#27;[0m&amp#27;[32mthat the user should navigate in PEGA Login Page&amp#27;[0m                                               &amp#27;[90m# stepdefinitions.LoginPageSteps.that_the_user_should_navigate_in_pega_login_page()&amp#27;[0m
16:09:45.617 [Forwarding findElement on session 1ffdc4c1a70c4a08824fd96e1a5e6bf2 to remote] DEBUG o.a.netty.request.NettyRequestSender - Using pooled Channel '[id: 0xef817934, L:/127.0.0.1:63941 - R:localhost/127.0.0.1:53394]' for 'POST' to 'http://localhost:53394/session/1ffdc4c1a70c4a08824fd96e1a5e6bf2/element'
16:09:45.617 [Forwarding findElement on session 1ffdc4c1a70c4a08824fd96e1a5e6bf2 to remote] DEBUG o.a.netty.request.NettyRequestSender - Using open Channel [id: 0xef817934, L:/127.0.0.1:63941 - R:localhost/127.0.0.1:53394] for POST '/session/1ffdc4c1a70c4a08824fd96e1a5e6bf2/element'
16:09:45.626 [AsyncHttpClient-1-5] DEBUG o.a.netty.handler.HttpHandler - 

Request DefaultHttpRequest(decodeResult: success, version: HTTP/1.1)
POST /session/1ffdc4c1a70c4a08824fd96e1a5e6bf2/element HTTP/1.1
User-Agent: selenium/4.1.2 (java windows)
Content-Length: 128
Content-Type: application/json; charset=utf-8
host: localhost:53394
accept: */*

Response DefaultHttpResponse(decodeResult: success, version: HTTP/1.1)
HTTP/1.1 200 OK
Content-Type: application/json; charset=utf-8
cache-control: no-cache
content-length: 88

16:09:45.626 [AsyncHttpClient-1-5] DEBUG o.a.netty.channel.ChannelManager - Adding key: http://localhost:53394 for channel [id: 0xef817934, L:/127.0.0.1:63941 - R:localhost/127.0.0.1:53394]
16:09:45.628 [Forwarding isElementDisplayed on session 1ffdc4c1a70c4a08824fd96e1a5e6bf2 to remote] DEBUG o.a.netty.request.NettyRequestSender - Using pooled Channel '[id: 0xef817934, L:/127.0.0.1:63941 - R:localhost/127.0.0.1:53394]' for 'POST' to 'http://localhost:53394/session/1ffdc4c1a70c4a08824fd96e1a5e6bf2/execute/sync'
16:09:45.628 [Forwarding isElementDisplayed on session 1ffdc4c1a70c4a08824fd96e1a5e6bf2 to remote] DEBUG o.a.netty.request.NettyRequestSender - Using open Channel [id: 0xef817934, L:/127.0.0.1:63941 - R:localhost/127.0.0.1:53394] for POST '/session/1ffdc4c1a70c4a08824fd96e1a5e6bf2/execute/sync'
16:09:45.643 [AsyncHttpClient-1-5] DEBUG o.a.netty.handler.HttpHandler - 

Request DefaultHttpRequest(decodeResult: success, version: HTTP/1.1)
POST /session/1ffdc4c1a70c4a08824fd96e1a5e6bf2/execute/sync HTTP/1.1
User-Agent: selenium/4.1.2 (java windows)
Content-Length: 48780
Content-Type: application/json; charset=utf-8
host: localhost:53394
accept: */*

Response DefaultHttpResponse(decodeResult: success, version: HTTP/1.1)
HTTP/1.1 200 OK
Content-Type: application/json; charset=utf-8
cache-control: no-cache
content-length: 14

16:09:45.643 [AsyncHttpClient-1-5] DEBUG o.a.netty.channel.ChannelManager - Adding key: http://localhost:53394 for channel [id: 0xef817934, L:/127.0.0.1:63941 - R:localhost/127.0.0.1:53394]
16:09:45.644 [Forwarding findElement on session 1ffdc4c1a70c4a08824fd96e1a5e6bf2 to remote] DEBUG o.a.netty.request.NettyRequestSender - Using pooled Channel '[id: 0xef817934, L:/127.0.0.1:63941 - R:localhost/127.0.0.1:53394]' for 'POST' to 'http://localhost:53394/session/1ffdc4c1a70c4a08824fd96e1a5e6bf2/element'
16:09:45.644 [Forwarding findElement on session 1ffdc4c1a70c4a08824fd96e1a5e6bf2 to remote] DEBUG o.a.netty.request.NettyRequestSender - Using open Channel [id: 0xef817934, L:/127.0.0.1:63941 - R:localhost/127.0.0.1:53394] for POST '/session/1ffdc4c1a70c4a08824fd96e1a5e6bf2/element'
16:09:45.648 [AsyncHttpClient-1-5] DEBUG o.a.netty.handler.HttpHandler - 

Request DefaultHttpRequest(decodeResult: success, version: HTTP/1.1)
POST /session/1ffdc4c1a70c4a08824fd96e1a5e6bf2/element HTTP/1.1
User-Agent: selenium/4.1.2 (java windows)
Content-Length: 128
Content-Type: application/json; charset=utf-8
host: localhost:53394
accept: */*

Response DefaultHttpResponse(decodeResult: success, version: HTTP/1.1)
HTTP/1.1 200 OK
Content-Type: application/json; charset=utf-8
cache-control: no-cache
content-length: 88

16:09:45.648 [AsyncHttpClient-1-5] DEBUG o.a.netty.channel.ChannelManager - Adding key: http://localhost:53394 for channel [id: 0xef817934, L:/127.0.0.1:63941 - R:localhost/127.0.0.1:53394]
16:09:45.650 [Forwarding isElementDisplayed on session 1ffdc4c1a70c4a08824fd96e1a5e6bf2 to remote] DEBUG o.a.netty.request.NettyRequestSender - Using pooled Channel '[id: 0xef817934, L:/127.0.0.1:63941 - R:localhost/127.0.0.1:53394]' for 'POST' to 'http://localhost:53394/session/1ffdc4c1a70c4a08824fd96e1a5e6bf2/execute/sync'
16:09:45.650 [Forwarding isElementDisplayed on session 1ffdc4c1a70c4a08824fd96e1a5e6bf2 to remote] DEBUG o.a.netty.request.NettyRequestSender - Using open Channel [id: 0xef817934, L:/127.0.0.1:63941 - R:localhost/127.0.0.1:53394] for POST '/session/1ffdc4c1a70c4a08824fd96e1a5e6bf2/execute/sync'
16:09:45.659 [AsyncHttpClient-1-5] DEBUG o.a.netty.handler.HttpHandler - 

Request DefaultHttpRequest(decodeResult: success, version: HTTP/1.1)
POST /session/1ffdc4c1a70c4a08824fd96e1a5e6bf2/execute/sync HTTP/1.1
User-Agent: selenium/4.1.2 (java windows)
Content-Length: 48780
Content-Type: application/json; charset=utf-8
host: localhost:53394
accept: */*

Response DefaultHttpResponse(decodeResult: success, version: HTTP/1.1)
HTTP/1.1 200 OK
Content-Type: application/json; charset=utf-8
cache-control: no-cache
content-length: 14

16:09:45.659 [AsyncHttpClient-1-5] DEBUG o.a.netty.channel.ChannelManager - Adding key: http://localhost:53394 for channel [id: 0xef817934, L:/127.0.0.1:63941 - R:localhost/127.0.0.1:53394]
16:09:45.660 [Forwarding findElement on session 1ffdc4c1a70c4a08824fd96e1a5e6bf2 to remote] DEBUG o.a.netty.request.NettyRequestSender - Using pooled Channel '[id: 0xef817934, L:/127.0.0.1:63941 - R:localhost/127.0.0.1:53394]' for 'POST' to 'http://localhost:53394/session/1ffdc4c1a70c4a08824fd96e1a5e6bf2/element'
16:09:45.660 [Forwarding findElement on session 1ffdc4c1a70c4a08824fd96e1a5e6bf2 to remote] DEBUG o.a.netty.request.NettyRequestSender - Using open Channel [id: 0xef817934, L:/127.0.0.1:63941 - R:localhost/127.0.0.1:53394] for POST '/session/1ffdc4c1a70c4a08824fd96e1a5e6bf2/element'
16:09:45.664 [AsyncHttpClient-1-5] DEBUG o.a.netty.handler.HttpHandler - 

Request DefaultHttpRequest(decodeResult: success, version: HTTP/1.1)
POST /session/1ffdc4c1a70c4a08824fd96e1a5e6bf2/element HTTP/1.1
User-Agent: selenium/4.1.2 (java windows)
Content-Length: 128
Content-Type: application/json; charset=utf-8
host: localhost:53394
accept: */*

Response DefaultHttpResponse(decodeResult: success, version: HTTP/1.1)
HTTP/1.1 200 OK
Content-Type: application/json; charset=utf-8
cache-control: no-cache
content-length: 88

16:09:45.664 [AsyncHttpClient-1-5] DEBUG o.a.netty.channel.ChannelManager - Adding key: http://localhost:53394 for channel [id: 0xef817934, L:/127.0.0.1:63941 - R:localhost/127.0.0.1:53394]
16:09:45.665 [Forwarding isElementEnabled on session 1ffdc4c1a70c4a08824fd96e1a5e6bf2 to remote] DEBUG o.a.netty.request.NettyRequestSender - Using pooled Channel '[id: 0xef817934, L:/127.0.0.1:63941 - R:localhost/127.0.0.1:53394]' for 'GET' to 'http://localhost:53394/session/1ffdc4c1a70c4a08824fd96e1a5e6bf2/element/317d9bd9-b313-4d8d-88e0-1dc7d2799605/enabled'
16:09:45.665 [Forwarding isElementEnabled on session 1ffdc4c1a70c4a08824fd96e1a5e6bf2 to remote] DEBUG o.a.netty.request.NettyRequestSender - Using open Channel [id: 0xef817934, L:/127.0.0.1:63941 - R:localhost/127.0.0.1:53394] for GET '/session/1ffdc4c1a70c4a08824fd96e1a5e6bf2/element/317d9bd9-b313-4d8d-88e0-1dc7d2799605/enabled'
16:09:45.670 [AsyncHttpClient-1-5] DEBUG o.a.netty.handler.HttpHandler - 

Request DefaultFullHttpRequest(decodeResult: success, version: HTTP/1.1, content: EmptyByteBufBE)
GET /session/1ffdc4c1a70c4a08824fd96e1a5e6bf2/element/317d9bd9-b313-4d8d-88e0-1dc7d2799605/enabled HTTP/1.1
User-Agent: selenium/4.1.2 (java windows)
Cache-Control: no-cache
Content-Type: application/json; charset=utf-8
host: localhost:53394
accept: */*

Response DefaultHttpResponse(decodeResult: success, version: HTTP/1.1)
HTTP/1.1 200 OK
Content-Type: application/json; charset=utf-8
cache-control: no-cache
content-length: 14

16:09:45.670 [AsyncHttpClient-1-5] DEBUG o.a.netty.channel.ChannelManager - Adding key: http://localhost:53394 for channel [id: 0xef817934, L:/127.0.0.1:63941 - R:localhost/127.0.0.1:53394]
16:09:45.670 [Forwarding findElement on session 1ffdc4c1a70c4a08824fd96e1a5e6bf2 to remote] DEBUG o.a.netty.request.NettyRequestSender - Using pooled Channel '[id: 0xef817934, L:/127.0.0.1:63941 - R:localhost/127.0.0.1:53394]' for 'POST' to 'http://localhost:53394/session/1ffdc4c1a70c4a08824fd96e1a5e6bf2/element'
16:09:45.671 [Forwarding findElement on session 1ffdc4c1a70c4a08824fd96e1a5e6bf2 to remote] DEBUG o.a.netty.request.NettyRequestSender - Using open Channel [id: 0xef817934, L:/127.0.0.1:63941 - R:localhost/127.0.0.1:53394] for POST '/session/1ffdc4c1a70c4a08824fd96e1a5e6bf2/element'
16:09:45.677 [AsyncHttpClient-1-5] DEBUG o.a.netty.handler.HttpHandler - 

Request DefaultHttpRequest(decodeResult: success, version: HTTP/1.1)
POST /session/1ffdc4c1a70c4a08824fd96e1a5e6bf2/element HTTP/1.1
User-Agent: selenium/4.1.2 (java windows)
Content-Length: 132
Content-Type: application/json; charset=utf-8
host: localhost:53394
accept: */*

Response DefaultHttpResponse(decodeResult: success, version: HTTP/1.1)
HTTP/1.1 200 OK
Content-Type: application/json; charset=utf-8
cache-control: no-cache
content-length: 88

16:09:45.678 [AsyncHttpClient-1-5] DEBUG o.a.netty.channel.ChannelManager - Adding key: http://localhost:53394 for channel [id: 0xef817934, L:/127.0.0.1:63941 - R:localhost/127.0.0.1:53394]
16:09:45.681 [Forwarding isElementDisplayed on session 1ffdc4c1a70c4a08824fd96e1a5e6bf2 to remote] DEBUG o.a.netty.request.NettyRequestSender - Using pooled Channel '[id: 0xef817934, L:/127.0.0.1:63941 - R:localhost/127.0.0.1:53394]' for 'POST' to 'http://localhost:53394/session/1ffdc4c1a70c4a08824fd96e1a5e6bf2/execute/sync'
16:09:45.681 [Forwarding isElementDisplayed on session 1ffdc4c1a70c4a08824fd96e1a5e6bf2 to remote] DEBUG o.a.netty.request.NettyRequestSender - Using open Channel [id: 0xef817934, L:/127.0.0.1:63941 - R:localhost/127.0.0.1:53394] for POST '/session/1ffdc4c1a70c4a08824fd96e1a5e6bf2/execute/sync'
16:09:45.687 [AsyncHttpClient-1-5] DEBUG o.a.netty.handler.HttpHandler - 

Request DefaultHttpRequest(decodeResult: success, version: HTTP/1.1)
POST /session/1ffdc4c1a70c4a08824fd96e1a5e6bf2/execute/sync HTTP/1.1
User-Agent: selenium/4.1.2 (java windows)
Content-Length: 48780
Content-Type: application/json; charset=utf-8
host: localhost:53394
accept: */*

Response DefaultHttpResponse(decodeResult: success, version: HTTP/1.1)
HTTP/1.1 200 OK
Content-Type: application/json; charset=utf-8
cache-control: no-cache
content-length: 14

16:09:45.688 [AsyncHttpClient-1-5] DEBUG o.a.netty.channel.ChannelManager - Adding key: http://localhost:53394 for channel [id: 0xef817934, L:/127.0.0.1:63941 - R:localhost/127.0.0.1:53394]
16:09:45.689 [Forwarding findElement on session 1ffdc4c1a70c4a08824fd96e1a5e6bf2 to remote] DEBUG o.a.netty.request.NettyRequestSender - Using pooled Channel '[id: 0xef817934, L:/127.0.0.1:63941 - R:localhost/127.0.0.1:53394]' for 'POST' to 'http://localhost:53394/session/1ffdc4c1a70c4a08824fd96e1a5e6bf2/element'
16:09:45.689 [Forwarding findElement on session 1ffdc4c1a70c4a08824fd96e1a5e6bf2 to remote] DEBUG o.a.netty.request.NettyRequestSender - Using open Channel [id: 0xef817934, L:/127.0.0.1:63941 - R:localhost/127.0.0.1:53394] for POST '/session/1ffdc4c1a70c4a08824fd96e1a5e6bf2/element'
16:09:45.692 [AsyncHttpClient-1-5] DEBUG o.a.netty.handler.HttpHandler - 

Request DefaultHttpRequest(decodeResult: success, version: HTTP/1.1)
POST /session/1ffdc4c1a70c4a08824fd96e1a5e6bf2/element HTTP/1.1
User-Agent: selenium/4.1.2 (java windows)
Content-Length: 132
Content-Type: application/json; charset=utf-8
host: localhost:53394
accept: */*

Response DefaultHttpResponse(decodeResult: success, version: HTTP/1.1)
HTTP/1.1 200 OK
Content-Type: application/json; charset=utf-8
cache-control: no-cache
content-length: 88

16:09:45.693 [AsyncHttpClient-1-5] DEBUG o.a.netty.channel.ChannelManager - Adding key: http://localhost:53394 for channel [id: 0xef817934, L:/127.0.0.1:63941 - R:localhost/127.0.0.1:53394]
16:09:45.696 [Forwarding isElementDisplayed on session 1ffdc4c1a70c4a08824fd96e1a5e6bf2 to remote] DEBUG o.a.netty.request.NettyRequestSender - Using pooled Channel '[id: 0xef817934, L:/127.0.0.1:63941 - R:localhost/127.0.0.1:53394]' for 'POST' to 'http://localhost:53394/session/1ffdc4c1a70c4a08824fd96e1a5e6bf2/execute/sync'
16:09:45.696 [Forwarding isElementDisplayed on session 1ffdc4c1a70c4a08824fd96e1a5e6bf2 to remote] DEBUG o.a.netty.request.NettyRequestSender - Using open Channel [id: 0xef817934, L:/127.0.0.1:63941 - R:localhost/127.0.0.1:53394] for POST '/session/1ffdc4c1a70c4a08824fd96e1a5e6bf2/execute/sync'
16:09:45.702 [AsyncHttpClient-1-5] DEBUG o.a.netty.handler.HttpHandler - 

Request DefaultHttpRequest(decodeResult: success, version: HTTP/1.1)
POST /session/1ffdc4c1a70c4a08824fd96e1a5e6bf2/execute/sync HTTP/1.1
User-Agent: selenium/4.1.2 (java windows)
Content-Length: 48780
Content-Type: application/json; charset=utf-8
host: localhost:53394
accept: */*

Response DefaultHttpResponse(decodeResult: success, version: HTTP/1.1)
HTTP/1.1 200 OK
Content-Type: application/json; charset=utf-8
cache-control: no-cache
content-length: 14

16:09:45.702 [AsyncHttpClient-1-5] DEBUG o.a.netty.channel.ChannelManager - Adding key: http://localhost:53394 for channel [id: 0xef817934, L:/127.0.0.1:63941 - R:localhost/127.0.0.1:53394]
16:09:45.703 [Forwarding findElement on session 1ffdc4c1a70c4a08824fd96e1a5e6bf2 to remote] DEBUG o.a.netty.request.NettyRequestSender - Using pooled Channel '[id: 0xef817934, L:/127.0.0.1:63941 - R:localhost/127.0.0.1:53394]' for 'POST' to 'http://localhost:53394/session/1ffdc4c1a70c4a08824fd96e1a5e6bf2/element'
16:09:45.703 [Forwarding findElement on session 1ffdc4c1a70c4a08824fd96e1a5e6bf2 to remote] DEBUG o.a.netty.request.NettyRequestSender - Using open Channel [id: 0xef817934, L:/127.0.0.1:63941 - R:localhost/127.0.0.1:53394] for POST '/session/1ffdc4c1a70c4a08824fd96e1a5e6bf2/element'
16:09:45.707 [AsyncHttpClient-1-5] DEBUG o.a.netty.handler.HttpHandler - 

Request DefaultHttpRequest(decodeResult: success, version: HTTP/1.1)
POST /session/1ffdc4c1a70c4a08824fd96e1a5e6bf2/element HTTP/1.1
User-Agent: selenium/4.1.2 (java windows)
Content-Length: 132
Content-Type: application/json; charset=utf-8
host: localhost:53394
accept: */*

Response DefaultHttpResponse(decodeResult: success, version: HTTP/1.1)
HTTP/1.1 200 OK
Content-Type: application/json; charset=utf-8
cache-control: no-cache
content-length: 88

16:09:45.707 [AsyncHttpClient-1-5] DEBUG o.a.netty.channel.ChannelManager - Adding key: http://localhost:53394 for channel [id: 0xef817934, L:/127.0.0.1:63941 - R:localhost/127.0.0.1:53394]
16:09:45.708 [Forwarding isElementEnabled on session 1ffdc4c1a70c4a08824fd96e1a5e6bf2 to remote] DEBUG o.a.netty.request.NettyRequestSender - Using pooled Channel '[id: 0xef817934, L:/127.0.0.1:63941 - R:localhost/127.0.0.1:53394]' for 'GET' to 'http://localhost:53394/session/1ffdc4c1a70c4a08824fd96e1a5e6bf2/element/e078b826-07d2-4de1-83de-1d5849d47bb0/enabled'
16:09:45.708 [Forwarding isElementEnabled on session 1ffdc4c1a70c4a08824fd96e1a5e6bf2 to remote] DEBUG o.a.netty.request.NettyRequestSender - Using open Channel [id: 0xef817934, L:/127.0.0.1:63941 - R:localhost/127.0.0.1:53394] for GET '/session/1ffdc4c1a70c4a08824fd96e1a5e6bf2/element/e078b826-07d2-4de1-83de-1d5849d47bb0/enabled'
16:09:45.712 [AsyncHttpClient-1-5] DEBUG o.a.netty.handler.HttpHandler - 

Request DefaultFullHttpRequest(decodeResult: success, version: HTTP/1.1, content: EmptyByteBufBE)
GET /session/1ffdc4c1a70c4a08824fd96e1a5e6bf2/element/e078b826-07d2-4de1-83de-1d5849d47bb0/enabled HTTP/1.1
User-Agent: selenium/4.1.2 (java windows)
Cache-Control: no-cache
Content-Type: application/json; charset=utf-8
host: localhost:53394
accept: */*

Response DefaultHttpResponse(decodeResult: success, version: HTTP/1.1)
HTTP/1.1 200 OK
Content-Type: application/json; charset=utf-8
cache-control: no-cache
content-length: 14

16:09:45.712 [AsyncHttpClient-1-5] DEBUG o.a.netty.channel.ChannelManager - Adding key: http://localhost:53394 for channel [id: 0xef817934, L:/127.0.0.1:63941 - R:localhost/127.0.0.1:53394]
16:09:45.713 [Forwarding findElement on session 1ffdc4c1a70c4a08824fd96e1a5e6bf2 to remote] DEBUG o.a.netty.request.NettyRequestSender - Using pooled Channel '[id: 0xef817934, L:/127.0.0.1:63941 - R:localhost/127.0.0.1:53394]' for 'POST' to 'http://localhost:53394/session/1ffdc4c1a70c4a08824fd96e1a5e6bf2/element'
16:09:45.713 [Forwarding findElement on session 1ffdc4c1a70c4a08824fd96e1a5e6bf2 to remote] DEBUG o.a.netty.request.NettyRequestSender - Using open Channel [id: 0xef817934, L:/127.0.0.1:63941 - R:localhost/127.0.0.1:53394] for POST '/session/1ffdc4c1a70c4a08824fd96e1a5e6bf2/element'
16:09:45.720 [AsyncHttpClient-1-5] DEBUG o.a.netty.handler.HttpHandler - 

Request DefaultHttpRequest(decodeResult: success, version: HTTP/1.1)
POST /session/1ffdc4c1a70c4a08824fd96e1a5e6bf2/element HTTP/1.1
User-Agent: selenium/4.1.2 (java windows)
Content-Length: 125
Content-Type: application/json; charset=utf-8
host: localhost:53394
accept: */*

Response DefaultHttpResponse(decodeResult: success, version: HTTP/1.1)
HTTP/1.1 200 OK
Content-Type: application/json; charset=utf-8
cache-control: no-cache
content-length: 88

16:09:45.720 [AsyncHttpClient-1-5] DEBUG o.a.netty.channel.ChannelManager - Adding key: http://localhost:53394 for channel [id: 0xef817934, L:/127.0.0.1:63941 - R:localhost/127.0.0.1:53394]
16:09:45.723 [Forwarding isElementDisplayed on session 1ffdc4c1a70c4a08824fd96e1a5e6bf2 to remote] DEBUG o.a.netty.request.NettyRequestSender - Using pooled Channel '[id: 0xef817934, L:/127.0.0.1:63941 - R:localhost/127.0.0.1:53394]' for 'POST' to 'http://localhost:53394/session/1ffdc4c1a70c4a08824fd96e1a5e6bf2/execute/sync'
16:09:45.723 [Forwarding isElementDisplayed on session 1ffdc4c1a70c4a08824fd96e1a5e6bf2 to remote] DEBUG o.a.netty.request.NettyRequestSender - Using open Channel [id: 0xef817934, L:/127.0.0.1:63941 - R:localhost/127.0.0.1:53394] for POST '/session/1ffdc4c1a70c4a08824fd96e1a5e6bf2/execute/sync'
16:09:45.730 [AsyncHttpClient-1-5] DEBUG o.a.netty.handler.HttpHandler - 

Request DefaultHttpRequest(decodeResult: success, version: HTTP/1.1)
POST /session/1ffdc4c1a70c4a08824fd96e1a5e6bf2/execute/sync HTTP/1.1
User-Agent: selenium/4.1.2 (java windows)
Content-Length: 48780
Content-Type: application/json; charset=utf-8
host: localhost:53394
accept: */*

Response DefaultHttpResponse(decodeResult: success, version: HTTP/1.1)
HTTP/1.1 200 OK
Content-Type: application/json; charset=utf-8
cache-control: no-cache
content-length: 14

16:09:45.730 [AsyncHttpClient-1-5] DEBUG o.a.netty.channel.ChannelManager - Adding key: http://localhost:53394 for channel [id: 0xef817934, L:/127.0.0.1:63941 - R:localhost/127.0.0.1:53394]
16:09:45.731 [Forwarding findElement on session 1ffdc4c1a70c4a08824fd96e1a5e6bf2 to remote] DEBUG o.a.netty.request.NettyRequestSender - Using pooled Channel '[id: 0xef817934, L:/127.0.0.1:63941 - R:localhost/127.0.0.1:53394]' for 'POST' to 'http://localhost:53394/session/1ffdc4c1a70c4a08824fd96e1a5e6bf2/element'
16:09:45.731 [Forwarding findElement on session 1ffdc4c1a70c4a08824fd96e1a5e6bf2 to remote] DEBUG o.a.netty.request.NettyRequestSender - Using open Channel [id: 0xef817934, L:/127.0.0.1:63941 - R:localhost/127.0.0.1:53394] for POST '/session/1ffdc4c1a70c4a08824fd96e1a5e6bf2/element'
16:09:45.736 [AsyncHttpClient-1-5] DEBUG o.a.netty.handler.HttpHandler - 

Request DefaultHttpRequest(decodeResult: success, version: HTTP/1.1)
POST /session/1ffdc4c1a70c4a08824fd96e1a5e6bf2/element HTTP/1.1
User-Agent: selenium/4.1.2 (java windows)
Content-Length: 125
Content-Type: application/json; charset=utf-8
host: localhost:53394
accept: */*

Response DefaultHttpResponse(decodeResult: success, version: HTTP/1.1)
HTTP/1.1 200 OK
Content-Type: application/json; charset=utf-8
cache-control: no-cache
content-length: 88

16:09:45.736 [AsyncHttpClient-1-5] DEBUG o.a.netty.channel.ChannelManager - Adding key: http://localhost:53394 for channel [id: 0xef817934, L:/127.0.0.1:63941 - R:localhost/127.0.0.1:53394]
16:09:45.738 [Forwarding isElementDisplayed on session 1ffdc4c1a70c4a08824fd96e1a5e6bf2 to remote] DEBUG o.a.netty.request.NettyRequestSender - Using pooled Channel '[id: 0xef817934, L:/127.0.0.1:63941 - R:localhost/127.0.0.1:53394]' for 'POST' to 'http://localhost:53394/session/1ffdc4c1a70c4a08824fd96e1a5e6bf2/execute/sync'
16:09:45.738 [Forwarding isElementDisplayed on session 1ffdc4c1a70c4a08824fd96e1a5e6bf2 to remote] DEBUG o.a.netty.request.NettyRequestSender - Using open Channel [id: 0xef817934, L:/127.0.0.1:63941 - R:localhost/127.0.0.1:53394] for POST '/session/1ffdc4c1a70c4a08824fd96e1a5e6bf2/execute/sync'
16:09:45.745 [AsyncHttpClient-1-5] DEBUG o.a.netty.handler.HttpHandler - 

Request DefaultHttpRequest(decodeResult: success, version: HTTP/1.1)
POST /session/1ffdc4c1a70c4a08824fd96e1a5e6bf2/execute/sync HTTP/1.1
User-Agent: selenium/4.1.2 (java windows)
Content-Length: 48780
Content-Type: application/json; charset=utf-8
host: localhost:53394
accept: */*

Response DefaultHttpResponse(decodeResult: success, version: HTTP/1.1)
HTTP/1.1 200 OK
Content-Type: application/json; charset=utf-8
cache-control: no-cache
content-length: 14

16:09:45.745 [AsyncHttpClient-1-5] DEBUG o.a.netty.channel.ChannelManager - Adding key: http://localhost:53394 for channel [id: 0xef817934, L:/127.0.0.1:63941 - R:localhost/127.0.0.1:53394]
16:09:45.746 [Forwarding findElement on session 1ffdc4c1a70c4a08824fd96e1a5e6bf2 to remote] DEBUG o.a.netty.request.NettyRequestSender - Using pooled Channel '[id: 0xef817934, L:/127.0.0.1:63941 - R:localhost/127.0.0.1:53394]' for 'POST' to 'http://localhost:53394/session/1ffdc4c1a70c4a08824fd96e1a5e6bf2/element'
16:09:45.746 [Forwarding findElement on session 1ffdc4c1a70c4a08824fd96e1a5e6bf2 to remote] DEBUG o.a.netty.request.NettyRequestSender - Using open Channel [id: 0xef817934, L:/127.0.0.1:63941 - R:localhost/127.0.0.1:53394] for POST '/session/1ffdc4c1a70c4a08824fd96e1a5e6bf2/element'
16:09:45.750 [AsyncHttpClient-1-5] DEBUG o.a.netty.handler.HttpHandler - 

Request DefaultHttpRequest(decodeResult: success, version: HTTP/1.1)
POST /session/1ffdc4c1a70c4a08824fd96e1a5e6bf2/element HTTP/1.1
User-Agent: selenium/4.1.2 (java windows)
Content-Length: 125
Content-Type: application/json; charset=utf-8
host: localhost:53394
accept: */*

Response DefaultHttpResponse(decodeResult: success, version: HTTP/1.1)
HTTP/1.1 200 OK
Content-Type: application/json; charset=utf-8
cache-control: no-cache
content-length: 88

16:09:45.751 [AsyncHttpClient-1-5] DEBUG o.a.netty.channel.ChannelManager - Adding key: http://localhost:53394 for channel [id: 0xef817934, L:/127.0.0.1:63941 - R:localhost/127.0.0.1:53394]
16:09:45.751 [Forwarding isElementEnabled on session 1ffdc4c1a70c4a08824fd96e1a5e6bf2 to remote] DEBUG o.a.netty.request.NettyRequestSender - Using pooled Channel '[id: 0xef817934, L:/127.0.0.1:63941 - R:localhost/127.0.0.1:53394]' for 'GET' to 'http://localhost:53394/session/1ffdc4c1a70c4a08824fd96e1a5e6bf2/element/152164d2-e43e-4af3-b9b5-a2b66e4ebeb5/enabled'
16:09:45.751 [Forwarding isElementEnabled on session 1ffdc4c1a70c4a08824fd96e1a5e6bf2 to remote] DEBUG o.a.netty.request.NettyRequestSender - Using open Channel [id: 0xef817934, L:/127.0.0.1:63941 - R:localhost/127.0.0.1:53394] for GET '/session/1ffdc4c1a70c4a08824fd96e1a5e6bf2/element/152164d2-e43e-4af3-b9b5-a2b66e4ebeb5/enabled'
16:09:45.757 [AsyncHttpClient-1-5] DEBUG o.a.netty.handler.HttpHandler - 

Request DefaultFullHttpRequest(decodeResult: success, version: HTTP/1.1, content: EmptyByteBufBE)
GET /session/1ffdc4c1a70c4a08824fd96e1a5e6bf2/element/152164d2-e43e-4af3-b9b5-a2b66e4ebeb5/enabled HTTP/1.1
User-Agent: selenium/4.1.2 (java windows)
Cache-Control: no-cache
Content-Type: application/json; charset=utf-8
host: localhost:53394
accept: */*

Response DefaultHttpResponse(decodeResult: success, version: HTTP/1.1)
HTTP/1.1 200 OK
Content-Type: application/json; charset=utf-8
cache-control: no-cache
content-length: 14

16:09:45.757 [AsyncHttpClient-1-5] DEBUG o.a.netty.channel.ChannelManager - Adding key: http://localhost:53394 for channel [id: 0xef817934, L:/127.0.0.1:63941 - R:localhost/127.0.0.1:53394]
  &amp#27;[32mAnd &amp#27;[0m&amp#27;[32muser verify the Login Page Elements is Visible&amp#27;[0m                                                   &amp#27;[90m# stepdefinitions.LoginPageSteps.user_verify_the_login_page_elements_is_visible()&amp#27;[0m
16:09:46.646 [AsyncHttpClient-1-1] DEBUG o.a.netty.channel.DefaultChannelPool - Entry count for : http://localhost:53394 : 1
16:09:46.646 [AsyncHttpClient-1-1] DEBUG o.a.netty.channel.DefaultChannelPool - Entry count for : http://localhost:63942 : 1
16:09:47.751 [AsyncHttpClient-1-1] DEBUG o.a.netty.channel.DefaultChannelPool - Entry count for : http://localhost:53394 : 1
16:09:47.751 [AsyncHttpClient-1-1] DEBUG o.a.netty.channel.DefaultChannelPool - Entry count for : http://localhost:63942 : 1
16:09:47.767 [Forwarding findElement on session 1ffdc4c1a70c4a08824fd96e1a5e6bf2 to remote] DEBUG o.a.netty.request.NettyRequestSender - Using pooled Channel '[id: 0xef817934, L:/127.0.0.1:63941 - R:localhost/127.0.0.1:53394]' for 'POST' to 'http://localhost:53394/session/1ffdc4c1a70c4a08824fd96e1a5e6bf2/element'
16:09:47.767 [Forwarding findElement on session 1ffdc4c1a70c4a08824fd96e1a5e6bf2 to remote] DEBUG o.a.netty.request.NettyRequestSender - Using open Channel [id: 0xef817934, L:/127.0.0.1:63941 - R:localhost/127.0.0.1:53394] for POST '/session/1ffdc4c1a70c4a08824fd96e1a5e6bf2/element'
16:09:47.772 [AsyncHttpClient-1-5] DEBUG o.a.netty.handler.HttpHandler - 

Request DefaultHttpRequest(decodeResult: success, version: HTTP/1.1)
POST /session/1ffdc4c1a70c4a08824fd96e1a5e6bf2/element HTTP/1.1
User-Agent: selenium/4.1.2 (java windows)
Content-Length: 128
Content-Type: application/json; charset=utf-8
host: localhost:53394
accept: */*

Response DefaultHttpResponse(decodeResult: success, version: HTTP/1.1)
HTTP/1.1 200 OK
Content-Type: application/json; charset=utf-8
cache-control: no-cache
content-length: 88

16:09:47.772 [AsyncHttpClient-1-5] DEBUG o.a.netty.channel.ChannelManager - Adding key: http://localhost:53394 for channel [id: 0xef817934, L:/127.0.0.1:63941 - R:localhost/127.0.0.1:53394]
16:09:47.773 [Forwarding sendKeysToElement on session 1ffdc4c1a70c4a08824fd96e1a5e6bf2 to remote] DEBUG o.a.netty.request.NettyRequestSender - Using pooled Channel '[id: 0xef817934, L:/127.0.0.1:63941 - R:localhost/127.0.0.1:53394]' for 'POST' to 'http://localhost:53394/session/1ffdc4c1a70c4a08824fd96e1a5e6bf2/element/317d9bd9-b313-4d8d-88e0-1dc7d2799605/value'
16:09:47.773 [Forwarding sendKeysToElement on session 1ffdc4c1a70c4a08824fd96e1a5e6bf2 to remote] DEBUG o.a.netty.request.NettyRequestSender - Using open Channel [id: 0xef817934, L:/127.0.0.1:63941 - R:localhost/127.0.0.1:53394] for POST '/session/1ffdc4c1a70c4a08824fd96e1a5e6bf2/element/317d9bd9-b313-4d8d-88e0-1dc7d2799605/value'
16:09:47.797 [AsyncHttpClient-1-5] DEBUG o.a.netty.handler.HttpHandler - 

Request DefaultHttpRequest(decodeResult: success, version: HTTP/1.1)
POST /session/1ffdc4c1a70c4a08824fd96e1a5e6bf2/element/317d9bd9-b313-4d8d-88e0-1dc7d2799605/value HTTP/1.1
User-Agent: selenium/4.1.2 (java windows)
Content-Length: 191
Content-Type: application/json; charset=utf-8
host: localhost:53394
accept: */*

Response DefaultHttpResponse(decodeResult: success, version: HTTP/1.1)
HTTP/1.1 200 OK
Content-Type: application/json; charset=utf-8
cache-control: no-cache
content-length: 14

16:09:47.797 [AsyncHttpClient-1-5] DEBUG o.a.netty.channel.ChannelManager - Adding key: http://localhost:53394 for channel [id: 0xef817934, L:/127.0.0.1:63941 - R:localhost/127.0.0.1:53394]
16:09:47.798 [Forwarding findElement on session 1ffdc4c1a70c4a08824fd96e1a5e6bf2 to remote] DEBUG o.a.netty.request.NettyRequestSender - Using pooled Channel '[id: 0xef817934, L:/127.0.0.1:63941 - R:localhost/127.0.0.1:53394]' for 'POST' to 'http://localhost:53394/session/1ffdc4c1a70c4a08824fd96e1a5e6bf2/element'
16:09:47.798 [Forwarding findElement on session 1ffdc4c1a70c4a08824fd96e1a5e6bf2 to remote] DEBUG o.a.netty.request.NettyRequestSender - Using open Channel [id: 0xef817934, L:/127.0.0.1:63941 - R:localhost/127.0.0.1:53394] for POST '/session/1ffdc4c1a70c4a08824fd96e1a5e6bf2/element'
16:09:47.803 [AsyncHttpClient-1-5] DEBUG o.a.netty.handler.HttpHandler - 

Request DefaultHttpRequest(decodeResult: success, version: HTTP/1.1)
POST /session/1ffdc4c1a70c4a08824fd96e1a5e6bf2/element HTTP/1.1
User-Agent: selenium/4.1.2 (java windows)
Content-Length: 132
Content-Type: application/json; charset=utf-8
host: localhost:53394
accept: */*

Response DefaultHttpResponse(decodeResult: success, version: HTTP/1.1)
HTTP/1.1 200 OK
Content-Type: application/json; charset=utf-8
cache-control: no-cache
content-length: 88

16:09:47.803 [AsyncHttpClient-1-5] DEBUG o.a.netty.channel.ChannelManager - Adding key: http://localhost:53394 for channel [id: 0xef817934, L:/127.0.0.1:63941 - R:localhost/127.0.0.1:53394]
16:09:47.804 [Forwarding sendKeysToElement on session 1ffdc4c1a70c4a08824fd96e1a5e6bf2 to remote] DEBUG o.a.netty.request.NettyRequestSender - Using pooled Channel '[id: 0xef817934, L:/127.0.0.1:63941 - R:localhost/127.0.0.1:53394]' for 'POST' to 'http://localhost:53394/session/1ffdc4c1a70c4a08824fd96e1a5e6bf2/element/e078b826-07d2-4de1-83de-1d5849d47bb0/value'
16:09:47.804 [Forwarding sendKeysToElement on session 1ffdc4c1a70c4a08824fd96e1a5e6bf2 to remote] DEBUG o.a.netty.request.NettyRequestSender - Using open Channel [id: 0xef817934, L:/127.0.0.1:63941 - R:localhost/127.0.0.1:53394] for POST '/session/1ffdc4c1a70c4a08824fd96e1a5e6bf2/element/e078b826-07d2-4de1-83de-1d5849d47bb0/value'
16:09:47.836 [AsyncHttpClient-1-5] DEBUG o.a.netty.handler.HttpHandler - 

Request DefaultHttpRequest(decodeResult: success, version: HTTP/1.1)
POST /session/1ffdc4c1a70c4a08824fd96e1a5e6bf2/element/e078b826-07d2-4de1-83de-1d5849d47bb0/value HTTP/1.1
User-Agent: selenium/4.1.2 (java windows)
Content-Length: 231
Content-Type: application/json; charset=utf-8
host: localhost:53394
accept: */*

Response DefaultHttpResponse(decodeResult: success, version: HTTP/1.1)
HTTP/1.1 200 OK
Content-Type: application/json; charset=utf-8
cache-control: no-cache
content-length: 14

16:09:47.836 [AsyncHttpClient-1-5] DEBUG o.a.netty.channel.ChannelManager - Adding key: http://localhost:53394 for channel [id: 0xef817934, L:/127.0.0.1:63941 - R:localhost/127.0.0.1:53394]
16:09:47.837 [Forwarding findElement on session 1ffdc4c1a70c4a08824fd96e1a5e6bf2 to remote] DEBUG o.a.netty.request.NettyRequestSender - Using pooled Channel '[id: 0xef817934, L:/127.0.0.1:63941 - R:localhost/127.0.0.1:53394]' for 'POST' to 'http://localhost:53394/session/1ffdc4c1a70c4a08824fd96e1a5e6bf2/element'
16:09:47.838 [Forwarding findElement on session 1ffdc4c1a70c4a08824fd96e1a5e6bf2 to remote] DEBUG o.a.netty.request.NettyRequestSender - Using open Channel [id: 0xef817934, L:/127.0.0.1:63941 - R:localhost/127.0.0.1:53394] for POST '/session/1ffdc4c1a70c4a08824fd96e1a5e6bf2/element'
16:09:47.843 [AsyncHttpClient-1-5] DEBUG o.a.netty.handler.HttpHandler - 

Request DefaultHttpRequest(decodeResult: success, version: HTTP/1.1)
POST /session/1ffdc4c1a70c4a08824fd96e1a5e6bf2/element HTTP/1.1
User-Agent: selenium/4.1.2 (java windows)
Content-Length: 125
Content-Type: application/json; charset=utf-8
host: localhost:53394
accept: */*

Response DefaultHttpResponse(decodeResult: success, version: HTTP/1.1)
HTTP/1.1 200 OK
Content-Type: application/json; charset=utf-8
cache-control: no-cache
content-length: 88

16:09:47.843 [AsyncHttpClient-1-5] DEBUG o.a.netty.channel.ChannelManager - Adding key: http://localhost:53394 for channel [id: 0xef817934, L:/127.0.0.1:63941 - R:localhost/127.0.0.1:53394]
16:09:47.844 [Forwarding clickElement on session 1ffdc4c1a70c4a08824fd96e1a5e6bf2 to remote] DEBUG o.a.netty.request.NettyRequestSender - Using pooled Channel '[id: 0xef817934, L:/127.0.0.1:63941 - R:localhost/127.0.0.1:53394]' for 'POST' to 'http://localhost:53394/session/1ffdc4c1a70c4a08824fd96e1a5e6bf2/element/152164d2-e43e-4af3-b9b5-a2b66e4ebeb5/click'
16:09:47.844 [Forwarding clickElement on session 1ffdc4c1a70c4a08824fd96e1a5e6bf2 to remote] DEBUG o.a.netty.request.NettyRequestSender - Using open Channel [id: 0xef817934, L:/127.0.0.1:63941 - R:localhost/127.0.0.1:53394] for POST '/session/1ffdc4c1a70c4a08824fd96e1a5e6bf2/element/152164d2-e43e-4af3-b9b5-a2b66e4ebeb5/click'
16:09:47.909 [AsyncHttpClient-1-5] DEBUG o.a.netty.handler.HttpHandler - 

Request DefaultHttpRequest(decodeResult: success, version: HTTP/1.1)
POST /session/1ffdc4c1a70c4a08824fd96e1a5e6bf2/element/152164d2-e43e-4af3-b9b5-a2b66e4ebeb5/click HTTP/1.1
User-Agent: selenium/4.1.2 (java windows)
Content-Length: 50
Content-Type: application/json; charset=utf-8
host: localhost:53394
accept: */*

Response DefaultHttpResponse(decodeResult: success, version: HTTP/1.1)
HTTP/1.1 200 OK
Content-Type: application/json; charset=utf-8
cache-control: no-cache
content-length: 14

16:09:47.910 [AsyncHttpClient-1-5] DEBUG o.a.netty.channel.ChannelManager - Adding key: http://localhost:53394 for channel [id: 0xef817934, L:/127.0.0.1:63941 - R:localhost/127.0.0.1:53394]
16:09:47.910 [Forwarding findElement on session 1ffdc4c1a70c4a08824fd96e1a5e6bf2 to remote] DEBUG o.a.netty.request.NettyRequestSender - Using pooled Channel '[id: 0xef817934, L:/127.0.0.1:63941 - R:localhost/127.0.0.1:53394]' for 'POST' to 'http://localhost:53394/session/1ffdc4c1a70c4a08824fd96e1a5e6bf2/element'
16:09:47.911 [Forwarding findElement on session 1ffdc4c1a70c4a08824fd96e1a5e6bf2 to remote] DEBUG o.a.netty.request.NettyRequestSender - Using open Channel [id: 0xef817934, L:/127.0.0.1:63941 - R:localhost/127.0.0.1:53394] for POST '/session/1ffdc4c1a70c4a08824fd96e1a5e6bf2/element'
16:09:47.920 [AsyncHttpClient-1-5] DEBUG o.a.netty.handler.HttpHandler - 

Request DefaultHttpRequest(decodeResult: success, version: HTTP/1.1)
POST /session/1ffdc4c1a70c4a08824fd96e1a5e6bf2/element HTTP/1.1
User-Agent: selenium/4.1.2 (java windows)
Content-Length: 75
Content-Type: application/json; charset=utf-8
host: localhost:53394
accept: */*

Response DefaultHttpResponse(decodeResult: success, version: HTTP/1.1)
HTTP/1.1 200 OK
Content-Type: application/json; charset=utf-8
cache-control: no-cache
content-length: 88

16:09:47.920 [AsyncHttpClient-1-5] DEBUG o.a.netty.channel.ChannelManager - Adding key: http://localhost:53394 for channel [id: 0xef817934, L:/127.0.0.1:63941 - R:localhost/127.0.0.1:53394]
16:09:47.923 [Forwarding isElementDisplayed on session 1ffdc4c1a70c4a08824fd96e1a5e6bf2 to remote] DEBUG o.a.netty.request.NettyRequestSender - Using pooled Channel '[id: 0xef817934, L:/127.0.0.1:63941 - R:localhost/127.0.0.1:53394]' for 'POST' to 'http://localhost:53394/session/1ffdc4c1a70c4a08824fd96e1a5e6bf2/execute/sync'
16:09:47.923 [Forwarding isElementDisplayed on session 1ffdc4c1a70c4a08824fd96e1a5e6bf2 to remote] DEBUG o.a.netty.request.NettyRequestSender - Using open Channel [id: 0xef817934, L:/127.0.0.1:63941 - R:localhost/127.0.0.1:53394] for POST '/session/1ffdc4c1a70c4a08824fd96e1a5e6bf2/execute/sync'
16:09:47.934 [AsyncHttpClient-1-5] DEBUG o.a.netty.handler.HttpHandler - 

Request DefaultHttpRequest(decodeResult: success, version: HTTP/1.1)
POST /session/1ffdc4c1a70c4a08824fd96e1a5e6bf2/execute/sync HTTP/1.1
User-Agent: selenium/4.1.2 (java windows)
Content-Length: 48780
Content-Type: application/json; charset=utf-8
host: localhost:53394
accept: */*

Response DefaultHttpResponse(decodeResult: success, version: HTTP/1.1)
HTTP/1.1 200 OK
Content-Type: application/json; charset=utf-8
cache-control: no-cache
content-length: 15

16:09:47.934 [AsyncHttpClient-1-5] DEBUG o.a.netty.channel.ChannelManager - Adding key: http://localhost:53394 for channel [id: 0xef817934, L:/127.0.0.1:63941 - R:localhost/127.0.0.1:53394]
16:09:48.444 [Forwarding findElement on session 1ffdc4c1a70c4a08824fd96e1a5e6bf2 to remote] DEBUG o.a.netty.request.NettyRequestSender - Using pooled Channel '[id: 0xef817934, L:/127.0.0.1:63941 - R:localhost/127.0.0.1:53394]' for 'POST' to 'http://localhost:53394/session/1ffdc4c1a70c4a08824fd96e1a5e6bf2/element'
16:09:48.444 [Forwarding findElement on session 1ffdc4c1a70c4a08824fd96e1a5e6bf2 to remote] DEBUG o.a.netty.request.NettyRequestSender - Using open Channel [id: 0xef817934, L:/127.0.0.1:63941 - R:localhost/127.0.0.1:53394] for POST '/session/1ffdc4c1a70c4a08824fd96e1a5e6bf2/element'
16:09:48.450 [AsyncHttpClient-1-5] DEBUG o.a.netty.handler.HttpHandler - 

Request DefaultHttpRequest(decodeResult: success, version: HTTP/1.1)
POST /session/1ffdc4c1a70c4a08824fd96e1a5e6bf2/element HTTP/1.1
User-Agent: selenium/4.1.2 (java windows)
Content-Length: 75
Content-Type: application/json; charset=utf-8
host: localhost:53394
accept: */*

Response DefaultHttpResponse(decodeResult: success, version: HTTP/1.1)
HTTP/1.1 200 OK
Content-Type: application/json; charset=utf-8
cache-control: no-cache
content-length: 88

16:09:48.450 [AsyncHttpClient-1-5] DEBUG o.a.netty.channel.ChannelManager - Adding key: http://localhost:53394 for channel [id: 0xef817934, L:/127.0.0.1:63941 - R:localhost/127.0.0.1:53394]
16:09:48.453 [Forwarding isElementDisplayed on session 1ffdc4c1a70c4a08824fd96e1a5e6bf2 to remote] DEBUG o.a.netty.request.NettyRequestSender - Using pooled Channel '[id: 0xef817934, L:/127.0.0.1:63941 - R:localhost/127.0.0.1:53394]' for 'POST' to 'http://localhost:53394/session/1ffdc4c1a70c4a08824fd96e1a5e6bf2/execute/sync'
16:09:48.453 [Forwarding isElementDisplayed on session 1ffdc4c1a70c4a08824fd96e1a5e6bf2 to remote] DEBUG o.a.netty.request.NettyRequestSender - Using open Channel [id: 0xef817934, L:/127.0.0.1:63941 - R:localhost/127.0.0.1:53394] for POST '/session/1ffdc4c1a70c4a08824fd96e1a5e6bf2/execute/sync'
16:09:48.458 [AsyncHttpClient-1-5] DEBUG o.a.netty.handler.HttpHandler - 

Request DefaultHttpRequest(decodeResult: success, version: HTTP/1.1)
POST /session/1ffdc4c1a70c4a08824fd96e1a5e6bf2/execute/sync HTTP/1.1
User-Agent: selenium/4.1.2 (java windows)
Content-Length: 48780
Content-Type: application/json; charset=utf-8
host: localhost:53394
accept: */*

Response DefaultHttpResponse(decodeResult: success, version: HTTP/1.1)
HTTP/1.1 200 OK
Content-Type: application/json; charset=utf-8
cache-control: no-cache
content-length: 15

16:09:48.459 [AsyncHttpClient-1-5] DEBUG o.a.netty.channel.ChannelManager - Adding key: http://localhost:53394 for channel [id: 0xef817934, L:/127.0.0.1:63941 - R:localhost/127.0.0.1:53394]
16:09:48.854 [AsyncHttpClient-1-1] DEBUG o.a.netty.channel.DefaultChannelPool - Entry count for : http://localhost:53394 : 1
16:09:48.854 [AsyncHttpClient-1-1] DEBUG o.a.netty.channel.DefaultChannelPool - Entry count for : http://localhost:63942 : 1
16:09:48.960 [Forwarding findElement on session 1ffdc4c1a70c4a08824fd96e1a5e6bf2 to remote] DEBUG o.a.netty.request.NettyRequestSender - Using pooled Channel '[id: 0xef817934, L:/127.0.0.1:63941 - R:localhost/127.0.0.1:53394]' for 'POST' to 'http://localhost:53394/session/1ffdc4c1a70c4a08824fd96e1a5e6bf2/element'
16:09:48.960 [Forwarding findElement on session 1ffdc4c1a70c4a08824fd96e1a5e6bf2 to remote] DEBUG o.a.netty.request.NettyRequestSender - Using open Channel [id: 0xef817934, L:/127.0.0.1:63941 - R:localhost/127.0.0.1:53394] for POST '/session/1ffdc4c1a70c4a08824fd96e1a5e6bf2/element'
16:09:48.966 [AsyncHttpClient-1-5] DEBUG o.a.netty.handler.HttpHandler - 

Request DefaultHttpRequest(decodeResult: success, version: HTTP/1.1)
POST /session/1ffdc4c1a70c4a08824fd96e1a5e6bf2/element HTTP/1.1
User-Agent: selenium/4.1.2 (java windows)
Content-Length: 75
Content-Type: application/json; charset=utf-8
host: localhost:53394
accept: */*

Response DefaultHttpResponse(decodeResult: success, version: HTTP/1.1)
HTTP/1.1 200 OK
Content-Type: application/json; charset=utf-8
cache-control: no-cache
content-length: 88

16:09:48.966 [AsyncHttpClient-1-5] DEBUG o.a.netty.channel.ChannelManager - Adding key: http://localhost:53394 for channel [id: 0xef817934, L:/127.0.0.1:63941 - R:localhost/127.0.0.1:53394]
16:09:48.969 [Forwarding isElementDisplayed on session 1ffdc4c1a70c4a08824fd96e1a5e6bf2 to remote] DEBUG o.a.netty.request.NettyRequestSender - Using pooled Channel '[id: 0xef817934, L:/127.0.0.1:63941 - R:localhost/127.0.0.1:53394]' for 'POST' to 'http://localhost:53394/session/1ffdc4c1a70c4a08824fd96e1a5e6bf2/execute/sync'
16:09:48.969 [Forwarding isElementDisplayed on session 1ffdc4c1a70c4a08824fd96e1a5e6bf2 to remote] DEBUG o.a.netty.request.NettyRequestSender - Using open Channel [id: 0xef817934, L:/127.0.0.1:63941 - R:localhost/127.0.0.1:53394] for POST '/session/1ffdc4c1a70c4a08824fd96e1a5e6bf2/execute/sync'
16:09:48.976 [AsyncHttpClient-1-5] DEBUG o.a.netty.handler.HttpHandler - 

Request DefaultHttpRequest(decodeResult: success, version: HTTP/1.1)
POST /session/1ffdc4c1a70c4a08824fd96e1a5e6bf2/execute/sync HTTP/1.1
User-Agent: selenium/4.1.2 (java windows)
Content-Length: 48780
Content-Type: application/json; charset=utf-8
host: localhost:53394
accept: */*

Response DefaultHttpResponse(decodeResult: success, version: HTTP/1.1)
HTTP/1.1 200 OK
Content-Type: application/json; charset=utf-8
cache-control: no-cache
content-length: 14

16:09:48.976 [AsyncHttpClient-1-5] DEBUG o.a.netty.channel.ChannelManager - Adding key: http://localhost:53394 for channel [id: 0xef817934, L:/127.0.0.1:63941 - R:localhost/127.0.0.1:53394]
16:09:48.977 [Forwarding getElementText on session 1ffdc4c1a70c4a08824fd96e1a5e6bf2 to remote] DEBUG o.a.netty.request.NettyRequestSender - Using pooled Channel '[id: 0xef817934, L:/127.0.0.1:63941 - R:localhost/127.0.0.1:53394]' for 'GET' to 'http://localhost:53394/session/1ffdc4c1a70c4a08824fd96e1a5e6bf2/element/394bf521-3af6-430f-90f0-d3be5a3ed8db/text'
16:09:48.977 [Forwarding getElementText on session 1ffdc4c1a70c4a08824fd96e1a5e6bf2 to remote] DEBUG o.a.netty.request.NettyRequestSender - Using open Channel [id: 0xef817934, L:/127.0.0.1:63941 - R:localhost/127.0.0.1:53394] for GET '/session/1ffdc4c1a70c4a08824fd96e1a5e6bf2/element/394bf521-3af6-430f-90f0-d3be5a3ed8db/text'
16:09:48.986 [AsyncHttpClient-1-5] DEBUG o.a.netty.handler.HttpHandler - 

Request DefaultFullHttpRequest(decodeResult: success, version: HTTP/1.1, content: EmptyByteBufBE)
GET /session/1ffdc4c1a70c4a08824fd96e1a5e6bf2/element/394bf521-3af6-430f-90f0-d3be5a3ed8db/text HTTP/1.1
User-Agent: selenium/4.1.2 (java windows)
Cache-Control: no-cache
Content-Type: application/json; charset=utf-8
host: localhost:53394
accept: */*

Response DefaultHttpResponse(decodeResult: success, version: HTTP/1.1)
HTTP/1.1 200 OK
Content-Type: application/json; charset=utf-8
cache-control: no-cache
content-length: 59

16:09:48.986 [AsyncHttpClient-1-5] DEBUG o.a.netty.channel.ChannelManager - Adding key: http://localhost:53394 for channel [id: 0xef817934, L:/127.0.0.1:63941 - R:localhost/127.0.0.1:53394]
16:09:49.945 [AsyncHttpClient-1-1] DEBUG o.a.netty.channel.DefaultChannelPool - Entry count for : http://localhost:53394 : 1
16:09:49.945 [AsyncHttpClient-1-1] DEBUG o.a.netty.channel.DefaultChannelPool - Entry count for : http://localhost:63942 : 1
  &amp#27;[32mWhen &amp#27;[0m&amp#27;[32muser login using invalid credentials with username &amp#27;[0m&amp#27;[32m&amp#27;[1m"invalidUser"&amp#27;[0m&amp#27;[32m and password &amp#27;[0m&amp#27;[32m&amp#27;[1m"InvalidPassword"&amp#27;[0m &amp#27;[90m# stepdefinitions.LoginPageSteps.user_login_using_invalid_credentials_with_username_and_password(java.lang.String,java.lang.String)&amp#27;[0m
16:09:50.994 [Forwarding getTitle on session 1ffdc4c1a70c4a08824fd96e1a5e6bf2 to remote] DEBUG o.a.netty.request.NettyRequestSender - Using pooled Channel '[id: 0xef817934, L:/127.0.0.1:63941 - R:localhost/127.0.0.1:53394]' for 'GET' to 'http://localhost:53394/session/1ffdc4c1a70c4a08824fd96e1a5e6bf2/title'
16:09:50.994 [Forwarding getTitle on session 1ffdc4c1a70c4a08824fd96e1a5e6bf2 to remote] DEBUG o.a.netty.request.NettyRequestSender - Using open Channel [id: 0xef817934, L:/127.0.0.1:63941 - R:localhost/127.0.0.1:53394] for GET '/session/1ffdc4c1a70c4a08824fd96e1a5e6bf2/title'
16:09:50.996 [AsyncHttpClient-1-5] DEBUG o.a.netty.handler.HttpHandler - 

Request DefaultFullHttpRequest(decodeResult: success, version: HTTP/1.1, content: EmptyByteBufBE)
GET /session/1ffdc4c1a70c4a08824fd96e1a5e6bf2/title HTTP/1.1
User-Agent: selenium/4.1.2 (java windows)
Cache-Control: no-cache
Content-Type: application/json; charset=utf-8
host: localhost:53394
accept: */*

Response DefaultHttpResponse(decodeResult: success, version: HTTP/1.1)
HTTP/1.1 200 OK
Content-Type: application/json; charset=utf-8
cache-control: no-cache
content-length: 22

16:09:50.996 [AsyncHttpClient-1-5] DEBUG o.a.netty.channel.ChannelManager - Adding key: http://localhost:53394 for channel [id: 0xef817934, L:/127.0.0.1:63941 - R:localhost/127.0.0.1:53394]
16:09:50.997 [Forwarding getTitle on session 1ffdc4c1a70c4a08824fd96e1a5e6bf2 to remote] DEBUG o.a.netty.request.NettyRequestSender - Using pooled Channel '[id: 0xef817934, L:/127.0.0.1:63941 - R:localhost/127.0.0.1:53394]' for 'GET' to 'http://localhost:53394/session/1ffdc4c1a70c4a08824fd96e1a5e6bf2/title'
16:09:50.997 [Forwarding getTitle on session 1ffdc4c1a70c4a08824fd96e1a5e6bf2 to remote] DEBUG o.a.netty.request.NettyRequestSender - Using open Channel [id: 0xef817934, L:/127.0.0.1:63941 - R:localhost/127.0.0.1:53394] for GET '/session/1ffdc4c1a70c4a08824fd96e1a5e6bf2/title'
16:09:50.998 [AsyncHttpClient-1-5] DEBUG o.a.netty.handler.HttpHandler - 

Request DefaultFullHttpRequest(decodeResult: success, version: HTTP/1.1, content: EmptyByteBufBE)
GET /session/1ffdc4c1a70c4a08824fd96e1a5e6bf2/title HTTP/1.1
User-Agent: selenium/4.1.2 (java windows)
Cache-Control: no-cache
Content-Type: application/json; charset=utf-8
host: localhost:53394
accept: */*

Response DefaultHttpResponse(decodeResult: success, version: HTTP/1.1)
HTTP/1.1 200 OK
Content-Type: application/json; charset=utf-8
cache-control: no-cache
content-length: 22

16:09:50.998 [AsyncHttpClient-1-5] DEBUG o.a.netty.channel.ChannelManager - Adding key: http://localhost:53394 for channel [id: 0xef817934, L:/127.0.0.1:63941 - R:localhost/127.0.0.1:53394]
16:09:51.055 [AsyncHttpClient-1-1] DEBUG o.a.netty.channel.DefaultChannelPool - Entry count for : http://localhost:53394 : 1
16:09:51.055 [AsyncHttpClient-1-1] DEBUG o.a.netty.channel.DefaultChannelPool - Entry count for : http://localhost:63942 : 1
16:09:52.154 [AsyncHttpClient-1-1] DEBUG o.a.netty.channel.DefaultChannelPool - Entry count for : http://localhost:53394 : 1
16:09:52.154 [AsyncHttpClient-1-1] DEBUG o.a.netty.channel.DefaultChannelPool - Entry count for : http://localhost:63942 : 1
16:09:53.254 [AsyncHttpClient-1-1] DEBUG o.a.netty.channel.DefaultChannelPool - Entry count for : http://localhost:53394 : 1
16:09:53.254 [AsyncHttpClient-1-1] DEBUG o.a.netty.channel.DefaultChannelPool - Entry count for : http://localhost:63942 : 1
16:09:54.347 [AsyncHttpClient-1-1] DEBUG o.a.netty.channel.DefaultChannelPool - Entry count for : http://localhost:53394 : 1
16:09:54.347 [AsyncHttpClient-1-1] DEBUG o.a.netty.channel.DefaultChannelPool - Entry count for : http://localhost:63942 : 1
16:09:55.450 [AsyncHttpClient-1-1] DEBUG o.a.netty.channel.DefaultChannelPool - Entry count for : http://localhost:53394 : 1
16:09:55.450 [AsyncHttpClient-1-1] DEBUG o.a.netty.channel.DefaultChannelPool - Entry count for : http://localhost:63942 : 1
16:09:56.005 [Forwarding findElement on session 1ffdc4c1a70c4a08824fd96e1a5e6bf2 to remote] DEBUG o.a.netty.request.NettyRequestSender - Using pooled Channel '[id: 0xef817934, L:/127.0.0.1:63941 - R:localhost/127.0.0.1:53394]' for 'POST' to 'http://localhost:53394/session/1ffdc4c1a70c4a08824fd96e1a5e6bf2/element'
16:09:56.005 [Forwarding findElement on session 1ffdc4c1a70c4a08824fd96e1a5e6bf2 to remote] DEBUG o.a.netty.request.NettyRequestSender - Using open Channel [id: 0xef817934, L:/127.0.0.1:63941 - R:localhost/127.0.0.1:53394] for POST '/session/1ffdc4c1a70c4a08824fd96e1a5e6bf2/element'
16:09:56.010 [AsyncHttpClient-1-5] DEBUG o.a.netty.handler.HttpHandler - 

Request DefaultHttpRequest(decodeResult: success, version: HTTP/1.1)
POST /session/1ffdc4c1a70c4a08824fd96e1a5e6bf2/element HTTP/1.1
User-Agent: selenium/4.1.2 (java windows)
Content-Length: 75
Content-Type: application/json; charset=utf-8
host: localhost:53394
accept: */*

Response DefaultHttpResponse(decodeResult: success, version: HTTP/1.1)
HTTP/1.1 200 OK
Content-Type: application/json; charset=utf-8
cache-control: no-cache
content-length: 88

16:09:56.010 [AsyncHttpClient-1-5] DEBUG o.a.netty.channel.ChannelManager - Adding key: http://localhost:53394 for channel [id: 0xef817934, L:/127.0.0.1:63941 - R:localhost/127.0.0.1:53394]
16:09:56.013 [Forwarding isElementDisplayed on session 1ffdc4c1a70c4a08824fd96e1a5e6bf2 to remote] DEBUG o.a.netty.request.NettyRequestSender - Using pooled Channel '[id: 0xef817934, L:/127.0.0.1:63941 - R:localhost/127.0.0.1:53394]' for 'POST' to 'http://localhost:53394/session/1ffdc4c1a70c4a08824fd96e1a5e6bf2/execute/sync'
16:09:56.013 [Forwarding isElementDisplayed on session 1ffdc4c1a70c4a08824fd96e1a5e6bf2 to remote] DEBUG o.a.netty.request.NettyRequestSender - Using open Channel [id: 0xef817934, L:/127.0.0.1:63941 - R:localhost/127.0.0.1:53394] for POST '/session/1ffdc4c1a70c4a08824fd96e1a5e6bf2/execute/sync'
16:09:56.019 [AsyncHttpClient-1-5] DEBUG o.a.netty.handler.HttpHandler - 

Request DefaultHttpRequest(decodeResult: success, version: HTTP/1.1)
POST /session/1ffdc4c1a70c4a08824fd96e1a5e6bf2/execute/sync HTTP/1.1
User-Agent: selenium/4.1.2 (java windows)
Content-Length: 48780
Content-Type: application/json; charset=utf-8
host: localhost:53394
accept: */*

Response DefaultHttpResponse(decodeResult: success, version: HTTP/1.1)
HTTP/1.1 200 OK
Content-Type: application/json; charset=utf-8
cache-control: no-cache
content-length: 14

16:09:56.019 [AsyncHttpClient-1-5] DEBUG o.a.netty.channel.ChannelManager - Adding key: http://localhost:53394 for channel [id: 0xef817934, L:/127.0.0.1:63941 - R:localhost/127.0.0.1:53394]
16:09:56.019 [Forwarding getElementText on session 1ffdc4c1a70c4a08824fd96e1a5e6bf2 to remote] DEBUG o.a.netty.request.NettyRequestSender - Using pooled Channel '[id: 0xef817934, L:/127.0.0.1:63941 - R:localhost/127.0.0.1:53394]' for 'GET' to 'http://localhost:53394/session/1ffdc4c1a70c4a08824fd96e1a5e6bf2/element/394bf521-3af6-430f-90f0-d3be5a3ed8db/text'
16:09:56.019 [Forwarding getElementText on session 1ffdc4c1a70c4a08824fd96e1a5e6bf2 to remote] DEBUG o.a.netty.request.NettyRequestSender - Using open Channel [id: 0xef817934, L:/127.0.0.1:63941 - R:localhost/127.0.0.1:53394] for GET '/session/1ffdc4c1a70c4a08824fd96e1a5e6bf2/element/394bf521-3af6-430f-90f0-d3be5a3ed8db/text'
16:09:56.024 [AsyncHttpClient-1-5] DEBUG o.a.netty.handler.HttpHandler - 

Request DefaultFullHttpRequest(decodeResult: success, version: HTTP/1.1, content: EmptyByteBufBE)
GET /session/1ffdc4c1a70c4a08824fd96e1a5e6bf2/element/394bf521-3af6-430f-90f0-d3be5a3ed8db/text HTTP/1.1
User-Agent: selenium/4.1.2 (java windows)
Cache-Control: no-cache
Content-Type: application/json; charset=utf-8
host: localhost:53394
accept: */*

Response DefaultHttpResponse(decodeResult: success, version: HTTP/1.1)
HTTP/1.1 200 OK
Content-Type: application/json; charset=utf-8
cache-control: no-cache
content-length: 59

16:09:56.024 [AsyncHttpClient-1-5] DEBUG o.a.netty.channel.ChannelManager - Adding key: http://localhost:53394 for channel [id: 0xef817934, L:/127.0.0.1:63941 - R:localhost/127.0.0.1:53394]
16:09:56.558 [AsyncHttpClient-1-1] DEBUG o.a.netty.channel.DefaultChannelPool - Entry count for : http://localhost:53394 : 1
16:09:56.558 [AsyncHttpClient-1-1] DEBUG o.a.netty.channel.DefaultChannelPool - Entry count for : http://localhost:63942 : 1
16:09:57.649 [AsyncHttpClient-1-1] DEBUG o.a.netty.channel.DefaultChannelPool - Entry count for : http://localhost:53394 : 1
16:09:57.649 [AsyncHttpClient-1-1] DEBUG o.a.netty.channel.DefaultChannelPool - Entry count for : http://localhost:63942 : 1
  &amp#27;[32mThen &amp#27;[0m&amp#27;[32muser should not proceed to Dashboard Page&amp#27;[0m                                                       &amp#27;[90m# stepdefinitions.LoginPageSteps.user_should_not_proceed_to_dashboard_page()&amp#27;[0m
author@vrbanke.get("username")
16:09:58.757 [AsyncHttpClient-1-1] DEBUG o.a.netty.channel.DefaultChannelPool - Entry count for : http://localhost:53394 : 1
16:09:58.757 [AsyncHttpClient-1-1] DEBUG o.a.netty.channel.DefaultChannelPool - Entry count for : http://localhost:63942 : 1
16:09:59.851 [AsyncHttpClient-1-1] DEBUG o.a.netty.channel.DefaultChannelPool - Entry count for : http://localhost:53394 : 1
16:09:59.851 [AsyncHttpClient-1-1] DEBUG o.a.netty.channel.DefaultChannelPool - Entry count for : http://localhost:63942 : 1
16:10:00.043 [Forwarding findElement on session 1ffdc4c1a70c4a08824fd96e1a5e6bf2 to remote] DEBUG o.a.netty.request.NettyRequestSender - Using pooled Channel '[id: 0xef817934, L:/127.0.0.1:63941 - R:localhost/127.0.0.1:53394]' for 'POST' to 'http://localhost:53394/session/1ffdc4c1a70c4a08824fd96e1a5e6bf2/element'
16:10:00.044 [Forwarding findElement on session 1ffdc4c1a70c4a08824fd96e1a5e6bf2 to remote] DEBUG o.a.netty.request.NettyRequestSender - Using open Channel [id: 0xef817934, L:/127.0.0.1:63941 - R:localhost/127.0.0.1:53394] for POST '/session/1ffdc4c1a70c4a08824fd96e1a5e6bf2/element'
16:10:00.048 [AsyncHttpClient-1-5] DEBUG o.a.netty.handler.HttpHandler - 

Request DefaultHttpRequest(decodeResult: success, version: HTTP/1.1)
POST /session/1ffdc4c1a70c4a08824fd96e1a5e6bf2/element HTTP/1.1
User-Agent: selenium/4.1.2 (java windows)
Content-Length: 128
Content-Type: application/json; charset=utf-8
host: localhost:53394
accept: */*

Response DefaultHttpResponse(decodeResult: success, version: HTTP/1.1)
HTTP/1.1 200 OK
Content-Type: application/json; charset=utf-8
cache-control: no-cache
content-length: 88

16:10:00.048 [AsyncHttpClient-1-5] DEBUG o.a.netty.channel.ChannelManager - Adding key: http://localhost:53394 for channel [id: 0xef817934, L:/127.0.0.1:63941 - R:localhost/127.0.0.1:53394]
16:10:00.049 [Forwarding sendKeysToElement on session 1ffdc4c1a70c4a08824fd96e1a5e6bf2 to remote] DEBUG o.a.netty.request.NettyRequestSender - Using pooled Channel '[id: 0xef817934, L:/127.0.0.1:63941 - R:localhost/127.0.0.1:53394]' for 'POST' to 'http://localhost:53394/session/1ffdc4c1a70c4a08824fd96e1a5e6bf2/element/c8a2339b-f463-4af7-9abf-c807f0491efa/value'
16:10:00.049 [Forwarding sendKeysToElement on session 1ffdc4c1a70c4a08824fd96e1a5e6bf2 to remote] DEBUG o.a.netty.request.NettyRequestSender - Using open Channel [id: 0xef817934, L:/127.0.0.1:63941 - R:localhost/127.0.0.1:53394] for POST '/session/1ffdc4c1a70c4a08824fd96e1a5e6bf2/element/c8a2339b-f463-4af7-9abf-c807f0491efa/value'
16:10:00.072 [AsyncHttpClient-1-5] DEBUG o.a.netty.handler.HttpHandler - 

Request DefaultHttpRequest(decodeResult: success, version: HTTP/1.1)
POST /session/1ffdc4c1a70c4a08824fd96e1a5e6bf2/element/c8a2339b-f463-4af7-9abf-c807f0491efa/value HTTP/1.1
User-Agent: selenium/4.1.2 (java windows)
Content-Length: 211
Content-Type: application/json; charset=utf-8
host: localhost:53394
accept: */*

Response DefaultHttpResponse(decodeResult: success, version: HTTP/1.1)
HTTP/1.1 200 OK
Content-Type: application/json; charset=utf-8
cache-control: no-cache
content-length: 14

16:10:00.073 [AsyncHttpClient-1-5] DEBUG o.a.netty.channel.ChannelManager - Adding key: http://localhost:53394 for channel [id: 0xef817934, L:/127.0.0.1:63941 - R:localhost/127.0.0.1:53394]
16:10:00.074 [Forwarding findElement on session 1ffdc4c1a70c4a08824fd96e1a5e6bf2 to remote] DEBUG o.a.netty.request.NettyRequestSender - Using pooled Channel '[id: 0xef817934, L:/127.0.0.1:63941 - R:localhost/127.0.0.1:53394]' for 'POST' to 'http://localhost:53394/session/1ffdc4c1a70c4a08824fd96e1a5e6bf2/element'
16:10:00.074 [Forwarding findElement on session 1ffdc4c1a70c4a08824fd96e1a5e6bf2 to remote] DEBUG o.a.netty.request.NettyRequestSender - Using open Channel [id: 0xef817934, L:/127.0.0.1:63941 - R:localhost/127.0.0.1:53394] for POST '/session/1ffdc4c1a70c4a08824fd96e1a5e6bf2/element'
16:10:00.079 [AsyncHttpClient-1-5] DEBUG o.a.netty.handler.HttpHandler - 

Request DefaultHttpRequest(decodeResult: success, version: HTTP/1.1)
POST /session/1ffdc4c1a70c4a08824fd96e1a5e6bf2/element HTTP/1.1
User-Agent: selenium/4.1.2 (java windows)
Content-Length: 132
Content-Type: application/json; charset=utf-8
host: localhost:53394
accept: */*

Response DefaultHttpResponse(decodeResult: success, version: HTTP/1.1)
HTTP/1.1 200 OK
Content-Type: application/json; charset=utf-8
cache-control: no-cache
content-length: 88

16:10:00.079 [AsyncHttpClient-1-5] DEBUG o.a.netty.channel.ChannelManager - Adding key: http://localhost:53394 for channel [id: 0xef817934, L:/127.0.0.1:63941 - R:localhost/127.0.0.1:53394]
16:10:00.080 [Forwarding sendKeysToElement on session 1ffdc4c1a70c4a08824fd96e1a5e6bf2 to remote] DEBUG o.a.netty.request.NettyRequestSender - Using pooled Channel '[id: 0xef817934, L:/127.0.0.1:63941 - R:localhost/127.0.0.1:53394]' for 'POST' to 'http://localhost:53394/session/1ffdc4c1a70c4a08824fd96e1a5e6bf2/element/371eaf9e-0883-4052-8ea3-23efd455dbd8/value'
16:10:00.080 [Forwarding sendKeysToElement on session 1ffdc4c1a70c4a08824fd96e1a5e6bf2 to remote] DEBUG o.a.netty.request.NettyRequestSender - Using open Channel [id: 0xef817934, L:/127.0.0.1:63941 - R:localhost/127.0.0.1:53394] for POST '/session/1ffdc4c1a70c4a08824fd96e1a5e6bf2/element/371eaf9e-0883-4052-8ea3-23efd455dbd8/value'
16:10:00.110 [AsyncHttpClient-1-5] DEBUG o.a.netty.handler.HttpHandler - 

Request DefaultHttpRequest(decodeResult: success, version: HTTP/1.1)
POST /session/1ffdc4c1a70c4a08824fd96e1a5e6bf2/element/371eaf9e-0883-4052-8ea3-23efd455dbd8/value HTTP/1.1
User-Agent: selenium/4.1.2 (java windows)
Content-Length: 161
Content-Type: application/json; charset=utf-8
host: localhost:53394
accept: */*

Response DefaultHttpResponse(decodeResult: success, version: HTTP/1.1)
HTTP/1.1 200 OK
Content-Type: application/json; charset=utf-8
cache-control: no-cache
content-length: 14

16:10:00.110 [AsyncHttpClient-1-5] DEBUG o.a.netty.channel.ChannelManager - Adding key: http://localhost:53394 for channel [id: 0xef817934, L:/127.0.0.1:63941 - R:localhost/127.0.0.1:53394]
16:10:00.111 [Forwarding findElement on session 1ffdc4c1a70c4a08824fd96e1a5e6bf2 to remote] DEBUG o.a.netty.request.NettyRequestSender - Using pooled Channel '[id: 0xef817934, L:/127.0.0.1:63941 - R:localhost/127.0.0.1:53394]' for 'POST' to 'http://localhost:53394/session/1ffdc4c1a70c4a08824fd96e1a5e6bf2/element'
16:10:00.111 [Forwarding findElement on session 1ffdc4c1a70c4a08824fd96e1a5e6bf2 to remote] DEBUG o.a.netty.request.NettyRequestSender - Using open Channel [id: 0xef817934, L:/127.0.0.1:63941 - R:localhost/127.0.0.1:53394] for POST '/session/1ffdc4c1a70c4a08824fd96e1a5e6bf2/element'
16:10:00.116 [AsyncHttpClient-1-5] DEBUG o.a.netty.handler.HttpHandler - 

Request DefaultHttpRequest(decodeResult: success, version: HTTP/1.1)
POST /session/1ffdc4c1a70c4a08824fd96e1a5e6bf2/element HTTP/1.1
User-Agent: selenium/4.1.2 (java windows)
Content-Length: 125
Content-Type: application/json; charset=utf-8
host: localhost:53394
accept: */*

Response DefaultHttpResponse(decodeResult: success, version: HTTP/1.1)
HTTP/1.1 200 OK
Content-Type: application/json; charset=utf-8
cache-control: no-cache
content-length: 88

16:10:00.116 [AsyncHttpClient-1-5] DEBUG o.a.netty.channel.ChannelManager - Adding key: http://localhost:53394 for channel [id: 0xef817934, L:/127.0.0.1:63941 - R:localhost/127.0.0.1:53394]
16:10:00.117 [Forwarding clickElement on session 1ffdc4c1a70c4a08824fd96e1a5e6bf2 to remote] DEBUG o.a.netty.request.NettyRequestSender - Using pooled Channel '[id: 0xef817934, L:/127.0.0.1:63941 - R:localhost/127.0.0.1:53394]' for 'POST' to 'http://localhost:53394/session/1ffdc4c1a70c4a08824fd96e1a5e6bf2/element/fe33bc7c-0411-4499-aef5-08d51e78c797/click'
16:10:00.117 [Forwarding clickElement on session 1ffdc4c1a70c4a08824fd96e1a5e6bf2 to remote] DEBUG o.a.netty.request.NettyRequestSender - Using open Channel [id: 0xef817934, L:/127.0.0.1:63941 - R:localhost/127.0.0.1:53394] for POST '/session/1ffdc4c1a70c4a08824fd96e1a5e6bf2/element/fe33bc7c-0411-4499-aef5-08d51e78c797/click'
16:10:00.947 [AsyncHttpClient-1-1] DEBUG o.a.netty.channel.DefaultChannelPool - Entry count for : http://localhost:63942 : 1
16:10:02.055 [AsyncHttpClient-1-1] DEBUG o.a.netty.channel.DefaultChannelPool - Entry count for : http://localhost:63942 : 1
16:10:02.423 [AsyncHttpClient-1-5] DEBUG o.a.netty.handler.HttpHandler - 

Request DefaultHttpRequest(decodeResult: success, version: HTTP/1.1)
POST /session/1ffdc4c1a70c4a08824fd96e1a5e6bf2/element/fe33bc7c-0411-4499-aef5-08d51e78c797/click HTTP/1.1
User-Agent: selenium/4.1.2 (java windows)
Content-Length: 50
Content-Type: application/json; charset=utf-8
host: localhost:53394
accept: */*

Response DefaultHttpResponse(decodeResult: success, version: HTTP/1.1)
HTTP/1.1 200 OK
Content-Type: application/json; charset=utf-8
cache-control: no-cache
content-length: 14

16:10:02.423 [AsyncHttpClient-1-5] DEBUG o.a.netty.channel.ChannelManager - Adding key: http://localhost:53394 for channel [id: 0xef817934, L:/127.0.0.1:63941 - R:localhost/127.0.0.1:53394]
  &amp#27;[32mWhen &amp#27;[0m&amp#27;[32muser login using valid credentials&amp#27;[0m                                                              &amp#27;[90m# stepdefinitions.LoginPageSteps.user_login_using_valid_credentials(io.cucumber.datatable.DataTable)&amp#27;[0m
    | username      | password | titlePage       |
    | author@vrbank | pega123! | Pega Dev Studio |
16:10:02.428 [Forwarding getTitle on session 1ffdc4c1a70c4a08824fd96e1a5e6bf2 to remote] DEBUG o.a.netty.request.NettyRequestSender - Using pooled Channel '[id: 0xef817934, L:/127.0.0.1:63941 - R:localhost/127.0.0.1:53394]' for 'GET' to 'http://localhost:53394/session/1ffdc4c1a70c4a08824fd96e1a5e6bf2/title'
16:10:02.428 [Forwarding getTitle on session 1ffdc4c1a70c4a08824fd96e1a5e6bf2 to remote] DEBUG o.a.netty.request.NettyRequestSender - Using open Channel [id: 0xef817934, L:/127.0.0.1:63941 - R:localhost/127.0.0.1:53394] for GET '/session/1ffdc4c1a70c4a08824fd96e1a5e6bf2/title'
16:10:02.478 [AsyncHttpClient-1-5] DEBUG o.a.netty.handler.HttpHandler - 

Request DefaultFullHttpRequest(decodeResult: success, version: HTTP/1.1, content: EmptyByteBufBE)
GET /session/1ffdc4c1a70c4a08824fd96e1a5e6bf2/title HTTP/1.1
User-Agent: selenium/4.1.2 (java windows)
Cache-Control: no-cache
Content-Type: application/json; charset=utf-8
host: localhost:53394
accept: */*

Response DefaultHttpResponse(decodeResult: success, version: HTTP/1.1)
HTTP/1.1 200 OK
Content-Type: application/json; charset=utf-8
cache-control: no-cache
content-length: 27

16:10:02.479 [AsyncHttpClient-1-5] DEBUG o.a.netty.channel.ChannelManager - Adding key: http://localhost:53394 for channel [id: 0xef817934, L:/127.0.0.1:63941 - R:localhost/127.0.0.1:53394]
16:10:02.481 [Forwarding getTitle on session 1ffdc4c1a70c4a08824fd96e1a5e6bf2 to remote] DEBUG o.a.netty.request.NettyRequestSender - Using pooled Channel '[id: 0xef817934, L:/127.0.0.1:63941 - R:localhost/127.0.0.1:53394]' for 'GET' to 'http://localhost:53394/session/1ffdc4c1a70c4a08824fd96e1a5e6bf2/title'
16:10:02.481 [Forwarding getTitle on session 1ffdc4c1a70c4a08824fd96e1a5e6bf2 to remote] DEBUG o.a.netty.request.NettyRequestSender - Using open Channel [id: 0xef817934, L:/127.0.0.1:63941 - R:localhost/127.0.0.1:53394] for GET '/session/1ffdc4c1a70c4a08824fd96e1a5e6bf2/title'
16:10:02.484 [AsyncHttpClient-1-5] DEBUG o.a.netty.handler.HttpHandler - 

Request DefaultFullHttpRequest(decodeResult: success, version: HTTP/1.1, content: EmptyByteBufBE)
GET /session/1ffdc4c1a70c4a08824fd96e1a5e6bf2/title HTTP/1.1
User-Agent: selenium/4.1.2 (java windows)
Cache-Control: no-cache
Content-Type: application/json; charset=utf-8
host: localhost:53394
accept: */*

Response DefaultHttpResponse(decodeResult: success, version: HTTP/1.1)
HTTP/1.1 200 OK
Content-Type: application/json; charset=utf-8
cache-control: no-cache
content-length: 27

16:10:02.484 [AsyncHttpClient-1-5] DEBUG o.a.netty.channel.ChannelManager - Adding key: http://localhost:53394 for channel [id: 0xef817934, L:/127.0.0.1:63941 - R:localhost/127.0.0.1:53394]
16:10:03.147 [AsyncHttpClient-1-1] DEBUG o.a.netty.channel.DefaultChannelPool - Entry count for : http://localhost:53394 : 1
16:10:03.147 [AsyncHttpClient-1-1] DEBUG o.a.netty.channel.DefaultChannelPool - Entry count for : http://localhost:63942 : 1
16:10:04.255 [AsyncHttpClient-1-1] DEBUG o.a.netty.channel.DefaultChannelPool - Entry count for : http://localhost:53394 : 1
16:10:04.255 [AsyncHttpClient-1-1] DEBUG o.a.netty.channel.DefaultChannelPool - Entry count for : http://localhost:63942 : 1
16:10:05.348 [AsyncHttpClient-1-1] DEBUG o.a.netty.channel.DefaultChannelPool - Entry count for : http://localhost:53394 : 1
16:10:05.348 [AsyncHttpClient-1-1] DEBUG o.a.netty.channel.DefaultChannelPool - Entry count for : http://localhost:63942 : 1
16:10:06.455 [AsyncHttpClient-1-1] DEBUG o.a.netty.channel.DefaultChannelPool - Entry count for : http://localhost:53394 : 1
16:10:06.455 [AsyncHttpClient-1-1] DEBUG o.a.netty.channel.DefaultChannelPool - Entry count for : http://localhost:63942 : 1
  &amp#27;[32mThen &amp#27;[0m&amp#27;[32muser should proceed to Dashboard Page&amp#27;[0m                                                           &amp#27;[90m# stepdefinitions.LoginPageSteps.user_should_proceed_to_dashboard_page()&amp#27;[0m
16:10:07.488 [Driver Command Executor] DEBUG o.a.netty.request.NettyRequestSender - Using pooled Channel '[id: 0xef817934, L:/127.0.0.1:63941 - R:localhost/127.0.0.1:53394]' for 'DELETE' to 'http://localhost:53394/session/1ffdc4c1a70c4a08824fd96e1a5e6bf2'
16:10:07.488 [AsyncHttpClient-1-7] DEBUG o.a.netty.handler.WebSocketHandler - Channel Closed: [id: 0x4bfda28d, L:/127.0.0.1:63949 ! R:localhost/127.0.0.1:63942] with attribute NettyResponseFuture{currentRetry=5,
	isDone=1,
	isCancelled=0,
	asyncHandler=org.asynchttpclient.ws.WebSocketUpgradeHandler@61476851,
	nettyRequest=org.asynchttpclient.netty.request.NettyRequest@2445ea1d,
	future=java.util.concurrent.CompletableFuture@37f043bf[Completed normally],
	uri=ws://localhost:63942/devtools/browser/1c6675e2-2a80-40b5-aa0d-122585e1e850,
	keepAlive=true,
	redirectCount=0,
	timeoutsHolder=null,
	inAuth=0,
	touch=1648022980347}
16:10:07.488 [Driver Command Executor] DEBUG o.a.netty.request.NettyRequestSender - Using open Channel [id: 0xef817934, L:/127.0.0.1:63941 - R:localhost/127.0.0.1:53394] for DELETE '/session/1ffdc4c1a70c4a08824fd96e1a5e6bf2'
16:10:07.488 [AsyncHttpClient-1-7] DEBUG o.a.netty.channel.ChannelManager - Closing Channel [id: 0x4bfda28d, L:/127.0.0.1:63949 ! R:localhost/127.0.0.1:63942] 
16:10:07.505 [AsyncHttpClient-1-6] DEBUG o.a.netty.handler.HttpHandler - Unexpected I/O exception on channel [id: 0x90ee3990, L:/127.0.0.1:63948 - R:localhost/127.0.0.1:63942]
java.net.SocketException: Connection reset
	at java.base/sun.nio.ch.SocketChannelImpl.throwConnectionReset(SocketChannelImpl.java:367) ~[na:na]
	at java.base/sun.nio.ch.SocketChannelImpl.read(SocketChannelImpl.java:398) ~[na:na]
	at io.netty.buffer.PooledByteBuf.setBytes(PooledByteBuf.java:253) ~[netty-buffer-4.1.70.Final.jar:4.1.70.Final]
	at io.netty.buffer.AbstractByteBuf.writeBytes(AbstractByteBuf.java:1132) ~[netty-buffer-4.1.70.Final.jar:4.1.70.Final]
	at io.netty.channel.socket.nio.NioSocketChannel.doReadBytes(NioSocketChannel.java:350) ~[netty-transport-4.1.70.Final.jar:4.1.70.Final]
	at io.netty.channel.nio.AbstractNioByteChannel$NioByteUnsafe.read(AbstractNioByteChannel.java:151) ~[netty-transport-4.1.70.Final.jar:4.1.70.Final]
	at io.netty.channel.nio.NioEventLoop.processSelectedKey(NioEventLoop.java:719) ~[netty-transport-4.1.70.Final.jar:4.1.70.Final]
	at io.netty.channel.nio.NioEventLoop.processSelectedKeysOptimized(NioEventLoop.java:655) ~[netty-transport-4.1.70.Final.jar:4.1.70.Final]
	at io.netty.channel.nio.NioEventLoop.processSelectedKeys(NioEventLoop.java:581) ~[netty-transport-4.1.70.Final.jar:4.1.70.Final]
	at io.netty.channel.nio.NioEventLoop.run(NioEventLoop.java:493) ~[netty-transport-4.1.70.Final.jar:4.1.70.Final]
	at io.netty.util.concurrent.SingleThreadEventExecutor$4.run(SingleThreadEventExecutor.java:986) ~[netty-common-4.1.70.Final.jar:4.1.70.Final]
	at io.netty.util.internal.ThreadExecutorMap$2.run(ThreadExecutorMap.java:74) ~[netty-common-4.1.70.Final.jar:4.1.70.Final]
	at io.netty.util.concurrent.FastThreadLocalRunnable.run(FastThreadLocalRunnable.java:30) ~[netty-common-4.1.70.Final.jar:4.1.70.Final]
	at java.base/java.lang.Thread.run(Thread.java:832) ~[na:na]
16:10:07.505 [AsyncHttpClient-1-6] DEBUG o.a.netty.channel.ChannelManager - Closing Channel [id: 0x90ee3990, L:/127.0.0.1:63948 - R:localhost/127.0.0.1:63942] 
16:10:07.505 [AsyncHttpClient-1-6] DEBUG o.a.netty.handler.HttpHandler - Channel Closed: [id: 0x90ee3990, L:/127.0.0.1:63948 ! R:localhost/127.0.0.1:63942] with attribute DISCARD
16:10:07.514 [AsyncHttpClient-1-5] DEBUG o.a.netty.handler.HttpHandler - 

Request DefaultFullHttpRequest(decodeResult: success, version: HTTP/1.1, content: EmptyByteBufBE)
DELETE /session/1ffdc4c1a70c4a08824fd96e1a5e6bf2 HTTP/1.1
User-Agent: selenium/4.1.2 (java windows)
Content-Type: application/json; charset=utf-8
host: localhost:53394
accept: */*

Response DefaultHttpResponse(decodeResult: success, version: HTTP/1.1)
HTTP/1.1 200 OK
Content-Type: application/json; charset=utf-8
cache-control: no-cache
content-length: 14

16:10:07.515 [AsyncHttpClient-1-5] DEBUG o.a.netty.channel.ChannelManager - Adding key: http://localhost:53394 for channel [id: 0xef817934, L:/127.0.0.1:63941 - R:localhost/127.0.0.1:53394]
16:10:07.550 [AsyncHttpClient-1-1] DEBUG o.a.netty.channel.DefaultChannelPool - Entry count for : http://localhost:53394 : 1
16:10:07.550 [AsyncHttpClient-1-1] DEBUG o.a.netty.channel.DefaultChannelPool - Entry count for : http://localhost:63942 : 1
16:10:07.550 [AsyncHttpClient-1-1] DEBUG o.a.netty.channel.DefaultChannelPool - Adding Candidate expired Channel [id: 0x90ee3990, L:/127.0.0.1:63948 ! R:localhost/127.0.0.1:63942] isIdleTimeoutExpired=false isRemotelyClosed=true isTtlExpired=false
16:10:07.550 [AsyncHttpClient-1-1] DEBUG o.a.netty.channel.DefaultChannelPool - Closing Idle Channel [id: 0x90ee3990, L:/127.0.0.1:63948 ! R:localhost/127.0.0.1:63942]
16:10:07.550 [AsyncHttpClient-1-1] DEBUG o.a.netty.channel.DefaultChannelPool - Closed 1 connections out of 2 in 0 ms
16:10:07.555 [AsyncHttpClient-1-5] DEBUG o.a.netty.handler.HttpHandler - Channel Closed: [id: 0xef817934, L:/127.0.0.1:63941 ! R:localhost/127.0.0.1:53394] with attribute DISCARD
16:10:08.079 [main] INFO   - 
  _____   ___   ___   _____     ___     _     ___   ___   ___   ___  
 |_   _| | __| / __| |_   _|   | _ \   /_\   / __| / __| | __| |   \ 
   | |   | _|  \__ \   | |     |  _/  / _ \  \__ \ \__ \ | _|  | |) |
   |_|   |___| |___/   |_|     |_|   /_/ \_\ |___/ |___/ |___| |___/ 

Login to PEGA Site using Author, Manager and User
----------------------------------------------------------------------
]]></system-out>
    <system-err><![CDATA[Starting ChromeDriver 99.0.4844.51 (d537ec02474b5afe23684e7963d538896c63ac77-refs/branch-heads/4844@{#875}) on port 53394
Only local connections are allowed.
Please see https://chromedriver.chromium.org/security-considerations for suggestions on keeping ChromeDriver safe.
ChromeDriver was started successfully.
Mar 23, 2022 4:09:40 PM org.openqa.selenium.remote.ProtocolHandshake createSession
INFO: Detected dialect: W3C
Mar 23, 2022 4:09:40 PM org.openqa.selenium.devtools.CdpVersionFinder findNearestMatch
WARNING: Unable to find an exact match for CDP version 99, so returning the closest version found: 96
Mar 23, 2022 4:09:40 PM org.openqa.selenium.devtools.CdpVersionFinder findNearestMatch
INFO: Found CDP implementation for version 99 of 96
]]></system-err>
  </testcase>
  <testcase name="Login to PEGA Site using User" classname="Validate And Verify Login Page to PEGA Site" time="28.187">
    <system-out><![CDATA[
@All @Regression
Scenario: Login to PEGA Site using User                                                                &amp#27;[90m# src/main/resources/AppFeatures/ValidateAndVerifyLoginPage.feature:30&amp#27;[0m
16:10:08.085 [main] INFO  i.c.core.plugin.SerenityReporter - Running feature from file:///Z:/Automation/JavaCucumber/BDD_HCL/CucumberHCL/src/main/resources/AppFeatures/ValidateAndVerifyLoginPage.feature
16:10:08.085 [main] WARN  i.c.core.plugin.SerenityReporter - Feature from file:///Z:/Automation/JavaCucumber/BDD_HCL/CucumberHCL/src/main/resources/AppFeatures/ValidateAndVerifyLoginPage.feature is not under the 'features' directory. Requirements report will not be correctly generated!
16:10:08.086 [main] INFO   - 
  _____   ___   ___   _____     ___   _____     _     ___   _____   ___   ___  
 |_   _| | __| / __| |_   _|   / __| |_   _|   /_\   | _ \ |_   _| | __| |   \ 
   | |   | _|  \__ \   | |     \__ \   | |    / _ \  |   /   | |   | _|  | |) |
   |_|   |___| |___/   |_|     |___/   |_|   /_/ \_\ |_|_\   |_|   |___| |___/ 

Login to PEGA Site using User(validate-and-verify-login-page-to-pega-site;login-to-pega-site-using-user)
--------------------------------------------------------------------------------
16:10:08.090 [main] DEBUG com.pages.drivers.DriversFactory - Initialize Driver Browser Configuration
16:10:08.090 [main] DEBUG com.pages.drivers.DriversFactory -  Driver Browser : chrome
16:10:08.097 [main] DEBUG i.g.bonigarcia.wdm.WebDriverManager - Driver chromedriver 99.0.4844.51 found in cache
16:10:08.097 [main] INFO  i.g.bonigarcia.wdm.WebDriverManager - Exporting webdriver.chrome.driver as C:\Users\DheyClaveria\.cache\selenium\chromedriver\win32\99.0.4844.51\chromedriver.exe
16:10:08.633 [AsyncHttpClient-1-8] DEBUG o.a.n.channel.NettyConnectListener - Using new Channel '[id: 0x828c3196, L:/127.0.0.1:64032 - R:localhost/127.0.0.1:56128]' for 'POST' to '/session'
16:10:08.644 [AsyncHttpClient-1-1] DEBUG o.a.netty.channel.DefaultChannelPool - Entry count for : http://localhost:53394 : 1
16:10:08.644 [AsyncHttpClient-1-1] DEBUG o.a.netty.channel.DefaultChannelPool - Adding Candidate expired Channel [id: 0xef817934, L:/127.0.0.1:63941 ! R:localhost/127.0.0.1:53394] isIdleTimeoutExpired=false isRemotelyClosed=true isTtlExpired=false
16:10:08.644 [AsyncHttpClient-1-1] DEBUG o.a.netty.channel.DefaultChannelPool - Closing Idle Channel [id: 0xef817934, L:/127.0.0.1:63941 ! R:localhost/127.0.0.1:53394]
16:10:08.644 [AsyncHttpClient-1-1] DEBUG o.a.netty.channel.DefaultChannelPool - Closed 1 connections out of 1 in 0 ms
16:10:09.219 [AsyncHttpClient-1-8] DEBUG o.a.netty.handler.HttpHandler - 

Request DefaultHttpRequest(decodeResult: success, version: HTTP/1.1)
POST /session HTTP/1.1
User-Agent: selenium/4.1.2 (java windows)
Content-Length: 365
Content-Type: application/json; charset=utf-8
host: localhost:56128
accept: */*

Response DefaultHttpResponse(decodeResult: success, version: HTTP/1.1)
HTTP/1.1 200 OK
Content-Type: application/json; charset=utf-8
cache-control: no-cache
content-length: 795

16:10:09.219 [AsyncHttpClient-1-8] DEBUG o.a.netty.channel.ChannelManager - Adding key: http://localhost:56128 for channel [id: 0x828c3196, L:/127.0.0.1:64032 - R:localhost/127.0.0.1:56128]
16:10:09.224 [AsyncHttpClient-1-9] DEBUG o.a.n.channel.NettyConnectListener - Using new Channel '[id: 0xbbc09a80, L:/127.0.0.1:64039 - R:localhost/127.0.0.1:64033]' for 'GET' to '/json/version'
16:10:09.229 [AsyncHttpClient-1-9] DEBUG o.a.netty.handler.HttpHandler - 

Request DefaultFullHttpRequest(decodeResult: success, version: HTTP/1.1, content: EmptyByteBufBE)
GET /json/version HTTP/1.1
User-Agent: selenium/4.1.2 (java windows)
host: localhost:64033
accept: */*

Response DefaultHttpResponse(decodeResult: success, version: HTTP/1.1)
HTTP/1.1 200 OK
Content-Type: application/json; charset=UTF-8
content-length: 423

16:10:09.230 [AsyncHttpClient-1-9] DEBUG o.a.netty.channel.ChannelManager - Adding key: http://localhost:64033 for channel [id: 0xbbc09a80, L:/127.0.0.1:64039 - R:localhost/127.0.0.1:64033]
16:10:09.232 [AsyncHttpClient-1-10] DEBUG o.a.n.channel.NettyConnectListener - Using new Channel '[id: 0x6fedf100, L:/127.0.0.1:64040 - R:localhost/127.0.0.1:64033]' for 'GET' to '/devtools/browser/a91b9468-b68e-4d3e-a5f4-4b3349c45a1c'
16:10:09.237 [AsyncHttpClient-1-10] DEBUG o.a.netty.handler.WebSocketHandler - 

Request DefaultFullHttpRequest(decodeResult: success, version: HTTP/1.1, content: EmptyByteBufBE)
GET /devtools/browser/a91b9468-b68e-4d3e-a5f4-4b3349c45a1c HTTP/1.1
upgrade: websocket
connection: upgrade
sec-websocket-key: yDsOP0rhrC5jrdv1nQTTdA==
sec-websocket-version: 13
origin: http://localhost:64033
host: localhost:64033
accept: */*
user-agent: AHC/2.1

Response DefaultHttpResponse(decodeResult: success, version: HTTP/1.1)
HTTP/1.1 101 WebSocket Protocol Handshake
Upgrade: WebSocket
Connection: Upgrade
Sec-WebSocket-Accept: fUrXfNztsuUUHLay0rLxk8Tfkik=

16:10:09.239 [Forwarding deleteAllCookies on session f06c7fe2f5d9b92149af297206325f79 to remote] DEBUG o.a.netty.request.NettyRequestSender - Using pooled Channel '[id: 0x828c3196, L:/127.0.0.1:64032 - R:localhost/127.0.0.1:56128]' for 'DELETE' to 'http://localhost:56128/session/f06c7fe2f5d9b92149af297206325f79/cookie'
16:10:09.239 [Forwarding deleteAllCookies on session f06c7fe2f5d9b92149af297206325f79 to remote] DEBUG o.a.netty.request.NettyRequestSender - Using open Channel [id: 0x828c3196, L:/127.0.0.1:64032 - R:localhost/127.0.0.1:56128] for DELETE '/session/f06c7fe2f5d9b92149af297206325f79/cookie'
16:10:09.244 [AsyncHttpClient-1-8] DEBUG o.a.netty.handler.HttpHandler - 

Request DefaultFullHttpRequest(decodeResult: success, version: HTTP/1.1, content: EmptyByteBufBE)
DELETE /session/f06c7fe2f5d9b92149af297206325f79/cookie HTTP/1.1
User-Agent: selenium/4.1.2 (java windows)
Content-Type: application/json; charset=utf-8
host: localhost:56128
accept: */*

Response DefaultHttpResponse(decodeResult: success, version: HTTP/1.1)
HTTP/1.1 200 OK
Content-Type: application/json; charset=utf-8
cache-control: no-cache
content-length: 14

16:10:09.244 [AsyncHttpClient-1-8] DEBUG o.a.netty.channel.ChannelManager - Adding key: http://localhost:56128 for channel [id: 0x828c3196, L:/127.0.0.1:64032 - R:localhost/127.0.0.1:56128]
16:10:09.245 [Forwarding maximizeCurrentWindow on session f06c7fe2f5d9b92149af297206325f79 to remote] DEBUG o.a.netty.request.NettyRequestSender - Using pooled Channel '[id: 0x828c3196, L:/127.0.0.1:64032 - R:localhost/127.0.0.1:56128]' for 'POST' to 'http://localhost:56128/session/f06c7fe2f5d9b92149af297206325f79/window/maximize'
16:10:09.245 [Forwarding maximizeCurrentWindow on session f06c7fe2f5d9b92149af297206325f79 to remote] DEBUG o.a.netty.request.NettyRequestSender - Using open Channel [id: 0x828c3196, L:/127.0.0.1:64032 - R:localhost/127.0.0.1:56128] for POST '/session/f06c7fe2f5d9b92149af297206325f79/window/maximize'
16:10:09.370 [AsyncHttpClient-1-8] DEBUG o.a.netty.handler.HttpHandler - 

Request DefaultHttpRequest(decodeResult: success, version: HTTP/1.1)
POST /session/f06c7fe2f5d9b92149af297206325f79/window/maximize HTTP/1.1
User-Agent: selenium/4.1.2 (java windows)
Content-Length: 3
Content-Type: application/json; charset=utf-8
host: localhost:56128
accept: */*

Response DefaultHttpResponse(decodeResult: success, version: HTTP/1.1)
HTTP/1.1 200 OK
Content-Type: application/json; charset=utf-8
cache-control: no-cache
content-length: 52

16:10:09.370 [AsyncHttpClient-1-8] DEBUG o.a.netty.channel.ChannelManager - Adding key: http://localhost:56128 for channel [id: 0x828c3196, L:/127.0.0.1:64032 - R:localhost/127.0.0.1:56128]
16:10:09.373 [Forwarding get on session f06c7fe2f5d9b92149af297206325f79 to remote] DEBUG o.a.netty.request.NettyRequestSender - Using pooled Channel '[id: 0x828c3196, L:/127.0.0.1:64032 - R:localhost/127.0.0.1:56128]' for 'POST' to 'http://localhost:56128/session/f06c7fe2f5d9b92149af297206325f79/url'
16:10:09.373 [Forwarding get on session f06c7fe2f5d9b92149af297206325f79 to remote] DEBUG o.a.netty.request.NettyRequestSender - Using open Channel [id: 0x828c3196, L:/127.0.0.1:64032 - R:localhost/127.0.0.1:56128] for POST '/session/f06c7fe2f5d9b92149af297206325f79/url'
16:10:09.512 [AsyncHttpClient-1-8] DEBUG o.a.netty.handler.HttpHandler - 

Request DefaultHttpRequest(decodeResult: success, version: HTTP/1.1)
POST /session/f06c7fe2f5d9b92149af297206325f79/url HTTP/1.1
User-Agent: selenium/4.1.2 (java windows)
Content-Length: 148
Content-Type: application/json; charset=utf-8
host: localhost:56128
accept: */*

Response DefaultHttpResponse(decodeResult: success, version: HTTP/1.1)
HTTP/1.1 200 OK
Content-Type: application/json; charset=utf-8
cache-control: no-cache
content-length: 14

16:10:09.512 [AsyncHttpClient-1-8] DEBUG o.a.netty.channel.ChannelManager - Adding key: http://localhost:56128 for channel [id: 0x828c3196, L:/127.0.0.1:64032 - R:localhost/127.0.0.1:56128]
16:10:09.513 [Forwarding getTitle on session f06c7fe2f5d9b92149af297206325f79 to remote] DEBUG o.a.netty.request.NettyRequestSender - Using pooled Channel '[id: 0x828c3196, L:/127.0.0.1:64032 - R:localhost/127.0.0.1:56128]' for 'GET' to 'http://localhost:56128/session/f06c7fe2f5d9b92149af297206325f79/title'
16:10:09.514 [Forwarding getTitle on session f06c7fe2f5d9b92149af297206325f79 to remote] DEBUG o.a.netty.request.NettyRequestSender - Using open Channel [id: 0x828c3196, L:/127.0.0.1:64032 - R:localhost/127.0.0.1:56128] for GET '/session/f06c7fe2f5d9b92149af297206325f79/title'
16:10:09.518 [AsyncHttpClient-1-8] DEBUG o.a.netty.handler.HttpHandler - 

Request DefaultFullHttpRequest(decodeResult: success, version: HTTP/1.1, content: EmptyByteBufBE)
GET /session/f06c7fe2f5d9b92149af297206325f79/title HTTP/1.1
User-Agent: selenium/4.1.2 (java windows)
Cache-Control: no-cache
Content-Type: application/json; charset=utf-8
host: localhost:56128
accept: */*

Response DefaultHttpResponse(decodeResult: success, version: HTTP/1.1)
HTTP/1.1 200 OK
Content-Type: application/json; charset=utf-8
cache-control: no-cache
content-length: 22

16:10:09.518 [AsyncHttpClient-1-8] DEBUG o.a.netty.channel.ChannelManager - Adding key: http://localhost:56128 for channel [id: 0x828c3196, L:/127.0.0.1:64032 - R:localhost/127.0.0.1:56128]
16:10:09.520 [Forwarding getTitle on session f06c7fe2f5d9b92149af297206325f79 to remote] DEBUG o.a.netty.request.NettyRequestSender - Using pooled Channel '[id: 0x828c3196, L:/127.0.0.1:64032 - R:localhost/127.0.0.1:56128]' for 'GET' to 'http://localhost:56128/session/f06c7fe2f5d9b92149af297206325f79/title'
16:10:09.520 [Forwarding getTitle on session f06c7fe2f5d9b92149af297206325f79 to remote] DEBUG o.a.netty.request.NettyRequestSender - Using open Channel [id: 0x828c3196, L:/127.0.0.1:64032 - R:localhost/127.0.0.1:56128] for GET '/session/f06c7fe2f5d9b92149af297206325f79/title'
16:10:09.525 [AsyncHttpClient-1-8] DEBUG o.a.netty.handler.HttpHandler - 

Request DefaultFullHttpRequest(decodeResult: success, version: HTTP/1.1, content: EmptyByteBufBE)
GET /session/f06c7fe2f5d9b92149af297206325f79/title HTTP/1.1
User-Agent: selenium/4.1.2 (java windows)
Cache-Control: no-cache
Content-Type: application/json; charset=utf-8
host: localhost:56128
accept: */*

Response DefaultHttpResponse(decodeResult: success, version: HTTP/1.1)
HTTP/1.1 200 OK
Content-Type: application/json; charset=utf-8
cache-control: no-cache
content-length: 22

16:10:09.525 [AsyncHttpClient-1-8] DEBUG o.a.netty.channel.ChannelManager - Adding key: http://localhost:56128 for channel [id: 0x828c3196, L:/127.0.0.1:64032 - R:localhost/127.0.0.1:56128]
16:10:09.752 [AsyncHttpClient-1-1] DEBUG o.a.netty.channel.DefaultChannelPool - Entry count for : http://localhost:64033 : 1
16:10:09.752 [AsyncHttpClient-1-1] DEBUG o.a.netty.channel.DefaultChannelPool - Entry count for : http://localhost:56128 : 1
16:10:10.844 [AsyncHttpClient-1-1] DEBUG o.a.netty.channel.DefaultChannelPool - Entry count for : http://localhost:64033 : 1
16:10:10.844 [AsyncHttpClient-1-1] DEBUG o.a.netty.channel.DefaultChannelPool - Entry count for : http://localhost:56128 : 1
16:10:11.954 [AsyncHttpClient-1-1] DEBUG o.a.netty.channel.DefaultChannelPool - Entry count for : http://localhost:64033 : 1
16:10:11.954 [AsyncHttpClient-1-1] DEBUG o.a.netty.channel.DefaultChannelPool - Entry count for : http://localhost:56128 : 1
16:10:13.044 [AsyncHttpClient-1-1] DEBUG o.a.netty.channel.DefaultChannelPool - Entry count for : http://localhost:64033 : 1
16:10:13.044 [AsyncHttpClient-1-1] DEBUG o.a.netty.channel.DefaultChannelPool - Entry count for : http://localhost:56128 : 1
16:10:14.154 [AsyncHttpClient-1-1] DEBUG o.a.netty.channel.DefaultChannelPool - Entry count for : http://localhost:64033 : 1
16:10:14.154 [AsyncHttpClient-1-1] DEBUG o.a.netty.channel.DefaultChannelPool - Entry count for : http://localhost:56128 : 1
  &amp#27;[32mGiven &amp#27;[0m&amp#27;[32mthat the user should navigate in PEGA Login Page&amp#27;[0m                                               &amp#27;[90m# stepdefinitions.LoginPageSteps.that_the_user_should_navigate_in_pega_login_page()&amp#27;[0m
16:10:14.541 [Forwarding findElement on session f06c7fe2f5d9b92149af297206325f79 to remote] DEBUG o.a.netty.request.NettyRequestSender - Using pooled Channel '[id: 0x828c3196, L:/127.0.0.1:64032 - R:localhost/127.0.0.1:56128]' for 'POST' to 'http://localhost:56128/session/f06c7fe2f5d9b92149af297206325f79/element'
16:10:14.541 [Forwarding findElement on session f06c7fe2f5d9b92149af297206325f79 to remote] DEBUG o.a.netty.request.NettyRequestSender - Using open Channel [id: 0x828c3196, L:/127.0.0.1:64032 - R:localhost/127.0.0.1:56128] for POST '/session/f06c7fe2f5d9b92149af297206325f79/element'
16:10:14.550 [AsyncHttpClient-1-8] DEBUG o.a.netty.handler.HttpHandler - 

Request DefaultHttpRequest(decodeResult: success, version: HTTP/1.1)
POST /session/f06c7fe2f5d9b92149af297206325f79/element HTTP/1.1
User-Agent: selenium/4.1.2 (java windows)
Content-Length: 128
Content-Type: application/json; charset=utf-8
host: localhost:56128
accept: */*

Response DefaultHttpResponse(decodeResult: success, version: HTTP/1.1)
HTTP/1.1 200 OK
Content-Type: application/json; charset=utf-8
cache-control: no-cache
content-length: 88

16:10:14.550 [AsyncHttpClient-1-8] DEBUG o.a.netty.channel.ChannelManager - Adding key: http://localhost:56128 for channel [id: 0x828c3196, L:/127.0.0.1:64032 - R:localhost/127.0.0.1:56128]
16:10:14.553 [Forwarding isElementDisplayed on session f06c7fe2f5d9b92149af297206325f79 to remote] DEBUG o.a.netty.request.NettyRequestSender - Using pooled Channel '[id: 0x828c3196, L:/127.0.0.1:64032 - R:localhost/127.0.0.1:56128]' for 'POST' to 'http://localhost:56128/session/f06c7fe2f5d9b92149af297206325f79/execute/sync'
16:10:14.553 [Forwarding isElementDisplayed on session f06c7fe2f5d9b92149af297206325f79 to remote] DEBUG o.a.netty.request.NettyRequestSender - Using open Channel [id: 0x828c3196, L:/127.0.0.1:64032 - R:localhost/127.0.0.1:56128] for POST '/session/f06c7fe2f5d9b92149af297206325f79/execute/sync'
16:10:14.568 [AsyncHttpClient-1-8] DEBUG o.a.netty.handler.HttpHandler - 

Request DefaultHttpRequest(decodeResult: success, version: HTTP/1.1)
POST /session/f06c7fe2f5d9b92149af297206325f79/execute/sync HTTP/1.1
User-Agent: selenium/4.1.2 (java windows)
Content-Length: 48780
Content-Type: application/json; charset=utf-8
host: localhost:56128
accept: */*

Response DefaultHttpResponse(decodeResult: success, version: HTTP/1.1)
HTTP/1.1 200 OK
Content-Type: application/json; charset=utf-8
cache-control: no-cache
content-length: 14

16:10:14.568 [AsyncHttpClient-1-8] DEBUG o.a.netty.channel.ChannelManager - Adding key: http://localhost:56128 for channel [id: 0x828c3196, L:/127.0.0.1:64032 - R:localhost/127.0.0.1:56128]
16:10:14.569 [Forwarding findElement on session f06c7fe2f5d9b92149af297206325f79 to remote] DEBUG o.a.netty.request.NettyRequestSender - Using pooled Channel '[id: 0x828c3196, L:/127.0.0.1:64032 - R:localhost/127.0.0.1:56128]' for 'POST' to 'http://localhost:56128/session/f06c7fe2f5d9b92149af297206325f79/element'
16:10:14.569 [Forwarding findElement on session f06c7fe2f5d9b92149af297206325f79 to remote] DEBUG o.a.netty.request.NettyRequestSender - Using open Channel [id: 0x828c3196, L:/127.0.0.1:64032 - R:localhost/127.0.0.1:56128] for POST '/session/f06c7fe2f5d9b92149af297206325f79/element'
16:10:14.574 [AsyncHttpClient-1-8] DEBUG o.a.netty.handler.HttpHandler - 

Request DefaultHttpRequest(decodeResult: success, version: HTTP/1.1)
POST /session/f06c7fe2f5d9b92149af297206325f79/element HTTP/1.1
User-Agent: selenium/4.1.2 (java windows)
Content-Length: 128
Content-Type: application/json; charset=utf-8
host: localhost:56128
accept: */*

Response DefaultHttpResponse(decodeResult: success, version: HTTP/1.1)
HTTP/1.1 200 OK
Content-Type: application/json; charset=utf-8
cache-control: no-cache
content-length: 88

16:10:14.574 [AsyncHttpClient-1-8] DEBUG o.a.netty.channel.ChannelManager - Adding key: http://localhost:56128 for channel [id: 0x828c3196, L:/127.0.0.1:64032 - R:localhost/127.0.0.1:56128]
16:10:14.577 [Forwarding isElementDisplayed on session f06c7fe2f5d9b92149af297206325f79 to remote] DEBUG o.a.netty.request.NettyRequestSender - Using pooled Channel '[id: 0x828c3196, L:/127.0.0.1:64032 - R:localhost/127.0.0.1:56128]' for 'POST' to 'http://localhost:56128/session/f06c7fe2f5d9b92149af297206325f79/execute/sync'
16:10:14.577 [Forwarding isElementDisplayed on session f06c7fe2f5d9b92149af297206325f79 to remote] DEBUG o.a.netty.request.NettyRequestSender - Using open Channel [id: 0x828c3196, L:/127.0.0.1:64032 - R:localhost/127.0.0.1:56128] for POST '/session/f06c7fe2f5d9b92149af297206325f79/execute/sync'
16:10:14.587 [AsyncHttpClient-1-8] DEBUG o.a.netty.handler.HttpHandler - 

Request DefaultHttpRequest(decodeResult: success, version: HTTP/1.1)
POST /session/f06c7fe2f5d9b92149af297206325f79/execute/sync HTTP/1.1
User-Agent: selenium/4.1.2 (java windows)
Content-Length: 48780
Content-Type: application/json; charset=utf-8
host: localhost:56128
accept: */*

Response DefaultHttpResponse(decodeResult: success, version: HTTP/1.1)
HTTP/1.1 200 OK
Content-Type: application/json; charset=utf-8
cache-control: no-cache
content-length: 14

16:10:14.587 [AsyncHttpClient-1-8] DEBUG o.a.netty.channel.ChannelManager - Adding key: http://localhost:56128 for channel [id: 0x828c3196, L:/127.0.0.1:64032 - R:localhost/127.0.0.1:56128]
16:10:14.588 [Forwarding findElement on session f06c7fe2f5d9b92149af297206325f79 to remote] DEBUG o.a.netty.request.NettyRequestSender - Using pooled Channel '[id: 0x828c3196, L:/127.0.0.1:64032 - R:localhost/127.0.0.1:56128]' for 'POST' to 'http://localhost:56128/session/f06c7fe2f5d9b92149af297206325f79/element'
16:10:14.588 [Forwarding findElement on session f06c7fe2f5d9b92149af297206325f79 to remote] DEBUG o.a.netty.request.NettyRequestSender - Using open Channel [id: 0x828c3196, L:/127.0.0.1:64032 - R:localhost/127.0.0.1:56128] for POST '/session/f06c7fe2f5d9b92149af297206325f79/element'
16:10:14.593 [AsyncHttpClient-1-8] DEBUG o.a.netty.handler.HttpHandler - 

Request DefaultHttpRequest(decodeResult: success, version: HTTP/1.1)
POST /session/f06c7fe2f5d9b92149af297206325f79/element HTTP/1.1
User-Agent: selenium/4.1.2 (java windows)
Content-Length: 128
Content-Type: application/json; charset=utf-8
host: localhost:56128
accept: */*

Response DefaultHttpResponse(decodeResult: success, version: HTTP/1.1)
HTTP/1.1 200 OK
Content-Type: application/json; charset=utf-8
cache-control: no-cache
content-length: 88

16:10:14.593 [AsyncHttpClient-1-8] DEBUG o.a.netty.channel.ChannelManager - Adding key: http://localhost:56128 for channel [id: 0x828c3196, L:/127.0.0.1:64032 - R:localhost/127.0.0.1:56128]
16:10:14.594 [Forwarding isElementEnabled on session f06c7fe2f5d9b92149af297206325f79 to remote] DEBUG o.a.netty.request.NettyRequestSender - Using pooled Channel '[id: 0x828c3196, L:/127.0.0.1:64032 - R:localhost/127.0.0.1:56128]' for 'GET' to 'http://localhost:56128/session/f06c7fe2f5d9b92149af297206325f79/element/79f346d9-461e-4aad-91cb-7ec9c6f9373e/enabled'
16:10:14.594 [Forwarding isElementEnabled on session f06c7fe2f5d9b92149af297206325f79 to remote] DEBUG o.a.netty.request.NettyRequestSender - Using open Channel [id: 0x828c3196, L:/127.0.0.1:64032 - R:localhost/127.0.0.1:56128] for GET '/session/f06c7fe2f5d9b92149af297206325f79/element/79f346d9-461e-4aad-91cb-7ec9c6f9373e/enabled'
16:10:14.599 [AsyncHttpClient-1-8] DEBUG o.a.netty.handler.HttpHandler - 

Request DefaultFullHttpRequest(decodeResult: success, version: HTTP/1.1, content: EmptyByteBufBE)
GET /session/f06c7fe2f5d9b92149af297206325f79/element/79f346d9-461e-4aad-91cb-7ec9c6f9373e/enabled HTTP/1.1
User-Agent: selenium/4.1.2 (java windows)
Cache-Control: no-cache
Content-Type: application/json; charset=utf-8
host: localhost:56128
accept: */*

Response DefaultHttpResponse(decodeResult: success, version: HTTP/1.1)
HTTP/1.1 200 OK
Content-Type: application/json; charset=utf-8
cache-control: no-cache
content-length: 14

16:10:14.599 [AsyncHttpClient-1-8] DEBUG o.a.netty.channel.ChannelManager - Adding key: http://localhost:56128 for channel [id: 0x828c3196, L:/127.0.0.1:64032 - R:localhost/127.0.0.1:56128]
16:10:14.600 [Forwarding findElement on session f06c7fe2f5d9b92149af297206325f79 to remote] DEBUG o.a.netty.request.NettyRequestSender - Using pooled Channel '[id: 0x828c3196, L:/127.0.0.1:64032 - R:localhost/127.0.0.1:56128]' for 'POST' to 'http://localhost:56128/session/f06c7fe2f5d9b92149af297206325f79/element'
16:10:14.600 [Forwarding findElement on session f06c7fe2f5d9b92149af297206325f79 to remote] DEBUG o.a.netty.request.NettyRequestSender - Using open Channel [id: 0x828c3196, L:/127.0.0.1:64032 - R:localhost/127.0.0.1:56128] for POST '/session/f06c7fe2f5d9b92149af297206325f79/element'
16:10:14.608 [AsyncHttpClient-1-8] DEBUG o.a.netty.handler.HttpHandler - 

Request DefaultHttpRequest(decodeResult: success, version: HTTP/1.1)
POST /session/f06c7fe2f5d9b92149af297206325f79/element HTTP/1.1
User-Agent: selenium/4.1.2 (java windows)
Content-Length: 132
Content-Type: application/json; charset=utf-8
host: localhost:56128
accept: */*

Response DefaultHttpResponse(decodeResult: success, version: HTTP/1.1)
HTTP/1.1 200 OK
Content-Type: application/json; charset=utf-8
cache-control: no-cache
content-length: 88

16:10:14.608 [AsyncHttpClient-1-8] DEBUG o.a.netty.channel.ChannelManager - Adding key: http://localhost:56128 for channel [id: 0x828c3196, L:/127.0.0.1:64032 - R:localhost/127.0.0.1:56128]
16:10:14.611 [Forwarding isElementDisplayed on session f06c7fe2f5d9b92149af297206325f79 to remote] DEBUG o.a.netty.request.NettyRequestSender - Using pooled Channel '[id: 0x828c3196, L:/127.0.0.1:64032 - R:localhost/127.0.0.1:56128]' for 'POST' to 'http://localhost:56128/session/f06c7fe2f5d9b92149af297206325f79/execute/sync'
16:10:14.611 [Forwarding isElementDisplayed on session f06c7fe2f5d9b92149af297206325f79 to remote] DEBUG o.a.netty.request.NettyRequestSender - Using open Channel [id: 0x828c3196, L:/127.0.0.1:64032 - R:localhost/127.0.0.1:56128] for POST '/session/f06c7fe2f5d9b92149af297206325f79/execute/sync'
16:10:14.618 [AsyncHttpClient-1-8] DEBUG o.a.netty.handler.HttpHandler - 

Request DefaultHttpRequest(decodeResult: success, version: HTTP/1.1)
POST /session/f06c7fe2f5d9b92149af297206325f79/execute/sync HTTP/1.1
User-Agent: selenium/4.1.2 (java windows)
Content-Length: 48780
Content-Type: application/json; charset=utf-8
host: localhost:56128
accept: */*

Response DefaultHttpResponse(decodeResult: success, version: HTTP/1.1)
HTTP/1.1 200 OK
Content-Type: application/json; charset=utf-8
cache-control: no-cache
content-length: 14

16:10:14.618 [AsyncHttpClient-1-8] DEBUG o.a.netty.channel.ChannelManager - Adding key: http://localhost:56128 for channel [id: 0x828c3196, L:/127.0.0.1:64032 - R:localhost/127.0.0.1:56128]
16:10:14.619 [Forwarding findElement on session f06c7fe2f5d9b92149af297206325f79 to remote] DEBUG o.a.netty.request.NettyRequestSender - Using pooled Channel '[id: 0x828c3196, L:/127.0.0.1:64032 - R:localhost/127.0.0.1:56128]' for 'POST' to 'http://localhost:56128/session/f06c7fe2f5d9b92149af297206325f79/element'
16:10:14.619 [Forwarding findElement on session f06c7fe2f5d9b92149af297206325f79 to remote] DEBUG o.a.netty.request.NettyRequestSender - Using open Channel [id: 0x828c3196, L:/127.0.0.1:64032 - R:localhost/127.0.0.1:56128] for POST '/session/f06c7fe2f5d9b92149af297206325f79/element'
16:10:14.623 [AsyncHttpClient-1-8] DEBUG o.a.netty.handler.HttpHandler - 

Request DefaultHttpRequest(decodeResult: success, version: HTTP/1.1)
POST /session/f06c7fe2f5d9b92149af297206325f79/element HTTP/1.1
User-Agent: selenium/4.1.2 (java windows)
Content-Length: 132
Content-Type: application/json; charset=utf-8
host: localhost:56128
accept: */*

Response DefaultHttpResponse(decodeResult: success, version: HTTP/1.1)
HTTP/1.1 200 OK
Content-Type: application/json; charset=utf-8
cache-control: no-cache
content-length: 88

16:10:14.623 [AsyncHttpClient-1-8] DEBUG o.a.netty.channel.ChannelManager - Adding key: http://localhost:56128 for channel [id: 0x828c3196, L:/127.0.0.1:64032 - R:localhost/127.0.0.1:56128]
16:10:14.626 [Forwarding isElementDisplayed on session f06c7fe2f5d9b92149af297206325f79 to remote] DEBUG o.a.netty.request.NettyRequestSender - Using pooled Channel '[id: 0x828c3196, L:/127.0.0.1:64032 - R:localhost/127.0.0.1:56128]' for 'POST' to 'http://localhost:56128/session/f06c7fe2f5d9b92149af297206325f79/execute/sync'
16:10:14.626 [Forwarding isElementDisplayed on session f06c7fe2f5d9b92149af297206325f79 to remote] DEBUG o.a.netty.request.NettyRequestSender - Using open Channel [id: 0x828c3196, L:/127.0.0.1:64032 - R:localhost/127.0.0.1:56128] for POST '/session/f06c7fe2f5d9b92149af297206325f79/execute/sync'
16:10:14.632 [AsyncHttpClient-1-8] DEBUG o.a.netty.handler.HttpHandler - 

Request DefaultHttpRequest(decodeResult: success, version: HTTP/1.1)
POST /session/f06c7fe2f5d9b92149af297206325f79/execute/sync HTTP/1.1
User-Agent: selenium/4.1.2 (java windows)
Content-Length: 48780
Content-Type: application/json; charset=utf-8
host: localhost:56128
accept: */*

Response DefaultHttpResponse(decodeResult: success, version: HTTP/1.1)
HTTP/1.1 200 OK
Content-Type: application/json; charset=utf-8
cache-control: no-cache
content-length: 14

16:10:14.632 [AsyncHttpClient-1-8] DEBUG o.a.netty.channel.ChannelManager - Adding key: http://localhost:56128 for channel [id: 0x828c3196, L:/127.0.0.1:64032 - R:localhost/127.0.0.1:56128]
16:10:14.633 [Forwarding findElement on session f06c7fe2f5d9b92149af297206325f79 to remote] DEBUG o.a.netty.request.NettyRequestSender - Using pooled Channel '[id: 0x828c3196, L:/127.0.0.1:64032 - R:localhost/127.0.0.1:56128]' for 'POST' to 'http://localhost:56128/session/f06c7fe2f5d9b92149af297206325f79/element'
16:10:14.633 [Forwarding findElement on session f06c7fe2f5d9b92149af297206325f79 to remote] DEBUG o.a.netty.request.NettyRequestSender - Using open Channel [id: 0x828c3196, L:/127.0.0.1:64032 - R:localhost/127.0.0.1:56128] for POST '/session/f06c7fe2f5d9b92149af297206325f79/element'
16:10:14.638 [AsyncHttpClient-1-8] DEBUG o.a.netty.handler.HttpHandler - 

Request DefaultHttpRequest(decodeResult: success, version: HTTP/1.1)
POST /session/f06c7fe2f5d9b92149af297206325f79/element HTTP/1.1
User-Agent: selenium/4.1.2 (java windows)
Content-Length: 132
Content-Type: application/json; charset=utf-8
host: localhost:56128
accept: */*

Response DefaultHttpResponse(decodeResult: success, version: HTTP/1.1)
HTTP/1.1 200 OK
Content-Type: application/json; charset=utf-8
cache-control: no-cache
content-length: 88

16:10:14.638 [AsyncHttpClient-1-8] DEBUG o.a.netty.channel.ChannelManager - Adding key: http://localhost:56128 for channel [id: 0x828c3196, L:/127.0.0.1:64032 - R:localhost/127.0.0.1:56128]
16:10:14.638 [Forwarding isElementEnabled on session f06c7fe2f5d9b92149af297206325f79 to remote] DEBUG o.a.netty.request.NettyRequestSender - Using pooled Channel '[id: 0x828c3196, L:/127.0.0.1:64032 - R:localhost/127.0.0.1:56128]' for 'GET' to 'http://localhost:56128/session/f06c7fe2f5d9b92149af297206325f79/element/461327a4-9021-4de7-bebb-f2973d50b5b9/enabled'
16:10:14.638 [Forwarding isElementEnabled on session f06c7fe2f5d9b92149af297206325f79 to remote] DEBUG o.a.netty.request.NettyRequestSender - Using open Channel [id: 0x828c3196, L:/127.0.0.1:64032 - R:localhost/127.0.0.1:56128] for GET '/session/f06c7fe2f5d9b92149af297206325f79/element/461327a4-9021-4de7-bebb-f2973d50b5b9/enabled'
16:10:14.643 [AsyncHttpClient-1-8] DEBUG o.a.netty.handler.HttpHandler - 

Request DefaultFullHttpRequest(decodeResult: success, version: HTTP/1.1, content: EmptyByteBufBE)
GET /session/f06c7fe2f5d9b92149af297206325f79/element/461327a4-9021-4de7-bebb-f2973d50b5b9/enabled HTTP/1.1
User-Agent: selenium/4.1.2 (java windows)
Cache-Control: no-cache
Content-Type: application/json; charset=utf-8
host: localhost:56128
accept: */*

Response DefaultHttpResponse(decodeResult: success, version: HTTP/1.1)
HTTP/1.1 200 OK
Content-Type: application/json; charset=utf-8
cache-control: no-cache
content-length: 14

16:10:14.643 [AsyncHttpClient-1-8] DEBUG o.a.netty.channel.ChannelManager - Adding key: http://localhost:56128 for channel [id: 0x828c3196, L:/127.0.0.1:64032 - R:localhost/127.0.0.1:56128]
16:10:14.644 [Forwarding findElement on session f06c7fe2f5d9b92149af297206325f79 to remote] DEBUG o.a.netty.request.NettyRequestSender - Using pooled Channel '[id: 0x828c3196, L:/127.0.0.1:64032 - R:localhost/127.0.0.1:56128]' for 'POST' to 'http://localhost:56128/session/f06c7fe2f5d9b92149af297206325f79/element'
16:10:14.644 [Forwarding findElement on session f06c7fe2f5d9b92149af297206325f79 to remote] DEBUG o.a.netty.request.NettyRequestSender - Using open Channel [id: 0x828c3196, L:/127.0.0.1:64032 - R:localhost/127.0.0.1:56128] for POST '/session/f06c7fe2f5d9b92149af297206325f79/element'
16:10:14.652 [AsyncHttpClient-1-8] DEBUG o.a.netty.handler.HttpHandler - 

Request DefaultHttpRequest(decodeResult: success, version: HTTP/1.1)
POST /session/f06c7fe2f5d9b92149af297206325f79/element HTTP/1.1
User-Agent: selenium/4.1.2 (java windows)
Content-Length: 125
Content-Type: application/json; charset=utf-8
host: localhost:56128
accept: */*

Response DefaultHttpResponse(decodeResult: success, version: HTTP/1.1)
HTTP/1.1 200 OK
Content-Type: application/json; charset=utf-8
cache-control: no-cache
content-length: 88

16:10:14.652 [AsyncHttpClient-1-8] DEBUG o.a.netty.channel.ChannelManager - Adding key: http://localhost:56128 for channel [id: 0x828c3196, L:/127.0.0.1:64032 - R:localhost/127.0.0.1:56128]
16:10:14.655 [Forwarding isElementDisplayed on session f06c7fe2f5d9b92149af297206325f79 to remote] DEBUG o.a.netty.request.NettyRequestSender - Using pooled Channel '[id: 0x828c3196, L:/127.0.0.1:64032 - R:localhost/127.0.0.1:56128]' for 'POST' to 'http://localhost:56128/session/f06c7fe2f5d9b92149af297206325f79/execute/sync'
16:10:14.655 [Forwarding isElementDisplayed on session f06c7fe2f5d9b92149af297206325f79 to remote] DEBUG o.a.netty.request.NettyRequestSender - Using open Channel [id: 0x828c3196, L:/127.0.0.1:64032 - R:localhost/127.0.0.1:56128] for POST '/session/f06c7fe2f5d9b92149af297206325f79/execute/sync'
16:10:14.662 [AsyncHttpClient-1-8] DEBUG o.a.netty.handler.HttpHandler - 

Request DefaultHttpRequest(decodeResult: success, version: HTTP/1.1)
POST /session/f06c7fe2f5d9b92149af297206325f79/execute/sync HTTP/1.1
User-Agent: selenium/4.1.2 (java windows)
Content-Length: 48780
Content-Type: application/json; charset=utf-8
host: localhost:56128
accept: */*

Response DefaultHttpResponse(decodeResult: success, version: HTTP/1.1)
HTTP/1.1 200 OK
Content-Type: application/json; charset=utf-8
cache-control: no-cache
content-length: 14

16:10:14.662 [AsyncHttpClient-1-8] DEBUG o.a.netty.channel.ChannelManager - Adding key: http://localhost:56128 for channel [id: 0x828c3196, L:/127.0.0.1:64032 - R:localhost/127.0.0.1:56128]
16:10:14.663 [Forwarding findElement on session f06c7fe2f5d9b92149af297206325f79 to remote] DEBUG o.a.netty.request.NettyRequestSender - Using pooled Channel '[id: 0x828c3196, L:/127.0.0.1:64032 - R:localhost/127.0.0.1:56128]' for 'POST' to 'http://localhost:56128/session/f06c7fe2f5d9b92149af297206325f79/element'
16:10:14.664 [Forwarding findElement on session f06c7fe2f5d9b92149af297206325f79 to remote] DEBUG o.a.netty.request.NettyRequestSender - Using open Channel [id: 0x828c3196, L:/127.0.0.1:64032 - R:localhost/127.0.0.1:56128] for POST '/session/f06c7fe2f5d9b92149af297206325f79/element'
16:10:14.668 [AsyncHttpClient-1-8] DEBUG o.a.netty.handler.HttpHandler - 

Request DefaultHttpRequest(decodeResult: success, version: HTTP/1.1)
POST /session/f06c7fe2f5d9b92149af297206325f79/element HTTP/1.1
User-Agent: selenium/4.1.2 (java windows)
Content-Length: 125
Content-Type: application/json; charset=utf-8
host: localhost:56128
accept: */*

Response DefaultHttpResponse(decodeResult: success, version: HTTP/1.1)
HTTP/1.1 200 OK
Content-Type: application/json; charset=utf-8
cache-control: no-cache
content-length: 88

16:10:14.668 [AsyncHttpClient-1-8] DEBUG o.a.netty.channel.ChannelManager - Adding key: http://localhost:56128 for channel [id: 0x828c3196, L:/127.0.0.1:64032 - R:localhost/127.0.0.1:56128]
16:10:14.671 [Forwarding isElementDisplayed on session f06c7fe2f5d9b92149af297206325f79 to remote] DEBUG o.a.netty.request.NettyRequestSender - Using pooled Channel '[id: 0x828c3196, L:/127.0.0.1:64032 - R:localhost/127.0.0.1:56128]' for 'POST' to 'http://localhost:56128/session/f06c7fe2f5d9b92149af297206325f79/execute/sync'
16:10:14.671 [Forwarding isElementDisplayed on session f06c7fe2f5d9b92149af297206325f79 to remote] DEBUG o.a.netty.request.NettyRequestSender - Using open Channel [id: 0x828c3196, L:/127.0.0.1:64032 - R:localhost/127.0.0.1:56128] for POST '/session/f06c7fe2f5d9b92149af297206325f79/execute/sync'
16:10:14.677 [AsyncHttpClient-1-8] DEBUG o.a.netty.handler.HttpHandler - 

Request DefaultHttpRequest(decodeResult: success, version: HTTP/1.1)
POST /session/f06c7fe2f5d9b92149af297206325f79/execute/sync HTTP/1.1
User-Agent: selenium/4.1.2 (java windows)
Content-Length: 48780
Content-Type: application/json; charset=utf-8
host: localhost:56128
accept: */*

Response DefaultHttpResponse(decodeResult: success, version: HTTP/1.1)
HTTP/1.1 200 OK
Content-Type: application/json; charset=utf-8
cache-control: no-cache
content-length: 14

16:10:14.677 [AsyncHttpClient-1-8] DEBUG o.a.netty.channel.ChannelManager - Adding key: http://localhost:56128 for channel [id: 0x828c3196, L:/127.0.0.1:64032 - R:localhost/127.0.0.1:56128]
16:10:14.678 [Forwarding findElement on session f06c7fe2f5d9b92149af297206325f79 to remote] DEBUG o.a.netty.request.NettyRequestSender - Using pooled Channel '[id: 0x828c3196, L:/127.0.0.1:64032 - R:localhost/127.0.0.1:56128]' for 'POST' to 'http://localhost:56128/session/f06c7fe2f5d9b92149af297206325f79/element'
16:10:14.678 [Forwarding findElement on session f06c7fe2f5d9b92149af297206325f79 to remote] DEBUG o.a.netty.request.NettyRequestSender - Using open Channel [id: 0x828c3196, L:/127.0.0.1:64032 - R:localhost/127.0.0.1:56128] for POST '/session/f06c7fe2f5d9b92149af297206325f79/element'
16:10:14.683 [AsyncHttpClient-1-8] DEBUG o.a.netty.handler.HttpHandler - 

Request DefaultHttpRequest(decodeResult: success, version: HTTP/1.1)
POST /session/f06c7fe2f5d9b92149af297206325f79/element HTTP/1.1
User-Agent: selenium/4.1.2 (java windows)
Content-Length: 125
Content-Type: application/json; charset=utf-8
host: localhost:56128
accept: */*

Response DefaultHttpResponse(decodeResult: success, version: HTTP/1.1)
HTTP/1.1 200 OK
Content-Type: application/json; charset=utf-8
cache-control: no-cache
content-length: 88

16:10:14.683 [AsyncHttpClient-1-8] DEBUG o.a.netty.channel.ChannelManager - Adding key: http://localhost:56128 for channel [id: 0x828c3196, L:/127.0.0.1:64032 - R:localhost/127.0.0.1:56128]
16:10:14.684 [Forwarding isElementEnabled on session f06c7fe2f5d9b92149af297206325f79 to remote] DEBUG o.a.netty.request.NettyRequestSender - Using pooled Channel '[id: 0x828c3196, L:/127.0.0.1:64032 - R:localhost/127.0.0.1:56128]' for 'GET' to 'http://localhost:56128/session/f06c7fe2f5d9b92149af297206325f79/element/eff76771-362b-43cd-a6ca-af56bc635296/enabled'
16:10:14.684 [Forwarding isElementEnabled on session f06c7fe2f5d9b92149af297206325f79 to remote] DEBUG o.a.netty.request.NettyRequestSender - Using open Channel [id: 0x828c3196, L:/127.0.0.1:64032 - R:localhost/127.0.0.1:56128] for GET '/session/f06c7fe2f5d9b92149af297206325f79/element/eff76771-362b-43cd-a6ca-af56bc635296/enabled'
16:10:14.689 [AsyncHttpClient-1-8] DEBUG o.a.netty.handler.HttpHandler - 

Request DefaultFullHttpRequest(decodeResult: success, version: HTTP/1.1, content: EmptyByteBufBE)
GET /session/f06c7fe2f5d9b92149af297206325f79/element/eff76771-362b-43cd-a6ca-af56bc635296/enabled HTTP/1.1
User-Agent: selenium/4.1.2 (java windows)
Cache-Control: no-cache
Content-Type: application/json; charset=utf-8
host: localhost:56128
accept: */*

Response DefaultHttpResponse(decodeResult: success, version: HTTP/1.1)
HTTP/1.1 200 OK
Content-Type: application/json; charset=utf-8
cache-control: no-cache
content-length: 14

16:10:14.689 [AsyncHttpClient-1-8] DEBUG o.a.netty.channel.ChannelManager - Adding key: http://localhost:56128 for channel [id: 0x828c3196, L:/127.0.0.1:64032 - R:localhost/127.0.0.1:56128]
  &amp#27;[32mAnd &amp#27;[0m&amp#27;[32muser verify the Login Page Elements is Visible&amp#27;[0m                                                   &amp#27;[90m# stepdefinitions.LoginPageSteps.user_verify_the_login_page_elements_is_visible()&amp#27;[0m
16:10:15.246 [AsyncHttpClient-1-1] DEBUG o.a.netty.channel.DefaultChannelPool - Entry count for : http://localhost:64033 : 1
16:10:15.246 [AsyncHttpClient-1-1] DEBUG o.a.netty.channel.DefaultChannelPool - Entry count for : http://localhost:56128 : 1
16:10:16.343 [AsyncHttpClient-1-1] DEBUG o.a.netty.channel.DefaultChannelPool - Entry count for : http://localhost:64033 : 1
16:10:16.343 [AsyncHttpClient-1-1] DEBUG o.a.netty.channel.DefaultChannelPool - Entry count for : http://localhost:56128 : 1
16:10:16.707 [Forwarding findElement on session f06c7fe2f5d9b92149af297206325f79 to remote] DEBUG o.a.netty.request.NettyRequestSender - Using pooled Channel '[id: 0x828c3196, L:/127.0.0.1:64032 - R:localhost/127.0.0.1:56128]' for 'POST' to 'http://localhost:56128/session/f06c7fe2f5d9b92149af297206325f79/element'
16:10:16.708 [Forwarding findElement on session f06c7fe2f5d9b92149af297206325f79 to remote] DEBUG o.a.netty.request.NettyRequestSender - Using open Channel [id: 0x828c3196, L:/127.0.0.1:64032 - R:localhost/127.0.0.1:56128] for POST '/session/f06c7fe2f5d9b92149af297206325f79/element'
16:10:16.712 [AsyncHttpClient-1-8] DEBUG o.a.netty.handler.HttpHandler - 

Request DefaultHttpRequest(decodeResult: success, version: HTTP/1.1)
POST /session/f06c7fe2f5d9b92149af297206325f79/element HTTP/1.1
User-Agent: selenium/4.1.2 (java windows)
Content-Length: 128
Content-Type: application/json; charset=utf-8
host: localhost:56128
accept: */*

Response DefaultHttpResponse(decodeResult: success, version: HTTP/1.1)
HTTP/1.1 200 OK
Content-Type: application/json; charset=utf-8
cache-control: no-cache
content-length: 88

16:10:16.713 [AsyncHttpClient-1-8] DEBUG o.a.netty.channel.ChannelManager - Adding key: http://localhost:56128 for channel [id: 0x828c3196, L:/127.0.0.1:64032 - R:localhost/127.0.0.1:56128]
16:10:16.714 [Forwarding sendKeysToElement on session f06c7fe2f5d9b92149af297206325f79 to remote] DEBUG o.a.netty.request.NettyRequestSender - Using pooled Channel '[id: 0x828c3196, L:/127.0.0.1:64032 - R:localhost/127.0.0.1:56128]' for 'POST' to 'http://localhost:56128/session/f06c7fe2f5d9b92149af297206325f79/element/79f346d9-461e-4aad-91cb-7ec9c6f9373e/value'
16:10:16.714 [Forwarding sendKeysToElement on session f06c7fe2f5d9b92149af297206325f79 to remote] DEBUG o.a.netty.request.NettyRequestSender - Using open Channel [id: 0x828c3196, L:/127.0.0.1:64032 - R:localhost/127.0.0.1:56128] for POST '/session/f06c7fe2f5d9b92149af297206325f79/element/79f346d9-461e-4aad-91cb-7ec9c6f9373e/value'
16:10:16.737 [AsyncHttpClient-1-8] DEBUG o.a.netty.handler.HttpHandler - 

Request DefaultHttpRequest(decodeResult: success, version: HTTP/1.1)
POST /session/f06c7fe2f5d9b92149af297206325f79/element/79f346d9-461e-4aad-91cb-7ec9c6f9373e/value HTTP/1.1
User-Agent: selenium/4.1.2 (java windows)
Content-Length: 191
Content-Type: application/json; charset=utf-8
host: localhost:56128
accept: */*

Response DefaultHttpResponse(decodeResult: success, version: HTTP/1.1)
HTTP/1.1 200 OK
Content-Type: application/json; charset=utf-8
cache-control: no-cache
content-length: 14

16:10:16.738 [AsyncHttpClient-1-8] DEBUG o.a.netty.channel.ChannelManager - Adding key: http://localhost:56128 for channel [id: 0x828c3196, L:/127.0.0.1:64032 - R:localhost/127.0.0.1:56128]
16:10:16.739 [Forwarding findElement on session f06c7fe2f5d9b92149af297206325f79 to remote] DEBUG o.a.netty.request.NettyRequestSender - Using pooled Channel '[id: 0x828c3196, L:/127.0.0.1:64032 - R:localhost/127.0.0.1:56128]' for 'POST' to 'http://localhost:56128/session/f06c7fe2f5d9b92149af297206325f79/element'
16:10:16.739 [Forwarding findElement on session f06c7fe2f5d9b92149af297206325f79 to remote] DEBUG o.a.netty.request.NettyRequestSender - Using open Channel [id: 0x828c3196, L:/127.0.0.1:64032 - R:localhost/127.0.0.1:56128] for POST '/session/f06c7fe2f5d9b92149af297206325f79/element'
16:10:16.743 [AsyncHttpClient-1-8] DEBUG o.a.netty.handler.HttpHandler - 

Request DefaultHttpRequest(decodeResult: success, version: HTTP/1.1)
POST /session/f06c7fe2f5d9b92149af297206325f79/element HTTP/1.1
User-Agent: selenium/4.1.2 (java windows)
Content-Length: 132
Content-Type: application/json; charset=utf-8
host: localhost:56128
accept: */*

Response DefaultHttpResponse(decodeResult: success, version: HTTP/1.1)
HTTP/1.1 200 OK
Content-Type: application/json; charset=utf-8
cache-control: no-cache
content-length: 88

16:10:16.743 [AsyncHttpClient-1-8] DEBUG o.a.netty.channel.ChannelManager - Adding key: http://localhost:56128 for channel [id: 0x828c3196, L:/127.0.0.1:64032 - R:localhost/127.0.0.1:56128]
16:10:16.744 [Forwarding sendKeysToElement on session f06c7fe2f5d9b92149af297206325f79 to remote] DEBUG o.a.netty.request.NettyRequestSender - Using pooled Channel '[id: 0x828c3196, L:/127.0.0.1:64032 - R:localhost/127.0.0.1:56128]' for 'POST' to 'http://localhost:56128/session/f06c7fe2f5d9b92149af297206325f79/element/461327a4-9021-4de7-bebb-f2973d50b5b9/value'
16:10:16.744 [Forwarding sendKeysToElement on session f06c7fe2f5d9b92149af297206325f79 to remote] DEBUG o.a.netty.request.NettyRequestSender - Using open Channel [id: 0x828c3196, L:/127.0.0.1:64032 - R:localhost/127.0.0.1:56128] for POST '/session/f06c7fe2f5d9b92149af297206325f79/element/461327a4-9021-4de7-bebb-f2973d50b5b9/value'
16:10:16.778 [AsyncHttpClient-1-8] DEBUG o.a.netty.handler.HttpHandler - 

Request DefaultHttpRequest(decodeResult: success, version: HTTP/1.1)
POST /session/f06c7fe2f5d9b92149af297206325f79/element/461327a4-9021-4de7-bebb-f2973d50b5b9/value HTTP/1.1
User-Agent: selenium/4.1.2 (java windows)
Content-Length: 231
Content-Type: application/json; charset=utf-8
host: localhost:56128
accept: */*

Response DefaultHttpResponse(decodeResult: success, version: HTTP/1.1)
HTTP/1.1 200 OK
Content-Type: application/json; charset=utf-8
cache-control: no-cache
content-length: 14

16:10:16.778 [AsyncHttpClient-1-8] DEBUG o.a.netty.channel.ChannelManager - Adding key: http://localhost:56128 for channel [id: 0x828c3196, L:/127.0.0.1:64032 - R:localhost/127.0.0.1:56128]
16:10:16.779 [Forwarding findElement on session f06c7fe2f5d9b92149af297206325f79 to remote] DEBUG o.a.netty.request.NettyRequestSender - Using pooled Channel '[id: 0x828c3196, L:/127.0.0.1:64032 - R:localhost/127.0.0.1:56128]' for 'POST' to 'http://localhost:56128/session/f06c7fe2f5d9b92149af297206325f79/element'
16:10:16.779 [Forwarding findElement on session f06c7fe2f5d9b92149af297206325f79 to remote] DEBUG o.a.netty.request.NettyRequestSender - Using open Channel [id: 0x828c3196, L:/127.0.0.1:64032 - R:localhost/127.0.0.1:56128] for POST '/session/f06c7fe2f5d9b92149af297206325f79/element'
16:10:16.783 [AsyncHttpClient-1-8] DEBUG o.a.netty.handler.HttpHandler - 

Request DefaultHttpRequest(decodeResult: success, version: HTTP/1.1)
POST /session/f06c7fe2f5d9b92149af297206325f79/element HTTP/1.1
User-Agent: selenium/4.1.2 (java windows)
Content-Length: 125
Content-Type: application/json; charset=utf-8
host: localhost:56128
accept: */*

Response DefaultHttpResponse(decodeResult: success, version: HTTP/1.1)
HTTP/1.1 200 OK
Content-Type: application/json; charset=utf-8
cache-control: no-cache
content-length: 88

16:10:16.784 [AsyncHttpClient-1-8] DEBUG o.a.netty.channel.ChannelManager - Adding key: http://localhost:56128 for channel [id: 0x828c3196, L:/127.0.0.1:64032 - R:localhost/127.0.0.1:56128]
16:10:16.784 [Forwarding clickElement on session f06c7fe2f5d9b92149af297206325f79 to remote] DEBUG o.a.netty.request.NettyRequestSender - Using pooled Channel '[id: 0x828c3196, L:/127.0.0.1:64032 - R:localhost/127.0.0.1:56128]' for 'POST' to 'http://localhost:56128/session/f06c7fe2f5d9b92149af297206325f79/element/eff76771-362b-43cd-a6ca-af56bc635296/click'
16:10:16.785 [Forwarding clickElement on session f06c7fe2f5d9b92149af297206325f79 to remote] DEBUG o.a.netty.request.NettyRequestSender - Using open Channel [id: 0x828c3196, L:/127.0.0.1:64032 - R:localhost/127.0.0.1:56128] for POST '/session/f06c7fe2f5d9b92149af297206325f79/element/eff76771-362b-43cd-a6ca-af56bc635296/click'
16:10:16.844 [AsyncHttpClient-1-8] DEBUG o.a.netty.handler.HttpHandler - 

Request DefaultHttpRequest(decodeResult: success, version: HTTP/1.1)
POST /session/f06c7fe2f5d9b92149af297206325f79/element/eff76771-362b-43cd-a6ca-af56bc635296/click HTTP/1.1
User-Agent: selenium/4.1.2 (java windows)
Content-Length: 50
Content-Type: application/json; charset=utf-8
host: localhost:56128
accept: */*

Response DefaultHttpResponse(decodeResult: success, version: HTTP/1.1)
HTTP/1.1 200 OK
Content-Type: application/json; charset=utf-8
cache-control: no-cache
content-length: 14

16:10:16.844 [AsyncHttpClient-1-8] DEBUG o.a.netty.channel.ChannelManager - Adding key: http://localhost:56128 for channel [id: 0x828c3196, L:/127.0.0.1:64032 - R:localhost/127.0.0.1:56128]
16:10:16.845 [Forwarding findElement on session f06c7fe2f5d9b92149af297206325f79 to remote] DEBUG o.a.netty.request.NettyRequestSender - Using pooled Channel '[id: 0x828c3196, L:/127.0.0.1:64032 - R:localhost/127.0.0.1:56128]' for 'POST' to 'http://localhost:56128/session/f06c7fe2f5d9b92149af297206325f79/element'
16:10:16.846 [Forwarding findElement on session f06c7fe2f5d9b92149af297206325f79 to remote] DEBUG o.a.netty.request.NettyRequestSender - Using open Channel [id: 0x828c3196, L:/127.0.0.1:64032 - R:localhost/127.0.0.1:56128] for POST '/session/f06c7fe2f5d9b92149af297206325f79/element'
16:10:16.854 [AsyncHttpClient-1-8] DEBUG o.a.netty.handler.HttpHandler - 

Request DefaultHttpRequest(decodeResult: success, version: HTTP/1.1)
POST /session/f06c7fe2f5d9b92149af297206325f79/element HTTP/1.1
User-Agent: selenium/4.1.2 (java windows)
Content-Length: 75
Content-Type: application/json; charset=utf-8
host: localhost:56128
accept: */*

Response DefaultHttpResponse(decodeResult: success, version: HTTP/1.1)
HTTP/1.1 200 OK
Content-Type: application/json; charset=utf-8
cache-control: no-cache
content-length: 88

16:10:16.854 [AsyncHttpClient-1-8] DEBUG o.a.netty.channel.ChannelManager - Adding key: http://localhost:56128 for channel [id: 0x828c3196, L:/127.0.0.1:64032 - R:localhost/127.0.0.1:56128]
16:10:16.857 [Forwarding isElementDisplayed on session f06c7fe2f5d9b92149af297206325f79 to remote] DEBUG o.a.netty.request.NettyRequestSender - Using pooled Channel '[id: 0x828c3196, L:/127.0.0.1:64032 - R:localhost/127.0.0.1:56128]' for 'POST' to 'http://localhost:56128/session/f06c7fe2f5d9b92149af297206325f79/execute/sync'
16:10:16.857 [Forwarding isElementDisplayed on session f06c7fe2f5d9b92149af297206325f79 to remote] DEBUG o.a.netty.request.NettyRequestSender - Using open Channel [id: 0x828c3196, L:/127.0.0.1:64032 - R:localhost/127.0.0.1:56128] for POST '/session/f06c7fe2f5d9b92149af297206325f79/execute/sync'
16:10:16.868 [AsyncHttpClient-1-8] DEBUG o.a.netty.handler.HttpHandler - 

Request DefaultHttpRequest(decodeResult: success, version: HTTP/1.1)
POST /session/f06c7fe2f5d9b92149af297206325f79/execute/sync HTTP/1.1
User-Agent: selenium/4.1.2 (java windows)
Content-Length: 48780
Content-Type: application/json; charset=utf-8
host: localhost:56128
accept: */*

Response DefaultHttpResponse(decodeResult: success, version: HTTP/1.1)
HTTP/1.1 200 OK
Content-Type: application/json; charset=utf-8
cache-control: no-cache
content-length: 15

16:10:16.869 [AsyncHttpClient-1-8] DEBUG o.a.netty.channel.ChannelManager - Adding key: http://localhost:56128 for channel [id: 0x828c3196, L:/127.0.0.1:64032 - R:localhost/127.0.0.1:56128]
16:10:17.378 [Forwarding findElement on session f06c7fe2f5d9b92149af297206325f79 to remote] DEBUG o.a.netty.request.NettyRequestSender - Using pooled Channel '[id: 0x828c3196, L:/127.0.0.1:64032 - R:localhost/127.0.0.1:56128]' for 'POST' to 'http://localhost:56128/session/f06c7fe2f5d9b92149af297206325f79/element'
16:10:17.378 [Forwarding findElement on session f06c7fe2f5d9b92149af297206325f79 to remote] DEBUG o.a.netty.request.NettyRequestSender - Using open Channel [id: 0x828c3196, L:/127.0.0.1:64032 - R:localhost/127.0.0.1:56128] for POST '/session/f06c7fe2f5d9b92149af297206325f79/element'
16:10:17.383 [AsyncHttpClient-1-8] DEBUG o.a.netty.handler.HttpHandler - 

Request DefaultHttpRequest(decodeResult: success, version: HTTP/1.1)
POST /session/f06c7fe2f5d9b92149af297206325f79/element HTTP/1.1
User-Agent: selenium/4.1.2 (java windows)
Content-Length: 75
Content-Type: application/json; charset=utf-8
host: localhost:56128
accept: */*

Response DefaultHttpResponse(decodeResult: success, version: HTTP/1.1)
HTTP/1.1 200 OK
Content-Type: application/json; charset=utf-8
cache-control: no-cache
content-length: 88

16:10:17.383 [AsyncHttpClient-1-8] DEBUG o.a.netty.channel.ChannelManager - Adding key: http://localhost:56128 for channel [id: 0x828c3196, L:/127.0.0.1:64032 - R:localhost/127.0.0.1:56128]
16:10:17.385 [Forwarding isElementDisplayed on session f06c7fe2f5d9b92149af297206325f79 to remote] DEBUG o.a.netty.request.NettyRequestSender - Using pooled Channel '[id: 0x828c3196, L:/127.0.0.1:64032 - R:localhost/127.0.0.1:56128]' for 'POST' to 'http://localhost:56128/session/f06c7fe2f5d9b92149af297206325f79/execute/sync'
16:10:17.386 [Forwarding isElementDisplayed on session f06c7fe2f5d9b92149af297206325f79 to remote] DEBUG o.a.netty.request.NettyRequestSender - Using open Channel [id: 0x828c3196, L:/127.0.0.1:64032 - R:localhost/127.0.0.1:56128] for POST '/session/f06c7fe2f5d9b92149af297206325f79/execute/sync'
16:10:17.391 [AsyncHttpClient-1-8] DEBUG o.a.netty.handler.HttpHandler - 

Request DefaultHttpRequest(decodeResult: success, version: HTTP/1.1)
POST /session/f06c7fe2f5d9b92149af297206325f79/execute/sync HTTP/1.1
User-Agent: selenium/4.1.2 (java windows)
Content-Length: 48780
Content-Type: application/json; charset=utf-8
host: localhost:56128
accept: */*

Response DefaultHttpResponse(decodeResult: success, version: HTTP/1.1)
HTTP/1.1 200 OK
Content-Type: application/json; charset=utf-8
cache-control: no-cache
content-length: 14

16:10:17.392 [AsyncHttpClient-1-8] DEBUG o.a.netty.channel.ChannelManager - Adding key: http://localhost:56128 for channel [id: 0x828c3196, L:/127.0.0.1:64032 - R:localhost/127.0.0.1:56128]
16:10:17.392 [Forwarding getElementText on session f06c7fe2f5d9b92149af297206325f79 to remote] DEBUG o.a.netty.request.NettyRequestSender - Using pooled Channel '[id: 0x828c3196, L:/127.0.0.1:64032 - R:localhost/127.0.0.1:56128]' for 'GET' to 'http://localhost:56128/session/f06c7fe2f5d9b92149af297206325f79/element/a4cd3600-d8c8-485b-9926-8e1e873ae0bc/text'
16:10:17.392 [Forwarding getElementText on session f06c7fe2f5d9b92149af297206325f79 to remote] DEBUG o.a.netty.request.NettyRequestSender - Using open Channel [id: 0x828c3196, L:/127.0.0.1:64032 - R:localhost/127.0.0.1:56128] for GET '/session/f06c7fe2f5d9b92149af297206325f79/element/a4cd3600-d8c8-485b-9926-8e1e873ae0bc/text'
16:10:17.401 [AsyncHttpClient-1-8] DEBUG o.a.netty.handler.HttpHandler - 

Request DefaultFullHttpRequest(decodeResult: success, version: HTTP/1.1, content: EmptyByteBufBE)
GET /session/f06c7fe2f5d9b92149af297206325f79/element/a4cd3600-d8c8-485b-9926-8e1e873ae0bc/text HTTP/1.1
User-Agent: selenium/4.1.2 (java windows)
Cache-Control: no-cache
Content-Type: application/json; charset=utf-8
host: localhost:56128
accept: */*

Response DefaultHttpResponse(decodeResult: success, version: HTTP/1.1)
HTTP/1.1 200 OK
Content-Type: application/json; charset=utf-8
cache-control: no-cache
content-length: 59

16:10:17.401 [AsyncHttpClient-1-8] DEBUG o.a.netty.channel.ChannelManager - Adding key: http://localhost:56128 for channel [id: 0x828c3196, L:/127.0.0.1:64032 - R:localhost/127.0.0.1:56128]
16:10:17.454 [AsyncHttpClient-1-1] DEBUG o.a.netty.channel.DefaultChannelPool - Entry count for : http://localhost:64033 : 1
16:10:17.454 [AsyncHttpClient-1-1] DEBUG o.a.netty.channel.DefaultChannelPool - Entry count for : http://localhost:56128 : 1
16:10:18.548 [AsyncHttpClient-1-1] DEBUG o.a.netty.channel.DefaultChannelPool - Entry count for : http://localhost:64033 : 1
16:10:18.548 [AsyncHttpClient-1-1] DEBUG o.a.netty.channel.DefaultChannelPool - Entry count for : http://localhost:56128 : 1
  &amp#27;[32mWhen &amp#27;[0m&amp#27;[32muser login using invalid credentials with username &amp#27;[0m&amp#27;[32m&amp#27;[1m"invalidUser"&amp#27;[0m&amp#27;[32m and password &amp#27;[0m&amp#27;[32m&amp#27;[1m"InvalidPassword"&amp#27;[0m &amp#27;[90m# stepdefinitions.LoginPageSteps.user_login_using_invalid_credentials_with_username_and_password(java.lang.String,java.lang.String)&amp#27;[0m
16:10:19.406 [Forwarding getTitle on session f06c7fe2f5d9b92149af297206325f79 to remote] DEBUG o.a.netty.request.NettyRequestSender - Using pooled Channel '[id: 0x828c3196, L:/127.0.0.1:64032 - R:localhost/127.0.0.1:56128]' for 'GET' to 'http://localhost:56128/session/f06c7fe2f5d9b92149af297206325f79/title'
16:10:19.406 [Forwarding getTitle on session f06c7fe2f5d9b92149af297206325f79 to remote] DEBUG o.a.netty.request.NettyRequestSender - Using open Channel [id: 0x828c3196, L:/127.0.0.1:64032 - R:localhost/127.0.0.1:56128] for GET '/session/f06c7fe2f5d9b92149af297206325f79/title'
16:10:19.409 [AsyncHttpClient-1-8] DEBUG o.a.netty.handler.HttpHandler - 

Request DefaultFullHttpRequest(decodeResult: success, version: HTTP/1.1, content: EmptyByteBufBE)
GET /session/f06c7fe2f5d9b92149af297206325f79/title HTTP/1.1
User-Agent: selenium/4.1.2 (java windows)
Cache-Control: no-cache
Content-Type: application/json; charset=utf-8
host: localhost:56128
accept: */*

Response DefaultHttpResponse(decodeResult: success, version: HTTP/1.1)
HTTP/1.1 200 OK
Content-Type: application/json; charset=utf-8
cache-control: no-cache
content-length: 22

16:10:19.409 [AsyncHttpClient-1-8] DEBUG o.a.netty.channel.ChannelManager - Adding key: http://localhost:56128 for channel [id: 0x828c3196, L:/127.0.0.1:64032 - R:localhost/127.0.0.1:56128]
16:10:19.410 [Forwarding getTitle on session f06c7fe2f5d9b92149af297206325f79 to remote] DEBUG o.a.netty.request.NettyRequestSender - Using pooled Channel '[id: 0x828c3196, L:/127.0.0.1:64032 - R:localhost/127.0.0.1:56128]' for 'GET' to 'http://localhost:56128/session/f06c7fe2f5d9b92149af297206325f79/title'
16:10:19.410 [Forwarding getTitle on session f06c7fe2f5d9b92149af297206325f79 to remote] DEBUG o.a.netty.request.NettyRequestSender - Using open Channel [id: 0x828c3196, L:/127.0.0.1:64032 - R:localhost/127.0.0.1:56128] for GET '/session/f06c7fe2f5d9b92149af297206325f79/title'
16:10:19.411 [AsyncHttpClient-1-8] DEBUG o.a.netty.handler.HttpHandler - 

Request DefaultFullHttpRequest(decodeResult: success, version: HTTP/1.1, content: EmptyByteBufBE)
GET /session/f06c7fe2f5d9b92149af297206325f79/title HTTP/1.1
User-Agent: selenium/4.1.2 (java windows)
Cache-Control: no-cache
Content-Type: application/json; charset=utf-8
host: localhost:56128
accept: */*

Response DefaultHttpResponse(decodeResult: success, version: HTTP/1.1)
HTTP/1.1 200 OK
Content-Type: application/json; charset=utf-8
cache-control: no-cache
content-length: 22

16:10:19.411 [AsyncHttpClient-1-8] DEBUG o.a.netty.channel.ChannelManager - Adding key: http://localhost:56128 for channel [id: 0x828c3196, L:/127.0.0.1:64032 - R:localhost/127.0.0.1:56128]
16:10:19.644 [AsyncHttpClient-1-1] DEBUG o.a.netty.channel.DefaultChannelPool - Entry count for : http://localhost:64033 : 1
16:10:19.644 [AsyncHttpClient-1-1] DEBUG o.a.netty.channel.DefaultChannelPool - Entry count for : http://localhost:56128 : 1
16:10:20.746 [AsyncHttpClient-1-1] DEBUG o.a.netty.channel.DefaultChannelPool - Entry count for : http://localhost:64033 : 1
16:10:20.746 [AsyncHttpClient-1-1] DEBUG o.a.netty.channel.DefaultChannelPool - Entry count for : http://localhost:56128 : 1
16:10:21.858 [AsyncHttpClient-1-1] DEBUG o.a.netty.channel.DefaultChannelPool - Entry count for : http://localhost:64033 : 1
16:10:21.858 [AsyncHttpClient-1-1] DEBUG o.a.netty.channel.DefaultChannelPool - Entry count for : http://localhost:56128 : 1
16:10:22.951 [AsyncHttpClient-1-1] DEBUG o.a.netty.channel.DefaultChannelPool - Entry count for : http://localhost:64033 : 1
16:10:22.951 [AsyncHttpClient-1-1] DEBUG o.a.netty.channel.DefaultChannelPool - Entry count for : http://localhost:56128 : 1
16:10:24.044 [AsyncHttpClient-1-1] DEBUG o.a.netty.channel.DefaultChannelPool - Entry count for : http://localhost:64033 : 1
16:10:24.044 [AsyncHttpClient-1-1] DEBUG o.a.netty.channel.DefaultChannelPool - Entry count for : http://localhost:56128 : 1
16:10:24.426 [Forwarding findElement on session f06c7fe2f5d9b92149af297206325f79 to remote] DEBUG o.a.netty.request.NettyRequestSender - Using pooled Channel '[id: 0x828c3196, L:/127.0.0.1:64032 - R:localhost/127.0.0.1:56128]' for 'POST' to 'http://localhost:56128/session/f06c7fe2f5d9b92149af297206325f79/element'
16:10:24.426 [Forwarding findElement on session f06c7fe2f5d9b92149af297206325f79 to remote] DEBUG o.a.netty.request.NettyRequestSender - Using open Channel [id: 0x828c3196, L:/127.0.0.1:64032 - R:localhost/127.0.0.1:56128] for POST '/session/f06c7fe2f5d9b92149af297206325f79/element'
16:10:24.431 [AsyncHttpClient-1-8] DEBUG o.a.netty.handler.HttpHandler - 

Request DefaultHttpRequest(decodeResult: success, version: HTTP/1.1)
POST /session/f06c7fe2f5d9b92149af297206325f79/element HTTP/1.1
User-Agent: selenium/4.1.2 (java windows)
Content-Length: 75
Content-Type: application/json; charset=utf-8
host: localhost:56128
accept: */*

Response DefaultHttpResponse(decodeResult: success, version: HTTP/1.1)
HTTP/1.1 200 OK
Content-Type: application/json; charset=utf-8
cache-control: no-cache
content-length: 88

16:10:24.431 [AsyncHttpClient-1-8] DEBUG o.a.netty.channel.ChannelManager - Adding key: http://localhost:56128 for channel [id: 0x828c3196, L:/127.0.0.1:64032 - R:localhost/127.0.0.1:56128]
16:10:24.434 [Forwarding isElementDisplayed on session f06c7fe2f5d9b92149af297206325f79 to remote] DEBUG o.a.netty.request.NettyRequestSender - Using pooled Channel '[id: 0x828c3196, L:/127.0.0.1:64032 - R:localhost/127.0.0.1:56128]' for 'POST' to 'http://localhost:56128/session/f06c7fe2f5d9b92149af297206325f79/execute/sync'
16:10:24.434 [Forwarding isElementDisplayed on session f06c7fe2f5d9b92149af297206325f79 to remote] DEBUG o.a.netty.request.NettyRequestSender - Using open Channel [id: 0x828c3196, L:/127.0.0.1:64032 - R:localhost/127.0.0.1:56128] for POST '/session/f06c7fe2f5d9b92149af297206325f79/execute/sync'
16:10:24.440 [AsyncHttpClient-1-8] DEBUG o.a.netty.handler.HttpHandler - 

Request DefaultHttpRequest(decodeResult: success, version: HTTP/1.1)
POST /session/f06c7fe2f5d9b92149af297206325f79/execute/sync HTTP/1.1
User-Agent: selenium/4.1.2 (java windows)
Content-Length: 48780
Content-Type: application/json; charset=utf-8
host: localhost:56128
accept: */*

Response DefaultHttpResponse(decodeResult: success, version: HTTP/1.1)
HTTP/1.1 200 OK
Content-Type: application/json; charset=utf-8
cache-control: no-cache
content-length: 14

16:10:24.440 [AsyncHttpClient-1-8] DEBUG o.a.netty.channel.ChannelManager - Adding key: http://localhost:56128 for channel [id: 0x828c3196, L:/127.0.0.1:64032 - R:localhost/127.0.0.1:56128]
16:10:24.441 [Forwarding getElementText on session f06c7fe2f5d9b92149af297206325f79 to remote] DEBUG o.a.netty.request.NettyRequestSender - Using pooled Channel '[id: 0x828c3196, L:/127.0.0.1:64032 - R:localhost/127.0.0.1:56128]' for 'GET' to 'http://localhost:56128/session/f06c7fe2f5d9b92149af297206325f79/element/a4cd3600-d8c8-485b-9926-8e1e873ae0bc/text'
16:10:24.441 [Forwarding getElementText on session f06c7fe2f5d9b92149af297206325f79 to remote] DEBUG o.a.netty.request.NettyRequestSender - Using open Channel [id: 0x828c3196, L:/127.0.0.1:64032 - R:localhost/127.0.0.1:56128] for GET '/session/f06c7fe2f5d9b92149af297206325f79/element/a4cd3600-d8c8-485b-9926-8e1e873ae0bc/text'
16:10:24.445 [AsyncHttpClient-1-8] DEBUG o.a.netty.handler.HttpHandler - 

Request DefaultFullHttpRequest(decodeResult: success, version: HTTP/1.1, content: EmptyByteBufBE)
GET /session/f06c7fe2f5d9b92149af297206325f79/element/a4cd3600-d8c8-485b-9926-8e1e873ae0bc/text HTTP/1.1
User-Agent: selenium/4.1.2 (java windows)
Cache-Control: no-cache
Content-Type: application/json; charset=utf-8
host: localhost:56128
accept: */*

Response DefaultHttpResponse(decodeResult: success, version: HTTP/1.1)
HTTP/1.1 200 OK
Content-Type: application/json; charset=utf-8
cache-control: no-cache
content-length: 59

16:10:24.446 [AsyncHttpClient-1-8] DEBUG o.a.netty.channel.ChannelManager - Adding key: http://localhost:56128 for channel [id: 0x828c3196, L:/127.0.0.1:64032 - R:localhost/127.0.0.1:56128]
16:10:25.145 [AsyncHttpClient-1-1] DEBUG o.a.netty.channel.DefaultChannelPool - Entry count for : http://localhost:64033 : 1
16:10:25.145 [AsyncHttpClient-1-1] DEBUG o.a.netty.channel.DefaultChannelPool - Entry count for : http://localhost:56128 : 1
16:10:26.251 [AsyncHttpClient-1-1] DEBUG o.a.netty.channel.DefaultChannelPool - Entry count for : http://localhost:64033 : 1
16:10:26.251 [AsyncHttpClient-1-1] DEBUG o.a.netty.channel.DefaultChannelPool - Entry count for : http://localhost:56128 : 1
  &amp#27;[32mThen &amp#27;[0m&amp#27;[32muser should not proceed to Dashboard Page&amp#27;[0m                                                       &amp#27;[90m# stepdefinitions.LoginPageSteps.user_should_not_proceed_to_dashboard_page()&amp#27;[0m
16:10:27.350 [AsyncHttpClient-1-1] DEBUG o.a.netty.channel.DefaultChannelPool - Entry count for : http://localhost:64033 : 1
16:10:27.350 [AsyncHttpClient-1-1] DEBUG o.a.netty.channel.DefaultChannelPool - Entry count for : http://localhost:56128 : 1
16:10:28.449 [AsyncHttpClient-1-1] DEBUG o.a.netty.channel.DefaultChannelPool - Entry count for : http://localhost:64033 : 1
16:10:28.449 [AsyncHttpClient-1-1] DEBUG o.a.netty.channel.DefaultChannelPool - Entry count for : http://localhost:56128 : 1
16:10:28.464 [Forwarding findElement on session f06c7fe2f5d9b92149af297206325f79 to remote] DEBUG o.a.netty.request.NettyRequestSender - Using pooled Channel '[id: 0x828c3196, L:/127.0.0.1:64032 - R:localhost/127.0.0.1:56128]' for 'POST' to 'http://localhost:56128/session/f06c7fe2f5d9b92149af297206325f79/element'
16:10:28.464 [Forwarding findElement on session f06c7fe2f5d9b92149af297206325f79 to remote] DEBUG o.a.netty.request.NettyRequestSender - Using open Channel [id: 0x828c3196, L:/127.0.0.1:64032 - R:localhost/127.0.0.1:56128] for POST '/session/f06c7fe2f5d9b92149af297206325f79/element'
16:10:28.469 [AsyncHttpClient-1-8] DEBUG o.a.netty.handler.HttpHandler - 

Request DefaultHttpRequest(decodeResult: success, version: HTTP/1.1)
POST /session/f06c7fe2f5d9b92149af297206325f79/element HTTP/1.1
User-Agent: selenium/4.1.2 (java windows)
Content-Length: 128
Content-Type: application/json; charset=utf-8
host: localhost:56128
accept: */*

Response DefaultHttpResponse(decodeResult: success, version: HTTP/1.1)
HTTP/1.1 200 OK
Content-Type: application/json; charset=utf-8
cache-control: no-cache
content-length: 88

16:10:28.469 [AsyncHttpClient-1-8] DEBUG o.a.netty.channel.ChannelManager - Adding key: http://localhost:56128 for channel [id: 0x828c3196, L:/127.0.0.1:64032 - R:localhost/127.0.0.1:56128]
16:10:28.470 [Forwarding sendKeysToElement on session f06c7fe2f5d9b92149af297206325f79 to remote] DEBUG o.a.netty.request.NettyRequestSender - Using pooled Channel '[id: 0x828c3196, L:/127.0.0.1:64032 - R:localhost/127.0.0.1:56128]' for 'POST' to 'http://localhost:56128/session/f06c7fe2f5d9b92149af297206325f79/element/8b1ee0db-4886-40ca-8add-8c1e38c10f60/value'
16:10:28.470 [Forwarding sendKeysToElement on session f06c7fe2f5d9b92149af297206325f79 to remote] DEBUG o.a.netty.request.NettyRequestSender - Using open Channel [id: 0x828c3196, L:/127.0.0.1:64032 - R:localhost/127.0.0.1:56128] for POST '/session/f06c7fe2f5d9b92149af297206325f79/element/8b1ee0db-4886-40ca-8add-8c1e38c10f60/value'
16:10:28.491 [AsyncHttpClient-1-8] DEBUG o.a.netty.handler.HttpHandler - 

Request DefaultHttpRequest(decodeResult: success, version: HTTP/1.1)
POST /session/f06c7fe2f5d9b92149af297206325f79/element/8b1ee0db-4886-40ca-8add-8c1e38c10f60/value HTTP/1.1
User-Agent: selenium/4.1.2 (java windows)
Content-Length: 191
Content-Type: application/json; charset=utf-8
host: localhost:56128
accept: */*

Response DefaultHttpResponse(decodeResult: success, version: HTTP/1.1)
HTTP/1.1 200 OK
Content-Type: application/json; charset=utf-8
cache-control: no-cache
content-length: 14

16:10:28.491 [AsyncHttpClient-1-8] DEBUG o.a.netty.channel.ChannelManager - Adding key: http://localhost:56128 for channel [id: 0x828c3196, L:/127.0.0.1:64032 - R:localhost/127.0.0.1:56128]
16:10:28.492 [Forwarding findElement on session f06c7fe2f5d9b92149af297206325f79 to remote] DEBUG o.a.netty.request.NettyRequestSender - Using pooled Channel '[id: 0x828c3196, L:/127.0.0.1:64032 - R:localhost/127.0.0.1:56128]' for 'POST' to 'http://localhost:56128/session/f06c7fe2f5d9b92149af297206325f79/element'
16:10:28.492 [Forwarding findElement on session f06c7fe2f5d9b92149af297206325f79 to remote] DEBUG o.a.netty.request.NettyRequestSender - Using open Channel [id: 0x828c3196, L:/127.0.0.1:64032 - R:localhost/127.0.0.1:56128] for POST '/session/f06c7fe2f5d9b92149af297206325f79/element'
16:10:28.496 [AsyncHttpClient-1-8] DEBUG o.a.netty.handler.HttpHandler - 

Request DefaultHttpRequest(decodeResult: success, version: HTTP/1.1)
POST /session/f06c7fe2f5d9b92149af297206325f79/element HTTP/1.1
User-Agent: selenium/4.1.2 (java windows)
Content-Length: 132
Content-Type: application/json; charset=utf-8
host: localhost:56128
accept: */*

Response DefaultHttpResponse(decodeResult: success, version: HTTP/1.1)
HTTP/1.1 200 OK
Content-Type: application/json; charset=utf-8
cache-control: no-cache
content-length: 88

16:10:28.496 [AsyncHttpClient-1-8] DEBUG o.a.netty.channel.ChannelManager - Adding key: http://localhost:56128 for channel [id: 0x828c3196, L:/127.0.0.1:64032 - R:localhost/127.0.0.1:56128]
16:10:28.497 [Forwarding sendKeysToElement on session f06c7fe2f5d9b92149af297206325f79 to remote] DEBUG o.a.netty.request.NettyRequestSender - Using pooled Channel '[id: 0x828c3196, L:/127.0.0.1:64032 - R:localhost/127.0.0.1:56128]' for 'POST' to 'http://localhost:56128/session/f06c7fe2f5d9b92149af297206325f79/element/280f944d-87ca-4346-8879-e28d9907840e/value'
16:10:28.497 [Forwarding sendKeysToElement on session f06c7fe2f5d9b92149af297206325f79 to remote] DEBUG o.a.netty.request.NettyRequestSender - Using open Channel [id: 0x828c3196, L:/127.0.0.1:64032 - R:localhost/127.0.0.1:56128] for POST '/session/f06c7fe2f5d9b92149af297206325f79/element/280f944d-87ca-4346-8879-e28d9907840e/value'
16:10:28.537 [AsyncHttpClient-1-8] DEBUG o.a.netty.handler.HttpHandler - 

Request DefaultHttpRequest(decodeResult: success, version: HTTP/1.1)
POST /session/f06c7fe2f5d9b92149af297206325f79/element/280f944d-87ca-4346-8879-e28d9907840e/value HTTP/1.1
User-Agent: selenium/4.1.2 (java windows)
Content-Length: 161
Content-Type: application/json; charset=utf-8
host: localhost:56128
accept: */*

Response DefaultHttpResponse(decodeResult: success, version: HTTP/1.1)
HTTP/1.1 200 OK
Content-Type: application/json; charset=utf-8
cache-control: no-cache
content-length: 14

16:10:28.537 [AsyncHttpClient-1-8] DEBUG o.a.netty.channel.ChannelManager - Adding key: http://localhost:56128 for channel [id: 0x828c3196, L:/127.0.0.1:64032 - R:localhost/127.0.0.1:56128]
16:10:28.538 [Forwarding findElement on session f06c7fe2f5d9b92149af297206325f79 to remote] DEBUG o.a.netty.request.NettyRequestSender - Using pooled Channel '[id: 0x828c3196, L:/127.0.0.1:64032 - R:localhost/127.0.0.1:56128]' for 'POST' to 'http://localhost:56128/session/f06c7fe2f5d9b92149af297206325f79/element'
16:10:28.538 [Forwarding findElement on session f06c7fe2f5d9b92149af297206325f79 to remote] DEBUG o.a.netty.request.NettyRequestSender - Using open Channel [id: 0x828c3196, L:/127.0.0.1:64032 - R:localhost/127.0.0.1:56128] for POST '/session/f06c7fe2f5d9b92149af297206325f79/element'
16:10:28.545 [AsyncHttpClient-1-8] DEBUG o.a.netty.handler.HttpHandler - 

Request DefaultHttpRequest(decodeResult: success, version: HTTP/1.1)
POST /session/f06c7fe2f5d9b92149af297206325f79/element HTTP/1.1
User-Agent: selenium/4.1.2 (java windows)
Content-Length: 125
Content-Type: application/json; charset=utf-8
host: localhost:56128
accept: */*

Response DefaultHttpResponse(decodeResult: success, version: HTTP/1.1)
HTTP/1.1 200 OK
Content-Type: application/json; charset=utf-8
cache-control: no-cache
content-length: 88

16:10:28.545 [AsyncHttpClient-1-8] DEBUG o.a.netty.channel.ChannelManager - Adding key: http://localhost:56128 for channel [id: 0x828c3196, L:/127.0.0.1:64032 - R:localhost/127.0.0.1:56128]
16:10:28.546 [Forwarding clickElement on session f06c7fe2f5d9b92149af297206325f79 to remote] DEBUG o.a.netty.request.NettyRequestSender - Using pooled Channel '[id: 0x828c3196, L:/127.0.0.1:64032 - R:localhost/127.0.0.1:56128]' for 'POST' to 'http://localhost:56128/session/f06c7fe2f5d9b92149af297206325f79/element/330d7e5d-50ca-471c-9dec-39edf7db7842/click'
16:10:28.546 [Forwarding clickElement on session f06c7fe2f5d9b92149af297206325f79 to remote] DEBUG o.a.netty.request.NettyRequestSender - Using open Channel [id: 0x828c3196, L:/127.0.0.1:64032 - R:localhost/127.0.0.1:56128] for POST '/session/f06c7fe2f5d9b92149af297206325f79/element/330d7e5d-50ca-471c-9dec-39edf7db7842/click'
16:10:29.555 [AsyncHttpClient-1-1] DEBUG o.a.netty.channel.DefaultChannelPool - Entry count for : http://localhost:64033 : 1
16:10:30.647 [AsyncHttpClient-1-1] DEBUG o.a.netty.channel.DefaultChannelPool - Entry count for : http://localhost:64033 : 1
16:10:30.667 [AsyncHttpClient-1-8] DEBUG o.a.netty.handler.HttpHandler - 

Request DefaultHttpRequest(decodeResult: success, version: HTTP/1.1)
POST /session/f06c7fe2f5d9b92149af297206325f79/element/330d7e5d-50ca-471c-9dec-39edf7db7842/click HTTP/1.1
User-Agent: selenium/4.1.2 (java windows)
Content-Length: 50
Content-Type: application/json; charset=utf-8
host: localhost:56128
accept: */*

Response DefaultHttpResponse(decodeResult: success, version: HTTP/1.1)
HTTP/1.1 200 OK
Content-Type: application/json; charset=utf-8
cache-control: no-cache
content-length: 14

16:10:30.667 [AsyncHttpClient-1-8] DEBUG o.a.netty.channel.ChannelManager - Adding key: http://localhost:56128 for channel [id: 0x828c3196, L:/127.0.0.1:64032 - R:localhost/127.0.0.1:56128]
  &amp#27;[32mWhen &amp#27;[0m&amp#27;[32muser login using valid credentials with username &amp#27;[0m&amp#27;[32m&amp#27;[1m"user@vrbank"&amp#27;[0m&amp#27;[32m and password &amp#27;[0m&amp#27;[32m&amp#27;[1m"pega123!"&amp#27;[0m          &amp#27;[90m# stepdefinitions.LoginPageSteps.user_login_using_valid_credentials_with_username_and_password(java.lang.String,java.lang.String)&amp#27;[0m
16:10:30.670 [Forwarding getTitle on session f06c7fe2f5d9b92149af297206325f79 to remote] DEBUG o.a.netty.request.NettyRequestSender - Using pooled Channel '[id: 0x828c3196, L:/127.0.0.1:64032 - R:localhost/127.0.0.1:56128]' for 'GET' to 'http://localhost:56128/session/f06c7fe2f5d9b92149af297206325f79/title'
16:10:30.670 [Forwarding getTitle on session f06c7fe2f5d9b92149af297206325f79 to remote] DEBUG o.a.netty.request.NettyRequestSender - Using open Channel [id: 0x828c3196, L:/127.0.0.1:64032 - R:localhost/127.0.0.1:56128] for GET '/session/f06c7fe2f5d9b92149af297206325f79/title'
16:10:30.672 [AsyncHttpClient-1-8] DEBUG o.a.netty.handler.HttpHandler - 

Request DefaultFullHttpRequest(decodeResult: success, version: HTTP/1.1, content: EmptyByteBufBE)
GET /session/f06c7fe2f5d9b92149af297206325f79/title HTTP/1.1
User-Agent: selenium/4.1.2 (java windows)
Cache-Control: no-cache
Content-Type: application/json; charset=utf-8
host: localhost:56128
accept: */*

Response DefaultHttpResponse(decodeResult: success, version: HTTP/1.1)
HTTP/1.1 200 OK
Content-Type: application/json; charset=utf-8
cache-control: no-cache
content-length: 30

16:10:30.673 [AsyncHttpClient-1-8] DEBUG o.a.netty.channel.ChannelManager - Adding key: http://localhost:56128 for channel [id: 0x828c3196, L:/127.0.0.1:64032 - R:localhost/127.0.0.1:56128]
16:10:30.673 [Forwarding getTitle on session f06c7fe2f5d9b92149af297206325f79 to remote] DEBUG o.a.netty.request.NettyRequestSender - Using pooled Channel '[id: 0x828c3196, L:/127.0.0.1:64032 - R:localhost/127.0.0.1:56128]' for 'GET' to 'http://localhost:56128/session/f06c7fe2f5d9b92149af297206325f79/title'
16:10:30.674 [Forwarding getTitle on session f06c7fe2f5d9b92149af297206325f79 to remote] DEBUG o.a.netty.request.NettyRequestSender - Using open Channel [id: 0x828c3196, L:/127.0.0.1:64032 - R:localhost/127.0.0.1:56128] for GET '/session/f06c7fe2f5d9b92149af297206325f79/title'
16:10:30.675 [AsyncHttpClient-1-8] DEBUG o.a.netty.handler.HttpHandler - 

Request DefaultFullHttpRequest(decodeResult: success, version: HTTP/1.1, content: EmptyByteBufBE)
GET /session/f06c7fe2f5d9b92149af297206325f79/title HTTP/1.1
User-Agent: selenium/4.1.2 (java windows)
Cache-Control: no-cache
Content-Type: application/json; charset=utf-8
host: localhost:56128
accept: */*

Response DefaultHttpResponse(decodeResult: success, version: HTTP/1.1)
HTTP/1.1 200 OK
Content-Type: application/json; charset=utf-8
cache-control: no-cache
content-length: 30

16:10:30.676 [AsyncHttpClient-1-8] DEBUG o.a.netty.channel.ChannelManager - Adding key: http://localhost:56128 for channel [id: 0x828c3196, L:/127.0.0.1:64032 - R:localhost/127.0.0.1:56128]
16:10:31.751 [AsyncHttpClient-1-1] DEBUG o.a.netty.channel.DefaultChannelPool - Entry count for : http://localhost:64033 : 1
16:10:31.751 [AsyncHttpClient-1-1] DEBUG o.a.netty.channel.DefaultChannelPool - Entry count for : http://localhost:56128 : 1
16:10:32.851 [AsyncHttpClient-1-1] DEBUG o.a.netty.channel.DefaultChannelPool - Entry count for : http://localhost:64033 : 1
16:10:32.851 [AsyncHttpClient-1-1] DEBUG o.a.netty.channel.DefaultChannelPool - Entry count for : http://localhost:56128 : 1
16:10:33.947 [AsyncHttpClient-1-1] DEBUG o.a.netty.channel.DefaultChannelPool - Entry count for : http://localhost:64033 : 1
16:10:33.947 [AsyncHttpClient-1-1] DEBUG o.a.netty.channel.DefaultChannelPool - Entry count for : http://localhost:56128 : 1
16:10:35.046 [AsyncHttpClient-1-1] DEBUG o.a.netty.channel.DefaultChannelPool - Entry count for : http://localhost:64033 : 1
16:10:35.046 [AsyncHttpClient-1-1] DEBUG o.a.netty.channel.DefaultChannelPool - Entry count for : http://localhost:56128 : 1
  &amp#27;[32mThen &amp#27;[0m&amp#27;[32muser should proceed to Dashboard Page&amp#27;[0m                                                           &amp#27;[90m# stepdefinitions.LoginPageSteps.user_should_proceed_to_dashboard_page()&amp#27;[0m
16:10:35.678 [AsyncHttpClient-1-10] DEBUG o.a.netty.handler.WebSocketHandler - Channel Closed: [id: 0x6fedf100, L:/127.0.0.1:64040 ! R:localhost/127.0.0.1:64033] with attribute NettyResponseFuture{currentRetry=5,
	isDone=1,
	isCancelled=0,
	asyncHandler=org.asynchttpclient.ws.WebSocketUpgradeHandler@247179ca,
	nettyRequest=org.asynchttpclient.netty.request.NettyRequest@6173f320,
	future=java.util.concurrent.CompletableFuture@7892176[Completed normally],
	uri=ws://localhost:64033/devtools/browser/a91b9468-b68e-4d3e-a5f4-4b3349c45a1c,
	keepAlive=true,
	redirectCount=0,
	timeoutsHolder=null,
	inAuth=0,
	touch=1648023009237}
16:10:35.678 [AsyncHttpClient-1-10] DEBUG o.a.netty.channel.ChannelManager - Closing Channel [id: 0x6fedf100, L:/127.0.0.1:64040 ! R:localhost/127.0.0.1:64033] 
16:10:35.678 [Driver Command Executor] DEBUG o.a.netty.request.NettyRequestSender - Using pooled Channel '[id: 0x828c3196, L:/127.0.0.1:64032 - R:localhost/127.0.0.1:56128]' for 'DELETE' to 'http://localhost:56128/session/f06c7fe2f5d9b92149af297206325f79'
16:10:35.678 [Driver Command Executor] DEBUG o.a.netty.request.NettyRequestSender - Using open Channel [id: 0x828c3196, L:/127.0.0.1:64032 - R:localhost/127.0.0.1:56128] for DELETE '/session/f06c7fe2f5d9b92149af297206325f79'
16:10:35.696 [AsyncHttpClient-1-9] DEBUG o.a.netty.handler.HttpHandler - Unexpected I/O exception on channel [id: 0xbbc09a80, L:/127.0.0.1:64039 - R:localhost/127.0.0.1:64033]
java.net.SocketException: Connection reset
	at java.base/sun.nio.ch.SocketChannelImpl.throwConnectionReset(SocketChannelImpl.java:367) ~[na:na]
	at java.base/sun.nio.ch.SocketChannelImpl.read(SocketChannelImpl.java:398) ~[na:na]
	at io.netty.buffer.PooledByteBuf.setBytes(PooledByteBuf.java:253) ~[netty-buffer-4.1.70.Final.jar:4.1.70.Final]
	at io.netty.buffer.AbstractByteBuf.writeBytes(AbstractByteBuf.java:1132) ~[netty-buffer-4.1.70.Final.jar:4.1.70.Final]
	at io.netty.channel.socket.nio.NioSocketChannel.doReadBytes(NioSocketChannel.java:350) ~[netty-transport-4.1.70.Final.jar:4.1.70.Final]
	at io.netty.channel.nio.AbstractNioByteChannel$NioByteUnsafe.read(AbstractNioByteChannel.java:151) ~[netty-transport-4.1.70.Final.jar:4.1.70.Final]
	at io.netty.channel.nio.NioEventLoop.processSelectedKey(NioEventLoop.java:719) ~[netty-transport-4.1.70.Final.jar:4.1.70.Final]
	at io.netty.channel.nio.NioEventLoop.processSelectedKeysOptimized(NioEventLoop.java:655) ~[netty-transport-4.1.70.Final.jar:4.1.70.Final]
	at io.netty.channel.nio.NioEventLoop.processSelectedKeys(NioEventLoop.java:581) ~[netty-transport-4.1.70.Final.jar:4.1.70.Final]
	at io.netty.channel.nio.NioEventLoop.run(NioEventLoop.java:493) ~[netty-transport-4.1.70.Final.jar:4.1.70.Final]
	at io.netty.util.concurrent.SingleThreadEventExecutor$4.run(SingleThreadEventExecutor.java:986) ~[netty-common-4.1.70.Final.jar:4.1.70.Final]
	at io.netty.util.internal.ThreadExecutorMap$2.run(ThreadExecutorMap.java:74) ~[netty-common-4.1.70.Final.jar:4.1.70.Final]
	at io.netty.util.concurrent.FastThreadLocalRunnable.run(FastThreadLocalRunnable.java:30) ~[netty-common-4.1.70.Final.jar:4.1.70.Final]
	at java.base/java.lang.Thread.run(Thread.java:832) ~[na:na]
16:10:35.696 [AsyncHttpClient-1-9] DEBUG o.a.netty.channel.ChannelManager - Closing Channel [id: 0xbbc09a80, L:/127.0.0.1:64039 - R:localhost/127.0.0.1:64033] 
16:10:35.696 [AsyncHttpClient-1-9] DEBUG o.a.netty.handler.HttpHandler - Channel Closed: [id: 0xbbc09a80, L:/127.0.0.1:64039 ! R:localhost/127.0.0.1:64033] with attribute DISCARD
16:10:35.706 [AsyncHttpClient-1-8] DEBUG o.a.netty.handler.HttpHandler - 

Request DefaultFullHttpRequest(decodeResult: success, version: HTTP/1.1, content: EmptyByteBufBE)
DELETE /session/f06c7fe2f5d9b92149af297206325f79 HTTP/1.1
User-Agent: selenium/4.1.2 (java windows)
Content-Type: application/json; charset=utf-8
host: localhost:56128
accept: */*

Response DefaultHttpResponse(decodeResult: success, version: HTTP/1.1)
HTTP/1.1 200 OK
Content-Type: application/json; charset=utf-8
cache-control: no-cache
content-length: 14

16:10:35.706 [AsyncHttpClient-1-8] DEBUG o.a.netty.channel.ChannelManager - Adding key: http://localhost:56128 for channel [id: 0x828c3196, L:/127.0.0.1:64032 - R:localhost/127.0.0.1:56128]
16:10:35.749 [AsyncHttpClient-1-8] DEBUG o.a.netty.handler.HttpHandler - Channel Closed: [id: 0x828c3196, L:/127.0.0.1:64032 ! R:localhost/127.0.0.1:56128] with attribute DISCARD
16:10:36.146 [AsyncHttpClient-1-1] DEBUG o.a.netty.channel.DefaultChannelPool - Entry count for : http://localhost:64033 : 1
16:10:36.146 [AsyncHttpClient-1-1] DEBUG o.a.netty.channel.DefaultChannelPool - Entry count for : http://localhost:56128 : 1
16:10:36.146 [AsyncHttpClient-1-1] DEBUG o.a.netty.channel.DefaultChannelPool - Adding Candidate expired Channel [id: 0xbbc09a80, L:/127.0.0.1:64039 ! R:localhost/127.0.0.1:64033] isIdleTimeoutExpired=false isRemotelyClosed=true isTtlExpired=false
16:10:36.146 [AsyncHttpClient-1-1] DEBUG o.a.netty.channel.DefaultChannelPool - Closing Idle Channel [id: 0xbbc09a80, L:/127.0.0.1:64039 ! R:localhost/127.0.0.1:64033]
16:10:36.146 [AsyncHttpClient-1-1] DEBUG o.a.netty.channel.DefaultChannelPool - Adding Candidate expired Channel [id: 0x828c3196, L:/127.0.0.1:64032 ! R:localhost/127.0.0.1:56128] isIdleTimeoutExpired=false isRemotelyClosed=true isTtlExpired=false
16:10:36.146 [AsyncHttpClient-1-1] DEBUG o.a.netty.channel.DefaultChannelPool - Closing Idle Channel [id: 0x828c3196, L:/127.0.0.1:64032 ! R:localhost/127.0.0.1:56128]
16:10:36.146 [AsyncHttpClient-1-1] DEBUG o.a.netty.channel.DefaultChannelPool - Closed 2 connections out of 2 in 0 ms
16:10:36.268 [main] INFO   - 
  _____   ___   ___   _____     ___     _     ___   ___   ___   ___  
 |_   _| | __| / __| |_   _|   | _ \   /_\   / __| / __| | __| |   \ 
   | |   | _|  \__ \   | |     |  _/  / _ \  \__ \ \__ \ | _|  | |) |
   |_|   |___| |___/   |_|     |_|   /_/ \_\ |___/ |___/ |___| |___/ 

Login to PEGA Site using User
----------------------------------------------------------------------
]]></system-out>
    <system-err><![CDATA[Starting ChromeDriver 99.0.4844.51 (d537ec02474b5afe23684e7963d538896c63ac77-refs/branch-heads/4844@{#875}) on port 56128
Only local connections are allowed.
Please see https://chromedriver.chromium.org/security-considerations for suggestions on keeping ChromeDriver safe.
ChromeDriver was started successfully.
Mar 23, 2022 4:10:09 PM org.openqa.selenium.remote.ProtocolHandshake createSession
INFO: Detected dialect: W3C
Mar 23, 2022 4:10:09 PM org.openqa.selenium.devtools.CdpVersionFinder findNearestMatch
WARNING: Unable to find an exact match for CDP version 99, so returning the closest version found: 96
Mar 23, 2022 4:10:09 PM org.openqa.selenium.devtools.CdpVersionFinder findNearestMatch
INFO: Found CDP implementation for version 99 of 96
]]></system-err>
  </testcase>
</testsuite>