<?xml version="1.0" encoding="UTF-8"?>
<testsuite xmlns:xsi="http://www.w3.org/2001/XMLSchema-instance" xsi:noNamespaceSchemaLocation="https://maven.apache.org/surefire/maven-surefire-plugin/xsd/surefire-test-report-3.0.xsd" version="3.0" name="testsuites.HCLSerenityTestRunner" time="124.788" tests="6" errors="0" skipped="0" failures="0">
  <properties>
    <property name="java.specification.version" value="15"/>
    <property name="webdriver.chrome.driver" value="C:\Users\DheyClaveria\.cache\selenium\chromedriver\win32\99.0.4844.51\chromedriver.exe"/>
    <property name="sun.cpu.isalist" value="amd64"/>
    <property name="sun.jnu.encoding" value="Cp1252"/>
    <property name="java.class.path" value="Z:\Automation\JavaCucumber\BDD_HCL\CucumberHCL\target\test-classes;Z:\Automation\JavaCucumber\BDD_HCL\CucumberHCL\target\classes;C:\Users\DheyClaveria\.m2\repository\com\github\ralfstuckert\pdfbox-layout\pdfbox2-layout\1.0.1\pdfbox2-layout-1.0.1.jar;C:\Users\DheyClaveria\.m2\repository\org\apache\pdfbox\pdfbox\2.0.4\pdfbox-2.0.4.jar;C:\Users\DheyClaveria\.m2\repository\org\apache\pdfbox\fontbox\2.0.4\fontbox-2.0.4.jar;C:\Users\DheyClaveria\.m2\repository\commons-logging\commons-logging\1.2\commons-logging-1.2.jar;C:\Users\DheyClaveria\.m2\repository\io\rest-assured\rest-assured\4.5.1\rest-assured-4.5.1.jar;C:\Users\DheyClaveria\.m2\repository\org\codehaus\groovy\groovy\3.0.9\groovy-3.0.9.jar;C:\Users\DheyClaveria\.m2\repository\org\codehaus\groovy\groovy-xml\3.0.9\groovy-xml-3.0.9.jar;C:\Users\DheyClaveria\.m2\repository\org\apache\httpcomponents\httpclient\4.5.13\httpclient-4.5.13.jar;C:\Users\DheyClaveria\.m2\repository\org\apache\httpcomponents\httpcore\4.4.13\httpcore-4.4.13.jar;C:\Users\DheyClaveria\.m2\repository\org\apache\httpcomponents\httpmime\4.5.13\httpmime-4.5.13.jar;C:\Users\DheyClaveria\.m2\repository\org\hamcrest\hamcrest\2.1\hamcrest-2.1.jar;C:\Users\DheyClaveria\.m2\repository\org\ccil\cowan\tagsoup\tagsoup\1.2.1\tagsoup-1.2.1.jar;C:\Users\DheyClaveria\.m2\repository\io\rest-assured\json-path\4.5.1\json-path-4.5.1.jar;C:\Users\DheyClaveria\.m2\repository\io\rest-assured\rest-assured-common\4.5.1\rest-assured-common-4.5.1.jar;C:\Users\DheyClaveria\.m2\repository\io\rest-assured\xml-path\4.5.1\xml-path-4.5.1.jar;C:\Users\DheyClaveria\.m2\repository\io\rest-assured\rest-assured-all\4.3.2\rest-assured-all-4.3.2.jar;C:\Users\DheyClaveria\.m2\repository\org\apache\commons\commons-lang3\3.11\commons-lang3-3.11.jar;C:\Users\DheyClaveria\.m2\repository\jakarta\xml\bind\jakarta.xml.bind-api\2.3.3\jakarta.xml.bind-api-2.3.3.jar;C:\Users\DheyClaveria\.m2\repository\jakarta\activation\jakarta.activation-api\1.2.2\jakarta.activation-api-1.2.2.jar;C:\Users\DheyClaveria\.m2\repository\com\sun\xml\bind\jaxb-impl\2.3.3\jaxb-impl-2.3.3.jar;C:\Users\DheyClaveria\.m2\repository\org\codehaus\groovy\groovy-json\3.0.6\groovy-json-3.0.6.jar;C:\Users\DheyClaveria\.m2\repository\log4j\log4j\1.2.17\log4j-1.2.17.jar;C:\Users\DheyClaveria\.m2\repository\ch\qos\logback\logback-classic\1.1.3\logback-classic-1.1.3.jar;C:\Users\DheyClaveria\.m2\repository\ch\qos\logback\logback-core\1.1.3\logback-core-1.1.3.jar;C:\Users\DheyClaveria\.m2\repository\org\slf4j\slf4j-api\1.7.36\slf4j-api-1.7.36.jar;C:\Users\DheyClaveria\.m2\repository\org\slf4j\slf4j-reload4j\1.7.36\slf4j-reload4j-1.7.36.jar;C:\Users\DheyClaveria\.m2\repository\ch\qos\reload4j\reload4j\1.2.19\reload4j-1.2.19.jar;C:\Users\DheyClaveria\.m2\repository\org\json\json\20210307\json-20210307.jar;C:\Users\DheyClaveria\.m2\repository\com\ea\async\ea-async\1.2.3\ea-async-1.2.3.jar;C:\Users\DheyClaveria\.m2\repository\net\serenity-bdd\serenity-assertions\3.2.0\serenity-assertions-3.2.0.jar;C:\Users\DheyClaveria\.m2\repository\net\serenity-bdd\serenity-screenplay\3.2.0\serenity-screenplay-3.2.0.jar;C:\Users\DheyClaveria\.m2\repository\org\assertj\assertj-core\3.21.0\assertj-core-3.21.0.jar;C:\Users\DheyClaveria\.m2\repository\net\serenity-bdd\serenity-ensure\3.2.0\serenity-ensure-3.2.0.jar;C:\Users\DheyClaveria\.m2\repository\net\serenity-bdd\serenity-model\3.2.0\serenity-model-3.2.0.jar;C:\Users\DheyClaveria\.m2\repository\org\apache\commons\commons-text\1.9\commons-text-1.9.jar;C:\Users\DheyClaveria\.m2\repository\commons-net\commons-net\3.6\commons-net-3.6.jar;C:\Users\DheyClaveria\.m2\repository\com\google\inject\guice\5.0.1\guice-5.0.1.jar;C:\Users\DheyClaveria\.m2\repository\javax\inject\javax.inject\1\javax.inject-1.jar;C:\Users\DheyClaveria\.m2\repository\aopalliance\aopalliance\1.0\aopalliance-1.0.jar;C:\Users\DheyClaveria\.m2\repository\com\thoughtworks\xstream\xstream\1.4.19\xstream-1.4.19.jar;C:\Users\DheyClaveria\.m2\repository\io\github\x-stream\mxparser\1.2.2\mxparser-1.2.2.jar;C:\Users\DheyClaveria\.m2\repository\xmlpull\xmlpull\1.1.3.1\xmlpull-1.1.3.1.jar;C:\Users\DheyClaveria\.m2\repository\com\typesafe\config\1.3.1\config-1.3.1.jar;C:\Users\DheyClaveria\.m2\repository\org\imgscalr\imgscalr-lib\4.2\imgscalr-lib-4.2.jar;C:\Users\DheyClaveria\.m2\repository\org\awaitility\awaitility\4.1.0\awaitility-4.1.0.jar;C:\Users\DheyClaveria\.m2\repository\org\freemarker\freemarker\2.3.31\freemarker-2.3.31.jar;C:\Users\DheyClaveria\.m2\repository\io\github\classgraph\classgraph\4.8.138\classgraph-4.8.138.jar;C:\Users\DheyClaveria\.m2\repository\net\sourceforge\jexcelapi\jxl\2.6.12\jxl-2.6.12.jar;C:\Users\DheyClaveria\.m2\repository\net\bytebuddy\byte-buddy\1.12.3\byte-buddy-1.12.3.jar;C:\Users\DheyClaveria\.m2\repository\net\bytebuddy\byte-buddy-agent\1.12.3\byte-buddy-agent-1.12.3.jar;C:\Users\DheyClaveria\.m2\repository\org\objenesis\objenesis\3.1\objenesis-3.1.jar;C:\Users\DheyClaveria\.m2\repository\net\serenity-bdd\serenity-screenplay-webdriver\3.2.0\serenity-screenplay-webdriver-3.2.0.jar;C:\Users\DheyClaveria\.m2\repository\org\jetbrains\kotlin\kotlin-stdlib\1.6.0\kotlin-stdlib-1.6.0.jar;C:\Users\DheyClaveria\.m2\repository\org\jetbrains\annotations\13.0\annotations-13.0.jar;C:\Users\DheyClaveria\.m2\repository\org\jetbrains\kotlin\kotlin-stdlib-common\1.6.0\kotlin-stdlib-common-1.6.0.jar;C:\Users\DheyClaveria\.m2\repository\net\serenity-bdd\serenity-core\3.2.0\serenity-core-3.2.0.jar;C:\Users\DheyClaveria\.m2\repository\net\serenity-bdd\serenity-reports\3.2.0\serenity-reports-3.2.0.jar;C:\Users\DheyClaveria\.m2\repository\net\serenity-bdd\serenity-stats\3.2.0\serenity-stats-3.2.0.jar;C:\Users\DheyClaveria\.m2\repository\net\serenity-bdd\serenity-reports-configuration\3.2.0\serenity-reports-configuration-3.2.0.jar;C:\Users\DheyClaveria\.m2\repository\com\vladsch\flexmark\flexmark-all\0.34.30\flexmark-all-0.34.30.jar;C:\Users\DheyClaveria\.m2\repository\com\vladsch\flexmark\flexmark\0.34.30\flexmark-0.34.30.jar;C:\Users\DheyClaveria\.m2\repository\com\vladsch\flexmark\flexmark-ext-abbreviation\0.34.30\flexmark-ext-abbreviation-0.34.30.jar;C:\Users\DheyClaveria\.m2\repository\com\vladsch\flexmark\flexmark-ext-admonition\0.34.30\flexmark-ext-admonition-0.34.30.jar;C:\Users\DheyClaveria\.m2\repository\com\vladsch\flexmark\flexmark-ext-anchorlink\0.34.30\flexmark-ext-anchorlink-0.34.30.jar;C:\Users\DheyClaveria\.m2\repository\com\vladsch\flexmark\flexmark-ext-aside\0.34.30\flexmark-ext-aside-0.34.30.jar;C:\Users\DheyClaveria\.m2\repository\com\vladsch\flexmark\flexmark-ext-attributes\0.34.30\flexmark-ext-attributes-0.34.30.jar;C:\Users\DheyClaveria\.m2\repository\com\vladsch\flexmark\flexmark-ext-autolink\0.34.30\flexmark-ext-autolink-0.34.30.jar;C:\Users\DheyClaveria\.m2\repository\org\nibor\autolink\autolink\0.6.0\autolink-0.6.0.jar;C:\Users\DheyClaveria\.m2\repository\com\vladsch\flexmark\flexmark-ext-definition\0.34.30\flexmark-ext-definition-0.34.30.jar;C:\Users\DheyClaveria\.m2\repository\com\vladsch\flexmark\flexmark-ext-emoji\0.34.30\flexmark-ext-emoji-0.34.30.jar;C:\Users\DheyClaveria\.m2\repository\com\vladsch\flexmark\flexmark-ext-enumerated-reference\0.34.30\flexmark-ext-enumerated-reference-0.34.30.jar;C:\Users\DheyClaveria\.m2\repository\com\vladsch\flexmark\flexmark-ext-escaped-character\0.34.30\flexmark-ext-escaped-character-0.34.30.jar;C:\Users\DheyClaveria\.m2\repository\com\vladsch\flexmark\flexmark-ext-footnotes\0.34.30\flexmark-ext-footnotes-0.34.30.jar;C:\Users\DheyClaveria\.m2\repository\com\vladsch\flexmark\flexmark-ext-gfm-issues\0.34.30\flexmark-ext-gfm-issues-0.34.30.jar;C:\Users\DheyClaveria\.m2\repository\com\vladsch\flexmark\flexmark-ext-gfm-strikethrough\0.34.30\flexmark-ext-gfm-strikethrough-0.34.30.jar;C:\Users\DheyClaveria\.m2\repository\com\vladsch\flexmark\flexmark-ext-gfm-tables\0.34.30\flexmark-ext-gfm-tables-0.34.30.jar;C:\Users\DheyClaveria\.m2\repository\com\vladsch\flexmark\flexmark-ext-gfm-tasklist\0.34.30\flexmark-ext-gfm-tasklist-0.34.30.jar;C:\Users\DheyClaveria\.m2\repository\com\vladsch\flexmark\flexmark-ext-gfm-users\0.34.30\flexmark-ext-gfm-users-0.34.30.jar;C:\Users\DheyClaveria\.m2\repository\com\vladsch\flexmark\flexmark-ext-gitlab\0.34.30\flexmark-ext-gitlab-0.34.30.jar;C:\Users\DheyClaveria\.m2\repository\com\vladsch\flexmark\flexmark-ext-jekyll-front-matter\0.34.30\flexmark-ext-jekyll-front-matter-0.34.30.jar;C:\Users\DheyClaveria\.m2\repository\com\vladsch\flexmark\flexmark-ext-jekyll-tag\0.34.30\flexmark-ext-jekyll-tag-0.34.30.jar;C:\Users\DheyClaveria\.m2\repository\com\vladsch\flexmark\flexmark-ext-media-tags\0.34.30\flexmark-ext-media-tags-0.34.30.jar;C:\Users\DheyClaveria\.m2\repository\com\vladsch\flexmark\flexmark-test-util\0.34.30\flexmark-test-util-0.34.30.jar;C:\Users\DheyClaveria\.m2\repository\com\vladsch\flexmark\flexmark-ext-ins\0.34.30\flexmark-ext-ins-0.34.30.jar;C:\Users\DheyClaveria\.m2\repository\com\vladsch\flexmark\flexmark-ext-xwiki-macros\0.34.30\flexmark-ext-xwiki-macros-0.34.30.jar;C:\Users\DheyClaveria\.m2\repository\com\vladsch\flexmark\flexmark-ext-superscript\0.34.30\flexmark-ext-superscript-0.34.30.jar;C:\Users\DheyClaveria\.m2\repository\com\vladsch\flexmark\flexmark-ext-tables\0.34.30\flexmark-ext-tables-0.34.30.jar;C:\Users\DheyClaveria\.m2\repository\com\vladsch\flexmark\flexmark-ext-toc\0.34.30\flexmark-ext-toc-0.34.30.jar;C:\Users\DheyClaveria\.m2\repository\com\vladsch\flexmark\flexmark-ext-typographic\0.34.30\flexmark-ext-typographic-0.34.30.jar;C:\Users\DheyClaveria\.m2\repository\com\vladsch\flexmark\flexmark-ext-wikilink\0.34.30\flexmark-ext-wikilink-0.34.30.jar;C:\Users\DheyClaveria\.m2\repository\com\vladsch\flexmark\flexmark-ext-yaml-front-matter\0.34.30\flexmark-ext-yaml-front-matter-0.34.30.jar;C:\Users\DheyClaveria\.m2\repository\com\vladsch\flexmark\flexmark-ext-youtube-embedded\0.34.30\flexmark-ext-youtube-embedded-0.34.30.jar;C:\Users\DheyClaveria\.m2\repository\com\vladsch\flexmark\flexmark-formatter\0.34.30\flexmark-formatter-0.34.30.jar;C:\Users\DheyClaveria\.m2\repository\com\vladsch\flexmark\flexmark-html-parser\0.34.30\flexmark-html-parser-0.34.30.jar;C:\Users\DheyClaveria\.m2\repository\com\vladsch\flexmark\flexmark-jira-converter\0.34.30\flexmark-jira-converter-0.34.30.jar;C:\Users\DheyClaveria\.m2\repository\com\vladsch\flexmark\flexmark-pdf-converter\0.34.30\flexmark-pdf-converter-0.34.30.jar;C:\Users\DheyClaveria\.m2\repository\com\openhtmltopdf\openhtmltopdf-core\0.0.1-RC13\openhtmltopdf-core-0.0.1-RC13.jar;C:\Users\DheyClaveria\.m2\repository\com\openhtmltopdf\openhtmltopdf-pdfbox\0.0.1-RC13\openhtmltopdf-pdfbox-0.0.1-RC13.jar;C:\Users\DheyClaveria\.m2\repository\org\apache\pdfbox\xmpbox\2.0.8\xmpbox-2.0.8.jar;C:\Users\DheyClaveria\.m2\repository\com\openhtmltopdf\openhtmltopdf-rtl-support\0.0.1-RC13\openhtmltopdf-rtl-support-0.0.1-RC13.jar;C:\Users\DheyClaveria\.m2\repository\com\ibm\icu\icu4j\59.1\icu4j-59.1.jar;C:\Users\DheyClaveria\.m2\repository\com\openhtmltopdf\openhtmltopdf-jsoup-dom-converter\0.0.1-RC13\openhtmltopdf-jsoup-dom-converter-0.0.1-RC13.jar;C:\Users\DheyClaveria\.m2\repository\com\vladsch\flexmark\flexmark-profile-pegdown\0.34.30\flexmark-profile-pegdown-0.34.30.jar;C:\Users\DheyClaveria\.m2\repository\com\vladsch\flexmark\flexmark-util\0.34.30\flexmark-util-0.34.30.jar;C:\Users\DheyClaveria\.m2\repository\com\vladsch\flexmark\flexmark-youtrack-converter\0.34.30\flexmark-youtrack-converter-0.34.30.jar;C:\Users\DheyClaveria\.m2\repository\es\nitaur\markdown\txtmark\0.16\txtmark-0.16.jar;C:\Users\DheyClaveria\.m2\repository\net\serenity-bdd\serenity-report-resources\3.2.0\serenity-report-resources-3.2.0.jar;C:\Users\DheyClaveria\.m2\repository\com\google\code\gson\gson\2.8.9\gson-2.8.9.jar;C:\Users\DheyClaveria\.m2\repository\com\fasterxml\jackson\core\jackson-core\2.12.4\jackson-core-2.12.4.jar;C:\Users\DheyClaveria\.m2\repository\com\fasterxml\jackson\core\jackson-databind\2.12.4\jackson-databind-2.12.4.jar;C:\Users\DheyClaveria\.m2\repository\com\fasterxml\jackson\core\jackson-annotations\2.12.4\jackson-annotations-2.12.4.jar;C:\Users\DheyClaveria\.m2\repository\commons-codec\commons-codec\1.15\commons-codec-1.15.jar;C:\Users\DheyClaveria\.m2\repository\commons-io\commons-io\2.8.0\commons-io-2.8.0.jar;C:\Users\DheyClaveria\.m2\repository\org\seleniumhq\selenium\selenium-api\4.1.2\selenium-api-4.1.2.jar;C:\Users\DheyClaveria\.m2\repository\org\seleniumhq\selenium\selenium-support\4.1.2\selenium-support-4.1.2.jar;C:\Users\DheyClaveria\.m2\repository\org\seleniumhq\selenium\selenium-firefox-driver\4.1.2\selenium-firefox-driver-4.1.2.jar;C:\Users\DheyClaveria\.m2\repository\org\seleniumhq\selenium\selenium-edge-driver\4.1.2\selenium-edge-driver-4.1.2.jar;C:\Users\DheyClaveria\.m2\repository\org\seleniumhq\selenium\selenium-ie-driver\4.1.2\selenium-ie-driver-4.1.2.jar;C:\Users\DheyClaveria\.m2\repository\org\projectlombok\lombok\1.18.20\lombok-1.18.20.jar;C:\Users\DheyClaveria\.m2\repository\io\appium\java-client\8.0.0-beta2\java-client-8.0.0-beta2.jar;C:\Users\DheyClaveria\.m2\repository\commons-validator\commons-validator\1.7\commons-validator-1.7.jar;C:\Users\DheyClaveria\.m2\repository\commons-digester\commons-digester\2.1\commons-digester-2.1.jar;C:\Users\DheyClaveria\.m2\repository\org\aspectj\aspectjweaver\1.9.7\aspectjweaver-1.9.7.jar;C:\Users\DheyClaveria\.m2\repository\net\sf\opencsv\opencsv\2.0\opencsv-2.0.jar;C:\Users\DheyClaveria\.m2\repository\commons-beanutils\commons-beanutils\1.9.4\commons-beanutils-1.9.4.jar;C:\Users\DheyClaveria\.m2\repository\commons-collections\commons-collections\3.2.2\commons-collections-3.2.2.jar;C:\Users\DheyClaveria\.m2\repository\org\fluentlenium\fluentlenium-core\0.10.2\fluentlenium-core-0.10.2.jar;C:\Users\DheyClaveria\.m2\repository\com\jhlabs\filters\2.0.235\filters-2.0.235.jar;C:\Users\DheyClaveria\.m2\repository\com\paulhammant\ngwebdriver\1.1.5\ngwebdriver-1.1.5.jar;C:\Users\DheyClaveria\.m2\repository\joda-time\joda-time\2.8.2\joda-time-2.8.2.jar;C:\Users\DheyClaveria\.m2\repository\com\google\jimfs\jimfs\1.1\jimfs-1.1.jar;C:\Users\DheyClaveria\.m2\repository\org\mockito\mockito-core\3.3.3\mockito-core-3.3.3.jar;C:\Users\DheyClaveria\.m2\repository\javax\xml\bind\jaxb-api\2.3.1\jaxb-api-2.3.1.jar;C:\Users\DheyClaveria\.m2\repository\javax\activation\javax.activation-api\1.2.0\javax.activation-api-1.2.0.jar;C:\Users\DheyClaveria\.m2\repository\com\sun\xml\bind\jaxb-core\2.3.0.1\jaxb-core-2.3.0.1.jar;C:\Users\DheyClaveria\.m2\repository\javax\activation\activation\1.1.1\activation-1.1.1.jar;C:\Users\DheyClaveria\.m2\repository\net\serenity-bdd\serenity-junit\3.2.0\serenity-junit-3.2.0.jar;C:\Users\DheyClaveria\.m2\repository\net\serenity-bdd\serenity-cucumber\3.2.0\serenity-cucumber-3.2.0.jar;C:\Users\DheyClaveria\.m2\repository\org\apache\commons\commons-csv\1.5\commons-csv-1.5.jar;C:\Users\DheyClaveria\.m2\repository\net\serenity-bdd\serenity-rest-assured\3.2.0\serenity-rest-assured-3.2.0.jar;C:\Users\DheyClaveria\.m2\repository\org\opentest4j\opentest4j\1.2.0\opentest4j-1.2.0.jar;C:\Users\DheyClaveria\.m2\repository\io\cucumber\cucumber-java\7.2.3\cucumber-java-7.2.3.jar;C:\Users\DheyClaveria\.m2\repository\org\apiguardian\apiguardian-api\1.1.2\apiguardian-api-1.1.2.jar;C:\Users\DheyClaveria\.m2\repository\io\cucumber\cucumber-junit\7.2.3\cucumber-junit-7.2.3.jar;C:\Users\DheyClaveria\.m2\repository\io\cucumber\cucumber-core\7.2.3\cucumber-core-7.2.3.jar;C:\Users\DheyClaveria\.m2\repository\io\cucumber\cucumber-gherkin-messages\7.2.3\cucumber-gherkin-messages-7.2.3.jar;C:\Users\DheyClaveria\.m2\repository\io\cucumber\messages\17.1.1\messages-17.1.1.jar;C:\Users\DheyClaveria\.m2\repository\io\cucumber\tag-expressions\4.1.0\tag-expressions-4.1.0.jar;C:\Users\DheyClaveria\.m2\repository\io\cucumber\cucumber-expressions\15.0.1\cucumber-expressions-15.0.1.jar;C:\Users\DheyClaveria\.m2\repository\io\cucumber\datatable\7.2.3\datatable-7.2.3.jar;C:\Users\DheyClaveria\.m2\repository\io\cucumber\cucumber-plugin\7.2.3\cucumber-plugin-7.2.3.jar;C:\Users\DheyClaveria\.m2\repository\io\cucumber\docstring\7.2.3\docstring-7.2.3.jar;C:\Users\DheyClaveria\.m2\repository\io\cucumber\html-formatter\17.0.0\html-formatter-17.0.0.jar;C:\Users\DheyClaveria\.m2\repository\io\cucumber\ci-environment\8.1.0\ci-environment-8.1.0.jar;C:\Users\DheyClaveria\.m2\repository\io\cucumber\cucumber-junit-platform-engine\7.2.3\cucumber-junit-platform-engine-7.2.3.jar;C:\Users\DheyClaveria\.m2\repository\org\junit\platform\junit-platform-engine\1.8.2\junit-platform-engine-1.8.2.jar;C:\Users\DheyClaveria\.m2\repository\org\junit\platform\junit-platform-commons\1.8.2\junit-platform-commons-1.8.2.jar;C:\Users\DheyClaveria\.m2\repository\io\cucumber\cucumber-jvm-deps\1.0.6\cucumber-jvm-deps-1.0.6.jar;C:\Users\DheyClaveria\.m2\repository\net\masterthought\cucumber-reporting\5.7.0\cucumber-reporting-5.7.0.jar;C:\Users\DheyClaveria\.m2\repository\com\fasterxml\jackson\datatype\jackson-datatype-jsr310\2.13.0\jackson-datatype-jsr310-2.13.0.jar;C:\Users\DheyClaveria\.m2\repository\org\apache\velocity\velocity-engine-core\2.3\velocity-engine-core-2.3.jar;C:\Users\DheyClaveria\.m2\repository\org\codehaus\plexus\plexus-utils\3.3.0\plexus-utils-3.3.0.jar;C:\Users\DheyClaveria\.m2\repository\org\jsoup\jsoup\1.14.2\jsoup-1.14.2.jar;C:\Users\DheyClaveria\.m2\repository\com\google\guava\guava\30.1.1-jre\guava-30.1.1-jre.jar;C:\Users\DheyClaveria\.m2\repository\com\google\guava\failureaccess\1.0.1\failureaccess-1.0.1.jar;C:\Users\DheyClaveria\.m2\repository\com\google\guava\listenablefuture\9999.0-empty-to-avoid-conflict-with-guava\listenablefuture-9999.0-empty-to-avoid-conflict-with-guava.jar;C:\Users\DheyClaveria\.m2\repository\com\google\code\findbugs\jsr305\3.0.2\jsr305-3.0.2.jar;C:\Users\DheyClaveria\.m2\repository\org\checkerframework\checker-qual\3.8.0\checker-qual-3.8.0.jar;C:\Users\DheyClaveria\.m2\repository\com\google\errorprone\error_prone_annotations\2.5.1\error_prone_annotations-2.5.1.jar;C:\Users\DheyClaveria\.m2\repository\com\google\j2objc\j2objc-annotations\1.3\j2objc-annotations-1.3.jar;C:\Users\DheyClaveria\.m2\repository\com\googlecode\owasp-java-html-sanitizer\owasp-java-html-sanitizer\20211018.2\owasp-java-html-sanitizer-20211018.2.jar;C:\Users\DheyClaveria\.m2\repository\commons-configuration\commons-configuration\1.10\commons-configuration-1.10.jar;C:\Users\DheyClaveria\.m2\repository\commons-lang\commons-lang\2.6\commons-lang-2.6.jar;C:\Users\DheyClaveria\.m2\repository\io\cucumber\cucumber-html\0.2.7\cucumber-html-0.2.7.jar;C:\Users\DheyClaveria\.m2\repository\io\cucumber\cucumber-gherkin\7.2.3\cucumber-gherkin-7.2.3.jar;C:\Users\DheyClaveria\.m2\repository\junit\junit\4.13.1\junit-4.13.1.jar;C:\Users\DheyClaveria\.m2\repository\org\hamcrest\hamcrest-core\1.3\hamcrest-core-1.3.jar;C:\Users\DheyClaveria\.m2\repository\org\junit\platform\junit-platform-suite\1.8.2\junit-platform-suite-1.8.2.jar;C:\Users\DheyClaveria\.m2\repository\org\junit\platform\junit-platform-suite-api\1.8.2\junit-platform-suite-api-1.8.2.jar;C:\Users\DheyClaveria\.m2\repository\org\junit\platform\junit-platform-suite-engine\1.8.2\junit-platform-suite-engine-1.8.2.jar;C:\Users\DheyClaveria\.m2\repository\org\junit\platform\junit-platform-suite-commons\1.8.2\junit-platform-suite-commons-1.8.2.jar;C:\Users\DheyClaveria\.m2\repository\org\junit\platform\junit-platform-launcher\1.8.2\junit-platform-launcher-1.8.2.jar;C:\Users\DheyClaveria\.m2\repository\org\junit\jupiter\junit-jupiter\5.8.2\junit-jupiter-5.8.2.jar;C:\Users\DheyClaveria\.m2\repository\org\junit\jupiter\junit-jupiter-api\5.8.2\junit-jupiter-api-5.8.2.jar;C:\Users\DheyClaveria\.m2\repository\org\junit\jupiter\junit-jupiter-params\5.8.2\junit-jupiter-params-5.8.2.jar;C:\Users\DheyClaveria\.m2\repository\org\junit\jupiter\junit-jupiter-engine\5.8.2\junit-jupiter-engine-5.8.2.jar;C:\Users\DheyClaveria\.m2\repository\org\junit\vintage\junit-vintage-engine\5.8.2\junit-vintage-engine-5.8.2.jar;C:\Users\DheyClaveria\.m2\repository\info\cukes\cucumber-java\1.2.5\cucumber-java-1.2.5.jar;C:\Users\DheyClaveria\.m2\repository\info\cukes\cucumber-core\1.2.5\cucumber-core-1.2.5.jar;C:\Users\DheyClaveria\.m2\repository\info\cukes\cucumber-html\0.2.3\cucumber-html-0.2.3.jar;C:\Users\DheyClaveria\.m2\repository\info\cukes\cucumber-jvm-deps\1.0.5\cucumber-jvm-deps-1.0.5.jar;C:\Users\DheyClaveria\.m2\repository\info\cukes\gherkin\2.12.2\gherkin-2.12.2.jar;C:\Users\DheyClaveria\.m2\repository\info\cukes\cucumber-junit\1.2.5\cucumber-junit-1.2.5.jar;C:\Users\DheyClaveria\.m2\repository\org\seleniumhq\selenium\selenium-java\4.1.1\selenium-java-4.1.1.jar;C:\Users\DheyClaveria\.m2\repository\org\seleniumhq\selenium\selenium-devtools-v85\4.1.1\selenium-devtools-v85-4.1.1.jar;C:\Users\DheyClaveria\.m2\repository\org\seleniumhq\selenium\selenium-devtools-v94\4.1.1\selenium-devtools-v94-4.1.1.jar;C:\Users\DheyClaveria\.m2\repository\org\seleniumhq\selenium\selenium-devtools-v95\4.1.1\selenium-devtools-v95-4.1.1.jar;C:\Users\DheyClaveria\.m2\repository\org\seleniumhq\selenium\selenium-devtools-v96\4.1.1\selenium-devtools-v96-4.1.1.jar;C:\Users\DheyClaveria\.m2\repository\org\seleniumhq\selenium\selenium-firefox-xpi-driver\4.1.1\selenium-firefox-xpi-driver-4.1.1.jar;C:\Users\DheyClaveria\.m2\repository\org\seleniumhq\selenium\selenium-opera-driver\4.1.1\selenium-opera-driver-4.1.1.jar;C:\Users\DheyClaveria\.m2\repository\org\seleniumhq\selenium\selenium-remote-driver\4.1.1\selenium-remote-driver-4.1.1.jar;C:\Users\DheyClaveria\.m2\repository\io\netty\netty-buffer\4.1.70.Final\netty-buffer-4.1.70.Final.jar;C:\Users\DheyClaveria\.m2\repository\io\netty\netty-codec-http\4.1.70.Final\netty-codec-http-4.1.70.Final.jar;C:\Users\DheyClaveria\.m2\repository\io\netty\netty-codec\4.1.70.Final\netty-codec-4.1.70.Final.jar;C:\Users\DheyClaveria\.m2\repository\io\netty\netty-handler\4.1.70.Final\netty-handler-4.1.70.Final.jar;C:\Users\DheyClaveria\.m2\repository\io\netty\netty-common\4.1.70.Final\netty-common-4.1.70.Final.jar;C:\Users\DheyClaveria\.m2\repository\io\netty\netty-transport-classes-epoll\4.1.70.Final\netty-transport-classes-epoll-4.1.70.Final.jar;C:\Users\DheyClaveria\.m2\repository\io\netty\netty-transport-classes-kqueue\4.1.70.Final\netty-transport-classes-kqueue-4.1.70.Final.jar;C:\Users\DheyClaveria\.m2\repository\io\netty\netty-transport-native-unix-common\4.1.70.Final\netty-transport-native-unix-common-4.1.70.Final.jar;C:\Users\DheyClaveria\.m2\repository\io\netty\netty-transport\4.1.70.Final\netty-transport-4.1.70.Final.jar;C:\Users\DheyClaveria\.m2\repository\io\netty\netty-resolver\4.1.70.Final\netty-resolver-4.1.70.Final.jar;C:\Users\DheyClaveria\.m2\repository\io\opentelemetry\opentelemetry-api\1.9.1\opentelemetry-api-1.9.1.jar;C:\Users\DheyClaveria\.m2\repository\io\opentelemetry\opentelemetry-context\1.9.1\opentelemetry-context-1.9.1.jar;C:\Users\DheyClaveria\.m2\repository\io\opentelemetry\opentelemetry-exporter-logging\1.9.1\opentelemetry-exporter-logging-1.9.1.jar;C:\Users\DheyClaveria\.m2\repository\io\opentelemetry\opentelemetry-sdk-metrics\1.9.1-alpha\opentelemetry-sdk-metrics-1.9.1-alpha.jar;C:\Users\DheyClaveria\.m2\repository\io\opentelemetry\opentelemetry-sdk-logs\1.9.1-alpha\opentelemetry-sdk-logs-1.9.1-alpha.jar;C:\Users\DheyClaveria\.m2\repository\io\opentelemetry\opentelemetry-sdk-common\1.9.1\opentelemetry-sdk-common-1.9.1.jar;C:\Users\DheyClaveria\.m2\repository\io\opentelemetry\opentelemetry-sdk-extension-autoconfigure-spi\1.9.1\opentelemetry-sdk-extension-autoconfigure-spi-1.9.1.jar;C:\Users\DheyClaveria\.m2\repository\io\opentelemetry\opentelemetry-sdk-extension-autoconfigure\1.9.1-alpha\opentelemetry-sdk-extension-autoconfigure-1.9.1-alpha.jar;C:\Users\DheyClaveria\.m2\repository\io\opentelemetry\opentelemetry-sdk-trace\1.9.1\opentelemetry-sdk-trace-1.9.1.jar;C:\Users\DheyClaveria\.m2\repository\io\opentelemetry\opentelemetry-api-metrics\1.9.1-alpha\opentelemetry-api-metrics-1.9.1-alpha.jar;C:\Users\DheyClaveria\.m2\repository\io\opentelemetry\opentelemetry-sdk\1.9.1\opentelemetry-sdk-1.9.1.jar;C:\Users\DheyClaveria\.m2\repository\io\opentelemetry\opentelemetry-semconv\1.9.1-alpha\opentelemetry-semconv-1.9.1-alpha.jar;C:\Users\DheyClaveria\.m2\repository\io\ous\jtoml\2.0.0\jtoml-2.0.0.jar;C:\Users\DheyClaveria\.m2\repository\org\apache\commons\commons-exec\1.3\commons-exec-1.3.jar;C:\Users\DheyClaveria\.m2\repository\org\asynchttpclient\async-http-client\2.12.3\async-http-client-2.12.3.jar;C:\Users\DheyClaveria\.m2\repository\org\asynchttpclient\async-http-client-netty-utils\2.12.3\async-http-client-netty-utils-2.12.3.jar;C:\Users\DheyClaveria\.m2\repository\io\netty\netty-codec-socks\4.1.60.Final\netty-codec-socks-4.1.60.Final.jar;C:\Users\DheyClaveria\.m2\repository\io\netty\netty-handler-proxy\4.1.60.Final\netty-handler-proxy-4.1.60.Final.jar;C:\Users\DheyClaveria\.m2\repository\io\netty\netty-transport-native-epoll\4.1.60.Final\netty-transport-native-epoll-4.1.60.Final-linux-x86_64.jar;C:\Users\DheyClaveria\.m2\repository\io\netty\netty-transport-native-kqueue\4.1.60.Final\netty-transport-native-kqueue-4.1.60.Final-osx-x86_64.jar;C:\Users\DheyClaveria\.m2\repository\org\reactivestreams\reactive-streams\1.0.3\reactive-streams-1.0.3.jar;C:\Users\DheyClaveria\.m2\repository\com\typesafe\netty\netty-reactive-streams\2.0.4\netty-reactive-streams-2.0.4.jar;C:\Users\DheyClaveria\.m2\repository\com\sun\activation\jakarta.activation\1.2.2\jakarta.activation-1.2.2.jar;C:\Users\DheyClaveria\.m2\repository\org\seleniumhq\selenium\selenium-http\4.1.1\selenium-http-4.1.1.jar;C:\Users\DheyClaveria\.m2\repository\net\jodah\failsafe\2.4.4\failsafe-2.4.4.jar;C:\Users\DheyClaveria\.m2\repository\org\seleniumhq\selenium\selenium-safari-driver\4.1.1\selenium-safari-driver-4.1.1.jar;C:\Users\DheyClaveria\.m2\repository\org\seleniumhq\selenium\selenium-chrome-driver\4.1.1\selenium-chrome-driver-4.1.1.jar;C:\Users\DheyClaveria\.m2\repository\com\google\auto\service\auto-service-annotations\1.0.1\auto-service-annotations-1.0.1.jar;C:\Users\DheyClaveria\.m2\repository\com\google\auto\service\auto-service\1.0.1\auto-service-1.0.1.jar;C:\Users\DheyClaveria\.m2\repository\com\google\auto\auto-common\1.2\auto-common-1.2.jar;C:\Users\DheyClaveria\.m2\repository\org\seleniumhq\selenium\selenium-chromium-driver\4.1.1\selenium-chromium-driver-4.1.1.jar;C:\Users\DheyClaveria\.m2\repository\org\seleniumhq\selenium\selenium-json\4.1.1\selenium-json-4.1.1.jar;C:\Users\DheyClaveria\.m2\repository\io\github\bonigarcia\webdrivermanager\4.2.2\webdrivermanager-4.2.2.jar;C:\Users\DheyClaveria\.m2\repository\org\apache\httpcomponents\client5\httpclient5\5.0.1\httpclient5-5.0.1.jar;C:\Users\DheyClaveria\.m2\repository\org\apache\httpcomponents\core5\httpcore5\5.0.1\httpcore5-5.0.1.jar;C:\Users\DheyClaveria\.m2\repository\org\apache\httpcomponents\core5\httpcore5-h2\5.0.1\httpcore5-h2-5.0.1.jar;C:\Users\DheyClaveria\.m2\repository\org\rauschig\jarchivelib\1.1.0\jarchivelib-1.1.0.jar;C:\Users\DheyClaveria\.m2\repository\tech\grasshopper\extentreports-cucumber7-adapter\1.3.0\extentreports-cucumber7-adapter-1.3.0.jar;C:\Users\DheyClaveria\.m2\repository\com\aventstack\extentreports\5.0.9\extentreports-5.0.9.jar;C:\Users\DheyClaveria\.m2\repository\io\reactivex\rxjava3\rxjava\3.0.4\rxjava-3.0.4.jar;C:\Users\DheyClaveria\.m2\repository\tech\grasshopper\extent-pdf-report\2.1.0\extent-pdf-report-2.1.0.jar;C:\Users\DheyClaveria\.m2\repository\tech\grasshopper\cucumber-pdf-report\2.5.0\cucumber-pdf-report-2.5.0.jar;C:\Users\DheyClaveria\.m2\repository\org\knowm\xchart\xchart\3.8.0\xchart-3.8.0.jar;C:\Users\DheyClaveria\.m2\repository\de\erichseifert\vectorgraphics2d\VectorGraphics2D\0.13\VectorGraphics2D-0.13.jar;C:\Users\DheyClaveria\.m2\repository\de\rototor\pdfbox\graphics2d\0.30\graphics2d-0.30.jar;C:\Users\DheyClaveria\.m2\repository\com\madgag\animated-gif-lib\1.4\animated-gif-lib-1.4.jar;C:\Users\DheyClaveria\.m2\repository\org\yaml\snakeyaml\1.28\snakeyaml-1.28.jar;C:\Users\DheyClaveria\.m2\repository\tech\grasshopper\table-layout\1.4.0\table-layout-1.4.0.jar;C:\Users\DheyClaveria\.m2\repository\tech\grasshopper\rest-assured-cucumber-pdf-report\1.1.0\rest-assured-cucumber-pdf-report-1.1.0.jar;C:\Users\DheyClaveria\.m2\repository\com\aventstack\klov-reporter\5.0.9\klov-reporter-5.0.9.jar;C:\Users\DheyClaveria\.m2\repository\org\mongodb\mongodb-driver\3.6.4\mongodb-driver-3.6.4.jar;C:\Users\DheyClaveria\.m2\repository\org\mongodb\mongodb-driver-core\3.6.4\mongodb-driver-core-3.6.4.jar;C:\Users\DheyClaveria\.m2\repository\org\mongodb\bson\3.6.4\bson-3.6.4.jar;C:\Users\DheyClaveria\.m2\repository\tech\grasshopper\htmlextentreporter\1.0.0\htmlextentreporter-1.0.0.jar;C:\Users\DheyClaveria\.m2\repository\org\testng\testng\6.14.3\testng-6.14.3.jar;C:\Users\DheyClaveria\.m2\repository\com\beust\jcommander\1.72\jcommander-1.72.jar;C:\Users\DheyClaveria\.m2\repository\org\apache-extras\beanshell\bsh\2.0b6\bsh-2.0b6.jar;C:\Users\DheyClaveria\.m2\repository\io\cucumber\cucumber-testng\7.2.3\cucumber-testng-7.2.3.jar;C:\Users\DheyClaveria\.m2\repository\org\apache\poi\poi\5.2.1\poi-5.2.1.jar;C:\Users\DheyClaveria\.m2\repository\org\apache\commons\commons-collections4\4.4\commons-collections4-4.4.jar;C:\Users\DheyClaveria\.m2\repository\org\apache\commons\commons-math3\3.6.1\commons-math3-3.6.1.jar;C:\Users\DheyClaveria\.m2\repository\com\zaxxer\SparseBitSet\1.2\SparseBitSet-1.2.jar;C:\Users\DheyClaveria\.m2\repository\org\apache\logging\log4j\log4j-api\2.17.1\log4j-api-2.17.1.jar;C:\Users\DheyClaveria\.m2\repository\org\apache\poi\poi-ooxml\5.2.1\poi-ooxml-5.2.1.jar;C:\Users\DheyClaveria\.m2\repository\org\apache\poi\poi-ooxml-lite\5.2.1\poi-ooxml-lite-5.2.1.jar;C:\Users\DheyClaveria\.m2\repository\org\apache\xmlbeans\xmlbeans\5.0.3\xmlbeans-5.0.3.jar;C:\Users\DheyClaveria\.m2\repository\org\apache\commons\commons-compress\1.21\commons-compress-1.21.jar;C:\Users\DheyClaveria\.m2\repository\com\github\virtuald\curvesapi\1.07\curvesapi-1.07.jar;"/>
    <property name="java.vm.vendor" value="Oracle Corporation"/>
    <property name="sun.arch.data.model" value="64"/>
    <property name="user.variant" value=""/>
    <property name="java.vendor.url" value="https://java.oracle.com/"/>
    <property name="user.timezone" value="Asia/Shanghai"/>
    <property name="os.name" value="Windows 10"/>
    <property name="java.vm.specification.version" value="15"/>
    <property name="sun.java.launcher" value="SUN_STANDARD"/>
    <property name="user.country" value="US"/>
    <property name="sun.boot.library.path" value="C:\Program Files\Java\jdk-15.0.1\bin"/>
    <property name="sun.java.command" value="C:\Users\DheyClaveria\AppData\Local\Temp\surefire4053159683657857439\surefirebooter16134190566505033337.jar C:\Users\DheyClaveria\AppData\Local\Temp\surefire4053159683657857439 2022-03-29T08-34-11_037-jvmRun1 surefire9366505587600832176tmp surefire_02371654867335550894tmp"/>
    <property name="jdk.debug" value="release"/>
    <property name="surefire.test.class.path" value="Z:\Automation\JavaCucumber\BDD_HCL\CucumberHCL\target\test-classes;Z:\Automation\JavaCucumber\BDD_HCL\CucumberHCL\target\classes;C:\Users\DheyClaveria\.m2\repository\com\github\ralfstuckert\pdfbox-layout\pdfbox2-layout\1.0.1\pdfbox2-layout-1.0.1.jar;C:\Users\DheyClaveria\.m2\repository\org\apache\pdfbox\pdfbox\2.0.4\pdfbox-2.0.4.jar;C:\Users\DheyClaveria\.m2\repository\org\apache\pdfbox\fontbox\2.0.4\fontbox-2.0.4.jar;C:\Users\DheyClaveria\.m2\repository\commons-logging\commons-logging\1.2\commons-logging-1.2.jar;C:\Users\DheyClaveria\.m2\repository\io\rest-assured\rest-assured\4.5.1\rest-assured-4.5.1.jar;C:\Users\DheyClaveria\.m2\repository\org\codehaus\groovy\groovy\3.0.9\groovy-3.0.9.jar;C:\Users\DheyClaveria\.m2\repository\org\codehaus\groovy\groovy-xml\3.0.9\groovy-xml-3.0.9.jar;C:\Users\DheyClaveria\.m2\repository\org\apache\httpcomponents\httpclient\4.5.13\httpclient-4.5.13.jar;C:\Users\DheyClaveria\.m2\repository\org\apache\httpcomponents\httpcore\4.4.13\httpcore-4.4.13.jar;C:\Users\DheyClaveria\.m2\repository\org\apache\httpcomponents\httpmime\4.5.13\httpmime-4.5.13.jar;C:\Users\DheyClaveria\.m2\repository\org\hamcrest\hamcrest\2.1\hamcrest-2.1.jar;C:\Users\DheyClaveria\.m2\repository\org\ccil\cowan\tagsoup\tagsoup\1.2.1\tagsoup-1.2.1.jar;C:\Users\DheyClaveria\.m2\repository\io\rest-assured\json-path\4.5.1\json-path-4.5.1.jar;C:\Users\DheyClaveria\.m2\repository\io\rest-assured\rest-assured-common\4.5.1\rest-assured-common-4.5.1.jar;C:\Users\DheyClaveria\.m2\repository\io\rest-assured\xml-path\4.5.1\xml-path-4.5.1.jar;C:\Users\DheyClaveria\.m2\repository\io\rest-assured\rest-assured-all\4.3.2\rest-assured-all-4.3.2.jar;C:\Users\DheyClaveria\.m2\repository\org\apache\commons\commons-lang3\3.11\commons-lang3-3.11.jar;C:\Users\DheyClaveria\.m2\repository\jakarta\xml\bind\jakarta.xml.bind-api\2.3.3\jakarta.xml.bind-api-2.3.3.jar;C:\Users\DheyClaveria\.m2\repository\jakarta\activation\jakarta.activation-api\1.2.2\jakarta.activation-api-1.2.2.jar;C:\Users\DheyClaveria\.m2\repository\com\sun\xml\bind\jaxb-impl\2.3.3\jaxb-impl-2.3.3.jar;C:\Users\DheyClaveria\.m2\repository\org\codehaus\groovy\groovy-json\3.0.6\groovy-json-3.0.6.jar;C:\Users\DheyClaveria\.m2\repository\log4j\log4j\1.2.17\log4j-1.2.17.jar;C:\Users\DheyClaveria\.m2\repository\ch\qos\logback\logback-classic\1.1.3\logback-classic-1.1.3.jar;C:\Users\DheyClaveria\.m2\repository\ch\qos\logback\logback-core\1.1.3\logback-core-1.1.3.jar;C:\Users\DheyClaveria\.m2\repository\org\slf4j\slf4j-api\1.7.36\slf4j-api-1.7.36.jar;C:\Users\DheyClaveria\.m2\repository\org\slf4j\slf4j-reload4j\1.7.36\slf4j-reload4j-1.7.36.jar;C:\Users\DheyClaveria\.m2\repository\ch\qos\reload4j\reload4j\1.2.19\reload4j-1.2.19.jar;C:\Users\DheyClaveria\.m2\repository\org\json\json\20210307\json-20210307.jar;C:\Users\DheyClaveria\.m2\repository\com\ea\async\ea-async\1.2.3\ea-async-1.2.3.jar;C:\Users\DheyClaveria\.m2\repository\net\serenity-bdd\serenity-assertions\3.2.0\serenity-assertions-3.2.0.jar;C:\Users\DheyClaveria\.m2\repository\net\serenity-bdd\serenity-screenplay\3.2.0\serenity-screenplay-3.2.0.jar;C:\Users\DheyClaveria\.m2\repository\org\assertj\assertj-core\3.21.0\assertj-core-3.21.0.jar;C:\Users\DheyClaveria\.m2\repository\net\serenity-bdd\serenity-ensure\3.2.0\serenity-ensure-3.2.0.jar;C:\Users\DheyClaveria\.m2\repository\net\serenity-bdd\serenity-model\3.2.0\serenity-model-3.2.0.jar;C:\Users\DheyClaveria\.m2\repository\org\apache\commons\commons-text\1.9\commons-text-1.9.jar;C:\Users\DheyClaveria\.m2\repository\commons-net\commons-net\3.6\commons-net-3.6.jar;C:\Users\DheyClaveria\.m2\repository\com\google\inject\guice\5.0.1\guice-5.0.1.jar;C:\Users\DheyClaveria\.m2\repository\javax\inject\javax.inject\1\javax.inject-1.jar;C:\Users\DheyClaveria\.m2\repository\aopalliance\aopalliance\1.0\aopalliance-1.0.jar;C:\Users\DheyClaveria\.m2\repository\com\thoughtworks\xstream\xstream\1.4.19\xstream-1.4.19.jar;C:\Users\DheyClaveria\.m2\repository\io\github\x-stream\mxparser\1.2.2\mxparser-1.2.2.jar;C:\Users\DheyClaveria\.m2\repository\xmlpull\xmlpull\1.1.3.1\xmlpull-1.1.3.1.jar;C:\Users\DheyClaveria\.m2\repository\com\typesafe\config\1.3.1\config-1.3.1.jar;C:\Users\DheyClaveria\.m2\repository\org\imgscalr\imgscalr-lib\4.2\imgscalr-lib-4.2.jar;C:\Users\DheyClaveria\.m2\repository\org\awaitility\awaitility\4.1.0\awaitility-4.1.0.jar;C:\Users\DheyClaveria\.m2\repository\org\freemarker\freemarker\2.3.31\freemarker-2.3.31.jar;C:\Users\DheyClaveria\.m2\repository\io\github\classgraph\classgraph\4.8.138\classgraph-4.8.138.jar;C:\Users\DheyClaveria\.m2\repository\net\sourceforge\jexcelapi\jxl\2.6.12\jxl-2.6.12.jar;C:\Users\DheyClaveria\.m2\repository\net\bytebuddy\byte-buddy\1.12.3\byte-buddy-1.12.3.jar;C:\Users\DheyClaveria\.m2\repository\net\bytebuddy\byte-buddy-agent\1.12.3\byte-buddy-agent-1.12.3.jar;C:\Users\DheyClaveria\.m2\repository\org\objenesis\objenesis\3.1\objenesis-3.1.jar;C:\Users\DheyClaveria\.m2\repository\net\serenity-bdd\serenity-screenplay-webdriver\3.2.0\serenity-screenplay-webdriver-3.2.0.jar;C:\Users\DheyClaveria\.m2\repository\org\jetbrains\kotlin\kotlin-stdlib\1.6.0\kotlin-stdlib-1.6.0.jar;C:\Users\DheyClaveria\.m2\repository\org\jetbrains\annotations\13.0\annotations-13.0.jar;C:\Users\DheyClaveria\.m2\repository\org\jetbrains\kotlin\kotlin-stdlib-common\1.6.0\kotlin-stdlib-common-1.6.0.jar;C:\Users\DheyClaveria\.m2\repository\net\serenity-bdd\serenity-core\3.2.0\serenity-core-3.2.0.jar;C:\Users\DheyClaveria\.m2\repository\net\serenity-bdd\serenity-reports\3.2.0\serenity-reports-3.2.0.jar;C:\Users\DheyClaveria\.m2\repository\net\serenity-bdd\serenity-stats\3.2.0\serenity-stats-3.2.0.jar;C:\Users\DheyClaveria\.m2\repository\net\serenity-bdd\serenity-reports-configuration\3.2.0\serenity-reports-configuration-3.2.0.jar;C:\Users\DheyClaveria\.m2\repository\com\vladsch\flexmark\flexmark-all\0.34.30\flexmark-all-0.34.30.jar;C:\Users\DheyClaveria\.m2\repository\com\vladsch\flexmark\flexmark\0.34.30\flexmark-0.34.30.jar;C:\Users\DheyClaveria\.m2\repository\com\vladsch\flexmark\flexmark-ext-abbreviation\0.34.30\flexmark-ext-abbreviation-0.34.30.jar;C:\Users\DheyClaveria\.m2\repository\com\vladsch\flexmark\flexmark-ext-admonition\0.34.30\flexmark-ext-admonition-0.34.30.jar;C:\Users\DheyClaveria\.m2\repository\com\vladsch\flexmark\flexmark-ext-anchorlink\0.34.30\flexmark-ext-anchorlink-0.34.30.jar;C:\Users\DheyClaveria\.m2\repository\com\vladsch\flexmark\flexmark-ext-aside\0.34.30\flexmark-ext-aside-0.34.30.jar;C:\Users\DheyClaveria\.m2\repository\com\vladsch\flexmark\flexmark-ext-attributes\0.34.30\flexmark-ext-attributes-0.34.30.jar;C:\Users\DheyClaveria\.m2\repository\com\vladsch\flexmark\flexmark-ext-autolink\0.34.30\flexmark-ext-autolink-0.34.30.jar;C:\Users\DheyClaveria\.m2\repository\org\nibor\autolink\autolink\0.6.0\autolink-0.6.0.jar;C:\Users\DheyClaveria\.m2\repository\com\vladsch\flexmark\flexmark-ext-definition\0.34.30\flexmark-ext-definition-0.34.30.jar;C:\Users\DheyClaveria\.m2\repository\com\vladsch\flexmark\flexmark-ext-emoji\0.34.30\flexmark-ext-emoji-0.34.30.jar;C:\Users\DheyClaveria\.m2\repository\com\vladsch\flexmark\flexmark-ext-enumerated-reference\0.34.30\flexmark-ext-enumerated-reference-0.34.30.jar;C:\Users\DheyClaveria\.m2\repository\com\vladsch\flexmark\flexmark-ext-escaped-character\0.34.30\flexmark-ext-escaped-character-0.34.30.jar;C:\Users\DheyClaveria\.m2\repository\com\vladsch\flexmark\flexmark-ext-footnotes\0.34.30\flexmark-ext-footnotes-0.34.30.jar;C:\Users\DheyClaveria\.m2\repository\com\vladsch\flexmark\flexmark-ext-gfm-issues\0.34.30\flexmark-ext-gfm-issues-0.34.30.jar;C:\Users\DheyClaveria\.m2\repository\com\vladsch\flexmark\flexmark-ext-gfm-strikethrough\0.34.30\flexmark-ext-gfm-strikethrough-0.34.30.jar;C:\Users\DheyClaveria\.m2\repository\com\vladsch\flexmark\flexmark-ext-gfm-tables\0.34.30\flexmark-ext-gfm-tables-0.34.30.jar;C:\Users\DheyClaveria\.m2\repository\com\vladsch\flexmark\flexmark-ext-gfm-tasklist\0.34.30\flexmark-ext-gfm-tasklist-0.34.30.jar;C:\Users\DheyClaveria\.m2\repository\com\vladsch\flexmark\flexmark-ext-gfm-users\0.34.30\flexmark-ext-gfm-users-0.34.30.jar;C:\Users\DheyClaveria\.m2\repository\com\vladsch\flexmark\flexmark-ext-gitlab\0.34.30\flexmark-ext-gitlab-0.34.30.jar;C:\Users\DheyClaveria\.m2\repository\com\vladsch\flexmark\flexmark-ext-jekyll-front-matter\0.34.30\flexmark-ext-jekyll-front-matter-0.34.30.jar;C:\Users\DheyClaveria\.m2\repository\com\vladsch\flexmark\flexmark-ext-jekyll-tag\0.34.30\flexmark-ext-jekyll-tag-0.34.30.jar;C:\Users\DheyClaveria\.m2\repository\com\vladsch\flexmark\flexmark-ext-media-tags\0.34.30\flexmark-ext-media-tags-0.34.30.jar;C:\Users\DheyClaveria\.m2\repository\com\vladsch\flexmark\flexmark-test-util\0.34.30\flexmark-test-util-0.34.30.jar;C:\Users\DheyClaveria\.m2\repository\com\vladsch\flexmark\flexmark-ext-ins\0.34.30\flexmark-ext-ins-0.34.30.jar;C:\Users\DheyClaveria\.m2\repository\com\vladsch\flexmark\flexmark-ext-xwiki-macros\0.34.30\flexmark-ext-xwiki-macros-0.34.30.jar;C:\Users\DheyClaveria\.m2\repository\com\vladsch\flexmark\flexmark-ext-superscript\0.34.30\flexmark-ext-superscript-0.34.30.jar;C:\Users\DheyClaveria\.m2\repository\com\vladsch\flexmark\flexmark-ext-tables\0.34.30\flexmark-ext-tables-0.34.30.jar;C:\Users\DheyClaveria\.m2\repository\com\vladsch\flexmark\flexmark-ext-toc\0.34.30\flexmark-ext-toc-0.34.30.jar;C:\Users\DheyClaveria\.m2\repository\com\vladsch\flexmark\flexmark-ext-typographic\0.34.30\flexmark-ext-typographic-0.34.30.jar;C:\Users\DheyClaveria\.m2\repository\com\vladsch\flexmark\flexmark-ext-wikilink\0.34.30\flexmark-ext-wikilink-0.34.30.jar;C:\Users\DheyClaveria\.m2\repository\com\vladsch\flexmark\flexmark-ext-yaml-front-matter\0.34.30\flexmark-ext-yaml-front-matter-0.34.30.jar;C:\Users\DheyClaveria\.m2\repository\com\vladsch\flexmark\flexmark-ext-youtube-embedded\0.34.30\flexmark-ext-youtube-embedded-0.34.30.jar;C:\Users\DheyClaveria\.m2\repository\com\vladsch\flexmark\flexmark-formatter\0.34.30\flexmark-formatter-0.34.30.jar;C:\Users\DheyClaveria\.m2\repository\com\vladsch\flexmark\flexmark-html-parser\0.34.30\flexmark-html-parser-0.34.30.jar;C:\Users\DheyClaveria\.m2\repository\com\vladsch\flexmark\flexmark-jira-converter\0.34.30\flexmark-jira-converter-0.34.30.jar;C:\Users\DheyClaveria\.m2\repository\com\vladsch\flexmark\flexmark-pdf-converter\0.34.30\flexmark-pdf-converter-0.34.30.jar;C:\Users\DheyClaveria\.m2\repository\com\openhtmltopdf\openhtmltopdf-core\0.0.1-RC13\openhtmltopdf-core-0.0.1-RC13.jar;C:\Users\DheyClaveria\.m2\repository\com\openhtmltopdf\openhtmltopdf-pdfbox\0.0.1-RC13\openhtmltopdf-pdfbox-0.0.1-RC13.jar;C:\Users\DheyClaveria\.m2\repository\org\apache\pdfbox\xmpbox\2.0.8\xmpbox-2.0.8.jar;C:\Users\DheyClaveria\.m2\repository\com\openhtmltopdf\openhtmltopdf-rtl-support\0.0.1-RC13\openhtmltopdf-rtl-support-0.0.1-RC13.jar;C:\Users\DheyClaveria\.m2\repository\com\ibm\icu\icu4j\59.1\icu4j-59.1.jar;C:\Users\DheyClaveria\.m2\repository\com\openhtmltopdf\openhtmltopdf-jsoup-dom-converter\0.0.1-RC13\openhtmltopdf-jsoup-dom-converter-0.0.1-RC13.jar;C:\Users\DheyClaveria\.m2\repository\com\vladsch\flexmark\flexmark-profile-pegdown\0.34.30\flexmark-profile-pegdown-0.34.30.jar;C:\Users\DheyClaveria\.m2\repository\com\vladsch\flexmark\flexmark-util\0.34.30\flexmark-util-0.34.30.jar;C:\Users\DheyClaveria\.m2\repository\com\vladsch\flexmark\flexmark-youtrack-converter\0.34.30\flexmark-youtrack-converter-0.34.30.jar;C:\Users\DheyClaveria\.m2\repository\es\nitaur\markdown\txtmark\0.16\txtmark-0.16.jar;C:\Users\DheyClaveria\.m2\repository\net\serenity-bdd\serenity-report-resources\3.2.0\serenity-report-resources-3.2.0.jar;C:\Users\DheyClaveria\.m2\repository\com\google\code\gson\gson\2.8.9\gson-2.8.9.jar;C:\Users\DheyClaveria\.m2\repository\com\fasterxml\jackson\core\jackson-core\2.12.4\jackson-core-2.12.4.jar;C:\Users\DheyClaveria\.m2\repository\com\fasterxml\jackson\core\jackson-databind\2.12.4\jackson-databind-2.12.4.jar;C:\Users\DheyClaveria\.m2\repository\com\fasterxml\jackson\core\jackson-annotations\2.12.4\jackson-annotations-2.12.4.jar;C:\Users\DheyClaveria\.m2\repository\commons-codec\commons-codec\1.15\commons-codec-1.15.jar;C:\Users\DheyClaveria\.m2\repository\commons-io\commons-io\2.8.0\commons-io-2.8.0.jar;C:\Users\DheyClaveria\.m2\repository\org\seleniumhq\selenium\selenium-api\4.1.2\selenium-api-4.1.2.jar;C:\Users\DheyClaveria\.m2\repository\org\seleniumhq\selenium\selenium-support\4.1.2\selenium-support-4.1.2.jar;C:\Users\DheyClaveria\.m2\repository\org\seleniumhq\selenium\selenium-firefox-driver\4.1.2\selenium-firefox-driver-4.1.2.jar;C:\Users\DheyClaveria\.m2\repository\org\seleniumhq\selenium\selenium-edge-driver\4.1.2\selenium-edge-driver-4.1.2.jar;C:\Users\DheyClaveria\.m2\repository\org\seleniumhq\selenium\selenium-ie-driver\4.1.2\selenium-ie-driver-4.1.2.jar;C:\Users\DheyClaveria\.m2\repository\org\projectlombok\lombok\1.18.20\lombok-1.18.20.jar;C:\Users\DheyClaveria\.m2\repository\io\appium\java-client\8.0.0-beta2\java-client-8.0.0-beta2.jar;C:\Users\DheyClaveria\.m2\repository\commons-validator\commons-validator\1.7\commons-validator-1.7.jar;C:\Users\DheyClaveria\.m2\repository\commons-digester\commons-digester\2.1\commons-digester-2.1.jar;C:\Users\DheyClaveria\.m2\repository\org\aspectj\aspectjweaver\1.9.7\aspectjweaver-1.9.7.jar;C:\Users\DheyClaveria\.m2\repository\net\sf\opencsv\opencsv\2.0\opencsv-2.0.jar;C:\Users\DheyClaveria\.m2\repository\commons-beanutils\commons-beanutils\1.9.4\commons-beanutils-1.9.4.jar;C:\Users\DheyClaveria\.m2\repository\commons-collections\commons-collections\3.2.2\commons-collections-3.2.2.jar;C:\Users\DheyClaveria\.m2\repository\org\fluentlenium\fluentlenium-core\0.10.2\fluentlenium-core-0.10.2.jar;C:\Users\DheyClaveria\.m2\repository\com\jhlabs\filters\2.0.235\filters-2.0.235.jar;C:\Users\DheyClaveria\.m2\repository\com\paulhammant\ngwebdriver\1.1.5\ngwebdriver-1.1.5.jar;C:\Users\DheyClaveria\.m2\repository\joda-time\joda-time\2.8.2\joda-time-2.8.2.jar;C:\Users\DheyClaveria\.m2\repository\com\google\jimfs\jimfs\1.1\jimfs-1.1.jar;C:\Users\DheyClaveria\.m2\repository\org\mockito\mockito-core\3.3.3\mockito-core-3.3.3.jar;C:\Users\DheyClaveria\.m2\repository\javax\xml\bind\jaxb-api\2.3.1\jaxb-api-2.3.1.jar;C:\Users\DheyClaveria\.m2\repository\javax\activation\javax.activation-api\1.2.0\javax.activation-api-1.2.0.jar;C:\Users\DheyClaveria\.m2\repository\com\sun\xml\bind\jaxb-core\2.3.0.1\jaxb-core-2.3.0.1.jar;C:\Users\DheyClaveria\.m2\repository\javax\activation\activation\1.1.1\activation-1.1.1.jar;C:\Users\DheyClaveria\.m2\repository\net\serenity-bdd\serenity-junit\3.2.0\serenity-junit-3.2.0.jar;C:\Users\DheyClaveria\.m2\repository\net\serenity-bdd\serenity-cucumber\3.2.0\serenity-cucumber-3.2.0.jar;C:\Users\DheyClaveria\.m2\repository\org\apache\commons\commons-csv\1.5\commons-csv-1.5.jar;C:\Users\DheyClaveria\.m2\repository\net\serenity-bdd\serenity-rest-assured\3.2.0\serenity-rest-assured-3.2.0.jar;C:\Users\DheyClaveria\.m2\repository\org\opentest4j\opentest4j\1.2.0\opentest4j-1.2.0.jar;C:\Users\DheyClaveria\.m2\repository\io\cucumber\cucumber-java\7.2.3\cucumber-java-7.2.3.jar;C:\Users\DheyClaveria\.m2\repository\org\apiguardian\apiguardian-api\1.1.2\apiguardian-api-1.1.2.jar;C:\Users\DheyClaveria\.m2\repository\io\cucumber\cucumber-junit\7.2.3\cucumber-junit-7.2.3.jar;C:\Users\DheyClaveria\.m2\repository\io\cucumber\cucumber-core\7.2.3\cucumber-core-7.2.3.jar;C:\Users\DheyClaveria\.m2\repository\io\cucumber\cucumber-gherkin-messages\7.2.3\cucumber-gherkin-messages-7.2.3.jar;C:\Users\DheyClaveria\.m2\repository\io\cucumber\messages\17.1.1\messages-17.1.1.jar;C:\Users\DheyClaveria\.m2\repository\io\cucumber\tag-expressions\4.1.0\tag-expressions-4.1.0.jar;C:\Users\DheyClaveria\.m2\repository\io\cucumber\cucumber-expressions\15.0.1\cucumber-expressions-15.0.1.jar;C:\Users\DheyClaveria\.m2\repository\io\cucumber\datatable\7.2.3\datatable-7.2.3.jar;C:\Users\DheyClaveria\.m2\repository\io\cucumber\cucumber-plugin\7.2.3\cucumber-plugin-7.2.3.jar;C:\Users\DheyClaveria\.m2\repository\io\cucumber\docstring\7.2.3\docstring-7.2.3.jar;C:\Users\DheyClaveria\.m2\repository\io\cucumber\html-formatter\17.0.0\html-formatter-17.0.0.jar;C:\Users\DheyClaveria\.m2\repository\io\cucumber\ci-environment\8.1.0\ci-environment-8.1.0.jar;C:\Users\DheyClaveria\.m2\repository\io\cucumber\cucumber-junit-platform-engine\7.2.3\cucumber-junit-platform-engine-7.2.3.jar;C:\Users\DheyClaveria\.m2\repository\org\junit\platform\junit-platform-engine\1.8.2\junit-platform-engine-1.8.2.jar;C:\Users\DheyClaveria\.m2\repository\org\junit\platform\junit-platform-commons\1.8.2\junit-platform-commons-1.8.2.jar;C:\Users\DheyClaveria\.m2\repository\io\cucumber\cucumber-jvm-deps\1.0.6\cucumber-jvm-deps-1.0.6.jar;C:\Users\DheyClaveria\.m2\repository\net\masterthought\cucumber-reporting\5.7.0\cucumber-reporting-5.7.0.jar;C:\Users\DheyClaveria\.m2\repository\com\fasterxml\jackson\datatype\jackson-datatype-jsr310\2.13.0\jackson-datatype-jsr310-2.13.0.jar;C:\Users\DheyClaveria\.m2\repository\org\apache\velocity\velocity-engine-core\2.3\velocity-engine-core-2.3.jar;C:\Users\DheyClaveria\.m2\repository\org\codehaus\plexus\plexus-utils\3.3.0\plexus-utils-3.3.0.jar;C:\Users\DheyClaveria\.m2\repository\org\jsoup\jsoup\1.14.2\jsoup-1.14.2.jar;C:\Users\DheyClaveria\.m2\repository\com\google\guava\guava\30.1.1-jre\guava-30.1.1-jre.jar;C:\Users\DheyClaveria\.m2\repository\com\google\guava\failureaccess\1.0.1\failureaccess-1.0.1.jar;C:\Users\DheyClaveria\.m2\repository\com\google\guava\listenablefuture\9999.0-empty-to-avoid-conflict-with-guava\listenablefuture-9999.0-empty-to-avoid-conflict-with-guava.jar;C:\Users\DheyClaveria\.m2\repository\com\google\code\findbugs\jsr305\3.0.2\jsr305-3.0.2.jar;C:\Users\DheyClaveria\.m2\repository\org\checkerframework\checker-qual\3.8.0\checker-qual-3.8.0.jar;C:\Users\DheyClaveria\.m2\repository\com\google\errorprone\error_prone_annotations\2.5.1\error_prone_annotations-2.5.1.jar;C:\Users\DheyClaveria\.m2\repository\com\google\j2objc\j2objc-annotations\1.3\j2objc-annotations-1.3.jar;C:\Users\DheyClaveria\.m2\repository\com\googlecode\owasp-java-html-sanitizer\owasp-java-html-sanitizer\20211018.2\owasp-java-html-sanitizer-20211018.2.jar;C:\Users\DheyClaveria\.m2\repository\commons-configuration\commons-configuration\1.10\commons-configuration-1.10.jar;C:\Users\DheyClaveria\.m2\repository\commons-lang\commons-lang\2.6\commons-lang-2.6.jar;C:\Users\DheyClaveria\.m2\repository\io\cucumber\cucumber-html\0.2.7\cucumber-html-0.2.7.jar;C:\Users\DheyClaveria\.m2\repository\io\cucumber\cucumber-gherkin\7.2.3\cucumber-gherkin-7.2.3.jar;C:\Users\DheyClaveria\.m2\repository\junit\junit\4.13.1\junit-4.13.1.jar;C:\Users\DheyClaveria\.m2\repository\org\hamcrest\hamcrest-core\1.3\hamcrest-core-1.3.jar;C:\Users\DheyClaveria\.m2\repository\org\junit\platform\junit-platform-suite\1.8.2\junit-platform-suite-1.8.2.jar;C:\Users\DheyClaveria\.m2\repository\org\junit\platform\junit-platform-suite-api\1.8.2\junit-platform-suite-api-1.8.2.jar;C:\Users\DheyClaveria\.m2\repository\org\junit\platform\junit-platform-suite-engine\1.8.2\junit-platform-suite-engine-1.8.2.jar;C:\Users\DheyClaveria\.m2\repository\org\junit\platform\junit-platform-suite-commons\1.8.2\junit-platform-suite-commons-1.8.2.jar;C:\Users\DheyClaveria\.m2\repository\org\junit\platform\junit-platform-launcher\1.8.2\junit-platform-launcher-1.8.2.jar;C:\Users\DheyClaveria\.m2\repository\org\junit\jupiter\junit-jupiter\5.8.2\junit-jupiter-5.8.2.jar;C:\Users\DheyClaveria\.m2\repository\org\junit\jupiter\junit-jupiter-api\5.8.2\junit-jupiter-api-5.8.2.jar;C:\Users\DheyClaveria\.m2\repository\org\junit\jupiter\junit-jupiter-params\5.8.2\junit-jupiter-params-5.8.2.jar;C:\Users\DheyClaveria\.m2\repository\org\junit\jupiter\junit-jupiter-engine\5.8.2\junit-jupiter-engine-5.8.2.jar;C:\Users\DheyClaveria\.m2\repository\org\junit\vintage\junit-vintage-engine\5.8.2\junit-vintage-engine-5.8.2.jar;C:\Users\DheyClaveria\.m2\repository\info\cukes\cucumber-java\1.2.5\cucumber-java-1.2.5.jar;C:\Users\DheyClaveria\.m2\repository\info\cukes\cucumber-core\1.2.5\cucumber-core-1.2.5.jar;C:\Users\DheyClaveria\.m2\repository\info\cukes\cucumber-html\0.2.3\cucumber-html-0.2.3.jar;C:\Users\DheyClaveria\.m2\repository\info\cukes\cucumber-jvm-deps\1.0.5\cucumber-jvm-deps-1.0.5.jar;C:\Users\DheyClaveria\.m2\repository\info\cukes\gherkin\2.12.2\gherkin-2.12.2.jar;C:\Users\DheyClaveria\.m2\repository\info\cukes\cucumber-junit\1.2.5\cucumber-junit-1.2.5.jar;C:\Users\DheyClaveria\.m2\repository\org\seleniumhq\selenium\selenium-java\4.1.1\selenium-java-4.1.1.jar;C:\Users\DheyClaveria\.m2\repository\org\seleniumhq\selenium\selenium-devtools-v85\4.1.1\selenium-devtools-v85-4.1.1.jar;C:\Users\DheyClaveria\.m2\repository\org\seleniumhq\selenium\selenium-devtools-v94\4.1.1\selenium-devtools-v94-4.1.1.jar;C:\Users\DheyClaveria\.m2\repository\org\seleniumhq\selenium\selenium-devtools-v95\4.1.1\selenium-devtools-v95-4.1.1.jar;C:\Users\DheyClaveria\.m2\repository\org\seleniumhq\selenium\selenium-devtools-v96\4.1.1\selenium-devtools-v96-4.1.1.jar;C:\Users\DheyClaveria\.m2\repository\org\seleniumhq\selenium\selenium-firefox-xpi-driver\4.1.1\selenium-firefox-xpi-driver-4.1.1.jar;C:\Users\DheyClaveria\.m2\repository\org\seleniumhq\selenium\selenium-opera-driver\4.1.1\selenium-opera-driver-4.1.1.jar;C:\Users\DheyClaveria\.m2\repository\org\seleniumhq\selenium\selenium-remote-driver\4.1.1\selenium-remote-driver-4.1.1.jar;C:\Users\DheyClaveria\.m2\repository\io\netty\netty-buffer\4.1.70.Final\netty-buffer-4.1.70.Final.jar;C:\Users\DheyClaveria\.m2\repository\io\netty\netty-codec-http\4.1.70.Final\netty-codec-http-4.1.70.Final.jar;C:\Users\DheyClaveria\.m2\repository\io\netty\netty-codec\4.1.70.Final\netty-codec-4.1.70.Final.jar;C:\Users\DheyClaveria\.m2\repository\io\netty\netty-handler\4.1.70.Final\netty-handler-4.1.70.Final.jar;C:\Users\DheyClaveria\.m2\repository\io\netty\netty-common\4.1.70.Final\netty-common-4.1.70.Final.jar;C:\Users\DheyClaveria\.m2\repository\io\netty\netty-transport-classes-epoll\4.1.70.Final\netty-transport-classes-epoll-4.1.70.Final.jar;C:\Users\DheyClaveria\.m2\repository\io\netty\netty-transport-classes-kqueue\4.1.70.Final\netty-transport-classes-kqueue-4.1.70.Final.jar;C:\Users\DheyClaveria\.m2\repository\io\netty\netty-transport-native-unix-common\4.1.70.Final\netty-transport-native-unix-common-4.1.70.Final.jar;C:\Users\DheyClaveria\.m2\repository\io\netty\netty-transport\4.1.70.Final\netty-transport-4.1.70.Final.jar;C:\Users\DheyClaveria\.m2\repository\io\netty\netty-resolver\4.1.70.Final\netty-resolver-4.1.70.Final.jar;C:\Users\DheyClaveria\.m2\repository\io\opentelemetry\opentelemetry-api\1.9.1\opentelemetry-api-1.9.1.jar;C:\Users\DheyClaveria\.m2\repository\io\opentelemetry\opentelemetry-context\1.9.1\opentelemetry-context-1.9.1.jar;C:\Users\DheyClaveria\.m2\repository\io\opentelemetry\opentelemetry-exporter-logging\1.9.1\opentelemetry-exporter-logging-1.9.1.jar;C:\Users\DheyClaveria\.m2\repository\io\opentelemetry\opentelemetry-sdk-metrics\1.9.1-alpha\opentelemetry-sdk-metrics-1.9.1-alpha.jar;C:\Users\DheyClaveria\.m2\repository\io\opentelemetry\opentelemetry-sdk-logs\1.9.1-alpha\opentelemetry-sdk-logs-1.9.1-alpha.jar;C:\Users\DheyClaveria\.m2\repository\io\opentelemetry\opentelemetry-sdk-common\1.9.1\opentelemetry-sdk-common-1.9.1.jar;C:\Users\DheyClaveria\.m2\repository\io\opentelemetry\opentelemetry-sdk-extension-autoconfigure-spi\1.9.1\opentelemetry-sdk-extension-autoconfigure-spi-1.9.1.jar;C:\Users\DheyClaveria\.m2\repository\io\opentelemetry\opentelemetry-sdk-extension-autoconfigure\1.9.1-alpha\opentelemetry-sdk-extension-autoconfigure-1.9.1-alpha.jar;C:\Users\DheyClaveria\.m2\repository\io\opentelemetry\opentelemetry-sdk-trace\1.9.1\opentelemetry-sdk-trace-1.9.1.jar;C:\Users\DheyClaveria\.m2\repository\io\opentelemetry\opentelemetry-api-metrics\1.9.1-alpha\opentelemetry-api-metrics-1.9.1-alpha.jar;C:\Users\DheyClaveria\.m2\repository\io\opentelemetry\opentelemetry-sdk\1.9.1\opentelemetry-sdk-1.9.1.jar;C:\Users\DheyClaveria\.m2\repository\io\opentelemetry\opentelemetry-semconv\1.9.1-alpha\opentelemetry-semconv-1.9.1-alpha.jar;C:\Users\DheyClaveria\.m2\repository\io\ous\jtoml\2.0.0\jtoml-2.0.0.jar;C:\Users\DheyClaveria\.m2\repository\org\apache\commons\commons-exec\1.3\commons-exec-1.3.jar;C:\Users\DheyClaveria\.m2\repository\org\asynchttpclient\async-http-client\2.12.3\async-http-client-2.12.3.jar;C:\Users\DheyClaveria\.m2\repository\org\asynchttpclient\async-http-client-netty-utils\2.12.3\async-http-client-netty-utils-2.12.3.jar;C:\Users\DheyClaveria\.m2\repository\io\netty\netty-codec-socks\4.1.60.Final\netty-codec-socks-4.1.60.Final.jar;C:\Users\DheyClaveria\.m2\repository\io\netty\netty-handler-proxy\4.1.60.Final\netty-handler-proxy-4.1.60.Final.jar;C:\Users\DheyClaveria\.m2\repository\io\netty\netty-transport-native-epoll\4.1.60.Final\netty-transport-native-epoll-4.1.60.Final-linux-x86_64.jar;C:\Users\DheyClaveria\.m2\repository\io\netty\netty-transport-native-kqueue\4.1.60.Final\netty-transport-native-kqueue-4.1.60.Final-osx-x86_64.jar;C:\Users\DheyClaveria\.m2\repository\org\reactivestreams\reactive-streams\1.0.3\reactive-streams-1.0.3.jar;C:\Users\DheyClaveria\.m2\repository\com\typesafe\netty\netty-reactive-streams\2.0.4\netty-reactive-streams-2.0.4.jar;C:\Users\DheyClaveria\.m2\repository\com\sun\activation\jakarta.activation\1.2.2\jakarta.activation-1.2.2.jar;C:\Users\DheyClaveria\.m2\repository\org\seleniumhq\selenium\selenium-http\4.1.1\selenium-http-4.1.1.jar;C:\Users\DheyClaveria\.m2\repository\net\jodah\failsafe\2.4.4\failsafe-2.4.4.jar;C:\Users\DheyClaveria\.m2\repository\org\seleniumhq\selenium\selenium-safari-driver\4.1.1\selenium-safari-driver-4.1.1.jar;C:\Users\DheyClaveria\.m2\repository\org\seleniumhq\selenium\selenium-chrome-driver\4.1.1\selenium-chrome-driver-4.1.1.jar;C:\Users\DheyClaveria\.m2\repository\com\google\auto\service\auto-service-annotations\1.0.1\auto-service-annotations-1.0.1.jar;C:\Users\DheyClaveria\.m2\repository\com\google\auto\service\auto-service\1.0.1\auto-service-1.0.1.jar;C:\Users\DheyClaveria\.m2\repository\com\google\auto\auto-common\1.2\auto-common-1.2.jar;C:\Users\DheyClaveria\.m2\repository\org\seleniumhq\selenium\selenium-chromium-driver\4.1.1\selenium-chromium-driver-4.1.1.jar;C:\Users\DheyClaveria\.m2\repository\org\seleniumhq\selenium\selenium-json\4.1.1\selenium-json-4.1.1.jar;C:\Users\DheyClaveria\.m2\repository\io\github\bonigarcia\webdrivermanager\4.2.2\webdrivermanager-4.2.2.jar;C:\Users\DheyClaveria\.m2\repository\org\apache\httpcomponents\client5\httpclient5\5.0.1\httpclient5-5.0.1.jar;C:\Users\DheyClaveria\.m2\repository\org\apache\httpcomponents\core5\httpcore5\5.0.1\httpcore5-5.0.1.jar;C:\Users\DheyClaveria\.m2\repository\org\apache\httpcomponents\core5\httpcore5-h2\5.0.1\httpcore5-h2-5.0.1.jar;C:\Users\DheyClaveria\.m2\repository\org\rauschig\jarchivelib\1.1.0\jarchivelib-1.1.0.jar;C:\Users\DheyClaveria\.m2\repository\tech\grasshopper\extentreports-cucumber7-adapter\1.3.0\extentreports-cucumber7-adapter-1.3.0.jar;C:\Users\DheyClaveria\.m2\repository\com\aventstack\extentreports\5.0.9\extentreports-5.0.9.jar;C:\Users\DheyClaveria\.m2\repository\io\reactivex\rxjava3\rxjava\3.0.4\rxjava-3.0.4.jar;C:\Users\DheyClaveria\.m2\repository\tech\grasshopper\extent-pdf-report\2.1.0\extent-pdf-report-2.1.0.jar;C:\Users\DheyClaveria\.m2\repository\tech\grasshopper\cucumber-pdf-report\2.5.0\cucumber-pdf-report-2.5.0.jar;C:\Users\DheyClaveria\.m2\repository\org\knowm\xchart\xchart\3.8.0\xchart-3.8.0.jar;C:\Users\DheyClaveria\.m2\repository\de\erichseifert\vectorgraphics2d\VectorGraphics2D\0.13\VectorGraphics2D-0.13.jar;C:\Users\DheyClaveria\.m2\repository\de\rototor\pdfbox\graphics2d\0.30\graphics2d-0.30.jar;C:\Users\DheyClaveria\.m2\repository\com\madgag\animated-gif-lib\1.4\animated-gif-lib-1.4.jar;C:\Users\DheyClaveria\.m2\repository\org\yaml\snakeyaml\1.28\snakeyaml-1.28.jar;C:\Users\DheyClaveria\.m2\repository\tech\grasshopper\table-layout\1.4.0\table-layout-1.4.0.jar;C:\Users\DheyClaveria\.m2\repository\tech\grasshopper\rest-assured-cucumber-pdf-report\1.1.0\rest-assured-cucumber-pdf-report-1.1.0.jar;C:\Users\DheyClaveria\.m2\repository\com\aventstack\klov-reporter\5.0.9\klov-reporter-5.0.9.jar;C:\Users\DheyClaveria\.m2\repository\org\mongodb\mongodb-driver\3.6.4\mongodb-driver-3.6.4.jar;C:\Users\DheyClaveria\.m2\repository\org\mongodb\mongodb-driver-core\3.6.4\mongodb-driver-core-3.6.4.jar;C:\Users\DheyClaveria\.m2\repository\org\mongodb\bson\3.6.4\bson-3.6.4.jar;C:\Users\DheyClaveria\.m2\repository\tech\grasshopper\htmlextentreporter\1.0.0\htmlextentreporter-1.0.0.jar;C:\Users\DheyClaveria\.m2\repository\org\testng\testng\6.14.3\testng-6.14.3.jar;C:\Users\DheyClaveria\.m2\repository\com\beust\jcommander\1.72\jcommander-1.72.jar;C:\Users\DheyClaveria\.m2\repository\org\apache-extras\beanshell\bsh\2.0b6\bsh-2.0b6.jar;C:\Users\DheyClaveria\.m2\repository\io\cucumber\cucumber-testng\7.2.3\cucumber-testng-7.2.3.jar;C:\Users\DheyClaveria\.m2\repository\org\apache\poi\poi\5.2.1\poi-5.2.1.jar;C:\Users\DheyClaveria\.m2\repository\org\apache\commons\commons-collections4\4.4\commons-collections4-4.4.jar;C:\Users\DheyClaveria\.m2\repository\org\apache\commons\commons-math3\3.6.1\commons-math3-3.6.1.jar;C:\Users\DheyClaveria\.m2\repository\com\zaxxer\SparseBitSet\1.2\SparseBitSet-1.2.jar;C:\Users\DheyClaveria\.m2\repository\org\apache\logging\log4j\log4j-api\2.17.1\log4j-api-2.17.1.jar;C:\Users\DheyClaveria\.m2\repository\org\apache\poi\poi-ooxml\5.2.1\poi-ooxml-5.2.1.jar;C:\Users\DheyClaveria\.m2\repository\org\apache\poi\poi-ooxml-lite\5.2.1\poi-ooxml-lite-5.2.1.jar;C:\Users\DheyClaveria\.m2\repository\org\apache\xmlbeans\xmlbeans\5.0.3\xmlbeans-5.0.3.jar;C:\Users\DheyClaveria\.m2\repository\org\apache\commons\commons-compress\1.21\commons-compress-1.21.jar;C:\Users\DheyClaveria\.m2\repository\com\github\virtuald\curvesapi\1.07\curvesapi-1.07.jar;"/>
    <property name="sun.cpu.endian" value="little"/>
    <property name="user.home" value="C:\Users\DheyClaveria"/>
    <property name="user.language" value="en"/>
    <property name="java.specification.vendor" value="Oracle Corporation"/>
    <property name="java.version.date" value="2020-10-20"/>
    <property name="java.home" value="C:\Program Files\Java\jdk-15.0.1"/>
    <property name="file.separator" value="\"/>
    <property name="basedir" value="Z:\Automation\JavaCucumber\BDD_HCL\CucumberHCL"/>
    <property name="java.vm.compressedOopsMode" value="Zero based"/>
    <property name="line.separator" value="&#10;"/>
    <property name="java.vm.specification.vendor" value="Oracle Corporation"/>
    <property name="java.specification.name" value="Java Platform API Specification"/>
    <property name="surefire.real.class.path" value="C:\Users\DheyClaveria\AppData\Local\Temp\surefire4053159683657857439\surefirebooter16134190566505033337.jar"/>
    <property name="user.script" value=""/>
    <property name="sun.management.compiler" value="HotSpot 64-Bit Tiered Compilers"/>
    <property name="java.runtime.version" value="15.0.1+9-18"/>
    <property name="user.name" value="DheyClaveria"/>
    <property name="path.separator" value=";"/>
    <property name="os.version" value="10.0"/>
    <property name="java.runtime.name" value="Java(TM) SE Runtime Environment"/>
    <property name="file.encoding" value="Cp1252"/>
    <property name="sun.nio.ch.bugLevel" value=""/>
    <property name="java.vm.name" value="Java HotSpot(TM) 64-Bit Server VM"/>
    <property name="localRepository" value="C:\Users\DheyClaveria\.m2\repository"/>
    <property name="java.vendor.url.bug" value="https://bugreport.java.com/bugreport/"/>
    <property name="java.io.tmpdir" value="C:\Users\DheyClaveria\AppData\Local\Temp\"/>
    <property name="java.version" value="15.0.1"/>
    <property name="user.dir" value="Z:\Automation\JavaCucumber\BDD_HCL\CucumberHCL"/>
    <property name="os.arch" value="amd64"/>
    <property name="java.vm.specification.name" value="Java Virtual Machine Specification"/>
    <property name="sun.os.patch.level" value=""/>
    <property name="java.library.path" value="C:\Program Files\Java\jdk-15.0.1\bin;C:\WINDOWS\Sun\Java\bin;C:\WINDOWS\system32;C:\WINDOWS;C:\Program Files\Common Files\Oracle\Java\javapath;C:\Program Files (x86)\Common Files\Intel\Shared Libraries\redist\intel64\compiler;C:\Windows\system32;C:\Windows;C:\Windows\System32\Wbem;C:\Windows\System32\WindowsPowerShell\v1.0\;C:\Windows\System32\OpenSSH\;C:\Program Files (x86)\NVIDIA Corporation\PhysX\Common;C:\Program Files\Microsoft SQL Server\120\Tools\Binn\;C:\Users\DheyClaveria\.dnx\bin;C:\Program Files\Microsoft DNX\Dnvm\;C:\Program Files\Microsoft SQL Server\130\Tools\Binn\;C:\Program Files (x86)\Microsoft SQL Server\130\Tools\Binn\;C:\Program Files (x86)\Microsoft SQL Server\130\DTS\Binn\;C:\Program Files\Microsoft SQL Server\130\DTS\Binn\;C:\Program Files\Microsoft SQL Server\Client SDK\ODBC\130\Tools\Binn\;C:\Program Files\nodejs\;C:\Program Files\NVIDIA Corporation\NVIDIA NvDLISR;C:\WINDOWS\system32;C:\WINDOWS;C:\WINDOWS\System32\Wbem;C:\WINDOWS\System32\WindowsPowerShell\v1.0\;C:\WINDOWS\System32\OpenSSH\;C:\Selenium;C:\Program Files\Git\cmd;C:\Program Files\Java\jdk-15.0.1\bin;C:\WINDOWS\system32;C:\WINDOWS;C:\WINDOWS\System32\Wbem;C:\WINDOWS\System32\WindowsPowerShell\v1.0\;C:\WINDOWS\System32\OpenSSH\;C:\Program Files\dotnet\;C:\apache-maven-3.8.5\bin;C:\apache-maven-3.8.5\;C:\apache-maven-3.8.5\\bin;C:\Users\DheyClaveria\AppData\Local\Programs\Python\Python39\Scripts\;C:\Users\DheyClaveria\AppData\Local\Programs\Python\Python39\;C:\Users\DheyClaveria\AppData\Local\Microsoft\WindowsApps;C:\Users\DheyClaveria\AppData\Local\GitHubDesktop\bin;C:\Users\DheyClaveria\AppData\Local\Programs\Microsoft VS Code\bin;C:\Users\DheyClaveria\AppData\Roaming\npm;C:\Users\DheyClaveria\AppData\Local\Microsoft\WindowsApps;C:\Program Files\Java\jdk-15.0.1\bin;C:\apache-maven-3.6.3\bin;C:\Program Files\nodejs;C:\Selenium;;."/>
    <property name="java.vm.info" value="mixed mode, sharing"/>
    <property name="java.vendor" value="Oracle Corporation"/>
    <property name="java.vm.version" value="15.0.1+9-18"/>
    <property name="sun.io.unicode.encoding" value="UnicodeLittle"/>
    <property name="java.class.version" value="59.0"/>
  </properties>
  <testcase name="Verify one author of the post" classname="Verify different GET operations using REST-assured" time="9.521">
    <system-out><![CDATA[08:34:13.653 [main] INFO  i.c.core.plugin.SerenityReporter - Running feature from file:///Z:/Automation/JavaCucumber/BDD_HCL/CucumberHCL/src/main/resources/AppFeatures/GetPost.feature
08:34:13.656 [main] WARN  i.c.core.plugin.SerenityReporter - Feature from file:///Z:/Automation/JavaCucumber/BDD_HCL/CucumberHCL/src/main/resources/AppFeatures/GetPost.feature is not under the 'features' directory. Requirements report will not be correctly generated!
08:34:13.881 [main] INFO   - 

-------------------------------------------------------------------------------------
     _______. _______ .______       _______ .__   __.  __  .___________.____    ____ 
    /       ||   ____||   _  \     |   ____||  \ |  | |  | |           |\   \  /   / 
   |   (----`|  |__   |  |_)  |    |  |__   |   \|  | |  | `---|  |----` \   \/   /  
    \   \    |   __|  |      /     |   __|  |  . `  | |  |     |  |       \_    _/   
.----)   |   |  |____ |  |\  \----.|  |____ |  |\   | |  |     |  |         |  |     
|_______/    |_______|| _| `._____||_______||__| \__| |__|     |__|         |__|    
                                                                                     
 News and tutorials at http://www.serenity-bdd.info                                  
 Documentation at https://wakaleo.gitbooks.io/the-serenity-book/content/             
 Join the Serenity Community on Gitter: https://gitter.im/serenity-bdd/serenity-core 
 Serenity BDD Support and Training at http://serenity-bdd.info/#/trainingandsupport  
-------------------------------------------------------------------------------------

08:34:13.884 [main] DEBUG n.thucydides.core.steps.StepEventBus - Test suite started for story net.thucydides.core.model.Story@d1e746b5
08:34:13.887 [main] INFO   - Test Suite Started: Verify different GET operations using REST-assured
08:34:13.910 [main] INFO  i.c.core.plugin.SerenityReporter - Running feature from file:///Z:/Automation/JavaCucumber/BDD_HCL/CucumberHCL/src/main/resources/AppFeatures/ValidateAndVerifyInvalidLogin.feature
08:34:13.910 [main] WARN  i.c.core.plugin.SerenityReporter - Feature from file:///Z:/Automation/JavaCucumber/BDD_HCL/CucumberHCL/src/main/resources/AppFeatures/ValidateAndVerifyInvalidLogin.feature is not under the 'features' directory. Requirements report will not be correctly generated!
08:34:13.917 [main] DEBUG n.thucydides.core.steps.StepEventBus - Test suite started for story net.thucydides.core.model.Story@b13a1f46
08:34:13.918 [main] INFO   - Test Suite Started: Test Invalid User Credentials Feature
08:34:13.918 [main] INFO  i.c.core.plugin.SerenityReporter - Running feature from file:///Z:/Automation/JavaCucumber/BDD_HCL/CucumberHCL/src/main/resources/AppFeatures/ValidateAndVerifyLoginPage.feature
08:34:13.918 [main] WARN  i.c.core.plugin.SerenityReporter - Feature from file:///Z:/Automation/JavaCucumber/BDD_HCL/CucumberHCL/src/main/resources/AppFeatures/ValidateAndVerifyLoginPage.feature is not under the 'features' directory. Requirements report will not be correctly generated!
08:34:13.925 [main] DEBUG n.thucydides.core.steps.StepEventBus - Test suite started for story net.thucydides.core.model.Story@7f1849ba
08:34:13.925 [main] INFO   - Test Suite Started: Validate And Verify Login Page to PEGA Site
08:34:13.926 [main] INFO  i.c.core.plugin.SerenityReporter - Running feature from file:///Z:/Automation/JavaCucumber/BDD_HCL/CucumberHCL/src/main/resources/AppFeatures/GetPost.feature
08:34:13.926 [main] WARN  i.c.core.plugin.SerenityReporter - Feature from file:///Z:/Automation/JavaCucumber/BDD_HCL/CucumberHCL/src/main/resources/AppFeatures/GetPost.feature is not under the 'features' directory. Requirements report will not be correctly generated!
08:34:13.929 [main] DEBUG n.thucydides.core.steps.StepEventBus - Test suite started for story net.thucydides.core.model.Story@d1e746b5
08:34:13.929 [main] INFO   - Test Suite Started: Verify different GET operations using REST-assured

@All @Performance
Scenario: Verify one author of the post      &amp#27;[90m# src/main/resources/AppFeatures/GetPost.feature:4&amp#27;[0m
08:34:14.021 [main] INFO  i.c.core.plugin.SerenityReporter - Running feature from file:///Z:/Automation/JavaCucumber/BDD_HCL/CucumberHCL/src/main/resources/AppFeatures/GetPost.feature
08:34:14.021 [main] WARN  i.c.core.plugin.SerenityReporter - Feature from file:///Z:/Automation/JavaCucumber/BDD_HCL/CucumberHCL/src/main/resources/AppFeatures/GetPost.feature is not under the 'features' directory. Requirements report will not be correctly generated!
08:34:14.163 [main] INFO   - 
  _____   ___   ___   _____     ___   _____     _     ___   _____   ___   ___  
 |_   _| | __| / __| |_   _|   / __| |_   _|   /_\   | _ \ |_   _| | __| |   \ 
   | |   | _|  \__ \   | |     \__ \   | |    / _ \  |   /   | |   | _|  | |) |
   |_|   |___| |___/   |_|     |___/   |_|   /_/ \_\ |_|_\   |_|   |___| |___/ 

Verify one author of the post(verify-different-get-operations-using-rest-assured;verify-one-author-of-the-post)
--------------------------------------------------------------------------------
DEBUG [main] (apphooks.java:34) - Set up Browser
DEBUG [main] (apphooks.java:34)- Set up Browser
08:34:14.404 [main] DEBUG com.pages.drivers.DriversFactory - Initialize Driver Browser Configuration
08:34:14.404 [main] DEBUG com.pages.drivers.DriversFactory -  Driver Browser : chrome
08:34:14.822 [main] DEBUG i.g.bonigarcia.wdm.WebDriverManager - Driver chromedriver 99.0.4844.51 found in cache
08:34:14.824 [main] INFO  i.g.bonigarcia.wdm.WebDriverManager - Exporting webdriver.chrome.driver as C:\Users\DheyClaveria\.cache\selenium\chromedriver\win32\99.0.4844.51\chromedriver.exe
08:34:14.944 [main] DEBUG i.n.u.i.l.InternalLoggerFactory - Using SLF4J as the default logging framework
08:34:14.949 [main] DEBUG io.netty.util.ResourceLeakDetector - -Dio.netty.leakDetection.level: simple
08:34:14.950 [main] DEBUG io.netty.util.ResourceLeakDetector - -Dio.netty.leakDetection.targetRecords: 4
08:34:14.955 [main] DEBUG i.n.util.ResourceLeakDetectorFactory - Loaded default ResourceLeakDetector: io.netty.util.ResourceLeakDetector@58fa5769
08:34:14.989 [main] DEBUG i.n.util.internal.PlatformDependent0 - -Dio.netty.noUnsafe: false
08:34:14.990 [main] DEBUG i.n.util.internal.PlatformDependent0 - Java version: 15
08:34:14.991 [main] DEBUG i.n.util.internal.PlatformDependent0 - sun.misc.Unsafe.theUnsafe: available
08:34:14.993 [main] DEBUG i.n.util.internal.PlatformDependent0 - sun.misc.Unsafe.copyMemory: available
08:34:14.993 [main] DEBUG i.n.util.internal.PlatformDependent0 - java.nio.Buffer.address: available
08:34:14.994 [main] DEBUG i.n.util.internal.PlatformDependent0 - direct buffer constructor: unavailable: Reflective setAccessible(true) disabled
08:34:14.995 [main] DEBUG i.n.util.internal.PlatformDependent0 - java.nio.Bits.unaligned: available, true
08:34:14.996 [main] DEBUG i.n.util.internal.PlatformDependent0 - jdk.internal.misc.Unsafe.allocateUninitializedArray(int): unavailable: class io.netty.util.internal.PlatformDependent0$6 cannot access class jdk.internal.misc.Unsafe (in module java.base) because module java.base does not export jdk.internal.misc to unnamed module @89ff02e
08:34:14.998 [main] DEBUG i.n.util.internal.PlatformDependent0 - java.nio.DirectByteBuffer.<init>(long, int): unavailable
08:34:14.998 [main] DEBUG i.n.util.internal.PlatformDependent - sun.misc.Unsafe: available
08:34:15.000 [main] DEBUG i.n.util.internal.PlatformDependent - maxDirectMemory: 4276092928 bytes (maybe)
08:34:15.001 [main] DEBUG i.n.util.internal.PlatformDependent - -Dio.netty.tmpdir: C:\Users\DheyClaveria\AppData\Local\Temp (java.io.tmpdir)
08:34:15.001 [main] DEBUG i.n.util.internal.PlatformDependent - -Dio.netty.bitMode: 64 (sun.arch.data.model)
08:34:15.001 [main] DEBUG i.n.util.internal.PlatformDependent - Platform: Windows
08:34:15.002 [main] DEBUG i.n.util.internal.PlatformDependent - -Dio.netty.maxDirectMemory: -1 bytes
08:34:15.002 [main] DEBUG i.n.util.internal.PlatformDependent - -Dio.netty.uninitializedArrayAllocationThreshold: -1
08:34:15.004 [main] DEBUG io.netty.util.internal.CleanerJava9 - java.nio.ByteBuffer.cleaner(): available
08:34:15.004 [main] DEBUG i.n.util.internal.PlatformDependent - -Dio.netty.noPreferDirect: false
08:34:15.019 [main] DEBUG i.n.util.internal.PlatformDependent - org.jctools-core.MpscChunkedArrayQueue: available
08:34:15.060 [main] DEBUG i.n.u.i.InternalThreadLocalMap - -Dio.netty.threadLocalMap.stringBuilder.initialSize: 1024
08:34:15.061 [main] DEBUG i.n.u.i.InternalThreadLocalMap - -Dio.netty.threadLocalMap.stringBuilder.maxSize: 4096
08:34:15.123 [main] DEBUG io.netty.handler.ssl.JdkSslContext - Default protocols (JDK): [TLSv1.3, TLSv1.2, TLSv1.1, TLSv1] 
08:34:15.123 [main] DEBUG io.netty.handler.ssl.JdkSslContext - Default cipher suites (JDK): [TLS_ECDHE_ECDSA_WITH_AES_256_GCM_SHA384, TLS_ECDHE_ECDSA_WITH_AES_128_GCM_SHA256, TLS_ECDHE_RSA_WITH_AES_128_GCM_SHA256, TLS_ECDHE_RSA_WITH_AES_256_GCM_SHA384, TLS_ECDHE_RSA_WITH_AES_128_CBC_SHA, TLS_ECDHE_RSA_WITH_AES_256_CBC_SHA, TLS_RSA_WITH_AES_128_GCM_SHA256, TLS_RSA_WITH_AES_128_CBC_SHA, TLS_RSA_WITH_AES_256_CBC_SHA, TLS_AES_128_GCM_SHA256, TLS_AES_256_GCM_SHA384]
08:34:15.172 [main] DEBUG i.n.c.MultithreadEventLoopGroup - -Dio.netty.eventLoopThreads: 24
08:34:15.186 [main] DEBUG io.netty.channel.nio.NioEventLoop - -Dio.netty.noKeySetOptimization: false
08:34:15.186 [main] DEBUG io.netty.channel.nio.NioEventLoop - -Dio.netty.selectorAutoRebuildThreshold: 512
08:34:15.251 [main] DEBUG i.n.buffer.PooledByteBufAllocator - -Dio.netty.allocator.numHeapArenas: 24
08:34:15.252 [main] DEBUG i.n.buffer.PooledByteBufAllocator - -Dio.netty.allocator.numDirectArenas: 24
08:34:15.252 [main] DEBUG i.n.buffer.PooledByteBufAllocator - -Dio.netty.allocator.pageSize: 8192
08:34:15.252 [main] DEBUG i.n.buffer.PooledByteBufAllocator - -Dio.netty.allocator.maxOrder: 11
08:34:15.252 [main] DEBUG i.n.buffer.PooledByteBufAllocator - -Dio.netty.allocator.chunkSize: 16777216
08:34:15.252 [main] DEBUG i.n.buffer.PooledByteBufAllocator - -Dio.netty.allocator.smallCacheSize: 256
08:34:15.252 [main] DEBUG i.n.buffer.PooledByteBufAllocator - -Dio.netty.allocator.normalCacheSize: 64
08:34:15.252 [main] DEBUG i.n.buffer.PooledByteBufAllocator - -Dio.netty.allocator.maxCachedBufferCapacity: 32768
08:34:15.252 [main] DEBUG i.n.buffer.PooledByteBufAllocator - -Dio.netty.allocator.cacheTrimInterval: 8192
08:34:15.252 [main] DEBUG i.n.buffer.PooledByteBufAllocator - -Dio.netty.allocator.cacheTrimIntervalMillis: 0
08:34:15.252 [main] DEBUG i.n.buffer.PooledByteBufAllocator - -Dio.netty.allocator.useCacheForAllThreads: true
08:34:15.252 [main] DEBUG i.n.buffer.PooledByteBufAllocator - -Dio.netty.allocator.maxCachedByteBuffersPerChunk: 1023
08:34:15.268 [main] DEBUG io.netty.buffer.ByteBufUtil - -Dio.netty.allocator.type: pooled
08:34:15.269 [main] DEBUG io.netty.buffer.ByteBufUtil - -Dio.netty.threadLocalDirectBufferSize: 0
08:34:15.269 [main] DEBUG io.netty.buffer.ByteBufUtil - -Dio.netty.maxThreadLocalCharBufferSize: 16384
08:34:16.629 [Forwarding newSession on session null to remote] DEBUG io.netty.channel.DefaultChannelId - -Dio.netty.processId: 29612 (auto-detected)
08:34:16.632 [Forwarding newSession on session null to remote] DEBUG io.netty.util.NetUtil - -Djava.net.preferIPv4Stack: false
08:34:16.632 [Forwarding newSession on session null to remote] DEBUG io.netty.util.NetUtil - -Djava.net.preferIPv6Addresses: false
08:34:16.641 [Forwarding newSession on session null to remote] DEBUG io.netty.util.NetUtilInitializations - Loopback interface: lo (Software Loopback Interface 1, 127.0.0.1)
08:34:16.642 [Forwarding newSession on session null to remote] DEBUG io.netty.util.NetUtil - Failed to get SOMAXCONN from sysctl and file \proc\sys\net\core\somaxconn. Default: 200
08:34:16.661 [Forwarding newSession on session null to remote] DEBUG io.netty.channel.DefaultChannelId - -Dio.netty.machineId: 00:d8:61:ff:fe:9b:78:4c (auto-detected)
08:34:16.737 [AsyncHttpClient-1-2] DEBUG io.netty.buffer.AbstractByteBuf - -Dio.netty.buffer.checkAccessible: true
08:34:16.738 [AsyncHttpClient-1-2] DEBUG io.netty.buffer.AbstractByteBuf - -Dio.netty.buffer.checkBounds: true
08:34:16.738 [AsyncHttpClient-1-2] DEBUG i.n.util.ResourceLeakDetectorFactory - Loaded default ResourceLeakDetector: io.netty.util.ResourceLeakDetector@61142d9b
08:34:16.760 [AsyncHttpClient-1-2] DEBUG o.a.n.channel.NettyConnectListener - Using new Channel '[id: 0xe8c2982c, L:/127.0.0.1:53176 - R:localhost/127.0.0.1:64231]' for 'POST' to '/session'
08:34:16.798 [AsyncHttpClient-1-2] DEBUG io.netty.util.Recycler - -Dio.netty.recycler.maxCapacityPerThread: 4096
08:34:16.798 [AsyncHttpClient-1-2] DEBUG io.netty.util.Recycler - -Dio.netty.recycler.maxSharedCapacityFactor: 2
08:34:16.798 [AsyncHttpClient-1-2] DEBUG io.netty.util.Recycler - -Dio.netty.recycler.linkCapacity: 16
08:34:16.798 [AsyncHttpClient-1-2] DEBUG io.netty.util.Recycler - -Dio.netty.recycler.ratio: 8
08:34:16.798 [AsyncHttpClient-1-2] DEBUG io.netty.util.Recycler - -Dio.netty.recycler.delayedQueue.ratio: 8
08:34:18.142 [AsyncHttpClient-1-2] DEBUG i.n.handler.codec.compression.Brotli - brotli4j not in the classpath; Brotli support will be unavailable.
08:34:18.142 [AsyncHttpClient-1-2] DEBUG o.a.netty.handler.HttpHandler - 

Request DefaultHttpRequest(decodeResult: success, version: HTTP/1.1)
POST /session HTTP/1.1
User-Agent: selenium/4.1.2 (java windows)
Content-Length: 365
Content-Type: application/json; charset=utf-8
host: localhost:64231
accept: */*

Response DefaultHttpResponse(decodeResult: success, version: HTTP/1.1)
HTTP/1.1 200 OK
Content-Type: application/json; charset=utf-8
cache-control: no-cache
content-length: 794

08:34:18.151 [AsyncHttpClient-1-2] DEBUG o.a.netty.channel.ChannelManager - Adding key: http://localhost:64231 for channel [id: 0xe8c2982c, L:/127.0.0.1:53176 - R:localhost/127.0.0.1:64231]
08:34:18.279 [AsyncHttpClient-1-3] DEBUG o.a.n.channel.NettyConnectListener - Using new Channel '[id: 0x40b19143, L:/127.0.0.1:53187 - R:localhost/127.0.0.1:53180]' for 'GET' to '/json/version'
08:34:18.296 [AsyncHttpClient-1-3] DEBUG o.a.netty.handler.HttpHandler - 

Request DefaultFullHttpRequest(decodeResult: success, version: HTTP/1.1, content: EmptyByteBufBE)
GET /json/version HTTP/1.1
User-Agent: selenium/4.1.2 (java windows)
host: localhost:53180
accept: */*

Response DefaultHttpResponse(decodeResult: success, version: HTTP/1.1)
HTTP/1.1 200 OK
Content-Type: application/json; charset=UTF-8
content-length: 423

08:34:18.296 [AsyncHttpClient-1-3] DEBUG o.a.netty.channel.ChannelManager - Adding key: http://localhost:53180 for channel [id: 0x40b19143, L:/127.0.0.1:53187 - R:localhost/127.0.0.1:53180]
08:34:18.315 [main] DEBUG i.n.util.internal.ThreadLocalRandom - -Dio.netty.initialSeedUniquifier: 0xb2981fd22cceeec1
08:34:18.323 [AsyncHttpClient-1-4] DEBUG o.a.n.channel.NettyConnectListener - Using new Channel '[id: 0xf3b57d17, L:/127.0.0.1:53188 - R:localhost/127.0.0.1:53180]' for 'GET' to '/devtools/browser/373ca603-ad9f-4b76-b99a-5d58f23a06e1'
08:34:18.332 [AsyncHttpClient-1-4] DEBUG o.a.netty.handler.WebSocketHandler - 

Request DefaultFullHttpRequest(decodeResult: success, version: HTTP/1.1, content: EmptyByteBufBE)
GET /devtools/browser/373ca603-ad9f-4b76-b99a-5d58f23a06e1 HTTP/1.1
upgrade: websocket
connection: upgrade
sec-websocket-key: dCsJMBYKs3hS93CxBr+Tog==
sec-websocket-version: 13
origin: http://localhost:53180
host: localhost:53180
accept: */*
user-agent: AHC/2.1

Response DefaultHttpResponse(decodeResult: success, version: HTTP/1.1)
HTTP/1.1 101 WebSocket Protocol Handshake
Upgrade: WebSocket
Connection: Upgrade
Sec-WebSocket-Accept: WceYIu7rVmm7L5Mrt9ZrFHQPc0k=

08:34:18.389 [Forwarding deleteAllCookies on session 754061abd0718128c63248997ead5bcd to remote] DEBUG o.a.netty.request.NettyRequestSender - Using pooled Channel '[id: 0xe8c2982c, L:/127.0.0.1:53176 - R:localhost/127.0.0.1:64231]' for 'DELETE' to 'http://localhost:64231/session/754061abd0718128c63248997ead5bcd/cookie'
08:34:18.389 [Forwarding deleteAllCookies on session 754061abd0718128c63248997ead5bcd to remote] DEBUG o.a.netty.request.NettyRequestSender - Using open Channel [id: 0xe8c2982c, L:/127.0.0.1:53176 - R:localhost/127.0.0.1:64231] for DELETE '/session/754061abd0718128c63248997ead5bcd/cookie'
08:34:18.400 [AsyncHttpClient-1-2] DEBUG o.a.netty.handler.HttpHandler - 

Request DefaultFullHttpRequest(decodeResult: success, version: HTTP/1.1, content: EmptyByteBufBE)
DELETE /session/754061abd0718128c63248997ead5bcd/cookie HTTP/1.1
User-Agent: selenium/4.1.2 (java windows)
Content-Type: application/json; charset=utf-8
host: localhost:64231
accept: */*

Response DefaultHttpResponse(decodeResult: success, version: HTTP/1.1)
HTTP/1.1 200 OK
Content-Type: application/json; charset=utf-8
cache-control: no-cache
content-length: 14

08:34:18.401 [AsyncHttpClient-1-2] DEBUG o.a.netty.channel.ChannelManager - Adding key: http://localhost:64231 for channel [id: 0xe8c2982c, L:/127.0.0.1:53176 - R:localhost/127.0.0.1:64231]
08:34:18.412 [Forwarding maximizeCurrentWindow on session 754061abd0718128c63248997ead5bcd to remote] DEBUG o.a.netty.request.NettyRequestSender - Using pooled Channel '[id: 0xe8c2982c, L:/127.0.0.1:53176 - R:localhost/127.0.0.1:64231]' for 'POST' to 'http://localhost:64231/session/754061abd0718128c63248997ead5bcd/window/maximize'
08:34:18.412 [Forwarding maximizeCurrentWindow on session 754061abd0718128c63248997ead5bcd to remote] DEBUG o.a.netty.request.NettyRequestSender - Using open Channel [id: 0xe8c2982c, L:/127.0.0.1:53176 - R:localhost/127.0.0.1:64231] for POST '/session/754061abd0718128c63248997ead5bcd/window/maximize'
08:34:18.441 [AsyncHttpClient-1-1] DEBUG o.a.netty.channel.DefaultChannelPool - Entry count for : http://localhost:53180 : 1
08:34:18.538 [AsyncHttpClient-1-2] DEBUG o.a.netty.handler.HttpHandler - 

Request DefaultHttpRequest(decodeResult: success, version: HTTP/1.1)
POST /session/754061abd0718128c63248997ead5bcd/window/maximize HTTP/1.1
User-Agent: selenium/4.1.2 (java windows)
Content-Length: 3
Content-Type: application/json; charset=utf-8
host: localhost:64231
accept: */*

Response DefaultHttpResponse(decodeResult: success, version: HTTP/1.1)
HTTP/1.1 200 OK
Content-Type: application/json; charset=utf-8
cache-control: no-cache
content-length: 52

08:34:18.539 [AsyncHttpClient-1-2] DEBUG o.a.netty.channel.ChannelManager - Adding key: http://localhost:64231 for channel [id: 0xe8c2982c, L:/127.0.0.1:53176 - R:localhost/127.0.0.1:64231]
DEBUG [main] (GetPostSteps.java:30) - i_perform_get_operation_forposts
DEBUG [main] (GetPostSteps.java:30)- i_perform_get_operation_forposts
08:34:19.541 [AsyncHttpClient-1-1] DEBUG o.a.netty.channel.DefaultChannelPool - Entry count for : http://localhost:53180 : 1
08:34:19.541 [AsyncHttpClient-1-1] DEBUG o.a.netty.channel.DefaultChannelPool - Entry count for : http://localhost:64231 : 1
  &amp#27;[32mGiven &amp#27;[0m&amp#27;[32mI perform GET operation for "&amp#27;[0m&amp#27;[32m&amp#27;[1mposts&amp#27;[0m&amp#27;[32m"&amp#27;[0m  &amp#27;[90m# stepdefinitions.GetPostSteps.i_perform_get_operation_for(java.lang.String)&amp#27;[0m
DEBUG [main] (GetPostSteps.java:39) - i_perform_get_for_the_post_number2
DEBUG [main] (GetPostSteps.java:39)- i_perform_get_for_the_post_number2
08:34:20.648 [AsyncHttpClient-1-1] DEBUG o.a.netty.channel.DefaultChannelPool - Entry count for : http://localhost:53180 : 1
08:34:20.649 [AsyncHttpClient-1-1] DEBUG o.a.netty.channel.DefaultChannelPool - Entry count for : http://localhost:64231 : 1
DEBUG [main] (BasicClientConnectionManager.java:161) - Get connection for route {}->http://localhost:3000
DEBUG [main] (BasicClientConnectionManager.java:161)- Get connection for route {}->http://localhost:3000
DEBUG [main] (DefaultClientConnectionOperator.java:177) - Connecting to localhost:3000
DEBUG [main] (DefaultClientConnectionOperator.java:177)- Connecting to localhost:3000
DEBUG [main] (RequestAddCookies.java:123) - CookieSpec selected: ignoreCookies
DEBUG [main] (RequestAddCookies.java:123)- CookieSpec selected: ignoreCookies
DEBUG [main] (RequestAuthCache.java:77) - Auth cache not set in the context
DEBUG [main] (RequestAuthCache.java:77)- Auth cache not set in the context
DEBUG [main] (RequestTargetAuthentication.java:80) - Target auth state: UNCHALLENGED
DEBUG [main] (RequestTargetAuthentication.java:80)- Target auth state: UNCHALLENGED
DEBUG [main] (RequestProxyAuthentication.java:89) - Proxy auth state: UNCHALLENGED
DEBUG [main] (RequestProxyAuthentication.java:89)- Proxy auth state: UNCHALLENGED
DEBUG [main] (DefaultRequestDirector.java:677) - Attempt 1 to execute request
DEBUG [main] (DefaultRequestDirector.java:677)- Attempt 1 to execute request
DEBUG [main] (DefaultClientConnection.java:274) - Sending request: GET /posts/2 HTTP/1.1
DEBUG [main] (DefaultClientConnection.java:274)- Sending request: GET /posts/2 HTTP/1.1
DEBUG [main] (Wire.java:73) -  >> "GET /posts/2 HTTP/1.1[\r][\n]"
DEBUG [main] (Wire.java:73)-  >> "GET /posts/2 HTTP/1.1[\r][\n]"
DEBUG [main] (Wire.java:73) -  >> "Accept: */*[\r][\n]"
DEBUG [main] (Wire.java:73)-  >> "Accept: */*[\r][\n]"
DEBUG [main] (Wire.java:73) -  >> "Host: localhost:3000[\r][\n]"
DEBUG [main] (Wire.java:73)-  >> "Host: localhost:3000[\r][\n]"
DEBUG [main] (Wire.java:73) -  >> "Connection: Keep-Alive[\r][\n]"
DEBUG [main] (Wire.java:73)-  >> "Connection: Keep-Alive[\r][\n]"
DEBUG [main] (Wire.java:73) -  >> "User-Agent: Apache-HttpClient/4.5.13 (Java/15.0.1)[\r][\n]"
DEBUG [main] (Wire.java:73)-  >> "User-Agent: Apache-HttpClient/4.5.13 (Java/15.0.1)[\r][\n]"
DEBUG [main] (Wire.java:73) -  >> "Accept-Encoding: gzip,deflate[\r][\n]"
DEBUG [main] (Wire.java:73)-  >> "Accept-Encoding: gzip,deflate[\r][\n]"
DEBUG [main] (Wire.java:73) -  >> "[\r][\n]"
DEBUG [main] (Wire.java:73)-  >> "[\r][\n]"
DEBUG [main] (DefaultClientConnection.java:278) - >> GET /posts/2 HTTP/1.1
DEBUG [main] (DefaultClientConnection.java:278)- >> GET /posts/2 HTTP/1.1
DEBUG [main] (DefaultClientConnection.java:281) - >> Accept: */*
DEBUG [main] (DefaultClientConnection.java:281)- >> Accept: */*
DEBUG [main] (DefaultClientConnection.java:281) - >> Host: localhost:3000
DEBUG [main] (DefaultClientConnection.java:281)- >> Host: localhost:3000
DEBUG [main] (DefaultClientConnection.java:281) - >> Connection: Keep-Alive
DEBUG [main] (DefaultClientConnection.java:281)- >> Connection: Keep-Alive
DEBUG [main] (DefaultClientConnection.java:281) - >> User-Agent: Apache-HttpClient/4.5.13 (Java/15.0.1)
DEBUG [main] (DefaultClientConnection.java:281)- >> User-Agent: Apache-HttpClient/4.5.13 (Java/15.0.1)
DEBUG [main] (DefaultClientConnection.java:281) - >> Accept-Encoding: gzip,deflate
DEBUG [main] (DefaultClientConnection.java:281)- >> Accept-Encoding: gzip,deflate
DEBUG [main] (Wire.java:73) -  << "HTTP/1.1 200 OK[\r][\n]"
DEBUG [main] (Wire.java:73)-  << "HTTP/1.1 200 OK[\r][\n]"
DEBUG [main] (Wire.java:73) -  << "X-Powered-By: Express[\r][\n]"
DEBUG [main] (Wire.java:73)-  << "X-Powered-By: Express[\r][\n]"
DEBUG [main] (Wire.java:73) -  << "Vary: Origin, Accept-Encoding[\r][\n]"
DEBUG [main] (Wire.java:73)-  << "Vary: Origin, Accept-Encoding[\r][\n]"
DEBUG [main] (Wire.java:73) -  << "Access-Control-Allow-Credentials: true[\r][\n]"
DEBUG [main] (Wire.java:73)-  << "Access-Control-Allow-Credentials: true[\r][\n]"
DEBUG [main] (Wire.java:73) -  << "Cache-Control: no-cache[\r][\n]"
DEBUG [main] (Wire.java:73)-  << "Cache-Control: no-cache[\r][\n]"
DEBUG [main] (Wire.java:73) -  << "Pragma: no-cache[\r][\n]"
DEBUG [main] (Wire.java:73)-  << "Pragma: no-cache[\r][\n]"
DEBUG [main] (Wire.java:73) -  << "Expires: -1[\r][\n]"
DEBUG [main] (Wire.java:73)-  << "Expires: -1[\r][\n]"
DEBUG [main] (Wire.java:73) -  << "X-Content-Type-Options: nosniff[\r][\n]"
DEBUG [main] (Wire.java:73)-  << "X-Content-Type-Options: nosniff[\r][\n]"
DEBUG [main] (Wire.java:73) -  << "Content-Type: application/json; charset=utf-8[\r][\n]"
DEBUG [main] (Wire.java:73)-  << "Content-Type: application/json; charset=utf-8[\r][\n]"
DEBUG [main] (Wire.java:73) -  << "Content-Length: 59[\r][\n]"
DEBUG [main] (Wire.java:73)-  << "Content-Length: 59[\r][\n]"
DEBUG [main] (Wire.java:73) -  << "ETag: W/"3b-X/C3rCWS1dLfJqqpaC5A0hnk+QY"[\r][\n]"
DEBUG [main] (Wire.java:73)-  << "ETag: W/"3b-X/C3rCWS1dLfJqqpaC5A0hnk+QY"[\r][\n]"
DEBUG [main] (Wire.java:73) -  << "Date: Tue, 29 Mar 2022 00:34:21 GMT[\r][\n]"
DEBUG [main] (Wire.java:73)-  << "Date: Tue, 29 Mar 2022 00:34:21 GMT[\r][\n]"
DEBUG [main] (Wire.java:73) -  << "Connection: keep-alive[\r][\n]"
DEBUG [main] (Wire.java:73)-  << "Connection: keep-alive[\r][\n]"
DEBUG [main] (Wire.java:73) -  << "[\r][\n]"
DEBUG [main] (Wire.java:73)-  << "[\r][\n]"
DEBUG [main] (DefaultClientConnection.java:259) - Receiving response: HTTP/1.1 200 OK
DEBUG [main] (DefaultClientConnection.java:259)- Receiving response: HTTP/1.1 200 OK
DEBUG [main] (DefaultClientConnection.java:262) - << HTTP/1.1 200 OK
DEBUG [main] (DefaultClientConnection.java:262)- << HTTP/1.1 200 OK
DEBUG [main] (DefaultClientConnection.java:265) - << X-Powered-By: Express
DEBUG [main] (DefaultClientConnection.java:265)- << X-Powered-By: Express
DEBUG [main] (DefaultClientConnection.java:265) - << Vary: Origin, Accept-Encoding
DEBUG [main] (DefaultClientConnection.java:265)- << Vary: Origin, Accept-Encoding
DEBUG [main] (DefaultClientConnection.java:265) - << Access-Control-Allow-Credentials: true
DEBUG [main] (DefaultClientConnection.java:265)- << Access-Control-Allow-Credentials: true
DEBUG [main] (DefaultClientConnection.java:265) - << Cache-Control: no-cache
DEBUG [main] (DefaultClientConnection.java:265)- << Cache-Control: no-cache
DEBUG [main] (DefaultClientConnection.java:265) - << Pragma: no-cache
DEBUG [main] (DefaultClientConnection.java:265)- << Pragma: no-cache
DEBUG [main] (DefaultClientConnection.java:265) - << Expires: -1
DEBUG [main] (DefaultClientConnection.java:265)- << Expires: -1
DEBUG [main] (DefaultClientConnection.java:265) - << X-Content-Type-Options: nosniff
DEBUG [main] (DefaultClientConnection.java:265)- << X-Content-Type-Options: nosniff
DEBUG [main] (DefaultClientConnection.java:265) - << Content-Type: application/json; charset=utf-8
DEBUG [main] (DefaultClientConnection.java:265)- << Content-Type: application/json; charset=utf-8
DEBUG [main] (DefaultClientConnection.java:265) - << Content-Length: 59
DEBUG [main] (DefaultClientConnection.java:265)- << Content-Length: 59
DEBUG [main] (DefaultClientConnection.java:265) - << ETag: W/"3b-X/C3rCWS1dLfJqqpaC5A0hnk+QY"
DEBUG [main] (DefaultClientConnection.java:265)- << ETag: W/"3b-X/C3rCWS1dLfJqqpaC5A0hnk+QY"
DEBUG [main] (DefaultClientConnection.java:265) - << Date: Tue, 29 Mar 2022 00:34:21 GMT
DEBUG [main] (DefaultClientConnection.java:265)- << Date: Tue, 29 Mar 2022 00:34:21 GMT
DEBUG [main] (DefaultClientConnection.java:265) - << Connection: keep-alive
DEBUG [main] (DefaultClientConnection.java:265)- << Connection: keep-alive
DEBUG [main] (DefaultRequestDirector.java:504) - Connection can be kept alive indefinitely
DEBUG [main] (DefaultRequestDirector.java:504)- Connection can be kept alive indefinitely
DEBUG [main] (HTTPBuilder.java:547) - Parsing response as: application/json; charset=utf-8
DEBUG [main] (HTTPBuilder.java:547)- Parsing response as: application/json; charset=utf-8
DEBUG [main] (HTTPBuilder.java:550) - Parsed data to instance of: class org.apache.http.conn.EofSensorInputStream
DEBUG [main] (HTTPBuilder.java:550)- Parsed data to instance of: class org.apache.http.conn.EofSensorInputStream
DEBUG [main] (Wire.java:73) -  << "{[\n]"
DEBUG [main] (Wire.java:73)-  << "{[\n]"
DEBUG [main] (Wire.java:73) -  << "  "id": 2,[\n]"
DEBUG [main] (Wire.java:73)-  << "  "id": 2,[\n]"
DEBUG [main] (Wire.java:73) -  << "  "title": "rest-assured",[\n]"
DEBUG [main] (Wire.java:73)-  << "  "title": "rest-assured",[\n]"
DEBUG [main] (Wire.java:73) -  << "  "author": "api"[\n]"
DEBUG [main] (Wire.java:73)-  << "  "author": "api"[\n]"
DEBUG [main] (Wire.java:87) -  << "}"
DEBUG [main] (Wire.java:87)-  << "}"
DEBUG [main] (BasicClientConnectionManager.java:200) - Releasing connection org.apache.http.impl.conn.ManagedClientConnectionImpl@20914835
DEBUG [main] (BasicClientConnectionManager.java:200)- Releasing connection org.apache.http.impl.conn.ManagedClientConnectionImpl@20914835
DEBUG [main] (BasicClientConnectionManager.java:225) - Connection can be kept alive indefinitely
DEBUG [main] (BasicClientConnectionManager.java:225)- Connection can be kept alive indefinitely
DEBUG [main] (GetPostSteps.java:41) - request header : 
 {
    "id": 2,
    "title": "rest-assured",
    "author": "api"
}
DEBUG [main] (GetPostSteps.java:41)- request header : 
 {
    "id": 2,
    "title": "rest-assured",
    "author": "api"
}
  &amp#27;[32mWhen &amp#27;[0m&amp#27;[32mI perform GET for the post number "&amp#27;[0m&amp#27;[32m&amp#27;[1m2&amp#27;[0m&amp#27;[32m"&amp#27;[0m &amp#27;[90m# stepdefinitions.GetPostSteps.i_perform_get_for_the_post_number(java.lang.String)&amp#27;[0m
DEBUG [main] (GetPostSteps.java:88) - geti_should_see_the_author_name_asBody : api
DEBUG [main] (GetPostSteps.java:88)- geti_should_see_the_author_name_asBody : api
HTTP/1.1 200 OK
X-Powered-By: Express
Vary: Origin, Accept-Encoding
Access-Control-Allow-Credentials: true
Cache-Control: no-cache
Pragma: no-cache
Expires: -1
X-Content-Type-Options: nosniff
Content-Type: application/json; charset=utf-8
Content-Length: 59
ETag: W/"3b-X/C3rCWS1dLfJqqpaC5A0hnk+QY"
Date: Tue, 29 Mar 2022 00:34:21 GMT
Connection: keep-alive

{
    "id": 2,
    "title": "rest-assured",
    "author": "api"
}
08:34:21.733 [AsyncHttpClient-1-1] DEBUG o.a.netty.channel.DefaultChannelPool - Entry count for : http://localhost:53180 : 1
08:34:21.733 [AsyncHttpClient-1-1] DEBUG o.a.netty.channel.DefaultChannelPool - Entry count for : http://localhost:64231 : 1
DEBUG [main] (GetPostSteps.java:93) - getBody : io.restassured.internal.RestAssuredResponseImpl@29ee8174
DEBUG [main] (GetPostSteps.java:93)- getBody : io.restassured.internal.RestAssuredResponseImpl@29ee8174
  &amp#27;[32mThen &amp#27;[0m&amp#27;[32mI should see the author name as "&amp#27;[0m&amp#27;[32m&amp#27;[1mapi&amp#27;[0m&amp#27;[32m"&amp#27;[0m &amp#27;[90m# stepdefinitions.GetPostSteps.i_should_see_the_author_name_as(java.lang.String)&amp#27;[0m
DEBUG [main] (apphooks.java:45) - Close Browser
DEBUG [main] (apphooks.java:45)- Close Browser
08:34:22.679 [AsyncHttpClient-1-4] DEBUG o.a.netty.handler.WebSocketHandler - Channel Closed: [id: 0xf3b57d17, L:/127.0.0.1:53188 ! R:localhost/127.0.0.1:53180] with attribute NettyResponseFuture{currentRetry=5,
	isDone=1,
	isCancelled=0,
	asyncHandler=org.asynchttpclient.ws.WebSocketUpgradeHandler@6d858296,
	nettyRequest=org.asynchttpclient.netty.request.NettyRequest@52933581,
	future=java.util.concurrent.CompletableFuture@4f08a300[Completed normally],
	uri=ws://localhost:53180/devtools/browser/373ca603-ad9f-4b76-b99a-5d58f23a06e1,
	keepAlive=true,
	redirectCount=0,
	timeoutsHolder=null,
	inAuth=0,
	touch=1648514058352}
08:34:22.680 [AsyncHttpClient-1-4] DEBUG o.a.netty.channel.ChannelManager - Closing Channel [id: 0xf3b57d17, L:/127.0.0.1:53188 ! R:localhost/127.0.0.1:53180] 
08:34:22.682 [Driver Command Executor] DEBUG o.a.netty.request.NettyRequestSender - Using pooled Channel '[id: 0xe8c2982c, L:/127.0.0.1:53176 - R:localhost/127.0.0.1:64231]' for 'DELETE' to 'http://localhost:64231/session/754061abd0718128c63248997ead5bcd'
08:34:22.682 [Driver Command Executor] DEBUG o.a.netty.request.NettyRequestSender - Using open Channel [id: 0xe8c2982c, L:/127.0.0.1:53176 - R:localhost/127.0.0.1:64231] for DELETE '/session/754061abd0718128c63248997ead5bcd'
08:34:22.819 [AsyncHttpClient-1-3] DEBUG o.a.netty.handler.HttpHandler - Unexpected I/O exception on channel [id: 0x40b19143, L:/127.0.0.1:53187 - R:localhost/127.0.0.1:53180]
java.net.SocketException: Connection reset
	at java.base/sun.nio.ch.SocketChannelImpl.throwConnectionReset(SocketChannelImpl.java:367) ~[na:na]
	at java.base/sun.nio.ch.SocketChannelImpl.read(SocketChannelImpl.java:398) ~[na:na]
	at io.netty.buffer.PooledByteBuf.setBytes(PooledByteBuf.java:253) ~[netty-buffer-4.1.70.Final.jar:4.1.70.Final]
	at io.netty.buffer.AbstractByteBuf.writeBytes(AbstractByteBuf.java:1132) ~[netty-buffer-4.1.70.Final.jar:4.1.70.Final]
	at io.netty.channel.socket.nio.NioSocketChannel.doReadBytes(NioSocketChannel.java:350) ~[netty-transport-4.1.70.Final.jar:4.1.70.Final]
	at io.netty.channel.nio.AbstractNioByteChannel$NioByteUnsafe.read(AbstractNioByteChannel.java:151) ~[netty-transport-4.1.70.Final.jar:4.1.70.Final]
	at io.netty.channel.nio.NioEventLoop.processSelectedKey(NioEventLoop.java:719) ~[netty-transport-4.1.70.Final.jar:4.1.70.Final]
	at io.netty.channel.nio.NioEventLoop.processSelectedKeysOptimized(NioEventLoop.java:655) ~[netty-transport-4.1.70.Final.jar:4.1.70.Final]
	at io.netty.channel.nio.NioEventLoop.processSelectedKeys(NioEventLoop.java:581) ~[netty-transport-4.1.70.Final.jar:4.1.70.Final]
	at io.netty.channel.nio.NioEventLoop.run(NioEventLoop.java:493) ~[netty-transport-4.1.70.Final.jar:4.1.70.Final]
	at io.netty.util.concurrent.SingleThreadEventExecutor$4.run(SingleThreadEventExecutor.java:986) ~[netty-common-4.1.70.Final.jar:4.1.70.Final]
	at io.netty.util.internal.ThreadExecutorMap$2.run(ThreadExecutorMap.java:74) ~[netty-common-4.1.70.Final.jar:4.1.70.Final]
	at io.netty.util.concurrent.FastThreadLocalRunnable.run(FastThreadLocalRunnable.java:30) ~[netty-common-4.1.70.Final.jar:4.1.70.Final]
	at java.base/java.lang.Thread.run(Thread.java:832) ~[na:na]
08:34:22.819 [AsyncHttpClient-1-3] DEBUG o.a.netty.channel.ChannelManager - Closing Channel [id: 0x40b19143, L:/127.0.0.1:53187 - R:localhost/127.0.0.1:53180] 
08:34:22.820 [AsyncHttpClient-1-3] DEBUG o.a.netty.handler.HttpHandler - Channel Closed: [id: 0x40b19143, L:/127.0.0.1:53187 ! R:localhost/127.0.0.1:53180] with attribute DISCARD
08:34:22.834 [AsyncHttpClient-1-1] DEBUG o.a.netty.channel.DefaultChannelPool - Entry count for : http://localhost:53180 : 1
08:34:22.834 [AsyncHttpClient-1-1] DEBUG o.a.netty.channel.DefaultChannelPool - Adding Candidate expired Channel [id: 0x40b19143, L:/127.0.0.1:53187 ! R:localhost/127.0.0.1:53180] isIdleTimeoutExpired=false isRemotelyClosed=true isTtlExpired=false
08:34:22.835 [AsyncHttpClient-1-1] DEBUG o.a.netty.channel.DefaultChannelPool - Closing Idle Channel [id: 0x40b19143, L:/127.0.0.1:53187 ! R:localhost/127.0.0.1:53180]
08:34:22.835 [AsyncHttpClient-1-1] DEBUG o.a.netty.channel.DefaultChannelPool - Closed 1 connections out of 1 in 1 ms
08:34:22.843 [AsyncHttpClient-1-2] DEBUG o.a.netty.handler.HttpHandler - 

Request DefaultFullHttpRequest(decodeResult: success, version: HTTP/1.1, content: EmptyByteBufBE)
DELETE /session/754061abd0718128c63248997ead5bcd HTTP/1.1
User-Agent: selenium/4.1.2 (java windows)
Content-Type: application/json; charset=utf-8
host: localhost:64231
accept: */*

Response DefaultHttpResponse(decodeResult: success, version: HTTP/1.1)
HTTP/1.1 200 OK
Content-Type: application/json; charset=utf-8
cache-control: no-cache
content-length: 14

08:34:22.844 [AsyncHttpClient-1-2] DEBUG o.a.netty.channel.ChannelManager - Adding key: http://localhost:64231 for channel [id: 0xe8c2982c, L:/127.0.0.1:53176 - R:localhost/127.0.0.1:64231]
08:34:22.901 [AsyncHttpClient-1-2] DEBUG o.a.netty.handler.HttpHandler - Channel Closed: [id: 0xe8c2982c, L:/127.0.0.1:53176 ! R:localhost/127.0.0.1:64231] with attribute DISCARD
08:34:23.442 [main] INFO   - 
  _____   ___   ___   _____     ___     _     ___   ___   ___   ___  
 |_   _| | __| / __| |_   _|   | _ \   /_\   / __| / __| | __| |   \ 
   | |   | _|  \__ \   | |     |  _/  / _ \  \__ \ \__ \ | _|  | |) |
   |_|   |___| |___/   |_|     |_|   /_/ \_\ |___/ |___/ |___| |___/ 

Verify one author of the post
----------------------------------------------------------------------
]]></system-out>
    <system-err><![CDATA[SLF4J: Class path contains multiple SLF4J bindings.
SLF4J: Found binding in [jar:file:/C:/Users/DheyClaveria/.m2/repository/ch/qos/logback/logback-classic/1.1.3/logback-classic-1.1.3.jar!/org/slf4j/impl/StaticLoggerBinder.class]
SLF4J: Found binding in [jar:file:/C:/Users/DheyClaveria/.m2/repository/org/slf4j/slf4j-reload4j/1.7.36/slf4j-reload4j-1.7.36.jar!/org/slf4j/impl/StaticLoggerBinder.class]
SLF4J: See http://www.slf4j.org/codes.html#multiple_bindings for an explanation.
SLF4J: Actual binding is of type [ch.qos.logback.classic.util.ContextSelectorStaticBinder]
log4j:WARN No such property [locationInfo] in org.apache.log4j.PatternLayout.
Starting ChromeDriver 99.0.4844.51 (d537ec02474b5afe23684e7963d538896c63ac77-refs/branch-heads/4844@{#875}) on port 64231
Only local connections are allowed.
Please see https://chromedriver.chromium.org/security-considerations for suggestions on keeping ChromeDriver safe.
ChromeDriver was started successfully.
Mar 29, 2022 8:34:18 AM org.openqa.selenium.remote.ProtocolHandshake createSession
INFO: Detected dialect: W3C
Mar 29, 2022 8:34:18 AM org.openqa.selenium.devtools.CdpVersionFinder findNearestMatch
WARNING: Unable to find an exact match for CDP version 99, so returning the closest version found: 96
Mar 29, 2022 8:34:18 AM org.openqa.selenium.devtools.CdpVersionFinder findNearestMatch
INFO: Found CDP implementation for version 99 of 96
]]></system-err>
  </testcase>
  <testcase name="Verify one existing user credentials" classname="Verify different GET operations using REST-assured" time="3.577">
    <system-out><![CDATA[
@All @Performance
Scenario: Verify one existing user credentials                                  &amp#27;[90m# src/main/resources/AppFeatures/GetPost.feature:10&amp#27;[0m
08:34:23.474 [main] INFO  i.c.core.plugin.SerenityReporter - Running feature from file:///Z:/Automation/JavaCucumber/BDD_HCL/CucumberHCL/src/main/resources/AppFeatures/GetPost.feature
08:34:23.474 [main] WARN  i.c.core.plugin.SerenityReporter - Feature from file:///Z:/Automation/JavaCucumber/BDD_HCL/CucumberHCL/src/main/resources/AppFeatures/GetPost.feature is not under the 'features' directory. Requirements report will not be correctly generated!
08:34:23.478 [main] INFO   - 
  _____   ___   ___   _____     ___   _____     _     ___   _____   ___   ___  
 |_   _| | __| / __| |_   _|   / __| |_   _|   /_\   | _ \ |_   _| | __| |   \ 
   | |   | _|  \__ \   | |     \__ \   | |    / _ \  |   /   | |   | _|  | |) |
   |_|   |___| |___/   |_|     |___/   |_|   /_/ \_\ |_|_\   |_|   |___| |___/ 

Verify one existing user credentials(verify-different-get-operations-using-rest-assured;verify-one-existing-user-credentials)
--------------------------------------------------------------------------------
DEBUG [main] (apphooks.java:34) - Set up Browser
DEBUG [main] (apphooks.java:34)- Set up Browser
08:34:23.492 [main] DEBUG com.pages.drivers.DriversFactory - Initialize Driver Browser Configuration
08:34:23.492 [main] DEBUG com.pages.drivers.DriversFactory -  Driver Browser : chrome
08:34:23.516 [main] DEBUG i.g.bonigarcia.wdm.WebDriverManager - Driver chromedriver 99.0.4844.51 found in cache
08:34:23.519 [main] INFO  i.g.bonigarcia.wdm.WebDriverManager - Exporting webdriver.chrome.driver as C:\Users\DheyClaveria\.cache\selenium\chromedriver\win32\99.0.4844.51\chromedriver.exe
08:34:23.939 [AsyncHttpClient-1-1] DEBUG o.a.netty.channel.DefaultChannelPool - Entry count for : http://localhost:64231 : 1
08:34:23.939 [AsyncHttpClient-1-1] DEBUG o.a.netty.channel.DefaultChannelPool - Adding Candidate expired Channel [id: 0xe8c2982c, L:/127.0.0.1:53176 ! R:localhost/127.0.0.1:64231] isIdleTimeoutExpired=false isRemotelyClosed=true isTtlExpired=false
08:34:23.939 [AsyncHttpClient-1-1] DEBUG o.a.netty.channel.DefaultChannelPool - Closing Idle Channel [id: 0xe8c2982c, L:/127.0.0.1:53176 ! R:localhost/127.0.0.1:64231]
08:34:23.940 [AsyncHttpClient-1-1] DEBUG o.a.netty.channel.DefaultChannelPool - Closed 1 connections out of 1 in 1 ms
08:34:24.081 [AsyncHttpClient-1-5] DEBUG o.a.n.channel.NettyConnectListener - Using new Channel '[id: 0x4490ee22, L:/127.0.0.1:53205 - R:localhost/127.0.0.1:59348]' for 'POST' to '/session'
08:34:25.581 [AsyncHttpClient-1-5] DEBUG o.a.netty.handler.HttpHandler - 

Request DefaultHttpRequest(decodeResult: success, version: HTTP/1.1)
POST /session HTTP/1.1
User-Agent: selenium/4.1.2 (java windows)
Content-Length: 365
Content-Type: application/json; charset=utf-8
host: localhost:59348
accept: */*

Response DefaultHttpResponse(decodeResult: success, version: HTTP/1.1)
HTTP/1.1 200 OK
Content-Type: application/json; charset=utf-8
cache-control: no-cache
content-length: 794

08:34:25.581 [AsyncHttpClient-1-5] DEBUG o.a.netty.channel.ChannelManager - Adding key: http://localhost:59348 for channel [id: 0x4490ee22, L:/127.0.0.1:53205 - R:localhost/127.0.0.1:59348]
08:34:25.597 [AsyncHttpClient-1-6] DEBUG o.a.n.channel.NettyConnectListener - Using new Channel '[id: 0xd6fa4d98, L:/127.0.0.1:53254 - R:localhost/127.0.0.1:53247]' for 'GET' to '/json/version'
08:34:25.607 [AsyncHttpClient-1-6] DEBUG o.a.netty.handler.HttpHandler - 

Request DefaultFullHttpRequest(decodeResult: success, version: HTTP/1.1, content: EmptyByteBufBE)
GET /json/version HTTP/1.1
User-Agent: selenium/4.1.2 (java windows)
host: localhost:53247
accept: */*

Response DefaultHttpResponse(decodeResult: success, version: HTTP/1.1)
HTTP/1.1 200 OK
Content-Type: application/json; charset=UTF-8
content-length: 423

08:34:25.607 [AsyncHttpClient-1-6] DEBUG o.a.netty.channel.ChannelManager - Adding key: http://localhost:53247 for channel [id: 0xd6fa4d98, L:/127.0.0.1:53254 - R:localhost/127.0.0.1:53247]
08:34:25.613 [AsyncHttpClient-1-7] DEBUG o.a.n.channel.NettyConnectListener - Using new Channel '[id: 0x4c1b7f90, L:/127.0.0.1:53255 - R:localhost/127.0.0.1:53247]' for 'GET' to '/devtools/browser/7440a151-6e42-4c03-9a2d-700ff3dc3c87'
08:34:25.623 [AsyncHttpClient-1-7] DEBUG o.a.netty.handler.WebSocketHandler - 

Request DefaultFullHttpRequest(decodeResult: success, version: HTTP/1.1, content: EmptyByteBufBE)
GET /devtools/browser/7440a151-6e42-4c03-9a2d-700ff3dc3c87 HTTP/1.1
upgrade: websocket
connection: upgrade
sec-websocket-key: es0XnPUP/2AtEgZREMNoow==
sec-websocket-version: 13
origin: http://localhost:53247
host: localhost:53247
accept: */*
user-agent: AHC/2.1

Response DefaultHttpResponse(decodeResult: success, version: HTTP/1.1)
HTTP/1.1 101 WebSocket Protocol Handshake
Upgrade: WebSocket
Connection: Upgrade
Sec-WebSocket-Accept: gYAtKGbllzeuKUMeWwKSXYJ+cY4=

08:34:25.632 [Forwarding deleteAllCookies on session f710dc36353f58c3a5b8cc70b99bd96c to remote] DEBUG o.a.netty.request.NettyRequestSender - Using pooled Channel '[id: 0x4490ee22, L:/127.0.0.1:53205 - R:localhost/127.0.0.1:59348]' for 'DELETE' to 'http://localhost:59348/session/f710dc36353f58c3a5b8cc70b99bd96c/cookie'
08:34:25.633 [Forwarding deleteAllCookies on session f710dc36353f58c3a5b8cc70b99bd96c to remote] DEBUG o.a.netty.request.NettyRequestSender - Using open Channel [id: 0x4490ee22, L:/127.0.0.1:53205 - R:localhost/127.0.0.1:59348] for DELETE '/session/f710dc36353f58c3a5b8cc70b99bd96c/cookie'
08:34:25.655 [AsyncHttpClient-1-5] DEBUG o.a.netty.handler.HttpHandler - 

Request DefaultFullHttpRequest(decodeResult: success, version: HTTP/1.1, content: EmptyByteBufBE)
DELETE /session/f710dc36353f58c3a5b8cc70b99bd96c/cookie HTTP/1.1
User-Agent: selenium/4.1.2 (java windows)
Content-Type: application/json; charset=utf-8
host: localhost:59348
accept: */*

Response DefaultHttpResponse(decodeResult: success, version: HTTP/1.1)
HTTP/1.1 200 OK
Content-Type: application/json; charset=utf-8
cache-control: no-cache
content-length: 14

08:34:25.656 [AsyncHttpClient-1-5] DEBUG o.a.netty.channel.ChannelManager - Adding key: http://localhost:59348 for channel [id: 0x4490ee22, L:/127.0.0.1:53205 - R:localhost/127.0.0.1:59348]
08:34:25.660 [Forwarding maximizeCurrentWindow on session f710dc36353f58c3a5b8cc70b99bd96c to remote] DEBUG o.a.netty.request.NettyRequestSender - Using pooled Channel '[id: 0x4490ee22, L:/127.0.0.1:53205 - R:localhost/127.0.0.1:59348]' for 'POST' to 'http://localhost:59348/session/f710dc36353f58c3a5b8cc70b99bd96c/window/maximize'
08:34:25.660 [Forwarding maximizeCurrentWindow on session f710dc36353f58c3a5b8cc70b99bd96c to remote] DEBUG o.a.netty.request.NettyRequestSender - Using open Channel [id: 0x4490ee22, L:/127.0.0.1:53205 - R:localhost/127.0.0.1:59348] for POST '/session/f710dc36353f58c3a5b8cc70b99bd96c/window/maximize'
08:34:25.793 [AsyncHttpClient-1-5] DEBUG o.a.netty.handler.HttpHandler - 

Request DefaultHttpRequest(decodeResult: success, version: HTTP/1.1)
POST /session/f710dc36353f58c3a5b8cc70b99bd96c/window/maximize HTTP/1.1
User-Agent: selenium/4.1.2 (java windows)
Content-Length: 3
Content-Type: application/json; charset=utf-8
host: localhost:59348
accept: */*

Response DefaultHttpResponse(decodeResult: success, version: HTTP/1.1)
HTTP/1.1 200 OK
Content-Type: application/json; charset=utf-8
cache-control: no-cache
content-length: 52

08:34:25.794 [AsyncHttpClient-1-5] DEBUG o.a.netty.channel.ChannelManager - Adding key: http://localhost:59348 for channel [id: 0x4490ee22, L:/127.0.0.1:53205 - R:localhost/127.0.0.1:59348]
DEBUG [main] (GetPostSteps.java:30) - i_perform_get_operation_forusercredentials
DEBUG [main] (GetPostSteps.java:30)- i_perform_get_operation_forusercredentials
  &amp#27;[32mGiven &amp#27;[0m&amp#27;[32mI perform GET operation for "&amp#27;[0m&amp#27;[32m&amp#27;[1musercredentials&amp#27;[0m&amp#27;[32m"&amp#27;[0m                           &amp#27;[90m# stepdefinitions.GetPostSteps.i_perform_get_operation_for(java.lang.String)&amp#27;[0m
DEBUG [main] (GetPostSteps.java:46) - i_perform_get_for_the_id_number : 2
DEBUG [main] (GetPostSteps.java:46)- i_perform_get_for_the_id_number : 2
DEBUG [main] (BasicClientConnectionManager.java:161) - Get connection for route {}->http://localhost:3000
DEBUG [main] (BasicClientConnectionManager.java:161)- Get connection for route {}->http://localhost:3000
DEBUG [main] (DefaultClientConnectionOperator.java:177) - Connecting to localhost:3000
DEBUG [main] (DefaultClientConnectionOperator.java:177)- Connecting to localhost:3000
DEBUG [main] (RequestAddCookies.java:123) - CookieSpec selected: ignoreCookies
DEBUG [main] (RequestAddCookies.java:123)- CookieSpec selected: ignoreCookies
DEBUG [main] (RequestAuthCache.java:77) - Auth cache not set in the context
DEBUG [main] (RequestAuthCache.java:77)- Auth cache not set in the context
DEBUG [main] (RequestTargetAuthentication.java:80) - Target auth state: UNCHALLENGED
DEBUG [main] (RequestTargetAuthentication.java:80)- Target auth state: UNCHALLENGED
DEBUG [main] (RequestProxyAuthentication.java:89) - Proxy auth state: UNCHALLENGED
DEBUG [main] (RequestProxyAuthentication.java:89)- Proxy auth state: UNCHALLENGED
DEBUG [main] (DefaultRequestDirector.java:677) - Attempt 1 to execute request
DEBUG [main] (DefaultRequestDirector.java:677)- Attempt 1 to execute request
DEBUG [main] (DefaultClientConnection.java:274) - Sending request: GET /usercredentials/2 HTTP/1.1
DEBUG [main] (DefaultClientConnection.java:274)- Sending request: GET /usercredentials/2 HTTP/1.1
DEBUG [main] (Wire.java:73) -  >> "GET /usercredentials/2 HTTP/1.1[\r][\n]"
DEBUG [main] (Wire.java:73)-  >> "GET /usercredentials/2 HTTP/1.1[\r][\n]"
DEBUG [main] (Wire.java:73) -  >> "Accept: */*[\r][\n]"
DEBUG [main] (Wire.java:73)-  >> "Accept: */*[\r][\n]"
DEBUG [main] (Wire.java:73) -  >> "Host: localhost:3000[\r][\n]"
DEBUG [main] (Wire.java:73)-  >> "Host: localhost:3000[\r][\n]"
DEBUG [main] (Wire.java:73) -  >> "Connection: Keep-Alive[\r][\n]"
DEBUG [main] (Wire.java:73)-  >> "Connection: Keep-Alive[\r][\n]"
DEBUG [main] (Wire.java:73) -  >> "User-Agent: Apache-HttpClient/4.5.13 (Java/15.0.1)[\r][\n]"
DEBUG [main] (Wire.java:73)-  >> "User-Agent: Apache-HttpClient/4.5.13 (Java/15.0.1)[\r][\n]"
DEBUG [main] (Wire.java:73) -  >> "Accept-Encoding: gzip,deflate[\r][\n]"
DEBUG [main] (Wire.java:73)-  >> "Accept-Encoding: gzip,deflate[\r][\n]"
DEBUG [main] (Wire.java:73) -  >> "[\r][\n]"
DEBUG [main] (Wire.java:73)-  >> "[\r][\n]"
DEBUG [main] (DefaultClientConnection.java:278) - >> GET /usercredentials/2 HTTP/1.1
DEBUG [main] (DefaultClientConnection.java:278)- >> GET /usercredentials/2 HTTP/1.1
DEBUG [main] (DefaultClientConnection.java:281) - >> Accept: */*
DEBUG [main] (DefaultClientConnection.java:281)- >> Accept: */*
DEBUG [main] (DefaultClientConnection.java:281) - >> Host: localhost:3000
DEBUG [main] (DefaultClientConnection.java:281)- >> Host: localhost:3000
DEBUG [main] (DefaultClientConnection.java:281) - >> Connection: Keep-Alive
DEBUG [main] (DefaultClientConnection.java:281)- >> Connection: Keep-Alive
DEBUG [main] (DefaultClientConnection.java:281) - >> User-Agent: Apache-HttpClient/4.5.13 (Java/15.0.1)
DEBUG [main] (DefaultClientConnection.java:281)- >> User-Agent: Apache-HttpClient/4.5.13 (Java/15.0.1)
DEBUG [main] (DefaultClientConnection.java:281) - >> Accept-Encoding: gzip,deflate
DEBUG [main] (DefaultClientConnection.java:281)- >> Accept-Encoding: gzip,deflate
DEBUG [main] (Wire.java:73) -  << "HTTP/1.1 200 OK[\r][\n]"
DEBUG [main] (Wire.java:73)-  << "HTTP/1.1 200 OK[\r][\n]"
DEBUG [main] (Wire.java:73) -  << "X-Powered-By: Express[\r][\n]"
DEBUG [main] (Wire.java:73)-  << "X-Powered-By: Express[\r][\n]"
DEBUG [main] (Wire.java:73) -  << "Vary: Origin, Accept-Encoding[\r][\n]"
DEBUG [main] (Wire.java:73)-  << "Vary: Origin, Accept-Encoding[\r][\n]"
DEBUG [main] (Wire.java:73) -  << "Access-Control-Allow-Credentials: true[\r][\n]"
DEBUG [main] (Wire.java:73)-  << "Access-Control-Allow-Credentials: true[\r][\n]"
DEBUG [main] (Wire.java:73) -  << "Cache-Control: no-cache[\r][\n]"
DEBUG [main] (Wire.java:73)-  << "Cache-Control: no-cache[\r][\n]"
DEBUG [main] (Wire.java:73) -  << "Pragma: no-cache[\r][\n]"
DEBUG [main] (Wire.java:73)-  << "Pragma: no-cache[\r][\n]"
DEBUG [main] (Wire.java:73) -  << "Expires: -1[\r][\n]"
DEBUG [main] (Wire.java:73)-  << "Expires: -1[\r][\n]"
DEBUG [main] (Wire.java:73) -  << "X-Content-Type-Options: nosniff[\r][\n]"
DEBUG [main] (Wire.java:73)-  << "X-Content-Type-Options: nosniff[\r][\n]"
DEBUG [main] (Wire.java:73) -  << "Content-Type: application/json; charset=utf-8[\r][\n]"
DEBUG [main] (Wire.java:73)-  << "Content-Type: application/json; charset=utf-8[\r][\n]"
DEBUG [main] (Wire.java:73) -  << "Content-Length: 73[\r][\n]"
DEBUG [main] (Wire.java:73)-  << "Content-Length: 73[\r][\n]"
DEBUG [main] (Wire.java:73) -  << "ETag: W/"49-nqKCXxm/tJgpsNc07xIS4KcQKN4"[\r][\n]"
DEBUG [main] (Wire.java:73)-  << "ETag: W/"49-nqKCXxm/tJgpsNc07xIS4KcQKN4"[\r][\n]"
DEBUG [main] (Wire.java:73) -  << "Date: Tue, 29 Mar 2022 00:34:25 GMT[\r][\n]"
DEBUG [main] (Wire.java:73)-  << "Date: Tue, 29 Mar 2022 00:34:25 GMT[\r][\n]"
DEBUG [main] (Wire.java:73) -  << "Connection: keep-alive[\r][\n]"
DEBUG [main] (Wire.java:73)-  << "Connection: keep-alive[\r][\n]"
DEBUG [main] (Wire.java:73) -  << "[\r][\n]"
DEBUG [main] (Wire.java:73)-  << "[\r][\n]"
DEBUG [main] (DefaultClientConnection.java:259) - Receiving response: HTTP/1.1 200 OK
DEBUG [main] (DefaultClientConnection.java:259)- Receiving response: HTTP/1.1 200 OK
DEBUG [main] (DefaultClientConnection.java:262) - << HTTP/1.1 200 OK
DEBUG [main] (DefaultClientConnection.java:262)- << HTTP/1.1 200 OK
DEBUG [main] (DefaultClientConnection.java:265) - << X-Powered-By: Express
DEBUG [main] (DefaultClientConnection.java:265)- << X-Powered-By: Express
DEBUG [main] (DefaultClientConnection.java:265) - << Vary: Origin, Accept-Encoding
DEBUG [main] (DefaultClientConnection.java:265)- << Vary: Origin, Accept-Encoding
DEBUG [main] (DefaultClientConnection.java:265) - << Access-Control-Allow-Credentials: true
DEBUG [main] (DefaultClientConnection.java:265)- << Access-Control-Allow-Credentials: true
DEBUG [main] (DefaultClientConnection.java:265) - << Cache-Control: no-cache
DEBUG [main] (DefaultClientConnection.java:265)- << Cache-Control: no-cache
DEBUG [main] (DefaultClientConnection.java:265) - << Pragma: no-cache
DEBUG [main] (DefaultClientConnection.java:265)- << Pragma: no-cache
DEBUG [main] (DefaultClientConnection.java:265) - << Expires: -1
DEBUG [main] (DefaultClientConnection.java:265)- << Expires: -1
DEBUG [main] (DefaultClientConnection.java:265) - << X-Content-Type-Options: nosniff
DEBUG [main] (DefaultClientConnection.java:265)- << X-Content-Type-Options: nosniff
DEBUG [main] (DefaultClientConnection.java:265) - << Content-Type: application/json; charset=utf-8
DEBUG [main] (DefaultClientConnection.java:265)- << Content-Type: application/json; charset=utf-8
DEBUG [main] (DefaultClientConnection.java:265) - << Content-Length: 73
DEBUG [main] (DefaultClientConnection.java:265)- << Content-Length: 73
DEBUG [main] (DefaultClientConnection.java:265) - << ETag: W/"49-nqKCXxm/tJgpsNc07xIS4KcQKN4"
DEBUG [main] (DefaultClientConnection.java:265)- << ETag: W/"49-nqKCXxm/tJgpsNc07xIS4KcQKN4"
DEBUG [main] (DefaultClientConnection.java:265) - << Date: Tue, 29 Mar 2022 00:34:25 GMT
DEBUG [main] (DefaultClientConnection.java:265)- << Date: Tue, 29 Mar 2022 00:34:25 GMT
DEBUG [main] (DefaultClientConnection.java:265) - << Connection: keep-alive
DEBUG [main] (DefaultClientConnection.java:265)- << Connection: keep-alive
DEBUG [main] (DefaultRequestDirector.java:504) - Connection can be kept alive indefinitely
DEBUG [main] (DefaultRequestDirector.java:504)- Connection can be kept alive indefinitely
DEBUG [main] (HTTPBuilder.java:547) - Parsing response as: application/json; charset=utf-8
DEBUG [main] (HTTPBuilder.java:547)- Parsing response as: application/json; charset=utf-8
DEBUG [main] (HTTPBuilder.java:550) - Parsed data to instance of: class org.apache.http.conn.EofSensorInputStream
DEBUG [main] (HTTPBuilder.java:550)- Parsed data to instance of: class org.apache.http.conn.EofSensorInputStream
DEBUG [main] (Wire.java:73) -  << "{[\n]"
DEBUG [main] (Wire.java:73)-  << "{[\n]"
DEBUG [main] (Wire.java:73) -  << "  "id": "2",[\n]"
DEBUG [main] (Wire.java:73)-  << "  "id": "2",[\n]"
DEBUG [main] (Wire.java:73) -  << "  "username": "manager@vrbank",[\n]"
DEBUG [main] (Wire.java:73)-  << "  "username": "manager@vrbank",[\n]"
DEBUG [main] (Wire.java:73) -  << "  "password": "pega123!"[\n]"
DEBUG [main] (Wire.java:73)-  << "  "password": "pega123!"[\n]"
DEBUG [main] (Wire.java:87) -  << "}"
DEBUG [main] (Wire.java:87)-  << "}"
DEBUG [main] (BasicClientConnectionManager.java:200) - Releasing connection org.apache.http.impl.conn.ManagedClientConnectionImpl@4ae6451d
DEBUG [main] (BasicClientConnectionManager.java:200)- Releasing connection org.apache.http.impl.conn.ManagedClientConnectionImpl@4ae6451d
DEBUG [main] (BasicClientConnectionManager.java:225) - Connection can be kept alive indefinitely
DEBUG [main] (BasicClientConnectionManager.java:225)- Connection can be kept alive indefinitely
DEBUG [main] (GetPostSteps.java:50) - request header : 
{
    "id": "2",
    "username": "manager@vrbank",
    "password": "pega123!"
}
DEBUG [main] (GetPostSteps.java:50)- request header : 
{
    "id": "2",
    "username": "manager@vrbank",
    "password": "pega123!"
}
  &amp#27;[32mWhen &amp#27;[0m&amp#27;[32mI perform GET for the id number &amp#27;[0m&amp#27;[32m&amp#27;[1m2&amp#27;[0m                                        &amp#27;[90m# stepdefinitions.GetPostSteps.i_perform_get_for_the_id_number(int)&amp#27;[0m
DEBUG [main] (GetPostSteps.java:75) - i_should_see_the_username_is_and_password_is : manager@vrbank : pega123!
DEBUG [main] (GetPostSteps.java:75)- i_should_see_the_username_is_and_password_is : manager@vrbank : pega123!
HTTP/1.1 200 OK
X-Powered-By: Express
Vary: Origin, Accept-Encoding
Access-Control-Allow-Credentials: true
Cache-Control: no-cache
Pragma: no-cache
Expires: -1
X-Content-Type-Options: nosniff
Content-Type: application/json; charset=utf-8
Content-Length: 73
ETag: W/"49-nqKCXxm/tJgpsNc07xIS4KcQKN4"
Date: Tue, 29 Mar 2022 00:34:25 GMT
Connection: keep-alive

{
    "id": "2",
    "username": "manager@vrbank",
    "password": "pega123!"
}
DEBUG [main] (GetPostSteps.java:82) - io.restassured.internal.RestAssuredResponseImpl@52bc6fcf
DEBUG [main] (GetPostSteps.java:82)- io.restassured.internal.RestAssuredResponseImpl@52bc6fcf
  &amp#27;[32mThen &amp#27;[0m&amp#27;[32mI should see the username is &amp#27;[0m&amp#27;[32m&amp#27;[1m"manager@vrbank"&amp#27;[0m&amp#27;[32m and password is &amp#27;[0m&amp#27;[32m&amp#27;[1m"pega123!"&amp#27;[0m &amp#27;[90m# stepdefinitions.GetPostSteps.i_should_see_the_username_is_and_password_is(java.lang.String,java.lang.String)&amp#27;[0m
DEBUG [main] (apphooks.java:45) - Close Browser
DEBUG [main] (apphooks.java:45)- Close Browser
08:34:26.095 [AsyncHttpClient-1-7] DEBUG o.a.netty.handler.WebSocketHandler - Channel Closed: [id: 0x4c1b7f90, L:/127.0.0.1:53255 ! R:localhost/127.0.0.1:53247] with attribute NettyResponseFuture{currentRetry=5,
	isDone=1,
	isCancelled=0,
	asyncHandler=org.asynchttpclient.ws.WebSocketUpgradeHandler@615a839,
	nettyRequest=org.asynchttpclient.netty.request.NettyRequest@4317369f,
	future=java.util.concurrent.CompletableFuture@2182523f[Completed normally],
	uri=ws://localhost:53247/devtools/browser/7440a151-6e42-4c03-9a2d-700ff3dc3c87,
	keepAlive=true,
	redirectCount=0,
	timeoutsHolder=null,
	inAuth=0,
	touch=1648514065623}
08:34:26.096 [AsyncHttpClient-1-7] DEBUG o.a.netty.channel.ChannelManager - Closing Channel [id: 0x4c1b7f90, L:/127.0.0.1:53255 ! R:localhost/127.0.0.1:53247] 
08:34:26.101 [Driver Command Executor] DEBUG o.a.netty.request.NettyRequestSender - Using pooled Channel '[id: 0x4490ee22, L:/127.0.0.1:53205 - R:localhost/127.0.0.1:59348]' for 'DELETE' to 'http://localhost:59348/session/f710dc36353f58c3a5b8cc70b99bd96c'
08:34:26.105 [Driver Command Executor] DEBUG o.a.netty.request.NettyRequestSender - Using open Channel [id: 0x4490ee22, L:/127.0.0.1:53205 - R:localhost/127.0.0.1:59348] for DELETE '/session/f710dc36353f58c3a5b8cc70b99bd96c'
08:34:26.155 [AsyncHttpClient-1-1] DEBUG o.a.netty.channel.DefaultChannelPool - Entry count for : http://localhost:53247 : 1
08:34:26.433 [AsyncHttpClient-1-6] DEBUG o.a.netty.handler.HttpHandler - Unexpected I/O exception on channel [id: 0xd6fa4d98, L:/127.0.0.1:53254 - R:localhost/127.0.0.1:53247]
java.net.SocketException: Connection reset
	at java.base/sun.nio.ch.SocketChannelImpl.throwConnectionReset(SocketChannelImpl.java:367) ~[na:na]
	at java.base/sun.nio.ch.SocketChannelImpl.read(SocketChannelImpl.java:398) ~[na:na]
	at io.netty.buffer.PooledByteBuf.setBytes(PooledByteBuf.java:253) ~[netty-buffer-4.1.70.Final.jar:4.1.70.Final]
	at io.netty.buffer.AbstractByteBuf.writeBytes(AbstractByteBuf.java:1132) ~[netty-buffer-4.1.70.Final.jar:4.1.70.Final]
	at io.netty.channel.socket.nio.NioSocketChannel.doReadBytes(NioSocketChannel.java:350) ~[netty-transport-4.1.70.Final.jar:4.1.70.Final]
	at io.netty.channel.nio.AbstractNioByteChannel$NioByteUnsafe.read(AbstractNioByteChannel.java:151) ~[netty-transport-4.1.70.Final.jar:4.1.70.Final]
	at io.netty.channel.nio.NioEventLoop.processSelectedKey(NioEventLoop.java:719) ~[netty-transport-4.1.70.Final.jar:4.1.70.Final]
	at io.netty.channel.nio.NioEventLoop.processSelectedKeysOptimized(NioEventLoop.java:655) ~[netty-transport-4.1.70.Final.jar:4.1.70.Final]
	at io.netty.channel.nio.NioEventLoop.processSelectedKeys(NioEventLoop.java:581) ~[netty-transport-4.1.70.Final.jar:4.1.70.Final]
	at io.netty.channel.nio.NioEventLoop.run(NioEventLoop.java:493) ~[netty-transport-4.1.70.Final.jar:4.1.70.Final]
	at io.netty.util.concurrent.SingleThreadEventExecutor$4.run(SingleThreadEventExecutor.java:986) ~[netty-common-4.1.70.Final.jar:4.1.70.Final]
	at io.netty.util.internal.ThreadExecutorMap$2.run(ThreadExecutorMap.java:74) ~[netty-common-4.1.70.Final.jar:4.1.70.Final]
	at io.netty.util.concurrent.FastThreadLocalRunnable.run(FastThreadLocalRunnable.java:30) ~[netty-common-4.1.70.Final.jar:4.1.70.Final]
	at java.base/java.lang.Thread.run(Thread.java:832) ~[na:na]
08:34:26.434 [AsyncHttpClient-1-6] DEBUG o.a.netty.channel.ChannelManager - Closing Channel [id: 0xd6fa4d98, L:/127.0.0.1:53254 - R:localhost/127.0.0.1:53247] 
08:34:26.434 [AsyncHttpClient-1-6] DEBUG o.a.netty.handler.HttpHandler - Channel Closed: [id: 0xd6fa4d98, L:/127.0.0.1:53254 ! R:localhost/127.0.0.1:53247] with attribute DISCARD
08:34:26.448 [AsyncHttpClient-1-5] DEBUG o.a.netty.handler.HttpHandler - 

Request DefaultFullHttpRequest(decodeResult: success, version: HTTP/1.1, content: EmptyByteBufBE)
DELETE /session/f710dc36353f58c3a5b8cc70b99bd96c HTTP/1.1
User-Agent: selenium/4.1.2 (java windows)
Content-Type: application/json; charset=utf-8
host: localhost:59348
accept: */*

Response DefaultHttpResponse(decodeResult: success, version: HTTP/1.1)
HTTP/1.1 200 OK
Content-Type: application/json; charset=utf-8
cache-control: no-cache
content-length: 14

08:34:26.449 [AsyncHttpClient-1-5] DEBUG o.a.netty.channel.ChannelManager - Adding key: http://localhost:59348 for channel [id: 0x4490ee22, L:/127.0.0.1:53205 - R:localhost/127.0.0.1:59348]
08:34:26.506 [AsyncHttpClient-1-5] DEBUG o.a.netty.handler.HttpHandler - Channel Closed: [id: 0x4490ee22, L:/127.0.0.1:53205 ! R:localhost/127.0.0.1:59348] with attribute DISCARD
08:34:27.031 [main] INFO   - 
  _____   ___   ___   _____     ___     _     ___   ___   ___   ___  
 |_   _| | __| / __| |_   _|   | _ \   /_\   / __| / __| | __| |   \ 
   | |   | _|  \__ \   | |     |  _/  / _ \  \__ \ \__ \ | _|  | |) |
   |_|   |___| |___/   |_|     |_|   /_/ \_\ |___/ |___/ |___| |___/ 

Verify one existing user credentials
----------------------------------------------------------------------
]]></system-out>
    <system-err><![CDATA[Starting ChromeDriver 99.0.4844.51 (d537ec02474b5afe23684e7963d538896c63ac77-refs/branch-heads/4844@{#875}) on port 59348
Only local connections are allowed.
Please see https://chromedriver.chromium.org/security-considerations for suggestions on keeping ChromeDriver safe.
ChromeDriver was started successfully.
Mar 29, 2022 8:34:25 AM org.openqa.selenium.remote.ProtocolHandshake createSession
INFO: Detected dialect: W3C
Mar 29, 2022 8:34:25 AM org.openqa.selenium.devtools.CdpVersionFinder findNearestMatch
WARNING: Unable to find an exact match for CDP version 99, so returning the closest version found: 96
Mar 29, 2022 8:34:25 AM org.openqa.selenium.devtools.CdpVersionFinder findNearestMatch
INFO: Found CDP implementation for version 99 of 96
]]></system-err>
  </testcase>
  <testcase name="Verify one existing comments" classname="Verify different GET operations using REST-assured" time="2.287">
    <system-out><![CDATA[
@All @Performance
Scenario: Verify one existing comments                          &amp#27;[90m# src/main/resources/AppFeatures/GetPost.feature:16&amp#27;[0m
08:34:27.040 [main] INFO  i.c.core.plugin.SerenityReporter - Running feature from file:///Z:/Automation/JavaCucumber/BDD_HCL/CucumberHCL/src/main/resources/AppFeatures/GetPost.feature
08:34:27.040 [main] WARN  i.c.core.plugin.SerenityReporter - Feature from file:///Z:/Automation/JavaCucumber/BDD_HCL/CucumberHCL/src/main/resources/AppFeatures/GetPost.feature is not under the 'features' directory. Requirements report will not be correctly generated!
08:34:27.043 [main] INFO   - 
  _____   ___   ___   _____     ___   _____     _     ___   _____   ___   ___  
 |_   _| | __| / __| |_   _|   / __| |_   _|   /_\   | _ \ |_   _| | __| |   \ 
   | |   | _|  \__ \   | |     \__ \   | |    / _ \  |   /   | |   | _|  | |) |
   |_|   |___| |___/   |_|     |___/   |_|   /_/ \_\ |_|_\   |_|   |___| |___/ 

Verify one existing comments(verify-different-get-operations-using-rest-assured;verify-one-existing-comments)
--------------------------------------------------------------------------------
DEBUG [Finalizer] (DefaultClientConnection.java:180) - Connection 0.0.0.0:53258<->127.0.0.1:3000 closed
DEBUG [Finalizer] (DefaultClientConnection.java:180)- Connection 0.0.0.0:53258<->127.0.0.1:3000 closed
DEBUG [main] (apphooks.java:34) - Set up Browser
DEBUG [main] (apphooks.java:34)- Set up Browser
08:34:27.066 [main] DEBUG com.pages.drivers.DriversFactory - Initialize Driver Browser Configuration
08:34:27.066 [main] DEBUG com.pages.drivers.DriversFactory -  Driver Browser : chrome
08:34:27.078 [main] DEBUG i.g.bonigarcia.wdm.WebDriverManager - Driver chromedriver 99.0.4844.51 found in cache
08:34:27.080 [main] INFO  i.g.bonigarcia.wdm.WebDriverManager - Exporting webdriver.chrome.driver as C:\Users\DheyClaveria\.cache\selenium\chromedriver\win32\99.0.4844.51\chromedriver.exe
08:34:27.231 [AsyncHttpClient-1-1] DEBUG o.a.netty.channel.DefaultChannelPool - Entry count for : http://localhost:59348 : 1
08:34:27.231 [AsyncHttpClient-1-1] DEBUG o.a.netty.channel.DefaultChannelPool - Entry count for : http://localhost:53247 : 1
08:34:27.231 [AsyncHttpClient-1-1] DEBUG o.a.netty.channel.DefaultChannelPool - Adding Candidate expired Channel [id: 0x4490ee22, L:/127.0.0.1:53205 ! R:localhost/127.0.0.1:59348] isIdleTimeoutExpired=false isRemotelyClosed=true isTtlExpired=false
08:34:27.231 [AsyncHttpClient-1-1] DEBUG o.a.netty.channel.DefaultChannelPool - Closing Idle Channel [id: 0x4490ee22, L:/127.0.0.1:53205 ! R:localhost/127.0.0.1:59348]
08:34:27.231 [AsyncHttpClient-1-1] DEBUG o.a.netty.channel.DefaultChannelPool - Adding Candidate expired Channel [id: 0xd6fa4d98, L:/127.0.0.1:53254 ! R:localhost/127.0.0.1:53247] isIdleTimeoutExpired=false isRemotelyClosed=true isTtlExpired=false
08:34:27.231 [AsyncHttpClient-1-1] DEBUG o.a.netty.channel.DefaultChannelPool - Closing Idle Channel [id: 0xd6fa4d98, L:/127.0.0.1:53254 ! R:localhost/127.0.0.1:53247]
08:34:27.231 [AsyncHttpClient-1-1] DEBUG o.a.netty.channel.DefaultChannelPool - Closed 2 connections out of 2 in 0 ms
08:34:27.630 [AsyncHttpClient-1-8] DEBUG o.a.n.channel.NettyConnectListener - Using new Channel '[id: 0x66325639, L:/127.0.0.1:53264 - R:localhost/127.0.0.1:58838]' for 'POST' to '/session'
DEBUG [Finalizer] (DefaultClientConnection.java:180) - Connection 0.0.0.0:53194<->127.0.0.1:3000 closed
DEBUG [Finalizer] (DefaultClientConnection.java:180)- Connection 0.0.0.0:53194<->127.0.0.1:3000 closed
08:34:28.426 [AsyncHttpClient-1-8] DEBUG o.a.netty.handler.HttpHandler - 

Request DefaultHttpRequest(decodeResult: success, version: HTTP/1.1)
POST /session HTTP/1.1
User-Agent: selenium/4.1.2 (java windows)
Content-Length: 365
Content-Type: application/json; charset=utf-8
host: localhost:58838
accept: */*

Response DefaultHttpResponse(decodeResult: success, version: HTTP/1.1)
HTTP/1.1 200 OK
Content-Type: application/json; charset=utf-8
cache-control: no-cache
content-length: 795

08:34:28.426 [AsyncHttpClient-1-8] DEBUG o.a.netty.channel.ChannelManager - Adding key: http://localhost:58838 for channel [id: 0x66325639, L:/127.0.0.1:53264 - R:localhost/127.0.0.1:58838]
08:34:28.437 [AsyncHttpClient-1-9] DEBUG o.a.n.channel.NettyConnectListener - Using new Channel '[id: 0x3084c151, L:/127.0.0.1:53280 - R:localhost/127.0.0.1:53274]' for 'GET' to '/json/version'
08:34:28.446 [AsyncHttpClient-1-9] DEBUG o.a.netty.handler.HttpHandler - 

Request DefaultFullHttpRequest(decodeResult: success, version: HTTP/1.1, content: EmptyByteBufBE)
GET /json/version HTTP/1.1
User-Agent: selenium/4.1.2 (java windows)
host: localhost:53274
accept: */*

Response DefaultHttpResponse(decodeResult: success, version: HTTP/1.1)
HTTP/1.1 200 OK
Content-Type: application/json; charset=UTF-8
content-length: 423

08:34:28.447 [AsyncHttpClient-1-9] DEBUG o.a.netty.channel.ChannelManager - Adding key: http://localhost:53274 for channel [id: 0x3084c151, L:/127.0.0.1:53280 - R:localhost/127.0.0.1:53274]
08:34:28.450 [AsyncHttpClient-1-10] DEBUG o.a.n.channel.NettyConnectListener - Using new Channel '[id: 0x1f3ac916, L:/127.0.0.1:53281 - R:localhost/127.0.0.1:53274]' for 'GET' to '/devtools/browser/e6f36ba7-a80a-4cf3-b0b3-9298ae3ecc58'
08:34:28.458 [AsyncHttpClient-1-10] DEBUG o.a.netty.handler.WebSocketHandler - 

Request DefaultFullHttpRequest(decodeResult: success, version: HTTP/1.1, content: EmptyByteBufBE)
GET /devtools/browser/e6f36ba7-a80a-4cf3-b0b3-9298ae3ecc58 HTTP/1.1
upgrade: websocket
connection: upgrade
sec-websocket-key: NoG6JnphzbBKe6U9HJCluQ==
sec-websocket-version: 13
origin: http://localhost:53274
host: localhost:53274
accept: */*
user-agent: AHC/2.1

Response DefaultHttpResponse(decodeResult: success, version: HTTP/1.1)
HTTP/1.1 101 WebSocket Protocol Handshake
Upgrade: WebSocket
Connection: Upgrade
Sec-WebSocket-Accept: pzSL5n0ax7EZzpxYh6RiiHNDL5k=

08:34:28.463 [Forwarding deleteAllCookies on session fda9a4d997e1a6d5f8b58607e104d7dc to remote] DEBUG o.a.netty.request.NettyRequestSender - Using pooled Channel '[id: 0x66325639, L:/127.0.0.1:53264 - R:localhost/127.0.0.1:58838]' for 'DELETE' to 'http://localhost:58838/session/fda9a4d997e1a6d5f8b58607e104d7dc/cookie'
08:34:28.464 [Forwarding deleteAllCookies on session fda9a4d997e1a6d5f8b58607e104d7dc to remote] DEBUG o.a.netty.request.NettyRequestSender - Using open Channel [id: 0x66325639, L:/127.0.0.1:53264 - R:localhost/127.0.0.1:58838] for DELETE '/session/fda9a4d997e1a6d5f8b58607e104d7dc/cookie'
08:34:28.474 [AsyncHttpClient-1-8] DEBUG o.a.netty.handler.HttpHandler - 

Request DefaultFullHttpRequest(decodeResult: success, version: HTTP/1.1, content: EmptyByteBufBE)
DELETE /session/fda9a4d997e1a6d5f8b58607e104d7dc/cookie HTTP/1.1
User-Agent: selenium/4.1.2 (java windows)
Content-Type: application/json; charset=utf-8
host: localhost:58838
accept: */*

Response DefaultHttpResponse(decodeResult: success, version: HTTP/1.1)
HTTP/1.1 200 OK
Content-Type: application/json; charset=utf-8
cache-control: no-cache
content-length: 14

08:34:28.474 [AsyncHttpClient-1-8] DEBUG o.a.netty.channel.ChannelManager - Adding key: http://localhost:58838 for channel [id: 0x66325639, L:/127.0.0.1:53264 - R:localhost/127.0.0.1:58838]
08:34:28.479 [Forwarding maximizeCurrentWindow on session fda9a4d997e1a6d5f8b58607e104d7dc to remote] DEBUG o.a.netty.request.NettyRequestSender - Using pooled Channel '[id: 0x66325639, L:/127.0.0.1:53264 - R:localhost/127.0.0.1:58838]' for 'POST' to 'http://localhost:58838/session/fda9a4d997e1a6d5f8b58607e104d7dc/window/maximize'
08:34:28.479 [Forwarding maximizeCurrentWindow on session fda9a4d997e1a6d5f8b58607e104d7dc to remote] DEBUG o.a.netty.request.NettyRequestSender - Using open Channel [id: 0x66325639, L:/127.0.0.1:53264 - R:localhost/127.0.0.1:58838] for POST '/session/fda9a4d997e1a6d5f8b58607e104d7dc/window/maximize'
08:34:28.616 [AsyncHttpClient-1-8] DEBUG o.a.netty.handler.HttpHandler - 

Request DefaultHttpRequest(decodeResult: success, version: HTTP/1.1)
POST /session/fda9a4d997e1a6d5f8b58607e104d7dc/window/maximize HTTP/1.1
User-Agent: selenium/4.1.2 (java windows)
Content-Length: 3
Content-Type: application/json; charset=utf-8
host: localhost:58838
accept: */*

Response DefaultHttpResponse(decodeResult: success, version: HTTP/1.1)
HTTP/1.1 200 OK
Content-Type: application/json; charset=utf-8
cache-control: no-cache
content-length: 52

08:34:28.616 [AsyncHttpClient-1-8] DEBUG o.a.netty.channel.ChannelManager - Adding key: http://localhost:58838 for channel [id: 0x66325639, L:/127.0.0.1:53264 - R:localhost/127.0.0.1:58838]
DEBUG [main] (GetPostSteps.java:30) - i_perform_get_operation_forcomments
DEBUG [main] (GetPostSteps.java:30)- i_perform_get_operation_forcomments
  &amp#27;[32mGiven &amp#27;[0m&amp#27;[32mI perform GET operation for "&amp#27;[0m&amp#27;[32m&amp#27;[1mcomments&amp#27;[0m&amp#27;[32m"&amp#27;[0m                  &amp#27;[90m# stepdefinitions.GetPostSteps.i_perform_get_operation_for(java.lang.String)&amp#27;[0m
DEBUG [main] (GetPostSteps.java:56) - i_perform_get_using_parameter_id_number : 3
DEBUG [main] (GetPostSteps.java:56)- i_perform_get_using_parameter_id_number : 3
DEBUG [main] (BasicClientConnectionManager.java:161) - Get connection for route {}->http://localhost:3000
DEBUG [main] (BasicClientConnectionManager.java:161)- Get connection for route {}->http://localhost:3000
DEBUG [main] (DefaultClientConnectionOperator.java:177) - Connecting to localhost:3000
DEBUG [main] (DefaultClientConnectionOperator.java:177)- Connecting to localhost:3000
DEBUG [main] (RequestAddCookies.java:123) - CookieSpec selected: ignoreCookies
DEBUG [main] (RequestAddCookies.java:123)- CookieSpec selected: ignoreCookies
DEBUG [main] (RequestAuthCache.java:77) - Auth cache not set in the context
DEBUG [main] (RequestAuthCache.java:77)- Auth cache not set in the context
DEBUG [main] (RequestTargetAuthentication.java:80) - Target auth state: UNCHALLENGED
DEBUG [main] (RequestTargetAuthentication.java:80)- Target auth state: UNCHALLENGED
DEBUG [main] (RequestProxyAuthentication.java:89) - Proxy auth state: UNCHALLENGED
DEBUG [main] (RequestProxyAuthentication.java:89)- Proxy auth state: UNCHALLENGED
DEBUG [main] (DefaultRequestDirector.java:677) - Attempt 1 to execute request
DEBUG [main] (DefaultRequestDirector.java:677)- Attempt 1 to execute request
DEBUG [main] (DefaultClientConnection.java:274) - Sending request: GET /comments/?id=3 HTTP/1.1
DEBUG [main] (DefaultClientConnection.java:274)- Sending request: GET /comments/?id=3 HTTP/1.1
DEBUG [main] (Wire.java:73) -  >> "GET /comments/?id=3 HTTP/1.1[\r][\n]"
DEBUG [main] (Wire.java:73)-  >> "GET /comments/?id=3 HTTP/1.1[\r][\n]"
DEBUG [main] (Wire.java:73) -  >> "Accept: */*[\r][\n]"
DEBUG [main] (Wire.java:73)-  >> "Accept: */*[\r][\n]"
DEBUG [main] (Wire.java:73) -  >> "Host: localhost:3000[\r][\n]"
DEBUG [main] (Wire.java:73)-  >> "Host: localhost:3000[\r][\n]"
DEBUG [main] (Wire.java:73) -  >> "Connection: Keep-Alive[\r][\n]"
DEBUG [main] (Wire.java:73)-  >> "Connection: Keep-Alive[\r][\n]"
DEBUG [main] (Wire.java:73) -  >> "User-Agent: Apache-HttpClient/4.5.13 (Java/15.0.1)[\r][\n]"
DEBUG [main] (Wire.java:73)-  >> "User-Agent: Apache-HttpClient/4.5.13 (Java/15.0.1)[\r][\n]"
DEBUG [main] (Wire.java:73) -  >> "Accept-Encoding: gzip,deflate[\r][\n]"
DEBUG [main] (Wire.java:73)-  >> "Accept-Encoding: gzip,deflate[\r][\n]"
DEBUG [main] (Wire.java:73) -  >> "[\r][\n]"
DEBUG [main] (Wire.java:73)-  >> "[\r][\n]"
DEBUG [main] (DefaultClientConnection.java:278) - >> GET /comments/?id=3 HTTP/1.1
DEBUG [main] (DefaultClientConnection.java:278)- >> GET /comments/?id=3 HTTP/1.1
DEBUG [main] (DefaultClientConnection.java:281) - >> Accept: */*
DEBUG [main] (DefaultClientConnection.java:281)- >> Accept: */*
DEBUG [main] (DefaultClientConnection.java:281) - >> Host: localhost:3000
DEBUG [main] (DefaultClientConnection.java:281)- >> Host: localhost:3000
DEBUG [main] (DefaultClientConnection.java:281) - >> Connection: Keep-Alive
DEBUG [main] (DefaultClientConnection.java:281)- >> Connection: Keep-Alive
DEBUG [main] (DefaultClientConnection.java:281) - >> User-Agent: Apache-HttpClient/4.5.13 (Java/15.0.1)
DEBUG [main] (DefaultClientConnection.java:281)- >> User-Agent: Apache-HttpClient/4.5.13 (Java/15.0.1)
DEBUG [main] (DefaultClientConnection.java:281) - >> Accept-Encoding: gzip,deflate
DEBUG [main] (DefaultClientConnection.java:281)- >> Accept-Encoding: gzip,deflate
DEBUG [main] (Wire.java:73) -  << "HTTP/1.1 200 OK[\r][\n]"
DEBUG [main] (Wire.java:73)-  << "HTTP/1.1 200 OK[\r][\n]"
DEBUG [main] (Wire.java:73) -  << "X-Powered-By: Express[\r][\n]"
DEBUG [main] (Wire.java:73)-  << "X-Powered-By: Express[\r][\n]"
DEBUG [main] (Wire.java:73) -  << "Vary: Origin, Accept-Encoding[\r][\n]"
DEBUG [main] (Wire.java:73)-  << "Vary: Origin, Accept-Encoding[\r][\n]"
DEBUG [main] (Wire.java:73) -  << "Access-Control-Allow-Credentials: true[\r][\n]"
DEBUG [main] (Wire.java:73)-  << "Access-Control-Allow-Credentials: true[\r][\n]"
DEBUG [main] (Wire.java:73) -  << "Cache-Control: no-cache[\r][\n]"
DEBUG [main] (Wire.java:73)-  << "Cache-Control: no-cache[\r][\n]"
DEBUG [main] (Wire.java:73) -  << "Pragma: no-cache[\r][\n]"
DEBUG [main] (Wire.java:73)-  << "Pragma: no-cache[\r][\n]"
DEBUG [main] (Wire.java:73) -  << "Expires: -1[\r][\n]"
DEBUG [main] (Wire.java:73)-  << "Expires: -1[\r][\n]"
DEBUG [main] (Wire.java:73) -  << "X-Content-Type-Options: nosniff[\r][\n]"
DEBUG [main] (Wire.java:73)-  << "X-Content-Type-Options: nosniff[\r][\n]"
DEBUG [main] (Wire.java:73) -  << "Content-Type: application/json; charset=utf-8[\r][\n]"
DEBUG [main] (Wire.java:73)-  << "Content-Type: application/json; charset=utf-8[\r][\n]"
DEBUG [main] (Wire.java:73) -  << "Content-Length: 77[\r][\n]"
DEBUG [main] (Wire.java:73)-  << "Content-Length: 77[\r][\n]"
DEBUG [main] (Wire.java:73) -  << "ETag: W/"4d-0JfIo1cbNTHH1uFtqLSDLCn9aqU"[\r][\n]"
DEBUG [main] (Wire.java:73)-  << "ETag: W/"4d-0JfIo1cbNTHH1uFtqLSDLCn9aqU"[\r][\n]"
DEBUG [main] (Wire.java:73) -  << "Date: Tue, 29 Mar 2022 00:34:28 GMT[\r][\n]"
DEBUG [main] (Wire.java:73)-  << "Date: Tue, 29 Mar 2022 00:34:28 GMT[\r][\n]"
DEBUG [main] (Wire.java:73) -  << "Connection: keep-alive[\r][\n]"
DEBUG [main] (Wire.java:73)-  << "Connection: keep-alive[\r][\n]"
DEBUG [main] (Wire.java:73) -  << "[\r][\n]"
DEBUG [main] (Wire.java:73)-  << "[\r][\n]"
DEBUG [main] (DefaultClientConnection.java:259) - Receiving response: HTTP/1.1 200 OK
DEBUG [main] (DefaultClientConnection.java:259)- Receiving response: HTTP/1.1 200 OK
DEBUG [main] (DefaultClientConnection.java:262) - << HTTP/1.1 200 OK
DEBUG [main] (DefaultClientConnection.java:262)- << HTTP/1.1 200 OK
DEBUG [main] (DefaultClientConnection.java:265) - << X-Powered-By: Express
DEBUG [main] (DefaultClientConnection.java:265)- << X-Powered-By: Express
DEBUG [main] (DefaultClientConnection.java:265) - << Vary: Origin, Accept-Encoding
DEBUG [main] (DefaultClientConnection.java:265)- << Vary: Origin, Accept-Encoding
DEBUG [main] (DefaultClientConnection.java:265) - << Access-Control-Allow-Credentials: true
DEBUG [main] (DefaultClientConnection.java:265)- << Access-Control-Allow-Credentials: true
DEBUG [main] (DefaultClientConnection.java:265) - << Cache-Control: no-cache
DEBUG [main] (DefaultClientConnection.java:265)- << Cache-Control: no-cache
DEBUG [main] (DefaultClientConnection.java:265) - << Pragma: no-cache
DEBUG [main] (DefaultClientConnection.java:265)- << Pragma: no-cache
DEBUG [main] (DefaultClientConnection.java:265) - << Expires: -1
DEBUG [main] (DefaultClientConnection.java:265)- << Expires: -1
DEBUG [main] (DefaultClientConnection.java:265) - << X-Content-Type-Options: nosniff
DEBUG [main] (DefaultClientConnection.java:265)- << X-Content-Type-Options: nosniff
DEBUG [main] (DefaultClientConnection.java:265) - << Content-Type: application/json; charset=utf-8
DEBUG [main] (DefaultClientConnection.java:265)- << Content-Type: application/json; charset=utf-8
DEBUG [main] (DefaultClientConnection.java:265) - << Content-Length: 77
DEBUG [main] (DefaultClientConnection.java:265)- << Content-Length: 77
DEBUG [main] (DefaultClientConnection.java:265) - << ETag: W/"4d-0JfIo1cbNTHH1uFtqLSDLCn9aqU"
DEBUG [main] (DefaultClientConnection.java:265)- << ETag: W/"4d-0JfIo1cbNTHH1uFtqLSDLCn9aqU"
DEBUG [main] (DefaultClientConnection.java:265) - << Date: Tue, 29 Mar 2022 00:34:28 GMT
DEBUG [main] (DefaultClientConnection.java:265)- << Date: Tue, 29 Mar 2022 00:34:28 GMT
DEBUG [main] (DefaultClientConnection.java:265) - << Connection: keep-alive
DEBUG [main] (DefaultClientConnection.java:265)- << Connection: keep-alive
DEBUG [main] (DefaultRequestDirector.java:504) - Connection can be kept alive indefinitely
DEBUG [main] (DefaultRequestDirector.java:504)- Connection can be kept alive indefinitely
DEBUG [main] (HTTPBuilder.java:547) - Parsing response as: application/json; charset=utf-8
DEBUG [main] (HTTPBuilder.java:547)- Parsing response as: application/json; charset=utf-8
DEBUG [main] (HTTPBuilder.java:550) - Parsed data to instance of: class org.apache.http.conn.EofSensorInputStream
DEBUG [main] (HTTPBuilder.java:550)- Parsed data to instance of: class org.apache.http.conn.EofSensorInputStream
DEBUG [main] (Wire.java:73) -  << "[[\n]"
DEBUG [main] (Wire.java:73)-  << "[[\n]"
DEBUG [main] (Wire.java:73) -  << "  {[\n]"
DEBUG [main] (Wire.java:73)-  << "  {[\n]"
DEBUG [main] (Wire.java:73) -  << "    "id": 3,[\n]"
DEBUG [main] (Wire.java:73)-  << "    "id": 3,[\n]"
DEBUG [main] (Wire.java:73) -  << "    "body": "this is comment for 3",[\n]"
DEBUG [main] (Wire.java:73)-  << "    "body": "this is comment for 3",[\n]"
DEBUG [main] (Wire.java:73) -  << "    "postId": 3[\n]"
DEBUG [main] (Wire.java:73)-  << "    "postId": 3[\n]"
DEBUG [main] (Wire.java:73) -  << "  }[\n]"
DEBUG [main] (Wire.java:73)-  << "  }[\n]"
DEBUG [main] (Wire.java:87) -  << "]"
DEBUG [main] (Wire.java:87)-  << "]"
DEBUG [main] (BasicClientConnectionManager.java:200) - Releasing connection org.apache.http.impl.conn.ManagedClientConnectionImpl@70b1028d
DEBUG [main] (BasicClientConnectionManager.java:200)- Releasing connection org.apache.http.impl.conn.ManagedClientConnectionImpl@70b1028d
DEBUG [main] (BasicClientConnectionManager.java:225) - Connection can be kept alive indefinitely
DEBUG [main] (BasicClientConnectionManager.java:225)- Connection can be kept alive indefinitely
DEBUG [main] (GetPostSteps.java:60) - request header : 
[
    {
        "id": 3,
        "body": "this is comment for 3",
        "postId": 3
    }
]
DEBUG [main] (GetPostSteps.java:60)- request header : 
[
    {
        "id": 3,
        "body": "this is comment for 3",
        "postId": 3
    }
]
  &amp#27;[32mWhen &amp#27;[0m&amp#27;[32mI perform GET using parameter id number &amp#27;[0m&amp#27;[32m&amp#27;[1m3&amp#27;[0m                &amp#27;[90m# stepdefinitions.GetPostSteps.i_perform_get_using_parameter_id_number(int)&amp#27;[0m
DEBUG [main] (GetPostSteps.java:67) - i_should_see_the_comment_body_is : this is comment for 3
DEBUG [main] (GetPostSteps.java:67)- i_should_see_the_comment_body_is : this is comment for 3
HTTP/1.1 200 OK
X-Powered-By: Express
Vary: Origin, Accept-Encoding
Access-Control-Allow-Credentials: true
Cache-Control: no-cache
Pragma: no-cache
Expires: -1
X-Content-Type-Options: nosniff
Content-Type: application/json; charset=utf-8
Content-Length: 77
ETag: W/"4d-0JfIo1cbNTHH1uFtqLSDLCn9aqU"
Date: Tue, 29 Mar 2022 00:34:28 GMT
Connection: keep-alive

[
    {
        "id": 3,
        "body": "this is comment for 3",
        "postId": 3
    }
]
  &amp#27;[32mThen &amp#27;[0m&amp#27;[32mI should see the comment body is &amp#27;[0m&amp#27;[32m&amp#27;[1m"this is comment for 3"&amp#27;[0m &amp#27;[90m# stepdefinitions.GetPostSteps.i_should_see_the_comment_body_is(java.lang.String)&amp#27;[0m
DEBUG [main] (apphooks.java:45) - Close Browser
DEBUG [main] (apphooks.java:45)- Close Browser
08:34:28.721 [AsyncHttpClient-1-10] DEBUG o.a.netty.handler.WebSocketHandler - Channel Closed: [id: 0x1f3ac916, L:/127.0.0.1:53281 ! R:localhost/127.0.0.1:53274] with attribute NettyResponseFuture{currentRetry=5,
	isDone=1,
	isCancelled=0,
	asyncHandler=org.asynchttpclient.ws.WebSocketUpgradeHandler@61e6c1d8,
	nettyRequest=org.asynchttpclient.netty.request.NettyRequest@24e44380,
	future=java.util.concurrent.CompletableFuture@3ab1e65e[Completed normally],
	uri=ws://localhost:53274/devtools/browser/e6f36ba7-a80a-4cf3-b0b3-9298ae3ecc58,
	keepAlive=true,
	redirectCount=0,
	timeoutsHolder=null,
	inAuth=0,
	touch=1648514068459}
08:34:28.721 [Driver Command Executor] DEBUG o.a.netty.request.NettyRequestSender - Using pooled Channel '[id: 0x66325639, L:/127.0.0.1:53264 - R:localhost/127.0.0.1:58838]' for 'DELETE' to 'http://localhost:58838/session/fda9a4d997e1a6d5f8b58607e104d7dc'
08:34:28.721 [AsyncHttpClient-1-10] DEBUG o.a.netty.channel.ChannelManager - Closing Channel [id: 0x1f3ac916, L:/127.0.0.1:53281 ! R:localhost/127.0.0.1:53274] 
08:34:28.721 [Driver Command Executor] DEBUG o.a.netty.request.NettyRequestSender - Using open Channel [id: 0x66325639, L:/127.0.0.1:53264 - R:localhost/127.0.0.1:58838] for DELETE '/session/fda9a4d997e1a6d5f8b58607e104d7dc'
08:34:28.742 [AsyncHttpClient-1-9] DEBUG o.a.netty.handler.HttpHandler - Unexpected I/O exception on channel [id: 0x3084c151, L:/127.0.0.1:53280 - R:localhost/127.0.0.1:53274]
java.net.SocketException: Connection reset
	at java.base/sun.nio.ch.SocketChannelImpl.throwConnectionReset(SocketChannelImpl.java:367) ~[na:na]
	at java.base/sun.nio.ch.SocketChannelImpl.read(SocketChannelImpl.java:398) ~[na:na]
	at io.netty.buffer.PooledByteBuf.setBytes(PooledByteBuf.java:253) ~[netty-buffer-4.1.70.Final.jar:4.1.70.Final]
	at io.netty.buffer.AbstractByteBuf.writeBytes(AbstractByteBuf.java:1132) ~[netty-buffer-4.1.70.Final.jar:4.1.70.Final]
	at io.netty.channel.socket.nio.NioSocketChannel.doReadBytes(NioSocketChannel.java:350) ~[netty-transport-4.1.70.Final.jar:4.1.70.Final]
	at io.netty.channel.nio.AbstractNioByteChannel$NioByteUnsafe.read(AbstractNioByteChannel.java:151) ~[netty-transport-4.1.70.Final.jar:4.1.70.Final]
	at io.netty.channel.nio.NioEventLoop.processSelectedKey(NioEventLoop.java:719) ~[netty-transport-4.1.70.Final.jar:4.1.70.Final]
	at io.netty.channel.nio.NioEventLoop.processSelectedKeysOptimized(NioEventLoop.java:655) ~[netty-transport-4.1.70.Final.jar:4.1.70.Final]
	at io.netty.channel.nio.NioEventLoop.processSelectedKeys(NioEventLoop.java:581) ~[netty-transport-4.1.70.Final.jar:4.1.70.Final]
	at io.netty.channel.nio.NioEventLoop.run(NioEventLoop.java:493) ~[netty-transport-4.1.70.Final.jar:4.1.70.Final]
	at io.netty.util.concurrent.SingleThreadEventExecutor$4.run(SingleThreadEventExecutor.java:986) ~[netty-common-4.1.70.Final.jar:4.1.70.Final]
	at io.netty.util.internal.ThreadExecutorMap$2.run(ThreadExecutorMap.java:74) ~[netty-common-4.1.70.Final.jar:4.1.70.Final]
	at io.netty.util.concurrent.FastThreadLocalRunnable.run(FastThreadLocalRunnable.java:30) ~[netty-common-4.1.70.Final.jar:4.1.70.Final]
	at java.base/java.lang.Thread.run(Thread.java:832) ~[na:na]
08:34:28.742 [AsyncHttpClient-1-9] DEBUG o.a.netty.channel.ChannelManager - Closing Channel [id: 0x3084c151, L:/127.0.0.1:53280 - R:localhost/127.0.0.1:53274] 
08:34:28.742 [AsyncHttpClient-1-9] DEBUG o.a.netty.handler.HttpHandler - Channel Closed: [id: 0x3084c151, L:/127.0.0.1:53280 ! R:localhost/127.0.0.1:53274] with attribute DISCARD
08:34:28.752 [AsyncHttpClient-1-8] DEBUG o.a.netty.handler.HttpHandler - 

Request DefaultFullHttpRequest(decodeResult: success, version: HTTP/1.1, content: EmptyByteBufBE)
DELETE /session/fda9a4d997e1a6d5f8b58607e104d7dc HTTP/1.1
User-Agent: selenium/4.1.2 (java windows)
Content-Type: application/json; charset=utf-8
host: localhost:58838
accept: */*

Response DefaultHttpResponse(decodeResult: success, version: HTTP/1.1)
HTTP/1.1 200 OK
Content-Type: application/json; charset=utf-8
cache-control: no-cache
content-length: 14

08:34:28.753 [AsyncHttpClient-1-8] DEBUG o.a.netty.channel.ChannelManager - Adding key: http://localhost:58838 for channel [id: 0x66325639, L:/127.0.0.1:53264 - R:localhost/127.0.0.1:58838]
08:34:28.793 [AsyncHttpClient-1-8] DEBUG o.a.netty.handler.HttpHandler - Channel Closed: [id: 0x66325639, L:/127.0.0.1:53264 ! R:localhost/127.0.0.1:58838] with attribute DISCARD
08:34:29.319 [main] INFO   - 
  _____   ___   ___   _____     ___     _     ___   ___   ___   ___  
 |_   _| | __| / __| |_   _|   | _ \   /_\   / __| / __| | __| |   \ 
   | |   | _|  \__ \   | |     |  _/  / _ \  \__ \ \__ \ | _|  | |) |
   |_|   |___| |___/   |_|     |_|   /_/ \_\ |___/ |___/ |___| |___/ 

Verify one existing comments
----------------------------------------------------------------------
]]></system-out>
    <system-err><![CDATA[Starting ChromeDriver 99.0.4844.51 (d537ec02474b5afe23684e7963d538896c63ac77-refs/branch-heads/4844@{#875}) on port 58838
Only local connections are allowed.
Please see https://chromedriver.chromium.org/security-considerations for suggestions on keeping ChromeDriver safe.
ChromeDriver was started successfully.
Mar 29, 2022 8:34:28 AM org.openqa.selenium.remote.ProtocolHandshake createSession
INFO: Detected dialect: W3C
Mar 29, 2022 8:34:28 AM org.openqa.selenium.devtools.CdpVersionFinder findNearestMatch
WARNING: Unable to find an exact match for CDP version 99, so returning the closest version found: 96
Mar 29, 2022 8:34:28 AM org.openqa.selenium.devtools.CdpVersionFinder findNearestMatch
INFO: Found CDP implementation for version 99 of 96
]]></system-err>
  </testcase>
  <testcase name="Login fail possible combinations" classname="Test Invalid User Credentials Feature" time="37.404">
    <system-out><![CDATA[08:34:29.321 [main] INFO  i.c.core.plugin.SerenityReporter - Running feature from file:///Z:/Automation/JavaCucumber/BDD_HCL/CucumberHCL/src/main/resources/AppFeatures/ValidateAndVerifyInvalidLogin.feature
08:34:29.321 [main] WARN  i.c.core.plugin.SerenityReporter - Feature from file:///Z:/Automation/JavaCucumber/BDD_HCL/CucumberHCL/src/main/resources/AppFeatures/ValidateAndVerifyInvalidLogin.feature is not under the 'features' directory. Requirements report will not be correctly generated!
08:34:29.324 [main] DEBUG n.thucydides.core.steps.StepEventBus - Test suite started for story net.thucydides.core.model.Story@b13a1f46
08:34:29.324 [main] INFO   - Test Suite Started: Test Invalid User Credentials Feature

@All @testInvalid
Scenario Outline: Login fail possible combinations                                                                                   &amp#27;[90m# src/main/resources/AppFeatures/ValidateAndVerifyInvalidLogin.feature:15&amp#27;[0m
08:34:29.334 [main] INFO  i.c.core.plugin.SerenityReporter - Running feature from file:///Z:/Automation/JavaCucumber/BDD_HCL/CucumberHCL/src/main/resources/AppFeatures/ValidateAndVerifyInvalidLogin.feature
08:34:29.334 [main] WARN  i.c.core.plugin.SerenityReporter - Feature from file:///Z:/Automation/JavaCucumber/BDD_HCL/CucumberHCL/src/main/resources/AppFeatures/ValidateAndVerifyInvalidLogin.feature is not under the 'features' directory. Requirements report will not be correctly generated!
08:34:29.341 [main] INFO   - 
  _____   ___   ___   _____     ___   _____     _     ___   _____   ___   ___  
 |_   _| | __| / __| |_   _|   / __| |_   _|   /_\   | _ \ |_   _| | __| |   \ 
   | |   | _|  \__ \   | |     \__ \   | |    / _ \  |   /   | |   | _|  | |) |
   |_|   |___| |___/   |_|     |___/   |_|   /_/ \_\ |_|_\   |_|   |___| |___/ 

Login fail possible combinations(test-invalid-user-credentials-feature;login-fail-possible-combinations)
--------------------------------------------------------------------------------
DEBUG [main] (apphooks.java:34) - Set up Browser
DEBUG [main] (apphooks.java:34)- Set up Browser
08:34:29.353 [main] DEBUG com.pages.drivers.DriversFactory - Initialize Driver Browser Configuration
08:34:29.353 [main] DEBUG com.pages.drivers.DriversFactory -  Driver Browser : chrome
08:34:29.367 [main] DEBUG i.g.bonigarcia.wdm.WebDriverManager - Driver chromedriver 99.0.4844.51 found in cache
08:34:29.369 [main] INFO  i.g.bonigarcia.wdm.WebDriverManager - Exporting webdriver.chrome.driver as C:\Users\DheyClaveria\.cache\selenium\chromedriver\win32\99.0.4844.51\chromedriver.exe
08:34:29.444 [AsyncHttpClient-1-1] DEBUG o.a.netty.channel.DefaultChannelPool - Entry count for : http://localhost:58838 : 1
08:34:29.444 [AsyncHttpClient-1-1] DEBUG o.a.netty.channel.DefaultChannelPool - Entry count for : http://localhost:53274 : 1
08:34:29.444 [AsyncHttpClient-1-1] DEBUG o.a.netty.channel.DefaultChannelPool - Adding Candidate expired Channel [id: 0x66325639, L:/127.0.0.1:53264 ! R:localhost/127.0.0.1:58838] isIdleTimeoutExpired=false isRemotelyClosed=true isTtlExpired=false
08:34:29.444 [AsyncHttpClient-1-1] DEBUG o.a.netty.channel.DefaultChannelPool - Closing Idle Channel [id: 0x66325639, L:/127.0.0.1:53264 ! R:localhost/127.0.0.1:58838]
08:34:29.444 [AsyncHttpClient-1-1] DEBUG o.a.netty.channel.DefaultChannelPool - Adding Candidate expired Channel [id: 0x3084c151, L:/127.0.0.1:53280 ! R:localhost/127.0.0.1:53274] isIdleTimeoutExpired=false isRemotelyClosed=true isTtlExpired=false
08:34:29.444 [AsyncHttpClient-1-1] DEBUG o.a.netty.channel.DefaultChannelPool - Closing Idle Channel [id: 0x3084c151, L:/127.0.0.1:53280 ! R:localhost/127.0.0.1:53274]
08:34:29.444 [AsyncHttpClient-1-1] DEBUG o.a.netty.channel.DefaultChannelPool - Closed 2 connections out of 2 in 0 ms
08:34:29.917 [AsyncHttpClient-1-11] DEBUG o.a.n.channel.NettyConnectListener - Using new Channel '[id: 0x25acdc98, L:/127.0.0.1:53293 - R:localhost/127.0.0.1:54102]' for 'POST' to '/session'
DEBUG [Finalizer] (DefaultClientConnection.java:180) - Connection 0.0.0.0:53284<->127.0.0.1:3000 closed
DEBUG [Finalizer] (DefaultClientConnection.java:180)- Connection 0.0.0.0:53284<->127.0.0.1:3000 closed
08:34:30.672 [AsyncHttpClient-1-11] DEBUG o.a.netty.handler.HttpHandler - 

Request DefaultHttpRequest(decodeResult: success, version: HTTP/1.1)
POST /session HTTP/1.1
User-Agent: selenium/4.1.2 (java windows)
Content-Length: 365
Content-Type: application/json; charset=utf-8
host: localhost:54102
accept: */*

Response DefaultHttpResponse(decodeResult: success, version: HTTP/1.1)
HTTP/1.1 200 OK
Content-Type: application/json; charset=utf-8
cache-control: no-cache
content-length: 795

08:34:30.672 [AsyncHttpClient-1-11] DEBUG o.a.netty.channel.ChannelManager - Adding key: http://localhost:54102 for channel [id: 0x25acdc98, L:/127.0.0.1:53293 - R:localhost/127.0.0.1:54102]
08:34:30.681 [AsyncHttpClient-1-12] DEBUG o.a.n.channel.NettyConnectListener - Using new Channel '[id: 0xa58eba54, L:/127.0.0.1:53300 - R:localhost/127.0.0.1:53294]' for 'GET' to '/json/version'
08:34:30.689 [AsyncHttpClient-1-12] DEBUG o.a.netty.handler.HttpHandler - 

Request DefaultFullHttpRequest(decodeResult: success, version: HTTP/1.1, content: EmptyByteBufBE)
GET /json/version HTTP/1.1
User-Agent: selenium/4.1.2 (java windows)
host: localhost:53294
accept: */*

Response DefaultHttpResponse(decodeResult: success, version: HTTP/1.1)
HTTP/1.1 200 OK
Content-Type: application/json; charset=UTF-8
content-length: 423

08:34:30.689 [AsyncHttpClient-1-12] DEBUG o.a.netty.channel.ChannelManager - Adding key: http://localhost:53294 for channel [id: 0xa58eba54, L:/127.0.0.1:53300 - R:localhost/127.0.0.1:53294]
08:34:30.693 [AsyncHttpClient-1-13] DEBUG o.a.n.channel.NettyConnectListener - Using new Channel '[id: 0x4aa5a531, L:/127.0.0.1:53301 - R:localhost/127.0.0.1:53294]' for 'GET' to '/devtools/browser/83542ea8-20bd-4cec-8672-79842508b97a'
08:34:30.700 [AsyncHttpClient-1-13] DEBUG o.a.netty.handler.WebSocketHandler - 

Request DefaultFullHttpRequest(decodeResult: success, version: HTTP/1.1, content: EmptyByteBufBE)
GET /devtools/browser/83542ea8-20bd-4cec-8672-79842508b97a HTTP/1.1
upgrade: websocket
connection: upgrade
sec-websocket-key: M6cK3fxBdx8lD4Mm0h1rDg==
sec-websocket-version: 13
origin: http://localhost:53294
host: localhost:53294
accept: */*
user-agent: AHC/2.1

Response DefaultHttpResponse(decodeResult: success, version: HTTP/1.1)
HTTP/1.1 101 WebSocket Protocol Handshake
Upgrade: WebSocket
Connection: Upgrade
Sec-WebSocket-Accept: 7fZBw6IXARQPl7I9jPc5UlIYqj0=

08:34:30.707 [Forwarding deleteAllCookies on session fee943288a8aaf5f004714c1e10a1da6 to remote] DEBUG o.a.netty.request.NettyRequestSender - Using pooled Channel '[id: 0x25acdc98, L:/127.0.0.1:53293 - R:localhost/127.0.0.1:54102]' for 'DELETE' to 'http://localhost:54102/session/fee943288a8aaf5f004714c1e10a1da6/cookie'
08:34:30.707 [Forwarding deleteAllCookies on session fee943288a8aaf5f004714c1e10a1da6 to remote] DEBUG o.a.netty.request.NettyRequestSender - Using open Channel [id: 0x25acdc98, L:/127.0.0.1:53293 - R:localhost/127.0.0.1:54102] for DELETE '/session/fee943288a8aaf5f004714c1e10a1da6/cookie'
08:34:30.713 [AsyncHttpClient-1-11] DEBUG o.a.netty.handler.HttpHandler - 

Request DefaultFullHttpRequest(decodeResult: success, version: HTTP/1.1, content: EmptyByteBufBE)
DELETE /session/fee943288a8aaf5f004714c1e10a1da6/cookie HTTP/1.1
User-Agent: selenium/4.1.2 (java windows)
Content-Type: application/json; charset=utf-8
host: localhost:54102
accept: */*

Response DefaultHttpResponse(decodeResult: success, version: HTTP/1.1)
HTTP/1.1 200 OK
Content-Type: application/json; charset=utf-8
cache-control: no-cache
content-length: 14

08:34:30.714 [AsyncHttpClient-1-11] DEBUG o.a.netty.channel.ChannelManager - Adding key: http://localhost:54102 for channel [id: 0x25acdc98, L:/127.0.0.1:53293 - R:localhost/127.0.0.1:54102]
08:34:30.716 [Forwarding maximizeCurrentWindow on session fee943288a8aaf5f004714c1e10a1da6 to remote] DEBUG o.a.netty.request.NettyRequestSender - Using pooled Channel '[id: 0x25acdc98, L:/127.0.0.1:53293 - R:localhost/127.0.0.1:54102]' for 'POST' to 'http://localhost:54102/session/fee943288a8aaf5f004714c1e10a1da6/window/maximize'
08:34:30.716 [Forwarding maximizeCurrentWindow on session fee943288a8aaf5f004714c1e10a1da6 to remote] DEBUG o.a.netty.request.NettyRequestSender - Using open Channel [id: 0x25acdc98, L:/127.0.0.1:53293 - R:localhost/127.0.0.1:54102] for POST '/session/fee943288a8aaf5f004714c1e10a1da6/window/maximize'
08:34:30.844 [AsyncHttpClient-1-11] DEBUG o.a.netty.handler.HttpHandler - 

Request DefaultHttpRequest(decodeResult: success, version: HTTP/1.1)
POST /session/fee943288a8aaf5f004714c1e10a1da6/window/maximize HTTP/1.1
User-Agent: selenium/4.1.2 (java windows)
Content-Length: 3
Content-Type: application/json; charset=utf-8
host: localhost:54102
accept: */*

Response DefaultHttpResponse(decodeResult: success, version: HTTP/1.1)
HTTP/1.1 200 OK
Content-Type: application/json; charset=utf-8
cache-control: no-cache
content-length: 52

08:34:30.845 [AsyncHttpClient-1-11] DEBUG o.a.netty.channel.ChannelManager - Adding key: http://localhost:54102 for channel [id: 0x25acdc98, L:/127.0.0.1:53293 - R:localhost/127.0.0.1:54102]
08:34:30.855 [Forwarding get on session fee943288a8aaf5f004714c1e10a1da6 to remote] DEBUG o.a.netty.request.NettyRequestSender - Using pooled Channel '[id: 0x25acdc98, L:/127.0.0.1:53293 - R:localhost/127.0.0.1:54102]' for 'POST' to 'http://localhost:54102/session/fee943288a8aaf5f004714c1e10a1da6/url'
08:34:30.855 [Forwarding get on session fee943288a8aaf5f004714c1e10a1da6 to remote] DEBUG o.a.netty.request.NettyRequestSender - Using open Channel [id: 0x25acdc98, L:/127.0.0.1:53293 - R:localhost/127.0.0.1:54102] for POST '/session/fee943288a8aaf5f004714c1e10a1da6/url'
08:34:31.083 [AsyncHttpClient-1-11] DEBUG o.a.netty.handler.HttpHandler - 

Request DefaultHttpRequest(decodeResult: success, version: HTTP/1.1)
POST /session/fee943288a8aaf5f004714c1e10a1da6/url HTTP/1.1
User-Agent: selenium/4.1.2 (java windows)
Content-Length: 148
Content-Type: application/json; charset=utf-8
host: localhost:54102
accept: */*

Response DefaultHttpResponse(decodeResult: success, version: HTTP/1.1)
HTTP/1.1 200 OK
Content-Type: application/json; charset=utf-8
cache-control: no-cache
content-length: 14

08:34:31.084 [AsyncHttpClient-1-11] DEBUG o.a.netty.channel.ChannelManager - Adding key: http://localhost:54102 for channel [id: 0x25acdc98, L:/127.0.0.1:53293 - R:localhost/127.0.0.1:54102]
08:34:31.086 [Forwarding getTitle on session fee943288a8aaf5f004714c1e10a1da6 to remote] DEBUG o.a.netty.request.NettyRequestSender - Using pooled Channel '[id: 0x25acdc98, L:/127.0.0.1:53293 - R:localhost/127.0.0.1:54102]' for 'GET' to 'http://localhost:54102/session/fee943288a8aaf5f004714c1e10a1da6/title'
08:34:31.086 [Forwarding getTitle on session fee943288a8aaf5f004714c1e10a1da6 to remote] DEBUG o.a.netty.request.NettyRequestSender - Using open Channel [id: 0x25acdc98, L:/127.0.0.1:53293 - R:localhost/127.0.0.1:54102] for GET '/session/fee943288a8aaf5f004714c1e10a1da6/title'
08:34:31.092 [AsyncHttpClient-1-11] DEBUG o.a.netty.handler.HttpHandler - 

Request DefaultFullHttpRequest(decodeResult: success, version: HTTP/1.1, content: EmptyByteBufBE)
GET /session/fee943288a8aaf5f004714c1e10a1da6/title HTTP/1.1
User-Agent: selenium/4.1.2 (java windows)
Cache-Control: no-cache
Content-Type: application/json; charset=utf-8
host: localhost:54102
accept: */*

Response DefaultHttpResponse(decodeResult: success, version: HTTP/1.1)
HTTP/1.1 200 OK
Content-Type: application/json; charset=utf-8
cache-control: no-cache
content-length: 22

08:34:31.092 [AsyncHttpClient-1-11] DEBUG o.a.netty.channel.ChannelManager - Adding key: http://localhost:54102 for channel [id: 0x25acdc98, L:/127.0.0.1:53293 - R:localhost/127.0.0.1:54102]
DEBUG [main] (BaseClass.java:37) - verifyApplication: 'Login Page' 
DEBUG [main] (BaseClass.java:37)- verifyApplication: 'Login Page' 
08:34:31.098 [Forwarding getTitle on session fee943288a8aaf5f004714c1e10a1da6 to remote] DEBUG o.a.netty.request.NettyRequestSender - Using pooled Channel '[id: 0x25acdc98, L:/127.0.0.1:53293 - R:localhost/127.0.0.1:54102]' for 'GET' to 'http://localhost:54102/session/fee943288a8aaf5f004714c1e10a1da6/title'
08:34:31.098 [Forwarding getTitle on session fee943288a8aaf5f004714c1e10a1da6 to remote] DEBUG o.a.netty.request.NettyRequestSender - Using open Channel [id: 0x25acdc98, L:/127.0.0.1:53293 - R:localhost/127.0.0.1:54102] for GET '/session/fee943288a8aaf5f004714c1e10a1da6/title'
08:34:31.103 [AsyncHttpClient-1-11] DEBUG o.a.netty.handler.HttpHandler - 

Request DefaultFullHttpRequest(decodeResult: success, version: HTTP/1.1, content: EmptyByteBufBE)
GET /session/fee943288a8aaf5f004714c1e10a1da6/title HTTP/1.1
User-Agent: selenium/4.1.2 (java windows)
Cache-Control: no-cache
Content-Type: application/json; charset=utf-8
host: localhost:54102
accept: */*

Response DefaultHttpResponse(decodeResult: success, version: HTTP/1.1)
HTTP/1.1 200 OK
Content-Type: application/json; charset=utf-8
cache-control: no-cache
content-length: 22

08:34:31.103 [AsyncHttpClient-1-11] DEBUG o.a.netty.channel.ChannelManager - Adding key: http://localhost:54102 for channel [id: 0x25acdc98, L:/127.0.0.1:53293 - R:localhost/127.0.0.1:54102]
08:34:31.639 [AsyncHttpClient-1-1] DEBUG o.a.netty.channel.DefaultChannelPool - Entry count for : http://localhost:53294 : 1
08:34:31.639 [AsyncHttpClient-1-1] DEBUG o.a.netty.channel.DefaultChannelPool - Entry count for : http://localhost:54102 : 1
08:34:32.732 [AsyncHttpClient-1-1] DEBUG o.a.netty.channel.DefaultChannelPool - Entry count for : http://localhost:53294 : 1
08:34:32.732 [AsyncHttpClient-1-1] DEBUG o.a.netty.channel.DefaultChannelPool - Entry count for : http://localhost:54102 : 1
08:34:33.839 [AsyncHttpClient-1-1] DEBUG o.a.netty.channel.DefaultChannelPool - Entry count for : http://localhost:53294 : 1
08:34:33.839 [AsyncHttpClient-1-1] DEBUG o.a.netty.channel.DefaultChannelPool - Entry count for : http://localhost:54102 : 1
08:34:34.930 [AsyncHttpClient-1-1] DEBUG o.a.netty.channel.DefaultChannelPool - Entry count for : http://localhost:53294 : 1
08:34:34.930 [AsyncHttpClient-1-1] DEBUG o.a.netty.channel.DefaultChannelPool - Entry count for : http://localhost:54102 : 1
08:34:36.034 [AsyncHttpClient-1-1] DEBUG o.a.netty.channel.DefaultChannelPool - Entry count for : http://localhost:53294 : 1
08:34:36.034 [AsyncHttpClient-1-1] DEBUG o.a.netty.channel.DefaultChannelPool - Entry count for : http://localhost:54102 : 1
  &amp#27;[32mGiven &amp#27;[0m&amp#27;[32mthat the user should navigate in PEGA Login Page&amp#27;[0m                                                                             &amp#27;[90m# stepdefinitions.LoginPageSteps.that_the_user_should_navigate_in_pega_login_page()&amp#27;[0m
DEBUG [main] (LoginPage.java:44) - verifyPageElements : Current Element = 'By.xpath: //div[@id="credentials"]//div[@class="field user"]//input' 
DEBUG [main] (LoginPage.java:44)- verifyPageElements : Current Element = 'By.xpath: //div[@id="credentials"]//div[@class="field user"]//input' 
08:34:36.120 [Forwarding findElement on session fee943288a8aaf5f004714c1e10a1da6 to remote] DEBUG o.a.netty.request.NettyRequestSender - Using pooled Channel '[id: 0x25acdc98, L:/127.0.0.1:53293 - R:localhost/127.0.0.1:54102]' for 'POST' to 'http://localhost:54102/session/fee943288a8aaf5f004714c1e10a1da6/element'
08:34:36.120 [Forwarding findElement on session fee943288a8aaf5f004714c1e10a1da6 to remote] DEBUG o.a.netty.request.NettyRequestSender - Using open Channel [id: 0x25acdc98, L:/127.0.0.1:53293 - R:localhost/127.0.0.1:54102] for POST '/session/fee943288a8aaf5f004714c1e10a1da6/element'
08:34:36.139 [AsyncHttpClient-1-11] DEBUG o.a.netty.handler.HttpHandler - 

Request DefaultHttpRequest(decodeResult: success, version: HTTP/1.1)
POST /session/fee943288a8aaf5f004714c1e10a1da6/element HTTP/1.1
User-Agent: selenium/4.1.2 (java windows)
Content-Length: 128
Content-Type: application/json; charset=utf-8
host: localhost:54102
accept: */*

Response DefaultHttpResponse(decodeResult: success, version: HTTP/1.1)
HTTP/1.1 200 OK
Content-Type: application/json; charset=utf-8
cache-control: no-cache
content-length: 88

08:34:36.139 [AsyncHttpClient-1-11] DEBUG o.a.netty.channel.ChannelManager - Adding key: http://localhost:54102 for channel [id: 0x25acdc98, L:/127.0.0.1:53293 - R:localhost/127.0.0.1:54102]
08:34:36.152 [Forwarding isElementDisplayed on session fee943288a8aaf5f004714c1e10a1da6 to remote] DEBUG o.a.netty.request.NettyRequestSender - Using pooled Channel '[id: 0x25acdc98, L:/127.0.0.1:53293 - R:localhost/127.0.0.1:54102]' for 'POST' to 'http://localhost:54102/session/fee943288a8aaf5f004714c1e10a1da6/execute/sync'
08:34:36.152 [Forwarding isElementDisplayed on session fee943288a8aaf5f004714c1e10a1da6 to remote] DEBUG o.a.netty.request.NettyRequestSender - Using open Channel [id: 0x25acdc98, L:/127.0.0.1:53293 - R:localhost/127.0.0.1:54102] for POST '/session/fee943288a8aaf5f004714c1e10a1da6/execute/sync'
08:34:36.178 [AsyncHttpClient-1-11] DEBUG o.a.netty.handler.HttpHandler - 

Request DefaultHttpRequest(decodeResult: success, version: HTTP/1.1)
POST /session/fee943288a8aaf5f004714c1e10a1da6/execute/sync HTTP/1.1
User-Agent: selenium/4.1.2 (java windows)
Content-Length: 48780
Content-Type: application/json; charset=utf-8
host: localhost:54102
accept: */*

Response DefaultHttpResponse(decodeResult: success, version: HTTP/1.1)
HTTP/1.1 200 OK
Content-Type: application/json; charset=utf-8
cache-control: no-cache
content-length: 14

08:34:36.179 [AsyncHttpClient-1-11] DEBUG o.a.netty.channel.ChannelManager - Adding key: http://localhost:54102 for channel [id: 0x25acdc98, L:/127.0.0.1:53293 - R:localhost/127.0.0.1:54102]
08:34:36.181 [Forwarding findElement on session fee943288a8aaf5f004714c1e10a1da6 to remote] DEBUG o.a.netty.request.NettyRequestSender - Using pooled Channel '[id: 0x25acdc98, L:/127.0.0.1:53293 - R:localhost/127.0.0.1:54102]' for 'POST' to 'http://localhost:54102/session/fee943288a8aaf5f004714c1e10a1da6/element'
08:34:36.181 [Forwarding findElement on session fee943288a8aaf5f004714c1e10a1da6 to remote] DEBUG o.a.netty.request.NettyRequestSender - Using open Channel [id: 0x25acdc98, L:/127.0.0.1:53293 - R:localhost/127.0.0.1:54102] for POST '/session/fee943288a8aaf5f004714c1e10a1da6/element'
08:34:36.188 [AsyncHttpClient-1-11] DEBUG o.a.netty.handler.HttpHandler - 

Request DefaultHttpRequest(decodeResult: success, version: HTTP/1.1)
POST /session/fee943288a8aaf5f004714c1e10a1da6/element HTTP/1.1
User-Agent: selenium/4.1.2 (java windows)
Content-Length: 128
Content-Type: application/json; charset=utf-8
host: localhost:54102
accept: */*

Response DefaultHttpResponse(decodeResult: success, version: HTTP/1.1)
HTTP/1.1 200 OK
Content-Type: application/json; charset=utf-8
cache-control: no-cache
content-length: 88

08:34:36.189 [AsyncHttpClient-1-11] DEBUG o.a.netty.channel.ChannelManager - Adding key: http://localhost:54102 for channel [id: 0x25acdc98, L:/127.0.0.1:53293 - R:localhost/127.0.0.1:54102]
08:34:36.193 [Forwarding isElementDisplayed on session fee943288a8aaf5f004714c1e10a1da6 to remote] DEBUG o.a.netty.request.NettyRequestSender - Using pooled Channel '[id: 0x25acdc98, L:/127.0.0.1:53293 - R:localhost/127.0.0.1:54102]' for 'POST' to 'http://localhost:54102/session/fee943288a8aaf5f004714c1e10a1da6/execute/sync'
08:34:36.194 [Forwarding isElementDisplayed on session fee943288a8aaf5f004714c1e10a1da6 to remote] DEBUG o.a.netty.request.NettyRequestSender - Using open Channel [id: 0x25acdc98, L:/127.0.0.1:53293 - R:localhost/127.0.0.1:54102] for POST '/session/fee943288a8aaf5f004714c1e10a1da6/execute/sync'
08:34:36.208 [AsyncHttpClient-1-11] DEBUG o.a.netty.handler.HttpHandler - 

Request DefaultHttpRequest(decodeResult: success, version: HTTP/1.1)
POST /session/fee943288a8aaf5f004714c1e10a1da6/execute/sync HTTP/1.1
User-Agent: selenium/4.1.2 (java windows)
Content-Length: 48780
Content-Type: application/json; charset=utf-8
host: localhost:54102
accept: */*

Response DefaultHttpResponse(decodeResult: success, version: HTTP/1.1)
HTTP/1.1 200 OK
Content-Type: application/json; charset=utf-8
cache-control: no-cache
content-length: 14

08:34:36.209 [AsyncHttpClient-1-11] DEBUG o.a.netty.channel.ChannelManager - Adding key: http://localhost:54102 for channel [id: 0x25acdc98, L:/127.0.0.1:53293 - R:localhost/127.0.0.1:54102]
08:34:36.211 [Forwarding findElement on session fee943288a8aaf5f004714c1e10a1da6 to remote] DEBUG o.a.netty.request.NettyRequestSender - Using pooled Channel '[id: 0x25acdc98, L:/127.0.0.1:53293 - R:localhost/127.0.0.1:54102]' for 'POST' to 'http://localhost:54102/session/fee943288a8aaf5f004714c1e10a1da6/element'
08:34:36.211 [Forwarding findElement on session fee943288a8aaf5f004714c1e10a1da6 to remote] DEBUG o.a.netty.request.NettyRequestSender - Using open Channel [id: 0x25acdc98, L:/127.0.0.1:53293 - R:localhost/127.0.0.1:54102] for POST '/session/fee943288a8aaf5f004714c1e10a1da6/element'
08:34:36.218 [AsyncHttpClient-1-11] DEBUG o.a.netty.handler.HttpHandler - 

Request DefaultHttpRequest(decodeResult: success, version: HTTP/1.1)
POST /session/fee943288a8aaf5f004714c1e10a1da6/element HTTP/1.1
User-Agent: selenium/4.1.2 (java windows)
Content-Length: 128
Content-Type: application/json; charset=utf-8
host: localhost:54102
accept: */*

Response DefaultHttpResponse(decodeResult: success, version: HTTP/1.1)
HTTP/1.1 200 OK
Content-Type: application/json; charset=utf-8
cache-control: no-cache
content-length: 88

08:34:36.219 [AsyncHttpClient-1-11] DEBUG o.a.netty.channel.ChannelManager - Adding key: http://localhost:54102 for channel [id: 0x25acdc98, L:/127.0.0.1:53293 - R:localhost/127.0.0.1:54102]
08:34:36.221 [Forwarding isElementEnabled on session fee943288a8aaf5f004714c1e10a1da6 to remote] DEBUG o.a.netty.request.NettyRequestSender - Using pooled Channel '[id: 0x25acdc98, L:/127.0.0.1:53293 - R:localhost/127.0.0.1:54102]' for 'GET' to 'http://localhost:54102/session/fee943288a8aaf5f004714c1e10a1da6/element/a6e1c76a-9bc4-41c6-9f36-ae26dda2ec1c/enabled'
08:34:36.221 [Forwarding isElementEnabled on session fee943288a8aaf5f004714c1e10a1da6 to remote] DEBUG o.a.netty.request.NettyRequestSender - Using open Channel [id: 0x25acdc98, L:/127.0.0.1:53293 - R:localhost/127.0.0.1:54102] for GET '/session/fee943288a8aaf5f004714c1e10a1da6/element/a6e1c76a-9bc4-41c6-9f36-ae26dda2ec1c/enabled'
08:34:36.233 [AsyncHttpClient-1-11] DEBUG o.a.netty.handler.HttpHandler - 

Request DefaultFullHttpRequest(decodeResult: success, version: HTTP/1.1, content: EmptyByteBufBE)
GET /session/fee943288a8aaf5f004714c1e10a1da6/element/a6e1c76a-9bc4-41c6-9f36-ae26dda2ec1c/enabled HTTP/1.1
User-Agent: selenium/4.1.2 (java windows)
Cache-Control: no-cache
Content-Type: application/json; charset=utf-8
host: localhost:54102
accept: */*

Response DefaultHttpResponse(decodeResult: success, version: HTTP/1.1)
HTTP/1.1 200 OK
Content-Type: application/json; charset=utf-8
cache-control: no-cache
content-length: 14

08:34:36.233 [AsyncHttpClient-1-11] DEBUG o.a.netty.channel.ChannelManager - Adding key: http://localhost:54102 for channel [id: 0x25acdc98, L:/127.0.0.1:53293 - R:localhost/127.0.0.1:54102]
DEBUG [main] (LoginPage.java:44) - verifyPageElements : Current Element = 'By.xpath: //div[@id="credentials"]//div[@class="field password"]//input' 
DEBUG [main] (LoginPage.java:44)- verifyPageElements : Current Element = 'By.xpath: //div[@id="credentials"]//div[@class="field password"]//input' 
08:34:36.235 [Forwarding findElement on session fee943288a8aaf5f004714c1e10a1da6 to remote] DEBUG o.a.netty.request.NettyRequestSender - Using pooled Channel '[id: 0x25acdc98, L:/127.0.0.1:53293 - R:localhost/127.0.0.1:54102]' for 'POST' to 'http://localhost:54102/session/fee943288a8aaf5f004714c1e10a1da6/element'
08:34:36.235 [Forwarding findElement on session fee943288a8aaf5f004714c1e10a1da6 to remote] DEBUG o.a.netty.request.NettyRequestSender - Using open Channel [id: 0x25acdc98, L:/127.0.0.1:53293 - R:localhost/127.0.0.1:54102] for POST '/session/fee943288a8aaf5f004714c1e10a1da6/element'
08:34:36.248 [AsyncHttpClient-1-11] DEBUG o.a.netty.handler.HttpHandler - 

Request DefaultHttpRequest(decodeResult: success, version: HTTP/1.1)
POST /session/fee943288a8aaf5f004714c1e10a1da6/element HTTP/1.1
User-Agent: selenium/4.1.2 (java windows)
Content-Length: 132
Content-Type: application/json; charset=utf-8
host: localhost:54102
accept: */*

Response DefaultHttpResponse(decodeResult: success, version: HTTP/1.1)
HTTP/1.1 200 OK
Content-Type: application/json; charset=utf-8
cache-control: no-cache
content-length: 88

08:34:36.248 [AsyncHttpClient-1-11] DEBUG o.a.netty.channel.ChannelManager - Adding key: http://localhost:54102 for channel [id: 0x25acdc98, L:/127.0.0.1:53293 - R:localhost/127.0.0.1:54102]
08:34:36.253 [Forwarding isElementDisplayed on session fee943288a8aaf5f004714c1e10a1da6 to remote] DEBUG o.a.netty.request.NettyRequestSender - Using pooled Channel '[id: 0x25acdc98, L:/127.0.0.1:53293 - R:localhost/127.0.0.1:54102]' for 'POST' to 'http://localhost:54102/session/fee943288a8aaf5f004714c1e10a1da6/execute/sync'
08:34:36.254 [Forwarding isElementDisplayed on session fee943288a8aaf5f004714c1e10a1da6 to remote] DEBUG o.a.netty.request.NettyRequestSender - Using open Channel [id: 0x25acdc98, L:/127.0.0.1:53293 - R:localhost/127.0.0.1:54102] for POST '/session/fee943288a8aaf5f004714c1e10a1da6/execute/sync'
08:34:36.265 [AsyncHttpClient-1-11] DEBUG o.a.netty.handler.HttpHandler - 

Request DefaultHttpRequest(decodeResult: success, version: HTTP/1.1)
POST /session/fee943288a8aaf5f004714c1e10a1da6/execute/sync HTTP/1.1
User-Agent: selenium/4.1.2 (java windows)
Content-Length: 48780
Content-Type: application/json; charset=utf-8
host: localhost:54102
accept: */*

Response DefaultHttpResponse(decodeResult: success, version: HTTP/1.1)
HTTP/1.1 200 OK
Content-Type: application/json; charset=utf-8
cache-control: no-cache
content-length: 14

08:34:36.265 [AsyncHttpClient-1-11] DEBUG o.a.netty.channel.ChannelManager - Adding key: http://localhost:54102 for channel [id: 0x25acdc98, L:/127.0.0.1:53293 - R:localhost/127.0.0.1:54102]
08:34:36.267 [Forwarding findElement on session fee943288a8aaf5f004714c1e10a1da6 to remote] DEBUG o.a.netty.request.NettyRequestSender - Using pooled Channel '[id: 0x25acdc98, L:/127.0.0.1:53293 - R:localhost/127.0.0.1:54102]' for 'POST' to 'http://localhost:54102/session/fee943288a8aaf5f004714c1e10a1da6/element'
08:34:36.267 [Forwarding findElement on session fee943288a8aaf5f004714c1e10a1da6 to remote] DEBUG o.a.netty.request.NettyRequestSender - Using open Channel [id: 0x25acdc98, L:/127.0.0.1:53293 - R:localhost/127.0.0.1:54102] for POST '/session/fee943288a8aaf5f004714c1e10a1da6/element'
08:34:36.274 [AsyncHttpClient-1-11] DEBUG o.a.netty.handler.HttpHandler - 

Request DefaultHttpRequest(decodeResult: success, version: HTTP/1.1)
POST /session/fee943288a8aaf5f004714c1e10a1da6/element HTTP/1.1
User-Agent: selenium/4.1.2 (java windows)
Content-Length: 132
Content-Type: application/json; charset=utf-8
host: localhost:54102
accept: */*

Response DefaultHttpResponse(decodeResult: success, version: HTTP/1.1)
HTTP/1.1 200 OK
Content-Type: application/json; charset=utf-8
cache-control: no-cache
content-length: 88

08:34:36.275 [AsyncHttpClient-1-11] DEBUG o.a.netty.channel.ChannelManager - Adding key: http://localhost:54102 for channel [id: 0x25acdc98, L:/127.0.0.1:53293 - R:localhost/127.0.0.1:54102]
08:34:36.280 [Forwarding isElementDisplayed on session fee943288a8aaf5f004714c1e10a1da6 to remote] DEBUG o.a.netty.request.NettyRequestSender - Using pooled Channel '[id: 0x25acdc98, L:/127.0.0.1:53293 - R:localhost/127.0.0.1:54102]' for 'POST' to 'http://localhost:54102/session/fee943288a8aaf5f004714c1e10a1da6/execute/sync'
08:34:36.280 [Forwarding isElementDisplayed on session fee943288a8aaf5f004714c1e10a1da6 to remote] DEBUG o.a.netty.request.NettyRequestSender - Using open Channel [id: 0x25acdc98, L:/127.0.0.1:53293 - R:localhost/127.0.0.1:54102] for POST '/session/fee943288a8aaf5f004714c1e10a1da6/execute/sync'
08:34:36.291 [AsyncHttpClient-1-11] DEBUG o.a.netty.handler.HttpHandler - 

Request DefaultHttpRequest(decodeResult: success, version: HTTP/1.1)
POST /session/fee943288a8aaf5f004714c1e10a1da6/execute/sync HTTP/1.1
User-Agent: selenium/4.1.2 (java windows)
Content-Length: 48780
Content-Type: application/json; charset=utf-8
host: localhost:54102
accept: */*

Response DefaultHttpResponse(decodeResult: success, version: HTTP/1.1)
HTTP/1.1 200 OK
Content-Type: application/json; charset=utf-8
cache-control: no-cache
content-length: 14

08:34:36.292 [AsyncHttpClient-1-11] DEBUG o.a.netty.channel.ChannelManager - Adding key: http://localhost:54102 for channel [id: 0x25acdc98, L:/127.0.0.1:53293 - R:localhost/127.0.0.1:54102]
08:34:36.293 [Forwarding findElement on session fee943288a8aaf5f004714c1e10a1da6 to remote] DEBUG o.a.netty.request.NettyRequestSender - Using pooled Channel '[id: 0x25acdc98, L:/127.0.0.1:53293 - R:localhost/127.0.0.1:54102]' for 'POST' to 'http://localhost:54102/session/fee943288a8aaf5f004714c1e10a1da6/element'
08:34:36.294 [Forwarding findElement on session fee943288a8aaf5f004714c1e10a1da6 to remote] DEBUG o.a.netty.request.NettyRequestSender - Using open Channel [id: 0x25acdc98, L:/127.0.0.1:53293 - R:localhost/127.0.0.1:54102] for POST '/session/fee943288a8aaf5f004714c1e10a1da6/element'
08:34:36.300 [AsyncHttpClient-1-11] DEBUG o.a.netty.handler.HttpHandler - 

Request DefaultHttpRequest(decodeResult: success, version: HTTP/1.1)
POST /session/fee943288a8aaf5f004714c1e10a1da6/element HTTP/1.1
User-Agent: selenium/4.1.2 (java windows)
Content-Length: 132
Content-Type: application/json; charset=utf-8
host: localhost:54102
accept: */*

Response DefaultHttpResponse(decodeResult: success, version: HTTP/1.1)
HTTP/1.1 200 OK
Content-Type: application/json; charset=utf-8
cache-control: no-cache
content-length: 88

08:34:36.300 [AsyncHttpClient-1-11] DEBUG o.a.netty.channel.ChannelManager - Adding key: http://localhost:54102 for channel [id: 0x25acdc98, L:/127.0.0.1:53293 - R:localhost/127.0.0.1:54102]
08:34:36.302 [Forwarding isElementEnabled on session fee943288a8aaf5f004714c1e10a1da6 to remote] DEBUG o.a.netty.request.NettyRequestSender - Using pooled Channel '[id: 0x25acdc98, L:/127.0.0.1:53293 - R:localhost/127.0.0.1:54102]' for 'GET' to 'http://localhost:54102/session/fee943288a8aaf5f004714c1e10a1da6/element/13b6a218-3e96-4990-a8c0-0d6d5a0bcbe9/enabled'
08:34:36.302 [Forwarding isElementEnabled on session fee943288a8aaf5f004714c1e10a1da6 to remote] DEBUG o.a.netty.request.NettyRequestSender - Using open Channel [id: 0x25acdc98, L:/127.0.0.1:53293 - R:localhost/127.0.0.1:54102] for GET '/session/fee943288a8aaf5f004714c1e10a1da6/element/13b6a218-3e96-4990-a8c0-0d6d5a0bcbe9/enabled'
08:34:36.313 [AsyncHttpClient-1-11] DEBUG o.a.netty.handler.HttpHandler - 

Request DefaultFullHttpRequest(decodeResult: success, version: HTTP/1.1, content: EmptyByteBufBE)
GET /session/fee943288a8aaf5f004714c1e10a1da6/element/13b6a218-3e96-4990-a8c0-0d6d5a0bcbe9/enabled HTTP/1.1
User-Agent: selenium/4.1.2 (java windows)
Cache-Control: no-cache
Content-Type: application/json; charset=utf-8
host: localhost:54102
accept: */*

Response DefaultHttpResponse(decodeResult: success, version: HTTP/1.1)
HTTP/1.1 200 OK
Content-Type: application/json; charset=utf-8
cache-control: no-cache
content-length: 14

08:34:36.313 [AsyncHttpClient-1-11] DEBUG o.a.netty.channel.ChannelManager - Adding key: http://localhost:54102 for channel [id: 0x25acdc98, L:/127.0.0.1:53293 - R:localhost/127.0.0.1:54102]
DEBUG [main] (LoginPage.java:44) - verifyPageElements : Current Element = 'By.xpath: //div[@id="credentials"]//button[contains(@class,"loginButton")]' 
DEBUG [main] (LoginPage.java:44)- verifyPageElements : Current Element = 'By.xpath: //div[@id="credentials"]//button[contains(@class,"loginButton")]' 
08:34:36.315 [Forwarding findElement on session fee943288a8aaf5f004714c1e10a1da6 to remote] DEBUG o.a.netty.request.NettyRequestSender - Using pooled Channel '[id: 0x25acdc98, L:/127.0.0.1:53293 - R:localhost/127.0.0.1:54102]' for 'POST' to 'http://localhost:54102/session/fee943288a8aaf5f004714c1e10a1da6/element'
08:34:36.316 [Forwarding findElement on session fee943288a8aaf5f004714c1e10a1da6 to remote] DEBUG o.a.netty.request.NettyRequestSender - Using open Channel [id: 0x25acdc98, L:/127.0.0.1:53293 - R:localhost/127.0.0.1:54102] for POST '/session/fee943288a8aaf5f004714c1e10a1da6/element'
08:34:36.330 [AsyncHttpClient-1-11] DEBUG o.a.netty.handler.HttpHandler - 

Request DefaultHttpRequest(decodeResult: success, version: HTTP/1.1)
POST /session/fee943288a8aaf5f004714c1e10a1da6/element HTTP/1.1
User-Agent: selenium/4.1.2 (java windows)
Content-Length: 125
Content-Type: application/json; charset=utf-8
host: localhost:54102
accept: */*

Response DefaultHttpResponse(decodeResult: success, version: HTTP/1.1)
HTTP/1.1 200 OK
Content-Type: application/json; charset=utf-8
cache-control: no-cache
content-length: 88

08:34:36.330 [AsyncHttpClient-1-11] DEBUG o.a.netty.channel.ChannelManager - Adding key: http://localhost:54102 for channel [id: 0x25acdc98, L:/127.0.0.1:53293 - R:localhost/127.0.0.1:54102]
08:34:36.335 [Forwarding isElementDisplayed on session fee943288a8aaf5f004714c1e10a1da6 to remote] DEBUG o.a.netty.request.NettyRequestSender - Using pooled Channel '[id: 0x25acdc98, L:/127.0.0.1:53293 - R:localhost/127.0.0.1:54102]' for 'POST' to 'http://localhost:54102/session/fee943288a8aaf5f004714c1e10a1da6/execute/sync'
08:34:36.336 [Forwarding isElementDisplayed on session fee943288a8aaf5f004714c1e10a1da6 to remote] DEBUG o.a.netty.request.NettyRequestSender - Using open Channel [id: 0x25acdc98, L:/127.0.0.1:53293 - R:localhost/127.0.0.1:54102] for POST '/session/fee943288a8aaf5f004714c1e10a1da6/execute/sync'
08:34:36.348 [AsyncHttpClient-1-11] DEBUG o.a.netty.handler.HttpHandler - 

Request DefaultHttpRequest(decodeResult: success, version: HTTP/1.1)
POST /session/fee943288a8aaf5f004714c1e10a1da6/execute/sync HTTP/1.1
User-Agent: selenium/4.1.2 (java windows)
Content-Length: 48780
Content-Type: application/json; charset=utf-8
host: localhost:54102
accept: */*

Response DefaultHttpResponse(decodeResult: success, version: HTTP/1.1)
HTTP/1.1 200 OK
Content-Type: application/json; charset=utf-8
cache-control: no-cache
content-length: 14

08:34:36.348 [AsyncHttpClient-1-11] DEBUG o.a.netty.channel.ChannelManager - Adding key: http://localhost:54102 for channel [id: 0x25acdc98, L:/127.0.0.1:53293 - R:localhost/127.0.0.1:54102]
08:34:36.350 [Forwarding findElement on session fee943288a8aaf5f004714c1e10a1da6 to remote] DEBUG o.a.netty.request.NettyRequestSender - Using pooled Channel '[id: 0x25acdc98, L:/127.0.0.1:53293 - R:localhost/127.0.0.1:54102]' for 'POST' to 'http://localhost:54102/session/fee943288a8aaf5f004714c1e10a1da6/element'
08:34:36.350 [Forwarding findElement on session fee943288a8aaf5f004714c1e10a1da6 to remote] DEBUG o.a.netty.request.NettyRequestSender - Using open Channel [id: 0x25acdc98, L:/127.0.0.1:53293 - R:localhost/127.0.0.1:54102] for POST '/session/fee943288a8aaf5f004714c1e10a1da6/element'
08:34:36.358 [AsyncHttpClient-1-11] DEBUG o.a.netty.handler.HttpHandler - 

Request DefaultHttpRequest(decodeResult: success, version: HTTP/1.1)
POST /session/fee943288a8aaf5f004714c1e10a1da6/element HTTP/1.1
User-Agent: selenium/4.1.2 (java windows)
Content-Length: 125
Content-Type: application/json; charset=utf-8
host: localhost:54102
accept: */*

Response DefaultHttpResponse(decodeResult: success, version: HTTP/1.1)
HTTP/1.1 200 OK
Content-Type: application/json; charset=utf-8
cache-control: no-cache
content-length: 88

08:34:36.358 [AsyncHttpClient-1-11] DEBUG o.a.netty.channel.ChannelManager - Adding key: http://localhost:54102 for channel [id: 0x25acdc98, L:/127.0.0.1:53293 - R:localhost/127.0.0.1:54102]
08:34:36.364 [Forwarding isElementDisplayed on session fee943288a8aaf5f004714c1e10a1da6 to remote] DEBUG o.a.netty.request.NettyRequestSender - Using pooled Channel '[id: 0x25acdc98, L:/127.0.0.1:53293 - R:localhost/127.0.0.1:54102]' for 'POST' to 'http://localhost:54102/session/fee943288a8aaf5f004714c1e10a1da6/execute/sync'
08:34:36.364 [Forwarding isElementDisplayed on session fee943288a8aaf5f004714c1e10a1da6 to remote] DEBUG o.a.netty.request.NettyRequestSender - Using open Channel [id: 0x25acdc98, L:/127.0.0.1:53293 - R:localhost/127.0.0.1:54102] for POST '/session/fee943288a8aaf5f004714c1e10a1da6/execute/sync'
08:34:36.377 [AsyncHttpClient-1-11] DEBUG o.a.netty.handler.HttpHandler - 

Request DefaultHttpRequest(decodeResult: success, version: HTTP/1.1)
POST /session/fee943288a8aaf5f004714c1e10a1da6/execute/sync HTTP/1.1
User-Agent: selenium/4.1.2 (java windows)
Content-Length: 48780
Content-Type: application/json; charset=utf-8
host: localhost:54102
accept: */*

Response DefaultHttpResponse(decodeResult: success, version: HTTP/1.1)
HTTP/1.1 200 OK
Content-Type: application/json; charset=utf-8
cache-control: no-cache
content-length: 14

08:34:36.378 [AsyncHttpClient-1-11] DEBUG o.a.netty.channel.ChannelManager - Adding key: http://localhost:54102 for channel [id: 0x25acdc98, L:/127.0.0.1:53293 - R:localhost/127.0.0.1:54102]
08:34:36.380 [Forwarding findElement on session fee943288a8aaf5f004714c1e10a1da6 to remote] DEBUG o.a.netty.request.NettyRequestSender - Using pooled Channel '[id: 0x25acdc98, L:/127.0.0.1:53293 - R:localhost/127.0.0.1:54102]' for 'POST' to 'http://localhost:54102/session/fee943288a8aaf5f004714c1e10a1da6/element'
08:34:36.380 [Forwarding findElement on session fee943288a8aaf5f004714c1e10a1da6 to remote] DEBUG o.a.netty.request.NettyRequestSender - Using open Channel [id: 0x25acdc98, L:/127.0.0.1:53293 - R:localhost/127.0.0.1:54102] for POST '/session/fee943288a8aaf5f004714c1e10a1da6/element'
08:34:36.387 [AsyncHttpClient-1-11] DEBUG o.a.netty.handler.HttpHandler - 

Request DefaultHttpRequest(decodeResult: success, version: HTTP/1.1)
POST /session/fee943288a8aaf5f004714c1e10a1da6/element HTTP/1.1
User-Agent: selenium/4.1.2 (java windows)
Content-Length: 125
Content-Type: application/json; charset=utf-8
host: localhost:54102
accept: */*

Response DefaultHttpResponse(decodeResult: success, version: HTTP/1.1)
HTTP/1.1 200 OK
Content-Type: application/json; charset=utf-8
cache-control: no-cache
content-length: 88

08:34:36.388 [AsyncHttpClient-1-11] DEBUG o.a.netty.channel.ChannelManager - Adding key: http://localhost:54102 for channel [id: 0x25acdc98, L:/127.0.0.1:53293 - R:localhost/127.0.0.1:54102]
08:34:36.389 [Forwarding isElementEnabled on session fee943288a8aaf5f004714c1e10a1da6 to remote] DEBUG o.a.netty.request.NettyRequestSender - Using pooled Channel '[id: 0x25acdc98, L:/127.0.0.1:53293 - R:localhost/127.0.0.1:54102]' for 'GET' to 'http://localhost:54102/session/fee943288a8aaf5f004714c1e10a1da6/element/4d863778-96f7-4664-8a78-959dca358299/enabled'
08:34:36.389 [Forwarding isElementEnabled on session fee943288a8aaf5f004714c1e10a1da6 to remote] DEBUG o.a.netty.request.NettyRequestSender - Using open Channel [id: 0x25acdc98, L:/127.0.0.1:53293 - R:localhost/127.0.0.1:54102] for GET '/session/fee943288a8aaf5f004714c1e10a1da6/element/4d863778-96f7-4664-8a78-959dca358299/enabled'
08:34:36.398 [AsyncHttpClient-1-11] DEBUG o.a.netty.handler.HttpHandler - 

Request DefaultFullHttpRequest(decodeResult: success, version: HTTP/1.1, content: EmptyByteBufBE)
GET /session/fee943288a8aaf5f004714c1e10a1da6/element/4d863778-96f7-4664-8a78-959dca358299/enabled HTTP/1.1
User-Agent: selenium/4.1.2 (java windows)
Cache-Control: no-cache
Content-Type: application/json; charset=utf-8
host: localhost:54102
accept: */*

Response DefaultHttpResponse(decodeResult: success, version: HTTP/1.1)
HTTP/1.1 200 OK
Content-Type: application/json; charset=utf-8
cache-control: no-cache
content-length: 14

08:34:36.398 [AsyncHttpClient-1-11] DEBUG o.a.netty.channel.ChannelManager - Adding key: http://localhost:54102 for channel [id: 0x25acdc98, L:/127.0.0.1:53293 - R:localhost/127.0.0.1:54102]
  &amp#27;[32mAnd &amp#27;[0m&amp#27;[32muser verify the Login Page Elements is Visible&amp#27;[0m                                                                                 &amp#27;[90m# stepdefinitions.LoginPageSteps.user_verify_the_login_page_elements_is_visible()&amp#27;[0m
08:34:37.141 [AsyncHttpClient-1-1] DEBUG o.a.netty.channel.DefaultChannelPool - Entry count for : http://localhost:53294 : 1
08:34:37.141 [AsyncHttpClient-1-1] DEBUG o.a.netty.channel.DefaultChannelPool - Entry count for : http://localhost:54102 : 1
DEBUG [main] (LoginPageSteps.java:72) - [{username=invalidUser@vrbank0, password=pega123!}, {username=invalidUser@vrbank1, password=pega123!}, {username=, password=}, {username=, password=}]
DEBUG [main] (LoginPageSteps.java:72)- [{username=invalidUser@vrbank0, password=pega123!}, {username=invalidUser@vrbank1, password=pega123!}, {username=, password=}, {username=, password=}]
08:34:38.239 [AsyncHttpClient-1-1] DEBUG o.a.netty.channel.DefaultChannelPool - Entry count for : http://localhost:53294 : 1
08:34:38.239 [AsyncHttpClient-1-1] DEBUG o.a.netty.channel.DefaultChannelPool - Entry count for : http://localhost:54102 : 1
08:34:39.337 [AsyncHttpClient-1-1] DEBUG o.a.netty.channel.DefaultChannelPool - Entry count for : http://localhost:53294 : 1
08:34:39.337 [AsyncHttpClient-1-1] DEBUG o.a.netty.channel.DefaultChannelPool - Entry count for : http://localhost:54102 : 1
DEBUG [main] (LoginPage.java:81) - enterUserCredentails: username = 'invalidUser@vrbank0' | password = 'pega123!' 
DEBUG [main] (LoginPage.java:81)- enterUserCredentails: username = 'invalidUser@vrbank0' | password = 'pega123!' 
08:34:39.447 [Forwarding findElement on session fee943288a8aaf5f004714c1e10a1da6 to remote] DEBUG o.a.netty.request.NettyRequestSender - Using pooled Channel '[id: 0x25acdc98, L:/127.0.0.1:53293 - R:localhost/127.0.0.1:54102]' for 'POST' to 'http://localhost:54102/session/fee943288a8aaf5f004714c1e10a1da6/element'
08:34:39.448 [Forwarding findElement on session fee943288a8aaf5f004714c1e10a1da6 to remote] DEBUG o.a.netty.request.NettyRequestSender - Using open Channel [id: 0x25acdc98, L:/127.0.0.1:53293 - R:localhost/127.0.0.1:54102] for POST '/session/fee943288a8aaf5f004714c1e10a1da6/element'
08:34:39.455 [AsyncHttpClient-1-11] DEBUG o.a.netty.handler.HttpHandler - 

Request DefaultHttpRequest(decodeResult: success, version: HTTP/1.1)
POST /session/fee943288a8aaf5f004714c1e10a1da6/element HTTP/1.1
User-Agent: selenium/4.1.2 (java windows)
Content-Length: 128
Content-Type: application/json; charset=utf-8
host: localhost:54102
accept: */*

Response DefaultHttpResponse(decodeResult: success, version: HTTP/1.1)
HTTP/1.1 200 OK
Content-Type: application/json; charset=utf-8
cache-control: no-cache
content-length: 88

08:34:39.456 [AsyncHttpClient-1-11] DEBUG o.a.netty.channel.ChannelManager - Adding key: http://localhost:54102 for channel [id: 0x25acdc98, L:/127.0.0.1:53293 - R:localhost/127.0.0.1:54102]
08:34:39.459 [Forwarding sendKeysToElement on session fee943288a8aaf5f004714c1e10a1da6 to remote] DEBUG o.a.netty.request.NettyRequestSender - Using pooled Channel '[id: 0x25acdc98, L:/127.0.0.1:53293 - R:localhost/127.0.0.1:54102]' for 'POST' to 'http://localhost:54102/session/fee943288a8aaf5f004714c1e10a1da6/element/a6e1c76a-9bc4-41c6-9f36-ae26dda2ec1c/value'
08:34:39.459 [Forwarding sendKeysToElement on session fee943288a8aaf5f004714c1e10a1da6 to remote] DEBUG o.a.netty.request.NettyRequestSender - Using open Channel [id: 0x25acdc98, L:/127.0.0.1:53293 - R:localhost/127.0.0.1:54102] for POST '/session/fee943288a8aaf5f004714c1e10a1da6/element/a6e1c76a-9bc4-41c6-9f36-ae26dda2ec1c/value'
08:34:39.509 [AsyncHttpClient-1-11] DEBUG o.a.netty.handler.HttpHandler - 

Request DefaultHttpRequest(decodeResult: success, version: HTTP/1.1)
POST /session/fee943288a8aaf5f004714c1e10a1da6/element/a6e1c76a-9bc4-41c6-9f36-ae26dda2ec1c/value HTTP/1.1
User-Agent: selenium/4.1.2 (java windows)
Content-Length: 271
Content-Type: application/json; charset=utf-8
host: localhost:54102
accept: */*

Response DefaultHttpResponse(decodeResult: success, version: HTTP/1.1)
HTTP/1.1 200 OK
Content-Type: application/json; charset=utf-8
cache-control: no-cache
content-length: 14

08:34:39.510 [AsyncHttpClient-1-11] DEBUG o.a.netty.channel.ChannelManager - Adding key: http://localhost:54102 for channel [id: 0x25acdc98, L:/127.0.0.1:53293 - R:localhost/127.0.0.1:54102]
08:34:39.511 [Forwarding findElement on session fee943288a8aaf5f004714c1e10a1da6 to remote] DEBUG o.a.netty.request.NettyRequestSender - Using pooled Channel '[id: 0x25acdc98, L:/127.0.0.1:53293 - R:localhost/127.0.0.1:54102]' for 'POST' to 'http://localhost:54102/session/fee943288a8aaf5f004714c1e10a1da6/element'
08:34:39.512 [Forwarding findElement on session fee943288a8aaf5f004714c1e10a1da6 to remote] DEBUG o.a.netty.request.NettyRequestSender - Using open Channel [id: 0x25acdc98, L:/127.0.0.1:53293 - R:localhost/127.0.0.1:54102] for POST '/session/fee943288a8aaf5f004714c1e10a1da6/element'
08:34:39.519 [AsyncHttpClient-1-11] DEBUG o.a.netty.handler.HttpHandler - 

Request DefaultHttpRequest(decodeResult: success, version: HTTP/1.1)
POST /session/fee943288a8aaf5f004714c1e10a1da6/element HTTP/1.1
User-Agent: selenium/4.1.2 (java windows)
Content-Length: 132
Content-Type: application/json; charset=utf-8
host: localhost:54102
accept: */*

Response DefaultHttpResponse(decodeResult: success, version: HTTP/1.1)
HTTP/1.1 200 OK
Content-Type: application/json; charset=utf-8
cache-control: no-cache
content-length: 88

08:34:39.520 [AsyncHttpClient-1-11] DEBUG o.a.netty.channel.ChannelManager - Adding key: http://localhost:54102 for channel [id: 0x25acdc98, L:/127.0.0.1:53293 - R:localhost/127.0.0.1:54102]
08:34:39.522 [Forwarding sendKeysToElement on session fee943288a8aaf5f004714c1e10a1da6 to remote] DEBUG o.a.netty.request.NettyRequestSender - Using pooled Channel '[id: 0x25acdc98, L:/127.0.0.1:53293 - R:localhost/127.0.0.1:54102]' for 'POST' to 'http://localhost:54102/session/fee943288a8aaf5f004714c1e10a1da6/element/13b6a218-3e96-4990-a8c0-0d6d5a0bcbe9/value'
08:34:39.522 [Forwarding sendKeysToElement on session fee943288a8aaf5f004714c1e10a1da6 to remote] DEBUG o.a.netty.request.NettyRequestSender - Using open Channel [id: 0x25acdc98, L:/127.0.0.1:53293 - R:localhost/127.0.0.1:54102] for POST '/session/fee943288a8aaf5f004714c1e10a1da6/element/13b6a218-3e96-4990-a8c0-0d6d5a0bcbe9/value'
08:34:39.577 [AsyncHttpClient-1-11] DEBUG o.a.netty.handler.HttpHandler - 

Request DefaultHttpRequest(decodeResult: success, version: HTTP/1.1)
POST /session/fee943288a8aaf5f004714c1e10a1da6/element/13b6a218-3e96-4990-a8c0-0d6d5a0bcbe9/value HTTP/1.1
User-Agent: selenium/4.1.2 (java windows)
Content-Length: 161
Content-Type: application/json; charset=utf-8
host: localhost:54102
accept: */*

Response DefaultHttpResponse(decodeResult: success, version: HTTP/1.1)
HTTP/1.1 200 OK
Content-Type: application/json; charset=utf-8
cache-control: no-cache
content-length: 14

08:34:39.578 [AsyncHttpClient-1-11] DEBUG o.a.netty.channel.ChannelManager - Adding key: http://localhost:54102 for channel [id: 0x25acdc98, L:/127.0.0.1:53293 - R:localhost/127.0.0.1:54102]
08:34:39.579 [Forwarding findElement on session fee943288a8aaf5f004714c1e10a1da6 to remote] DEBUG o.a.netty.request.NettyRequestSender - Using pooled Channel '[id: 0x25acdc98, L:/127.0.0.1:53293 - R:localhost/127.0.0.1:54102]' for 'POST' to 'http://localhost:54102/session/fee943288a8aaf5f004714c1e10a1da6/element'
08:34:39.580 [Forwarding findElement on session fee943288a8aaf5f004714c1e10a1da6 to remote] DEBUG o.a.netty.request.NettyRequestSender - Using open Channel [id: 0x25acdc98, L:/127.0.0.1:53293 - R:localhost/127.0.0.1:54102] for POST '/session/fee943288a8aaf5f004714c1e10a1da6/element'
08:34:39.588 [AsyncHttpClient-1-11] DEBUG o.a.netty.handler.HttpHandler - 

Request DefaultHttpRequest(decodeResult: success, version: HTTP/1.1)
POST /session/fee943288a8aaf5f004714c1e10a1da6/element HTTP/1.1
User-Agent: selenium/4.1.2 (java windows)
Content-Length: 125
Content-Type: application/json; charset=utf-8
host: localhost:54102
accept: */*

Response DefaultHttpResponse(decodeResult: success, version: HTTP/1.1)
HTTP/1.1 200 OK
Content-Type: application/json; charset=utf-8
cache-control: no-cache
content-length: 88

08:34:39.588 [AsyncHttpClient-1-11] DEBUG o.a.netty.channel.ChannelManager - Adding key: http://localhost:54102 for channel [id: 0x25acdc98, L:/127.0.0.1:53293 - R:localhost/127.0.0.1:54102]
08:34:39.590 [Forwarding clickElement on session fee943288a8aaf5f004714c1e10a1da6 to remote] DEBUG o.a.netty.request.NettyRequestSender - Using pooled Channel '[id: 0x25acdc98, L:/127.0.0.1:53293 - R:localhost/127.0.0.1:54102]' for 'POST' to 'http://localhost:54102/session/fee943288a8aaf5f004714c1e10a1da6/element/4d863778-96f7-4664-8a78-959dca358299/click'
08:34:39.590 [Forwarding clickElement on session fee943288a8aaf5f004714c1e10a1da6 to remote] DEBUG o.a.netty.request.NettyRequestSender - Using open Channel [id: 0x25acdc98, L:/127.0.0.1:53293 - R:localhost/127.0.0.1:54102] for POST '/session/fee943288a8aaf5f004714c1e10a1da6/element/4d863778-96f7-4664-8a78-959dca358299/click'
08:34:39.886 [AsyncHttpClient-1-11] DEBUG o.a.netty.handler.HttpHandler - 

Request DefaultHttpRequest(decodeResult: success, version: HTTP/1.1)
POST /session/fee943288a8aaf5f004714c1e10a1da6/element/4d863778-96f7-4664-8a78-959dca358299/click HTTP/1.1
User-Agent: selenium/4.1.2 (java windows)
Content-Length: 50
Content-Type: application/json; charset=utf-8
host: localhost:54102
accept: */*

Response DefaultHttpResponse(decodeResult: success, version: HTTP/1.1)
HTTP/1.1 200 OK
Content-Type: application/json; charset=utf-8
cache-control: no-cache
content-length: 14

08:34:39.887 [AsyncHttpClient-1-11] DEBUG o.a.netty.channel.ChannelManager - Adding key: http://localhost:54102 for channel [id: 0x25acdc98, L:/127.0.0.1:53293 - R:localhost/127.0.0.1:54102]
DEBUG [main] (LoginPage.java:56) - verifyErrorMessage: 'The information you entered was not recognized.' 
DEBUG [main] (LoginPage.java:56)- verifyErrorMessage: 'The information you entered was not recognized.' 
08:34:39.889 [Forwarding findElement on session fee943288a8aaf5f004714c1e10a1da6 to remote] DEBUG o.a.netty.request.NettyRequestSender - Using pooled Channel '[id: 0x25acdc98, L:/127.0.0.1:53293 - R:localhost/127.0.0.1:54102]' for 'POST' to 'http://localhost:54102/session/fee943288a8aaf5f004714c1e10a1da6/element'
08:34:39.889 [Forwarding findElement on session fee943288a8aaf5f004714c1e10a1da6 to remote] DEBUG o.a.netty.request.NettyRequestSender - Using open Channel [id: 0x25acdc98, L:/127.0.0.1:53293 - R:localhost/127.0.0.1:54102] for POST '/session/fee943288a8aaf5f004714c1e10a1da6/element'
08:34:39.902 [AsyncHttpClient-1-11] DEBUG o.a.netty.handler.HttpHandler - 

Request DefaultHttpRequest(decodeResult: success, version: HTTP/1.1)
POST /session/fee943288a8aaf5f004714c1e10a1da6/element HTTP/1.1
User-Agent: selenium/4.1.2 (java windows)
Content-Length: 75
Content-Type: application/json; charset=utf-8
host: localhost:54102
accept: */*

Response DefaultHttpResponse(decodeResult: success, version: HTTP/1.1)
HTTP/1.1 200 OK
Content-Type: application/json; charset=utf-8
cache-control: no-cache
content-length: 88

08:34:39.903 [AsyncHttpClient-1-11] DEBUG o.a.netty.channel.ChannelManager - Adding key: http://localhost:54102 for channel [id: 0x25acdc98, L:/127.0.0.1:53293 - R:localhost/127.0.0.1:54102]
08:34:39.907 [Forwarding isElementDisplayed on session fee943288a8aaf5f004714c1e10a1da6 to remote] DEBUG o.a.netty.request.NettyRequestSender - Using pooled Channel '[id: 0x25acdc98, L:/127.0.0.1:53293 - R:localhost/127.0.0.1:54102]' for 'POST' to 'http://localhost:54102/session/fee943288a8aaf5f004714c1e10a1da6/execute/sync'
08:34:39.907 [Forwarding isElementDisplayed on session fee943288a8aaf5f004714c1e10a1da6 to remote] DEBUG o.a.netty.request.NettyRequestSender - Using open Channel [id: 0x25acdc98, L:/127.0.0.1:53293 - R:localhost/127.0.0.1:54102] for POST '/session/fee943288a8aaf5f004714c1e10a1da6/execute/sync'
08:34:39.925 [AsyncHttpClient-1-11] DEBUG o.a.netty.handler.HttpHandler - 

Request DefaultHttpRequest(decodeResult: success, version: HTTP/1.1)
POST /session/fee943288a8aaf5f004714c1e10a1da6/execute/sync HTTP/1.1
User-Agent: selenium/4.1.2 (java windows)
Content-Length: 48780
Content-Type: application/json; charset=utf-8
host: localhost:54102
accept: */*

Response DefaultHttpResponse(decodeResult: success, version: HTTP/1.1)
HTTP/1.1 200 OK
Content-Type: application/json; charset=utf-8
cache-control: no-cache
content-length: 15

08:34:39.926 [AsyncHttpClient-1-11] DEBUG o.a.netty.channel.ChannelManager - Adding key: http://localhost:54102 for channel [id: 0x25acdc98, L:/127.0.0.1:53293 - R:localhost/127.0.0.1:54102]
08:34:40.441 [AsyncHttpClient-1-1] DEBUG o.a.netty.channel.DefaultChannelPool - Entry count for : http://localhost:53294 : 1
08:34:40.441 [AsyncHttpClient-1-1] DEBUG o.a.netty.channel.DefaultChannelPool - Entry count for : http://localhost:54102 : 1
08:34:40.442 [Forwarding findElement on session fee943288a8aaf5f004714c1e10a1da6 to remote] DEBUG o.a.netty.request.NettyRequestSender - Using pooled Channel '[id: 0x25acdc98, L:/127.0.0.1:53293 - R:localhost/127.0.0.1:54102]' for 'POST' to 'http://localhost:54102/session/fee943288a8aaf5f004714c1e10a1da6/element'
08:34:40.442 [Forwarding findElement on session fee943288a8aaf5f004714c1e10a1da6 to remote] DEBUG o.a.netty.request.NettyRequestSender - Using open Channel [id: 0x25acdc98, L:/127.0.0.1:53293 - R:localhost/127.0.0.1:54102] for POST '/session/fee943288a8aaf5f004714c1e10a1da6/element'
08:34:40.450 [AsyncHttpClient-1-11] DEBUG o.a.netty.handler.HttpHandler - 

Request DefaultHttpRequest(decodeResult: success, version: HTTP/1.1)
POST /session/fee943288a8aaf5f004714c1e10a1da6/element HTTP/1.1
User-Agent: selenium/4.1.2 (java windows)
Content-Length: 75
Content-Type: application/json; charset=utf-8
host: localhost:54102
accept: */*

Response DefaultHttpResponse(decodeResult: success, version: HTTP/1.1)
HTTP/1.1 200 OK
Content-Type: application/json; charset=utf-8
cache-control: no-cache
content-length: 88

08:34:40.450 [AsyncHttpClient-1-11] DEBUG o.a.netty.channel.ChannelManager - Adding key: http://localhost:54102 for channel [id: 0x25acdc98, L:/127.0.0.1:53293 - R:localhost/127.0.0.1:54102]
08:34:40.454 [Forwarding isElementDisplayed on session fee943288a8aaf5f004714c1e10a1da6 to remote] DEBUG o.a.netty.request.NettyRequestSender - Using pooled Channel '[id: 0x25acdc98, L:/127.0.0.1:53293 - R:localhost/127.0.0.1:54102]' for 'POST' to 'http://localhost:54102/session/fee943288a8aaf5f004714c1e10a1da6/execute/sync'
08:34:40.454 [Forwarding isElementDisplayed on session fee943288a8aaf5f004714c1e10a1da6 to remote] DEBUG o.a.netty.request.NettyRequestSender - Using open Channel [id: 0x25acdc98, L:/127.0.0.1:53293 - R:localhost/127.0.0.1:54102] for POST '/session/fee943288a8aaf5f004714c1e10a1da6/execute/sync'
08:34:40.464 [AsyncHttpClient-1-11] DEBUG o.a.netty.handler.HttpHandler - 

Request DefaultHttpRequest(decodeResult: success, version: HTTP/1.1)
POST /session/fee943288a8aaf5f004714c1e10a1da6/execute/sync HTTP/1.1
User-Agent: selenium/4.1.2 (java windows)
Content-Length: 48780
Content-Type: application/json; charset=utf-8
host: localhost:54102
accept: */*

Response DefaultHttpResponse(decodeResult: success, version: HTTP/1.1)
HTTP/1.1 200 OK
Content-Type: application/json; charset=utf-8
cache-control: no-cache
content-length: 14

08:34:40.464 [AsyncHttpClient-1-11] DEBUG o.a.netty.channel.ChannelManager - Adding key: http://localhost:54102 for channel [id: 0x25acdc98, L:/127.0.0.1:53293 - R:localhost/127.0.0.1:54102]
08:34:40.465 [Forwarding getElementText on session fee943288a8aaf5f004714c1e10a1da6 to remote] DEBUG o.a.netty.request.NettyRequestSender - Using pooled Channel '[id: 0x25acdc98, L:/127.0.0.1:53293 - R:localhost/127.0.0.1:54102]' for 'GET' to 'http://localhost:54102/session/fee943288a8aaf5f004714c1e10a1da6/element/605b6b55-e127-4cf1-93c6-6526df3225be/text'
08:34:40.466 [Forwarding getElementText on session fee943288a8aaf5f004714c1e10a1da6 to remote] DEBUG o.a.netty.request.NettyRequestSender - Using open Channel [id: 0x25acdc98, L:/127.0.0.1:53293 - R:localhost/127.0.0.1:54102] for GET '/session/fee943288a8aaf5f004714c1e10a1da6/element/605b6b55-e127-4cf1-93c6-6526df3225be/text'
08:34:40.479 [AsyncHttpClient-1-11] DEBUG o.a.netty.handler.HttpHandler - 

Request DefaultFullHttpRequest(decodeResult: success, version: HTTP/1.1, content: EmptyByteBufBE)
GET /session/fee943288a8aaf5f004714c1e10a1da6/element/605b6b55-e127-4cf1-93c6-6526df3225be/text HTTP/1.1
User-Agent: selenium/4.1.2 (java windows)
Cache-Control: no-cache
Content-Type: application/json; charset=utf-8
host: localhost:54102
accept: */*

Response DefaultHttpResponse(decodeResult: success, version: HTTP/1.1)
HTTP/1.1 200 OK
Content-Type: application/json; charset=utf-8
cache-control: no-cache
content-length: 59

08:34:40.480 [AsyncHttpClient-1-11] DEBUG o.a.netty.channel.ChannelManager - Adding key: http://localhost:54102 for channel [id: 0x25acdc98, L:/127.0.0.1:53293 - R:localhost/127.0.0.1:54102]
08:34:41.539 [AsyncHttpClient-1-1] DEBUG o.a.netty.channel.DefaultChannelPool - Entry count for : http://localhost:53294 : 1
08:34:41.539 [AsyncHttpClient-1-1] DEBUG o.a.netty.channel.DefaultChannelPool - Entry count for : http://localhost:54102 : 1
08:34:42.640 [AsyncHttpClient-1-1] DEBUG o.a.netty.channel.DefaultChannelPool - Entry count for : http://localhost:53294 : 1
08:34:42.640 [AsyncHttpClient-1-1] DEBUG o.a.netty.channel.DefaultChannelPool - Entry count for : http://localhost:54102 : 1
08:34:43.734 [AsyncHttpClient-1-1] DEBUG o.a.netty.channel.DefaultChannelPool - Entry count for : http://localhost:53294 : 1
08:34:43.734 [AsyncHttpClient-1-1] DEBUG o.a.netty.channel.DefaultChannelPool - Entry count for : http://localhost:54102 : 1
DEBUG [main] (LoginPage.java:81) - enterUserCredentails: username = 'invalidUser@vrbank1' | password = 'pega123!' 
DEBUG [main] (LoginPage.java:81)- enterUserCredentails: username = 'invalidUser@vrbank1' | password = 'pega123!' 
08:34:44.508 [Forwarding findElement on session fee943288a8aaf5f004714c1e10a1da6 to remote] DEBUG o.a.netty.request.NettyRequestSender - Using pooled Channel '[id: 0x25acdc98, L:/127.0.0.1:53293 - R:localhost/127.0.0.1:54102]' for 'POST' to 'http://localhost:54102/session/fee943288a8aaf5f004714c1e10a1da6/element'
08:34:44.508 [Forwarding findElement on session fee943288a8aaf5f004714c1e10a1da6 to remote] DEBUG o.a.netty.request.NettyRequestSender - Using open Channel [id: 0x25acdc98, L:/127.0.0.1:53293 - R:localhost/127.0.0.1:54102] for POST '/session/fee943288a8aaf5f004714c1e10a1da6/element'
08:34:44.518 [AsyncHttpClient-1-11] DEBUG o.a.netty.handler.HttpHandler - 

Request DefaultHttpRequest(decodeResult: success, version: HTTP/1.1)
POST /session/fee943288a8aaf5f004714c1e10a1da6/element HTTP/1.1
User-Agent: selenium/4.1.2 (java windows)
Content-Length: 128
Content-Type: application/json; charset=utf-8
host: localhost:54102
accept: */*

Response DefaultHttpResponse(decodeResult: success, version: HTTP/1.1)
HTTP/1.1 200 OK
Content-Type: application/json; charset=utf-8
cache-control: no-cache
content-length: 88

08:34:44.518 [AsyncHttpClient-1-11] DEBUG o.a.netty.channel.ChannelManager - Adding key: http://localhost:54102 for channel [id: 0x25acdc98, L:/127.0.0.1:53293 - R:localhost/127.0.0.1:54102]
08:34:44.521 [Forwarding sendKeysToElement on session fee943288a8aaf5f004714c1e10a1da6 to remote] DEBUG o.a.netty.request.NettyRequestSender - Using pooled Channel '[id: 0x25acdc98, L:/127.0.0.1:53293 - R:localhost/127.0.0.1:54102]' for 'POST' to 'http://localhost:54102/session/fee943288a8aaf5f004714c1e10a1da6/element/14211b3c-6a1e-488c-83d5-d3cfc373d919/value'
08:34:44.521 [Forwarding sendKeysToElement on session fee943288a8aaf5f004714c1e10a1da6 to remote] DEBUG o.a.netty.request.NettyRequestSender - Using open Channel [id: 0x25acdc98, L:/127.0.0.1:53293 - R:localhost/127.0.0.1:54102] for POST '/session/fee943288a8aaf5f004714c1e10a1da6/element/14211b3c-6a1e-488c-83d5-d3cfc373d919/value'
08:34:44.575 [AsyncHttpClient-1-11] DEBUG o.a.netty.handler.HttpHandler - 

Request DefaultHttpRequest(decodeResult: success, version: HTTP/1.1)
POST /session/fee943288a8aaf5f004714c1e10a1da6/element/14211b3c-6a1e-488c-83d5-d3cfc373d919/value HTTP/1.1
User-Agent: selenium/4.1.2 (java windows)
Content-Length: 271
Content-Type: application/json; charset=utf-8
host: localhost:54102
accept: */*

Response DefaultHttpResponse(decodeResult: success, version: HTTP/1.1)
HTTP/1.1 200 OK
Content-Type: application/json; charset=utf-8
cache-control: no-cache
content-length: 14

08:34:44.576 [AsyncHttpClient-1-11] DEBUG o.a.netty.channel.ChannelManager - Adding key: http://localhost:54102 for channel [id: 0x25acdc98, L:/127.0.0.1:53293 - R:localhost/127.0.0.1:54102]
08:34:44.577 [Forwarding findElement on session fee943288a8aaf5f004714c1e10a1da6 to remote] DEBUG o.a.netty.request.NettyRequestSender - Using pooled Channel '[id: 0x25acdc98, L:/127.0.0.1:53293 - R:localhost/127.0.0.1:54102]' for 'POST' to 'http://localhost:54102/session/fee943288a8aaf5f004714c1e10a1da6/element'
08:34:44.578 [Forwarding findElement on session fee943288a8aaf5f004714c1e10a1da6 to remote] DEBUG o.a.netty.request.NettyRequestSender - Using open Channel [id: 0x25acdc98, L:/127.0.0.1:53293 - R:localhost/127.0.0.1:54102] for POST '/session/fee943288a8aaf5f004714c1e10a1da6/element'
08:34:44.585 [AsyncHttpClient-1-11] DEBUG o.a.netty.handler.HttpHandler - 

Request DefaultHttpRequest(decodeResult: success, version: HTTP/1.1)
POST /session/fee943288a8aaf5f004714c1e10a1da6/element HTTP/1.1
User-Agent: selenium/4.1.2 (java windows)
Content-Length: 132
Content-Type: application/json; charset=utf-8
host: localhost:54102
accept: */*

Response DefaultHttpResponse(decodeResult: success, version: HTTP/1.1)
HTTP/1.1 200 OK
Content-Type: application/json; charset=utf-8
cache-control: no-cache
content-length: 88

08:34:44.586 [AsyncHttpClient-1-11] DEBUG o.a.netty.channel.ChannelManager - Adding key: http://localhost:54102 for channel [id: 0x25acdc98, L:/127.0.0.1:53293 - R:localhost/127.0.0.1:54102]
08:34:44.588 [Forwarding sendKeysToElement on session fee943288a8aaf5f004714c1e10a1da6 to remote] DEBUG o.a.netty.request.NettyRequestSender - Using pooled Channel '[id: 0x25acdc98, L:/127.0.0.1:53293 - R:localhost/127.0.0.1:54102]' for 'POST' to 'http://localhost:54102/session/fee943288a8aaf5f004714c1e10a1da6/element/8977e6f4-950a-4e2c-a4df-4bbef8f33851/value'
08:34:44.588 [Forwarding sendKeysToElement on session fee943288a8aaf5f004714c1e10a1da6 to remote] DEBUG o.a.netty.request.NettyRequestSender - Using open Channel [id: 0x25acdc98, L:/127.0.0.1:53293 - R:localhost/127.0.0.1:54102] for POST '/session/fee943288a8aaf5f004714c1e10a1da6/element/8977e6f4-950a-4e2c-a4df-4bbef8f33851/value'
08:34:44.642 [AsyncHttpClient-1-11] DEBUG o.a.netty.handler.HttpHandler - 

Request DefaultHttpRequest(decodeResult: success, version: HTTP/1.1)
POST /session/fee943288a8aaf5f004714c1e10a1da6/element/8977e6f4-950a-4e2c-a4df-4bbef8f33851/value HTTP/1.1
User-Agent: selenium/4.1.2 (java windows)
Content-Length: 161
Content-Type: application/json; charset=utf-8
host: localhost:54102
accept: */*

Response DefaultHttpResponse(decodeResult: success, version: HTTP/1.1)
HTTP/1.1 200 OK
Content-Type: application/json; charset=utf-8
cache-control: no-cache
content-length: 14

08:34:44.643 [AsyncHttpClient-1-11] DEBUG o.a.netty.channel.ChannelManager - Adding key: http://localhost:54102 for channel [id: 0x25acdc98, L:/127.0.0.1:53293 - R:localhost/127.0.0.1:54102]
08:34:44.644 [Forwarding findElement on session fee943288a8aaf5f004714c1e10a1da6 to remote] DEBUG o.a.netty.request.NettyRequestSender - Using pooled Channel '[id: 0x25acdc98, L:/127.0.0.1:53293 - R:localhost/127.0.0.1:54102]' for 'POST' to 'http://localhost:54102/session/fee943288a8aaf5f004714c1e10a1da6/element'
08:34:44.644 [Forwarding findElement on session fee943288a8aaf5f004714c1e10a1da6 to remote] DEBUG o.a.netty.request.NettyRequestSender - Using open Channel [id: 0x25acdc98, L:/127.0.0.1:53293 - R:localhost/127.0.0.1:54102] for POST '/session/fee943288a8aaf5f004714c1e10a1da6/element'
08:34:44.652 [AsyncHttpClient-1-11] DEBUG o.a.netty.handler.HttpHandler - 

Request DefaultHttpRequest(decodeResult: success, version: HTTP/1.1)
POST /session/fee943288a8aaf5f004714c1e10a1da6/element HTTP/1.1
User-Agent: selenium/4.1.2 (java windows)
Content-Length: 125
Content-Type: application/json; charset=utf-8
host: localhost:54102
accept: */*

Response DefaultHttpResponse(decodeResult: success, version: HTTP/1.1)
HTTP/1.1 200 OK
Content-Type: application/json; charset=utf-8
cache-control: no-cache
content-length: 88

08:34:44.652 [AsyncHttpClient-1-11] DEBUG o.a.netty.channel.ChannelManager - Adding key: http://localhost:54102 for channel [id: 0x25acdc98, L:/127.0.0.1:53293 - R:localhost/127.0.0.1:54102]
08:34:44.654 [Forwarding clickElement on session fee943288a8aaf5f004714c1e10a1da6 to remote] DEBUG o.a.netty.request.NettyRequestSender - Using pooled Channel '[id: 0x25acdc98, L:/127.0.0.1:53293 - R:localhost/127.0.0.1:54102]' for 'POST' to 'http://localhost:54102/session/fee943288a8aaf5f004714c1e10a1da6/element/86a7d61c-551a-4fbc-8f88-9d5e9d501e50/click'
08:34:44.654 [Forwarding clickElement on session fee943288a8aaf5f004714c1e10a1da6 to remote] DEBUG o.a.netty.request.NettyRequestSender - Using open Channel [id: 0x25acdc98, L:/127.0.0.1:53293 - R:localhost/127.0.0.1:54102] for POST '/session/fee943288a8aaf5f004714c1e10a1da6/element/86a7d61c-551a-4fbc-8f88-9d5e9d501e50/click'
08:34:44.771 [AsyncHttpClient-1-11] DEBUG o.a.netty.handler.HttpHandler - 

Request DefaultHttpRequest(decodeResult: success, version: HTTP/1.1)
POST /session/fee943288a8aaf5f004714c1e10a1da6/element/86a7d61c-551a-4fbc-8f88-9d5e9d501e50/click HTTP/1.1
User-Agent: selenium/4.1.2 (java windows)
Content-Length: 50
Content-Type: application/json; charset=utf-8
host: localhost:54102
accept: */*

Response DefaultHttpResponse(decodeResult: success, version: HTTP/1.1)
HTTP/1.1 200 OK
Content-Type: application/json; charset=utf-8
cache-control: no-cache
content-length: 14

08:34:44.771 [AsyncHttpClient-1-11] DEBUG o.a.netty.channel.ChannelManager - Adding key: http://localhost:54102 for channel [id: 0x25acdc98, L:/127.0.0.1:53293 - R:localhost/127.0.0.1:54102]
DEBUG [main] (LoginPage.java:56) - verifyErrorMessage: 'The information you entered was not recognized.' 
DEBUG [main] (LoginPage.java:56)- verifyErrorMessage: 'The information you entered was not recognized.' 
08:34:44.775 [Forwarding findElement on session fee943288a8aaf5f004714c1e10a1da6 to remote] DEBUG o.a.netty.request.NettyRequestSender - Using pooled Channel '[id: 0x25acdc98, L:/127.0.0.1:53293 - R:localhost/127.0.0.1:54102]' for 'POST' to 'http://localhost:54102/session/fee943288a8aaf5f004714c1e10a1da6/element'
08:34:44.775 [Forwarding findElement on session fee943288a8aaf5f004714c1e10a1da6 to remote] DEBUG o.a.netty.request.NettyRequestSender - Using open Channel [id: 0x25acdc98, L:/127.0.0.1:53293 - R:localhost/127.0.0.1:54102] for POST '/session/fee943288a8aaf5f004714c1e10a1da6/element'
08:34:44.793 [AsyncHttpClient-1-11] DEBUG o.a.netty.handler.HttpHandler - 

Request DefaultHttpRequest(decodeResult: success, version: HTTP/1.1)
POST /session/fee943288a8aaf5f004714c1e10a1da6/element HTTP/1.1
User-Agent: selenium/4.1.2 (java windows)
Content-Length: 75
Content-Type: application/json; charset=utf-8
host: localhost:54102
accept: */*

Response DefaultHttpResponse(decodeResult: success, version: HTTP/1.1)
HTTP/1.1 200 OK
Content-Type: application/json; charset=utf-8
cache-control: no-cache
content-length: 88

08:34:44.794 [AsyncHttpClient-1-11] DEBUG o.a.netty.channel.ChannelManager - Adding key: http://localhost:54102 for channel [id: 0x25acdc98, L:/127.0.0.1:53293 - R:localhost/127.0.0.1:54102]
08:34:44.799 [Forwarding isElementDisplayed on session fee943288a8aaf5f004714c1e10a1da6 to remote] DEBUG o.a.netty.request.NettyRequestSender - Using pooled Channel '[id: 0x25acdc98, L:/127.0.0.1:53293 - R:localhost/127.0.0.1:54102]' for 'POST' to 'http://localhost:54102/session/fee943288a8aaf5f004714c1e10a1da6/execute/sync'
08:34:44.799 [Forwarding isElementDisplayed on session fee943288a8aaf5f004714c1e10a1da6 to remote] DEBUG o.a.netty.request.NettyRequestSender - Using open Channel [id: 0x25acdc98, L:/127.0.0.1:53293 - R:localhost/127.0.0.1:54102] for POST '/session/fee943288a8aaf5f004714c1e10a1da6/execute/sync'
08:34:44.819 [AsyncHttpClient-1-11] DEBUG o.a.netty.handler.HttpHandler - 

Request DefaultHttpRequest(decodeResult: success, version: HTTP/1.1)
POST /session/fee943288a8aaf5f004714c1e10a1da6/execute/sync HTTP/1.1
User-Agent: selenium/4.1.2 (java windows)
Content-Length: 48780
Content-Type: application/json; charset=utf-8
host: localhost:54102
accept: */*

Response DefaultHttpResponse(decodeResult: success, version: HTTP/1.1)
HTTP/1.1 200 OK
Content-Type: application/json; charset=utf-8
cache-control: no-cache
content-length: 15

08:34:44.819 [AsyncHttpClient-1-11] DEBUG o.a.netty.channel.ChannelManager - Adding key: http://localhost:54102 for channel [id: 0x25acdc98, L:/127.0.0.1:53293 - R:localhost/127.0.0.1:54102]
08:34:44.836 [AsyncHttpClient-1-1] DEBUG o.a.netty.channel.DefaultChannelPool - Entry count for : http://localhost:53294 : 1
08:34:44.836 [AsyncHttpClient-1-1] DEBUG o.a.netty.channel.DefaultChannelPool - Entry count for : http://localhost:54102 : 1
08:34:45.335 [Forwarding findElement on session fee943288a8aaf5f004714c1e10a1da6 to remote] DEBUG o.a.netty.request.NettyRequestSender - Using pooled Channel '[id: 0x25acdc98, L:/127.0.0.1:53293 - R:localhost/127.0.0.1:54102]' for 'POST' to 'http://localhost:54102/session/fee943288a8aaf5f004714c1e10a1da6/element'
08:34:45.336 [Forwarding findElement on session fee943288a8aaf5f004714c1e10a1da6 to remote] DEBUG o.a.netty.request.NettyRequestSender - Using open Channel [id: 0x25acdc98, L:/127.0.0.1:53293 - R:localhost/127.0.0.1:54102] for POST '/session/fee943288a8aaf5f004714c1e10a1da6/element'
08:34:45.349 [AsyncHttpClient-1-11] DEBUG o.a.netty.handler.HttpHandler - 

Request DefaultHttpRequest(decodeResult: success, version: HTTP/1.1)
POST /session/fee943288a8aaf5f004714c1e10a1da6/element HTTP/1.1
User-Agent: selenium/4.1.2 (java windows)
Content-Length: 75
Content-Type: application/json; charset=utf-8
host: localhost:54102
accept: */*

Response DefaultHttpResponse(decodeResult: success, version: HTTP/1.1)
HTTP/1.1 200 OK
Content-Type: application/json; charset=utf-8
cache-control: no-cache
content-length: 88

08:34:45.349 [AsyncHttpClient-1-11] DEBUG o.a.netty.channel.ChannelManager - Adding key: http://localhost:54102 for channel [id: 0x25acdc98, L:/127.0.0.1:53293 - R:localhost/127.0.0.1:54102]
08:34:45.358 [Forwarding isElementDisplayed on session fee943288a8aaf5f004714c1e10a1da6 to remote] DEBUG o.a.netty.request.NettyRequestSender - Using pooled Channel '[id: 0x25acdc98, L:/127.0.0.1:53293 - R:localhost/127.0.0.1:54102]' for 'POST' to 'http://localhost:54102/session/fee943288a8aaf5f004714c1e10a1da6/execute/sync'
08:34:45.358 [Forwarding isElementDisplayed on session fee943288a8aaf5f004714c1e10a1da6 to remote] DEBUG o.a.netty.request.NettyRequestSender - Using open Channel [id: 0x25acdc98, L:/127.0.0.1:53293 - R:localhost/127.0.0.1:54102] for POST '/session/fee943288a8aaf5f004714c1e10a1da6/execute/sync'
08:34:45.373 [AsyncHttpClient-1-11] DEBUG o.a.netty.handler.HttpHandler - 

Request DefaultHttpRequest(decodeResult: success, version: HTTP/1.1)
POST /session/fee943288a8aaf5f004714c1e10a1da6/execute/sync HTTP/1.1
User-Agent: selenium/4.1.2 (java windows)
Content-Length: 48780
Content-Type: application/json; charset=utf-8
host: localhost:54102
accept: */*

Response DefaultHttpResponse(decodeResult: success, version: HTTP/1.1)
HTTP/1.1 200 OK
Content-Type: application/json; charset=utf-8
cache-control: no-cache
content-length: 14

08:34:45.373 [AsyncHttpClient-1-11] DEBUG o.a.netty.channel.ChannelManager - Adding key: http://localhost:54102 for channel [id: 0x25acdc98, L:/127.0.0.1:53293 - R:localhost/127.0.0.1:54102]
08:34:45.374 [Forwarding getElementText on session fee943288a8aaf5f004714c1e10a1da6 to remote] DEBUG o.a.netty.request.NettyRequestSender - Using pooled Channel '[id: 0x25acdc98, L:/127.0.0.1:53293 - R:localhost/127.0.0.1:54102]' for 'GET' to 'http://localhost:54102/session/fee943288a8aaf5f004714c1e10a1da6/element/7e47f30b-8f12-4548-94c9-f860bc3b61fe/text'
08:34:45.374 [Forwarding getElementText on session fee943288a8aaf5f004714c1e10a1da6 to remote] DEBUG o.a.netty.request.NettyRequestSender - Using open Channel [id: 0x25acdc98, L:/127.0.0.1:53293 - R:localhost/127.0.0.1:54102] for GET '/session/fee943288a8aaf5f004714c1e10a1da6/element/7e47f30b-8f12-4548-94c9-f860bc3b61fe/text'
08:34:45.394 [AsyncHttpClient-1-11] DEBUG o.a.netty.handler.HttpHandler - 

Request DefaultFullHttpRequest(decodeResult: success, version: HTTP/1.1, content: EmptyByteBufBE)
GET /session/fee943288a8aaf5f004714c1e10a1da6/element/7e47f30b-8f12-4548-94c9-f860bc3b61fe/text HTTP/1.1
User-Agent: selenium/4.1.2 (java windows)
Cache-Control: no-cache
Content-Type: application/json; charset=utf-8
host: localhost:54102
accept: */*

Response DefaultHttpResponse(decodeResult: success, version: HTTP/1.1)
HTTP/1.1 200 OK
Content-Type: application/json; charset=utf-8
cache-control: no-cache
content-length: 59

08:34:45.395 [AsyncHttpClient-1-11] DEBUG o.a.netty.channel.ChannelManager - Adding key: http://localhost:54102 for channel [id: 0x25acdc98, L:/127.0.0.1:53293 - R:localhost/127.0.0.1:54102]
08:34:45.933 [AsyncHttpClient-1-1] DEBUG o.a.netty.channel.DefaultChannelPool - Entry count for : http://localhost:53294 : 1
08:34:45.933 [AsyncHttpClient-1-1] DEBUG o.a.netty.channel.DefaultChannelPool - Entry count for : http://localhost:54102 : 1
08:34:47.041 [AsyncHttpClient-1-1] DEBUG o.a.netty.channel.DefaultChannelPool - Entry count for : http://localhost:53294 : 1
08:34:47.041 [AsyncHttpClient-1-1] DEBUG o.a.netty.channel.DefaultChannelPool - Entry count for : http://localhost:54102 : 1
08:34:48.134 [AsyncHttpClient-1-1] DEBUG o.a.netty.channel.DefaultChannelPool - Entry count for : http://localhost:53294 : 1
08:34:48.134 [AsyncHttpClient-1-1] DEBUG o.a.netty.channel.DefaultChannelPool - Entry count for : http://localhost:54102 : 1
08:34:49.239 [AsyncHttpClient-1-1] DEBUG o.a.netty.channel.DefaultChannelPool - Entry count for : http://localhost:53294 : 1
08:34:49.239 [AsyncHttpClient-1-1] DEBUG o.a.netty.channel.DefaultChannelPool - Entry count for : http://localhost:54102 : 1
DEBUG [main] (LoginPage.java:81) - enterUserCredentails: username = '' | password = '' 
DEBUG [main] (LoginPage.java:81)- enterUserCredentails: username = '' | password = '' 
08:34:49.416 [Forwarding findElement on session fee943288a8aaf5f004714c1e10a1da6 to remote] DEBUG o.a.netty.request.NettyRequestSender - Using pooled Channel '[id: 0x25acdc98, L:/127.0.0.1:53293 - R:localhost/127.0.0.1:54102]' for 'POST' to 'http://localhost:54102/session/fee943288a8aaf5f004714c1e10a1da6/element'
08:34:49.416 [Forwarding findElement on session fee943288a8aaf5f004714c1e10a1da6 to remote] DEBUG o.a.netty.request.NettyRequestSender - Using open Channel [id: 0x25acdc98, L:/127.0.0.1:53293 - R:localhost/127.0.0.1:54102] for POST '/session/fee943288a8aaf5f004714c1e10a1da6/element'
08:34:49.424 [AsyncHttpClient-1-11] DEBUG o.a.netty.handler.HttpHandler - 

Request DefaultHttpRequest(decodeResult: success, version: HTTP/1.1)
POST /session/fee943288a8aaf5f004714c1e10a1da6/element HTTP/1.1
User-Agent: selenium/4.1.2 (java windows)
Content-Length: 128
Content-Type: application/json; charset=utf-8
host: localhost:54102
accept: */*

Response DefaultHttpResponse(decodeResult: success, version: HTTP/1.1)
HTTP/1.1 200 OK
Content-Type: application/json; charset=utf-8
cache-control: no-cache
content-length: 88

08:34:49.425 [AsyncHttpClient-1-11] DEBUG o.a.netty.channel.ChannelManager - Adding key: http://localhost:54102 for channel [id: 0x25acdc98, L:/127.0.0.1:53293 - R:localhost/127.0.0.1:54102]
08:34:49.427 [Forwarding sendKeysToElement on session fee943288a8aaf5f004714c1e10a1da6 to remote] DEBUG o.a.netty.request.NettyRequestSender - Using pooled Channel '[id: 0x25acdc98, L:/127.0.0.1:53293 - R:localhost/127.0.0.1:54102]' for 'POST' to 'http://localhost:54102/session/fee943288a8aaf5f004714c1e10a1da6/element/67c41db1-7ab7-450c-a1de-49c25a5e0019/value'
08:34:49.427 [Forwarding sendKeysToElement on session fee943288a8aaf5f004714c1e10a1da6 to remote] DEBUG o.a.netty.request.NettyRequestSender - Using open Channel [id: 0x25acdc98, L:/127.0.0.1:53293 - R:localhost/127.0.0.1:54102] for POST '/session/fee943288a8aaf5f004714c1e10a1da6/element/67c41db1-7ab7-450c-a1de-49c25a5e0019/value'
08:34:49.455 [AsyncHttpClient-1-11] DEBUG o.a.netty.handler.HttpHandler - 

Request DefaultHttpRequest(decodeResult: success, version: HTTP/1.1)
POST /session/fee943288a8aaf5f004714c1e10a1da6/element/67c41db1-7ab7-450c-a1de-49c25a5e0019/value HTTP/1.1
User-Agent: selenium/4.1.2 (java windows)
Content-Length: 82
Content-Type: application/json; charset=utf-8
host: localhost:54102
accept: */*

Response DefaultHttpResponse(decodeResult: success, version: HTTP/1.1)
HTTP/1.1 200 OK
Content-Type: application/json; charset=utf-8
cache-control: no-cache
content-length: 14

08:34:49.455 [AsyncHttpClient-1-11] DEBUG o.a.netty.channel.ChannelManager - Adding key: http://localhost:54102 for channel [id: 0x25acdc98, L:/127.0.0.1:53293 - R:localhost/127.0.0.1:54102]
08:34:49.457 [Forwarding findElement on session fee943288a8aaf5f004714c1e10a1da6 to remote] DEBUG o.a.netty.request.NettyRequestSender - Using pooled Channel '[id: 0x25acdc98, L:/127.0.0.1:53293 - R:localhost/127.0.0.1:54102]' for 'POST' to 'http://localhost:54102/session/fee943288a8aaf5f004714c1e10a1da6/element'
08:34:49.457 [Forwarding findElement on session fee943288a8aaf5f004714c1e10a1da6 to remote] DEBUG o.a.netty.request.NettyRequestSender - Using open Channel [id: 0x25acdc98, L:/127.0.0.1:53293 - R:localhost/127.0.0.1:54102] for POST '/session/fee943288a8aaf5f004714c1e10a1da6/element'
08:34:49.466 [AsyncHttpClient-1-11] DEBUG o.a.netty.handler.HttpHandler - 

Request DefaultHttpRequest(decodeResult: success, version: HTTP/1.1)
POST /session/fee943288a8aaf5f004714c1e10a1da6/element HTTP/1.1
User-Agent: selenium/4.1.2 (java windows)
Content-Length: 132
Content-Type: application/json; charset=utf-8
host: localhost:54102
accept: */*

Response DefaultHttpResponse(decodeResult: success, version: HTTP/1.1)
HTTP/1.1 200 OK
Content-Type: application/json; charset=utf-8
cache-control: no-cache
content-length: 88

08:34:49.466 [AsyncHttpClient-1-11] DEBUG o.a.netty.channel.ChannelManager - Adding key: http://localhost:54102 for channel [id: 0x25acdc98, L:/127.0.0.1:53293 - R:localhost/127.0.0.1:54102]
08:34:49.468 [Forwarding sendKeysToElement on session fee943288a8aaf5f004714c1e10a1da6 to remote] DEBUG o.a.netty.request.NettyRequestSender - Using pooled Channel '[id: 0x25acdc98, L:/127.0.0.1:53293 - R:localhost/127.0.0.1:54102]' for 'POST' to 'http://localhost:54102/session/fee943288a8aaf5f004714c1e10a1da6/element/210a6170-7edf-4f54-8421-6d2601db3764/value'
08:34:49.468 [Forwarding sendKeysToElement on session fee943288a8aaf5f004714c1e10a1da6 to remote] DEBUG o.a.netty.request.NettyRequestSender - Using open Channel [id: 0x25acdc98, L:/127.0.0.1:53293 - R:localhost/127.0.0.1:54102] for POST '/session/fee943288a8aaf5f004714c1e10a1da6/element/210a6170-7edf-4f54-8421-6d2601db3764/value'
08:34:49.519 [AsyncHttpClient-1-11] DEBUG o.a.netty.handler.HttpHandler - 

Request DefaultHttpRequest(decodeResult: success, version: HTTP/1.1)
POST /session/fee943288a8aaf5f004714c1e10a1da6/element/210a6170-7edf-4f54-8421-6d2601db3764/value HTTP/1.1
User-Agent: selenium/4.1.2 (java windows)
Content-Length: 82
Content-Type: application/json; charset=utf-8
host: localhost:54102
accept: */*

Response DefaultHttpResponse(decodeResult: success, version: HTTP/1.1)
HTTP/1.1 200 OK
Content-Type: application/json; charset=utf-8
cache-control: no-cache
content-length: 14

08:34:49.519 [AsyncHttpClient-1-11] DEBUG o.a.netty.channel.ChannelManager - Adding key: http://localhost:54102 for channel [id: 0x25acdc98, L:/127.0.0.1:53293 - R:localhost/127.0.0.1:54102]
08:34:49.520 [Forwarding findElement on session fee943288a8aaf5f004714c1e10a1da6 to remote] DEBUG o.a.netty.request.NettyRequestSender - Using pooled Channel '[id: 0x25acdc98, L:/127.0.0.1:53293 - R:localhost/127.0.0.1:54102]' for 'POST' to 'http://localhost:54102/session/fee943288a8aaf5f004714c1e10a1da6/element'
08:34:49.520 [Forwarding findElement on session fee943288a8aaf5f004714c1e10a1da6 to remote] DEBUG o.a.netty.request.NettyRequestSender - Using open Channel [id: 0x25acdc98, L:/127.0.0.1:53293 - R:localhost/127.0.0.1:54102] for POST '/session/fee943288a8aaf5f004714c1e10a1da6/element'
08:34:49.529 [AsyncHttpClient-1-11] DEBUG o.a.netty.handler.HttpHandler - 

Request DefaultHttpRequest(decodeResult: success, version: HTTP/1.1)
POST /session/fee943288a8aaf5f004714c1e10a1da6/element HTTP/1.1
User-Agent: selenium/4.1.2 (java windows)
Content-Length: 125
Content-Type: application/json; charset=utf-8
host: localhost:54102
accept: */*

Response DefaultHttpResponse(decodeResult: success, version: HTTP/1.1)
HTTP/1.1 200 OK
Content-Type: application/json; charset=utf-8
cache-control: no-cache
content-length: 88

08:34:49.529 [AsyncHttpClient-1-11] DEBUG o.a.netty.channel.ChannelManager - Adding key: http://localhost:54102 for channel [id: 0x25acdc98, L:/127.0.0.1:53293 - R:localhost/127.0.0.1:54102]
08:34:49.530 [Forwarding clickElement on session fee943288a8aaf5f004714c1e10a1da6 to remote] DEBUG o.a.netty.request.NettyRequestSender - Using pooled Channel '[id: 0x25acdc98, L:/127.0.0.1:53293 - R:localhost/127.0.0.1:54102]' for 'POST' to 'http://localhost:54102/session/fee943288a8aaf5f004714c1e10a1da6/element/de54c385-2e6d-43f3-ae74-494f02ee4e3a/click'
08:34:49.531 [Forwarding clickElement on session fee943288a8aaf5f004714c1e10a1da6 to remote] DEBUG o.a.netty.request.NettyRequestSender - Using open Channel [id: 0x25acdc98, L:/127.0.0.1:53293 - R:localhost/127.0.0.1:54102] for POST '/session/fee943288a8aaf5f004714c1e10a1da6/element/de54c385-2e6d-43f3-ae74-494f02ee4e3a/click'
08:34:49.622 [AsyncHttpClient-1-11] DEBUG o.a.netty.handler.HttpHandler - 

Request DefaultHttpRequest(decodeResult: success, version: HTTP/1.1)
POST /session/fee943288a8aaf5f004714c1e10a1da6/element/de54c385-2e6d-43f3-ae74-494f02ee4e3a/click HTTP/1.1
User-Agent: selenium/4.1.2 (java windows)
Content-Length: 50
Content-Type: application/json; charset=utf-8
host: localhost:54102
accept: */*

Response DefaultHttpResponse(decodeResult: success, version: HTTP/1.1)
HTTP/1.1 200 OK
Content-Type: application/json; charset=utf-8
cache-control: no-cache
content-length: 14

08:34:49.622 [AsyncHttpClient-1-11] DEBUG o.a.netty.channel.ChannelManager - Adding key: http://localhost:54102 for channel [id: 0x25acdc98, L:/127.0.0.1:53293 - R:localhost/127.0.0.1:54102]
DEBUG [main] (LoginPage.java:56) - verifyErrorMessage: 'The information you entered was not recognized.' 
DEBUG [main] (LoginPage.java:56)- verifyErrorMessage: 'The information you entered was not recognized.' 
08:34:49.624 [Forwarding findElement on session fee943288a8aaf5f004714c1e10a1da6 to remote] DEBUG o.a.netty.request.NettyRequestSender - Using pooled Channel '[id: 0x25acdc98, L:/127.0.0.1:53293 - R:localhost/127.0.0.1:54102]' for 'POST' to 'http://localhost:54102/session/fee943288a8aaf5f004714c1e10a1da6/element'
08:34:49.624 [Forwarding findElement on session fee943288a8aaf5f004714c1e10a1da6 to remote] DEBUG o.a.netty.request.NettyRequestSender - Using open Channel [id: 0x25acdc98, L:/127.0.0.1:53293 - R:localhost/127.0.0.1:54102] for POST '/session/fee943288a8aaf5f004714c1e10a1da6/element'
08:34:49.634 [AsyncHttpClient-1-11] DEBUG o.a.netty.handler.HttpHandler - 

Request DefaultHttpRequest(decodeResult: success, version: HTTP/1.1)
POST /session/fee943288a8aaf5f004714c1e10a1da6/element HTTP/1.1
User-Agent: selenium/4.1.2 (java windows)
Content-Length: 75
Content-Type: application/json; charset=utf-8
host: localhost:54102
accept: */*

Response DefaultHttpResponse(decodeResult: success, version: HTTP/1.1)
HTTP/1.1 200 OK
Content-Type: application/json; charset=utf-8
cache-control: no-cache
content-length: 88

08:34:49.634 [AsyncHttpClient-1-11] DEBUG o.a.netty.channel.ChannelManager - Adding key: http://localhost:54102 for channel [id: 0x25acdc98, L:/127.0.0.1:53293 - R:localhost/127.0.0.1:54102]
08:34:49.638 [Forwarding isElementDisplayed on session fee943288a8aaf5f004714c1e10a1da6 to remote] DEBUG o.a.netty.request.NettyRequestSender - Using pooled Channel '[id: 0x25acdc98, L:/127.0.0.1:53293 - R:localhost/127.0.0.1:54102]' for 'POST' to 'http://localhost:54102/session/fee943288a8aaf5f004714c1e10a1da6/execute/sync'
08:34:49.638 [Forwarding isElementDisplayed on session fee943288a8aaf5f004714c1e10a1da6 to remote] DEBUG o.a.netty.request.NettyRequestSender - Using open Channel [id: 0x25acdc98, L:/127.0.0.1:53293 - R:localhost/127.0.0.1:54102] for POST '/session/fee943288a8aaf5f004714c1e10a1da6/execute/sync'
08:34:49.650 [AsyncHttpClient-1-11] DEBUG o.a.netty.handler.HttpHandler - 

Request DefaultHttpRequest(decodeResult: success, version: HTTP/1.1)
POST /session/fee943288a8aaf5f004714c1e10a1da6/execute/sync HTTP/1.1
User-Agent: selenium/4.1.2 (java windows)
Content-Length: 48780
Content-Type: application/json; charset=utf-8
host: localhost:54102
accept: */*

Response DefaultHttpResponse(decodeResult: success, version: HTTP/1.1)
HTTP/1.1 200 OK
Content-Type: application/json; charset=utf-8
cache-control: no-cache
content-length: 15

08:34:49.650 [AsyncHttpClient-1-11] DEBUG o.a.netty.channel.ChannelManager - Adding key: http://localhost:54102 for channel [id: 0x25acdc98, L:/127.0.0.1:53293 - R:localhost/127.0.0.1:54102]
08:34:50.164 [Forwarding findElement on session fee943288a8aaf5f004714c1e10a1da6 to remote] DEBUG o.a.netty.request.NettyRequestSender - Using pooled Channel '[id: 0x25acdc98, L:/127.0.0.1:53293 - R:localhost/127.0.0.1:54102]' for 'POST' to 'http://localhost:54102/session/fee943288a8aaf5f004714c1e10a1da6/element'
08:34:50.164 [Forwarding findElement on session fee943288a8aaf5f004714c1e10a1da6 to remote] DEBUG o.a.netty.request.NettyRequestSender - Using open Channel [id: 0x25acdc98, L:/127.0.0.1:53293 - R:localhost/127.0.0.1:54102] for POST '/session/fee943288a8aaf5f004714c1e10a1da6/element'
08:34:50.172 [AsyncHttpClient-1-11] DEBUG o.a.netty.handler.HttpHandler - 

Request DefaultHttpRequest(decodeResult: success, version: HTTP/1.1)
POST /session/fee943288a8aaf5f004714c1e10a1da6/element HTTP/1.1
User-Agent: selenium/4.1.2 (java windows)
Content-Length: 75
Content-Type: application/json; charset=utf-8
host: localhost:54102
accept: */*

Response DefaultHttpResponse(decodeResult: success, version: HTTP/1.1)
HTTP/1.1 200 OK
Content-Type: application/json; charset=utf-8
cache-control: no-cache
content-length: 88

08:34:50.172 [AsyncHttpClient-1-11] DEBUG o.a.netty.channel.ChannelManager - Adding key: http://localhost:54102 for channel [id: 0x25acdc98, L:/127.0.0.1:53293 - R:localhost/127.0.0.1:54102]
08:34:50.177 [Forwarding isElementDisplayed on session fee943288a8aaf5f004714c1e10a1da6 to remote] DEBUG o.a.netty.request.NettyRequestSender - Using pooled Channel '[id: 0x25acdc98, L:/127.0.0.1:53293 - R:localhost/127.0.0.1:54102]' for 'POST' to 'http://localhost:54102/session/fee943288a8aaf5f004714c1e10a1da6/execute/sync'
08:34:50.177 [Forwarding isElementDisplayed on session fee943288a8aaf5f004714c1e10a1da6 to remote] DEBUG o.a.netty.request.NettyRequestSender - Using open Channel [id: 0x25acdc98, L:/127.0.0.1:53293 - R:localhost/127.0.0.1:54102] for POST '/session/fee943288a8aaf5f004714c1e10a1da6/execute/sync'
08:34:50.188 [AsyncHttpClient-1-11] DEBUG o.a.netty.handler.HttpHandler - 

Request DefaultHttpRequest(decodeResult: success, version: HTTP/1.1)
POST /session/fee943288a8aaf5f004714c1e10a1da6/execute/sync HTTP/1.1
User-Agent: selenium/4.1.2 (java windows)
Content-Length: 48780
Content-Type: application/json; charset=utf-8
host: localhost:54102
accept: */*

Response DefaultHttpResponse(decodeResult: success, version: HTTP/1.1)
HTTP/1.1 200 OK
Content-Type: application/json; charset=utf-8
cache-control: no-cache
content-length: 14

08:34:50.188 [AsyncHttpClient-1-11] DEBUG o.a.netty.channel.ChannelManager - Adding key: http://localhost:54102 for channel [id: 0x25acdc98, L:/127.0.0.1:53293 - R:localhost/127.0.0.1:54102]
08:34:50.189 [Forwarding getElementText on session fee943288a8aaf5f004714c1e10a1da6 to remote] DEBUG o.a.netty.request.NettyRequestSender - Using pooled Channel '[id: 0x25acdc98, L:/127.0.0.1:53293 - R:localhost/127.0.0.1:54102]' for 'GET' to 'http://localhost:54102/session/fee943288a8aaf5f004714c1e10a1da6/element/bc181b6d-a757-44f7-b18d-05e8e1d88876/text'
08:34:50.189 [Forwarding getElementText on session fee943288a8aaf5f004714c1e10a1da6 to remote] DEBUG o.a.netty.request.NettyRequestSender - Using open Channel [id: 0x25acdc98, L:/127.0.0.1:53293 - R:localhost/127.0.0.1:54102] for GET '/session/fee943288a8aaf5f004714c1e10a1da6/element/bc181b6d-a757-44f7-b18d-05e8e1d88876/text'
08:34:50.203 [AsyncHttpClient-1-11] DEBUG o.a.netty.handler.HttpHandler - 

Request DefaultFullHttpRequest(decodeResult: success, version: HTTP/1.1, content: EmptyByteBufBE)
GET /session/fee943288a8aaf5f004714c1e10a1da6/element/bc181b6d-a757-44f7-b18d-05e8e1d88876/text HTTP/1.1
User-Agent: selenium/4.1.2 (java windows)
Cache-Control: no-cache
Content-Type: application/json; charset=utf-8
host: localhost:54102
accept: */*

Response DefaultHttpResponse(decodeResult: success, version: HTTP/1.1)
HTTP/1.1 200 OK
Content-Type: application/json; charset=utf-8
cache-control: no-cache
content-length: 59

08:34:50.203 [AsyncHttpClient-1-11] DEBUG o.a.netty.channel.ChannelManager - Adding key: http://localhost:54102 for channel [id: 0x25acdc98, L:/127.0.0.1:53293 - R:localhost/127.0.0.1:54102]
08:34:50.339 [AsyncHttpClient-1-1] DEBUG o.a.netty.channel.DefaultChannelPool - Entry count for : http://localhost:53294 : 1
08:34:50.339 [AsyncHttpClient-1-1] DEBUG o.a.netty.channel.DefaultChannelPool - Entry count for : http://localhost:54102 : 1
08:34:51.431 [AsyncHttpClient-1-1] DEBUG o.a.netty.channel.DefaultChannelPool - Entry count for : http://localhost:53294 : 1
08:34:51.431 [AsyncHttpClient-1-1] DEBUG o.a.netty.channel.DefaultChannelPool - Entry count for : http://localhost:54102 : 1
08:34:52.543 [AsyncHttpClient-1-1] DEBUG o.a.netty.channel.DefaultChannelPool - Entry count for : http://localhost:53294 : 1
08:34:52.543 [AsyncHttpClient-1-1] DEBUG o.a.netty.channel.DefaultChannelPool - Entry count for : http://localhost:54102 : 1
08:34:53.633 [AsyncHttpClient-1-1] DEBUG o.a.netty.channel.DefaultChannelPool - Entry count for : http://localhost:53294 : 1
08:34:53.633 [AsyncHttpClient-1-1] DEBUG o.a.netty.channel.DefaultChannelPool - Entry count for : http://localhost:54102 : 1
DEBUG [main] (LoginPage.java:81) - enterUserCredentails: username = '' | password = '' 
DEBUG [main] (LoginPage.java:81)- enterUserCredentails: username = '' | password = '' 
08:34:54.226 [Forwarding findElement on session fee943288a8aaf5f004714c1e10a1da6 to remote] DEBUG o.a.netty.request.NettyRequestSender - Using pooled Channel '[id: 0x25acdc98, L:/127.0.0.1:53293 - R:localhost/127.0.0.1:54102]' for 'POST' to 'http://localhost:54102/session/fee943288a8aaf5f004714c1e10a1da6/element'
08:34:54.226 [Forwarding findElement on session fee943288a8aaf5f004714c1e10a1da6 to remote] DEBUG o.a.netty.request.NettyRequestSender - Using open Channel [id: 0x25acdc98, L:/127.0.0.1:53293 - R:localhost/127.0.0.1:54102] for POST '/session/fee943288a8aaf5f004714c1e10a1da6/element'
08:34:54.233 [AsyncHttpClient-1-11] DEBUG o.a.netty.handler.HttpHandler - 

Request DefaultHttpRequest(decodeResult: success, version: HTTP/1.1)
POST /session/fee943288a8aaf5f004714c1e10a1da6/element HTTP/1.1
User-Agent: selenium/4.1.2 (java windows)
Content-Length: 128
Content-Type: application/json; charset=utf-8
host: localhost:54102
accept: */*

Response DefaultHttpResponse(decodeResult: success, version: HTTP/1.1)
HTTP/1.1 200 OK
Content-Type: application/json; charset=utf-8
cache-control: no-cache
content-length: 88

08:34:54.233 [AsyncHttpClient-1-11] DEBUG o.a.netty.channel.ChannelManager - Adding key: http://localhost:54102 for channel [id: 0x25acdc98, L:/127.0.0.1:53293 - R:localhost/127.0.0.1:54102]
08:34:54.234 [Forwarding sendKeysToElement on session fee943288a8aaf5f004714c1e10a1da6 to remote] DEBUG o.a.netty.request.NettyRequestSender - Using pooled Channel '[id: 0x25acdc98, L:/127.0.0.1:53293 - R:localhost/127.0.0.1:54102]' for 'POST' to 'http://localhost:54102/session/fee943288a8aaf5f004714c1e10a1da6/element/ac15cacf-e3a1-4eda-8208-cc1d58fee681/value'
08:34:54.234 [Forwarding sendKeysToElement on session fee943288a8aaf5f004714c1e10a1da6 to remote] DEBUG o.a.netty.request.NettyRequestSender - Using open Channel [id: 0x25acdc98, L:/127.0.0.1:53293 - R:localhost/127.0.0.1:54102] for POST '/session/fee943288a8aaf5f004714c1e10a1da6/element/ac15cacf-e3a1-4eda-8208-cc1d58fee681/value'
08:34:54.258 [AsyncHttpClient-1-11] DEBUG o.a.netty.handler.HttpHandler - 

Request DefaultHttpRequest(decodeResult: success, version: HTTP/1.1)
POST /session/fee943288a8aaf5f004714c1e10a1da6/element/ac15cacf-e3a1-4eda-8208-cc1d58fee681/value HTTP/1.1
User-Agent: selenium/4.1.2 (java windows)
Content-Length: 82
Content-Type: application/json; charset=utf-8
host: localhost:54102
accept: */*

Response DefaultHttpResponse(decodeResult: success, version: HTTP/1.1)
HTTP/1.1 200 OK
Content-Type: application/json; charset=utf-8
cache-control: no-cache
content-length: 14

08:34:54.258 [AsyncHttpClient-1-11] DEBUG o.a.netty.channel.ChannelManager - Adding key: http://localhost:54102 for channel [id: 0x25acdc98, L:/127.0.0.1:53293 - R:localhost/127.0.0.1:54102]
08:34:54.260 [Forwarding findElement on session fee943288a8aaf5f004714c1e10a1da6 to remote] DEBUG o.a.netty.request.NettyRequestSender - Using pooled Channel '[id: 0x25acdc98, L:/127.0.0.1:53293 - R:localhost/127.0.0.1:54102]' for 'POST' to 'http://localhost:54102/session/fee943288a8aaf5f004714c1e10a1da6/element'
08:34:54.260 [Forwarding findElement on session fee943288a8aaf5f004714c1e10a1da6 to remote] DEBUG o.a.netty.request.NettyRequestSender - Using open Channel [id: 0x25acdc98, L:/127.0.0.1:53293 - R:localhost/127.0.0.1:54102] for POST '/session/fee943288a8aaf5f004714c1e10a1da6/element'
08:34:54.267 [AsyncHttpClient-1-11] DEBUG o.a.netty.handler.HttpHandler - 

Request DefaultHttpRequest(decodeResult: success, version: HTTP/1.1)
POST /session/fee943288a8aaf5f004714c1e10a1da6/element HTTP/1.1
User-Agent: selenium/4.1.2 (java windows)
Content-Length: 132
Content-Type: application/json; charset=utf-8
host: localhost:54102
accept: */*

Response DefaultHttpResponse(decodeResult: success, version: HTTP/1.1)
HTTP/1.1 200 OK
Content-Type: application/json; charset=utf-8
cache-control: no-cache
content-length: 88

08:34:54.268 [AsyncHttpClient-1-11] DEBUG o.a.netty.channel.ChannelManager - Adding key: http://localhost:54102 for channel [id: 0x25acdc98, L:/127.0.0.1:53293 - R:localhost/127.0.0.1:54102]
08:34:54.269 [Forwarding sendKeysToElement on session fee943288a8aaf5f004714c1e10a1da6 to remote] DEBUG o.a.netty.request.NettyRequestSender - Using pooled Channel '[id: 0x25acdc98, L:/127.0.0.1:53293 - R:localhost/127.0.0.1:54102]' for 'POST' to 'http://localhost:54102/session/fee943288a8aaf5f004714c1e10a1da6/element/f566f3ae-a7a4-4a01-b293-c91c6e647916/value'
08:34:54.269 [Forwarding sendKeysToElement on session fee943288a8aaf5f004714c1e10a1da6 to remote] DEBUG o.a.netty.request.NettyRequestSender - Using open Channel [id: 0x25acdc98, L:/127.0.0.1:53293 - R:localhost/127.0.0.1:54102] for POST '/session/fee943288a8aaf5f004714c1e10a1da6/element/f566f3ae-a7a4-4a01-b293-c91c6e647916/value'
08:34:54.311 [AsyncHttpClient-1-11] DEBUG o.a.netty.handler.HttpHandler - 

Request DefaultHttpRequest(decodeResult: success, version: HTTP/1.1)
POST /session/fee943288a8aaf5f004714c1e10a1da6/element/f566f3ae-a7a4-4a01-b293-c91c6e647916/value HTTP/1.1
User-Agent: selenium/4.1.2 (java windows)
Content-Length: 82
Content-Type: application/json; charset=utf-8
host: localhost:54102
accept: */*

Response DefaultHttpResponse(decodeResult: success, version: HTTP/1.1)
HTTP/1.1 200 OK
Content-Type: application/json; charset=utf-8
cache-control: no-cache
content-length: 14

08:34:54.312 [AsyncHttpClient-1-11] DEBUG o.a.netty.channel.ChannelManager - Adding key: http://localhost:54102 for channel [id: 0x25acdc98, L:/127.0.0.1:53293 - R:localhost/127.0.0.1:54102]
08:34:54.313 [Forwarding findElement on session fee943288a8aaf5f004714c1e10a1da6 to remote] DEBUG o.a.netty.request.NettyRequestSender - Using pooled Channel '[id: 0x25acdc98, L:/127.0.0.1:53293 - R:localhost/127.0.0.1:54102]' for 'POST' to 'http://localhost:54102/session/fee943288a8aaf5f004714c1e10a1da6/element'
08:34:54.313 [Forwarding findElement on session fee943288a8aaf5f004714c1e10a1da6 to remote] DEBUG o.a.netty.request.NettyRequestSender - Using open Channel [id: 0x25acdc98, L:/127.0.0.1:53293 - R:localhost/127.0.0.1:54102] for POST '/session/fee943288a8aaf5f004714c1e10a1da6/element'
08:34:54.321 [AsyncHttpClient-1-11] DEBUG o.a.netty.handler.HttpHandler - 

Request DefaultHttpRequest(decodeResult: success, version: HTTP/1.1)
POST /session/fee943288a8aaf5f004714c1e10a1da6/element HTTP/1.1
User-Agent: selenium/4.1.2 (java windows)
Content-Length: 125
Content-Type: application/json; charset=utf-8
host: localhost:54102
accept: */*

Response DefaultHttpResponse(decodeResult: success, version: HTTP/1.1)
HTTP/1.1 200 OK
Content-Type: application/json; charset=utf-8
cache-control: no-cache
content-length: 88

08:34:54.322 [AsyncHttpClient-1-11] DEBUG o.a.netty.channel.ChannelManager - Adding key: http://localhost:54102 for channel [id: 0x25acdc98, L:/127.0.0.1:53293 - R:localhost/127.0.0.1:54102]
08:34:54.323 [Forwarding clickElement on session fee943288a8aaf5f004714c1e10a1da6 to remote] DEBUG o.a.netty.request.NettyRequestSender - Using pooled Channel '[id: 0x25acdc98, L:/127.0.0.1:53293 - R:localhost/127.0.0.1:54102]' for 'POST' to 'http://localhost:54102/session/fee943288a8aaf5f004714c1e10a1da6/element/431d2c5e-a3c3-4c08-a099-9c4eeab2d052/click'
08:34:54.323 [Forwarding clickElement on session fee943288a8aaf5f004714c1e10a1da6 to remote] DEBUG o.a.netty.request.NettyRequestSender - Using open Channel [id: 0x25acdc98, L:/127.0.0.1:53293 - R:localhost/127.0.0.1:54102] for POST '/session/fee943288a8aaf5f004714c1e10a1da6/element/431d2c5e-a3c3-4c08-a099-9c4eeab2d052/click'
08:34:54.411 [AsyncHttpClient-1-11] DEBUG o.a.netty.handler.HttpHandler - 

Request DefaultHttpRequest(decodeResult: success, version: HTTP/1.1)
POST /session/fee943288a8aaf5f004714c1e10a1da6/element/431d2c5e-a3c3-4c08-a099-9c4eeab2d052/click HTTP/1.1
User-Agent: selenium/4.1.2 (java windows)
Content-Length: 50
Content-Type: application/json; charset=utf-8
host: localhost:54102
accept: */*

Response DefaultHttpResponse(decodeResult: success, version: HTTP/1.1)
HTTP/1.1 200 OK
Content-Type: application/json; charset=utf-8
cache-control: no-cache
content-length: 14

08:34:54.411 [AsyncHttpClient-1-11] DEBUG o.a.netty.channel.ChannelManager - Adding key: http://localhost:54102 for channel [id: 0x25acdc98, L:/127.0.0.1:53293 - R:localhost/127.0.0.1:54102]
DEBUG [main] (LoginPage.java:56) - verifyErrorMessage: 'The information you entered was not recognized.' 
DEBUG [main] (LoginPage.java:56)- verifyErrorMessage: 'The information you entered was not recognized.' 
08:34:54.412 [Forwarding findElement on session fee943288a8aaf5f004714c1e10a1da6 to remote] DEBUG o.a.netty.request.NettyRequestSender - Using pooled Channel '[id: 0x25acdc98, L:/127.0.0.1:53293 - R:localhost/127.0.0.1:54102]' for 'POST' to 'http://localhost:54102/session/fee943288a8aaf5f004714c1e10a1da6/element'
08:34:54.412 [Forwarding findElement on session fee943288a8aaf5f004714c1e10a1da6 to remote] DEBUG o.a.netty.request.NettyRequestSender - Using open Channel [id: 0x25acdc98, L:/127.0.0.1:53293 - R:localhost/127.0.0.1:54102] for POST '/session/fee943288a8aaf5f004714c1e10a1da6/element'
08:34:54.421 [AsyncHttpClient-1-11] DEBUG o.a.netty.handler.HttpHandler - 

Request DefaultHttpRequest(decodeResult: success, version: HTTP/1.1)
POST /session/fee943288a8aaf5f004714c1e10a1da6/element HTTP/1.1
User-Agent: selenium/4.1.2 (java windows)
Content-Length: 75
Content-Type: application/json; charset=utf-8
host: localhost:54102
accept: */*

Response DefaultHttpResponse(decodeResult: success, version: HTTP/1.1)
HTTP/1.1 200 OK
Content-Type: application/json; charset=utf-8
cache-control: no-cache
content-length: 88

08:34:54.422 [AsyncHttpClient-1-11] DEBUG o.a.netty.channel.ChannelManager - Adding key: http://localhost:54102 for channel [id: 0x25acdc98, L:/127.0.0.1:53293 - R:localhost/127.0.0.1:54102]
08:34:54.425 [Forwarding isElementDisplayed on session fee943288a8aaf5f004714c1e10a1da6 to remote] DEBUG o.a.netty.request.NettyRequestSender - Using pooled Channel '[id: 0x25acdc98, L:/127.0.0.1:53293 - R:localhost/127.0.0.1:54102]' for 'POST' to 'http://localhost:54102/session/fee943288a8aaf5f004714c1e10a1da6/execute/sync'
08:34:54.426 [Forwarding isElementDisplayed on session fee943288a8aaf5f004714c1e10a1da6 to remote] DEBUG o.a.netty.request.NettyRequestSender - Using open Channel [id: 0x25acdc98, L:/127.0.0.1:53293 - R:localhost/127.0.0.1:54102] for POST '/session/fee943288a8aaf5f004714c1e10a1da6/execute/sync'
08:34:54.438 [AsyncHttpClient-1-11] DEBUG o.a.netty.handler.HttpHandler - 

Request DefaultHttpRequest(decodeResult: success, version: HTTP/1.1)
POST /session/fee943288a8aaf5f004714c1e10a1da6/execute/sync HTTP/1.1
User-Agent: selenium/4.1.2 (java windows)
Content-Length: 48780
Content-Type: application/json; charset=utf-8
host: localhost:54102
accept: */*

Response DefaultHttpResponse(decodeResult: success, version: HTTP/1.1)
HTTP/1.1 200 OK
Content-Type: application/json; charset=utf-8
cache-control: no-cache
content-length: 15

08:34:54.438 [AsyncHttpClient-1-11] DEBUG o.a.netty.channel.ChannelManager - Adding key: http://localhost:54102 for channel [id: 0x25acdc98, L:/127.0.0.1:53293 - R:localhost/127.0.0.1:54102]
08:34:54.733 [AsyncHttpClient-1-1] DEBUG o.a.netty.channel.DefaultChannelPool - Entry count for : http://localhost:53294 : 1
08:34:54.733 [AsyncHttpClient-1-1] DEBUG o.a.netty.channel.DefaultChannelPool - Entry count for : http://localhost:54102 : 1
08:34:54.941 [Forwarding findElement on session fee943288a8aaf5f004714c1e10a1da6 to remote] DEBUG o.a.netty.request.NettyRequestSender - Using pooled Channel '[id: 0x25acdc98, L:/127.0.0.1:53293 - R:localhost/127.0.0.1:54102]' for 'POST' to 'http://localhost:54102/session/fee943288a8aaf5f004714c1e10a1da6/element'
08:34:54.941 [Forwarding findElement on session fee943288a8aaf5f004714c1e10a1da6 to remote] DEBUG o.a.netty.request.NettyRequestSender - Using open Channel [id: 0x25acdc98, L:/127.0.0.1:53293 - R:localhost/127.0.0.1:54102] for POST '/session/fee943288a8aaf5f004714c1e10a1da6/element'
08:34:54.948 [AsyncHttpClient-1-11] DEBUG o.a.netty.handler.HttpHandler - 

Request DefaultHttpRequest(decodeResult: success, version: HTTP/1.1)
POST /session/fee943288a8aaf5f004714c1e10a1da6/element HTTP/1.1
User-Agent: selenium/4.1.2 (java windows)
Content-Length: 75
Content-Type: application/json; charset=utf-8
host: localhost:54102
accept: */*

Response DefaultHttpResponse(decodeResult: success, version: HTTP/1.1)
HTTP/1.1 200 OK
Content-Type: application/json; charset=utf-8
cache-control: no-cache
content-length: 88

08:34:54.948 [AsyncHttpClient-1-11] DEBUG o.a.netty.channel.ChannelManager - Adding key: http://localhost:54102 for channel [id: 0x25acdc98, L:/127.0.0.1:53293 - R:localhost/127.0.0.1:54102]
08:34:54.952 [Forwarding isElementDisplayed on session fee943288a8aaf5f004714c1e10a1da6 to remote] DEBUG o.a.netty.request.NettyRequestSender - Using pooled Channel '[id: 0x25acdc98, L:/127.0.0.1:53293 - R:localhost/127.0.0.1:54102]' for 'POST' to 'http://localhost:54102/session/fee943288a8aaf5f004714c1e10a1da6/execute/sync'
08:34:54.952 [Forwarding isElementDisplayed on session fee943288a8aaf5f004714c1e10a1da6 to remote] DEBUG o.a.netty.request.NettyRequestSender - Using open Channel [id: 0x25acdc98, L:/127.0.0.1:53293 - R:localhost/127.0.0.1:54102] for POST '/session/fee943288a8aaf5f004714c1e10a1da6/execute/sync'
08:34:54.962 [AsyncHttpClient-1-11] DEBUG o.a.netty.handler.HttpHandler - 

Request DefaultHttpRequest(decodeResult: success, version: HTTP/1.1)
POST /session/fee943288a8aaf5f004714c1e10a1da6/execute/sync HTTP/1.1
User-Agent: selenium/4.1.2 (java windows)
Content-Length: 48780
Content-Type: application/json; charset=utf-8
host: localhost:54102
accept: */*

Response DefaultHttpResponse(decodeResult: success, version: HTTP/1.1)
HTTP/1.1 200 OK
Content-Type: application/json; charset=utf-8
cache-control: no-cache
content-length: 14

08:34:54.962 [AsyncHttpClient-1-11] DEBUG o.a.netty.channel.ChannelManager - Adding key: http://localhost:54102 for channel [id: 0x25acdc98, L:/127.0.0.1:53293 - R:localhost/127.0.0.1:54102]
08:34:54.963 [Forwarding getElementText on session fee943288a8aaf5f004714c1e10a1da6 to remote] DEBUG o.a.netty.request.NettyRequestSender - Using pooled Channel '[id: 0x25acdc98, L:/127.0.0.1:53293 - R:localhost/127.0.0.1:54102]' for 'GET' to 'http://localhost:54102/session/fee943288a8aaf5f004714c1e10a1da6/element/5c9def3a-e62c-451e-b95a-7f29f705385c/text'
08:34:54.963 [Forwarding getElementText on session fee943288a8aaf5f004714c1e10a1da6 to remote] DEBUG o.a.netty.request.NettyRequestSender - Using open Channel [id: 0x25acdc98, L:/127.0.0.1:53293 - R:localhost/127.0.0.1:54102] for GET '/session/fee943288a8aaf5f004714c1e10a1da6/element/5c9def3a-e62c-451e-b95a-7f29f705385c/text'
08:34:54.977 [AsyncHttpClient-1-11] DEBUG o.a.netty.handler.HttpHandler - 

Request DefaultFullHttpRequest(decodeResult: success, version: HTTP/1.1, content: EmptyByteBufBE)
GET /session/fee943288a8aaf5f004714c1e10a1da6/element/5c9def3a-e62c-451e-b95a-7f29f705385c/text HTTP/1.1
User-Agent: selenium/4.1.2 (java windows)
Cache-Control: no-cache
Content-Type: application/json; charset=utf-8
host: localhost:54102
accept: */*

Response DefaultHttpResponse(decodeResult: success, version: HTTP/1.1)
HTTP/1.1 200 OK
Content-Type: application/json; charset=utf-8
cache-control: no-cache
content-length: 59

08:34:54.977 [AsyncHttpClient-1-11] DEBUG o.a.netty.channel.ChannelManager - Adding key: http://localhost:54102 for channel [id: 0x25acdc98, L:/127.0.0.1:53293 - R:localhost/127.0.0.1:54102]
08:34:55.839 [AsyncHttpClient-1-1] DEBUG o.a.netty.channel.DefaultChannelPool - Entry count for : http://localhost:53294 : 1
08:34:55.839 [AsyncHttpClient-1-1] DEBUG o.a.netty.channel.DefaultChannelPool - Entry count for : http://localhost:54102 : 1
08:34:56.932 [AsyncHttpClient-1-1] DEBUG o.a.netty.channel.DefaultChannelPool - Entry count for : http://localhost:53294 : 1
08:34:56.932 [AsyncHttpClient-1-1] DEBUG o.a.netty.channel.DefaultChannelPool - Entry count for : http://localhost:54102 : 1
  &amp#27;[32mWhen &amp#27;[0m&amp#27;[32muser login using invalid credentials form ExcelData with File &amp#27;[0m&amp#27;[32m&amp#27;[1m"InvalidUserCredentials"&amp#27;[0m&amp#27;[32m and SheetName &amp#27;[0m&amp#27;[32m&amp#27;[1m"InvalidUserCredentials"&amp#27;[0m &amp#27;[90m# stepdefinitions.LoginPageSteps.user_login_using_invalid_credentials_form_excel_data_with_file_and_sheet_name(java.lang.String,java.lang.String)&amp#27;[0m
08:34:56.982 [Forwarding getTitle on session fee943288a8aaf5f004714c1e10a1da6 to remote] DEBUG o.a.netty.request.NettyRequestSender - Using pooled Channel '[id: 0x25acdc98, L:/127.0.0.1:53293 - R:localhost/127.0.0.1:54102]' for 'GET' to 'http://localhost:54102/session/fee943288a8aaf5f004714c1e10a1da6/title'
08:34:56.982 [Forwarding getTitle on session fee943288a8aaf5f004714c1e10a1da6 to remote] DEBUG o.a.netty.request.NettyRequestSender - Using open Channel [id: 0x25acdc98, L:/127.0.0.1:53293 - R:localhost/127.0.0.1:54102] for GET '/session/fee943288a8aaf5f004714c1e10a1da6/title'
08:34:56.985 [AsyncHttpClient-1-11] DEBUG o.a.netty.handler.HttpHandler - 

Request DefaultFullHttpRequest(decodeResult: success, version: HTTP/1.1, content: EmptyByteBufBE)
GET /session/fee943288a8aaf5f004714c1e10a1da6/title HTTP/1.1
User-Agent: selenium/4.1.2 (java windows)
Cache-Control: no-cache
Content-Type: application/json; charset=utf-8
host: localhost:54102
accept: */*

Response DefaultHttpResponse(decodeResult: success, version: HTTP/1.1)
HTTP/1.1 200 OK
Content-Type: application/json; charset=utf-8
cache-control: no-cache
content-length: 22

08:34:56.985 [AsyncHttpClient-1-11] DEBUG o.a.netty.channel.ChannelManager - Adding key: http://localhost:54102 for channel [id: 0x25acdc98, L:/127.0.0.1:53293 - R:localhost/127.0.0.1:54102]
DEBUG [main] (BaseClass.java:37) - verifyApplication: 'Login Page' 
DEBUG [main] (BaseClass.java:37)- verifyApplication: 'Login Page' 
08:34:56.986 [Forwarding getTitle on session fee943288a8aaf5f004714c1e10a1da6 to remote] DEBUG o.a.netty.request.NettyRequestSender - Using pooled Channel '[id: 0x25acdc98, L:/127.0.0.1:53293 - R:localhost/127.0.0.1:54102]' for 'GET' to 'http://localhost:54102/session/fee943288a8aaf5f004714c1e10a1da6/title'
08:34:56.987 [Forwarding getTitle on session fee943288a8aaf5f004714c1e10a1da6 to remote] DEBUG o.a.netty.request.NettyRequestSender - Using open Channel [id: 0x25acdc98, L:/127.0.0.1:53293 - R:localhost/127.0.0.1:54102] for GET '/session/fee943288a8aaf5f004714c1e10a1da6/title'
08:34:56.989 [AsyncHttpClient-1-11] DEBUG o.a.netty.handler.HttpHandler - 

Request DefaultFullHttpRequest(decodeResult: success, version: HTTP/1.1, content: EmptyByteBufBE)
GET /session/fee943288a8aaf5f004714c1e10a1da6/title HTTP/1.1
User-Agent: selenium/4.1.2 (java windows)
Cache-Control: no-cache
Content-Type: application/json; charset=utf-8
host: localhost:54102
accept: */*

Response DefaultHttpResponse(decodeResult: success, version: HTTP/1.1)
HTTP/1.1 200 OK
Content-Type: application/json; charset=utf-8
cache-control: no-cache
content-length: 22

08:34:56.989 [AsyncHttpClient-1-11] DEBUG o.a.netty.channel.ChannelManager - Adding key: http://localhost:54102 for channel [id: 0x25acdc98, L:/127.0.0.1:53293 - R:localhost/127.0.0.1:54102]
08:34:58.036 [AsyncHttpClient-1-1] DEBUG o.a.netty.channel.DefaultChannelPool - Entry count for : http://localhost:53294 : 1
08:34:58.036 [AsyncHttpClient-1-1] DEBUG o.a.netty.channel.DefaultChannelPool - Entry count for : http://localhost:54102 : 1
08:34:59.141 [AsyncHttpClient-1-1] DEBUG o.a.netty.channel.DefaultChannelPool - Entry count for : http://localhost:53294 : 1
08:34:59.141 [AsyncHttpClient-1-1] DEBUG o.a.netty.channel.DefaultChannelPool - Entry count for : http://localhost:54102 : 1
08:35:00.230 [AsyncHttpClient-1-1] DEBUG o.a.netty.channel.DefaultChannelPool - Entry count for : http://localhost:53294 : 1
08:35:00.230 [AsyncHttpClient-1-1] DEBUG o.a.netty.channel.DefaultChannelPool - Entry count for : http://localhost:54102 : 1
08:35:01.336 [AsyncHttpClient-1-1] DEBUG o.a.netty.channel.DefaultChannelPool - Entry count for : http://localhost:53294 : 1
08:35:01.336 [AsyncHttpClient-1-1] DEBUG o.a.netty.channel.DefaultChannelPool - Entry count for : http://localhost:54102 : 1
DEBUG [main] (LoginPage.java:56) - verifyErrorMessage: 'The information you entered was not recognized.' 
DEBUG [main] (LoginPage.java:56)- verifyErrorMessage: 'The information you entered was not recognized.' 
08:35:01.999 [Forwarding findElement on session fee943288a8aaf5f004714c1e10a1da6 to remote] DEBUG o.a.netty.request.NettyRequestSender - Using pooled Channel '[id: 0x25acdc98, L:/127.0.0.1:53293 - R:localhost/127.0.0.1:54102]' for 'POST' to 'http://localhost:54102/session/fee943288a8aaf5f004714c1e10a1da6/element'
08:35:01.999 [Forwarding findElement on session fee943288a8aaf5f004714c1e10a1da6 to remote] DEBUG o.a.netty.request.NettyRequestSender - Using open Channel [id: 0x25acdc98, L:/127.0.0.1:53293 - R:localhost/127.0.0.1:54102] for POST '/session/fee943288a8aaf5f004714c1e10a1da6/element'
08:35:02.011 [AsyncHttpClient-1-11] DEBUG o.a.netty.handler.HttpHandler - 

Request DefaultHttpRequest(decodeResult: success, version: HTTP/1.1)
POST /session/fee943288a8aaf5f004714c1e10a1da6/element HTTP/1.1
User-Agent: selenium/4.1.2 (java windows)
Content-Length: 75
Content-Type: application/json; charset=utf-8
host: localhost:54102
accept: */*

Response DefaultHttpResponse(decodeResult: success, version: HTTP/1.1)
HTTP/1.1 200 OK
Content-Type: application/json; charset=utf-8
cache-control: no-cache
content-length: 88

08:35:02.011 [AsyncHttpClient-1-11] DEBUG o.a.netty.channel.ChannelManager - Adding key: http://localhost:54102 for channel [id: 0x25acdc98, L:/127.0.0.1:53293 - R:localhost/127.0.0.1:54102]
08:35:02.015 [Forwarding isElementDisplayed on session fee943288a8aaf5f004714c1e10a1da6 to remote] DEBUG o.a.netty.request.NettyRequestSender - Using pooled Channel '[id: 0x25acdc98, L:/127.0.0.1:53293 - R:localhost/127.0.0.1:54102]' for 'POST' to 'http://localhost:54102/session/fee943288a8aaf5f004714c1e10a1da6/execute/sync'
08:35:02.015 [Forwarding isElementDisplayed on session fee943288a8aaf5f004714c1e10a1da6 to remote] DEBUG o.a.netty.request.NettyRequestSender - Using open Channel [id: 0x25acdc98, L:/127.0.0.1:53293 - R:localhost/127.0.0.1:54102] for POST '/session/fee943288a8aaf5f004714c1e10a1da6/execute/sync'
08:35:02.029 [AsyncHttpClient-1-11] DEBUG o.a.netty.handler.HttpHandler - 

Request DefaultHttpRequest(decodeResult: success, version: HTTP/1.1)
POST /session/fee943288a8aaf5f004714c1e10a1da6/execute/sync HTTP/1.1
User-Agent: selenium/4.1.2 (java windows)
Content-Length: 48780
Content-Type: application/json; charset=utf-8
host: localhost:54102
accept: */*

Response DefaultHttpResponse(decodeResult: success, version: HTTP/1.1)
HTTP/1.1 200 OK
Content-Type: application/json; charset=utf-8
cache-control: no-cache
content-length: 14

08:35:02.030 [AsyncHttpClient-1-11] DEBUG o.a.netty.channel.ChannelManager - Adding key: http://localhost:54102 for channel [id: 0x25acdc98, L:/127.0.0.1:53293 - R:localhost/127.0.0.1:54102]
08:35:02.031 [Forwarding getElementText on session fee943288a8aaf5f004714c1e10a1da6 to remote] DEBUG o.a.netty.request.NettyRequestSender - Using pooled Channel '[id: 0x25acdc98, L:/127.0.0.1:53293 - R:localhost/127.0.0.1:54102]' for 'GET' to 'http://localhost:54102/session/fee943288a8aaf5f004714c1e10a1da6/element/5c9def3a-e62c-451e-b95a-7f29f705385c/text'
08:35:02.031 [Forwarding getElementText on session fee943288a8aaf5f004714c1e10a1da6 to remote] DEBUG o.a.netty.request.NettyRequestSender - Using open Channel [id: 0x25acdc98, L:/127.0.0.1:53293 - R:localhost/127.0.0.1:54102] for GET '/session/fee943288a8aaf5f004714c1e10a1da6/element/5c9def3a-e62c-451e-b95a-7f29f705385c/text'
08:35:02.045 [AsyncHttpClient-1-11] DEBUG o.a.netty.handler.HttpHandler - 

Request DefaultFullHttpRequest(decodeResult: success, version: HTTP/1.1, content: EmptyByteBufBE)
GET /session/fee943288a8aaf5f004714c1e10a1da6/element/5c9def3a-e62c-451e-b95a-7f29f705385c/text HTTP/1.1
User-Agent: selenium/4.1.2 (java windows)
Cache-Control: no-cache
Content-Type: application/json; charset=utf-8
host: localhost:54102
accept: */*

Response DefaultHttpResponse(decodeResult: success, version: HTTP/1.1)
HTTP/1.1 200 OK
Content-Type: application/json; charset=utf-8
cache-control: no-cache
content-length: 59

08:35:02.046 [AsyncHttpClient-1-11] DEBUG o.a.netty.channel.ChannelManager - Adding key: http://localhost:54102 for channel [id: 0x25acdc98, L:/127.0.0.1:53293 - R:localhost/127.0.0.1:54102]
08:35:02.439 [AsyncHttpClient-1-1] DEBUG o.a.netty.channel.DefaultChannelPool - Entry count for : http://localhost:53294 : 1
08:35:02.439 [AsyncHttpClient-1-1] DEBUG o.a.netty.channel.DefaultChannelPool - Entry count for : http://localhost:54102 : 1
08:35:03.533 [AsyncHttpClient-1-1] DEBUG o.a.netty.channel.DefaultChannelPool - Entry count for : http://localhost:53294 : 1
08:35:03.533 [AsyncHttpClient-1-1] DEBUG o.a.netty.channel.DefaultChannelPool - Entry count for : http://localhost:54102 : 1
  &amp#27;[32mThen &amp#27;[0m&amp#27;[32muser should not proceed to Dashboard Page&amp#27;[0m                                                                                     &amp#27;[90m# stepdefinitions.LoginPageSteps.user_should_not_proceed_to_dashboard_page()&amp#27;[0m
DEBUG [main] (LoginPage.java:56) - verifyErrorMessage: 'The information you entered was not recognized.' 
DEBUG [main] (LoginPage.java:56)- verifyErrorMessage: 'The information you entered was not recognized.' 
08:35:04.054 [Forwarding findElement on session fee943288a8aaf5f004714c1e10a1da6 to remote] DEBUG o.a.netty.request.NettyRequestSender - Using pooled Channel '[id: 0x25acdc98, L:/127.0.0.1:53293 - R:localhost/127.0.0.1:54102]' for 'POST' to 'http://localhost:54102/session/fee943288a8aaf5f004714c1e10a1da6/element'
08:35:04.054 [Forwarding findElement on session fee943288a8aaf5f004714c1e10a1da6 to remote] DEBUG o.a.netty.request.NettyRequestSender - Using open Channel [id: 0x25acdc98, L:/127.0.0.1:53293 - R:localhost/127.0.0.1:54102] for POST '/session/fee943288a8aaf5f004714c1e10a1da6/element'
08:35:04.062 [AsyncHttpClient-1-11] DEBUG o.a.netty.handler.HttpHandler - 

Request DefaultHttpRequest(decodeResult: success, version: HTTP/1.1)
POST /session/fee943288a8aaf5f004714c1e10a1da6/element HTTP/1.1
User-Agent: selenium/4.1.2 (java windows)
Content-Length: 75
Content-Type: application/json; charset=utf-8
host: localhost:54102
accept: */*

Response DefaultHttpResponse(decodeResult: success, version: HTTP/1.1)
HTTP/1.1 200 OK
Content-Type: application/json; charset=utf-8
cache-control: no-cache
content-length: 88

08:35:04.062 [AsyncHttpClient-1-11] DEBUG o.a.netty.channel.ChannelManager - Adding key: http://localhost:54102 for channel [id: 0x25acdc98, L:/127.0.0.1:53293 - R:localhost/127.0.0.1:54102]
08:35:04.068 [Forwarding isElementDisplayed on session fee943288a8aaf5f004714c1e10a1da6 to remote] DEBUG o.a.netty.request.NettyRequestSender - Using pooled Channel '[id: 0x25acdc98, L:/127.0.0.1:53293 - R:localhost/127.0.0.1:54102]' for 'POST' to 'http://localhost:54102/session/fee943288a8aaf5f004714c1e10a1da6/execute/sync'
08:35:04.068 [Forwarding isElementDisplayed on session fee943288a8aaf5f004714c1e10a1da6 to remote] DEBUG o.a.netty.request.NettyRequestSender - Using open Channel [id: 0x25acdc98, L:/127.0.0.1:53293 - R:localhost/127.0.0.1:54102] for POST '/session/fee943288a8aaf5f004714c1e10a1da6/execute/sync'
08:35:04.084 [AsyncHttpClient-1-11] DEBUG o.a.netty.handler.HttpHandler - 

Request DefaultHttpRequest(decodeResult: success, version: HTTP/1.1)
POST /session/fee943288a8aaf5f004714c1e10a1da6/execute/sync HTTP/1.1
User-Agent: selenium/4.1.2 (java windows)
Content-Length: 48780
Content-Type: application/json; charset=utf-8
host: localhost:54102
accept: */*

Response DefaultHttpResponse(decodeResult: success, version: HTTP/1.1)
HTTP/1.1 200 OK
Content-Type: application/json; charset=utf-8
cache-control: no-cache
content-length: 14

08:35:04.084 [AsyncHttpClient-1-11] DEBUG o.a.netty.channel.ChannelManager - Adding key: http://localhost:54102 for channel [id: 0x25acdc98, L:/127.0.0.1:53293 - R:localhost/127.0.0.1:54102]
08:35:04.085 [Forwarding getElementText on session fee943288a8aaf5f004714c1e10a1da6 to remote] DEBUG o.a.netty.request.NettyRequestSender - Using pooled Channel '[id: 0x25acdc98, L:/127.0.0.1:53293 - R:localhost/127.0.0.1:54102]' for 'GET' to 'http://localhost:54102/session/fee943288a8aaf5f004714c1e10a1da6/element/5c9def3a-e62c-451e-b95a-7f29f705385c/text'
08:35:04.085 [Forwarding getElementText on session fee943288a8aaf5f004714c1e10a1da6 to remote] DEBUG o.a.netty.request.NettyRequestSender - Using open Channel [id: 0x25acdc98, L:/127.0.0.1:53293 - R:localhost/127.0.0.1:54102] for GET '/session/fee943288a8aaf5f004714c1e10a1da6/element/5c9def3a-e62c-451e-b95a-7f29f705385c/text'
08:35:04.093 [AsyncHttpClient-1-11] DEBUG o.a.netty.handler.HttpHandler - 

Request DefaultFullHttpRequest(decodeResult: success, version: HTTP/1.1, content: EmptyByteBufBE)
GET /session/fee943288a8aaf5f004714c1e10a1da6/element/5c9def3a-e62c-451e-b95a-7f29f705385c/text HTTP/1.1
User-Agent: selenium/4.1.2 (java windows)
Cache-Control: no-cache
Content-Type: application/json; charset=utf-8
host: localhost:54102
accept: */*

Response DefaultHttpResponse(decodeResult: success, version: HTTP/1.1)
HTTP/1.1 200 OK
Content-Type: application/json; charset=utf-8
cache-control: no-cache
content-length: 59

08:35:04.093 [AsyncHttpClient-1-11] DEBUG o.a.netty.channel.ChannelManager - Adding key: http://localhost:54102 for channel [id: 0x25acdc98, L:/127.0.0.1:53293 - R:localhost/127.0.0.1:54102]
08:35:04.631 [AsyncHttpClient-1-1] DEBUG o.a.netty.channel.DefaultChannelPool - Entry count for : http://localhost:53294 : 1
08:35:04.631 [AsyncHttpClient-1-1] DEBUG o.a.netty.channel.DefaultChannelPool - Entry count for : http://localhost:54102 : 1
08:35:05.734 [AsyncHttpClient-1-1] DEBUG o.a.netty.channel.DefaultChannelPool - Entry count for : http://localhost:53294 : 1
08:35:05.734 [AsyncHttpClient-1-1] DEBUG o.a.netty.channel.DefaultChannelPool - Entry count for : http://localhost:54102 : 1
  &amp#27;[32mThen &amp#27;[0m&amp#27;[32muser gets login failed error message&amp#27;[0m                                                                                          &amp#27;[90m# stepdefinitions.LoginPageSteps.user_gets_login_failed_error_message()&amp#27;[0m
DEBUG [main] (apphooks.java:45) - Close Browser
DEBUG [main] (apphooks.java:45)- Close Browser
08:35:06.101 [AsyncHttpClient-1-13] DEBUG o.a.netty.handler.WebSocketHandler - Channel Closed: [id: 0x4aa5a531, L:/127.0.0.1:53301 ! R:localhost/127.0.0.1:53294] with attribute NettyResponseFuture{currentRetry=5,
	isDone=1,
	isCancelled=0,
	asyncHandler=org.asynchttpclient.ws.WebSocketUpgradeHandler@18576d12,
	nettyRequest=org.asynchttpclient.netty.request.NettyRequest@5d55e07c,
	future=java.util.concurrent.CompletableFuture@372361a2[Completed normally],
	uri=ws://localhost:53294/devtools/browser/83542ea8-20bd-4cec-8672-79842508b97a,
	keepAlive=true,
	redirectCount=0,
	timeoutsHolder=null,
	inAuth=0,
	touch=1648514070701}
08:35:06.102 [AsyncHttpClient-1-13] DEBUG o.a.netty.channel.ChannelManager - Closing Channel [id: 0x4aa5a531, L:/127.0.0.1:53301 ! R:localhost/127.0.0.1:53294] 
08:35:06.102 [Driver Command Executor] DEBUG o.a.netty.request.NettyRequestSender - Using pooled Channel '[id: 0x25acdc98, L:/127.0.0.1:53293 - R:localhost/127.0.0.1:54102]' for 'DELETE' to 'http://localhost:54102/session/fee943288a8aaf5f004714c1e10a1da6'
08:35:06.102 [Driver Command Executor] DEBUG o.a.netty.request.NettyRequestSender - Using open Channel [id: 0x25acdc98, L:/127.0.0.1:53293 - R:localhost/127.0.0.1:54102] for DELETE '/session/fee943288a8aaf5f004714c1e10a1da6'
08:35:06.125 [AsyncHttpClient-1-12] DEBUG o.a.netty.handler.HttpHandler - Unexpected I/O exception on channel [id: 0xa58eba54, L:/127.0.0.1:53300 - R:localhost/127.0.0.1:53294]
java.net.SocketException: Connection reset
	at java.base/sun.nio.ch.SocketChannelImpl.throwConnectionReset(SocketChannelImpl.java:367) ~[na:na]
	at java.base/sun.nio.ch.SocketChannelImpl.read(SocketChannelImpl.java:398) ~[na:na]
	at io.netty.buffer.PooledByteBuf.setBytes(PooledByteBuf.java:253) ~[netty-buffer-4.1.70.Final.jar:4.1.70.Final]
	at io.netty.buffer.AbstractByteBuf.writeBytes(AbstractByteBuf.java:1132) ~[netty-buffer-4.1.70.Final.jar:4.1.70.Final]
	at io.netty.channel.socket.nio.NioSocketChannel.doReadBytes(NioSocketChannel.java:350) ~[netty-transport-4.1.70.Final.jar:4.1.70.Final]
	at io.netty.channel.nio.AbstractNioByteChannel$NioByteUnsafe.read(AbstractNioByteChannel.java:151) ~[netty-transport-4.1.70.Final.jar:4.1.70.Final]
	at io.netty.channel.nio.NioEventLoop.processSelectedKey(NioEventLoop.java:719) ~[netty-transport-4.1.70.Final.jar:4.1.70.Final]
	at io.netty.channel.nio.NioEventLoop.processSelectedKeysOptimized(NioEventLoop.java:655) ~[netty-transport-4.1.70.Final.jar:4.1.70.Final]
	at io.netty.channel.nio.NioEventLoop.processSelectedKeys(NioEventLoop.java:581) ~[netty-transport-4.1.70.Final.jar:4.1.70.Final]
	at io.netty.channel.nio.NioEventLoop.run(NioEventLoop.java:493) ~[netty-transport-4.1.70.Final.jar:4.1.70.Final]
	at io.netty.util.concurrent.SingleThreadEventExecutor$4.run(SingleThreadEventExecutor.java:986) ~[netty-common-4.1.70.Final.jar:4.1.70.Final]
	at io.netty.util.internal.ThreadExecutorMap$2.run(ThreadExecutorMap.java:74) ~[netty-common-4.1.70.Final.jar:4.1.70.Final]
	at io.netty.util.concurrent.FastThreadLocalRunnable.run(FastThreadLocalRunnable.java:30) ~[netty-common-4.1.70.Final.jar:4.1.70.Final]
	at java.base/java.lang.Thread.run(Thread.java:832) ~[na:na]
08:35:06.125 [AsyncHttpClient-1-12] DEBUG o.a.netty.channel.ChannelManager - Closing Channel [id: 0xa58eba54, L:/127.0.0.1:53300 - R:localhost/127.0.0.1:53294] 
08:35:06.126 [AsyncHttpClient-1-12] DEBUG o.a.netty.handler.HttpHandler - Channel Closed: [id: 0xa58eba54, L:/127.0.0.1:53300 ! R:localhost/127.0.0.1:53294] with attribute DISCARD
08:35:06.138 [AsyncHttpClient-1-11] DEBUG o.a.netty.handler.HttpHandler - 

Request DefaultFullHttpRequest(decodeResult: success, version: HTTP/1.1, content: EmptyByteBufBE)
DELETE /session/fee943288a8aaf5f004714c1e10a1da6 HTTP/1.1
User-Agent: selenium/4.1.2 (java windows)
Content-Type: application/json; charset=utf-8
host: localhost:54102
accept: */*

Response DefaultHttpResponse(decodeResult: success, version: HTTP/1.1)
HTTP/1.1 200 OK
Content-Type: application/json; charset=utf-8
cache-control: no-cache
content-length: 14

08:35:06.138 [AsyncHttpClient-1-11] DEBUG o.a.netty.channel.ChannelManager - Adding key: http://localhost:54102 for channel [id: 0x25acdc98, L:/127.0.0.1:53293 - R:localhost/127.0.0.1:54102]
08:35:06.186 [AsyncHttpClient-1-11] DEBUG o.a.netty.handler.HttpHandler - Channel Closed: [id: 0x25acdc98, L:/127.0.0.1:53293 ! R:localhost/127.0.0.1:54102] with attribute DISCARD
08:35:06.729 [main] INFO   - 
  _____   ___   ___   _____     ___     _     ___   ___   ___   ___  
 |_   _| | __| / __| |_   _|   | _ \   /_\   / __| / __| | __| |   \ 
   | |   | _|  \__ \   | |     |  _/  / _ \  \__ \ \__ \ | _|  | |) |
   |_|   |___| |___/   |_|     |_|   /_/ \_\ |___/ |___/ |___| |___/ 

Login fail possible combinations
----------------------------------------------------------------------
]]></system-out>
    <system-err><![CDATA[Starting ChromeDriver 99.0.4844.51 (d537ec02474b5afe23684e7963d538896c63ac77-refs/branch-heads/4844@{#875}) on port 54102
Only local connections are allowed.
Please see https://chromedriver.chromium.org/security-considerations for suggestions on keeping ChromeDriver safe.
ChromeDriver was started successfully.
Mar 29, 2022 8:34:30 AM org.openqa.selenium.remote.ProtocolHandshake createSession
INFO: Detected dialect: W3C
Mar 29, 2022 8:34:30 AM org.openqa.selenium.devtools.CdpVersionFinder findNearestMatch
WARNING: Unable to find an exact match for CDP version 99, so returning the closest version found: 96
Mar 29, 2022 8:34:30 AM org.openqa.selenium.devtools.CdpVersionFinder findNearestMatch
INFO: Found CDP implementation for version 99 of 96
ERROR StatusLogger Log4j2 could not find a logging implementation. Please add log4j-core to the classpath. Using SimpleLogger to log to the console...
]]></system-err>
  </testcase>
  <testcase name="Login to PEGA Site using Author, Manager and User" classname="Validate And Verify Login Page to PEGA Site" time="36.027">
    <system-out><![CDATA[08:35:06.730 [main] INFO  i.c.core.plugin.SerenityReporter - Running feature from file:///Z:/Automation/JavaCucumber/BDD_HCL/CucumberHCL/src/main/resources/AppFeatures/ValidateAndVerifyLoginPage.feature
08:35:06.730 [main] WARN  i.c.core.plugin.SerenityReporter - Feature from file:///Z:/Automation/JavaCucumber/BDD_HCL/CucumberHCL/src/main/resources/AppFeatures/ValidateAndVerifyLoginPage.feature is not under the 'features' directory. Requirements report will not be correctly generated!
08:35:06.732 [main] DEBUG n.thucydides.core.steps.StepEventBus - Test suite started for story net.thucydides.core.model.Story@7f1849ba
08:35:06.733 [main] INFO   - Test Suite Started: Validate And Verify Login Page to PEGA Site

@All @Smoke @Test1
Scenario: Login to PEGA Site using Author, Manager and User                                            &amp#27;[90m# src/main/resources/AppFeatures/ValidateAndVerifyLoginPage.feature:19&amp#27;[0m
08:35:06.743 [main] INFO  i.c.core.plugin.SerenityReporter - Running feature from file:///Z:/Automation/JavaCucumber/BDD_HCL/CucumberHCL/src/main/resources/AppFeatures/ValidateAndVerifyLoginPage.feature
08:35:06.743 [main] WARN  i.c.core.plugin.SerenityReporter - Feature from file:///Z:/Automation/JavaCucumber/BDD_HCL/CucumberHCL/src/main/resources/AppFeatures/ValidateAndVerifyLoginPage.feature is not under the 'features' directory. Requirements report will not be correctly generated!
08:35:06.744 [main] INFO   - 
  _____   ___   ___   _____     ___   _____     _     ___   _____   ___   ___  
 |_   _| | __| / __| |_   _|   / __| |_   _|   /_\   | _ \ |_   _| | __| |   \ 
   | |   | _|  \__ \   | |     \__ \   | |    / _ \  |   /   | |   | _|  | |) |
   |_|   |___| |___/   |_|     |___/   |_|   /_/ \_\ |_|_\   |_|   |___| |___/ 

Login to PEGA Site using Author, Manager and User(validate-and-verify-login-page-to-pega-site;login-to-pega-site-using-author--manager-and-user)
--------------------------------------------------------------------------------
DEBUG [main] (apphooks.java:34) - Set up Browser
DEBUG [main] (apphooks.java:34)- Set up Browser
08:35:06.751 [main] DEBUG com.pages.drivers.DriversFactory - Initialize Driver Browser Configuration
08:35:06.751 [main] DEBUG com.pages.drivers.DriversFactory -  Driver Browser : chrome
08:35:06.760 [main] DEBUG i.g.bonigarcia.wdm.WebDriverManager - Driver chromedriver 99.0.4844.51 found in cache
08:35:06.761 [main] INFO  i.g.bonigarcia.wdm.WebDriverManager - Exporting webdriver.chrome.driver as C:\Users\DheyClaveria\.cache\selenium\chromedriver\win32\99.0.4844.51\chromedriver.exe
08:35:06.834 [AsyncHttpClient-1-1] DEBUG o.a.netty.channel.DefaultChannelPool - Entry count for : http://localhost:53294 : 1
08:35:06.834 [AsyncHttpClient-1-1] DEBUG o.a.netty.channel.DefaultChannelPool - Entry count for : http://localhost:54102 : 1
08:35:06.834 [AsyncHttpClient-1-1] DEBUG o.a.netty.channel.DefaultChannelPool - Adding Candidate expired Channel [id: 0xa58eba54, L:/127.0.0.1:53300 ! R:localhost/127.0.0.1:53294] isIdleTimeoutExpired=false isRemotelyClosed=true isTtlExpired=false
08:35:06.834 [AsyncHttpClient-1-1] DEBUG o.a.netty.channel.DefaultChannelPool - Closing Idle Channel [id: 0xa58eba54, L:/127.0.0.1:53300 ! R:localhost/127.0.0.1:53294]
08:35:06.834 [AsyncHttpClient-1-1] DEBUG o.a.netty.channel.DefaultChannelPool - Adding Candidate expired Channel [id: 0x25acdc98, L:/127.0.0.1:53293 ! R:localhost/127.0.0.1:54102] isIdleTimeoutExpired=false isRemotelyClosed=true isTtlExpired=false
08:35:06.834 [AsyncHttpClient-1-1] DEBUG o.a.netty.channel.DefaultChannelPool - Closing Idle Channel [id: 0x25acdc98, L:/127.0.0.1:53293 ! R:localhost/127.0.0.1:54102]
08:35:06.834 [AsyncHttpClient-1-1] DEBUG o.a.netty.channel.DefaultChannelPool - Closed 2 connections out of 2 in 0 ms
08:35:07.298 [AsyncHttpClient-1-14] DEBUG o.a.n.channel.NettyConnectListener - Using new Channel '[id: 0x67dcdc07, L:/127.0.0.1:53358 - R:localhost/127.0.0.1:64833]' for 'POST' to '/session'
08:35:08.119 [AsyncHttpClient-1-14] DEBUG o.a.netty.handler.HttpHandler - 

Request DefaultHttpRequest(decodeResult: success, version: HTTP/1.1)
POST /session HTTP/1.1
User-Agent: selenium/4.1.2 (java windows)
Content-Length: 365
Content-Type: application/json; charset=utf-8
host: localhost:64833
accept: */*

Response DefaultHttpResponse(decodeResult: success, version: HTTP/1.1)
HTTP/1.1 200 OK
Content-Type: application/json; charset=utf-8
cache-control: no-cache
content-length: 795

08:35:08.120 [AsyncHttpClient-1-14] DEBUG o.a.netty.channel.ChannelManager - Adding key: http://localhost:64833 for channel [id: 0x67dcdc07, L:/127.0.0.1:53358 - R:localhost/127.0.0.1:64833]
08:35:08.127 [AsyncHttpClient-1-15] DEBUG o.a.n.channel.NettyConnectListener - Using new Channel '[id: 0x44bebe30, L:/127.0.0.1:53367 - R:localhost/127.0.0.1:53360]' for 'GET' to '/json/version'
08:35:08.135 [AsyncHttpClient-1-15] DEBUG o.a.netty.handler.HttpHandler - 

Request DefaultFullHttpRequest(decodeResult: success, version: HTTP/1.1, content: EmptyByteBufBE)
GET /json/version HTTP/1.1
User-Agent: selenium/4.1.2 (java windows)
host: localhost:53360
accept: */*

Response DefaultHttpResponse(decodeResult: success, version: HTTP/1.1)
HTTP/1.1 200 OK
Content-Type: application/json; charset=UTF-8
content-length: 423

08:35:08.135 [AsyncHttpClient-1-15] DEBUG o.a.netty.channel.ChannelManager - Adding key: http://localhost:53360 for channel [id: 0x44bebe30, L:/127.0.0.1:53367 - R:localhost/127.0.0.1:53360]
08:35:08.138 [AsyncHttpClient-1-16] DEBUG o.a.n.channel.NettyConnectListener - Using new Channel '[id: 0x8d104b6f, L:/127.0.0.1:53368 - R:localhost/127.0.0.1:53360]' for 'GET' to '/devtools/browser/5508a43d-0a8e-42f8-913a-273717ab2365'
08:35:08.146 [AsyncHttpClient-1-16] DEBUG o.a.netty.handler.WebSocketHandler - 

Request DefaultFullHttpRequest(decodeResult: success, version: HTTP/1.1, content: EmptyByteBufBE)
GET /devtools/browser/5508a43d-0a8e-42f8-913a-273717ab2365 HTTP/1.1
upgrade: websocket
connection: upgrade
sec-websocket-key: XJnElSa7KyK/rgSWCHmuKg==
sec-websocket-version: 13
origin: http://localhost:53360
host: localhost:53360
accept: */*
user-agent: AHC/2.1

Response DefaultHttpResponse(decodeResult: success, version: HTTP/1.1)
HTTP/1.1 101 WebSocket Protocol Handshake
Upgrade: WebSocket
Connection: Upgrade
Sec-WebSocket-Accept: j6Oin8RyeHYxxd7zNe4Oi5XrwqU=

08:35:08.150 [Forwarding deleteAllCookies on session dc227a08a9f1de06a21ec0819f8f57da to remote] DEBUG o.a.netty.request.NettyRequestSender - Using pooled Channel '[id: 0x67dcdc07, L:/127.0.0.1:53358 - R:localhost/127.0.0.1:64833]' for 'DELETE' to 'http://localhost:64833/session/dc227a08a9f1de06a21ec0819f8f57da/cookie'
08:35:08.150 [Forwarding deleteAllCookies on session dc227a08a9f1de06a21ec0819f8f57da to remote] DEBUG o.a.netty.request.NettyRequestSender - Using open Channel [id: 0x67dcdc07, L:/127.0.0.1:53358 - R:localhost/127.0.0.1:64833] for DELETE '/session/dc227a08a9f1de06a21ec0819f8f57da/cookie'
08:35:08.156 [AsyncHttpClient-1-14] DEBUG o.a.netty.handler.HttpHandler - 

Request DefaultFullHttpRequest(decodeResult: success, version: HTTP/1.1, content: EmptyByteBufBE)
DELETE /session/dc227a08a9f1de06a21ec0819f8f57da/cookie HTTP/1.1
User-Agent: selenium/4.1.2 (java windows)
Content-Type: application/json; charset=utf-8
host: localhost:64833
accept: */*

Response DefaultHttpResponse(decodeResult: success, version: HTTP/1.1)
HTTP/1.1 200 OK
Content-Type: application/json; charset=utf-8
cache-control: no-cache
content-length: 14

08:35:08.156 [AsyncHttpClient-1-14] DEBUG o.a.netty.channel.ChannelManager - Adding key: http://localhost:64833 for channel [id: 0x67dcdc07, L:/127.0.0.1:53358 - R:localhost/127.0.0.1:64833]
08:35:08.157 [Forwarding maximizeCurrentWindow on session dc227a08a9f1de06a21ec0819f8f57da to remote] DEBUG o.a.netty.request.NettyRequestSender - Using pooled Channel '[id: 0x67dcdc07, L:/127.0.0.1:53358 - R:localhost/127.0.0.1:64833]' for 'POST' to 'http://localhost:64833/session/dc227a08a9f1de06a21ec0819f8f57da/window/maximize'
08:35:08.157 [Forwarding maximizeCurrentWindow on session dc227a08a9f1de06a21ec0819f8f57da to remote] DEBUG o.a.netty.request.NettyRequestSender - Using open Channel [id: 0x67dcdc07, L:/127.0.0.1:53358 - R:localhost/127.0.0.1:64833] for POST '/session/dc227a08a9f1de06a21ec0819f8f57da/window/maximize'
08:35:08.280 [AsyncHttpClient-1-14] DEBUG o.a.netty.handler.HttpHandler - 

Request DefaultHttpRequest(decodeResult: success, version: HTTP/1.1)
POST /session/dc227a08a9f1de06a21ec0819f8f57da/window/maximize HTTP/1.1
User-Agent: selenium/4.1.2 (java windows)
Content-Length: 3
Content-Type: application/json; charset=utf-8
host: localhost:64833
accept: */*

Response DefaultHttpResponse(decodeResult: success, version: HTTP/1.1)
HTTP/1.1 200 OK
Content-Type: application/json; charset=utf-8
cache-control: no-cache
content-length: 52

08:35:08.280 [AsyncHttpClient-1-14] DEBUG o.a.netty.channel.ChannelManager - Adding key: http://localhost:64833 for channel [id: 0x67dcdc07, L:/127.0.0.1:53358 - R:localhost/127.0.0.1:64833]
08:35:08.285 [Forwarding get on session dc227a08a9f1de06a21ec0819f8f57da to remote] DEBUG o.a.netty.request.NettyRequestSender - Using pooled Channel '[id: 0x67dcdc07, L:/127.0.0.1:53358 - R:localhost/127.0.0.1:64833]' for 'POST' to 'http://localhost:64833/session/dc227a08a9f1de06a21ec0819f8f57da/url'
08:35:08.285 [Forwarding get on session dc227a08a9f1de06a21ec0819f8f57da to remote] DEBUG o.a.netty.request.NettyRequestSender - Using open Channel [id: 0x67dcdc07, L:/127.0.0.1:53358 - R:localhost/127.0.0.1:64833] for POST '/session/dc227a08a9f1de06a21ec0819f8f57da/url'
08:35:08.442 [AsyncHttpClient-1-14] DEBUG o.a.netty.handler.HttpHandler - 

Request DefaultHttpRequest(decodeResult: success, version: HTTP/1.1)
POST /session/dc227a08a9f1de06a21ec0819f8f57da/url HTTP/1.1
User-Agent: selenium/4.1.2 (java windows)
Content-Length: 148
Content-Type: application/json; charset=utf-8
host: localhost:64833
accept: */*

Response DefaultHttpResponse(decodeResult: success, version: HTTP/1.1)
HTTP/1.1 200 OK
Content-Type: application/json; charset=utf-8
cache-control: no-cache
content-length: 14

08:35:08.442 [AsyncHttpClient-1-14] DEBUG o.a.netty.channel.ChannelManager - Adding key: http://localhost:64833 for channel [id: 0x67dcdc07, L:/127.0.0.1:53358 - R:localhost/127.0.0.1:64833]
08:35:08.443 [Forwarding getTitle on session dc227a08a9f1de06a21ec0819f8f57da to remote] DEBUG o.a.netty.request.NettyRequestSender - Using pooled Channel '[id: 0x67dcdc07, L:/127.0.0.1:53358 - R:localhost/127.0.0.1:64833]' for 'GET' to 'http://localhost:64833/session/dc227a08a9f1de06a21ec0819f8f57da/title'
08:35:08.444 [Forwarding getTitle on session dc227a08a9f1de06a21ec0819f8f57da to remote] DEBUG o.a.netty.request.NettyRequestSender - Using open Channel [id: 0x67dcdc07, L:/127.0.0.1:53358 - R:localhost/127.0.0.1:64833] for GET '/session/dc227a08a9f1de06a21ec0819f8f57da/title'
08:35:08.452 [AsyncHttpClient-1-14] DEBUG o.a.netty.handler.HttpHandler - 

Request DefaultFullHttpRequest(decodeResult: success, version: HTTP/1.1, content: EmptyByteBufBE)
GET /session/dc227a08a9f1de06a21ec0819f8f57da/title HTTP/1.1
User-Agent: selenium/4.1.2 (java windows)
Cache-Control: no-cache
Content-Type: application/json; charset=utf-8
host: localhost:64833
accept: */*

Response DefaultHttpResponse(decodeResult: success, version: HTTP/1.1)
HTTP/1.1 200 OK
Content-Type: application/json; charset=utf-8
cache-control: no-cache
content-length: 22

08:35:08.453 [AsyncHttpClient-1-14] DEBUG o.a.netty.channel.ChannelManager - Adding key: http://localhost:64833 for channel [id: 0x67dcdc07, L:/127.0.0.1:53358 - R:localhost/127.0.0.1:64833]
DEBUG [main] (BaseClass.java:37) - verifyApplication: 'Login Page' 
DEBUG [main] (BaseClass.java:37)- verifyApplication: 'Login Page' 
08:35:08.455 [Forwarding getTitle on session dc227a08a9f1de06a21ec0819f8f57da to remote] DEBUG o.a.netty.request.NettyRequestSender - Using pooled Channel '[id: 0x67dcdc07, L:/127.0.0.1:53358 - R:localhost/127.0.0.1:64833]' for 'GET' to 'http://localhost:64833/session/dc227a08a9f1de06a21ec0819f8f57da/title'
08:35:08.455 [Forwarding getTitle on session dc227a08a9f1de06a21ec0819f8f57da to remote] DEBUG o.a.netty.request.NettyRequestSender - Using open Channel [id: 0x67dcdc07, L:/127.0.0.1:53358 - R:localhost/127.0.0.1:64833] for GET '/session/dc227a08a9f1de06a21ec0819f8f57da/title'
08:35:08.461 [AsyncHttpClient-1-14] DEBUG o.a.netty.handler.HttpHandler - 

Request DefaultFullHttpRequest(decodeResult: success, version: HTTP/1.1, content: EmptyByteBufBE)
GET /session/dc227a08a9f1de06a21ec0819f8f57da/title HTTP/1.1
User-Agent: selenium/4.1.2 (java windows)
Cache-Control: no-cache
Content-Type: application/json; charset=utf-8
host: localhost:64833
accept: */*

Response DefaultHttpResponse(decodeResult: success, version: HTTP/1.1)
HTTP/1.1 200 OK
Content-Type: application/json; charset=utf-8
cache-control: no-cache
content-length: 22

08:35:08.462 [AsyncHttpClient-1-14] DEBUG o.a.netty.channel.ChannelManager - Adding key: http://localhost:64833 for channel [id: 0x67dcdc07, L:/127.0.0.1:53358 - R:localhost/127.0.0.1:64833]
08:35:09.030 [AsyncHttpClient-1-1] DEBUG o.a.netty.channel.DefaultChannelPool - Entry count for : http://localhost:64833 : 1
08:35:09.030 [AsyncHttpClient-1-1] DEBUG o.a.netty.channel.DefaultChannelPool - Entry count for : http://localhost:53360 : 1
08:35:10.143 [AsyncHttpClient-1-1] DEBUG o.a.netty.channel.DefaultChannelPool - Entry count for : http://localhost:64833 : 1
08:35:10.143 [AsyncHttpClient-1-1] DEBUG o.a.netty.channel.DefaultChannelPool - Entry count for : http://localhost:53360 : 1
08:35:11.232 [AsyncHttpClient-1-1] DEBUG o.a.netty.channel.DefaultChannelPool - Entry count for : http://localhost:64833 : 1
08:35:11.232 [AsyncHttpClient-1-1] DEBUG o.a.netty.channel.DefaultChannelPool - Entry count for : http://localhost:53360 : 1
08:35:12.342 [AsyncHttpClient-1-1] DEBUG o.a.netty.channel.DefaultChannelPool - Entry count for : http://localhost:64833 : 1
08:35:12.342 [AsyncHttpClient-1-1] DEBUG o.a.netty.channel.DefaultChannelPool - Entry count for : http://localhost:53360 : 1
08:35:13.439 [AsyncHttpClient-1-1] DEBUG o.a.netty.channel.DefaultChannelPool - Entry count for : http://localhost:64833 : 1
08:35:13.439 [AsyncHttpClient-1-1] DEBUG o.a.netty.channel.DefaultChannelPool - Entry count for : http://localhost:53360 : 1
  &amp#27;[32mGiven &amp#27;[0m&amp#27;[32mthat the user should navigate in PEGA Login Page&amp#27;[0m                                               &amp#27;[90m# stepdefinitions.LoginPageSteps.that_the_user_should_navigate_in_pega_login_page()&amp#27;[0m
DEBUG [main] (LoginPage.java:44) - verifyPageElements : Current Element = 'By.xpath: //div[@id="credentials"]//div[@class="field user"]//input' 
DEBUG [main] (LoginPage.java:44)- verifyPageElements : Current Element = 'By.xpath: //div[@id="credentials"]//div[@class="field user"]//input' 
08:35:13.474 [Forwarding findElement on session dc227a08a9f1de06a21ec0819f8f57da to remote] DEBUG o.a.netty.request.NettyRequestSender - Using pooled Channel '[id: 0x67dcdc07, L:/127.0.0.1:53358 - R:localhost/127.0.0.1:64833]' for 'POST' to 'http://localhost:64833/session/dc227a08a9f1de06a21ec0819f8f57da/element'
08:35:13.474 [Forwarding findElement on session dc227a08a9f1de06a21ec0819f8f57da to remote] DEBUG o.a.netty.request.NettyRequestSender - Using open Channel [id: 0x67dcdc07, L:/127.0.0.1:53358 - R:localhost/127.0.0.1:64833] for POST '/session/dc227a08a9f1de06a21ec0819f8f57da/element'
08:35:13.494 [AsyncHttpClient-1-14] DEBUG o.a.netty.handler.HttpHandler - 

Request DefaultHttpRequest(decodeResult: success, version: HTTP/1.1)
POST /session/dc227a08a9f1de06a21ec0819f8f57da/element HTTP/1.1
User-Agent: selenium/4.1.2 (java windows)
Content-Length: 128
Content-Type: application/json; charset=utf-8
host: localhost:64833
accept: */*

Response DefaultHttpResponse(decodeResult: success, version: HTTP/1.1)
HTTP/1.1 200 OK
Content-Type: application/json; charset=utf-8
cache-control: no-cache
content-length: 88

08:35:13.494 [AsyncHttpClient-1-14] DEBUG o.a.netty.channel.ChannelManager - Adding key: http://localhost:64833 for channel [id: 0x67dcdc07, L:/127.0.0.1:53358 - R:localhost/127.0.0.1:64833]
08:35:13.500 [Forwarding isElementDisplayed on session dc227a08a9f1de06a21ec0819f8f57da to remote] DEBUG o.a.netty.request.NettyRequestSender - Using pooled Channel '[id: 0x67dcdc07, L:/127.0.0.1:53358 - R:localhost/127.0.0.1:64833]' for 'POST' to 'http://localhost:64833/session/dc227a08a9f1de06a21ec0819f8f57da/execute/sync'
08:35:13.501 [Forwarding isElementDisplayed on session dc227a08a9f1de06a21ec0819f8f57da to remote] DEBUG o.a.netty.request.NettyRequestSender - Using open Channel [id: 0x67dcdc07, L:/127.0.0.1:53358 - R:localhost/127.0.0.1:64833] for POST '/session/dc227a08a9f1de06a21ec0819f8f57da/execute/sync'
08:35:13.531 [AsyncHttpClient-1-14] DEBUG o.a.netty.handler.HttpHandler - 

Request DefaultHttpRequest(decodeResult: success, version: HTTP/1.1)
POST /session/dc227a08a9f1de06a21ec0819f8f57da/execute/sync HTTP/1.1
User-Agent: selenium/4.1.2 (java windows)
Content-Length: 48780
Content-Type: application/json; charset=utf-8
host: localhost:64833
accept: */*

Response DefaultHttpResponse(decodeResult: success, version: HTTP/1.1)
HTTP/1.1 200 OK
Content-Type: application/json; charset=utf-8
cache-control: no-cache
content-length: 14

08:35:13.531 [AsyncHttpClient-1-14] DEBUG o.a.netty.channel.ChannelManager - Adding key: http://localhost:64833 for channel [id: 0x67dcdc07, L:/127.0.0.1:53358 - R:localhost/127.0.0.1:64833]
08:35:13.533 [Forwarding findElement on session dc227a08a9f1de06a21ec0819f8f57da to remote] DEBUG o.a.netty.request.NettyRequestSender - Using pooled Channel '[id: 0x67dcdc07, L:/127.0.0.1:53358 - R:localhost/127.0.0.1:64833]' for 'POST' to 'http://localhost:64833/session/dc227a08a9f1de06a21ec0819f8f57da/element'
08:35:13.533 [Forwarding findElement on session dc227a08a9f1de06a21ec0819f8f57da to remote] DEBUG o.a.netty.request.NettyRequestSender - Using open Channel [id: 0x67dcdc07, L:/127.0.0.1:53358 - R:localhost/127.0.0.1:64833] for POST '/session/dc227a08a9f1de06a21ec0819f8f57da/element'
08:35:13.542 [AsyncHttpClient-1-14] DEBUG o.a.netty.handler.HttpHandler - 

Request DefaultHttpRequest(decodeResult: success, version: HTTP/1.1)
POST /session/dc227a08a9f1de06a21ec0819f8f57da/element HTTP/1.1
User-Agent: selenium/4.1.2 (java windows)
Content-Length: 128
Content-Type: application/json; charset=utf-8
host: localhost:64833
accept: */*

Response DefaultHttpResponse(decodeResult: success, version: HTTP/1.1)
HTTP/1.1 200 OK
Content-Type: application/json; charset=utf-8
cache-control: no-cache
content-length: 88

08:35:13.543 [AsyncHttpClient-1-14] DEBUG o.a.netty.channel.ChannelManager - Adding key: http://localhost:64833 for channel [id: 0x67dcdc07, L:/127.0.0.1:53358 - R:localhost/127.0.0.1:64833]
08:35:13.549 [Forwarding isElementDisplayed on session dc227a08a9f1de06a21ec0819f8f57da to remote] DEBUG o.a.netty.request.NettyRequestSender - Using pooled Channel '[id: 0x67dcdc07, L:/127.0.0.1:53358 - R:localhost/127.0.0.1:64833]' for 'POST' to 'http://localhost:64833/session/dc227a08a9f1de06a21ec0819f8f57da/execute/sync'
08:35:13.549 [Forwarding isElementDisplayed on session dc227a08a9f1de06a21ec0819f8f57da to remote] DEBUG o.a.netty.request.NettyRequestSender - Using open Channel [id: 0x67dcdc07, L:/127.0.0.1:53358 - R:localhost/127.0.0.1:64833] for POST '/session/dc227a08a9f1de06a21ec0819f8f57da/execute/sync'
08:35:13.567 [AsyncHttpClient-1-14] DEBUG o.a.netty.handler.HttpHandler - 

Request DefaultHttpRequest(decodeResult: success, version: HTTP/1.1)
POST /session/dc227a08a9f1de06a21ec0819f8f57da/execute/sync HTTP/1.1
User-Agent: selenium/4.1.2 (java windows)
Content-Length: 48780
Content-Type: application/json; charset=utf-8
host: localhost:64833
accept: */*

Response DefaultHttpResponse(decodeResult: success, version: HTTP/1.1)
HTTP/1.1 200 OK
Content-Type: application/json; charset=utf-8
cache-control: no-cache
content-length: 14

08:35:13.567 [AsyncHttpClient-1-14] DEBUG o.a.netty.channel.ChannelManager - Adding key: http://localhost:64833 for channel [id: 0x67dcdc07, L:/127.0.0.1:53358 - R:localhost/127.0.0.1:64833]
08:35:13.569 [Forwarding findElement on session dc227a08a9f1de06a21ec0819f8f57da to remote] DEBUG o.a.netty.request.NettyRequestSender - Using pooled Channel '[id: 0x67dcdc07, L:/127.0.0.1:53358 - R:localhost/127.0.0.1:64833]' for 'POST' to 'http://localhost:64833/session/dc227a08a9f1de06a21ec0819f8f57da/element'
08:35:13.569 [Forwarding findElement on session dc227a08a9f1de06a21ec0819f8f57da to remote] DEBUG o.a.netty.request.NettyRequestSender - Using open Channel [id: 0x67dcdc07, L:/127.0.0.1:53358 - R:localhost/127.0.0.1:64833] for POST '/session/dc227a08a9f1de06a21ec0819f8f57da/element'
08:35:13.580 [AsyncHttpClient-1-14] DEBUG o.a.netty.handler.HttpHandler - 

Request DefaultHttpRequest(decodeResult: success, version: HTTP/1.1)
POST /session/dc227a08a9f1de06a21ec0819f8f57da/element HTTP/1.1
User-Agent: selenium/4.1.2 (java windows)
Content-Length: 128
Content-Type: application/json; charset=utf-8
host: localhost:64833
accept: */*

Response DefaultHttpResponse(decodeResult: success, version: HTTP/1.1)
HTTP/1.1 200 OK
Content-Type: application/json; charset=utf-8
cache-control: no-cache
content-length: 88

08:35:13.580 [AsyncHttpClient-1-14] DEBUG o.a.netty.channel.ChannelManager - Adding key: http://localhost:64833 for channel [id: 0x67dcdc07, L:/127.0.0.1:53358 - R:localhost/127.0.0.1:64833]
08:35:13.582 [Forwarding isElementEnabled on session dc227a08a9f1de06a21ec0819f8f57da to remote] DEBUG o.a.netty.request.NettyRequestSender - Using pooled Channel '[id: 0x67dcdc07, L:/127.0.0.1:53358 - R:localhost/127.0.0.1:64833]' for 'GET' to 'http://localhost:64833/session/dc227a08a9f1de06a21ec0819f8f57da/element/36f07b40-9aea-4c52-a7f5-ead6e706b04a/enabled'
08:35:13.582 [Forwarding isElementEnabled on session dc227a08a9f1de06a21ec0819f8f57da to remote] DEBUG o.a.netty.request.NettyRequestSender - Using open Channel [id: 0x67dcdc07, L:/127.0.0.1:53358 - R:localhost/127.0.0.1:64833] for GET '/session/dc227a08a9f1de06a21ec0819f8f57da/element/36f07b40-9aea-4c52-a7f5-ead6e706b04a/enabled'
08:35:13.594 [AsyncHttpClient-1-14] DEBUG o.a.netty.handler.HttpHandler - 

Request DefaultFullHttpRequest(decodeResult: success, version: HTTP/1.1, content: EmptyByteBufBE)
GET /session/dc227a08a9f1de06a21ec0819f8f57da/element/36f07b40-9aea-4c52-a7f5-ead6e706b04a/enabled HTTP/1.1
User-Agent: selenium/4.1.2 (java windows)
Cache-Control: no-cache
Content-Type: application/json; charset=utf-8
host: localhost:64833
accept: */*

Response DefaultHttpResponse(decodeResult: success, version: HTTP/1.1)
HTTP/1.1 200 OK
Content-Type: application/json; charset=utf-8
cache-control: no-cache
content-length: 14

08:35:13.594 [AsyncHttpClient-1-14] DEBUG o.a.netty.channel.ChannelManager - Adding key: http://localhost:64833 for channel [id: 0x67dcdc07, L:/127.0.0.1:53358 - R:localhost/127.0.0.1:64833]
DEBUG [main] (LoginPage.java:44) - verifyPageElements : Current Element = 'By.xpath: //div[@id="credentials"]//div[@class="field password"]//input' 
DEBUG [main] (LoginPage.java:44)- verifyPageElements : Current Element = 'By.xpath: //div[@id="credentials"]//div[@class="field password"]//input' 
08:35:13.596 [Forwarding findElement on session dc227a08a9f1de06a21ec0819f8f57da to remote] DEBUG o.a.netty.request.NettyRequestSender - Using pooled Channel '[id: 0x67dcdc07, L:/127.0.0.1:53358 - R:localhost/127.0.0.1:64833]' for 'POST' to 'http://localhost:64833/session/dc227a08a9f1de06a21ec0819f8f57da/element'
08:35:13.597 [Forwarding findElement on session dc227a08a9f1de06a21ec0819f8f57da to remote] DEBUG o.a.netty.request.NettyRequestSender - Using open Channel [id: 0x67dcdc07, L:/127.0.0.1:53358 - R:localhost/127.0.0.1:64833] for POST '/session/dc227a08a9f1de06a21ec0819f8f57da/element'
08:35:13.613 [AsyncHttpClient-1-14] DEBUG o.a.netty.handler.HttpHandler - 

Request DefaultHttpRequest(decodeResult: success, version: HTTP/1.1)
POST /session/dc227a08a9f1de06a21ec0819f8f57da/element HTTP/1.1
User-Agent: selenium/4.1.2 (java windows)
Content-Length: 132
Content-Type: application/json; charset=utf-8
host: localhost:64833
accept: */*

Response DefaultHttpResponse(decodeResult: success, version: HTTP/1.1)
HTTP/1.1 200 OK
Content-Type: application/json; charset=utf-8
cache-control: no-cache
content-length: 88

08:35:13.614 [AsyncHttpClient-1-14] DEBUG o.a.netty.channel.ChannelManager - Adding key: http://localhost:64833 for channel [id: 0x67dcdc07, L:/127.0.0.1:53358 - R:localhost/127.0.0.1:64833]
08:35:13.619 [Forwarding isElementDisplayed on session dc227a08a9f1de06a21ec0819f8f57da to remote] DEBUG o.a.netty.request.NettyRequestSender - Using pooled Channel '[id: 0x67dcdc07, L:/127.0.0.1:53358 - R:localhost/127.0.0.1:64833]' for 'POST' to 'http://localhost:64833/session/dc227a08a9f1de06a21ec0819f8f57da/execute/sync'
08:35:13.619 [Forwarding isElementDisplayed on session dc227a08a9f1de06a21ec0819f8f57da to remote] DEBUG o.a.netty.request.NettyRequestSender - Using open Channel [id: 0x67dcdc07, L:/127.0.0.1:53358 - R:localhost/127.0.0.1:64833] for POST '/session/dc227a08a9f1de06a21ec0819f8f57da/execute/sync'
08:35:13.632 [AsyncHttpClient-1-14] DEBUG o.a.netty.handler.HttpHandler - 

Request DefaultHttpRequest(decodeResult: success, version: HTTP/1.1)
POST /session/dc227a08a9f1de06a21ec0819f8f57da/execute/sync HTTP/1.1
User-Agent: selenium/4.1.2 (java windows)
Content-Length: 48780
Content-Type: application/json; charset=utf-8
host: localhost:64833
accept: */*

Response DefaultHttpResponse(decodeResult: success, version: HTTP/1.1)
HTTP/1.1 200 OK
Content-Type: application/json; charset=utf-8
cache-control: no-cache
content-length: 14

08:35:13.632 [AsyncHttpClient-1-14] DEBUG o.a.netty.channel.ChannelManager - Adding key: http://localhost:64833 for channel [id: 0x67dcdc07, L:/127.0.0.1:53358 - R:localhost/127.0.0.1:64833]
08:35:13.634 [Forwarding findElement on session dc227a08a9f1de06a21ec0819f8f57da to remote] DEBUG o.a.netty.request.NettyRequestSender - Using pooled Channel '[id: 0x67dcdc07, L:/127.0.0.1:53358 - R:localhost/127.0.0.1:64833]' for 'POST' to 'http://localhost:64833/session/dc227a08a9f1de06a21ec0819f8f57da/element'
08:35:13.634 [Forwarding findElement on session dc227a08a9f1de06a21ec0819f8f57da to remote] DEBUG o.a.netty.request.NettyRequestSender - Using open Channel [id: 0x67dcdc07, L:/127.0.0.1:53358 - R:localhost/127.0.0.1:64833] for POST '/session/dc227a08a9f1de06a21ec0819f8f57da/element'
08:35:13.644 [AsyncHttpClient-1-14] DEBUG o.a.netty.handler.HttpHandler - 

Request DefaultHttpRequest(decodeResult: success, version: HTTP/1.1)
POST /session/dc227a08a9f1de06a21ec0819f8f57da/element HTTP/1.1
User-Agent: selenium/4.1.2 (java windows)
Content-Length: 132
Content-Type: application/json; charset=utf-8
host: localhost:64833
accept: */*

Response DefaultHttpResponse(decodeResult: success, version: HTTP/1.1)
HTTP/1.1 200 OK
Content-Type: application/json; charset=utf-8
cache-control: no-cache
content-length: 88

08:35:13.644 [AsyncHttpClient-1-14] DEBUG o.a.netty.channel.ChannelManager - Adding key: http://localhost:64833 for channel [id: 0x67dcdc07, L:/127.0.0.1:53358 - R:localhost/127.0.0.1:64833]
08:35:13.650 [Forwarding isElementDisplayed on session dc227a08a9f1de06a21ec0819f8f57da to remote] DEBUG o.a.netty.request.NettyRequestSender - Using pooled Channel '[id: 0x67dcdc07, L:/127.0.0.1:53358 - R:localhost/127.0.0.1:64833]' for 'POST' to 'http://localhost:64833/session/dc227a08a9f1de06a21ec0819f8f57da/execute/sync'
08:35:13.650 [Forwarding isElementDisplayed on session dc227a08a9f1de06a21ec0819f8f57da to remote] DEBUG o.a.netty.request.NettyRequestSender - Using open Channel [id: 0x67dcdc07, L:/127.0.0.1:53358 - R:localhost/127.0.0.1:64833] for POST '/session/dc227a08a9f1de06a21ec0819f8f57da/execute/sync'
08:35:13.665 [AsyncHttpClient-1-14] DEBUG o.a.netty.handler.HttpHandler - 

Request DefaultHttpRequest(decodeResult: success, version: HTTP/1.1)
POST /session/dc227a08a9f1de06a21ec0819f8f57da/execute/sync HTTP/1.1
User-Agent: selenium/4.1.2 (java windows)
Content-Length: 48780
Content-Type: application/json; charset=utf-8
host: localhost:64833
accept: */*

Response DefaultHttpResponse(decodeResult: success, version: HTTP/1.1)
HTTP/1.1 200 OK
Content-Type: application/json; charset=utf-8
cache-control: no-cache
content-length: 14

08:35:13.665 [AsyncHttpClient-1-14] DEBUG o.a.netty.channel.ChannelManager - Adding key: http://localhost:64833 for channel [id: 0x67dcdc07, L:/127.0.0.1:53358 - R:localhost/127.0.0.1:64833]
08:35:13.667 [Forwarding findElement on session dc227a08a9f1de06a21ec0819f8f57da to remote] DEBUG o.a.netty.request.NettyRequestSender - Using pooled Channel '[id: 0x67dcdc07, L:/127.0.0.1:53358 - R:localhost/127.0.0.1:64833]' for 'POST' to 'http://localhost:64833/session/dc227a08a9f1de06a21ec0819f8f57da/element'
08:35:13.667 [Forwarding findElement on session dc227a08a9f1de06a21ec0819f8f57da to remote] DEBUG o.a.netty.request.NettyRequestSender - Using open Channel [id: 0x67dcdc07, L:/127.0.0.1:53358 - R:localhost/127.0.0.1:64833] for POST '/session/dc227a08a9f1de06a21ec0819f8f57da/element'
08:35:13.675 [AsyncHttpClient-1-14] DEBUG o.a.netty.handler.HttpHandler - 

Request DefaultHttpRequest(decodeResult: success, version: HTTP/1.1)
POST /session/dc227a08a9f1de06a21ec0819f8f57da/element HTTP/1.1
User-Agent: selenium/4.1.2 (java windows)
Content-Length: 132
Content-Type: application/json; charset=utf-8
host: localhost:64833
accept: */*

Response DefaultHttpResponse(decodeResult: success, version: HTTP/1.1)
HTTP/1.1 200 OK
Content-Type: application/json; charset=utf-8
cache-control: no-cache
content-length: 88

08:35:13.676 [AsyncHttpClient-1-14] DEBUG o.a.netty.channel.ChannelManager - Adding key: http://localhost:64833 for channel [id: 0x67dcdc07, L:/127.0.0.1:53358 - R:localhost/127.0.0.1:64833]
08:35:13.677 [Forwarding isElementEnabled on session dc227a08a9f1de06a21ec0819f8f57da to remote] DEBUG o.a.netty.request.NettyRequestSender - Using pooled Channel '[id: 0x67dcdc07, L:/127.0.0.1:53358 - R:localhost/127.0.0.1:64833]' for 'GET' to 'http://localhost:64833/session/dc227a08a9f1de06a21ec0819f8f57da/element/751b28ee-a44b-4d8c-aa07-06d8a75a76d7/enabled'
08:35:13.678 [Forwarding isElementEnabled on session dc227a08a9f1de06a21ec0819f8f57da to remote] DEBUG o.a.netty.request.NettyRequestSender - Using open Channel [id: 0x67dcdc07, L:/127.0.0.1:53358 - R:localhost/127.0.0.1:64833] for GET '/session/dc227a08a9f1de06a21ec0819f8f57da/element/751b28ee-a44b-4d8c-aa07-06d8a75a76d7/enabled'
08:35:13.689 [AsyncHttpClient-1-14] DEBUG o.a.netty.handler.HttpHandler - 

Request DefaultFullHttpRequest(decodeResult: success, version: HTTP/1.1, content: EmptyByteBufBE)
GET /session/dc227a08a9f1de06a21ec0819f8f57da/element/751b28ee-a44b-4d8c-aa07-06d8a75a76d7/enabled HTTP/1.1
User-Agent: selenium/4.1.2 (java windows)
Cache-Control: no-cache
Content-Type: application/json; charset=utf-8
host: localhost:64833
accept: */*

Response DefaultHttpResponse(decodeResult: success, version: HTTP/1.1)
HTTP/1.1 200 OK
Content-Type: application/json; charset=utf-8
cache-control: no-cache
content-length: 14

08:35:13.690 [AsyncHttpClient-1-14] DEBUG o.a.netty.channel.ChannelManager - Adding key: http://localhost:64833 for channel [id: 0x67dcdc07, L:/127.0.0.1:53358 - R:localhost/127.0.0.1:64833]
DEBUG [main] (LoginPage.java:44) - verifyPageElements : Current Element = 'By.xpath: //div[@id="credentials"]//button[contains(@class,"loginButton")]' 
DEBUG [main] (LoginPage.java:44)- verifyPageElements : Current Element = 'By.xpath: //div[@id="credentials"]//button[contains(@class,"loginButton")]' 
08:35:13.692 [Forwarding findElement on session dc227a08a9f1de06a21ec0819f8f57da to remote] DEBUG o.a.netty.request.NettyRequestSender - Using pooled Channel '[id: 0x67dcdc07, L:/127.0.0.1:53358 - R:localhost/127.0.0.1:64833]' for 'POST' to 'http://localhost:64833/session/dc227a08a9f1de06a21ec0819f8f57da/element'
08:35:13.692 [Forwarding findElement on session dc227a08a9f1de06a21ec0819f8f57da to remote] DEBUG o.a.netty.request.NettyRequestSender - Using open Channel [id: 0x67dcdc07, L:/127.0.0.1:53358 - R:localhost/127.0.0.1:64833] for POST '/session/dc227a08a9f1de06a21ec0819f8f57da/element'
08:35:13.708 [AsyncHttpClient-1-14] DEBUG o.a.netty.handler.HttpHandler - 

Request DefaultHttpRequest(decodeResult: success, version: HTTP/1.1)
POST /session/dc227a08a9f1de06a21ec0819f8f57da/element HTTP/1.1
User-Agent: selenium/4.1.2 (java windows)
Content-Length: 125
Content-Type: application/json; charset=utf-8
host: localhost:64833
accept: */*

Response DefaultHttpResponse(decodeResult: success, version: HTTP/1.1)
HTTP/1.1 200 OK
Content-Type: application/json; charset=utf-8
cache-control: no-cache
content-length: 88

08:35:13.709 [AsyncHttpClient-1-14] DEBUG o.a.netty.channel.ChannelManager - Adding key: http://localhost:64833 for channel [id: 0x67dcdc07, L:/127.0.0.1:53358 - R:localhost/127.0.0.1:64833]
08:35:13.715 [Forwarding isElementDisplayed on session dc227a08a9f1de06a21ec0819f8f57da to remote] DEBUG o.a.netty.request.NettyRequestSender - Using pooled Channel '[id: 0x67dcdc07, L:/127.0.0.1:53358 - R:localhost/127.0.0.1:64833]' for 'POST' to 'http://localhost:64833/session/dc227a08a9f1de06a21ec0819f8f57da/execute/sync'
08:35:13.715 [Forwarding isElementDisplayed on session dc227a08a9f1de06a21ec0819f8f57da to remote] DEBUG o.a.netty.request.NettyRequestSender - Using open Channel [id: 0x67dcdc07, L:/127.0.0.1:53358 - R:localhost/127.0.0.1:64833] for POST '/session/dc227a08a9f1de06a21ec0819f8f57da/execute/sync'
08:35:13.728 [AsyncHttpClient-1-14] DEBUG o.a.netty.handler.HttpHandler - 

Request DefaultHttpRequest(decodeResult: success, version: HTTP/1.1)
POST /session/dc227a08a9f1de06a21ec0819f8f57da/execute/sync HTTP/1.1
User-Agent: selenium/4.1.2 (java windows)
Content-Length: 48780
Content-Type: application/json; charset=utf-8
host: localhost:64833
accept: */*

Response DefaultHttpResponse(decodeResult: success, version: HTTP/1.1)
HTTP/1.1 200 OK
Content-Type: application/json; charset=utf-8
cache-control: no-cache
content-length: 14

08:35:13.728 [AsyncHttpClient-1-14] DEBUG o.a.netty.channel.ChannelManager - Adding key: http://localhost:64833 for channel [id: 0x67dcdc07, L:/127.0.0.1:53358 - R:localhost/127.0.0.1:64833]
08:35:13.730 [Forwarding findElement on session dc227a08a9f1de06a21ec0819f8f57da to remote] DEBUG o.a.netty.request.NettyRequestSender - Using pooled Channel '[id: 0x67dcdc07, L:/127.0.0.1:53358 - R:localhost/127.0.0.1:64833]' for 'POST' to 'http://localhost:64833/session/dc227a08a9f1de06a21ec0819f8f57da/element'
08:35:13.730 [Forwarding findElement on session dc227a08a9f1de06a21ec0819f8f57da to remote] DEBUG o.a.netty.request.NettyRequestSender - Using open Channel [id: 0x67dcdc07, L:/127.0.0.1:53358 - R:localhost/127.0.0.1:64833] for POST '/session/dc227a08a9f1de06a21ec0819f8f57da/element'
08:35:13.743 [AsyncHttpClient-1-14] DEBUG o.a.netty.handler.HttpHandler - 

Request DefaultHttpRequest(decodeResult: success, version: HTTP/1.1)
POST /session/dc227a08a9f1de06a21ec0819f8f57da/element HTTP/1.1
User-Agent: selenium/4.1.2 (java windows)
Content-Length: 125
Content-Type: application/json; charset=utf-8
host: localhost:64833
accept: */*

Response DefaultHttpResponse(decodeResult: success, version: HTTP/1.1)
HTTP/1.1 200 OK
Content-Type: application/json; charset=utf-8
cache-control: no-cache
content-length: 88

08:35:13.743 [AsyncHttpClient-1-14] DEBUG o.a.netty.channel.ChannelManager - Adding key: http://localhost:64833 for channel [id: 0x67dcdc07, L:/127.0.0.1:53358 - R:localhost/127.0.0.1:64833]
08:35:13.749 [Forwarding isElementDisplayed on session dc227a08a9f1de06a21ec0819f8f57da to remote] DEBUG o.a.netty.request.NettyRequestSender - Using pooled Channel '[id: 0x67dcdc07, L:/127.0.0.1:53358 - R:localhost/127.0.0.1:64833]' for 'POST' to 'http://localhost:64833/session/dc227a08a9f1de06a21ec0819f8f57da/execute/sync'
08:35:13.749 [Forwarding isElementDisplayed on session dc227a08a9f1de06a21ec0819f8f57da to remote] DEBUG o.a.netty.request.NettyRequestSender - Using open Channel [id: 0x67dcdc07, L:/127.0.0.1:53358 - R:localhost/127.0.0.1:64833] for POST '/session/dc227a08a9f1de06a21ec0819f8f57da/execute/sync'
08:35:13.763 [AsyncHttpClient-1-14] DEBUG o.a.netty.handler.HttpHandler - 

Request DefaultHttpRequest(decodeResult: success, version: HTTP/1.1)
POST /session/dc227a08a9f1de06a21ec0819f8f57da/execute/sync HTTP/1.1
User-Agent: selenium/4.1.2 (java windows)
Content-Length: 48780
Content-Type: application/json; charset=utf-8
host: localhost:64833
accept: */*

Response DefaultHttpResponse(decodeResult: success, version: HTTP/1.1)
HTTP/1.1 200 OK
Content-Type: application/json; charset=utf-8
cache-control: no-cache
content-length: 14

08:35:13.764 [AsyncHttpClient-1-14] DEBUG o.a.netty.channel.ChannelManager - Adding key: http://localhost:64833 for channel [id: 0x67dcdc07, L:/127.0.0.1:53358 - R:localhost/127.0.0.1:64833]
08:35:13.766 [Forwarding findElement on session dc227a08a9f1de06a21ec0819f8f57da to remote] DEBUG o.a.netty.request.NettyRequestSender - Using pooled Channel '[id: 0x67dcdc07, L:/127.0.0.1:53358 - R:localhost/127.0.0.1:64833]' for 'POST' to 'http://localhost:64833/session/dc227a08a9f1de06a21ec0819f8f57da/element'
08:35:13.766 [Forwarding findElement on session dc227a08a9f1de06a21ec0819f8f57da to remote] DEBUG o.a.netty.request.NettyRequestSender - Using open Channel [id: 0x67dcdc07, L:/127.0.0.1:53358 - R:localhost/127.0.0.1:64833] for POST '/session/dc227a08a9f1de06a21ec0819f8f57da/element'
08:35:13.777 [AsyncHttpClient-1-14] DEBUG o.a.netty.handler.HttpHandler - 

Request DefaultHttpRequest(decodeResult: success, version: HTTP/1.1)
POST /session/dc227a08a9f1de06a21ec0819f8f57da/element HTTP/1.1
User-Agent: selenium/4.1.2 (java windows)
Content-Length: 125
Content-Type: application/json; charset=utf-8
host: localhost:64833
accept: */*

Response DefaultHttpResponse(decodeResult: success, version: HTTP/1.1)
HTTP/1.1 200 OK
Content-Type: application/json; charset=utf-8
cache-control: no-cache
content-length: 88

08:35:13.777 [AsyncHttpClient-1-14] DEBUG o.a.netty.channel.ChannelManager - Adding key: http://localhost:64833 for channel [id: 0x67dcdc07, L:/127.0.0.1:53358 - R:localhost/127.0.0.1:64833]
08:35:13.779 [Forwarding isElementEnabled on session dc227a08a9f1de06a21ec0819f8f57da to remote] DEBUG o.a.netty.request.NettyRequestSender - Using pooled Channel '[id: 0x67dcdc07, L:/127.0.0.1:53358 - R:localhost/127.0.0.1:64833]' for 'GET' to 'http://localhost:64833/session/dc227a08a9f1de06a21ec0819f8f57da/element/29f894f6-46f5-4b65-9cb1-e4ba314523e3/enabled'
08:35:13.779 [Forwarding isElementEnabled on session dc227a08a9f1de06a21ec0819f8f57da to remote] DEBUG o.a.netty.request.NettyRequestSender - Using open Channel [id: 0x67dcdc07, L:/127.0.0.1:53358 - R:localhost/127.0.0.1:64833] for GET '/session/dc227a08a9f1de06a21ec0819f8f57da/element/29f894f6-46f5-4b65-9cb1-e4ba314523e3/enabled'
08:35:13.790 [AsyncHttpClient-1-14] DEBUG o.a.netty.handler.HttpHandler - 

Request DefaultFullHttpRequest(decodeResult: success, version: HTTP/1.1, content: EmptyByteBufBE)
GET /session/dc227a08a9f1de06a21ec0819f8f57da/element/29f894f6-46f5-4b65-9cb1-e4ba314523e3/enabled HTTP/1.1
User-Agent: selenium/4.1.2 (java windows)
Cache-Control: no-cache
Content-Type: application/json; charset=utf-8
host: localhost:64833
accept: */*

Response DefaultHttpResponse(decodeResult: success, version: HTTP/1.1)
HTTP/1.1 200 OK
Content-Type: application/json; charset=utf-8
cache-control: no-cache
content-length: 14

08:35:13.791 [AsyncHttpClient-1-14] DEBUG o.a.netty.channel.ChannelManager - Adding key: http://localhost:64833 for channel [id: 0x67dcdc07, L:/127.0.0.1:53358 - R:localhost/127.0.0.1:64833]
  &amp#27;[32mAnd &amp#27;[0m&amp#27;[32muser verify the Login Page Elements is Visible&amp#27;[0m                                                   &amp#27;[90m# stepdefinitions.LoginPageSteps.user_verify_the_login_page_elements_is_visible()&amp#27;[0m
08:35:14.533 [AsyncHttpClient-1-1] DEBUG o.a.netty.channel.DefaultChannelPool - Entry count for : http://localhost:64833 : 1
08:35:14.533 [AsyncHttpClient-1-1] DEBUG o.a.netty.channel.DefaultChannelPool - Entry count for : http://localhost:53360 : 1
08:35:15.637 [AsyncHttpClient-1-1] DEBUG o.a.netty.channel.DefaultChannelPool - Entry count for : http://localhost:64833 : 1
08:35:15.637 [AsyncHttpClient-1-1] DEBUG o.a.netty.channel.DefaultChannelPool - Entry count for : http://localhost:53360 : 1
DEBUG [main] (LoginPage.java:81) - enterUserCredentails: username = 'invalidUser' | password = 'InvalidPassword' 
DEBUG [main] (LoginPage.java:81)- enterUserCredentails: username = 'invalidUser' | password = 'InvalidPassword' 
08:35:15.810 [Forwarding findElement on session dc227a08a9f1de06a21ec0819f8f57da to remote] DEBUG o.a.netty.request.NettyRequestSender - Using pooled Channel '[id: 0x67dcdc07, L:/127.0.0.1:53358 - R:localhost/127.0.0.1:64833]' for 'POST' to 'http://localhost:64833/session/dc227a08a9f1de06a21ec0819f8f57da/element'
08:35:15.811 [Forwarding findElement on session dc227a08a9f1de06a21ec0819f8f57da to remote] DEBUG o.a.netty.request.NettyRequestSender - Using open Channel [id: 0x67dcdc07, L:/127.0.0.1:53358 - R:localhost/127.0.0.1:64833] for POST '/session/dc227a08a9f1de06a21ec0819f8f57da/element'
08:35:15.819 [AsyncHttpClient-1-14] DEBUG o.a.netty.handler.HttpHandler - 

Request DefaultHttpRequest(decodeResult: success, version: HTTP/1.1)
POST /session/dc227a08a9f1de06a21ec0819f8f57da/element HTTP/1.1
User-Agent: selenium/4.1.2 (java windows)
Content-Length: 128
Content-Type: application/json; charset=utf-8
host: localhost:64833
accept: */*

Response DefaultHttpResponse(decodeResult: success, version: HTTP/1.1)
HTTP/1.1 200 OK
Content-Type: application/json; charset=utf-8
cache-control: no-cache
content-length: 88

08:35:15.819 [AsyncHttpClient-1-14] DEBUG o.a.netty.channel.ChannelManager - Adding key: http://localhost:64833 for channel [id: 0x67dcdc07, L:/127.0.0.1:53358 - R:localhost/127.0.0.1:64833]
08:35:15.821 [Forwarding sendKeysToElement on session dc227a08a9f1de06a21ec0819f8f57da to remote] DEBUG o.a.netty.request.NettyRequestSender - Using pooled Channel '[id: 0x67dcdc07, L:/127.0.0.1:53358 - R:localhost/127.0.0.1:64833]' for 'POST' to 'http://localhost:64833/session/dc227a08a9f1de06a21ec0819f8f57da/element/36f07b40-9aea-4c52-a7f5-ead6e706b04a/value'
08:35:15.821 [Forwarding sendKeysToElement on session dc227a08a9f1de06a21ec0819f8f57da to remote] DEBUG o.a.netty.request.NettyRequestSender - Using open Channel [id: 0x67dcdc07, L:/127.0.0.1:53358 - R:localhost/127.0.0.1:64833] for POST '/session/dc227a08a9f1de06a21ec0819f8f57da/element/36f07b40-9aea-4c52-a7f5-ead6e706b04a/value'
08:35:15.873 [AsyncHttpClient-1-14] DEBUG o.a.netty.handler.HttpHandler - 

Request DefaultHttpRequest(decodeResult: success, version: HTTP/1.1)
POST /session/dc227a08a9f1de06a21ec0819f8f57da/element/36f07b40-9aea-4c52-a7f5-ead6e706b04a/value HTTP/1.1
User-Agent: selenium/4.1.2 (java windows)
Content-Length: 191
Content-Type: application/json; charset=utf-8
host: localhost:64833
accept: */*

Response DefaultHttpResponse(decodeResult: success, version: HTTP/1.1)
HTTP/1.1 200 OK
Content-Type: application/json; charset=utf-8
cache-control: no-cache
content-length: 14

08:35:15.873 [AsyncHttpClient-1-14] DEBUG o.a.netty.channel.ChannelManager - Adding key: http://localhost:64833 for channel [id: 0x67dcdc07, L:/127.0.0.1:53358 - R:localhost/127.0.0.1:64833]
08:35:15.875 [Forwarding findElement on session dc227a08a9f1de06a21ec0819f8f57da to remote] DEBUG o.a.netty.request.NettyRequestSender - Using pooled Channel '[id: 0x67dcdc07, L:/127.0.0.1:53358 - R:localhost/127.0.0.1:64833]' for 'POST' to 'http://localhost:64833/session/dc227a08a9f1de06a21ec0819f8f57da/element'
08:35:15.875 [Forwarding findElement on session dc227a08a9f1de06a21ec0819f8f57da to remote] DEBUG o.a.netty.request.NettyRequestSender - Using open Channel [id: 0x67dcdc07, L:/127.0.0.1:53358 - R:localhost/127.0.0.1:64833] for POST '/session/dc227a08a9f1de06a21ec0819f8f57da/element'
08:35:15.882 [AsyncHttpClient-1-14] DEBUG o.a.netty.handler.HttpHandler - 

Request DefaultHttpRequest(decodeResult: success, version: HTTP/1.1)
POST /session/dc227a08a9f1de06a21ec0819f8f57da/element HTTP/1.1
User-Agent: selenium/4.1.2 (java windows)
Content-Length: 132
Content-Type: application/json; charset=utf-8
host: localhost:64833
accept: */*

Response DefaultHttpResponse(decodeResult: success, version: HTTP/1.1)
HTTP/1.1 200 OK
Content-Type: application/json; charset=utf-8
cache-control: no-cache
content-length: 88

08:35:15.882 [AsyncHttpClient-1-14] DEBUG o.a.netty.channel.ChannelManager - Adding key: http://localhost:64833 for channel [id: 0x67dcdc07, L:/127.0.0.1:53358 - R:localhost/127.0.0.1:64833]
08:35:15.884 [Forwarding sendKeysToElement on session dc227a08a9f1de06a21ec0819f8f57da to remote] DEBUG o.a.netty.request.NettyRequestSender - Using pooled Channel '[id: 0x67dcdc07, L:/127.0.0.1:53358 - R:localhost/127.0.0.1:64833]' for 'POST' to 'http://localhost:64833/session/dc227a08a9f1de06a21ec0819f8f57da/element/751b28ee-a44b-4d8c-aa07-06d8a75a76d7/value'
08:35:15.884 [Forwarding sendKeysToElement on session dc227a08a9f1de06a21ec0819f8f57da to remote] DEBUG o.a.netty.request.NettyRequestSender - Using open Channel [id: 0x67dcdc07, L:/127.0.0.1:53358 - R:localhost/127.0.0.1:64833] for POST '/session/dc227a08a9f1de06a21ec0819f8f57da/element/751b28ee-a44b-4d8c-aa07-06d8a75a76d7/value'
08:35:15.940 [AsyncHttpClient-1-14] DEBUG o.a.netty.handler.HttpHandler - 

Request DefaultHttpRequest(decodeResult: success, version: HTTP/1.1)
POST /session/dc227a08a9f1de06a21ec0819f8f57da/element/751b28ee-a44b-4d8c-aa07-06d8a75a76d7/value HTTP/1.1
User-Agent: selenium/4.1.2 (java windows)
Content-Length: 231
Content-Type: application/json; charset=utf-8
host: localhost:64833
accept: */*

Response DefaultHttpResponse(decodeResult: success, version: HTTP/1.1)
HTTP/1.1 200 OK
Content-Type: application/json; charset=utf-8
cache-control: no-cache
content-length: 14

08:35:15.940 [AsyncHttpClient-1-14] DEBUG o.a.netty.channel.ChannelManager - Adding key: http://localhost:64833 for channel [id: 0x67dcdc07, L:/127.0.0.1:53358 - R:localhost/127.0.0.1:64833]
08:35:15.941 [Forwarding findElement on session dc227a08a9f1de06a21ec0819f8f57da to remote] DEBUG o.a.netty.request.NettyRequestSender - Using pooled Channel '[id: 0x67dcdc07, L:/127.0.0.1:53358 - R:localhost/127.0.0.1:64833]' for 'POST' to 'http://localhost:64833/session/dc227a08a9f1de06a21ec0819f8f57da/element'
08:35:15.941 [Forwarding findElement on session dc227a08a9f1de06a21ec0819f8f57da to remote] DEBUG o.a.netty.request.NettyRequestSender - Using open Channel [id: 0x67dcdc07, L:/127.0.0.1:53358 - R:localhost/127.0.0.1:64833] for POST '/session/dc227a08a9f1de06a21ec0819f8f57da/element'
08:35:15.949 [AsyncHttpClient-1-14] DEBUG o.a.netty.handler.HttpHandler - 

Request DefaultHttpRequest(decodeResult: success, version: HTTP/1.1)
POST /session/dc227a08a9f1de06a21ec0819f8f57da/element HTTP/1.1
User-Agent: selenium/4.1.2 (java windows)
Content-Length: 125
Content-Type: application/json; charset=utf-8
host: localhost:64833
accept: */*

Response DefaultHttpResponse(decodeResult: success, version: HTTP/1.1)
HTTP/1.1 200 OK
Content-Type: application/json; charset=utf-8
cache-control: no-cache
content-length: 88

08:35:15.950 [AsyncHttpClient-1-14] DEBUG o.a.netty.channel.ChannelManager - Adding key: http://localhost:64833 for channel [id: 0x67dcdc07, L:/127.0.0.1:53358 - R:localhost/127.0.0.1:64833]
08:35:15.951 [Forwarding clickElement on session dc227a08a9f1de06a21ec0819f8f57da to remote] DEBUG o.a.netty.request.NettyRequestSender - Using pooled Channel '[id: 0x67dcdc07, L:/127.0.0.1:53358 - R:localhost/127.0.0.1:64833]' for 'POST' to 'http://localhost:64833/session/dc227a08a9f1de06a21ec0819f8f57da/element/29f894f6-46f5-4b65-9cb1-e4ba314523e3/click'
08:35:15.951 [Forwarding clickElement on session dc227a08a9f1de06a21ec0819f8f57da to remote] DEBUG o.a.netty.request.NettyRequestSender - Using open Channel [id: 0x67dcdc07, L:/127.0.0.1:53358 - R:localhost/127.0.0.1:64833] for POST '/session/dc227a08a9f1de06a21ec0819f8f57da/element/29f894f6-46f5-4b65-9cb1-e4ba314523e3/click'
08:35:16.041 [AsyncHttpClient-1-14] DEBUG o.a.netty.handler.HttpHandler - 

Request DefaultHttpRequest(decodeResult: success, version: HTTP/1.1)
POST /session/dc227a08a9f1de06a21ec0819f8f57da/element/29f894f6-46f5-4b65-9cb1-e4ba314523e3/click HTTP/1.1
User-Agent: selenium/4.1.2 (java windows)
Content-Length: 50
Content-Type: application/json; charset=utf-8
host: localhost:64833
accept: */*

Response DefaultHttpResponse(decodeResult: success, version: HTTP/1.1)
HTTP/1.1 200 OK
Content-Type: application/json; charset=utf-8
cache-control: no-cache
content-length: 14

08:35:16.041 [AsyncHttpClient-1-14] DEBUG o.a.netty.channel.ChannelManager - Adding key: http://localhost:64833 for channel [id: 0x67dcdc07, L:/127.0.0.1:53358 - R:localhost/127.0.0.1:64833]
DEBUG [main] (LoginPage.java:56) - verifyErrorMessage: 'The information you entered was not recognized.' 
DEBUG [main] (LoginPage.java:56)- verifyErrorMessage: 'The information you entered was not recognized.' 
08:35:16.043 [Forwarding findElement on session dc227a08a9f1de06a21ec0819f8f57da to remote] DEBUG o.a.netty.request.NettyRequestSender - Using pooled Channel '[id: 0x67dcdc07, L:/127.0.0.1:53358 - R:localhost/127.0.0.1:64833]' for 'POST' to 'http://localhost:64833/session/dc227a08a9f1de06a21ec0819f8f57da/element'
08:35:16.043 [Forwarding findElement on session dc227a08a9f1de06a21ec0819f8f57da to remote] DEBUG o.a.netty.request.NettyRequestSender - Using open Channel [id: 0x67dcdc07, L:/127.0.0.1:53358 - R:localhost/127.0.0.1:64833] for POST '/session/dc227a08a9f1de06a21ec0819f8f57da/element'
08:35:16.057 [AsyncHttpClient-1-14] DEBUG o.a.netty.handler.HttpHandler - 

Request DefaultHttpRequest(decodeResult: success, version: HTTP/1.1)
POST /session/dc227a08a9f1de06a21ec0819f8f57da/element HTTP/1.1
User-Agent: selenium/4.1.2 (java windows)
Content-Length: 75
Content-Type: application/json; charset=utf-8
host: localhost:64833
accept: */*

Response DefaultHttpResponse(decodeResult: success, version: HTTP/1.1)
HTTP/1.1 200 OK
Content-Type: application/json; charset=utf-8
cache-control: no-cache
content-length: 88

08:35:16.058 [AsyncHttpClient-1-14] DEBUG o.a.netty.channel.ChannelManager - Adding key: http://localhost:64833 for channel [id: 0x67dcdc07, L:/127.0.0.1:53358 - R:localhost/127.0.0.1:64833]
08:35:16.062 [Forwarding isElementDisplayed on session dc227a08a9f1de06a21ec0819f8f57da to remote] DEBUG o.a.netty.request.NettyRequestSender - Using pooled Channel '[id: 0x67dcdc07, L:/127.0.0.1:53358 - R:localhost/127.0.0.1:64833]' for 'POST' to 'http://localhost:64833/session/dc227a08a9f1de06a21ec0819f8f57da/execute/sync'
08:35:16.062 [Forwarding isElementDisplayed on session dc227a08a9f1de06a21ec0819f8f57da to remote] DEBUG o.a.netty.request.NettyRequestSender - Using open Channel [id: 0x67dcdc07, L:/127.0.0.1:53358 - R:localhost/127.0.0.1:64833] for POST '/session/dc227a08a9f1de06a21ec0819f8f57da/execute/sync'
08:35:16.081 [AsyncHttpClient-1-14] DEBUG o.a.netty.handler.HttpHandler - 

Request DefaultHttpRequest(decodeResult: success, version: HTTP/1.1)
POST /session/dc227a08a9f1de06a21ec0819f8f57da/execute/sync HTTP/1.1
User-Agent: selenium/4.1.2 (java windows)
Content-Length: 48780
Content-Type: application/json; charset=utf-8
host: localhost:64833
accept: */*

Response DefaultHttpResponse(decodeResult: success, version: HTTP/1.1)
HTTP/1.1 200 OK
Content-Type: application/json; charset=utf-8
cache-control: no-cache
content-length: 15

08:35:16.081 [AsyncHttpClient-1-14] DEBUG o.a.netty.channel.ChannelManager - Adding key: http://localhost:64833 for channel [id: 0x67dcdc07, L:/127.0.0.1:53358 - R:localhost/127.0.0.1:64833]
08:35:16.597 [Forwarding findElement on session dc227a08a9f1de06a21ec0819f8f57da to remote] DEBUG o.a.netty.request.NettyRequestSender - Using pooled Channel '[id: 0x67dcdc07, L:/127.0.0.1:53358 - R:localhost/127.0.0.1:64833]' for 'POST' to 'http://localhost:64833/session/dc227a08a9f1de06a21ec0819f8f57da/element'
08:35:16.598 [Forwarding findElement on session dc227a08a9f1de06a21ec0819f8f57da to remote] DEBUG o.a.netty.request.NettyRequestSender - Using open Channel [id: 0x67dcdc07, L:/127.0.0.1:53358 - R:localhost/127.0.0.1:64833] for POST '/session/dc227a08a9f1de06a21ec0819f8f57da/element'
08:35:16.604 [AsyncHttpClient-1-14] DEBUG o.a.netty.handler.HttpHandler - 

Request DefaultHttpRequest(decodeResult: success, version: HTTP/1.1)
POST /session/dc227a08a9f1de06a21ec0819f8f57da/element HTTP/1.1
User-Agent: selenium/4.1.2 (java windows)
Content-Length: 75
Content-Type: application/json; charset=utf-8
host: localhost:64833
accept: */*

Response DefaultHttpResponse(decodeResult: success, version: HTTP/1.1)
HTTP/1.1 200 OK
Content-Type: application/json; charset=utf-8
cache-control: no-cache
content-length: 88

08:35:16.605 [AsyncHttpClient-1-14] DEBUG o.a.netty.channel.ChannelManager - Adding key: http://localhost:64833 for channel [id: 0x67dcdc07, L:/127.0.0.1:53358 - R:localhost/127.0.0.1:64833]
08:35:16.609 [Forwarding isElementDisplayed on session dc227a08a9f1de06a21ec0819f8f57da to remote] DEBUG o.a.netty.request.NettyRequestSender - Using pooled Channel '[id: 0x67dcdc07, L:/127.0.0.1:53358 - R:localhost/127.0.0.1:64833]' for 'POST' to 'http://localhost:64833/session/dc227a08a9f1de06a21ec0819f8f57da/execute/sync'
08:35:16.609 [Forwarding isElementDisplayed on session dc227a08a9f1de06a21ec0819f8f57da to remote] DEBUG o.a.netty.request.NettyRequestSender - Using open Channel [id: 0x67dcdc07, L:/127.0.0.1:53358 - R:localhost/127.0.0.1:64833] for POST '/session/dc227a08a9f1de06a21ec0819f8f57da/execute/sync'
08:35:16.617 [AsyncHttpClient-1-14] DEBUG o.a.netty.handler.HttpHandler - 

Request DefaultHttpRequest(decodeResult: success, version: HTTP/1.1)
POST /session/dc227a08a9f1de06a21ec0819f8f57da/execute/sync HTTP/1.1
User-Agent: selenium/4.1.2 (java windows)
Content-Length: 48780
Content-Type: application/json; charset=utf-8
host: localhost:64833
accept: */*

Response DefaultHttpResponse(decodeResult: success, version: HTTP/1.1)
HTTP/1.1 200 OK
Content-Type: application/json; charset=utf-8
cache-control: no-cache
content-length: 15

08:35:16.618 [AsyncHttpClient-1-14] DEBUG o.a.netty.channel.ChannelManager - Adding key: http://localhost:64833 for channel [id: 0x67dcdc07, L:/127.0.0.1:53358 - R:localhost/127.0.0.1:64833]
08:35:16.741 [AsyncHttpClient-1-1] DEBUG o.a.netty.channel.DefaultChannelPool - Entry count for : http://localhost:64833 : 1
08:35:16.741 [AsyncHttpClient-1-1] DEBUG o.a.netty.channel.DefaultChannelPool - Entry count for : http://localhost:53360 : 1
08:35:17.121 [Forwarding findElement on session dc227a08a9f1de06a21ec0819f8f57da to remote] DEBUG o.a.netty.request.NettyRequestSender - Using pooled Channel '[id: 0x67dcdc07, L:/127.0.0.1:53358 - R:localhost/127.0.0.1:64833]' for 'POST' to 'http://localhost:64833/session/dc227a08a9f1de06a21ec0819f8f57da/element'
08:35:17.122 [Forwarding findElement on session dc227a08a9f1de06a21ec0819f8f57da to remote] DEBUG o.a.netty.request.NettyRequestSender - Using open Channel [id: 0x67dcdc07, L:/127.0.0.1:53358 - R:localhost/127.0.0.1:64833] for POST '/session/dc227a08a9f1de06a21ec0819f8f57da/element'
08:35:17.128 [AsyncHttpClient-1-14] DEBUG o.a.netty.handler.HttpHandler - 

Request DefaultHttpRequest(decodeResult: success, version: HTTP/1.1)
POST /session/dc227a08a9f1de06a21ec0819f8f57da/element HTTP/1.1
User-Agent: selenium/4.1.2 (java windows)
Content-Length: 75
Content-Type: application/json; charset=utf-8
host: localhost:64833
accept: */*

Response DefaultHttpResponse(decodeResult: success, version: HTTP/1.1)
HTTP/1.1 200 OK
Content-Type: application/json; charset=utf-8
cache-control: no-cache
content-length: 88

08:35:17.128 [AsyncHttpClient-1-14] DEBUG o.a.netty.channel.ChannelManager - Adding key: http://localhost:64833 for channel [id: 0x67dcdc07, L:/127.0.0.1:53358 - R:localhost/127.0.0.1:64833]
08:35:17.132 [Forwarding isElementDisplayed on session dc227a08a9f1de06a21ec0819f8f57da to remote] DEBUG o.a.netty.request.NettyRequestSender - Using pooled Channel '[id: 0x67dcdc07, L:/127.0.0.1:53358 - R:localhost/127.0.0.1:64833]' for 'POST' to 'http://localhost:64833/session/dc227a08a9f1de06a21ec0819f8f57da/execute/sync'
08:35:17.132 [Forwarding isElementDisplayed on session dc227a08a9f1de06a21ec0819f8f57da to remote] DEBUG o.a.netty.request.NettyRequestSender - Using open Channel [id: 0x67dcdc07, L:/127.0.0.1:53358 - R:localhost/127.0.0.1:64833] for POST '/session/dc227a08a9f1de06a21ec0819f8f57da/execute/sync'
08:35:17.140 [AsyncHttpClient-1-14] DEBUG o.a.netty.handler.HttpHandler - 

Request DefaultHttpRequest(decodeResult: success, version: HTTP/1.1)
POST /session/dc227a08a9f1de06a21ec0819f8f57da/execute/sync HTTP/1.1
User-Agent: selenium/4.1.2 (java windows)
Content-Length: 48780
Content-Type: application/json; charset=utf-8
host: localhost:64833
accept: */*

Response DefaultHttpResponse(decodeResult: success, version: HTTP/1.1)
HTTP/1.1 200 OK
Content-Type: application/json; charset=utf-8
cache-control: no-cache
content-length: 14

08:35:17.141 [AsyncHttpClient-1-14] DEBUG o.a.netty.channel.ChannelManager - Adding key: http://localhost:64833 for channel [id: 0x67dcdc07, L:/127.0.0.1:53358 - R:localhost/127.0.0.1:64833]
08:35:17.141 [Forwarding getElementText on session dc227a08a9f1de06a21ec0819f8f57da to remote] DEBUG o.a.netty.request.NettyRequestSender - Using pooled Channel '[id: 0x67dcdc07, L:/127.0.0.1:53358 - R:localhost/127.0.0.1:64833]' for 'GET' to 'http://localhost:64833/session/dc227a08a9f1de06a21ec0819f8f57da/element/e50bc1c2-361c-434d-8fc4-77c24639d91c/text'
08:35:17.141 [Forwarding getElementText on session dc227a08a9f1de06a21ec0819f8f57da to remote] DEBUG o.a.netty.request.NettyRequestSender - Using open Channel [id: 0x67dcdc07, L:/127.0.0.1:53358 - R:localhost/127.0.0.1:64833] for GET '/session/dc227a08a9f1de06a21ec0819f8f57da/element/e50bc1c2-361c-434d-8fc4-77c24639d91c/text'
08:35:17.155 [AsyncHttpClient-1-14] DEBUG o.a.netty.handler.HttpHandler - 

Request DefaultFullHttpRequest(decodeResult: success, version: HTTP/1.1, content: EmptyByteBufBE)
GET /session/dc227a08a9f1de06a21ec0819f8f57da/element/e50bc1c2-361c-434d-8fc4-77c24639d91c/text HTTP/1.1
User-Agent: selenium/4.1.2 (java windows)
Cache-Control: no-cache
Content-Type: application/json; charset=utf-8
host: localhost:64833
accept: */*

Response DefaultHttpResponse(decodeResult: success, version: HTTP/1.1)
HTTP/1.1 200 OK
Content-Type: application/json; charset=utf-8
cache-control: no-cache
content-length: 59

08:35:17.155 [AsyncHttpClient-1-14] DEBUG o.a.netty.channel.ChannelManager - Adding key: http://localhost:64833 for channel [id: 0x67dcdc07, L:/127.0.0.1:53358 - R:localhost/127.0.0.1:64833]
08:35:17.832 [AsyncHttpClient-1-1] DEBUG o.a.netty.channel.DefaultChannelPool - Entry count for : http://localhost:64833 : 1
08:35:17.832 [AsyncHttpClient-1-1] DEBUG o.a.netty.channel.DefaultChannelPool - Entry count for : http://localhost:53360 : 1
08:35:18.940 [AsyncHttpClient-1-1] DEBUG o.a.netty.channel.DefaultChannelPool - Entry count for : http://localhost:64833 : 1
08:35:18.940 [AsyncHttpClient-1-1] DEBUG o.a.netty.channel.DefaultChannelPool - Entry count for : http://localhost:53360 : 1
  &amp#27;[32mWhen &amp#27;[0m&amp#27;[32muser login using invalid credentials with username &amp#27;[0m&amp#27;[32m&amp#27;[1m"invalidUser"&amp#27;[0m&amp#27;[32m and password &amp#27;[0m&amp#27;[32m&amp#27;[1m"InvalidPassword"&amp#27;[0m &amp#27;[90m# stepdefinitions.LoginPageSteps.user_login_using_invalid_credentials_with_username_and_password(java.lang.String,java.lang.String)&amp#27;[0m
08:35:19.168 [Forwarding getTitle on session dc227a08a9f1de06a21ec0819f8f57da to remote] DEBUG o.a.netty.request.NettyRequestSender - Using pooled Channel '[id: 0x67dcdc07, L:/127.0.0.1:53358 - R:localhost/127.0.0.1:64833]' for 'GET' to 'http://localhost:64833/session/dc227a08a9f1de06a21ec0819f8f57da/title'
08:35:19.168 [Forwarding getTitle on session dc227a08a9f1de06a21ec0819f8f57da to remote] DEBUG o.a.netty.request.NettyRequestSender - Using open Channel [id: 0x67dcdc07, L:/127.0.0.1:53358 - R:localhost/127.0.0.1:64833] for GET '/session/dc227a08a9f1de06a21ec0819f8f57da/title'
08:35:19.172 [AsyncHttpClient-1-14] DEBUG o.a.netty.handler.HttpHandler - 

Request DefaultFullHttpRequest(decodeResult: success, version: HTTP/1.1, content: EmptyByteBufBE)
GET /session/dc227a08a9f1de06a21ec0819f8f57da/title HTTP/1.1
User-Agent: selenium/4.1.2 (java windows)
Cache-Control: no-cache
Content-Type: application/json; charset=utf-8
host: localhost:64833
accept: */*

Response DefaultHttpResponse(decodeResult: success, version: HTTP/1.1)
HTTP/1.1 200 OK
Content-Type: application/json; charset=utf-8
cache-control: no-cache
content-length: 22

08:35:19.172 [AsyncHttpClient-1-14] DEBUG o.a.netty.channel.ChannelManager - Adding key: http://localhost:64833 for channel [id: 0x67dcdc07, L:/127.0.0.1:53358 - R:localhost/127.0.0.1:64833]
DEBUG [main] (BaseClass.java:37) - verifyApplication: 'Login Page' 
DEBUG [main] (BaseClass.java:37)- verifyApplication: 'Login Page' 
08:35:19.173 [Forwarding getTitle on session dc227a08a9f1de06a21ec0819f8f57da to remote] DEBUG o.a.netty.request.NettyRequestSender - Using pooled Channel '[id: 0x67dcdc07, L:/127.0.0.1:53358 - R:localhost/127.0.0.1:64833]' for 'GET' to 'http://localhost:64833/session/dc227a08a9f1de06a21ec0819f8f57da/title'
08:35:19.173 [Forwarding getTitle on session dc227a08a9f1de06a21ec0819f8f57da to remote] DEBUG o.a.netty.request.NettyRequestSender - Using open Channel [id: 0x67dcdc07, L:/127.0.0.1:53358 - R:localhost/127.0.0.1:64833] for GET '/session/dc227a08a9f1de06a21ec0819f8f57da/title'
08:35:19.176 [AsyncHttpClient-1-14] DEBUG o.a.netty.handler.HttpHandler - 

Request DefaultFullHttpRequest(decodeResult: success, version: HTTP/1.1, content: EmptyByteBufBE)
GET /session/dc227a08a9f1de06a21ec0819f8f57da/title HTTP/1.1
User-Agent: selenium/4.1.2 (java windows)
Cache-Control: no-cache
Content-Type: application/json; charset=utf-8
host: localhost:64833
accept: */*

Response DefaultHttpResponse(decodeResult: success, version: HTTP/1.1)
HTTP/1.1 200 OK
Content-Type: application/json; charset=utf-8
cache-control: no-cache
content-length: 22

08:35:19.176 [AsyncHttpClient-1-14] DEBUG o.a.netty.channel.ChannelManager - Adding key: http://localhost:64833 for channel [id: 0x67dcdc07, L:/127.0.0.1:53358 - R:localhost/127.0.0.1:64833]
08:35:20.034 [AsyncHttpClient-1-1] DEBUG o.a.netty.channel.DefaultChannelPool - Entry count for : http://localhost:64833 : 1
08:35:20.034 [AsyncHttpClient-1-1] DEBUG o.a.netty.channel.DefaultChannelPool - Entry count for : http://localhost:53360 : 1
08:35:21.138 [AsyncHttpClient-1-1] DEBUG o.a.netty.channel.DefaultChannelPool - Entry count for : http://localhost:64833 : 1
08:35:21.138 [AsyncHttpClient-1-1] DEBUG o.a.netty.channel.DefaultChannelPool - Entry count for : http://localhost:53360 : 1
08:35:22.240 [AsyncHttpClient-1-1] DEBUG o.a.netty.channel.DefaultChannelPool - Entry count for : http://localhost:64833 : 1
08:35:22.240 [AsyncHttpClient-1-1] DEBUG o.a.netty.channel.DefaultChannelPool - Entry count for : http://localhost:53360 : 1
08:35:23.329 [AsyncHttpClient-1-1] DEBUG o.a.netty.channel.DefaultChannelPool - Entry count for : http://localhost:64833 : 1
08:35:23.329 [AsyncHttpClient-1-1] DEBUG o.a.netty.channel.DefaultChannelPool - Entry count for : http://localhost:53360 : 1
DEBUG [main] (LoginPage.java:56) - verifyErrorMessage: 'The information you entered was not recognized.' 
DEBUG [main] (LoginPage.java:56)- verifyErrorMessage: 'The information you entered was not recognized.' 
08:35:24.180 [Forwarding findElement on session dc227a08a9f1de06a21ec0819f8f57da to remote] DEBUG o.a.netty.request.NettyRequestSender - Using pooled Channel '[id: 0x67dcdc07, L:/127.0.0.1:53358 - R:localhost/127.0.0.1:64833]' for 'POST' to 'http://localhost:64833/session/dc227a08a9f1de06a21ec0819f8f57da/element'
08:35:24.180 [Forwarding findElement on session dc227a08a9f1de06a21ec0819f8f57da to remote] DEBUG o.a.netty.request.NettyRequestSender - Using open Channel [id: 0x67dcdc07, L:/127.0.0.1:53358 - R:localhost/127.0.0.1:64833] for POST '/session/dc227a08a9f1de06a21ec0819f8f57da/element'
08:35:24.188 [AsyncHttpClient-1-14] DEBUG o.a.netty.handler.HttpHandler - 

Request DefaultHttpRequest(decodeResult: success, version: HTTP/1.1)
POST /session/dc227a08a9f1de06a21ec0819f8f57da/element HTTP/1.1
User-Agent: selenium/4.1.2 (java windows)
Content-Length: 75
Content-Type: application/json; charset=utf-8
host: localhost:64833
accept: */*

Response DefaultHttpResponse(decodeResult: success, version: HTTP/1.1)
HTTP/1.1 200 OK
Content-Type: application/json; charset=utf-8
cache-control: no-cache
content-length: 88

08:35:24.188 [AsyncHttpClient-1-14] DEBUG o.a.netty.channel.ChannelManager - Adding key: http://localhost:64833 for channel [id: 0x67dcdc07, L:/127.0.0.1:53358 - R:localhost/127.0.0.1:64833]
08:35:24.192 [Forwarding isElementDisplayed on session dc227a08a9f1de06a21ec0819f8f57da to remote] DEBUG o.a.netty.request.NettyRequestSender - Using pooled Channel '[id: 0x67dcdc07, L:/127.0.0.1:53358 - R:localhost/127.0.0.1:64833]' for 'POST' to 'http://localhost:64833/session/dc227a08a9f1de06a21ec0819f8f57da/execute/sync'
08:35:24.192 [Forwarding isElementDisplayed on session dc227a08a9f1de06a21ec0819f8f57da to remote] DEBUG o.a.netty.request.NettyRequestSender - Using open Channel [id: 0x67dcdc07, L:/127.0.0.1:53358 - R:localhost/127.0.0.1:64833] for POST '/session/dc227a08a9f1de06a21ec0819f8f57da/execute/sync'
08:35:24.201 [AsyncHttpClient-1-14] DEBUG o.a.netty.handler.HttpHandler - 

Request DefaultHttpRequest(decodeResult: success, version: HTTP/1.1)
POST /session/dc227a08a9f1de06a21ec0819f8f57da/execute/sync HTTP/1.1
User-Agent: selenium/4.1.2 (java windows)
Content-Length: 48780
Content-Type: application/json; charset=utf-8
host: localhost:64833
accept: */*

Response DefaultHttpResponse(decodeResult: success, version: HTTP/1.1)
HTTP/1.1 200 OK
Content-Type: application/json; charset=utf-8
cache-control: no-cache
content-length: 14

08:35:24.201 [AsyncHttpClient-1-14] DEBUG o.a.netty.channel.ChannelManager - Adding key: http://localhost:64833 for channel [id: 0x67dcdc07, L:/127.0.0.1:53358 - R:localhost/127.0.0.1:64833]
08:35:24.202 [Forwarding getElementText on session dc227a08a9f1de06a21ec0819f8f57da to remote] DEBUG o.a.netty.request.NettyRequestSender - Using pooled Channel '[id: 0x67dcdc07, L:/127.0.0.1:53358 - R:localhost/127.0.0.1:64833]' for 'GET' to 'http://localhost:64833/session/dc227a08a9f1de06a21ec0819f8f57da/element/e50bc1c2-361c-434d-8fc4-77c24639d91c/text'
08:35:24.202 [Forwarding getElementText on session dc227a08a9f1de06a21ec0819f8f57da to remote] DEBUG o.a.netty.request.NettyRequestSender - Using open Channel [id: 0x67dcdc07, L:/127.0.0.1:53358 - R:localhost/127.0.0.1:64833] for GET '/session/dc227a08a9f1de06a21ec0819f8f57da/element/e50bc1c2-361c-434d-8fc4-77c24639d91c/text'
08:35:24.209 [AsyncHttpClient-1-14] DEBUG o.a.netty.handler.HttpHandler - 

Request DefaultFullHttpRequest(decodeResult: success, version: HTTP/1.1, content: EmptyByteBufBE)
GET /session/dc227a08a9f1de06a21ec0819f8f57da/element/e50bc1c2-361c-434d-8fc4-77c24639d91c/text HTTP/1.1
User-Agent: selenium/4.1.2 (java windows)
Cache-Control: no-cache
Content-Type: application/json; charset=utf-8
host: localhost:64833
accept: */*

Response DefaultHttpResponse(decodeResult: success, version: HTTP/1.1)
HTTP/1.1 200 OK
Content-Type: application/json; charset=utf-8
cache-control: no-cache
content-length: 59

08:35:24.209 [AsyncHttpClient-1-14] DEBUG o.a.netty.channel.ChannelManager - Adding key: http://localhost:64833 for channel [id: 0x67dcdc07, L:/127.0.0.1:53358 - R:localhost/127.0.0.1:64833]
08:35:24.435 [AsyncHttpClient-1-1] DEBUG o.a.netty.channel.DefaultChannelPool - Entry count for : http://localhost:64833 : 1
08:35:24.435 [AsyncHttpClient-1-1] DEBUG o.a.netty.channel.DefaultChannelPool - Entry count for : http://localhost:53360 : 1
08:35:25.540 [AsyncHttpClient-1-1] DEBUG o.a.netty.channel.DefaultChannelPool - Entry count for : http://localhost:64833 : 1
08:35:25.540 [AsyncHttpClient-1-1] DEBUG o.a.netty.channel.DefaultChannelPool - Entry count for : http://localhost:53360 : 1
  &amp#27;[32mThen &amp#27;[0m&amp#27;[32muser should not proceed to Dashboard Page&amp#27;[0m                                                       &amp#27;[90m# stepdefinitions.LoginPageSteps.user_should_not_proceed_to_dashboard_page()&amp#27;[0m
 INFO [main] (LoginPageSteps.java:43) - List of User: [{username=author@vrbank, password=pega123!, titlePage=Pega Dev Studio}]
 INFO [main] (LoginPageSteps.java:43)- List of User: [{username=author@vrbank, password=pega123!, titlePage=Pega Dev Studio}]
author@vrbanke.get("username")
08:35:26.636 [AsyncHttpClient-1-1] DEBUG o.a.netty.channel.DefaultChannelPool - Entry count for : http://localhost:64833 : 1
08:35:26.636 [AsyncHttpClient-1-1] DEBUG o.a.netty.channel.DefaultChannelPool - Entry count for : http://localhost:53360 : 1
08:35:27.730 [AsyncHttpClient-1-1] DEBUG o.a.netty.channel.DefaultChannelPool - Entry count for : http://localhost:64833 : 1
08:35:27.730 [AsyncHttpClient-1-1] DEBUG o.a.netty.channel.DefaultChannelPool - Entry count for : http://localhost:53360 : 1
DEBUG [main] (LoginPage.java:81) - enterUserCredentails: username = 'author@vrbank' | password = 'pega123!' 
DEBUG [main] (LoginPage.java:81)- enterUserCredentails: username = 'author@vrbank' | password = 'pega123!' 
08:35:28.228 [Forwarding findElement on session dc227a08a9f1de06a21ec0819f8f57da to remote] DEBUG o.a.netty.request.NettyRequestSender - Using pooled Channel '[id: 0x67dcdc07, L:/127.0.0.1:53358 - R:localhost/127.0.0.1:64833]' for 'POST' to 'http://localhost:64833/session/dc227a08a9f1de06a21ec0819f8f57da/element'
08:35:28.228 [Forwarding findElement on session dc227a08a9f1de06a21ec0819f8f57da to remote] DEBUG o.a.netty.request.NettyRequestSender - Using open Channel [id: 0x67dcdc07, L:/127.0.0.1:53358 - R:localhost/127.0.0.1:64833] for POST '/session/dc227a08a9f1de06a21ec0819f8f57da/element'
08:35:28.234 [AsyncHttpClient-1-14] DEBUG o.a.netty.handler.HttpHandler - 

Request DefaultHttpRequest(decodeResult: success, version: HTTP/1.1)
POST /session/dc227a08a9f1de06a21ec0819f8f57da/element HTTP/1.1
User-Agent: selenium/4.1.2 (java windows)
Content-Length: 128
Content-Type: application/json; charset=utf-8
host: localhost:64833
accept: */*

Response DefaultHttpResponse(decodeResult: success, version: HTTP/1.1)
HTTP/1.1 200 OK
Content-Type: application/json; charset=utf-8
cache-control: no-cache
content-length: 88

08:35:28.234 [AsyncHttpClient-1-14] DEBUG o.a.netty.channel.ChannelManager - Adding key: http://localhost:64833 for channel [id: 0x67dcdc07, L:/127.0.0.1:53358 - R:localhost/127.0.0.1:64833]
08:35:28.235 [Forwarding sendKeysToElement on session dc227a08a9f1de06a21ec0819f8f57da to remote] DEBUG o.a.netty.request.NettyRequestSender - Using pooled Channel '[id: 0x67dcdc07, L:/127.0.0.1:53358 - R:localhost/127.0.0.1:64833]' for 'POST' to 'http://localhost:64833/session/dc227a08a9f1de06a21ec0819f8f57da/element/f87e2777-ef1b-4294-ba84-860037b45612/value'
08:35:28.236 [Forwarding sendKeysToElement on session dc227a08a9f1de06a21ec0819f8f57da to remote] DEBUG o.a.netty.request.NettyRequestSender - Using open Channel [id: 0x67dcdc07, L:/127.0.0.1:53358 - R:localhost/127.0.0.1:64833] for POST '/session/dc227a08a9f1de06a21ec0819f8f57da/element/f87e2777-ef1b-4294-ba84-860037b45612/value'
08:35:28.268 [AsyncHttpClient-1-14] DEBUG o.a.netty.handler.HttpHandler - 

Request DefaultHttpRequest(decodeResult: success, version: HTTP/1.1)
POST /session/dc227a08a9f1de06a21ec0819f8f57da/element/f87e2777-ef1b-4294-ba84-860037b45612/value HTTP/1.1
User-Agent: selenium/4.1.2 (java windows)
Content-Length: 211
Content-Type: application/json; charset=utf-8
host: localhost:64833
accept: */*

Response DefaultHttpResponse(decodeResult: success, version: HTTP/1.1)
HTTP/1.1 200 OK
Content-Type: application/json; charset=utf-8
cache-control: no-cache
content-length: 14

08:35:28.268 [AsyncHttpClient-1-14] DEBUG o.a.netty.channel.ChannelManager - Adding key: http://localhost:64833 for channel [id: 0x67dcdc07, L:/127.0.0.1:53358 - R:localhost/127.0.0.1:64833]
08:35:28.269 [Forwarding findElement on session dc227a08a9f1de06a21ec0819f8f57da to remote] DEBUG o.a.netty.request.NettyRequestSender - Using pooled Channel '[id: 0x67dcdc07, L:/127.0.0.1:53358 - R:localhost/127.0.0.1:64833]' for 'POST' to 'http://localhost:64833/session/dc227a08a9f1de06a21ec0819f8f57da/element'
08:35:28.270 [Forwarding findElement on session dc227a08a9f1de06a21ec0819f8f57da to remote] DEBUG o.a.netty.request.NettyRequestSender - Using open Channel [id: 0x67dcdc07, L:/127.0.0.1:53358 - R:localhost/127.0.0.1:64833] for POST '/session/dc227a08a9f1de06a21ec0819f8f57da/element'
08:35:28.276 [AsyncHttpClient-1-14] DEBUG o.a.netty.handler.HttpHandler - 

Request DefaultHttpRequest(decodeResult: success, version: HTTP/1.1)
POST /session/dc227a08a9f1de06a21ec0819f8f57da/element HTTP/1.1
User-Agent: selenium/4.1.2 (java windows)
Content-Length: 132
Content-Type: application/json; charset=utf-8
host: localhost:64833
accept: */*

Response DefaultHttpResponse(decodeResult: success, version: HTTP/1.1)
HTTP/1.1 200 OK
Content-Type: application/json; charset=utf-8
cache-control: no-cache
content-length: 88

08:35:28.277 [AsyncHttpClient-1-14] DEBUG o.a.netty.channel.ChannelManager - Adding key: http://localhost:64833 for channel [id: 0x67dcdc07, L:/127.0.0.1:53358 - R:localhost/127.0.0.1:64833]
08:35:28.278 [Forwarding sendKeysToElement on session dc227a08a9f1de06a21ec0819f8f57da to remote] DEBUG o.a.netty.request.NettyRequestSender - Using pooled Channel '[id: 0x67dcdc07, L:/127.0.0.1:53358 - R:localhost/127.0.0.1:64833]' for 'POST' to 'http://localhost:64833/session/dc227a08a9f1de06a21ec0819f8f57da/element/319decba-4099-4ffd-bab3-b7cd338f5183/value'
08:35:28.278 [Forwarding sendKeysToElement on session dc227a08a9f1de06a21ec0819f8f57da to remote] DEBUG o.a.netty.request.NettyRequestSender - Using open Channel [id: 0x67dcdc07, L:/127.0.0.1:53358 - R:localhost/127.0.0.1:64833] for POST '/session/dc227a08a9f1de06a21ec0819f8f57da/element/319decba-4099-4ffd-bab3-b7cd338f5183/value'
08:35:28.327 [AsyncHttpClient-1-14] DEBUG o.a.netty.handler.HttpHandler - 

Request DefaultHttpRequest(decodeResult: success, version: HTTP/1.1)
POST /session/dc227a08a9f1de06a21ec0819f8f57da/element/319decba-4099-4ffd-bab3-b7cd338f5183/value HTTP/1.1
User-Agent: selenium/4.1.2 (java windows)
Content-Length: 161
Content-Type: application/json; charset=utf-8
host: localhost:64833
accept: */*

Response DefaultHttpResponse(decodeResult: success, version: HTTP/1.1)
HTTP/1.1 200 OK
Content-Type: application/json; charset=utf-8
cache-control: no-cache
content-length: 14

08:35:28.327 [AsyncHttpClient-1-14] DEBUG o.a.netty.channel.ChannelManager - Adding key: http://localhost:64833 for channel [id: 0x67dcdc07, L:/127.0.0.1:53358 - R:localhost/127.0.0.1:64833]
08:35:28.328 [Forwarding findElement on session dc227a08a9f1de06a21ec0819f8f57da to remote] DEBUG o.a.netty.request.NettyRequestSender - Using pooled Channel '[id: 0x67dcdc07, L:/127.0.0.1:53358 - R:localhost/127.0.0.1:64833]' for 'POST' to 'http://localhost:64833/session/dc227a08a9f1de06a21ec0819f8f57da/element'
08:35:28.328 [Forwarding findElement on session dc227a08a9f1de06a21ec0819f8f57da to remote] DEBUG o.a.netty.request.NettyRequestSender - Using open Channel [id: 0x67dcdc07, L:/127.0.0.1:53358 - R:localhost/127.0.0.1:64833] for POST '/session/dc227a08a9f1de06a21ec0819f8f57da/element'
08:35:28.335 [AsyncHttpClient-1-14] DEBUG o.a.netty.handler.HttpHandler - 

Request DefaultHttpRequest(decodeResult: success, version: HTTP/1.1)
POST /session/dc227a08a9f1de06a21ec0819f8f57da/element HTTP/1.1
User-Agent: selenium/4.1.2 (java windows)
Content-Length: 125
Content-Type: application/json; charset=utf-8
host: localhost:64833
accept: */*

Response DefaultHttpResponse(decodeResult: success, version: HTTP/1.1)
HTTP/1.1 200 OK
Content-Type: application/json; charset=utf-8
cache-control: no-cache
content-length: 88

08:35:28.335 [AsyncHttpClient-1-14] DEBUG o.a.netty.channel.ChannelManager - Adding key: http://localhost:64833 for channel [id: 0x67dcdc07, L:/127.0.0.1:53358 - R:localhost/127.0.0.1:64833]
08:35:28.336 [Forwarding clickElement on session dc227a08a9f1de06a21ec0819f8f57da to remote] DEBUG o.a.netty.request.NettyRequestSender - Using pooled Channel '[id: 0x67dcdc07, L:/127.0.0.1:53358 - R:localhost/127.0.0.1:64833]' for 'POST' to 'http://localhost:64833/session/dc227a08a9f1de06a21ec0819f8f57da/element/f6a9d94f-9019-4adb-95ab-dc15e7cd41a8/click'
08:35:28.336 [Forwarding clickElement on session dc227a08a9f1de06a21ec0819f8f57da to remote] DEBUG o.a.netty.request.NettyRequestSender - Using open Channel [id: 0x67dcdc07, L:/127.0.0.1:53358 - R:localhost/127.0.0.1:64833] for POST '/session/dc227a08a9f1de06a21ec0819f8f57da/element/f6a9d94f-9019-4adb-95ab-dc15e7cd41a8/click'
08:35:28.836 [AsyncHttpClient-1-1] DEBUG o.a.netty.channel.DefaultChannelPool - Entry count for : http://localhost:53360 : 1
08:35:29.930 [AsyncHttpClient-1-1] DEBUG o.a.netty.channel.DefaultChannelPool - Entry count for : http://localhost:53360 : 1
08:35:31.036 [AsyncHttpClient-1-1] DEBUG o.a.netty.channel.DefaultChannelPool - Entry count for : http://localhost:53360 : 1
08:35:32.129 [AsyncHttpClient-1-1] DEBUG o.a.netty.channel.DefaultChannelPool - Entry count for : http://localhost:53360 : 1
08:35:33.243 [AsyncHttpClient-1-1] DEBUG o.a.netty.channel.DefaultChannelPool - Entry count for : http://localhost:53360 : 1
08:35:34.342 [AsyncHttpClient-1-1] DEBUG o.a.netty.channel.DefaultChannelPool - Entry count for : http://localhost:53360 : 1
08:35:35.435 [AsyncHttpClient-1-1] DEBUG o.a.netty.channel.DefaultChannelPool - Entry count for : http://localhost:53360 : 1
08:35:36.535 [AsyncHttpClient-1-1] DEBUG o.a.netty.channel.DefaultChannelPool - Entry count for : http://localhost:53360 : 1
08:35:37.043 [AsyncHttpClient-1-14] DEBUG o.a.netty.handler.HttpHandler - 

Request DefaultHttpRequest(decodeResult: success, version: HTTP/1.1)
POST /session/dc227a08a9f1de06a21ec0819f8f57da/element/f6a9d94f-9019-4adb-95ab-dc15e7cd41a8/click HTTP/1.1
User-Agent: selenium/4.1.2 (java windows)
Content-Length: 50
Content-Type: application/json; charset=utf-8
host: localhost:64833
accept: */*

Response DefaultHttpResponse(decodeResult: success, version: HTTP/1.1)
HTTP/1.1 200 OK
Content-Type: application/json; charset=utf-8
cache-control: no-cache
content-length: 14

08:35:37.044 [AsyncHttpClient-1-14] DEBUG o.a.netty.channel.ChannelManager - Adding key: http://localhost:64833 for channel [id: 0x67dcdc07, L:/127.0.0.1:53358 - R:localhost/127.0.0.1:64833]
  &amp#27;[32mWhen &amp#27;[0m&amp#27;[32muser login using valid credentials&amp#27;[0m                                                              &amp#27;[90m# stepdefinitions.LoginPageSteps.user_login_using_valid_credentials(io.cucumber.datatable.DataTable)&amp#27;[0m
    | username      | password | titlePage       |
    | author@vrbank | pega123! | Pega Dev Studio |
08:35:37.050 [Forwarding getTitle on session dc227a08a9f1de06a21ec0819f8f57da to remote] DEBUG o.a.netty.request.NettyRequestSender - Using pooled Channel '[id: 0x67dcdc07, L:/127.0.0.1:53358 - R:localhost/127.0.0.1:64833]' for 'GET' to 'http://localhost:64833/session/dc227a08a9f1de06a21ec0819f8f57da/title'
08:35:37.051 [Forwarding getTitle on session dc227a08a9f1de06a21ec0819f8f57da to remote] DEBUG o.a.netty.request.NettyRequestSender - Using open Channel [id: 0x67dcdc07, L:/127.0.0.1:53358 - R:localhost/127.0.0.1:64833] for GET '/session/dc227a08a9f1de06a21ec0819f8f57da/title'
08:35:37.068 [AsyncHttpClient-1-14] DEBUG o.a.netty.handler.HttpHandler - 

Request DefaultFullHttpRequest(decodeResult: success, version: HTTP/1.1, content: EmptyByteBufBE)
GET /session/dc227a08a9f1de06a21ec0819f8f57da/title HTTP/1.1
User-Agent: selenium/4.1.2 (java windows)
Cache-Control: no-cache
Content-Type: application/json; charset=utf-8
host: localhost:64833
accept: */*

Response DefaultHttpResponse(decodeResult: success, version: HTTP/1.1)
HTTP/1.1 200 OK
Content-Type: application/json; charset=utf-8
cache-control: no-cache
content-length: 27

08:35:37.068 [AsyncHttpClient-1-14] DEBUG o.a.netty.channel.ChannelManager - Adding key: http://localhost:64833 for channel [id: 0x67dcdc07, L:/127.0.0.1:53358 - R:localhost/127.0.0.1:64833]
DEBUG [main] (BaseClass.java:37) - verifyApplication: 'Pega Dev Studio' 
DEBUG [main] (BaseClass.java:37)- verifyApplication: 'Pega Dev Studio' 
08:35:37.069 [Forwarding getTitle on session dc227a08a9f1de06a21ec0819f8f57da to remote] DEBUG o.a.netty.request.NettyRequestSender - Using pooled Channel '[id: 0x67dcdc07, L:/127.0.0.1:53358 - R:localhost/127.0.0.1:64833]' for 'GET' to 'http://localhost:64833/session/dc227a08a9f1de06a21ec0819f8f57da/title'
08:35:37.069 [Forwarding getTitle on session dc227a08a9f1de06a21ec0819f8f57da to remote] DEBUG o.a.netty.request.NettyRequestSender - Using open Channel [id: 0x67dcdc07, L:/127.0.0.1:53358 - R:localhost/127.0.0.1:64833] for GET '/session/dc227a08a9f1de06a21ec0819f8f57da/title'
08:35:37.072 [AsyncHttpClient-1-14] DEBUG o.a.netty.handler.HttpHandler - 

Request DefaultFullHttpRequest(decodeResult: success, version: HTTP/1.1, content: EmptyByteBufBE)
GET /session/dc227a08a9f1de06a21ec0819f8f57da/title HTTP/1.1
User-Agent: selenium/4.1.2 (java windows)
Cache-Control: no-cache
Content-Type: application/json; charset=utf-8
host: localhost:64833
accept: */*

Response DefaultHttpResponse(decodeResult: success, version: HTTP/1.1)
HTTP/1.1 200 OK
Content-Type: application/json; charset=utf-8
cache-control: no-cache
content-length: 27

08:35:37.073 [AsyncHttpClient-1-14] DEBUG o.a.netty.channel.ChannelManager - Adding key: http://localhost:64833 for channel [id: 0x67dcdc07, L:/127.0.0.1:53358 - R:localhost/127.0.0.1:64833]
08:35:37.631 [AsyncHttpClient-1-1] DEBUG o.a.netty.channel.DefaultChannelPool - Entry count for : http://localhost:64833 : 1
08:35:37.631 [AsyncHttpClient-1-1] DEBUG o.a.netty.channel.DefaultChannelPool - Entry count for : http://localhost:53360 : 1
08:35:38.739 [AsyncHttpClient-1-1] DEBUG o.a.netty.channel.DefaultChannelPool - Entry count for : http://localhost:64833 : 1
08:35:38.739 [AsyncHttpClient-1-1] DEBUG o.a.netty.channel.DefaultChannelPool - Entry count for : http://localhost:53360 : 1
08:35:39.840 [AsyncHttpClient-1-1] DEBUG o.a.netty.channel.DefaultChannelPool - Entry count for : http://localhost:64833 : 1
08:35:39.840 [AsyncHttpClient-1-1] DEBUG o.a.netty.channel.DefaultChannelPool - Entry count for : http://localhost:53360 : 1
08:35:40.935 [AsyncHttpClient-1-1] DEBUG o.a.netty.channel.DefaultChannelPool - Entry count for : http://localhost:64833 : 1
08:35:40.935 [AsyncHttpClient-1-1] DEBUG o.a.netty.channel.DefaultChannelPool - Entry count for : http://localhost:53360 : 1
08:35:42.038 [AsyncHttpClient-1-1] DEBUG o.a.netty.channel.DefaultChannelPool - Entry count for : http://localhost:64833 : 1
08:35:42.038 [AsyncHttpClient-1-1] DEBUG o.a.netty.channel.DefaultChannelPool - Entry count for : http://localhost:53360 : 1
  &amp#27;[32mThen &amp#27;[0m&amp#27;[32muser should proceed to Dashboard Page&amp#27;[0m                                                           &amp#27;[90m# stepdefinitions.LoginPageSteps.user_should_proceed_to_dashboard_page()&amp#27;[0m
DEBUG [main] (apphooks.java:45) - Close Browser
DEBUG [main] (apphooks.java:45)- Close Browser
08:35:42.087 [AsyncHttpClient-1-16] DEBUG o.a.netty.handler.WebSocketHandler - Channel Closed: [id: 0x8d104b6f, L:/127.0.0.1:53368 ! R:localhost/127.0.0.1:53360] with attribute NettyResponseFuture{currentRetry=5,
	isDone=1,
	isCancelled=0,
	asyncHandler=org.asynchttpclient.ws.WebSocketUpgradeHandler@1285016a,
	nettyRequest=org.asynchttpclient.netty.request.NettyRequest@57879d5e,
	future=java.util.concurrent.CompletableFuture@2459100e[Completed normally],
	uri=ws://localhost:53360/devtools/browser/5508a43d-0a8e-42f8-913a-273717ab2365,
	keepAlive=true,
	redirectCount=0,
	timeoutsHolder=null,
	inAuth=0,
	touch=1648514108147}
08:35:42.087 [Driver Command Executor] DEBUG o.a.netty.request.NettyRequestSender - Using pooled Channel '[id: 0x67dcdc07, L:/127.0.0.1:53358 - R:localhost/127.0.0.1:64833]' for 'DELETE' to 'http://localhost:64833/session/dc227a08a9f1de06a21ec0819f8f57da'
08:35:42.087 [AsyncHttpClient-1-16] DEBUG o.a.netty.channel.ChannelManager - Closing Channel [id: 0x8d104b6f, L:/127.0.0.1:53368 ! R:localhost/127.0.0.1:53360] 
08:35:42.087 [Driver Command Executor] DEBUG o.a.netty.request.NettyRequestSender - Using open Channel [id: 0x67dcdc07, L:/127.0.0.1:53358 - R:localhost/127.0.0.1:64833] for DELETE '/session/dc227a08a9f1de06a21ec0819f8f57da'
08:35:42.136 [AsyncHttpClient-1-15] DEBUG o.a.netty.handler.HttpHandler - Unexpected I/O exception on channel [id: 0x44bebe30, L:/127.0.0.1:53367 - R:localhost/127.0.0.1:53360]
java.net.SocketException: Connection reset
	at java.base/sun.nio.ch.SocketChannelImpl.throwConnectionReset(SocketChannelImpl.java:367) ~[na:na]
	at java.base/sun.nio.ch.SocketChannelImpl.read(SocketChannelImpl.java:398) ~[na:na]
	at io.netty.buffer.PooledByteBuf.setBytes(PooledByteBuf.java:253) ~[netty-buffer-4.1.70.Final.jar:4.1.70.Final]
	at io.netty.buffer.AbstractByteBuf.writeBytes(AbstractByteBuf.java:1132) ~[netty-buffer-4.1.70.Final.jar:4.1.70.Final]
	at io.netty.channel.socket.nio.NioSocketChannel.doReadBytes(NioSocketChannel.java:350) ~[netty-transport-4.1.70.Final.jar:4.1.70.Final]
	at io.netty.channel.nio.AbstractNioByteChannel$NioByteUnsafe.read(AbstractNioByteChannel.java:151) ~[netty-transport-4.1.70.Final.jar:4.1.70.Final]
	at io.netty.channel.nio.NioEventLoop.processSelectedKey(NioEventLoop.java:719) ~[netty-transport-4.1.70.Final.jar:4.1.70.Final]
	at io.netty.channel.nio.NioEventLoop.processSelectedKeysOptimized(NioEventLoop.java:655) ~[netty-transport-4.1.70.Final.jar:4.1.70.Final]
	at io.netty.channel.nio.NioEventLoop.processSelectedKeys(NioEventLoop.java:581) ~[netty-transport-4.1.70.Final.jar:4.1.70.Final]
	at io.netty.channel.nio.NioEventLoop.run(NioEventLoop.java:493) ~[netty-transport-4.1.70.Final.jar:4.1.70.Final]
	at io.netty.util.concurrent.SingleThreadEventExecutor$4.run(SingleThreadEventExecutor.java:986) ~[netty-common-4.1.70.Final.jar:4.1.70.Final]
	at io.netty.util.internal.ThreadExecutorMap$2.run(ThreadExecutorMap.java:74) ~[netty-common-4.1.70.Final.jar:4.1.70.Final]
	at io.netty.util.concurrent.FastThreadLocalRunnable.run(FastThreadLocalRunnable.java:30) ~[netty-common-4.1.70.Final.jar:4.1.70.Final]
	at java.base/java.lang.Thread.run(Thread.java:832) ~[na:na]
08:35:42.136 [AsyncHttpClient-1-15] DEBUG o.a.netty.channel.ChannelManager - Closing Channel [id: 0x44bebe30, L:/127.0.0.1:53367 - R:localhost/127.0.0.1:53360] 
08:35:42.136 [AsyncHttpClient-1-15] DEBUG o.a.netty.handler.HttpHandler - Channel Closed: [id: 0x44bebe30, L:/127.0.0.1:53367 ! R:localhost/127.0.0.1:53360] with attribute DISCARD
08:35:42.153 [AsyncHttpClient-1-14] DEBUG o.a.netty.handler.HttpHandler - 

Request DefaultFullHttpRequest(decodeResult: success, version: HTTP/1.1, content: EmptyByteBufBE)
DELETE /session/dc227a08a9f1de06a21ec0819f8f57da HTTP/1.1
User-Agent: selenium/4.1.2 (java windows)
Content-Type: application/json; charset=utf-8
host: localhost:64833
accept: */*

Response DefaultHttpResponse(decodeResult: success, version: HTTP/1.1)
HTTP/1.1 200 OK
Content-Type: application/json; charset=utf-8
cache-control: no-cache
content-length: 14

08:35:42.154 [AsyncHttpClient-1-14] DEBUG o.a.netty.channel.ChannelManager - Adding key: http://localhost:64833 for channel [id: 0x67dcdc07, L:/127.0.0.1:53358 - R:localhost/127.0.0.1:64833]
08:35:42.233 [AsyncHttpClient-1-14] DEBUG o.a.netty.handler.HttpHandler - Channel Closed: [id: 0x67dcdc07, L:/127.0.0.1:53358 ! R:localhost/127.0.0.1:64833] with attribute DISCARD
08:35:42.759 [main] INFO   - 
  _____   ___   ___   _____     ___     _     ___   ___   ___   ___  
 |_   _| | __| / __| |_   _|   | _ \   /_\   / __| / __| | __| |   \ 
   | |   | _|  \__ \   | |     |  _/  / _ \  \__ \ \__ \ | _|  | |) |
   |_|   |___| |___/   |_|     |_|   /_/ \_\ |___/ |___/ |___| |___/ 

Login to PEGA Site using Author, Manager and User
----------------------------------------------------------------------
]]></system-out>
    <system-err><![CDATA[Starting ChromeDriver 99.0.4844.51 (d537ec02474b5afe23684e7963d538896c63ac77-refs/branch-heads/4844@{#875}) on port 64833
Only local connections are allowed.
Please see https://chromedriver.chromium.org/security-considerations for suggestions on keeping ChromeDriver safe.
ChromeDriver was started successfully.
Cleaning up unclosed ZipFile for archive Z:\Automation\JavaCucumber\BDD_HCL\CucumberHCL\.\src\main\resources\TestData\InvalidUserCredentials.xlsx
Mar 29, 2022 8:35:08 AM org.openqa.selenium.remote.ProtocolHandshake createSession
INFO: Detected dialect: W3C
Mar 29, 2022 8:35:08 AM org.openqa.selenium.devtools.CdpVersionFinder findNearestMatch
WARNING: Unable to find an exact match for CDP version 99, so returning the closest version found: 96
Mar 29, 2022 8:35:08 AM org.openqa.selenium.devtools.CdpVersionFinder findNearestMatch
INFO: Found CDP implementation for version 99 of 96
]]></system-err>
  </testcase>
  <testcase name="Login to PEGA Site using User" classname="Validate And Verify Login Page to PEGA Site" time="34.643">
    <system-out><![CDATA[
@All @Regression
Scenario: Login to PEGA Site using User                                                                &amp#27;[90m# src/main/resources/AppFeatures/ValidateAndVerifyLoginPage.feature:30&amp#27;[0m
08:35:42.766 [main] INFO  i.c.core.plugin.SerenityReporter - Running feature from file:///Z:/Automation/JavaCucumber/BDD_HCL/CucumberHCL/src/main/resources/AppFeatures/ValidateAndVerifyLoginPage.feature
08:35:42.766 [main] WARN  i.c.core.plugin.SerenityReporter - Feature from file:///Z:/Automation/JavaCucumber/BDD_HCL/CucumberHCL/src/main/resources/AppFeatures/ValidateAndVerifyLoginPage.feature is not under the 'features' directory. Requirements report will not be correctly generated!
08:35:42.767 [main] INFO   - 
  _____   ___   ___   _____     ___   _____     _     ___   _____   ___   ___  
 |_   _| | __| / __| |_   _|   / __| |_   _|   /_\   | _ \ |_   _| | __| |   \ 
   | |   | _|  \__ \   | |     \__ \   | |    / _ \  |   /   | |   | _|  | |) |
   |_|   |___| |___/   |_|     |___/   |_|   /_/ \_\ |_|_\   |_|   |___| |___/ 

Login to PEGA Site using User(validate-and-verify-login-page-to-pega-site;login-to-pega-site-using-user)
--------------------------------------------------------------------------------
DEBUG [main] (apphooks.java:34) - Set up Browser
DEBUG [main] (apphooks.java:34)- Set up Browser
08:35:42.774 [main] DEBUG com.pages.drivers.DriversFactory - Initialize Driver Browser Configuration
08:35:42.774 [main] DEBUG com.pages.drivers.DriversFactory -  Driver Browser : chrome
08:35:42.805 [main] DEBUG i.g.bonigarcia.wdm.WebDriverManager - Driver chromedriver 99.0.4844.51 found in cache
08:35:42.806 [main] INFO  i.g.bonigarcia.wdm.WebDriverManager - Exporting webdriver.chrome.driver as C:\Users\DheyClaveria\.cache\selenium\chromedriver\win32\99.0.4844.51\chromedriver.exe
08:35:43.135 [AsyncHttpClient-1-1] DEBUG o.a.netty.channel.DefaultChannelPool - Entry count for : http://localhost:64833 : 1
08:35:43.135 [AsyncHttpClient-1-1] DEBUG o.a.netty.channel.DefaultChannelPool - Entry count for : http://localhost:53360 : 1
08:35:43.135 [AsyncHttpClient-1-1] DEBUG o.a.netty.channel.DefaultChannelPool - Adding Candidate expired Channel [id: 0x67dcdc07, L:/127.0.0.1:53358 ! R:localhost/127.0.0.1:64833] isIdleTimeoutExpired=false isRemotelyClosed=true isTtlExpired=false
08:35:43.135 [AsyncHttpClient-1-1] DEBUG o.a.netty.channel.DefaultChannelPool - Closing Idle Channel [id: 0x67dcdc07, L:/127.0.0.1:53358 ! R:localhost/127.0.0.1:64833]
08:35:43.135 [AsyncHttpClient-1-1] DEBUG o.a.netty.channel.DefaultChannelPool - Adding Candidate expired Channel [id: 0x44bebe30, L:/127.0.0.1:53367 ! R:localhost/127.0.0.1:53360] isIdleTimeoutExpired=false isRemotelyClosed=true isTtlExpired=false
08:35:43.135 [AsyncHttpClient-1-1] DEBUG o.a.netty.channel.DefaultChannelPool - Closing Idle Channel [id: 0x44bebe30, L:/127.0.0.1:53367 ! R:localhost/127.0.0.1:53360]
08:35:43.135 [AsyncHttpClient-1-1] DEBUG o.a.netty.channel.DefaultChannelPool - Closed 2 connections out of 2 in 0 ms
08:35:43.341 [AsyncHttpClient-1-17] DEBUG o.a.n.channel.NettyConnectListener - Using new Channel '[id: 0x40371588, L:/127.0.0.1:53527 - R:localhost/127.0.0.1:59460]' for 'POST' to '/session'
08:35:44.527 [AsyncHttpClient-1-17] DEBUG o.a.netty.handler.HttpHandler - 

Request DefaultHttpRequest(decodeResult: success, version: HTTP/1.1)
POST /session HTTP/1.1
User-Agent: selenium/4.1.2 (java windows)
Content-Length: 365
Content-Type: application/json; charset=utf-8
host: localhost:59460
accept: */*

Response DefaultHttpResponse(decodeResult: success, version: HTTP/1.1)
HTTP/1.1 200 OK
Content-Type: application/json; charset=utf-8
cache-control: no-cache
content-length: 795

08:35:44.527 [AsyncHttpClient-1-17] DEBUG o.a.netty.channel.ChannelManager - Adding key: http://localhost:59460 for channel [id: 0x40371588, L:/127.0.0.1:53527 - R:localhost/127.0.0.1:59460]
08:35:44.533 [AsyncHttpClient-1-18] DEBUG o.a.n.channel.NettyConnectListener - Using new Channel '[id: 0x506db928, L:/127.0.0.1:53550 - R:localhost/127.0.0.1:53544]' for 'GET' to '/json/version'
08:35:44.539 [AsyncHttpClient-1-18] DEBUG o.a.netty.handler.HttpHandler - 

Request DefaultFullHttpRequest(decodeResult: success, version: HTTP/1.1, content: EmptyByteBufBE)
GET /json/version HTTP/1.1
User-Agent: selenium/4.1.2 (java windows)
host: localhost:53544
accept: */*

Response DefaultHttpResponse(decodeResult: success, version: HTTP/1.1)
HTTP/1.1 200 OK
Content-Type: application/json; charset=UTF-8
content-length: 423

08:35:44.539 [AsyncHttpClient-1-18] DEBUG o.a.netty.channel.ChannelManager - Adding key: http://localhost:53544 for channel [id: 0x506db928, L:/127.0.0.1:53550 - R:localhost/127.0.0.1:53544]
08:35:44.542 [AsyncHttpClient-1-19] DEBUG o.a.n.channel.NettyConnectListener - Using new Channel '[id: 0xca3fbea1, L:/127.0.0.1:53551 - R:localhost/127.0.0.1:53544]' for 'GET' to '/devtools/browser/7388ac29-7e24-421a-993b-5a999dcf732e'
08:35:44.549 [AsyncHttpClient-1-19] DEBUG o.a.netty.handler.WebSocketHandler - 

Request DefaultFullHttpRequest(decodeResult: success, version: HTTP/1.1, content: EmptyByteBufBE)
GET /devtools/browser/7388ac29-7e24-421a-993b-5a999dcf732e HTTP/1.1
upgrade: websocket
connection: upgrade
sec-websocket-key: cKNhvkkGLtYEc1plKga8Eg==
sec-websocket-version: 13
origin: http://localhost:53544
host: localhost:53544
accept: */*
user-agent: AHC/2.1

Response DefaultHttpResponse(decodeResult: success, version: HTTP/1.1)
HTTP/1.1 101 WebSocket Protocol Handshake
Upgrade: WebSocket
Connection: Upgrade
Sec-WebSocket-Accept: +ZmJGTc5RVj2C6Tf6aLMXomz5MQ=

08:35:44.552 [Forwarding deleteAllCookies on session b3ba31c106d523f73b28bf73db270e0e to remote] DEBUG o.a.netty.request.NettyRequestSender - Using pooled Channel '[id: 0x40371588, L:/127.0.0.1:53527 - R:localhost/127.0.0.1:59460]' for 'DELETE' to 'http://localhost:59460/session/b3ba31c106d523f73b28bf73db270e0e/cookie'
08:35:44.552 [Forwarding deleteAllCookies on session b3ba31c106d523f73b28bf73db270e0e to remote] DEBUG o.a.netty.request.NettyRequestSender - Using open Channel [id: 0x40371588, L:/127.0.0.1:53527 - R:localhost/127.0.0.1:59460] for DELETE '/session/b3ba31c106d523f73b28bf73db270e0e/cookie'
08:35:44.558 [AsyncHttpClient-1-17] DEBUG o.a.netty.handler.HttpHandler - 

Request DefaultFullHttpRequest(decodeResult: success, version: HTTP/1.1, content: EmptyByteBufBE)
DELETE /session/b3ba31c106d523f73b28bf73db270e0e/cookie HTTP/1.1
User-Agent: selenium/4.1.2 (java windows)
Content-Type: application/json; charset=utf-8
host: localhost:59460
accept: */*

Response DefaultHttpResponse(decodeResult: success, version: HTTP/1.1)
HTTP/1.1 200 OK
Content-Type: application/json; charset=utf-8
cache-control: no-cache
content-length: 14

08:35:44.559 [AsyncHttpClient-1-17] DEBUG o.a.netty.channel.ChannelManager - Adding key: http://localhost:59460 for channel [id: 0x40371588, L:/127.0.0.1:53527 - R:localhost/127.0.0.1:59460]
08:35:44.560 [Forwarding maximizeCurrentWindow on session b3ba31c106d523f73b28bf73db270e0e to remote] DEBUG o.a.netty.request.NettyRequestSender - Using pooled Channel '[id: 0x40371588, L:/127.0.0.1:53527 - R:localhost/127.0.0.1:59460]' for 'POST' to 'http://localhost:59460/session/b3ba31c106d523f73b28bf73db270e0e/window/maximize'
08:35:44.560 [Forwarding maximizeCurrentWindow on session b3ba31c106d523f73b28bf73db270e0e to remote] DEBUG o.a.netty.request.NettyRequestSender - Using open Channel [id: 0x40371588, L:/127.0.0.1:53527 - R:localhost/127.0.0.1:59460] for POST '/session/b3ba31c106d523f73b28bf73db270e0e/window/maximize'
08:35:44.684 [AsyncHttpClient-1-17] DEBUG o.a.netty.handler.HttpHandler - 

Request DefaultHttpRequest(decodeResult: success, version: HTTP/1.1)
POST /session/b3ba31c106d523f73b28bf73db270e0e/window/maximize HTTP/1.1
User-Agent: selenium/4.1.2 (java windows)
Content-Length: 3
Content-Type: application/json; charset=utf-8
host: localhost:59460
accept: */*

Response DefaultHttpResponse(decodeResult: success, version: HTTP/1.1)
HTTP/1.1 200 OK
Content-Type: application/json; charset=utf-8
cache-control: no-cache
content-length: 52

08:35:44.685 [AsyncHttpClient-1-17] DEBUG o.a.netty.channel.ChannelManager - Adding key: http://localhost:59460 for channel [id: 0x40371588, L:/127.0.0.1:53527 - R:localhost/127.0.0.1:59460]
08:35:44.689 [Forwarding get on session b3ba31c106d523f73b28bf73db270e0e to remote] DEBUG o.a.netty.request.NettyRequestSender - Using pooled Channel '[id: 0x40371588, L:/127.0.0.1:53527 - R:localhost/127.0.0.1:59460]' for 'POST' to 'http://localhost:59460/session/b3ba31c106d523f73b28bf73db270e0e/url'
08:35:44.689 [Forwarding get on session b3ba31c106d523f73b28bf73db270e0e to remote] DEBUG o.a.netty.request.NettyRequestSender - Using open Channel [id: 0x40371588, L:/127.0.0.1:53527 - R:localhost/127.0.0.1:59460] for POST '/session/b3ba31c106d523f73b28bf73db270e0e/url'
08:35:44.925 [AsyncHttpClient-1-17] DEBUG o.a.netty.handler.HttpHandler - 

Request DefaultHttpRequest(decodeResult: success, version: HTTP/1.1)
POST /session/b3ba31c106d523f73b28bf73db270e0e/url HTTP/1.1
User-Agent: selenium/4.1.2 (java windows)
Content-Length: 148
Content-Type: application/json; charset=utf-8
host: localhost:59460
accept: */*

Response DefaultHttpResponse(decodeResult: success, version: HTTP/1.1)
HTTP/1.1 200 OK
Content-Type: application/json; charset=utf-8
cache-control: no-cache
content-length: 14

08:35:44.926 [AsyncHttpClient-1-17] DEBUG o.a.netty.channel.ChannelManager - Adding key: http://localhost:59460 for channel [id: 0x40371588, L:/127.0.0.1:53527 - R:localhost/127.0.0.1:59460]
08:35:44.927 [Forwarding getTitle on session b3ba31c106d523f73b28bf73db270e0e to remote] DEBUG o.a.netty.request.NettyRequestSender - Using pooled Channel '[id: 0x40371588, L:/127.0.0.1:53527 - R:localhost/127.0.0.1:59460]' for 'GET' to 'http://localhost:59460/session/b3ba31c106d523f73b28bf73db270e0e/title'
08:35:44.927 [Forwarding getTitle on session b3ba31c106d523f73b28bf73db270e0e to remote] DEBUG o.a.netty.request.NettyRequestSender - Using open Channel [id: 0x40371588, L:/127.0.0.1:53527 - R:localhost/127.0.0.1:59460] for GET '/session/b3ba31c106d523f73b28bf73db270e0e/title'
08:35:44.931 [AsyncHttpClient-1-17] DEBUG o.a.netty.handler.HttpHandler - 

Request DefaultFullHttpRequest(decodeResult: success, version: HTTP/1.1, content: EmptyByteBufBE)
GET /session/b3ba31c106d523f73b28bf73db270e0e/title HTTP/1.1
User-Agent: selenium/4.1.2 (java windows)
Cache-Control: no-cache
Content-Type: application/json; charset=utf-8
host: localhost:59460
accept: */*

Response DefaultHttpResponse(decodeResult: success, version: HTTP/1.1)
HTTP/1.1 200 OK
Content-Type: application/json; charset=utf-8
cache-control: no-cache
content-length: 22

08:35:44.932 [AsyncHttpClient-1-17] DEBUG o.a.netty.channel.ChannelManager - Adding key: http://localhost:59460 for channel [id: 0x40371588, L:/127.0.0.1:53527 - R:localhost/127.0.0.1:59460]
DEBUG [main] (BaseClass.java:37) - verifyApplication: 'Login Page' 
DEBUG [main] (BaseClass.java:37)- verifyApplication: 'Login Page' 
08:35:44.933 [Forwarding getTitle on session b3ba31c106d523f73b28bf73db270e0e to remote] DEBUG o.a.netty.request.NettyRequestSender - Using pooled Channel '[id: 0x40371588, L:/127.0.0.1:53527 - R:localhost/127.0.0.1:59460]' for 'GET' to 'http://localhost:59460/session/b3ba31c106d523f73b28bf73db270e0e/title'
08:35:44.933 [Forwarding getTitle on session b3ba31c106d523f73b28bf73db270e0e to remote] DEBUG o.a.netty.request.NettyRequestSender - Using open Channel [id: 0x40371588, L:/127.0.0.1:53527 - R:localhost/127.0.0.1:59460] for GET '/session/b3ba31c106d523f73b28bf73db270e0e/title'
08:35:44.936 [AsyncHttpClient-1-17] DEBUG o.a.netty.handler.HttpHandler - 

Request DefaultFullHttpRequest(decodeResult: success, version: HTTP/1.1, content: EmptyByteBufBE)
GET /session/b3ba31c106d523f73b28bf73db270e0e/title HTTP/1.1
User-Agent: selenium/4.1.2 (java windows)
Cache-Control: no-cache
Content-Type: application/json; charset=utf-8
host: localhost:59460
accept: */*

Response DefaultHttpResponse(decodeResult: success, version: HTTP/1.1)
HTTP/1.1 200 OK
Content-Type: application/json; charset=utf-8
cache-control: no-cache
content-length: 22

08:35:44.936 [AsyncHttpClient-1-17] DEBUG o.a.netty.channel.ChannelManager - Adding key: http://localhost:59460 for channel [id: 0x40371588, L:/127.0.0.1:53527 - R:localhost/127.0.0.1:59460]
08:35:45.336 [AsyncHttpClient-1-1] DEBUG o.a.netty.channel.DefaultChannelPool - Entry count for : http://localhost:59460 : 1
08:35:45.336 [AsyncHttpClient-1-1] DEBUG o.a.netty.channel.DefaultChannelPool - Entry count for : http://localhost:53544 : 1
08:35:46.438 [AsyncHttpClient-1-1] DEBUG o.a.netty.channel.DefaultChannelPool - Entry count for : http://localhost:59460 : 1
08:35:46.438 [AsyncHttpClient-1-1] DEBUG o.a.netty.channel.DefaultChannelPool - Entry count for : http://localhost:53544 : 1
08:35:47.538 [AsyncHttpClient-1-1] DEBUG o.a.netty.channel.DefaultChannelPool - Entry count for : http://localhost:59460 : 1
08:35:47.538 [AsyncHttpClient-1-1] DEBUG o.a.netty.channel.DefaultChannelPool - Entry count for : http://localhost:53544 : 1
08:35:48.638 [AsyncHttpClient-1-1] DEBUG o.a.netty.channel.DefaultChannelPool - Entry count for : http://localhost:59460 : 1
08:35:48.638 [AsyncHttpClient-1-1] DEBUG o.a.netty.channel.DefaultChannelPool - Entry count for : http://localhost:53544 : 1
08:35:49.730 [AsyncHttpClient-1-1] DEBUG o.a.netty.channel.DefaultChannelPool - Entry count for : http://localhost:59460 : 1
08:35:49.730 [AsyncHttpClient-1-1] DEBUG o.a.netty.channel.DefaultChannelPool - Entry count for : http://localhost:53544 : 1
  &amp#27;[32mGiven &amp#27;[0m&amp#27;[32mthat the user should navigate in PEGA Login Page&amp#27;[0m                                               &amp#27;[90m# stepdefinitions.LoginPageSteps.that_the_user_should_navigate_in_pega_login_page()&amp#27;[0m
DEBUG [main] (LoginPage.java:44) - verifyPageElements : Current Element = 'By.xpath: //div[@id="credentials"]//div[@class="field user"]//input' 
DEBUG [main] (LoginPage.java:44)- verifyPageElements : Current Element = 'By.xpath: //div[@id="credentials"]//div[@class="field user"]//input' 
08:35:49.955 [Forwarding findElement on session b3ba31c106d523f73b28bf73db270e0e to remote] DEBUG o.a.netty.request.NettyRequestSender - Using pooled Channel '[id: 0x40371588, L:/127.0.0.1:53527 - R:localhost/127.0.0.1:59460]' for 'POST' to 'http://localhost:59460/session/b3ba31c106d523f73b28bf73db270e0e/element'
08:35:49.955 [Forwarding findElement on session b3ba31c106d523f73b28bf73db270e0e to remote] DEBUG o.a.netty.request.NettyRequestSender - Using open Channel [id: 0x40371588, L:/127.0.0.1:53527 - R:localhost/127.0.0.1:59460] for POST '/session/b3ba31c106d523f73b28bf73db270e0e/element'
08:35:49.970 [AsyncHttpClient-1-17] DEBUG o.a.netty.handler.HttpHandler - 

Request DefaultHttpRequest(decodeResult: success, version: HTTP/1.1)
POST /session/b3ba31c106d523f73b28bf73db270e0e/element HTTP/1.1
User-Agent: selenium/4.1.2 (java windows)
Content-Length: 128
Content-Type: application/json; charset=utf-8
host: localhost:59460
accept: */*

Response DefaultHttpResponse(decodeResult: success, version: HTTP/1.1)
HTTP/1.1 200 OK
Content-Type: application/json; charset=utf-8
cache-control: no-cache
content-length: 88

08:35:49.971 [AsyncHttpClient-1-17] DEBUG o.a.netty.channel.ChannelManager - Adding key: http://localhost:59460 for channel [id: 0x40371588, L:/127.0.0.1:53527 - R:localhost/127.0.0.1:59460]
08:35:49.976 [Forwarding isElementDisplayed on session b3ba31c106d523f73b28bf73db270e0e to remote] DEBUG o.a.netty.request.NettyRequestSender - Using pooled Channel '[id: 0x40371588, L:/127.0.0.1:53527 - R:localhost/127.0.0.1:59460]' for 'POST' to 'http://localhost:59460/session/b3ba31c106d523f73b28bf73db270e0e/execute/sync'
08:35:49.976 [Forwarding isElementDisplayed on session b3ba31c106d523f73b28bf73db270e0e to remote] DEBUG o.a.netty.request.NettyRequestSender - Using open Channel [id: 0x40371588, L:/127.0.0.1:53527 - R:localhost/127.0.0.1:59460] for POST '/session/b3ba31c106d523f73b28bf73db270e0e/execute/sync'
08:35:50.001 [AsyncHttpClient-1-17] DEBUG o.a.netty.handler.HttpHandler - 

Request DefaultHttpRequest(decodeResult: success, version: HTTP/1.1)
POST /session/b3ba31c106d523f73b28bf73db270e0e/execute/sync HTTP/1.1
User-Agent: selenium/4.1.2 (java windows)
Content-Length: 48780
Content-Type: application/json; charset=utf-8
host: localhost:59460
accept: */*

Response DefaultHttpResponse(decodeResult: success, version: HTTP/1.1)
HTTP/1.1 200 OK
Content-Type: application/json; charset=utf-8
cache-control: no-cache
content-length: 14

08:35:50.001 [AsyncHttpClient-1-17] DEBUG o.a.netty.channel.ChannelManager - Adding key: http://localhost:59460 for channel [id: 0x40371588, L:/127.0.0.1:53527 - R:localhost/127.0.0.1:59460]
08:35:50.003 [Forwarding findElement on session b3ba31c106d523f73b28bf73db270e0e to remote] DEBUG o.a.netty.request.NettyRequestSender - Using pooled Channel '[id: 0x40371588, L:/127.0.0.1:53527 - R:localhost/127.0.0.1:59460]' for 'POST' to 'http://localhost:59460/session/b3ba31c106d523f73b28bf73db270e0e/element'
08:35:50.003 [Forwarding findElement on session b3ba31c106d523f73b28bf73db270e0e to remote] DEBUG o.a.netty.request.NettyRequestSender - Using open Channel [id: 0x40371588, L:/127.0.0.1:53527 - R:localhost/127.0.0.1:59460] for POST '/session/b3ba31c106d523f73b28bf73db270e0e/element'
08:35:50.009 [AsyncHttpClient-1-17] DEBUG o.a.netty.handler.HttpHandler - 

Request DefaultHttpRequest(decodeResult: success, version: HTTP/1.1)
POST /session/b3ba31c106d523f73b28bf73db270e0e/element HTTP/1.1
User-Agent: selenium/4.1.2 (java windows)
Content-Length: 128
Content-Type: application/json; charset=utf-8
host: localhost:59460
accept: */*

Response DefaultHttpResponse(decodeResult: success, version: HTTP/1.1)
HTTP/1.1 200 OK
Content-Type: application/json; charset=utf-8
cache-control: no-cache
content-length: 88

08:35:50.010 [AsyncHttpClient-1-17] DEBUG o.a.netty.channel.ChannelManager - Adding key: http://localhost:59460 for channel [id: 0x40371588, L:/127.0.0.1:53527 - R:localhost/127.0.0.1:59460]
08:35:50.014 [Forwarding isElementDisplayed on session b3ba31c106d523f73b28bf73db270e0e to remote] DEBUG o.a.netty.request.NettyRequestSender - Using pooled Channel '[id: 0x40371588, L:/127.0.0.1:53527 - R:localhost/127.0.0.1:59460]' for 'POST' to 'http://localhost:59460/session/b3ba31c106d523f73b28bf73db270e0e/execute/sync'
08:35:50.015 [Forwarding isElementDisplayed on session b3ba31c106d523f73b28bf73db270e0e to remote] DEBUG o.a.netty.request.NettyRequestSender - Using open Channel [id: 0x40371588, L:/127.0.0.1:53527 - R:localhost/127.0.0.1:59460] for POST '/session/b3ba31c106d523f73b28bf73db270e0e/execute/sync'
08:35:50.029 [AsyncHttpClient-1-17] DEBUG o.a.netty.handler.HttpHandler - 

Request DefaultHttpRequest(decodeResult: success, version: HTTP/1.1)
POST /session/b3ba31c106d523f73b28bf73db270e0e/execute/sync HTTP/1.1
User-Agent: selenium/4.1.2 (java windows)
Content-Length: 48780
Content-Type: application/json; charset=utf-8
host: localhost:59460
accept: */*

Response DefaultHttpResponse(decodeResult: success, version: HTTP/1.1)
HTTP/1.1 200 OK
Content-Type: application/json; charset=utf-8
cache-control: no-cache
content-length: 14

08:35:50.030 [AsyncHttpClient-1-17] DEBUG o.a.netty.channel.ChannelManager - Adding key: http://localhost:59460 for channel [id: 0x40371588, L:/127.0.0.1:53527 - R:localhost/127.0.0.1:59460]
08:35:50.031 [Forwarding findElement on session b3ba31c106d523f73b28bf73db270e0e to remote] DEBUG o.a.netty.request.NettyRequestSender - Using pooled Channel '[id: 0x40371588, L:/127.0.0.1:53527 - R:localhost/127.0.0.1:59460]' for 'POST' to 'http://localhost:59460/session/b3ba31c106d523f73b28bf73db270e0e/element'
08:35:50.031 [Forwarding findElement on session b3ba31c106d523f73b28bf73db270e0e to remote] DEBUG o.a.netty.request.NettyRequestSender - Using open Channel [id: 0x40371588, L:/127.0.0.1:53527 - R:localhost/127.0.0.1:59460] for POST '/session/b3ba31c106d523f73b28bf73db270e0e/element'
08:35:50.039 [AsyncHttpClient-1-17] DEBUG o.a.netty.handler.HttpHandler - 

Request DefaultHttpRequest(decodeResult: success, version: HTTP/1.1)
POST /session/b3ba31c106d523f73b28bf73db270e0e/element HTTP/1.1
User-Agent: selenium/4.1.2 (java windows)
Content-Length: 128
Content-Type: application/json; charset=utf-8
host: localhost:59460
accept: */*

Response DefaultHttpResponse(decodeResult: success, version: HTTP/1.1)
HTTP/1.1 200 OK
Content-Type: application/json; charset=utf-8
cache-control: no-cache
content-length: 88

08:35:50.040 [AsyncHttpClient-1-17] DEBUG o.a.netty.channel.ChannelManager - Adding key: http://localhost:59460 for channel [id: 0x40371588, L:/127.0.0.1:53527 - R:localhost/127.0.0.1:59460]
08:35:50.041 [Forwarding isElementEnabled on session b3ba31c106d523f73b28bf73db270e0e to remote] DEBUG o.a.netty.request.NettyRequestSender - Using pooled Channel '[id: 0x40371588, L:/127.0.0.1:53527 - R:localhost/127.0.0.1:59460]' for 'GET' to 'http://localhost:59460/session/b3ba31c106d523f73b28bf73db270e0e/element/e21b1469-21e0-460b-9a54-0dcf681cedfc/enabled'
08:35:50.041 [Forwarding isElementEnabled on session b3ba31c106d523f73b28bf73db270e0e to remote] DEBUG o.a.netty.request.NettyRequestSender - Using open Channel [id: 0x40371588, L:/127.0.0.1:53527 - R:localhost/127.0.0.1:59460] for GET '/session/b3ba31c106d523f73b28bf73db270e0e/element/e21b1469-21e0-460b-9a54-0dcf681cedfc/enabled'
08:35:50.050 [AsyncHttpClient-1-17] DEBUG o.a.netty.handler.HttpHandler - 

Request DefaultFullHttpRequest(decodeResult: success, version: HTTP/1.1, content: EmptyByteBufBE)
GET /session/b3ba31c106d523f73b28bf73db270e0e/element/e21b1469-21e0-460b-9a54-0dcf681cedfc/enabled HTTP/1.1
User-Agent: selenium/4.1.2 (java windows)
Cache-Control: no-cache
Content-Type: application/json; charset=utf-8
host: localhost:59460
accept: */*

Response DefaultHttpResponse(decodeResult: success, version: HTTP/1.1)
HTTP/1.1 200 OK
Content-Type: application/json; charset=utf-8
cache-control: no-cache
content-length: 14

08:35:50.050 [AsyncHttpClient-1-17] DEBUG o.a.netty.channel.ChannelManager - Adding key: http://localhost:59460 for channel [id: 0x40371588, L:/127.0.0.1:53527 - R:localhost/127.0.0.1:59460]
DEBUG [main] (LoginPage.java:44) - verifyPageElements : Current Element = 'By.xpath: //div[@id="credentials"]//div[@class="field password"]//input' 
DEBUG [main] (LoginPage.java:44)- verifyPageElements : Current Element = 'By.xpath: //div[@id="credentials"]//div[@class="field password"]//input' 
08:35:50.052 [Forwarding findElement on session b3ba31c106d523f73b28bf73db270e0e to remote] DEBUG o.a.netty.request.NettyRequestSender - Using pooled Channel '[id: 0x40371588, L:/127.0.0.1:53527 - R:localhost/127.0.0.1:59460]' for 'POST' to 'http://localhost:59460/session/b3ba31c106d523f73b28bf73db270e0e/element'
08:35:50.052 [Forwarding findElement on session b3ba31c106d523f73b28bf73db270e0e to remote] DEBUG o.a.netty.request.NettyRequestSender - Using open Channel [id: 0x40371588, L:/127.0.0.1:53527 - R:localhost/127.0.0.1:59460] for POST '/session/b3ba31c106d523f73b28bf73db270e0e/element'
08:35:50.066 [AsyncHttpClient-1-17] DEBUG o.a.netty.handler.HttpHandler - 

Request DefaultHttpRequest(decodeResult: success, version: HTTP/1.1)
POST /session/b3ba31c106d523f73b28bf73db270e0e/element HTTP/1.1
User-Agent: selenium/4.1.2 (java windows)
Content-Length: 132
Content-Type: application/json; charset=utf-8
host: localhost:59460
accept: */*

Response DefaultHttpResponse(decodeResult: success, version: HTTP/1.1)
HTTP/1.1 200 OK
Content-Type: application/json; charset=utf-8
cache-control: no-cache
content-length: 88

08:35:50.066 [AsyncHttpClient-1-17] DEBUG o.a.netty.channel.ChannelManager - Adding key: http://localhost:59460 for channel [id: 0x40371588, L:/127.0.0.1:53527 - R:localhost/127.0.0.1:59460]
08:35:50.071 [Forwarding isElementDisplayed on session b3ba31c106d523f73b28bf73db270e0e to remote] DEBUG o.a.netty.request.NettyRequestSender - Using pooled Channel '[id: 0x40371588, L:/127.0.0.1:53527 - R:localhost/127.0.0.1:59460]' for 'POST' to 'http://localhost:59460/session/b3ba31c106d523f73b28bf73db270e0e/execute/sync'
08:35:50.071 [Forwarding isElementDisplayed on session b3ba31c106d523f73b28bf73db270e0e to remote] DEBUG o.a.netty.request.NettyRequestSender - Using open Channel [id: 0x40371588, L:/127.0.0.1:53527 - R:localhost/127.0.0.1:59460] for POST '/session/b3ba31c106d523f73b28bf73db270e0e/execute/sync'
08:35:50.084 [AsyncHttpClient-1-17] DEBUG o.a.netty.handler.HttpHandler - 

Request DefaultHttpRequest(decodeResult: success, version: HTTP/1.1)
POST /session/b3ba31c106d523f73b28bf73db270e0e/execute/sync HTTP/1.1
User-Agent: selenium/4.1.2 (java windows)
Content-Length: 48780
Content-Type: application/json; charset=utf-8
host: localhost:59460
accept: */*

Response DefaultHttpResponse(decodeResult: success, version: HTTP/1.1)
HTTP/1.1 200 OK
Content-Type: application/json; charset=utf-8
cache-control: no-cache
content-length: 14

08:35:50.084 [AsyncHttpClient-1-17] DEBUG o.a.netty.channel.ChannelManager - Adding key: http://localhost:59460 for channel [id: 0x40371588, L:/127.0.0.1:53527 - R:localhost/127.0.0.1:59460]
08:35:50.085 [Forwarding findElement on session b3ba31c106d523f73b28bf73db270e0e to remote] DEBUG o.a.netty.request.NettyRequestSender - Using pooled Channel '[id: 0x40371588, L:/127.0.0.1:53527 - R:localhost/127.0.0.1:59460]' for 'POST' to 'http://localhost:59460/session/b3ba31c106d523f73b28bf73db270e0e/element'
08:35:50.085 [Forwarding findElement on session b3ba31c106d523f73b28bf73db270e0e to remote] DEBUG o.a.netty.request.NettyRequestSender - Using open Channel [id: 0x40371588, L:/127.0.0.1:53527 - R:localhost/127.0.0.1:59460] for POST '/session/b3ba31c106d523f73b28bf73db270e0e/element'
08:35:50.092 [AsyncHttpClient-1-17] DEBUG o.a.netty.handler.HttpHandler - 

Request DefaultHttpRequest(decodeResult: success, version: HTTP/1.1)
POST /session/b3ba31c106d523f73b28bf73db270e0e/element HTTP/1.1
User-Agent: selenium/4.1.2 (java windows)
Content-Length: 132
Content-Type: application/json; charset=utf-8
host: localhost:59460
accept: */*

Response DefaultHttpResponse(decodeResult: success, version: HTTP/1.1)
HTTP/1.1 200 OK
Content-Type: application/json; charset=utf-8
cache-control: no-cache
content-length: 88

08:35:50.092 [AsyncHttpClient-1-17] DEBUG o.a.netty.channel.ChannelManager - Adding key: http://localhost:59460 for channel [id: 0x40371588, L:/127.0.0.1:53527 - R:localhost/127.0.0.1:59460]
08:35:50.097 [Forwarding isElementDisplayed on session b3ba31c106d523f73b28bf73db270e0e to remote] DEBUG o.a.netty.request.NettyRequestSender - Using pooled Channel '[id: 0x40371588, L:/127.0.0.1:53527 - R:localhost/127.0.0.1:59460]' for 'POST' to 'http://localhost:59460/session/b3ba31c106d523f73b28bf73db270e0e/execute/sync'
08:35:50.097 [Forwarding isElementDisplayed on session b3ba31c106d523f73b28bf73db270e0e to remote] DEBUG o.a.netty.request.NettyRequestSender - Using open Channel [id: 0x40371588, L:/127.0.0.1:53527 - R:localhost/127.0.0.1:59460] for POST '/session/b3ba31c106d523f73b28bf73db270e0e/execute/sync'
08:35:50.108 [AsyncHttpClient-1-17] DEBUG o.a.netty.handler.HttpHandler - 

Request DefaultHttpRequest(decodeResult: success, version: HTTP/1.1)
POST /session/b3ba31c106d523f73b28bf73db270e0e/execute/sync HTTP/1.1
User-Agent: selenium/4.1.2 (java windows)
Content-Length: 48780
Content-Type: application/json; charset=utf-8
host: localhost:59460
accept: */*

Response DefaultHttpResponse(decodeResult: success, version: HTTP/1.1)
HTTP/1.1 200 OK
Content-Type: application/json; charset=utf-8
cache-control: no-cache
content-length: 14

08:35:50.109 [AsyncHttpClient-1-17] DEBUG o.a.netty.channel.ChannelManager - Adding key: http://localhost:59460 for channel [id: 0x40371588, L:/127.0.0.1:53527 - R:localhost/127.0.0.1:59460]
08:35:50.110 [Forwarding findElement on session b3ba31c106d523f73b28bf73db270e0e to remote] DEBUG o.a.netty.request.NettyRequestSender - Using pooled Channel '[id: 0x40371588, L:/127.0.0.1:53527 - R:localhost/127.0.0.1:59460]' for 'POST' to 'http://localhost:59460/session/b3ba31c106d523f73b28bf73db270e0e/element'
08:35:50.110 [Forwarding findElement on session b3ba31c106d523f73b28bf73db270e0e to remote] DEBUG o.a.netty.request.NettyRequestSender - Using open Channel [id: 0x40371588, L:/127.0.0.1:53527 - R:localhost/127.0.0.1:59460] for POST '/session/b3ba31c106d523f73b28bf73db270e0e/element'
08:35:50.117 [AsyncHttpClient-1-17] DEBUG o.a.netty.handler.HttpHandler - 

Request DefaultHttpRequest(decodeResult: success, version: HTTP/1.1)
POST /session/b3ba31c106d523f73b28bf73db270e0e/element HTTP/1.1
User-Agent: selenium/4.1.2 (java windows)
Content-Length: 132
Content-Type: application/json; charset=utf-8
host: localhost:59460
accept: */*

Response DefaultHttpResponse(decodeResult: success, version: HTTP/1.1)
HTTP/1.1 200 OK
Content-Type: application/json; charset=utf-8
cache-control: no-cache
content-length: 88

08:35:50.118 [AsyncHttpClient-1-17] DEBUG o.a.netty.channel.ChannelManager - Adding key: http://localhost:59460 for channel [id: 0x40371588, L:/127.0.0.1:53527 - R:localhost/127.0.0.1:59460]
08:35:50.119 [Forwarding isElementEnabled on session b3ba31c106d523f73b28bf73db270e0e to remote] DEBUG o.a.netty.request.NettyRequestSender - Using pooled Channel '[id: 0x40371588, L:/127.0.0.1:53527 - R:localhost/127.0.0.1:59460]' for 'GET' to 'http://localhost:59460/session/b3ba31c106d523f73b28bf73db270e0e/element/6c187e1a-7e74-486f-a867-1667fdc992c5/enabled'
08:35:50.119 [Forwarding isElementEnabled on session b3ba31c106d523f73b28bf73db270e0e to remote] DEBUG o.a.netty.request.NettyRequestSender - Using open Channel [id: 0x40371588, L:/127.0.0.1:53527 - R:localhost/127.0.0.1:59460] for GET '/session/b3ba31c106d523f73b28bf73db270e0e/element/6c187e1a-7e74-486f-a867-1667fdc992c5/enabled'
08:35:50.129 [AsyncHttpClient-1-17] DEBUG o.a.netty.handler.HttpHandler - 

Request DefaultFullHttpRequest(decodeResult: success, version: HTTP/1.1, content: EmptyByteBufBE)
GET /session/b3ba31c106d523f73b28bf73db270e0e/element/6c187e1a-7e74-486f-a867-1667fdc992c5/enabled HTTP/1.1
User-Agent: selenium/4.1.2 (java windows)
Cache-Control: no-cache
Content-Type: application/json; charset=utf-8
host: localhost:59460
accept: */*

Response DefaultHttpResponse(decodeResult: success, version: HTTP/1.1)
HTTP/1.1 200 OK
Content-Type: application/json; charset=utf-8
cache-control: no-cache
content-length: 14

08:35:50.130 [AsyncHttpClient-1-17] DEBUG o.a.netty.channel.ChannelManager - Adding key: http://localhost:59460 for channel [id: 0x40371588, L:/127.0.0.1:53527 - R:localhost/127.0.0.1:59460]
DEBUG [main] (LoginPage.java:44) - verifyPageElements : Current Element = 'By.xpath: //div[@id="credentials"]//button[contains(@class,"loginButton")]' 
DEBUG [main] (LoginPage.java:44)- verifyPageElements : Current Element = 'By.xpath: //div[@id="credentials"]//button[contains(@class,"loginButton")]' 
08:35:50.131 [Forwarding findElement on session b3ba31c106d523f73b28bf73db270e0e to remote] DEBUG o.a.netty.request.NettyRequestSender - Using pooled Channel '[id: 0x40371588, L:/127.0.0.1:53527 - R:localhost/127.0.0.1:59460]' for 'POST' to 'http://localhost:59460/session/b3ba31c106d523f73b28bf73db270e0e/element'
08:35:50.131 [Forwarding findElement on session b3ba31c106d523f73b28bf73db270e0e to remote] DEBUG o.a.netty.request.NettyRequestSender - Using open Channel [id: 0x40371588, L:/127.0.0.1:53527 - R:localhost/127.0.0.1:59460] for POST '/session/b3ba31c106d523f73b28bf73db270e0e/element'
08:35:50.144 [AsyncHttpClient-1-17] DEBUG o.a.netty.handler.HttpHandler - 

Request DefaultHttpRequest(decodeResult: success, version: HTTP/1.1)
POST /session/b3ba31c106d523f73b28bf73db270e0e/element HTTP/1.1
User-Agent: selenium/4.1.2 (java windows)
Content-Length: 125
Content-Type: application/json; charset=utf-8
host: localhost:59460
accept: */*

Response DefaultHttpResponse(decodeResult: success, version: HTTP/1.1)
HTTP/1.1 200 OK
Content-Type: application/json; charset=utf-8
cache-control: no-cache
content-length: 88

08:35:50.144 [AsyncHttpClient-1-17] DEBUG o.a.netty.channel.ChannelManager - Adding key: http://localhost:59460 for channel [id: 0x40371588, L:/127.0.0.1:53527 - R:localhost/127.0.0.1:59460]
08:35:50.149 [Forwarding isElementDisplayed on session b3ba31c106d523f73b28bf73db270e0e to remote] DEBUG o.a.netty.request.NettyRequestSender - Using pooled Channel '[id: 0x40371588, L:/127.0.0.1:53527 - R:localhost/127.0.0.1:59460]' for 'POST' to 'http://localhost:59460/session/b3ba31c106d523f73b28bf73db270e0e/execute/sync'
08:35:50.149 [Forwarding isElementDisplayed on session b3ba31c106d523f73b28bf73db270e0e to remote] DEBUG o.a.netty.request.NettyRequestSender - Using open Channel [id: 0x40371588, L:/127.0.0.1:53527 - R:localhost/127.0.0.1:59460] for POST '/session/b3ba31c106d523f73b28bf73db270e0e/execute/sync'
08:35:50.159 [AsyncHttpClient-1-17] DEBUG o.a.netty.handler.HttpHandler - 

Request DefaultHttpRequest(decodeResult: success, version: HTTP/1.1)
POST /session/b3ba31c106d523f73b28bf73db270e0e/execute/sync HTTP/1.1
User-Agent: selenium/4.1.2 (java windows)
Content-Length: 48780
Content-Type: application/json; charset=utf-8
host: localhost:59460
accept: */*

Response DefaultHttpResponse(decodeResult: success, version: HTTP/1.1)
HTTP/1.1 200 OK
Content-Type: application/json; charset=utf-8
cache-control: no-cache
content-length: 14

08:35:50.160 [AsyncHttpClient-1-17] DEBUG o.a.netty.channel.ChannelManager - Adding key: http://localhost:59460 for channel [id: 0x40371588, L:/127.0.0.1:53527 - R:localhost/127.0.0.1:59460]
08:35:50.161 [Forwarding findElement on session b3ba31c106d523f73b28bf73db270e0e to remote] DEBUG o.a.netty.request.NettyRequestSender - Using pooled Channel '[id: 0x40371588, L:/127.0.0.1:53527 - R:localhost/127.0.0.1:59460]' for 'POST' to 'http://localhost:59460/session/b3ba31c106d523f73b28bf73db270e0e/element'
08:35:50.161 [Forwarding findElement on session b3ba31c106d523f73b28bf73db270e0e to remote] DEBUG o.a.netty.request.NettyRequestSender - Using open Channel [id: 0x40371588, L:/127.0.0.1:53527 - R:localhost/127.0.0.1:59460] for POST '/session/b3ba31c106d523f73b28bf73db270e0e/element'
08:35:50.167 [AsyncHttpClient-1-17] DEBUG o.a.netty.handler.HttpHandler - 

Request DefaultHttpRequest(decodeResult: success, version: HTTP/1.1)
POST /session/b3ba31c106d523f73b28bf73db270e0e/element HTTP/1.1
User-Agent: selenium/4.1.2 (java windows)
Content-Length: 125
Content-Type: application/json; charset=utf-8
host: localhost:59460
accept: */*

Response DefaultHttpResponse(decodeResult: success, version: HTTP/1.1)
HTTP/1.1 200 OK
Content-Type: application/json; charset=utf-8
cache-control: no-cache
content-length: 88

08:35:50.168 [AsyncHttpClient-1-17] DEBUG o.a.netty.channel.ChannelManager - Adding key: http://localhost:59460 for channel [id: 0x40371588, L:/127.0.0.1:53527 - R:localhost/127.0.0.1:59460]
08:35:50.172 [Forwarding isElementDisplayed on session b3ba31c106d523f73b28bf73db270e0e to remote] DEBUG o.a.netty.request.NettyRequestSender - Using pooled Channel '[id: 0x40371588, L:/127.0.0.1:53527 - R:localhost/127.0.0.1:59460]' for 'POST' to 'http://localhost:59460/session/b3ba31c106d523f73b28bf73db270e0e/execute/sync'
08:35:50.172 [Forwarding isElementDisplayed on session b3ba31c106d523f73b28bf73db270e0e to remote] DEBUG o.a.netty.request.NettyRequestSender - Using open Channel [id: 0x40371588, L:/127.0.0.1:53527 - R:localhost/127.0.0.1:59460] for POST '/session/b3ba31c106d523f73b28bf73db270e0e/execute/sync'
08:35:50.181 [AsyncHttpClient-1-17] DEBUG o.a.netty.handler.HttpHandler - 

Request DefaultHttpRequest(decodeResult: success, version: HTTP/1.1)
POST /session/b3ba31c106d523f73b28bf73db270e0e/execute/sync HTTP/1.1
User-Agent: selenium/4.1.2 (java windows)
Content-Length: 48780
Content-Type: application/json; charset=utf-8
host: localhost:59460
accept: */*

Response DefaultHttpResponse(decodeResult: success, version: HTTP/1.1)
HTTP/1.1 200 OK
Content-Type: application/json; charset=utf-8
cache-control: no-cache
content-length: 14

08:35:50.182 [AsyncHttpClient-1-17] DEBUG o.a.netty.channel.ChannelManager - Adding key: http://localhost:59460 for channel [id: 0x40371588, L:/127.0.0.1:53527 - R:localhost/127.0.0.1:59460]
08:35:50.183 [Forwarding findElement on session b3ba31c106d523f73b28bf73db270e0e to remote] DEBUG o.a.netty.request.NettyRequestSender - Using pooled Channel '[id: 0x40371588, L:/127.0.0.1:53527 - R:localhost/127.0.0.1:59460]' for 'POST' to 'http://localhost:59460/session/b3ba31c106d523f73b28bf73db270e0e/element'
08:35:50.183 [Forwarding findElement on session b3ba31c106d523f73b28bf73db270e0e to remote] DEBUG o.a.netty.request.NettyRequestSender - Using open Channel [id: 0x40371588, L:/127.0.0.1:53527 - R:localhost/127.0.0.1:59460] for POST '/session/b3ba31c106d523f73b28bf73db270e0e/element'
08:35:50.190 [AsyncHttpClient-1-17] DEBUG o.a.netty.handler.HttpHandler - 

Request DefaultHttpRequest(decodeResult: success, version: HTTP/1.1)
POST /session/b3ba31c106d523f73b28bf73db270e0e/element HTTP/1.1
User-Agent: selenium/4.1.2 (java windows)
Content-Length: 125
Content-Type: application/json; charset=utf-8
host: localhost:59460
accept: */*

Response DefaultHttpResponse(decodeResult: success, version: HTTP/1.1)
HTTP/1.1 200 OK
Content-Type: application/json; charset=utf-8
cache-control: no-cache
content-length: 88

08:35:50.190 [AsyncHttpClient-1-17] DEBUG o.a.netty.channel.ChannelManager - Adding key: http://localhost:59460 for channel [id: 0x40371588, L:/127.0.0.1:53527 - R:localhost/127.0.0.1:59460]
08:35:50.191 [Forwarding isElementEnabled on session b3ba31c106d523f73b28bf73db270e0e to remote] DEBUG o.a.netty.request.NettyRequestSender - Using pooled Channel '[id: 0x40371588, L:/127.0.0.1:53527 - R:localhost/127.0.0.1:59460]' for 'GET' to 'http://localhost:59460/session/b3ba31c106d523f73b28bf73db270e0e/element/f6c1d520-25ed-4269-ac2d-04908ecf25ef/enabled'
08:35:50.191 [Forwarding isElementEnabled on session b3ba31c106d523f73b28bf73db270e0e to remote] DEBUG o.a.netty.request.NettyRequestSender - Using open Channel [id: 0x40371588, L:/127.0.0.1:53527 - R:localhost/127.0.0.1:59460] for GET '/session/b3ba31c106d523f73b28bf73db270e0e/element/f6c1d520-25ed-4269-ac2d-04908ecf25ef/enabled'
08:35:50.200 [AsyncHttpClient-1-17] DEBUG o.a.netty.handler.HttpHandler - 

Request DefaultFullHttpRequest(decodeResult: success, version: HTTP/1.1, content: EmptyByteBufBE)
GET /session/b3ba31c106d523f73b28bf73db270e0e/element/f6c1d520-25ed-4269-ac2d-04908ecf25ef/enabled HTTP/1.1
User-Agent: selenium/4.1.2 (java windows)
Cache-Control: no-cache
Content-Type: application/json; charset=utf-8
host: localhost:59460
accept: */*

Response DefaultHttpResponse(decodeResult: success, version: HTTP/1.1)
HTTP/1.1 200 OK
Content-Type: application/json; charset=utf-8
cache-control: no-cache
content-length: 14

08:35:50.200 [AsyncHttpClient-1-17] DEBUG o.a.netty.channel.ChannelManager - Adding key: http://localhost:59460 for channel [id: 0x40371588, L:/127.0.0.1:53527 - R:localhost/127.0.0.1:59460]
  &amp#27;[32mAnd &amp#27;[0m&amp#27;[32muser verify the Login Page Elements is Visible&amp#27;[0m                                                   &amp#27;[90m# stepdefinitions.LoginPageSteps.user_verify_the_login_page_elements_is_visible()&amp#27;[0m
08:35:50.836 [AsyncHttpClient-1-1] DEBUG o.a.netty.channel.DefaultChannelPool - Entry count for : http://localhost:59460 : 1
08:35:50.836 [AsyncHttpClient-1-1] DEBUG o.a.netty.channel.DefaultChannelPool - Entry count for : http://localhost:53544 : 1
08:35:51.929 [AsyncHttpClient-1-1] DEBUG o.a.netty.channel.DefaultChannelPool - Entry count for : http://localhost:59460 : 1
08:35:51.929 [AsyncHttpClient-1-1] DEBUG o.a.netty.channel.DefaultChannelPool - Entry count for : http://localhost:53544 : 1
DEBUG [main] (LoginPage.java:81) - enterUserCredentails: username = 'invalidUser' | password = 'InvalidPassword' 
DEBUG [main] (LoginPage.java:81)- enterUserCredentails: username = 'invalidUser' | password = 'InvalidPassword' 
08:35:52.214 [Forwarding findElement on session b3ba31c106d523f73b28bf73db270e0e to remote] DEBUG o.a.netty.request.NettyRequestSender - Using pooled Channel '[id: 0x40371588, L:/127.0.0.1:53527 - R:localhost/127.0.0.1:59460]' for 'POST' to 'http://localhost:59460/session/b3ba31c106d523f73b28bf73db270e0e/element'
08:35:52.214 [Forwarding findElement on session b3ba31c106d523f73b28bf73db270e0e to remote] DEBUG o.a.netty.request.NettyRequestSender - Using open Channel [id: 0x40371588, L:/127.0.0.1:53527 - R:localhost/127.0.0.1:59460] for POST '/session/b3ba31c106d523f73b28bf73db270e0e/element'
08:35:52.221 [AsyncHttpClient-1-17] DEBUG o.a.netty.handler.HttpHandler - 

Request DefaultHttpRequest(decodeResult: success, version: HTTP/1.1)
POST /session/b3ba31c106d523f73b28bf73db270e0e/element HTTP/1.1
User-Agent: selenium/4.1.2 (java windows)
Content-Length: 128
Content-Type: application/json; charset=utf-8
host: localhost:59460
accept: */*

Response DefaultHttpResponse(decodeResult: success, version: HTTP/1.1)
HTTP/1.1 200 OK
Content-Type: application/json; charset=utf-8
cache-control: no-cache
content-length: 88

08:35:52.221 [AsyncHttpClient-1-17] DEBUG o.a.netty.channel.ChannelManager - Adding key: http://localhost:59460 for channel [id: 0x40371588, L:/127.0.0.1:53527 - R:localhost/127.0.0.1:59460]
08:35:52.222 [Forwarding sendKeysToElement on session b3ba31c106d523f73b28bf73db270e0e to remote] DEBUG o.a.netty.request.NettyRequestSender - Using pooled Channel '[id: 0x40371588, L:/127.0.0.1:53527 - R:localhost/127.0.0.1:59460]' for 'POST' to 'http://localhost:59460/session/b3ba31c106d523f73b28bf73db270e0e/element/e21b1469-21e0-460b-9a54-0dcf681cedfc/value'
08:35:52.222 [Forwarding sendKeysToElement on session b3ba31c106d523f73b28bf73db270e0e to remote] DEBUG o.a.netty.request.NettyRequestSender - Using open Channel [id: 0x40371588, L:/127.0.0.1:53527 - R:localhost/127.0.0.1:59460] for POST '/session/b3ba31c106d523f73b28bf73db270e0e/element/e21b1469-21e0-460b-9a54-0dcf681cedfc/value'
08:35:52.258 [AsyncHttpClient-1-17] DEBUG o.a.netty.handler.HttpHandler - 

Request DefaultHttpRequest(decodeResult: success, version: HTTP/1.1)
POST /session/b3ba31c106d523f73b28bf73db270e0e/element/e21b1469-21e0-460b-9a54-0dcf681cedfc/value HTTP/1.1
User-Agent: selenium/4.1.2 (java windows)
Content-Length: 191
Content-Type: application/json; charset=utf-8
host: localhost:59460
accept: */*

Response DefaultHttpResponse(decodeResult: success, version: HTTP/1.1)
HTTP/1.1 200 OK
Content-Type: application/json; charset=utf-8
cache-control: no-cache
content-length: 14

08:35:52.259 [AsyncHttpClient-1-17] DEBUG o.a.netty.channel.ChannelManager - Adding key: http://localhost:59460 for channel [id: 0x40371588, L:/127.0.0.1:53527 - R:localhost/127.0.0.1:59460]
08:35:52.260 [Forwarding findElement on session b3ba31c106d523f73b28bf73db270e0e to remote] DEBUG o.a.netty.request.NettyRequestSender - Using pooled Channel '[id: 0x40371588, L:/127.0.0.1:53527 - R:localhost/127.0.0.1:59460]' for 'POST' to 'http://localhost:59460/session/b3ba31c106d523f73b28bf73db270e0e/element'
08:35:52.260 [Forwarding findElement on session b3ba31c106d523f73b28bf73db270e0e to remote] DEBUG o.a.netty.request.NettyRequestSender - Using open Channel [id: 0x40371588, L:/127.0.0.1:53527 - R:localhost/127.0.0.1:59460] for POST '/session/b3ba31c106d523f73b28bf73db270e0e/element'
08:35:52.266 [AsyncHttpClient-1-17] DEBUG o.a.netty.handler.HttpHandler - 

Request DefaultHttpRequest(decodeResult: success, version: HTTP/1.1)
POST /session/b3ba31c106d523f73b28bf73db270e0e/element HTTP/1.1
User-Agent: selenium/4.1.2 (java windows)
Content-Length: 132
Content-Type: application/json; charset=utf-8
host: localhost:59460
accept: */*

Response DefaultHttpResponse(decodeResult: success, version: HTTP/1.1)
HTTP/1.1 200 OK
Content-Type: application/json; charset=utf-8
cache-control: no-cache
content-length: 88

08:35:52.266 [AsyncHttpClient-1-17] DEBUG o.a.netty.channel.ChannelManager - Adding key: http://localhost:59460 for channel [id: 0x40371588, L:/127.0.0.1:53527 - R:localhost/127.0.0.1:59460]
08:35:52.267 [Forwarding sendKeysToElement on session b3ba31c106d523f73b28bf73db270e0e to remote] DEBUG o.a.netty.request.NettyRequestSender - Using pooled Channel '[id: 0x40371588, L:/127.0.0.1:53527 - R:localhost/127.0.0.1:59460]' for 'POST' to 'http://localhost:59460/session/b3ba31c106d523f73b28bf73db270e0e/element/6c187e1a-7e74-486f-a867-1667fdc992c5/value'
08:35:52.267 [Forwarding sendKeysToElement on session b3ba31c106d523f73b28bf73db270e0e to remote] DEBUG o.a.netty.request.NettyRequestSender - Using open Channel [id: 0x40371588, L:/127.0.0.1:53527 - R:localhost/127.0.0.1:59460] for POST '/session/b3ba31c106d523f73b28bf73db270e0e/element/6c187e1a-7e74-486f-a867-1667fdc992c5/value'
08:35:52.316 [AsyncHttpClient-1-17] DEBUG o.a.netty.handler.HttpHandler - 

Request DefaultHttpRequest(decodeResult: success, version: HTTP/1.1)
POST /session/b3ba31c106d523f73b28bf73db270e0e/element/6c187e1a-7e74-486f-a867-1667fdc992c5/value HTTP/1.1
User-Agent: selenium/4.1.2 (java windows)
Content-Length: 231
Content-Type: application/json; charset=utf-8
host: localhost:59460
accept: */*

Response DefaultHttpResponse(decodeResult: success, version: HTTP/1.1)
HTTP/1.1 200 OK
Content-Type: application/json; charset=utf-8
cache-control: no-cache
content-length: 14

08:35:52.316 [AsyncHttpClient-1-17] DEBUG o.a.netty.channel.ChannelManager - Adding key: http://localhost:59460 for channel [id: 0x40371588, L:/127.0.0.1:53527 - R:localhost/127.0.0.1:59460]
08:35:52.317 [Forwarding findElement on session b3ba31c106d523f73b28bf73db270e0e to remote] DEBUG o.a.netty.request.NettyRequestSender - Using pooled Channel '[id: 0x40371588, L:/127.0.0.1:53527 - R:localhost/127.0.0.1:59460]' for 'POST' to 'http://localhost:59460/session/b3ba31c106d523f73b28bf73db270e0e/element'
08:35:52.317 [Forwarding findElement on session b3ba31c106d523f73b28bf73db270e0e to remote] DEBUG o.a.netty.request.NettyRequestSender - Using open Channel [id: 0x40371588, L:/127.0.0.1:53527 - R:localhost/127.0.0.1:59460] for POST '/session/b3ba31c106d523f73b28bf73db270e0e/element'
08:35:52.324 [AsyncHttpClient-1-17] DEBUG o.a.netty.handler.HttpHandler - 

Request DefaultHttpRequest(decodeResult: success, version: HTTP/1.1)
POST /session/b3ba31c106d523f73b28bf73db270e0e/element HTTP/1.1
User-Agent: selenium/4.1.2 (java windows)
Content-Length: 125
Content-Type: application/json; charset=utf-8
host: localhost:59460
accept: */*

Response DefaultHttpResponse(decodeResult: success, version: HTTP/1.1)
HTTP/1.1 200 OK
Content-Type: application/json; charset=utf-8
cache-control: no-cache
content-length: 88

08:35:52.325 [AsyncHttpClient-1-17] DEBUG o.a.netty.channel.ChannelManager - Adding key: http://localhost:59460 for channel [id: 0x40371588, L:/127.0.0.1:53527 - R:localhost/127.0.0.1:59460]
08:35:52.326 [Forwarding clickElement on session b3ba31c106d523f73b28bf73db270e0e to remote] DEBUG o.a.netty.request.NettyRequestSender - Using pooled Channel '[id: 0x40371588, L:/127.0.0.1:53527 - R:localhost/127.0.0.1:59460]' for 'POST' to 'http://localhost:59460/session/b3ba31c106d523f73b28bf73db270e0e/element/f6c1d520-25ed-4269-ac2d-04908ecf25ef/click'
08:35:52.326 [Forwarding clickElement on session b3ba31c106d523f73b28bf73db270e0e to remote] DEBUG o.a.netty.request.NettyRequestSender - Using open Channel [id: 0x40371588, L:/127.0.0.1:53527 - R:localhost/127.0.0.1:59460] for POST '/session/b3ba31c106d523f73b28bf73db270e0e/element/f6c1d520-25ed-4269-ac2d-04908ecf25ef/click'
08:35:52.458 [AsyncHttpClient-1-17] DEBUG o.a.netty.handler.HttpHandler - 

Request DefaultHttpRequest(decodeResult: success, version: HTTP/1.1)
POST /session/b3ba31c106d523f73b28bf73db270e0e/element/f6c1d520-25ed-4269-ac2d-04908ecf25ef/click HTTP/1.1
User-Agent: selenium/4.1.2 (java windows)
Content-Length: 50
Content-Type: application/json; charset=utf-8
host: localhost:59460
accept: */*

Response DefaultHttpResponse(decodeResult: success, version: HTTP/1.1)
HTTP/1.1 200 OK
Content-Type: application/json; charset=utf-8
cache-control: no-cache
content-length: 14

08:35:52.458 [AsyncHttpClient-1-17] DEBUG o.a.netty.channel.ChannelManager - Adding key: http://localhost:59460 for channel [id: 0x40371588, L:/127.0.0.1:53527 - R:localhost/127.0.0.1:59460]
DEBUG [main] (LoginPage.java:56) - verifyErrorMessage: 'The information you entered was not recognized.' 
DEBUG [main] (LoginPage.java:56)- verifyErrorMessage: 'The information you entered was not recognized.' 
08:35:52.460 [Forwarding findElement on session b3ba31c106d523f73b28bf73db270e0e to remote] DEBUG o.a.netty.request.NettyRequestSender - Using pooled Channel '[id: 0x40371588, L:/127.0.0.1:53527 - R:localhost/127.0.0.1:59460]' for 'POST' to 'http://localhost:59460/session/b3ba31c106d523f73b28bf73db270e0e/element'
08:35:52.460 [Forwarding findElement on session b3ba31c106d523f73b28bf73db270e0e to remote] DEBUG o.a.netty.request.NettyRequestSender - Using open Channel [id: 0x40371588, L:/127.0.0.1:53527 - R:localhost/127.0.0.1:59460] for POST '/session/b3ba31c106d523f73b28bf73db270e0e/element'
08:35:52.472 [AsyncHttpClient-1-17] DEBUG o.a.netty.handler.HttpHandler - 

Request DefaultHttpRequest(decodeResult: success, version: HTTP/1.1)
POST /session/b3ba31c106d523f73b28bf73db270e0e/element HTTP/1.1
User-Agent: selenium/4.1.2 (java windows)
Content-Length: 75
Content-Type: application/json; charset=utf-8
host: localhost:59460
accept: */*

Response DefaultHttpResponse(decodeResult: success, version: HTTP/1.1)
HTTP/1.1 200 OK
Content-Type: application/json; charset=utf-8
cache-control: no-cache
content-length: 88

08:35:52.473 [AsyncHttpClient-1-17] DEBUG o.a.netty.channel.ChannelManager - Adding key: http://localhost:59460 for channel [id: 0x40371588, L:/127.0.0.1:53527 - R:localhost/127.0.0.1:59460]
08:35:52.477 [Forwarding isElementDisplayed on session b3ba31c106d523f73b28bf73db270e0e to remote] DEBUG o.a.netty.request.NettyRequestSender - Using pooled Channel '[id: 0x40371588, L:/127.0.0.1:53527 - R:localhost/127.0.0.1:59460]' for 'POST' to 'http://localhost:59460/session/b3ba31c106d523f73b28bf73db270e0e/execute/sync'
08:35:52.477 [Forwarding isElementDisplayed on session b3ba31c106d523f73b28bf73db270e0e to remote] DEBUG o.a.netty.request.NettyRequestSender - Using open Channel [id: 0x40371588, L:/127.0.0.1:53527 - R:localhost/127.0.0.1:59460] for POST '/session/b3ba31c106d523f73b28bf73db270e0e/execute/sync'
08:35:52.496 [AsyncHttpClient-1-17] DEBUG o.a.netty.handler.HttpHandler - 

Request DefaultHttpRequest(decodeResult: success, version: HTTP/1.1)
POST /session/b3ba31c106d523f73b28bf73db270e0e/execute/sync HTTP/1.1
User-Agent: selenium/4.1.2 (java windows)
Content-Length: 48780
Content-Type: application/json; charset=utf-8
host: localhost:59460
accept: */*

Response DefaultHttpResponse(decodeResult: success, version: HTTP/1.1)
HTTP/1.1 200 OK
Content-Type: application/json; charset=utf-8
cache-control: no-cache
content-length: 15

08:35:52.496 [AsyncHttpClient-1-17] DEBUG o.a.netty.channel.ChannelManager - Adding key: http://localhost:59460 for channel [id: 0x40371588, L:/127.0.0.1:53527 - R:localhost/127.0.0.1:59460]
08:35:53.005 [Forwarding findElement on session b3ba31c106d523f73b28bf73db270e0e to remote] DEBUG o.a.netty.request.NettyRequestSender - Using pooled Channel '[id: 0x40371588, L:/127.0.0.1:53527 - R:localhost/127.0.0.1:59460]' for 'POST' to 'http://localhost:59460/session/b3ba31c106d523f73b28bf73db270e0e/element'
08:35:53.005 [Forwarding findElement on session b3ba31c106d523f73b28bf73db270e0e to remote] DEBUG o.a.netty.request.NettyRequestSender - Using open Channel [id: 0x40371588, L:/127.0.0.1:53527 - R:localhost/127.0.0.1:59460] for POST '/session/b3ba31c106d523f73b28bf73db270e0e/element'
08:35:53.012 [AsyncHttpClient-1-17] DEBUG o.a.netty.handler.HttpHandler - 

Request DefaultHttpRequest(decodeResult: success, version: HTTP/1.1)
POST /session/b3ba31c106d523f73b28bf73db270e0e/element HTTP/1.1
User-Agent: selenium/4.1.2 (java windows)
Content-Length: 75
Content-Type: application/json; charset=utf-8
host: localhost:59460
accept: */*

Response DefaultHttpResponse(decodeResult: success, version: HTTP/1.1)
HTTP/1.1 200 OK
Content-Type: application/json; charset=utf-8
cache-control: no-cache
content-length: 88

08:35:53.012 [AsyncHttpClient-1-17] DEBUG o.a.netty.channel.ChannelManager - Adding key: http://localhost:59460 for channel [id: 0x40371588, L:/127.0.0.1:53527 - R:localhost/127.0.0.1:59460]
08:35:53.016 [Forwarding isElementDisplayed on session b3ba31c106d523f73b28bf73db270e0e to remote] DEBUG o.a.netty.request.NettyRequestSender - Using pooled Channel '[id: 0x40371588, L:/127.0.0.1:53527 - R:localhost/127.0.0.1:59460]' for 'POST' to 'http://localhost:59460/session/b3ba31c106d523f73b28bf73db270e0e/execute/sync'
08:35:53.016 [Forwarding isElementDisplayed on session b3ba31c106d523f73b28bf73db270e0e to remote] DEBUG o.a.netty.request.NettyRequestSender - Using open Channel [id: 0x40371588, L:/127.0.0.1:53527 - R:localhost/127.0.0.1:59460] for POST '/session/b3ba31c106d523f73b28bf73db270e0e/execute/sync'
08:35:53.025 [AsyncHttpClient-1-17] DEBUG o.a.netty.handler.HttpHandler - 

Request DefaultHttpRequest(decodeResult: success, version: HTTP/1.1)
POST /session/b3ba31c106d523f73b28bf73db270e0e/execute/sync HTTP/1.1
User-Agent: selenium/4.1.2 (java windows)
Content-Length: 48780
Content-Type: application/json; charset=utf-8
host: localhost:59460
accept: */*

Response DefaultHttpResponse(decodeResult: success, version: HTTP/1.1)
HTTP/1.1 200 OK
Content-Type: application/json; charset=utf-8
cache-control: no-cache
content-length: 15

08:35:53.025 [AsyncHttpClient-1-17] DEBUG o.a.netty.channel.ChannelManager - Adding key: http://localhost:59460 for channel [id: 0x40371588, L:/127.0.0.1:53527 - R:localhost/127.0.0.1:59460]
08:35:53.036 [AsyncHttpClient-1-1] DEBUG o.a.netty.channel.DefaultChannelPool - Entry count for : http://localhost:59460 : 1
08:35:53.036 [AsyncHttpClient-1-1] DEBUG o.a.netty.channel.DefaultChannelPool - Entry count for : http://localhost:53544 : 1
08:35:53.541 [Forwarding findElement on session b3ba31c106d523f73b28bf73db270e0e to remote] DEBUG o.a.netty.request.NettyRequestSender - Using pooled Channel '[id: 0x40371588, L:/127.0.0.1:53527 - R:localhost/127.0.0.1:59460]' for 'POST' to 'http://localhost:59460/session/b3ba31c106d523f73b28bf73db270e0e/element'
08:35:53.542 [Forwarding findElement on session b3ba31c106d523f73b28bf73db270e0e to remote] DEBUG o.a.netty.request.NettyRequestSender - Using open Channel [id: 0x40371588, L:/127.0.0.1:53527 - R:localhost/127.0.0.1:59460] for POST '/session/b3ba31c106d523f73b28bf73db270e0e/element'
08:35:53.548 [AsyncHttpClient-1-17] DEBUG o.a.netty.handler.HttpHandler - 

Request DefaultHttpRequest(decodeResult: success, version: HTTP/1.1)
POST /session/b3ba31c106d523f73b28bf73db270e0e/element HTTP/1.1
User-Agent: selenium/4.1.2 (java windows)
Content-Length: 75
Content-Type: application/json; charset=utf-8
host: localhost:59460
accept: */*

Response DefaultHttpResponse(decodeResult: success, version: HTTP/1.1)
HTTP/1.1 200 OK
Content-Type: application/json; charset=utf-8
cache-control: no-cache
content-length: 88

08:35:53.548 [AsyncHttpClient-1-17] DEBUG o.a.netty.channel.ChannelManager - Adding key: http://localhost:59460 for channel [id: 0x40371588, L:/127.0.0.1:53527 - R:localhost/127.0.0.1:59460]
08:35:53.553 [Forwarding isElementDisplayed on session b3ba31c106d523f73b28bf73db270e0e to remote] DEBUG o.a.netty.request.NettyRequestSender - Using pooled Channel '[id: 0x40371588, L:/127.0.0.1:53527 - R:localhost/127.0.0.1:59460]' for 'POST' to 'http://localhost:59460/session/b3ba31c106d523f73b28bf73db270e0e/execute/sync'
08:35:53.553 [Forwarding isElementDisplayed on session b3ba31c106d523f73b28bf73db270e0e to remote] DEBUG o.a.netty.request.NettyRequestSender - Using open Channel [id: 0x40371588, L:/127.0.0.1:53527 - R:localhost/127.0.0.1:59460] for POST '/session/b3ba31c106d523f73b28bf73db270e0e/execute/sync'
08:35:53.562 [AsyncHttpClient-1-17] DEBUG o.a.netty.handler.HttpHandler - 

Request DefaultHttpRequest(decodeResult: success, version: HTTP/1.1)
POST /session/b3ba31c106d523f73b28bf73db270e0e/execute/sync HTTP/1.1
User-Agent: selenium/4.1.2 (java windows)
Content-Length: 48780
Content-Type: application/json; charset=utf-8
host: localhost:59460
accept: */*

Response DefaultHttpResponse(decodeResult: success, version: HTTP/1.1)
HTTP/1.1 200 OK
Content-Type: application/json; charset=utf-8
cache-control: no-cache
content-length: 14

08:35:53.562 [AsyncHttpClient-1-17] DEBUG o.a.netty.channel.ChannelManager - Adding key: http://localhost:59460 for channel [id: 0x40371588, L:/127.0.0.1:53527 - R:localhost/127.0.0.1:59460]
08:35:53.563 [Forwarding getElementText on session b3ba31c106d523f73b28bf73db270e0e to remote] DEBUG o.a.netty.request.NettyRequestSender - Using pooled Channel '[id: 0x40371588, L:/127.0.0.1:53527 - R:localhost/127.0.0.1:59460]' for 'GET' to 'http://localhost:59460/session/b3ba31c106d523f73b28bf73db270e0e/element/824916a0-0f84-4425-9e61-45dfbb889599/text'
08:35:53.563 [Forwarding getElementText on session b3ba31c106d523f73b28bf73db270e0e to remote] DEBUG o.a.netty.request.NettyRequestSender - Using open Channel [id: 0x40371588, L:/127.0.0.1:53527 - R:localhost/127.0.0.1:59460] for GET '/session/b3ba31c106d523f73b28bf73db270e0e/element/824916a0-0f84-4425-9e61-45dfbb889599/text'
08:35:53.576 [AsyncHttpClient-1-17] DEBUG o.a.netty.handler.HttpHandler - 

Request DefaultFullHttpRequest(decodeResult: success, version: HTTP/1.1, content: EmptyByteBufBE)
GET /session/b3ba31c106d523f73b28bf73db270e0e/element/824916a0-0f84-4425-9e61-45dfbb889599/text HTTP/1.1
User-Agent: selenium/4.1.2 (java windows)
Cache-Control: no-cache
Content-Type: application/json; charset=utf-8
host: localhost:59460
accept: */*

Response DefaultHttpResponse(decodeResult: success, version: HTTP/1.1)
HTTP/1.1 200 OK
Content-Type: application/json; charset=utf-8
cache-control: no-cache
content-length: 59

08:35:53.576 [AsyncHttpClient-1-17] DEBUG o.a.netty.channel.ChannelManager - Adding key: http://localhost:59460 for channel [id: 0x40371588, L:/127.0.0.1:53527 - R:localhost/127.0.0.1:59460]
08:35:54.135 [AsyncHttpClient-1-1] DEBUG o.a.netty.channel.DefaultChannelPool - Entry count for : http://localhost:59460 : 1
08:35:54.135 [AsyncHttpClient-1-1] DEBUG o.a.netty.channel.DefaultChannelPool - Entry count for : http://localhost:53544 : 1
08:35:55.234 [AsyncHttpClient-1-1] DEBUG o.a.netty.channel.DefaultChannelPool - Entry count for : http://localhost:59460 : 1
08:35:55.234 [AsyncHttpClient-1-1] DEBUG o.a.netty.channel.DefaultChannelPool - Entry count for : http://localhost:53544 : 1
  &amp#27;[32mWhen &amp#27;[0m&amp#27;[32muser login using invalid credentials with username &amp#27;[0m&amp#27;[32m&amp#27;[1m"invalidUser"&amp#27;[0m&amp#27;[32m and password &amp#27;[0m&amp#27;[32m&amp#27;[1m"InvalidPassword"&amp#27;[0m &amp#27;[90m# stepdefinitions.LoginPageSteps.user_login_using_invalid_credentials_with_username_and_password(java.lang.String,java.lang.String)&amp#27;[0m
08:35:55.583 [Forwarding getTitle on session b3ba31c106d523f73b28bf73db270e0e to remote] DEBUG o.a.netty.request.NettyRequestSender - Using pooled Channel '[id: 0x40371588, L:/127.0.0.1:53527 - R:localhost/127.0.0.1:59460]' for 'GET' to 'http://localhost:59460/session/b3ba31c106d523f73b28bf73db270e0e/title'
08:35:55.583 [Forwarding getTitle on session b3ba31c106d523f73b28bf73db270e0e to remote] DEBUG o.a.netty.request.NettyRequestSender - Using open Channel [id: 0x40371588, L:/127.0.0.1:53527 - R:localhost/127.0.0.1:59460] for GET '/session/b3ba31c106d523f73b28bf73db270e0e/title'
08:35:55.586 [AsyncHttpClient-1-17] DEBUG o.a.netty.handler.HttpHandler - 

Request DefaultFullHttpRequest(decodeResult: success, version: HTTP/1.1, content: EmptyByteBufBE)
GET /session/b3ba31c106d523f73b28bf73db270e0e/title HTTP/1.1
User-Agent: selenium/4.1.2 (java windows)
Cache-Control: no-cache
Content-Type: application/json; charset=utf-8
host: localhost:59460
accept: */*

Response DefaultHttpResponse(decodeResult: success, version: HTTP/1.1)
HTTP/1.1 200 OK
Content-Type: application/json; charset=utf-8
cache-control: no-cache
content-length: 22

08:35:55.587 [AsyncHttpClient-1-17] DEBUG o.a.netty.channel.ChannelManager - Adding key: http://localhost:59460 for channel [id: 0x40371588, L:/127.0.0.1:53527 - R:localhost/127.0.0.1:59460]
DEBUG [main] (BaseClass.java:37) - verifyApplication: 'Login Page' 
DEBUG [main] (BaseClass.java:37)- verifyApplication: 'Login Page' 
08:35:55.588 [Forwarding getTitle on session b3ba31c106d523f73b28bf73db270e0e to remote] DEBUG o.a.netty.request.NettyRequestSender - Using pooled Channel '[id: 0x40371588, L:/127.0.0.1:53527 - R:localhost/127.0.0.1:59460]' for 'GET' to 'http://localhost:59460/session/b3ba31c106d523f73b28bf73db270e0e/title'
08:35:55.588 [Forwarding getTitle on session b3ba31c106d523f73b28bf73db270e0e to remote] DEBUG o.a.netty.request.NettyRequestSender - Using open Channel [id: 0x40371588, L:/127.0.0.1:53527 - R:localhost/127.0.0.1:59460] for GET '/session/b3ba31c106d523f73b28bf73db270e0e/title'
08:35:55.591 [AsyncHttpClient-1-17] DEBUG o.a.netty.handler.HttpHandler - 

Request DefaultFullHttpRequest(decodeResult: success, version: HTTP/1.1, content: EmptyByteBufBE)
GET /session/b3ba31c106d523f73b28bf73db270e0e/title HTTP/1.1
User-Agent: selenium/4.1.2 (java windows)
Cache-Control: no-cache
Content-Type: application/json; charset=utf-8
host: localhost:59460
accept: */*

Response DefaultHttpResponse(decodeResult: success, version: HTTP/1.1)
HTTP/1.1 200 OK
Content-Type: application/json; charset=utf-8
cache-control: no-cache
content-length: 22

08:35:55.591 [AsyncHttpClient-1-17] DEBUG o.a.netty.channel.ChannelManager - Adding key: http://localhost:59460 for channel [id: 0x40371588, L:/127.0.0.1:53527 - R:localhost/127.0.0.1:59460]
08:35:56.337 [AsyncHttpClient-1-1] DEBUG o.a.netty.channel.DefaultChannelPool - Entry count for : http://localhost:59460 : 1
08:35:56.337 [AsyncHttpClient-1-1] DEBUG o.a.netty.channel.DefaultChannelPool - Entry count for : http://localhost:53544 : 1
08:35:57.441 [AsyncHttpClient-1-1] DEBUG o.a.netty.channel.DefaultChannelPool - Entry count for : http://localhost:59460 : 1
08:35:57.441 [AsyncHttpClient-1-1] DEBUG o.a.netty.channel.DefaultChannelPool - Entry count for : http://localhost:53544 : 1
08:35:58.541 [AsyncHttpClient-1-1] DEBUG o.a.netty.channel.DefaultChannelPool - Entry count for : http://localhost:59460 : 1
08:35:58.541 [AsyncHttpClient-1-1] DEBUG o.a.netty.channel.DefaultChannelPool - Entry count for : http://localhost:53544 : 1
08:35:59.635 [AsyncHttpClient-1-1] DEBUG o.a.netty.channel.DefaultChannelPool - Entry count for : http://localhost:59460 : 1
08:35:59.635 [AsyncHttpClient-1-1] DEBUG o.a.netty.channel.DefaultChannelPool - Entry count for : http://localhost:53544 : 1
DEBUG [main] (LoginPage.java:56) - verifyErrorMessage: 'The information you entered was not recognized.' 
DEBUG [main] (LoginPage.java:56)- verifyErrorMessage: 'The information you entered was not recognized.' 
08:36:00.598 [Forwarding findElement on session b3ba31c106d523f73b28bf73db270e0e to remote] DEBUG o.a.netty.request.NettyRequestSender - Using pooled Channel '[id: 0x40371588, L:/127.0.0.1:53527 - R:localhost/127.0.0.1:59460]' for 'POST' to 'http://localhost:59460/session/b3ba31c106d523f73b28bf73db270e0e/element'
08:36:00.598 [Forwarding findElement on session b3ba31c106d523f73b28bf73db270e0e to remote] DEBUG o.a.netty.request.NettyRequestSender - Using open Channel [id: 0x40371588, L:/127.0.0.1:53527 - R:localhost/127.0.0.1:59460] for POST '/session/b3ba31c106d523f73b28bf73db270e0e/element'
08:36:00.610 [AsyncHttpClient-1-17] DEBUG o.a.netty.handler.HttpHandler - 

Request DefaultHttpRequest(decodeResult: success, version: HTTP/1.1)
POST /session/b3ba31c106d523f73b28bf73db270e0e/element HTTP/1.1
User-Agent: selenium/4.1.2 (java windows)
Content-Length: 75
Content-Type: application/json; charset=utf-8
host: localhost:59460
accept: */*

Response DefaultHttpResponse(decodeResult: success, version: HTTP/1.1)
HTTP/1.1 200 OK
Content-Type: application/json; charset=utf-8
cache-control: no-cache
content-length: 88

08:36:00.610 [AsyncHttpClient-1-17] DEBUG o.a.netty.channel.ChannelManager - Adding key: http://localhost:59460 for channel [id: 0x40371588, L:/127.0.0.1:53527 - R:localhost/127.0.0.1:59460]
08:36:00.614 [Forwarding isElementDisplayed on session b3ba31c106d523f73b28bf73db270e0e to remote] DEBUG o.a.netty.request.NettyRequestSender - Using pooled Channel '[id: 0x40371588, L:/127.0.0.1:53527 - R:localhost/127.0.0.1:59460]' for 'POST' to 'http://localhost:59460/session/b3ba31c106d523f73b28bf73db270e0e/execute/sync'
08:36:00.614 [Forwarding isElementDisplayed on session b3ba31c106d523f73b28bf73db270e0e to remote] DEBUG o.a.netty.request.NettyRequestSender - Using open Channel [id: 0x40371588, L:/127.0.0.1:53527 - R:localhost/127.0.0.1:59460] for POST '/session/b3ba31c106d523f73b28bf73db270e0e/execute/sync'
08:36:00.628 [AsyncHttpClient-1-17] DEBUG o.a.netty.handler.HttpHandler - 

Request DefaultHttpRequest(decodeResult: success, version: HTTP/1.1)
POST /session/b3ba31c106d523f73b28bf73db270e0e/execute/sync HTTP/1.1
User-Agent: selenium/4.1.2 (java windows)
Content-Length: 48780
Content-Type: application/json; charset=utf-8
host: localhost:59460
accept: */*

Response DefaultHttpResponse(decodeResult: success, version: HTTP/1.1)
HTTP/1.1 200 OK
Content-Type: application/json; charset=utf-8
cache-control: no-cache
content-length: 14

08:36:00.628 [AsyncHttpClient-1-17] DEBUG o.a.netty.channel.ChannelManager - Adding key: http://localhost:59460 for channel [id: 0x40371588, L:/127.0.0.1:53527 - R:localhost/127.0.0.1:59460]
08:36:00.629 [Forwarding getElementText on session b3ba31c106d523f73b28bf73db270e0e to remote] DEBUG o.a.netty.request.NettyRequestSender - Using pooled Channel '[id: 0x40371588, L:/127.0.0.1:53527 - R:localhost/127.0.0.1:59460]' for 'GET' to 'http://localhost:59460/session/b3ba31c106d523f73b28bf73db270e0e/element/824916a0-0f84-4425-9e61-45dfbb889599/text'
08:36:00.629 [Forwarding getElementText on session b3ba31c106d523f73b28bf73db270e0e to remote] DEBUG o.a.netty.request.NettyRequestSender - Using open Channel [id: 0x40371588, L:/127.0.0.1:53527 - R:localhost/127.0.0.1:59460] for GET '/session/b3ba31c106d523f73b28bf73db270e0e/element/824916a0-0f84-4425-9e61-45dfbb889599/text'
08:36:00.642 [AsyncHttpClient-1-17] DEBUG o.a.netty.handler.HttpHandler - 

Request DefaultFullHttpRequest(decodeResult: success, version: HTTP/1.1, content: EmptyByteBufBE)
GET /session/b3ba31c106d523f73b28bf73db270e0e/element/824916a0-0f84-4425-9e61-45dfbb889599/text HTTP/1.1
User-Agent: selenium/4.1.2 (java windows)
Cache-Control: no-cache
Content-Type: application/json; charset=utf-8
host: localhost:59460
accept: */*

Response DefaultHttpResponse(decodeResult: success, version: HTTP/1.1)
HTTP/1.1 200 OK
Content-Type: application/json; charset=utf-8
cache-control: no-cache
content-length: 59

08:36:00.643 [AsyncHttpClient-1-17] DEBUG o.a.netty.channel.ChannelManager - Adding key: http://localhost:59460 for channel [id: 0x40371588, L:/127.0.0.1:53527 - R:localhost/127.0.0.1:59460]
08:36:00.741 [AsyncHttpClient-1-1] DEBUG o.a.netty.channel.DefaultChannelPool - Entry count for : http://localhost:59460 : 1
08:36:00.741 [AsyncHttpClient-1-1] DEBUG o.a.netty.channel.DefaultChannelPool - Entry count for : http://localhost:53544 : 1
08:36:01.842 [AsyncHttpClient-1-1] DEBUG o.a.netty.channel.DefaultChannelPool - Entry count for : http://localhost:59460 : 1
08:36:01.842 [AsyncHttpClient-1-1] DEBUG o.a.netty.channel.DefaultChannelPool - Entry count for : http://localhost:53544 : 1
  &amp#27;[32mThen &amp#27;[0m&amp#27;[32muser should not proceed to Dashboard Page&amp#27;[0m                                                       &amp#27;[90m# stepdefinitions.LoginPageSteps.user_should_not_proceed_to_dashboard_page()&amp#27;[0m
08:36:02.938 [AsyncHttpClient-1-1] DEBUG o.a.netty.channel.DefaultChannelPool - Entry count for : http://localhost:59460 : 1
08:36:02.938 [AsyncHttpClient-1-1] DEBUG o.a.netty.channel.DefaultChannelPool - Entry count for : http://localhost:53544 : 1
08:36:04.032 [AsyncHttpClient-1-1] DEBUG o.a.netty.channel.DefaultChannelPool - Entry count for : http://localhost:59460 : 1
08:36:04.032 [AsyncHttpClient-1-1] DEBUG o.a.netty.channel.DefaultChannelPool - Entry count for : http://localhost:53544 : 1
DEBUG [main] (LoginPage.java:81) - enterUserCredentails: username = 'user@vrbank' | password = 'pega123!' 
DEBUG [main] (LoginPage.java:81)- enterUserCredentails: username = 'user@vrbank' | password = 'pega123!' 
08:36:04.670 [Forwarding findElement on session b3ba31c106d523f73b28bf73db270e0e to remote] DEBUG o.a.netty.request.NettyRequestSender - Using pooled Channel '[id: 0x40371588, L:/127.0.0.1:53527 - R:localhost/127.0.0.1:59460]' for 'POST' to 'http://localhost:59460/session/b3ba31c106d523f73b28bf73db270e0e/element'
08:36:04.670 [Forwarding findElement on session b3ba31c106d523f73b28bf73db270e0e to remote] DEBUG o.a.netty.request.NettyRequestSender - Using open Channel [id: 0x40371588, L:/127.0.0.1:53527 - R:localhost/127.0.0.1:59460] for POST '/session/b3ba31c106d523f73b28bf73db270e0e/element'
08:36:04.681 [AsyncHttpClient-1-17] DEBUG o.a.netty.handler.HttpHandler - 

Request DefaultHttpRequest(decodeResult: success, version: HTTP/1.1)
POST /session/b3ba31c106d523f73b28bf73db270e0e/element HTTP/1.1
User-Agent: selenium/4.1.2 (java windows)
Content-Length: 128
Content-Type: application/json; charset=utf-8
host: localhost:59460
accept: */*

Response DefaultHttpResponse(decodeResult: success, version: HTTP/1.1)
HTTP/1.1 200 OK
Content-Type: application/json; charset=utf-8
cache-control: no-cache
content-length: 88

08:36:04.681 [AsyncHttpClient-1-17] DEBUG o.a.netty.channel.ChannelManager - Adding key: http://localhost:59460 for channel [id: 0x40371588, L:/127.0.0.1:53527 - R:localhost/127.0.0.1:59460]
08:36:04.683 [Forwarding sendKeysToElement on session b3ba31c106d523f73b28bf73db270e0e to remote] DEBUG o.a.netty.request.NettyRequestSender - Using pooled Channel '[id: 0x40371588, L:/127.0.0.1:53527 - R:localhost/127.0.0.1:59460]' for 'POST' to 'http://localhost:59460/session/b3ba31c106d523f73b28bf73db270e0e/element/20ff241c-c3e9-4934-809b-b6c069b47abe/value'
08:36:04.683 [Forwarding sendKeysToElement on session b3ba31c106d523f73b28bf73db270e0e to remote] DEBUG o.a.netty.request.NettyRequestSender - Using open Channel [id: 0x40371588, L:/127.0.0.1:53527 - R:localhost/127.0.0.1:59460] for POST '/session/b3ba31c106d523f73b28bf73db270e0e/element/20ff241c-c3e9-4934-809b-b6c069b47abe/value'
08:36:04.716 [AsyncHttpClient-1-17] DEBUG o.a.netty.handler.HttpHandler - 

Request DefaultHttpRequest(decodeResult: success, version: HTTP/1.1)
POST /session/b3ba31c106d523f73b28bf73db270e0e/element/20ff241c-c3e9-4934-809b-b6c069b47abe/value HTTP/1.1
User-Agent: selenium/4.1.2 (java windows)
Content-Length: 191
Content-Type: application/json; charset=utf-8
host: localhost:59460
accept: */*

Response DefaultHttpResponse(decodeResult: success, version: HTTP/1.1)
HTTP/1.1 200 OK
Content-Type: application/json; charset=utf-8
cache-control: no-cache
content-length: 14

08:36:04.716 [AsyncHttpClient-1-17] DEBUG o.a.netty.channel.ChannelManager - Adding key: http://localhost:59460 for channel [id: 0x40371588, L:/127.0.0.1:53527 - R:localhost/127.0.0.1:59460]
08:36:04.717 [Forwarding findElement on session b3ba31c106d523f73b28bf73db270e0e to remote] DEBUG o.a.netty.request.NettyRequestSender - Using pooled Channel '[id: 0x40371588, L:/127.0.0.1:53527 - R:localhost/127.0.0.1:59460]' for 'POST' to 'http://localhost:59460/session/b3ba31c106d523f73b28bf73db270e0e/element'
08:36:04.717 [Forwarding findElement on session b3ba31c106d523f73b28bf73db270e0e to remote] DEBUG o.a.netty.request.NettyRequestSender - Using open Channel [id: 0x40371588, L:/127.0.0.1:53527 - R:localhost/127.0.0.1:59460] for POST '/session/b3ba31c106d523f73b28bf73db270e0e/element'
08:36:04.730 [AsyncHttpClient-1-17] DEBUG o.a.netty.handler.HttpHandler - 

Request DefaultHttpRequest(decodeResult: success, version: HTTP/1.1)
POST /session/b3ba31c106d523f73b28bf73db270e0e/element HTTP/1.1
User-Agent: selenium/4.1.2 (java windows)
Content-Length: 132
Content-Type: application/json; charset=utf-8
host: localhost:59460
accept: */*

Response DefaultHttpResponse(decodeResult: success, version: HTTP/1.1)
HTTP/1.1 200 OK
Content-Type: application/json; charset=utf-8
cache-control: no-cache
content-length: 88

08:36:04.730 [AsyncHttpClient-1-17] DEBUG o.a.netty.channel.ChannelManager - Adding key: http://localhost:59460 for channel [id: 0x40371588, L:/127.0.0.1:53527 - R:localhost/127.0.0.1:59460]
08:36:04.731 [Forwarding sendKeysToElement on session b3ba31c106d523f73b28bf73db270e0e to remote] DEBUG o.a.netty.request.NettyRequestSender - Using pooled Channel '[id: 0x40371588, L:/127.0.0.1:53527 - R:localhost/127.0.0.1:59460]' for 'POST' to 'http://localhost:59460/session/b3ba31c106d523f73b28bf73db270e0e/element/51b718fa-1c2f-4283-9f7c-b9425b3bd125/value'
08:36:04.731 [Forwarding sendKeysToElement on session b3ba31c106d523f73b28bf73db270e0e to remote] DEBUG o.a.netty.request.NettyRequestSender - Using open Channel [id: 0x40371588, L:/127.0.0.1:53527 - R:localhost/127.0.0.1:59460] for POST '/session/b3ba31c106d523f73b28bf73db270e0e/element/51b718fa-1c2f-4283-9f7c-b9425b3bd125/value'
08:36:04.783 [AsyncHttpClient-1-17] DEBUG o.a.netty.handler.HttpHandler - 

Request DefaultHttpRequest(decodeResult: success, version: HTTP/1.1)
POST /session/b3ba31c106d523f73b28bf73db270e0e/element/51b718fa-1c2f-4283-9f7c-b9425b3bd125/value HTTP/1.1
User-Agent: selenium/4.1.2 (java windows)
Content-Length: 161
Content-Type: application/json; charset=utf-8
host: localhost:59460
accept: */*

Response DefaultHttpResponse(decodeResult: success, version: HTTP/1.1)
HTTP/1.1 200 OK
Content-Type: application/json; charset=utf-8
cache-control: no-cache
content-length: 14

08:36:04.783 [AsyncHttpClient-1-17] DEBUG o.a.netty.channel.ChannelManager - Adding key: http://localhost:59460 for channel [id: 0x40371588, L:/127.0.0.1:53527 - R:localhost/127.0.0.1:59460]
08:36:04.784 [Forwarding findElement on session b3ba31c106d523f73b28bf73db270e0e to remote] DEBUG o.a.netty.request.NettyRequestSender - Using pooled Channel '[id: 0x40371588, L:/127.0.0.1:53527 - R:localhost/127.0.0.1:59460]' for 'POST' to 'http://localhost:59460/session/b3ba31c106d523f73b28bf73db270e0e/element'
08:36:04.784 [Forwarding findElement on session b3ba31c106d523f73b28bf73db270e0e to remote] DEBUG o.a.netty.request.NettyRequestSender - Using open Channel [id: 0x40371588, L:/127.0.0.1:53527 - R:localhost/127.0.0.1:59460] for POST '/session/b3ba31c106d523f73b28bf73db270e0e/element'
08:36:04.796 [AsyncHttpClient-1-17] DEBUG o.a.netty.handler.HttpHandler - 

Request DefaultHttpRequest(decodeResult: success, version: HTTP/1.1)
POST /session/b3ba31c106d523f73b28bf73db270e0e/element HTTP/1.1
User-Agent: selenium/4.1.2 (java windows)
Content-Length: 125
Content-Type: application/json; charset=utf-8
host: localhost:59460
accept: */*

Response DefaultHttpResponse(decodeResult: success, version: HTTP/1.1)
HTTP/1.1 200 OK
Content-Type: application/json; charset=utf-8
cache-control: no-cache
content-length: 88

08:36:04.796 [AsyncHttpClient-1-17] DEBUG o.a.netty.channel.ChannelManager - Adding key: http://localhost:59460 for channel [id: 0x40371588, L:/127.0.0.1:53527 - R:localhost/127.0.0.1:59460]
08:36:04.798 [Forwarding clickElement on session b3ba31c106d523f73b28bf73db270e0e to remote] DEBUG o.a.netty.request.NettyRequestSender - Using pooled Channel '[id: 0x40371588, L:/127.0.0.1:53527 - R:localhost/127.0.0.1:59460]' for 'POST' to 'http://localhost:59460/session/b3ba31c106d523f73b28bf73db270e0e/element/badac5df-32e3-466e-a9d1-964bfb71f91e/click'
08:36:04.798 [Forwarding clickElement on session b3ba31c106d523f73b28bf73db270e0e to remote] DEBUG o.a.netty.request.NettyRequestSender - Using open Channel [id: 0x40371588, L:/127.0.0.1:53527 - R:localhost/127.0.0.1:59460] for POST '/session/b3ba31c106d523f73b28bf73db270e0e/element/badac5df-32e3-466e-a9d1-964bfb71f91e/click'
08:36:05.131 [AsyncHttpClient-1-1] DEBUG o.a.netty.channel.DefaultChannelPool - Entry count for : http://localhost:53544 : 1
08:36:06.238 [AsyncHttpClient-1-1] DEBUG o.a.netty.channel.DefaultChannelPool - Entry count for : http://localhost:53544 : 1
08:36:07.343 [AsyncHttpClient-1-1] DEBUG o.a.netty.channel.DefaultChannelPool - Entry count for : http://localhost:53544 : 1
08:36:08.431 [AsyncHttpClient-1-1] DEBUG o.a.netty.channel.DefaultChannelPool - Entry count for : http://localhost:53544 : 1
08:36:09.532 [AsyncHttpClient-1-1] DEBUG o.a.netty.channel.DefaultChannelPool - Entry count for : http://localhost:53544 : 1
08:36:10.638 [AsyncHttpClient-1-1] DEBUG o.a.netty.channel.DefaultChannelPool - Entry count for : http://localhost:53544 : 1
08:36:11.738 [AsyncHttpClient-1-1] DEBUG o.a.netty.channel.DefaultChannelPool - Entry count for : http://localhost:53544 : 1
08:36:11.759 [AsyncHttpClient-1-17] DEBUG o.a.netty.handler.HttpHandler - 

Request DefaultHttpRequest(decodeResult: success, version: HTTP/1.1)
POST /session/b3ba31c106d523f73b28bf73db270e0e/element/badac5df-32e3-466e-a9d1-964bfb71f91e/click HTTP/1.1
User-Agent: selenium/4.1.2 (java windows)
Content-Length: 50
Content-Type: application/json; charset=utf-8
host: localhost:59460
accept: */*

Response DefaultHttpResponse(decodeResult: success, version: HTTP/1.1)
HTTP/1.1 200 OK
Content-Type: application/json; charset=utf-8
cache-control: no-cache
content-length: 14

08:36:11.761 [AsyncHttpClient-1-17] DEBUG o.a.netty.channel.ChannelManager - Adding key: http://localhost:59460 for channel [id: 0x40371588, L:/127.0.0.1:53527 - R:localhost/127.0.0.1:59460]
  &amp#27;[32mWhen &amp#27;[0m&amp#27;[32muser login using valid credentials with username &amp#27;[0m&amp#27;[32m&amp#27;[1m"user@vrbank"&amp#27;[0m&amp#27;[32m and password &amp#27;[0m&amp#27;[32m&amp#27;[1m"pega123!"&amp#27;[0m          &amp#27;[90m# stepdefinitions.LoginPageSteps.user_login_using_valid_credentials_with_username_and_password(java.lang.String,java.lang.String)&amp#27;[0m
08:36:11.764 [Forwarding getTitle on session b3ba31c106d523f73b28bf73db270e0e to remote] DEBUG o.a.netty.request.NettyRequestSender - Using pooled Channel '[id: 0x40371588, L:/127.0.0.1:53527 - R:localhost/127.0.0.1:59460]' for 'GET' to 'http://localhost:59460/session/b3ba31c106d523f73b28bf73db270e0e/title'
08:36:11.764 [Forwarding getTitle on session b3ba31c106d523f73b28bf73db270e0e to remote] DEBUG o.a.netty.request.NettyRequestSender - Using open Channel [id: 0x40371588, L:/127.0.0.1:53527 - R:localhost/127.0.0.1:59460] for GET '/session/b3ba31c106d523f73b28bf73db270e0e/title'
08:36:11.767 [AsyncHttpClient-1-17] DEBUG o.a.netty.handler.HttpHandler - 

Request DefaultFullHttpRequest(decodeResult: success, version: HTTP/1.1, content: EmptyByteBufBE)
GET /session/b3ba31c106d523f73b28bf73db270e0e/title HTTP/1.1
User-Agent: selenium/4.1.2 (java windows)
Cache-Control: no-cache
Content-Type: application/json; charset=utf-8
host: localhost:59460
accept: */*

Response DefaultHttpResponse(decodeResult: success, version: HTTP/1.1)
HTTP/1.1 200 OK
Content-Type: application/json; charset=utf-8
cache-control: no-cache
content-length: 30

08:36:11.768 [AsyncHttpClient-1-17] DEBUG o.a.netty.channel.ChannelManager - Adding key: http://localhost:59460 for channel [id: 0x40371588, L:/127.0.0.1:53527 - R:localhost/127.0.0.1:59460]
DEBUG [main] (BaseClass.java:37) - verifyApplication: 'Cosmos Application' 
DEBUG [main] (BaseClass.java:37)- verifyApplication: 'Cosmos Application' 
08:36:11.769 [Forwarding getTitle on session b3ba31c106d523f73b28bf73db270e0e to remote] DEBUG o.a.netty.request.NettyRequestSender - Using pooled Channel '[id: 0x40371588, L:/127.0.0.1:53527 - R:localhost/127.0.0.1:59460]' for 'GET' to 'http://localhost:59460/session/b3ba31c106d523f73b28bf73db270e0e/title'
08:36:11.769 [Forwarding getTitle on session b3ba31c106d523f73b28bf73db270e0e to remote] DEBUG o.a.netty.request.NettyRequestSender - Using open Channel [id: 0x40371588, L:/127.0.0.1:53527 - R:localhost/127.0.0.1:59460] for GET '/session/b3ba31c106d523f73b28bf73db270e0e/title'
08:36:11.771 [AsyncHttpClient-1-17] DEBUG o.a.netty.handler.HttpHandler - 

Request DefaultFullHttpRequest(decodeResult: success, version: HTTP/1.1, content: EmptyByteBufBE)
GET /session/b3ba31c106d523f73b28bf73db270e0e/title HTTP/1.1
User-Agent: selenium/4.1.2 (java windows)
Cache-Control: no-cache
Content-Type: application/json; charset=utf-8
host: localhost:59460
accept: */*

Response DefaultHttpResponse(decodeResult: success, version: HTTP/1.1)
HTTP/1.1 200 OK
Content-Type: application/json; charset=utf-8
cache-control: no-cache
content-length: 30

08:36:11.771 [AsyncHttpClient-1-17] DEBUG o.a.netty.channel.ChannelManager - Adding key: http://localhost:59460 for channel [id: 0x40371588, L:/127.0.0.1:53527 - R:localhost/127.0.0.1:59460]
08:36:12.831 [AsyncHttpClient-1-1] DEBUG o.a.netty.channel.DefaultChannelPool - Entry count for : http://localhost:59460 : 1
08:36:12.831 [AsyncHttpClient-1-1] DEBUG o.a.netty.channel.DefaultChannelPool - Entry count for : http://localhost:53544 : 1
08:36:13.942 [AsyncHttpClient-1-1] DEBUG o.a.netty.channel.DefaultChannelPool - Entry count for : http://localhost:59460 : 1
08:36:13.942 [AsyncHttpClient-1-1] DEBUG o.a.netty.channel.DefaultChannelPool - Entry count for : http://localhost:53544 : 1
08:36:15.035 [AsyncHttpClient-1-1] DEBUG o.a.netty.channel.DefaultChannelPool - Entry count for : http://localhost:59460 : 1
08:36:15.035 [AsyncHttpClient-1-1] DEBUG o.a.netty.channel.DefaultChannelPool - Entry count for : http://localhost:53544 : 1
08:36:16.142 [AsyncHttpClient-1-1] DEBUG o.a.netty.channel.DefaultChannelPool - Entry count for : http://localhost:59460 : 1
08:36:16.142 [AsyncHttpClient-1-1] DEBUG o.a.netty.channel.DefaultChannelPool - Entry count for : http://localhost:53544 : 1
  &amp#27;[32mThen &amp#27;[0m&amp#27;[32muser should proceed to Dashboard Page&amp#27;[0m                                                           &amp#27;[90m# stepdefinitions.LoginPageSteps.user_should_proceed_to_dashboard_page()&amp#27;[0m
DEBUG [main] (apphooks.java:45) - Close Browser
DEBUG [main] (apphooks.java:45)- Close Browser
08:36:16.775 [AsyncHttpClient-1-19] DEBUG o.a.netty.handler.WebSocketHandler - Channel Closed: [id: 0xca3fbea1, L:/127.0.0.1:53551 ! R:localhost/127.0.0.1:53544] with attribute NettyResponseFuture{currentRetry=5,
	isDone=1,
	isCancelled=0,
	asyncHandler=org.asynchttpclient.ws.WebSocketUpgradeHandler@7fc79d5e,
	nettyRequest=org.asynchttpclient.netty.request.NettyRequest@3ac51cc2,
	future=java.util.concurrent.CompletableFuture@30411332[Completed normally],
	uri=ws://localhost:53544/devtools/browser/7388ac29-7e24-421a-993b-5a999dcf732e,
	keepAlive=true,
	redirectCount=0,
	timeoutsHolder=null,
	inAuth=0,
	touch=1648514144549}
08:36:16.775 [Driver Command Executor] DEBUG o.a.netty.request.NettyRequestSender - Using pooled Channel '[id: 0x40371588, L:/127.0.0.1:53527 - R:localhost/127.0.0.1:59460]' for 'DELETE' to 'http://localhost:59460/session/b3ba31c106d523f73b28bf73db270e0e'
08:36:16.775 [AsyncHttpClient-1-19] DEBUG o.a.netty.channel.ChannelManager - Closing Channel [id: 0xca3fbea1, L:/127.0.0.1:53551 ! R:localhost/127.0.0.1:53544] 
08:36:16.775 [Driver Command Executor] DEBUG o.a.netty.request.NettyRequestSender - Using open Channel [id: 0x40371588, L:/127.0.0.1:53527 - R:localhost/127.0.0.1:59460] for DELETE '/session/b3ba31c106d523f73b28bf73db270e0e'
08:36:16.798 [AsyncHttpClient-1-18] DEBUG o.a.netty.handler.HttpHandler - Unexpected I/O exception on channel [id: 0x506db928, L:/127.0.0.1:53550 - R:localhost/127.0.0.1:53544]
java.net.SocketException: Connection reset
	at java.base/sun.nio.ch.SocketChannelImpl.throwConnectionReset(SocketChannelImpl.java:367) ~[na:na]
	at java.base/sun.nio.ch.SocketChannelImpl.read(SocketChannelImpl.java:398) ~[na:na]
	at io.netty.buffer.PooledByteBuf.setBytes(PooledByteBuf.java:253) ~[netty-buffer-4.1.70.Final.jar:4.1.70.Final]
	at io.netty.buffer.AbstractByteBuf.writeBytes(AbstractByteBuf.java:1132) ~[netty-buffer-4.1.70.Final.jar:4.1.70.Final]
	at io.netty.channel.socket.nio.NioSocketChannel.doReadBytes(NioSocketChannel.java:350) ~[netty-transport-4.1.70.Final.jar:4.1.70.Final]
	at io.netty.channel.nio.AbstractNioByteChannel$NioByteUnsafe.read(AbstractNioByteChannel.java:151) ~[netty-transport-4.1.70.Final.jar:4.1.70.Final]
	at io.netty.channel.nio.NioEventLoop.processSelectedKey(NioEventLoop.java:719) ~[netty-transport-4.1.70.Final.jar:4.1.70.Final]
	at io.netty.channel.nio.NioEventLoop.processSelectedKeysOptimized(NioEventLoop.java:655) ~[netty-transport-4.1.70.Final.jar:4.1.70.Final]
	at io.netty.channel.nio.NioEventLoop.processSelectedKeys(NioEventLoop.java:581) ~[netty-transport-4.1.70.Final.jar:4.1.70.Final]
	at io.netty.channel.nio.NioEventLoop.run(NioEventLoop.java:493) ~[netty-transport-4.1.70.Final.jar:4.1.70.Final]
	at io.netty.util.concurrent.SingleThreadEventExecutor$4.run(SingleThreadEventExecutor.java:986) ~[netty-common-4.1.70.Final.jar:4.1.70.Final]
	at io.netty.util.internal.ThreadExecutorMap$2.run(ThreadExecutorMap.java:74) ~[netty-common-4.1.70.Final.jar:4.1.70.Final]
	at io.netty.util.concurrent.FastThreadLocalRunnable.run(FastThreadLocalRunnable.java:30) ~[netty-common-4.1.70.Final.jar:4.1.70.Final]
	at java.base/java.lang.Thread.run(Thread.java:832) ~[na:na]
08:36:16.798 [AsyncHttpClient-1-18] DEBUG o.a.netty.channel.ChannelManager - Closing Channel [id: 0x506db928, L:/127.0.0.1:53550 - R:localhost/127.0.0.1:53544] 
08:36:16.798 [AsyncHttpClient-1-18] DEBUG o.a.netty.handler.HttpHandler - Channel Closed: [id: 0x506db928, L:/127.0.0.1:53550 ! R:localhost/127.0.0.1:53544] with attribute DISCARD
08:36:16.813 [AsyncHttpClient-1-17] DEBUG o.a.netty.handler.HttpHandler - 

Request DefaultFullHttpRequest(decodeResult: success, version: HTTP/1.1, content: EmptyByteBufBE)
DELETE /session/b3ba31c106d523f73b28bf73db270e0e HTTP/1.1
User-Agent: selenium/4.1.2 (java windows)
Content-Type: application/json; charset=utf-8
host: localhost:59460
accept: */*

Response DefaultHttpResponse(decodeResult: success, version: HTTP/1.1)
HTTP/1.1 200 OK
Content-Type: application/json; charset=utf-8
cache-control: no-cache
content-length: 14

08:36:16.813 [AsyncHttpClient-1-17] DEBUG o.a.netty.channel.ChannelManager - Adding key: http://localhost:59460 for channel [id: 0x40371588, L:/127.0.0.1:53527 - R:localhost/127.0.0.1:59460]
08:36:16.878 [AsyncHttpClient-1-17] DEBUG o.a.netty.handler.HttpHandler - Channel Closed: [id: 0x40371588, L:/127.0.0.1:53527 ! R:localhost/127.0.0.1:59460] with attribute DISCARD
08:36:17.232 [AsyncHttpClient-1-1] DEBUG o.a.netty.channel.DefaultChannelPool - Entry count for : http://localhost:59460 : 1
08:36:17.232 [AsyncHttpClient-1-1] DEBUG o.a.netty.channel.DefaultChannelPool - Entry count for : http://localhost:53544 : 1
08:36:17.232 [AsyncHttpClient-1-1] DEBUG o.a.netty.channel.DefaultChannelPool - Adding Candidate expired Channel [id: 0x40371588, L:/127.0.0.1:53527 ! R:localhost/127.0.0.1:59460] isIdleTimeoutExpired=false isRemotelyClosed=true isTtlExpired=false
08:36:17.232 [AsyncHttpClient-1-1] DEBUG o.a.netty.channel.DefaultChannelPool - Closing Idle Channel [id: 0x40371588, L:/127.0.0.1:53527 ! R:localhost/127.0.0.1:59460]
08:36:17.232 [AsyncHttpClient-1-1] DEBUG o.a.netty.channel.DefaultChannelPool - Adding Candidate expired Channel [id: 0x506db928, L:/127.0.0.1:53550 ! R:localhost/127.0.0.1:53544] isIdleTimeoutExpired=false isRemotelyClosed=true isTtlExpired=false
08:36:17.232 [AsyncHttpClient-1-1] DEBUG o.a.netty.channel.DefaultChannelPool - Closing Idle Channel [id: 0x506db928, L:/127.0.0.1:53550 ! R:localhost/127.0.0.1:53544]
08:36:17.232 [AsyncHttpClient-1-1] DEBUG o.a.netty.channel.DefaultChannelPool - Closed 2 connections out of 2 in 0 ms
08:36:17.402 [main] INFO   - 
  _____   ___   ___   _____     ___     _     ___   ___   ___   ___  
 |_   _| | __| / __| |_   _|   | _ \   /_\   / __| / __| | __| |   \ 
   | |   | _|  \__ \   | |     |  _/  / _ \  \__ \ \__ \ | _|  | |) |
   |_|   |___| |___/   |_|     |_|   /_/ \_\ |___/ |___/ |___| |___/ 

Login to PEGA Site using User
----------------------------------------------------------------------
]]></system-out>
    <system-err><![CDATA[Starting ChromeDriver 99.0.4844.51 (d537ec02474b5afe23684e7963d538896c63ac77-refs/branch-heads/4844@{#875}) on port 59460
Only local connections are allowed.
Please see https://chromedriver.chromium.org/security-considerations for suggestions on keeping ChromeDriver safe.
ChromeDriver was started successfully.
Mar 29, 2022 8:35:44 AM org.openqa.selenium.remote.ProtocolHandshake createSession
INFO: Detected dialect: W3C
Mar 29, 2022 8:35:44 AM org.openqa.selenium.devtools.CdpVersionFinder findNearestMatch
WARNING: Unable to find an exact match for CDP version 99, so returning the closest version found: 96
Mar 29, 2022 8:35:44 AM org.openqa.selenium.devtools.CdpVersionFinder findNearestMatch
INFO: Found CDP implementation for version 99 of 96
]]></system-err>
  </testcase>
</testsuite>