<?xml version="1.0" encoding="UTF-8"?>
<testsuite xmlns:xsi="http://www.w3.org/2001/XMLSchema-instance" xsi:noNamespaceSchemaLocation="https://maven.apache.org/surefire/maven-failsafe-plugin/xsd/failsafe-test-report-3.0.xsd" version="3.0" name="testsuites.HCLSerenityTestRunner" time="101.935" tests="4" errors="0" skipped="0" failures="0">
  <properties>
    <property name="java.specification.version" value="15"/>
    <property name="webdriver.chrome.driver" value="C:\Users\DheyClaveria\.cache\selenium\chromedriver\win32\99.0.4844.51\chromedriver.exe"/>
    <property name="sun.cpu.isalist" value="amd64"/>
    <property name="sun.jnu.encoding" value="Cp1252"/>
    <property name="java.class.path" value="Z:\Automation\JavaCucumber\BDD_HCL\CucumberHCL\target\test-classes;C:\Users\DheyClaveria\.m2\repository\com\github\ralfstuckert\pdfbox-layout\pdfbox2-layout\1.0.1\pdfbox2-layout-1.0.1.jar;C:\Users\DheyClaveria\.m2\repository\org\apache\pdfbox\pdfbox\2.0.4\pdfbox-2.0.4.jar;C:\Users\DheyClaveria\.m2\repository\org\apache\pdfbox\fontbox\2.0.4\fontbox-2.0.4.jar;C:\Users\DheyClaveria\.m2\repository\commons-logging\commons-logging\1.2\commons-logging-1.2.jar;C:\Users\DheyClaveria\.m2\repository\io\rest-assured\rest-assured\4.5.1\rest-assured-4.5.1.jar;C:\Users\DheyClaveria\.m2\repository\org\codehaus\groovy\groovy\3.0.9\groovy-3.0.9.jar;C:\Users\DheyClaveria\.m2\repository\org\codehaus\groovy\groovy-xml\3.0.9\groovy-xml-3.0.9.jar;C:\Users\DheyClaveria\.m2\repository\org\apache\httpcomponents\httpclient\4.5.13\httpclient-4.5.13.jar;C:\Users\DheyClaveria\.m2\repository\org\apache\httpcomponents\httpcore\4.4.13\httpcore-4.4.13.jar;C:\Users\DheyClaveria\.m2\repository\org\apache\httpcomponents\httpmime\4.5.13\httpmime-4.5.13.jar;C:\Users\DheyClaveria\.m2\repository\org\hamcrest\hamcrest\2.1\hamcrest-2.1.jar;C:\Users\DheyClaveria\.m2\repository\org\ccil\cowan\tagsoup\tagsoup\1.2.1\tagsoup-1.2.1.jar;C:\Users\DheyClaveria\.m2\repository\io\rest-assured\json-path\4.5.1\json-path-4.5.1.jar;C:\Users\DheyClaveria\.m2\repository\io\rest-assured\rest-assured-common\4.5.1\rest-assured-common-4.5.1.jar;C:\Users\DheyClaveria\.m2\repository\io\rest-assured\xml-path\4.5.1\xml-path-4.5.1.jar;C:\Users\DheyClaveria\.m2\repository\io\rest-assured\rest-assured-all\4.3.2\rest-assured-all-4.3.2.jar;C:\Users\DheyClaveria\.m2\repository\org\apache\commons\commons-lang3\3.11\commons-lang3-3.11.jar;C:\Users\DheyClaveria\.m2\repository\jakarta\xml\bind\jakarta.xml.bind-api\2.3.3\jakarta.xml.bind-api-2.3.3.jar;C:\Users\DheyClaveria\.m2\repository\jakarta\activation\jakarta.activation-api\1.2.2\jakarta.activation-api-1.2.2.jar;C:\Users\DheyClaveria\.m2\repository\com\sun\xml\bind\jaxb-impl\2.3.3\jaxb-impl-2.3.3.jar;C:\Users\DheyClaveria\.m2\repository\org\codehaus\groovy\groovy-json\3.0.6\groovy-json-3.0.6.jar;C:\Users\DheyClaveria\.m2\repository\log4j\log4j\1.2.17\log4j-1.2.17.jar;C:\Users\DheyClaveria\.m2\repository\ch\qos\logback\logback-classic\1.1.3\logback-classic-1.1.3.jar;C:\Users\DheyClaveria\.m2\repository\ch\qos\logback\logback-core\1.1.3\logback-core-1.1.3.jar;C:\Users\DheyClaveria\.m2\repository\org\slf4j\slf4j-api\1.7.7\slf4j-api-1.7.7.jar;C:\Users\DheyClaveria\.m2\repository\org\json\json\20210307\json-20210307.jar;C:\Users\DheyClaveria\.m2\repository\com\ea\async\ea-async\1.2.3\ea-async-1.2.3.jar;C:\Users\DheyClaveria\.m2\repository\net\serenity-bdd\serenity-assertions\3.2.0\serenity-assertions-3.2.0.jar;C:\Users\DheyClaveria\.m2\repository\net\serenity-bdd\serenity-screenplay\3.2.0\serenity-screenplay-3.2.0.jar;C:\Users\DheyClaveria\.m2\repository\org\assertj\assertj-core\3.21.0\assertj-core-3.21.0.jar;C:\Users\DheyClaveria\.m2\repository\net\serenity-bdd\serenity-ensure\3.2.0\serenity-ensure-3.2.0.jar;C:\Users\DheyClaveria\.m2\repository\net\serenity-bdd\serenity-model\3.2.0\serenity-model-3.2.0.jar;C:\Users\DheyClaveria\.m2\repository\org\apache\commons\commons-text\1.9\commons-text-1.9.jar;C:\Users\DheyClaveria\.m2\repository\commons-net\commons-net\3.6\commons-net-3.6.jar;C:\Users\DheyClaveria\.m2\repository\com\google\inject\guice\5.0.1\guice-5.0.1.jar;C:\Users\DheyClaveria\.m2\repository\javax\inject\javax.inject\1\javax.inject-1.jar;C:\Users\DheyClaveria\.m2\repository\aopalliance\aopalliance\1.0\aopalliance-1.0.jar;C:\Users\DheyClaveria\.m2\repository\com\thoughtworks\xstream\xstream\1.4.19\xstream-1.4.19.jar;C:\Users\DheyClaveria\.m2\repository\io\github\x-stream\mxparser\1.2.2\mxparser-1.2.2.jar;C:\Users\DheyClaveria\.m2\repository\xmlpull\xmlpull\1.1.3.1\xmlpull-1.1.3.1.jar;C:\Users\DheyClaveria\.m2\repository\com\typesafe\config\1.3.1\config-1.3.1.jar;C:\Users\DheyClaveria\.m2\repository\org\imgscalr\imgscalr-lib\4.2\imgscalr-lib-4.2.jar;C:\Users\DheyClaveria\.m2\repository\org\awaitility\awaitility\4.1.0\awaitility-4.1.0.jar;C:\Users\DheyClaveria\.m2\repository\org\freemarker\freemarker\2.3.31\freemarker-2.3.31.jar;C:\Users\DheyClaveria\.m2\repository\io\github\classgraph\classgraph\4.8.138\classgraph-4.8.138.jar;C:\Users\DheyClaveria\.m2\repository\net\sourceforge\jexcelapi\jxl\2.6.12\jxl-2.6.12.jar;C:\Users\DheyClaveria\.m2\repository\net\bytebuddy\byte-buddy\1.12.3\byte-buddy-1.12.3.jar;C:\Users\DheyClaveria\.m2\repository\net\bytebuddy\byte-buddy-agent\1.12.3\byte-buddy-agent-1.12.3.jar;C:\Users\DheyClaveria\.m2\repository\org\objenesis\objenesis\3.1\objenesis-3.1.jar;C:\Users\DheyClaveria\.m2\repository\net\serenity-bdd\serenity-screenplay-webdriver\3.2.0\serenity-screenplay-webdriver-3.2.0.jar;C:\Users\DheyClaveria\.m2\repository\org\jetbrains\kotlin\kotlin-stdlib\1.6.0\kotlin-stdlib-1.6.0.jar;C:\Users\DheyClaveria\.m2\repository\org\jetbrains\annotations\13.0\annotations-13.0.jar;C:\Users\DheyClaveria\.m2\repository\org\jetbrains\kotlin\kotlin-stdlib-common\1.6.0\kotlin-stdlib-common-1.6.0.jar;C:\Users\DheyClaveria\.m2\repository\net\serenity-bdd\serenity-core\3.2.0\serenity-core-3.2.0.jar;C:\Users\DheyClaveria\.m2\repository\net\serenity-bdd\serenity-reports\3.2.0\serenity-reports-3.2.0.jar;C:\Users\DheyClaveria\.m2\repository\net\serenity-bdd\serenity-stats\3.2.0\serenity-stats-3.2.0.jar;C:\Users\DheyClaveria\.m2\repository\net\serenity-bdd\serenity-reports-configuration\3.2.0\serenity-reports-configuration-3.2.0.jar;C:\Users\DheyClaveria\.m2\repository\com\vladsch\flexmark\flexmark-all\0.34.30\flexmark-all-0.34.30.jar;C:\Users\DheyClaveria\.m2\repository\com\vladsch\flexmark\flexmark\0.34.30\flexmark-0.34.30.jar;C:\Users\DheyClaveria\.m2\repository\com\vladsch\flexmark\flexmark-ext-abbreviation\0.34.30\flexmark-ext-abbreviation-0.34.30.jar;C:\Users\DheyClaveria\.m2\repository\com\vladsch\flexmark\flexmark-ext-admonition\0.34.30\flexmark-ext-admonition-0.34.30.jar;C:\Users\DheyClaveria\.m2\repository\com\vladsch\flexmark\flexmark-ext-anchorlink\0.34.30\flexmark-ext-anchorlink-0.34.30.jar;C:\Users\DheyClaveria\.m2\repository\com\vladsch\flexmark\flexmark-ext-aside\0.34.30\flexmark-ext-aside-0.34.30.jar;C:\Users\DheyClaveria\.m2\repository\com\vladsch\flexmark\flexmark-ext-attributes\0.34.30\flexmark-ext-attributes-0.34.30.jar;C:\Users\DheyClaveria\.m2\repository\com\vladsch\flexmark\flexmark-ext-autolink\0.34.30\flexmark-ext-autolink-0.34.30.jar;C:\Users\DheyClaveria\.m2\repository\org\nibor\autolink\autolink\0.6.0\autolink-0.6.0.jar;C:\Users\DheyClaveria\.m2\repository\com\vladsch\flexmark\flexmark-ext-definition\0.34.30\flexmark-ext-definition-0.34.30.jar;C:\Users\DheyClaveria\.m2\repository\com\vladsch\flexmark\flexmark-ext-emoji\0.34.30\flexmark-ext-emoji-0.34.30.jar;C:\Users\DheyClaveria\.m2\repository\com\vladsch\flexmark\flexmark-ext-enumerated-reference\0.34.30\flexmark-ext-enumerated-reference-0.34.30.jar;C:\Users\DheyClaveria\.m2\repository\com\vladsch\flexmark\flexmark-ext-escaped-character\0.34.30\flexmark-ext-escaped-character-0.34.30.jar;C:\Users\DheyClaveria\.m2\repository\com\vladsch\flexmark\flexmark-ext-footnotes\0.34.30\flexmark-ext-footnotes-0.34.30.jar;C:\Users\DheyClaveria\.m2\repository\com\vladsch\flexmark\flexmark-ext-gfm-issues\0.34.30\flexmark-ext-gfm-issues-0.34.30.jar;C:\Users\DheyClaveria\.m2\repository\com\vladsch\flexmark\flexmark-ext-gfm-strikethrough\0.34.30\flexmark-ext-gfm-strikethrough-0.34.30.jar;C:\Users\DheyClaveria\.m2\repository\com\vladsch\flexmark\flexmark-ext-gfm-tables\0.34.30\flexmark-ext-gfm-tables-0.34.30.jar;C:\Users\DheyClaveria\.m2\repository\com\vladsch\flexmark\flexmark-ext-gfm-tasklist\0.34.30\flexmark-ext-gfm-tasklist-0.34.30.jar;C:\Users\DheyClaveria\.m2\repository\com\vladsch\flexmark\flexmark-ext-gfm-users\0.34.30\flexmark-ext-gfm-users-0.34.30.jar;C:\Users\DheyClaveria\.m2\repository\com\vladsch\flexmark\flexmark-ext-gitlab\0.34.30\flexmark-ext-gitlab-0.34.30.jar;C:\Users\DheyClaveria\.m2\repository\com\vladsch\flexmark\flexmark-ext-jekyll-front-matter\0.34.30\flexmark-ext-jekyll-front-matter-0.34.30.jar;C:\Users\DheyClaveria\.m2\repository\com\vladsch\flexmark\flexmark-ext-jekyll-tag\0.34.30\flexmark-ext-jekyll-tag-0.34.30.jar;C:\Users\DheyClaveria\.m2\repository\com\vladsch\flexmark\flexmark-ext-media-tags\0.34.30\flexmark-ext-media-tags-0.34.30.jar;C:\Users\DheyClaveria\.m2\repository\com\vladsch\flexmark\flexmark-test-util\0.34.30\flexmark-test-util-0.34.30.jar;C:\Users\DheyClaveria\.m2\repository\com\vladsch\flexmark\flexmark-ext-ins\0.34.30\flexmark-ext-ins-0.34.30.jar;C:\Users\DheyClaveria\.m2\repository\com\vladsch\flexmark\flexmark-ext-xwiki-macros\0.34.30\flexmark-ext-xwiki-macros-0.34.30.jar;C:\Users\DheyClaveria\.m2\repository\com\vladsch\flexmark\flexmark-ext-superscript\0.34.30\flexmark-ext-superscript-0.34.30.jar;C:\Users\DheyClaveria\.m2\repository\com\vladsch\flexmark\flexmark-ext-tables\0.34.30\flexmark-ext-tables-0.34.30.jar;C:\Users\DheyClaveria\.m2\repository\com\vladsch\flexmark\flexmark-ext-toc\0.34.30\flexmark-ext-toc-0.34.30.jar;C:\Users\DheyClaveria\.m2\repository\com\vladsch\flexmark\flexmark-ext-typographic\0.34.30\flexmark-ext-typographic-0.34.30.jar;C:\Users\DheyClaveria\.m2\repository\com\vladsch\flexmark\flexmark-ext-wikilink\0.34.30\flexmark-ext-wikilink-0.34.30.jar;C:\Users\DheyClaveria\.m2\repository\com\vladsch\flexmark\flexmark-ext-yaml-front-matter\0.34.30\flexmark-ext-yaml-front-matter-0.34.30.jar;C:\Users\DheyClaveria\.m2\repository\com\vladsch\flexmark\flexmark-ext-youtube-embedded\0.34.30\flexmark-ext-youtube-embedded-0.34.30.jar;C:\Users\DheyClaveria\.m2\repository\com\vladsch\flexmark\flexmark-formatter\0.34.30\flexmark-formatter-0.34.30.jar;C:\Users\DheyClaveria\.m2\repository\com\vladsch\flexmark\flexmark-html-parser\0.34.30\flexmark-html-parser-0.34.30.jar;C:\Users\DheyClaveria\.m2\repository\com\vladsch\flexmark\flexmark-jira-converter\0.34.30\flexmark-jira-converter-0.34.30.jar;C:\Users\DheyClaveria\.m2\repository\com\vladsch\flexmark\flexmark-pdf-converter\0.34.30\flexmark-pdf-converter-0.34.30.jar;C:\Users\DheyClaveria\.m2\repository\com\openhtmltopdf\openhtmltopdf-core\0.0.1-RC13\openhtmltopdf-core-0.0.1-RC13.jar;C:\Users\DheyClaveria\.m2\repository\com\openhtmltopdf\openhtmltopdf-pdfbox\0.0.1-RC13\openhtmltopdf-pdfbox-0.0.1-RC13.jar;C:\Users\DheyClaveria\.m2\repository\org\apache\pdfbox\xmpbox\2.0.8\xmpbox-2.0.8.jar;C:\Users\DheyClaveria\.m2\repository\com\openhtmltopdf\openhtmltopdf-rtl-support\0.0.1-RC13\openhtmltopdf-rtl-support-0.0.1-RC13.jar;C:\Users\DheyClaveria\.m2\repository\com\ibm\icu\icu4j\59.1\icu4j-59.1.jar;C:\Users\DheyClaveria\.m2\repository\com\openhtmltopdf\openhtmltopdf-jsoup-dom-converter\0.0.1-RC13\openhtmltopdf-jsoup-dom-converter-0.0.1-RC13.jar;C:\Users\DheyClaveria\.m2\repository\com\vladsch\flexmark\flexmark-profile-pegdown\0.34.30\flexmark-profile-pegdown-0.34.30.jar;C:\Users\DheyClaveria\.m2\repository\com\vladsch\flexmark\flexmark-util\0.34.30\flexmark-util-0.34.30.jar;C:\Users\DheyClaveria\.m2\repository\com\vladsch\flexmark\flexmark-youtrack-converter\0.34.30\flexmark-youtrack-converter-0.34.30.jar;C:\Users\DheyClaveria\.m2\repository\es\nitaur\markdown\txtmark\0.16\txtmark-0.16.jar;C:\Users\DheyClaveria\.m2\repository\net\serenity-bdd\serenity-report-resources\3.2.0\serenity-report-resources-3.2.0.jar;C:\Users\DheyClaveria\.m2\repository\com\google\code\gson\gson\2.8.9\gson-2.8.9.jar;C:\Users\DheyClaveria\.m2\repository\com\fasterxml\jackson\core\jackson-core\2.12.4\jackson-core-2.12.4.jar;C:\Users\DheyClaveria\.m2\repository\com\fasterxml\jackson\core\jackson-databind\2.12.4\jackson-databind-2.12.4.jar;C:\Users\DheyClaveria\.m2\repository\com\fasterxml\jackson\core\jackson-annotations\2.12.4\jackson-annotations-2.12.4.jar;C:\Users\DheyClaveria\.m2\repository\commons-codec\commons-codec\1.15\commons-codec-1.15.jar;C:\Users\DheyClaveria\.m2\repository\commons-io\commons-io\2.8.0\commons-io-2.8.0.jar;C:\Users\DheyClaveria\.m2\repository\org\seleniumhq\selenium\selenium-api\4.1.2\selenium-api-4.1.2.jar;C:\Users\DheyClaveria\.m2\repository\org\seleniumhq\selenium\selenium-support\4.1.2\selenium-support-4.1.2.jar;C:\Users\DheyClaveria\.m2\repository\org\seleniumhq\selenium\selenium-firefox-driver\4.1.2\selenium-firefox-driver-4.1.2.jar;C:\Users\DheyClaveria\.m2\repository\org\seleniumhq\selenium\selenium-edge-driver\4.1.2\selenium-edge-driver-4.1.2.jar;C:\Users\DheyClaveria\.m2\repository\org\seleniumhq\selenium\selenium-ie-driver\4.1.2\selenium-ie-driver-4.1.2.jar;C:\Users\DheyClaveria\.m2\repository\org\projectlombok\lombok\1.18.20\lombok-1.18.20.jar;C:\Users\DheyClaveria\.m2\repository\io\appium\java-client\8.0.0-beta2\java-client-8.0.0-beta2.jar;C:\Users\DheyClaveria\.m2\repository\commons-validator\commons-validator\1.7\commons-validator-1.7.jar;C:\Users\DheyClaveria\.m2\repository\commons-digester\commons-digester\2.1\commons-digester-2.1.jar;C:\Users\DheyClaveria\.m2\repository\org\aspectj\aspectjweaver\1.9.7\aspectjweaver-1.9.7.jar;C:\Users\DheyClaveria\.m2\repository\net\sf\opencsv\opencsv\2.0\opencsv-2.0.jar;C:\Users\DheyClaveria\.m2\repository\commons-beanutils\commons-beanutils\1.9.4\commons-beanutils-1.9.4.jar;C:\Users\DheyClaveria\.m2\repository\commons-collections\commons-collections\3.2.2\commons-collections-3.2.2.jar;C:\Users\DheyClaveria\.m2\repository\org\fluentlenium\fluentlenium-core\0.10.2\fluentlenium-core-0.10.2.jar;C:\Users\DheyClaveria\.m2\repository\com\jhlabs\filters\2.0.235\filters-2.0.235.jar;C:\Users\DheyClaveria\.m2\repository\com\paulhammant\ngwebdriver\1.1.5\ngwebdriver-1.1.5.jar;C:\Users\DheyClaveria\.m2\repository\joda-time\joda-time\2.8.2\joda-time-2.8.2.jar;C:\Users\DheyClaveria\.m2\repository\com\google\jimfs\jimfs\1.1\jimfs-1.1.jar;C:\Users\DheyClaveria\.m2\repository\org\mockito\mockito-core\3.3.3\mockito-core-3.3.3.jar;C:\Users\DheyClaveria\.m2\repository\javax\xml\bind\jaxb-api\2.3.1\jaxb-api-2.3.1.jar;C:\Users\DheyClaveria\.m2\repository\javax\activation\javax.activation-api\1.2.0\javax.activation-api-1.2.0.jar;C:\Users\DheyClaveria\.m2\repository\com\sun\xml\bind\jaxb-core\2.3.0.1\jaxb-core-2.3.0.1.jar;C:\Users\DheyClaveria\.m2\repository\javax\activation\activation\1.1.1\activation-1.1.1.jar;C:\Users\DheyClaveria\.m2\repository\net\serenity-bdd\serenity-junit\3.2.0\serenity-junit-3.2.0.jar;C:\Users\DheyClaveria\.m2\repository\net\serenity-bdd\serenity-cucumber\3.2.0\serenity-cucumber-3.2.0.jar;C:\Users\DheyClaveria\.m2\repository\org\apache\commons\commons-csv\1.5\commons-csv-1.5.jar;C:\Users\DheyClaveria\.m2\repository\net\serenity-bdd\serenity-rest-assured\3.2.0\serenity-rest-assured-3.2.0.jar;C:\Users\DheyClaveria\.m2\repository\org\opentest4j\opentest4j\1.2.0\opentest4j-1.2.0.jar;C:\Users\DheyClaveria\.m2\repository\io\cucumber\cucumber-java\7.2.3\cucumber-java-7.2.3.jar;C:\Users\DheyClaveria\.m2\repository\org\apiguardian\apiguardian-api\1.1.2\apiguardian-api-1.1.2.jar;C:\Users\DheyClaveria\.m2\repository\io\cucumber\cucumber-junit\7.2.3\cucumber-junit-7.2.3.jar;C:\Users\DheyClaveria\.m2\repository\io\cucumber\cucumber-core\7.2.3\cucumber-core-7.2.3.jar;C:\Users\DheyClaveria\.m2\repository\io\cucumber\cucumber-gherkin-messages\7.2.3\cucumber-gherkin-messages-7.2.3.jar;C:\Users\DheyClaveria\.m2\repository\io\cucumber\messages\17.1.1\messages-17.1.1.jar;C:\Users\DheyClaveria\.m2\repository\io\cucumber\tag-expressions\4.1.0\tag-expressions-4.1.0.jar;C:\Users\DheyClaveria\.m2\repository\io\cucumber\cucumber-expressions\15.0.1\cucumber-expressions-15.0.1.jar;C:\Users\DheyClaveria\.m2\repository\io\cucumber\datatable\7.2.3\datatable-7.2.3.jar;C:\Users\DheyClaveria\.m2\repository\io\cucumber\cucumber-plugin\7.2.3\cucumber-plugin-7.2.3.jar;C:\Users\DheyClaveria\.m2\repository\io\cucumber\docstring\7.2.3\docstring-7.2.3.jar;C:\Users\DheyClaveria\.m2\repository\io\cucumber\html-formatter\17.0.0\html-formatter-17.0.0.jar;C:\Users\DheyClaveria\.m2\repository\io\cucumber\ci-environment\8.1.0\ci-environment-8.1.0.jar;C:\Users\DheyClaveria\.m2\repository\io\cucumber\cucumber-junit-platform-engine\7.2.3\cucumber-junit-platform-engine-7.2.3.jar;C:\Users\DheyClaveria\.m2\repository\org\junit\platform\junit-platform-engine\1.8.2\junit-platform-engine-1.8.2.jar;C:\Users\DheyClaveria\.m2\repository\org\junit\platform\junit-platform-commons\1.8.2\junit-platform-commons-1.8.2.jar;C:\Users\DheyClaveria\.m2\repository\io\cucumber\cucumber-jvm-deps\1.0.6\cucumber-jvm-deps-1.0.6.jar;C:\Users\DheyClaveria\.m2\repository\net\masterthought\cucumber-reporting\5.7.0\cucumber-reporting-5.7.0.jar;C:\Users\DheyClaveria\.m2\repository\com\fasterxml\jackson\datatype\jackson-datatype-jsr310\2.13.0\jackson-datatype-jsr310-2.13.0.jar;C:\Users\DheyClaveria\.m2\repository\org\apache\velocity\velocity-engine-core\2.3\velocity-engine-core-2.3.jar;C:\Users\DheyClaveria\.m2\repository\org\codehaus\plexus\plexus-utils\3.3.0\plexus-utils-3.3.0.jar;C:\Users\DheyClaveria\.m2\repository\org\jsoup\jsoup\1.14.2\jsoup-1.14.2.jar;C:\Users\DheyClaveria\.m2\repository\com\google\guava\guava\30.1.1-jre\guava-30.1.1-jre.jar;C:\Users\DheyClaveria\.m2\repository\com\google\guava\failureaccess\1.0.1\failureaccess-1.0.1.jar;C:\Users\DheyClaveria\.m2\repository\com\google\guava\listenablefuture\9999.0-empty-to-avoid-conflict-with-guava\listenablefuture-9999.0-empty-to-avoid-conflict-with-guava.jar;C:\Users\DheyClaveria\.m2\repository\com\google\code\findbugs\jsr305\3.0.2\jsr305-3.0.2.jar;C:\Users\DheyClaveria\.m2\repository\org\checkerframework\checker-qual\3.8.0\checker-qual-3.8.0.jar;C:\Users\DheyClaveria\.m2\repository\com\google\errorprone\error_prone_annotations\2.5.1\error_prone_annotations-2.5.1.jar;C:\Users\DheyClaveria\.m2\repository\com\google\j2objc\j2objc-annotations\1.3\j2objc-annotations-1.3.jar;C:\Users\DheyClaveria\.m2\repository\com\googlecode\owasp-java-html-sanitizer\owasp-java-html-sanitizer\20211018.2\owasp-java-html-sanitizer-20211018.2.jar;C:\Users\DheyClaveria\.m2\repository\commons-configuration\commons-configuration\1.10\commons-configuration-1.10.jar;C:\Users\DheyClaveria\.m2\repository\commons-lang\commons-lang\2.6\commons-lang-2.6.jar;C:\Users\DheyClaveria\.m2\repository\io\cucumber\cucumber-html\0.2.7\cucumber-html-0.2.7.jar;C:\Users\DheyClaveria\.m2\repository\io\cucumber\cucumber-gherkin\7.2.3\cucumber-gherkin-7.2.3.jar;C:\Users\DheyClaveria\.m2\repository\junit\junit\4.13.1\junit-4.13.1.jar;C:\Users\DheyClaveria\.m2\repository\org\hamcrest\hamcrest-core\1.3\hamcrest-core-1.3.jar;C:\Users\DheyClaveria\.m2\repository\org\junit\platform\junit-platform-suite\1.8.2\junit-platform-suite-1.8.2.jar;C:\Users\DheyClaveria\.m2\repository\org\junit\platform\junit-platform-suite-api\1.8.2\junit-platform-suite-api-1.8.2.jar;C:\Users\DheyClaveria\.m2\repository\org\junit\platform\junit-platform-suite-engine\1.8.2\junit-platform-suite-engine-1.8.2.jar;C:\Users\DheyClaveria\.m2\repository\org\junit\platform\junit-platform-suite-commons\1.8.2\junit-platform-suite-commons-1.8.2.jar;C:\Users\DheyClaveria\.m2\repository\org\junit\platform\junit-platform-launcher\1.8.2\junit-platform-launcher-1.8.2.jar;C:\Users\DheyClaveria\.m2\repository\org\junit\jupiter\junit-jupiter\5.8.2\junit-jupiter-5.8.2.jar;C:\Users\DheyClaveria\.m2\repository\org\junit\jupiter\junit-jupiter-api\5.8.2\junit-jupiter-api-5.8.2.jar;C:\Users\DheyClaveria\.m2\repository\org\junit\jupiter\junit-jupiter-params\5.8.2\junit-jupiter-params-5.8.2.jar;C:\Users\DheyClaveria\.m2\repository\org\junit\jupiter\junit-jupiter-engine\5.8.2\junit-jupiter-engine-5.8.2.jar;C:\Users\DheyClaveria\.m2\repository\org\junit\vintage\junit-vintage-engine\5.8.2\junit-vintage-engine-5.8.2.jar;C:\Users\DheyClaveria\.m2\repository\info\cukes\cucumber-java\1.2.5\cucumber-java-1.2.5.jar;C:\Users\DheyClaveria\.m2\repository\info\cukes\cucumber-core\1.2.5\cucumber-core-1.2.5.jar;C:\Users\DheyClaveria\.m2\repository\info\cukes\cucumber-html\0.2.3\cucumber-html-0.2.3.jar;C:\Users\DheyClaveria\.m2\repository\info\cukes\cucumber-jvm-deps\1.0.5\cucumber-jvm-deps-1.0.5.jar;C:\Users\DheyClaveria\.m2\repository\info\cukes\gherkin\2.12.2\gherkin-2.12.2.jar;C:\Users\DheyClaveria\.m2\repository\info\cukes\cucumber-junit\1.2.5\cucumber-junit-1.2.5.jar;C:\Users\DheyClaveria\.m2\repository\org\seleniumhq\selenium\selenium-java\4.1.1\selenium-java-4.1.1.jar;C:\Users\DheyClaveria\.m2\repository\org\seleniumhq\selenium\selenium-devtools-v85\4.1.1\selenium-devtools-v85-4.1.1.jar;C:\Users\DheyClaveria\.m2\repository\org\seleniumhq\selenium\selenium-devtools-v94\4.1.1\selenium-devtools-v94-4.1.1.jar;C:\Users\DheyClaveria\.m2\repository\org\seleniumhq\selenium\selenium-devtools-v95\4.1.1\selenium-devtools-v95-4.1.1.jar;C:\Users\DheyClaveria\.m2\repository\org\seleniumhq\selenium\selenium-devtools-v96\4.1.1\selenium-devtools-v96-4.1.1.jar;C:\Users\DheyClaveria\.m2\repository\org\seleniumhq\selenium\selenium-firefox-xpi-driver\4.1.1\selenium-firefox-xpi-driver-4.1.1.jar;C:\Users\DheyClaveria\.m2\repository\org\seleniumhq\selenium\selenium-opera-driver\4.1.1\selenium-opera-driver-4.1.1.jar;C:\Users\DheyClaveria\.m2\repository\org\seleniumhq\selenium\selenium-remote-driver\4.1.1\selenium-remote-driver-4.1.1.jar;C:\Users\DheyClaveria\.m2\repository\io\netty\netty-buffer\4.1.70.Final\netty-buffer-4.1.70.Final.jar;C:\Users\DheyClaveria\.m2\repository\io\netty\netty-codec-http\4.1.70.Final\netty-codec-http-4.1.70.Final.jar;C:\Users\DheyClaveria\.m2\repository\io\netty\netty-codec\4.1.70.Final\netty-codec-4.1.70.Final.jar;C:\Users\DheyClaveria\.m2\repository\io\netty\netty-handler\4.1.70.Final\netty-handler-4.1.70.Final.jar;C:\Users\DheyClaveria\.m2\repository\io\netty\netty-common\4.1.70.Final\netty-common-4.1.70.Final.jar;C:\Users\DheyClaveria\.m2\repository\io\netty\netty-transport-classes-epoll\4.1.70.Final\netty-transport-classes-epoll-4.1.70.Final.jar;C:\Users\DheyClaveria\.m2\repository\io\netty\netty-transport-classes-kqueue\4.1.70.Final\netty-transport-classes-kqueue-4.1.70.Final.jar;C:\Users\DheyClaveria\.m2\repository\io\netty\netty-transport-native-unix-common\4.1.70.Final\netty-transport-native-unix-common-4.1.70.Final.jar;C:\Users\DheyClaveria\.m2\repository\io\netty\netty-transport\4.1.70.Final\netty-transport-4.1.70.Final.jar;C:\Users\DheyClaveria\.m2\repository\io\netty\netty-resolver\4.1.70.Final\netty-resolver-4.1.70.Final.jar;C:\Users\DheyClaveria\.m2\repository\io\opentelemetry\opentelemetry-api\1.9.1\opentelemetry-api-1.9.1.jar;C:\Users\DheyClaveria\.m2\repository\io\opentelemetry\opentelemetry-context\1.9.1\opentelemetry-context-1.9.1.jar;C:\Users\DheyClaveria\.m2\repository\io\opentelemetry\opentelemetry-exporter-logging\1.9.1\opentelemetry-exporter-logging-1.9.1.jar;C:\Users\DheyClaveria\.m2\repository\io\opentelemetry\opentelemetry-sdk-metrics\1.9.1-alpha\opentelemetry-sdk-metrics-1.9.1-alpha.jar;C:\Users\DheyClaveria\.m2\repository\io\opentelemetry\opentelemetry-sdk-logs\1.9.1-alpha\opentelemetry-sdk-logs-1.9.1-alpha.jar;C:\Users\DheyClaveria\.m2\repository\io\opentelemetry\opentelemetry-sdk-common\1.9.1\opentelemetry-sdk-common-1.9.1.jar;C:\Users\DheyClaveria\.m2\repository\io\opentelemetry\opentelemetry-sdk-extension-autoconfigure-spi\1.9.1\opentelemetry-sdk-extension-autoconfigure-spi-1.9.1.jar;C:\Users\DheyClaveria\.m2\repository\io\opentelemetry\opentelemetry-sdk-extension-autoconfigure\1.9.1-alpha\opentelemetry-sdk-extension-autoconfigure-1.9.1-alpha.jar;C:\Users\DheyClaveria\.m2\repository\io\opentelemetry\opentelemetry-sdk-trace\1.9.1\opentelemetry-sdk-trace-1.9.1.jar;C:\Users\DheyClaveria\.m2\repository\io\opentelemetry\opentelemetry-api-metrics\1.9.1-alpha\opentelemetry-api-metrics-1.9.1-alpha.jar;C:\Users\DheyClaveria\.m2\repository\io\opentelemetry\opentelemetry-sdk\1.9.1\opentelemetry-sdk-1.9.1.jar;C:\Users\DheyClaveria\.m2\repository\io\opentelemetry\opentelemetry-semconv\1.9.1-alpha\opentelemetry-semconv-1.9.1-alpha.jar;C:\Users\DheyClaveria\.m2\repository\io\ous\jtoml\2.0.0\jtoml-2.0.0.jar;C:\Users\DheyClaveria\.m2\repository\org\apache\commons\commons-exec\1.3\commons-exec-1.3.jar;C:\Users\DheyClaveria\.m2\repository\org\asynchttpclient\async-http-client\2.12.3\async-http-client-2.12.3.jar;C:\Users\DheyClaveria\.m2\repository\org\asynchttpclient\async-http-client-netty-utils\2.12.3\async-http-client-netty-utils-2.12.3.jar;C:\Users\DheyClaveria\.m2\repository\io\netty\netty-codec-socks\4.1.60.Final\netty-codec-socks-4.1.60.Final.jar;C:\Users\DheyClaveria\.m2\repository\io\netty\netty-handler-proxy\4.1.60.Final\netty-handler-proxy-4.1.60.Final.jar;C:\Users\DheyClaveria\.m2\repository\io\netty\netty-transport-native-epoll\4.1.60.Final\netty-transport-native-epoll-4.1.60.Final-linux-x86_64.jar;C:\Users\DheyClaveria\.m2\repository\io\netty\netty-transport-native-kqueue\4.1.60.Final\netty-transport-native-kqueue-4.1.60.Final-osx-x86_64.jar;C:\Users\DheyClaveria\.m2\repository\org\reactivestreams\reactive-streams\1.0.3\reactive-streams-1.0.3.jar;C:\Users\DheyClaveria\.m2\repository\com\typesafe\netty\netty-reactive-streams\2.0.4\netty-reactive-streams-2.0.4.jar;C:\Users\DheyClaveria\.m2\repository\com\sun\activation\jakarta.activation\1.2.2\jakarta.activation-1.2.2.jar;C:\Users\DheyClaveria\.m2\repository\org\seleniumhq\selenium\selenium-http\4.1.1\selenium-http-4.1.1.jar;C:\Users\DheyClaveria\.m2\repository\net\jodah\failsafe\2.4.4\failsafe-2.4.4.jar;C:\Users\DheyClaveria\.m2\repository\org\seleniumhq\selenium\selenium-safari-driver\4.1.1\selenium-safari-driver-4.1.1.jar;C:\Users\DheyClaveria\.m2\repository\org\seleniumhq\selenium\selenium-chrome-driver\4.1.1\selenium-chrome-driver-4.1.1.jar;C:\Users\DheyClaveria\.m2\repository\com\google\auto\service\auto-service-annotations\1.0.1\auto-service-annotations-1.0.1.jar;C:\Users\DheyClaveria\.m2\repository\com\google\auto\service\auto-service\1.0.1\auto-service-1.0.1.jar;C:\Users\DheyClaveria\.m2\repository\com\google\auto\auto-common\1.2\auto-common-1.2.jar;C:\Users\DheyClaveria\.m2\repository\org\seleniumhq\selenium\selenium-chromium-driver\4.1.1\selenium-chromium-driver-4.1.1.jar;C:\Users\DheyClaveria\.m2\repository\org\seleniumhq\selenium\selenium-json\4.1.1\selenium-json-4.1.1.jar;C:\Users\DheyClaveria\.m2\repository\io\github\bonigarcia\webdrivermanager\4.2.2\webdrivermanager-4.2.2.jar;C:\Users\DheyClaveria\.m2\repository\org\apache\httpcomponents\client5\httpclient5\5.0.1\httpclient5-5.0.1.jar;C:\Users\DheyClaveria\.m2\repository\org\apache\httpcomponents\core5\httpcore5\5.0.1\httpcore5-5.0.1.jar;C:\Users\DheyClaveria\.m2\repository\org\apache\httpcomponents\core5\httpcore5-h2\5.0.1\httpcore5-h2-5.0.1.jar;C:\Users\DheyClaveria\.m2\repository\org\rauschig\jarchivelib\1.1.0\jarchivelib-1.1.0.jar;C:\Users\DheyClaveria\.m2\repository\tech\grasshopper\extentreports-cucumber7-adapter\1.3.0\extentreports-cucumber7-adapter-1.3.0.jar;C:\Users\DheyClaveria\.m2\repository\com\aventstack\extentreports\5.0.9\extentreports-5.0.9.jar;C:\Users\DheyClaveria\.m2\repository\io\reactivex\rxjava3\rxjava\3.0.4\rxjava-3.0.4.jar;C:\Users\DheyClaveria\.m2\repository\tech\grasshopper\extent-pdf-report\2.1.0\extent-pdf-report-2.1.0.jar;C:\Users\DheyClaveria\.m2\repository\tech\grasshopper\cucumber-pdf-report\2.5.0\cucumber-pdf-report-2.5.0.jar;C:\Users\DheyClaveria\.m2\repository\org\knowm\xchart\xchart\3.8.0\xchart-3.8.0.jar;C:\Users\DheyClaveria\.m2\repository\de\erichseifert\vectorgraphics2d\VectorGraphics2D\0.13\VectorGraphics2D-0.13.jar;C:\Users\DheyClaveria\.m2\repository\de\rototor\pdfbox\graphics2d\0.30\graphics2d-0.30.jar;C:\Users\DheyClaveria\.m2\repository\com\madgag\animated-gif-lib\1.4\animated-gif-lib-1.4.jar;C:\Users\DheyClaveria\.m2\repository\org\yaml\snakeyaml\1.28\snakeyaml-1.28.jar;C:\Users\DheyClaveria\.m2\repository\tech\grasshopper\table-layout\1.4.0\table-layout-1.4.0.jar;C:\Users\DheyClaveria\.m2\repository\tech\grasshopper\rest-assured-cucumber-pdf-report\1.1.0\rest-assured-cucumber-pdf-report-1.1.0.jar;C:\Users\DheyClaveria\.m2\repository\com\aventstack\klov-reporter\5.0.9\klov-reporter-5.0.9.jar;C:\Users\DheyClaveria\.m2\repository\org\mongodb\mongodb-driver\3.6.4\mongodb-driver-3.6.4.jar;C:\Users\DheyClaveria\.m2\repository\org\mongodb\mongodb-driver-core\3.6.4\mongodb-driver-core-3.6.4.jar;C:\Users\DheyClaveria\.m2\repository\org\mongodb\bson\3.6.4\bson-3.6.4.jar;C:\Users\DheyClaveria\.m2\repository\tech\grasshopper\htmlextentreporter\1.0.0\htmlextentreporter-1.0.0.jar;C:\Users\DheyClaveria\.m2\repository\org\testng\testng\6.14.3\testng-6.14.3.jar;C:\Users\DheyClaveria\.m2\repository\com\beust\jcommander\1.72\jcommander-1.72.jar;C:\Users\DheyClaveria\.m2\repository\org\apache-extras\beanshell\bsh\2.0b6\bsh-2.0b6.jar;C:\Users\DheyClaveria\.m2\repository\io\cucumber\cucumber-testng\7.2.3\cucumber-testng-7.2.3.jar;C:\Users\DheyClaveria\.m2\repository\org\apache\poi\poi\5.2.1\poi-5.2.1.jar;C:\Users\DheyClaveria\.m2\repository\org\apache\commons\commons-collections4\4.4\commons-collections4-4.4.jar;C:\Users\DheyClaveria\.m2\repository\org\apache\commons\commons-math3\3.6.1\commons-math3-3.6.1.jar;C:\Users\DheyClaveria\.m2\repository\com\zaxxer\SparseBitSet\1.2\SparseBitSet-1.2.jar;C:\Users\DheyClaveria\.m2\repository\org\apache\logging\log4j\log4j-api\2.17.1\log4j-api-2.17.1.jar;C:\Users\DheyClaveria\.m2\repository\org\apache\poi\poi-ooxml\5.2.1\poi-ooxml-5.2.1.jar;C:\Users\DheyClaveria\.m2\repository\org\apache\poi\poi-ooxml-lite\5.2.1\poi-ooxml-lite-5.2.1.jar;C:\Users\DheyClaveria\.m2\repository\org\apache\xmlbeans\xmlbeans\5.0.3\xmlbeans-5.0.3.jar;C:\Users\DheyClaveria\.m2\repository\org\apache\commons\commons-compress\1.21\commons-compress-1.21.jar;C:\Users\DheyClaveria\.m2\repository\com\github\virtuald\curvesapi\1.07\curvesapi-1.07.jar;"/>
    <property name="java.vm.vendor" value="Oracle Corporation"/>
    <property name="sun.arch.data.model" value="64"/>
    <property name="user.variant" value=""/>
    <property name="java.vendor.url" value="https://java.oracle.com/"/>
    <property name="user.timezone" value="Asia/Shanghai"/>
    <property name="os.name" value="Windows 10"/>
    <property name="java.vm.specification.version" value="15"/>
    <property name="sun.java.launcher" value="SUN_STANDARD"/>
    <property name="user.country" value="US"/>
    <property name="sun.boot.library.path" value="C:\Program Files\Java\jdk-15.0.1\bin"/>
    <property name="sun.java.command" value="org.apache.maven.surefire.booter.ForkedBooter C:\Users\DheyClaveria\AppData\Local\Temp\surefire18358958868534199931 2022-03-25T16-40-28_877-jvmRun1 surefire7527095856277493719tmp surefire_01512472772958909485tmp"/>
    <property name="jdk.debug" value="release"/>
    <property name="surefire.test.class.path" value="Z:\Automation\JavaCucumber\BDD_HCL\CucumberHCL\target\test-classes;C:\Users\DheyClaveria\.m2\repository\com\github\ralfstuckert\pdfbox-layout\pdfbox2-layout\1.0.1\pdfbox2-layout-1.0.1.jar;C:\Users\DheyClaveria\.m2\repository\org\apache\pdfbox\pdfbox\2.0.4\pdfbox-2.0.4.jar;C:\Users\DheyClaveria\.m2\repository\org\apache\pdfbox\fontbox\2.0.4\fontbox-2.0.4.jar;C:\Users\DheyClaveria\.m2\repository\commons-logging\commons-logging\1.2\commons-logging-1.2.jar;C:\Users\DheyClaveria\.m2\repository\io\rest-assured\rest-assured\4.5.1\rest-assured-4.5.1.jar;C:\Users\DheyClaveria\.m2\repository\org\codehaus\groovy\groovy\3.0.9\groovy-3.0.9.jar;C:\Users\DheyClaveria\.m2\repository\org\codehaus\groovy\groovy-xml\3.0.9\groovy-xml-3.0.9.jar;C:\Users\DheyClaveria\.m2\repository\org\apache\httpcomponents\httpclient\4.5.13\httpclient-4.5.13.jar;C:\Users\DheyClaveria\.m2\repository\org\apache\httpcomponents\httpcore\4.4.13\httpcore-4.4.13.jar;C:\Users\DheyClaveria\.m2\repository\org\apache\httpcomponents\httpmime\4.5.13\httpmime-4.5.13.jar;C:\Users\DheyClaveria\.m2\repository\org\hamcrest\hamcrest\2.1\hamcrest-2.1.jar;C:\Users\DheyClaveria\.m2\repository\org\ccil\cowan\tagsoup\tagsoup\1.2.1\tagsoup-1.2.1.jar;C:\Users\DheyClaveria\.m2\repository\io\rest-assured\json-path\4.5.1\json-path-4.5.1.jar;C:\Users\DheyClaveria\.m2\repository\io\rest-assured\rest-assured-common\4.5.1\rest-assured-common-4.5.1.jar;C:\Users\DheyClaveria\.m2\repository\io\rest-assured\xml-path\4.5.1\xml-path-4.5.1.jar;C:\Users\DheyClaveria\.m2\repository\io\rest-assured\rest-assured-all\4.3.2\rest-assured-all-4.3.2.jar;C:\Users\DheyClaveria\.m2\repository\org\apache\commons\commons-lang3\3.11\commons-lang3-3.11.jar;C:\Users\DheyClaveria\.m2\repository\jakarta\xml\bind\jakarta.xml.bind-api\2.3.3\jakarta.xml.bind-api-2.3.3.jar;C:\Users\DheyClaveria\.m2\repository\jakarta\activation\jakarta.activation-api\1.2.2\jakarta.activation-api-1.2.2.jar;C:\Users\DheyClaveria\.m2\repository\com\sun\xml\bind\jaxb-impl\2.3.3\jaxb-impl-2.3.3.jar;C:\Users\DheyClaveria\.m2\repository\org\codehaus\groovy\groovy-json\3.0.6\groovy-json-3.0.6.jar;C:\Users\DheyClaveria\.m2\repository\log4j\log4j\1.2.17\log4j-1.2.17.jar;C:\Users\DheyClaveria\.m2\repository\ch\qos\logback\logback-classic\1.1.3\logback-classic-1.1.3.jar;C:\Users\DheyClaveria\.m2\repository\ch\qos\logback\logback-core\1.1.3\logback-core-1.1.3.jar;C:\Users\DheyClaveria\.m2\repository\org\slf4j\slf4j-api\1.7.7\slf4j-api-1.7.7.jar;C:\Users\DheyClaveria\.m2\repository\org\json\json\20210307\json-20210307.jar;C:\Users\DheyClaveria\.m2\repository\com\ea\async\ea-async\1.2.3\ea-async-1.2.3.jar;C:\Users\DheyClaveria\.m2\repository\net\serenity-bdd\serenity-assertions\3.2.0\serenity-assertions-3.2.0.jar;C:\Users\DheyClaveria\.m2\repository\net\serenity-bdd\serenity-screenplay\3.2.0\serenity-screenplay-3.2.0.jar;C:\Users\DheyClaveria\.m2\repository\org\assertj\assertj-core\3.21.0\assertj-core-3.21.0.jar;C:\Users\DheyClaveria\.m2\repository\net\serenity-bdd\serenity-ensure\3.2.0\serenity-ensure-3.2.0.jar;C:\Users\DheyClaveria\.m2\repository\net\serenity-bdd\serenity-model\3.2.0\serenity-model-3.2.0.jar;C:\Users\DheyClaveria\.m2\repository\org\apache\commons\commons-text\1.9\commons-text-1.9.jar;C:\Users\DheyClaveria\.m2\repository\commons-net\commons-net\3.6\commons-net-3.6.jar;C:\Users\DheyClaveria\.m2\repository\com\google\inject\guice\5.0.1\guice-5.0.1.jar;C:\Users\DheyClaveria\.m2\repository\javax\inject\javax.inject\1\javax.inject-1.jar;C:\Users\DheyClaveria\.m2\repository\aopalliance\aopalliance\1.0\aopalliance-1.0.jar;C:\Users\DheyClaveria\.m2\repository\com\thoughtworks\xstream\xstream\1.4.19\xstream-1.4.19.jar;C:\Users\DheyClaveria\.m2\repository\io\github\x-stream\mxparser\1.2.2\mxparser-1.2.2.jar;C:\Users\DheyClaveria\.m2\repository\xmlpull\xmlpull\1.1.3.1\xmlpull-1.1.3.1.jar;C:\Users\DheyClaveria\.m2\repository\com\typesafe\config\1.3.1\config-1.3.1.jar;C:\Users\DheyClaveria\.m2\repository\org\imgscalr\imgscalr-lib\4.2\imgscalr-lib-4.2.jar;C:\Users\DheyClaveria\.m2\repository\org\awaitility\awaitility\4.1.0\awaitility-4.1.0.jar;C:\Users\DheyClaveria\.m2\repository\org\freemarker\freemarker\2.3.31\freemarker-2.3.31.jar;C:\Users\DheyClaveria\.m2\repository\io\github\classgraph\classgraph\4.8.138\classgraph-4.8.138.jar;C:\Users\DheyClaveria\.m2\repository\net\sourceforge\jexcelapi\jxl\2.6.12\jxl-2.6.12.jar;C:\Users\DheyClaveria\.m2\repository\net\bytebuddy\byte-buddy\1.12.3\byte-buddy-1.12.3.jar;C:\Users\DheyClaveria\.m2\repository\net\bytebuddy\byte-buddy-agent\1.12.3\byte-buddy-agent-1.12.3.jar;C:\Users\DheyClaveria\.m2\repository\org\objenesis\objenesis\3.1\objenesis-3.1.jar;C:\Users\DheyClaveria\.m2\repository\net\serenity-bdd\serenity-screenplay-webdriver\3.2.0\serenity-screenplay-webdriver-3.2.0.jar;C:\Users\DheyClaveria\.m2\repository\org\jetbrains\kotlin\kotlin-stdlib\1.6.0\kotlin-stdlib-1.6.0.jar;C:\Users\DheyClaveria\.m2\repository\org\jetbrains\annotations\13.0\annotations-13.0.jar;C:\Users\DheyClaveria\.m2\repository\org\jetbrains\kotlin\kotlin-stdlib-common\1.6.0\kotlin-stdlib-common-1.6.0.jar;C:\Users\DheyClaveria\.m2\repository\net\serenity-bdd\serenity-core\3.2.0\serenity-core-3.2.0.jar;C:\Users\DheyClaveria\.m2\repository\net\serenity-bdd\serenity-reports\3.2.0\serenity-reports-3.2.0.jar;C:\Users\DheyClaveria\.m2\repository\net\serenity-bdd\serenity-stats\3.2.0\serenity-stats-3.2.0.jar;C:\Users\DheyClaveria\.m2\repository\net\serenity-bdd\serenity-reports-configuration\3.2.0\serenity-reports-configuration-3.2.0.jar;C:\Users\DheyClaveria\.m2\repository\com\vladsch\flexmark\flexmark-all\0.34.30\flexmark-all-0.34.30.jar;C:\Users\DheyClaveria\.m2\repository\com\vladsch\flexmark\flexmark\0.34.30\flexmark-0.34.30.jar;C:\Users\DheyClaveria\.m2\repository\com\vladsch\flexmark\flexmark-ext-abbreviation\0.34.30\flexmark-ext-abbreviation-0.34.30.jar;C:\Users\DheyClaveria\.m2\repository\com\vladsch\flexmark\flexmark-ext-admonition\0.34.30\flexmark-ext-admonition-0.34.30.jar;C:\Users\DheyClaveria\.m2\repository\com\vladsch\flexmark\flexmark-ext-anchorlink\0.34.30\flexmark-ext-anchorlink-0.34.30.jar;C:\Users\DheyClaveria\.m2\repository\com\vladsch\flexmark\flexmark-ext-aside\0.34.30\flexmark-ext-aside-0.34.30.jar;C:\Users\DheyClaveria\.m2\repository\com\vladsch\flexmark\flexmark-ext-attributes\0.34.30\flexmark-ext-attributes-0.34.30.jar;C:\Users\DheyClaveria\.m2\repository\com\vladsch\flexmark\flexmark-ext-autolink\0.34.30\flexmark-ext-autolink-0.34.30.jar;C:\Users\DheyClaveria\.m2\repository\org\nibor\autolink\autolink\0.6.0\autolink-0.6.0.jar;C:\Users\DheyClaveria\.m2\repository\com\vladsch\flexmark\flexmark-ext-definition\0.34.30\flexmark-ext-definition-0.34.30.jar;C:\Users\DheyClaveria\.m2\repository\com\vladsch\flexmark\flexmark-ext-emoji\0.34.30\flexmark-ext-emoji-0.34.30.jar;C:\Users\DheyClaveria\.m2\repository\com\vladsch\flexmark\flexmark-ext-enumerated-reference\0.34.30\flexmark-ext-enumerated-reference-0.34.30.jar;C:\Users\DheyClaveria\.m2\repository\com\vladsch\flexmark\flexmark-ext-escaped-character\0.34.30\flexmark-ext-escaped-character-0.34.30.jar;C:\Users\DheyClaveria\.m2\repository\com\vladsch\flexmark\flexmark-ext-footnotes\0.34.30\flexmark-ext-footnotes-0.34.30.jar;C:\Users\DheyClaveria\.m2\repository\com\vladsch\flexmark\flexmark-ext-gfm-issues\0.34.30\flexmark-ext-gfm-issues-0.34.30.jar;C:\Users\DheyClaveria\.m2\repository\com\vladsch\flexmark\flexmark-ext-gfm-strikethrough\0.34.30\flexmark-ext-gfm-strikethrough-0.34.30.jar;C:\Users\DheyClaveria\.m2\repository\com\vladsch\flexmark\flexmark-ext-gfm-tables\0.34.30\flexmark-ext-gfm-tables-0.34.30.jar;C:\Users\DheyClaveria\.m2\repository\com\vladsch\flexmark\flexmark-ext-gfm-tasklist\0.34.30\flexmark-ext-gfm-tasklist-0.34.30.jar;C:\Users\DheyClaveria\.m2\repository\com\vladsch\flexmark\flexmark-ext-gfm-users\0.34.30\flexmark-ext-gfm-users-0.34.30.jar;C:\Users\DheyClaveria\.m2\repository\com\vladsch\flexmark\flexmark-ext-gitlab\0.34.30\flexmark-ext-gitlab-0.34.30.jar;C:\Users\DheyClaveria\.m2\repository\com\vladsch\flexmark\flexmark-ext-jekyll-front-matter\0.34.30\flexmark-ext-jekyll-front-matter-0.34.30.jar;C:\Users\DheyClaveria\.m2\repository\com\vladsch\flexmark\flexmark-ext-jekyll-tag\0.34.30\flexmark-ext-jekyll-tag-0.34.30.jar;C:\Users\DheyClaveria\.m2\repository\com\vladsch\flexmark\flexmark-ext-media-tags\0.34.30\flexmark-ext-media-tags-0.34.30.jar;C:\Users\DheyClaveria\.m2\repository\com\vladsch\flexmark\flexmark-test-util\0.34.30\flexmark-test-util-0.34.30.jar;C:\Users\DheyClaveria\.m2\repository\com\vladsch\flexmark\flexmark-ext-ins\0.34.30\flexmark-ext-ins-0.34.30.jar;C:\Users\DheyClaveria\.m2\repository\com\vladsch\flexmark\flexmark-ext-xwiki-macros\0.34.30\flexmark-ext-xwiki-macros-0.34.30.jar;C:\Users\DheyClaveria\.m2\repository\com\vladsch\flexmark\flexmark-ext-superscript\0.34.30\flexmark-ext-superscript-0.34.30.jar;C:\Users\DheyClaveria\.m2\repository\com\vladsch\flexmark\flexmark-ext-tables\0.34.30\flexmark-ext-tables-0.34.30.jar;C:\Users\DheyClaveria\.m2\repository\com\vladsch\flexmark\flexmark-ext-toc\0.34.30\flexmark-ext-toc-0.34.30.jar;C:\Users\DheyClaveria\.m2\repository\com\vladsch\flexmark\flexmark-ext-typographic\0.34.30\flexmark-ext-typographic-0.34.30.jar;C:\Users\DheyClaveria\.m2\repository\com\vladsch\flexmark\flexmark-ext-wikilink\0.34.30\flexmark-ext-wikilink-0.34.30.jar;C:\Users\DheyClaveria\.m2\repository\com\vladsch\flexmark\flexmark-ext-yaml-front-matter\0.34.30\flexmark-ext-yaml-front-matter-0.34.30.jar;C:\Users\DheyClaveria\.m2\repository\com\vladsch\flexmark\flexmark-ext-youtube-embedded\0.34.30\flexmark-ext-youtube-embedded-0.34.30.jar;C:\Users\DheyClaveria\.m2\repository\com\vladsch\flexmark\flexmark-formatter\0.34.30\flexmark-formatter-0.34.30.jar;C:\Users\DheyClaveria\.m2\repository\com\vladsch\flexmark\flexmark-html-parser\0.34.30\flexmark-html-parser-0.34.30.jar;C:\Users\DheyClaveria\.m2\repository\com\vladsch\flexmark\flexmark-jira-converter\0.34.30\flexmark-jira-converter-0.34.30.jar;C:\Users\DheyClaveria\.m2\repository\com\vladsch\flexmark\flexmark-pdf-converter\0.34.30\flexmark-pdf-converter-0.34.30.jar;C:\Users\DheyClaveria\.m2\repository\com\openhtmltopdf\openhtmltopdf-core\0.0.1-RC13\openhtmltopdf-core-0.0.1-RC13.jar;C:\Users\DheyClaveria\.m2\repository\com\openhtmltopdf\openhtmltopdf-pdfbox\0.0.1-RC13\openhtmltopdf-pdfbox-0.0.1-RC13.jar;C:\Users\DheyClaveria\.m2\repository\org\apache\pdfbox\xmpbox\2.0.8\xmpbox-2.0.8.jar;C:\Users\DheyClaveria\.m2\repository\com\openhtmltopdf\openhtmltopdf-rtl-support\0.0.1-RC13\openhtmltopdf-rtl-support-0.0.1-RC13.jar;C:\Users\DheyClaveria\.m2\repository\com\ibm\icu\icu4j\59.1\icu4j-59.1.jar;C:\Users\DheyClaveria\.m2\repository\com\openhtmltopdf\openhtmltopdf-jsoup-dom-converter\0.0.1-RC13\openhtmltopdf-jsoup-dom-converter-0.0.1-RC13.jar;C:\Users\DheyClaveria\.m2\repository\com\vladsch\flexmark\flexmark-profile-pegdown\0.34.30\flexmark-profile-pegdown-0.34.30.jar;C:\Users\DheyClaveria\.m2\repository\com\vladsch\flexmark\flexmark-util\0.34.30\flexmark-util-0.34.30.jar;C:\Users\DheyClaveria\.m2\repository\com\vladsch\flexmark\flexmark-youtrack-converter\0.34.30\flexmark-youtrack-converter-0.34.30.jar;C:\Users\DheyClaveria\.m2\repository\es\nitaur\markdown\txtmark\0.16\txtmark-0.16.jar;C:\Users\DheyClaveria\.m2\repository\net\serenity-bdd\serenity-report-resources\3.2.0\serenity-report-resources-3.2.0.jar;C:\Users\DheyClaveria\.m2\repository\com\google\code\gson\gson\2.8.9\gson-2.8.9.jar;C:\Users\DheyClaveria\.m2\repository\com\fasterxml\jackson\core\jackson-core\2.12.4\jackson-core-2.12.4.jar;C:\Users\DheyClaveria\.m2\repository\com\fasterxml\jackson\core\jackson-databind\2.12.4\jackson-databind-2.12.4.jar;C:\Users\DheyClaveria\.m2\repository\com\fasterxml\jackson\core\jackson-annotations\2.12.4\jackson-annotations-2.12.4.jar;C:\Users\DheyClaveria\.m2\repository\commons-codec\commons-codec\1.15\commons-codec-1.15.jar;C:\Users\DheyClaveria\.m2\repository\commons-io\commons-io\2.8.0\commons-io-2.8.0.jar;C:\Users\DheyClaveria\.m2\repository\org\seleniumhq\selenium\selenium-api\4.1.2\selenium-api-4.1.2.jar;C:\Users\DheyClaveria\.m2\repository\org\seleniumhq\selenium\selenium-support\4.1.2\selenium-support-4.1.2.jar;C:\Users\DheyClaveria\.m2\repository\org\seleniumhq\selenium\selenium-firefox-driver\4.1.2\selenium-firefox-driver-4.1.2.jar;C:\Users\DheyClaveria\.m2\repository\org\seleniumhq\selenium\selenium-edge-driver\4.1.2\selenium-edge-driver-4.1.2.jar;C:\Users\DheyClaveria\.m2\repository\org\seleniumhq\selenium\selenium-ie-driver\4.1.2\selenium-ie-driver-4.1.2.jar;C:\Users\DheyClaveria\.m2\repository\org\projectlombok\lombok\1.18.20\lombok-1.18.20.jar;C:\Users\DheyClaveria\.m2\repository\io\appium\java-client\8.0.0-beta2\java-client-8.0.0-beta2.jar;C:\Users\DheyClaveria\.m2\repository\commons-validator\commons-validator\1.7\commons-validator-1.7.jar;C:\Users\DheyClaveria\.m2\repository\commons-digester\commons-digester\2.1\commons-digester-2.1.jar;C:\Users\DheyClaveria\.m2\repository\org\aspectj\aspectjweaver\1.9.7\aspectjweaver-1.9.7.jar;C:\Users\DheyClaveria\.m2\repository\net\sf\opencsv\opencsv\2.0\opencsv-2.0.jar;C:\Users\DheyClaveria\.m2\repository\commons-beanutils\commons-beanutils\1.9.4\commons-beanutils-1.9.4.jar;C:\Users\DheyClaveria\.m2\repository\commons-collections\commons-collections\3.2.2\commons-collections-3.2.2.jar;C:\Users\DheyClaveria\.m2\repository\org\fluentlenium\fluentlenium-core\0.10.2\fluentlenium-core-0.10.2.jar;C:\Users\DheyClaveria\.m2\repository\com\jhlabs\filters\2.0.235\filters-2.0.235.jar;C:\Users\DheyClaveria\.m2\repository\com\paulhammant\ngwebdriver\1.1.5\ngwebdriver-1.1.5.jar;C:\Users\DheyClaveria\.m2\repository\joda-time\joda-time\2.8.2\joda-time-2.8.2.jar;C:\Users\DheyClaveria\.m2\repository\com\google\jimfs\jimfs\1.1\jimfs-1.1.jar;C:\Users\DheyClaveria\.m2\repository\org\mockito\mockito-core\3.3.3\mockito-core-3.3.3.jar;C:\Users\DheyClaveria\.m2\repository\javax\xml\bind\jaxb-api\2.3.1\jaxb-api-2.3.1.jar;C:\Users\DheyClaveria\.m2\repository\javax\activation\javax.activation-api\1.2.0\javax.activation-api-1.2.0.jar;C:\Users\DheyClaveria\.m2\repository\com\sun\xml\bind\jaxb-core\2.3.0.1\jaxb-core-2.3.0.1.jar;C:\Users\DheyClaveria\.m2\repository\javax\activation\activation\1.1.1\activation-1.1.1.jar;C:\Users\DheyClaveria\.m2\repository\net\serenity-bdd\serenity-junit\3.2.0\serenity-junit-3.2.0.jar;C:\Users\DheyClaveria\.m2\repository\net\serenity-bdd\serenity-cucumber\3.2.0\serenity-cucumber-3.2.0.jar;C:\Users\DheyClaveria\.m2\repository\org\apache\commons\commons-csv\1.5\commons-csv-1.5.jar;C:\Users\DheyClaveria\.m2\repository\net\serenity-bdd\serenity-rest-assured\3.2.0\serenity-rest-assured-3.2.0.jar;C:\Users\DheyClaveria\.m2\repository\org\opentest4j\opentest4j\1.2.0\opentest4j-1.2.0.jar;C:\Users\DheyClaveria\.m2\repository\io\cucumber\cucumber-java\7.2.3\cucumber-java-7.2.3.jar;C:\Users\DheyClaveria\.m2\repository\org\apiguardian\apiguardian-api\1.1.2\apiguardian-api-1.1.2.jar;C:\Users\DheyClaveria\.m2\repository\io\cucumber\cucumber-junit\7.2.3\cucumber-junit-7.2.3.jar;C:\Users\DheyClaveria\.m2\repository\io\cucumber\cucumber-core\7.2.3\cucumber-core-7.2.3.jar;C:\Users\DheyClaveria\.m2\repository\io\cucumber\cucumber-gherkin-messages\7.2.3\cucumber-gherkin-messages-7.2.3.jar;C:\Users\DheyClaveria\.m2\repository\io\cucumber\messages\17.1.1\messages-17.1.1.jar;C:\Users\DheyClaveria\.m2\repository\io\cucumber\tag-expressions\4.1.0\tag-expressions-4.1.0.jar;C:\Users\DheyClaveria\.m2\repository\io\cucumber\cucumber-expressions\15.0.1\cucumber-expressions-15.0.1.jar;C:\Users\DheyClaveria\.m2\repository\io\cucumber\datatable\7.2.3\datatable-7.2.3.jar;C:\Users\DheyClaveria\.m2\repository\io\cucumber\cucumber-plugin\7.2.3\cucumber-plugin-7.2.3.jar;C:\Users\DheyClaveria\.m2\repository\io\cucumber\docstring\7.2.3\docstring-7.2.3.jar;C:\Users\DheyClaveria\.m2\repository\io\cucumber\html-formatter\17.0.0\html-formatter-17.0.0.jar;C:\Users\DheyClaveria\.m2\repository\io\cucumber\ci-environment\8.1.0\ci-environment-8.1.0.jar;C:\Users\DheyClaveria\.m2\repository\io\cucumber\cucumber-junit-platform-engine\7.2.3\cucumber-junit-platform-engine-7.2.3.jar;C:\Users\DheyClaveria\.m2\repository\org\junit\platform\junit-platform-engine\1.8.2\junit-platform-engine-1.8.2.jar;C:\Users\DheyClaveria\.m2\repository\org\junit\platform\junit-platform-commons\1.8.2\junit-platform-commons-1.8.2.jar;C:\Users\DheyClaveria\.m2\repository\io\cucumber\cucumber-jvm-deps\1.0.6\cucumber-jvm-deps-1.0.6.jar;C:\Users\DheyClaveria\.m2\repository\net\masterthought\cucumber-reporting\5.7.0\cucumber-reporting-5.7.0.jar;C:\Users\DheyClaveria\.m2\repository\com\fasterxml\jackson\datatype\jackson-datatype-jsr310\2.13.0\jackson-datatype-jsr310-2.13.0.jar;C:\Users\DheyClaveria\.m2\repository\org\apache\velocity\velocity-engine-core\2.3\velocity-engine-core-2.3.jar;C:\Users\DheyClaveria\.m2\repository\org\codehaus\plexus\plexus-utils\3.3.0\plexus-utils-3.3.0.jar;C:\Users\DheyClaveria\.m2\repository\org\jsoup\jsoup\1.14.2\jsoup-1.14.2.jar;C:\Users\DheyClaveria\.m2\repository\com\google\guava\guava\30.1.1-jre\guava-30.1.1-jre.jar;C:\Users\DheyClaveria\.m2\repository\com\google\guava\failureaccess\1.0.1\failureaccess-1.0.1.jar;C:\Users\DheyClaveria\.m2\repository\com\google\guava\listenablefuture\9999.0-empty-to-avoid-conflict-with-guava\listenablefuture-9999.0-empty-to-avoid-conflict-with-guava.jar;C:\Users\DheyClaveria\.m2\repository\com\google\code\findbugs\jsr305\3.0.2\jsr305-3.0.2.jar;C:\Users\DheyClaveria\.m2\repository\org\checkerframework\checker-qual\3.8.0\checker-qual-3.8.0.jar;C:\Users\DheyClaveria\.m2\repository\com\google\errorprone\error_prone_annotations\2.5.1\error_prone_annotations-2.5.1.jar;C:\Users\DheyClaveria\.m2\repository\com\google\j2objc\j2objc-annotations\1.3\j2objc-annotations-1.3.jar;C:\Users\DheyClaveria\.m2\repository\com\googlecode\owasp-java-html-sanitizer\owasp-java-html-sanitizer\20211018.2\owasp-java-html-sanitizer-20211018.2.jar;C:\Users\DheyClaveria\.m2\repository\commons-configuration\commons-configuration\1.10\commons-configuration-1.10.jar;C:\Users\DheyClaveria\.m2\repository\commons-lang\commons-lang\2.6\commons-lang-2.6.jar;C:\Users\DheyClaveria\.m2\repository\io\cucumber\cucumber-html\0.2.7\cucumber-html-0.2.7.jar;C:\Users\DheyClaveria\.m2\repository\io\cucumber\cucumber-gherkin\7.2.3\cucumber-gherkin-7.2.3.jar;C:\Users\DheyClaveria\.m2\repository\junit\junit\4.13.1\junit-4.13.1.jar;C:\Users\DheyClaveria\.m2\repository\org\hamcrest\hamcrest-core\1.3\hamcrest-core-1.3.jar;C:\Users\DheyClaveria\.m2\repository\org\junit\platform\junit-platform-suite\1.8.2\junit-platform-suite-1.8.2.jar;C:\Users\DheyClaveria\.m2\repository\org\junit\platform\junit-platform-suite-api\1.8.2\junit-platform-suite-api-1.8.2.jar;C:\Users\DheyClaveria\.m2\repository\org\junit\platform\junit-platform-suite-engine\1.8.2\junit-platform-suite-engine-1.8.2.jar;C:\Users\DheyClaveria\.m2\repository\org\junit\platform\junit-platform-suite-commons\1.8.2\junit-platform-suite-commons-1.8.2.jar;C:\Users\DheyClaveria\.m2\repository\org\junit\platform\junit-platform-launcher\1.8.2\junit-platform-launcher-1.8.2.jar;C:\Users\DheyClaveria\.m2\repository\org\junit\jupiter\junit-jupiter\5.8.2\junit-jupiter-5.8.2.jar;C:\Users\DheyClaveria\.m2\repository\org\junit\jupiter\junit-jupiter-api\5.8.2\junit-jupiter-api-5.8.2.jar;C:\Users\DheyClaveria\.m2\repository\org\junit\jupiter\junit-jupiter-params\5.8.2\junit-jupiter-params-5.8.2.jar;C:\Users\DheyClaveria\.m2\repository\org\junit\jupiter\junit-jupiter-engine\5.8.2\junit-jupiter-engine-5.8.2.jar;C:\Users\DheyClaveria\.m2\repository\org\junit\vintage\junit-vintage-engine\5.8.2\junit-vintage-engine-5.8.2.jar;C:\Users\DheyClaveria\.m2\repository\info\cukes\cucumber-java\1.2.5\cucumber-java-1.2.5.jar;C:\Users\DheyClaveria\.m2\repository\info\cukes\cucumber-core\1.2.5\cucumber-core-1.2.5.jar;C:\Users\DheyClaveria\.m2\repository\info\cukes\cucumber-html\0.2.3\cucumber-html-0.2.3.jar;C:\Users\DheyClaveria\.m2\repository\info\cukes\cucumber-jvm-deps\1.0.5\cucumber-jvm-deps-1.0.5.jar;C:\Users\DheyClaveria\.m2\repository\info\cukes\gherkin\2.12.2\gherkin-2.12.2.jar;C:\Users\DheyClaveria\.m2\repository\info\cukes\cucumber-junit\1.2.5\cucumber-junit-1.2.5.jar;C:\Users\DheyClaveria\.m2\repository\org\seleniumhq\selenium\selenium-java\4.1.1\selenium-java-4.1.1.jar;C:\Users\DheyClaveria\.m2\repository\org\seleniumhq\selenium\selenium-devtools-v85\4.1.1\selenium-devtools-v85-4.1.1.jar;C:\Users\DheyClaveria\.m2\repository\org\seleniumhq\selenium\selenium-devtools-v94\4.1.1\selenium-devtools-v94-4.1.1.jar;C:\Users\DheyClaveria\.m2\repository\org\seleniumhq\selenium\selenium-devtools-v95\4.1.1\selenium-devtools-v95-4.1.1.jar;C:\Users\DheyClaveria\.m2\repository\org\seleniumhq\selenium\selenium-devtools-v96\4.1.1\selenium-devtools-v96-4.1.1.jar;C:\Users\DheyClaveria\.m2\repository\org\seleniumhq\selenium\selenium-firefox-xpi-driver\4.1.1\selenium-firefox-xpi-driver-4.1.1.jar;C:\Users\DheyClaveria\.m2\repository\org\seleniumhq\selenium\selenium-opera-driver\4.1.1\selenium-opera-driver-4.1.1.jar;C:\Users\DheyClaveria\.m2\repository\org\seleniumhq\selenium\selenium-remote-driver\4.1.1\selenium-remote-driver-4.1.1.jar;C:\Users\DheyClaveria\.m2\repository\io\netty\netty-buffer\4.1.70.Final\netty-buffer-4.1.70.Final.jar;C:\Users\DheyClaveria\.m2\repository\io\netty\netty-codec-http\4.1.70.Final\netty-codec-http-4.1.70.Final.jar;C:\Users\DheyClaveria\.m2\repository\io\netty\netty-codec\4.1.70.Final\netty-codec-4.1.70.Final.jar;C:\Users\DheyClaveria\.m2\repository\io\netty\netty-handler\4.1.70.Final\netty-handler-4.1.70.Final.jar;C:\Users\DheyClaveria\.m2\repository\io\netty\netty-common\4.1.70.Final\netty-common-4.1.70.Final.jar;C:\Users\DheyClaveria\.m2\repository\io\netty\netty-transport-classes-epoll\4.1.70.Final\netty-transport-classes-epoll-4.1.70.Final.jar;C:\Users\DheyClaveria\.m2\repository\io\netty\netty-transport-classes-kqueue\4.1.70.Final\netty-transport-classes-kqueue-4.1.70.Final.jar;C:\Users\DheyClaveria\.m2\repository\io\netty\netty-transport-native-unix-common\4.1.70.Final\netty-transport-native-unix-common-4.1.70.Final.jar;C:\Users\DheyClaveria\.m2\repository\io\netty\netty-transport\4.1.70.Final\netty-transport-4.1.70.Final.jar;C:\Users\DheyClaveria\.m2\repository\io\netty\netty-resolver\4.1.70.Final\netty-resolver-4.1.70.Final.jar;C:\Users\DheyClaveria\.m2\repository\io\opentelemetry\opentelemetry-api\1.9.1\opentelemetry-api-1.9.1.jar;C:\Users\DheyClaveria\.m2\repository\io\opentelemetry\opentelemetry-context\1.9.1\opentelemetry-context-1.9.1.jar;C:\Users\DheyClaveria\.m2\repository\io\opentelemetry\opentelemetry-exporter-logging\1.9.1\opentelemetry-exporter-logging-1.9.1.jar;C:\Users\DheyClaveria\.m2\repository\io\opentelemetry\opentelemetry-sdk-metrics\1.9.1-alpha\opentelemetry-sdk-metrics-1.9.1-alpha.jar;C:\Users\DheyClaveria\.m2\repository\io\opentelemetry\opentelemetry-sdk-logs\1.9.1-alpha\opentelemetry-sdk-logs-1.9.1-alpha.jar;C:\Users\DheyClaveria\.m2\repository\io\opentelemetry\opentelemetry-sdk-common\1.9.1\opentelemetry-sdk-common-1.9.1.jar;C:\Users\DheyClaveria\.m2\repository\io\opentelemetry\opentelemetry-sdk-extension-autoconfigure-spi\1.9.1\opentelemetry-sdk-extension-autoconfigure-spi-1.9.1.jar;C:\Users\DheyClaveria\.m2\repository\io\opentelemetry\opentelemetry-sdk-extension-autoconfigure\1.9.1-alpha\opentelemetry-sdk-extension-autoconfigure-1.9.1-alpha.jar;C:\Users\DheyClaveria\.m2\repository\io\opentelemetry\opentelemetry-sdk-trace\1.9.1\opentelemetry-sdk-trace-1.9.1.jar;C:\Users\DheyClaveria\.m2\repository\io\opentelemetry\opentelemetry-api-metrics\1.9.1-alpha\opentelemetry-api-metrics-1.9.1-alpha.jar;C:\Users\DheyClaveria\.m2\repository\io\opentelemetry\opentelemetry-sdk\1.9.1\opentelemetry-sdk-1.9.1.jar;C:\Users\DheyClaveria\.m2\repository\io\opentelemetry\opentelemetry-semconv\1.9.1-alpha\opentelemetry-semconv-1.9.1-alpha.jar;C:\Users\DheyClaveria\.m2\repository\io\ous\jtoml\2.0.0\jtoml-2.0.0.jar;C:\Users\DheyClaveria\.m2\repository\org\apache\commons\commons-exec\1.3\commons-exec-1.3.jar;C:\Users\DheyClaveria\.m2\repository\org\asynchttpclient\async-http-client\2.12.3\async-http-client-2.12.3.jar;C:\Users\DheyClaveria\.m2\repository\org\asynchttpclient\async-http-client-netty-utils\2.12.3\async-http-client-netty-utils-2.12.3.jar;C:\Users\DheyClaveria\.m2\repository\io\netty\netty-codec-socks\4.1.60.Final\netty-codec-socks-4.1.60.Final.jar;C:\Users\DheyClaveria\.m2\repository\io\netty\netty-handler-proxy\4.1.60.Final\netty-handler-proxy-4.1.60.Final.jar;C:\Users\DheyClaveria\.m2\repository\io\netty\netty-transport-native-epoll\4.1.60.Final\netty-transport-native-epoll-4.1.60.Final-linux-x86_64.jar;C:\Users\DheyClaveria\.m2\repository\io\netty\netty-transport-native-kqueue\4.1.60.Final\netty-transport-native-kqueue-4.1.60.Final-osx-x86_64.jar;C:\Users\DheyClaveria\.m2\repository\org\reactivestreams\reactive-streams\1.0.3\reactive-streams-1.0.3.jar;C:\Users\DheyClaveria\.m2\repository\com\typesafe\netty\netty-reactive-streams\2.0.4\netty-reactive-streams-2.0.4.jar;C:\Users\DheyClaveria\.m2\repository\com\sun\activation\jakarta.activation\1.2.2\jakarta.activation-1.2.2.jar;C:\Users\DheyClaveria\.m2\repository\org\seleniumhq\selenium\selenium-http\4.1.1\selenium-http-4.1.1.jar;C:\Users\DheyClaveria\.m2\repository\net\jodah\failsafe\2.4.4\failsafe-2.4.4.jar;C:\Users\DheyClaveria\.m2\repository\org\seleniumhq\selenium\selenium-safari-driver\4.1.1\selenium-safari-driver-4.1.1.jar;C:\Users\DheyClaveria\.m2\repository\org\seleniumhq\selenium\selenium-chrome-driver\4.1.1\selenium-chrome-driver-4.1.1.jar;C:\Users\DheyClaveria\.m2\repository\com\google\auto\service\auto-service-annotations\1.0.1\auto-service-annotations-1.0.1.jar;C:\Users\DheyClaveria\.m2\repository\com\google\auto\service\auto-service\1.0.1\auto-service-1.0.1.jar;C:\Users\DheyClaveria\.m2\repository\com\google\auto\auto-common\1.2\auto-common-1.2.jar;C:\Users\DheyClaveria\.m2\repository\org\seleniumhq\selenium\selenium-chromium-driver\4.1.1\selenium-chromium-driver-4.1.1.jar;C:\Users\DheyClaveria\.m2\repository\org\seleniumhq\selenium\selenium-json\4.1.1\selenium-json-4.1.1.jar;C:\Users\DheyClaveria\.m2\repository\io\github\bonigarcia\webdrivermanager\4.2.2\webdrivermanager-4.2.2.jar;C:\Users\DheyClaveria\.m2\repository\org\apache\httpcomponents\client5\httpclient5\5.0.1\httpclient5-5.0.1.jar;C:\Users\DheyClaveria\.m2\repository\org\apache\httpcomponents\core5\httpcore5\5.0.1\httpcore5-5.0.1.jar;C:\Users\DheyClaveria\.m2\repository\org\apache\httpcomponents\core5\httpcore5-h2\5.0.1\httpcore5-h2-5.0.1.jar;C:\Users\DheyClaveria\.m2\repository\org\rauschig\jarchivelib\1.1.0\jarchivelib-1.1.0.jar;C:\Users\DheyClaveria\.m2\repository\tech\grasshopper\extentreports-cucumber7-adapter\1.3.0\extentreports-cucumber7-adapter-1.3.0.jar;C:\Users\DheyClaveria\.m2\repository\com\aventstack\extentreports\5.0.9\extentreports-5.0.9.jar;C:\Users\DheyClaveria\.m2\repository\io\reactivex\rxjava3\rxjava\3.0.4\rxjava-3.0.4.jar;C:\Users\DheyClaveria\.m2\repository\tech\grasshopper\extent-pdf-report\2.1.0\extent-pdf-report-2.1.0.jar;C:\Users\DheyClaveria\.m2\repository\tech\grasshopper\cucumber-pdf-report\2.5.0\cucumber-pdf-report-2.5.0.jar;C:\Users\DheyClaveria\.m2\repository\org\knowm\xchart\xchart\3.8.0\xchart-3.8.0.jar;C:\Users\DheyClaveria\.m2\repository\de\erichseifert\vectorgraphics2d\VectorGraphics2D\0.13\VectorGraphics2D-0.13.jar;C:\Users\DheyClaveria\.m2\repository\de\rototor\pdfbox\graphics2d\0.30\graphics2d-0.30.jar;C:\Users\DheyClaveria\.m2\repository\com\madgag\animated-gif-lib\1.4\animated-gif-lib-1.4.jar;C:\Users\DheyClaveria\.m2\repository\org\yaml\snakeyaml\1.28\snakeyaml-1.28.jar;C:\Users\DheyClaveria\.m2\repository\tech\grasshopper\table-layout\1.4.0\table-layout-1.4.0.jar;C:\Users\DheyClaveria\.m2\repository\tech\grasshopper\rest-assured-cucumber-pdf-report\1.1.0\rest-assured-cucumber-pdf-report-1.1.0.jar;C:\Users\DheyClaveria\.m2\repository\com\aventstack\klov-reporter\5.0.9\klov-reporter-5.0.9.jar;C:\Users\DheyClaveria\.m2\repository\org\mongodb\mongodb-driver\3.6.4\mongodb-driver-3.6.4.jar;C:\Users\DheyClaveria\.m2\repository\org\mongodb\mongodb-driver-core\3.6.4\mongodb-driver-core-3.6.4.jar;C:\Users\DheyClaveria\.m2\repository\org\mongodb\bson\3.6.4\bson-3.6.4.jar;C:\Users\DheyClaveria\.m2\repository\tech\grasshopper\htmlextentreporter\1.0.0\htmlextentreporter-1.0.0.jar;C:\Users\DheyClaveria\.m2\repository\org\testng\testng\6.14.3\testng-6.14.3.jar;C:\Users\DheyClaveria\.m2\repository\com\beust\jcommander\1.72\jcommander-1.72.jar;C:\Users\DheyClaveria\.m2\repository\org\apache-extras\beanshell\bsh\2.0b6\bsh-2.0b6.jar;C:\Users\DheyClaveria\.m2\repository\io\cucumber\cucumber-testng\7.2.3\cucumber-testng-7.2.3.jar;C:\Users\DheyClaveria\.m2\repository\org\apache\poi\poi\5.2.1\poi-5.2.1.jar;C:\Users\DheyClaveria\.m2\repository\org\apache\commons\commons-collections4\4.4\commons-collections4-4.4.jar;C:\Users\DheyClaveria\.m2\repository\org\apache\commons\commons-math3\3.6.1\commons-math3-3.6.1.jar;C:\Users\DheyClaveria\.m2\repository\com\zaxxer\SparseBitSet\1.2\SparseBitSet-1.2.jar;C:\Users\DheyClaveria\.m2\repository\org\apache\logging\log4j\log4j-api\2.17.1\log4j-api-2.17.1.jar;C:\Users\DheyClaveria\.m2\repository\org\apache\poi\poi-ooxml\5.2.1\poi-ooxml-5.2.1.jar;C:\Users\DheyClaveria\.m2\repository\org\apache\poi\poi-ooxml-lite\5.2.1\poi-ooxml-lite-5.2.1.jar;C:\Users\DheyClaveria\.m2\repository\org\apache\xmlbeans\xmlbeans\5.0.3\xmlbeans-5.0.3.jar;C:\Users\DheyClaveria\.m2\repository\org\apache\commons\commons-compress\1.21\commons-compress-1.21.jar;C:\Users\DheyClaveria\.m2\repository\com\github\virtuald\curvesapi\1.07\curvesapi-1.07.jar;"/>
    <property name="sun.cpu.endian" value="little"/>
    <property name="user.home" value="C:\Users\DheyClaveria"/>
    <property name="user.language" value="en"/>
    <property name="java.specification.vendor" value="Oracle Corporation"/>
    <property name="jdk.module.path" value="Z:\Automation\JavaCucumber\BDD_HCL\CucumberHCL\target\CucumberHCL-0.0.1-SNAPSHOT.jar"/>
    <property name="java.version.date" value="2020-10-20"/>
    <property name="java.home" value="C:\Program Files\Java\jdk-15.0.1"/>
    <property name="file.separator" value="\"/>
    <property name="basedir" value="Z:\Automation\JavaCucumber\BDD_HCL\CucumberHCL"/>
    <property name="java.vm.compressedOopsMode" value="Zero based"/>
    <property name="line.separator" value="&#10;"/>
    <property name="java.vm.specification.vendor" value="Oracle Corporation"/>
    <property name="java.specification.name" value="Java Platform API Specification"/>
    <property name="surefire.real.class.path" value="C:\Users\DheyClaveria\.m2\repository\org\apache\maven\surefire\surefire-booter\3.0.0-M5\surefire-booter-3.0.0-M5.jar;C:\Users\DheyClaveria\.m2\repository\org\apache\maven\surefire\surefire-api\3.0.0-M5\surefire-api-3.0.0-M5.jar;C:\Users\DheyClaveria\.m2\repository\org\apache\maven\surefire\surefire-logger-api\3.0.0-M5\surefire-logger-api-3.0.0-M5.jar;C:\Users\DheyClaveria\.m2\repository\org\apache\maven\surefire\surefire-shared-utils\3.0.0-M4\surefire-shared-utils-3.0.0-M4.jar;C:\Users\DheyClaveria\.m2\repository\org\apache\maven\surefire\surefire-extensions-spi\3.0.0-M5\surefire-extensions-spi-3.0.0-M5.jar;Z:\Automation\JavaCucumber\BDD_HCL\CucumberHCL\target\test-classes;C:\Users\DheyClaveria\.m2\repository\com\github\ralfstuckert\pdfbox-layout\pdfbox2-layout\1.0.1\pdfbox2-layout-1.0.1.jar;C:\Users\DheyClaveria\.m2\repository\org\apache\pdfbox\pdfbox\2.0.4\pdfbox-2.0.4.jar;C:\Users\DheyClaveria\.m2\repository\org\apache\pdfbox\fontbox\2.0.4\fontbox-2.0.4.jar;C:\Users\DheyClaveria\.m2\repository\commons-logging\commons-logging\1.2\commons-logging-1.2.jar;C:\Users\DheyClaveria\.m2\repository\io\rest-assured\rest-assured\4.5.1\rest-assured-4.5.1.jar;C:\Users\DheyClaveria\.m2\repository\org\codehaus\groovy\groovy\3.0.9\groovy-3.0.9.jar;C:\Users\DheyClaveria\.m2\repository\org\codehaus\groovy\groovy-xml\3.0.9\groovy-xml-3.0.9.jar;C:\Users\DheyClaveria\.m2\repository\org\apache\httpcomponents\httpclient\4.5.13\httpclient-4.5.13.jar;C:\Users\DheyClaveria\.m2\repository\org\apache\httpcomponents\httpcore\4.4.13\httpcore-4.4.13.jar;C:\Users\DheyClaveria\.m2\repository\org\apache\httpcomponents\httpmime\4.5.13\httpmime-4.5.13.jar;C:\Users\DheyClaveria\.m2\repository\org\hamcrest\hamcrest\2.1\hamcrest-2.1.jar;C:\Users\DheyClaveria\.m2\repository\org\ccil\cowan\tagsoup\tagsoup\1.2.1\tagsoup-1.2.1.jar;C:\Users\DheyClaveria\.m2\repository\io\rest-assured\json-path\4.5.1\json-path-4.5.1.jar;C:\Users\DheyClaveria\.m2\repository\io\rest-assured\rest-assured-common\4.5.1\rest-assured-common-4.5.1.jar;C:\Users\DheyClaveria\.m2\repository\io\rest-assured\xml-path\4.5.1\xml-path-4.5.1.jar;C:\Users\DheyClaveria\.m2\repository\io\rest-assured\rest-assured-all\4.3.2\rest-assured-all-4.3.2.jar;C:\Users\DheyClaveria\.m2\repository\org\apache\commons\commons-lang3\3.11\commons-lang3-3.11.jar;C:\Users\DheyClaveria\.m2\repository\jakarta\xml\bind\jakarta.xml.bind-api\2.3.3\jakarta.xml.bind-api-2.3.3.jar;C:\Users\DheyClaveria\.m2\repository\jakarta\activation\jakarta.activation-api\1.2.2\jakarta.activation-api-1.2.2.jar;C:\Users\DheyClaveria\.m2\repository\com\sun\xml\bind\jaxb-impl\2.3.3\jaxb-impl-2.3.3.jar;C:\Users\DheyClaveria\.m2\repository\org\codehaus\groovy\groovy-json\3.0.6\groovy-json-3.0.6.jar;C:\Users\DheyClaveria\.m2\repository\log4j\log4j\1.2.17\log4j-1.2.17.jar;C:\Users\DheyClaveria\.m2\repository\ch\qos\logback\logback-classic\1.1.3\logback-classic-1.1.3.jar;C:\Users\DheyClaveria\.m2\repository\ch\qos\logback\logback-core\1.1.3\logback-core-1.1.3.jar;C:\Users\DheyClaveria\.m2\repository\org\slf4j\slf4j-api\1.7.7\slf4j-api-1.7.7.jar;C:\Users\DheyClaveria\.m2\repository\org\json\json\20210307\json-20210307.jar;C:\Users\DheyClaveria\.m2\repository\com\ea\async\ea-async\1.2.3\ea-async-1.2.3.jar;C:\Users\DheyClaveria\.m2\repository\net\serenity-bdd\serenity-assertions\3.2.0\serenity-assertions-3.2.0.jar;C:\Users\DheyClaveria\.m2\repository\net\serenity-bdd\serenity-screenplay\3.2.0\serenity-screenplay-3.2.0.jar;C:\Users\DheyClaveria\.m2\repository\org\assertj\assertj-core\3.21.0\assertj-core-3.21.0.jar;C:\Users\DheyClaveria\.m2\repository\net\serenity-bdd\serenity-ensure\3.2.0\serenity-ensure-3.2.0.jar;C:\Users\DheyClaveria\.m2\repository\net\serenity-bdd\serenity-model\3.2.0\serenity-model-3.2.0.jar;C:\Users\DheyClaveria\.m2\repository\org\apache\commons\commons-text\1.9\commons-text-1.9.jar;C:\Users\DheyClaveria\.m2\repository\commons-net\commons-net\3.6\commons-net-3.6.jar;C:\Users\DheyClaveria\.m2\repository\com\google\inject\guice\5.0.1\guice-5.0.1.jar;C:\Users\DheyClaveria\.m2\repository\javax\inject\javax.inject\1\javax.inject-1.jar;C:\Users\DheyClaveria\.m2\repository\aopalliance\aopalliance\1.0\aopalliance-1.0.jar;C:\Users\DheyClaveria\.m2\repository\com\thoughtworks\xstream\xstream\1.4.19\xstream-1.4.19.jar;C:\Users\DheyClaveria\.m2\repository\io\github\x-stream\mxparser\1.2.2\mxparser-1.2.2.jar;C:\Users\DheyClaveria\.m2\repository\xmlpull\xmlpull\1.1.3.1\xmlpull-1.1.3.1.jar;C:\Users\DheyClaveria\.m2\repository\com\typesafe\config\1.3.1\config-1.3.1.jar;C:\Users\DheyClaveria\.m2\repository\org\imgscalr\imgscalr-lib\4.2\imgscalr-lib-4.2.jar;C:\Users\DheyClaveria\.m2\repository\org\awaitility\awaitility\4.1.0\awaitility-4.1.0.jar;C:\Users\DheyClaveria\.m2\repository\org\freemarker\freemarker\2.3.31\freemarker-2.3.31.jar;C:\Users\DheyClaveria\.m2\repository\io\github\classgraph\classgraph\4.8.138\classgraph-4.8.138.jar;C:\Users\DheyClaveria\.m2\repository\net\sourceforge\jexcelapi\jxl\2.6.12\jxl-2.6.12.jar;C:\Users\DheyClaveria\.m2\repository\net\bytebuddy\byte-buddy\1.12.3\byte-buddy-1.12.3.jar;C:\Users\DheyClaveria\.m2\repository\net\bytebuddy\byte-buddy-agent\1.12.3\byte-buddy-agent-1.12.3.jar;C:\Users\DheyClaveria\.m2\repository\org\objenesis\objenesis\3.1\objenesis-3.1.jar;C:\Users\DheyClaveria\.m2\repository\net\serenity-bdd\serenity-screenplay-webdriver\3.2.0\serenity-screenplay-webdriver-3.2.0.jar;C:\Users\DheyClaveria\.m2\repository\org\jetbrains\kotlin\kotlin-stdlib\1.6.0\kotlin-stdlib-1.6.0.jar;C:\Users\DheyClaveria\.m2\repository\org\jetbrains\annotations\13.0\annotations-13.0.jar;C:\Users\DheyClaveria\.m2\repository\org\jetbrains\kotlin\kotlin-stdlib-common\1.6.0\kotlin-stdlib-common-1.6.0.jar;C:\Users\DheyClaveria\.m2\repository\net\serenity-bdd\serenity-core\3.2.0\serenity-core-3.2.0.jar;C:\Users\DheyClaveria\.m2\repository\net\serenity-bdd\serenity-reports\3.2.0\serenity-reports-3.2.0.jar;C:\Users\DheyClaveria\.m2\repository\net\serenity-bdd\serenity-stats\3.2.0\serenity-stats-3.2.0.jar;C:\Users\DheyClaveria\.m2\repository\net\serenity-bdd\serenity-reports-configuration\3.2.0\serenity-reports-configuration-3.2.0.jar;C:\Users\DheyClaveria\.m2\repository\com\vladsch\flexmark\flexmark-all\0.34.30\flexmark-all-0.34.30.jar;C:\Users\DheyClaveria\.m2\repository\com\vladsch\flexmark\flexmark\0.34.30\flexmark-0.34.30.jar;C:\Users\DheyClaveria\.m2\repository\com\vladsch\flexmark\flexmark-ext-abbreviation\0.34.30\flexmark-ext-abbreviation-0.34.30.jar;C:\Users\DheyClaveria\.m2\repository\com\vladsch\flexmark\flexmark-ext-admonition\0.34.30\flexmark-ext-admonition-0.34.30.jar;C:\Users\DheyClaveria\.m2\repository\com\vladsch\flexmark\flexmark-ext-anchorlink\0.34.30\flexmark-ext-anchorlink-0.34.30.jar;C:\Users\DheyClaveria\.m2\repository\com\vladsch\flexmark\flexmark-ext-aside\0.34.30\flexmark-ext-aside-0.34.30.jar;C:\Users\DheyClaveria\.m2\repository\com\vladsch\flexmark\flexmark-ext-attributes\0.34.30\flexmark-ext-attributes-0.34.30.jar;C:\Users\DheyClaveria\.m2\repository\com\vladsch\flexmark\flexmark-ext-autolink\0.34.30\flexmark-ext-autolink-0.34.30.jar;C:\Users\DheyClaveria\.m2\repository\org\nibor\autolink\autolink\0.6.0\autolink-0.6.0.jar;C:\Users\DheyClaveria\.m2\repository\com\vladsch\flexmark\flexmark-ext-definition\0.34.30\flexmark-ext-definition-0.34.30.jar;C:\Users\DheyClaveria\.m2\repository\com\vladsch\flexmark\flexmark-ext-emoji\0.34.30\flexmark-ext-emoji-0.34.30.jar;C:\Users\DheyClaveria\.m2\repository\com\vladsch\flexmark\flexmark-ext-enumerated-reference\0.34.30\flexmark-ext-enumerated-reference-0.34.30.jar;C:\Users\DheyClaveria\.m2\repository\com\vladsch\flexmark\flexmark-ext-escaped-character\0.34.30\flexmark-ext-escaped-character-0.34.30.jar;C:\Users\DheyClaveria\.m2\repository\com\vladsch\flexmark\flexmark-ext-footnotes\0.34.30\flexmark-ext-footnotes-0.34.30.jar;C:\Users\DheyClaveria\.m2\repository\com\vladsch\flexmark\flexmark-ext-gfm-issues\0.34.30\flexmark-ext-gfm-issues-0.34.30.jar;C:\Users\DheyClaveria\.m2\repository\com\vladsch\flexmark\flexmark-ext-gfm-strikethrough\0.34.30\flexmark-ext-gfm-strikethrough-0.34.30.jar;C:\Users\DheyClaveria\.m2\repository\com\vladsch\flexmark\flexmark-ext-gfm-tables\0.34.30\flexmark-ext-gfm-tables-0.34.30.jar;C:\Users\DheyClaveria\.m2\repository\com\vladsch\flexmark\flexmark-ext-gfm-tasklist\0.34.30\flexmark-ext-gfm-tasklist-0.34.30.jar;C:\Users\DheyClaveria\.m2\repository\com\vladsch\flexmark\flexmark-ext-gfm-users\0.34.30\flexmark-ext-gfm-users-0.34.30.jar;C:\Users\DheyClaveria\.m2\repository\com\vladsch\flexmark\flexmark-ext-gitlab\0.34.30\flexmark-ext-gitlab-0.34.30.jar;C:\Users\DheyClaveria\.m2\repository\com\vladsch\flexmark\flexmark-ext-jekyll-front-matter\0.34.30\flexmark-ext-jekyll-front-matter-0.34.30.jar;C:\Users\DheyClaveria\.m2\repository\com\vladsch\flexmark\flexmark-ext-jekyll-tag\0.34.30\flexmark-ext-jekyll-tag-0.34.30.jar;C:\Users\DheyClaveria\.m2\repository\com\vladsch\flexmark\flexmark-ext-media-tags\0.34.30\flexmark-ext-media-tags-0.34.30.jar;C:\Users\DheyClaveria\.m2\repository\com\vladsch\flexmark\flexmark-test-util\0.34.30\flexmark-test-util-0.34.30.jar;C:\Users\DheyClaveria\.m2\repository\com\vladsch\flexmark\flexmark-ext-ins\0.34.30\flexmark-ext-ins-0.34.30.jar;C:\Users\DheyClaveria\.m2\repository\com\vladsch\flexmark\flexmark-ext-xwiki-macros\0.34.30\flexmark-ext-xwiki-macros-0.34.30.jar;C:\Users\DheyClaveria\.m2\repository\com\vladsch\flexmark\flexmark-ext-superscript\0.34.30\flexmark-ext-superscript-0.34.30.jar;C:\Users\DheyClaveria\.m2\repository\com\vladsch\flexmark\flexmark-ext-tables\0.34.30\flexmark-ext-tables-0.34.30.jar;C:\Users\DheyClaveria\.m2\repository\com\vladsch\flexmark\flexmark-ext-toc\0.34.30\flexmark-ext-toc-0.34.30.jar;C:\Users\DheyClaveria\.m2\repository\com\vladsch\flexmark\flexmark-ext-typographic\0.34.30\flexmark-ext-typographic-0.34.30.jar;C:\Users\DheyClaveria\.m2\repository\com\vladsch\flexmark\flexmark-ext-wikilink\0.34.30\flexmark-ext-wikilink-0.34.30.jar;C:\Users\DheyClaveria\.m2\repository\com\vladsch\flexmark\flexmark-ext-yaml-front-matter\0.34.30\flexmark-ext-yaml-front-matter-0.34.30.jar;C:\Users\DheyClaveria\.m2\repository\com\vladsch\flexmark\flexmark-ext-youtube-embedded\0.34.30\flexmark-ext-youtube-embedded-0.34.30.jar;C:\Users\DheyClaveria\.m2\repository\com\vladsch\flexmark\flexmark-formatter\0.34.30\flexmark-formatter-0.34.30.jar;C:\Users\DheyClaveria\.m2\repository\com\vladsch\flexmark\flexmark-html-parser\0.34.30\flexmark-html-parser-0.34.30.jar;C:\Users\DheyClaveria\.m2\repository\com\vladsch\flexmark\flexmark-jira-converter\0.34.30\flexmark-jira-converter-0.34.30.jar;C:\Users\DheyClaveria\.m2\repository\com\vladsch\flexmark\flexmark-pdf-converter\0.34.30\flexmark-pdf-converter-0.34.30.jar;C:\Users\DheyClaveria\.m2\repository\com\openhtmltopdf\openhtmltopdf-core\0.0.1-RC13\openhtmltopdf-core-0.0.1-RC13.jar;C:\Users\DheyClaveria\.m2\repository\com\openhtmltopdf\openhtmltopdf-pdfbox\0.0.1-RC13\openhtmltopdf-pdfbox-0.0.1-RC13.jar;C:\Users\DheyClaveria\.m2\repository\org\apache\pdfbox\xmpbox\2.0.8\xmpbox-2.0.8.jar;C:\Users\DheyClaveria\.m2\repository\com\openhtmltopdf\openhtmltopdf-rtl-support\0.0.1-RC13\openhtmltopdf-rtl-support-0.0.1-RC13.jar;C:\Users\DheyClaveria\.m2\repository\com\ibm\icu\icu4j\59.1\icu4j-59.1.jar;C:\Users\DheyClaveria\.m2\repository\com\openhtmltopdf\openhtmltopdf-jsoup-dom-converter\0.0.1-RC13\openhtmltopdf-jsoup-dom-converter-0.0.1-RC13.jar;C:\Users\DheyClaveria\.m2\repository\com\vladsch\flexmark\flexmark-profile-pegdown\0.34.30\flexmark-profile-pegdown-0.34.30.jar;C:\Users\DheyClaveria\.m2\repository\com\vladsch\flexmark\flexmark-util\0.34.30\flexmark-util-0.34.30.jar;C:\Users\DheyClaveria\.m2\repository\com\vladsch\flexmark\flexmark-youtrack-converter\0.34.30\flexmark-youtrack-converter-0.34.30.jar;C:\Users\DheyClaveria\.m2\repository\es\nitaur\markdown\txtmark\0.16\txtmark-0.16.jar;C:\Users\DheyClaveria\.m2\repository\net\serenity-bdd\serenity-report-resources\3.2.0\serenity-report-resources-3.2.0.jar;C:\Users\DheyClaveria\.m2\repository\com\google\code\gson\gson\2.8.9\gson-2.8.9.jar;C:\Users\DheyClaveria\.m2\repository\com\fasterxml\jackson\core\jackson-core\2.12.4\jackson-core-2.12.4.jar;C:\Users\DheyClaveria\.m2\repository\com\fasterxml\jackson\core\jackson-databind\2.12.4\jackson-databind-2.12.4.jar;C:\Users\DheyClaveria\.m2\repository\com\fasterxml\jackson\core\jackson-annotations\2.12.4\jackson-annotations-2.12.4.jar;C:\Users\DheyClaveria\.m2\repository\commons-codec\commons-codec\1.15\commons-codec-1.15.jar;C:\Users\DheyClaveria\.m2\repository\commons-io\commons-io\2.8.0\commons-io-2.8.0.jar;C:\Users\DheyClaveria\.m2\repository\org\seleniumhq\selenium\selenium-api\4.1.2\selenium-api-4.1.2.jar;C:\Users\DheyClaveria\.m2\repository\org\seleniumhq\selenium\selenium-support\4.1.2\selenium-support-4.1.2.jar;C:\Users\DheyClaveria\.m2\repository\org\seleniumhq\selenium\selenium-firefox-driver\4.1.2\selenium-firefox-driver-4.1.2.jar;C:\Users\DheyClaveria\.m2\repository\org\seleniumhq\selenium\selenium-edge-driver\4.1.2\selenium-edge-driver-4.1.2.jar;C:\Users\DheyClaveria\.m2\repository\org\seleniumhq\selenium\selenium-ie-driver\4.1.2\selenium-ie-driver-4.1.2.jar;C:\Users\DheyClaveria\.m2\repository\org\projectlombok\lombok\1.18.20\lombok-1.18.20.jar;C:\Users\DheyClaveria\.m2\repository\io\appium\java-client\8.0.0-beta2\java-client-8.0.0-beta2.jar;C:\Users\DheyClaveria\.m2\repository\commons-validator\commons-validator\1.7\commons-validator-1.7.jar;C:\Users\DheyClaveria\.m2\repository\commons-digester\commons-digester\2.1\commons-digester-2.1.jar;C:\Users\DheyClaveria\.m2\repository\org\aspectj\aspectjweaver\1.9.7\aspectjweaver-1.9.7.jar;C:\Users\DheyClaveria\.m2\repository\net\sf\opencsv\opencsv\2.0\opencsv-2.0.jar;C:\Users\DheyClaveria\.m2\repository\commons-beanutils\commons-beanutils\1.9.4\commons-beanutils-1.9.4.jar;C:\Users\DheyClaveria\.m2\repository\commons-collections\commons-collections\3.2.2\commons-collections-3.2.2.jar;C:\Users\DheyClaveria\.m2\repository\org\fluentlenium\fluentlenium-core\0.10.2\fluentlenium-core-0.10.2.jar;C:\Users\DheyClaveria\.m2\repository\com\jhlabs\filters\2.0.235\filters-2.0.235.jar;C:\Users\DheyClaveria\.m2\repository\com\paulhammant\ngwebdriver\1.1.5\ngwebdriver-1.1.5.jar;C:\Users\DheyClaveria\.m2\repository\joda-time\joda-time\2.8.2\joda-time-2.8.2.jar;C:\Users\DheyClaveria\.m2\repository\com\google\jimfs\jimfs\1.1\jimfs-1.1.jar;C:\Users\DheyClaveria\.m2\repository\org\mockito\mockito-core\3.3.3\mockito-core-3.3.3.jar;C:\Users\DheyClaveria\.m2\repository\javax\xml\bind\jaxb-api\2.3.1\jaxb-api-2.3.1.jar;C:\Users\DheyClaveria\.m2\repository\javax\activation\javax.activation-api\1.2.0\javax.activation-api-1.2.0.jar;C:\Users\DheyClaveria\.m2\repository\com\sun\xml\bind\jaxb-core\2.3.0.1\jaxb-core-2.3.0.1.jar;C:\Users\DheyClaveria\.m2\repository\javax\activation\activation\1.1.1\activation-1.1.1.jar;C:\Users\DheyClaveria\.m2\repository\net\serenity-bdd\serenity-junit\3.2.0\serenity-junit-3.2.0.jar;C:\Users\DheyClaveria\.m2\repository\net\serenity-bdd\serenity-cucumber\3.2.0\serenity-cucumber-3.2.0.jar;C:\Users\DheyClaveria\.m2\repository\org\apache\commons\commons-csv\1.5\commons-csv-1.5.jar;C:\Users\DheyClaveria\.m2\repository\net\serenity-bdd\serenity-rest-assured\3.2.0\serenity-rest-assured-3.2.0.jar;C:\Users\DheyClaveria\.m2\repository\org\opentest4j\opentest4j\1.2.0\opentest4j-1.2.0.jar;C:\Users\DheyClaveria\.m2\repository\io\cucumber\cucumber-java\7.2.3\cucumber-java-7.2.3.jar;C:\Users\DheyClaveria\.m2\repository\org\apiguardian\apiguardian-api\1.1.2\apiguardian-api-1.1.2.jar;C:\Users\DheyClaveria\.m2\repository\io\cucumber\cucumber-junit\7.2.3\cucumber-junit-7.2.3.jar;C:\Users\DheyClaveria\.m2\repository\io\cucumber\cucumber-core\7.2.3\cucumber-core-7.2.3.jar;C:\Users\DheyClaveria\.m2\repository\io\cucumber\cucumber-gherkin-messages\7.2.3\cucumber-gherkin-messages-7.2.3.jar;C:\Users\DheyClaveria\.m2\repository\io\cucumber\messages\17.1.1\messages-17.1.1.jar;C:\Users\DheyClaveria\.m2\repository\io\cucumber\tag-expressions\4.1.0\tag-expressions-4.1.0.jar;C:\Users\DheyClaveria\.m2\repository\io\cucumber\cucumber-expressions\15.0.1\cucumber-expressions-15.0.1.jar;C:\Users\DheyClaveria\.m2\repository\io\cucumber\datatable\7.2.3\datatable-7.2.3.jar;C:\Users\DheyClaveria\.m2\repository\io\cucumber\cucumber-plugin\7.2.3\cucumber-plugin-7.2.3.jar;C:\Users\DheyClaveria\.m2\repository\io\cucumber\docstring\7.2.3\docstring-7.2.3.jar;C:\Users\DheyClaveria\.m2\repository\io\cucumber\html-formatter\17.0.0\html-formatter-17.0.0.jar;C:\Users\DheyClaveria\.m2\repository\io\cucumber\ci-environment\8.1.0\ci-environment-8.1.0.jar;C:\Users\DheyClaveria\.m2\repository\io\cucumber\cucumber-junit-platform-engine\7.2.3\cucumber-junit-platform-engine-7.2.3.jar;C:\Users\DheyClaveria\.m2\repository\org\junit\platform\junit-platform-engine\1.8.2\junit-platform-engine-1.8.2.jar;C:\Users\DheyClaveria\.m2\repository\org\junit\platform\junit-platform-commons\1.8.2\junit-platform-commons-1.8.2.jar;C:\Users\DheyClaveria\.m2\repository\io\cucumber\cucumber-jvm-deps\1.0.6\cucumber-jvm-deps-1.0.6.jar;C:\Users\DheyClaveria\.m2\repository\net\masterthought\cucumber-reporting\5.7.0\cucumber-reporting-5.7.0.jar;C:\Users\DheyClaveria\.m2\repository\com\fasterxml\jackson\datatype\jackson-datatype-jsr310\2.13.0\jackson-datatype-jsr310-2.13.0.jar;C:\Users\DheyClaveria\.m2\repository\org\apache\velocity\velocity-engine-core\2.3\velocity-engine-core-2.3.jar;C:\Users\DheyClaveria\.m2\repository\org\codehaus\plexus\plexus-utils\3.3.0\plexus-utils-3.3.0.jar;C:\Users\DheyClaveria\.m2\repository\org\jsoup\jsoup\1.14.2\jsoup-1.14.2.jar;C:\Users\DheyClaveria\.m2\repository\com\google\guava\guava\30.1.1-jre\guava-30.1.1-jre.jar;C:\Users\DheyClaveria\.m2\repository\com\google\guava\failureaccess\1.0.1\failureaccess-1.0.1.jar;C:\Users\DheyClaveria\.m2\repository\com\google\guava\listenablefuture\9999.0-empty-to-avoid-conflict-with-guava\listenablefuture-9999.0-empty-to-avoid-conflict-with-guava.jar;C:\Users\DheyClaveria\.m2\repository\com\google\code\findbugs\jsr305\3.0.2\jsr305-3.0.2.jar;C:\Users\DheyClaveria\.m2\repository\org\checkerframework\checker-qual\3.8.0\checker-qual-3.8.0.jar;C:\Users\DheyClaveria\.m2\repository\com\google\errorprone\error_prone_annotations\2.5.1\error_prone_annotations-2.5.1.jar;C:\Users\DheyClaveria\.m2\repository\com\google\j2objc\j2objc-annotations\1.3\j2objc-annotations-1.3.jar;C:\Users\DheyClaveria\.m2\repository\com\googlecode\owasp-java-html-sanitizer\owasp-java-html-sanitizer\20211018.2\owasp-java-html-sanitizer-20211018.2.jar;C:\Users\DheyClaveria\.m2\repository\commons-configuration\commons-configuration\1.10\commons-configuration-1.10.jar;C:\Users\DheyClaveria\.m2\repository\commons-lang\commons-lang\2.6\commons-lang-2.6.jar;C:\Users\DheyClaveria\.m2\repository\io\cucumber\cucumber-html\0.2.7\cucumber-html-0.2.7.jar;C:\Users\DheyClaveria\.m2\repository\io\cucumber\cucumber-gherkin\7.2.3\cucumber-gherkin-7.2.3.jar;C:\Users\DheyClaveria\.m2\repository\junit\junit\4.13.1\junit-4.13.1.jar;C:\Users\DheyClaveria\.m2\repository\org\hamcrest\hamcrest-core\1.3\hamcrest-core-1.3.jar;C:\Users\DheyClaveria\.m2\repository\org\junit\platform\junit-platform-suite\1.8.2\junit-platform-suite-1.8.2.jar;C:\Users\DheyClaveria\.m2\repository\org\junit\platform\junit-platform-suite-api\1.8.2\junit-platform-suite-api-1.8.2.jar;C:\Users\DheyClaveria\.m2\repository\org\junit\platform\junit-platform-suite-engine\1.8.2\junit-platform-suite-engine-1.8.2.jar;C:\Users\DheyClaveria\.m2\repository\org\junit\platform\junit-platform-suite-commons\1.8.2\junit-platform-suite-commons-1.8.2.jar;C:\Users\DheyClaveria\.m2\repository\org\junit\platform\junit-platform-launcher\1.8.2\junit-platform-launcher-1.8.2.jar;C:\Users\DheyClaveria\.m2\repository\org\junit\jupiter\junit-jupiter\5.8.2\junit-jupiter-5.8.2.jar;C:\Users\DheyClaveria\.m2\repository\org\junit\jupiter\junit-jupiter-api\5.8.2\junit-jupiter-api-5.8.2.jar;C:\Users\DheyClaveria\.m2\repository\org\junit\jupiter\junit-jupiter-params\5.8.2\junit-jupiter-params-5.8.2.jar;C:\Users\DheyClaveria\.m2\repository\org\junit\jupiter\junit-jupiter-engine\5.8.2\junit-jupiter-engine-5.8.2.jar;C:\Users\DheyClaveria\.m2\repository\org\junit\vintage\junit-vintage-engine\5.8.2\junit-vintage-engine-5.8.2.jar;C:\Users\DheyClaveria\.m2\repository\info\cukes\cucumber-java\1.2.5\cucumber-java-1.2.5.jar;C:\Users\DheyClaveria\.m2\repository\info\cukes\cucumber-core\1.2.5\cucumber-core-1.2.5.jar;C:\Users\DheyClaveria\.m2\repository\info\cukes\cucumber-html\0.2.3\cucumber-html-0.2.3.jar;C:\Users\DheyClaveria\.m2\repository\info\cukes\cucumber-jvm-deps\1.0.5\cucumber-jvm-deps-1.0.5.jar;C:\Users\DheyClaveria\.m2\repository\info\cukes\gherkin\2.12.2\gherkin-2.12.2.jar;C:\Users\DheyClaveria\.m2\repository\info\cukes\cucumber-junit\1.2.5\cucumber-junit-1.2.5.jar;C:\Users\DheyClaveria\.m2\repository\org\seleniumhq\selenium\selenium-java\4.1.1\selenium-java-4.1.1.jar;C:\Users\DheyClaveria\.m2\repository\org\seleniumhq\selenium\selenium-devtools-v85\4.1.1\selenium-devtools-v85-4.1.1.jar;C:\Users\DheyClaveria\.m2\repository\org\seleniumhq\selenium\selenium-devtools-v94\4.1.1\selenium-devtools-v94-4.1.1.jar;C:\Users\DheyClaveria\.m2\repository\org\seleniumhq\selenium\selenium-devtools-v95\4.1.1\selenium-devtools-v95-4.1.1.jar;C:\Users\DheyClaveria\.m2\repository\org\seleniumhq\selenium\selenium-devtools-v96\4.1.1\selenium-devtools-v96-4.1.1.jar;C:\Users\DheyClaveria\.m2\repository\org\seleniumhq\selenium\selenium-firefox-xpi-driver\4.1.1\selenium-firefox-xpi-driver-4.1.1.jar;C:\Users\DheyClaveria\.m2\repository\org\seleniumhq\selenium\selenium-opera-driver\4.1.1\selenium-opera-driver-4.1.1.jar;C:\Users\DheyClaveria\.m2\repository\org\seleniumhq\selenium\selenium-remote-driver\4.1.1\selenium-remote-driver-4.1.1.jar;C:\Users\DheyClaveria\.m2\repository\io\netty\netty-buffer\4.1.70.Final\netty-buffer-4.1.70.Final.jar;C:\Users\DheyClaveria\.m2\repository\io\netty\netty-codec-http\4.1.70.Final\netty-codec-http-4.1.70.Final.jar;C:\Users\DheyClaveria\.m2\repository\io\netty\netty-codec\4.1.70.Final\netty-codec-4.1.70.Final.jar;C:\Users\DheyClaveria\.m2\repository\io\netty\netty-handler\4.1.70.Final\netty-handler-4.1.70.Final.jar;C:\Users\DheyClaveria\.m2\repository\io\netty\netty-common\4.1.70.Final\netty-common-4.1.70.Final.jar;C:\Users\DheyClaveria\.m2\repository\io\netty\netty-transport-classes-epoll\4.1.70.Final\netty-transport-classes-epoll-4.1.70.Final.jar;C:\Users\DheyClaveria\.m2\repository\io\netty\netty-transport-classes-kqueue\4.1.70.Final\netty-transport-classes-kqueue-4.1.70.Final.jar;C:\Users\DheyClaveria\.m2\repository\io\netty\netty-transport-native-unix-common\4.1.70.Final\netty-transport-native-unix-common-4.1.70.Final.jar;C:\Users\DheyClaveria\.m2\repository\io\netty\netty-transport\4.1.70.Final\netty-transport-4.1.70.Final.jar;C:\Users\DheyClaveria\.m2\repository\io\netty\netty-resolver\4.1.70.Final\netty-resolver-4.1.70.Final.jar;C:\Users\DheyClaveria\.m2\repository\io\opentelemetry\opentelemetry-api\1.9.1\opentelemetry-api-1.9.1.jar;C:\Users\DheyClaveria\.m2\repository\io\opentelemetry\opentelemetry-context\1.9.1\opentelemetry-context-1.9.1.jar;C:\Users\DheyClaveria\.m2\repository\io\opentelemetry\opentelemetry-exporter-logging\1.9.1\opentelemetry-exporter-logging-1.9.1.jar;C:\Users\DheyClaveria\.m2\repository\io\opentelemetry\opentelemetry-sdk-metrics\1.9.1-alpha\opentelemetry-sdk-metrics-1.9.1-alpha.jar;C:\Users\DheyClaveria\.m2\repository\io\opentelemetry\opentelemetry-sdk-logs\1.9.1-alpha\opentelemetry-sdk-logs-1.9.1-alpha.jar;C:\Users\DheyClaveria\.m2\repository\io\opentelemetry\opentelemetry-sdk-common\1.9.1\opentelemetry-sdk-common-1.9.1.jar;C:\Users\DheyClaveria\.m2\repository\io\opentelemetry\opentelemetry-sdk-extension-autoconfigure-spi\1.9.1\opentelemetry-sdk-extension-autoconfigure-spi-1.9.1.jar;C:\Users\DheyClaveria\.m2\repository\io\opentelemetry\opentelemetry-sdk-extension-autoconfigure\1.9.1-alpha\opentelemetry-sdk-extension-autoconfigure-1.9.1-alpha.jar;C:\Users\DheyClaveria\.m2\repository\io\opentelemetry\opentelemetry-sdk-trace\1.9.1\opentelemetry-sdk-trace-1.9.1.jar;C:\Users\DheyClaveria\.m2\repository\io\opentelemetry\opentelemetry-api-metrics\1.9.1-alpha\opentelemetry-api-metrics-1.9.1-alpha.jar;C:\Users\DheyClaveria\.m2\repository\io\opentelemetry\opentelemetry-sdk\1.9.1\opentelemetry-sdk-1.9.1.jar;C:\Users\DheyClaveria\.m2\repository\io\opentelemetry\opentelemetry-semconv\1.9.1-alpha\opentelemetry-semconv-1.9.1-alpha.jar;C:\Users\DheyClaveria\.m2\repository\io\ous\jtoml\2.0.0\jtoml-2.0.0.jar;C:\Users\DheyClaveria\.m2\repository\org\apache\commons\commons-exec\1.3\commons-exec-1.3.jar;C:\Users\DheyClaveria\.m2\repository\org\asynchttpclient\async-http-client\2.12.3\async-http-client-2.12.3.jar;C:\Users\DheyClaveria\.m2\repository\org\asynchttpclient\async-http-client-netty-utils\2.12.3\async-http-client-netty-utils-2.12.3.jar;C:\Users\DheyClaveria\.m2\repository\io\netty\netty-codec-socks\4.1.60.Final\netty-codec-socks-4.1.60.Final.jar;C:\Users\DheyClaveria\.m2\repository\io\netty\netty-handler-proxy\4.1.60.Final\netty-handler-proxy-4.1.60.Final.jar;C:\Users\DheyClaveria\.m2\repository\io\netty\netty-transport-native-epoll\4.1.60.Final\netty-transport-native-epoll-4.1.60.Final-linux-x86_64.jar;C:\Users\DheyClaveria\.m2\repository\io\netty\netty-transport-native-kqueue\4.1.60.Final\netty-transport-native-kqueue-4.1.60.Final-osx-x86_64.jar;C:\Users\DheyClaveria\.m2\repository\org\reactivestreams\reactive-streams\1.0.3\reactive-streams-1.0.3.jar;C:\Users\DheyClaveria\.m2\repository\com\typesafe\netty\netty-reactive-streams\2.0.4\netty-reactive-streams-2.0.4.jar;C:\Users\DheyClaveria\.m2\repository\com\sun\activation\jakarta.activation\1.2.2\jakarta.activation-1.2.2.jar;C:\Users\DheyClaveria\.m2\repository\org\seleniumhq\selenium\selenium-http\4.1.1\selenium-http-4.1.1.jar;C:\Users\DheyClaveria\.m2\repository\net\jodah\failsafe\2.4.4\failsafe-2.4.4.jar;C:\Users\DheyClaveria\.m2\repository\org\seleniumhq\selenium\selenium-safari-driver\4.1.1\selenium-safari-driver-4.1.1.jar;C:\Users\DheyClaveria\.m2\repository\org\seleniumhq\selenium\selenium-chrome-driver\4.1.1\selenium-chrome-driver-4.1.1.jar;C:\Users\DheyClaveria\.m2\repository\com\google\auto\service\auto-service-annotations\1.0.1\auto-service-annotations-1.0.1.jar;C:\Users\DheyClaveria\.m2\repository\com\google\auto\service\auto-service\1.0.1\auto-service-1.0.1.jar;C:\Users\DheyClaveria\.m2\repository\com\google\auto\auto-common\1.2\auto-common-1.2.jar;C:\Users\DheyClaveria\.m2\repository\org\seleniumhq\selenium\selenium-chromium-driver\4.1.1\selenium-chromium-driver-4.1.1.jar;C:\Users\DheyClaveria\.m2\repository\org\seleniumhq\selenium\selenium-json\4.1.1\selenium-json-4.1.1.jar;C:\Users\DheyClaveria\.m2\repository\io\github\bonigarcia\webdrivermanager\4.2.2\webdrivermanager-4.2.2.jar;C:\Users\DheyClaveria\.m2\repository\org\apache\httpcomponents\client5\httpclient5\5.0.1\httpclient5-5.0.1.jar;C:\Users\DheyClaveria\.m2\repository\org\apache\httpcomponents\core5\httpcore5\5.0.1\httpcore5-5.0.1.jar;C:\Users\DheyClaveria\.m2\repository\org\apache\httpcomponents\core5\httpcore5-h2\5.0.1\httpcore5-h2-5.0.1.jar;C:\Users\DheyClaveria\.m2\repository\org\rauschig\jarchivelib\1.1.0\jarchivelib-1.1.0.jar;C:\Users\DheyClaveria\.m2\repository\tech\grasshopper\extentreports-cucumber7-adapter\1.3.0\extentreports-cucumber7-adapter-1.3.0.jar;C:\Users\DheyClaveria\.m2\repository\com\aventstack\extentreports\5.0.9\extentreports-5.0.9.jar;C:\Users\DheyClaveria\.m2\repository\io\reactivex\rxjava3\rxjava\3.0.4\rxjava-3.0.4.jar;C:\Users\DheyClaveria\.m2\repository\tech\grasshopper\extent-pdf-report\2.1.0\extent-pdf-report-2.1.0.jar;C:\Users\DheyClaveria\.m2\repository\tech\grasshopper\cucumber-pdf-report\2.5.0\cucumber-pdf-report-2.5.0.jar;C:\Users\DheyClaveria\.m2\repository\org\knowm\xchart\xchart\3.8.0\xchart-3.8.0.jar;C:\Users\DheyClaveria\.m2\repository\de\erichseifert\vectorgraphics2d\VectorGraphics2D\0.13\VectorGraphics2D-0.13.jar;C:\Users\DheyClaveria\.m2\repository\de\rototor\pdfbox\graphics2d\0.30\graphics2d-0.30.jar;C:\Users\DheyClaveria\.m2\repository\com\madgag\animated-gif-lib\1.4\animated-gif-lib-1.4.jar;C:\Users\DheyClaveria\.m2\repository\org\yaml\snakeyaml\1.28\snakeyaml-1.28.jar;C:\Users\DheyClaveria\.m2\repository\tech\grasshopper\table-layout\1.4.0\table-layout-1.4.0.jar;C:\Users\DheyClaveria\.m2\repository\tech\grasshopper\rest-assured-cucumber-pdf-report\1.1.0\rest-assured-cucumber-pdf-report-1.1.0.jar;C:\Users\DheyClaveria\.m2\repository\com\aventstack\klov-reporter\5.0.9\klov-reporter-5.0.9.jar;C:\Users\DheyClaveria\.m2\repository\org\mongodb\mongodb-driver\3.6.4\mongodb-driver-3.6.4.jar;C:\Users\DheyClaveria\.m2\repository\org\mongodb\mongodb-driver-core\3.6.4\mongodb-driver-core-3.6.4.jar;C:\Users\DheyClaveria\.m2\repository\org\mongodb\bson\3.6.4\bson-3.6.4.jar;C:\Users\DheyClaveria\.m2\repository\tech\grasshopper\htmlextentreporter\1.0.0\htmlextentreporter-1.0.0.jar;C:\Users\DheyClaveria\.m2\repository\org\testng\testng\6.14.3\testng-6.14.3.jar;C:\Users\DheyClaveria\.m2\repository\com\beust\jcommander\1.72\jcommander-1.72.jar;C:\Users\DheyClaveria\.m2\repository\org\apache-extras\beanshell\bsh\2.0b6\bsh-2.0b6.jar;C:\Users\DheyClaveria\.m2\repository\io\cucumber\cucumber-testng\7.2.3\cucumber-testng-7.2.3.jar;C:\Users\DheyClaveria\.m2\repository\org\apache\poi\poi\5.2.1\poi-5.2.1.jar;C:\Users\DheyClaveria\.m2\repository\org\apache\commons\commons-collections4\4.4\commons-collections4-4.4.jar;C:\Users\DheyClaveria\.m2\repository\org\apache\commons\commons-math3\3.6.1\commons-math3-3.6.1.jar;C:\Users\DheyClaveria\.m2\repository\com\zaxxer\SparseBitSet\1.2\SparseBitSet-1.2.jar;C:\Users\DheyClaveria\.m2\repository\org\apache\logging\log4j\log4j-api\2.17.1\log4j-api-2.17.1.jar;C:\Users\DheyClaveria\.m2\repository\org\apache\poi\poi-ooxml\5.2.1\poi-ooxml-5.2.1.jar;C:\Users\DheyClaveria\.m2\repository\org\apache\poi\poi-ooxml-lite\5.2.1\poi-ooxml-lite-5.2.1.jar;C:\Users\DheyClaveria\.m2\repository\org\apache\xmlbeans\xmlbeans\5.0.3\xmlbeans-5.0.3.jar;C:\Users\DheyClaveria\.m2\repository\org\apache\commons\commons-compress\1.21\commons-compress-1.21.jar;C:\Users\DheyClaveria\.m2\repository\com\github\virtuald\curvesapi\1.07\curvesapi-1.07.jar;C:\Users\DheyClaveria\.m2\repository\org\apache\maven\surefire\surefire-junit-platform\3.0.0-M5\surefire-junit-platform-3.0.0-M5.jar;C:\Users\DheyClaveria\.m2\repository\org\apache\maven\surefire\common-java5\3.0.0-M5\common-java5-3.0.0-M5.jar"/>
    <property name="user.script" value=""/>
    <property name="sun.management.compiler" value="HotSpot 64-Bit Tiered Compilers"/>
    <property name="java.runtime.version" value="15.0.1+9-18"/>
    <property name="user.name" value="DheyClaveria"/>
    <property name="path.separator" value=";"/>
    <property name="os.version" value="10.0"/>
    <property name="java.runtime.name" value="Java(TM) SE Runtime Environment"/>
    <property name="file.encoding" value="Cp1252"/>
    <property name="sun.nio.ch.bugLevel" value=""/>
    <property name="java.vm.name" value="Java HotSpot(TM) 64-Bit Server VM"/>
    <property name="localRepository" value="C:\Users\DheyClaveria\.m2\repository"/>
    <property name="java.vendor.url.bug" value="https://bugreport.java.com/bugreport/"/>
    <property name="java.io.tmpdir" value="C:\Users\DheyClaveria\AppData\Local\Temp\"/>
    <property name="java.version" value="15.0.1"/>
    <property name="user.dir" value="Z:\Automation\JavaCucumber\BDD_HCL\CucumberHCL"/>
    <property name="os.arch" value="amd64"/>
    <property name="java.vm.specification.name" value="Java Virtual Machine Specification"/>
    <property name="sun.os.patch.level" value=""/>
    <property name="java.library.path" value="C:\Program Files\Java\jdk-15.0.1\bin;C:\WINDOWS\Sun\Java\bin;C:\WINDOWS\system32;C:\WINDOWS;C:\Program Files\Java\jdk-15.0.1/bin;C:\Program Files\Java\jdk-15.0.1/bin;C:\Program Files\Common Files\Oracle\Java\javapath;C:\Program Files (x86)\Common Files\Intel\Shared Libraries\redist\intel64\compiler;C:\Windows\system32;C:\Windows;C:\Windows\System32\Wbem;C:\Windows\System32\WindowsPowerShell\v1.0\;C:\Windows\System32\OpenSSH\;C:\Program Files (x86)\NVIDIA Corporation\PhysX\Common;C:\Program Files\Microsoft SQL Server\120\Tools\Binn\;C:\Users\DheyClaveria\.dnx\bin;C:\Program Files\Microsoft DNX\Dnvm\;C:\Program Files\Microsoft SQL Server\130\Tools\Binn\;C:\Program Files (x86)\Microsoft SQL Server\130\Tools\Binn\;C:\Program Files (x86)\Microsoft SQL Server\130\DTS\Binn\;C:\Program Files\Microsoft SQL Server\130\DTS\Binn\;C:\Program Files\Microsoft SQL Server\Client SDK\ODBC\130\Tools\Binn\;C:\Program Files\nodejs\;C:\Program Files\NVIDIA Corporation\NVIDIA NvDLISR;C:\WINDOWS\system32;C:\WINDOWS;C:\WINDOWS\System32\Wbem;C:\WINDOWS\System32\WindowsPowerShell\v1.0\;C:\WINDOWS\System32\OpenSSH\;C:\Selenium;C:\Program Files\Git\cmd;C:\Program Files\Java\jdk-15.0.1\bin;C:\WINDOWS\system32;C:\WINDOWS;C:\WINDOWS\System32\Wbem;C:\WINDOWS\System32\WindowsPowerShell\v1.0\;C:\WINDOWS\System32\OpenSSH\;C:\Program Files\dotnet\;C:\apache-maven-3.8.5\bin;%MAVEN_HOME%;%M2_HOME%\bin;C:\Users\DheyClaveria\AppData\Local\Programs\Python\Python39\Scripts\;C:\Users\DheyClaveria\AppData\Local\Programs\Python\Python39\;C:\Users\DheyClaveria\AppData\Local\Microsoft\WindowsApps;C:\Users\DheyClaveria\AppData\Local\GitHubDesktop\bin;C:\Users\DheyClaveria\AppData\Local\Programs\Microsoft VS Code\bin;C:\Users\DheyClaveria\AppData\Roaming\npm;C:\Users\DheyClaveria\AppData\Local\Microsoft\WindowsApps;C:\Program Files\Java\jdk-15.0.1\bin;C:\apache-maven-3.6.3\bin;C:\Program Files\nodejs;C:\Selenium;;."/>
    <property name="java.vm.info" value="mixed mode"/>
    <property name="java.vendor" value="Oracle Corporation"/>
    <property name="java.vm.version" value="15.0.1+9-18"/>
    <property name="sun.io.unicode.encoding" value="UnicodeLittle"/>
    <property name="java.class.version" value="59.0"/>
  </properties>
  <testcase name="Verify one author of the post" classname="Verify different GET operations using REST-assured" time="5.278">
    <system-out><![CDATA[16:40:31.935 [main] INFO  i.c.core.plugin.SerenityReporter - Running feature from file:///Z:/Automation/JavaCucumber/BDD_HCL/CucumberHCL/src/main/resources/AppFeatures/GetPost.feature
16:40:31.938 [main] WARN  i.c.core.plugin.SerenityReporter - Feature from file:///Z:/Automation/JavaCucumber/BDD_HCL/CucumberHCL/src/main/resources/AppFeatures/GetPost.feature is not under the 'features' directory. Requirements report will not be correctly generated!
16:40:32.132 [main] INFO   - 

-------------------------------------------------------------------------------------
     _______. _______ .______       _______ .__   __.  __  .___________.____    ____ 
    /       ||   ____||   _  \     |   ____||  \ |  | |  | |           |\   \  /   / 
   |   (----`|  |__   |  |_)  |    |  |__   |   \|  | |  | `---|  |----` \   \/   /  
    \   \    |   __|  |      /     |   __|  |  . `  | |  |     |  |       \_    _/   
.----)   |   |  |____ |  |\  \----.|  |____ |  |\   | |  |     |  |         |  |     
|_______/    |_______|| _| `._____||_______||__| \__| |__|     |__|         |__|    
                                                                                     
 News and tutorials at http://www.serenity-bdd.info                                  
 Documentation at https://wakaleo.gitbooks.io/the-serenity-book/content/             
 Join the Serenity Community on Gitter: https://gitter.im/serenity-bdd/serenity-core 
 Serenity BDD Support and Training at http://serenity-bdd.info/#/trainingandsupport  
-------------------------------------------------------------------------------------

16:40:32.135 [main] DEBUG n.thucydides.core.steps.StepEventBus - Test suite started for story net.thucydides.core.model.Story@d1e746b5
16:40:32.138 [main] INFO   - Test Suite Started: Verify different GET operations using REST-assured
16:40:32.154 [main] INFO  i.c.core.plugin.SerenityReporter - Running feature from file:///Z:/Automation/JavaCucumber/BDD_HCL/CucumberHCL/src/main/resources/AppFeatures/ValidateAndVerifyInvalidLogin.feature
16:40:32.155 [main] WARN  i.c.core.plugin.SerenityReporter - Feature from file:///Z:/Automation/JavaCucumber/BDD_HCL/CucumberHCL/src/main/resources/AppFeatures/ValidateAndVerifyInvalidLogin.feature is not under the 'features' directory. Requirements report will not be correctly generated!
16:40:32.162 [main] DEBUG n.thucydides.core.steps.StepEventBus - Test suite started for story net.thucydides.core.model.Story@b13a1f46
16:40:32.163 [main] INFO   - Test Suite Started: Test Invalid User Credentials Feature
16:40:32.163 [main] INFO  i.c.core.plugin.SerenityReporter - Running feature from file:///Z:/Automation/JavaCucumber/BDD_HCL/CucumberHCL/src/main/resources/AppFeatures/ValidateAndVerifyLoginPage.feature
16:40:32.163 [main] WARN  i.c.core.plugin.SerenityReporter - Feature from file:///Z:/Automation/JavaCucumber/BDD_HCL/CucumberHCL/src/main/resources/AppFeatures/ValidateAndVerifyLoginPage.feature is not under the 'features' directory. Requirements report will not be correctly generated!
16:40:32.171 [main] DEBUG n.thucydides.core.steps.StepEventBus - Test suite started for story net.thucydides.core.model.Story@7f1849ba
16:40:32.171 [main] INFO   - Test Suite Started: Validate And Verify Login Page to PEGA Site
16:40:32.172 [main] INFO  i.c.core.plugin.SerenityReporter - Running feature from file:///Z:/Automation/JavaCucumber/BDD_HCL/CucumberHCL/src/main/resources/AppFeatures/GetPost.feature
16:40:32.172 [main] WARN  i.c.core.plugin.SerenityReporter - Feature from file:///Z:/Automation/JavaCucumber/BDD_HCL/CucumberHCL/src/main/resources/AppFeatures/GetPost.feature is not under the 'features' directory. Requirements report will not be correctly generated!
16:40:32.175 [main] DEBUG n.thucydides.core.steps.StepEventBus - Test suite started for story net.thucydides.core.model.Story@d1e746b5
16:40:32.175 [main] INFO   - Test Suite Started: Verify different GET operations using REST-assured

@All @Performance
Scenario: Verify one author of the post      &amp#27;[90m# src/main/resources/AppFeatures/GetPost.feature:4&amp#27;[0m
16:40:32.263 [main] INFO  i.c.core.plugin.SerenityReporter - Running feature from file:///Z:/Automation/JavaCucumber/BDD_HCL/CucumberHCL/src/main/resources/AppFeatures/GetPost.feature
16:40:32.264 [main] WARN  i.c.core.plugin.SerenityReporter - Feature from file:///Z:/Automation/JavaCucumber/BDD_HCL/CucumberHCL/src/main/resources/AppFeatures/GetPost.feature is not under the 'features' directory. Requirements report will not be correctly generated!
16:40:32.358 [main] INFO   - 
  _____   ___   ___   _____     ___   _____     _     ___   _____   ___   ___  
 |_   _| | __| / __| |_   _|   / __| |_   _|   /_\   | _ \ |_   _| | __| |   \ 
   | |   | _|  \__ \   | |     \__ \   | |    / _ \  |   /   | |   | _|  | |) |
   |_|   |___| |___/   |_|     |___/   |_|   /_/ \_\ |_|_\   |_|   |___| |___/ 

Verify one author of the post(verify-different-get-operations-using-rest-assured;verify-one-author-of-the-post)
--------------------------------------------------------------------------------
16:40:32.469 [main] DEBUG com.pages.drivers.DriversFactory - Initialize Driver Browser Configuration
16:40:32.470 [main] DEBUG com.pages.drivers.DriversFactory -  Driver Browser : chrome
16:40:32.762 [main] DEBUG i.g.bonigarcia.wdm.WebDriverManager - Driver chromedriver 99.0.4844.51 found in cache
16:40:32.763 [main] INFO  i.g.bonigarcia.wdm.WebDriverManager - Exporting webdriver.chrome.driver as C:\Users\DheyClaveria\.cache\selenium\chromedriver\win32\99.0.4844.51\chromedriver.exe
16:40:32.853 [main] DEBUG i.n.u.i.l.InternalLoggerFactory - Using SLF4J as the default logging framework
16:40:32.855 [main] DEBUG io.netty.util.ResourceLeakDetector - -Dio.netty.leakDetection.level: simple
16:40:32.856 [main] DEBUG io.netty.util.ResourceLeakDetector - -Dio.netty.leakDetection.targetRecords: 4
16:40:32.860 [main] DEBUG i.n.util.ResourceLeakDetectorFactory - Loaded default ResourceLeakDetector: io.netty.util.ResourceLeakDetector@4ceff87d
16:40:32.879 [main] DEBUG i.n.util.internal.PlatformDependent0 - -Dio.netty.noUnsafe: false
16:40:32.880 [main] DEBUG i.n.util.internal.PlatformDependent0 - Java version: 15
16:40:32.880 [main] DEBUG i.n.util.internal.PlatformDependent0 - sun.misc.Unsafe.theUnsafe: available
16:40:32.881 [main] DEBUG i.n.util.internal.PlatformDependent0 - sun.misc.Unsafe.copyMemory: available
16:40:32.881 [main] DEBUG i.n.util.internal.PlatformDependent0 - java.nio.Buffer.address: available
16:40:32.882 [main] DEBUG i.n.util.internal.PlatformDependent0 - direct buffer constructor: unavailable: Reflective setAccessible(true) disabled
16:40:32.883 [main] DEBUG i.n.util.internal.PlatformDependent0 - java.nio.Bits.unaligned: available, true
16:40:32.884 [main] DEBUG i.n.util.internal.PlatformDependent0 - jdk.internal.misc.Unsafe.allocateUninitializedArray(int): unavailable: class io.netty.util.internal.PlatformDependent0$6 cannot access class jdk.internal.misc.Unsafe (in module java.base) because module java.base does not export jdk.internal.misc to unnamed module @438bad7c
16:40:32.885 [main] DEBUG i.n.util.internal.PlatformDependent0 - java.nio.DirectByteBuffer.<init>(long, int): unavailable
16:40:32.885 [main] DEBUG i.n.util.internal.PlatformDependent - sun.misc.Unsafe: available
16:40:32.887 [main] DEBUG i.n.util.internal.PlatformDependent - maxDirectMemory: 4276092928 bytes (maybe)
16:40:32.887 [main] DEBUG i.n.util.internal.PlatformDependent - -Dio.netty.tmpdir: C:\Users\DheyClaveria\AppData\Local\Temp (java.io.tmpdir)
16:40:32.887 [main] DEBUG i.n.util.internal.PlatformDependent - -Dio.netty.bitMode: 64 (sun.arch.data.model)
16:40:32.887 [main] DEBUG i.n.util.internal.PlatformDependent - Platform: Windows
16:40:32.888 [main] DEBUG i.n.util.internal.PlatformDependent - -Dio.netty.maxDirectMemory: -1 bytes
16:40:32.888 [main] DEBUG i.n.util.internal.PlatformDependent - -Dio.netty.uninitializedArrayAllocationThreshold: -1
16:40:32.889 [main] DEBUG io.netty.util.internal.CleanerJava9 - java.nio.ByteBuffer.cleaner(): available
16:40:32.889 [main] DEBUG i.n.util.internal.PlatformDependent - -Dio.netty.noPreferDirect: false
16:40:32.897 [main] DEBUG i.n.util.internal.PlatformDependent - org.jctools-core.MpscChunkedArrayQueue: available
16:40:32.914 [main] DEBUG i.n.u.i.InternalThreadLocalMap - -Dio.netty.threadLocalMap.stringBuilder.initialSize: 1024
16:40:32.914 [main] DEBUG i.n.u.i.InternalThreadLocalMap - -Dio.netty.threadLocalMap.stringBuilder.maxSize: 4096
16:40:32.964 [main] DEBUG io.netty.handler.ssl.JdkSslContext - Default protocols (JDK): [TLSv1.3, TLSv1.2, TLSv1.1, TLSv1] 
16:40:32.964 [main] DEBUG io.netty.handler.ssl.JdkSslContext - Default cipher suites (JDK): [TLS_ECDHE_ECDSA_WITH_AES_256_GCM_SHA384, TLS_ECDHE_ECDSA_WITH_AES_128_GCM_SHA256, TLS_ECDHE_RSA_WITH_AES_128_GCM_SHA256, TLS_ECDHE_RSA_WITH_AES_256_GCM_SHA384, TLS_ECDHE_RSA_WITH_AES_128_CBC_SHA, TLS_ECDHE_RSA_WITH_AES_256_CBC_SHA, TLS_RSA_WITH_AES_128_GCM_SHA256, TLS_RSA_WITH_AES_128_CBC_SHA, TLS_RSA_WITH_AES_256_CBC_SHA, TLS_AES_128_GCM_SHA256, TLS_AES_256_GCM_SHA384]
16:40:32.993 [main] DEBUG i.n.c.MultithreadEventLoopGroup - -Dio.netty.eventLoopThreads: 24
16:40:33.002 [main] DEBUG io.netty.channel.nio.NioEventLoop - -Dio.netty.noKeySetOptimization: false
16:40:33.002 [main] DEBUG io.netty.channel.nio.NioEventLoop - -Dio.netty.selectorAutoRebuildThreshold: 512
16:40:33.053 [main] DEBUG i.n.buffer.PooledByteBufAllocator - -Dio.netty.allocator.numHeapArenas: 24
16:40:33.053 [main] DEBUG i.n.buffer.PooledByteBufAllocator - -Dio.netty.allocator.numDirectArenas: 24
16:40:33.053 [main] DEBUG i.n.buffer.PooledByteBufAllocator - -Dio.netty.allocator.pageSize: 8192
16:40:33.053 [main] DEBUG i.n.buffer.PooledByteBufAllocator - -Dio.netty.allocator.maxOrder: 11
16:40:33.053 [main] DEBUG i.n.buffer.PooledByteBufAllocator - -Dio.netty.allocator.chunkSize: 16777216
16:40:33.054 [main] DEBUG i.n.buffer.PooledByteBufAllocator - -Dio.netty.allocator.smallCacheSize: 256
16:40:33.054 [main] DEBUG i.n.buffer.PooledByteBufAllocator - -Dio.netty.allocator.normalCacheSize: 64
16:40:33.054 [main] DEBUG i.n.buffer.PooledByteBufAllocator - -Dio.netty.allocator.maxCachedBufferCapacity: 32768
16:40:33.054 [main] DEBUG i.n.buffer.PooledByteBufAllocator - -Dio.netty.allocator.cacheTrimInterval: 8192
16:40:33.054 [main] DEBUG i.n.buffer.PooledByteBufAllocator - -Dio.netty.allocator.cacheTrimIntervalMillis: 0
16:40:33.054 [main] DEBUG i.n.buffer.PooledByteBufAllocator - -Dio.netty.allocator.useCacheForAllThreads: true
16:40:33.054 [main] DEBUG i.n.buffer.PooledByteBufAllocator - -Dio.netty.allocator.maxCachedByteBuffersPerChunk: 1023
16:40:33.065 [main] DEBUG io.netty.buffer.ByteBufUtil - -Dio.netty.allocator.type: pooled
16:40:33.065 [main] DEBUG io.netty.buffer.ByteBufUtil - -Dio.netty.threadLocalDirectBufferSize: 0
16:40:33.065 [main] DEBUG io.netty.buffer.ByteBufUtil - -Dio.netty.maxThreadLocalCharBufferSize: 16384
16:40:33.801 [Forwarding newSession on session null to remote] DEBUG io.netty.channel.DefaultChannelId - -Dio.netty.processId: 33080 (auto-detected)
16:40:33.803 [Forwarding newSession on session null to remote] DEBUG io.netty.util.NetUtil - -Djava.net.preferIPv4Stack: false
16:40:33.803 [Forwarding newSession on session null to remote] DEBUG io.netty.util.NetUtil - -Djava.net.preferIPv6Addresses: false
16:40:33.811 [Forwarding newSession on session null to remote] DEBUG io.netty.util.NetUtilInitializations - Loopback interface: lo (Software Loopback Interface 1, 127.0.0.1)
16:40:33.812 [Forwarding newSession on session null to remote] DEBUG io.netty.util.NetUtil - Failed to get SOMAXCONN from sysctl and file \proc\sys\net\core\somaxconn. Default: 200
16:40:33.826 [Forwarding newSession on session null to remote] DEBUG io.netty.channel.DefaultChannelId - -Dio.netty.machineId: 00:d8:61:ff:fe:9b:78:4c (auto-detected)
16:40:33.881 [AsyncHttpClient-1-2] DEBUG io.netty.buffer.AbstractByteBuf - -Dio.netty.buffer.checkAccessible: true
16:40:33.881 [AsyncHttpClient-1-2] DEBUG io.netty.buffer.AbstractByteBuf - -Dio.netty.buffer.checkBounds: true
16:40:33.881 [AsyncHttpClient-1-2] DEBUG i.n.util.ResourceLeakDetectorFactory - Loaded default ResourceLeakDetector: io.netty.util.ResourceLeakDetector@1f12f708
16:40:33.892 [AsyncHttpClient-1-2] DEBUG o.a.n.channel.NettyConnectListener - Using new Channel '[id: 0xf688517c, L:/127.0.0.1:53262 - R:localhost/127.0.0.1:65221]' for 'POST' to '/session'
16:40:33.911 [AsyncHttpClient-1-2] DEBUG io.netty.util.Recycler - -Dio.netty.recycler.maxCapacityPerThread: 4096
16:40:33.911 [AsyncHttpClient-1-2] DEBUG io.netty.util.Recycler - -Dio.netty.recycler.maxSharedCapacityFactor: 2
16:40:33.911 [AsyncHttpClient-1-2] DEBUG io.netty.util.Recycler - -Dio.netty.recycler.linkCapacity: 16
16:40:33.911 [AsyncHttpClient-1-2] DEBUG io.netty.util.Recycler - -Dio.netty.recycler.ratio: 8
16:40:33.911 [AsyncHttpClient-1-2] DEBUG io.netty.util.Recycler - -Dio.netty.recycler.delayedQueue.ratio: 8
16:40:34.612 [AsyncHttpClient-1-2] DEBUG i.n.handler.codec.compression.Brotli - brotli4j not in the classpath; Brotli support will be unavailable.
16:40:34.612 [AsyncHttpClient-1-2] DEBUG o.a.netty.handler.HttpHandler - 

Request DefaultHttpRequest(decodeResult: success, version: HTTP/1.1)
POST /session HTTP/1.1
User-Agent: selenium/4.1.2 (java windows)
Content-Length: 365
Content-Type: application/json; charset=utf-8
host: localhost:65221
accept: */*

Response DefaultHttpResponse(decodeResult: success, version: HTTP/1.1)
HTTP/1.1 200 OK
Content-Type: application/json; charset=utf-8
cache-control: no-cache
content-length: 795

16:40:34.618 [AsyncHttpClient-1-2] DEBUG o.a.netty.channel.ChannelManager - Adding key: http://localhost:65221 for channel [id: 0xf688517c, L:/127.0.0.1:53262 - R:localhost/127.0.0.1:65221]
16:40:34.683 [AsyncHttpClient-1-3] DEBUG o.a.n.channel.NettyConnectListener - Using new Channel '[id: 0xb6eb8145, L:/127.0.0.1:53269 - R:localhost/127.0.0.1:53263]' for 'GET' to '/json/version'
16:40:34.688 [AsyncHttpClient-1-3] DEBUG o.a.netty.handler.HttpHandler - 

Request DefaultFullHttpRequest(decodeResult: success, version: HTTP/1.1, content: EmptyByteBufBE)
GET /json/version HTTP/1.1
User-Agent: selenium/4.1.2 (java windows)
host: localhost:53263
accept: */*

Response DefaultHttpResponse(decodeResult: success, version: HTTP/1.1)
HTTP/1.1 200 OK
Content-Type: application/json; charset=UTF-8
content-length: 423

16:40:34.688 [AsyncHttpClient-1-3] DEBUG o.a.netty.channel.ChannelManager - Adding key: http://localhost:53263 for channel [id: 0xb6eb8145, L:/127.0.0.1:53269 - R:localhost/127.0.0.1:53263]
16:40:34.696 [main] DEBUG i.n.util.internal.ThreadLocalRandom - -Dio.netty.initialSeedUniquifier: 0xc791fbdc488de868
16:40:34.699 [AsyncHttpClient-1-4] DEBUG o.a.n.channel.NettyConnectListener - Using new Channel '[id: 0xa59db7d5, L:/127.0.0.1:53270 - R:localhost/127.0.0.1:53263]' for 'GET' to '/devtools/browser/c07088e3-7af2-46fe-a626-35710f813ca1'
16:40:34.703 [AsyncHttpClient-1-4] DEBUG o.a.netty.handler.WebSocketHandler - 

Request DefaultFullHttpRequest(decodeResult: success, version: HTTP/1.1, content: EmptyByteBufBE)
GET /devtools/browser/c07088e3-7af2-46fe-a626-35710f813ca1 HTTP/1.1
upgrade: websocket
connection: upgrade
sec-websocket-key: ClolzfQDsmgVuo97hWd4dA==
sec-websocket-version: 13
origin: http://localhost:53263
host: localhost:53263
accept: */*
user-agent: AHC/2.1

Response DefaultHttpResponse(decodeResult: success, version: HTTP/1.1)
HTTP/1.1 101 WebSocket Protocol Handshake
Upgrade: WebSocket
Connection: Upgrade
Sec-WebSocket-Accept: tX3T7Rvr6t3YQlg8XchHHZoDcnM=

16:40:34.737 [Forwarding deleteAllCookies on session fb93271d4cfd90ab860d6b61c9af0d51 to remote] DEBUG o.a.netty.request.NettyRequestSender - Using pooled Channel '[id: 0xf688517c, L:/127.0.0.1:53262 - R:localhost/127.0.0.1:65221]' for 'DELETE' to 'http://localhost:65221/session/fb93271d4cfd90ab860d6b61c9af0d51/cookie'
16:40:34.737 [Forwarding deleteAllCookies on session fb93271d4cfd90ab860d6b61c9af0d51 to remote] DEBUG o.a.netty.request.NettyRequestSender - Using open Channel [id: 0xf688517c, L:/127.0.0.1:53262 - R:localhost/127.0.0.1:65221] for DELETE '/session/fb93271d4cfd90ab860d6b61c9af0d51/cookie'
16:40:34.745 [AsyncHttpClient-1-2] DEBUG o.a.netty.handler.HttpHandler - 

Request DefaultFullHttpRequest(decodeResult: success, version: HTTP/1.1, content: EmptyByteBufBE)
DELETE /session/fb93271d4cfd90ab860d6b61c9af0d51/cookie HTTP/1.1
User-Agent: selenium/4.1.2 (java windows)
Content-Type: application/json; charset=utf-8
host: localhost:65221
accept: */*

Response DefaultHttpResponse(decodeResult: success, version: HTTP/1.1)
HTTP/1.1 200 OK
Content-Type: application/json; charset=utf-8
cache-control: no-cache
content-length: 14

16:40:34.745 [AsyncHttpClient-1-2] DEBUG o.a.netty.channel.ChannelManager - Adding key: http://localhost:65221 for channel [id: 0xf688517c, L:/127.0.0.1:53262 - R:localhost/127.0.0.1:65221]
16:40:34.751 [Forwarding maximizeCurrentWindow on session fb93271d4cfd90ab860d6b61c9af0d51 to remote] DEBUG o.a.netty.request.NettyRequestSender - Using pooled Channel '[id: 0xf688517c, L:/127.0.0.1:53262 - R:localhost/127.0.0.1:65221]' for 'POST' to 'http://localhost:65221/session/fb93271d4cfd90ab860d6b61c9af0d51/window/maximize'
16:40:34.751 [Forwarding maximizeCurrentWindow on session fb93271d4cfd90ab860d6b61c9af0d51 to remote] DEBUG o.a.netty.request.NettyRequestSender - Using open Channel [id: 0xf688517c, L:/127.0.0.1:53262 - R:localhost/127.0.0.1:65221] for POST '/session/fb93271d4cfd90ab860d6b61c9af0d51/window/maximize'
16:40:34.874 [AsyncHttpClient-1-2] DEBUG o.a.netty.handler.HttpHandler - 

Request DefaultHttpRequest(decodeResult: success, version: HTTP/1.1)
POST /session/fb93271d4cfd90ab860d6b61c9af0d51/window/maximize HTTP/1.1
User-Agent: selenium/4.1.2 (java windows)
Content-Length: 3
Content-Type: application/json; charset=utf-8
host: localhost:65221
accept: */*

Response DefaultHttpResponse(decodeResult: success, version: HTTP/1.1)
HTTP/1.1 200 OK
Content-Type: application/json; charset=utf-8
cache-control: no-cache
content-length: 52

16:40:34.875 [AsyncHttpClient-1-2] DEBUG o.a.netty.channel.ChannelManager - Adding key: http://localhost:65221 for channel [id: 0xf688517c, L:/127.0.0.1:53262 - R:localhost/127.0.0.1:65221]
16:40:35.109 [AsyncHttpClient-1-1] DEBUG o.a.netty.channel.DefaultChannelPool - Entry count for : http://localhost:65221 : 1
16:40:35.109 [AsyncHttpClient-1-1] DEBUG o.a.netty.channel.DefaultChannelPool - Entry count for : http://localhost:53263 : 1
  &amp#27;[32mGiven &amp#27;[0m&amp#27;[32mI perform GET operation for "&amp#27;[0m&amp#27;[32m&amp#27;[1m/posts&amp#27;[0m&amp#27;[32m"&amp#27;[0m &amp#27;[90m# stepdefinitions.GetPostSteps.i_perform_get_operation_for(java.lang.String)&amp#27;[0m
16:40:36.202 [AsyncHttpClient-1-1] DEBUG o.a.netty.channel.DefaultChannelPool - Entry count for : http://localhost:65221 : 1
16:40:36.202 [AsyncHttpClient-1-1] DEBUG o.a.netty.channel.DefaultChannelPool - Entry count for : http://localhost:53263 : 1
  &amp#27;[32mWhen &amp#27;[0m&amp#27;[32mI perform GET for the post number "&amp#27;[0m&amp#27;[32m&amp#27;[1m2&amp#27;[0m&amp#27;[32m"&amp#27;[0m &amp#27;[90m# stepdefinitions.GetPostSteps.i_perform_get_for_the_post_number(java.lang.String)&amp#27;[0m
  &amp#27;[32mThen &amp#27;[0m&amp#27;[32mI should see the author name as "&amp#27;[0m&amp#27;[32m&amp#27;[1mapi&amp#27;[0m&amp#27;[32m"&amp#27;[0m &amp#27;[90m# stepdefinitions.GetPostSteps.i_should_see_the_author_name_as(java.lang.String)&amp#27;[0m
16:40:36.827 [Driver Command Executor] DEBUG o.a.netty.request.NettyRequestSender - Using pooled Channel '[id: 0xf688517c, L:/127.0.0.1:53262 - R:localhost/127.0.0.1:65221]' for 'DELETE' to 'http://localhost:65221/session/fb93271d4cfd90ab860d6b61c9af0d51'
16:40:36.827 [Driver Command Executor] DEBUG o.a.netty.request.NettyRequestSender - Using open Channel [id: 0xf688517c, L:/127.0.0.1:53262 - R:localhost/127.0.0.1:65221] for DELETE '/session/fb93271d4cfd90ab860d6b61c9af0d51'
16:40:36.828 [AsyncHttpClient-1-4] DEBUG o.a.netty.handler.WebSocketHandler - Channel Closed: [id: 0xa59db7d5, L:/127.0.0.1:53270 ! R:localhost/127.0.0.1:53263] with attribute NettyResponseFuture{currentRetry=5,
	isDone=1,
	isCancelled=0,
	asyncHandler=org.asynchttpclient.ws.WebSocketUpgradeHandler@41d557ad,
	nettyRequest=org.asynchttpclient.netty.request.NettyRequest@12285307,
	future=java.util.concurrent.CompletableFuture@ac67d39[Completed normally],
	uri=ws://localhost:53263/devtools/browser/c07088e3-7af2-46fe-a626-35710f813ca1,
	keepAlive=true,
	redirectCount=0,
	timeoutsHolder=null,
	inAuth=0,
	touch=1648197634713}
16:40:36.829 [AsyncHttpClient-1-4] DEBUG o.a.netty.channel.ChannelManager - Closing Channel [id: 0xa59db7d5, L:/127.0.0.1:53270 ! R:localhost/127.0.0.1:53263] 
16:40:36.860 [AsyncHttpClient-1-3] DEBUG o.a.netty.handler.HttpHandler - Unexpected I/O exception on channel [id: 0xb6eb8145, L:/127.0.0.1:53269 - R:localhost/127.0.0.1:53263]
java.net.SocketException: Connection reset
	at java.base/sun.nio.ch.SocketChannelImpl.throwConnectionReset(SocketChannelImpl.java:367) ~[na:na]
	at java.base/sun.nio.ch.SocketChannelImpl.read(SocketChannelImpl.java:398) ~[na:na]
	at io.netty.buffer.PooledByteBuf.setBytes(PooledByteBuf.java:253) ~[netty-buffer-4.1.70.Final.jar:4.1.70.Final]
	at io.netty.buffer.AbstractByteBuf.writeBytes(AbstractByteBuf.java:1132) ~[netty-buffer-4.1.70.Final.jar:4.1.70.Final]
	at io.netty.channel.socket.nio.NioSocketChannel.doReadBytes(NioSocketChannel.java:350) ~[netty-transport-4.1.70.Final.jar:4.1.70.Final]
	at io.netty.channel.nio.AbstractNioByteChannel$NioByteUnsafe.read(AbstractNioByteChannel.java:151) ~[netty-transport-4.1.70.Final.jar:4.1.70.Final]
	at io.netty.channel.nio.NioEventLoop.processSelectedKey(NioEventLoop.java:719) ~[netty-transport-4.1.70.Final.jar:4.1.70.Final]
	at io.netty.channel.nio.NioEventLoop.processSelectedKeysOptimized(NioEventLoop.java:655) ~[netty-transport-4.1.70.Final.jar:4.1.70.Final]
	at io.netty.channel.nio.NioEventLoop.processSelectedKeys(NioEventLoop.java:581) ~[netty-transport-4.1.70.Final.jar:4.1.70.Final]
	at io.netty.channel.nio.NioEventLoop.run(NioEventLoop.java:493) ~[netty-transport-4.1.70.Final.jar:4.1.70.Final]
	at io.netty.util.concurrent.SingleThreadEventExecutor$4.run(SingleThreadEventExecutor.java:986) ~[netty-common-4.1.70.Final.jar:4.1.70.Final]
	at io.netty.util.internal.ThreadExecutorMap$2.run(ThreadExecutorMap.java:74) ~[netty-common-4.1.70.Final.jar:4.1.70.Final]
	at io.netty.util.concurrent.FastThreadLocalRunnable.run(FastThreadLocalRunnable.java:30) ~[netty-common-4.1.70.Final.jar:4.1.70.Final]
	at java.base/java.lang.Thread.run(Thread.java:832) ~[na:na]
16:40:36.861 [AsyncHttpClient-1-3] DEBUG o.a.netty.channel.ChannelManager - Closing Channel [id: 0xb6eb8145, L:/127.0.0.1:53269 - R:localhost/127.0.0.1:53263] 
16:40:36.862 [AsyncHttpClient-1-3] DEBUG o.a.netty.handler.HttpHandler - Channel Closed: [id: 0xb6eb8145, L:/127.0.0.1:53269 ! R:localhost/127.0.0.1:53263] with attribute DISCARD
16:40:36.873 [AsyncHttpClient-1-2] DEBUG o.a.netty.handler.HttpHandler - 

Request DefaultFullHttpRequest(decodeResult: success, version: HTTP/1.1, content: EmptyByteBufBE)
DELETE /session/fb93271d4cfd90ab860d6b61c9af0d51 HTTP/1.1
User-Agent: selenium/4.1.2 (java windows)
Content-Type: application/json; charset=utf-8
host: localhost:65221
accept: */*

Response DefaultHttpResponse(decodeResult: success, version: HTTP/1.1)
HTTP/1.1 200 OK
Content-Type: application/json; charset=utf-8
cache-control: no-cache
content-length: 14

16:40:36.874 [AsyncHttpClient-1-2] DEBUG o.a.netty.channel.ChannelManager - Adding key: http://localhost:65221 for channel [id: 0xf688517c, L:/127.0.0.1:53262 - R:localhost/127.0.0.1:65221]
16:40:36.919 [AsyncHttpClient-1-2] DEBUG o.a.netty.handler.HttpHandler - Channel Closed: [id: 0xf688517c, L:/127.0.0.1:53262 ! R:localhost/127.0.0.1:65221] with attribute DISCARD
16:40:37.304 [AsyncHttpClient-1-1] DEBUG o.a.netty.channel.DefaultChannelPool - Entry count for : http://localhost:65221 : 1
16:40:37.304 [AsyncHttpClient-1-1] DEBUG o.a.netty.channel.DefaultChannelPool - Entry count for : http://localhost:53263 : 1
16:40:37.304 [AsyncHttpClient-1-1] DEBUG o.a.netty.channel.DefaultChannelPool - Adding Candidate expired Channel [id: 0xf688517c, L:/127.0.0.1:53262 ! R:localhost/127.0.0.1:65221] isIdleTimeoutExpired=false isRemotelyClosed=true isTtlExpired=false
16:40:37.304 [AsyncHttpClient-1-1] DEBUG o.a.netty.channel.DefaultChannelPool - Closing Idle Channel [id: 0xf688517c, L:/127.0.0.1:53262 ! R:localhost/127.0.0.1:65221]
16:40:37.305 [AsyncHttpClient-1-1] DEBUG o.a.netty.channel.DefaultChannelPool - Adding Candidate expired Channel [id: 0xb6eb8145, L:/127.0.0.1:53269 ! R:localhost/127.0.0.1:53263] isIdleTimeoutExpired=false isRemotelyClosed=true isTtlExpired=false
16:40:37.305 [AsyncHttpClient-1-1] DEBUG o.a.netty.channel.DefaultChannelPool - Closing Idle Channel [id: 0xb6eb8145, L:/127.0.0.1:53269 ! R:localhost/127.0.0.1:53263]
16:40:37.305 [AsyncHttpClient-1-1] DEBUG o.a.netty.channel.DefaultChannelPool - Closed 2 connections out of 2 in 1 ms
16:40:37.452 [main] INFO   - 
  _____   ___   ___   _____     ___     _     ___   ___   ___   ___  
 |_   _| | __| / __| |_   _|   | _ \   /_\   / __| / __| | __| |   \ 
   | |   | _|  \__ \   | |     |  _/  / _ \  \__ \ \__ \ | _|  | |) |
   |_|   |___| |___/   |_|     |_|   /_/ \_\ |___/ |___/ |___| |___/ 

Verify one author of the post
----------------------------------------------------------------------
]]></system-out>
    <system-err><![CDATA[log4j:WARN No appenders could be found for logger (hooks.apphooks).
log4j:WARN Please initialize the log4j system properly.
log4j:WARN See http://logging.apache.org/log4j/1.2/faq.html#noconfig for more info.
Starting ChromeDriver 99.0.4844.51 (d537ec02474b5afe23684e7963d538896c63ac77-refs/branch-heads/4844@{#875}) on port 65221
Only local connections are allowed.
Please see https://chromedriver.chromium.org/security-considerations for suggestions on keeping ChromeDriver safe.
ChromeDriver was started successfully.
Mar 25, 2022 4:40:34 PM org.openqa.selenium.remote.ProtocolHandshake createSession
INFO: Detected dialect: W3C
Mar 25, 2022 4:40:34 PM org.openqa.selenium.devtools.CdpVersionFinder findNearestMatch
WARNING: Unable to find an exact match for CDP version 99, so returning the closest version found: 96
Mar 25, 2022 4:40:34 PM org.openqa.selenium.devtools.CdpVersionFinder findNearestMatch
INFO: Found CDP implementation for version 99 of 96
]]></system-err>
  </testcase>
  <testcase name="Login fail possible combinations" classname="Test Invalid User Credentials Feature" time="37.049">
    <system-out><![CDATA[16:40:37.457 [main] INFO  i.c.core.plugin.SerenityReporter - Running feature from file:///Z:/Automation/JavaCucumber/BDD_HCL/CucumberHCL/src/main/resources/AppFeatures/ValidateAndVerifyInvalidLogin.feature
16:40:37.458 [main] WARN  i.c.core.plugin.SerenityReporter - Feature from file:///Z:/Automation/JavaCucumber/BDD_HCL/CucumberHCL/src/main/resources/AppFeatures/ValidateAndVerifyInvalidLogin.feature is not under the 'features' directory. Requirements report will not be correctly generated!
16:40:37.460 [main] DEBUG n.thucydides.core.steps.StepEventBus - Test suite started for story net.thucydides.core.model.Story@b13a1f46
16:40:37.461 [main] INFO   - Test Suite Started: Test Invalid User Credentials Feature

@All @testInvalid
Scenario Outline: Login fail possible combinations                                                                                   &amp#27;[90m# src/main/resources/AppFeatures/ValidateAndVerifyInvalidLogin.feature:15&amp#27;[0m
16:40:37.478 [main] INFO  i.c.core.plugin.SerenityReporter - Running feature from file:///Z:/Automation/JavaCucumber/BDD_HCL/CucumberHCL/src/main/resources/AppFeatures/ValidateAndVerifyInvalidLogin.feature
16:40:37.478 [main] WARN  i.c.core.plugin.SerenityReporter - Feature from file:///Z:/Automation/JavaCucumber/BDD_HCL/CucumberHCL/src/main/resources/AppFeatures/ValidateAndVerifyInvalidLogin.feature is not under the 'features' directory. Requirements report will not be correctly generated!
16:40:37.490 [main] INFO   - 
  _____   ___   ___   _____     ___   _____     _     ___   _____   ___   ___  
 |_   _| | __| / __| |_   _|   / __| |_   _|   /_\   | _ \ |_   _| | __| |   \ 
   | |   | _|  \__ \   | |     \__ \   | |    / _ \  |   /   | |   | _|  | |) |
   |_|   |___| |___/   |_|     |___/   |_|   /_/ \_\ |_|_\   |_|   |___| |___/ 

Login fail possible combinations(test-invalid-user-credentials-feature;login-fail-possible-combinations)
--------------------------------------------------------------------------------
16:40:37.502 [main] DEBUG com.pages.drivers.DriversFactory - Initialize Driver Browser Configuration
16:40:37.502 [main] DEBUG com.pages.drivers.DriversFactory -  Driver Browser : chrome
16:40:37.515 [main] DEBUG i.g.bonigarcia.wdm.WebDriverManager - Driver chromedriver 99.0.4844.51 found in cache
16:40:37.516 [main] INFO  i.g.bonigarcia.wdm.WebDriverManager - Exporting webdriver.chrome.driver as C:\Users\DheyClaveria\.cache\selenium\chromedriver\win32\99.0.4844.51\chromedriver.exe
16:40:38.059 [AsyncHttpClient-1-5] DEBUG o.a.n.channel.NettyConnectListener - Using new Channel '[id: 0x392d8bfc, L:/127.0.0.1:53278 - R:localhost/127.0.0.1:58660]' for 'POST' to '/session'
16:40:38.748 [AsyncHttpClient-1-5] DEBUG o.a.netty.handler.HttpHandler - 

Request DefaultHttpRequest(decodeResult: success, version: HTTP/1.1)
POST /session HTTP/1.1
User-Agent: selenium/4.1.2 (java windows)
Content-Length: 365
Content-Type: application/json; charset=utf-8
host: localhost:58660
accept: */*

Response DefaultHttpResponse(decodeResult: success, version: HTTP/1.1)
HTTP/1.1 200 OK
Content-Type: application/json; charset=utf-8
cache-control: no-cache
content-length: 794

16:40:38.748 [AsyncHttpClient-1-5] DEBUG o.a.netty.channel.ChannelManager - Adding key: http://localhost:58660 for channel [id: 0x392d8bfc, L:/127.0.0.1:53278 - R:localhost/127.0.0.1:58660]
16:40:38.756 [AsyncHttpClient-1-6] DEBUG o.a.n.channel.NettyConnectListener - Using new Channel '[id: 0x6624d7d2, L:/127.0.0.1:53285 - R:localhost/127.0.0.1:53279]' for 'GET' to '/json/version'
16:40:38.760 [AsyncHttpClient-1-6] DEBUG o.a.netty.handler.HttpHandler - 

Request DefaultFullHttpRequest(decodeResult: success, version: HTTP/1.1, content: EmptyByteBufBE)
GET /json/version HTTP/1.1
User-Agent: selenium/4.1.2 (java windows)
host: localhost:53279
accept: */*

Response DefaultHttpResponse(decodeResult: success, version: HTTP/1.1)
HTTP/1.1 200 OK
Content-Type: application/json; charset=UTF-8
content-length: 423

16:40:38.761 [AsyncHttpClient-1-6] DEBUG o.a.netty.channel.ChannelManager - Adding key: http://localhost:53279 for channel [id: 0x6624d7d2, L:/127.0.0.1:53285 - R:localhost/127.0.0.1:53279]
16:40:38.764 [AsyncHttpClient-1-7] DEBUG o.a.n.channel.NettyConnectListener - Using new Channel '[id: 0xfa2bf4c4, L:/127.0.0.1:53286 - R:localhost/127.0.0.1:53279]' for 'GET' to '/devtools/browser/4edf3ac0-e098-4ecd-82e8-71e86d832625'
16:40:38.768 [AsyncHttpClient-1-7] DEBUG o.a.netty.handler.WebSocketHandler - 

Request DefaultFullHttpRequest(decodeResult: success, version: HTTP/1.1, content: EmptyByteBufBE)
GET /devtools/browser/4edf3ac0-e098-4ecd-82e8-71e86d832625 HTTP/1.1
upgrade: websocket
connection: upgrade
sec-websocket-key: hvEeKV2WzYkV4J/vq1lLZg==
sec-websocket-version: 13
origin: http://localhost:53279
host: localhost:53279
accept: */*
user-agent: AHC/2.1

Response DefaultHttpResponse(decodeResult: success, version: HTTP/1.1)
HTTP/1.1 101 WebSocket Protocol Handshake
Upgrade: WebSocket
Connection: Upgrade
Sec-WebSocket-Accept: oyNIUxZtgtu32r2MYoXmB+f+vgA=

16:40:38.773 [Forwarding deleteAllCookies on session c6001ee48c420b967e4eeec3a75289c8 to remote] DEBUG o.a.netty.request.NettyRequestSender - Using pooled Channel '[id: 0x392d8bfc, L:/127.0.0.1:53278 - R:localhost/127.0.0.1:58660]' for 'DELETE' to 'http://localhost:58660/session/c6001ee48c420b967e4eeec3a75289c8/cookie'
16:40:38.773 [Forwarding deleteAllCookies on session c6001ee48c420b967e4eeec3a75289c8 to remote] DEBUG o.a.netty.request.NettyRequestSender - Using open Channel [id: 0x392d8bfc, L:/127.0.0.1:53278 - R:localhost/127.0.0.1:58660] for DELETE '/session/c6001ee48c420b967e4eeec3a75289c8/cookie'
16:40:38.778 [AsyncHttpClient-1-5] DEBUG o.a.netty.handler.HttpHandler - 

Request DefaultFullHttpRequest(decodeResult: success, version: HTTP/1.1, content: EmptyByteBufBE)
DELETE /session/c6001ee48c420b967e4eeec3a75289c8/cookie HTTP/1.1
User-Agent: selenium/4.1.2 (java windows)
Content-Type: application/json; charset=utf-8
host: localhost:58660
accept: */*

Response DefaultHttpResponse(decodeResult: success, version: HTTP/1.1)
HTTP/1.1 200 OK
Content-Type: application/json; charset=utf-8
cache-control: no-cache
content-length: 14

16:40:38.779 [AsyncHttpClient-1-5] DEBUG o.a.netty.channel.ChannelManager - Adding key: http://localhost:58660 for channel [id: 0x392d8bfc, L:/127.0.0.1:53278 - R:localhost/127.0.0.1:58660]
16:40:38.780 [Forwarding maximizeCurrentWindow on session c6001ee48c420b967e4eeec3a75289c8 to remote] DEBUG o.a.netty.request.NettyRequestSender - Using pooled Channel '[id: 0x392d8bfc, L:/127.0.0.1:53278 - R:localhost/127.0.0.1:58660]' for 'POST' to 'http://localhost:58660/session/c6001ee48c420b967e4eeec3a75289c8/window/maximize'
16:40:38.780 [Forwarding maximizeCurrentWindow on session c6001ee48c420b967e4eeec3a75289c8 to remote] DEBUG o.a.netty.request.NettyRequestSender - Using open Channel [id: 0x392d8bfc, L:/127.0.0.1:53278 - R:localhost/127.0.0.1:58660] for POST '/session/c6001ee48c420b967e4eeec3a75289c8/window/maximize'
16:40:38.912 [AsyncHttpClient-1-5] DEBUG o.a.netty.handler.HttpHandler - 

Request DefaultHttpRequest(decodeResult: success, version: HTTP/1.1)
POST /session/c6001ee48c420b967e4eeec3a75289c8/window/maximize HTTP/1.1
User-Agent: selenium/4.1.2 (java windows)
Content-Length: 3
Content-Type: application/json; charset=utf-8
host: localhost:58660
accept: */*

Response DefaultHttpResponse(decodeResult: success, version: HTTP/1.1)
HTTP/1.1 200 OK
Content-Type: application/json; charset=utf-8
cache-control: no-cache
content-length: 52

16:40:38.912 [AsyncHttpClient-1-5] DEBUG o.a.netty.channel.ChannelManager - Adding key: http://localhost:58660 for channel [id: 0x392d8bfc, L:/127.0.0.1:53278 - R:localhost/127.0.0.1:58660]
16:40:38.922 [Forwarding get on session c6001ee48c420b967e4eeec3a75289c8 to remote] DEBUG o.a.netty.request.NettyRequestSender - Using pooled Channel '[id: 0x392d8bfc, L:/127.0.0.1:53278 - R:localhost/127.0.0.1:58660]' for 'POST' to 'http://localhost:58660/session/c6001ee48c420b967e4eeec3a75289c8/url'
16:40:38.922 [Forwarding get on session c6001ee48c420b967e4eeec3a75289c8 to remote] DEBUG o.a.netty.request.NettyRequestSender - Using open Channel [id: 0x392d8bfc, L:/127.0.0.1:53278 - R:localhost/127.0.0.1:58660] for POST '/session/c6001ee48c420b967e4eeec3a75289c8/url'
16:40:39.096 [AsyncHttpClient-1-5] DEBUG o.a.netty.handler.HttpHandler - 

Request DefaultHttpRequest(decodeResult: success, version: HTTP/1.1)
POST /session/c6001ee48c420b967e4eeec3a75289c8/url HTTP/1.1
User-Agent: selenium/4.1.2 (java windows)
Content-Length: 148
Content-Type: application/json; charset=utf-8
host: localhost:58660
accept: */*

Response DefaultHttpResponse(decodeResult: success, version: HTTP/1.1)
HTTP/1.1 200 OK
Content-Type: application/json; charset=utf-8
cache-control: no-cache
content-length: 14

16:40:39.096 [AsyncHttpClient-1-5] DEBUG o.a.netty.channel.ChannelManager - Adding key: http://localhost:58660 for channel [id: 0x392d8bfc, L:/127.0.0.1:53278 - R:localhost/127.0.0.1:58660]
16:40:39.098 [Forwarding getTitle on session c6001ee48c420b967e4eeec3a75289c8 to remote] DEBUG o.a.netty.request.NettyRequestSender - Using pooled Channel '[id: 0x392d8bfc, L:/127.0.0.1:53278 - R:localhost/127.0.0.1:58660]' for 'GET' to 'http://localhost:58660/session/c6001ee48c420b967e4eeec3a75289c8/title'
16:40:39.098 [Forwarding getTitle on session c6001ee48c420b967e4eeec3a75289c8 to remote] DEBUG o.a.netty.request.NettyRequestSender - Using open Channel [id: 0x392d8bfc, L:/127.0.0.1:53278 - R:localhost/127.0.0.1:58660] for GET '/session/c6001ee48c420b967e4eeec3a75289c8/title'
16:40:39.103 [AsyncHttpClient-1-5] DEBUG o.a.netty.handler.HttpHandler - 

Request DefaultFullHttpRequest(decodeResult: success, version: HTTP/1.1, content: EmptyByteBufBE)
GET /session/c6001ee48c420b967e4eeec3a75289c8/title HTTP/1.1
User-Agent: selenium/4.1.2 (java windows)
Cache-Control: no-cache
Content-Type: application/json; charset=utf-8
host: localhost:58660
accept: */*

Response DefaultHttpResponse(decodeResult: success, version: HTTP/1.1)
HTTP/1.1 200 OK
Content-Type: application/json; charset=utf-8
cache-control: no-cache
content-length: 22

16:40:39.103 [AsyncHttpClient-1-5] DEBUG o.a.netty.channel.ChannelManager - Adding key: http://localhost:58660 for channel [id: 0x392d8bfc, L:/127.0.0.1:53278 - R:localhost/127.0.0.1:58660]
16:40:39.108 [Forwarding getTitle on session c6001ee48c420b967e4eeec3a75289c8 to remote] DEBUG o.a.netty.request.NettyRequestSender - Using pooled Channel '[id: 0x392d8bfc, L:/127.0.0.1:53278 - R:localhost/127.0.0.1:58660]' for 'GET' to 'http://localhost:58660/session/c6001ee48c420b967e4eeec3a75289c8/title'
16:40:39.108 [Forwarding getTitle on session c6001ee48c420b967e4eeec3a75289c8 to remote] DEBUG o.a.netty.request.NettyRequestSender - Using open Channel [id: 0x392d8bfc, L:/127.0.0.1:53278 - R:localhost/127.0.0.1:58660] for GET '/session/c6001ee48c420b967e4eeec3a75289c8/title'
16:40:39.111 [AsyncHttpClient-1-5] DEBUG o.a.netty.handler.HttpHandler - 

Request DefaultFullHttpRequest(decodeResult: success, version: HTTP/1.1, content: EmptyByteBufBE)
GET /session/c6001ee48c420b967e4eeec3a75289c8/title HTTP/1.1
User-Agent: selenium/4.1.2 (java windows)
Cache-Control: no-cache
Content-Type: application/json; charset=utf-8
host: localhost:58660
accept: */*

Response DefaultHttpResponse(decodeResult: success, version: HTTP/1.1)
HTTP/1.1 200 OK
Content-Type: application/json; charset=utf-8
cache-control: no-cache
content-length: 22

16:40:39.111 [AsyncHttpClient-1-5] DEBUG o.a.netty.channel.ChannelManager - Adding key: http://localhost:58660 for channel [id: 0x392d8bfc, L:/127.0.0.1:53278 - R:localhost/127.0.0.1:58660]
16:40:39.514 [AsyncHttpClient-1-1] DEBUG o.a.netty.channel.DefaultChannelPool - Entry count for : http://localhost:58660 : 1
16:40:39.514 [AsyncHttpClient-1-1] DEBUG o.a.netty.channel.DefaultChannelPool - Entry count for : http://localhost:53279 : 1
16:40:40.615 [AsyncHttpClient-1-1] DEBUG o.a.netty.channel.DefaultChannelPool - Entry count for : http://localhost:58660 : 1
16:40:40.615 [AsyncHttpClient-1-1] DEBUG o.a.netty.channel.DefaultChannelPool - Entry count for : http://localhost:53279 : 1
16:40:41.714 [AsyncHttpClient-1-1] DEBUG o.a.netty.channel.DefaultChannelPool - Entry count for : http://localhost:58660 : 1
16:40:41.714 [AsyncHttpClient-1-1] DEBUG o.a.netty.channel.DefaultChannelPool - Entry count for : http://localhost:53279 : 1
16:40:42.813 [AsyncHttpClient-1-1] DEBUG o.a.netty.channel.DefaultChannelPool - Entry count for : http://localhost:58660 : 1
16:40:42.813 [AsyncHttpClient-1-1] DEBUG o.a.netty.channel.DefaultChannelPool - Entry count for : http://localhost:53279 : 1
16:40:43.904 [AsyncHttpClient-1-1] DEBUG o.a.netty.channel.DefaultChannelPool - Entry count for : http://localhost:58660 : 1
16:40:43.904 [AsyncHttpClient-1-1] DEBUG o.a.netty.channel.DefaultChannelPool - Entry count for : http://localhost:53279 : 1
  &amp#27;[32mGiven &amp#27;[0m&amp#27;[32mthat the user should navigate in PEGA Login Page&amp#27;[0m                                                                             &amp#27;[90m# stepdefinitions.LoginPageSteps.that_the_user_should_navigate_in_pega_login_page()&amp#27;[0m
16:40:44.129 [Forwarding findElement on session c6001ee48c420b967e4eeec3a75289c8 to remote] DEBUG o.a.netty.request.NettyRequestSender - Using pooled Channel '[id: 0x392d8bfc, L:/127.0.0.1:53278 - R:localhost/127.0.0.1:58660]' for 'POST' to 'http://localhost:58660/session/c6001ee48c420b967e4eeec3a75289c8/element'
16:40:44.129 [Forwarding findElement on session c6001ee48c420b967e4eeec3a75289c8 to remote] DEBUG o.a.netty.request.NettyRequestSender - Using open Channel [id: 0x392d8bfc, L:/127.0.0.1:53278 - R:localhost/127.0.0.1:58660] for POST '/session/c6001ee48c420b967e4eeec3a75289c8/element'
16:40:44.144 [AsyncHttpClient-1-5] DEBUG o.a.netty.handler.HttpHandler - 

Request DefaultHttpRequest(decodeResult: success, version: HTTP/1.1)
POST /session/c6001ee48c420b967e4eeec3a75289c8/element HTTP/1.1
User-Agent: selenium/4.1.2 (java windows)
Content-Length: 128
Content-Type: application/json; charset=utf-8
host: localhost:58660
accept: */*

Response DefaultHttpResponse(decodeResult: success, version: HTTP/1.1)
HTTP/1.1 200 OK
Content-Type: application/json; charset=utf-8
cache-control: no-cache
content-length: 88

16:40:44.145 [AsyncHttpClient-1-5] DEBUG o.a.netty.channel.ChannelManager - Adding key: http://localhost:58660 for channel [id: 0x392d8bfc, L:/127.0.0.1:53278 - R:localhost/127.0.0.1:58660]
16:40:44.157 [Forwarding isElementDisplayed on session c6001ee48c420b967e4eeec3a75289c8 to remote] DEBUG o.a.netty.request.NettyRequestSender - Using pooled Channel '[id: 0x392d8bfc, L:/127.0.0.1:53278 - R:localhost/127.0.0.1:58660]' for 'POST' to 'http://localhost:58660/session/c6001ee48c420b967e4eeec3a75289c8/execute/sync'
16:40:44.158 [Forwarding isElementDisplayed on session c6001ee48c420b967e4eeec3a75289c8 to remote] DEBUG o.a.netty.request.NettyRequestSender - Using open Channel [id: 0x392d8bfc, L:/127.0.0.1:53278 - R:localhost/127.0.0.1:58660] for POST '/session/c6001ee48c420b967e4eeec3a75289c8/execute/sync'
16:40:44.181 [AsyncHttpClient-1-5] DEBUG o.a.netty.handler.HttpHandler - 

Request DefaultHttpRequest(decodeResult: success, version: HTTP/1.1)
POST /session/c6001ee48c420b967e4eeec3a75289c8/execute/sync HTTP/1.1
User-Agent: selenium/4.1.2 (java windows)
Content-Length: 48780
Content-Type: application/json; charset=utf-8
host: localhost:58660
accept: */*

Response DefaultHttpResponse(decodeResult: success, version: HTTP/1.1)
HTTP/1.1 200 OK
Content-Type: application/json; charset=utf-8
cache-control: no-cache
content-length: 14

16:40:44.181 [AsyncHttpClient-1-5] DEBUG o.a.netty.channel.ChannelManager - Adding key: http://localhost:58660 for channel [id: 0x392d8bfc, L:/127.0.0.1:53278 - R:localhost/127.0.0.1:58660]
16:40:44.183 [Forwarding findElement on session c6001ee48c420b967e4eeec3a75289c8 to remote] DEBUG o.a.netty.request.NettyRequestSender - Using pooled Channel '[id: 0x392d8bfc, L:/127.0.0.1:53278 - R:localhost/127.0.0.1:58660]' for 'POST' to 'http://localhost:58660/session/c6001ee48c420b967e4eeec3a75289c8/element'
16:40:44.183 [Forwarding findElement on session c6001ee48c420b967e4eeec3a75289c8 to remote] DEBUG o.a.netty.request.NettyRequestSender - Using open Channel [id: 0x392d8bfc, L:/127.0.0.1:53278 - R:localhost/127.0.0.1:58660] for POST '/session/c6001ee48c420b967e4eeec3a75289c8/element'
16:40:44.190 [AsyncHttpClient-1-5] DEBUG o.a.netty.handler.HttpHandler - 

Request DefaultHttpRequest(decodeResult: success, version: HTTP/1.1)
POST /session/c6001ee48c420b967e4eeec3a75289c8/element HTTP/1.1
User-Agent: selenium/4.1.2 (java windows)
Content-Length: 128
Content-Type: application/json; charset=utf-8
host: localhost:58660
accept: */*

Response DefaultHttpResponse(decodeResult: success, version: HTTP/1.1)
HTTP/1.1 200 OK
Content-Type: application/json; charset=utf-8
cache-control: no-cache
content-length: 88

16:40:44.190 [AsyncHttpClient-1-5] DEBUG o.a.netty.channel.ChannelManager - Adding key: http://localhost:58660 for channel [id: 0x392d8bfc, L:/127.0.0.1:53278 - R:localhost/127.0.0.1:58660]
16:40:44.196 [Forwarding isElementDisplayed on session c6001ee48c420b967e4eeec3a75289c8 to remote] DEBUG o.a.netty.request.NettyRequestSender - Using pooled Channel '[id: 0x392d8bfc, L:/127.0.0.1:53278 - R:localhost/127.0.0.1:58660]' for 'POST' to 'http://localhost:58660/session/c6001ee48c420b967e4eeec3a75289c8/execute/sync'
16:40:44.196 [Forwarding isElementDisplayed on session c6001ee48c420b967e4eeec3a75289c8 to remote] DEBUG o.a.netty.request.NettyRequestSender - Using open Channel [id: 0x392d8bfc, L:/127.0.0.1:53278 - R:localhost/127.0.0.1:58660] for POST '/session/c6001ee48c420b967e4eeec3a75289c8/execute/sync'
16:40:44.210 [AsyncHttpClient-1-5] DEBUG o.a.netty.handler.HttpHandler - 

Request DefaultHttpRequest(decodeResult: success, version: HTTP/1.1)
POST /session/c6001ee48c420b967e4eeec3a75289c8/execute/sync HTTP/1.1
User-Agent: selenium/4.1.2 (java windows)
Content-Length: 48780
Content-Type: application/json; charset=utf-8
host: localhost:58660
accept: */*

Response DefaultHttpResponse(decodeResult: success, version: HTTP/1.1)
HTTP/1.1 200 OK
Content-Type: application/json; charset=utf-8
cache-control: no-cache
content-length: 14

16:40:44.210 [AsyncHttpClient-1-5] DEBUG o.a.netty.channel.ChannelManager - Adding key: http://localhost:58660 for channel [id: 0x392d8bfc, L:/127.0.0.1:53278 - R:localhost/127.0.0.1:58660]
16:40:44.212 [Forwarding findElement on session c6001ee48c420b967e4eeec3a75289c8 to remote] DEBUG o.a.netty.request.NettyRequestSender - Using pooled Channel '[id: 0x392d8bfc, L:/127.0.0.1:53278 - R:localhost/127.0.0.1:58660]' for 'POST' to 'http://localhost:58660/session/c6001ee48c420b967e4eeec3a75289c8/element'
16:40:44.212 [Forwarding findElement on session c6001ee48c420b967e4eeec3a75289c8 to remote] DEBUG o.a.netty.request.NettyRequestSender - Using open Channel [id: 0x392d8bfc, L:/127.0.0.1:53278 - R:localhost/127.0.0.1:58660] for POST '/session/c6001ee48c420b967e4eeec3a75289c8/element'
16:40:44.219 [AsyncHttpClient-1-5] DEBUG o.a.netty.handler.HttpHandler - 

Request DefaultHttpRequest(decodeResult: success, version: HTTP/1.1)
POST /session/c6001ee48c420b967e4eeec3a75289c8/element HTTP/1.1
User-Agent: selenium/4.1.2 (java windows)
Content-Length: 128
Content-Type: application/json; charset=utf-8
host: localhost:58660
accept: */*

Response DefaultHttpResponse(decodeResult: success, version: HTTP/1.1)
HTTP/1.1 200 OK
Content-Type: application/json; charset=utf-8
cache-control: no-cache
content-length: 88

16:40:44.219 [AsyncHttpClient-1-5] DEBUG o.a.netty.channel.ChannelManager - Adding key: http://localhost:58660 for channel [id: 0x392d8bfc, L:/127.0.0.1:53278 - R:localhost/127.0.0.1:58660]
16:40:44.222 [Forwarding isElementEnabled on session c6001ee48c420b967e4eeec3a75289c8 to remote] DEBUG o.a.netty.request.NettyRequestSender - Using pooled Channel '[id: 0x392d8bfc, L:/127.0.0.1:53278 - R:localhost/127.0.0.1:58660]' for 'GET' to 'http://localhost:58660/session/c6001ee48c420b967e4eeec3a75289c8/element/1e580a5a-5b34-492e-be52-a2cfc9d26da8/enabled'
16:40:44.222 [Forwarding isElementEnabled on session c6001ee48c420b967e4eeec3a75289c8 to remote] DEBUG o.a.netty.request.NettyRequestSender - Using open Channel [id: 0x392d8bfc, L:/127.0.0.1:53278 - R:localhost/127.0.0.1:58660] for GET '/session/c6001ee48c420b967e4eeec3a75289c8/element/1e580a5a-5b34-492e-be52-a2cfc9d26da8/enabled'
16:40:44.230 [AsyncHttpClient-1-5] DEBUG o.a.netty.handler.HttpHandler - 

Request DefaultFullHttpRequest(decodeResult: success, version: HTTP/1.1, content: EmptyByteBufBE)
GET /session/c6001ee48c420b967e4eeec3a75289c8/element/1e580a5a-5b34-492e-be52-a2cfc9d26da8/enabled HTTP/1.1
User-Agent: selenium/4.1.2 (java windows)
Cache-Control: no-cache
Content-Type: application/json; charset=utf-8
host: localhost:58660
accept: */*

Response DefaultHttpResponse(decodeResult: success, version: HTTP/1.1)
HTTP/1.1 200 OK
Content-Type: application/json; charset=utf-8
cache-control: no-cache
content-length: 14

16:40:44.230 [AsyncHttpClient-1-5] DEBUG o.a.netty.channel.ChannelManager - Adding key: http://localhost:58660 for channel [id: 0x392d8bfc, L:/127.0.0.1:53278 - R:localhost/127.0.0.1:58660]
16:40:44.232 [Forwarding findElement on session c6001ee48c420b967e4eeec3a75289c8 to remote] DEBUG o.a.netty.request.NettyRequestSender - Using pooled Channel '[id: 0x392d8bfc, L:/127.0.0.1:53278 - R:localhost/127.0.0.1:58660]' for 'POST' to 'http://localhost:58660/session/c6001ee48c420b967e4eeec3a75289c8/element'
16:40:44.232 [Forwarding findElement on session c6001ee48c420b967e4eeec3a75289c8 to remote] DEBUG o.a.netty.request.NettyRequestSender - Using open Channel [id: 0x392d8bfc, L:/127.0.0.1:53278 - R:localhost/127.0.0.1:58660] for POST '/session/c6001ee48c420b967e4eeec3a75289c8/element'
16:40:44.243 [AsyncHttpClient-1-5] DEBUG o.a.netty.handler.HttpHandler - 

Request DefaultHttpRequest(decodeResult: success, version: HTTP/1.1)
POST /session/c6001ee48c420b967e4eeec3a75289c8/element HTTP/1.1
User-Agent: selenium/4.1.2 (java windows)
Content-Length: 132
Content-Type: application/json; charset=utf-8
host: localhost:58660
accept: */*

Response DefaultHttpResponse(decodeResult: success, version: HTTP/1.1)
HTTP/1.1 200 OK
Content-Type: application/json; charset=utf-8
cache-control: no-cache
content-length: 88

16:40:44.244 [AsyncHttpClient-1-5] DEBUG o.a.netty.channel.ChannelManager - Adding key: http://localhost:58660 for channel [id: 0x392d8bfc, L:/127.0.0.1:53278 - R:localhost/127.0.0.1:58660]
16:40:44.249 [Forwarding isElementDisplayed on session c6001ee48c420b967e4eeec3a75289c8 to remote] DEBUG o.a.netty.request.NettyRequestSender - Using pooled Channel '[id: 0x392d8bfc, L:/127.0.0.1:53278 - R:localhost/127.0.0.1:58660]' for 'POST' to 'http://localhost:58660/session/c6001ee48c420b967e4eeec3a75289c8/execute/sync'
16:40:44.250 [Forwarding isElementDisplayed on session c6001ee48c420b967e4eeec3a75289c8 to remote] DEBUG o.a.netty.request.NettyRequestSender - Using open Channel [id: 0x392d8bfc, L:/127.0.0.1:53278 - R:localhost/127.0.0.1:58660] for POST '/session/c6001ee48c420b967e4eeec3a75289c8/execute/sync'
16:40:44.261 [AsyncHttpClient-1-5] DEBUG o.a.netty.handler.HttpHandler - 

Request DefaultHttpRequest(decodeResult: success, version: HTTP/1.1)
POST /session/c6001ee48c420b967e4eeec3a75289c8/execute/sync HTTP/1.1
User-Agent: selenium/4.1.2 (java windows)
Content-Length: 48780
Content-Type: application/json; charset=utf-8
host: localhost:58660
accept: */*

Response DefaultHttpResponse(decodeResult: success, version: HTTP/1.1)
HTTP/1.1 200 OK
Content-Type: application/json; charset=utf-8
cache-control: no-cache
content-length: 14

16:40:44.261 [AsyncHttpClient-1-5] DEBUG o.a.netty.channel.ChannelManager - Adding key: http://localhost:58660 for channel [id: 0x392d8bfc, L:/127.0.0.1:53278 - R:localhost/127.0.0.1:58660]
16:40:44.263 [Forwarding findElement on session c6001ee48c420b967e4eeec3a75289c8 to remote] DEBUG o.a.netty.request.NettyRequestSender - Using pooled Channel '[id: 0x392d8bfc, L:/127.0.0.1:53278 - R:localhost/127.0.0.1:58660]' for 'POST' to 'http://localhost:58660/session/c6001ee48c420b967e4eeec3a75289c8/element'
16:40:44.263 [Forwarding findElement on session c6001ee48c420b967e4eeec3a75289c8 to remote] DEBUG o.a.netty.request.NettyRequestSender - Using open Channel [id: 0x392d8bfc, L:/127.0.0.1:53278 - R:localhost/127.0.0.1:58660] for POST '/session/c6001ee48c420b967e4eeec3a75289c8/element'
16:40:44.269 [AsyncHttpClient-1-5] DEBUG o.a.netty.handler.HttpHandler - 

Request DefaultHttpRequest(decodeResult: success, version: HTTP/1.1)
POST /session/c6001ee48c420b967e4eeec3a75289c8/element HTTP/1.1
User-Agent: selenium/4.1.2 (java windows)
Content-Length: 132
Content-Type: application/json; charset=utf-8
host: localhost:58660
accept: */*

Response DefaultHttpResponse(decodeResult: success, version: HTTP/1.1)
HTTP/1.1 200 OK
Content-Type: application/json; charset=utf-8
cache-control: no-cache
content-length: 88

16:40:44.270 [AsyncHttpClient-1-5] DEBUG o.a.netty.channel.ChannelManager - Adding key: http://localhost:58660 for channel [id: 0x392d8bfc, L:/127.0.0.1:53278 - R:localhost/127.0.0.1:58660]
16:40:44.275 [Forwarding isElementDisplayed on session c6001ee48c420b967e4eeec3a75289c8 to remote] DEBUG o.a.netty.request.NettyRequestSender - Using pooled Channel '[id: 0x392d8bfc, L:/127.0.0.1:53278 - R:localhost/127.0.0.1:58660]' for 'POST' to 'http://localhost:58660/session/c6001ee48c420b967e4eeec3a75289c8/execute/sync'
16:40:44.275 [Forwarding isElementDisplayed on session c6001ee48c420b967e4eeec3a75289c8 to remote] DEBUG o.a.netty.request.NettyRequestSender - Using open Channel [id: 0x392d8bfc, L:/127.0.0.1:53278 - R:localhost/127.0.0.1:58660] for POST '/session/c6001ee48c420b967e4eeec3a75289c8/execute/sync'
16:40:44.285 [AsyncHttpClient-1-5] DEBUG o.a.netty.handler.HttpHandler - 

Request DefaultHttpRequest(decodeResult: success, version: HTTP/1.1)
POST /session/c6001ee48c420b967e4eeec3a75289c8/execute/sync HTTP/1.1
User-Agent: selenium/4.1.2 (java windows)
Content-Length: 48780
Content-Type: application/json; charset=utf-8
host: localhost:58660
accept: */*

Response DefaultHttpResponse(decodeResult: success, version: HTTP/1.1)
HTTP/1.1 200 OK
Content-Type: application/json; charset=utf-8
cache-control: no-cache
content-length: 14

16:40:44.286 [AsyncHttpClient-1-5] DEBUG o.a.netty.channel.ChannelManager - Adding key: http://localhost:58660 for channel [id: 0x392d8bfc, L:/127.0.0.1:53278 - R:localhost/127.0.0.1:58660]
16:40:44.288 [Forwarding findElement on session c6001ee48c420b967e4eeec3a75289c8 to remote] DEBUG o.a.netty.request.NettyRequestSender - Using pooled Channel '[id: 0x392d8bfc, L:/127.0.0.1:53278 - R:localhost/127.0.0.1:58660]' for 'POST' to 'http://localhost:58660/session/c6001ee48c420b967e4eeec3a75289c8/element'
16:40:44.288 [Forwarding findElement on session c6001ee48c420b967e4eeec3a75289c8 to remote] DEBUG o.a.netty.request.NettyRequestSender - Using open Channel [id: 0x392d8bfc, L:/127.0.0.1:53278 - R:localhost/127.0.0.1:58660] for POST '/session/c6001ee48c420b967e4eeec3a75289c8/element'
16:40:44.294 [AsyncHttpClient-1-5] DEBUG o.a.netty.handler.HttpHandler - 

Request DefaultHttpRequest(decodeResult: success, version: HTTP/1.1)
POST /session/c6001ee48c420b967e4eeec3a75289c8/element HTTP/1.1
User-Agent: selenium/4.1.2 (java windows)
Content-Length: 132
Content-Type: application/json; charset=utf-8
host: localhost:58660
accept: */*

Response DefaultHttpResponse(decodeResult: success, version: HTTP/1.1)
HTTP/1.1 200 OK
Content-Type: application/json; charset=utf-8
cache-control: no-cache
content-length: 88

16:40:44.295 [AsyncHttpClient-1-5] DEBUG o.a.netty.channel.ChannelManager - Adding key: http://localhost:58660 for channel [id: 0x392d8bfc, L:/127.0.0.1:53278 - R:localhost/127.0.0.1:58660]
16:40:44.296 [Forwarding isElementEnabled on session c6001ee48c420b967e4eeec3a75289c8 to remote] DEBUG o.a.netty.request.NettyRequestSender - Using pooled Channel '[id: 0x392d8bfc, L:/127.0.0.1:53278 - R:localhost/127.0.0.1:58660]' for 'GET' to 'http://localhost:58660/session/c6001ee48c420b967e4eeec3a75289c8/element/bb5841c7-0718-4b26-bb1d-a238a678c5b3/enabled'
16:40:44.297 [Forwarding isElementEnabled on session c6001ee48c420b967e4eeec3a75289c8 to remote] DEBUG o.a.netty.request.NettyRequestSender - Using open Channel [id: 0x392d8bfc, L:/127.0.0.1:53278 - R:localhost/127.0.0.1:58660] for GET '/session/c6001ee48c420b967e4eeec3a75289c8/element/bb5841c7-0718-4b26-bb1d-a238a678c5b3/enabled'
16:40:44.304 [AsyncHttpClient-1-5] DEBUG o.a.netty.handler.HttpHandler - 

Request DefaultFullHttpRequest(decodeResult: success, version: HTTP/1.1, content: EmptyByteBufBE)
GET /session/c6001ee48c420b967e4eeec3a75289c8/element/bb5841c7-0718-4b26-bb1d-a238a678c5b3/enabled HTTP/1.1
User-Agent: selenium/4.1.2 (java windows)
Cache-Control: no-cache
Content-Type: application/json; charset=utf-8
host: localhost:58660
accept: */*

Response DefaultHttpResponse(decodeResult: success, version: HTTP/1.1)
HTTP/1.1 200 OK
Content-Type: application/json; charset=utf-8
cache-control: no-cache
content-length: 14

16:40:44.304 [AsyncHttpClient-1-5] DEBUG o.a.netty.channel.ChannelManager - Adding key: http://localhost:58660 for channel [id: 0x392d8bfc, L:/127.0.0.1:53278 - R:localhost/127.0.0.1:58660]
16:40:44.306 [Forwarding findElement on session c6001ee48c420b967e4eeec3a75289c8 to remote] DEBUG o.a.netty.request.NettyRequestSender - Using pooled Channel '[id: 0x392d8bfc, L:/127.0.0.1:53278 - R:localhost/127.0.0.1:58660]' for 'POST' to 'http://localhost:58660/session/c6001ee48c420b967e4eeec3a75289c8/element'
16:40:44.306 [Forwarding findElement on session c6001ee48c420b967e4eeec3a75289c8 to remote] DEBUG o.a.netty.request.NettyRequestSender - Using open Channel [id: 0x392d8bfc, L:/127.0.0.1:53278 - R:localhost/127.0.0.1:58660] for POST '/session/c6001ee48c420b967e4eeec3a75289c8/element'
16:40:44.318 [AsyncHttpClient-1-5] DEBUG o.a.netty.handler.HttpHandler - 

Request DefaultHttpRequest(decodeResult: success, version: HTTP/1.1)
POST /session/c6001ee48c420b967e4eeec3a75289c8/element HTTP/1.1
User-Agent: selenium/4.1.2 (java windows)
Content-Length: 125
Content-Type: application/json; charset=utf-8
host: localhost:58660
accept: */*

Response DefaultHttpResponse(decodeResult: success, version: HTTP/1.1)
HTTP/1.1 200 OK
Content-Type: application/json; charset=utf-8
cache-control: no-cache
content-length: 88

16:40:44.318 [AsyncHttpClient-1-5] DEBUG o.a.netty.channel.ChannelManager - Adding key: http://localhost:58660 for channel [id: 0x392d8bfc, L:/127.0.0.1:53278 - R:localhost/127.0.0.1:58660]
16:40:44.324 [Forwarding isElementDisplayed on session c6001ee48c420b967e4eeec3a75289c8 to remote] DEBUG o.a.netty.request.NettyRequestSender - Using pooled Channel '[id: 0x392d8bfc, L:/127.0.0.1:53278 - R:localhost/127.0.0.1:58660]' for 'POST' to 'http://localhost:58660/session/c6001ee48c420b967e4eeec3a75289c8/execute/sync'
16:40:44.324 [Forwarding isElementDisplayed on session c6001ee48c420b967e4eeec3a75289c8 to remote] DEBUG o.a.netty.request.NettyRequestSender - Using open Channel [id: 0x392d8bfc, L:/127.0.0.1:53278 - R:localhost/127.0.0.1:58660] for POST '/session/c6001ee48c420b967e4eeec3a75289c8/execute/sync'
16:40:44.336 [AsyncHttpClient-1-5] DEBUG o.a.netty.handler.HttpHandler - 

Request DefaultHttpRequest(decodeResult: success, version: HTTP/1.1)
POST /session/c6001ee48c420b967e4eeec3a75289c8/execute/sync HTTP/1.1
User-Agent: selenium/4.1.2 (java windows)
Content-Length: 48780
Content-Type: application/json; charset=utf-8
host: localhost:58660
accept: */*

Response DefaultHttpResponse(decodeResult: success, version: HTTP/1.1)
HTTP/1.1 200 OK
Content-Type: application/json; charset=utf-8
cache-control: no-cache
content-length: 14

16:40:44.336 [AsyncHttpClient-1-5] DEBUG o.a.netty.channel.ChannelManager - Adding key: http://localhost:58660 for channel [id: 0x392d8bfc, L:/127.0.0.1:53278 - R:localhost/127.0.0.1:58660]
16:40:44.338 [Forwarding findElement on session c6001ee48c420b967e4eeec3a75289c8 to remote] DEBUG o.a.netty.request.NettyRequestSender - Using pooled Channel '[id: 0x392d8bfc, L:/127.0.0.1:53278 - R:localhost/127.0.0.1:58660]' for 'POST' to 'http://localhost:58660/session/c6001ee48c420b967e4eeec3a75289c8/element'
16:40:44.338 [Forwarding findElement on session c6001ee48c420b967e4eeec3a75289c8 to remote] DEBUG o.a.netty.request.NettyRequestSender - Using open Channel [id: 0x392d8bfc, L:/127.0.0.1:53278 - R:localhost/127.0.0.1:58660] for POST '/session/c6001ee48c420b967e4eeec3a75289c8/element'
16:40:44.345 [AsyncHttpClient-1-5] DEBUG o.a.netty.handler.HttpHandler - 

Request DefaultHttpRequest(decodeResult: success, version: HTTP/1.1)
POST /session/c6001ee48c420b967e4eeec3a75289c8/element HTTP/1.1
User-Agent: selenium/4.1.2 (java windows)
Content-Length: 125
Content-Type: application/json; charset=utf-8
host: localhost:58660
accept: */*

Response DefaultHttpResponse(decodeResult: success, version: HTTP/1.1)
HTTP/1.1 200 OK
Content-Type: application/json; charset=utf-8
cache-control: no-cache
content-length: 88

16:40:44.345 [AsyncHttpClient-1-5] DEBUG o.a.netty.channel.ChannelManager - Adding key: http://localhost:58660 for channel [id: 0x392d8bfc, L:/127.0.0.1:53278 - R:localhost/127.0.0.1:58660]
16:40:44.351 [Forwarding isElementDisplayed on session c6001ee48c420b967e4eeec3a75289c8 to remote] DEBUG o.a.netty.request.NettyRequestSender - Using pooled Channel '[id: 0x392d8bfc, L:/127.0.0.1:53278 - R:localhost/127.0.0.1:58660]' for 'POST' to 'http://localhost:58660/session/c6001ee48c420b967e4eeec3a75289c8/execute/sync'
16:40:44.351 [Forwarding isElementDisplayed on session c6001ee48c420b967e4eeec3a75289c8 to remote] DEBUG o.a.netty.request.NettyRequestSender - Using open Channel [id: 0x392d8bfc, L:/127.0.0.1:53278 - R:localhost/127.0.0.1:58660] for POST '/session/c6001ee48c420b967e4eeec3a75289c8/execute/sync'
16:40:44.362 [AsyncHttpClient-1-5] DEBUG o.a.netty.handler.HttpHandler - 

Request DefaultHttpRequest(decodeResult: success, version: HTTP/1.1)
POST /session/c6001ee48c420b967e4eeec3a75289c8/execute/sync HTTP/1.1
User-Agent: selenium/4.1.2 (java windows)
Content-Length: 48780
Content-Type: application/json; charset=utf-8
host: localhost:58660
accept: */*

Response DefaultHttpResponse(decodeResult: success, version: HTTP/1.1)
HTTP/1.1 200 OK
Content-Type: application/json; charset=utf-8
cache-control: no-cache
content-length: 14

16:40:44.362 [AsyncHttpClient-1-5] DEBUG o.a.netty.channel.ChannelManager - Adding key: http://localhost:58660 for channel [id: 0x392d8bfc, L:/127.0.0.1:53278 - R:localhost/127.0.0.1:58660]
16:40:44.364 [Forwarding findElement on session c6001ee48c420b967e4eeec3a75289c8 to remote] DEBUG o.a.netty.request.NettyRequestSender - Using pooled Channel '[id: 0x392d8bfc, L:/127.0.0.1:53278 - R:localhost/127.0.0.1:58660]' for 'POST' to 'http://localhost:58660/session/c6001ee48c420b967e4eeec3a75289c8/element'
16:40:44.364 [Forwarding findElement on session c6001ee48c420b967e4eeec3a75289c8 to remote] DEBUG o.a.netty.request.NettyRequestSender - Using open Channel [id: 0x392d8bfc, L:/127.0.0.1:53278 - R:localhost/127.0.0.1:58660] for POST '/session/c6001ee48c420b967e4eeec3a75289c8/element'
16:40:44.371 [AsyncHttpClient-1-5] DEBUG o.a.netty.handler.HttpHandler - 

Request DefaultHttpRequest(decodeResult: success, version: HTTP/1.1)
POST /session/c6001ee48c420b967e4eeec3a75289c8/element HTTP/1.1
User-Agent: selenium/4.1.2 (java windows)
Content-Length: 125
Content-Type: application/json; charset=utf-8
host: localhost:58660
accept: */*

Response DefaultHttpResponse(decodeResult: success, version: HTTP/1.1)
HTTP/1.1 200 OK
Content-Type: application/json; charset=utf-8
cache-control: no-cache
content-length: 88

16:40:44.371 [AsyncHttpClient-1-5] DEBUG o.a.netty.channel.ChannelManager - Adding key: http://localhost:58660 for channel [id: 0x392d8bfc, L:/127.0.0.1:53278 - R:localhost/127.0.0.1:58660]
16:40:44.372 [Forwarding isElementEnabled on session c6001ee48c420b967e4eeec3a75289c8 to remote] DEBUG o.a.netty.request.NettyRequestSender - Using pooled Channel '[id: 0x392d8bfc, L:/127.0.0.1:53278 - R:localhost/127.0.0.1:58660]' for 'GET' to 'http://localhost:58660/session/c6001ee48c420b967e4eeec3a75289c8/element/28f0c43a-ed72-487a-aea7-953f33681719/enabled'
16:40:44.373 [Forwarding isElementEnabled on session c6001ee48c420b967e4eeec3a75289c8 to remote] DEBUG o.a.netty.request.NettyRequestSender - Using open Channel [id: 0x392d8bfc, L:/127.0.0.1:53278 - R:localhost/127.0.0.1:58660] for GET '/session/c6001ee48c420b967e4eeec3a75289c8/element/28f0c43a-ed72-487a-aea7-953f33681719/enabled'
16:40:44.381 [AsyncHttpClient-1-5] DEBUG o.a.netty.handler.HttpHandler - 

Request DefaultFullHttpRequest(decodeResult: success, version: HTTP/1.1, content: EmptyByteBufBE)
GET /session/c6001ee48c420b967e4eeec3a75289c8/element/28f0c43a-ed72-487a-aea7-953f33681719/enabled HTTP/1.1
User-Agent: selenium/4.1.2 (java windows)
Cache-Control: no-cache
Content-Type: application/json; charset=utf-8
host: localhost:58660
accept: */*

Response DefaultHttpResponse(decodeResult: success, version: HTTP/1.1)
HTTP/1.1 200 OK
Content-Type: application/json; charset=utf-8
cache-control: no-cache
content-length: 14

16:40:44.381 [AsyncHttpClient-1-5] DEBUG o.a.netty.channel.ChannelManager - Adding key: http://localhost:58660 for channel [id: 0x392d8bfc, L:/127.0.0.1:53278 - R:localhost/127.0.0.1:58660]
  &amp#27;[32mAnd &amp#27;[0m&amp#27;[32muser verify the Login Page Elements is Visible&amp#27;[0m                                                                                 &amp#27;[90m# stepdefinitions.LoginPageSteps.user_verify_the_login_page_elements_is_visible()&amp#27;[0m
16:40:45.009 [AsyncHttpClient-1-1] DEBUG o.a.netty.channel.DefaultChannelPool - Entry count for : http://localhost:58660 : 1
16:40:45.009 [AsyncHttpClient-1-1] DEBUG o.a.netty.channel.DefaultChannelPool - Entry count for : http://localhost:53279 : 1
16:40:46.112 [AsyncHttpClient-1-1] DEBUG o.a.netty.channel.DefaultChannelPool - Entry count for : http://localhost:58660 : 1
16:40:46.112 [AsyncHttpClient-1-1] DEBUG o.a.netty.channel.DefaultChannelPool - Entry count for : http://localhost:53279 : 1
16:40:47.094 [Forwarding findElement on session c6001ee48c420b967e4eeec3a75289c8 to remote] DEBUG o.a.netty.request.NettyRequestSender - Using pooled Channel '[id: 0x392d8bfc, L:/127.0.0.1:53278 - R:localhost/127.0.0.1:58660]' for 'POST' to 'http://localhost:58660/session/c6001ee48c420b967e4eeec3a75289c8/element'
16:40:47.094 [Forwarding findElement on session c6001ee48c420b967e4eeec3a75289c8 to remote] DEBUG o.a.netty.request.NettyRequestSender - Using open Channel [id: 0x392d8bfc, L:/127.0.0.1:53278 - R:localhost/127.0.0.1:58660] for POST '/session/c6001ee48c420b967e4eeec3a75289c8/element'
16:40:47.100 [AsyncHttpClient-1-5] DEBUG o.a.netty.handler.HttpHandler - 

Request DefaultHttpRequest(decodeResult: success, version: HTTP/1.1)
POST /session/c6001ee48c420b967e4eeec3a75289c8/element HTTP/1.1
User-Agent: selenium/4.1.2 (java windows)
Content-Length: 128
Content-Type: application/json; charset=utf-8
host: localhost:58660
accept: */*

Response DefaultHttpResponse(decodeResult: success, version: HTTP/1.1)
HTTP/1.1 200 OK
Content-Type: application/json; charset=utf-8
cache-control: no-cache
content-length: 88

16:40:47.101 [AsyncHttpClient-1-5] DEBUG o.a.netty.channel.ChannelManager - Adding key: http://localhost:58660 for channel [id: 0x392d8bfc, L:/127.0.0.1:53278 - R:localhost/127.0.0.1:58660]
16:40:47.104 [Forwarding sendKeysToElement on session c6001ee48c420b967e4eeec3a75289c8 to remote] DEBUG o.a.netty.request.NettyRequestSender - Using pooled Channel '[id: 0x392d8bfc, L:/127.0.0.1:53278 - R:localhost/127.0.0.1:58660]' for 'POST' to 'http://localhost:58660/session/c6001ee48c420b967e4eeec3a75289c8/element/1e580a5a-5b34-492e-be52-a2cfc9d26da8/value'
16:40:47.104 [Forwarding sendKeysToElement on session c6001ee48c420b967e4eeec3a75289c8 to remote] DEBUG o.a.netty.request.NettyRequestSender - Using open Channel [id: 0x392d8bfc, L:/127.0.0.1:53278 - R:localhost/127.0.0.1:58660] for POST '/session/c6001ee48c420b967e4eeec3a75289c8/element/1e580a5a-5b34-492e-be52-a2cfc9d26da8/value'
16:40:47.143 [AsyncHttpClient-1-5] DEBUG o.a.netty.handler.HttpHandler - 

Request DefaultHttpRequest(decodeResult: success, version: HTTP/1.1)
POST /session/c6001ee48c420b967e4eeec3a75289c8/element/1e580a5a-5b34-492e-be52-a2cfc9d26da8/value HTTP/1.1
User-Agent: selenium/4.1.2 (java windows)
Content-Length: 271
Content-Type: application/json; charset=utf-8
host: localhost:58660
accept: */*

Response DefaultHttpResponse(decodeResult: success, version: HTTP/1.1)
HTTP/1.1 200 OK
Content-Type: application/json; charset=utf-8
cache-control: no-cache
content-length: 14

16:40:47.143 [AsyncHttpClient-1-5] DEBUG o.a.netty.channel.ChannelManager - Adding key: http://localhost:58660 for channel [id: 0x392d8bfc, L:/127.0.0.1:53278 - R:localhost/127.0.0.1:58660]
16:40:47.145 [Forwarding findElement on session c6001ee48c420b967e4eeec3a75289c8 to remote] DEBUG o.a.netty.request.NettyRequestSender - Using pooled Channel '[id: 0x392d8bfc, L:/127.0.0.1:53278 - R:localhost/127.0.0.1:58660]' for 'POST' to 'http://localhost:58660/session/c6001ee48c420b967e4eeec3a75289c8/element'
16:40:47.145 [Forwarding findElement on session c6001ee48c420b967e4eeec3a75289c8 to remote] DEBUG o.a.netty.request.NettyRequestSender - Using open Channel [id: 0x392d8bfc, L:/127.0.0.1:53278 - R:localhost/127.0.0.1:58660] for POST '/session/c6001ee48c420b967e4eeec3a75289c8/element'
16:40:47.151 [AsyncHttpClient-1-5] DEBUG o.a.netty.handler.HttpHandler - 

Request DefaultHttpRequest(decodeResult: success, version: HTTP/1.1)
POST /session/c6001ee48c420b967e4eeec3a75289c8/element HTTP/1.1
User-Agent: selenium/4.1.2 (java windows)
Content-Length: 132
Content-Type: application/json; charset=utf-8
host: localhost:58660
accept: */*

Response DefaultHttpResponse(decodeResult: success, version: HTTP/1.1)
HTTP/1.1 200 OK
Content-Type: application/json; charset=utf-8
cache-control: no-cache
content-length: 88

16:40:47.151 [AsyncHttpClient-1-5] DEBUG o.a.netty.channel.ChannelManager - Adding key: http://localhost:58660 for channel [id: 0x392d8bfc, L:/127.0.0.1:53278 - R:localhost/127.0.0.1:58660]
16:40:47.153 [Forwarding sendKeysToElement on session c6001ee48c420b967e4eeec3a75289c8 to remote] DEBUG o.a.netty.request.NettyRequestSender - Using pooled Channel '[id: 0x392d8bfc, L:/127.0.0.1:53278 - R:localhost/127.0.0.1:58660]' for 'POST' to 'http://localhost:58660/session/c6001ee48c420b967e4eeec3a75289c8/element/bb5841c7-0718-4b26-bb1d-a238a678c5b3/value'
16:40:47.153 [Forwarding sendKeysToElement on session c6001ee48c420b967e4eeec3a75289c8 to remote] DEBUG o.a.netty.request.NettyRequestSender - Using open Channel [id: 0x392d8bfc, L:/127.0.0.1:53278 - R:localhost/127.0.0.1:58660] for POST '/session/c6001ee48c420b967e4eeec3a75289c8/element/bb5841c7-0718-4b26-bb1d-a238a678c5b3/value'
16:40:47.197 [AsyncHttpClient-1-5] DEBUG o.a.netty.handler.HttpHandler - 

Request DefaultHttpRequest(decodeResult: success, version: HTTP/1.1)
POST /session/c6001ee48c420b967e4eeec3a75289c8/element/bb5841c7-0718-4b26-bb1d-a238a678c5b3/value HTTP/1.1
User-Agent: selenium/4.1.2 (java windows)
Content-Length: 161
Content-Type: application/json; charset=utf-8
host: localhost:58660
accept: */*

Response DefaultHttpResponse(decodeResult: success, version: HTTP/1.1)
HTTP/1.1 200 OK
Content-Type: application/json; charset=utf-8
cache-control: no-cache
content-length: 14

16:40:47.197 [AsyncHttpClient-1-5] DEBUG o.a.netty.channel.ChannelManager - Adding key: http://localhost:58660 for channel [id: 0x392d8bfc, L:/127.0.0.1:53278 - R:localhost/127.0.0.1:58660]
16:40:47.199 [Forwarding findElement on session c6001ee48c420b967e4eeec3a75289c8 to remote] DEBUG o.a.netty.request.NettyRequestSender - Using pooled Channel '[id: 0x392d8bfc, L:/127.0.0.1:53278 - R:localhost/127.0.0.1:58660]' for 'POST' to 'http://localhost:58660/session/c6001ee48c420b967e4eeec3a75289c8/element'
16:40:47.199 [Forwarding findElement on session c6001ee48c420b967e4eeec3a75289c8 to remote] DEBUG o.a.netty.request.NettyRequestSender - Using open Channel [id: 0x392d8bfc, L:/127.0.0.1:53278 - R:localhost/127.0.0.1:58660] for POST '/session/c6001ee48c420b967e4eeec3a75289c8/element'
16:40:47.205 [AsyncHttpClient-1-1] DEBUG o.a.netty.channel.DefaultChannelPool - Entry count for : http://localhost:53279 : 1
16:40:47.206 [AsyncHttpClient-1-5] DEBUG o.a.netty.handler.HttpHandler - 

Request DefaultHttpRequest(decodeResult: success, version: HTTP/1.1)
POST /session/c6001ee48c420b967e4eeec3a75289c8/element HTTP/1.1
User-Agent: selenium/4.1.2 (java windows)
Content-Length: 125
Content-Type: application/json; charset=utf-8
host: localhost:58660
accept: */*

Response DefaultHttpResponse(decodeResult: success, version: HTTP/1.1)
HTTP/1.1 200 OK
Content-Type: application/json; charset=utf-8
cache-control: no-cache
content-length: 88

16:40:47.206 [AsyncHttpClient-1-5] DEBUG o.a.netty.channel.ChannelManager - Adding key: http://localhost:58660 for channel [id: 0x392d8bfc, L:/127.0.0.1:53278 - R:localhost/127.0.0.1:58660]
16:40:47.208 [Forwarding clickElement on session c6001ee48c420b967e4eeec3a75289c8 to remote] DEBUG o.a.netty.request.NettyRequestSender - Using pooled Channel '[id: 0x392d8bfc, L:/127.0.0.1:53278 - R:localhost/127.0.0.1:58660]' for 'POST' to 'http://localhost:58660/session/c6001ee48c420b967e4eeec3a75289c8/element/28f0c43a-ed72-487a-aea7-953f33681719/click'
16:40:47.208 [Forwarding clickElement on session c6001ee48c420b967e4eeec3a75289c8 to remote] DEBUG o.a.netty.request.NettyRequestSender - Using open Channel [id: 0x392d8bfc, L:/127.0.0.1:53278 - R:localhost/127.0.0.1:58660] for POST '/session/c6001ee48c420b967e4eeec3a75289c8/element/28f0c43a-ed72-487a-aea7-953f33681719/click'
16:40:47.294 [AsyncHttpClient-1-5] DEBUG o.a.netty.handler.HttpHandler - 

Request DefaultHttpRequest(decodeResult: success, version: HTTP/1.1)
POST /session/c6001ee48c420b967e4eeec3a75289c8/element/28f0c43a-ed72-487a-aea7-953f33681719/click HTTP/1.1
User-Agent: selenium/4.1.2 (java windows)
Content-Length: 50
Content-Type: application/json; charset=utf-8
host: localhost:58660
accept: */*

Response DefaultHttpResponse(decodeResult: success, version: HTTP/1.1)
HTTP/1.1 200 OK
Content-Type: application/json; charset=utf-8
cache-control: no-cache
content-length: 14

16:40:47.294 [AsyncHttpClient-1-5] DEBUG o.a.netty.channel.ChannelManager - Adding key: http://localhost:58660 for channel [id: 0x392d8bfc, L:/127.0.0.1:53278 - R:localhost/127.0.0.1:58660]
16:40:47.296 [Forwarding findElement on session c6001ee48c420b967e4eeec3a75289c8 to remote] DEBUG o.a.netty.request.NettyRequestSender - Using pooled Channel '[id: 0x392d8bfc, L:/127.0.0.1:53278 - R:localhost/127.0.0.1:58660]' for 'POST' to 'http://localhost:58660/session/c6001ee48c420b967e4eeec3a75289c8/element'
16:40:47.296 [Forwarding findElement on session c6001ee48c420b967e4eeec3a75289c8 to remote] DEBUG o.a.netty.request.NettyRequestSender - Using open Channel [id: 0x392d8bfc, L:/127.0.0.1:53278 - R:localhost/127.0.0.1:58660] for POST '/session/c6001ee48c420b967e4eeec3a75289c8/element'
16:40:47.310 [AsyncHttpClient-1-5] DEBUG o.a.netty.handler.HttpHandler - 

Request DefaultHttpRequest(decodeResult: success, version: HTTP/1.1)
POST /session/c6001ee48c420b967e4eeec3a75289c8/element HTTP/1.1
User-Agent: selenium/4.1.2 (java windows)
Content-Length: 75
Content-Type: application/json; charset=utf-8
host: localhost:58660
accept: */*

Response DefaultHttpResponse(decodeResult: success, version: HTTP/1.1)
HTTP/1.1 200 OK
Content-Type: application/json; charset=utf-8
cache-control: no-cache
content-length: 88

16:40:47.310 [AsyncHttpClient-1-5] DEBUG o.a.netty.channel.ChannelManager - Adding key: http://localhost:58660 for channel [id: 0x392d8bfc, L:/127.0.0.1:53278 - R:localhost/127.0.0.1:58660]
16:40:47.314 [Forwarding isElementDisplayed on session c6001ee48c420b967e4eeec3a75289c8 to remote] DEBUG o.a.netty.request.NettyRequestSender - Using pooled Channel '[id: 0x392d8bfc, L:/127.0.0.1:53278 - R:localhost/127.0.0.1:58660]' for 'POST' to 'http://localhost:58660/session/c6001ee48c420b967e4eeec3a75289c8/execute/sync'
16:40:47.314 [Forwarding isElementDisplayed on session c6001ee48c420b967e4eeec3a75289c8 to remote] DEBUG o.a.netty.request.NettyRequestSender - Using open Channel [id: 0x392d8bfc, L:/127.0.0.1:53278 - R:localhost/127.0.0.1:58660] for POST '/session/c6001ee48c420b967e4eeec3a75289c8/execute/sync'
16:40:47.333 [AsyncHttpClient-1-5] DEBUG o.a.netty.handler.HttpHandler - 

Request DefaultHttpRequest(decodeResult: success, version: HTTP/1.1)
POST /session/c6001ee48c420b967e4eeec3a75289c8/execute/sync HTTP/1.1
User-Agent: selenium/4.1.2 (java windows)
Content-Length: 48780
Content-Type: application/json; charset=utf-8
host: localhost:58660
accept: */*

Response DefaultHttpResponse(decodeResult: success, version: HTTP/1.1)
HTTP/1.1 200 OK
Content-Type: application/json; charset=utf-8
cache-control: no-cache
content-length: 15

16:40:47.333 [AsyncHttpClient-1-5] DEBUG o.a.netty.channel.ChannelManager - Adding key: http://localhost:58660 for channel [id: 0x392d8bfc, L:/127.0.0.1:53278 - R:localhost/127.0.0.1:58660]
16:40:47.849 [Forwarding findElement on session c6001ee48c420b967e4eeec3a75289c8 to remote] DEBUG o.a.netty.request.NettyRequestSender - Using pooled Channel '[id: 0x392d8bfc, L:/127.0.0.1:53278 - R:localhost/127.0.0.1:58660]' for 'POST' to 'http://localhost:58660/session/c6001ee48c420b967e4eeec3a75289c8/element'
16:40:47.849 [Forwarding findElement on session c6001ee48c420b967e4eeec3a75289c8 to remote] DEBUG o.a.netty.request.NettyRequestSender - Using open Channel [id: 0x392d8bfc, L:/127.0.0.1:53278 - R:localhost/127.0.0.1:58660] for POST '/session/c6001ee48c420b967e4eeec3a75289c8/element'
16:40:47.856 [AsyncHttpClient-1-5] DEBUG o.a.netty.handler.HttpHandler - 

Request DefaultHttpRequest(decodeResult: success, version: HTTP/1.1)
POST /session/c6001ee48c420b967e4eeec3a75289c8/element HTTP/1.1
User-Agent: selenium/4.1.2 (java windows)
Content-Length: 75
Content-Type: application/json; charset=utf-8
host: localhost:58660
accept: */*

Response DefaultHttpResponse(decodeResult: success, version: HTTP/1.1)
HTTP/1.1 200 OK
Content-Type: application/json; charset=utf-8
cache-control: no-cache
content-length: 88

16:40:47.856 [AsyncHttpClient-1-5] DEBUG o.a.netty.channel.ChannelManager - Adding key: http://localhost:58660 for channel [id: 0x392d8bfc, L:/127.0.0.1:53278 - R:localhost/127.0.0.1:58660]
16:40:47.860 [Forwarding isElementDisplayed on session c6001ee48c420b967e4eeec3a75289c8 to remote] DEBUG o.a.netty.request.NettyRequestSender - Using pooled Channel '[id: 0x392d8bfc, L:/127.0.0.1:53278 - R:localhost/127.0.0.1:58660]' for 'POST' to 'http://localhost:58660/session/c6001ee48c420b967e4eeec3a75289c8/execute/sync'
16:40:47.860 [Forwarding isElementDisplayed on session c6001ee48c420b967e4eeec3a75289c8 to remote] DEBUG o.a.netty.request.NettyRequestSender - Using open Channel [id: 0x392d8bfc, L:/127.0.0.1:53278 - R:localhost/127.0.0.1:58660] for POST '/session/c6001ee48c420b967e4eeec3a75289c8/execute/sync'
16:40:47.869 [AsyncHttpClient-1-5] DEBUG o.a.netty.handler.HttpHandler - 

Request DefaultHttpRequest(decodeResult: success, version: HTTP/1.1)
POST /session/c6001ee48c420b967e4eeec3a75289c8/execute/sync HTTP/1.1
User-Agent: selenium/4.1.2 (java windows)
Content-Length: 48780
Content-Type: application/json; charset=utf-8
host: localhost:58660
accept: */*

Response DefaultHttpResponse(decodeResult: success, version: HTTP/1.1)
HTTP/1.1 200 OK
Content-Type: application/json; charset=utf-8
cache-control: no-cache
content-length: 14

16:40:47.870 [AsyncHttpClient-1-5] DEBUG o.a.netty.channel.ChannelManager - Adding key: http://localhost:58660 for channel [id: 0x392d8bfc, L:/127.0.0.1:53278 - R:localhost/127.0.0.1:58660]
16:40:47.871 [Forwarding getElementText on session c6001ee48c420b967e4eeec3a75289c8 to remote] DEBUG o.a.netty.request.NettyRequestSender - Using pooled Channel '[id: 0x392d8bfc, L:/127.0.0.1:53278 - R:localhost/127.0.0.1:58660]' for 'GET' to 'http://localhost:58660/session/c6001ee48c420b967e4eeec3a75289c8/element/7270f808-f1e4-47f5-ba46-663a6d4edbaf/text'
16:40:47.871 [Forwarding getElementText on session c6001ee48c420b967e4eeec3a75289c8 to remote] DEBUG o.a.netty.request.NettyRequestSender - Using open Channel [id: 0x392d8bfc, L:/127.0.0.1:53278 - R:localhost/127.0.0.1:58660] for GET '/session/c6001ee48c420b967e4eeec3a75289c8/element/7270f808-f1e4-47f5-ba46-663a6d4edbaf/text'
16:40:47.885 [AsyncHttpClient-1-5] DEBUG o.a.netty.handler.HttpHandler - 

Request DefaultFullHttpRequest(decodeResult: success, version: HTTP/1.1, content: EmptyByteBufBE)
GET /session/c6001ee48c420b967e4eeec3a75289c8/element/7270f808-f1e4-47f5-ba46-663a6d4edbaf/text HTTP/1.1
User-Agent: selenium/4.1.2 (java windows)
Cache-Control: no-cache
Content-Type: application/json; charset=utf-8
host: localhost:58660
accept: */*

Response DefaultHttpResponse(decodeResult: success, version: HTTP/1.1)
HTTP/1.1 200 OK
Content-Type: application/json; charset=utf-8
cache-control: no-cache
content-length: 59

16:40:47.886 [AsyncHttpClient-1-5] DEBUG o.a.netty.channel.ChannelManager - Adding key: http://localhost:58660 for channel [id: 0x392d8bfc, L:/127.0.0.1:53278 - R:localhost/127.0.0.1:58660]
16:40:48.307 [AsyncHttpClient-1-1] DEBUG o.a.netty.channel.DefaultChannelPool - Entry count for : http://localhost:58660 : 1
16:40:48.307 [AsyncHttpClient-1-1] DEBUG o.a.netty.channel.DefaultChannelPool - Entry count for : http://localhost:53279 : 1
16:40:49.412 [AsyncHttpClient-1-1] DEBUG o.a.netty.channel.DefaultChannelPool - Entry count for : http://localhost:58660 : 1
16:40:49.412 [AsyncHttpClient-1-1] DEBUG o.a.netty.channel.DefaultChannelPool - Entry count for : http://localhost:53279 : 1
16:40:50.513 [AsyncHttpClient-1-1] DEBUG o.a.netty.channel.DefaultChannelPool - Entry count for : http://localhost:58660 : 1
16:40:50.513 [AsyncHttpClient-1-1] DEBUG o.a.netty.channel.DefaultChannelPool - Entry count for : http://localhost:53279 : 1
16:40:51.602 [AsyncHttpClient-1-1] DEBUG o.a.netty.channel.DefaultChannelPool - Entry count for : http://localhost:58660 : 1
16:40:51.602 [AsyncHttpClient-1-1] DEBUG o.a.netty.channel.DefaultChannelPool - Entry count for : http://localhost:53279 : 1
16:40:51.902 [Forwarding findElement on session c6001ee48c420b967e4eeec3a75289c8 to remote] DEBUG o.a.netty.request.NettyRequestSender - Using pooled Channel '[id: 0x392d8bfc, L:/127.0.0.1:53278 - R:localhost/127.0.0.1:58660]' for 'POST' to 'http://localhost:58660/session/c6001ee48c420b967e4eeec3a75289c8/element'
16:40:51.902 [Forwarding findElement on session c6001ee48c420b967e4eeec3a75289c8 to remote] DEBUG o.a.netty.request.NettyRequestSender - Using open Channel [id: 0x392d8bfc, L:/127.0.0.1:53278 - R:localhost/127.0.0.1:58660] for POST '/session/c6001ee48c420b967e4eeec3a75289c8/element'
16:40:51.908 [AsyncHttpClient-1-5] DEBUG o.a.netty.handler.HttpHandler - 

Request DefaultHttpRequest(decodeResult: success, version: HTTP/1.1)
POST /session/c6001ee48c420b967e4eeec3a75289c8/element HTTP/1.1
User-Agent: selenium/4.1.2 (java windows)
Content-Length: 128
Content-Type: application/json; charset=utf-8
host: localhost:58660
accept: */*

Response DefaultHttpResponse(decodeResult: success, version: HTTP/1.1)
HTTP/1.1 200 OK
Content-Type: application/json; charset=utf-8
cache-control: no-cache
content-length: 88

16:40:51.909 [AsyncHttpClient-1-5] DEBUG o.a.netty.channel.ChannelManager - Adding key: http://localhost:58660 for channel [id: 0x392d8bfc, L:/127.0.0.1:53278 - R:localhost/127.0.0.1:58660]
16:40:51.911 [Forwarding sendKeysToElement on session c6001ee48c420b967e4eeec3a75289c8 to remote] DEBUG o.a.netty.request.NettyRequestSender - Using pooled Channel '[id: 0x392d8bfc, L:/127.0.0.1:53278 - R:localhost/127.0.0.1:58660]' for 'POST' to 'http://localhost:58660/session/c6001ee48c420b967e4eeec3a75289c8/element/c9157c60-7072-4a88-9a5c-6c5995544e85/value'
16:40:51.911 [Forwarding sendKeysToElement on session c6001ee48c420b967e4eeec3a75289c8 to remote] DEBUG o.a.netty.request.NettyRequestSender - Using open Channel [id: 0x392d8bfc, L:/127.0.0.1:53278 - R:localhost/127.0.0.1:58660] for POST '/session/c6001ee48c420b967e4eeec3a75289c8/element/c9157c60-7072-4a88-9a5c-6c5995544e85/value'
16:40:51.948 [AsyncHttpClient-1-5] DEBUG o.a.netty.handler.HttpHandler - 

Request DefaultHttpRequest(decodeResult: success, version: HTTP/1.1)
POST /session/c6001ee48c420b967e4eeec3a75289c8/element/c9157c60-7072-4a88-9a5c-6c5995544e85/value HTTP/1.1
User-Agent: selenium/4.1.2 (java windows)
Content-Length: 271
Content-Type: application/json; charset=utf-8
host: localhost:58660
accept: */*

Response DefaultHttpResponse(decodeResult: success, version: HTTP/1.1)
HTTP/1.1 200 OK
Content-Type: application/json; charset=utf-8
cache-control: no-cache
content-length: 14

16:40:51.948 [AsyncHttpClient-1-5] DEBUG o.a.netty.channel.ChannelManager - Adding key: http://localhost:58660 for channel [id: 0x392d8bfc, L:/127.0.0.1:53278 - R:localhost/127.0.0.1:58660]
16:40:51.949 [Forwarding findElement on session c6001ee48c420b967e4eeec3a75289c8 to remote] DEBUG o.a.netty.request.NettyRequestSender - Using pooled Channel '[id: 0x392d8bfc, L:/127.0.0.1:53278 - R:localhost/127.0.0.1:58660]' for 'POST' to 'http://localhost:58660/session/c6001ee48c420b967e4eeec3a75289c8/element'
16:40:51.950 [Forwarding findElement on session c6001ee48c420b967e4eeec3a75289c8 to remote] DEBUG o.a.netty.request.NettyRequestSender - Using open Channel [id: 0x392d8bfc, L:/127.0.0.1:53278 - R:localhost/127.0.0.1:58660] for POST '/session/c6001ee48c420b967e4eeec3a75289c8/element'
16:40:51.956 [AsyncHttpClient-1-5] DEBUG o.a.netty.handler.HttpHandler - 

Request DefaultHttpRequest(decodeResult: success, version: HTTP/1.1)
POST /session/c6001ee48c420b967e4eeec3a75289c8/element HTTP/1.1
User-Agent: selenium/4.1.2 (java windows)
Content-Length: 132
Content-Type: application/json; charset=utf-8
host: localhost:58660
accept: */*

Response DefaultHttpResponse(decodeResult: success, version: HTTP/1.1)
HTTP/1.1 200 OK
Content-Type: application/json; charset=utf-8
cache-control: no-cache
content-length: 88

16:40:51.956 [AsyncHttpClient-1-5] DEBUG o.a.netty.channel.ChannelManager - Adding key: http://localhost:58660 for channel [id: 0x392d8bfc, L:/127.0.0.1:53278 - R:localhost/127.0.0.1:58660]
16:40:51.958 [Forwarding sendKeysToElement on session c6001ee48c420b967e4eeec3a75289c8 to remote] DEBUG o.a.netty.request.NettyRequestSender - Using pooled Channel '[id: 0x392d8bfc, L:/127.0.0.1:53278 - R:localhost/127.0.0.1:58660]' for 'POST' to 'http://localhost:58660/session/c6001ee48c420b967e4eeec3a75289c8/element/a4246a08-45ad-4be4-92bb-b27f6bc8600e/value'
16:40:51.958 [Forwarding sendKeysToElement on session c6001ee48c420b967e4eeec3a75289c8 to remote] DEBUG o.a.netty.request.NettyRequestSender - Using open Channel [id: 0x392d8bfc, L:/127.0.0.1:53278 - R:localhost/127.0.0.1:58660] for POST '/session/c6001ee48c420b967e4eeec3a75289c8/element/a4246a08-45ad-4be4-92bb-b27f6bc8600e/value'
16:40:52.010 [AsyncHttpClient-1-5] DEBUG o.a.netty.handler.HttpHandler - 

Request DefaultHttpRequest(decodeResult: success, version: HTTP/1.1)
POST /session/c6001ee48c420b967e4eeec3a75289c8/element/a4246a08-45ad-4be4-92bb-b27f6bc8600e/value HTTP/1.1
User-Agent: selenium/4.1.2 (java windows)
Content-Length: 161
Content-Type: application/json; charset=utf-8
host: localhost:58660
accept: */*

Response DefaultHttpResponse(decodeResult: success, version: HTTP/1.1)
HTTP/1.1 200 OK
Content-Type: application/json; charset=utf-8
cache-control: no-cache
content-length: 14

16:40:52.010 [AsyncHttpClient-1-5] DEBUG o.a.netty.channel.ChannelManager - Adding key: http://localhost:58660 for channel [id: 0x392d8bfc, L:/127.0.0.1:53278 - R:localhost/127.0.0.1:58660]
16:40:52.012 [Forwarding findElement on session c6001ee48c420b967e4eeec3a75289c8 to remote] DEBUG o.a.netty.request.NettyRequestSender - Using pooled Channel '[id: 0x392d8bfc, L:/127.0.0.1:53278 - R:localhost/127.0.0.1:58660]' for 'POST' to 'http://localhost:58660/session/c6001ee48c420b967e4eeec3a75289c8/element'
16:40:52.012 [Forwarding findElement on session c6001ee48c420b967e4eeec3a75289c8 to remote] DEBUG o.a.netty.request.NettyRequestSender - Using open Channel [id: 0x392d8bfc, L:/127.0.0.1:53278 - R:localhost/127.0.0.1:58660] for POST '/session/c6001ee48c420b967e4eeec3a75289c8/element'
16:40:52.018 [AsyncHttpClient-1-5] DEBUG o.a.netty.handler.HttpHandler - 

Request DefaultHttpRequest(decodeResult: success, version: HTTP/1.1)
POST /session/c6001ee48c420b967e4eeec3a75289c8/element HTTP/1.1
User-Agent: selenium/4.1.2 (java windows)
Content-Length: 125
Content-Type: application/json; charset=utf-8
host: localhost:58660
accept: */*

Response DefaultHttpResponse(decodeResult: success, version: HTTP/1.1)
HTTP/1.1 200 OK
Content-Type: application/json; charset=utf-8
cache-control: no-cache
content-length: 88

16:40:52.018 [AsyncHttpClient-1-5] DEBUG o.a.netty.channel.ChannelManager - Adding key: http://localhost:58660 for channel [id: 0x392d8bfc, L:/127.0.0.1:53278 - R:localhost/127.0.0.1:58660]
16:40:52.020 [Forwarding clickElement on session c6001ee48c420b967e4eeec3a75289c8 to remote] DEBUG o.a.netty.request.NettyRequestSender - Using pooled Channel '[id: 0x392d8bfc, L:/127.0.0.1:53278 - R:localhost/127.0.0.1:58660]' for 'POST' to 'http://localhost:58660/session/c6001ee48c420b967e4eeec3a75289c8/element/d2683835-d573-4b20-bdbb-cdc3df97ac7d/click'
16:40:52.020 [Forwarding clickElement on session c6001ee48c420b967e4eeec3a75289c8 to remote] DEBUG o.a.netty.request.NettyRequestSender - Using open Channel [id: 0x392d8bfc, L:/127.0.0.1:53278 - R:localhost/127.0.0.1:58660] for POST '/session/c6001ee48c420b967e4eeec3a75289c8/element/d2683835-d573-4b20-bdbb-cdc3df97ac7d/click'
16:40:52.107 [AsyncHttpClient-1-5] DEBUG o.a.netty.handler.HttpHandler - 

Request DefaultHttpRequest(decodeResult: success, version: HTTP/1.1)
POST /session/c6001ee48c420b967e4eeec3a75289c8/element/d2683835-d573-4b20-bdbb-cdc3df97ac7d/click HTTP/1.1
User-Agent: selenium/4.1.2 (java windows)
Content-Length: 50
Content-Type: application/json; charset=utf-8
host: localhost:58660
accept: */*

Response DefaultHttpResponse(decodeResult: success, version: HTTP/1.1)
HTTP/1.1 200 OK
Content-Type: application/json; charset=utf-8
cache-control: no-cache
content-length: 14

16:40:52.108 [AsyncHttpClient-1-5] DEBUG o.a.netty.channel.ChannelManager - Adding key: http://localhost:58660 for channel [id: 0x392d8bfc, L:/127.0.0.1:53278 - R:localhost/127.0.0.1:58660]
16:40:52.109 [Forwarding findElement on session c6001ee48c420b967e4eeec3a75289c8 to remote] DEBUG o.a.netty.request.NettyRequestSender - Using pooled Channel '[id: 0x392d8bfc, L:/127.0.0.1:53278 - R:localhost/127.0.0.1:58660]' for 'POST' to 'http://localhost:58660/session/c6001ee48c420b967e4eeec3a75289c8/element'
16:40:52.110 [Forwarding findElement on session c6001ee48c420b967e4eeec3a75289c8 to remote] DEBUG o.a.netty.request.NettyRequestSender - Using open Channel [id: 0x392d8bfc, L:/127.0.0.1:53278 - R:localhost/127.0.0.1:58660] for POST '/session/c6001ee48c420b967e4eeec3a75289c8/element'
16:40:52.119 [AsyncHttpClient-1-5] DEBUG o.a.netty.handler.HttpHandler - 

Request DefaultHttpRequest(decodeResult: success, version: HTTP/1.1)
POST /session/c6001ee48c420b967e4eeec3a75289c8/element HTTP/1.1
User-Agent: selenium/4.1.2 (java windows)
Content-Length: 75
Content-Type: application/json; charset=utf-8
host: localhost:58660
accept: */*

Response DefaultHttpResponse(decodeResult: success, version: HTTP/1.1)
HTTP/1.1 200 OK
Content-Type: application/json; charset=utf-8
cache-control: no-cache
content-length: 88

16:40:52.119 [AsyncHttpClient-1-5] DEBUG o.a.netty.channel.ChannelManager - Adding key: http://localhost:58660 for channel [id: 0x392d8bfc, L:/127.0.0.1:53278 - R:localhost/127.0.0.1:58660]
16:40:52.124 [Forwarding isElementDisplayed on session c6001ee48c420b967e4eeec3a75289c8 to remote] DEBUG o.a.netty.request.NettyRequestSender - Using pooled Channel '[id: 0x392d8bfc, L:/127.0.0.1:53278 - R:localhost/127.0.0.1:58660]' for 'POST' to 'http://localhost:58660/session/c6001ee48c420b967e4eeec3a75289c8/execute/sync'
16:40:52.124 [Forwarding isElementDisplayed on session c6001ee48c420b967e4eeec3a75289c8 to remote] DEBUG o.a.netty.request.NettyRequestSender - Using open Channel [id: 0x392d8bfc, L:/127.0.0.1:53278 - R:localhost/127.0.0.1:58660] for POST '/session/c6001ee48c420b967e4eeec3a75289c8/execute/sync'
16:40:52.135 [AsyncHttpClient-1-5] DEBUG o.a.netty.handler.HttpHandler - 

Request DefaultHttpRequest(decodeResult: success, version: HTTP/1.1)
POST /session/c6001ee48c420b967e4eeec3a75289c8/execute/sync HTTP/1.1
User-Agent: selenium/4.1.2 (java windows)
Content-Length: 48780
Content-Type: application/json; charset=utf-8
host: localhost:58660
accept: */*

Response DefaultHttpResponse(decodeResult: success, version: HTTP/1.1)
HTTP/1.1 200 OK
Content-Type: application/json; charset=utf-8
cache-control: no-cache
content-length: 15

16:40:52.135 [AsyncHttpClient-1-5] DEBUG o.a.netty.channel.ChannelManager - Adding key: http://localhost:58660 for channel [id: 0x392d8bfc, L:/127.0.0.1:53278 - R:localhost/127.0.0.1:58660]
16:40:52.648 [Forwarding findElement on session c6001ee48c420b967e4eeec3a75289c8 to remote] DEBUG o.a.netty.request.NettyRequestSender - Using pooled Channel '[id: 0x392d8bfc, L:/127.0.0.1:53278 - R:localhost/127.0.0.1:58660]' for 'POST' to 'http://localhost:58660/session/c6001ee48c420b967e4eeec3a75289c8/element'
16:40:52.648 [Forwarding findElement on session c6001ee48c420b967e4eeec3a75289c8 to remote] DEBUG o.a.netty.request.NettyRequestSender - Using open Channel [id: 0x392d8bfc, L:/127.0.0.1:53278 - R:localhost/127.0.0.1:58660] for POST '/session/c6001ee48c420b967e4eeec3a75289c8/element'
16:40:52.654 [AsyncHttpClient-1-5] DEBUG o.a.netty.handler.HttpHandler - 

Request DefaultHttpRequest(decodeResult: success, version: HTTP/1.1)
POST /session/c6001ee48c420b967e4eeec3a75289c8/element HTTP/1.1
User-Agent: selenium/4.1.2 (java windows)
Content-Length: 75
Content-Type: application/json; charset=utf-8
host: localhost:58660
accept: */*

Response DefaultHttpResponse(decodeResult: success, version: HTTP/1.1)
HTTP/1.1 200 OK
Content-Type: application/json; charset=utf-8
cache-control: no-cache
content-length: 88

16:40:52.655 [AsyncHttpClient-1-5] DEBUG o.a.netty.channel.ChannelManager - Adding key: http://localhost:58660 for channel [id: 0x392d8bfc, L:/127.0.0.1:53278 - R:localhost/127.0.0.1:58660]
16:40:52.659 [Forwarding isElementDisplayed on session c6001ee48c420b967e4eeec3a75289c8 to remote] DEBUG o.a.netty.request.NettyRequestSender - Using pooled Channel '[id: 0x392d8bfc, L:/127.0.0.1:53278 - R:localhost/127.0.0.1:58660]' for 'POST' to 'http://localhost:58660/session/c6001ee48c420b967e4eeec3a75289c8/execute/sync'
16:40:52.659 [Forwarding isElementDisplayed on session c6001ee48c420b967e4eeec3a75289c8 to remote] DEBUG o.a.netty.request.NettyRequestSender - Using open Channel [id: 0x392d8bfc, L:/127.0.0.1:53278 - R:localhost/127.0.0.1:58660] for POST '/session/c6001ee48c420b967e4eeec3a75289c8/execute/sync'
16:40:52.668 [AsyncHttpClient-1-5] DEBUG o.a.netty.handler.HttpHandler - 

Request DefaultHttpRequest(decodeResult: success, version: HTTP/1.1)
POST /session/c6001ee48c420b967e4eeec3a75289c8/execute/sync HTTP/1.1
User-Agent: selenium/4.1.2 (java windows)
Content-Length: 48780
Content-Type: application/json; charset=utf-8
host: localhost:58660
accept: */*

Response DefaultHttpResponse(decodeResult: success, version: HTTP/1.1)
HTTP/1.1 200 OK
Content-Type: application/json; charset=utf-8
cache-control: no-cache
content-length: 14

16:40:52.668 [AsyncHttpClient-1-5] DEBUG o.a.netty.channel.ChannelManager - Adding key: http://localhost:58660 for channel [id: 0x392d8bfc, L:/127.0.0.1:53278 - R:localhost/127.0.0.1:58660]
16:40:52.670 [Forwarding getElementText on session c6001ee48c420b967e4eeec3a75289c8 to remote] DEBUG o.a.netty.request.NettyRequestSender - Using pooled Channel '[id: 0x392d8bfc, L:/127.0.0.1:53278 - R:localhost/127.0.0.1:58660]' for 'GET' to 'http://localhost:58660/session/c6001ee48c420b967e4eeec3a75289c8/element/d10a517e-5388-46ec-b38f-1b5360273aeb/text'
16:40:52.670 [Forwarding getElementText on session c6001ee48c420b967e4eeec3a75289c8 to remote] DEBUG o.a.netty.request.NettyRequestSender - Using open Channel [id: 0x392d8bfc, L:/127.0.0.1:53278 - R:localhost/127.0.0.1:58660] for GET '/session/c6001ee48c420b967e4eeec3a75289c8/element/d10a517e-5388-46ec-b38f-1b5360273aeb/text'
16:40:52.685 [AsyncHttpClient-1-5] DEBUG o.a.netty.handler.HttpHandler - 

Request DefaultFullHttpRequest(decodeResult: success, version: HTTP/1.1, content: EmptyByteBufBE)
GET /session/c6001ee48c420b967e4eeec3a75289c8/element/d10a517e-5388-46ec-b38f-1b5360273aeb/text HTTP/1.1
User-Agent: selenium/4.1.2 (java windows)
Cache-Control: no-cache
Content-Type: application/json; charset=utf-8
host: localhost:58660
accept: */*

Response DefaultHttpResponse(decodeResult: success, version: HTTP/1.1)
HTTP/1.1 200 OK
Content-Type: application/json; charset=utf-8
cache-control: no-cache
content-length: 59

16:40:52.685 [AsyncHttpClient-1-5] DEBUG o.a.netty.channel.ChannelManager - Adding key: http://localhost:58660 for channel [id: 0x392d8bfc, L:/127.0.0.1:53278 - R:localhost/127.0.0.1:58660]
16:40:52.711 [AsyncHttpClient-1-1] DEBUG o.a.netty.channel.DefaultChannelPool - Entry count for : http://localhost:58660 : 1
16:40:52.711 [AsyncHttpClient-1-1] DEBUG o.a.netty.channel.DefaultChannelPool - Entry count for : http://localhost:53279 : 1
16:40:53.808 [AsyncHttpClient-1-1] DEBUG o.a.netty.channel.DefaultChannelPool - Entry count for : http://localhost:58660 : 1
16:40:53.808 [AsyncHttpClient-1-1] DEBUG o.a.netty.channel.DefaultChannelPool - Entry count for : http://localhost:53279 : 1
16:40:54.908 [AsyncHttpClient-1-1] DEBUG o.a.netty.channel.DefaultChannelPool - Entry count for : http://localhost:58660 : 1
16:40:54.908 [AsyncHttpClient-1-1] DEBUG o.a.netty.channel.DefaultChannelPool - Entry count for : http://localhost:53279 : 1
16:40:56.009 [AsyncHttpClient-1-1] DEBUG o.a.netty.channel.DefaultChannelPool - Entry count for : http://localhost:58660 : 1
16:40:56.009 [AsyncHttpClient-1-1] DEBUG o.a.netty.channel.DefaultChannelPool - Entry count for : http://localhost:53279 : 1
16:40:56.692 [Forwarding findElement on session c6001ee48c420b967e4eeec3a75289c8 to remote] DEBUG o.a.netty.request.NettyRequestSender - Using pooled Channel '[id: 0x392d8bfc, L:/127.0.0.1:53278 - R:localhost/127.0.0.1:58660]' for 'POST' to 'http://localhost:58660/session/c6001ee48c420b967e4eeec3a75289c8/element'
16:40:56.692 [Forwarding findElement on session c6001ee48c420b967e4eeec3a75289c8 to remote] DEBUG o.a.netty.request.NettyRequestSender - Using open Channel [id: 0x392d8bfc, L:/127.0.0.1:53278 - R:localhost/127.0.0.1:58660] for POST '/session/c6001ee48c420b967e4eeec3a75289c8/element'
16:40:56.703 [AsyncHttpClient-1-5] DEBUG o.a.netty.handler.HttpHandler - 

Request DefaultHttpRequest(decodeResult: success, version: HTTP/1.1)
POST /session/c6001ee48c420b967e4eeec3a75289c8/element HTTP/1.1
User-Agent: selenium/4.1.2 (java windows)
Content-Length: 128
Content-Type: application/json; charset=utf-8
host: localhost:58660
accept: */*

Response DefaultHttpResponse(decodeResult: success, version: HTTP/1.1)
HTTP/1.1 200 OK
Content-Type: application/json; charset=utf-8
cache-control: no-cache
content-length: 88

16:40:56.704 [AsyncHttpClient-1-5] DEBUG o.a.netty.channel.ChannelManager - Adding key: http://localhost:58660 for channel [id: 0x392d8bfc, L:/127.0.0.1:53278 - R:localhost/127.0.0.1:58660]
16:40:56.706 [Forwarding sendKeysToElement on session c6001ee48c420b967e4eeec3a75289c8 to remote] DEBUG o.a.netty.request.NettyRequestSender - Using pooled Channel '[id: 0x392d8bfc, L:/127.0.0.1:53278 - R:localhost/127.0.0.1:58660]' for 'POST' to 'http://localhost:58660/session/c6001ee48c420b967e4eeec3a75289c8/element/5b348ba6-4ad9-4b45-a17f-e89d1a547157/value'
16:40:56.706 [Forwarding sendKeysToElement on session c6001ee48c420b967e4eeec3a75289c8 to remote] DEBUG o.a.netty.request.NettyRequestSender - Using open Channel [id: 0x392d8bfc, L:/127.0.0.1:53278 - R:localhost/127.0.0.1:58660] for POST '/session/c6001ee48c420b967e4eeec3a75289c8/element/5b348ba6-4ad9-4b45-a17f-e89d1a547157/value'
16:40:56.729 [AsyncHttpClient-1-5] DEBUG o.a.netty.handler.HttpHandler - 

Request DefaultHttpRequest(decodeResult: success, version: HTTP/1.1)
POST /session/c6001ee48c420b967e4eeec3a75289c8/element/5b348ba6-4ad9-4b45-a17f-e89d1a547157/value HTTP/1.1
User-Agent: selenium/4.1.2 (java windows)
Content-Length: 82
Content-Type: application/json; charset=utf-8
host: localhost:58660
accept: */*

Response DefaultHttpResponse(decodeResult: success, version: HTTP/1.1)
HTTP/1.1 200 OK
Content-Type: application/json; charset=utf-8
cache-control: no-cache
content-length: 14

16:40:56.730 [AsyncHttpClient-1-5] DEBUG o.a.netty.channel.ChannelManager - Adding key: http://localhost:58660 for channel [id: 0x392d8bfc, L:/127.0.0.1:53278 - R:localhost/127.0.0.1:58660]
16:40:56.731 [Forwarding findElement on session c6001ee48c420b967e4eeec3a75289c8 to remote] DEBUG o.a.netty.request.NettyRequestSender - Using pooled Channel '[id: 0x392d8bfc, L:/127.0.0.1:53278 - R:localhost/127.0.0.1:58660]' for 'POST' to 'http://localhost:58660/session/c6001ee48c420b967e4eeec3a75289c8/element'
16:40:56.731 [Forwarding findElement on session c6001ee48c420b967e4eeec3a75289c8 to remote] DEBUG o.a.netty.request.NettyRequestSender - Using open Channel [id: 0x392d8bfc, L:/127.0.0.1:53278 - R:localhost/127.0.0.1:58660] for POST '/session/c6001ee48c420b967e4eeec3a75289c8/element'
16:40:56.743 [AsyncHttpClient-1-5] DEBUG o.a.netty.handler.HttpHandler - 

Request DefaultHttpRequest(decodeResult: success, version: HTTP/1.1)
POST /session/c6001ee48c420b967e4eeec3a75289c8/element HTTP/1.1
User-Agent: selenium/4.1.2 (java windows)
Content-Length: 132
Content-Type: application/json; charset=utf-8
host: localhost:58660
accept: */*

Response DefaultHttpResponse(decodeResult: success, version: HTTP/1.1)
HTTP/1.1 200 OK
Content-Type: application/json; charset=utf-8
cache-control: no-cache
content-length: 88

16:40:56.743 [AsyncHttpClient-1-5] DEBUG o.a.netty.channel.ChannelManager - Adding key: http://localhost:58660 for channel [id: 0x392d8bfc, L:/127.0.0.1:53278 - R:localhost/127.0.0.1:58660]
16:40:56.745 [Forwarding sendKeysToElement on session c6001ee48c420b967e4eeec3a75289c8 to remote] DEBUG o.a.netty.request.NettyRequestSender - Using pooled Channel '[id: 0x392d8bfc, L:/127.0.0.1:53278 - R:localhost/127.0.0.1:58660]' for 'POST' to 'http://localhost:58660/session/c6001ee48c420b967e4eeec3a75289c8/element/2b0e042a-8db0-41f9-ac61-a4c7761cd1e3/value'
16:40:56.745 [Forwarding sendKeysToElement on session c6001ee48c420b967e4eeec3a75289c8 to remote] DEBUG o.a.netty.request.NettyRequestSender - Using open Channel [id: 0x392d8bfc, L:/127.0.0.1:53278 - R:localhost/127.0.0.1:58660] for POST '/session/c6001ee48c420b967e4eeec3a75289c8/element/2b0e042a-8db0-41f9-ac61-a4c7761cd1e3/value'
16:40:56.784 [AsyncHttpClient-1-5] DEBUG o.a.netty.handler.HttpHandler - 

Request DefaultHttpRequest(decodeResult: success, version: HTTP/1.1)
POST /session/c6001ee48c420b967e4eeec3a75289c8/element/2b0e042a-8db0-41f9-ac61-a4c7761cd1e3/value HTTP/1.1
User-Agent: selenium/4.1.2 (java windows)
Content-Length: 82
Content-Type: application/json; charset=utf-8
host: localhost:58660
accept: */*

Response DefaultHttpResponse(decodeResult: success, version: HTTP/1.1)
HTTP/1.1 200 OK
Content-Type: application/json; charset=utf-8
cache-control: no-cache
content-length: 14

16:40:56.785 [AsyncHttpClient-1-5] DEBUG o.a.netty.channel.ChannelManager - Adding key: http://localhost:58660 for channel [id: 0x392d8bfc, L:/127.0.0.1:53278 - R:localhost/127.0.0.1:58660]
16:40:56.786 [Forwarding findElement on session c6001ee48c420b967e4eeec3a75289c8 to remote] DEBUG o.a.netty.request.NettyRequestSender - Using pooled Channel '[id: 0x392d8bfc, L:/127.0.0.1:53278 - R:localhost/127.0.0.1:58660]' for 'POST' to 'http://localhost:58660/session/c6001ee48c420b967e4eeec3a75289c8/element'
16:40:56.786 [Forwarding findElement on session c6001ee48c420b967e4eeec3a75289c8 to remote] DEBUG o.a.netty.request.NettyRequestSender - Using open Channel [id: 0x392d8bfc, L:/127.0.0.1:53278 - R:localhost/127.0.0.1:58660] for POST '/session/c6001ee48c420b967e4eeec3a75289c8/element'
16:40:56.798 [AsyncHttpClient-1-5] DEBUG o.a.netty.handler.HttpHandler - 

Request DefaultHttpRequest(decodeResult: success, version: HTTP/1.1)
POST /session/c6001ee48c420b967e4eeec3a75289c8/element HTTP/1.1
User-Agent: selenium/4.1.2 (java windows)
Content-Length: 125
Content-Type: application/json; charset=utf-8
host: localhost:58660
accept: */*

Response DefaultHttpResponse(decodeResult: success, version: HTTP/1.1)
HTTP/1.1 200 OK
Content-Type: application/json; charset=utf-8
cache-control: no-cache
content-length: 88

16:40:56.799 [AsyncHttpClient-1-5] DEBUG o.a.netty.channel.ChannelManager - Adding key: http://localhost:58660 for channel [id: 0x392d8bfc, L:/127.0.0.1:53278 - R:localhost/127.0.0.1:58660]
16:40:56.800 [Forwarding clickElement on session c6001ee48c420b967e4eeec3a75289c8 to remote] DEBUG o.a.netty.request.NettyRequestSender - Using pooled Channel '[id: 0x392d8bfc, L:/127.0.0.1:53278 - R:localhost/127.0.0.1:58660]' for 'POST' to 'http://localhost:58660/session/c6001ee48c420b967e4eeec3a75289c8/element/2317fce8-5ed3-411a-aa3d-e7b2a19063c5/click'
16:40:56.800 [Forwarding clickElement on session c6001ee48c420b967e4eeec3a75289c8 to remote] DEBUG o.a.netty.request.NettyRequestSender - Using open Channel [id: 0x392d8bfc, L:/127.0.0.1:53278 - R:localhost/127.0.0.1:58660] for POST '/session/c6001ee48c420b967e4eeec3a75289c8/element/2317fce8-5ed3-411a-aa3d-e7b2a19063c5/click'
16:40:56.878 [AsyncHttpClient-1-5] DEBUG o.a.netty.handler.HttpHandler - 

Request DefaultHttpRequest(decodeResult: success, version: HTTP/1.1)
POST /session/c6001ee48c420b967e4eeec3a75289c8/element/2317fce8-5ed3-411a-aa3d-e7b2a19063c5/click HTTP/1.1
User-Agent: selenium/4.1.2 (java windows)
Content-Length: 50
Content-Type: application/json; charset=utf-8
host: localhost:58660
accept: */*

Response DefaultHttpResponse(decodeResult: success, version: HTTP/1.1)
HTTP/1.1 200 OK
Content-Type: application/json; charset=utf-8
cache-control: no-cache
content-length: 14

16:40:56.878 [AsyncHttpClient-1-5] DEBUG o.a.netty.channel.ChannelManager - Adding key: http://localhost:58660 for channel [id: 0x392d8bfc, L:/127.0.0.1:53278 - R:localhost/127.0.0.1:58660]
16:40:56.880 [Forwarding findElement on session c6001ee48c420b967e4eeec3a75289c8 to remote] DEBUG o.a.netty.request.NettyRequestSender - Using pooled Channel '[id: 0x392d8bfc, L:/127.0.0.1:53278 - R:localhost/127.0.0.1:58660]' for 'POST' to 'http://localhost:58660/session/c6001ee48c420b967e4eeec3a75289c8/element'
16:40:56.880 [Forwarding findElement on session c6001ee48c420b967e4eeec3a75289c8 to remote] DEBUG o.a.netty.request.NettyRequestSender - Using open Channel [id: 0x392d8bfc, L:/127.0.0.1:53278 - R:localhost/127.0.0.1:58660] for POST '/session/c6001ee48c420b967e4eeec3a75289c8/element'
16:40:56.889 [AsyncHttpClient-1-5] DEBUG o.a.netty.handler.HttpHandler - 

Request DefaultHttpRequest(decodeResult: success, version: HTTP/1.1)
POST /session/c6001ee48c420b967e4eeec3a75289c8/element HTTP/1.1
User-Agent: selenium/4.1.2 (java windows)
Content-Length: 75
Content-Type: application/json; charset=utf-8
host: localhost:58660
accept: */*

Response DefaultHttpResponse(decodeResult: success, version: HTTP/1.1)
HTTP/1.1 200 OK
Content-Type: application/json; charset=utf-8
cache-control: no-cache
content-length: 88

16:40:56.889 [AsyncHttpClient-1-5] DEBUG o.a.netty.channel.ChannelManager - Adding key: http://localhost:58660 for channel [id: 0x392d8bfc, L:/127.0.0.1:53278 - R:localhost/127.0.0.1:58660]
16:40:56.893 [Forwarding isElementDisplayed on session c6001ee48c420b967e4eeec3a75289c8 to remote] DEBUG o.a.netty.request.NettyRequestSender - Using pooled Channel '[id: 0x392d8bfc, L:/127.0.0.1:53278 - R:localhost/127.0.0.1:58660]' for 'POST' to 'http://localhost:58660/session/c6001ee48c420b967e4eeec3a75289c8/execute/sync'
16:40:56.893 [Forwarding isElementDisplayed on session c6001ee48c420b967e4eeec3a75289c8 to remote] DEBUG o.a.netty.request.NettyRequestSender - Using open Channel [id: 0x392d8bfc, L:/127.0.0.1:53278 - R:localhost/127.0.0.1:58660] for POST '/session/c6001ee48c420b967e4eeec3a75289c8/execute/sync'
16:40:56.905 [AsyncHttpClient-1-5] DEBUG o.a.netty.handler.HttpHandler - 

Request DefaultHttpRequest(decodeResult: success, version: HTTP/1.1)
POST /session/c6001ee48c420b967e4eeec3a75289c8/execute/sync HTTP/1.1
User-Agent: selenium/4.1.2 (java windows)
Content-Length: 48780
Content-Type: application/json; charset=utf-8
host: localhost:58660
accept: */*

Response DefaultHttpResponse(decodeResult: success, version: HTTP/1.1)
HTTP/1.1 200 OK
Content-Type: application/json; charset=utf-8
cache-control: no-cache
content-length: 15

16:40:56.906 [AsyncHttpClient-1-5] DEBUG o.a.netty.channel.ChannelManager - Adding key: http://localhost:58660 for channel [id: 0x392d8bfc, L:/127.0.0.1:53278 - R:localhost/127.0.0.1:58660]
16:40:57.101 [AsyncHttpClient-1-1] DEBUG o.a.netty.channel.DefaultChannelPool - Entry count for : http://localhost:58660 : 1
16:40:57.101 [AsyncHttpClient-1-1] DEBUG o.a.netty.channel.DefaultChannelPool - Entry count for : http://localhost:53279 : 1
16:40:57.421 [Forwarding findElement on session c6001ee48c420b967e4eeec3a75289c8 to remote] DEBUG o.a.netty.request.NettyRequestSender - Using pooled Channel '[id: 0x392d8bfc, L:/127.0.0.1:53278 - R:localhost/127.0.0.1:58660]' for 'POST' to 'http://localhost:58660/session/c6001ee48c420b967e4eeec3a75289c8/element'
16:40:57.422 [Forwarding findElement on session c6001ee48c420b967e4eeec3a75289c8 to remote] DEBUG o.a.netty.request.NettyRequestSender - Using open Channel [id: 0x392d8bfc, L:/127.0.0.1:53278 - R:localhost/127.0.0.1:58660] for POST '/session/c6001ee48c420b967e4eeec3a75289c8/element'
16:40:57.428 [AsyncHttpClient-1-5] DEBUG o.a.netty.handler.HttpHandler - 

Request DefaultHttpRequest(decodeResult: success, version: HTTP/1.1)
POST /session/c6001ee48c420b967e4eeec3a75289c8/element HTTP/1.1
User-Agent: selenium/4.1.2 (java windows)
Content-Length: 75
Content-Type: application/json; charset=utf-8
host: localhost:58660
accept: */*

Response DefaultHttpResponse(decodeResult: success, version: HTTP/1.1)
HTTP/1.1 200 OK
Content-Type: application/json; charset=utf-8
cache-control: no-cache
content-length: 88

16:40:57.429 [AsyncHttpClient-1-5] DEBUG o.a.netty.channel.ChannelManager - Adding key: http://localhost:58660 for channel [id: 0x392d8bfc, L:/127.0.0.1:53278 - R:localhost/127.0.0.1:58660]
16:40:57.432 [Forwarding isElementDisplayed on session c6001ee48c420b967e4eeec3a75289c8 to remote] DEBUG o.a.netty.request.NettyRequestSender - Using pooled Channel '[id: 0x392d8bfc, L:/127.0.0.1:53278 - R:localhost/127.0.0.1:58660]' for 'POST' to 'http://localhost:58660/session/c6001ee48c420b967e4eeec3a75289c8/execute/sync'
16:40:57.432 [Forwarding isElementDisplayed on session c6001ee48c420b967e4eeec3a75289c8 to remote] DEBUG o.a.netty.request.NettyRequestSender - Using open Channel [id: 0x392d8bfc, L:/127.0.0.1:53278 - R:localhost/127.0.0.1:58660] for POST '/session/c6001ee48c420b967e4eeec3a75289c8/execute/sync'
16:40:57.443 [AsyncHttpClient-1-5] DEBUG o.a.netty.handler.HttpHandler - 

Request DefaultHttpRequest(decodeResult: success, version: HTTP/1.1)
POST /session/c6001ee48c420b967e4eeec3a75289c8/execute/sync HTTP/1.1
User-Agent: selenium/4.1.2 (java windows)
Content-Length: 48780
Content-Type: application/json; charset=utf-8
host: localhost:58660
accept: */*

Response DefaultHttpResponse(decodeResult: success, version: HTTP/1.1)
HTTP/1.1 200 OK
Content-Type: application/json; charset=utf-8
cache-control: no-cache
content-length: 15

16:40:57.443 [AsyncHttpClient-1-5] DEBUG o.a.netty.channel.ChannelManager - Adding key: http://localhost:58660 for channel [id: 0x392d8bfc, L:/127.0.0.1:53278 - R:localhost/127.0.0.1:58660]
16:40:57.960 [Forwarding findElement on session c6001ee48c420b967e4eeec3a75289c8 to remote] DEBUG o.a.netty.request.NettyRequestSender - Using pooled Channel '[id: 0x392d8bfc, L:/127.0.0.1:53278 - R:localhost/127.0.0.1:58660]' for 'POST' to 'http://localhost:58660/session/c6001ee48c420b967e4eeec3a75289c8/element'
16:40:57.960 [Forwarding findElement on session c6001ee48c420b967e4eeec3a75289c8 to remote] DEBUG o.a.netty.request.NettyRequestSender - Using open Channel [id: 0x392d8bfc, L:/127.0.0.1:53278 - R:localhost/127.0.0.1:58660] for POST '/session/c6001ee48c420b967e4eeec3a75289c8/element'
16:40:57.967 [AsyncHttpClient-1-5] DEBUG o.a.netty.handler.HttpHandler - 

Request DefaultHttpRequest(decodeResult: success, version: HTTP/1.1)
POST /session/c6001ee48c420b967e4eeec3a75289c8/element HTTP/1.1
User-Agent: selenium/4.1.2 (java windows)
Content-Length: 75
Content-Type: application/json; charset=utf-8
host: localhost:58660
accept: */*

Response DefaultHttpResponse(decodeResult: success, version: HTTP/1.1)
HTTP/1.1 200 OK
Content-Type: application/json; charset=utf-8
cache-control: no-cache
content-length: 88

16:40:57.967 [AsyncHttpClient-1-5] DEBUG o.a.netty.channel.ChannelManager - Adding key: http://localhost:58660 for channel [id: 0x392d8bfc, L:/127.0.0.1:53278 - R:localhost/127.0.0.1:58660]
16:40:57.971 [Forwarding isElementDisplayed on session c6001ee48c420b967e4eeec3a75289c8 to remote] DEBUG o.a.netty.request.NettyRequestSender - Using pooled Channel '[id: 0x392d8bfc, L:/127.0.0.1:53278 - R:localhost/127.0.0.1:58660]' for 'POST' to 'http://localhost:58660/session/c6001ee48c420b967e4eeec3a75289c8/execute/sync'
16:40:57.971 [Forwarding isElementDisplayed on session c6001ee48c420b967e4eeec3a75289c8 to remote] DEBUG o.a.netty.request.NettyRequestSender - Using open Channel [id: 0x392d8bfc, L:/127.0.0.1:53278 - R:localhost/127.0.0.1:58660] for POST '/session/c6001ee48c420b967e4eeec3a75289c8/execute/sync'
16:40:57.981 [AsyncHttpClient-1-5] DEBUG o.a.netty.handler.HttpHandler - 

Request DefaultHttpRequest(decodeResult: success, version: HTTP/1.1)
POST /session/c6001ee48c420b967e4eeec3a75289c8/execute/sync HTTP/1.1
User-Agent: selenium/4.1.2 (java windows)
Content-Length: 48780
Content-Type: application/json; charset=utf-8
host: localhost:58660
accept: */*

Response DefaultHttpResponse(decodeResult: success, version: HTTP/1.1)
HTTP/1.1 200 OK
Content-Type: application/json; charset=utf-8
cache-control: no-cache
content-length: 14

16:40:57.981 [AsyncHttpClient-1-5] DEBUG o.a.netty.channel.ChannelManager - Adding key: http://localhost:58660 for channel [id: 0x392d8bfc, L:/127.0.0.1:53278 - R:localhost/127.0.0.1:58660]
16:40:57.983 [Forwarding getElementText on session c6001ee48c420b967e4eeec3a75289c8 to remote] DEBUG o.a.netty.request.NettyRequestSender - Using pooled Channel '[id: 0x392d8bfc, L:/127.0.0.1:53278 - R:localhost/127.0.0.1:58660]' for 'GET' to 'http://localhost:58660/session/c6001ee48c420b967e4eeec3a75289c8/element/9948ec13-ce0c-4967-8953-1188ecf2b24d/text'
16:40:57.983 [Forwarding getElementText on session c6001ee48c420b967e4eeec3a75289c8 to remote] DEBUG o.a.netty.request.NettyRequestSender - Using open Channel [id: 0x392d8bfc, L:/127.0.0.1:53278 - R:localhost/127.0.0.1:58660] for GET '/session/c6001ee48c420b967e4eeec3a75289c8/element/9948ec13-ce0c-4967-8953-1188ecf2b24d/text'
16:40:57.996 [AsyncHttpClient-1-5] DEBUG o.a.netty.handler.HttpHandler - 

Request DefaultFullHttpRequest(decodeResult: success, version: HTTP/1.1, content: EmptyByteBufBE)
GET /session/c6001ee48c420b967e4eeec3a75289c8/element/9948ec13-ce0c-4967-8953-1188ecf2b24d/text HTTP/1.1
User-Agent: selenium/4.1.2 (java windows)
Cache-Control: no-cache
Content-Type: application/json; charset=utf-8
host: localhost:58660
accept: */*

Response DefaultHttpResponse(decodeResult: success, version: HTTP/1.1)
HTTP/1.1 200 OK
Content-Type: application/json; charset=utf-8
cache-control: no-cache
content-length: 59

16:40:57.996 [AsyncHttpClient-1-5] DEBUG o.a.netty.channel.ChannelManager - Adding key: http://localhost:58660 for channel [id: 0x392d8bfc, L:/127.0.0.1:53278 - R:localhost/127.0.0.1:58660]
16:40:58.208 [AsyncHttpClient-1-1] DEBUG o.a.netty.channel.DefaultChannelPool - Entry count for : http://localhost:58660 : 1
16:40:58.208 [AsyncHttpClient-1-1] DEBUG o.a.netty.channel.DefaultChannelPool - Entry count for : http://localhost:53279 : 1
16:40:59.306 [AsyncHttpClient-1-1] DEBUG o.a.netty.channel.DefaultChannelPool - Entry count for : http://localhost:58660 : 1
16:40:59.306 [AsyncHttpClient-1-1] DEBUG o.a.netty.channel.DefaultChannelPool - Entry count for : http://localhost:53279 : 1
16:41:00.401 [AsyncHttpClient-1-1] DEBUG o.a.netty.channel.DefaultChannelPool - Entry count for : http://localhost:58660 : 1
16:41:00.401 [AsyncHttpClient-1-1] DEBUG o.a.netty.channel.DefaultChannelPool - Entry count for : http://localhost:53279 : 1
16:41:01.516 [AsyncHttpClient-1-1] DEBUG o.a.netty.channel.DefaultChannelPool - Entry count for : http://localhost:58660 : 1
16:41:01.516 [AsyncHttpClient-1-1] DEBUG o.a.netty.channel.DefaultChannelPool - Entry count for : http://localhost:53279 : 1
16:41:02.010 [Forwarding findElement on session c6001ee48c420b967e4eeec3a75289c8 to remote] DEBUG o.a.netty.request.NettyRequestSender - Using pooled Channel '[id: 0x392d8bfc, L:/127.0.0.1:53278 - R:localhost/127.0.0.1:58660]' for 'POST' to 'http://localhost:58660/session/c6001ee48c420b967e4eeec3a75289c8/element'
16:41:02.010 [Forwarding findElement on session c6001ee48c420b967e4eeec3a75289c8 to remote] DEBUG o.a.netty.request.NettyRequestSender - Using open Channel [id: 0x392d8bfc, L:/127.0.0.1:53278 - R:localhost/127.0.0.1:58660] for POST '/session/c6001ee48c420b967e4eeec3a75289c8/element'
16:41:02.016 [AsyncHttpClient-1-5] DEBUG o.a.netty.handler.HttpHandler - 

Request DefaultHttpRequest(decodeResult: success, version: HTTP/1.1)
POST /session/c6001ee48c420b967e4eeec3a75289c8/element HTTP/1.1
User-Agent: selenium/4.1.2 (java windows)
Content-Length: 128
Content-Type: application/json; charset=utf-8
host: localhost:58660
accept: */*

Response DefaultHttpResponse(decodeResult: success, version: HTTP/1.1)
HTTP/1.1 200 OK
Content-Type: application/json; charset=utf-8
cache-control: no-cache
content-length: 88

16:41:02.016 [AsyncHttpClient-1-5] DEBUG o.a.netty.channel.ChannelManager - Adding key: http://localhost:58660 for channel [id: 0x392d8bfc, L:/127.0.0.1:53278 - R:localhost/127.0.0.1:58660]
16:41:02.018 [Forwarding sendKeysToElement on session c6001ee48c420b967e4eeec3a75289c8 to remote] DEBUG o.a.netty.request.NettyRequestSender - Using pooled Channel '[id: 0x392d8bfc, L:/127.0.0.1:53278 - R:localhost/127.0.0.1:58660]' for 'POST' to 'http://localhost:58660/session/c6001ee48c420b967e4eeec3a75289c8/element/53fc87c8-cda4-4f6d-9572-244a497a6fcd/value'
16:41:02.018 [Forwarding sendKeysToElement on session c6001ee48c420b967e4eeec3a75289c8 to remote] DEBUG o.a.netty.request.NettyRequestSender - Using open Channel [id: 0x392d8bfc, L:/127.0.0.1:53278 - R:localhost/127.0.0.1:58660] for POST '/session/c6001ee48c420b967e4eeec3a75289c8/element/53fc87c8-cda4-4f6d-9572-244a497a6fcd/value'
16:41:02.041 [AsyncHttpClient-1-5] DEBUG o.a.netty.handler.HttpHandler - 

Request DefaultHttpRequest(decodeResult: success, version: HTTP/1.1)
POST /session/c6001ee48c420b967e4eeec3a75289c8/element/53fc87c8-cda4-4f6d-9572-244a497a6fcd/value HTTP/1.1
User-Agent: selenium/4.1.2 (java windows)
Content-Length: 82
Content-Type: application/json; charset=utf-8
host: localhost:58660
accept: */*

Response DefaultHttpResponse(decodeResult: success, version: HTTP/1.1)
HTTP/1.1 200 OK
Content-Type: application/json; charset=utf-8
cache-control: no-cache
content-length: 14

16:41:02.041 [AsyncHttpClient-1-5] DEBUG o.a.netty.channel.ChannelManager - Adding key: http://localhost:58660 for channel [id: 0x392d8bfc, L:/127.0.0.1:53278 - R:localhost/127.0.0.1:58660]
16:41:02.042 [Forwarding findElement on session c6001ee48c420b967e4eeec3a75289c8 to remote] DEBUG o.a.netty.request.NettyRequestSender - Using pooled Channel '[id: 0x392d8bfc, L:/127.0.0.1:53278 - R:localhost/127.0.0.1:58660]' for 'POST' to 'http://localhost:58660/session/c6001ee48c420b967e4eeec3a75289c8/element'
16:41:02.042 [Forwarding findElement on session c6001ee48c420b967e4eeec3a75289c8 to remote] DEBUG o.a.netty.request.NettyRequestSender - Using open Channel [id: 0x392d8bfc, L:/127.0.0.1:53278 - R:localhost/127.0.0.1:58660] for POST '/session/c6001ee48c420b967e4eeec3a75289c8/element'
16:41:02.049 [AsyncHttpClient-1-5] DEBUG o.a.netty.handler.HttpHandler - 

Request DefaultHttpRequest(decodeResult: success, version: HTTP/1.1)
POST /session/c6001ee48c420b967e4eeec3a75289c8/element HTTP/1.1
User-Agent: selenium/4.1.2 (java windows)
Content-Length: 132
Content-Type: application/json; charset=utf-8
host: localhost:58660
accept: */*

Response DefaultHttpResponse(decodeResult: success, version: HTTP/1.1)
HTTP/1.1 200 OK
Content-Type: application/json; charset=utf-8
cache-control: no-cache
content-length: 88

16:41:02.050 [AsyncHttpClient-1-5] DEBUG o.a.netty.channel.ChannelManager - Adding key: http://localhost:58660 for channel [id: 0x392d8bfc, L:/127.0.0.1:53278 - R:localhost/127.0.0.1:58660]
16:41:02.051 [Forwarding sendKeysToElement on session c6001ee48c420b967e4eeec3a75289c8 to remote] DEBUG o.a.netty.request.NettyRequestSender - Using pooled Channel '[id: 0x392d8bfc, L:/127.0.0.1:53278 - R:localhost/127.0.0.1:58660]' for 'POST' to 'http://localhost:58660/session/c6001ee48c420b967e4eeec3a75289c8/element/1dcc8e27-5c58-4cbc-8aeb-edd31f045f1c/value'
16:41:02.052 [Forwarding sendKeysToElement on session c6001ee48c420b967e4eeec3a75289c8 to remote] DEBUG o.a.netty.request.NettyRequestSender - Using open Channel [id: 0x392d8bfc, L:/127.0.0.1:53278 - R:localhost/127.0.0.1:58660] for POST '/session/c6001ee48c420b967e4eeec3a75289c8/element/1dcc8e27-5c58-4cbc-8aeb-edd31f045f1c/value'
16:41:02.094 [AsyncHttpClient-1-5] DEBUG o.a.netty.handler.HttpHandler - 

Request DefaultHttpRequest(decodeResult: success, version: HTTP/1.1)
POST /session/c6001ee48c420b967e4eeec3a75289c8/element/1dcc8e27-5c58-4cbc-8aeb-edd31f045f1c/value HTTP/1.1
User-Agent: selenium/4.1.2 (java windows)
Content-Length: 82
Content-Type: application/json; charset=utf-8
host: localhost:58660
accept: */*

Response DefaultHttpResponse(decodeResult: success, version: HTTP/1.1)
HTTP/1.1 200 OK
Content-Type: application/json; charset=utf-8
cache-control: no-cache
content-length: 14

16:41:02.094 [AsyncHttpClient-1-5] DEBUG o.a.netty.channel.ChannelManager - Adding key: http://localhost:58660 for channel [id: 0x392d8bfc, L:/127.0.0.1:53278 - R:localhost/127.0.0.1:58660]
16:41:02.095 [Forwarding findElement on session c6001ee48c420b967e4eeec3a75289c8 to remote] DEBUG o.a.netty.request.NettyRequestSender - Using pooled Channel '[id: 0x392d8bfc, L:/127.0.0.1:53278 - R:localhost/127.0.0.1:58660]' for 'POST' to 'http://localhost:58660/session/c6001ee48c420b967e4eeec3a75289c8/element'
16:41:02.095 [Forwarding findElement on session c6001ee48c420b967e4eeec3a75289c8 to remote] DEBUG o.a.netty.request.NettyRequestSender - Using open Channel [id: 0x392d8bfc, L:/127.0.0.1:53278 - R:localhost/127.0.0.1:58660] for POST '/session/c6001ee48c420b967e4eeec3a75289c8/element'
16:41:02.102 [AsyncHttpClient-1-5] DEBUG o.a.netty.handler.HttpHandler - 

Request DefaultHttpRequest(decodeResult: success, version: HTTP/1.1)
POST /session/c6001ee48c420b967e4eeec3a75289c8/element HTTP/1.1
User-Agent: selenium/4.1.2 (java windows)
Content-Length: 125
Content-Type: application/json; charset=utf-8
host: localhost:58660
accept: */*

Response DefaultHttpResponse(decodeResult: success, version: HTTP/1.1)
HTTP/1.1 200 OK
Content-Type: application/json; charset=utf-8
cache-control: no-cache
content-length: 88

16:41:02.103 [AsyncHttpClient-1-5] DEBUG o.a.netty.channel.ChannelManager - Adding key: http://localhost:58660 for channel [id: 0x392d8bfc, L:/127.0.0.1:53278 - R:localhost/127.0.0.1:58660]
16:41:02.105 [Forwarding clickElement on session c6001ee48c420b967e4eeec3a75289c8 to remote] DEBUG o.a.netty.request.NettyRequestSender - Using pooled Channel '[id: 0x392d8bfc, L:/127.0.0.1:53278 - R:localhost/127.0.0.1:58660]' for 'POST' to 'http://localhost:58660/session/c6001ee48c420b967e4eeec3a75289c8/element/932900c4-2716-459d-9816-86fd929a14ae/click'
16:41:02.105 [Forwarding clickElement on session c6001ee48c420b967e4eeec3a75289c8 to remote] DEBUG o.a.netty.request.NettyRequestSender - Using open Channel [id: 0x392d8bfc, L:/127.0.0.1:53278 - R:localhost/127.0.0.1:58660] for POST '/session/c6001ee48c420b967e4eeec3a75289c8/element/932900c4-2716-459d-9816-86fd929a14ae/click'
16:41:02.183 [AsyncHttpClient-1-5] DEBUG o.a.netty.handler.HttpHandler - 

Request DefaultHttpRequest(decodeResult: success, version: HTTP/1.1)
POST /session/c6001ee48c420b967e4eeec3a75289c8/element/932900c4-2716-459d-9816-86fd929a14ae/click HTTP/1.1
User-Agent: selenium/4.1.2 (java windows)
Content-Length: 50
Content-Type: application/json; charset=utf-8
host: localhost:58660
accept: */*

Response DefaultHttpResponse(decodeResult: success, version: HTTP/1.1)
HTTP/1.1 200 OK
Content-Type: application/json; charset=utf-8
cache-control: no-cache
content-length: 14

16:41:02.183 [AsyncHttpClient-1-5] DEBUG o.a.netty.channel.ChannelManager - Adding key: http://localhost:58660 for channel [id: 0x392d8bfc, L:/127.0.0.1:53278 - R:localhost/127.0.0.1:58660]
16:41:02.184 [Forwarding findElement on session c6001ee48c420b967e4eeec3a75289c8 to remote] DEBUG o.a.netty.request.NettyRequestSender - Using pooled Channel '[id: 0x392d8bfc, L:/127.0.0.1:53278 - R:localhost/127.0.0.1:58660]' for 'POST' to 'http://localhost:58660/session/c6001ee48c420b967e4eeec3a75289c8/element'
16:41:02.184 [Forwarding findElement on session c6001ee48c420b967e4eeec3a75289c8 to remote] DEBUG o.a.netty.request.NettyRequestSender - Using open Channel [id: 0x392d8bfc, L:/127.0.0.1:53278 - R:localhost/127.0.0.1:58660] for POST '/session/c6001ee48c420b967e4eeec3a75289c8/element'
16:41:02.193 [AsyncHttpClient-1-5] DEBUG o.a.netty.handler.HttpHandler - 

Request DefaultHttpRequest(decodeResult: success, version: HTTP/1.1)
POST /session/c6001ee48c420b967e4eeec3a75289c8/element HTTP/1.1
User-Agent: selenium/4.1.2 (java windows)
Content-Length: 75
Content-Type: application/json; charset=utf-8
host: localhost:58660
accept: */*

Response DefaultHttpResponse(decodeResult: success, version: HTTP/1.1)
HTTP/1.1 200 OK
Content-Type: application/json; charset=utf-8
cache-control: no-cache
content-length: 88

16:41:02.193 [AsyncHttpClient-1-5] DEBUG o.a.netty.channel.ChannelManager - Adding key: http://localhost:58660 for channel [id: 0x392d8bfc, L:/127.0.0.1:53278 - R:localhost/127.0.0.1:58660]
16:41:02.197 [Forwarding isElementDisplayed on session c6001ee48c420b967e4eeec3a75289c8 to remote] DEBUG o.a.netty.request.NettyRequestSender - Using pooled Channel '[id: 0x392d8bfc, L:/127.0.0.1:53278 - R:localhost/127.0.0.1:58660]' for 'POST' to 'http://localhost:58660/session/c6001ee48c420b967e4eeec3a75289c8/execute/sync'
16:41:02.197 [Forwarding isElementDisplayed on session c6001ee48c420b967e4eeec3a75289c8 to remote] DEBUG o.a.netty.request.NettyRequestSender - Using open Channel [id: 0x392d8bfc, L:/127.0.0.1:53278 - R:localhost/127.0.0.1:58660] for POST '/session/c6001ee48c420b967e4eeec3a75289c8/execute/sync'
16:41:02.209 [AsyncHttpClient-1-5] DEBUG o.a.netty.handler.HttpHandler - 

Request DefaultHttpRequest(decodeResult: success, version: HTTP/1.1)
POST /session/c6001ee48c420b967e4eeec3a75289c8/execute/sync HTTP/1.1
User-Agent: selenium/4.1.2 (java windows)
Content-Length: 48780
Content-Type: application/json; charset=utf-8
host: localhost:58660
accept: */*

Response DefaultHttpResponse(decodeResult: success, version: HTTP/1.1)
HTTP/1.1 200 OK
Content-Type: application/json; charset=utf-8
cache-control: no-cache
content-length: 15

16:41:02.209 [AsyncHttpClient-1-5] DEBUG o.a.netty.channel.ChannelManager - Adding key: http://localhost:58660 for channel [id: 0x392d8bfc, L:/127.0.0.1:53278 - R:localhost/127.0.0.1:58660]
16:41:02.615 [AsyncHttpClient-1-1] DEBUG o.a.netty.channel.DefaultChannelPool - Entry count for : http://localhost:58660 : 1
16:41:02.615 [AsyncHttpClient-1-1] DEBUG o.a.netty.channel.DefaultChannelPool - Entry count for : http://localhost:53279 : 1
16:41:02.711 [Forwarding findElement on session c6001ee48c420b967e4eeec3a75289c8 to remote] DEBUG o.a.netty.request.NettyRequestSender - Using pooled Channel '[id: 0x392d8bfc, L:/127.0.0.1:53278 - R:localhost/127.0.0.1:58660]' for 'POST' to 'http://localhost:58660/session/c6001ee48c420b967e4eeec3a75289c8/element'
16:41:02.712 [Forwarding findElement on session c6001ee48c420b967e4eeec3a75289c8 to remote] DEBUG o.a.netty.request.NettyRequestSender - Using open Channel [id: 0x392d8bfc, L:/127.0.0.1:53278 - R:localhost/127.0.0.1:58660] for POST '/session/c6001ee48c420b967e4eeec3a75289c8/element'
16:41:02.718 [AsyncHttpClient-1-5] DEBUG o.a.netty.handler.HttpHandler - 

Request DefaultHttpRequest(decodeResult: success, version: HTTP/1.1)
POST /session/c6001ee48c420b967e4eeec3a75289c8/element HTTP/1.1
User-Agent: selenium/4.1.2 (java windows)
Content-Length: 75
Content-Type: application/json; charset=utf-8
host: localhost:58660
accept: */*

Response DefaultHttpResponse(decodeResult: success, version: HTTP/1.1)
HTTP/1.1 200 OK
Content-Type: application/json; charset=utf-8
cache-control: no-cache
content-length: 88

16:41:02.718 [AsyncHttpClient-1-5] DEBUG o.a.netty.channel.ChannelManager - Adding key: http://localhost:58660 for channel [id: 0x392d8bfc, L:/127.0.0.1:53278 - R:localhost/127.0.0.1:58660]
16:41:02.722 [Forwarding isElementDisplayed on session c6001ee48c420b967e4eeec3a75289c8 to remote] DEBUG o.a.netty.request.NettyRequestSender - Using pooled Channel '[id: 0x392d8bfc, L:/127.0.0.1:53278 - R:localhost/127.0.0.1:58660]' for 'POST' to 'http://localhost:58660/session/c6001ee48c420b967e4eeec3a75289c8/execute/sync'
16:41:02.722 [Forwarding isElementDisplayed on session c6001ee48c420b967e4eeec3a75289c8 to remote] DEBUG o.a.netty.request.NettyRequestSender - Using open Channel [id: 0x392d8bfc, L:/127.0.0.1:53278 - R:localhost/127.0.0.1:58660] for POST '/session/c6001ee48c420b967e4eeec3a75289c8/execute/sync'
16:41:02.731 [AsyncHttpClient-1-5] DEBUG o.a.netty.handler.HttpHandler - 

Request DefaultHttpRequest(decodeResult: success, version: HTTP/1.1)
POST /session/c6001ee48c420b967e4eeec3a75289c8/execute/sync HTTP/1.1
User-Agent: selenium/4.1.2 (java windows)
Content-Length: 48780
Content-Type: application/json; charset=utf-8
host: localhost:58660
accept: */*

Response DefaultHttpResponse(decodeResult: success, version: HTTP/1.1)
HTTP/1.1 200 OK
Content-Type: application/json; charset=utf-8
cache-control: no-cache
content-length: 14

16:41:02.731 [AsyncHttpClient-1-5] DEBUG o.a.netty.channel.ChannelManager - Adding key: http://localhost:58660 for channel [id: 0x392d8bfc, L:/127.0.0.1:53278 - R:localhost/127.0.0.1:58660]
16:41:02.732 [Forwarding getElementText on session c6001ee48c420b967e4eeec3a75289c8 to remote] DEBUG o.a.netty.request.NettyRequestSender - Using pooled Channel '[id: 0x392d8bfc, L:/127.0.0.1:53278 - R:localhost/127.0.0.1:58660]' for 'GET' to 'http://localhost:58660/session/c6001ee48c420b967e4eeec3a75289c8/element/685abd5c-79e9-43b0-b99c-72dcb9332580/text'
16:41:02.732 [Forwarding getElementText on session c6001ee48c420b967e4eeec3a75289c8 to remote] DEBUG o.a.netty.request.NettyRequestSender - Using open Channel [id: 0x392d8bfc, L:/127.0.0.1:53278 - R:localhost/127.0.0.1:58660] for GET '/session/c6001ee48c420b967e4eeec3a75289c8/element/685abd5c-79e9-43b0-b99c-72dcb9332580/text'
16:41:02.746 [AsyncHttpClient-1-5] DEBUG o.a.netty.handler.HttpHandler - 

Request DefaultFullHttpRequest(decodeResult: success, version: HTTP/1.1, content: EmptyByteBufBE)
GET /session/c6001ee48c420b967e4eeec3a75289c8/element/685abd5c-79e9-43b0-b99c-72dcb9332580/text HTTP/1.1
User-Agent: selenium/4.1.2 (java windows)
Cache-Control: no-cache
Content-Type: application/json; charset=utf-8
host: localhost:58660
accept: */*

Response DefaultHttpResponse(decodeResult: success, version: HTTP/1.1)
HTTP/1.1 200 OK
Content-Type: application/json; charset=utf-8
cache-control: no-cache
content-length: 59

16:41:02.746 [AsyncHttpClient-1-5] DEBUG o.a.netty.channel.ChannelManager - Adding key: http://localhost:58660 for channel [id: 0x392d8bfc, L:/127.0.0.1:53278 - R:localhost/127.0.0.1:58660]
16:41:03.716 [AsyncHttpClient-1-1] DEBUG o.a.netty.channel.DefaultChannelPool - Entry count for : http://localhost:58660 : 1
16:41:03.716 [AsyncHttpClient-1-1] DEBUG o.a.netty.channel.DefaultChannelPool - Entry count for : http://localhost:53279 : 1
  &amp#27;[32mWhen &amp#27;[0m&amp#27;[32muser login using invalid credentials form ExcelData with File &amp#27;[0m&amp#27;[32m&amp#27;[1m"InvalidUserCredentials"&amp#27;[0m&amp#27;[32m and SheetName &amp#27;[0m&amp#27;[32m&amp#27;[1m"InvalidUserCredentials"&amp#27;[0m &amp#27;[90m# stepdefinitions.LoginPageSteps.user_login_using_invalid_credentials_form_excel_data_with_file_and_sheet_name(java.lang.String,java.lang.String)&amp#27;[0m
16:41:04.765 [Forwarding getTitle on session c6001ee48c420b967e4eeec3a75289c8 to remote] DEBUG o.a.netty.request.NettyRequestSender - Using pooled Channel '[id: 0x392d8bfc, L:/127.0.0.1:53278 - R:localhost/127.0.0.1:58660]' for 'GET' to 'http://localhost:58660/session/c6001ee48c420b967e4eeec3a75289c8/title'
16:41:04.765 [Forwarding getTitle on session c6001ee48c420b967e4eeec3a75289c8 to remote] DEBUG o.a.netty.request.NettyRequestSender - Using open Channel [id: 0x392d8bfc, L:/127.0.0.1:53278 - R:localhost/127.0.0.1:58660] for GET '/session/c6001ee48c420b967e4eeec3a75289c8/title'
16:41:04.769 [AsyncHttpClient-1-5] DEBUG o.a.netty.handler.HttpHandler - 

Request DefaultFullHttpRequest(decodeResult: success, version: HTTP/1.1, content: EmptyByteBufBE)
GET /session/c6001ee48c420b967e4eeec3a75289c8/title HTTP/1.1
User-Agent: selenium/4.1.2 (java windows)
Cache-Control: no-cache
Content-Type: application/json; charset=utf-8
host: localhost:58660
accept: */*

Response DefaultHttpResponse(decodeResult: success, version: HTTP/1.1)
HTTP/1.1 200 OK
Content-Type: application/json; charset=utf-8
cache-control: no-cache
content-length: 22

16:41:04.770 [AsyncHttpClient-1-5] DEBUG o.a.netty.channel.ChannelManager - Adding key: http://localhost:58660 for channel [id: 0x392d8bfc, L:/127.0.0.1:53278 - R:localhost/127.0.0.1:58660]
16:41:04.771 [Forwarding getTitle on session c6001ee48c420b967e4eeec3a75289c8 to remote] DEBUG o.a.netty.request.NettyRequestSender - Using pooled Channel '[id: 0x392d8bfc, L:/127.0.0.1:53278 - R:localhost/127.0.0.1:58660]' for 'GET' to 'http://localhost:58660/session/c6001ee48c420b967e4eeec3a75289c8/title'
16:41:04.771 [Forwarding getTitle on session c6001ee48c420b967e4eeec3a75289c8 to remote] DEBUG o.a.netty.request.NettyRequestSender - Using open Channel [id: 0x392d8bfc, L:/127.0.0.1:53278 - R:localhost/127.0.0.1:58660] for GET '/session/c6001ee48c420b967e4eeec3a75289c8/title'
16:41:04.774 [AsyncHttpClient-1-5] DEBUG o.a.netty.handler.HttpHandler - 

Request DefaultFullHttpRequest(decodeResult: success, version: HTTP/1.1, content: EmptyByteBufBE)
GET /session/c6001ee48c420b967e4eeec3a75289c8/title HTTP/1.1
User-Agent: selenium/4.1.2 (java windows)
Cache-Control: no-cache
Content-Type: application/json; charset=utf-8
host: localhost:58660
accept: */*

Response DefaultHttpResponse(decodeResult: success, version: HTTP/1.1)
HTTP/1.1 200 OK
Content-Type: application/json; charset=utf-8
cache-control: no-cache
content-length: 22

16:41:04.774 [AsyncHttpClient-1-5] DEBUG o.a.netty.channel.ChannelManager - Adding key: http://localhost:58660 for channel [id: 0x392d8bfc, L:/127.0.0.1:53278 - R:localhost/127.0.0.1:58660]
16:41:04.808 [AsyncHttpClient-1-1] DEBUG o.a.netty.channel.DefaultChannelPool - Entry count for : http://localhost:58660 : 1
16:41:04.808 [AsyncHttpClient-1-1] DEBUG o.a.netty.channel.DefaultChannelPool - Entry count for : http://localhost:53279 : 1
16:41:05.907 [AsyncHttpClient-1-1] DEBUG o.a.netty.channel.DefaultChannelPool - Entry count for : http://localhost:58660 : 1
16:41:05.907 [AsyncHttpClient-1-1] DEBUG o.a.netty.channel.DefaultChannelPool - Entry count for : http://localhost:53279 : 1
16:41:07.012 [AsyncHttpClient-1-1] DEBUG o.a.netty.channel.DefaultChannelPool - Entry count for : http://localhost:58660 : 1
16:41:07.012 [AsyncHttpClient-1-1] DEBUG o.a.netty.channel.DefaultChannelPool - Entry count for : http://localhost:53279 : 1
16:41:08.101 [AsyncHttpClient-1-1] DEBUG o.a.netty.channel.DefaultChannelPool - Entry count for : http://localhost:58660 : 1
16:41:08.101 [AsyncHttpClient-1-1] DEBUG o.a.netty.channel.DefaultChannelPool - Entry count for : http://localhost:53279 : 1
16:41:09.208 [AsyncHttpClient-1-1] DEBUG o.a.netty.channel.DefaultChannelPool - Entry count for : http://localhost:58660 : 1
16:41:09.208 [AsyncHttpClient-1-1] DEBUG o.a.netty.channel.DefaultChannelPool - Entry count for : http://localhost:53279 : 1
16:41:09.789 [Forwarding findElement on session c6001ee48c420b967e4eeec3a75289c8 to remote] DEBUG o.a.netty.request.NettyRequestSender - Using pooled Channel '[id: 0x392d8bfc, L:/127.0.0.1:53278 - R:localhost/127.0.0.1:58660]' for 'POST' to 'http://localhost:58660/session/c6001ee48c420b967e4eeec3a75289c8/element'
16:41:09.790 [Forwarding findElement on session c6001ee48c420b967e4eeec3a75289c8 to remote] DEBUG o.a.netty.request.NettyRequestSender - Using open Channel [id: 0x392d8bfc, L:/127.0.0.1:53278 - R:localhost/127.0.0.1:58660] for POST '/session/c6001ee48c420b967e4eeec3a75289c8/element'
16:41:09.804 [AsyncHttpClient-1-5] DEBUG o.a.netty.handler.HttpHandler - 

Request DefaultHttpRequest(decodeResult: success, version: HTTP/1.1)
POST /session/c6001ee48c420b967e4eeec3a75289c8/element HTTP/1.1
User-Agent: selenium/4.1.2 (java windows)
Content-Length: 75
Content-Type: application/json; charset=utf-8
host: localhost:58660
accept: */*

Response DefaultHttpResponse(decodeResult: success, version: HTTP/1.1)
HTTP/1.1 200 OK
Content-Type: application/json; charset=utf-8
cache-control: no-cache
content-length: 88

16:41:09.804 [AsyncHttpClient-1-5] DEBUG o.a.netty.channel.ChannelManager - Adding key: http://localhost:58660 for channel [id: 0x392d8bfc, L:/127.0.0.1:53278 - R:localhost/127.0.0.1:58660]
16:41:09.808 [Forwarding isElementDisplayed on session c6001ee48c420b967e4eeec3a75289c8 to remote] DEBUG o.a.netty.request.NettyRequestSender - Using pooled Channel '[id: 0x392d8bfc, L:/127.0.0.1:53278 - R:localhost/127.0.0.1:58660]' for 'POST' to 'http://localhost:58660/session/c6001ee48c420b967e4eeec3a75289c8/execute/sync'
16:41:09.808 [Forwarding isElementDisplayed on session c6001ee48c420b967e4eeec3a75289c8 to remote] DEBUG o.a.netty.request.NettyRequestSender - Using open Channel [id: 0x392d8bfc, L:/127.0.0.1:53278 - R:localhost/127.0.0.1:58660] for POST '/session/c6001ee48c420b967e4eeec3a75289c8/execute/sync'
16:41:09.827 [AsyncHttpClient-1-5] DEBUG o.a.netty.handler.HttpHandler - 

Request DefaultHttpRequest(decodeResult: success, version: HTTP/1.1)
POST /session/c6001ee48c420b967e4eeec3a75289c8/execute/sync HTTP/1.1
User-Agent: selenium/4.1.2 (java windows)
Content-Length: 48780
Content-Type: application/json; charset=utf-8
host: localhost:58660
accept: */*

Response DefaultHttpResponse(decodeResult: success, version: HTTP/1.1)
HTTP/1.1 200 OK
Content-Type: application/json; charset=utf-8
cache-control: no-cache
content-length: 14

16:41:09.827 [AsyncHttpClient-1-5] DEBUG o.a.netty.channel.ChannelManager - Adding key: http://localhost:58660 for channel [id: 0x392d8bfc, L:/127.0.0.1:53278 - R:localhost/127.0.0.1:58660]
16:41:09.828 [Forwarding getElementText on session c6001ee48c420b967e4eeec3a75289c8 to remote] DEBUG o.a.netty.request.NettyRequestSender - Using pooled Channel '[id: 0x392d8bfc, L:/127.0.0.1:53278 - R:localhost/127.0.0.1:58660]' for 'GET' to 'http://localhost:58660/session/c6001ee48c420b967e4eeec3a75289c8/element/685abd5c-79e9-43b0-b99c-72dcb9332580/text'
16:41:09.828 [Forwarding getElementText on session c6001ee48c420b967e4eeec3a75289c8 to remote] DEBUG o.a.netty.request.NettyRequestSender - Using open Channel [id: 0x392d8bfc, L:/127.0.0.1:53278 - R:localhost/127.0.0.1:58660] for GET '/session/c6001ee48c420b967e4eeec3a75289c8/element/685abd5c-79e9-43b0-b99c-72dcb9332580/text'
16:41:09.842 [AsyncHttpClient-1-5] DEBUG o.a.netty.handler.HttpHandler - 

Request DefaultFullHttpRequest(decodeResult: success, version: HTTP/1.1, content: EmptyByteBufBE)
GET /session/c6001ee48c420b967e4eeec3a75289c8/element/685abd5c-79e9-43b0-b99c-72dcb9332580/text HTTP/1.1
User-Agent: selenium/4.1.2 (java windows)
Cache-Control: no-cache
Content-Type: application/json; charset=utf-8
host: localhost:58660
accept: */*

Response DefaultHttpResponse(decodeResult: success, version: HTTP/1.1)
HTTP/1.1 200 OK
Content-Type: application/json; charset=utf-8
cache-control: no-cache
content-length: 59

16:41:09.843 [AsyncHttpClient-1-5] DEBUG o.a.netty.channel.ChannelManager - Adding key: http://localhost:58660 for channel [id: 0x392d8bfc, L:/127.0.0.1:53278 - R:localhost/127.0.0.1:58660]
16:41:10.308 [AsyncHttpClient-1-1] DEBUG o.a.netty.channel.DefaultChannelPool - Entry count for : http://localhost:58660 : 1
16:41:10.308 [AsyncHttpClient-1-1] DEBUG o.a.netty.channel.DefaultChannelPool - Entry count for : http://localhost:53279 : 1
16:41:11.410 [AsyncHttpClient-1-1] DEBUG o.a.netty.channel.DefaultChannelPool - Entry count for : http://localhost:58660 : 1
16:41:11.410 [AsyncHttpClient-1-1] DEBUG o.a.netty.channel.DefaultChannelPool - Entry count for : http://localhost:53279 : 1
  &amp#27;[32mThen &amp#27;[0m&amp#27;[32muser should not proceed to Dashboard Page&amp#27;[0m                                                                                     &amp#27;[90m# stepdefinitions.LoginPageSteps.user_should_not_proceed_to_dashboard_page()&amp#27;[0m
16:41:11.858 [Forwarding findElement on session c6001ee48c420b967e4eeec3a75289c8 to remote] DEBUG o.a.netty.request.NettyRequestSender - Using pooled Channel '[id: 0x392d8bfc, L:/127.0.0.1:53278 - R:localhost/127.0.0.1:58660]' for 'POST' to 'http://localhost:58660/session/c6001ee48c420b967e4eeec3a75289c8/element'
16:41:11.858 [Forwarding findElement on session c6001ee48c420b967e4eeec3a75289c8 to remote] DEBUG o.a.netty.request.NettyRequestSender - Using open Channel [id: 0x392d8bfc, L:/127.0.0.1:53278 - R:localhost/127.0.0.1:58660] for POST '/session/c6001ee48c420b967e4eeec3a75289c8/element'
16:41:11.865 [AsyncHttpClient-1-5] DEBUG o.a.netty.handler.HttpHandler - 

Request DefaultHttpRequest(decodeResult: success, version: HTTP/1.1)
POST /session/c6001ee48c420b967e4eeec3a75289c8/element HTTP/1.1
User-Agent: selenium/4.1.2 (java windows)
Content-Length: 75
Content-Type: application/json; charset=utf-8
host: localhost:58660
accept: */*

Response DefaultHttpResponse(decodeResult: success, version: HTTP/1.1)
HTTP/1.1 200 OK
Content-Type: application/json; charset=utf-8
cache-control: no-cache
content-length: 88

16:41:11.865 [AsyncHttpClient-1-5] DEBUG o.a.netty.channel.ChannelManager - Adding key: http://localhost:58660 for channel [id: 0x392d8bfc, L:/127.0.0.1:53278 - R:localhost/127.0.0.1:58660]
16:41:11.869 [Forwarding isElementDisplayed on session c6001ee48c420b967e4eeec3a75289c8 to remote] DEBUG o.a.netty.request.NettyRequestSender - Using pooled Channel '[id: 0x392d8bfc, L:/127.0.0.1:53278 - R:localhost/127.0.0.1:58660]' for 'POST' to 'http://localhost:58660/session/c6001ee48c420b967e4eeec3a75289c8/execute/sync'
16:41:11.869 [Forwarding isElementDisplayed on session c6001ee48c420b967e4eeec3a75289c8 to remote] DEBUG o.a.netty.request.NettyRequestSender - Using open Channel [id: 0x392d8bfc, L:/127.0.0.1:53278 - R:localhost/127.0.0.1:58660] for POST '/session/c6001ee48c420b967e4eeec3a75289c8/execute/sync'
16:41:11.883 [AsyncHttpClient-1-5] DEBUG o.a.netty.handler.HttpHandler - 

Request DefaultHttpRequest(decodeResult: success, version: HTTP/1.1)
POST /session/c6001ee48c420b967e4eeec3a75289c8/execute/sync HTTP/1.1
User-Agent: selenium/4.1.2 (java windows)
Content-Length: 48780
Content-Type: application/json; charset=utf-8
host: localhost:58660
accept: */*

Response DefaultHttpResponse(decodeResult: success, version: HTTP/1.1)
HTTP/1.1 200 OK
Content-Type: application/json; charset=utf-8
cache-control: no-cache
content-length: 14

16:41:11.883 [AsyncHttpClient-1-5] DEBUG o.a.netty.channel.ChannelManager - Adding key: http://localhost:58660 for channel [id: 0x392d8bfc, L:/127.0.0.1:53278 - R:localhost/127.0.0.1:58660]
16:41:11.884 [Forwarding getElementText on session c6001ee48c420b967e4eeec3a75289c8 to remote] DEBUG o.a.netty.request.NettyRequestSender - Using pooled Channel '[id: 0x392d8bfc, L:/127.0.0.1:53278 - R:localhost/127.0.0.1:58660]' for 'GET' to 'http://localhost:58660/session/c6001ee48c420b967e4eeec3a75289c8/element/685abd5c-79e9-43b0-b99c-72dcb9332580/text'
16:41:11.884 [Forwarding getElementText on session c6001ee48c420b967e4eeec3a75289c8 to remote] DEBUG o.a.netty.request.NettyRequestSender - Using open Channel [id: 0x392d8bfc, L:/127.0.0.1:53278 - R:localhost/127.0.0.1:58660] for GET '/session/c6001ee48c420b967e4eeec3a75289c8/element/685abd5c-79e9-43b0-b99c-72dcb9332580/text'
16:41:11.891 [AsyncHttpClient-1-5] DEBUG o.a.netty.handler.HttpHandler - 

Request DefaultFullHttpRequest(decodeResult: success, version: HTTP/1.1, content: EmptyByteBufBE)
GET /session/c6001ee48c420b967e4eeec3a75289c8/element/685abd5c-79e9-43b0-b99c-72dcb9332580/text HTTP/1.1
User-Agent: selenium/4.1.2 (java windows)
Cache-Control: no-cache
Content-Type: application/json; charset=utf-8
host: localhost:58660
accept: */*

Response DefaultHttpResponse(decodeResult: success, version: HTTP/1.1)
HTTP/1.1 200 OK
Content-Type: application/json; charset=utf-8
cache-control: no-cache
content-length: 59

16:41:11.891 [AsyncHttpClient-1-5] DEBUG o.a.netty.channel.ChannelManager - Adding key: http://localhost:58660 for channel [id: 0x392d8bfc, L:/127.0.0.1:53278 - R:localhost/127.0.0.1:58660]
16:41:12.507 [AsyncHttpClient-1-1] DEBUG o.a.netty.channel.DefaultChannelPool - Entry count for : http://localhost:58660 : 1
16:41:12.507 [AsyncHttpClient-1-1] DEBUG o.a.netty.channel.DefaultChannelPool - Entry count for : http://localhost:53279 : 1
16:41:13.606 [AsyncHttpClient-1-1] DEBUG o.a.netty.channel.DefaultChannelPool - Entry count for : http://localhost:58660 : 1
16:41:13.606 [AsyncHttpClient-1-1] DEBUG o.a.netty.channel.DefaultChannelPool - Entry count for : http://localhost:53279 : 1
  &amp#27;[32mThen &amp#27;[0m&amp#27;[32muser gets login failed error message&amp#27;[0m                                                                                          &amp#27;[90m# stepdefinitions.LoginPageSteps.user_gets_login_failed_error_message()&amp#27;[0m
16:41:13.895 [AsyncHttpClient-1-7] DEBUG o.a.netty.handler.WebSocketHandler - Channel Closed: [id: 0xfa2bf4c4, L:/127.0.0.1:53286 ! R:localhost/127.0.0.1:53279] with attribute NettyResponseFuture{currentRetry=5,
	isDone=1,
	isCancelled=0,
	asyncHandler=org.asynchttpclient.ws.WebSocketUpgradeHandler@6523bb0c,
	nettyRequest=org.asynchttpclient.netty.request.NettyRequest@202129cc,
	future=java.util.concurrent.CompletableFuture@11c85584[Completed normally],
	uri=ws://localhost:53279/devtools/browser/4edf3ac0-e098-4ecd-82e8-71e86d832625,
	keepAlive=true,
	redirectCount=0,
	timeoutsHolder=null,
	inAuth=0,
	touch=1648197638768}
16:41:13.896 [AsyncHttpClient-1-7] DEBUG o.a.netty.channel.ChannelManager - Closing Channel [id: 0xfa2bf4c4, L:/127.0.0.1:53286 ! R:localhost/127.0.0.1:53279] 
16:41:13.896 [Driver Command Executor] DEBUG o.a.netty.request.NettyRequestSender - Using pooled Channel '[id: 0x392d8bfc, L:/127.0.0.1:53278 - R:localhost/127.0.0.1:58660]' for 'DELETE' to 'http://localhost:58660/session/c6001ee48c420b967e4eeec3a75289c8'
16:41:13.896 [Driver Command Executor] DEBUG o.a.netty.request.NettyRequestSender - Using open Channel [id: 0x392d8bfc, L:/127.0.0.1:53278 - R:localhost/127.0.0.1:58660] for DELETE '/session/c6001ee48c420b967e4eeec3a75289c8'
16:41:13.926 [AsyncHttpClient-1-6] DEBUG o.a.netty.handler.HttpHandler - Unexpected I/O exception on channel [id: 0x6624d7d2, L:/127.0.0.1:53285 - R:localhost/127.0.0.1:53279]
java.net.SocketException: Connection reset
	at java.base/sun.nio.ch.SocketChannelImpl.throwConnectionReset(SocketChannelImpl.java:367) ~[na:na]
	at java.base/sun.nio.ch.SocketChannelImpl.read(SocketChannelImpl.java:398) ~[na:na]
	at io.netty.buffer.PooledByteBuf.setBytes(PooledByteBuf.java:253) ~[netty-buffer-4.1.70.Final.jar:4.1.70.Final]
	at io.netty.buffer.AbstractByteBuf.writeBytes(AbstractByteBuf.java:1132) ~[netty-buffer-4.1.70.Final.jar:4.1.70.Final]
	at io.netty.channel.socket.nio.NioSocketChannel.doReadBytes(NioSocketChannel.java:350) ~[netty-transport-4.1.70.Final.jar:4.1.70.Final]
	at io.netty.channel.nio.AbstractNioByteChannel$NioByteUnsafe.read(AbstractNioByteChannel.java:151) ~[netty-transport-4.1.70.Final.jar:4.1.70.Final]
	at io.netty.channel.nio.NioEventLoop.processSelectedKey(NioEventLoop.java:719) ~[netty-transport-4.1.70.Final.jar:4.1.70.Final]
	at io.netty.channel.nio.NioEventLoop.processSelectedKeysOptimized(NioEventLoop.java:655) ~[netty-transport-4.1.70.Final.jar:4.1.70.Final]
	at io.netty.channel.nio.NioEventLoop.processSelectedKeys(NioEventLoop.java:581) ~[netty-transport-4.1.70.Final.jar:4.1.70.Final]
	at io.netty.channel.nio.NioEventLoop.run(NioEventLoop.java:493) ~[netty-transport-4.1.70.Final.jar:4.1.70.Final]
	at io.netty.util.concurrent.SingleThreadEventExecutor$4.run(SingleThreadEventExecutor.java:986) ~[netty-common-4.1.70.Final.jar:4.1.70.Final]
	at io.netty.util.internal.ThreadExecutorMap$2.run(ThreadExecutorMap.java:74) ~[netty-common-4.1.70.Final.jar:4.1.70.Final]
	at io.netty.util.concurrent.FastThreadLocalRunnable.run(FastThreadLocalRunnable.java:30) ~[netty-common-4.1.70.Final.jar:4.1.70.Final]
	at java.base/java.lang.Thread.run(Thread.java:832) ~[na:na]
16:41:13.926 [AsyncHttpClient-1-6] DEBUG o.a.netty.channel.ChannelManager - Closing Channel [id: 0x6624d7d2, L:/127.0.0.1:53285 - R:localhost/127.0.0.1:53279] 
16:41:13.926 [AsyncHttpClient-1-6] DEBUG o.a.netty.handler.HttpHandler - Channel Closed: [id: 0x6624d7d2, L:/127.0.0.1:53285 ! R:localhost/127.0.0.1:53279] with attribute DISCARD
16:41:13.939 [AsyncHttpClient-1-5] DEBUG o.a.netty.handler.HttpHandler - 

Request DefaultFullHttpRequest(decodeResult: success, version: HTTP/1.1, content: EmptyByteBufBE)
DELETE /session/c6001ee48c420b967e4eeec3a75289c8 HTTP/1.1
User-Agent: selenium/4.1.2 (java windows)
Content-Type: application/json; charset=utf-8
host: localhost:58660
accept: */*

Response DefaultHttpResponse(decodeResult: success, version: HTTP/1.1)
HTTP/1.1 200 OK
Content-Type: application/json; charset=utf-8
cache-control: no-cache
content-length: 14

16:41:13.939 [AsyncHttpClient-1-5] DEBUG o.a.netty.channel.ChannelManager - Adding key: http://localhost:58660 for channel [id: 0x392d8bfc, L:/127.0.0.1:53278 - R:localhost/127.0.0.1:58660]
16:41:13.986 [AsyncHttpClient-1-5] DEBUG o.a.netty.handler.HttpHandler - Channel Closed: [id: 0x392d8bfc, L:/127.0.0.1:53278 ! R:localhost/127.0.0.1:58660] with attribute DISCARD
16:41:14.511 [main] INFO   - 
  _____   ___   ___   _____     ___     _     ___   ___   ___   ___  
 |_   _| | __| / __| |_   _|   | _ \   /_\   / __| / __| | __| |   \ 
   | |   | _|  \__ \   | |     |  _/  / _ \  \__ \ \__ \ | _|  | |) |
   |_|   |___| |___/   |_|     |_|   /_/ \_\ |___/ |___/ |___| |___/ 

Login fail possible combinations
----------------------------------------------------------------------
]]></system-out>
    <system-err><![CDATA[Starting ChromeDriver 99.0.4844.51 (d537ec02474b5afe23684e7963d538896c63ac77-refs/branch-heads/4844@{#875}) on port 58660
Only local connections are allowed.
Please see https://chromedriver.chromium.org/security-considerations for suggestions on keeping ChromeDriver safe.
ChromeDriver was started successfully.
Mar 25, 2022 4:40:38 PM org.openqa.selenium.remote.ProtocolHandshake createSession
INFO: Detected dialect: W3C
Mar 25, 2022 4:40:38 PM org.openqa.selenium.devtools.CdpVersionFinder findNearestMatch
WARNING: Unable to find an exact match for CDP version 99, so returning the closest version found: 96
Mar 25, 2022 4:40:38 PM org.openqa.selenium.devtools.CdpVersionFinder findNearestMatch
INFO: Found CDP implementation for version 99 of 96
ERROR StatusLogger Log4j2 could not find a logging implementation. Please add log4j-core to the classpath. Using SimpleLogger to log to the console...
]]></system-err>
  </testcase>
  <testcase name="Login to PEGA Site using Author, Manager and User" classname="Validate And Verify Login Page to PEGA Site" time="29.183">
    <system-out><![CDATA[16:41:14.512 [main] INFO  i.c.core.plugin.SerenityReporter - Running feature from file:///Z:/Automation/JavaCucumber/BDD_HCL/CucumberHCL/src/main/resources/AppFeatures/ValidateAndVerifyLoginPage.feature
16:41:14.512 [main] WARN  i.c.core.plugin.SerenityReporter - Feature from file:///Z:/Automation/JavaCucumber/BDD_HCL/CucumberHCL/src/main/resources/AppFeatures/ValidateAndVerifyLoginPage.feature is not under the 'features' directory. Requirements report will not be correctly generated!
16:41:14.514 [main] DEBUG n.thucydides.core.steps.StepEventBus - Test suite started for story net.thucydides.core.model.Story@7f1849ba
16:41:14.514 [main] INFO   - Test Suite Started: Validate And Verify Login Page to PEGA Site

@All @Smoke @Test1
Scenario: Login to PEGA Site using Author, Manager and User                                            &amp#27;[90m# src/main/resources/AppFeatures/ValidateAndVerifyLoginPage.feature:19&amp#27;[0m
16:41:14.521 [main] INFO  i.c.core.plugin.SerenityReporter - Running feature from file:///Z:/Automation/JavaCucumber/BDD_HCL/CucumberHCL/src/main/resources/AppFeatures/ValidateAndVerifyLoginPage.feature
16:41:14.521 [main] WARN  i.c.core.plugin.SerenityReporter - Feature from file:///Z:/Automation/JavaCucumber/BDD_HCL/CucumberHCL/src/main/resources/AppFeatures/ValidateAndVerifyLoginPage.feature is not under the 'features' directory. Requirements report will not be correctly generated!
16:41:14.523 [main] INFO   - 
  _____   ___   ___   _____     ___   _____     _     ___   _____   ___   ___  
 |_   _| | __| / __| |_   _|   / __| |_   _|   /_\   | _ \ |_   _| | __| |   \ 
   | |   | _|  \__ \   | |     \__ \   | |    / _ \  |   /   | |   | _|  | |) |
   |_|   |___| |___/   |_|     |___/   |_|   /_/ \_\ |_|_\   |_|   |___| |___/ 

Login to PEGA Site using Author, Manager and User(validate-and-verify-login-page-to-pega-site;login-to-pega-site-using-author--manager-and-user)
--------------------------------------------------------------------------------
16:41:14.527 [main] DEBUG com.pages.drivers.DriversFactory - Initialize Driver Browser Configuration
16:41:14.528 [main] DEBUG com.pages.drivers.DriversFactory -  Driver Browser : chrome
16:41:14.536 [main] DEBUG i.g.bonigarcia.wdm.WebDriverManager - Driver chromedriver 99.0.4844.51 found in cache
16:41:14.537 [main] INFO  i.g.bonigarcia.wdm.WebDriverManager - Exporting webdriver.chrome.driver as C:\Users\DheyClaveria\.cache\selenium\chromedriver\win32\99.0.4844.51\chromedriver.exe
16:41:14.709 [AsyncHttpClient-1-1] DEBUG o.a.netty.channel.DefaultChannelPool - Entry count for : http://localhost:58660 : 1
16:41:14.709 [AsyncHttpClient-1-1] DEBUG o.a.netty.channel.DefaultChannelPool - Entry count for : http://localhost:53279 : 1
16:41:14.709 [AsyncHttpClient-1-1] DEBUG o.a.netty.channel.DefaultChannelPool - Adding Candidate expired Channel [id: 0x392d8bfc, L:/127.0.0.1:53278 ! R:localhost/127.0.0.1:58660] isIdleTimeoutExpired=false isRemotelyClosed=true isTtlExpired=false
16:41:14.709 [AsyncHttpClient-1-1] DEBUG o.a.netty.channel.DefaultChannelPool - Closing Idle Channel [id: 0x392d8bfc, L:/127.0.0.1:53278 ! R:localhost/127.0.0.1:58660]
16:41:14.709 [AsyncHttpClient-1-1] DEBUG o.a.netty.channel.DefaultChannelPool - Adding Candidate expired Channel [id: 0x6624d7d2, L:/127.0.0.1:53285 ! R:localhost/127.0.0.1:53279] isIdleTimeoutExpired=false isRemotelyClosed=true isTtlExpired=false
16:41:14.709 [AsyncHttpClient-1-1] DEBUG o.a.netty.channel.DefaultChannelPool - Closing Idle Channel [id: 0x6624d7d2, L:/127.0.0.1:53285 ! R:localhost/127.0.0.1:53279]
16:41:14.709 [AsyncHttpClient-1-1] DEBUG o.a.netty.channel.DefaultChannelPool - Closed 2 connections out of 2 in 0 ms
16:41:15.081 [AsyncHttpClient-1-8] DEBUG o.a.n.channel.NettyConnectListener - Using new Channel '[id: 0x8db64de4, L:/127.0.0.1:53516 - R:localhost/127.0.0.1:60480]' for 'POST' to '/session'
16:41:15.805 [AsyncHttpClient-1-8] DEBUG o.a.netty.handler.HttpHandler - 

Request DefaultHttpRequest(decodeResult: success, version: HTTP/1.1)
POST /session HTTP/1.1
User-Agent: selenium/4.1.2 (java windows)
Content-Length: 365
Content-Type: application/json; charset=utf-8
host: localhost:60480
accept: */*

Response DefaultHttpResponse(decodeResult: success, version: HTTP/1.1)
HTTP/1.1 200 OK
Content-Type: application/json; charset=utf-8
cache-control: no-cache
content-length: 795

16:41:15.805 [AsyncHttpClient-1-8] DEBUG o.a.netty.channel.ChannelManager - Adding key: http://localhost:60480 for channel [id: 0x8db64de4, L:/127.0.0.1:53516 - R:localhost/127.0.0.1:60480]
16:41:15.807 [AsyncHttpClient-1-1] DEBUG o.a.netty.channel.DefaultChannelPool - Entry count for : http://localhost:60480 : 1
16:41:15.812 [AsyncHttpClient-1-9] DEBUG o.a.n.channel.NettyConnectListener - Using new Channel '[id: 0xfb009c36, L:/127.0.0.1:53523 - R:localhost/127.0.0.1:53517]' for 'GET' to '/json/version'
16:41:15.816 [AsyncHttpClient-1-9] DEBUG o.a.netty.handler.HttpHandler - 

Request DefaultFullHttpRequest(decodeResult: success, version: HTTP/1.1, content: EmptyByteBufBE)
GET /json/version HTTP/1.1
User-Agent: selenium/4.1.2 (java windows)
host: localhost:53517
accept: */*

Response DefaultHttpResponse(decodeResult: success, version: HTTP/1.1)
HTTP/1.1 200 OK
Content-Type: application/json; charset=UTF-8
content-length: 423

16:41:15.816 [AsyncHttpClient-1-9] DEBUG o.a.netty.channel.ChannelManager - Adding key: http://localhost:53517 for channel [id: 0xfb009c36, L:/127.0.0.1:53523 - R:localhost/127.0.0.1:53517]
16:41:15.818 [AsyncHttpClient-1-10] DEBUG o.a.n.channel.NettyConnectListener - Using new Channel '[id: 0xbc383205, L:/127.0.0.1:53524 - R:localhost/127.0.0.1:53517]' for 'GET' to '/devtools/browser/31e65168-2017-47ed-ae57-830176fc0ae4'
16:41:15.822 [AsyncHttpClient-1-10] DEBUG o.a.netty.handler.WebSocketHandler - 

Request DefaultFullHttpRequest(decodeResult: success, version: HTTP/1.1, content: EmptyByteBufBE)
GET /devtools/browser/31e65168-2017-47ed-ae57-830176fc0ae4 HTTP/1.1
upgrade: websocket
connection: upgrade
sec-websocket-key: lpePABMHJ1rgL7nZB5L9VQ==
sec-websocket-version: 13
origin: http://localhost:53517
host: localhost:53517
accept: */*
user-agent: AHC/2.1

Response DefaultHttpResponse(decodeResult: success, version: HTTP/1.1)
HTTP/1.1 101 WebSocket Protocol Handshake
Upgrade: WebSocket
Connection: Upgrade
Sec-WebSocket-Accept: f7Z5x+n1Oo7YCsmAWFK8B+H29Qk=

16:41:15.826 [Forwarding deleteAllCookies on session a46173c35898d78852b006051433a16a to remote] DEBUG o.a.netty.request.NettyRequestSender - Using pooled Channel '[id: 0x8db64de4, L:/127.0.0.1:53516 - R:localhost/127.0.0.1:60480]' for 'DELETE' to 'http://localhost:60480/session/a46173c35898d78852b006051433a16a/cookie'
16:41:15.826 [Forwarding deleteAllCookies on session a46173c35898d78852b006051433a16a to remote] DEBUG o.a.netty.request.NettyRequestSender - Using open Channel [id: 0x8db64de4, L:/127.0.0.1:53516 - R:localhost/127.0.0.1:60480] for DELETE '/session/a46173c35898d78852b006051433a16a/cookie'
16:41:15.833 [AsyncHttpClient-1-8] DEBUG o.a.netty.handler.HttpHandler - 

Request DefaultFullHttpRequest(decodeResult: success, version: HTTP/1.1, content: EmptyByteBufBE)
DELETE /session/a46173c35898d78852b006051433a16a/cookie HTTP/1.1
User-Agent: selenium/4.1.2 (java windows)
Content-Type: application/json; charset=utf-8
host: localhost:60480
accept: */*

Response DefaultHttpResponse(decodeResult: success, version: HTTP/1.1)
HTTP/1.1 200 OK
Content-Type: application/json; charset=utf-8
cache-control: no-cache
content-length: 14

16:41:15.834 [AsyncHttpClient-1-8] DEBUG o.a.netty.channel.ChannelManager - Adding key: http://localhost:60480 for channel [id: 0x8db64de4, L:/127.0.0.1:53516 - R:localhost/127.0.0.1:60480]
16:41:15.835 [Forwarding maximizeCurrentWindow on session a46173c35898d78852b006051433a16a to remote] DEBUG o.a.netty.request.NettyRequestSender - Using pooled Channel '[id: 0x8db64de4, L:/127.0.0.1:53516 - R:localhost/127.0.0.1:60480]' for 'POST' to 'http://localhost:60480/session/a46173c35898d78852b006051433a16a/window/maximize'
16:41:15.835 [Forwarding maximizeCurrentWindow on session a46173c35898d78852b006051433a16a to remote] DEBUG o.a.netty.request.NettyRequestSender - Using open Channel [id: 0x8db64de4, L:/127.0.0.1:53516 - R:localhost/127.0.0.1:60480] for POST '/session/a46173c35898d78852b006051433a16a/window/maximize'
16:41:15.965 [AsyncHttpClient-1-8] DEBUG o.a.netty.handler.HttpHandler - 

Request DefaultHttpRequest(decodeResult: success, version: HTTP/1.1)
POST /session/a46173c35898d78852b006051433a16a/window/maximize HTTP/1.1
User-Agent: selenium/4.1.2 (java windows)
Content-Length: 3
Content-Type: application/json; charset=utf-8
host: localhost:60480
accept: */*

Response DefaultHttpResponse(decodeResult: success, version: HTTP/1.1)
HTTP/1.1 200 OK
Content-Type: application/json; charset=utf-8
cache-control: no-cache
content-length: 52

16:41:15.965 [AsyncHttpClient-1-8] DEBUG o.a.netty.channel.ChannelManager - Adding key: http://localhost:60480 for channel [id: 0x8db64de4, L:/127.0.0.1:53516 - R:localhost/127.0.0.1:60480]
16:41:15.969 [Forwarding get on session a46173c35898d78852b006051433a16a to remote] DEBUG o.a.netty.request.NettyRequestSender - Using pooled Channel '[id: 0x8db64de4, L:/127.0.0.1:53516 - R:localhost/127.0.0.1:60480]' for 'POST' to 'http://localhost:60480/session/a46173c35898d78852b006051433a16a/url'
16:41:15.969 [Forwarding get on session a46173c35898d78852b006051433a16a to remote] DEBUG o.a.netty.request.NettyRequestSender - Using open Channel [id: 0x8db64de4, L:/127.0.0.1:53516 - R:localhost/127.0.0.1:60480] for POST '/session/a46173c35898d78852b006051433a16a/url'
16:41:16.118 [AsyncHttpClient-1-8] DEBUG o.a.netty.handler.HttpHandler - 

Request DefaultHttpRequest(decodeResult: success, version: HTTP/1.1)
POST /session/a46173c35898d78852b006051433a16a/url HTTP/1.1
User-Agent: selenium/4.1.2 (java windows)
Content-Length: 148
Content-Type: application/json; charset=utf-8
host: localhost:60480
accept: */*

Response DefaultHttpResponse(decodeResult: success, version: HTTP/1.1)
HTTP/1.1 200 OK
Content-Type: application/json; charset=utf-8
cache-control: no-cache
content-length: 14

16:41:16.118 [AsyncHttpClient-1-8] DEBUG o.a.netty.channel.ChannelManager - Adding key: http://localhost:60480 for channel [id: 0x8db64de4, L:/127.0.0.1:53516 - R:localhost/127.0.0.1:60480]
16:41:16.119 [Forwarding getTitle on session a46173c35898d78852b006051433a16a to remote] DEBUG o.a.netty.request.NettyRequestSender - Using pooled Channel '[id: 0x8db64de4, L:/127.0.0.1:53516 - R:localhost/127.0.0.1:60480]' for 'GET' to 'http://localhost:60480/session/a46173c35898d78852b006051433a16a/title'
16:41:16.120 [Forwarding getTitle on session a46173c35898d78852b006051433a16a to remote] DEBUG o.a.netty.request.NettyRequestSender - Using open Channel [id: 0x8db64de4, L:/127.0.0.1:53516 - R:localhost/127.0.0.1:60480] for GET '/session/a46173c35898d78852b006051433a16a/title'
16:41:16.125 [AsyncHttpClient-1-8] DEBUG o.a.netty.handler.HttpHandler - 

Request DefaultFullHttpRequest(decodeResult: success, version: HTTP/1.1, content: EmptyByteBufBE)
GET /session/a46173c35898d78852b006051433a16a/title HTTP/1.1
User-Agent: selenium/4.1.2 (java windows)
Cache-Control: no-cache
Content-Type: application/json; charset=utf-8
host: localhost:60480
accept: */*

Response DefaultHttpResponse(decodeResult: success, version: HTTP/1.1)
HTTP/1.1 200 OK
Content-Type: application/json; charset=utf-8
cache-control: no-cache
content-length: 22

16:41:16.125 [AsyncHttpClient-1-8] DEBUG o.a.netty.channel.ChannelManager - Adding key: http://localhost:60480 for channel [id: 0x8db64de4, L:/127.0.0.1:53516 - R:localhost/127.0.0.1:60480]
16:41:16.126 [Forwarding getTitle on session a46173c35898d78852b006051433a16a to remote] DEBUG o.a.netty.request.NettyRequestSender - Using pooled Channel '[id: 0x8db64de4, L:/127.0.0.1:53516 - R:localhost/127.0.0.1:60480]' for 'GET' to 'http://localhost:60480/session/a46173c35898d78852b006051433a16a/title'
16:41:16.126 [Forwarding getTitle on session a46173c35898d78852b006051433a16a to remote] DEBUG o.a.netty.request.NettyRequestSender - Using open Channel [id: 0x8db64de4, L:/127.0.0.1:53516 - R:localhost/127.0.0.1:60480] for GET '/session/a46173c35898d78852b006051433a16a/title'
16:41:16.131 [AsyncHttpClient-1-8] DEBUG o.a.netty.handler.HttpHandler - 

Request DefaultFullHttpRequest(decodeResult: success, version: HTTP/1.1, content: EmptyByteBufBE)
GET /session/a46173c35898d78852b006051433a16a/title HTTP/1.1
User-Agent: selenium/4.1.2 (java windows)
Cache-Control: no-cache
Content-Type: application/json; charset=utf-8
host: localhost:60480
accept: */*

Response DefaultHttpResponse(decodeResult: success, version: HTTP/1.1)
HTTP/1.1 200 OK
Content-Type: application/json; charset=utf-8
cache-control: no-cache
content-length: 22

16:41:16.131 [AsyncHttpClient-1-8] DEBUG o.a.netty.channel.ChannelManager - Adding key: http://localhost:60480 for channel [id: 0x8db64de4, L:/127.0.0.1:53516 - R:localhost/127.0.0.1:60480]
16:41:16.911 [AsyncHttpClient-1-1] DEBUG o.a.netty.channel.DefaultChannelPool - Entry count for : http://localhost:53517 : 1
16:41:16.911 [AsyncHttpClient-1-1] DEBUG o.a.netty.channel.DefaultChannelPool - Entry count for : http://localhost:60480 : 1
16:41:18.006 [AsyncHttpClient-1-1] DEBUG o.a.netty.channel.DefaultChannelPool - Entry count for : http://localhost:53517 : 1
16:41:18.006 [AsyncHttpClient-1-1] DEBUG o.a.netty.channel.DefaultChannelPool - Entry count for : http://localhost:60480 : 1
16:41:19.117 [AsyncHttpClient-1-1] DEBUG o.a.netty.channel.DefaultChannelPool - Entry count for : http://localhost:53517 : 1
16:41:19.117 [AsyncHttpClient-1-1] DEBUG o.a.netty.channel.DefaultChannelPool - Entry count for : http://localhost:60480 : 1
16:41:20.208 [AsyncHttpClient-1-1] DEBUG o.a.netty.channel.DefaultChannelPool - Entry count for : http://localhost:53517 : 1
16:41:20.208 [AsyncHttpClient-1-1] DEBUG o.a.netty.channel.DefaultChannelPool - Entry count for : http://localhost:60480 : 1
  &amp#27;[32mGiven &amp#27;[0m&amp#27;[32mthat the user should navigate in PEGA Login Page&amp#27;[0m                                               &amp#27;[90m# stepdefinitions.LoginPageSteps.that_the_user_should_navigate_in_pega_login_page()&amp#27;[0m
16:41:21.139 [Forwarding findElement on session a46173c35898d78852b006051433a16a to remote] DEBUG o.a.netty.request.NettyRequestSender - Using pooled Channel '[id: 0x8db64de4, L:/127.0.0.1:53516 - R:localhost/127.0.0.1:60480]' for 'POST' to 'http://localhost:60480/session/a46173c35898d78852b006051433a16a/element'
16:41:21.139 [Forwarding findElement on session a46173c35898d78852b006051433a16a to remote] DEBUG o.a.netty.request.NettyRequestSender - Using open Channel [id: 0x8db64de4, L:/127.0.0.1:53516 - R:localhost/127.0.0.1:60480] for POST '/session/a46173c35898d78852b006051433a16a/element'
16:41:21.154 [AsyncHttpClient-1-8] DEBUG o.a.netty.handler.HttpHandler - 

Request DefaultHttpRequest(decodeResult: success, version: HTTP/1.1)
POST /session/a46173c35898d78852b006051433a16a/element HTTP/1.1
User-Agent: selenium/4.1.2 (java windows)
Content-Length: 128
Content-Type: application/json; charset=utf-8
host: localhost:60480
accept: */*

Response DefaultHttpResponse(decodeResult: success, version: HTTP/1.1)
HTTP/1.1 200 OK
Content-Type: application/json; charset=utf-8
cache-control: no-cache
content-length: 88

16:41:21.154 [AsyncHttpClient-1-8] DEBUG o.a.netty.channel.ChannelManager - Adding key: http://localhost:60480 for channel [id: 0x8db64de4, L:/127.0.0.1:53516 - R:localhost/127.0.0.1:60480]
16:41:21.158 [Forwarding isElementDisplayed on session a46173c35898d78852b006051433a16a to remote] DEBUG o.a.netty.request.NettyRequestSender - Using pooled Channel '[id: 0x8db64de4, L:/127.0.0.1:53516 - R:localhost/127.0.0.1:60480]' for 'POST' to 'http://localhost:60480/session/a46173c35898d78852b006051433a16a/execute/sync'
16:41:21.158 [Forwarding isElementDisplayed on session a46173c35898d78852b006051433a16a to remote] DEBUG o.a.netty.request.NettyRequestSender - Using open Channel [id: 0x8db64de4, L:/127.0.0.1:53516 - R:localhost/127.0.0.1:60480] for POST '/session/a46173c35898d78852b006051433a16a/execute/sync'
16:41:21.180 [AsyncHttpClient-1-8] DEBUG o.a.netty.handler.HttpHandler - 

Request DefaultHttpRequest(decodeResult: success, version: HTTP/1.1)
POST /session/a46173c35898d78852b006051433a16a/execute/sync HTTP/1.1
User-Agent: selenium/4.1.2 (java windows)
Content-Length: 48780
Content-Type: application/json; charset=utf-8
host: localhost:60480
accept: */*

Response DefaultHttpResponse(decodeResult: success, version: HTTP/1.1)
HTTP/1.1 200 OK
Content-Type: application/json; charset=utf-8
cache-control: no-cache
content-length: 14

16:41:21.180 [AsyncHttpClient-1-8] DEBUG o.a.netty.channel.ChannelManager - Adding key: http://localhost:60480 for channel [id: 0x8db64de4, L:/127.0.0.1:53516 - R:localhost/127.0.0.1:60480]
16:41:21.181 [Forwarding findElement on session a46173c35898d78852b006051433a16a to remote] DEBUG o.a.netty.request.NettyRequestSender - Using pooled Channel '[id: 0x8db64de4, L:/127.0.0.1:53516 - R:localhost/127.0.0.1:60480]' for 'POST' to 'http://localhost:60480/session/a46173c35898d78852b006051433a16a/element'
16:41:21.181 [Forwarding findElement on session a46173c35898d78852b006051433a16a to remote] DEBUG o.a.netty.request.NettyRequestSender - Using open Channel [id: 0x8db64de4, L:/127.0.0.1:53516 - R:localhost/127.0.0.1:60480] for POST '/session/a46173c35898d78852b006051433a16a/element'
16:41:21.188 [AsyncHttpClient-1-8] DEBUG o.a.netty.handler.HttpHandler - 

Request DefaultHttpRequest(decodeResult: success, version: HTTP/1.1)
POST /session/a46173c35898d78852b006051433a16a/element HTTP/1.1
User-Agent: selenium/4.1.2 (java windows)
Content-Length: 128
Content-Type: application/json; charset=utf-8
host: localhost:60480
accept: */*

Response DefaultHttpResponse(decodeResult: success, version: HTTP/1.1)
HTTP/1.1 200 OK
Content-Type: application/json; charset=utf-8
cache-control: no-cache
content-length: 88

16:41:21.189 [AsyncHttpClient-1-8] DEBUG o.a.netty.channel.ChannelManager - Adding key: http://localhost:60480 for channel [id: 0x8db64de4, L:/127.0.0.1:53516 - R:localhost/127.0.0.1:60480]
16:41:21.192 [Forwarding isElementDisplayed on session a46173c35898d78852b006051433a16a to remote] DEBUG o.a.netty.request.NettyRequestSender - Using pooled Channel '[id: 0x8db64de4, L:/127.0.0.1:53516 - R:localhost/127.0.0.1:60480]' for 'POST' to 'http://localhost:60480/session/a46173c35898d78852b006051433a16a/execute/sync'
16:41:21.192 [Forwarding isElementDisplayed on session a46173c35898d78852b006051433a16a to remote] DEBUG o.a.netty.request.NettyRequestSender - Using open Channel [id: 0x8db64de4, L:/127.0.0.1:53516 - R:localhost/127.0.0.1:60480] for POST '/session/a46173c35898d78852b006051433a16a/execute/sync'
16:41:21.205 [AsyncHttpClient-1-8] DEBUG o.a.netty.handler.HttpHandler - 

Request DefaultHttpRequest(decodeResult: success, version: HTTP/1.1)
POST /session/a46173c35898d78852b006051433a16a/execute/sync HTTP/1.1
User-Agent: selenium/4.1.2 (java windows)
Content-Length: 48780
Content-Type: application/json; charset=utf-8
host: localhost:60480
accept: */*

Response DefaultHttpResponse(decodeResult: success, version: HTTP/1.1)
HTTP/1.1 200 OK
Content-Type: application/json; charset=utf-8
cache-control: no-cache
content-length: 14

16:41:21.205 [AsyncHttpClient-1-8] DEBUG o.a.netty.channel.ChannelManager - Adding key: http://localhost:60480 for channel [id: 0x8db64de4, L:/127.0.0.1:53516 - R:localhost/127.0.0.1:60480]
16:41:21.206 [Forwarding findElement on session a46173c35898d78852b006051433a16a to remote] DEBUG o.a.netty.request.NettyRequestSender - Using pooled Channel '[id: 0x8db64de4, L:/127.0.0.1:53516 - R:localhost/127.0.0.1:60480]' for 'POST' to 'http://localhost:60480/session/a46173c35898d78852b006051433a16a/element'
16:41:21.206 [Forwarding findElement on session a46173c35898d78852b006051433a16a to remote] DEBUG o.a.netty.request.NettyRequestSender - Using open Channel [id: 0x8db64de4, L:/127.0.0.1:53516 - R:localhost/127.0.0.1:60480] for POST '/session/a46173c35898d78852b006051433a16a/element'
16:41:21.213 [AsyncHttpClient-1-8] DEBUG o.a.netty.handler.HttpHandler - 

Request DefaultHttpRequest(decodeResult: success, version: HTTP/1.1)
POST /session/a46173c35898d78852b006051433a16a/element HTTP/1.1
User-Agent: selenium/4.1.2 (java windows)
Content-Length: 128
Content-Type: application/json; charset=utf-8
host: localhost:60480
accept: */*

Response DefaultHttpResponse(decodeResult: success, version: HTTP/1.1)
HTTP/1.1 200 OK
Content-Type: application/json; charset=utf-8
cache-control: no-cache
content-length: 88

16:41:21.213 [AsyncHttpClient-1-8] DEBUG o.a.netty.channel.ChannelManager - Adding key: http://localhost:60480 for channel [id: 0x8db64de4, L:/127.0.0.1:53516 - R:localhost/127.0.0.1:60480]
16:41:21.214 [Forwarding isElementEnabled on session a46173c35898d78852b006051433a16a to remote] DEBUG o.a.netty.request.NettyRequestSender - Using pooled Channel '[id: 0x8db64de4, L:/127.0.0.1:53516 - R:localhost/127.0.0.1:60480]' for 'GET' to 'http://localhost:60480/session/a46173c35898d78852b006051433a16a/element/6b885405-45c1-4d20-8633-af69cebc3a38/enabled'
16:41:21.214 [Forwarding isElementEnabled on session a46173c35898d78852b006051433a16a to remote] DEBUG o.a.netty.request.NettyRequestSender - Using open Channel [id: 0x8db64de4, L:/127.0.0.1:53516 - R:localhost/127.0.0.1:60480] for GET '/session/a46173c35898d78852b006051433a16a/element/6b885405-45c1-4d20-8633-af69cebc3a38/enabled'
16:41:21.221 [AsyncHttpClient-1-8] DEBUG o.a.netty.handler.HttpHandler - 

Request DefaultFullHttpRequest(decodeResult: success, version: HTTP/1.1, content: EmptyByteBufBE)
GET /session/a46173c35898d78852b006051433a16a/element/6b885405-45c1-4d20-8633-af69cebc3a38/enabled HTTP/1.1
User-Agent: selenium/4.1.2 (java windows)
Cache-Control: no-cache
Content-Type: application/json; charset=utf-8
host: localhost:60480
accept: */*

Response DefaultHttpResponse(decodeResult: success, version: HTTP/1.1)
HTTP/1.1 200 OK
Content-Type: application/json; charset=utf-8
cache-control: no-cache
content-length: 14

16:41:21.221 [AsyncHttpClient-1-8] DEBUG o.a.netty.channel.ChannelManager - Adding key: http://localhost:60480 for channel [id: 0x8db64de4, L:/127.0.0.1:53516 - R:localhost/127.0.0.1:60480]
16:41:21.222 [Forwarding findElement on session a46173c35898d78852b006051433a16a to remote] DEBUG o.a.netty.request.NettyRequestSender - Using pooled Channel '[id: 0x8db64de4, L:/127.0.0.1:53516 - R:localhost/127.0.0.1:60480]' for 'POST' to 'http://localhost:60480/session/a46173c35898d78852b006051433a16a/element'
16:41:21.222 [Forwarding findElement on session a46173c35898d78852b006051433a16a to remote] DEBUG o.a.netty.request.NettyRequestSender - Using open Channel [id: 0x8db64de4, L:/127.0.0.1:53516 - R:localhost/127.0.0.1:60480] for POST '/session/a46173c35898d78852b006051433a16a/element'
16:41:21.234 [AsyncHttpClient-1-8] DEBUG o.a.netty.handler.HttpHandler - 

Request DefaultHttpRequest(decodeResult: success, version: HTTP/1.1)
POST /session/a46173c35898d78852b006051433a16a/element HTTP/1.1
User-Agent: selenium/4.1.2 (java windows)
Content-Length: 132
Content-Type: application/json; charset=utf-8
host: localhost:60480
accept: */*

Response DefaultHttpResponse(decodeResult: success, version: HTTP/1.1)
HTTP/1.1 200 OK
Content-Type: application/json; charset=utf-8
cache-control: no-cache
content-length: 88

16:41:21.234 [AsyncHttpClient-1-8] DEBUG o.a.netty.channel.ChannelManager - Adding key: http://localhost:60480 for channel [id: 0x8db64de4, L:/127.0.0.1:53516 - R:localhost/127.0.0.1:60480]
16:41:21.238 [Forwarding isElementDisplayed on session a46173c35898d78852b006051433a16a to remote] DEBUG o.a.netty.request.NettyRequestSender - Using pooled Channel '[id: 0x8db64de4, L:/127.0.0.1:53516 - R:localhost/127.0.0.1:60480]' for 'POST' to 'http://localhost:60480/session/a46173c35898d78852b006051433a16a/execute/sync'
16:41:21.238 [Forwarding isElementDisplayed on session a46173c35898d78852b006051433a16a to remote] DEBUG o.a.netty.request.NettyRequestSender - Using open Channel [id: 0x8db64de4, L:/127.0.0.1:53516 - R:localhost/127.0.0.1:60480] for POST '/session/a46173c35898d78852b006051433a16a/execute/sync'
16:41:21.248 [AsyncHttpClient-1-8] DEBUG o.a.netty.handler.HttpHandler - 

Request DefaultHttpRequest(decodeResult: success, version: HTTP/1.1)
POST /session/a46173c35898d78852b006051433a16a/execute/sync HTTP/1.1
User-Agent: selenium/4.1.2 (java windows)
Content-Length: 48780
Content-Type: application/json; charset=utf-8
host: localhost:60480
accept: */*

Response DefaultHttpResponse(decodeResult: success, version: HTTP/1.1)
HTTP/1.1 200 OK
Content-Type: application/json; charset=utf-8
cache-control: no-cache
content-length: 14

16:41:21.248 [AsyncHttpClient-1-8] DEBUG o.a.netty.channel.ChannelManager - Adding key: http://localhost:60480 for channel [id: 0x8db64de4, L:/127.0.0.1:53516 - R:localhost/127.0.0.1:60480]
16:41:21.249 [Forwarding findElement on session a46173c35898d78852b006051433a16a to remote] DEBUG o.a.netty.request.NettyRequestSender - Using pooled Channel '[id: 0x8db64de4, L:/127.0.0.1:53516 - R:localhost/127.0.0.1:60480]' for 'POST' to 'http://localhost:60480/session/a46173c35898d78852b006051433a16a/element'
16:41:21.249 [Forwarding findElement on session a46173c35898d78852b006051433a16a to remote] DEBUG o.a.netty.request.NettyRequestSender - Using open Channel [id: 0x8db64de4, L:/127.0.0.1:53516 - R:localhost/127.0.0.1:60480] for POST '/session/a46173c35898d78852b006051433a16a/element'
16:41:21.255 [AsyncHttpClient-1-8] DEBUG o.a.netty.handler.HttpHandler - 

Request DefaultHttpRequest(decodeResult: success, version: HTTP/1.1)
POST /session/a46173c35898d78852b006051433a16a/element HTTP/1.1
User-Agent: selenium/4.1.2 (java windows)
Content-Length: 132
Content-Type: application/json; charset=utf-8
host: localhost:60480
accept: */*

Response DefaultHttpResponse(decodeResult: success, version: HTTP/1.1)
HTTP/1.1 200 OK
Content-Type: application/json; charset=utf-8
cache-control: no-cache
content-length: 88

16:41:21.255 [AsyncHttpClient-1-8] DEBUG o.a.netty.channel.ChannelManager - Adding key: http://localhost:60480 for channel [id: 0x8db64de4, L:/127.0.0.1:53516 - R:localhost/127.0.0.1:60480]
16:41:21.259 [Forwarding isElementDisplayed on session a46173c35898d78852b006051433a16a to remote] DEBUG o.a.netty.request.NettyRequestSender - Using pooled Channel '[id: 0x8db64de4, L:/127.0.0.1:53516 - R:localhost/127.0.0.1:60480]' for 'POST' to 'http://localhost:60480/session/a46173c35898d78852b006051433a16a/execute/sync'
16:41:21.259 [Forwarding isElementDisplayed on session a46173c35898d78852b006051433a16a to remote] DEBUG o.a.netty.request.NettyRequestSender - Using open Channel [id: 0x8db64de4, L:/127.0.0.1:53516 - R:localhost/127.0.0.1:60480] for POST '/session/a46173c35898d78852b006051433a16a/execute/sync'
16:41:21.269 [AsyncHttpClient-1-8] DEBUG o.a.netty.handler.HttpHandler - 

Request DefaultHttpRequest(decodeResult: success, version: HTTP/1.1)
POST /session/a46173c35898d78852b006051433a16a/execute/sync HTTP/1.1
User-Agent: selenium/4.1.2 (java windows)
Content-Length: 48780
Content-Type: application/json; charset=utf-8
host: localhost:60480
accept: */*

Response DefaultHttpResponse(decodeResult: success, version: HTTP/1.1)
HTTP/1.1 200 OK
Content-Type: application/json; charset=utf-8
cache-control: no-cache
content-length: 14

16:41:21.269 [AsyncHttpClient-1-8] DEBUG o.a.netty.channel.ChannelManager - Adding key: http://localhost:60480 for channel [id: 0x8db64de4, L:/127.0.0.1:53516 - R:localhost/127.0.0.1:60480]
16:41:21.270 [Forwarding findElement on session a46173c35898d78852b006051433a16a to remote] DEBUG o.a.netty.request.NettyRequestSender - Using pooled Channel '[id: 0x8db64de4, L:/127.0.0.1:53516 - R:localhost/127.0.0.1:60480]' for 'POST' to 'http://localhost:60480/session/a46173c35898d78852b006051433a16a/element'
16:41:21.272 [Forwarding findElement on session a46173c35898d78852b006051433a16a to remote] DEBUG o.a.netty.request.NettyRequestSender - Using open Channel [id: 0x8db64de4, L:/127.0.0.1:53516 - R:localhost/127.0.0.1:60480] for POST '/session/a46173c35898d78852b006051433a16a/element'
16:41:21.277 [AsyncHttpClient-1-8] DEBUG o.a.netty.handler.HttpHandler - 

Request DefaultHttpRequest(decodeResult: success, version: HTTP/1.1)
POST /session/a46173c35898d78852b006051433a16a/element HTTP/1.1
User-Agent: selenium/4.1.2 (java windows)
Content-Length: 132
Content-Type: application/json; charset=utf-8
host: localhost:60480
accept: */*

Response DefaultHttpResponse(decodeResult: success, version: HTTP/1.1)
HTTP/1.1 200 OK
Content-Type: application/json; charset=utf-8
cache-control: no-cache
content-length: 88

16:41:21.278 [AsyncHttpClient-1-8] DEBUG o.a.netty.channel.ChannelManager - Adding key: http://localhost:60480 for channel [id: 0x8db64de4, L:/127.0.0.1:53516 - R:localhost/127.0.0.1:60480]
16:41:21.279 [Forwarding isElementEnabled on session a46173c35898d78852b006051433a16a to remote] DEBUG o.a.netty.request.NettyRequestSender - Using pooled Channel '[id: 0x8db64de4, L:/127.0.0.1:53516 - R:localhost/127.0.0.1:60480]' for 'GET' to 'http://localhost:60480/session/a46173c35898d78852b006051433a16a/element/18998798-3a54-4f02-a788-30796a4e4266/enabled'
16:41:21.279 [Forwarding isElementEnabled on session a46173c35898d78852b006051433a16a to remote] DEBUG o.a.netty.request.NettyRequestSender - Using open Channel [id: 0x8db64de4, L:/127.0.0.1:53516 - R:localhost/127.0.0.1:60480] for GET '/session/a46173c35898d78852b006051433a16a/element/18998798-3a54-4f02-a788-30796a4e4266/enabled'
16:41:21.286 [AsyncHttpClient-1-8] DEBUG o.a.netty.handler.HttpHandler - 

Request DefaultFullHttpRequest(decodeResult: success, version: HTTP/1.1, content: EmptyByteBufBE)
GET /session/a46173c35898d78852b006051433a16a/element/18998798-3a54-4f02-a788-30796a4e4266/enabled HTTP/1.1
User-Agent: selenium/4.1.2 (java windows)
Cache-Control: no-cache
Content-Type: application/json; charset=utf-8
host: localhost:60480
accept: */*

Response DefaultHttpResponse(decodeResult: success, version: HTTP/1.1)
HTTP/1.1 200 OK
Content-Type: application/json; charset=utf-8
cache-control: no-cache
content-length: 14

16:41:21.286 [AsyncHttpClient-1-8] DEBUG o.a.netty.channel.ChannelManager - Adding key: http://localhost:60480 for channel [id: 0x8db64de4, L:/127.0.0.1:53516 - R:localhost/127.0.0.1:60480]
16:41:21.288 [Forwarding findElement on session a46173c35898d78852b006051433a16a to remote] DEBUG o.a.netty.request.NettyRequestSender - Using pooled Channel '[id: 0x8db64de4, L:/127.0.0.1:53516 - R:localhost/127.0.0.1:60480]' for 'POST' to 'http://localhost:60480/session/a46173c35898d78852b006051433a16a/element'
16:41:21.288 [Forwarding findElement on session a46173c35898d78852b006051433a16a to remote] DEBUG o.a.netty.request.NettyRequestSender - Using open Channel [id: 0x8db64de4, L:/127.0.0.1:53516 - R:localhost/127.0.0.1:60480] for POST '/session/a46173c35898d78852b006051433a16a/element'
16:41:21.299 [AsyncHttpClient-1-8] DEBUG o.a.netty.handler.HttpHandler - 

Request DefaultHttpRequest(decodeResult: success, version: HTTP/1.1)
POST /session/a46173c35898d78852b006051433a16a/element HTTP/1.1
User-Agent: selenium/4.1.2 (java windows)
Content-Length: 125
Content-Type: application/json; charset=utf-8
host: localhost:60480
accept: */*

Response DefaultHttpResponse(decodeResult: success, version: HTTP/1.1)
HTTP/1.1 200 OK
Content-Type: application/json; charset=utf-8
cache-control: no-cache
content-length: 88

16:41:21.299 [AsyncHttpClient-1-8] DEBUG o.a.netty.channel.ChannelManager - Adding key: http://localhost:60480 for channel [id: 0x8db64de4, L:/127.0.0.1:53516 - R:localhost/127.0.0.1:60480]
16:41:21.303 [Forwarding isElementDisplayed on session a46173c35898d78852b006051433a16a to remote] DEBUG o.a.netty.request.NettyRequestSender - Using pooled Channel '[id: 0x8db64de4, L:/127.0.0.1:53516 - R:localhost/127.0.0.1:60480]' for 'POST' to 'http://localhost:60480/session/a46173c35898d78852b006051433a16a/execute/sync'
16:41:21.303 [Forwarding isElementDisplayed on session a46173c35898d78852b006051433a16a to remote] DEBUG o.a.netty.request.NettyRequestSender - Using open Channel [id: 0x8db64de4, L:/127.0.0.1:53516 - R:localhost/127.0.0.1:60480] for POST '/session/a46173c35898d78852b006051433a16a/execute/sync'
16:41:21.309 [AsyncHttpClient-1-1] DEBUG o.a.netty.channel.DefaultChannelPool - Entry count for : http://localhost:53517 : 1
16:41:21.314 [AsyncHttpClient-1-8] DEBUG o.a.netty.handler.HttpHandler - 

Request DefaultHttpRequest(decodeResult: success, version: HTTP/1.1)
POST /session/a46173c35898d78852b006051433a16a/execute/sync HTTP/1.1
User-Agent: selenium/4.1.2 (java windows)
Content-Length: 48780
Content-Type: application/json; charset=utf-8
host: localhost:60480
accept: */*

Response DefaultHttpResponse(decodeResult: success, version: HTTP/1.1)
HTTP/1.1 200 OK
Content-Type: application/json; charset=utf-8
cache-control: no-cache
content-length: 14

16:41:21.314 [AsyncHttpClient-1-8] DEBUG o.a.netty.channel.ChannelManager - Adding key: http://localhost:60480 for channel [id: 0x8db64de4, L:/127.0.0.1:53516 - R:localhost/127.0.0.1:60480]
16:41:21.315 [Forwarding findElement on session a46173c35898d78852b006051433a16a to remote] DEBUG o.a.netty.request.NettyRequestSender - Using pooled Channel '[id: 0x8db64de4, L:/127.0.0.1:53516 - R:localhost/127.0.0.1:60480]' for 'POST' to 'http://localhost:60480/session/a46173c35898d78852b006051433a16a/element'
16:41:21.315 [Forwarding findElement on session a46173c35898d78852b006051433a16a to remote] DEBUG o.a.netty.request.NettyRequestSender - Using open Channel [id: 0x8db64de4, L:/127.0.0.1:53516 - R:localhost/127.0.0.1:60480] for POST '/session/a46173c35898d78852b006051433a16a/element'
16:41:21.321 [AsyncHttpClient-1-8] DEBUG o.a.netty.handler.HttpHandler - 

Request DefaultHttpRequest(decodeResult: success, version: HTTP/1.1)
POST /session/a46173c35898d78852b006051433a16a/element HTTP/1.1
User-Agent: selenium/4.1.2 (java windows)
Content-Length: 125
Content-Type: application/json; charset=utf-8
host: localhost:60480
accept: */*

Response DefaultHttpResponse(decodeResult: success, version: HTTP/1.1)
HTTP/1.1 200 OK
Content-Type: application/json; charset=utf-8
cache-control: no-cache
content-length: 88

16:41:21.321 [AsyncHttpClient-1-8] DEBUG o.a.netty.channel.ChannelManager - Adding key: http://localhost:60480 for channel [id: 0x8db64de4, L:/127.0.0.1:53516 - R:localhost/127.0.0.1:60480]
16:41:21.325 [Forwarding isElementDisplayed on session a46173c35898d78852b006051433a16a to remote] DEBUG o.a.netty.request.NettyRequestSender - Using pooled Channel '[id: 0x8db64de4, L:/127.0.0.1:53516 - R:localhost/127.0.0.1:60480]' for 'POST' to 'http://localhost:60480/session/a46173c35898d78852b006051433a16a/execute/sync'
16:41:21.325 [Forwarding isElementDisplayed on session a46173c35898d78852b006051433a16a to remote] DEBUG o.a.netty.request.NettyRequestSender - Using open Channel [id: 0x8db64de4, L:/127.0.0.1:53516 - R:localhost/127.0.0.1:60480] for POST '/session/a46173c35898d78852b006051433a16a/execute/sync'
16:41:21.334 [AsyncHttpClient-1-8] DEBUG o.a.netty.handler.HttpHandler - 

Request DefaultHttpRequest(decodeResult: success, version: HTTP/1.1)
POST /session/a46173c35898d78852b006051433a16a/execute/sync HTTP/1.1
User-Agent: selenium/4.1.2 (java windows)
Content-Length: 48780
Content-Type: application/json; charset=utf-8
host: localhost:60480
accept: */*

Response DefaultHttpResponse(decodeResult: success, version: HTTP/1.1)
HTTP/1.1 200 OK
Content-Type: application/json; charset=utf-8
cache-control: no-cache
content-length: 14

16:41:21.334 [AsyncHttpClient-1-8] DEBUG o.a.netty.channel.ChannelManager - Adding key: http://localhost:60480 for channel [id: 0x8db64de4, L:/127.0.0.1:53516 - R:localhost/127.0.0.1:60480]
16:41:21.335 [Forwarding findElement on session a46173c35898d78852b006051433a16a to remote] DEBUG o.a.netty.request.NettyRequestSender - Using pooled Channel '[id: 0x8db64de4, L:/127.0.0.1:53516 - R:localhost/127.0.0.1:60480]' for 'POST' to 'http://localhost:60480/session/a46173c35898d78852b006051433a16a/element'
16:41:21.336 [Forwarding findElement on session a46173c35898d78852b006051433a16a to remote] DEBUG o.a.netty.request.NettyRequestSender - Using open Channel [id: 0x8db64de4, L:/127.0.0.1:53516 - R:localhost/127.0.0.1:60480] for POST '/session/a46173c35898d78852b006051433a16a/element'
16:41:21.342 [AsyncHttpClient-1-8] DEBUG o.a.netty.handler.HttpHandler - 

Request DefaultHttpRequest(decodeResult: success, version: HTTP/1.1)
POST /session/a46173c35898d78852b006051433a16a/element HTTP/1.1
User-Agent: selenium/4.1.2 (java windows)
Content-Length: 125
Content-Type: application/json; charset=utf-8
host: localhost:60480
accept: */*

Response DefaultHttpResponse(decodeResult: success, version: HTTP/1.1)
HTTP/1.1 200 OK
Content-Type: application/json; charset=utf-8
cache-control: no-cache
content-length: 88

16:41:21.342 [AsyncHttpClient-1-8] DEBUG o.a.netty.channel.ChannelManager - Adding key: http://localhost:60480 for channel [id: 0x8db64de4, L:/127.0.0.1:53516 - R:localhost/127.0.0.1:60480]
16:41:21.343 [Forwarding isElementEnabled on session a46173c35898d78852b006051433a16a to remote] DEBUG o.a.netty.request.NettyRequestSender - Using pooled Channel '[id: 0x8db64de4, L:/127.0.0.1:53516 - R:localhost/127.0.0.1:60480]' for 'GET' to 'http://localhost:60480/session/a46173c35898d78852b006051433a16a/element/68fa19b9-1019-46eb-8808-81a6b3f3a470/enabled'
16:41:21.343 [Forwarding isElementEnabled on session a46173c35898d78852b006051433a16a to remote] DEBUG o.a.netty.request.NettyRequestSender - Using open Channel [id: 0x8db64de4, L:/127.0.0.1:53516 - R:localhost/127.0.0.1:60480] for GET '/session/a46173c35898d78852b006051433a16a/element/68fa19b9-1019-46eb-8808-81a6b3f3a470/enabled'
16:41:21.351 [AsyncHttpClient-1-8] DEBUG o.a.netty.handler.HttpHandler - 

Request DefaultFullHttpRequest(decodeResult: success, version: HTTP/1.1, content: EmptyByteBufBE)
GET /session/a46173c35898d78852b006051433a16a/element/68fa19b9-1019-46eb-8808-81a6b3f3a470/enabled HTTP/1.1
User-Agent: selenium/4.1.2 (java windows)
Cache-Control: no-cache
Content-Type: application/json; charset=utf-8
host: localhost:60480
accept: */*

Response DefaultHttpResponse(decodeResult: success, version: HTTP/1.1)
HTTP/1.1 200 OK
Content-Type: application/json; charset=utf-8
cache-control: no-cache
content-length: 14

16:41:21.351 [AsyncHttpClient-1-8] DEBUG o.a.netty.channel.ChannelManager - Adding key: http://localhost:60480 for channel [id: 0x8db64de4, L:/127.0.0.1:53516 - R:localhost/127.0.0.1:60480]
  &amp#27;[32mAnd &amp#27;[0m&amp#27;[32muser verify the Login Page Elements is Visible&amp#27;[0m                                                   &amp#27;[90m# stepdefinitions.LoginPageSteps.user_verify_the_login_page_elements_is_visible()&amp#27;[0m
16:41:22.408 [AsyncHttpClient-1-1] DEBUG o.a.netty.channel.DefaultChannelPool - Entry count for : http://localhost:53517 : 1
16:41:22.408 [AsyncHttpClient-1-1] DEBUG o.a.netty.channel.DefaultChannelPool - Entry count for : http://localhost:60480 : 1
16:41:23.363 [Forwarding findElement on session a46173c35898d78852b006051433a16a to remote] DEBUG o.a.netty.request.NettyRequestSender - Using pooled Channel '[id: 0x8db64de4, L:/127.0.0.1:53516 - R:localhost/127.0.0.1:60480]' for 'POST' to 'http://localhost:60480/session/a46173c35898d78852b006051433a16a/element'
16:41:23.363 [Forwarding findElement on session a46173c35898d78852b006051433a16a to remote] DEBUG o.a.netty.request.NettyRequestSender - Using open Channel [id: 0x8db64de4, L:/127.0.0.1:53516 - R:localhost/127.0.0.1:60480] for POST '/session/a46173c35898d78852b006051433a16a/element'
16:41:23.370 [AsyncHttpClient-1-8] DEBUG o.a.netty.handler.HttpHandler - 

Request DefaultHttpRequest(decodeResult: success, version: HTTP/1.1)
POST /session/a46173c35898d78852b006051433a16a/element HTTP/1.1
User-Agent: selenium/4.1.2 (java windows)
Content-Length: 128
Content-Type: application/json; charset=utf-8
host: localhost:60480
accept: */*

Response DefaultHttpResponse(decodeResult: success, version: HTTP/1.1)
HTTP/1.1 200 OK
Content-Type: application/json; charset=utf-8
cache-control: no-cache
content-length: 88

16:41:23.370 [AsyncHttpClient-1-8] DEBUG o.a.netty.channel.ChannelManager - Adding key: http://localhost:60480 for channel [id: 0x8db64de4, L:/127.0.0.1:53516 - R:localhost/127.0.0.1:60480]
16:41:23.372 [Forwarding sendKeysToElement on session a46173c35898d78852b006051433a16a to remote] DEBUG o.a.netty.request.NettyRequestSender - Using pooled Channel '[id: 0x8db64de4, L:/127.0.0.1:53516 - R:localhost/127.0.0.1:60480]' for 'POST' to 'http://localhost:60480/session/a46173c35898d78852b006051433a16a/element/6b885405-45c1-4d20-8633-af69cebc3a38/value'
16:41:23.372 [Forwarding sendKeysToElement on session a46173c35898d78852b006051433a16a to remote] DEBUG o.a.netty.request.NettyRequestSender - Using open Channel [id: 0x8db64de4, L:/127.0.0.1:53516 - R:localhost/127.0.0.1:60480] for POST '/session/a46173c35898d78852b006051433a16a/element/6b885405-45c1-4d20-8633-af69cebc3a38/value'
16:41:23.413 [AsyncHttpClient-1-8] DEBUG o.a.netty.handler.HttpHandler - 

Request DefaultHttpRequest(decodeResult: success, version: HTTP/1.1)
POST /session/a46173c35898d78852b006051433a16a/element/6b885405-45c1-4d20-8633-af69cebc3a38/value HTTP/1.1
User-Agent: selenium/4.1.2 (java windows)
Content-Length: 191
Content-Type: application/json; charset=utf-8
host: localhost:60480
accept: */*

Response DefaultHttpResponse(decodeResult: success, version: HTTP/1.1)
HTTP/1.1 200 OK
Content-Type: application/json; charset=utf-8
cache-control: no-cache
content-length: 14

16:41:23.413 [AsyncHttpClient-1-8] DEBUG o.a.netty.channel.ChannelManager - Adding key: http://localhost:60480 for channel [id: 0x8db64de4, L:/127.0.0.1:53516 - R:localhost/127.0.0.1:60480]
16:41:23.414 [Forwarding findElement on session a46173c35898d78852b006051433a16a to remote] DEBUG o.a.netty.request.NettyRequestSender - Using pooled Channel '[id: 0x8db64de4, L:/127.0.0.1:53516 - R:localhost/127.0.0.1:60480]' for 'POST' to 'http://localhost:60480/session/a46173c35898d78852b006051433a16a/element'
16:41:23.415 [Forwarding findElement on session a46173c35898d78852b006051433a16a to remote] DEBUG o.a.netty.request.NettyRequestSender - Using open Channel [id: 0x8db64de4, L:/127.0.0.1:53516 - R:localhost/127.0.0.1:60480] for POST '/session/a46173c35898d78852b006051433a16a/element'
16:41:23.421 [AsyncHttpClient-1-8] DEBUG o.a.netty.handler.HttpHandler - 

Request DefaultHttpRequest(decodeResult: success, version: HTTP/1.1)
POST /session/a46173c35898d78852b006051433a16a/element HTTP/1.1
User-Agent: selenium/4.1.2 (java windows)
Content-Length: 132
Content-Type: application/json; charset=utf-8
host: localhost:60480
accept: */*

Response DefaultHttpResponse(decodeResult: success, version: HTTP/1.1)
HTTP/1.1 200 OK
Content-Type: application/json; charset=utf-8
cache-control: no-cache
content-length: 88

16:41:23.422 [AsyncHttpClient-1-8] DEBUG o.a.netty.channel.ChannelManager - Adding key: http://localhost:60480 for channel [id: 0x8db64de4, L:/127.0.0.1:53516 - R:localhost/127.0.0.1:60480]
16:41:23.423 [Forwarding sendKeysToElement on session a46173c35898d78852b006051433a16a to remote] DEBUG o.a.netty.request.NettyRequestSender - Using pooled Channel '[id: 0x8db64de4, L:/127.0.0.1:53516 - R:localhost/127.0.0.1:60480]' for 'POST' to 'http://localhost:60480/session/a46173c35898d78852b006051433a16a/element/18998798-3a54-4f02-a788-30796a4e4266/value'
16:41:23.423 [Forwarding sendKeysToElement on session a46173c35898d78852b006051433a16a to remote] DEBUG o.a.netty.request.NettyRequestSender - Using open Channel [id: 0x8db64de4, L:/127.0.0.1:53516 - R:localhost/127.0.0.1:60480] for POST '/session/a46173c35898d78852b006051433a16a/element/18998798-3a54-4f02-a788-30796a4e4266/value'
16:41:23.476 [AsyncHttpClient-1-8] DEBUG o.a.netty.handler.HttpHandler - 

Request DefaultHttpRequest(decodeResult: success, version: HTTP/1.1)
POST /session/a46173c35898d78852b006051433a16a/element/18998798-3a54-4f02-a788-30796a4e4266/value HTTP/1.1
User-Agent: selenium/4.1.2 (java windows)
Content-Length: 231
Content-Type: application/json; charset=utf-8
host: localhost:60480
accept: */*

Response DefaultHttpResponse(decodeResult: success, version: HTTP/1.1)
HTTP/1.1 200 OK
Content-Type: application/json; charset=utf-8
cache-control: no-cache
content-length: 14

16:41:23.476 [AsyncHttpClient-1-8] DEBUG o.a.netty.channel.ChannelManager - Adding key: http://localhost:60480 for channel [id: 0x8db64de4, L:/127.0.0.1:53516 - R:localhost/127.0.0.1:60480]
16:41:23.477 [Forwarding findElement on session a46173c35898d78852b006051433a16a to remote] DEBUG o.a.netty.request.NettyRequestSender - Using pooled Channel '[id: 0x8db64de4, L:/127.0.0.1:53516 - R:localhost/127.0.0.1:60480]' for 'POST' to 'http://localhost:60480/session/a46173c35898d78852b006051433a16a/element'
16:41:23.477 [Forwarding findElement on session a46173c35898d78852b006051433a16a to remote] DEBUG o.a.netty.request.NettyRequestSender - Using open Channel [id: 0x8db64de4, L:/127.0.0.1:53516 - R:localhost/127.0.0.1:60480] for POST '/session/a46173c35898d78852b006051433a16a/element'
16:41:23.484 [AsyncHttpClient-1-8] DEBUG o.a.netty.handler.HttpHandler - 

Request DefaultHttpRequest(decodeResult: success, version: HTTP/1.1)
POST /session/a46173c35898d78852b006051433a16a/element HTTP/1.1
User-Agent: selenium/4.1.2 (java windows)
Content-Length: 125
Content-Type: application/json; charset=utf-8
host: localhost:60480
accept: */*

Response DefaultHttpResponse(decodeResult: success, version: HTTP/1.1)
HTTP/1.1 200 OK
Content-Type: application/json; charset=utf-8
cache-control: no-cache
content-length: 88

16:41:23.484 [AsyncHttpClient-1-8] DEBUG o.a.netty.channel.ChannelManager - Adding key: http://localhost:60480 for channel [id: 0x8db64de4, L:/127.0.0.1:53516 - R:localhost/127.0.0.1:60480]
16:41:23.486 [Forwarding clickElement on session a46173c35898d78852b006051433a16a to remote] DEBUG o.a.netty.request.NettyRequestSender - Using pooled Channel '[id: 0x8db64de4, L:/127.0.0.1:53516 - R:localhost/127.0.0.1:60480]' for 'POST' to 'http://localhost:60480/session/a46173c35898d78852b006051433a16a/element/68fa19b9-1019-46eb-8808-81a6b3f3a470/click'
16:41:23.486 [Forwarding clickElement on session a46173c35898d78852b006051433a16a to remote] DEBUG o.a.netty.request.NettyRequestSender - Using open Channel [id: 0x8db64de4, L:/127.0.0.1:53516 - R:localhost/127.0.0.1:60480] for POST '/session/a46173c35898d78852b006051433a16a/element/68fa19b9-1019-46eb-8808-81a6b3f3a470/click'
16:41:23.506 [AsyncHttpClient-1-1] DEBUG o.a.netty.channel.DefaultChannelPool - Entry count for : http://localhost:53517 : 1
16:41:23.568 [AsyncHttpClient-1-8] DEBUG o.a.netty.handler.HttpHandler - 

Request DefaultHttpRequest(decodeResult: success, version: HTTP/1.1)
POST /session/a46173c35898d78852b006051433a16a/element/68fa19b9-1019-46eb-8808-81a6b3f3a470/click HTTP/1.1
User-Agent: selenium/4.1.2 (java windows)
Content-Length: 50
Content-Type: application/json; charset=utf-8
host: localhost:60480
accept: */*

Response DefaultHttpResponse(decodeResult: success, version: HTTP/1.1)
HTTP/1.1 200 OK
Content-Type: application/json; charset=utf-8
cache-control: no-cache
content-length: 14

16:41:23.568 [AsyncHttpClient-1-8] DEBUG o.a.netty.channel.ChannelManager - Adding key: http://localhost:60480 for channel [id: 0x8db64de4, L:/127.0.0.1:53516 - R:localhost/127.0.0.1:60480]
16:41:23.569 [Forwarding findElement on session a46173c35898d78852b006051433a16a to remote] DEBUG o.a.netty.request.NettyRequestSender - Using pooled Channel '[id: 0x8db64de4, L:/127.0.0.1:53516 - R:localhost/127.0.0.1:60480]' for 'POST' to 'http://localhost:60480/session/a46173c35898d78852b006051433a16a/element'
16:41:23.569 [Forwarding findElement on session a46173c35898d78852b006051433a16a to remote] DEBUG o.a.netty.request.NettyRequestSender - Using open Channel [id: 0x8db64de4, L:/127.0.0.1:53516 - R:localhost/127.0.0.1:60480] for POST '/session/a46173c35898d78852b006051433a16a/element'
16:41:23.581 [AsyncHttpClient-1-8] DEBUG o.a.netty.handler.HttpHandler - 

Request DefaultHttpRequest(decodeResult: success, version: HTTP/1.1)
POST /session/a46173c35898d78852b006051433a16a/element HTTP/1.1
User-Agent: selenium/4.1.2 (java windows)
Content-Length: 75
Content-Type: application/json; charset=utf-8
host: localhost:60480
accept: */*

Response DefaultHttpResponse(decodeResult: success, version: HTTP/1.1)
HTTP/1.1 200 OK
Content-Type: application/json; charset=utf-8
cache-control: no-cache
content-length: 88

16:41:23.581 [AsyncHttpClient-1-8] DEBUG o.a.netty.channel.ChannelManager - Adding key: http://localhost:60480 for channel [id: 0x8db64de4, L:/127.0.0.1:53516 - R:localhost/127.0.0.1:60480]
16:41:23.585 [Forwarding isElementDisplayed on session a46173c35898d78852b006051433a16a to remote] DEBUG o.a.netty.request.NettyRequestSender - Using pooled Channel '[id: 0x8db64de4, L:/127.0.0.1:53516 - R:localhost/127.0.0.1:60480]' for 'POST' to 'http://localhost:60480/session/a46173c35898d78852b006051433a16a/execute/sync'
16:41:23.585 [Forwarding isElementDisplayed on session a46173c35898d78852b006051433a16a to remote] DEBUG o.a.netty.request.NettyRequestSender - Using open Channel [id: 0x8db64de4, L:/127.0.0.1:53516 - R:localhost/127.0.0.1:60480] for POST '/session/a46173c35898d78852b006051433a16a/execute/sync'
16:41:23.602 [AsyncHttpClient-1-8] DEBUG o.a.netty.handler.HttpHandler - 

Request DefaultHttpRequest(decodeResult: success, version: HTTP/1.1)
POST /session/a46173c35898d78852b006051433a16a/execute/sync HTTP/1.1
User-Agent: selenium/4.1.2 (java windows)
Content-Length: 48780
Content-Type: application/json; charset=utf-8
host: localhost:60480
accept: */*

Response DefaultHttpResponse(decodeResult: success, version: HTTP/1.1)
HTTP/1.1 200 OK
Content-Type: application/json; charset=utf-8
cache-control: no-cache
content-length: 15

16:41:23.602 [AsyncHttpClient-1-8] DEBUG o.a.netty.channel.ChannelManager - Adding key: http://localhost:60480 for channel [id: 0x8db64de4, L:/127.0.0.1:53516 - R:localhost/127.0.0.1:60480]
16:41:24.109 [Forwarding findElement on session a46173c35898d78852b006051433a16a to remote] DEBUG o.a.netty.request.NettyRequestSender - Using pooled Channel '[id: 0x8db64de4, L:/127.0.0.1:53516 - R:localhost/127.0.0.1:60480]' for 'POST' to 'http://localhost:60480/session/a46173c35898d78852b006051433a16a/element'
16:41:24.109 [Forwarding findElement on session a46173c35898d78852b006051433a16a to remote] DEBUG o.a.netty.request.NettyRequestSender - Using open Channel [id: 0x8db64de4, L:/127.0.0.1:53516 - R:localhost/127.0.0.1:60480] for POST '/session/a46173c35898d78852b006051433a16a/element'
16:41:24.117 [AsyncHttpClient-1-8] DEBUG o.a.netty.handler.HttpHandler - 

Request DefaultHttpRequest(decodeResult: success, version: HTTP/1.1)
POST /session/a46173c35898d78852b006051433a16a/element HTTP/1.1
User-Agent: selenium/4.1.2 (java windows)
Content-Length: 75
Content-Type: application/json; charset=utf-8
host: localhost:60480
accept: */*

Response DefaultHttpResponse(decodeResult: success, version: HTTP/1.1)
HTTP/1.1 200 OK
Content-Type: application/json; charset=utf-8
cache-control: no-cache
content-length: 88

16:41:24.117 [AsyncHttpClient-1-8] DEBUG o.a.netty.channel.ChannelManager - Adding key: http://localhost:60480 for channel [id: 0x8db64de4, L:/127.0.0.1:53516 - R:localhost/127.0.0.1:60480]
16:41:24.120 [Forwarding isElementDisplayed on session a46173c35898d78852b006051433a16a to remote] DEBUG o.a.netty.request.NettyRequestSender - Using pooled Channel '[id: 0x8db64de4, L:/127.0.0.1:53516 - R:localhost/127.0.0.1:60480]' for 'POST' to 'http://localhost:60480/session/a46173c35898d78852b006051433a16a/execute/sync'
16:41:24.120 [Forwarding isElementDisplayed on session a46173c35898d78852b006051433a16a to remote] DEBUG o.a.netty.request.NettyRequestSender - Using open Channel [id: 0x8db64de4, L:/127.0.0.1:53516 - R:localhost/127.0.0.1:60480] for POST '/session/a46173c35898d78852b006051433a16a/execute/sync'
16:41:24.128 [AsyncHttpClient-1-8] DEBUG o.a.netty.handler.HttpHandler - 

Request DefaultHttpRequest(decodeResult: success, version: HTTP/1.1)
POST /session/a46173c35898d78852b006051433a16a/execute/sync HTTP/1.1
User-Agent: selenium/4.1.2 (java windows)
Content-Length: 48780
Content-Type: application/json; charset=utf-8
host: localhost:60480
accept: */*

Response DefaultHttpResponse(decodeResult: success, version: HTTP/1.1)
HTTP/1.1 200 OK
Content-Type: application/json; charset=utf-8
cache-control: no-cache
content-length: 15

16:41:24.129 [AsyncHttpClient-1-8] DEBUG o.a.netty.channel.ChannelManager - Adding key: http://localhost:60480 for channel [id: 0x8db64de4, L:/127.0.0.1:53516 - R:localhost/127.0.0.1:60480]
16:41:24.617 [AsyncHttpClient-1-1] DEBUG o.a.netty.channel.DefaultChannelPool - Entry count for : http://localhost:53517 : 1
16:41:24.617 [AsyncHttpClient-1-1] DEBUG o.a.netty.channel.DefaultChannelPool - Entry count for : http://localhost:60480 : 1
16:41:24.633 [Forwarding findElement on session a46173c35898d78852b006051433a16a to remote] DEBUG o.a.netty.request.NettyRequestSender - Using pooled Channel '[id: 0x8db64de4, L:/127.0.0.1:53516 - R:localhost/127.0.0.1:60480]' for 'POST' to 'http://localhost:60480/session/a46173c35898d78852b006051433a16a/element'
16:41:24.634 [Forwarding findElement on session a46173c35898d78852b006051433a16a to remote] DEBUG o.a.netty.request.NettyRequestSender - Using open Channel [id: 0x8db64de4, L:/127.0.0.1:53516 - R:localhost/127.0.0.1:60480] for POST '/session/a46173c35898d78852b006051433a16a/element'
16:41:24.642 [AsyncHttpClient-1-8] DEBUG o.a.netty.handler.HttpHandler - 

Request DefaultHttpRequest(decodeResult: success, version: HTTP/1.1)
POST /session/a46173c35898d78852b006051433a16a/element HTTP/1.1
User-Agent: selenium/4.1.2 (java windows)
Content-Length: 75
Content-Type: application/json; charset=utf-8
host: localhost:60480
accept: */*

Response DefaultHttpResponse(decodeResult: success, version: HTTP/1.1)
HTTP/1.1 200 OK
Content-Type: application/json; charset=utf-8
cache-control: no-cache
content-length: 88

16:41:24.642 [AsyncHttpClient-1-8] DEBUG o.a.netty.channel.ChannelManager - Adding key: http://localhost:60480 for channel [id: 0x8db64de4, L:/127.0.0.1:53516 - R:localhost/127.0.0.1:60480]
16:41:24.646 [Forwarding isElementDisplayed on session a46173c35898d78852b006051433a16a to remote] DEBUG o.a.netty.request.NettyRequestSender - Using pooled Channel '[id: 0x8db64de4, L:/127.0.0.1:53516 - R:localhost/127.0.0.1:60480]' for 'POST' to 'http://localhost:60480/session/a46173c35898d78852b006051433a16a/execute/sync'
16:41:24.646 [Forwarding isElementDisplayed on session a46173c35898d78852b006051433a16a to remote] DEBUG o.a.netty.request.NettyRequestSender - Using open Channel [id: 0x8db64de4, L:/127.0.0.1:53516 - R:localhost/127.0.0.1:60480] for POST '/session/a46173c35898d78852b006051433a16a/execute/sync'
16:41:24.655 [AsyncHttpClient-1-8] DEBUG o.a.netty.handler.HttpHandler - 

Request DefaultHttpRequest(decodeResult: success, version: HTTP/1.1)
POST /session/a46173c35898d78852b006051433a16a/execute/sync HTTP/1.1
User-Agent: selenium/4.1.2 (java windows)
Content-Length: 48780
Content-Type: application/json; charset=utf-8
host: localhost:60480
accept: */*

Response DefaultHttpResponse(decodeResult: success, version: HTTP/1.1)
HTTP/1.1 200 OK
Content-Type: application/json; charset=utf-8
cache-control: no-cache
content-length: 14

16:41:24.655 [AsyncHttpClient-1-8] DEBUG o.a.netty.channel.ChannelManager - Adding key: http://localhost:60480 for channel [id: 0x8db64de4, L:/127.0.0.1:53516 - R:localhost/127.0.0.1:60480]
16:41:24.656 [Forwarding getElementText on session a46173c35898d78852b006051433a16a to remote] DEBUG o.a.netty.request.NettyRequestSender - Using pooled Channel '[id: 0x8db64de4, L:/127.0.0.1:53516 - R:localhost/127.0.0.1:60480]' for 'GET' to 'http://localhost:60480/session/a46173c35898d78852b006051433a16a/element/6857f67d-d5a8-42c7-837f-d6adba999433/text'
16:41:24.656 [Forwarding getElementText on session a46173c35898d78852b006051433a16a to remote] DEBUG o.a.netty.request.NettyRequestSender - Using open Channel [id: 0x8db64de4, L:/127.0.0.1:53516 - R:localhost/127.0.0.1:60480] for GET '/session/a46173c35898d78852b006051433a16a/element/6857f67d-d5a8-42c7-837f-d6adba999433/text'
16:41:24.670 [AsyncHttpClient-1-8] DEBUG o.a.netty.handler.HttpHandler - 

Request DefaultFullHttpRequest(decodeResult: success, version: HTTP/1.1, content: EmptyByteBufBE)
GET /session/a46173c35898d78852b006051433a16a/element/6857f67d-d5a8-42c7-837f-d6adba999433/text HTTP/1.1
User-Agent: selenium/4.1.2 (java windows)
Cache-Control: no-cache
Content-Type: application/json; charset=utf-8
host: localhost:60480
accept: */*

Response DefaultHttpResponse(decodeResult: success, version: HTTP/1.1)
HTTP/1.1 200 OK
Content-Type: application/json; charset=utf-8
cache-control: no-cache
content-length: 59

16:41:24.670 [AsyncHttpClient-1-8] DEBUG o.a.netty.channel.ChannelManager - Adding key: http://localhost:60480 for channel [id: 0x8db64de4, L:/127.0.0.1:53516 - R:localhost/127.0.0.1:60480]
16:41:25.716 [AsyncHttpClient-1-1] DEBUG o.a.netty.channel.DefaultChannelPool - Entry count for : http://localhost:53517 : 1
16:41:25.716 [AsyncHttpClient-1-1] DEBUG o.a.netty.channel.DefaultChannelPool - Entry count for : http://localhost:60480 : 1
  &amp#27;[32mWhen &amp#27;[0m&amp#27;[32muser login using invalid credentials with username &amp#27;[0m&amp#27;[32m&amp#27;[1m"invalidUser"&amp#27;[0m&amp#27;[32m and password &amp#27;[0m&amp#27;[32m&amp#27;[1m"InvalidPassword"&amp#27;[0m &amp#27;[90m# stepdefinitions.LoginPageSteps.user_login_using_invalid_credentials_with_username_and_password(java.lang.String,java.lang.String)&amp#27;[0m
16:41:26.686 [Forwarding getTitle on session a46173c35898d78852b006051433a16a to remote] DEBUG o.a.netty.request.NettyRequestSender - Using pooled Channel '[id: 0x8db64de4, L:/127.0.0.1:53516 - R:localhost/127.0.0.1:60480]' for 'GET' to 'http://localhost:60480/session/a46173c35898d78852b006051433a16a/title'
16:41:26.686 [Forwarding getTitle on session a46173c35898d78852b006051433a16a to remote] DEBUG o.a.netty.request.NettyRequestSender - Using open Channel [id: 0x8db64de4, L:/127.0.0.1:53516 - R:localhost/127.0.0.1:60480] for GET '/session/a46173c35898d78852b006051433a16a/title'
16:41:26.690 [AsyncHttpClient-1-8] DEBUG o.a.netty.handler.HttpHandler - 

Request DefaultFullHttpRequest(decodeResult: success, version: HTTP/1.1, content: EmptyByteBufBE)
GET /session/a46173c35898d78852b006051433a16a/title HTTP/1.1
User-Agent: selenium/4.1.2 (java windows)
Cache-Control: no-cache
Content-Type: application/json; charset=utf-8
host: localhost:60480
accept: */*

Response DefaultHttpResponse(decodeResult: success, version: HTTP/1.1)
HTTP/1.1 200 OK
Content-Type: application/json; charset=utf-8
cache-control: no-cache
content-length: 22

16:41:26.690 [AsyncHttpClient-1-8] DEBUG o.a.netty.channel.ChannelManager - Adding key: http://localhost:60480 for channel [id: 0x8db64de4, L:/127.0.0.1:53516 - R:localhost/127.0.0.1:60480]
16:41:26.691 [Forwarding getTitle on session a46173c35898d78852b006051433a16a to remote] DEBUG o.a.netty.request.NettyRequestSender - Using pooled Channel '[id: 0x8db64de4, L:/127.0.0.1:53516 - R:localhost/127.0.0.1:60480]' for 'GET' to 'http://localhost:60480/session/a46173c35898d78852b006051433a16a/title'
16:41:26.691 [Forwarding getTitle on session a46173c35898d78852b006051433a16a to remote] DEBUG o.a.netty.request.NettyRequestSender - Using open Channel [id: 0x8db64de4, L:/127.0.0.1:53516 - R:localhost/127.0.0.1:60480] for GET '/session/a46173c35898d78852b006051433a16a/title'
16:41:26.694 [AsyncHttpClient-1-8] DEBUG o.a.netty.handler.HttpHandler - 

Request DefaultFullHttpRequest(decodeResult: success, version: HTTP/1.1, content: EmptyByteBufBE)
GET /session/a46173c35898d78852b006051433a16a/title HTTP/1.1
User-Agent: selenium/4.1.2 (java windows)
Cache-Control: no-cache
Content-Type: application/json; charset=utf-8
host: localhost:60480
accept: */*

Response DefaultHttpResponse(decodeResult: success, version: HTTP/1.1)
HTTP/1.1 200 OK
Content-Type: application/json; charset=utf-8
cache-control: no-cache
content-length: 22

16:41:26.694 [AsyncHttpClient-1-8] DEBUG o.a.netty.channel.ChannelManager - Adding key: http://localhost:60480 for channel [id: 0x8db64de4, L:/127.0.0.1:53516 - R:localhost/127.0.0.1:60480]
16:41:26.811 [AsyncHttpClient-1-1] DEBUG o.a.netty.channel.DefaultChannelPool - Entry count for : http://localhost:53517 : 1
16:41:26.811 [AsyncHttpClient-1-1] DEBUG o.a.netty.channel.DefaultChannelPool - Entry count for : http://localhost:60480 : 1
16:41:27.906 [AsyncHttpClient-1-1] DEBUG o.a.netty.channel.DefaultChannelPool - Entry count for : http://localhost:53517 : 1
16:41:27.906 [AsyncHttpClient-1-1] DEBUG o.a.netty.channel.DefaultChannelPool - Entry count for : http://localhost:60480 : 1
16:41:29.009 [AsyncHttpClient-1-1] DEBUG o.a.netty.channel.DefaultChannelPool - Entry count for : http://localhost:53517 : 1
16:41:29.009 [AsyncHttpClient-1-1] DEBUG o.a.netty.channel.DefaultChannelPool - Entry count for : http://localhost:60480 : 1
16:41:30.112 [AsyncHttpClient-1-1] DEBUG o.a.netty.channel.DefaultChannelPool - Entry count for : http://localhost:53517 : 1
16:41:30.112 [AsyncHttpClient-1-1] DEBUG o.a.netty.channel.DefaultChannelPool - Entry count for : http://localhost:60480 : 1
16:41:31.204 [AsyncHttpClient-1-1] DEBUG o.a.netty.channel.DefaultChannelPool - Entry count for : http://localhost:53517 : 1
16:41:31.204 [AsyncHttpClient-1-1] DEBUG o.a.netty.channel.DefaultChannelPool - Entry count for : http://localhost:60480 : 1
16:41:31.708 [Forwarding findElement on session a46173c35898d78852b006051433a16a to remote] DEBUG o.a.netty.request.NettyRequestSender - Using pooled Channel '[id: 0x8db64de4, L:/127.0.0.1:53516 - R:localhost/127.0.0.1:60480]' for 'POST' to 'http://localhost:60480/session/a46173c35898d78852b006051433a16a/element'
16:41:31.709 [Forwarding findElement on session a46173c35898d78852b006051433a16a to remote] DEBUG o.a.netty.request.NettyRequestSender - Using open Channel [id: 0x8db64de4, L:/127.0.0.1:53516 - R:localhost/127.0.0.1:60480] for POST '/session/a46173c35898d78852b006051433a16a/element'
16:41:31.715 [AsyncHttpClient-1-8] DEBUG o.a.netty.handler.HttpHandler - 

Request DefaultHttpRequest(decodeResult: success, version: HTTP/1.1)
POST /session/a46173c35898d78852b006051433a16a/element HTTP/1.1
User-Agent: selenium/4.1.2 (java windows)
Content-Length: 75
Content-Type: application/json; charset=utf-8
host: localhost:60480
accept: */*

Response DefaultHttpResponse(decodeResult: success, version: HTTP/1.1)
HTTP/1.1 200 OK
Content-Type: application/json; charset=utf-8
cache-control: no-cache
content-length: 88

16:41:31.716 [AsyncHttpClient-1-8] DEBUG o.a.netty.channel.ChannelManager - Adding key: http://localhost:60480 for channel [id: 0x8db64de4, L:/127.0.0.1:53516 - R:localhost/127.0.0.1:60480]
16:41:31.719 [Forwarding isElementDisplayed on session a46173c35898d78852b006051433a16a to remote] DEBUG o.a.netty.request.NettyRequestSender - Using pooled Channel '[id: 0x8db64de4, L:/127.0.0.1:53516 - R:localhost/127.0.0.1:60480]' for 'POST' to 'http://localhost:60480/session/a46173c35898d78852b006051433a16a/execute/sync'
16:41:31.719 [Forwarding isElementDisplayed on session a46173c35898d78852b006051433a16a to remote] DEBUG o.a.netty.request.NettyRequestSender - Using open Channel [id: 0x8db64de4, L:/127.0.0.1:53516 - R:localhost/127.0.0.1:60480] for POST '/session/a46173c35898d78852b006051433a16a/execute/sync'
16:41:31.729 [AsyncHttpClient-1-8] DEBUG o.a.netty.handler.HttpHandler - 

Request DefaultHttpRequest(decodeResult: success, version: HTTP/1.1)
POST /session/a46173c35898d78852b006051433a16a/execute/sync HTTP/1.1
User-Agent: selenium/4.1.2 (java windows)
Content-Length: 48780
Content-Type: application/json; charset=utf-8
host: localhost:60480
accept: */*

Response DefaultHttpResponse(decodeResult: success, version: HTTP/1.1)
HTTP/1.1 200 OK
Content-Type: application/json; charset=utf-8
cache-control: no-cache
content-length: 14

16:41:31.729 [AsyncHttpClient-1-8] DEBUG o.a.netty.channel.ChannelManager - Adding key: http://localhost:60480 for channel [id: 0x8db64de4, L:/127.0.0.1:53516 - R:localhost/127.0.0.1:60480]
16:41:31.730 [Forwarding getElementText on session a46173c35898d78852b006051433a16a to remote] DEBUG o.a.netty.request.NettyRequestSender - Using pooled Channel '[id: 0x8db64de4, L:/127.0.0.1:53516 - R:localhost/127.0.0.1:60480]' for 'GET' to 'http://localhost:60480/session/a46173c35898d78852b006051433a16a/element/6857f67d-d5a8-42c7-837f-d6adba999433/text'
16:41:31.731 [Forwarding getElementText on session a46173c35898d78852b006051433a16a to remote] DEBUG o.a.netty.request.NettyRequestSender - Using open Channel [id: 0x8db64de4, L:/127.0.0.1:53516 - R:localhost/127.0.0.1:60480] for GET '/session/a46173c35898d78852b006051433a16a/element/6857f67d-d5a8-42c7-837f-d6adba999433/text'
16:41:31.738 [AsyncHttpClient-1-8] DEBUG o.a.netty.handler.HttpHandler - 

Request DefaultFullHttpRequest(decodeResult: success, version: HTTP/1.1, content: EmptyByteBufBE)
GET /session/a46173c35898d78852b006051433a16a/element/6857f67d-d5a8-42c7-837f-d6adba999433/text HTTP/1.1
User-Agent: selenium/4.1.2 (java windows)
Cache-Control: no-cache
Content-Type: application/json; charset=utf-8
host: localhost:60480
accept: */*

Response DefaultHttpResponse(decodeResult: success, version: HTTP/1.1)
HTTP/1.1 200 OK
Content-Type: application/json; charset=utf-8
cache-control: no-cache
content-length: 59

16:41:31.738 [AsyncHttpClient-1-8] DEBUG o.a.netty.channel.ChannelManager - Adding key: http://localhost:60480 for channel [id: 0x8db64de4, L:/127.0.0.1:53516 - R:localhost/127.0.0.1:60480]
16:41:32.314 [AsyncHttpClient-1-1] DEBUG o.a.netty.channel.DefaultChannelPool - Entry count for : http://localhost:53517 : 1
16:41:32.314 [AsyncHttpClient-1-1] DEBUG o.a.netty.channel.DefaultChannelPool - Entry count for : http://localhost:60480 : 1
16:41:33.407 [AsyncHttpClient-1-1] DEBUG o.a.netty.channel.DefaultChannelPool - Entry count for : http://localhost:53517 : 1
16:41:33.407 [AsyncHttpClient-1-1] DEBUG o.a.netty.channel.DefaultChannelPool - Entry count for : http://localhost:60480 : 1
  &amp#27;[32mThen &amp#27;[0m&amp#27;[32muser should not proceed to Dashboard Page&amp#27;[0m                                                       &amp#27;[90m# stepdefinitions.LoginPageSteps.user_should_not_proceed_to_dashboard_page()&amp#27;[0m
author@vrbanke.get("username")
16:41:34.508 [AsyncHttpClient-1-1] DEBUG o.a.netty.channel.DefaultChannelPool - Entry count for : http://localhost:53517 : 1
16:41:34.508 [AsyncHttpClient-1-1] DEBUG o.a.netty.channel.DefaultChannelPool - Entry count for : http://localhost:60480 : 1
16:41:35.616 [AsyncHttpClient-1-1] DEBUG o.a.netty.channel.DefaultChannelPool - Entry count for : http://localhost:53517 : 1
16:41:35.616 [AsyncHttpClient-1-1] DEBUG o.a.netty.channel.DefaultChannelPool - Entry count for : http://localhost:60480 : 1
16:41:35.774 [Forwarding findElement on session a46173c35898d78852b006051433a16a to remote] DEBUG o.a.netty.request.NettyRequestSender - Using pooled Channel '[id: 0x8db64de4, L:/127.0.0.1:53516 - R:localhost/127.0.0.1:60480]' for 'POST' to 'http://localhost:60480/session/a46173c35898d78852b006051433a16a/element'
16:41:35.774 [Forwarding findElement on session a46173c35898d78852b006051433a16a to remote] DEBUG o.a.netty.request.NettyRequestSender - Using open Channel [id: 0x8db64de4, L:/127.0.0.1:53516 - R:localhost/127.0.0.1:60480] for POST '/session/a46173c35898d78852b006051433a16a/element'
16:41:35.781 [AsyncHttpClient-1-8] DEBUG o.a.netty.handler.HttpHandler - 

Request DefaultHttpRequest(decodeResult: success, version: HTTP/1.1)
POST /session/a46173c35898d78852b006051433a16a/element HTTP/1.1
User-Agent: selenium/4.1.2 (java windows)
Content-Length: 128
Content-Type: application/json; charset=utf-8
host: localhost:60480
accept: */*

Response DefaultHttpResponse(decodeResult: success, version: HTTP/1.1)
HTTP/1.1 200 OK
Content-Type: application/json; charset=utf-8
cache-control: no-cache
content-length: 88

16:41:35.781 [AsyncHttpClient-1-8] DEBUG o.a.netty.channel.ChannelManager - Adding key: http://localhost:60480 for channel [id: 0x8db64de4, L:/127.0.0.1:53516 - R:localhost/127.0.0.1:60480]
16:41:35.783 [Forwarding sendKeysToElement on session a46173c35898d78852b006051433a16a to remote] DEBUG o.a.netty.request.NettyRequestSender - Using pooled Channel '[id: 0x8db64de4, L:/127.0.0.1:53516 - R:localhost/127.0.0.1:60480]' for 'POST' to 'http://localhost:60480/session/a46173c35898d78852b006051433a16a/element/8f9a3b63-ed31-427e-93e2-59cc20327db0/value'
16:41:35.783 [Forwarding sendKeysToElement on session a46173c35898d78852b006051433a16a to remote] DEBUG o.a.netty.request.NettyRequestSender - Using open Channel [id: 0x8db64de4, L:/127.0.0.1:53516 - R:localhost/127.0.0.1:60480] for POST '/session/a46173c35898d78852b006051433a16a/element/8f9a3b63-ed31-427e-93e2-59cc20327db0/value'
16:41:35.822 [AsyncHttpClient-1-8] DEBUG o.a.netty.handler.HttpHandler - 

Request DefaultHttpRequest(decodeResult: success, version: HTTP/1.1)
POST /session/a46173c35898d78852b006051433a16a/element/8f9a3b63-ed31-427e-93e2-59cc20327db0/value HTTP/1.1
User-Agent: selenium/4.1.2 (java windows)
Content-Length: 211
Content-Type: application/json; charset=utf-8
host: localhost:60480
accept: */*

Response DefaultHttpResponse(decodeResult: success, version: HTTP/1.1)
HTTP/1.1 200 OK
Content-Type: application/json; charset=utf-8
cache-control: no-cache
content-length: 14

16:41:35.823 [AsyncHttpClient-1-8] DEBUG o.a.netty.channel.ChannelManager - Adding key: http://localhost:60480 for channel [id: 0x8db64de4, L:/127.0.0.1:53516 - R:localhost/127.0.0.1:60480]
16:41:35.824 [Forwarding findElement on session a46173c35898d78852b006051433a16a to remote] DEBUG o.a.netty.request.NettyRequestSender - Using pooled Channel '[id: 0x8db64de4, L:/127.0.0.1:53516 - R:localhost/127.0.0.1:60480]' for 'POST' to 'http://localhost:60480/session/a46173c35898d78852b006051433a16a/element'
16:41:35.824 [Forwarding findElement on session a46173c35898d78852b006051433a16a to remote] DEBUG o.a.netty.request.NettyRequestSender - Using open Channel [id: 0x8db64de4, L:/127.0.0.1:53516 - R:localhost/127.0.0.1:60480] for POST '/session/a46173c35898d78852b006051433a16a/element'
16:41:35.830 [AsyncHttpClient-1-8] DEBUG o.a.netty.handler.HttpHandler - 

Request DefaultHttpRequest(decodeResult: success, version: HTTP/1.1)
POST /session/a46173c35898d78852b006051433a16a/element HTTP/1.1
User-Agent: selenium/4.1.2 (java windows)
Content-Length: 132
Content-Type: application/json; charset=utf-8
host: localhost:60480
accept: */*

Response DefaultHttpResponse(decodeResult: success, version: HTTP/1.1)
HTTP/1.1 200 OK
Content-Type: application/json; charset=utf-8
cache-control: no-cache
content-length: 88

16:41:35.830 [AsyncHttpClient-1-8] DEBUG o.a.netty.channel.ChannelManager - Adding key: http://localhost:60480 for channel [id: 0x8db64de4, L:/127.0.0.1:53516 - R:localhost/127.0.0.1:60480]
16:41:35.832 [Forwarding sendKeysToElement on session a46173c35898d78852b006051433a16a to remote] DEBUG o.a.netty.request.NettyRequestSender - Using pooled Channel '[id: 0x8db64de4, L:/127.0.0.1:53516 - R:localhost/127.0.0.1:60480]' for 'POST' to 'http://localhost:60480/session/a46173c35898d78852b006051433a16a/element/dfba68e1-c108-4f70-a903-ce67cd6e1e0b/value'
16:41:35.832 [Forwarding sendKeysToElement on session a46173c35898d78852b006051433a16a to remote] DEBUG o.a.netty.request.NettyRequestSender - Using open Channel [id: 0x8db64de4, L:/127.0.0.1:53516 - R:localhost/127.0.0.1:60480] for POST '/session/a46173c35898d78852b006051433a16a/element/dfba68e1-c108-4f70-a903-ce67cd6e1e0b/value'
16:41:35.881 [AsyncHttpClient-1-8] DEBUG o.a.netty.handler.HttpHandler - 

Request DefaultHttpRequest(decodeResult: success, version: HTTP/1.1)
POST /session/a46173c35898d78852b006051433a16a/element/dfba68e1-c108-4f70-a903-ce67cd6e1e0b/value HTTP/1.1
User-Agent: selenium/4.1.2 (java windows)
Content-Length: 161
Content-Type: application/json; charset=utf-8
host: localhost:60480
accept: */*

Response DefaultHttpResponse(decodeResult: success, version: HTTP/1.1)
HTTP/1.1 200 OK
Content-Type: application/json; charset=utf-8
cache-control: no-cache
content-length: 14

16:41:35.881 [AsyncHttpClient-1-8] DEBUG o.a.netty.channel.ChannelManager - Adding key: http://localhost:60480 for channel [id: 0x8db64de4, L:/127.0.0.1:53516 - R:localhost/127.0.0.1:60480]
16:41:35.883 [Forwarding findElement on session a46173c35898d78852b006051433a16a to remote] DEBUG o.a.netty.request.NettyRequestSender - Using pooled Channel '[id: 0x8db64de4, L:/127.0.0.1:53516 - R:localhost/127.0.0.1:60480]' for 'POST' to 'http://localhost:60480/session/a46173c35898d78852b006051433a16a/element'
16:41:35.883 [Forwarding findElement on session a46173c35898d78852b006051433a16a to remote] DEBUG o.a.netty.request.NettyRequestSender - Using open Channel [id: 0x8db64de4, L:/127.0.0.1:53516 - R:localhost/127.0.0.1:60480] for POST '/session/a46173c35898d78852b006051433a16a/element'
16:41:35.891 [AsyncHttpClient-1-8] DEBUG o.a.netty.handler.HttpHandler - 

Request DefaultHttpRequest(decodeResult: success, version: HTTP/1.1)
POST /session/a46173c35898d78852b006051433a16a/element HTTP/1.1
User-Agent: selenium/4.1.2 (java windows)
Content-Length: 125
Content-Type: application/json; charset=utf-8
host: localhost:60480
accept: */*

Response DefaultHttpResponse(decodeResult: success, version: HTTP/1.1)
HTTP/1.1 200 OK
Content-Type: application/json; charset=utf-8
cache-control: no-cache
content-length: 88

16:41:35.891 [AsyncHttpClient-1-8] DEBUG o.a.netty.channel.ChannelManager - Adding key: http://localhost:60480 for channel [id: 0x8db64de4, L:/127.0.0.1:53516 - R:localhost/127.0.0.1:60480]
16:41:35.893 [Forwarding clickElement on session a46173c35898d78852b006051433a16a to remote] DEBUG o.a.netty.request.NettyRequestSender - Using pooled Channel '[id: 0x8db64de4, L:/127.0.0.1:53516 - R:localhost/127.0.0.1:60480]' for 'POST' to 'http://localhost:60480/session/a46173c35898d78852b006051433a16a/element/8ee008e7-f4ec-4419-b190-0cffd013ed8a/click'
16:41:35.893 [Forwarding clickElement on session a46173c35898d78852b006051433a16a to remote] DEBUG o.a.netty.request.NettyRequestSender - Using open Channel [id: 0x8db64de4, L:/127.0.0.1:53516 - R:localhost/127.0.0.1:60480] for POST '/session/a46173c35898d78852b006051433a16a/element/8ee008e7-f4ec-4419-b190-0cffd013ed8a/click'
16:41:36.706 [AsyncHttpClient-1-1] DEBUG o.a.netty.channel.DefaultChannelPool - Entry count for : http://localhost:53517 : 1
16:41:37.810 [AsyncHttpClient-1-1] DEBUG o.a.netty.channel.DefaultChannelPool - Entry count for : http://localhost:53517 : 1
16:41:37.963 [AsyncHttpClient-1-8] DEBUG o.a.netty.handler.HttpHandler - 

Request DefaultHttpRequest(decodeResult: success, version: HTTP/1.1)
POST /session/a46173c35898d78852b006051433a16a/element/8ee008e7-f4ec-4419-b190-0cffd013ed8a/click HTTP/1.1
User-Agent: selenium/4.1.2 (java windows)
Content-Length: 50
Content-Type: application/json; charset=utf-8
host: localhost:60480
accept: */*

Response DefaultHttpResponse(decodeResult: success, version: HTTP/1.1)
HTTP/1.1 200 OK
Content-Type: application/json; charset=utf-8
cache-control: no-cache
content-length: 14

16:41:37.963 [AsyncHttpClient-1-8] DEBUG o.a.netty.channel.ChannelManager - Adding key: http://localhost:60480 for channel [id: 0x8db64de4, L:/127.0.0.1:53516 - R:localhost/127.0.0.1:60480]
  &amp#27;[32mWhen &amp#27;[0m&amp#27;[32muser login using valid credentials&amp#27;[0m                                                              &amp#27;[90m# stepdefinitions.LoginPageSteps.user_login_using_valid_credentials(io.cucumber.datatable.DataTable)&amp#27;[0m
    | username      | password | titlePage       |
    | author@vrbank | pega123! | Pega Dev Studio |
16:41:37.968 [Forwarding getTitle on session a46173c35898d78852b006051433a16a to remote] DEBUG o.a.netty.request.NettyRequestSender - Using pooled Channel '[id: 0x8db64de4, L:/127.0.0.1:53516 - R:localhost/127.0.0.1:60480]' for 'GET' to 'http://localhost:60480/session/a46173c35898d78852b006051433a16a/title'
16:41:37.968 [Forwarding getTitle on session a46173c35898d78852b006051433a16a to remote] DEBUG o.a.netty.request.NettyRequestSender - Using open Channel [id: 0x8db64de4, L:/127.0.0.1:53516 - R:localhost/127.0.0.1:60480] for GET '/session/a46173c35898d78852b006051433a16a/title'
16:41:38.053 [AsyncHttpClient-1-8] DEBUG o.a.netty.handler.HttpHandler - 

Request DefaultFullHttpRequest(decodeResult: success, version: HTTP/1.1, content: EmptyByteBufBE)
GET /session/a46173c35898d78852b006051433a16a/title HTTP/1.1
User-Agent: selenium/4.1.2 (java windows)
Cache-Control: no-cache
Content-Type: application/json; charset=utf-8
host: localhost:60480
accept: */*

Response DefaultHttpResponse(decodeResult: success, version: HTTP/1.1)
HTTP/1.1 200 OK
Content-Type: application/json; charset=utf-8
cache-control: no-cache
content-length: 27

16:41:38.053 [AsyncHttpClient-1-8] DEBUG o.a.netty.channel.ChannelManager - Adding key: http://localhost:60480 for channel [id: 0x8db64de4, L:/127.0.0.1:53516 - R:localhost/127.0.0.1:60480]
16:41:38.054 [Forwarding getTitle on session a46173c35898d78852b006051433a16a to remote] DEBUG o.a.netty.request.NettyRequestSender - Using pooled Channel '[id: 0x8db64de4, L:/127.0.0.1:53516 - R:localhost/127.0.0.1:60480]' for 'GET' to 'http://localhost:60480/session/a46173c35898d78852b006051433a16a/title'
16:41:38.054 [Forwarding getTitle on session a46173c35898d78852b006051433a16a to remote] DEBUG o.a.netty.request.NettyRequestSender - Using open Channel [id: 0x8db64de4, L:/127.0.0.1:53516 - R:localhost/127.0.0.1:60480] for GET '/session/a46173c35898d78852b006051433a16a/title'
16:41:38.059 [AsyncHttpClient-1-8] DEBUG o.a.netty.handler.HttpHandler - 

Request DefaultFullHttpRequest(decodeResult: success, version: HTTP/1.1, content: EmptyByteBufBE)
GET /session/a46173c35898d78852b006051433a16a/title HTTP/1.1
User-Agent: selenium/4.1.2 (java windows)
Cache-Control: no-cache
Content-Type: application/json; charset=utf-8
host: localhost:60480
accept: */*

Response DefaultHttpResponse(decodeResult: success, version: HTTP/1.1)
HTTP/1.1 200 OK
Content-Type: application/json; charset=utf-8
cache-control: no-cache
content-length: 27

16:41:38.059 [AsyncHttpClient-1-8] DEBUG o.a.netty.channel.ChannelManager - Adding key: http://localhost:60480 for channel [id: 0x8db64de4, L:/127.0.0.1:53516 - R:localhost/127.0.0.1:60480]
16:41:38.901 [AsyncHttpClient-1-1] DEBUG o.a.netty.channel.DefaultChannelPool - Entry count for : http://localhost:53517 : 1
16:41:38.901 [AsyncHttpClient-1-1] DEBUG o.a.netty.channel.DefaultChannelPool - Entry count for : http://localhost:60480 : 1
16:41:40.006 [AsyncHttpClient-1-1] DEBUG o.a.netty.channel.DefaultChannelPool - Entry count for : http://localhost:53517 : 1
16:41:40.006 [AsyncHttpClient-1-1] DEBUG o.a.netty.channel.DefaultChannelPool - Entry count for : http://localhost:60480 : 1
16:41:41.113 [AsyncHttpClient-1-1] DEBUG o.a.netty.channel.DefaultChannelPool - Entry count for : http://localhost:53517 : 1
16:41:41.113 [AsyncHttpClient-1-1] DEBUG o.a.netty.channel.DefaultChannelPool - Entry count for : http://localhost:60480 : 1
16:41:42.203 [AsyncHttpClient-1-1] DEBUG o.a.netty.channel.DefaultChannelPool - Entry count for : http://localhost:53517 : 1
16:41:42.203 [AsyncHttpClient-1-1] DEBUG o.a.netty.channel.DefaultChannelPool - Entry count for : http://localhost:60480 : 1
  &amp#27;[32mThen &amp#27;[0m&amp#27;[32muser should proceed to Dashboard Page&amp#27;[0m                                                           &amp#27;[90m# stepdefinitions.LoginPageSteps.user_should_proceed_to_dashboard_page()&amp#27;[0m
16:41:43.068 [AsyncHttpClient-1-10] DEBUG o.a.netty.handler.WebSocketHandler - Channel Closed: [id: 0xbc383205, L:/127.0.0.1:53524 ! R:localhost/127.0.0.1:53517] with attribute NettyResponseFuture{currentRetry=5,
	isDone=1,
	isCancelled=0,
	asyncHandler=org.asynchttpclient.ws.WebSocketUpgradeHandler@7101e29f,
	nettyRequest=org.asynchttpclient.netty.request.NettyRequest@340372db,
	future=java.util.concurrent.CompletableFuture@3022345[Completed normally],
	uri=ws://localhost:53517/devtools/browser/31e65168-2017-47ed-ae57-830176fc0ae4,
	keepAlive=true,
	redirectCount=0,
	timeoutsHolder=null,
	inAuth=0,
	touch=1648197675822}
16:41:43.068 [Driver Command Executor] DEBUG o.a.netty.request.NettyRequestSender - Using pooled Channel '[id: 0x8db64de4, L:/127.0.0.1:53516 - R:localhost/127.0.0.1:60480]' for 'DELETE' to 'http://localhost:60480/session/a46173c35898d78852b006051433a16a'
16:41:43.068 [AsyncHttpClient-1-10] DEBUG o.a.netty.channel.ChannelManager - Closing Channel [id: 0xbc383205, L:/127.0.0.1:53524 ! R:localhost/127.0.0.1:53517] 
16:41:43.068 [Driver Command Executor] DEBUG o.a.netty.request.NettyRequestSender - Using open Channel [id: 0x8db64de4, L:/127.0.0.1:53516 - R:localhost/127.0.0.1:60480] for DELETE '/session/a46173c35898d78852b006051433a16a'
16:41:43.093 [AsyncHttpClient-1-9] DEBUG o.a.netty.handler.HttpHandler - Unexpected I/O exception on channel [id: 0xfb009c36, L:/127.0.0.1:53523 - R:localhost/127.0.0.1:53517]
java.net.SocketException: Connection reset
	at java.base/sun.nio.ch.SocketChannelImpl.throwConnectionReset(SocketChannelImpl.java:367) ~[na:na]
	at java.base/sun.nio.ch.SocketChannelImpl.read(SocketChannelImpl.java:398) ~[na:na]
	at io.netty.buffer.PooledByteBuf.setBytes(PooledByteBuf.java:253) ~[netty-buffer-4.1.70.Final.jar:4.1.70.Final]
	at io.netty.buffer.AbstractByteBuf.writeBytes(AbstractByteBuf.java:1132) ~[netty-buffer-4.1.70.Final.jar:4.1.70.Final]
	at io.netty.channel.socket.nio.NioSocketChannel.doReadBytes(NioSocketChannel.java:350) ~[netty-transport-4.1.70.Final.jar:4.1.70.Final]
	at io.netty.channel.nio.AbstractNioByteChannel$NioByteUnsafe.read(AbstractNioByteChannel.java:151) ~[netty-transport-4.1.70.Final.jar:4.1.70.Final]
	at io.netty.channel.nio.NioEventLoop.processSelectedKey(NioEventLoop.java:719) ~[netty-transport-4.1.70.Final.jar:4.1.70.Final]
	at io.netty.channel.nio.NioEventLoop.processSelectedKeysOptimized(NioEventLoop.java:655) ~[netty-transport-4.1.70.Final.jar:4.1.70.Final]
	at io.netty.channel.nio.NioEventLoop.processSelectedKeys(NioEventLoop.java:581) ~[netty-transport-4.1.70.Final.jar:4.1.70.Final]
	at io.netty.channel.nio.NioEventLoop.run(NioEventLoop.java:493) ~[netty-transport-4.1.70.Final.jar:4.1.70.Final]
	at io.netty.util.concurrent.SingleThreadEventExecutor$4.run(SingleThreadEventExecutor.java:986) ~[netty-common-4.1.70.Final.jar:4.1.70.Final]
	at io.netty.util.internal.ThreadExecutorMap$2.run(ThreadExecutorMap.java:74) ~[netty-common-4.1.70.Final.jar:4.1.70.Final]
	at io.netty.util.concurrent.FastThreadLocalRunnable.run(FastThreadLocalRunnable.java:30) ~[netty-common-4.1.70.Final.jar:4.1.70.Final]
	at java.base/java.lang.Thread.run(Thread.java:832) ~[na:na]
16:41:43.093 [AsyncHttpClient-1-9] DEBUG o.a.netty.channel.ChannelManager - Closing Channel [id: 0xfb009c36, L:/127.0.0.1:53523 - R:localhost/127.0.0.1:53517] 
16:41:43.093 [AsyncHttpClient-1-9] DEBUG o.a.netty.handler.HttpHandler - Channel Closed: [id: 0xfb009c36, L:/127.0.0.1:53523 ! R:localhost/127.0.0.1:53517] with attribute DISCARD
16:41:43.109 [AsyncHttpClient-1-8] DEBUG o.a.netty.handler.HttpHandler - 

Request DefaultFullHttpRequest(decodeResult: success, version: HTTP/1.1, content: EmptyByteBufBE)
DELETE /session/a46173c35898d78852b006051433a16a HTTP/1.1
User-Agent: selenium/4.1.2 (java windows)
Content-Type: application/json; charset=utf-8
host: localhost:60480
accept: */*

Response DefaultHttpResponse(decodeResult: success, version: HTTP/1.1)
HTTP/1.1 200 OK
Content-Type: application/json; charset=utf-8
cache-control: no-cache
content-length: 14

16:41:43.109 [AsyncHttpClient-1-8] DEBUG o.a.netty.channel.ChannelManager - Adding key: http://localhost:60480 for channel [id: 0x8db64de4, L:/127.0.0.1:53516 - R:localhost/127.0.0.1:60480]
16:41:43.171 [AsyncHttpClient-1-8] DEBUG o.a.netty.handler.HttpHandler - Channel Closed: [id: 0x8db64de4, L:/127.0.0.1:53516 ! R:localhost/127.0.0.1:60480] with attribute DISCARD
16:41:43.304 [AsyncHttpClient-1-1] DEBUG o.a.netty.channel.DefaultChannelPool - Entry count for : http://localhost:53517 : 1
16:41:43.304 [AsyncHttpClient-1-1] DEBUG o.a.netty.channel.DefaultChannelPool - Entry count for : http://localhost:60480 : 1
16:41:43.304 [AsyncHttpClient-1-1] DEBUG o.a.netty.channel.DefaultChannelPool - Adding Candidate expired Channel [id: 0xfb009c36, L:/127.0.0.1:53523 ! R:localhost/127.0.0.1:53517] isIdleTimeoutExpired=false isRemotelyClosed=true isTtlExpired=false
16:41:43.304 [AsyncHttpClient-1-1] DEBUG o.a.netty.channel.DefaultChannelPool - Closing Idle Channel [id: 0xfb009c36, L:/127.0.0.1:53523 ! R:localhost/127.0.0.1:53517]
16:41:43.304 [AsyncHttpClient-1-1] DEBUG o.a.netty.channel.DefaultChannelPool - Adding Candidate expired Channel [id: 0x8db64de4, L:/127.0.0.1:53516 ! R:localhost/127.0.0.1:60480] isIdleTimeoutExpired=false isRemotelyClosed=true isTtlExpired=false
16:41:43.304 [AsyncHttpClient-1-1] DEBUG o.a.netty.channel.DefaultChannelPool - Closing Idle Channel [id: 0x8db64de4, L:/127.0.0.1:53516 ! R:localhost/127.0.0.1:60480]
16:41:43.304 [AsyncHttpClient-1-1] DEBUG o.a.netty.channel.DefaultChannelPool - Closed 2 connections out of 2 in 0 ms
16:41:43.697 [main] INFO   - 
  _____   ___   ___   _____     ___     _     ___   ___   ___   ___  
 |_   _| | __| / __| |_   _|   | _ \   /_\   / __| / __| | __| |   \ 
   | |   | _|  \__ \   | |     |  _/  / _ \  \__ \ \__ \ | _|  | |) |
   |_|   |___| |___/   |_|     |_|   /_/ \_\ |___/ |___/ |___| |___/ 

Login to PEGA Site using Author, Manager and User
----------------------------------------------------------------------
]]></system-out>
    <system-err><![CDATA[Starting ChromeDriver 99.0.4844.51 (d537ec02474b5afe23684e7963d538896c63ac77-refs/branch-heads/4844@{#875}) on port 60480
Only local connections are allowed.
Please see https://chromedriver.chromium.org/security-considerations for suggestions on keeping ChromeDriver safe.
ChromeDriver was started successfully.
Cleaning up unclosed ZipFile for archive Z:\Automation\JavaCucumber\BDD_HCL\CucumberHCL\.\src\main\resources\TestData\InvalidUserCredentials.xlsx
Mar 25, 2022 4:41:15 PM org.openqa.selenium.remote.ProtocolHandshake createSession
INFO: Detected dialect: W3C
Mar 25, 2022 4:41:15 PM org.openqa.selenium.devtools.CdpVersionFinder findNearestMatch
WARNING: Unable to find an exact match for CDP version 99, so returning the closest version found: 96
Mar 25, 2022 4:41:15 PM org.openqa.selenium.devtools.CdpVersionFinder findNearestMatch
INFO: Found CDP implementation for version 99 of 96
]]></system-err>
  </testcase>
  <testcase name="Login to PEGA Site using User" classname="Validate And Verify Login Page to PEGA Site" time="29.359">
    <system-out><![CDATA[
@All @Regression
Scenario: Login to PEGA Site using User                                                                &amp#27;[90m# src/main/resources/AppFeatures/ValidateAndVerifyLoginPage.feature:30&amp#27;[0m
16:41:43.704 [main] INFO  i.c.core.plugin.SerenityReporter - Running feature from file:///Z:/Automation/JavaCucumber/BDD_HCL/CucumberHCL/src/main/resources/AppFeatures/ValidateAndVerifyLoginPage.feature
16:41:43.704 [main] WARN  i.c.core.plugin.SerenityReporter - Feature from file:///Z:/Automation/JavaCucumber/BDD_HCL/CucumberHCL/src/main/resources/AppFeatures/ValidateAndVerifyLoginPage.feature is not under the 'features' directory. Requirements report will not be correctly generated!
16:41:43.706 [main] INFO   - 
  _____   ___   ___   _____     ___   _____     _     ___   _____   ___   ___  
 |_   _| | __| / __| |_   _|   / __| |_   _|   /_\   | _ \ |_   _| | __| |   \ 
   | |   | _|  \__ \   | |     \__ \   | |    / _ \  |   /   | |   | _|  | |) |
   |_|   |___| |___/   |_|     |___/   |_|   /_/ \_\ |_|_\   |_|   |___| |___/ 

Login to PEGA Site using User(validate-and-verify-login-page-to-pega-site;login-to-pega-site-using-user)
--------------------------------------------------------------------------------
16:41:43.711 [main] DEBUG com.pages.drivers.DriversFactory - Initialize Driver Browser Configuration
16:41:43.711 [main] DEBUG com.pages.drivers.DriversFactory -  Driver Browser : chrome
16:41:43.720 [main] DEBUG i.g.bonigarcia.wdm.WebDriverManager - Driver chromedriver 99.0.4844.51 found in cache
16:41:43.720 [main] INFO  i.g.bonigarcia.wdm.WebDriverManager - Exporting webdriver.chrome.driver as C:\Users\DheyClaveria\.cache\selenium\chromedriver\win32\99.0.4844.51\chromedriver.exe
16:41:44.261 [AsyncHttpClient-1-11] DEBUG o.a.n.channel.NettyConnectListener - Using new Channel '[id: 0x33bf32c6, L:/127.0.0.1:53595 - R:localhost/127.0.0.1:53731]' for 'POST' to '/session'
16:41:44.969 [AsyncHttpClient-1-11] DEBUG o.a.netty.handler.HttpHandler - 

Request DefaultHttpRequest(decodeResult: success, version: HTTP/1.1)
POST /session HTTP/1.1
User-Agent: selenium/4.1.2 (java windows)
Content-Length: 365
Content-Type: application/json; charset=utf-8
host: localhost:53731
accept: */*

Response DefaultHttpResponse(decodeResult: success, version: HTTP/1.1)
HTTP/1.1 200 OK
Content-Type: application/json; charset=utf-8
cache-control: no-cache
content-length: 795

16:41:44.969 [AsyncHttpClient-1-11] DEBUG o.a.netty.channel.ChannelManager - Adding key: http://localhost:53731 for channel [id: 0x33bf32c6, L:/127.0.0.1:53595 - R:localhost/127.0.0.1:53731]
16:41:44.975 [AsyncHttpClient-1-12] DEBUG o.a.n.channel.NettyConnectListener - Using new Channel '[id: 0xd1def588, L:/127.0.0.1:53602 - R:localhost/127.0.0.1:53596]' for 'GET' to '/json/version'
16:41:44.979 [AsyncHttpClient-1-12] DEBUG o.a.netty.handler.HttpHandler - 

Request DefaultFullHttpRequest(decodeResult: success, version: HTTP/1.1, content: EmptyByteBufBE)
GET /json/version HTTP/1.1
User-Agent: selenium/4.1.2 (java windows)
host: localhost:53596
accept: */*

Response DefaultHttpResponse(decodeResult: success, version: HTTP/1.1)
HTTP/1.1 200 OK
Content-Type: application/json; charset=UTF-8
content-length: 423

16:41:44.979 [AsyncHttpClient-1-12] DEBUG o.a.netty.channel.ChannelManager - Adding key: http://localhost:53596 for channel [id: 0xd1def588, L:/127.0.0.1:53602 - R:localhost/127.0.0.1:53596]
16:41:44.981 [AsyncHttpClient-1-13] DEBUG o.a.n.channel.NettyConnectListener - Using new Channel '[id: 0x52ec88d3, L:/127.0.0.1:53603 - R:localhost/127.0.0.1:53596]' for 'GET' to '/devtools/browser/42290435-da54-491e-a28d-1f6d6f2c8b8c'
16:41:44.985 [AsyncHttpClient-1-13] DEBUG o.a.netty.handler.WebSocketHandler - 

Request DefaultFullHttpRequest(decodeResult: success, version: HTTP/1.1, content: EmptyByteBufBE)
GET /devtools/browser/42290435-da54-491e-a28d-1f6d6f2c8b8c HTTP/1.1
upgrade: websocket
connection: upgrade
sec-websocket-key: Vy5adbryOvYpIcrTlAu4Zg==
sec-websocket-version: 13
origin: http://localhost:53596
host: localhost:53596
accept: */*
user-agent: AHC/2.1

Response DefaultHttpResponse(decodeResult: success, version: HTTP/1.1)
HTTP/1.1 101 WebSocket Protocol Handshake
Upgrade: WebSocket
Connection: Upgrade
Sec-WebSocket-Accept: Ij74gLMoHDdh26KMn5FKPcgXArA=

16:41:44.989 [Forwarding deleteAllCookies on session b1e7a17833d3bce96ff3332c5338c6ed to remote] DEBUG o.a.netty.request.NettyRequestSender - Using pooled Channel '[id: 0x33bf32c6, L:/127.0.0.1:53595 - R:localhost/127.0.0.1:53731]' for 'DELETE' to 'http://localhost:53731/session/b1e7a17833d3bce96ff3332c5338c6ed/cookie'
16:41:44.989 [Forwarding deleteAllCookies on session b1e7a17833d3bce96ff3332c5338c6ed to remote] DEBUG o.a.netty.request.NettyRequestSender - Using open Channel [id: 0x33bf32c6, L:/127.0.0.1:53595 - R:localhost/127.0.0.1:53731] for DELETE '/session/b1e7a17833d3bce96ff3332c5338c6ed/cookie'
16:41:44.995 [AsyncHttpClient-1-11] DEBUG o.a.netty.handler.HttpHandler - 

Request DefaultFullHttpRequest(decodeResult: success, version: HTTP/1.1, content: EmptyByteBufBE)
DELETE /session/b1e7a17833d3bce96ff3332c5338c6ed/cookie HTTP/1.1
User-Agent: selenium/4.1.2 (java windows)
Content-Type: application/json; charset=utf-8
host: localhost:53731
accept: */*

Response DefaultHttpResponse(decodeResult: success, version: HTTP/1.1)
HTTP/1.1 200 OK
Content-Type: application/json; charset=utf-8
cache-control: no-cache
content-length: 14

16:41:44.995 [AsyncHttpClient-1-11] DEBUG o.a.netty.channel.ChannelManager - Adding key: http://localhost:53731 for channel [id: 0x33bf32c6, L:/127.0.0.1:53595 - R:localhost/127.0.0.1:53731]
16:41:44.996 [Forwarding maximizeCurrentWindow on session b1e7a17833d3bce96ff3332c5338c6ed to remote] DEBUG o.a.netty.request.NettyRequestSender - Using pooled Channel '[id: 0x33bf32c6, L:/127.0.0.1:53595 - R:localhost/127.0.0.1:53731]' for 'POST' to 'http://localhost:53731/session/b1e7a17833d3bce96ff3332c5338c6ed/window/maximize'
16:41:44.996 [Forwarding maximizeCurrentWindow on session b1e7a17833d3bce96ff3332c5338c6ed to remote] DEBUG o.a.netty.request.NettyRequestSender - Using open Channel [id: 0x33bf32c6, L:/127.0.0.1:53595 - R:localhost/127.0.0.1:53731] for POST '/session/b1e7a17833d3bce96ff3332c5338c6ed/window/maximize'
16:41:45.115 [AsyncHttpClient-1-11] DEBUG o.a.netty.handler.HttpHandler - 

Request DefaultHttpRequest(decodeResult: success, version: HTTP/1.1)
POST /session/b1e7a17833d3bce96ff3332c5338c6ed/window/maximize HTTP/1.1
User-Agent: selenium/4.1.2 (java windows)
Content-Length: 3
Content-Type: application/json; charset=utf-8
host: localhost:53731
accept: */*

Response DefaultHttpResponse(decodeResult: success, version: HTTP/1.1)
HTTP/1.1 200 OK
Content-Type: application/json; charset=utf-8
cache-control: no-cache
content-length: 52

16:41:45.115 [AsyncHttpClient-1-11] DEBUG o.a.netty.channel.ChannelManager - Adding key: http://localhost:53731 for channel [id: 0x33bf32c6, L:/127.0.0.1:53595 - R:localhost/127.0.0.1:53731]
16:41:45.119 [Forwarding get on session b1e7a17833d3bce96ff3332c5338c6ed to remote] DEBUG o.a.netty.request.NettyRequestSender - Using pooled Channel '[id: 0x33bf32c6, L:/127.0.0.1:53595 - R:localhost/127.0.0.1:53731]' for 'POST' to 'http://localhost:53731/session/b1e7a17833d3bce96ff3332c5338c6ed/url'
16:41:45.119 [Forwarding get on session b1e7a17833d3bce96ff3332c5338c6ed to remote] DEBUG o.a.netty.request.NettyRequestSender - Using open Channel [id: 0x33bf32c6, L:/127.0.0.1:53595 - R:localhost/127.0.0.1:53731] for POST '/session/b1e7a17833d3bce96ff3332c5338c6ed/url'
16:41:45.285 [AsyncHttpClient-1-11] DEBUG o.a.netty.handler.HttpHandler - 

Request DefaultHttpRequest(decodeResult: success, version: HTTP/1.1)
POST /session/b1e7a17833d3bce96ff3332c5338c6ed/url HTTP/1.1
User-Agent: selenium/4.1.2 (java windows)
Content-Length: 148
Content-Type: application/json; charset=utf-8
host: localhost:53731
accept: */*

Response DefaultHttpResponse(decodeResult: success, version: HTTP/1.1)
HTTP/1.1 200 OK
Content-Type: application/json; charset=utf-8
cache-control: no-cache
content-length: 14

16:41:45.285 [AsyncHttpClient-1-11] DEBUG o.a.netty.channel.ChannelManager - Adding key: http://localhost:53731 for channel [id: 0x33bf32c6, L:/127.0.0.1:53595 - R:localhost/127.0.0.1:53731]
16:41:45.286 [Forwarding getTitle on session b1e7a17833d3bce96ff3332c5338c6ed to remote] DEBUG o.a.netty.request.NettyRequestSender - Using pooled Channel '[id: 0x33bf32c6, L:/127.0.0.1:53595 - R:localhost/127.0.0.1:53731]' for 'GET' to 'http://localhost:53731/session/b1e7a17833d3bce96ff3332c5338c6ed/title'
16:41:45.286 [Forwarding getTitle on session b1e7a17833d3bce96ff3332c5338c6ed to remote] DEBUG o.a.netty.request.NettyRequestSender - Using open Channel [id: 0x33bf32c6, L:/127.0.0.1:53595 - R:localhost/127.0.0.1:53731] for GET '/session/b1e7a17833d3bce96ff3332c5338c6ed/title'
16:41:45.292 [AsyncHttpClient-1-11] DEBUG o.a.netty.handler.HttpHandler - 

Request DefaultFullHttpRequest(decodeResult: success, version: HTTP/1.1, content: EmptyByteBufBE)
GET /session/b1e7a17833d3bce96ff3332c5338c6ed/title HTTP/1.1
User-Agent: selenium/4.1.2 (java windows)
Cache-Control: no-cache
Content-Type: application/json; charset=utf-8
host: localhost:53731
accept: */*

Response DefaultHttpResponse(decodeResult: success, version: HTTP/1.1)
HTTP/1.1 200 OK
Content-Type: application/json; charset=utf-8
cache-control: no-cache
content-length: 22

16:41:45.292 [AsyncHttpClient-1-11] DEBUG o.a.netty.channel.ChannelManager - Adding key: http://localhost:53731 for channel [id: 0x33bf32c6, L:/127.0.0.1:53595 - R:localhost/127.0.0.1:53731]
16:41:45.293 [Forwarding getTitle on session b1e7a17833d3bce96ff3332c5338c6ed to remote] DEBUG o.a.netty.request.NettyRequestSender - Using pooled Channel '[id: 0x33bf32c6, L:/127.0.0.1:53595 - R:localhost/127.0.0.1:53731]' for 'GET' to 'http://localhost:53731/session/b1e7a17833d3bce96ff3332c5338c6ed/title'
16:41:45.293 [Forwarding getTitle on session b1e7a17833d3bce96ff3332c5338c6ed to remote] DEBUG o.a.netty.request.NettyRequestSender - Using open Channel [id: 0x33bf32c6, L:/127.0.0.1:53595 - R:localhost/127.0.0.1:53731] for GET '/session/b1e7a17833d3bce96ff3332c5338c6ed/title'
16:41:45.296 [AsyncHttpClient-1-11] DEBUG o.a.netty.handler.HttpHandler - 

Request DefaultFullHttpRequest(decodeResult: success, version: HTTP/1.1, content: EmptyByteBufBE)
GET /session/b1e7a17833d3bce96ff3332c5338c6ed/title HTTP/1.1
User-Agent: selenium/4.1.2 (java windows)
Cache-Control: no-cache
Content-Type: application/json; charset=utf-8
host: localhost:53731
accept: */*

Response DefaultHttpResponse(decodeResult: success, version: HTTP/1.1)
HTTP/1.1 200 OK
Content-Type: application/json; charset=utf-8
cache-control: no-cache
content-length: 22

16:41:45.296 [AsyncHttpClient-1-11] DEBUG o.a.netty.channel.ChannelManager - Adding key: http://localhost:53731 for channel [id: 0x33bf32c6, L:/127.0.0.1:53595 - R:localhost/127.0.0.1:53731]
16:41:45.509 [AsyncHttpClient-1-1] DEBUG o.a.netty.channel.DefaultChannelPool - Entry count for : http://localhost:53596 : 1
16:41:45.509 [AsyncHttpClient-1-1] DEBUG o.a.netty.channel.DefaultChannelPool - Entry count for : http://localhost:53731 : 1
16:41:46.609 [AsyncHttpClient-1-1] DEBUG o.a.netty.channel.DefaultChannelPool - Entry count for : http://localhost:53596 : 1
16:41:46.609 [AsyncHttpClient-1-1] DEBUG o.a.netty.channel.DefaultChannelPool - Entry count for : http://localhost:53731 : 1
16:41:47.710 [AsyncHttpClient-1-1] DEBUG o.a.netty.channel.DefaultChannelPool - Entry count for : http://localhost:53596 : 1
16:41:47.710 [AsyncHttpClient-1-1] DEBUG o.a.netty.channel.DefaultChannelPool - Entry count for : http://localhost:53731 : 1
16:41:48.809 [AsyncHttpClient-1-1] DEBUG o.a.netty.channel.DefaultChannelPool - Entry count for : http://localhost:53596 : 1
16:41:48.809 [AsyncHttpClient-1-1] DEBUG o.a.netty.channel.DefaultChannelPool - Entry count for : http://localhost:53731 : 1
16:41:49.910 [AsyncHttpClient-1-1] DEBUG o.a.netty.channel.DefaultChannelPool - Entry count for : http://localhost:53596 : 1
16:41:49.910 [AsyncHttpClient-1-1] DEBUG o.a.netty.channel.DefaultChannelPool - Entry count for : http://localhost:53731 : 1
  &amp#27;[32mGiven &amp#27;[0m&amp#27;[32mthat the user should navigate in PEGA Login Page&amp#27;[0m                                               &amp#27;[90m# stepdefinitions.LoginPageSteps.that_the_user_should_navigate_in_pega_login_page()&amp#27;[0m
16:41:50.313 [Forwarding findElement on session b1e7a17833d3bce96ff3332c5338c6ed to remote] DEBUG o.a.netty.request.NettyRequestSender - Using pooled Channel '[id: 0x33bf32c6, L:/127.0.0.1:53595 - R:localhost/127.0.0.1:53731]' for 'POST' to 'http://localhost:53731/session/b1e7a17833d3bce96ff3332c5338c6ed/element'
16:41:50.313 [Forwarding findElement on session b1e7a17833d3bce96ff3332c5338c6ed to remote] DEBUG o.a.netty.request.NettyRequestSender - Using open Channel [id: 0x33bf32c6, L:/127.0.0.1:53595 - R:localhost/127.0.0.1:53731] for POST '/session/b1e7a17833d3bce96ff3332c5338c6ed/element'
16:41:50.327 [AsyncHttpClient-1-11] DEBUG o.a.netty.handler.HttpHandler - 

Request DefaultHttpRequest(decodeResult: success, version: HTTP/1.1)
POST /session/b1e7a17833d3bce96ff3332c5338c6ed/element HTTP/1.1
User-Agent: selenium/4.1.2 (java windows)
Content-Length: 128
Content-Type: application/json; charset=utf-8
host: localhost:53731
accept: */*

Response DefaultHttpResponse(decodeResult: success, version: HTTP/1.1)
HTTP/1.1 200 OK
Content-Type: application/json; charset=utf-8
cache-control: no-cache
content-length: 88

16:41:50.328 [AsyncHttpClient-1-11] DEBUG o.a.netty.channel.ChannelManager - Adding key: http://localhost:53731 for channel [id: 0x33bf32c6, L:/127.0.0.1:53595 - R:localhost/127.0.0.1:53731]
16:41:50.331 [Forwarding isElementDisplayed on session b1e7a17833d3bce96ff3332c5338c6ed to remote] DEBUG o.a.netty.request.NettyRequestSender - Using pooled Channel '[id: 0x33bf32c6, L:/127.0.0.1:53595 - R:localhost/127.0.0.1:53731]' for 'POST' to 'http://localhost:53731/session/b1e7a17833d3bce96ff3332c5338c6ed/execute/sync'
16:41:50.331 [Forwarding isElementDisplayed on session b1e7a17833d3bce96ff3332c5338c6ed to remote] DEBUG o.a.netty.request.NettyRequestSender - Using open Channel [id: 0x33bf32c6, L:/127.0.0.1:53595 - R:localhost/127.0.0.1:53731] for POST '/session/b1e7a17833d3bce96ff3332c5338c6ed/execute/sync'
16:41:50.353 [AsyncHttpClient-1-11] DEBUG o.a.netty.handler.HttpHandler - 

Request DefaultHttpRequest(decodeResult: success, version: HTTP/1.1)
POST /session/b1e7a17833d3bce96ff3332c5338c6ed/execute/sync HTTP/1.1
User-Agent: selenium/4.1.2 (java windows)
Content-Length: 48780
Content-Type: application/json; charset=utf-8
host: localhost:53731
accept: */*

Response DefaultHttpResponse(decodeResult: success, version: HTTP/1.1)
HTTP/1.1 200 OK
Content-Type: application/json; charset=utf-8
cache-control: no-cache
content-length: 14

16:41:50.353 [AsyncHttpClient-1-11] DEBUG o.a.netty.channel.ChannelManager - Adding key: http://localhost:53731 for channel [id: 0x33bf32c6, L:/127.0.0.1:53595 - R:localhost/127.0.0.1:53731]
16:41:50.354 [Forwarding findElement on session b1e7a17833d3bce96ff3332c5338c6ed to remote] DEBUG o.a.netty.request.NettyRequestSender - Using pooled Channel '[id: 0x33bf32c6, L:/127.0.0.1:53595 - R:localhost/127.0.0.1:53731]' for 'POST' to 'http://localhost:53731/session/b1e7a17833d3bce96ff3332c5338c6ed/element'
16:41:50.354 [Forwarding findElement on session b1e7a17833d3bce96ff3332c5338c6ed to remote] DEBUG o.a.netty.request.NettyRequestSender - Using open Channel [id: 0x33bf32c6, L:/127.0.0.1:53595 - R:localhost/127.0.0.1:53731] for POST '/session/b1e7a17833d3bce96ff3332c5338c6ed/element'
16:41:50.361 [AsyncHttpClient-1-11] DEBUG o.a.netty.handler.HttpHandler - 

Request DefaultHttpRequest(decodeResult: success, version: HTTP/1.1)
POST /session/b1e7a17833d3bce96ff3332c5338c6ed/element HTTP/1.1
User-Agent: selenium/4.1.2 (java windows)
Content-Length: 128
Content-Type: application/json; charset=utf-8
host: localhost:53731
accept: */*

Response DefaultHttpResponse(decodeResult: success, version: HTTP/1.1)
HTTP/1.1 200 OK
Content-Type: application/json; charset=utf-8
cache-control: no-cache
content-length: 88

16:41:50.361 [AsyncHttpClient-1-11] DEBUG o.a.netty.channel.ChannelManager - Adding key: http://localhost:53731 for channel [id: 0x33bf32c6, L:/127.0.0.1:53595 - R:localhost/127.0.0.1:53731]
16:41:50.364 [Forwarding isElementDisplayed on session b1e7a17833d3bce96ff3332c5338c6ed to remote] DEBUG o.a.netty.request.NettyRequestSender - Using pooled Channel '[id: 0x33bf32c6, L:/127.0.0.1:53595 - R:localhost/127.0.0.1:53731]' for 'POST' to 'http://localhost:53731/session/b1e7a17833d3bce96ff3332c5338c6ed/execute/sync'
16:41:50.364 [Forwarding isElementDisplayed on session b1e7a17833d3bce96ff3332c5338c6ed to remote] DEBUG o.a.netty.request.NettyRequestSender - Using open Channel [id: 0x33bf32c6, L:/127.0.0.1:53595 - R:localhost/127.0.0.1:53731] for POST '/session/b1e7a17833d3bce96ff3332c5338c6ed/execute/sync'
16:41:50.378 [AsyncHttpClient-1-11] DEBUG o.a.netty.handler.HttpHandler - 

Request DefaultHttpRequest(decodeResult: success, version: HTTP/1.1)
POST /session/b1e7a17833d3bce96ff3332c5338c6ed/execute/sync HTTP/1.1
User-Agent: selenium/4.1.2 (java windows)
Content-Length: 48780
Content-Type: application/json; charset=utf-8
host: localhost:53731
accept: */*

Response DefaultHttpResponse(decodeResult: success, version: HTTP/1.1)
HTTP/1.1 200 OK
Content-Type: application/json; charset=utf-8
cache-control: no-cache
content-length: 14

16:41:50.378 [AsyncHttpClient-1-11] DEBUG o.a.netty.channel.ChannelManager - Adding key: http://localhost:53731 for channel [id: 0x33bf32c6, L:/127.0.0.1:53595 - R:localhost/127.0.0.1:53731]
16:41:50.379 [Forwarding findElement on session b1e7a17833d3bce96ff3332c5338c6ed to remote] DEBUG o.a.netty.request.NettyRequestSender - Using pooled Channel '[id: 0x33bf32c6, L:/127.0.0.1:53595 - R:localhost/127.0.0.1:53731]' for 'POST' to 'http://localhost:53731/session/b1e7a17833d3bce96ff3332c5338c6ed/element'
16:41:50.379 [Forwarding findElement on session b1e7a17833d3bce96ff3332c5338c6ed to remote] DEBUG o.a.netty.request.NettyRequestSender - Using open Channel [id: 0x33bf32c6, L:/127.0.0.1:53595 - R:localhost/127.0.0.1:53731] for POST '/session/b1e7a17833d3bce96ff3332c5338c6ed/element'
16:41:50.386 [AsyncHttpClient-1-11] DEBUG o.a.netty.handler.HttpHandler - 

Request DefaultHttpRequest(decodeResult: success, version: HTTP/1.1)
POST /session/b1e7a17833d3bce96ff3332c5338c6ed/element HTTP/1.1
User-Agent: selenium/4.1.2 (java windows)
Content-Length: 128
Content-Type: application/json; charset=utf-8
host: localhost:53731
accept: */*

Response DefaultHttpResponse(decodeResult: success, version: HTTP/1.1)
HTTP/1.1 200 OK
Content-Type: application/json; charset=utf-8
cache-control: no-cache
content-length: 88

16:41:50.386 [AsyncHttpClient-1-11] DEBUG o.a.netty.channel.ChannelManager - Adding key: http://localhost:53731 for channel [id: 0x33bf32c6, L:/127.0.0.1:53595 - R:localhost/127.0.0.1:53731]
16:41:50.387 [Forwarding isElementEnabled on session b1e7a17833d3bce96ff3332c5338c6ed to remote] DEBUG o.a.netty.request.NettyRequestSender - Using pooled Channel '[id: 0x33bf32c6, L:/127.0.0.1:53595 - R:localhost/127.0.0.1:53731]' for 'GET' to 'http://localhost:53731/session/b1e7a17833d3bce96ff3332c5338c6ed/element/189efb55-cc7c-452b-872c-1ee761dec800/enabled'
16:41:50.387 [Forwarding isElementEnabled on session b1e7a17833d3bce96ff3332c5338c6ed to remote] DEBUG o.a.netty.request.NettyRequestSender - Using open Channel [id: 0x33bf32c6, L:/127.0.0.1:53595 - R:localhost/127.0.0.1:53731] for GET '/session/b1e7a17833d3bce96ff3332c5338c6ed/element/189efb55-cc7c-452b-872c-1ee761dec800/enabled'
16:41:50.395 [AsyncHttpClient-1-11] DEBUG o.a.netty.handler.HttpHandler - 

Request DefaultFullHttpRequest(decodeResult: success, version: HTTP/1.1, content: EmptyByteBufBE)
GET /session/b1e7a17833d3bce96ff3332c5338c6ed/element/189efb55-cc7c-452b-872c-1ee761dec800/enabled HTTP/1.1
User-Agent: selenium/4.1.2 (java windows)
Cache-Control: no-cache
Content-Type: application/json; charset=utf-8
host: localhost:53731
accept: */*

Response DefaultHttpResponse(decodeResult: success, version: HTTP/1.1)
HTTP/1.1 200 OK
Content-Type: application/json; charset=utf-8
cache-control: no-cache
content-length: 14

16:41:50.395 [AsyncHttpClient-1-11] DEBUG o.a.netty.channel.ChannelManager - Adding key: http://localhost:53731 for channel [id: 0x33bf32c6, L:/127.0.0.1:53595 - R:localhost/127.0.0.1:53731]
16:41:50.396 [Forwarding findElement on session b1e7a17833d3bce96ff3332c5338c6ed to remote] DEBUG o.a.netty.request.NettyRequestSender - Using pooled Channel '[id: 0x33bf32c6, L:/127.0.0.1:53595 - R:localhost/127.0.0.1:53731]' for 'POST' to 'http://localhost:53731/session/b1e7a17833d3bce96ff3332c5338c6ed/element'
16:41:50.396 [Forwarding findElement on session b1e7a17833d3bce96ff3332c5338c6ed to remote] DEBUG o.a.netty.request.NettyRequestSender - Using open Channel [id: 0x33bf32c6, L:/127.0.0.1:53595 - R:localhost/127.0.0.1:53731] for POST '/session/b1e7a17833d3bce96ff3332c5338c6ed/element'
16:41:50.407 [AsyncHttpClient-1-11] DEBUG o.a.netty.handler.HttpHandler - 

Request DefaultHttpRequest(decodeResult: success, version: HTTP/1.1)
POST /session/b1e7a17833d3bce96ff3332c5338c6ed/element HTTP/1.1
User-Agent: selenium/4.1.2 (java windows)
Content-Length: 132
Content-Type: application/json; charset=utf-8
host: localhost:53731
accept: */*

Response DefaultHttpResponse(decodeResult: success, version: HTTP/1.1)
HTTP/1.1 200 OK
Content-Type: application/json; charset=utf-8
cache-control: no-cache
content-length: 88

16:41:50.407 [AsyncHttpClient-1-11] DEBUG o.a.netty.channel.ChannelManager - Adding key: http://localhost:53731 for channel [id: 0x33bf32c6, L:/127.0.0.1:53595 - R:localhost/127.0.0.1:53731]
16:41:50.411 [Forwarding isElementDisplayed on session b1e7a17833d3bce96ff3332c5338c6ed to remote] DEBUG o.a.netty.request.NettyRequestSender - Using pooled Channel '[id: 0x33bf32c6, L:/127.0.0.1:53595 - R:localhost/127.0.0.1:53731]' for 'POST' to 'http://localhost:53731/session/b1e7a17833d3bce96ff3332c5338c6ed/execute/sync'
16:41:50.411 [Forwarding isElementDisplayed on session b1e7a17833d3bce96ff3332c5338c6ed to remote] DEBUG o.a.netty.request.NettyRequestSender - Using open Channel [id: 0x33bf32c6, L:/127.0.0.1:53595 - R:localhost/127.0.0.1:53731] for POST '/session/b1e7a17833d3bce96ff3332c5338c6ed/execute/sync'
16:41:50.420 [AsyncHttpClient-1-11] DEBUG o.a.netty.handler.HttpHandler - 

Request DefaultHttpRequest(decodeResult: success, version: HTTP/1.1)
POST /session/b1e7a17833d3bce96ff3332c5338c6ed/execute/sync HTTP/1.1
User-Agent: selenium/4.1.2 (java windows)
Content-Length: 48780
Content-Type: application/json; charset=utf-8
host: localhost:53731
accept: */*

Response DefaultHttpResponse(decodeResult: success, version: HTTP/1.1)
HTTP/1.1 200 OK
Content-Type: application/json; charset=utf-8
cache-control: no-cache
content-length: 14

16:41:50.421 [AsyncHttpClient-1-11] DEBUG o.a.netty.channel.ChannelManager - Adding key: http://localhost:53731 for channel [id: 0x33bf32c6, L:/127.0.0.1:53595 - R:localhost/127.0.0.1:53731]
16:41:50.422 [Forwarding findElement on session b1e7a17833d3bce96ff3332c5338c6ed to remote] DEBUG o.a.netty.request.NettyRequestSender - Using pooled Channel '[id: 0x33bf32c6, L:/127.0.0.1:53595 - R:localhost/127.0.0.1:53731]' for 'POST' to 'http://localhost:53731/session/b1e7a17833d3bce96ff3332c5338c6ed/element'
16:41:50.422 [Forwarding findElement on session b1e7a17833d3bce96ff3332c5338c6ed to remote] DEBUG o.a.netty.request.NettyRequestSender - Using open Channel [id: 0x33bf32c6, L:/127.0.0.1:53595 - R:localhost/127.0.0.1:53731] for POST '/session/b1e7a17833d3bce96ff3332c5338c6ed/element'
16:41:50.428 [AsyncHttpClient-1-11] DEBUG o.a.netty.handler.HttpHandler - 

Request DefaultHttpRequest(decodeResult: success, version: HTTP/1.1)
POST /session/b1e7a17833d3bce96ff3332c5338c6ed/element HTTP/1.1
User-Agent: selenium/4.1.2 (java windows)
Content-Length: 132
Content-Type: application/json; charset=utf-8
host: localhost:53731
accept: */*

Response DefaultHttpResponse(decodeResult: success, version: HTTP/1.1)
HTTP/1.1 200 OK
Content-Type: application/json; charset=utf-8
cache-control: no-cache
content-length: 88

16:41:50.429 [AsyncHttpClient-1-11] DEBUG o.a.netty.channel.ChannelManager - Adding key: http://localhost:53731 for channel [id: 0x33bf32c6, L:/127.0.0.1:53595 - R:localhost/127.0.0.1:53731]
16:41:50.432 [Forwarding isElementDisplayed on session b1e7a17833d3bce96ff3332c5338c6ed to remote] DEBUG o.a.netty.request.NettyRequestSender - Using pooled Channel '[id: 0x33bf32c6, L:/127.0.0.1:53595 - R:localhost/127.0.0.1:53731]' for 'POST' to 'http://localhost:53731/session/b1e7a17833d3bce96ff3332c5338c6ed/execute/sync'
16:41:50.432 [Forwarding isElementDisplayed on session b1e7a17833d3bce96ff3332c5338c6ed to remote] DEBUG o.a.netty.request.NettyRequestSender - Using open Channel [id: 0x33bf32c6, L:/127.0.0.1:53595 - R:localhost/127.0.0.1:53731] for POST '/session/b1e7a17833d3bce96ff3332c5338c6ed/execute/sync'
16:41:50.442 [AsyncHttpClient-1-11] DEBUG o.a.netty.handler.HttpHandler - 

Request DefaultHttpRequest(decodeResult: success, version: HTTP/1.1)
POST /session/b1e7a17833d3bce96ff3332c5338c6ed/execute/sync HTTP/1.1
User-Agent: selenium/4.1.2 (java windows)
Content-Length: 48780
Content-Type: application/json; charset=utf-8
host: localhost:53731
accept: */*

Response DefaultHttpResponse(decodeResult: success, version: HTTP/1.1)
HTTP/1.1 200 OK
Content-Type: application/json; charset=utf-8
cache-control: no-cache
content-length: 14

16:41:50.442 [AsyncHttpClient-1-11] DEBUG o.a.netty.channel.ChannelManager - Adding key: http://localhost:53731 for channel [id: 0x33bf32c6, L:/127.0.0.1:53595 - R:localhost/127.0.0.1:53731]
16:41:50.443 [Forwarding findElement on session b1e7a17833d3bce96ff3332c5338c6ed to remote] DEBUG o.a.netty.request.NettyRequestSender - Using pooled Channel '[id: 0x33bf32c6, L:/127.0.0.1:53595 - R:localhost/127.0.0.1:53731]' for 'POST' to 'http://localhost:53731/session/b1e7a17833d3bce96ff3332c5338c6ed/element'
16:41:50.443 [Forwarding findElement on session b1e7a17833d3bce96ff3332c5338c6ed to remote] DEBUG o.a.netty.request.NettyRequestSender - Using open Channel [id: 0x33bf32c6, L:/127.0.0.1:53595 - R:localhost/127.0.0.1:53731] for POST '/session/b1e7a17833d3bce96ff3332c5338c6ed/element'
16:41:50.450 [AsyncHttpClient-1-11] DEBUG o.a.netty.handler.HttpHandler - 

Request DefaultHttpRequest(decodeResult: success, version: HTTP/1.1)
POST /session/b1e7a17833d3bce96ff3332c5338c6ed/element HTTP/1.1
User-Agent: selenium/4.1.2 (java windows)
Content-Length: 132
Content-Type: application/json; charset=utf-8
host: localhost:53731
accept: */*

Response DefaultHttpResponse(decodeResult: success, version: HTTP/1.1)
HTTP/1.1 200 OK
Content-Type: application/json; charset=utf-8
cache-control: no-cache
content-length: 88

16:41:50.450 [AsyncHttpClient-1-11] DEBUG o.a.netty.channel.ChannelManager - Adding key: http://localhost:53731 for channel [id: 0x33bf32c6, L:/127.0.0.1:53595 - R:localhost/127.0.0.1:53731]
16:41:50.451 [Forwarding isElementEnabled on session b1e7a17833d3bce96ff3332c5338c6ed to remote] DEBUG o.a.netty.request.NettyRequestSender - Using pooled Channel '[id: 0x33bf32c6, L:/127.0.0.1:53595 - R:localhost/127.0.0.1:53731]' for 'GET' to 'http://localhost:53731/session/b1e7a17833d3bce96ff3332c5338c6ed/element/07051e61-ee7c-4159-b83a-d0c5baba1eb1/enabled'
16:41:50.451 [Forwarding isElementEnabled on session b1e7a17833d3bce96ff3332c5338c6ed to remote] DEBUG o.a.netty.request.NettyRequestSender - Using open Channel [id: 0x33bf32c6, L:/127.0.0.1:53595 - R:localhost/127.0.0.1:53731] for GET '/session/b1e7a17833d3bce96ff3332c5338c6ed/element/07051e61-ee7c-4159-b83a-d0c5baba1eb1/enabled'
16:41:50.458 [AsyncHttpClient-1-11] DEBUG o.a.netty.handler.HttpHandler - 

Request DefaultFullHttpRequest(decodeResult: success, version: HTTP/1.1, content: EmptyByteBufBE)
GET /session/b1e7a17833d3bce96ff3332c5338c6ed/element/07051e61-ee7c-4159-b83a-d0c5baba1eb1/enabled HTTP/1.1
User-Agent: selenium/4.1.2 (java windows)
Cache-Control: no-cache
Content-Type: application/json; charset=utf-8
host: localhost:53731
accept: */*

Response DefaultHttpResponse(decodeResult: success, version: HTTP/1.1)
HTTP/1.1 200 OK
Content-Type: application/json; charset=utf-8
cache-control: no-cache
content-length: 14

16:41:50.458 [AsyncHttpClient-1-11] DEBUG o.a.netty.channel.ChannelManager - Adding key: http://localhost:53731 for channel [id: 0x33bf32c6, L:/127.0.0.1:53595 - R:localhost/127.0.0.1:53731]
16:41:50.459 [Forwarding findElement on session b1e7a17833d3bce96ff3332c5338c6ed to remote] DEBUG o.a.netty.request.NettyRequestSender - Using pooled Channel '[id: 0x33bf32c6, L:/127.0.0.1:53595 - R:localhost/127.0.0.1:53731]' for 'POST' to 'http://localhost:53731/session/b1e7a17833d3bce96ff3332c5338c6ed/element'
16:41:50.459 [Forwarding findElement on session b1e7a17833d3bce96ff3332c5338c6ed to remote] DEBUG o.a.netty.request.NettyRequestSender - Using open Channel [id: 0x33bf32c6, L:/127.0.0.1:53595 - R:localhost/127.0.0.1:53731] for POST '/session/b1e7a17833d3bce96ff3332c5338c6ed/element'
16:41:50.470 [AsyncHttpClient-1-11] DEBUG o.a.netty.handler.HttpHandler - 

Request DefaultHttpRequest(decodeResult: success, version: HTTP/1.1)
POST /session/b1e7a17833d3bce96ff3332c5338c6ed/element HTTP/1.1
User-Agent: selenium/4.1.2 (java windows)
Content-Length: 125
Content-Type: application/json; charset=utf-8
host: localhost:53731
accept: */*

Response DefaultHttpResponse(decodeResult: success, version: HTTP/1.1)
HTTP/1.1 200 OK
Content-Type: application/json; charset=utf-8
cache-control: no-cache
content-length: 88

16:41:50.470 [AsyncHttpClient-1-11] DEBUG o.a.netty.channel.ChannelManager - Adding key: http://localhost:53731 for channel [id: 0x33bf32c6, L:/127.0.0.1:53595 - R:localhost/127.0.0.1:53731]
16:41:50.474 [Forwarding isElementDisplayed on session b1e7a17833d3bce96ff3332c5338c6ed to remote] DEBUG o.a.netty.request.NettyRequestSender - Using pooled Channel '[id: 0x33bf32c6, L:/127.0.0.1:53595 - R:localhost/127.0.0.1:53731]' for 'POST' to 'http://localhost:53731/session/b1e7a17833d3bce96ff3332c5338c6ed/execute/sync'
16:41:50.474 [Forwarding isElementDisplayed on session b1e7a17833d3bce96ff3332c5338c6ed to remote] DEBUG o.a.netty.request.NettyRequestSender - Using open Channel [id: 0x33bf32c6, L:/127.0.0.1:53595 - R:localhost/127.0.0.1:53731] for POST '/session/b1e7a17833d3bce96ff3332c5338c6ed/execute/sync'
16:41:50.485 [AsyncHttpClient-1-11] DEBUG o.a.netty.handler.HttpHandler - 

Request DefaultHttpRequest(decodeResult: success, version: HTTP/1.1)
POST /session/b1e7a17833d3bce96ff3332c5338c6ed/execute/sync HTTP/1.1
User-Agent: selenium/4.1.2 (java windows)
Content-Length: 48780
Content-Type: application/json; charset=utf-8
host: localhost:53731
accept: */*

Response DefaultHttpResponse(decodeResult: success, version: HTTP/1.1)
HTTP/1.1 200 OK
Content-Type: application/json; charset=utf-8
cache-control: no-cache
content-length: 14

16:41:50.485 [AsyncHttpClient-1-11] DEBUG o.a.netty.channel.ChannelManager - Adding key: http://localhost:53731 for channel [id: 0x33bf32c6, L:/127.0.0.1:53595 - R:localhost/127.0.0.1:53731]
16:41:50.486 [Forwarding findElement on session b1e7a17833d3bce96ff3332c5338c6ed to remote] DEBUG o.a.netty.request.NettyRequestSender - Using pooled Channel '[id: 0x33bf32c6, L:/127.0.0.1:53595 - R:localhost/127.0.0.1:53731]' for 'POST' to 'http://localhost:53731/session/b1e7a17833d3bce96ff3332c5338c6ed/element'
16:41:50.486 [Forwarding findElement on session b1e7a17833d3bce96ff3332c5338c6ed to remote] DEBUG o.a.netty.request.NettyRequestSender - Using open Channel [id: 0x33bf32c6, L:/127.0.0.1:53595 - R:localhost/127.0.0.1:53731] for POST '/session/b1e7a17833d3bce96ff3332c5338c6ed/element'
16:41:50.493 [AsyncHttpClient-1-11] DEBUG o.a.netty.handler.HttpHandler - 

Request DefaultHttpRequest(decodeResult: success, version: HTTP/1.1)
POST /session/b1e7a17833d3bce96ff3332c5338c6ed/element HTTP/1.1
User-Agent: selenium/4.1.2 (java windows)
Content-Length: 125
Content-Type: application/json; charset=utf-8
host: localhost:53731
accept: */*

Response DefaultHttpResponse(decodeResult: success, version: HTTP/1.1)
HTTP/1.1 200 OK
Content-Type: application/json; charset=utf-8
cache-control: no-cache
content-length: 88

16:41:50.493 [AsyncHttpClient-1-11] DEBUG o.a.netty.channel.ChannelManager - Adding key: http://localhost:53731 for channel [id: 0x33bf32c6, L:/127.0.0.1:53595 - R:localhost/127.0.0.1:53731]
16:41:50.497 [Forwarding isElementDisplayed on session b1e7a17833d3bce96ff3332c5338c6ed to remote] DEBUG o.a.netty.request.NettyRequestSender - Using pooled Channel '[id: 0x33bf32c6, L:/127.0.0.1:53595 - R:localhost/127.0.0.1:53731]' for 'POST' to 'http://localhost:53731/session/b1e7a17833d3bce96ff3332c5338c6ed/execute/sync'
16:41:50.497 [Forwarding isElementDisplayed on session b1e7a17833d3bce96ff3332c5338c6ed to remote] DEBUG o.a.netty.request.NettyRequestSender - Using open Channel [id: 0x33bf32c6, L:/127.0.0.1:53595 - R:localhost/127.0.0.1:53731] for POST '/session/b1e7a17833d3bce96ff3332c5338c6ed/execute/sync'
16:41:50.508 [AsyncHttpClient-1-11] DEBUG o.a.netty.handler.HttpHandler - 

Request DefaultHttpRequest(decodeResult: success, version: HTTP/1.1)
POST /session/b1e7a17833d3bce96ff3332c5338c6ed/execute/sync HTTP/1.1
User-Agent: selenium/4.1.2 (java windows)
Content-Length: 48780
Content-Type: application/json; charset=utf-8
host: localhost:53731
accept: */*

Response DefaultHttpResponse(decodeResult: success, version: HTTP/1.1)
HTTP/1.1 200 OK
Content-Type: application/json; charset=utf-8
cache-control: no-cache
content-length: 14

16:41:50.508 [AsyncHttpClient-1-11] DEBUG o.a.netty.channel.ChannelManager - Adding key: http://localhost:53731 for channel [id: 0x33bf32c6, L:/127.0.0.1:53595 - R:localhost/127.0.0.1:53731]
16:41:50.509 [Forwarding findElement on session b1e7a17833d3bce96ff3332c5338c6ed to remote] DEBUG o.a.netty.request.NettyRequestSender - Using pooled Channel '[id: 0x33bf32c6, L:/127.0.0.1:53595 - R:localhost/127.0.0.1:53731]' for 'POST' to 'http://localhost:53731/session/b1e7a17833d3bce96ff3332c5338c6ed/element'
16:41:50.509 [Forwarding findElement on session b1e7a17833d3bce96ff3332c5338c6ed to remote] DEBUG o.a.netty.request.NettyRequestSender - Using open Channel [id: 0x33bf32c6, L:/127.0.0.1:53595 - R:localhost/127.0.0.1:53731] for POST '/session/b1e7a17833d3bce96ff3332c5338c6ed/element'
16:41:50.515 [AsyncHttpClient-1-11] DEBUG o.a.netty.handler.HttpHandler - 

Request DefaultHttpRequest(decodeResult: success, version: HTTP/1.1)
POST /session/b1e7a17833d3bce96ff3332c5338c6ed/element HTTP/1.1
User-Agent: selenium/4.1.2 (java windows)
Content-Length: 125
Content-Type: application/json; charset=utf-8
host: localhost:53731
accept: */*

Response DefaultHttpResponse(decodeResult: success, version: HTTP/1.1)
HTTP/1.1 200 OK
Content-Type: application/json; charset=utf-8
cache-control: no-cache
content-length: 88

16:41:50.516 [AsyncHttpClient-1-11] DEBUG o.a.netty.channel.ChannelManager - Adding key: http://localhost:53731 for channel [id: 0x33bf32c6, L:/127.0.0.1:53595 - R:localhost/127.0.0.1:53731]
16:41:50.517 [Forwarding isElementEnabled on session b1e7a17833d3bce96ff3332c5338c6ed to remote] DEBUG o.a.netty.request.NettyRequestSender - Using pooled Channel '[id: 0x33bf32c6, L:/127.0.0.1:53595 - R:localhost/127.0.0.1:53731]' for 'GET' to 'http://localhost:53731/session/b1e7a17833d3bce96ff3332c5338c6ed/element/9c96119d-a8f7-4ef5-be08-30427ac9526e/enabled'
16:41:50.517 [Forwarding isElementEnabled on session b1e7a17833d3bce96ff3332c5338c6ed to remote] DEBUG o.a.netty.request.NettyRequestSender - Using open Channel [id: 0x33bf32c6, L:/127.0.0.1:53595 - R:localhost/127.0.0.1:53731] for GET '/session/b1e7a17833d3bce96ff3332c5338c6ed/element/9c96119d-a8f7-4ef5-be08-30427ac9526e/enabled'
16:41:50.525 [AsyncHttpClient-1-11] DEBUG o.a.netty.handler.HttpHandler - 

Request DefaultFullHttpRequest(decodeResult: success, version: HTTP/1.1, content: EmptyByteBufBE)
GET /session/b1e7a17833d3bce96ff3332c5338c6ed/element/9c96119d-a8f7-4ef5-be08-30427ac9526e/enabled HTTP/1.1
User-Agent: selenium/4.1.2 (java windows)
Cache-Control: no-cache
Content-Type: application/json; charset=utf-8
host: localhost:53731
accept: */*

Response DefaultHttpResponse(decodeResult: success, version: HTTP/1.1)
HTTP/1.1 200 OK
Content-Type: application/json; charset=utf-8
cache-control: no-cache
content-length: 14

16:41:50.525 [AsyncHttpClient-1-11] DEBUG o.a.netty.channel.ChannelManager - Adding key: http://localhost:53731 for channel [id: 0x33bf32c6, L:/127.0.0.1:53595 - R:localhost/127.0.0.1:53731]
  &amp#27;[32mAnd &amp#27;[0m&amp#27;[32muser verify the Login Page Elements is Visible&amp#27;[0m                                                   &amp#27;[90m# stepdefinitions.LoginPageSteps.user_verify_the_login_page_elements_is_visible()&amp#27;[0m
16:41:51.009 [AsyncHttpClient-1-1] DEBUG o.a.netty.channel.DefaultChannelPool - Entry count for : http://localhost:53596 : 1
16:41:51.009 [AsyncHttpClient-1-1] DEBUG o.a.netty.channel.DefaultChannelPool - Entry count for : http://localhost:53731 : 1
16:41:52.102 [AsyncHttpClient-1-1] DEBUG o.a.netty.channel.DefaultChannelPool - Entry count for : http://localhost:53596 : 1
16:41:52.102 [AsyncHttpClient-1-1] DEBUG o.a.netty.channel.DefaultChannelPool - Entry count for : http://localhost:53731 : 1
16:41:52.544 [Forwarding findElement on session b1e7a17833d3bce96ff3332c5338c6ed to remote] DEBUG o.a.netty.request.NettyRequestSender - Using pooled Channel '[id: 0x33bf32c6, L:/127.0.0.1:53595 - R:localhost/127.0.0.1:53731]' for 'POST' to 'http://localhost:53731/session/b1e7a17833d3bce96ff3332c5338c6ed/element'
16:41:52.544 [Forwarding findElement on session b1e7a17833d3bce96ff3332c5338c6ed to remote] DEBUG o.a.netty.request.NettyRequestSender - Using open Channel [id: 0x33bf32c6, L:/127.0.0.1:53595 - R:localhost/127.0.0.1:53731] for POST '/session/b1e7a17833d3bce96ff3332c5338c6ed/element'
16:41:52.551 [AsyncHttpClient-1-11] DEBUG o.a.netty.handler.HttpHandler - 

Request DefaultHttpRequest(decodeResult: success, version: HTTP/1.1)
POST /session/b1e7a17833d3bce96ff3332c5338c6ed/element HTTP/1.1
User-Agent: selenium/4.1.2 (java windows)
Content-Length: 128
Content-Type: application/json; charset=utf-8
host: localhost:53731
accept: */*

Response DefaultHttpResponse(decodeResult: success, version: HTTP/1.1)
HTTP/1.1 200 OK
Content-Type: application/json; charset=utf-8
cache-control: no-cache
content-length: 88

16:41:52.551 [AsyncHttpClient-1-11] DEBUG o.a.netty.channel.ChannelManager - Adding key: http://localhost:53731 for channel [id: 0x33bf32c6, L:/127.0.0.1:53595 - R:localhost/127.0.0.1:53731]
16:41:52.553 [Forwarding sendKeysToElement on session b1e7a17833d3bce96ff3332c5338c6ed to remote] DEBUG o.a.netty.request.NettyRequestSender - Using pooled Channel '[id: 0x33bf32c6, L:/127.0.0.1:53595 - R:localhost/127.0.0.1:53731]' for 'POST' to 'http://localhost:53731/session/b1e7a17833d3bce96ff3332c5338c6ed/element/189efb55-cc7c-452b-872c-1ee761dec800/value'
16:41:52.553 [Forwarding sendKeysToElement on session b1e7a17833d3bce96ff3332c5338c6ed to remote] DEBUG o.a.netty.request.NettyRequestSender - Using open Channel [id: 0x33bf32c6, L:/127.0.0.1:53595 - R:localhost/127.0.0.1:53731] for POST '/session/b1e7a17833d3bce96ff3332c5338c6ed/element/189efb55-cc7c-452b-872c-1ee761dec800/value'
16:41:52.591 [AsyncHttpClient-1-11] DEBUG o.a.netty.handler.HttpHandler - 

Request DefaultHttpRequest(decodeResult: success, version: HTTP/1.1)
POST /session/b1e7a17833d3bce96ff3332c5338c6ed/element/189efb55-cc7c-452b-872c-1ee761dec800/value HTTP/1.1
User-Agent: selenium/4.1.2 (java windows)
Content-Length: 191
Content-Type: application/json; charset=utf-8
host: localhost:53731
accept: */*

Response DefaultHttpResponse(decodeResult: success, version: HTTP/1.1)
HTTP/1.1 200 OK
Content-Type: application/json; charset=utf-8
cache-control: no-cache
content-length: 14

16:41:52.591 [AsyncHttpClient-1-11] DEBUG o.a.netty.channel.ChannelManager - Adding key: http://localhost:53731 for channel [id: 0x33bf32c6, L:/127.0.0.1:53595 - R:localhost/127.0.0.1:53731]
16:41:52.592 [Forwarding findElement on session b1e7a17833d3bce96ff3332c5338c6ed to remote] DEBUG o.a.netty.request.NettyRequestSender - Using pooled Channel '[id: 0x33bf32c6, L:/127.0.0.1:53595 - R:localhost/127.0.0.1:53731]' for 'POST' to 'http://localhost:53731/session/b1e7a17833d3bce96ff3332c5338c6ed/element'
16:41:52.592 [Forwarding findElement on session b1e7a17833d3bce96ff3332c5338c6ed to remote] DEBUG o.a.netty.request.NettyRequestSender - Using open Channel [id: 0x33bf32c6, L:/127.0.0.1:53595 - R:localhost/127.0.0.1:53731] for POST '/session/b1e7a17833d3bce96ff3332c5338c6ed/element'
16:41:52.598 [AsyncHttpClient-1-11] DEBUG o.a.netty.handler.HttpHandler - 

Request DefaultHttpRequest(decodeResult: success, version: HTTP/1.1)
POST /session/b1e7a17833d3bce96ff3332c5338c6ed/element HTTP/1.1
User-Agent: selenium/4.1.2 (java windows)
Content-Length: 132
Content-Type: application/json; charset=utf-8
host: localhost:53731
accept: */*

Response DefaultHttpResponse(decodeResult: success, version: HTTP/1.1)
HTTP/1.1 200 OK
Content-Type: application/json; charset=utf-8
cache-control: no-cache
content-length: 88

16:41:52.599 [AsyncHttpClient-1-11] DEBUG o.a.netty.channel.ChannelManager - Adding key: http://localhost:53731 for channel [id: 0x33bf32c6, L:/127.0.0.1:53595 - R:localhost/127.0.0.1:53731]
16:41:52.600 [Forwarding sendKeysToElement on session b1e7a17833d3bce96ff3332c5338c6ed to remote] DEBUG o.a.netty.request.NettyRequestSender - Using pooled Channel '[id: 0x33bf32c6, L:/127.0.0.1:53595 - R:localhost/127.0.0.1:53731]' for 'POST' to 'http://localhost:53731/session/b1e7a17833d3bce96ff3332c5338c6ed/element/07051e61-ee7c-4159-b83a-d0c5baba1eb1/value'
16:41:52.600 [Forwarding sendKeysToElement on session b1e7a17833d3bce96ff3332c5338c6ed to remote] DEBUG o.a.netty.request.NettyRequestSender - Using open Channel [id: 0x33bf32c6, L:/127.0.0.1:53595 - R:localhost/127.0.0.1:53731] for POST '/session/b1e7a17833d3bce96ff3332c5338c6ed/element/07051e61-ee7c-4159-b83a-d0c5baba1eb1/value'
16:41:52.656 [AsyncHttpClient-1-11] DEBUG o.a.netty.handler.HttpHandler - 

Request DefaultHttpRequest(decodeResult: success, version: HTTP/1.1)
POST /session/b1e7a17833d3bce96ff3332c5338c6ed/element/07051e61-ee7c-4159-b83a-d0c5baba1eb1/value HTTP/1.1
User-Agent: selenium/4.1.2 (java windows)
Content-Length: 231
Content-Type: application/json; charset=utf-8
host: localhost:53731
accept: */*

Response DefaultHttpResponse(decodeResult: success, version: HTTP/1.1)
HTTP/1.1 200 OK
Content-Type: application/json; charset=utf-8
cache-control: no-cache
content-length: 14

16:41:52.656 [AsyncHttpClient-1-11] DEBUG o.a.netty.channel.ChannelManager - Adding key: http://localhost:53731 for channel [id: 0x33bf32c6, L:/127.0.0.1:53595 - R:localhost/127.0.0.1:53731]
16:41:52.657 [Forwarding findElement on session b1e7a17833d3bce96ff3332c5338c6ed to remote] DEBUG o.a.netty.request.NettyRequestSender - Using pooled Channel '[id: 0x33bf32c6, L:/127.0.0.1:53595 - R:localhost/127.0.0.1:53731]' for 'POST' to 'http://localhost:53731/session/b1e7a17833d3bce96ff3332c5338c6ed/element'
16:41:52.657 [Forwarding findElement on session b1e7a17833d3bce96ff3332c5338c6ed to remote] DEBUG o.a.netty.request.NettyRequestSender - Using open Channel [id: 0x33bf32c6, L:/127.0.0.1:53595 - R:localhost/127.0.0.1:53731] for POST '/session/b1e7a17833d3bce96ff3332c5338c6ed/element'
16:41:52.664 [AsyncHttpClient-1-11] DEBUG o.a.netty.handler.HttpHandler - 

Request DefaultHttpRequest(decodeResult: success, version: HTTP/1.1)
POST /session/b1e7a17833d3bce96ff3332c5338c6ed/element HTTP/1.1
User-Agent: selenium/4.1.2 (java windows)
Content-Length: 125
Content-Type: application/json; charset=utf-8
host: localhost:53731
accept: */*

Response DefaultHttpResponse(decodeResult: success, version: HTTP/1.1)
HTTP/1.1 200 OK
Content-Type: application/json; charset=utf-8
cache-control: no-cache
content-length: 88

16:41:52.665 [AsyncHttpClient-1-11] DEBUG o.a.netty.channel.ChannelManager - Adding key: http://localhost:53731 for channel [id: 0x33bf32c6, L:/127.0.0.1:53595 - R:localhost/127.0.0.1:53731]
16:41:52.666 [Forwarding clickElement on session b1e7a17833d3bce96ff3332c5338c6ed to remote] DEBUG o.a.netty.request.NettyRequestSender - Using pooled Channel '[id: 0x33bf32c6, L:/127.0.0.1:53595 - R:localhost/127.0.0.1:53731]' for 'POST' to 'http://localhost:53731/session/b1e7a17833d3bce96ff3332c5338c6ed/element/9c96119d-a8f7-4ef5-be08-30427ac9526e/click'
16:41:52.666 [Forwarding clickElement on session b1e7a17833d3bce96ff3332c5338c6ed to remote] DEBUG o.a.netty.request.NettyRequestSender - Using open Channel [id: 0x33bf32c6, L:/127.0.0.1:53595 - R:localhost/127.0.0.1:53731] for POST '/session/b1e7a17833d3bce96ff3332c5338c6ed/element/9c96119d-a8f7-4ef5-be08-30427ac9526e/click'
16:41:52.755 [AsyncHttpClient-1-11] DEBUG o.a.netty.handler.HttpHandler - 

Request DefaultHttpRequest(decodeResult: success, version: HTTP/1.1)
POST /session/b1e7a17833d3bce96ff3332c5338c6ed/element/9c96119d-a8f7-4ef5-be08-30427ac9526e/click HTTP/1.1
User-Agent: selenium/4.1.2 (java windows)
Content-Length: 50
Content-Type: application/json; charset=utf-8
host: localhost:53731
accept: */*

Response DefaultHttpResponse(decodeResult: success, version: HTTP/1.1)
HTTP/1.1 200 OK
Content-Type: application/json; charset=utf-8
cache-control: no-cache
content-length: 14

16:41:52.755 [AsyncHttpClient-1-11] DEBUG o.a.netty.channel.ChannelManager - Adding key: http://localhost:53731 for channel [id: 0x33bf32c6, L:/127.0.0.1:53595 - R:localhost/127.0.0.1:53731]
16:41:52.756 [Forwarding findElement on session b1e7a17833d3bce96ff3332c5338c6ed to remote] DEBUG o.a.netty.request.NettyRequestSender - Using pooled Channel '[id: 0x33bf32c6, L:/127.0.0.1:53595 - R:localhost/127.0.0.1:53731]' for 'POST' to 'http://localhost:53731/session/b1e7a17833d3bce96ff3332c5338c6ed/element'
16:41:52.757 [Forwarding findElement on session b1e7a17833d3bce96ff3332c5338c6ed to remote] DEBUG o.a.netty.request.NettyRequestSender - Using open Channel [id: 0x33bf32c6, L:/127.0.0.1:53595 - R:localhost/127.0.0.1:53731] for POST '/session/b1e7a17833d3bce96ff3332c5338c6ed/element'
16:41:52.771 [AsyncHttpClient-1-11] DEBUG o.a.netty.handler.HttpHandler - 

Request DefaultHttpRequest(decodeResult: success, version: HTTP/1.1)
POST /session/b1e7a17833d3bce96ff3332c5338c6ed/element HTTP/1.1
User-Agent: selenium/4.1.2 (java windows)
Content-Length: 75
Content-Type: application/json; charset=utf-8
host: localhost:53731
accept: */*

Response DefaultHttpResponse(decodeResult: success, version: HTTP/1.1)
HTTP/1.1 200 OK
Content-Type: application/json; charset=utf-8
cache-control: no-cache
content-length: 88

16:41:52.771 [AsyncHttpClient-1-11] DEBUG o.a.netty.channel.ChannelManager - Adding key: http://localhost:53731 for channel [id: 0x33bf32c6, L:/127.0.0.1:53595 - R:localhost/127.0.0.1:53731]
16:41:52.776 [Forwarding isElementDisplayed on session b1e7a17833d3bce96ff3332c5338c6ed to remote] DEBUG o.a.netty.request.NettyRequestSender - Using pooled Channel '[id: 0x33bf32c6, L:/127.0.0.1:53595 - R:localhost/127.0.0.1:53731]' for 'POST' to 'http://localhost:53731/session/b1e7a17833d3bce96ff3332c5338c6ed/execute/sync'
16:41:52.776 [Forwarding isElementDisplayed on session b1e7a17833d3bce96ff3332c5338c6ed to remote] DEBUG o.a.netty.request.NettyRequestSender - Using open Channel [id: 0x33bf32c6, L:/127.0.0.1:53595 - R:localhost/127.0.0.1:53731] for POST '/session/b1e7a17833d3bce96ff3332c5338c6ed/execute/sync'
16:41:52.793 [AsyncHttpClient-1-11] DEBUG o.a.netty.handler.HttpHandler - 

Request DefaultHttpRequest(decodeResult: success, version: HTTP/1.1)
POST /session/b1e7a17833d3bce96ff3332c5338c6ed/execute/sync HTTP/1.1
User-Agent: selenium/4.1.2 (java windows)
Content-Length: 48780
Content-Type: application/json; charset=utf-8
host: localhost:53731
accept: */*

Response DefaultHttpResponse(decodeResult: success, version: HTTP/1.1)
HTTP/1.1 200 OK
Content-Type: application/json; charset=utf-8
cache-control: no-cache
content-length: 15

16:41:52.793 [AsyncHttpClient-1-11] DEBUG o.a.netty.channel.ChannelManager - Adding key: http://localhost:53731 for channel [id: 0x33bf32c6, L:/127.0.0.1:53595 - R:localhost/127.0.0.1:53731]
16:41:53.209 [AsyncHttpClient-1-1] DEBUG o.a.netty.channel.DefaultChannelPool - Entry count for : http://localhost:53596 : 1
16:41:53.209 [AsyncHttpClient-1-1] DEBUG o.a.netty.channel.DefaultChannelPool - Entry count for : http://localhost:53731 : 1
16:41:53.306 [Forwarding findElement on session b1e7a17833d3bce96ff3332c5338c6ed to remote] DEBUG o.a.netty.request.NettyRequestSender - Using pooled Channel '[id: 0x33bf32c6, L:/127.0.0.1:53595 - R:localhost/127.0.0.1:53731]' for 'POST' to 'http://localhost:53731/session/b1e7a17833d3bce96ff3332c5338c6ed/element'
16:41:53.306 [Forwarding findElement on session b1e7a17833d3bce96ff3332c5338c6ed to remote] DEBUG o.a.netty.request.NettyRequestSender - Using open Channel [id: 0x33bf32c6, L:/127.0.0.1:53595 - R:localhost/127.0.0.1:53731] for POST '/session/b1e7a17833d3bce96ff3332c5338c6ed/element'
16:41:53.313 [AsyncHttpClient-1-11] DEBUG o.a.netty.handler.HttpHandler - 

Request DefaultHttpRequest(decodeResult: success, version: HTTP/1.1)
POST /session/b1e7a17833d3bce96ff3332c5338c6ed/element HTTP/1.1
User-Agent: selenium/4.1.2 (java windows)
Content-Length: 75
Content-Type: application/json; charset=utf-8
host: localhost:53731
accept: */*

Response DefaultHttpResponse(decodeResult: success, version: HTTP/1.1)
HTTP/1.1 200 OK
Content-Type: application/json; charset=utf-8
cache-control: no-cache
content-length: 88

16:41:53.313 [AsyncHttpClient-1-11] DEBUG o.a.netty.channel.ChannelManager - Adding key: http://localhost:53731 for channel [id: 0x33bf32c6, L:/127.0.0.1:53595 - R:localhost/127.0.0.1:53731]
16:41:53.317 [Forwarding isElementDisplayed on session b1e7a17833d3bce96ff3332c5338c6ed to remote] DEBUG o.a.netty.request.NettyRequestSender - Using pooled Channel '[id: 0x33bf32c6, L:/127.0.0.1:53595 - R:localhost/127.0.0.1:53731]' for 'POST' to 'http://localhost:53731/session/b1e7a17833d3bce96ff3332c5338c6ed/execute/sync'
16:41:53.317 [Forwarding isElementDisplayed on session b1e7a17833d3bce96ff3332c5338c6ed to remote] DEBUG o.a.netty.request.NettyRequestSender - Using open Channel [id: 0x33bf32c6, L:/127.0.0.1:53595 - R:localhost/127.0.0.1:53731] for POST '/session/b1e7a17833d3bce96ff3332c5338c6ed/execute/sync'
16:41:53.326 [AsyncHttpClient-1-11] DEBUG o.a.netty.handler.HttpHandler - 

Request DefaultHttpRequest(decodeResult: success, version: HTTP/1.1)
POST /session/b1e7a17833d3bce96ff3332c5338c6ed/execute/sync HTTP/1.1
User-Agent: selenium/4.1.2 (java windows)
Content-Length: 48780
Content-Type: application/json; charset=utf-8
host: localhost:53731
accept: */*

Response DefaultHttpResponse(decodeResult: success, version: HTTP/1.1)
HTTP/1.1 200 OK
Content-Type: application/json; charset=utf-8
cache-control: no-cache
content-length: 14

16:41:53.327 [AsyncHttpClient-1-11] DEBUG o.a.netty.channel.ChannelManager - Adding key: http://localhost:53731 for channel [id: 0x33bf32c6, L:/127.0.0.1:53595 - R:localhost/127.0.0.1:53731]
16:41:53.327 [Forwarding getElementText on session b1e7a17833d3bce96ff3332c5338c6ed to remote] DEBUG o.a.netty.request.NettyRequestSender - Using pooled Channel '[id: 0x33bf32c6, L:/127.0.0.1:53595 - R:localhost/127.0.0.1:53731]' for 'GET' to 'http://localhost:53731/session/b1e7a17833d3bce96ff3332c5338c6ed/element/e941afbd-d1d6-4082-b441-5dccd4ca6e9c/text'
16:41:53.327 [Forwarding getElementText on session b1e7a17833d3bce96ff3332c5338c6ed to remote] DEBUG o.a.netty.request.NettyRequestSender - Using open Channel [id: 0x33bf32c6, L:/127.0.0.1:53595 - R:localhost/127.0.0.1:53731] for GET '/session/b1e7a17833d3bce96ff3332c5338c6ed/element/e941afbd-d1d6-4082-b441-5dccd4ca6e9c/text'
16:41:53.341 [AsyncHttpClient-1-11] DEBUG o.a.netty.handler.HttpHandler - 

Request DefaultFullHttpRequest(decodeResult: success, version: HTTP/1.1, content: EmptyByteBufBE)
GET /session/b1e7a17833d3bce96ff3332c5338c6ed/element/e941afbd-d1d6-4082-b441-5dccd4ca6e9c/text HTTP/1.1
User-Agent: selenium/4.1.2 (java windows)
Cache-Control: no-cache
Content-Type: application/json; charset=utf-8
host: localhost:53731
accept: */*

Response DefaultHttpResponse(decodeResult: success, version: HTTP/1.1)
HTTP/1.1 200 OK
Content-Type: application/json; charset=utf-8
cache-control: no-cache
content-length: 59

16:41:53.341 [AsyncHttpClient-1-11] DEBUG o.a.netty.channel.ChannelManager - Adding key: http://localhost:53731 for channel [id: 0x33bf32c6, L:/127.0.0.1:53595 - R:localhost/127.0.0.1:53731]
16:41:54.308 [AsyncHttpClient-1-1] DEBUG o.a.netty.channel.DefaultChannelPool - Entry count for : http://localhost:53596 : 1
16:41:54.308 [AsyncHttpClient-1-1] DEBUG o.a.netty.channel.DefaultChannelPool - Entry count for : http://localhost:53731 : 1
  &amp#27;[32mWhen &amp#27;[0m&amp#27;[32muser login using invalid credentials with username &amp#27;[0m&amp#27;[32m&amp#27;[1m"invalidUser"&amp#27;[0m&amp#27;[32m and password &amp#27;[0m&amp#27;[32m&amp#27;[1m"InvalidPassword"&amp#27;[0m &amp#27;[90m# stepdefinitions.LoginPageSteps.user_login_using_invalid_credentials_with_username_and_password(java.lang.String,java.lang.String)&amp#27;[0m
16:41:55.354 [Forwarding getTitle on session b1e7a17833d3bce96ff3332c5338c6ed to remote] DEBUG o.a.netty.request.NettyRequestSender - Using pooled Channel '[id: 0x33bf32c6, L:/127.0.0.1:53595 - R:localhost/127.0.0.1:53731]' for 'GET' to 'http://localhost:53731/session/b1e7a17833d3bce96ff3332c5338c6ed/title'
16:41:55.354 [Forwarding getTitle on session b1e7a17833d3bce96ff3332c5338c6ed to remote] DEBUG o.a.netty.request.NettyRequestSender - Using open Channel [id: 0x33bf32c6, L:/127.0.0.1:53595 - R:localhost/127.0.0.1:53731] for GET '/session/b1e7a17833d3bce96ff3332c5338c6ed/title'
16:41:55.358 [AsyncHttpClient-1-11] DEBUG o.a.netty.handler.HttpHandler - 

Request DefaultFullHttpRequest(decodeResult: success, version: HTTP/1.1, content: EmptyByteBufBE)
GET /session/b1e7a17833d3bce96ff3332c5338c6ed/title HTTP/1.1
User-Agent: selenium/4.1.2 (java windows)
Cache-Control: no-cache
Content-Type: application/json; charset=utf-8
host: localhost:53731
accept: */*

Response DefaultHttpResponse(decodeResult: success, version: HTTP/1.1)
HTTP/1.1 200 OK
Content-Type: application/json; charset=utf-8
cache-control: no-cache
content-length: 22

16:41:55.359 [AsyncHttpClient-1-11] DEBUG o.a.netty.channel.ChannelManager - Adding key: http://localhost:53731 for channel [id: 0x33bf32c6, L:/127.0.0.1:53595 - R:localhost/127.0.0.1:53731]
16:41:55.360 [Forwarding getTitle on session b1e7a17833d3bce96ff3332c5338c6ed to remote] DEBUG o.a.netty.request.NettyRequestSender - Using pooled Channel '[id: 0x33bf32c6, L:/127.0.0.1:53595 - R:localhost/127.0.0.1:53731]' for 'GET' to 'http://localhost:53731/session/b1e7a17833d3bce96ff3332c5338c6ed/title'
16:41:55.360 [Forwarding getTitle on session b1e7a17833d3bce96ff3332c5338c6ed to remote] DEBUG o.a.netty.request.NettyRequestSender - Using open Channel [id: 0x33bf32c6, L:/127.0.0.1:53595 - R:localhost/127.0.0.1:53731] for GET '/session/b1e7a17833d3bce96ff3332c5338c6ed/title'
16:41:55.362 [AsyncHttpClient-1-11] DEBUG o.a.netty.handler.HttpHandler - 

Request DefaultFullHttpRequest(decodeResult: success, version: HTTP/1.1, content: EmptyByteBufBE)
GET /session/b1e7a17833d3bce96ff3332c5338c6ed/title HTTP/1.1
User-Agent: selenium/4.1.2 (java windows)
Cache-Control: no-cache
Content-Type: application/json; charset=utf-8
host: localhost:53731
accept: */*

Response DefaultHttpResponse(decodeResult: success, version: HTTP/1.1)
HTTP/1.1 200 OK
Content-Type: application/json; charset=utf-8
cache-control: no-cache
content-length: 22

16:41:55.362 [AsyncHttpClient-1-11] DEBUG o.a.netty.channel.ChannelManager - Adding key: http://localhost:53731 for channel [id: 0x33bf32c6, L:/127.0.0.1:53595 - R:localhost/127.0.0.1:53731]
16:41:55.416 [AsyncHttpClient-1-1] DEBUG o.a.netty.channel.DefaultChannelPool - Entry count for : http://localhost:53596 : 1
16:41:55.416 [AsyncHttpClient-1-1] DEBUG o.a.netty.channel.DefaultChannelPool - Entry count for : http://localhost:53731 : 1
16:41:56.517 [AsyncHttpClient-1-1] DEBUG o.a.netty.channel.DefaultChannelPool - Entry count for : http://localhost:53596 : 1
16:41:56.517 [AsyncHttpClient-1-1] DEBUG o.a.netty.channel.DefaultChannelPool - Entry count for : http://localhost:53731 : 1
16:41:57.612 [AsyncHttpClient-1-1] DEBUG o.a.netty.channel.DefaultChannelPool - Entry count for : http://localhost:53596 : 1
16:41:57.612 [AsyncHttpClient-1-1] DEBUG o.a.netty.channel.DefaultChannelPool - Entry count for : http://localhost:53731 : 1
16:41:58.705 [AsyncHttpClient-1-1] DEBUG o.a.netty.channel.DefaultChannelPool - Entry count for : http://localhost:53596 : 1
16:41:58.705 [AsyncHttpClient-1-1] DEBUG o.a.netty.channel.DefaultChannelPool - Entry count for : http://localhost:53731 : 1
16:41:59.813 [AsyncHttpClient-1-1] DEBUG o.a.netty.channel.DefaultChannelPool - Entry count for : http://localhost:53596 : 1
16:41:59.813 [AsyncHttpClient-1-1] DEBUG o.a.netty.channel.DefaultChannelPool - Entry count for : http://localhost:53731 : 1
16:42:00.370 [Forwarding findElement on session b1e7a17833d3bce96ff3332c5338c6ed to remote] DEBUG o.a.netty.request.NettyRequestSender - Using pooled Channel '[id: 0x33bf32c6, L:/127.0.0.1:53595 - R:localhost/127.0.0.1:53731]' for 'POST' to 'http://localhost:53731/session/b1e7a17833d3bce96ff3332c5338c6ed/element'
16:42:00.370 [Forwarding findElement on session b1e7a17833d3bce96ff3332c5338c6ed to remote] DEBUG o.a.netty.request.NettyRequestSender - Using open Channel [id: 0x33bf32c6, L:/127.0.0.1:53595 - R:localhost/127.0.0.1:53731] for POST '/session/b1e7a17833d3bce96ff3332c5338c6ed/element'
16:42:00.378 [AsyncHttpClient-1-11] DEBUG o.a.netty.handler.HttpHandler - 

Request DefaultHttpRequest(decodeResult: success, version: HTTP/1.1)
POST /session/b1e7a17833d3bce96ff3332c5338c6ed/element HTTP/1.1
User-Agent: selenium/4.1.2 (java windows)
Content-Length: 75
Content-Type: application/json; charset=utf-8
host: localhost:53731
accept: */*

Response DefaultHttpResponse(decodeResult: success, version: HTTP/1.1)
HTTP/1.1 200 OK
Content-Type: application/json; charset=utf-8
cache-control: no-cache
content-length: 88

16:42:00.378 [AsyncHttpClient-1-11] DEBUG o.a.netty.channel.ChannelManager - Adding key: http://localhost:53731 for channel [id: 0x33bf32c6, L:/127.0.0.1:53595 - R:localhost/127.0.0.1:53731]
16:42:00.381 [Forwarding isElementDisplayed on session b1e7a17833d3bce96ff3332c5338c6ed to remote] DEBUG o.a.netty.request.NettyRequestSender - Using pooled Channel '[id: 0x33bf32c6, L:/127.0.0.1:53595 - R:localhost/127.0.0.1:53731]' for 'POST' to 'http://localhost:53731/session/b1e7a17833d3bce96ff3332c5338c6ed/execute/sync'
16:42:00.381 [Forwarding isElementDisplayed on session b1e7a17833d3bce96ff3332c5338c6ed to remote] DEBUG o.a.netty.request.NettyRequestSender - Using open Channel [id: 0x33bf32c6, L:/127.0.0.1:53595 - R:localhost/127.0.0.1:53731] for POST '/session/b1e7a17833d3bce96ff3332c5338c6ed/execute/sync'
16:42:00.390 [AsyncHttpClient-1-11] DEBUG o.a.netty.handler.HttpHandler - 

Request DefaultHttpRequest(decodeResult: success, version: HTTP/1.1)
POST /session/b1e7a17833d3bce96ff3332c5338c6ed/execute/sync HTTP/1.1
User-Agent: selenium/4.1.2 (java windows)
Content-Length: 48780
Content-Type: application/json; charset=utf-8
host: localhost:53731
accept: */*

Response DefaultHttpResponse(decodeResult: success, version: HTTP/1.1)
HTTP/1.1 200 OK
Content-Type: application/json; charset=utf-8
cache-control: no-cache
content-length: 14

16:42:00.390 [AsyncHttpClient-1-11] DEBUG o.a.netty.channel.ChannelManager - Adding key: http://localhost:53731 for channel [id: 0x33bf32c6, L:/127.0.0.1:53595 - R:localhost/127.0.0.1:53731]
16:42:00.391 [Forwarding getElementText on session b1e7a17833d3bce96ff3332c5338c6ed to remote] DEBUG o.a.netty.request.NettyRequestSender - Using pooled Channel '[id: 0x33bf32c6, L:/127.0.0.1:53595 - R:localhost/127.0.0.1:53731]' for 'GET' to 'http://localhost:53731/session/b1e7a17833d3bce96ff3332c5338c6ed/element/e941afbd-d1d6-4082-b441-5dccd4ca6e9c/text'
16:42:00.391 [Forwarding getElementText on session b1e7a17833d3bce96ff3332c5338c6ed to remote] DEBUG o.a.netty.request.NettyRequestSender - Using open Channel [id: 0x33bf32c6, L:/127.0.0.1:53595 - R:localhost/127.0.0.1:53731] for GET '/session/b1e7a17833d3bce96ff3332c5338c6ed/element/e941afbd-d1d6-4082-b441-5dccd4ca6e9c/text'
16:42:00.397 [AsyncHttpClient-1-11] DEBUG o.a.netty.handler.HttpHandler - 

Request DefaultFullHttpRequest(decodeResult: success, version: HTTP/1.1, content: EmptyByteBufBE)
GET /session/b1e7a17833d3bce96ff3332c5338c6ed/element/e941afbd-d1d6-4082-b441-5dccd4ca6e9c/text HTTP/1.1
User-Agent: selenium/4.1.2 (java windows)
Cache-Control: no-cache
Content-Type: application/json; charset=utf-8
host: localhost:53731
accept: */*

Response DefaultHttpResponse(decodeResult: success, version: HTTP/1.1)
HTTP/1.1 200 OK
Content-Type: application/json; charset=utf-8
cache-control: no-cache
content-length: 59

16:42:00.397 [AsyncHttpClient-1-11] DEBUG o.a.netty.channel.ChannelManager - Adding key: http://localhost:53731 for channel [id: 0x33bf32c6, L:/127.0.0.1:53595 - R:localhost/127.0.0.1:53731]
16:42:00.908 [AsyncHttpClient-1-1] DEBUG o.a.netty.channel.DefaultChannelPool - Entry count for : http://localhost:53596 : 1
16:42:00.908 [AsyncHttpClient-1-1] DEBUG o.a.netty.channel.DefaultChannelPool - Entry count for : http://localhost:53731 : 1
16:42:02.017 [AsyncHttpClient-1-1] DEBUG o.a.netty.channel.DefaultChannelPool - Entry count for : http://localhost:53596 : 1
16:42:02.017 [AsyncHttpClient-1-1] DEBUG o.a.netty.channel.DefaultChannelPool - Entry count for : http://localhost:53731 : 1
  &amp#27;[32mThen &amp#27;[0m&amp#27;[32muser should not proceed to Dashboard Page&amp#27;[0m                                                       &amp#27;[90m# stepdefinitions.LoginPageSteps.user_should_not_proceed_to_dashboard_page()&amp#27;[0m
16:42:03.114 [AsyncHttpClient-1-1] DEBUG o.a.netty.channel.DefaultChannelPool - Entry count for : http://localhost:53596 : 1
16:42:03.114 [AsyncHttpClient-1-1] DEBUG o.a.netty.channel.DefaultChannelPool - Entry count for : http://localhost:53731 : 1
16:42:04.212 [AsyncHttpClient-1-1] DEBUG o.a.netty.channel.DefaultChannelPool - Entry count for : http://localhost:53596 : 1
16:42:04.212 [AsyncHttpClient-1-1] DEBUG o.a.netty.channel.DefaultChannelPool - Entry count for : http://localhost:53731 : 1
16:42:04.417 [Forwarding findElement on session b1e7a17833d3bce96ff3332c5338c6ed to remote] DEBUG o.a.netty.request.NettyRequestSender - Using pooled Channel '[id: 0x33bf32c6, L:/127.0.0.1:53595 - R:localhost/127.0.0.1:53731]' for 'POST' to 'http://localhost:53731/session/b1e7a17833d3bce96ff3332c5338c6ed/element'
16:42:04.418 [Forwarding findElement on session b1e7a17833d3bce96ff3332c5338c6ed to remote] DEBUG o.a.netty.request.NettyRequestSender - Using open Channel [id: 0x33bf32c6, L:/127.0.0.1:53595 - R:localhost/127.0.0.1:53731] for POST '/session/b1e7a17833d3bce96ff3332c5338c6ed/element'
16:42:04.424 [AsyncHttpClient-1-11] DEBUG o.a.netty.handler.HttpHandler - 

Request DefaultHttpRequest(decodeResult: success, version: HTTP/1.1)
POST /session/b1e7a17833d3bce96ff3332c5338c6ed/element HTTP/1.1
User-Agent: selenium/4.1.2 (java windows)
Content-Length: 128
Content-Type: application/json; charset=utf-8
host: localhost:53731
accept: */*

Response DefaultHttpResponse(decodeResult: success, version: HTTP/1.1)
HTTP/1.1 200 OK
Content-Type: application/json; charset=utf-8
cache-control: no-cache
content-length: 88

16:42:04.424 [AsyncHttpClient-1-11] DEBUG o.a.netty.channel.ChannelManager - Adding key: http://localhost:53731 for channel [id: 0x33bf32c6, L:/127.0.0.1:53595 - R:localhost/127.0.0.1:53731]
16:42:04.425 [Forwarding sendKeysToElement on session b1e7a17833d3bce96ff3332c5338c6ed to remote] DEBUG o.a.netty.request.NettyRequestSender - Using pooled Channel '[id: 0x33bf32c6, L:/127.0.0.1:53595 - R:localhost/127.0.0.1:53731]' for 'POST' to 'http://localhost:53731/session/b1e7a17833d3bce96ff3332c5338c6ed/element/5bb24e8b-a02b-4e22-a44c-cba48e592973/value'
16:42:04.425 [Forwarding sendKeysToElement on session b1e7a17833d3bce96ff3332c5338c6ed to remote] DEBUG o.a.netty.request.NettyRequestSender - Using open Channel [id: 0x33bf32c6, L:/127.0.0.1:53595 - R:localhost/127.0.0.1:53731] for POST '/session/b1e7a17833d3bce96ff3332c5338c6ed/element/5bb24e8b-a02b-4e22-a44c-cba48e592973/value'
16:42:04.458 [AsyncHttpClient-1-11] DEBUG o.a.netty.handler.HttpHandler - 

Request DefaultHttpRequest(decodeResult: success, version: HTTP/1.1)
POST /session/b1e7a17833d3bce96ff3332c5338c6ed/element/5bb24e8b-a02b-4e22-a44c-cba48e592973/value HTTP/1.1
User-Agent: selenium/4.1.2 (java windows)
Content-Length: 191
Content-Type: application/json; charset=utf-8
host: localhost:53731
accept: */*

Response DefaultHttpResponse(decodeResult: success, version: HTTP/1.1)
HTTP/1.1 200 OK
Content-Type: application/json; charset=utf-8
cache-control: no-cache
content-length: 14

16:42:04.458 [AsyncHttpClient-1-11] DEBUG o.a.netty.channel.ChannelManager - Adding key: http://localhost:53731 for channel [id: 0x33bf32c6, L:/127.0.0.1:53595 - R:localhost/127.0.0.1:53731]
16:42:04.459 [Forwarding findElement on session b1e7a17833d3bce96ff3332c5338c6ed to remote] DEBUG o.a.netty.request.NettyRequestSender - Using pooled Channel '[id: 0x33bf32c6, L:/127.0.0.1:53595 - R:localhost/127.0.0.1:53731]' for 'POST' to 'http://localhost:53731/session/b1e7a17833d3bce96ff3332c5338c6ed/element'
16:42:04.459 [Forwarding findElement on session b1e7a17833d3bce96ff3332c5338c6ed to remote] DEBUG o.a.netty.request.NettyRequestSender - Using open Channel [id: 0x33bf32c6, L:/127.0.0.1:53595 - R:localhost/127.0.0.1:53731] for POST '/session/b1e7a17833d3bce96ff3332c5338c6ed/element'
16:42:04.465 [AsyncHttpClient-1-11] DEBUG o.a.netty.handler.HttpHandler - 

Request DefaultHttpRequest(decodeResult: success, version: HTTP/1.1)
POST /session/b1e7a17833d3bce96ff3332c5338c6ed/element HTTP/1.1
User-Agent: selenium/4.1.2 (java windows)
Content-Length: 132
Content-Type: application/json; charset=utf-8
host: localhost:53731
accept: */*

Response DefaultHttpResponse(decodeResult: success, version: HTTP/1.1)
HTTP/1.1 200 OK
Content-Type: application/json; charset=utf-8
cache-control: no-cache
content-length: 88

16:42:04.465 [AsyncHttpClient-1-11] DEBUG o.a.netty.channel.ChannelManager - Adding key: http://localhost:53731 for channel [id: 0x33bf32c6, L:/127.0.0.1:53595 - R:localhost/127.0.0.1:53731]
16:42:04.466 [Forwarding sendKeysToElement on session b1e7a17833d3bce96ff3332c5338c6ed to remote] DEBUG o.a.netty.request.NettyRequestSender - Using pooled Channel '[id: 0x33bf32c6, L:/127.0.0.1:53595 - R:localhost/127.0.0.1:53731]' for 'POST' to 'http://localhost:53731/session/b1e7a17833d3bce96ff3332c5338c6ed/element/b4e0df41-9265-49d8-b62d-11d7a83962f3/value'
16:42:04.466 [Forwarding sendKeysToElement on session b1e7a17833d3bce96ff3332c5338c6ed to remote] DEBUG o.a.netty.request.NettyRequestSender - Using open Channel [id: 0x33bf32c6, L:/127.0.0.1:53595 - R:localhost/127.0.0.1:53731] for POST '/session/b1e7a17833d3bce96ff3332c5338c6ed/element/b4e0df41-9265-49d8-b62d-11d7a83962f3/value'
16:42:04.515 [AsyncHttpClient-1-11] DEBUG o.a.netty.handler.HttpHandler - 

Request DefaultHttpRequest(decodeResult: success, version: HTTP/1.1)
POST /session/b1e7a17833d3bce96ff3332c5338c6ed/element/b4e0df41-9265-49d8-b62d-11d7a83962f3/value HTTP/1.1
User-Agent: selenium/4.1.2 (java windows)
Content-Length: 161
Content-Type: application/json; charset=utf-8
host: localhost:53731
accept: */*

Response DefaultHttpResponse(decodeResult: success, version: HTTP/1.1)
HTTP/1.1 200 OK
Content-Type: application/json; charset=utf-8
cache-control: no-cache
content-length: 14

16:42:04.515 [AsyncHttpClient-1-11] DEBUG o.a.netty.channel.ChannelManager - Adding key: http://localhost:53731 for channel [id: 0x33bf32c6, L:/127.0.0.1:53595 - R:localhost/127.0.0.1:53731]
16:42:04.516 [Forwarding findElement on session b1e7a17833d3bce96ff3332c5338c6ed to remote] DEBUG o.a.netty.request.NettyRequestSender - Using pooled Channel '[id: 0x33bf32c6, L:/127.0.0.1:53595 - R:localhost/127.0.0.1:53731]' for 'POST' to 'http://localhost:53731/session/b1e7a17833d3bce96ff3332c5338c6ed/element'
16:42:04.516 [Forwarding findElement on session b1e7a17833d3bce96ff3332c5338c6ed to remote] DEBUG o.a.netty.request.NettyRequestSender - Using open Channel [id: 0x33bf32c6, L:/127.0.0.1:53595 - R:localhost/127.0.0.1:53731] for POST '/session/b1e7a17833d3bce96ff3332c5338c6ed/element'
16:42:04.522 [AsyncHttpClient-1-11] DEBUG o.a.netty.handler.HttpHandler - 

Request DefaultHttpRequest(decodeResult: success, version: HTTP/1.1)
POST /session/b1e7a17833d3bce96ff3332c5338c6ed/element HTTP/1.1
User-Agent: selenium/4.1.2 (java windows)
Content-Length: 125
Content-Type: application/json; charset=utf-8
host: localhost:53731
accept: */*

Response DefaultHttpResponse(decodeResult: success, version: HTTP/1.1)
HTTP/1.1 200 OK
Content-Type: application/json; charset=utf-8
cache-control: no-cache
content-length: 88

16:42:04.522 [AsyncHttpClient-1-11] DEBUG o.a.netty.channel.ChannelManager - Adding key: http://localhost:53731 for channel [id: 0x33bf32c6, L:/127.0.0.1:53595 - R:localhost/127.0.0.1:53731]
16:42:04.523 [Forwarding clickElement on session b1e7a17833d3bce96ff3332c5338c6ed to remote] DEBUG o.a.netty.request.NettyRequestSender - Using pooled Channel '[id: 0x33bf32c6, L:/127.0.0.1:53595 - R:localhost/127.0.0.1:53731]' for 'POST' to 'http://localhost:53731/session/b1e7a17833d3bce96ff3332c5338c6ed/element/b8396305-ee6e-44b1-af49-93a9800ad047/click'
16:42:04.524 [Forwarding clickElement on session b1e7a17833d3bce96ff3332c5338c6ed to remote] DEBUG o.a.netty.request.NettyRequestSender - Using open Channel [id: 0x33bf32c6, L:/127.0.0.1:53595 - R:localhost/127.0.0.1:53731] for POST '/session/b1e7a17833d3bce96ff3332c5338c6ed/element/b8396305-ee6e-44b1-af49-93a9800ad047/click'
16:42:05.310 [AsyncHttpClient-1-1] DEBUG o.a.netty.channel.DefaultChannelPool - Entry count for : http://localhost:53596 : 1
16:42:06.408 [AsyncHttpClient-1-1] DEBUG o.a.netty.channel.DefaultChannelPool - Entry count for : http://localhost:53596 : 1
16:42:07.408 [AsyncHttpClient-1-11] DEBUG o.a.netty.handler.HttpHandler - 

Request DefaultHttpRequest(decodeResult: success, version: HTTP/1.1)
POST /session/b1e7a17833d3bce96ff3332c5338c6ed/element/b8396305-ee6e-44b1-af49-93a9800ad047/click HTTP/1.1
User-Agent: selenium/4.1.2 (java windows)
Content-Length: 50
Content-Type: application/json; charset=utf-8
host: localhost:53731
accept: */*

Response DefaultHttpResponse(decodeResult: success, version: HTTP/1.1)
HTTP/1.1 200 OK
Content-Type: application/json; charset=utf-8
cache-control: no-cache
content-length: 14

16:42:07.408 [AsyncHttpClient-1-11] DEBUG o.a.netty.channel.ChannelManager - Adding key: http://localhost:53731 for channel [id: 0x33bf32c6, L:/127.0.0.1:53595 - R:localhost/127.0.0.1:53731]
  &amp#27;[32mWhen &amp#27;[0m&amp#27;[32muser login using valid credentials with username &amp#27;[0m&amp#27;[32m&amp#27;[1m"user@vrbank"&amp#27;[0m&amp#27;[32m and password &amp#27;[0m&amp#27;[32m&amp#27;[1m"pega123!"&amp#27;[0m          &amp#27;[90m# stepdefinitions.LoginPageSteps.user_login_using_valid_credentials_with_username_and_password(java.lang.String,java.lang.String)&amp#27;[0m
16:42:07.411 [Forwarding getTitle on session b1e7a17833d3bce96ff3332c5338c6ed to remote] DEBUG o.a.netty.request.NettyRequestSender - Using pooled Channel '[id: 0x33bf32c6, L:/127.0.0.1:53595 - R:localhost/127.0.0.1:53731]' for 'GET' to 'http://localhost:53731/session/b1e7a17833d3bce96ff3332c5338c6ed/title'
16:42:07.412 [Forwarding getTitle on session b1e7a17833d3bce96ff3332c5338c6ed to remote] DEBUG o.a.netty.request.NettyRequestSender - Using open Channel [id: 0x33bf32c6, L:/127.0.0.1:53595 - R:localhost/127.0.0.1:53731] for GET '/session/b1e7a17833d3bce96ff3332c5338c6ed/title'
16:42:07.415 [AsyncHttpClient-1-11] DEBUG o.a.netty.handler.HttpHandler - 

Request DefaultFullHttpRequest(decodeResult: success, version: HTTP/1.1, content: EmptyByteBufBE)
GET /session/b1e7a17833d3bce96ff3332c5338c6ed/title HTTP/1.1
User-Agent: selenium/4.1.2 (java windows)
Cache-Control: no-cache
Content-Type: application/json; charset=utf-8
host: localhost:53731
accept: */*

Response DefaultHttpResponse(decodeResult: success, version: HTTP/1.1)
HTTP/1.1 200 OK
Content-Type: application/json; charset=utf-8
cache-control: no-cache
content-length: 30

16:42:07.415 [AsyncHttpClient-1-11] DEBUG o.a.netty.channel.ChannelManager - Adding key: http://localhost:53731 for channel [id: 0x33bf32c6, L:/127.0.0.1:53595 - R:localhost/127.0.0.1:53731]
16:42:07.416 [Forwarding getTitle on session b1e7a17833d3bce96ff3332c5338c6ed to remote] DEBUG o.a.netty.request.NettyRequestSender - Using pooled Channel '[id: 0x33bf32c6, L:/127.0.0.1:53595 - R:localhost/127.0.0.1:53731]' for 'GET' to 'http://localhost:53731/session/b1e7a17833d3bce96ff3332c5338c6ed/title'
16:42:07.416 [Forwarding getTitle on session b1e7a17833d3bce96ff3332c5338c6ed to remote] DEBUG o.a.netty.request.NettyRequestSender - Using open Channel [id: 0x33bf32c6, L:/127.0.0.1:53595 - R:localhost/127.0.0.1:53731] for GET '/session/b1e7a17833d3bce96ff3332c5338c6ed/title'
16:42:07.419 [AsyncHttpClient-1-11] DEBUG o.a.netty.handler.HttpHandler - 

Request DefaultFullHttpRequest(decodeResult: success, version: HTTP/1.1, content: EmptyByteBufBE)
GET /session/b1e7a17833d3bce96ff3332c5338c6ed/title HTTP/1.1
User-Agent: selenium/4.1.2 (java windows)
Cache-Control: no-cache
Content-Type: application/json; charset=utf-8
host: localhost:53731
accept: */*

Response DefaultHttpResponse(decodeResult: success, version: HTTP/1.1)
HTTP/1.1 200 OK
Content-Type: application/json; charset=utf-8
cache-control: no-cache
content-length: 30

16:42:07.419 [AsyncHttpClient-1-11] DEBUG o.a.netty.channel.ChannelManager - Adding key: http://localhost:53731 for channel [id: 0x33bf32c6, L:/127.0.0.1:53595 - R:localhost/127.0.0.1:53731]
16:42:07.515 [AsyncHttpClient-1-1] DEBUG o.a.netty.channel.DefaultChannelPool - Entry count for : http://localhost:53596 : 1
16:42:07.515 [AsyncHttpClient-1-1] DEBUG o.a.netty.channel.DefaultChannelPool - Entry count for : http://localhost:53731 : 1
16:42:08.609 [AsyncHttpClient-1-1] DEBUG o.a.netty.channel.DefaultChannelPool - Entry count for : http://localhost:53596 : 1
16:42:08.609 [AsyncHttpClient-1-1] DEBUG o.a.netty.channel.DefaultChannelPool - Entry count for : http://localhost:53731 : 1
16:42:09.715 [AsyncHttpClient-1-1] DEBUG o.a.netty.channel.DefaultChannelPool - Entry count for : http://localhost:53596 : 1
16:42:09.715 [AsyncHttpClient-1-1] DEBUG o.a.netty.channel.DefaultChannelPool - Entry count for : http://localhost:53731 : 1
16:42:10.814 [AsyncHttpClient-1-1] DEBUG o.a.netty.channel.DefaultChannelPool - Entry count for : http://localhost:53596 : 1
16:42:10.814 [AsyncHttpClient-1-1] DEBUG o.a.netty.channel.DefaultChannelPool - Entry count for : http://localhost:53731 : 1
16:42:11.913 [AsyncHttpClient-1-1] DEBUG o.a.netty.channel.DefaultChannelPool - Entry count for : http://localhost:53596 : 1
16:42:11.913 [AsyncHttpClient-1-1] DEBUG o.a.netty.channel.DefaultChannelPool - Entry count for : http://localhost:53731 : 1
  &amp#27;[32mThen &amp#27;[0m&amp#27;[32muser should proceed to Dashboard Page&amp#27;[0m                                                           &amp#27;[90m# stepdefinitions.LoginPageSteps.user_should_proceed_to_dashboard_page()&amp#27;[0m
16:42:12.428 [AsyncHttpClient-1-13] DEBUG o.a.netty.handler.WebSocketHandler - Channel Closed: [id: 0x52ec88d3, L:/127.0.0.1:53603 ! R:localhost/127.0.0.1:53596] with attribute NettyResponseFuture{currentRetry=5,
	isDone=1,
	isCancelled=0,
	asyncHandler=org.asynchttpclient.ws.WebSocketUpgradeHandler@779e3069,
	nettyRequest=org.asynchttpclient.netty.request.NettyRequest@329ca0fe,
	future=java.util.concurrent.CompletableFuture@7d6d9b27[Completed normally],
	uri=ws://localhost:53596/devtools/browser/42290435-da54-491e-a28d-1f6d6f2c8b8c,
	keepAlive=true,
	redirectCount=0,
	timeoutsHolder=null,
	inAuth=0,
	touch=1648197704985}
16:42:12.428 [Driver Command Executor] DEBUG o.a.netty.request.NettyRequestSender - Using pooled Channel '[id: 0x33bf32c6, L:/127.0.0.1:53595 - R:localhost/127.0.0.1:53731]' for 'DELETE' to 'http://localhost:53731/session/b1e7a17833d3bce96ff3332c5338c6ed'
16:42:12.428 [AsyncHttpClient-1-13] DEBUG o.a.netty.channel.ChannelManager - Closing Channel [id: 0x52ec88d3, L:/127.0.0.1:53603 ! R:localhost/127.0.0.1:53596] 
16:42:12.428 [Driver Command Executor] DEBUG o.a.netty.request.NettyRequestSender - Using open Channel [id: 0x33bf32c6, L:/127.0.0.1:53595 - R:localhost/127.0.0.1:53731] for DELETE '/session/b1e7a17833d3bce96ff3332c5338c6ed'
16:42:12.455 [AsyncHttpClient-1-12] DEBUG o.a.netty.handler.HttpHandler - Unexpected I/O exception on channel [id: 0xd1def588, L:/127.0.0.1:53602 - R:localhost/127.0.0.1:53596]
java.net.SocketException: Connection reset
	at java.base/sun.nio.ch.SocketChannelImpl.throwConnectionReset(SocketChannelImpl.java:367) ~[na:na]
	at java.base/sun.nio.ch.SocketChannelImpl.read(SocketChannelImpl.java:398) ~[na:na]
	at io.netty.buffer.PooledByteBuf.setBytes(PooledByteBuf.java:253) ~[netty-buffer-4.1.70.Final.jar:4.1.70.Final]
	at io.netty.buffer.AbstractByteBuf.writeBytes(AbstractByteBuf.java:1132) ~[netty-buffer-4.1.70.Final.jar:4.1.70.Final]
	at io.netty.channel.socket.nio.NioSocketChannel.doReadBytes(NioSocketChannel.java:350) ~[netty-transport-4.1.70.Final.jar:4.1.70.Final]
	at io.netty.channel.nio.AbstractNioByteChannel$NioByteUnsafe.read(AbstractNioByteChannel.java:151) ~[netty-transport-4.1.70.Final.jar:4.1.70.Final]
	at io.netty.channel.nio.NioEventLoop.processSelectedKey(NioEventLoop.java:719) ~[netty-transport-4.1.70.Final.jar:4.1.70.Final]
	at io.netty.channel.nio.NioEventLoop.processSelectedKeysOptimized(NioEventLoop.java:655) ~[netty-transport-4.1.70.Final.jar:4.1.70.Final]
	at io.netty.channel.nio.NioEventLoop.processSelectedKeys(NioEventLoop.java:581) ~[netty-transport-4.1.70.Final.jar:4.1.70.Final]
	at io.netty.channel.nio.NioEventLoop.run(NioEventLoop.java:493) ~[netty-transport-4.1.70.Final.jar:4.1.70.Final]
	at io.netty.util.concurrent.SingleThreadEventExecutor$4.run(SingleThreadEventExecutor.java:986) ~[netty-common-4.1.70.Final.jar:4.1.70.Final]
	at io.netty.util.internal.ThreadExecutorMap$2.run(ThreadExecutorMap.java:74) ~[netty-common-4.1.70.Final.jar:4.1.70.Final]
	at io.netty.util.concurrent.FastThreadLocalRunnable.run(FastThreadLocalRunnable.java:30) ~[netty-common-4.1.70.Final.jar:4.1.70.Final]
	at java.base/java.lang.Thread.run(Thread.java:832) ~[na:na]
16:42:12.455 [AsyncHttpClient-1-12] DEBUG o.a.netty.channel.ChannelManager - Closing Channel [id: 0xd1def588, L:/127.0.0.1:53602 - R:localhost/127.0.0.1:53596] 
16:42:12.456 [AsyncHttpClient-1-12] DEBUG o.a.netty.handler.HttpHandler - Channel Closed: [id: 0xd1def588, L:/127.0.0.1:53602 ! R:localhost/127.0.0.1:53596] with attribute DISCARD
16:42:12.468 [AsyncHttpClient-1-11] DEBUG o.a.netty.handler.HttpHandler - 

Request DefaultFullHttpRequest(decodeResult: success, version: HTTP/1.1, content: EmptyByteBufBE)
DELETE /session/b1e7a17833d3bce96ff3332c5338c6ed HTTP/1.1
User-Agent: selenium/4.1.2 (java windows)
Content-Type: application/json; charset=utf-8
host: localhost:53731
accept: */*

Response DefaultHttpResponse(decodeResult: success, version: HTTP/1.1)
HTTP/1.1 200 OK
Content-Type: application/json; charset=utf-8
cache-control: no-cache
content-length: 14

16:42:12.468 [AsyncHttpClient-1-11] DEBUG o.a.netty.channel.ChannelManager - Adding key: http://localhost:53731 for channel [id: 0x33bf32c6, L:/127.0.0.1:53595 - R:localhost/127.0.0.1:53731]
16:42:12.530 [AsyncHttpClient-1-11] DEBUG o.a.netty.handler.HttpHandler - Channel Closed: [id: 0x33bf32c6, L:/127.0.0.1:53595 ! R:localhost/127.0.0.1:53731] with attribute DISCARD
16:42:13.008 [AsyncHttpClient-1-1] DEBUG o.a.netty.channel.DefaultChannelPool - Entry count for : http://localhost:53596 : 1
16:42:13.008 [AsyncHttpClient-1-1] DEBUG o.a.netty.channel.DefaultChannelPool - Entry count for : http://localhost:53731 : 1
16:42:13.008 [AsyncHttpClient-1-1] DEBUG o.a.netty.channel.DefaultChannelPool - Adding Candidate expired Channel [id: 0xd1def588, L:/127.0.0.1:53602 ! R:localhost/127.0.0.1:53596] isIdleTimeoutExpired=false isRemotelyClosed=true isTtlExpired=false
16:42:13.008 [AsyncHttpClient-1-1] DEBUG o.a.netty.channel.DefaultChannelPool - Closing Idle Channel [id: 0xd1def588, L:/127.0.0.1:53602 ! R:localhost/127.0.0.1:53596]
16:42:13.008 [AsyncHttpClient-1-1] DEBUG o.a.netty.channel.DefaultChannelPool - Adding Candidate expired Channel [id: 0x33bf32c6, L:/127.0.0.1:53595 ! R:localhost/127.0.0.1:53731] isIdleTimeoutExpired=false isRemotelyClosed=true isTtlExpired=false
16:42:13.008 [AsyncHttpClient-1-1] DEBUG o.a.netty.channel.DefaultChannelPool - Closing Idle Channel [id: 0x33bf32c6, L:/127.0.0.1:53595 ! R:localhost/127.0.0.1:53731]
16:42:13.008 [AsyncHttpClient-1-1] DEBUG o.a.netty.channel.DefaultChannelPool - Closed 2 connections out of 2 in 0 ms
16:42:13.057 [main] INFO   - 
  _____   ___   ___   _____     ___     _     ___   ___   ___   ___  
 |_   _| | __| / __| |_   _|   | _ \   /_\   / __| / __| | __| |   \ 
   | |   | _|  \__ \   | |     |  _/  / _ \  \__ \ \__ \ | _|  | |) |
   |_|   |___| |___/   |_|     |_|   /_/ \_\ |___/ |___/ |___| |___/ 

Login to PEGA Site using User
----------------------------------------------------------------------
]]></system-out>
    <system-err><![CDATA[Starting ChromeDriver 99.0.4844.51 (d537ec02474b5afe23684e7963d538896c63ac77-refs/branch-heads/4844@{#875}) on port 53731
Only local connections are allowed.
Please see https://chromedriver.chromium.org/security-considerations for suggestions on keeping ChromeDriver safe.
ChromeDriver was started successfully.
Mar 25, 2022 4:41:44 PM org.openqa.selenium.remote.ProtocolHandshake createSession
INFO: Detected dialect: W3C
Mar 25, 2022 4:41:44 PM org.openqa.selenium.devtools.CdpVersionFinder findNearestMatch
WARNING: Unable to find an exact match for CDP version 99, so returning the closest version found: 96
Mar 25, 2022 4:41:44 PM org.openqa.selenium.devtools.CdpVersionFinder findNearestMatch
INFO: Found CDP implementation for version 99 of 96
]]></system-err>
  </testcase>
</testsuite>