<?xml version="1.0" encoding="UTF-8"?>
<testsuite xmlns:xsi="http://www.w3.org/2001/XMLSchema-instance" xsi:noNamespaceSchemaLocation="https://maven.apache.org/surefire/maven-failsafe-plugin/xsd/failsafe-test-report-3.0.xsd" version="3.0" name="testsuites.HCLSerenityTestRunner" time="106.895" tests="6" errors="0" skipped="0" failures="0">
  <properties>
    <property name="java.specification.version" value="15"/>
    <property name="webdriver.chrome.driver" value="C:\Users\DheyClaveria\.cache\selenium\chromedriver\win32\99.0.4844.51\chromedriver.exe"/>
    <property name="sun.cpu.isalist" value="amd64"/>
    <property name="sun.jnu.encoding" value="Cp1252"/>
    <property name="java.class.path" value="Z:\Automation\JavaCucumber\BDD_HCL\CucumberHCL\target\test-classes;C:\Users\DheyClaveria\.m2\repository\com\github\ralfstuckert\pdfbox-layout\pdfbox2-layout\1.0.1\pdfbox2-layout-1.0.1.jar;C:\Users\DheyClaveria\.m2\repository\org\apache\pdfbox\pdfbox\2.0.4\pdfbox-2.0.4.jar;C:\Users\DheyClaveria\.m2\repository\org\apache\pdfbox\fontbox\2.0.4\fontbox-2.0.4.jar;C:\Users\DheyClaveria\.m2\repository\commons-logging\commons-logging\1.2\commons-logging-1.2.jar;C:\Users\DheyClaveria\.m2\repository\io\rest-assured\rest-assured\4.5.1\rest-assured-4.5.1.jar;C:\Users\DheyClaveria\.m2\repository\org\codehaus\groovy\groovy\3.0.9\groovy-3.0.9.jar;C:\Users\DheyClaveria\.m2\repository\org\codehaus\groovy\groovy-xml\3.0.9\groovy-xml-3.0.9.jar;C:\Users\DheyClaveria\.m2\repository\org\apache\httpcomponents\httpclient\4.5.13\httpclient-4.5.13.jar;C:\Users\DheyClaveria\.m2\repository\org\apache\httpcomponents\httpcore\4.4.13\httpcore-4.4.13.jar;C:\Users\DheyClaveria\.m2\repository\org\apache\httpcomponents\httpmime\4.5.13\httpmime-4.5.13.jar;C:\Users\DheyClaveria\.m2\repository\org\hamcrest\hamcrest\2.1\hamcrest-2.1.jar;C:\Users\DheyClaveria\.m2\repository\org\ccil\cowan\tagsoup\tagsoup\1.2.1\tagsoup-1.2.1.jar;C:\Users\DheyClaveria\.m2\repository\io\rest-assured\json-path\4.5.1\json-path-4.5.1.jar;C:\Users\DheyClaveria\.m2\repository\io\rest-assured\rest-assured-common\4.5.1\rest-assured-common-4.5.1.jar;C:\Users\DheyClaveria\.m2\repository\io\rest-assured\xml-path\4.5.1\xml-path-4.5.1.jar;C:\Users\DheyClaveria\.m2\repository\io\rest-assured\rest-assured-all\4.3.2\rest-assured-all-4.3.2.jar;C:\Users\DheyClaveria\.m2\repository\org\apache\commons\commons-lang3\3.11\commons-lang3-3.11.jar;C:\Users\DheyClaveria\.m2\repository\jakarta\xml\bind\jakarta.xml.bind-api\2.3.3\jakarta.xml.bind-api-2.3.3.jar;C:\Users\DheyClaveria\.m2\repository\jakarta\activation\jakarta.activation-api\1.2.2\jakarta.activation-api-1.2.2.jar;C:\Users\DheyClaveria\.m2\repository\com\sun\xml\bind\jaxb-impl\2.3.3\jaxb-impl-2.3.3.jar;C:\Users\DheyClaveria\.m2\repository\org\codehaus\groovy\groovy-json\3.0.6\groovy-json-3.0.6.jar;C:\Users\DheyClaveria\.m2\repository\log4j\log4j\1.2.17\log4j-1.2.17.jar;C:\Users\DheyClaveria\.m2\repository\ch\qos\logback\logback-classic\1.1.3\logback-classic-1.1.3.jar;C:\Users\DheyClaveria\.m2\repository\ch\qos\logback\logback-core\1.1.3\logback-core-1.1.3.jar;C:\Users\DheyClaveria\.m2\repository\org\slf4j\slf4j-api\1.7.36\slf4j-api-1.7.36.jar;C:\Users\DheyClaveria\.m2\repository\org\slf4j\slf4j-reload4j\1.7.36\slf4j-reload4j-1.7.36.jar;C:\Users\DheyClaveria\.m2\repository\ch\qos\reload4j\reload4j\1.2.19\reload4j-1.2.19.jar;C:\Users\DheyClaveria\.m2\repository\org\json\json\20210307\json-20210307.jar;C:\Users\DheyClaveria\.m2\repository\com\ea\async\ea-async\1.2.3\ea-async-1.2.3.jar;C:\Users\DheyClaveria\.m2\repository\net\serenity-bdd\serenity-assertions\3.2.0\serenity-assertions-3.2.0.jar;C:\Users\DheyClaveria\.m2\repository\net\serenity-bdd\serenity-screenplay\3.2.0\serenity-screenplay-3.2.0.jar;C:\Users\DheyClaveria\.m2\repository\org\assertj\assertj-core\3.21.0\assertj-core-3.21.0.jar;C:\Users\DheyClaveria\.m2\repository\net\serenity-bdd\serenity-ensure\3.2.0\serenity-ensure-3.2.0.jar;C:\Users\DheyClaveria\.m2\repository\net\serenity-bdd\serenity-model\3.2.0\serenity-model-3.2.0.jar;C:\Users\DheyClaveria\.m2\repository\org\apache\commons\commons-text\1.9\commons-text-1.9.jar;C:\Users\DheyClaveria\.m2\repository\commons-net\commons-net\3.6\commons-net-3.6.jar;C:\Users\DheyClaveria\.m2\repository\com\google\inject\guice\5.0.1\guice-5.0.1.jar;C:\Users\DheyClaveria\.m2\repository\javax\inject\javax.inject\1\javax.inject-1.jar;C:\Users\DheyClaveria\.m2\repository\aopalliance\aopalliance\1.0\aopalliance-1.0.jar;C:\Users\DheyClaveria\.m2\repository\com\thoughtworks\xstream\xstream\1.4.19\xstream-1.4.19.jar;C:\Users\DheyClaveria\.m2\repository\io\github\x-stream\mxparser\1.2.2\mxparser-1.2.2.jar;C:\Users\DheyClaveria\.m2\repository\xmlpull\xmlpull\1.1.3.1\xmlpull-1.1.3.1.jar;C:\Users\DheyClaveria\.m2\repository\com\typesafe\config\1.3.1\config-1.3.1.jar;C:\Users\DheyClaveria\.m2\repository\org\imgscalr\imgscalr-lib\4.2\imgscalr-lib-4.2.jar;C:\Users\DheyClaveria\.m2\repository\org\awaitility\awaitility\4.1.0\awaitility-4.1.0.jar;C:\Users\DheyClaveria\.m2\repository\org\freemarker\freemarker\2.3.31\freemarker-2.3.31.jar;C:\Users\DheyClaveria\.m2\repository\io\github\classgraph\classgraph\4.8.138\classgraph-4.8.138.jar;C:\Users\DheyClaveria\.m2\repository\net\sourceforge\jexcelapi\jxl\2.6.12\jxl-2.6.12.jar;C:\Users\DheyClaveria\.m2\repository\net\bytebuddy\byte-buddy\1.12.3\byte-buddy-1.12.3.jar;C:\Users\DheyClaveria\.m2\repository\net\bytebuddy\byte-buddy-agent\1.12.3\byte-buddy-agent-1.12.3.jar;C:\Users\DheyClaveria\.m2\repository\org\objenesis\objenesis\3.1\objenesis-3.1.jar;C:\Users\DheyClaveria\.m2\repository\net\serenity-bdd\serenity-screenplay-webdriver\3.2.0\serenity-screenplay-webdriver-3.2.0.jar;C:\Users\DheyClaveria\.m2\repository\org\jetbrains\kotlin\kotlin-stdlib\1.6.0\kotlin-stdlib-1.6.0.jar;C:\Users\DheyClaveria\.m2\repository\org\jetbrains\annotations\13.0\annotations-13.0.jar;C:\Users\DheyClaveria\.m2\repository\org\jetbrains\kotlin\kotlin-stdlib-common\1.6.0\kotlin-stdlib-common-1.6.0.jar;C:\Users\DheyClaveria\.m2\repository\net\serenity-bdd\serenity-core\3.2.0\serenity-core-3.2.0.jar;C:\Users\DheyClaveria\.m2\repository\net\serenity-bdd\serenity-reports\3.2.0\serenity-reports-3.2.0.jar;C:\Users\DheyClaveria\.m2\repository\net\serenity-bdd\serenity-stats\3.2.0\serenity-stats-3.2.0.jar;C:\Users\DheyClaveria\.m2\repository\net\serenity-bdd\serenity-reports-configuration\3.2.0\serenity-reports-configuration-3.2.0.jar;C:\Users\DheyClaveria\.m2\repository\com\vladsch\flexmark\flexmark-all\0.34.30\flexmark-all-0.34.30.jar;C:\Users\DheyClaveria\.m2\repository\com\vladsch\flexmark\flexmark\0.34.30\flexmark-0.34.30.jar;C:\Users\DheyClaveria\.m2\repository\com\vladsch\flexmark\flexmark-ext-abbreviation\0.34.30\flexmark-ext-abbreviation-0.34.30.jar;C:\Users\DheyClaveria\.m2\repository\com\vladsch\flexmark\flexmark-ext-admonition\0.34.30\flexmark-ext-admonition-0.34.30.jar;C:\Users\DheyClaveria\.m2\repository\com\vladsch\flexmark\flexmark-ext-anchorlink\0.34.30\flexmark-ext-anchorlink-0.34.30.jar;C:\Users\DheyClaveria\.m2\repository\com\vladsch\flexmark\flexmark-ext-aside\0.34.30\flexmark-ext-aside-0.34.30.jar;C:\Users\DheyClaveria\.m2\repository\com\vladsch\flexmark\flexmark-ext-attributes\0.34.30\flexmark-ext-attributes-0.34.30.jar;C:\Users\DheyClaveria\.m2\repository\com\vladsch\flexmark\flexmark-ext-autolink\0.34.30\flexmark-ext-autolink-0.34.30.jar;C:\Users\DheyClaveria\.m2\repository\org\nibor\autolink\autolink\0.6.0\autolink-0.6.0.jar;C:\Users\DheyClaveria\.m2\repository\com\vladsch\flexmark\flexmark-ext-definition\0.34.30\flexmark-ext-definition-0.34.30.jar;C:\Users\DheyClaveria\.m2\repository\com\vladsch\flexmark\flexmark-ext-emoji\0.34.30\flexmark-ext-emoji-0.34.30.jar;C:\Users\DheyClaveria\.m2\repository\com\vladsch\flexmark\flexmark-ext-enumerated-reference\0.34.30\flexmark-ext-enumerated-reference-0.34.30.jar;C:\Users\DheyClaveria\.m2\repository\com\vladsch\flexmark\flexmark-ext-escaped-character\0.34.30\flexmark-ext-escaped-character-0.34.30.jar;C:\Users\DheyClaveria\.m2\repository\com\vladsch\flexmark\flexmark-ext-footnotes\0.34.30\flexmark-ext-footnotes-0.34.30.jar;C:\Users\DheyClaveria\.m2\repository\com\vladsch\flexmark\flexmark-ext-gfm-issues\0.34.30\flexmark-ext-gfm-issues-0.34.30.jar;C:\Users\DheyClaveria\.m2\repository\com\vladsch\flexmark\flexmark-ext-gfm-strikethrough\0.34.30\flexmark-ext-gfm-strikethrough-0.34.30.jar;C:\Users\DheyClaveria\.m2\repository\com\vladsch\flexmark\flexmark-ext-gfm-tables\0.34.30\flexmark-ext-gfm-tables-0.34.30.jar;C:\Users\DheyClaveria\.m2\repository\com\vladsch\flexmark\flexmark-ext-gfm-tasklist\0.34.30\flexmark-ext-gfm-tasklist-0.34.30.jar;C:\Users\DheyClaveria\.m2\repository\com\vladsch\flexmark\flexmark-ext-gfm-users\0.34.30\flexmark-ext-gfm-users-0.34.30.jar;C:\Users\DheyClaveria\.m2\repository\com\vladsch\flexmark\flexmark-ext-gitlab\0.34.30\flexmark-ext-gitlab-0.34.30.jar;C:\Users\DheyClaveria\.m2\repository\com\vladsch\flexmark\flexmark-ext-jekyll-front-matter\0.34.30\flexmark-ext-jekyll-front-matter-0.34.30.jar;C:\Users\DheyClaveria\.m2\repository\com\vladsch\flexmark\flexmark-ext-jekyll-tag\0.34.30\flexmark-ext-jekyll-tag-0.34.30.jar;C:\Users\DheyClaveria\.m2\repository\com\vladsch\flexmark\flexmark-ext-media-tags\0.34.30\flexmark-ext-media-tags-0.34.30.jar;C:\Users\DheyClaveria\.m2\repository\com\vladsch\flexmark\flexmark-test-util\0.34.30\flexmark-test-util-0.34.30.jar;C:\Users\DheyClaveria\.m2\repository\com\vladsch\flexmark\flexmark-ext-ins\0.34.30\flexmark-ext-ins-0.34.30.jar;C:\Users\DheyClaveria\.m2\repository\com\vladsch\flexmark\flexmark-ext-xwiki-macros\0.34.30\flexmark-ext-xwiki-macros-0.34.30.jar;C:\Users\DheyClaveria\.m2\repository\com\vladsch\flexmark\flexmark-ext-superscript\0.34.30\flexmark-ext-superscript-0.34.30.jar;C:\Users\DheyClaveria\.m2\repository\com\vladsch\flexmark\flexmark-ext-tables\0.34.30\flexmark-ext-tables-0.34.30.jar;C:\Users\DheyClaveria\.m2\repository\com\vladsch\flexmark\flexmark-ext-toc\0.34.30\flexmark-ext-toc-0.34.30.jar;C:\Users\DheyClaveria\.m2\repository\com\vladsch\flexmark\flexmark-ext-typographic\0.34.30\flexmark-ext-typographic-0.34.30.jar;C:\Users\DheyClaveria\.m2\repository\com\vladsch\flexmark\flexmark-ext-wikilink\0.34.30\flexmark-ext-wikilink-0.34.30.jar;C:\Users\DheyClaveria\.m2\repository\com\vladsch\flexmark\flexmark-ext-yaml-front-matter\0.34.30\flexmark-ext-yaml-front-matter-0.34.30.jar;C:\Users\DheyClaveria\.m2\repository\com\vladsch\flexmark\flexmark-ext-youtube-embedded\0.34.30\flexmark-ext-youtube-embedded-0.34.30.jar;C:\Users\DheyClaveria\.m2\repository\com\vladsch\flexmark\flexmark-formatter\0.34.30\flexmark-formatter-0.34.30.jar;C:\Users\DheyClaveria\.m2\repository\com\vladsch\flexmark\flexmark-html-parser\0.34.30\flexmark-html-parser-0.34.30.jar;C:\Users\DheyClaveria\.m2\repository\com\vladsch\flexmark\flexmark-jira-converter\0.34.30\flexmark-jira-converter-0.34.30.jar;C:\Users\DheyClaveria\.m2\repository\com\vladsch\flexmark\flexmark-pdf-converter\0.34.30\flexmark-pdf-converter-0.34.30.jar;C:\Users\DheyClaveria\.m2\repository\com\openhtmltopdf\openhtmltopdf-core\0.0.1-RC13\openhtmltopdf-core-0.0.1-RC13.jar;C:\Users\DheyClaveria\.m2\repository\com\openhtmltopdf\openhtmltopdf-pdfbox\0.0.1-RC13\openhtmltopdf-pdfbox-0.0.1-RC13.jar;C:\Users\DheyClaveria\.m2\repository\org\apache\pdfbox\xmpbox\2.0.8\xmpbox-2.0.8.jar;C:\Users\DheyClaveria\.m2\repository\com\openhtmltopdf\openhtmltopdf-rtl-support\0.0.1-RC13\openhtmltopdf-rtl-support-0.0.1-RC13.jar;C:\Users\DheyClaveria\.m2\repository\com\ibm\icu\icu4j\59.1\icu4j-59.1.jar;C:\Users\DheyClaveria\.m2\repository\com\openhtmltopdf\openhtmltopdf-jsoup-dom-converter\0.0.1-RC13\openhtmltopdf-jsoup-dom-converter-0.0.1-RC13.jar;C:\Users\DheyClaveria\.m2\repository\com\vladsch\flexmark\flexmark-profile-pegdown\0.34.30\flexmark-profile-pegdown-0.34.30.jar;C:\Users\DheyClaveria\.m2\repository\com\vladsch\flexmark\flexmark-util\0.34.30\flexmark-util-0.34.30.jar;C:\Users\DheyClaveria\.m2\repository\com\vladsch\flexmark\flexmark-youtrack-converter\0.34.30\flexmark-youtrack-converter-0.34.30.jar;C:\Users\DheyClaveria\.m2\repository\es\nitaur\markdown\txtmark\0.16\txtmark-0.16.jar;C:\Users\DheyClaveria\.m2\repository\net\serenity-bdd\serenity-report-resources\3.2.0\serenity-report-resources-3.2.0.jar;C:\Users\DheyClaveria\.m2\repository\com\google\code\gson\gson\2.8.9\gson-2.8.9.jar;C:\Users\DheyClaveria\.m2\repository\com\fasterxml\jackson\core\jackson-core\2.12.4\jackson-core-2.12.4.jar;C:\Users\DheyClaveria\.m2\repository\com\fasterxml\jackson\core\jackson-databind\2.12.4\jackson-databind-2.12.4.jar;C:\Users\DheyClaveria\.m2\repository\com\fasterxml\jackson\core\jackson-annotations\2.12.4\jackson-annotations-2.12.4.jar;C:\Users\DheyClaveria\.m2\repository\commons-codec\commons-codec\1.15\commons-codec-1.15.jar;C:\Users\DheyClaveria\.m2\repository\commons-io\commons-io\2.8.0\commons-io-2.8.0.jar;C:\Users\DheyClaveria\.m2\repository\org\seleniumhq\selenium\selenium-api\4.1.2\selenium-api-4.1.2.jar;C:\Users\DheyClaveria\.m2\repository\org\seleniumhq\selenium\selenium-support\4.1.2\selenium-support-4.1.2.jar;C:\Users\DheyClaveria\.m2\repository\org\seleniumhq\selenium\selenium-firefox-driver\4.1.2\selenium-firefox-driver-4.1.2.jar;C:\Users\DheyClaveria\.m2\repository\org\seleniumhq\selenium\selenium-edge-driver\4.1.2\selenium-edge-driver-4.1.2.jar;C:\Users\DheyClaveria\.m2\repository\org\seleniumhq\selenium\selenium-ie-driver\4.1.2\selenium-ie-driver-4.1.2.jar;C:\Users\DheyClaveria\.m2\repository\org\projectlombok\lombok\1.18.20\lombok-1.18.20.jar;C:\Users\DheyClaveria\.m2\repository\io\appium\java-client\8.0.0-beta2\java-client-8.0.0-beta2.jar;C:\Users\DheyClaveria\.m2\repository\commons-validator\commons-validator\1.7\commons-validator-1.7.jar;C:\Users\DheyClaveria\.m2\repository\commons-digester\commons-digester\2.1\commons-digester-2.1.jar;C:\Users\DheyClaveria\.m2\repository\org\aspectj\aspectjweaver\1.9.7\aspectjweaver-1.9.7.jar;C:\Users\DheyClaveria\.m2\repository\net\sf\opencsv\opencsv\2.0\opencsv-2.0.jar;C:\Users\DheyClaveria\.m2\repository\commons-beanutils\commons-beanutils\1.9.4\commons-beanutils-1.9.4.jar;C:\Users\DheyClaveria\.m2\repository\commons-collections\commons-collections\3.2.2\commons-collections-3.2.2.jar;C:\Users\DheyClaveria\.m2\repository\org\fluentlenium\fluentlenium-core\0.10.2\fluentlenium-core-0.10.2.jar;C:\Users\DheyClaveria\.m2\repository\com\jhlabs\filters\2.0.235\filters-2.0.235.jar;C:\Users\DheyClaveria\.m2\repository\com\paulhammant\ngwebdriver\1.1.5\ngwebdriver-1.1.5.jar;C:\Users\DheyClaveria\.m2\repository\joda-time\joda-time\2.8.2\joda-time-2.8.2.jar;C:\Users\DheyClaveria\.m2\repository\com\google\jimfs\jimfs\1.1\jimfs-1.1.jar;C:\Users\DheyClaveria\.m2\repository\org\mockito\mockito-core\3.3.3\mockito-core-3.3.3.jar;C:\Users\DheyClaveria\.m2\repository\javax\xml\bind\jaxb-api\2.3.1\jaxb-api-2.3.1.jar;C:\Users\DheyClaveria\.m2\repository\javax\activation\javax.activation-api\1.2.0\javax.activation-api-1.2.0.jar;C:\Users\DheyClaveria\.m2\repository\com\sun\xml\bind\jaxb-core\2.3.0.1\jaxb-core-2.3.0.1.jar;C:\Users\DheyClaveria\.m2\repository\javax\activation\activation\1.1.1\activation-1.1.1.jar;C:\Users\DheyClaveria\.m2\repository\net\serenity-bdd\serenity-junit\3.2.0\serenity-junit-3.2.0.jar;C:\Users\DheyClaveria\.m2\repository\net\serenity-bdd\serenity-cucumber\3.2.0\serenity-cucumber-3.2.0.jar;C:\Users\DheyClaveria\.m2\repository\org\apache\commons\commons-csv\1.5\commons-csv-1.5.jar;C:\Users\DheyClaveria\.m2\repository\net\serenity-bdd\serenity-rest-assured\3.2.0\serenity-rest-assured-3.2.0.jar;C:\Users\DheyClaveria\.m2\repository\org\opentest4j\opentest4j\1.2.0\opentest4j-1.2.0.jar;C:\Users\DheyClaveria\.m2\repository\io\cucumber\cucumber-java\7.2.3\cucumber-java-7.2.3.jar;C:\Users\DheyClaveria\.m2\repository\org\apiguardian\apiguardian-api\1.1.2\apiguardian-api-1.1.2.jar;C:\Users\DheyClaveria\.m2\repository\io\cucumber\cucumber-junit\7.2.3\cucumber-junit-7.2.3.jar;C:\Users\DheyClaveria\.m2\repository\io\cucumber\cucumber-core\7.2.3\cucumber-core-7.2.3.jar;C:\Users\DheyClaveria\.m2\repository\io\cucumber\cucumber-gherkin-messages\7.2.3\cucumber-gherkin-messages-7.2.3.jar;C:\Users\DheyClaveria\.m2\repository\io\cucumber\messages\17.1.1\messages-17.1.1.jar;C:\Users\DheyClaveria\.m2\repository\io\cucumber\tag-expressions\4.1.0\tag-expressions-4.1.0.jar;C:\Users\DheyClaveria\.m2\repository\io\cucumber\cucumber-expressions\15.0.1\cucumber-expressions-15.0.1.jar;C:\Users\DheyClaveria\.m2\repository\io\cucumber\datatable\7.2.3\datatable-7.2.3.jar;C:\Users\DheyClaveria\.m2\repository\io\cucumber\cucumber-plugin\7.2.3\cucumber-plugin-7.2.3.jar;C:\Users\DheyClaveria\.m2\repository\io\cucumber\docstring\7.2.3\docstring-7.2.3.jar;C:\Users\DheyClaveria\.m2\repository\io\cucumber\html-formatter\17.0.0\html-formatter-17.0.0.jar;C:\Users\DheyClaveria\.m2\repository\io\cucumber\ci-environment\8.1.0\ci-environment-8.1.0.jar;C:\Users\DheyClaveria\.m2\repository\io\cucumber\cucumber-junit-platform-engine\7.2.3\cucumber-junit-platform-engine-7.2.3.jar;C:\Users\DheyClaveria\.m2\repository\org\junit\platform\junit-platform-engine\1.8.2\junit-platform-engine-1.8.2.jar;C:\Users\DheyClaveria\.m2\repository\org\junit\platform\junit-platform-commons\1.8.2\junit-platform-commons-1.8.2.jar;C:\Users\DheyClaveria\.m2\repository\io\cucumber\cucumber-jvm-deps\1.0.6\cucumber-jvm-deps-1.0.6.jar;C:\Users\DheyClaveria\.m2\repository\net\masterthought\cucumber-reporting\5.7.0\cucumber-reporting-5.7.0.jar;C:\Users\DheyClaveria\.m2\repository\com\fasterxml\jackson\datatype\jackson-datatype-jsr310\2.13.0\jackson-datatype-jsr310-2.13.0.jar;C:\Users\DheyClaveria\.m2\repository\org\apache\velocity\velocity-engine-core\2.3\velocity-engine-core-2.3.jar;C:\Users\DheyClaveria\.m2\repository\org\codehaus\plexus\plexus-utils\3.3.0\plexus-utils-3.3.0.jar;C:\Users\DheyClaveria\.m2\repository\org\jsoup\jsoup\1.14.2\jsoup-1.14.2.jar;C:\Users\DheyClaveria\.m2\repository\com\google\guava\guava\30.1.1-jre\guava-30.1.1-jre.jar;C:\Users\DheyClaveria\.m2\repository\com\google\guava\failureaccess\1.0.1\failureaccess-1.0.1.jar;C:\Users\DheyClaveria\.m2\repository\com\google\guava\listenablefuture\9999.0-empty-to-avoid-conflict-with-guava\listenablefuture-9999.0-empty-to-avoid-conflict-with-guava.jar;C:\Users\DheyClaveria\.m2\repository\com\google\code\findbugs\jsr305\3.0.2\jsr305-3.0.2.jar;C:\Users\DheyClaveria\.m2\repository\org\checkerframework\checker-qual\3.8.0\checker-qual-3.8.0.jar;C:\Users\DheyClaveria\.m2\repository\com\google\errorprone\error_prone_annotations\2.5.1\error_prone_annotations-2.5.1.jar;C:\Users\DheyClaveria\.m2\repository\com\google\j2objc\j2objc-annotations\1.3\j2objc-annotations-1.3.jar;C:\Users\DheyClaveria\.m2\repository\com\googlecode\owasp-java-html-sanitizer\owasp-java-html-sanitizer\20211018.2\owasp-java-html-sanitizer-20211018.2.jar;C:\Users\DheyClaveria\.m2\repository\commons-configuration\commons-configuration\1.10\commons-configuration-1.10.jar;C:\Users\DheyClaveria\.m2\repository\commons-lang\commons-lang\2.6\commons-lang-2.6.jar;C:\Users\DheyClaveria\.m2\repository\io\cucumber\cucumber-html\0.2.7\cucumber-html-0.2.7.jar;C:\Users\DheyClaveria\.m2\repository\io\cucumber\cucumber-gherkin\7.2.3\cucumber-gherkin-7.2.3.jar;C:\Users\DheyClaveria\.m2\repository\junit\junit\4.13.1\junit-4.13.1.jar;C:\Users\DheyClaveria\.m2\repository\org\hamcrest\hamcrest-core\1.3\hamcrest-core-1.3.jar;C:\Users\DheyClaveria\.m2\repository\org\junit\platform\junit-platform-suite\1.8.2\junit-platform-suite-1.8.2.jar;C:\Users\DheyClaveria\.m2\repository\org\junit\platform\junit-platform-suite-api\1.8.2\junit-platform-suite-api-1.8.2.jar;C:\Users\DheyClaveria\.m2\repository\org\junit\platform\junit-platform-suite-engine\1.8.2\junit-platform-suite-engine-1.8.2.jar;C:\Users\DheyClaveria\.m2\repository\org\junit\platform\junit-platform-suite-commons\1.8.2\junit-platform-suite-commons-1.8.2.jar;C:\Users\DheyClaveria\.m2\repository\org\junit\platform\junit-platform-launcher\1.8.2\junit-platform-launcher-1.8.2.jar;C:\Users\DheyClaveria\.m2\repository\org\junit\jupiter\junit-jupiter\5.8.2\junit-jupiter-5.8.2.jar;C:\Users\DheyClaveria\.m2\repository\org\junit\jupiter\junit-jupiter-api\5.8.2\junit-jupiter-api-5.8.2.jar;C:\Users\DheyClaveria\.m2\repository\org\junit\jupiter\junit-jupiter-params\5.8.2\junit-jupiter-params-5.8.2.jar;C:\Users\DheyClaveria\.m2\repository\org\junit\jupiter\junit-jupiter-engine\5.8.2\junit-jupiter-engine-5.8.2.jar;C:\Users\DheyClaveria\.m2\repository\org\junit\vintage\junit-vintage-engine\5.8.2\junit-vintage-engine-5.8.2.jar;C:\Users\DheyClaveria\.m2\repository\info\cukes\cucumber-java\1.2.5\cucumber-java-1.2.5.jar;C:\Users\DheyClaveria\.m2\repository\info\cukes\cucumber-core\1.2.5\cucumber-core-1.2.5.jar;C:\Users\DheyClaveria\.m2\repository\info\cukes\cucumber-html\0.2.3\cucumber-html-0.2.3.jar;C:\Users\DheyClaveria\.m2\repository\info\cukes\cucumber-jvm-deps\1.0.5\cucumber-jvm-deps-1.0.5.jar;C:\Users\DheyClaveria\.m2\repository\info\cukes\gherkin\2.12.2\gherkin-2.12.2.jar;C:\Users\DheyClaveria\.m2\repository\info\cukes\cucumber-junit\1.2.5\cucumber-junit-1.2.5.jar;C:\Users\DheyClaveria\.m2\repository\org\seleniumhq\selenium\selenium-java\4.1.1\selenium-java-4.1.1.jar;C:\Users\DheyClaveria\.m2\repository\org\seleniumhq\selenium\selenium-devtools-v85\4.1.1\selenium-devtools-v85-4.1.1.jar;C:\Users\DheyClaveria\.m2\repository\org\seleniumhq\selenium\selenium-devtools-v94\4.1.1\selenium-devtools-v94-4.1.1.jar;C:\Users\DheyClaveria\.m2\repository\org\seleniumhq\selenium\selenium-devtools-v95\4.1.1\selenium-devtools-v95-4.1.1.jar;C:\Users\DheyClaveria\.m2\repository\org\seleniumhq\selenium\selenium-devtools-v96\4.1.1\selenium-devtools-v96-4.1.1.jar;C:\Users\DheyClaveria\.m2\repository\org\seleniumhq\selenium\selenium-firefox-xpi-driver\4.1.1\selenium-firefox-xpi-driver-4.1.1.jar;C:\Users\DheyClaveria\.m2\repository\org\seleniumhq\selenium\selenium-opera-driver\4.1.1\selenium-opera-driver-4.1.1.jar;C:\Users\DheyClaveria\.m2\repository\org\seleniumhq\selenium\selenium-remote-driver\4.1.1\selenium-remote-driver-4.1.1.jar;C:\Users\DheyClaveria\.m2\repository\io\netty\netty-buffer\4.1.70.Final\netty-buffer-4.1.70.Final.jar;C:\Users\DheyClaveria\.m2\repository\io\netty\netty-codec-http\4.1.70.Final\netty-codec-http-4.1.70.Final.jar;C:\Users\DheyClaveria\.m2\repository\io\netty\netty-codec\4.1.70.Final\netty-codec-4.1.70.Final.jar;C:\Users\DheyClaveria\.m2\repository\io\netty\netty-handler\4.1.70.Final\netty-handler-4.1.70.Final.jar;C:\Users\DheyClaveria\.m2\repository\io\netty\netty-common\4.1.70.Final\netty-common-4.1.70.Final.jar;C:\Users\DheyClaveria\.m2\repository\io\netty\netty-transport-classes-epoll\4.1.70.Final\netty-transport-classes-epoll-4.1.70.Final.jar;C:\Users\DheyClaveria\.m2\repository\io\netty\netty-transport-classes-kqueue\4.1.70.Final\netty-transport-classes-kqueue-4.1.70.Final.jar;C:\Users\DheyClaveria\.m2\repository\io\netty\netty-transport-native-unix-common\4.1.70.Final\netty-transport-native-unix-common-4.1.70.Final.jar;C:\Users\DheyClaveria\.m2\repository\io\netty\netty-transport\4.1.70.Final\netty-transport-4.1.70.Final.jar;C:\Users\DheyClaveria\.m2\repository\io\netty\netty-resolver\4.1.70.Final\netty-resolver-4.1.70.Final.jar;C:\Users\DheyClaveria\.m2\repository\io\opentelemetry\opentelemetry-api\1.9.1\opentelemetry-api-1.9.1.jar;C:\Users\DheyClaveria\.m2\repository\io\opentelemetry\opentelemetry-context\1.9.1\opentelemetry-context-1.9.1.jar;C:\Users\DheyClaveria\.m2\repository\io\opentelemetry\opentelemetry-exporter-logging\1.9.1\opentelemetry-exporter-logging-1.9.1.jar;C:\Users\DheyClaveria\.m2\repository\io\opentelemetry\opentelemetry-sdk-metrics\1.9.1-alpha\opentelemetry-sdk-metrics-1.9.1-alpha.jar;C:\Users\DheyClaveria\.m2\repository\io\opentelemetry\opentelemetry-sdk-logs\1.9.1-alpha\opentelemetry-sdk-logs-1.9.1-alpha.jar;C:\Users\DheyClaveria\.m2\repository\io\opentelemetry\opentelemetry-sdk-common\1.9.1\opentelemetry-sdk-common-1.9.1.jar;C:\Users\DheyClaveria\.m2\repository\io\opentelemetry\opentelemetry-sdk-extension-autoconfigure-spi\1.9.1\opentelemetry-sdk-extension-autoconfigure-spi-1.9.1.jar;C:\Users\DheyClaveria\.m2\repository\io\opentelemetry\opentelemetry-sdk-extension-autoconfigure\1.9.1-alpha\opentelemetry-sdk-extension-autoconfigure-1.9.1-alpha.jar;C:\Users\DheyClaveria\.m2\repository\io\opentelemetry\opentelemetry-sdk-trace\1.9.1\opentelemetry-sdk-trace-1.9.1.jar;C:\Users\DheyClaveria\.m2\repository\io\opentelemetry\opentelemetry-api-metrics\1.9.1-alpha\opentelemetry-api-metrics-1.9.1-alpha.jar;C:\Users\DheyClaveria\.m2\repository\io\opentelemetry\opentelemetry-sdk\1.9.1\opentelemetry-sdk-1.9.1.jar;C:\Users\DheyClaveria\.m2\repository\io\opentelemetry\opentelemetry-semconv\1.9.1-alpha\opentelemetry-semconv-1.9.1-alpha.jar;C:\Users\DheyClaveria\.m2\repository\io\ous\jtoml\2.0.0\jtoml-2.0.0.jar;C:\Users\DheyClaveria\.m2\repository\org\apache\commons\commons-exec\1.3\commons-exec-1.3.jar;C:\Users\DheyClaveria\.m2\repository\org\asynchttpclient\async-http-client\2.12.3\async-http-client-2.12.3.jar;C:\Users\DheyClaveria\.m2\repository\org\asynchttpclient\async-http-client-netty-utils\2.12.3\async-http-client-netty-utils-2.12.3.jar;C:\Users\DheyClaveria\.m2\repository\io\netty\netty-codec-socks\4.1.60.Final\netty-codec-socks-4.1.60.Final.jar;C:\Users\DheyClaveria\.m2\repository\io\netty\netty-handler-proxy\4.1.60.Final\netty-handler-proxy-4.1.60.Final.jar;C:\Users\DheyClaveria\.m2\repository\io\netty\netty-transport-native-epoll\4.1.60.Final\netty-transport-native-epoll-4.1.60.Final-linux-x86_64.jar;C:\Users\DheyClaveria\.m2\repository\io\netty\netty-transport-native-kqueue\4.1.60.Final\netty-transport-native-kqueue-4.1.60.Final-osx-x86_64.jar;C:\Users\DheyClaveria\.m2\repository\org\reactivestreams\reactive-streams\1.0.3\reactive-streams-1.0.3.jar;C:\Users\DheyClaveria\.m2\repository\com\typesafe\netty\netty-reactive-streams\2.0.4\netty-reactive-streams-2.0.4.jar;C:\Users\DheyClaveria\.m2\repository\com\sun\activation\jakarta.activation\1.2.2\jakarta.activation-1.2.2.jar;C:\Users\DheyClaveria\.m2\repository\org\seleniumhq\selenium\selenium-http\4.1.1\selenium-http-4.1.1.jar;C:\Users\DheyClaveria\.m2\repository\net\jodah\failsafe\2.4.4\failsafe-2.4.4.jar;C:\Users\DheyClaveria\.m2\repository\org\seleniumhq\selenium\selenium-safari-driver\4.1.1\selenium-safari-driver-4.1.1.jar;C:\Users\DheyClaveria\.m2\repository\org\seleniumhq\selenium\selenium-chrome-driver\4.1.1\selenium-chrome-driver-4.1.1.jar;C:\Users\DheyClaveria\.m2\repository\com\google\auto\service\auto-service-annotations\1.0.1\auto-service-annotations-1.0.1.jar;C:\Users\DheyClaveria\.m2\repository\com\google\auto\service\auto-service\1.0.1\auto-service-1.0.1.jar;C:\Users\DheyClaveria\.m2\repository\com\google\auto\auto-common\1.2\auto-common-1.2.jar;C:\Users\DheyClaveria\.m2\repository\org\seleniumhq\selenium\selenium-chromium-driver\4.1.1\selenium-chromium-driver-4.1.1.jar;C:\Users\DheyClaveria\.m2\repository\org\seleniumhq\selenium\selenium-json\4.1.1\selenium-json-4.1.1.jar;C:\Users\DheyClaveria\.m2\repository\io\github\bonigarcia\webdrivermanager\4.2.2\webdrivermanager-4.2.2.jar;C:\Users\DheyClaveria\.m2\repository\org\apache\httpcomponents\client5\httpclient5\5.0.1\httpclient5-5.0.1.jar;C:\Users\DheyClaveria\.m2\repository\org\apache\httpcomponents\core5\httpcore5\5.0.1\httpcore5-5.0.1.jar;C:\Users\DheyClaveria\.m2\repository\org\apache\httpcomponents\core5\httpcore5-h2\5.0.1\httpcore5-h2-5.0.1.jar;C:\Users\DheyClaveria\.m2\repository\org\rauschig\jarchivelib\1.1.0\jarchivelib-1.1.0.jar;C:\Users\DheyClaveria\.m2\repository\tech\grasshopper\extentreports-cucumber7-adapter\1.3.0\extentreports-cucumber7-adapter-1.3.0.jar;C:\Users\DheyClaveria\.m2\repository\com\aventstack\extentreports\5.0.9\extentreports-5.0.9.jar;C:\Users\DheyClaveria\.m2\repository\io\reactivex\rxjava3\rxjava\3.0.4\rxjava-3.0.4.jar;C:\Users\DheyClaveria\.m2\repository\tech\grasshopper\extent-pdf-report\2.1.0\extent-pdf-report-2.1.0.jar;C:\Users\DheyClaveria\.m2\repository\tech\grasshopper\cucumber-pdf-report\2.5.0\cucumber-pdf-report-2.5.0.jar;C:\Users\DheyClaveria\.m2\repository\org\knowm\xchart\xchart\3.8.0\xchart-3.8.0.jar;C:\Users\DheyClaveria\.m2\repository\de\erichseifert\vectorgraphics2d\VectorGraphics2D\0.13\VectorGraphics2D-0.13.jar;C:\Users\DheyClaveria\.m2\repository\de\rototor\pdfbox\graphics2d\0.30\graphics2d-0.30.jar;C:\Users\DheyClaveria\.m2\repository\com\madgag\animated-gif-lib\1.4\animated-gif-lib-1.4.jar;C:\Users\DheyClaveria\.m2\repository\org\yaml\snakeyaml\1.28\snakeyaml-1.28.jar;C:\Users\DheyClaveria\.m2\repository\tech\grasshopper\table-layout\1.4.0\table-layout-1.4.0.jar;C:\Users\DheyClaveria\.m2\repository\tech\grasshopper\rest-assured-cucumber-pdf-report\1.1.0\rest-assured-cucumber-pdf-report-1.1.0.jar;C:\Users\DheyClaveria\.m2\repository\com\aventstack\klov-reporter\5.0.9\klov-reporter-5.0.9.jar;C:\Users\DheyClaveria\.m2\repository\org\mongodb\mongodb-driver\3.6.4\mongodb-driver-3.6.4.jar;C:\Users\DheyClaveria\.m2\repository\org\mongodb\mongodb-driver-core\3.6.4\mongodb-driver-core-3.6.4.jar;C:\Users\DheyClaveria\.m2\repository\org\mongodb\bson\3.6.4\bson-3.6.4.jar;C:\Users\DheyClaveria\.m2\repository\tech\grasshopper\htmlextentreporter\1.0.0\htmlextentreporter-1.0.0.jar;C:\Users\DheyClaveria\.m2\repository\org\testng\testng\6.14.3\testng-6.14.3.jar;C:\Users\DheyClaveria\.m2\repository\com\beust\jcommander\1.72\jcommander-1.72.jar;C:\Users\DheyClaveria\.m2\repository\org\apache-extras\beanshell\bsh\2.0b6\bsh-2.0b6.jar;C:\Users\DheyClaveria\.m2\repository\io\cucumber\cucumber-testng\7.2.3\cucumber-testng-7.2.3.jar;C:\Users\DheyClaveria\.m2\repository\org\apache\poi\poi\5.2.1\poi-5.2.1.jar;C:\Users\DheyClaveria\.m2\repository\org\apache\commons\commons-collections4\4.4\commons-collections4-4.4.jar;C:\Users\DheyClaveria\.m2\repository\org\apache\commons\commons-math3\3.6.1\commons-math3-3.6.1.jar;C:\Users\DheyClaveria\.m2\repository\com\zaxxer\SparseBitSet\1.2\SparseBitSet-1.2.jar;C:\Users\DheyClaveria\.m2\repository\org\apache\logging\log4j\log4j-api\2.17.1\log4j-api-2.17.1.jar;C:\Users\DheyClaveria\.m2\repository\org\apache\poi\poi-ooxml\5.2.1\poi-ooxml-5.2.1.jar;C:\Users\DheyClaveria\.m2\repository\org\apache\poi\poi-ooxml-lite\5.2.1\poi-ooxml-lite-5.2.1.jar;C:\Users\DheyClaveria\.m2\repository\org\apache\xmlbeans\xmlbeans\5.0.3\xmlbeans-5.0.3.jar;C:\Users\DheyClaveria\.m2\repository\org\apache\commons\commons-compress\1.21\commons-compress-1.21.jar;C:\Users\DheyClaveria\.m2\repository\com\github\virtuald\curvesapi\1.07\curvesapi-1.07.jar;"/>
    <property name="java.vm.vendor" value="Oracle Corporation"/>
    <property name="sun.arch.data.model" value="64"/>
    <property name="user.variant" value=""/>
    <property name="java.vendor.url" value="https://java.oracle.com/"/>
    <property name="user.timezone" value="Asia/Shanghai"/>
    <property name="os.name" value="Windows 10"/>
    <property name="java.vm.specification.version" value="15"/>
    <property name="sun.java.launcher" value="SUN_STANDARD"/>
    <property name="user.country" value="US"/>
    <property name="sun.boot.library.path" value="C:\Program Files\Java\jdk-15.0.1\bin"/>
    <property name="sun.java.command" value="org.apache.maven.surefire.booter.ForkedBooter C:\Users\DheyClaveria\AppData\Local\Temp\surefire3589763991504449013 2022-03-30T09-06-53_092-jvmRun1 surefire5582935688507030831tmp surefire_015163777895388844042tmp"/>
    <property name="jdk.debug" value="release"/>
    <property name="surefire.test.class.path" value="Z:\Automation\JavaCucumber\BDD_HCL\CucumberHCL\target\test-classes;C:\Users\DheyClaveria\.m2\repository\com\github\ralfstuckert\pdfbox-layout\pdfbox2-layout\1.0.1\pdfbox2-layout-1.0.1.jar;C:\Users\DheyClaveria\.m2\repository\org\apache\pdfbox\pdfbox\2.0.4\pdfbox-2.0.4.jar;C:\Users\DheyClaveria\.m2\repository\org\apache\pdfbox\fontbox\2.0.4\fontbox-2.0.4.jar;C:\Users\DheyClaveria\.m2\repository\commons-logging\commons-logging\1.2\commons-logging-1.2.jar;C:\Users\DheyClaveria\.m2\repository\io\rest-assured\rest-assured\4.5.1\rest-assured-4.5.1.jar;C:\Users\DheyClaveria\.m2\repository\org\codehaus\groovy\groovy\3.0.9\groovy-3.0.9.jar;C:\Users\DheyClaveria\.m2\repository\org\codehaus\groovy\groovy-xml\3.0.9\groovy-xml-3.0.9.jar;C:\Users\DheyClaveria\.m2\repository\org\apache\httpcomponents\httpclient\4.5.13\httpclient-4.5.13.jar;C:\Users\DheyClaveria\.m2\repository\org\apache\httpcomponents\httpcore\4.4.13\httpcore-4.4.13.jar;C:\Users\DheyClaveria\.m2\repository\org\apache\httpcomponents\httpmime\4.5.13\httpmime-4.5.13.jar;C:\Users\DheyClaveria\.m2\repository\org\hamcrest\hamcrest\2.1\hamcrest-2.1.jar;C:\Users\DheyClaveria\.m2\repository\org\ccil\cowan\tagsoup\tagsoup\1.2.1\tagsoup-1.2.1.jar;C:\Users\DheyClaveria\.m2\repository\io\rest-assured\json-path\4.5.1\json-path-4.5.1.jar;C:\Users\DheyClaveria\.m2\repository\io\rest-assured\rest-assured-common\4.5.1\rest-assured-common-4.5.1.jar;C:\Users\DheyClaveria\.m2\repository\io\rest-assured\xml-path\4.5.1\xml-path-4.5.1.jar;C:\Users\DheyClaveria\.m2\repository\io\rest-assured\rest-assured-all\4.3.2\rest-assured-all-4.3.2.jar;C:\Users\DheyClaveria\.m2\repository\org\apache\commons\commons-lang3\3.11\commons-lang3-3.11.jar;C:\Users\DheyClaveria\.m2\repository\jakarta\xml\bind\jakarta.xml.bind-api\2.3.3\jakarta.xml.bind-api-2.3.3.jar;C:\Users\DheyClaveria\.m2\repository\jakarta\activation\jakarta.activation-api\1.2.2\jakarta.activation-api-1.2.2.jar;C:\Users\DheyClaveria\.m2\repository\com\sun\xml\bind\jaxb-impl\2.3.3\jaxb-impl-2.3.3.jar;C:\Users\DheyClaveria\.m2\repository\org\codehaus\groovy\groovy-json\3.0.6\groovy-json-3.0.6.jar;C:\Users\DheyClaveria\.m2\repository\log4j\log4j\1.2.17\log4j-1.2.17.jar;C:\Users\DheyClaveria\.m2\repository\ch\qos\logback\logback-classic\1.1.3\logback-classic-1.1.3.jar;C:\Users\DheyClaveria\.m2\repository\ch\qos\logback\logback-core\1.1.3\logback-core-1.1.3.jar;C:\Users\DheyClaveria\.m2\repository\org\slf4j\slf4j-api\1.7.36\slf4j-api-1.7.36.jar;C:\Users\DheyClaveria\.m2\repository\org\slf4j\slf4j-reload4j\1.7.36\slf4j-reload4j-1.7.36.jar;C:\Users\DheyClaveria\.m2\repository\ch\qos\reload4j\reload4j\1.2.19\reload4j-1.2.19.jar;C:\Users\DheyClaveria\.m2\repository\org\json\json\20210307\json-20210307.jar;C:\Users\DheyClaveria\.m2\repository\com\ea\async\ea-async\1.2.3\ea-async-1.2.3.jar;C:\Users\DheyClaveria\.m2\repository\net\serenity-bdd\serenity-assertions\3.2.0\serenity-assertions-3.2.0.jar;C:\Users\DheyClaveria\.m2\repository\net\serenity-bdd\serenity-screenplay\3.2.0\serenity-screenplay-3.2.0.jar;C:\Users\DheyClaveria\.m2\repository\org\assertj\assertj-core\3.21.0\assertj-core-3.21.0.jar;C:\Users\DheyClaveria\.m2\repository\net\serenity-bdd\serenity-ensure\3.2.0\serenity-ensure-3.2.0.jar;C:\Users\DheyClaveria\.m2\repository\net\serenity-bdd\serenity-model\3.2.0\serenity-model-3.2.0.jar;C:\Users\DheyClaveria\.m2\repository\org\apache\commons\commons-text\1.9\commons-text-1.9.jar;C:\Users\DheyClaveria\.m2\repository\commons-net\commons-net\3.6\commons-net-3.6.jar;C:\Users\DheyClaveria\.m2\repository\com\google\inject\guice\5.0.1\guice-5.0.1.jar;C:\Users\DheyClaveria\.m2\repository\javax\inject\javax.inject\1\javax.inject-1.jar;C:\Users\DheyClaveria\.m2\repository\aopalliance\aopalliance\1.0\aopalliance-1.0.jar;C:\Users\DheyClaveria\.m2\repository\com\thoughtworks\xstream\xstream\1.4.19\xstream-1.4.19.jar;C:\Users\DheyClaveria\.m2\repository\io\github\x-stream\mxparser\1.2.2\mxparser-1.2.2.jar;C:\Users\DheyClaveria\.m2\repository\xmlpull\xmlpull\1.1.3.1\xmlpull-1.1.3.1.jar;C:\Users\DheyClaveria\.m2\repository\com\typesafe\config\1.3.1\config-1.3.1.jar;C:\Users\DheyClaveria\.m2\repository\org\imgscalr\imgscalr-lib\4.2\imgscalr-lib-4.2.jar;C:\Users\DheyClaveria\.m2\repository\org\awaitility\awaitility\4.1.0\awaitility-4.1.0.jar;C:\Users\DheyClaveria\.m2\repository\org\freemarker\freemarker\2.3.31\freemarker-2.3.31.jar;C:\Users\DheyClaveria\.m2\repository\io\github\classgraph\classgraph\4.8.138\classgraph-4.8.138.jar;C:\Users\DheyClaveria\.m2\repository\net\sourceforge\jexcelapi\jxl\2.6.12\jxl-2.6.12.jar;C:\Users\DheyClaveria\.m2\repository\net\bytebuddy\byte-buddy\1.12.3\byte-buddy-1.12.3.jar;C:\Users\DheyClaveria\.m2\repository\net\bytebuddy\byte-buddy-agent\1.12.3\byte-buddy-agent-1.12.3.jar;C:\Users\DheyClaveria\.m2\repository\org\objenesis\objenesis\3.1\objenesis-3.1.jar;C:\Users\DheyClaveria\.m2\repository\net\serenity-bdd\serenity-screenplay-webdriver\3.2.0\serenity-screenplay-webdriver-3.2.0.jar;C:\Users\DheyClaveria\.m2\repository\org\jetbrains\kotlin\kotlin-stdlib\1.6.0\kotlin-stdlib-1.6.0.jar;C:\Users\DheyClaveria\.m2\repository\org\jetbrains\annotations\13.0\annotations-13.0.jar;C:\Users\DheyClaveria\.m2\repository\org\jetbrains\kotlin\kotlin-stdlib-common\1.6.0\kotlin-stdlib-common-1.6.0.jar;C:\Users\DheyClaveria\.m2\repository\net\serenity-bdd\serenity-core\3.2.0\serenity-core-3.2.0.jar;C:\Users\DheyClaveria\.m2\repository\net\serenity-bdd\serenity-reports\3.2.0\serenity-reports-3.2.0.jar;C:\Users\DheyClaveria\.m2\repository\net\serenity-bdd\serenity-stats\3.2.0\serenity-stats-3.2.0.jar;C:\Users\DheyClaveria\.m2\repository\net\serenity-bdd\serenity-reports-configuration\3.2.0\serenity-reports-configuration-3.2.0.jar;C:\Users\DheyClaveria\.m2\repository\com\vladsch\flexmark\flexmark-all\0.34.30\flexmark-all-0.34.30.jar;C:\Users\DheyClaveria\.m2\repository\com\vladsch\flexmark\flexmark\0.34.30\flexmark-0.34.30.jar;C:\Users\DheyClaveria\.m2\repository\com\vladsch\flexmark\flexmark-ext-abbreviation\0.34.30\flexmark-ext-abbreviation-0.34.30.jar;C:\Users\DheyClaveria\.m2\repository\com\vladsch\flexmark\flexmark-ext-admonition\0.34.30\flexmark-ext-admonition-0.34.30.jar;C:\Users\DheyClaveria\.m2\repository\com\vladsch\flexmark\flexmark-ext-anchorlink\0.34.30\flexmark-ext-anchorlink-0.34.30.jar;C:\Users\DheyClaveria\.m2\repository\com\vladsch\flexmark\flexmark-ext-aside\0.34.30\flexmark-ext-aside-0.34.30.jar;C:\Users\DheyClaveria\.m2\repository\com\vladsch\flexmark\flexmark-ext-attributes\0.34.30\flexmark-ext-attributes-0.34.30.jar;C:\Users\DheyClaveria\.m2\repository\com\vladsch\flexmark\flexmark-ext-autolink\0.34.30\flexmark-ext-autolink-0.34.30.jar;C:\Users\DheyClaveria\.m2\repository\org\nibor\autolink\autolink\0.6.0\autolink-0.6.0.jar;C:\Users\DheyClaveria\.m2\repository\com\vladsch\flexmark\flexmark-ext-definition\0.34.30\flexmark-ext-definition-0.34.30.jar;C:\Users\DheyClaveria\.m2\repository\com\vladsch\flexmark\flexmark-ext-emoji\0.34.30\flexmark-ext-emoji-0.34.30.jar;C:\Users\DheyClaveria\.m2\repository\com\vladsch\flexmark\flexmark-ext-enumerated-reference\0.34.30\flexmark-ext-enumerated-reference-0.34.30.jar;C:\Users\DheyClaveria\.m2\repository\com\vladsch\flexmark\flexmark-ext-escaped-character\0.34.30\flexmark-ext-escaped-character-0.34.30.jar;C:\Users\DheyClaveria\.m2\repository\com\vladsch\flexmark\flexmark-ext-footnotes\0.34.30\flexmark-ext-footnotes-0.34.30.jar;C:\Users\DheyClaveria\.m2\repository\com\vladsch\flexmark\flexmark-ext-gfm-issues\0.34.30\flexmark-ext-gfm-issues-0.34.30.jar;C:\Users\DheyClaveria\.m2\repository\com\vladsch\flexmark\flexmark-ext-gfm-strikethrough\0.34.30\flexmark-ext-gfm-strikethrough-0.34.30.jar;C:\Users\DheyClaveria\.m2\repository\com\vladsch\flexmark\flexmark-ext-gfm-tables\0.34.30\flexmark-ext-gfm-tables-0.34.30.jar;C:\Users\DheyClaveria\.m2\repository\com\vladsch\flexmark\flexmark-ext-gfm-tasklist\0.34.30\flexmark-ext-gfm-tasklist-0.34.30.jar;C:\Users\DheyClaveria\.m2\repository\com\vladsch\flexmark\flexmark-ext-gfm-users\0.34.30\flexmark-ext-gfm-users-0.34.30.jar;C:\Users\DheyClaveria\.m2\repository\com\vladsch\flexmark\flexmark-ext-gitlab\0.34.30\flexmark-ext-gitlab-0.34.30.jar;C:\Users\DheyClaveria\.m2\repository\com\vladsch\flexmark\flexmark-ext-jekyll-front-matter\0.34.30\flexmark-ext-jekyll-front-matter-0.34.30.jar;C:\Users\DheyClaveria\.m2\repository\com\vladsch\flexmark\flexmark-ext-jekyll-tag\0.34.30\flexmark-ext-jekyll-tag-0.34.30.jar;C:\Users\DheyClaveria\.m2\repository\com\vladsch\flexmark\flexmark-ext-media-tags\0.34.30\flexmark-ext-media-tags-0.34.30.jar;C:\Users\DheyClaveria\.m2\repository\com\vladsch\flexmark\flexmark-test-util\0.34.30\flexmark-test-util-0.34.30.jar;C:\Users\DheyClaveria\.m2\repository\com\vladsch\flexmark\flexmark-ext-ins\0.34.30\flexmark-ext-ins-0.34.30.jar;C:\Users\DheyClaveria\.m2\repository\com\vladsch\flexmark\flexmark-ext-xwiki-macros\0.34.30\flexmark-ext-xwiki-macros-0.34.30.jar;C:\Users\DheyClaveria\.m2\repository\com\vladsch\flexmark\flexmark-ext-superscript\0.34.30\flexmark-ext-superscript-0.34.30.jar;C:\Users\DheyClaveria\.m2\repository\com\vladsch\flexmark\flexmark-ext-tables\0.34.30\flexmark-ext-tables-0.34.30.jar;C:\Users\DheyClaveria\.m2\repository\com\vladsch\flexmark\flexmark-ext-toc\0.34.30\flexmark-ext-toc-0.34.30.jar;C:\Users\DheyClaveria\.m2\repository\com\vladsch\flexmark\flexmark-ext-typographic\0.34.30\flexmark-ext-typographic-0.34.30.jar;C:\Users\DheyClaveria\.m2\repository\com\vladsch\flexmark\flexmark-ext-wikilink\0.34.30\flexmark-ext-wikilink-0.34.30.jar;C:\Users\DheyClaveria\.m2\repository\com\vladsch\flexmark\flexmark-ext-yaml-front-matter\0.34.30\flexmark-ext-yaml-front-matter-0.34.30.jar;C:\Users\DheyClaveria\.m2\repository\com\vladsch\flexmark\flexmark-ext-youtube-embedded\0.34.30\flexmark-ext-youtube-embedded-0.34.30.jar;C:\Users\DheyClaveria\.m2\repository\com\vladsch\flexmark\flexmark-formatter\0.34.30\flexmark-formatter-0.34.30.jar;C:\Users\DheyClaveria\.m2\repository\com\vladsch\flexmark\flexmark-html-parser\0.34.30\flexmark-html-parser-0.34.30.jar;C:\Users\DheyClaveria\.m2\repository\com\vladsch\flexmark\flexmark-jira-converter\0.34.30\flexmark-jira-converter-0.34.30.jar;C:\Users\DheyClaveria\.m2\repository\com\vladsch\flexmark\flexmark-pdf-converter\0.34.30\flexmark-pdf-converter-0.34.30.jar;C:\Users\DheyClaveria\.m2\repository\com\openhtmltopdf\openhtmltopdf-core\0.0.1-RC13\openhtmltopdf-core-0.0.1-RC13.jar;C:\Users\DheyClaveria\.m2\repository\com\openhtmltopdf\openhtmltopdf-pdfbox\0.0.1-RC13\openhtmltopdf-pdfbox-0.0.1-RC13.jar;C:\Users\DheyClaveria\.m2\repository\org\apache\pdfbox\xmpbox\2.0.8\xmpbox-2.0.8.jar;C:\Users\DheyClaveria\.m2\repository\com\openhtmltopdf\openhtmltopdf-rtl-support\0.0.1-RC13\openhtmltopdf-rtl-support-0.0.1-RC13.jar;C:\Users\DheyClaveria\.m2\repository\com\ibm\icu\icu4j\59.1\icu4j-59.1.jar;C:\Users\DheyClaveria\.m2\repository\com\openhtmltopdf\openhtmltopdf-jsoup-dom-converter\0.0.1-RC13\openhtmltopdf-jsoup-dom-converter-0.0.1-RC13.jar;C:\Users\DheyClaveria\.m2\repository\com\vladsch\flexmark\flexmark-profile-pegdown\0.34.30\flexmark-profile-pegdown-0.34.30.jar;C:\Users\DheyClaveria\.m2\repository\com\vladsch\flexmark\flexmark-util\0.34.30\flexmark-util-0.34.30.jar;C:\Users\DheyClaveria\.m2\repository\com\vladsch\flexmark\flexmark-youtrack-converter\0.34.30\flexmark-youtrack-converter-0.34.30.jar;C:\Users\DheyClaveria\.m2\repository\es\nitaur\markdown\txtmark\0.16\txtmark-0.16.jar;C:\Users\DheyClaveria\.m2\repository\net\serenity-bdd\serenity-report-resources\3.2.0\serenity-report-resources-3.2.0.jar;C:\Users\DheyClaveria\.m2\repository\com\google\code\gson\gson\2.8.9\gson-2.8.9.jar;C:\Users\DheyClaveria\.m2\repository\com\fasterxml\jackson\core\jackson-core\2.12.4\jackson-core-2.12.4.jar;C:\Users\DheyClaveria\.m2\repository\com\fasterxml\jackson\core\jackson-databind\2.12.4\jackson-databind-2.12.4.jar;C:\Users\DheyClaveria\.m2\repository\com\fasterxml\jackson\core\jackson-annotations\2.12.4\jackson-annotations-2.12.4.jar;C:\Users\DheyClaveria\.m2\repository\commons-codec\commons-codec\1.15\commons-codec-1.15.jar;C:\Users\DheyClaveria\.m2\repository\commons-io\commons-io\2.8.0\commons-io-2.8.0.jar;C:\Users\DheyClaveria\.m2\repository\org\seleniumhq\selenium\selenium-api\4.1.2\selenium-api-4.1.2.jar;C:\Users\DheyClaveria\.m2\repository\org\seleniumhq\selenium\selenium-support\4.1.2\selenium-support-4.1.2.jar;C:\Users\DheyClaveria\.m2\repository\org\seleniumhq\selenium\selenium-firefox-driver\4.1.2\selenium-firefox-driver-4.1.2.jar;C:\Users\DheyClaveria\.m2\repository\org\seleniumhq\selenium\selenium-edge-driver\4.1.2\selenium-edge-driver-4.1.2.jar;C:\Users\DheyClaveria\.m2\repository\org\seleniumhq\selenium\selenium-ie-driver\4.1.2\selenium-ie-driver-4.1.2.jar;C:\Users\DheyClaveria\.m2\repository\org\projectlombok\lombok\1.18.20\lombok-1.18.20.jar;C:\Users\DheyClaveria\.m2\repository\io\appium\java-client\8.0.0-beta2\java-client-8.0.0-beta2.jar;C:\Users\DheyClaveria\.m2\repository\commons-validator\commons-validator\1.7\commons-validator-1.7.jar;C:\Users\DheyClaveria\.m2\repository\commons-digester\commons-digester\2.1\commons-digester-2.1.jar;C:\Users\DheyClaveria\.m2\repository\org\aspectj\aspectjweaver\1.9.7\aspectjweaver-1.9.7.jar;C:\Users\DheyClaveria\.m2\repository\net\sf\opencsv\opencsv\2.0\opencsv-2.0.jar;C:\Users\DheyClaveria\.m2\repository\commons-beanutils\commons-beanutils\1.9.4\commons-beanutils-1.9.4.jar;C:\Users\DheyClaveria\.m2\repository\commons-collections\commons-collections\3.2.2\commons-collections-3.2.2.jar;C:\Users\DheyClaveria\.m2\repository\org\fluentlenium\fluentlenium-core\0.10.2\fluentlenium-core-0.10.2.jar;C:\Users\DheyClaveria\.m2\repository\com\jhlabs\filters\2.0.235\filters-2.0.235.jar;C:\Users\DheyClaveria\.m2\repository\com\paulhammant\ngwebdriver\1.1.5\ngwebdriver-1.1.5.jar;C:\Users\DheyClaveria\.m2\repository\joda-time\joda-time\2.8.2\joda-time-2.8.2.jar;C:\Users\DheyClaveria\.m2\repository\com\google\jimfs\jimfs\1.1\jimfs-1.1.jar;C:\Users\DheyClaveria\.m2\repository\org\mockito\mockito-core\3.3.3\mockito-core-3.3.3.jar;C:\Users\DheyClaveria\.m2\repository\javax\xml\bind\jaxb-api\2.3.1\jaxb-api-2.3.1.jar;C:\Users\DheyClaveria\.m2\repository\javax\activation\javax.activation-api\1.2.0\javax.activation-api-1.2.0.jar;C:\Users\DheyClaveria\.m2\repository\com\sun\xml\bind\jaxb-core\2.3.0.1\jaxb-core-2.3.0.1.jar;C:\Users\DheyClaveria\.m2\repository\javax\activation\activation\1.1.1\activation-1.1.1.jar;C:\Users\DheyClaveria\.m2\repository\net\serenity-bdd\serenity-junit\3.2.0\serenity-junit-3.2.0.jar;C:\Users\DheyClaveria\.m2\repository\net\serenity-bdd\serenity-cucumber\3.2.0\serenity-cucumber-3.2.0.jar;C:\Users\DheyClaveria\.m2\repository\org\apache\commons\commons-csv\1.5\commons-csv-1.5.jar;C:\Users\DheyClaveria\.m2\repository\net\serenity-bdd\serenity-rest-assured\3.2.0\serenity-rest-assured-3.2.0.jar;C:\Users\DheyClaveria\.m2\repository\org\opentest4j\opentest4j\1.2.0\opentest4j-1.2.0.jar;C:\Users\DheyClaveria\.m2\repository\io\cucumber\cucumber-java\7.2.3\cucumber-java-7.2.3.jar;C:\Users\DheyClaveria\.m2\repository\org\apiguardian\apiguardian-api\1.1.2\apiguardian-api-1.1.2.jar;C:\Users\DheyClaveria\.m2\repository\io\cucumber\cucumber-junit\7.2.3\cucumber-junit-7.2.3.jar;C:\Users\DheyClaveria\.m2\repository\io\cucumber\cucumber-core\7.2.3\cucumber-core-7.2.3.jar;C:\Users\DheyClaveria\.m2\repository\io\cucumber\cucumber-gherkin-messages\7.2.3\cucumber-gherkin-messages-7.2.3.jar;C:\Users\DheyClaveria\.m2\repository\io\cucumber\messages\17.1.1\messages-17.1.1.jar;C:\Users\DheyClaveria\.m2\repository\io\cucumber\tag-expressions\4.1.0\tag-expressions-4.1.0.jar;C:\Users\DheyClaveria\.m2\repository\io\cucumber\cucumber-expressions\15.0.1\cucumber-expressions-15.0.1.jar;C:\Users\DheyClaveria\.m2\repository\io\cucumber\datatable\7.2.3\datatable-7.2.3.jar;C:\Users\DheyClaveria\.m2\repository\io\cucumber\cucumber-plugin\7.2.3\cucumber-plugin-7.2.3.jar;C:\Users\DheyClaveria\.m2\repository\io\cucumber\docstring\7.2.3\docstring-7.2.3.jar;C:\Users\DheyClaveria\.m2\repository\io\cucumber\html-formatter\17.0.0\html-formatter-17.0.0.jar;C:\Users\DheyClaveria\.m2\repository\io\cucumber\ci-environment\8.1.0\ci-environment-8.1.0.jar;C:\Users\DheyClaveria\.m2\repository\io\cucumber\cucumber-junit-platform-engine\7.2.3\cucumber-junit-platform-engine-7.2.3.jar;C:\Users\DheyClaveria\.m2\repository\org\junit\platform\junit-platform-engine\1.8.2\junit-platform-engine-1.8.2.jar;C:\Users\DheyClaveria\.m2\repository\org\junit\platform\junit-platform-commons\1.8.2\junit-platform-commons-1.8.2.jar;C:\Users\DheyClaveria\.m2\repository\io\cucumber\cucumber-jvm-deps\1.0.6\cucumber-jvm-deps-1.0.6.jar;C:\Users\DheyClaveria\.m2\repository\net\masterthought\cucumber-reporting\5.7.0\cucumber-reporting-5.7.0.jar;C:\Users\DheyClaveria\.m2\repository\com\fasterxml\jackson\datatype\jackson-datatype-jsr310\2.13.0\jackson-datatype-jsr310-2.13.0.jar;C:\Users\DheyClaveria\.m2\repository\org\apache\velocity\velocity-engine-core\2.3\velocity-engine-core-2.3.jar;C:\Users\DheyClaveria\.m2\repository\org\codehaus\plexus\plexus-utils\3.3.0\plexus-utils-3.3.0.jar;C:\Users\DheyClaveria\.m2\repository\org\jsoup\jsoup\1.14.2\jsoup-1.14.2.jar;C:\Users\DheyClaveria\.m2\repository\com\google\guava\guava\30.1.1-jre\guava-30.1.1-jre.jar;C:\Users\DheyClaveria\.m2\repository\com\google\guava\failureaccess\1.0.1\failureaccess-1.0.1.jar;C:\Users\DheyClaveria\.m2\repository\com\google\guava\listenablefuture\9999.0-empty-to-avoid-conflict-with-guava\listenablefuture-9999.0-empty-to-avoid-conflict-with-guava.jar;C:\Users\DheyClaveria\.m2\repository\com\google\code\findbugs\jsr305\3.0.2\jsr305-3.0.2.jar;C:\Users\DheyClaveria\.m2\repository\org\checkerframework\checker-qual\3.8.0\checker-qual-3.8.0.jar;C:\Users\DheyClaveria\.m2\repository\com\google\errorprone\error_prone_annotations\2.5.1\error_prone_annotations-2.5.1.jar;C:\Users\DheyClaveria\.m2\repository\com\google\j2objc\j2objc-annotations\1.3\j2objc-annotations-1.3.jar;C:\Users\DheyClaveria\.m2\repository\com\googlecode\owasp-java-html-sanitizer\owasp-java-html-sanitizer\20211018.2\owasp-java-html-sanitizer-20211018.2.jar;C:\Users\DheyClaveria\.m2\repository\commons-configuration\commons-configuration\1.10\commons-configuration-1.10.jar;C:\Users\DheyClaveria\.m2\repository\commons-lang\commons-lang\2.6\commons-lang-2.6.jar;C:\Users\DheyClaveria\.m2\repository\io\cucumber\cucumber-html\0.2.7\cucumber-html-0.2.7.jar;C:\Users\DheyClaveria\.m2\repository\io\cucumber\cucumber-gherkin\7.2.3\cucumber-gherkin-7.2.3.jar;C:\Users\DheyClaveria\.m2\repository\junit\junit\4.13.1\junit-4.13.1.jar;C:\Users\DheyClaveria\.m2\repository\org\hamcrest\hamcrest-core\1.3\hamcrest-core-1.3.jar;C:\Users\DheyClaveria\.m2\repository\org\junit\platform\junit-platform-suite\1.8.2\junit-platform-suite-1.8.2.jar;C:\Users\DheyClaveria\.m2\repository\org\junit\platform\junit-platform-suite-api\1.8.2\junit-platform-suite-api-1.8.2.jar;C:\Users\DheyClaveria\.m2\repository\org\junit\platform\junit-platform-suite-engine\1.8.2\junit-platform-suite-engine-1.8.2.jar;C:\Users\DheyClaveria\.m2\repository\org\junit\platform\junit-platform-suite-commons\1.8.2\junit-platform-suite-commons-1.8.2.jar;C:\Users\DheyClaveria\.m2\repository\org\junit\platform\junit-platform-launcher\1.8.2\junit-platform-launcher-1.8.2.jar;C:\Users\DheyClaveria\.m2\repository\org\junit\jupiter\junit-jupiter\5.8.2\junit-jupiter-5.8.2.jar;C:\Users\DheyClaveria\.m2\repository\org\junit\jupiter\junit-jupiter-api\5.8.2\junit-jupiter-api-5.8.2.jar;C:\Users\DheyClaveria\.m2\repository\org\junit\jupiter\junit-jupiter-params\5.8.2\junit-jupiter-params-5.8.2.jar;C:\Users\DheyClaveria\.m2\repository\org\junit\jupiter\junit-jupiter-engine\5.8.2\junit-jupiter-engine-5.8.2.jar;C:\Users\DheyClaveria\.m2\repository\org\junit\vintage\junit-vintage-engine\5.8.2\junit-vintage-engine-5.8.2.jar;C:\Users\DheyClaveria\.m2\repository\info\cukes\cucumber-java\1.2.5\cucumber-java-1.2.5.jar;C:\Users\DheyClaveria\.m2\repository\info\cukes\cucumber-core\1.2.5\cucumber-core-1.2.5.jar;C:\Users\DheyClaveria\.m2\repository\info\cukes\cucumber-html\0.2.3\cucumber-html-0.2.3.jar;C:\Users\DheyClaveria\.m2\repository\info\cukes\cucumber-jvm-deps\1.0.5\cucumber-jvm-deps-1.0.5.jar;C:\Users\DheyClaveria\.m2\repository\info\cukes\gherkin\2.12.2\gherkin-2.12.2.jar;C:\Users\DheyClaveria\.m2\repository\info\cukes\cucumber-junit\1.2.5\cucumber-junit-1.2.5.jar;C:\Users\DheyClaveria\.m2\repository\org\seleniumhq\selenium\selenium-java\4.1.1\selenium-java-4.1.1.jar;C:\Users\DheyClaveria\.m2\repository\org\seleniumhq\selenium\selenium-devtools-v85\4.1.1\selenium-devtools-v85-4.1.1.jar;C:\Users\DheyClaveria\.m2\repository\org\seleniumhq\selenium\selenium-devtools-v94\4.1.1\selenium-devtools-v94-4.1.1.jar;C:\Users\DheyClaveria\.m2\repository\org\seleniumhq\selenium\selenium-devtools-v95\4.1.1\selenium-devtools-v95-4.1.1.jar;C:\Users\DheyClaveria\.m2\repository\org\seleniumhq\selenium\selenium-devtools-v96\4.1.1\selenium-devtools-v96-4.1.1.jar;C:\Users\DheyClaveria\.m2\repository\org\seleniumhq\selenium\selenium-firefox-xpi-driver\4.1.1\selenium-firefox-xpi-driver-4.1.1.jar;C:\Users\DheyClaveria\.m2\repository\org\seleniumhq\selenium\selenium-opera-driver\4.1.1\selenium-opera-driver-4.1.1.jar;C:\Users\DheyClaveria\.m2\repository\org\seleniumhq\selenium\selenium-remote-driver\4.1.1\selenium-remote-driver-4.1.1.jar;C:\Users\DheyClaveria\.m2\repository\io\netty\netty-buffer\4.1.70.Final\netty-buffer-4.1.70.Final.jar;C:\Users\DheyClaveria\.m2\repository\io\netty\netty-codec-http\4.1.70.Final\netty-codec-http-4.1.70.Final.jar;C:\Users\DheyClaveria\.m2\repository\io\netty\netty-codec\4.1.70.Final\netty-codec-4.1.70.Final.jar;C:\Users\DheyClaveria\.m2\repository\io\netty\netty-handler\4.1.70.Final\netty-handler-4.1.70.Final.jar;C:\Users\DheyClaveria\.m2\repository\io\netty\netty-common\4.1.70.Final\netty-common-4.1.70.Final.jar;C:\Users\DheyClaveria\.m2\repository\io\netty\netty-transport-classes-epoll\4.1.70.Final\netty-transport-classes-epoll-4.1.70.Final.jar;C:\Users\DheyClaveria\.m2\repository\io\netty\netty-transport-classes-kqueue\4.1.70.Final\netty-transport-classes-kqueue-4.1.70.Final.jar;C:\Users\DheyClaveria\.m2\repository\io\netty\netty-transport-native-unix-common\4.1.70.Final\netty-transport-native-unix-common-4.1.70.Final.jar;C:\Users\DheyClaveria\.m2\repository\io\netty\netty-transport\4.1.70.Final\netty-transport-4.1.70.Final.jar;C:\Users\DheyClaveria\.m2\repository\io\netty\netty-resolver\4.1.70.Final\netty-resolver-4.1.70.Final.jar;C:\Users\DheyClaveria\.m2\repository\io\opentelemetry\opentelemetry-api\1.9.1\opentelemetry-api-1.9.1.jar;C:\Users\DheyClaveria\.m2\repository\io\opentelemetry\opentelemetry-context\1.9.1\opentelemetry-context-1.9.1.jar;C:\Users\DheyClaveria\.m2\repository\io\opentelemetry\opentelemetry-exporter-logging\1.9.1\opentelemetry-exporter-logging-1.9.1.jar;C:\Users\DheyClaveria\.m2\repository\io\opentelemetry\opentelemetry-sdk-metrics\1.9.1-alpha\opentelemetry-sdk-metrics-1.9.1-alpha.jar;C:\Users\DheyClaveria\.m2\repository\io\opentelemetry\opentelemetry-sdk-logs\1.9.1-alpha\opentelemetry-sdk-logs-1.9.1-alpha.jar;C:\Users\DheyClaveria\.m2\repository\io\opentelemetry\opentelemetry-sdk-common\1.9.1\opentelemetry-sdk-common-1.9.1.jar;C:\Users\DheyClaveria\.m2\repository\io\opentelemetry\opentelemetry-sdk-extension-autoconfigure-spi\1.9.1\opentelemetry-sdk-extension-autoconfigure-spi-1.9.1.jar;C:\Users\DheyClaveria\.m2\repository\io\opentelemetry\opentelemetry-sdk-extension-autoconfigure\1.9.1-alpha\opentelemetry-sdk-extension-autoconfigure-1.9.1-alpha.jar;C:\Users\DheyClaveria\.m2\repository\io\opentelemetry\opentelemetry-sdk-trace\1.9.1\opentelemetry-sdk-trace-1.9.1.jar;C:\Users\DheyClaveria\.m2\repository\io\opentelemetry\opentelemetry-api-metrics\1.9.1-alpha\opentelemetry-api-metrics-1.9.1-alpha.jar;C:\Users\DheyClaveria\.m2\repository\io\opentelemetry\opentelemetry-sdk\1.9.1\opentelemetry-sdk-1.9.1.jar;C:\Users\DheyClaveria\.m2\repository\io\opentelemetry\opentelemetry-semconv\1.9.1-alpha\opentelemetry-semconv-1.9.1-alpha.jar;C:\Users\DheyClaveria\.m2\repository\io\ous\jtoml\2.0.0\jtoml-2.0.0.jar;C:\Users\DheyClaveria\.m2\repository\org\apache\commons\commons-exec\1.3\commons-exec-1.3.jar;C:\Users\DheyClaveria\.m2\repository\org\asynchttpclient\async-http-client\2.12.3\async-http-client-2.12.3.jar;C:\Users\DheyClaveria\.m2\repository\org\asynchttpclient\async-http-client-netty-utils\2.12.3\async-http-client-netty-utils-2.12.3.jar;C:\Users\DheyClaveria\.m2\repository\io\netty\netty-codec-socks\4.1.60.Final\netty-codec-socks-4.1.60.Final.jar;C:\Users\DheyClaveria\.m2\repository\io\netty\netty-handler-proxy\4.1.60.Final\netty-handler-proxy-4.1.60.Final.jar;C:\Users\DheyClaveria\.m2\repository\io\netty\netty-transport-native-epoll\4.1.60.Final\netty-transport-native-epoll-4.1.60.Final-linux-x86_64.jar;C:\Users\DheyClaveria\.m2\repository\io\netty\netty-transport-native-kqueue\4.1.60.Final\netty-transport-native-kqueue-4.1.60.Final-osx-x86_64.jar;C:\Users\DheyClaveria\.m2\repository\org\reactivestreams\reactive-streams\1.0.3\reactive-streams-1.0.3.jar;C:\Users\DheyClaveria\.m2\repository\com\typesafe\netty\netty-reactive-streams\2.0.4\netty-reactive-streams-2.0.4.jar;C:\Users\DheyClaveria\.m2\repository\com\sun\activation\jakarta.activation\1.2.2\jakarta.activation-1.2.2.jar;C:\Users\DheyClaveria\.m2\repository\org\seleniumhq\selenium\selenium-http\4.1.1\selenium-http-4.1.1.jar;C:\Users\DheyClaveria\.m2\repository\net\jodah\failsafe\2.4.4\failsafe-2.4.4.jar;C:\Users\DheyClaveria\.m2\repository\org\seleniumhq\selenium\selenium-safari-driver\4.1.1\selenium-safari-driver-4.1.1.jar;C:\Users\DheyClaveria\.m2\repository\org\seleniumhq\selenium\selenium-chrome-driver\4.1.1\selenium-chrome-driver-4.1.1.jar;C:\Users\DheyClaveria\.m2\repository\com\google\auto\service\auto-service-annotations\1.0.1\auto-service-annotations-1.0.1.jar;C:\Users\DheyClaveria\.m2\repository\com\google\auto\service\auto-service\1.0.1\auto-service-1.0.1.jar;C:\Users\DheyClaveria\.m2\repository\com\google\auto\auto-common\1.2\auto-common-1.2.jar;C:\Users\DheyClaveria\.m2\repository\org\seleniumhq\selenium\selenium-chromium-driver\4.1.1\selenium-chromium-driver-4.1.1.jar;C:\Users\DheyClaveria\.m2\repository\org\seleniumhq\selenium\selenium-json\4.1.1\selenium-json-4.1.1.jar;C:\Users\DheyClaveria\.m2\repository\io\github\bonigarcia\webdrivermanager\4.2.2\webdrivermanager-4.2.2.jar;C:\Users\DheyClaveria\.m2\repository\org\apache\httpcomponents\client5\httpclient5\5.0.1\httpclient5-5.0.1.jar;C:\Users\DheyClaveria\.m2\repository\org\apache\httpcomponents\core5\httpcore5\5.0.1\httpcore5-5.0.1.jar;C:\Users\DheyClaveria\.m2\repository\org\apache\httpcomponents\core5\httpcore5-h2\5.0.1\httpcore5-h2-5.0.1.jar;C:\Users\DheyClaveria\.m2\repository\org\rauschig\jarchivelib\1.1.0\jarchivelib-1.1.0.jar;C:\Users\DheyClaveria\.m2\repository\tech\grasshopper\extentreports-cucumber7-adapter\1.3.0\extentreports-cucumber7-adapter-1.3.0.jar;C:\Users\DheyClaveria\.m2\repository\com\aventstack\extentreports\5.0.9\extentreports-5.0.9.jar;C:\Users\DheyClaveria\.m2\repository\io\reactivex\rxjava3\rxjava\3.0.4\rxjava-3.0.4.jar;C:\Users\DheyClaveria\.m2\repository\tech\grasshopper\extent-pdf-report\2.1.0\extent-pdf-report-2.1.0.jar;C:\Users\DheyClaveria\.m2\repository\tech\grasshopper\cucumber-pdf-report\2.5.0\cucumber-pdf-report-2.5.0.jar;C:\Users\DheyClaveria\.m2\repository\org\knowm\xchart\xchart\3.8.0\xchart-3.8.0.jar;C:\Users\DheyClaveria\.m2\repository\de\erichseifert\vectorgraphics2d\VectorGraphics2D\0.13\VectorGraphics2D-0.13.jar;C:\Users\DheyClaveria\.m2\repository\de\rototor\pdfbox\graphics2d\0.30\graphics2d-0.30.jar;C:\Users\DheyClaveria\.m2\repository\com\madgag\animated-gif-lib\1.4\animated-gif-lib-1.4.jar;C:\Users\DheyClaveria\.m2\repository\org\yaml\snakeyaml\1.28\snakeyaml-1.28.jar;C:\Users\DheyClaveria\.m2\repository\tech\grasshopper\table-layout\1.4.0\table-layout-1.4.0.jar;C:\Users\DheyClaveria\.m2\repository\tech\grasshopper\rest-assured-cucumber-pdf-report\1.1.0\rest-assured-cucumber-pdf-report-1.1.0.jar;C:\Users\DheyClaveria\.m2\repository\com\aventstack\klov-reporter\5.0.9\klov-reporter-5.0.9.jar;C:\Users\DheyClaveria\.m2\repository\org\mongodb\mongodb-driver\3.6.4\mongodb-driver-3.6.4.jar;C:\Users\DheyClaveria\.m2\repository\org\mongodb\mongodb-driver-core\3.6.4\mongodb-driver-core-3.6.4.jar;C:\Users\DheyClaveria\.m2\repository\org\mongodb\bson\3.6.4\bson-3.6.4.jar;C:\Users\DheyClaveria\.m2\repository\tech\grasshopper\htmlextentreporter\1.0.0\htmlextentreporter-1.0.0.jar;C:\Users\DheyClaveria\.m2\repository\org\testng\testng\6.14.3\testng-6.14.3.jar;C:\Users\DheyClaveria\.m2\repository\com\beust\jcommander\1.72\jcommander-1.72.jar;C:\Users\DheyClaveria\.m2\repository\org\apache-extras\beanshell\bsh\2.0b6\bsh-2.0b6.jar;C:\Users\DheyClaveria\.m2\repository\io\cucumber\cucumber-testng\7.2.3\cucumber-testng-7.2.3.jar;C:\Users\DheyClaveria\.m2\repository\org\apache\poi\poi\5.2.1\poi-5.2.1.jar;C:\Users\DheyClaveria\.m2\repository\org\apache\commons\commons-collections4\4.4\commons-collections4-4.4.jar;C:\Users\DheyClaveria\.m2\repository\org\apache\commons\commons-math3\3.6.1\commons-math3-3.6.1.jar;C:\Users\DheyClaveria\.m2\repository\com\zaxxer\SparseBitSet\1.2\SparseBitSet-1.2.jar;C:\Users\DheyClaveria\.m2\repository\org\apache\logging\log4j\log4j-api\2.17.1\log4j-api-2.17.1.jar;C:\Users\DheyClaveria\.m2\repository\org\apache\poi\poi-ooxml\5.2.1\poi-ooxml-5.2.1.jar;C:\Users\DheyClaveria\.m2\repository\org\apache\poi\poi-ooxml-lite\5.2.1\poi-ooxml-lite-5.2.1.jar;C:\Users\DheyClaveria\.m2\repository\org\apache\xmlbeans\xmlbeans\5.0.3\xmlbeans-5.0.3.jar;C:\Users\DheyClaveria\.m2\repository\org\apache\commons\commons-compress\1.21\commons-compress-1.21.jar;C:\Users\DheyClaveria\.m2\repository\com\github\virtuald\curvesapi\1.07\curvesapi-1.07.jar;"/>
    <property name="sun.cpu.endian" value="little"/>
    <property name="user.home" value="C:\Users\DheyClaveria"/>
    <property name="user.language" value="en"/>
    <property name="java.specification.vendor" value="Oracle Corporation"/>
    <property name="jdk.module.path" value="Z:\Automation\JavaCucumber\BDD_HCL\CucumberHCL\target\CucumberHCL-0.0.1-SNAPSHOT.jar"/>
    <property name="java.version.date" value="2020-10-20"/>
    <property name="java.home" value="C:\Program Files\Java\jdk-15.0.1"/>
    <property name="file.separator" value="\"/>
    <property name="basedir" value="Z:\Automation\JavaCucumber\BDD_HCL\CucumberHCL"/>
    <property name="java.vm.compressedOopsMode" value="Zero based"/>
    <property name="line.separator" value="&#10;"/>
    <property name="java.vm.specification.vendor" value="Oracle Corporation"/>
    <property name="java.specification.name" value="Java Platform API Specification"/>
    <property name="surefire.real.class.path" value="C:\Users\DheyClaveria\.m2\repository\org\apache\maven\surefire\surefire-booter\3.0.0-M5\surefire-booter-3.0.0-M5.jar;C:\Users\DheyClaveria\.m2\repository\org\apache\maven\surefire\surefire-api\3.0.0-M5\surefire-api-3.0.0-M5.jar;C:\Users\DheyClaveria\.m2\repository\org\apache\maven\surefire\surefire-logger-api\3.0.0-M5\surefire-logger-api-3.0.0-M5.jar;C:\Users\DheyClaveria\.m2\repository\org\apache\maven\surefire\surefire-shared-utils\3.0.0-M4\surefire-shared-utils-3.0.0-M4.jar;C:\Users\DheyClaveria\.m2\repository\org\apache\maven\surefire\surefire-extensions-spi\3.0.0-M5\surefire-extensions-spi-3.0.0-M5.jar;Z:\Automation\JavaCucumber\BDD_HCL\CucumberHCL\target\test-classes;C:\Users\DheyClaveria\.m2\repository\com\github\ralfstuckert\pdfbox-layout\pdfbox2-layout\1.0.1\pdfbox2-layout-1.0.1.jar;C:\Users\DheyClaveria\.m2\repository\org\apache\pdfbox\pdfbox\2.0.4\pdfbox-2.0.4.jar;C:\Users\DheyClaveria\.m2\repository\org\apache\pdfbox\fontbox\2.0.4\fontbox-2.0.4.jar;C:\Users\DheyClaveria\.m2\repository\commons-logging\commons-logging\1.2\commons-logging-1.2.jar;C:\Users\DheyClaveria\.m2\repository\io\rest-assured\rest-assured\4.5.1\rest-assured-4.5.1.jar;C:\Users\DheyClaveria\.m2\repository\org\codehaus\groovy\groovy\3.0.9\groovy-3.0.9.jar;C:\Users\DheyClaveria\.m2\repository\org\codehaus\groovy\groovy-xml\3.0.9\groovy-xml-3.0.9.jar;C:\Users\DheyClaveria\.m2\repository\org\apache\httpcomponents\httpclient\4.5.13\httpclient-4.5.13.jar;C:\Users\DheyClaveria\.m2\repository\org\apache\httpcomponents\httpcore\4.4.13\httpcore-4.4.13.jar;C:\Users\DheyClaveria\.m2\repository\org\apache\httpcomponents\httpmime\4.5.13\httpmime-4.5.13.jar;C:\Users\DheyClaveria\.m2\repository\org\hamcrest\hamcrest\2.1\hamcrest-2.1.jar;C:\Users\DheyClaveria\.m2\repository\org\ccil\cowan\tagsoup\tagsoup\1.2.1\tagsoup-1.2.1.jar;C:\Users\DheyClaveria\.m2\repository\io\rest-assured\json-path\4.5.1\json-path-4.5.1.jar;C:\Users\DheyClaveria\.m2\repository\io\rest-assured\rest-assured-common\4.5.1\rest-assured-common-4.5.1.jar;C:\Users\DheyClaveria\.m2\repository\io\rest-assured\xml-path\4.5.1\xml-path-4.5.1.jar;C:\Users\DheyClaveria\.m2\repository\io\rest-assured\rest-assured-all\4.3.2\rest-assured-all-4.3.2.jar;C:\Users\DheyClaveria\.m2\repository\org\apache\commons\commons-lang3\3.11\commons-lang3-3.11.jar;C:\Users\DheyClaveria\.m2\repository\jakarta\xml\bind\jakarta.xml.bind-api\2.3.3\jakarta.xml.bind-api-2.3.3.jar;C:\Users\DheyClaveria\.m2\repository\jakarta\activation\jakarta.activation-api\1.2.2\jakarta.activation-api-1.2.2.jar;C:\Users\DheyClaveria\.m2\repository\com\sun\xml\bind\jaxb-impl\2.3.3\jaxb-impl-2.3.3.jar;C:\Users\DheyClaveria\.m2\repository\org\codehaus\groovy\groovy-json\3.0.6\groovy-json-3.0.6.jar;C:\Users\DheyClaveria\.m2\repository\log4j\log4j\1.2.17\log4j-1.2.17.jar;C:\Users\DheyClaveria\.m2\repository\ch\qos\logback\logback-classic\1.1.3\logback-classic-1.1.3.jar;C:\Users\DheyClaveria\.m2\repository\ch\qos\logback\logback-core\1.1.3\logback-core-1.1.3.jar;C:\Users\DheyClaveria\.m2\repository\org\slf4j\slf4j-api\1.7.36\slf4j-api-1.7.36.jar;C:\Users\DheyClaveria\.m2\repository\org\slf4j\slf4j-reload4j\1.7.36\slf4j-reload4j-1.7.36.jar;C:\Users\DheyClaveria\.m2\repository\ch\qos\reload4j\reload4j\1.2.19\reload4j-1.2.19.jar;C:\Users\DheyClaveria\.m2\repository\org\json\json\20210307\json-20210307.jar;C:\Users\DheyClaveria\.m2\repository\com\ea\async\ea-async\1.2.3\ea-async-1.2.3.jar;C:\Users\DheyClaveria\.m2\repository\net\serenity-bdd\serenity-assertions\3.2.0\serenity-assertions-3.2.0.jar;C:\Users\DheyClaveria\.m2\repository\net\serenity-bdd\serenity-screenplay\3.2.0\serenity-screenplay-3.2.0.jar;C:\Users\DheyClaveria\.m2\repository\org\assertj\assertj-core\3.21.0\assertj-core-3.21.0.jar;C:\Users\DheyClaveria\.m2\repository\net\serenity-bdd\serenity-ensure\3.2.0\serenity-ensure-3.2.0.jar;C:\Users\DheyClaveria\.m2\repository\net\serenity-bdd\serenity-model\3.2.0\serenity-model-3.2.0.jar;C:\Users\DheyClaveria\.m2\repository\org\apache\commons\commons-text\1.9\commons-text-1.9.jar;C:\Users\DheyClaveria\.m2\repository\commons-net\commons-net\3.6\commons-net-3.6.jar;C:\Users\DheyClaveria\.m2\repository\com\google\inject\guice\5.0.1\guice-5.0.1.jar;C:\Users\DheyClaveria\.m2\repository\javax\inject\javax.inject\1\javax.inject-1.jar;C:\Users\DheyClaveria\.m2\repository\aopalliance\aopalliance\1.0\aopalliance-1.0.jar;C:\Users\DheyClaveria\.m2\repository\com\thoughtworks\xstream\xstream\1.4.19\xstream-1.4.19.jar;C:\Users\DheyClaveria\.m2\repository\io\github\x-stream\mxparser\1.2.2\mxparser-1.2.2.jar;C:\Users\DheyClaveria\.m2\repository\xmlpull\xmlpull\1.1.3.1\xmlpull-1.1.3.1.jar;C:\Users\DheyClaveria\.m2\repository\com\typesafe\config\1.3.1\config-1.3.1.jar;C:\Users\DheyClaveria\.m2\repository\org\imgscalr\imgscalr-lib\4.2\imgscalr-lib-4.2.jar;C:\Users\DheyClaveria\.m2\repository\org\awaitility\awaitility\4.1.0\awaitility-4.1.0.jar;C:\Users\DheyClaveria\.m2\repository\org\freemarker\freemarker\2.3.31\freemarker-2.3.31.jar;C:\Users\DheyClaveria\.m2\repository\io\github\classgraph\classgraph\4.8.138\classgraph-4.8.138.jar;C:\Users\DheyClaveria\.m2\repository\net\sourceforge\jexcelapi\jxl\2.6.12\jxl-2.6.12.jar;C:\Users\DheyClaveria\.m2\repository\net\bytebuddy\byte-buddy\1.12.3\byte-buddy-1.12.3.jar;C:\Users\DheyClaveria\.m2\repository\net\bytebuddy\byte-buddy-agent\1.12.3\byte-buddy-agent-1.12.3.jar;C:\Users\DheyClaveria\.m2\repository\org\objenesis\objenesis\3.1\objenesis-3.1.jar;C:\Users\DheyClaveria\.m2\repository\net\serenity-bdd\serenity-screenplay-webdriver\3.2.0\serenity-screenplay-webdriver-3.2.0.jar;C:\Users\DheyClaveria\.m2\repository\org\jetbrains\kotlin\kotlin-stdlib\1.6.0\kotlin-stdlib-1.6.0.jar;C:\Users\DheyClaveria\.m2\repository\org\jetbrains\annotations\13.0\annotations-13.0.jar;C:\Users\DheyClaveria\.m2\repository\org\jetbrains\kotlin\kotlin-stdlib-common\1.6.0\kotlin-stdlib-common-1.6.0.jar;C:\Users\DheyClaveria\.m2\repository\net\serenity-bdd\serenity-core\3.2.0\serenity-core-3.2.0.jar;C:\Users\DheyClaveria\.m2\repository\net\serenity-bdd\serenity-reports\3.2.0\serenity-reports-3.2.0.jar;C:\Users\DheyClaveria\.m2\repository\net\serenity-bdd\serenity-stats\3.2.0\serenity-stats-3.2.0.jar;C:\Users\DheyClaveria\.m2\repository\net\serenity-bdd\serenity-reports-configuration\3.2.0\serenity-reports-configuration-3.2.0.jar;C:\Users\DheyClaveria\.m2\repository\com\vladsch\flexmark\flexmark-all\0.34.30\flexmark-all-0.34.30.jar;C:\Users\DheyClaveria\.m2\repository\com\vladsch\flexmark\flexmark\0.34.30\flexmark-0.34.30.jar;C:\Users\DheyClaveria\.m2\repository\com\vladsch\flexmark\flexmark-ext-abbreviation\0.34.30\flexmark-ext-abbreviation-0.34.30.jar;C:\Users\DheyClaveria\.m2\repository\com\vladsch\flexmark\flexmark-ext-admonition\0.34.30\flexmark-ext-admonition-0.34.30.jar;C:\Users\DheyClaveria\.m2\repository\com\vladsch\flexmark\flexmark-ext-anchorlink\0.34.30\flexmark-ext-anchorlink-0.34.30.jar;C:\Users\DheyClaveria\.m2\repository\com\vladsch\flexmark\flexmark-ext-aside\0.34.30\flexmark-ext-aside-0.34.30.jar;C:\Users\DheyClaveria\.m2\repository\com\vladsch\flexmark\flexmark-ext-attributes\0.34.30\flexmark-ext-attributes-0.34.30.jar;C:\Users\DheyClaveria\.m2\repository\com\vladsch\flexmark\flexmark-ext-autolink\0.34.30\flexmark-ext-autolink-0.34.30.jar;C:\Users\DheyClaveria\.m2\repository\org\nibor\autolink\autolink\0.6.0\autolink-0.6.0.jar;C:\Users\DheyClaveria\.m2\repository\com\vladsch\flexmark\flexmark-ext-definition\0.34.30\flexmark-ext-definition-0.34.30.jar;C:\Users\DheyClaveria\.m2\repository\com\vladsch\flexmark\flexmark-ext-emoji\0.34.30\flexmark-ext-emoji-0.34.30.jar;C:\Users\DheyClaveria\.m2\repository\com\vladsch\flexmark\flexmark-ext-enumerated-reference\0.34.30\flexmark-ext-enumerated-reference-0.34.30.jar;C:\Users\DheyClaveria\.m2\repository\com\vladsch\flexmark\flexmark-ext-escaped-character\0.34.30\flexmark-ext-escaped-character-0.34.30.jar;C:\Users\DheyClaveria\.m2\repository\com\vladsch\flexmark\flexmark-ext-footnotes\0.34.30\flexmark-ext-footnotes-0.34.30.jar;C:\Users\DheyClaveria\.m2\repository\com\vladsch\flexmark\flexmark-ext-gfm-issues\0.34.30\flexmark-ext-gfm-issues-0.34.30.jar;C:\Users\DheyClaveria\.m2\repository\com\vladsch\flexmark\flexmark-ext-gfm-strikethrough\0.34.30\flexmark-ext-gfm-strikethrough-0.34.30.jar;C:\Users\DheyClaveria\.m2\repository\com\vladsch\flexmark\flexmark-ext-gfm-tables\0.34.30\flexmark-ext-gfm-tables-0.34.30.jar;C:\Users\DheyClaveria\.m2\repository\com\vladsch\flexmark\flexmark-ext-gfm-tasklist\0.34.30\flexmark-ext-gfm-tasklist-0.34.30.jar;C:\Users\DheyClaveria\.m2\repository\com\vladsch\flexmark\flexmark-ext-gfm-users\0.34.30\flexmark-ext-gfm-users-0.34.30.jar;C:\Users\DheyClaveria\.m2\repository\com\vladsch\flexmark\flexmark-ext-gitlab\0.34.30\flexmark-ext-gitlab-0.34.30.jar;C:\Users\DheyClaveria\.m2\repository\com\vladsch\flexmark\flexmark-ext-jekyll-front-matter\0.34.30\flexmark-ext-jekyll-front-matter-0.34.30.jar;C:\Users\DheyClaveria\.m2\repository\com\vladsch\flexmark\flexmark-ext-jekyll-tag\0.34.30\flexmark-ext-jekyll-tag-0.34.30.jar;C:\Users\DheyClaveria\.m2\repository\com\vladsch\flexmark\flexmark-ext-media-tags\0.34.30\flexmark-ext-media-tags-0.34.30.jar;C:\Users\DheyClaveria\.m2\repository\com\vladsch\flexmark\flexmark-test-util\0.34.30\flexmark-test-util-0.34.30.jar;C:\Users\DheyClaveria\.m2\repository\com\vladsch\flexmark\flexmark-ext-ins\0.34.30\flexmark-ext-ins-0.34.30.jar;C:\Users\DheyClaveria\.m2\repository\com\vladsch\flexmark\flexmark-ext-xwiki-macros\0.34.30\flexmark-ext-xwiki-macros-0.34.30.jar;C:\Users\DheyClaveria\.m2\repository\com\vladsch\flexmark\flexmark-ext-superscript\0.34.30\flexmark-ext-superscript-0.34.30.jar;C:\Users\DheyClaveria\.m2\repository\com\vladsch\flexmark\flexmark-ext-tables\0.34.30\flexmark-ext-tables-0.34.30.jar;C:\Users\DheyClaveria\.m2\repository\com\vladsch\flexmark\flexmark-ext-toc\0.34.30\flexmark-ext-toc-0.34.30.jar;C:\Users\DheyClaveria\.m2\repository\com\vladsch\flexmark\flexmark-ext-typographic\0.34.30\flexmark-ext-typographic-0.34.30.jar;C:\Users\DheyClaveria\.m2\repository\com\vladsch\flexmark\flexmark-ext-wikilink\0.34.30\flexmark-ext-wikilink-0.34.30.jar;C:\Users\DheyClaveria\.m2\repository\com\vladsch\flexmark\flexmark-ext-yaml-front-matter\0.34.30\flexmark-ext-yaml-front-matter-0.34.30.jar;C:\Users\DheyClaveria\.m2\repository\com\vladsch\flexmark\flexmark-ext-youtube-embedded\0.34.30\flexmark-ext-youtube-embedded-0.34.30.jar;C:\Users\DheyClaveria\.m2\repository\com\vladsch\flexmark\flexmark-formatter\0.34.30\flexmark-formatter-0.34.30.jar;C:\Users\DheyClaveria\.m2\repository\com\vladsch\flexmark\flexmark-html-parser\0.34.30\flexmark-html-parser-0.34.30.jar;C:\Users\DheyClaveria\.m2\repository\com\vladsch\flexmark\flexmark-jira-converter\0.34.30\flexmark-jira-converter-0.34.30.jar;C:\Users\DheyClaveria\.m2\repository\com\vladsch\flexmark\flexmark-pdf-converter\0.34.30\flexmark-pdf-converter-0.34.30.jar;C:\Users\DheyClaveria\.m2\repository\com\openhtmltopdf\openhtmltopdf-core\0.0.1-RC13\openhtmltopdf-core-0.0.1-RC13.jar;C:\Users\DheyClaveria\.m2\repository\com\openhtmltopdf\openhtmltopdf-pdfbox\0.0.1-RC13\openhtmltopdf-pdfbox-0.0.1-RC13.jar;C:\Users\DheyClaveria\.m2\repository\org\apache\pdfbox\xmpbox\2.0.8\xmpbox-2.0.8.jar;C:\Users\DheyClaveria\.m2\repository\com\openhtmltopdf\openhtmltopdf-rtl-support\0.0.1-RC13\openhtmltopdf-rtl-support-0.0.1-RC13.jar;C:\Users\DheyClaveria\.m2\repository\com\ibm\icu\icu4j\59.1\icu4j-59.1.jar;C:\Users\DheyClaveria\.m2\repository\com\openhtmltopdf\openhtmltopdf-jsoup-dom-converter\0.0.1-RC13\openhtmltopdf-jsoup-dom-converter-0.0.1-RC13.jar;C:\Users\DheyClaveria\.m2\repository\com\vladsch\flexmark\flexmark-profile-pegdown\0.34.30\flexmark-profile-pegdown-0.34.30.jar;C:\Users\DheyClaveria\.m2\repository\com\vladsch\flexmark\flexmark-util\0.34.30\flexmark-util-0.34.30.jar;C:\Users\DheyClaveria\.m2\repository\com\vladsch\flexmark\flexmark-youtrack-converter\0.34.30\flexmark-youtrack-converter-0.34.30.jar;C:\Users\DheyClaveria\.m2\repository\es\nitaur\markdown\txtmark\0.16\txtmark-0.16.jar;C:\Users\DheyClaveria\.m2\repository\net\serenity-bdd\serenity-report-resources\3.2.0\serenity-report-resources-3.2.0.jar;C:\Users\DheyClaveria\.m2\repository\com\google\code\gson\gson\2.8.9\gson-2.8.9.jar;C:\Users\DheyClaveria\.m2\repository\com\fasterxml\jackson\core\jackson-core\2.12.4\jackson-core-2.12.4.jar;C:\Users\DheyClaveria\.m2\repository\com\fasterxml\jackson\core\jackson-databind\2.12.4\jackson-databind-2.12.4.jar;C:\Users\DheyClaveria\.m2\repository\com\fasterxml\jackson\core\jackson-annotations\2.12.4\jackson-annotations-2.12.4.jar;C:\Users\DheyClaveria\.m2\repository\commons-codec\commons-codec\1.15\commons-codec-1.15.jar;C:\Users\DheyClaveria\.m2\repository\commons-io\commons-io\2.8.0\commons-io-2.8.0.jar;C:\Users\DheyClaveria\.m2\repository\org\seleniumhq\selenium\selenium-api\4.1.2\selenium-api-4.1.2.jar;C:\Users\DheyClaveria\.m2\repository\org\seleniumhq\selenium\selenium-support\4.1.2\selenium-support-4.1.2.jar;C:\Users\DheyClaveria\.m2\repository\org\seleniumhq\selenium\selenium-firefox-driver\4.1.2\selenium-firefox-driver-4.1.2.jar;C:\Users\DheyClaveria\.m2\repository\org\seleniumhq\selenium\selenium-edge-driver\4.1.2\selenium-edge-driver-4.1.2.jar;C:\Users\DheyClaveria\.m2\repository\org\seleniumhq\selenium\selenium-ie-driver\4.1.2\selenium-ie-driver-4.1.2.jar;C:\Users\DheyClaveria\.m2\repository\org\projectlombok\lombok\1.18.20\lombok-1.18.20.jar;C:\Users\DheyClaveria\.m2\repository\io\appium\java-client\8.0.0-beta2\java-client-8.0.0-beta2.jar;C:\Users\DheyClaveria\.m2\repository\commons-validator\commons-validator\1.7\commons-validator-1.7.jar;C:\Users\DheyClaveria\.m2\repository\commons-digester\commons-digester\2.1\commons-digester-2.1.jar;C:\Users\DheyClaveria\.m2\repository\org\aspectj\aspectjweaver\1.9.7\aspectjweaver-1.9.7.jar;C:\Users\DheyClaveria\.m2\repository\net\sf\opencsv\opencsv\2.0\opencsv-2.0.jar;C:\Users\DheyClaveria\.m2\repository\commons-beanutils\commons-beanutils\1.9.4\commons-beanutils-1.9.4.jar;C:\Users\DheyClaveria\.m2\repository\commons-collections\commons-collections\3.2.2\commons-collections-3.2.2.jar;C:\Users\DheyClaveria\.m2\repository\org\fluentlenium\fluentlenium-core\0.10.2\fluentlenium-core-0.10.2.jar;C:\Users\DheyClaveria\.m2\repository\com\jhlabs\filters\2.0.235\filters-2.0.235.jar;C:\Users\DheyClaveria\.m2\repository\com\paulhammant\ngwebdriver\1.1.5\ngwebdriver-1.1.5.jar;C:\Users\DheyClaveria\.m2\repository\joda-time\joda-time\2.8.2\joda-time-2.8.2.jar;C:\Users\DheyClaveria\.m2\repository\com\google\jimfs\jimfs\1.1\jimfs-1.1.jar;C:\Users\DheyClaveria\.m2\repository\org\mockito\mockito-core\3.3.3\mockito-core-3.3.3.jar;C:\Users\DheyClaveria\.m2\repository\javax\xml\bind\jaxb-api\2.3.1\jaxb-api-2.3.1.jar;C:\Users\DheyClaveria\.m2\repository\javax\activation\javax.activation-api\1.2.0\javax.activation-api-1.2.0.jar;C:\Users\DheyClaveria\.m2\repository\com\sun\xml\bind\jaxb-core\2.3.0.1\jaxb-core-2.3.0.1.jar;C:\Users\DheyClaveria\.m2\repository\javax\activation\activation\1.1.1\activation-1.1.1.jar;C:\Users\DheyClaveria\.m2\repository\net\serenity-bdd\serenity-junit\3.2.0\serenity-junit-3.2.0.jar;C:\Users\DheyClaveria\.m2\repository\net\serenity-bdd\serenity-cucumber\3.2.0\serenity-cucumber-3.2.0.jar;C:\Users\DheyClaveria\.m2\repository\org\apache\commons\commons-csv\1.5\commons-csv-1.5.jar;C:\Users\DheyClaveria\.m2\repository\net\serenity-bdd\serenity-rest-assured\3.2.0\serenity-rest-assured-3.2.0.jar;C:\Users\DheyClaveria\.m2\repository\org\opentest4j\opentest4j\1.2.0\opentest4j-1.2.0.jar;C:\Users\DheyClaveria\.m2\repository\io\cucumber\cucumber-java\7.2.3\cucumber-java-7.2.3.jar;C:\Users\DheyClaveria\.m2\repository\org\apiguardian\apiguardian-api\1.1.2\apiguardian-api-1.1.2.jar;C:\Users\DheyClaveria\.m2\repository\io\cucumber\cucumber-junit\7.2.3\cucumber-junit-7.2.3.jar;C:\Users\DheyClaveria\.m2\repository\io\cucumber\cucumber-core\7.2.3\cucumber-core-7.2.3.jar;C:\Users\DheyClaveria\.m2\repository\io\cucumber\cucumber-gherkin-messages\7.2.3\cucumber-gherkin-messages-7.2.3.jar;C:\Users\DheyClaveria\.m2\repository\io\cucumber\messages\17.1.1\messages-17.1.1.jar;C:\Users\DheyClaveria\.m2\repository\io\cucumber\tag-expressions\4.1.0\tag-expressions-4.1.0.jar;C:\Users\DheyClaveria\.m2\repository\io\cucumber\cucumber-expressions\15.0.1\cucumber-expressions-15.0.1.jar;C:\Users\DheyClaveria\.m2\repository\io\cucumber\datatable\7.2.3\datatable-7.2.3.jar;C:\Users\DheyClaveria\.m2\repository\io\cucumber\cucumber-plugin\7.2.3\cucumber-plugin-7.2.3.jar;C:\Users\DheyClaveria\.m2\repository\io\cucumber\docstring\7.2.3\docstring-7.2.3.jar;C:\Users\DheyClaveria\.m2\repository\io\cucumber\html-formatter\17.0.0\html-formatter-17.0.0.jar;C:\Users\DheyClaveria\.m2\repository\io\cucumber\ci-environment\8.1.0\ci-environment-8.1.0.jar;C:\Users\DheyClaveria\.m2\repository\io\cucumber\cucumber-junit-platform-engine\7.2.3\cucumber-junit-platform-engine-7.2.3.jar;C:\Users\DheyClaveria\.m2\repository\org\junit\platform\junit-platform-engine\1.8.2\junit-platform-engine-1.8.2.jar;C:\Users\DheyClaveria\.m2\repository\org\junit\platform\junit-platform-commons\1.8.2\junit-platform-commons-1.8.2.jar;C:\Users\DheyClaveria\.m2\repository\io\cucumber\cucumber-jvm-deps\1.0.6\cucumber-jvm-deps-1.0.6.jar;C:\Users\DheyClaveria\.m2\repository\net\masterthought\cucumber-reporting\5.7.0\cucumber-reporting-5.7.0.jar;C:\Users\DheyClaveria\.m2\repository\com\fasterxml\jackson\datatype\jackson-datatype-jsr310\2.13.0\jackson-datatype-jsr310-2.13.0.jar;C:\Users\DheyClaveria\.m2\repository\org\apache\velocity\velocity-engine-core\2.3\velocity-engine-core-2.3.jar;C:\Users\DheyClaveria\.m2\repository\org\codehaus\plexus\plexus-utils\3.3.0\plexus-utils-3.3.0.jar;C:\Users\DheyClaveria\.m2\repository\org\jsoup\jsoup\1.14.2\jsoup-1.14.2.jar;C:\Users\DheyClaveria\.m2\repository\com\google\guava\guava\30.1.1-jre\guava-30.1.1-jre.jar;C:\Users\DheyClaveria\.m2\repository\com\google\guava\failureaccess\1.0.1\failureaccess-1.0.1.jar;C:\Users\DheyClaveria\.m2\repository\com\google\guava\listenablefuture\9999.0-empty-to-avoid-conflict-with-guava\listenablefuture-9999.0-empty-to-avoid-conflict-with-guava.jar;C:\Users\DheyClaveria\.m2\repository\com\google\code\findbugs\jsr305\3.0.2\jsr305-3.0.2.jar;C:\Users\DheyClaveria\.m2\repository\org\checkerframework\checker-qual\3.8.0\checker-qual-3.8.0.jar;C:\Users\DheyClaveria\.m2\repository\com\google\errorprone\error_prone_annotations\2.5.1\error_prone_annotations-2.5.1.jar;C:\Users\DheyClaveria\.m2\repository\com\google\j2objc\j2objc-annotations\1.3\j2objc-annotations-1.3.jar;C:\Users\DheyClaveria\.m2\repository\com\googlecode\owasp-java-html-sanitizer\owasp-java-html-sanitizer\20211018.2\owasp-java-html-sanitizer-20211018.2.jar;C:\Users\DheyClaveria\.m2\repository\commons-configuration\commons-configuration\1.10\commons-configuration-1.10.jar;C:\Users\DheyClaveria\.m2\repository\commons-lang\commons-lang\2.6\commons-lang-2.6.jar;C:\Users\DheyClaveria\.m2\repository\io\cucumber\cucumber-html\0.2.7\cucumber-html-0.2.7.jar;C:\Users\DheyClaveria\.m2\repository\io\cucumber\cucumber-gherkin\7.2.3\cucumber-gherkin-7.2.3.jar;C:\Users\DheyClaveria\.m2\repository\junit\junit\4.13.1\junit-4.13.1.jar;C:\Users\DheyClaveria\.m2\repository\org\hamcrest\hamcrest-core\1.3\hamcrest-core-1.3.jar;C:\Users\DheyClaveria\.m2\repository\org\junit\platform\junit-platform-suite\1.8.2\junit-platform-suite-1.8.2.jar;C:\Users\DheyClaveria\.m2\repository\org\junit\platform\junit-platform-suite-api\1.8.2\junit-platform-suite-api-1.8.2.jar;C:\Users\DheyClaveria\.m2\repository\org\junit\platform\junit-platform-suite-engine\1.8.2\junit-platform-suite-engine-1.8.2.jar;C:\Users\DheyClaveria\.m2\repository\org\junit\platform\junit-platform-suite-commons\1.8.2\junit-platform-suite-commons-1.8.2.jar;C:\Users\DheyClaveria\.m2\repository\org\junit\platform\junit-platform-launcher\1.8.2\junit-platform-launcher-1.8.2.jar;C:\Users\DheyClaveria\.m2\repository\org\junit\jupiter\junit-jupiter\5.8.2\junit-jupiter-5.8.2.jar;C:\Users\DheyClaveria\.m2\repository\org\junit\jupiter\junit-jupiter-api\5.8.2\junit-jupiter-api-5.8.2.jar;C:\Users\DheyClaveria\.m2\repository\org\junit\jupiter\junit-jupiter-params\5.8.2\junit-jupiter-params-5.8.2.jar;C:\Users\DheyClaveria\.m2\repository\org\junit\jupiter\junit-jupiter-engine\5.8.2\junit-jupiter-engine-5.8.2.jar;C:\Users\DheyClaveria\.m2\repository\org\junit\vintage\junit-vintage-engine\5.8.2\junit-vintage-engine-5.8.2.jar;C:\Users\DheyClaveria\.m2\repository\info\cukes\cucumber-java\1.2.5\cucumber-java-1.2.5.jar;C:\Users\DheyClaveria\.m2\repository\info\cukes\cucumber-core\1.2.5\cucumber-core-1.2.5.jar;C:\Users\DheyClaveria\.m2\repository\info\cukes\cucumber-html\0.2.3\cucumber-html-0.2.3.jar;C:\Users\DheyClaveria\.m2\repository\info\cukes\cucumber-jvm-deps\1.0.5\cucumber-jvm-deps-1.0.5.jar;C:\Users\DheyClaveria\.m2\repository\info\cukes\gherkin\2.12.2\gherkin-2.12.2.jar;C:\Users\DheyClaveria\.m2\repository\info\cukes\cucumber-junit\1.2.5\cucumber-junit-1.2.5.jar;C:\Users\DheyClaveria\.m2\repository\org\seleniumhq\selenium\selenium-java\4.1.1\selenium-java-4.1.1.jar;C:\Users\DheyClaveria\.m2\repository\org\seleniumhq\selenium\selenium-devtools-v85\4.1.1\selenium-devtools-v85-4.1.1.jar;C:\Users\DheyClaveria\.m2\repository\org\seleniumhq\selenium\selenium-devtools-v94\4.1.1\selenium-devtools-v94-4.1.1.jar;C:\Users\DheyClaveria\.m2\repository\org\seleniumhq\selenium\selenium-devtools-v95\4.1.1\selenium-devtools-v95-4.1.1.jar;C:\Users\DheyClaveria\.m2\repository\org\seleniumhq\selenium\selenium-devtools-v96\4.1.1\selenium-devtools-v96-4.1.1.jar;C:\Users\DheyClaveria\.m2\repository\org\seleniumhq\selenium\selenium-firefox-xpi-driver\4.1.1\selenium-firefox-xpi-driver-4.1.1.jar;C:\Users\DheyClaveria\.m2\repository\org\seleniumhq\selenium\selenium-opera-driver\4.1.1\selenium-opera-driver-4.1.1.jar;C:\Users\DheyClaveria\.m2\repository\org\seleniumhq\selenium\selenium-remote-driver\4.1.1\selenium-remote-driver-4.1.1.jar;C:\Users\DheyClaveria\.m2\repository\io\netty\netty-buffer\4.1.70.Final\netty-buffer-4.1.70.Final.jar;C:\Users\DheyClaveria\.m2\repository\io\netty\netty-codec-http\4.1.70.Final\netty-codec-http-4.1.70.Final.jar;C:\Users\DheyClaveria\.m2\repository\io\netty\netty-codec\4.1.70.Final\netty-codec-4.1.70.Final.jar;C:\Users\DheyClaveria\.m2\repository\io\netty\netty-handler\4.1.70.Final\netty-handler-4.1.70.Final.jar;C:\Users\DheyClaveria\.m2\repository\io\netty\netty-common\4.1.70.Final\netty-common-4.1.70.Final.jar;C:\Users\DheyClaveria\.m2\repository\io\netty\netty-transport-classes-epoll\4.1.70.Final\netty-transport-classes-epoll-4.1.70.Final.jar;C:\Users\DheyClaveria\.m2\repository\io\netty\netty-transport-classes-kqueue\4.1.70.Final\netty-transport-classes-kqueue-4.1.70.Final.jar;C:\Users\DheyClaveria\.m2\repository\io\netty\netty-transport-native-unix-common\4.1.70.Final\netty-transport-native-unix-common-4.1.70.Final.jar;C:\Users\DheyClaveria\.m2\repository\io\netty\netty-transport\4.1.70.Final\netty-transport-4.1.70.Final.jar;C:\Users\DheyClaveria\.m2\repository\io\netty\netty-resolver\4.1.70.Final\netty-resolver-4.1.70.Final.jar;C:\Users\DheyClaveria\.m2\repository\io\opentelemetry\opentelemetry-api\1.9.1\opentelemetry-api-1.9.1.jar;C:\Users\DheyClaveria\.m2\repository\io\opentelemetry\opentelemetry-context\1.9.1\opentelemetry-context-1.9.1.jar;C:\Users\DheyClaveria\.m2\repository\io\opentelemetry\opentelemetry-exporter-logging\1.9.1\opentelemetry-exporter-logging-1.9.1.jar;C:\Users\DheyClaveria\.m2\repository\io\opentelemetry\opentelemetry-sdk-metrics\1.9.1-alpha\opentelemetry-sdk-metrics-1.9.1-alpha.jar;C:\Users\DheyClaveria\.m2\repository\io\opentelemetry\opentelemetry-sdk-logs\1.9.1-alpha\opentelemetry-sdk-logs-1.9.1-alpha.jar;C:\Users\DheyClaveria\.m2\repository\io\opentelemetry\opentelemetry-sdk-common\1.9.1\opentelemetry-sdk-common-1.9.1.jar;C:\Users\DheyClaveria\.m2\repository\io\opentelemetry\opentelemetry-sdk-extension-autoconfigure-spi\1.9.1\opentelemetry-sdk-extension-autoconfigure-spi-1.9.1.jar;C:\Users\DheyClaveria\.m2\repository\io\opentelemetry\opentelemetry-sdk-extension-autoconfigure\1.9.1-alpha\opentelemetry-sdk-extension-autoconfigure-1.9.1-alpha.jar;C:\Users\DheyClaveria\.m2\repository\io\opentelemetry\opentelemetry-sdk-trace\1.9.1\opentelemetry-sdk-trace-1.9.1.jar;C:\Users\DheyClaveria\.m2\repository\io\opentelemetry\opentelemetry-api-metrics\1.9.1-alpha\opentelemetry-api-metrics-1.9.1-alpha.jar;C:\Users\DheyClaveria\.m2\repository\io\opentelemetry\opentelemetry-sdk\1.9.1\opentelemetry-sdk-1.9.1.jar;C:\Users\DheyClaveria\.m2\repository\io\opentelemetry\opentelemetry-semconv\1.9.1-alpha\opentelemetry-semconv-1.9.1-alpha.jar;C:\Users\DheyClaveria\.m2\repository\io\ous\jtoml\2.0.0\jtoml-2.0.0.jar;C:\Users\DheyClaveria\.m2\repository\org\apache\commons\commons-exec\1.3\commons-exec-1.3.jar;C:\Users\DheyClaveria\.m2\repository\org\asynchttpclient\async-http-client\2.12.3\async-http-client-2.12.3.jar;C:\Users\DheyClaveria\.m2\repository\org\asynchttpclient\async-http-client-netty-utils\2.12.3\async-http-client-netty-utils-2.12.3.jar;C:\Users\DheyClaveria\.m2\repository\io\netty\netty-codec-socks\4.1.60.Final\netty-codec-socks-4.1.60.Final.jar;C:\Users\DheyClaveria\.m2\repository\io\netty\netty-handler-proxy\4.1.60.Final\netty-handler-proxy-4.1.60.Final.jar;C:\Users\DheyClaveria\.m2\repository\io\netty\netty-transport-native-epoll\4.1.60.Final\netty-transport-native-epoll-4.1.60.Final-linux-x86_64.jar;C:\Users\DheyClaveria\.m2\repository\io\netty\netty-transport-native-kqueue\4.1.60.Final\netty-transport-native-kqueue-4.1.60.Final-osx-x86_64.jar;C:\Users\DheyClaveria\.m2\repository\org\reactivestreams\reactive-streams\1.0.3\reactive-streams-1.0.3.jar;C:\Users\DheyClaveria\.m2\repository\com\typesafe\netty\netty-reactive-streams\2.0.4\netty-reactive-streams-2.0.4.jar;C:\Users\DheyClaveria\.m2\repository\com\sun\activation\jakarta.activation\1.2.2\jakarta.activation-1.2.2.jar;C:\Users\DheyClaveria\.m2\repository\org\seleniumhq\selenium\selenium-http\4.1.1\selenium-http-4.1.1.jar;C:\Users\DheyClaveria\.m2\repository\net\jodah\failsafe\2.4.4\failsafe-2.4.4.jar;C:\Users\DheyClaveria\.m2\repository\org\seleniumhq\selenium\selenium-safari-driver\4.1.1\selenium-safari-driver-4.1.1.jar;C:\Users\DheyClaveria\.m2\repository\org\seleniumhq\selenium\selenium-chrome-driver\4.1.1\selenium-chrome-driver-4.1.1.jar;C:\Users\DheyClaveria\.m2\repository\com\google\auto\service\auto-service-annotations\1.0.1\auto-service-annotations-1.0.1.jar;C:\Users\DheyClaveria\.m2\repository\com\google\auto\service\auto-service\1.0.1\auto-service-1.0.1.jar;C:\Users\DheyClaveria\.m2\repository\com\google\auto\auto-common\1.2\auto-common-1.2.jar;C:\Users\DheyClaveria\.m2\repository\org\seleniumhq\selenium\selenium-chromium-driver\4.1.1\selenium-chromium-driver-4.1.1.jar;C:\Users\DheyClaveria\.m2\repository\org\seleniumhq\selenium\selenium-json\4.1.1\selenium-json-4.1.1.jar;C:\Users\DheyClaveria\.m2\repository\io\github\bonigarcia\webdrivermanager\4.2.2\webdrivermanager-4.2.2.jar;C:\Users\DheyClaveria\.m2\repository\org\apache\httpcomponents\client5\httpclient5\5.0.1\httpclient5-5.0.1.jar;C:\Users\DheyClaveria\.m2\repository\org\apache\httpcomponents\core5\httpcore5\5.0.1\httpcore5-5.0.1.jar;C:\Users\DheyClaveria\.m2\repository\org\apache\httpcomponents\core5\httpcore5-h2\5.0.1\httpcore5-h2-5.0.1.jar;C:\Users\DheyClaveria\.m2\repository\org\rauschig\jarchivelib\1.1.0\jarchivelib-1.1.0.jar;C:\Users\DheyClaveria\.m2\repository\tech\grasshopper\extentreports-cucumber7-adapter\1.3.0\extentreports-cucumber7-adapter-1.3.0.jar;C:\Users\DheyClaveria\.m2\repository\com\aventstack\extentreports\5.0.9\extentreports-5.0.9.jar;C:\Users\DheyClaveria\.m2\repository\io\reactivex\rxjava3\rxjava\3.0.4\rxjava-3.0.4.jar;C:\Users\DheyClaveria\.m2\repository\tech\grasshopper\extent-pdf-report\2.1.0\extent-pdf-report-2.1.0.jar;C:\Users\DheyClaveria\.m2\repository\tech\grasshopper\cucumber-pdf-report\2.5.0\cucumber-pdf-report-2.5.0.jar;C:\Users\DheyClaveria\.m2\repository\org\knowm\xchart\xchart\3.8.0\xchart-3.8.0.jar;C:\Users\DheyClaveria\.m2\repository\de\erichseifert\vectorgraphics2d\VectorGraphics2D\0.13\VectorGraphics2D-0.13.jar;C:\Users\DheyClaveria\.m2\repository\de\rototor\pdfbox\graphics2d\0.30\graphics2d-0.30.jar;C:\Users\DheyClaveria\.m2\repository\com\madgag\animated-gif-lib\1.4\animated-gif-lib-1.4.jar;C:\Users\DheyClaveria\.m2\repository\org\yaml\snakeyaml\1.28\snakeyaml-1.28.jar;C:\Users\DheyClaveria\.m2\repository\tech\grasshopper\table-layout\1.4.0\table-layout-1.4.0.jar;C:\Users\DheyClaveria\.m2\repository\tech\grasshopper\rest-assured-cucumber-pdf-report\1.1.0\rest-assured-cucumber-pdf-report-1.1.0.jar;C:\Users\DheyClaveria\.m2\repository\com\aventstack\klov-reporter\5.0.9\klov-reporter-5.0.9.jar;C:\Users\DheyClaveria\.m2\repository\org\mongodb\mongodb-driver\3.6.4\mongodb-driver-3.6.4.jar;C:\Users\DheyClaveria\.m2\repository\org\mongodb\mongodb-driver-core\3.6.4\mongodb-driver-core-3.6.4.jar;C:\Users\DheyClaveria\.m2\repository\org\mongodb\bson\3.6.4\bson-3.6.4.jar;C:\Users\DheyClaveria\.m2\repository\tech\grasshopper\htmlextentreporter\1.0.0\htmlextentreporter-1.0.0.jar;C:\Users\DheyClaveria\.m2\repository\org\testng\testng\6.14.3\testng-6.14.3.jar;C:\Users\DheyClaveria\.m2\repository\com\beust\jcommander\1.72\jcommander-1.72.jar;C:\Users\DheyClaveria\.m2\repository\org\apache-extras\beanshell\bsh\2.0b6\bsh-2.0b6.jar;C:\Users\DheyClaveria\.m2\repository\io\cucumber\cucumber-testng\7.2.3\cucumber-testng-7.2.3.jar;C:\Users\DheyClaveria\.m2\repository\org\apache\poi\poi\5.2.1\poi-5.2.1.jar;C:\Users\DheyClaveria\.m2\repository\org\apache\commons\commons-collections4\4.4\commons-collections4-4.4.jar;C:\Users\DheyClaveria\.m2\repository\org\apache\commons\commons-math3\3.6.1\commons-math3-3.6.1.jar;C:\Users\DheyClaveria\.m2\repository\com\zaxxer\SparseBitSet\1.2\SparseBitSet-1.2.jar;C:\Users\DheyClaveria\.m2\repository\org\apache\logging\log4j\log4j-api\2.17.1\log4j-api-2.17.1.jar;C:\Users\DheyClaveria\.m2\repository\org\apache\poi\poi-ooxml\5.2.1\poi-ooxml-5.2.1.jar;C:\Users\DheyClaveria\.m2\repository\org\apache\poi\poi-ooxml-lite\5.2.1\poi-ooxml-lite-5.2.1.jar;C:\Users\DheyClaveria\.m2\repository\org\apache\xmlbeans\xmlbeans\5.0.3\xmlbeans-5.0.3.jar;C:\Users\DheyClaveria\.m2\repository\org\apache\commons\commons-compress\1.21\commons-compress-1.21.jar;C:\Users\DheyClaveria\.m2\repository\com\github\virtuald\curvesapi\1.07\curvesapi-1.07.jar;C:\Users\DheyClaveria\.m2\repository\org\apache\maven\surefire\surefire-junit-platform\3.0.0-M5\surefire-junit-platform-3.0.0-M5.jar;C:\Users\DheyClaveria\.m2\repository\org\apache\maven\surefire\common-java5\3.0.0-M5\common-java5-3.0.0-M5.jar"/>
    <property name="user.script" value=""/>
    <property name="sun.management.compiler" value="HotSpot 64-Bit Tiered Compilers"/>
    <property name="java.runtime.version" value="15.0.1+9-18"/>
    <property name="user.name" value="DheyClaveria"/>
    <property name="path.separator" value=";"/>
    <property name="os.version" value="10.0"/>
    <property name="java.runtime.name" value="Java(TM) SE Runtime Environment"/>
    <property name="file.encoding" value="Cp1252"/>
    <property name="sun.nio.ch.bugLevel" value=""/>
    <property name="java.vm.name" value="Java HotSpot(TM) 64-Bit Server VM"/>
    <property name="localRepository" value="C:\Users\DheyClaveria\.m2\repository"/>
    <property name="java.vendor.url.bug" value="https://bugreport.java.com/bugreport/"/>
    <property name="java.io.tmpdir" value="C:\Users\DheyClaveria\AppData\Local\Temp\"/>
    <property name="java.version" value="15.0.1"/>
    <property name="user.dir" value="Z:\Automation\JavaCucumber\BDD_HCL\CucumberHCL"/>
    <property name="os.arch" value="amd64"/>
    <property name="java.vm.specification.name" value="Java Virtual Machine Specification"/>
    <property name="sun.os.patch.level" value=""/>
    <property name="java.library.path" value="C:\Program Files\Java\jdk-15.0.1\bin;C:\WINDOWS\Sun\Java\bin;C:\WINDOWS\system32;C:\WINDOWS;C:\Program Files\Java\jdk-15.0.1/bin;C:\Program Files\Java\jdk-15.0.1/bin;C:\Program Files\Common Files\Oracle\Java\javapath;C:\Program Files (x86)\Common Files\Intel\Shared Libraries\redist\intel64\compiler;C:\Windows\system32;C:\Windows;C:\Windows\System32\Wbem;C:\Windows\System32\WindowsPowerShell\v1.0\;C:\Windows\System32\OpenSSH\;C:\Program Files (x86)\NVIDIA Corporation\PhysX\Common;C:\Program Files\Microsoft SQL Server\120\Tools\Binn\;C:\Users\DheyClaveria\.dnx\bin;C:\Program Files\Microsoft DNX\Dnvm\;C:\Program Files\Microsoft SQL Server\130\Tools\Binn\;C:\Program Files (x86)\Microsoft SQL Server\130\Tools\Binn\;C:\Program Files (x86)\Microsoft SQL Server\130\DTS\Binn\;C:\Program Files\Microsoft SQL Server\130\DTS\Binn\;C:\Program Files\Microsoft SQL Server\Client SDK\ODBC\130\Tools\Binn\;C:\Program Files\nodejs\;C:\Program Files\NVIDIA Corporation\NVIDIA NvDLISR;C:\WINDOWS\system32;C:\WINDOWS;C:\WINDOWS\System32\Wbem;C:\WINDOWS\System32\WindowsPowerShell\v1.0\;C:\WINDOWS\System32\OpenSSH\;C:\Selenium;C:\Program Files\Git\cmd;C:\Program Files\Java\jdk-15.0.1\bin;C:\WINDOWS\system32;C:\WINDOWS;C:\WINDOWS\System32\Wbem;C:\WINDOWS\System32\WindowsPowerShell\v1.0\;C:\WINDOWS\System32\OpenSSH\;C:\Program Files\dotnet\;C:\apache-maven-3.8.5\bin;C:\apache-maven-3.8.5\;C:\apache-maven-3.8.5\\bin;C:\Users\DheyClaveria\AppData\Local\Programs\Python\Python39\Scripts\;C:\Users\DheyClaveria\AppData\Local\Programs\Python\Python39\;C:\Users\DheyClaveria\AppData\Local\Microsoft\WindowsApps;C:\Users\DheyClaveria\AppData\Local\GitHubDesktop\bin;C:\Users\DheyClaveria\AppData\Local\Programs\Microsoft VS Code\bin;C:\Users\DheyClaveria\AppData\Roaming\npm;C:\Users\DheyClaveria\AppData\Local\Microsoft\WindowsApps;C:\Program Files\Java\jdk-15.0.1\bin;C:\apache-maven-3.6.3\bin;C:\Program Files\nodejs;C:\Selenium;;."/>
    <property name="java.vm.info" value="mixed mode"/>
    <property name="java.vendor" value="Oracle Corporation"/>
    <property name="java.vm.version" value="15.0.1+9-18"/>
    <property name="sun.io.unicode.encoding" value="UnicodeLittle"/>
    <property name="java.class.version" value="59.0"/>
  </properties>
  <testcase name="Verify one author of the post" classname="Verify different GET operations using REST-assured" time="5.654">
    <system-out><![CDATA[09:06:56.695 [main] INFO  i.c.core.plugin.SerenityReporter - Running feature from file:///Z:/Automation/JavaCucumber/BDD_HCL/CucumberHCL/src/main/resources/AppFeatures/GetPost.feature
09:06:56.698 [main] WARN  i.c.core.plugin.SerenityReporter - Feature from file:///Z:/Automation/JavaCucumber/BDD_HCL/CucumberHCL/src/main/resources/AppFeatures/GetPost.feature is not under the 'features' directory. Requirements report will not be correctly generated!
09:06:56.911 [main] INFO   - 

-------------------------------------------------------------------------------------
     _______. _______ .______       _______ .__   __.  __  .___________.____    ____ 
    /       ||   ____||   _  \     |   ____||  \ |  | |  | |           |\   \  /   / 
   |   (----`|  |__   |  |_)  |    |  |__   |   \|  | |  | `---|  |----` \   \/   /  
    \   \    |   __|  |      /     |   __|  |  . `  | |  |     |  |       \_    _/   
.----)   |   |  |____ |  |\  \----.|  |____ |  |\   | |  |     |  |         |  |     
|_______/    |_______|| _| `._____||_______||__| \__| |__|     |__|         |__|    
                                                                                     
 News and tutorials at http://www.serenity-bdd.info                                  
 Documentation at https://wakaleo.gitbooks.io/the-serenity-book/content/             
 Join the Serenity Community on Gitter: https://gitter.im/serenity-bdd/serenity-core 
 Serenity BDD Support and Training at http://serenity-bdd.info/#/trainingandsupport  
-------------------------------------------------------------------------------------

09:06:56.914 [main] DEBUG n.thucydides.core.steps.StepEventBus - Test suite started for story net.thucydides.core.model.Story@d1e746b5
09:06:56.917 [main] INFO   - Test Suite Started: Verify different GET operations using REST-assured
09:06:56.933 [main] INFO  i.c.core.plugin.SerenityReporter - Running feature from file:///Z:/Automation/JavaCucumber/BDD_HCL/CucumberHCL/src/main/resources/AppFeatures/ValidateAndVerifyInvalidLogin.feature
09:06:56.934 [main] WARN  i.c.core.plugin.SerenityReporter - Feature from file:///Z:/Automation/JavaCucumber/BDD_HCL/CucumberHCL/src/main/resources/AppFeatures/ValidateAndVerifyInvalidLogin.feature is not under the 'features' directory. Requirements report will not be correctly generated!
09:06:56.939 [main] DEBUG n.thucydides.core.steps.StepEventBus - Test suite started for story net.thucydides.core.model.Story@b13a1f46
09:06:56.940 [main] INFO   - Test Suite Started: Test Invalid User Credentials Feature
09:06:56.940 [main] INFO  i.c.core.plugin.SerenityReporter - Running feature from file:///Z:/Automation/JavaCucumber/BDD_HCL/CucumberHCL/src/main/resources/AppFeatures/ValidateAndVerifyLoginPage.feature
09:06:56.940 [main] WARN  i.c.core.plugin.SerenityReporter - Feature from file:///Z:/Automation/JavaCucumber/BDD_HCL/CucumberHCL/src/main/resources/AppFeatures/ValidateAndVerifyLoginPage.feature is not under the 'features' directory. Requirements report will not be correctly generated!
09:06:56.947 [main] DEBUG n.thucydides.core.steps.StepEventBus - Test suite started for story net.thucydides.core.model.Story@7f1849ba
09:06:56.948 [main] INFO   - Test Suite Started: Validate And Verify Login Page to PEGA Site
09:06:56.948 [main] INFO  i.c.core.plugin.SerenityReporter - Running feature from file:///Z:/Automation/JavaCucumber/BDD_HCL/CucumberHCL/src/main/resources/AppFeatures/GetPost.feature
09:06:56.949 [main] WARN  i.c.core.plugin.SerenityReporter - Feature from file:///Z:/Automation/JavaCucumber/BDD_HCL/CucumberHCL/src/main/resources/AppFeatures/GetPost.feature is not under the 'features' directory. Requirements report will not be correctly generated!
09:06:56.951 [main] DEBUG n.thucydides.core.steps.StepEventBus - Test suite started for story net.thucydides.core.model.Story@d1e746b5
09:06:56.952 [main] INFO   - Test Suite Started: Verify different GET operations using REST-assured

@All @Performance @testing1
Scenario: Verify one author of the post      &amp#27;[90m# src/main/resources/AppFeatures/GetPost.feature:4&amp#27;[0m
09:06:57.048 [main] INFO  i.c.core.plugin.SerenityReporter - Running feature from file:///Z:/Automation/JavaCucumber/BDD_HCL/CucumberHCL/src/main/resources/AppFeatures/GetPost.feature
09:06:57.048 [main] WARN  i.c.core.plugin.SerenityReporter - Feature from file:///Z:/Automation/JavaCucumber/BDD_HCL/CucumberHCL/src/main/resources/AppFeatures/GetPost.feature is not under the 'features' directory. Requirements report will not be correctly generated!
09:06:57.157 [main] INFO   - 
  _____   ___   ___   _____     ___   _____     _     ___   _____   ___   ___  
 |_   _| | __| / __| |_   _|   / __| |_   _|   /_\   | _ \ |_   _| | __| |   \ 
   | |   | _|  \__ \   | |     \__ \   | |    / _ \  |   /   | |   | _|  | |) |
   |_|   |___| |___/   |_|     |___/   |_|   /_/ \_\ |_|_\   |_|   |___| |___/ 

Verify one author of the post(verify-different-get-operations-using-rest-assured;verify-one-author-of-the-post)
--------------------------------------------------------------------------------
DEBUG [main] (DriversFactory.java:28) - Initialize Driver Browser Configuration
DEBUG [main] (DriversFactory.java:28)- Initialize Driver Browser Configuration
DEBUG [main] (DriversFactory.java:30) -  Driver Browser : chrome
DEBUG [main] (DriversFactory.java:30)-  Driver Browser : chrome
09:06:57.691 [main] DEBUG i.g.bonigarcia.wdm.WebDriverManager - Driver chromedriver 99.0.4844.51 found in cache
09:06:57.692 [main] INFO  i.g.bonigarcia.wdm.WebDriverManager - Exporting webdriver.chrome.driver as C:\Users\DheyClaveria\.cache\selenium\chromedriver\win32\99.0.4844.51\chromedriver.exe
09:06:57.782 [main] DEBUG i.n.u.i.l.InternalLoggerFactory - Using SLF4J as the default logging framework
09:06:57.786 [main] DEBUG io.netty.util.ResourceLeakDetector - -Dio.netty.leakDetection.level: simple
09:06:57.786 [main] DEBUG io.netty.util.ResourceLeakDetector - -Dio.netty.leakDetection.targetRecords: 4
09:06:57.790 [main] DEBUG i.n.util.ResourceLeakDetectorFactory - Loaded default ResourceLeakDetector: io.netty.util.ResourceLeakDetector@682abca7
09:06:57.812 [main] DEBUG i.n.util.internal.PlatformDependent0 - -Dio.netty.noUnsafe: false
09:06:57.812 [main] DEBUG i.n.util.internal.PlatformDependent0 - Java version: 15
09:06:57.813 [main] DEBUG i.n.util.internal.PlatformDependent0 - sun.misc.Unsafe.theUnsafe: available
09:06:57.813 [main] DEBUG i.n.util.internal.PlatformDependent0 - sun.misc.Unsafe.copyMemory: available
09:06:57.814 [main] DEBUG i.n.util.internal.PlatformDependent0 - java.nio.Buffer.address: available
09:06:57.814 [main] DEBUG i.n.util.internal.PlatformDependent0 - direct buffer constructor: unavailable: Reflective setAccessible(true) disabled
09:06:57.815 [main] DEBUG i.n.util.internal.PlatformDependent0 - java.nio.Bits.unaligned: available, true
09:06:57.816 [main] DEBUG i.n.util.internal.PlatformDependent0 - jdk.internal.misc.Unsafe.allocateUninitializedArray(int): unavailable: class io.netty.util.internal.PlatformDependent0$6 cannot access class jdk.internal.misc.Unsafe (in module java.base) because module java.base does not export jdk.internal.misc to unnamed module @273c947f
09:06:57.818 [main] DEBUG i.n.util.internal.PlatformDependent0 - java.nio.DirectByteBuffer.<init>(long, int): unavailable
09:06:57.818 [main] DEBUG i.n.util.internal.PlatformDependent - sun.misc.Unsafe: available
09:06:57.819 [main] DEBUG i.n.util.internal.PlatformDependent - maxDirectMemory: 4276092928 bytes (maybe)
09:06:57.820 [main] DEBUG i.n.util.internal.PlatformDependent - -Dio.netty.tmpdir: C:\Users\DheyClaveria\AppData\Local\Temp (java.io.tmpdir)
09:06:57.820 [main] DEBUG i.n.util.internal.PlatformDependent - -Dio.netty.bitMode: 64 (sun.arch.data.model)
09:06:57.820 [main] DEBUG i.n.util.internal.PlatformDependent - Platform: Windows
09:06:57.821 [main] DEBUG i.n.util.internal.PlatformDependent - -Dio.netty.maxDirectMemory: -1 bytes
09:06:57.821 [main] DEBUG i.n.util.internal.PlatformDependent - -Dio.netty.uninitializedArrayAllocationThreshold: -1
09:06:57.822 [main] DEBUG io.netty.util.internal.CleanerJava9 - java.nio.ByteBuffer.cleaner(): available
09:06:57.822 [main] DEBUG i.n.util.internal.PlatformDependent - -Dio.netty.noPreferDirect: false
09:06:57.829 [main] DEBUG i.n.util.internal.PlatformDependent - org.jctools-core.MpscChunkedArrayQueue: available
09:06:57.850 [main] DEBUG i.n.u.i.InternalThreadLocalMap - -Dio.netty.threadLocalMap.stringBuilder.initialSize: 1024
09:06:57.850 [main] DEBUG i.n.u.i.InternalThreadLocalMap - -Dio.netty.threadLocalMap.stringBuilder.maxSize: 4096
09:06:57.918 [main] DEBUG io.netty.handler.ssl.JdkSslContext - Default protocols (JDK): [TLSv1.3, TLSv1.2, TLSv1.1, TLSv1] 
09:06:57.918 [main] DEBUG io.netty.handler.ssl.JdkSslContext - Default cipher suites (JDK): [TLS_ECDHE_ECDSA_WITH_AES_256_GCM_SHA384, TLS_ECDHE_ECDSA_WITH_AES_128_GCM_SHA256, TLS_ECDHE_RSA_WITH_AES_128_GCM_SHA256, TLS_ECDHE_RSA_WITH_AES_256_GCM_SHA384, TLS_ECDHE_RSA_WITH_AES_128_CBC_SHA, TLS_ECDHE_RSA_WITH_AES_256_CBC_SHA, TLS_RSA_WITH_AES_128_GCM_SHA256, TLS_RSA_WITH_AES_128_CBC_SHA, TLS_RSA_WITH_AES_256_CBC_SHA, TLS_AES_128_GCM_SHA256, TLS_AES_256_GCM_SHA384]
09:06:57.942 [main] DEBUG i.n.c.MultithreadEventLoopGroup - -Dio.netty.eventLoopThreads: 24
09:06:57.952 [main] DEBUG io.netty.channel.nio.NioEventLoop - -Dio.netty.noKeySetOptimization: false
09:06:57.952 [main] DEBUG io.netty.channel.nio.NioEventLoop - -Dio.netty.selectorAutoRebuildThreshold: 512
09:06:58.003 [main] DEBUG i.n.buffer.PooledByteBufAllocator - -Dio.netty.allocator.numHeapArenas: 24
09:06:58.003 [main] DEBUG i.n.buffer.PooledByteBufAllocator - -Dio.netty.allocator.numDirectArenas: 24
09:06:58.003 [main] DEBUG i.n.buffer.PooledByteBufAllocator - -Dio.netty.allocator.pageSize: 8192
09:06:58.003 [main] DEBUG i.n.buffer.PooledByteBufAllocator - -Dio.netty.allocator.maxOrder: 11
09:06:58.003 [main] DEBUG i.n.buffer.PooledByteBufAllocator - -Dio.netty.allocator.chunkSize: 16777216
09:06:58.003 [main] DEBUG i.n.buffer.PooledByteBufAllocator - -Dio.netty.allocator.smallCacheSize: 256
09:06:58.003 [main] DEBUG i.n.buffer.PooledByteBufAllocator - -Dio.netty.allocator.normalCacheSize: 64
09:06:58.003 [main] DEBUG i.n.buffer.PooledByteBufAllocator - -Dio.netty.allocator.maxCachedBufferCapacity: 32768
09:06:58.003 [main] DEBUG i.n.buffer.PooledByteBufAllocator - -Dio.netty.allocator.cacheTrimInterval: 8192
09:06:58.004 [main] DEBUG i.n.buffer.PooledByteBufAllocator - -Dio.netty.allocator.cacheTrimIntervalMillis: 0
09:06:58.004 [main] DEBUG i.n.buffer.PooledByteBufAllocator - -Dio.netty.allocator.useCacheForAllThreads: true
09:06:58.004 [main] DEBUG i.n.buffer.PooledByteBufAllocator - -Dio.netty.allocator.maxCachedByteBuffersPerChunk: 1023
09:06:58.015 [main] DEBUG io.netty.buffer.ByteBufUtil - -Dio.netty.allocator.type: pooled
09:06:58.016 [main] DEBUG io.netty.buffer.ByteBufUtil - -Dio.netty.threadLocalDirectBufferSize: 0
09:06:58.016 [main] DEBUG io.netty.buffer.ByteBufUtil - -Dio.netty.maxThreadLocalCharBufferSize: 16384
09:06:58.774 [Forwarding newSession on session null to remote] DEBUG io.netty.channel.DefaultChannelId - -Dio.netty.processId: 10844 (auto-detected)
09:06:58.778 [Forwarding newSession on session null to remote] DEBUG io.netty.util.NetUtil - -Djava.net.preferIPv4Stack: false
09:06:58.778 [Forwarding newSession on session null to remote] DEBUG io.netty.util.NetUtil - -Djava.net.preferIPv6Addresses: false
09:06:58.785 [Forwarding newSession on session null to remote] DEBUG io.netty.util.NetUtilInitializations - Loopback interface: lo (Software Loopback Interface 1, 127.0.0.1)
09:06:58.786 [Forwarding newSession on session null to remote] DEBUG io.netty.util.NetUtil - Failed to get SOMAXCONN from sysctl and file \proc\sys\net\core\somaxconn. Default: 200
09:06:58.798 [Forwarding newSession on session null to remote] DEBUG io.netty.channel.DefaultChannelId - -Dio.netty.machineId: 00:d8:61:ff:fe:9b:78:4c (auto-detected)
09:06:58.851 [AsyncHttpClient-1-2] DEBUG io.netty.buffer.AbstractByteBuf - -Dio.netty.buffer.checkAccessible: true
09:06:58.851 [AsyncHttpClient-1-2] DEBUG io.netty.buffer.AbstractByteBuf - -Dio.netty.buffer.checkBounds: true
09:06:58.851 [AsyncHttpClient-1-2] DEBUG i.n.util.ResourceLeakDetectorFactory - Loaded default ResourceLeakDetector: io.netty.util.ResourceLeakDetector@6010378b
09:06:58.866 [AsyncHttpClient-1-2] DEBUG o.a.n.channel.NettyConnectListener - Using new Channel '[id: 0xe3693465, L:/127.0.0.1:54680 - R:localhost/127.0.0.1:53149]' for 'POST' to '/session'
09:06:58.884 [AsyncHttpClient-1-2] DEBUG io.netty.util.Recycler - -Dio.netty.recycler.maxCapacityPerThread: 4096
09:06:58.885 [AsyncHttpClient-1-2] DEBUG io.netty.util.Recycler - -Dio.netty.recycler.maxSharedCapacityFactor: 2
09:06:58.885 [AsyncHttpClient-1-2] DEBUG io.netty.util.Recycler - -Dio.netty.recycler.linkCapacity: 16
09:06:58.885 [AsyncHttpClient-1-2] DEBUG io.netty.util.Recycler - -Dio.netty.recycler.ratio: 8
09:06:58.885 [AsyncHttpClient-1-2] DEBUG io.netty.util.Recycler - -Dio.netty.recycler.delayedQueue.ratio: 8
09:06:59.587 [AsyncHttpClient-1-2] DEBUG i.n.handler.codec.compression.Brotli - brotli4j not in the classpath; Brotli support will be unavailable.
09:06:59.588 [AsyncHttpClient-1-2] DEBUG o.a.netty.handler.HttpHandler - 

Request DefaultHttpRequest(decodeResult: success, version: HTTP/1.1)
POST /session HTTP/1.1
User-Agent: selenium/4.1.2 (java windows)
Content-Length: 365
Content-Type: application/json; charset=utf-8
host: localhost:53149
accept: */*

Response DefaultHttpResponse(decodeResult: success, version: HTTP/1.1)
HTTP/1.1 200 OK
Content-Type: application/json; charset=utf-8
cache-control: no-cache
content-length: 795

09:06:59.597 [AsyncHttpClient-1-2] DEBUG o.a.netty.channel.ChannelManager - Adding key: http://localhost:53149 for channel [id: 0xe3693465, L:/127.0.0.1:54680 - R:localhost/127.0.0.1:53149]
09:06:59.663 [AsyncHttpClient-1-3] DEBUG o.a.n.channel.NettyConnectListener - Using new Channel '[id: 0x9cb82c82, L:/127.0.0.1:54687 - R:localhost/127.0.0.1:54681]' for 'GET' to '/json/version'
09:06:59.668 [AsyncHttpClient-1-3] DEBUG o.a.netty.handler.HttpHandler - 

Request DefaultFullHttpRequest(decodeResult: success, version: HTTP/1.1, content: EmptyByteBufBE)
GET /json/version HTTP/1.1
User-Agent: selenium/4.1.2 (java windows)
host: localhost:54681
accept: */*

Response DefaultHttpResponse(decodeResult: success, version: HTTP/1.1)
HTTP/1.1 200 OK
Content-Type: application/json; charset=UTF-8
content-length: 424

09:06:59.668 [AsyncHttpClient-1-3] DEBUG o.a.netty.channel.ChannelManager - Adding key: http://localhost:54681 for channel [id: 0x9cb82c82, L:/127.0.0.1:54687 - R:localhost/127.0.0.1:54681]
09:06:59.674 [main] DEBUG i.n.util.internal.ThreadLocalRandom - -Dio.netty.initialSeedUniquifier: 0x42c963a614e14e65
09:06:59.678 [AsyncHttpClient-1-4] DEBUG o.a.n.channel.NettyConnectListener - Using new Channel '[id: 0xb816c256, L:/127.0.0.1:54688 - R:localhost/127.0.0.1:54681]' for 'GET' to '/devtools/browser/3ad2737d-39f2-4817-ba85-0b11485cd901'
09:06:59.682 [AsyncHttpClient-1-4] DEBUG o.a.netty.handler.WebSocketHandler - 

Request DefaultFullHttpRequest(decodeResult: success, version: HTTP/1.1, content: EmptyByteBufBE)
GET /devtools/browser/3ad2737d-39f2-4817-ba85-0b11485cd901 HTTP/1.1
upgrade: websocket
connection: upgrade
sec-websocket-key: mD3axQcWDYWi3retp65Kbw==
sec-websocket-version: 13
origin: http://localhost:54681
host: localhost:54681
accept: */*
user-agent: AHC/2.1

Response DefaultHttpResponse(decodeResult: success, version: HTTP/1.1)
HTTP/1.1 101 WebSocket Protocol Handshake
Upgrade: WebSocket
Connection: Upgrade
Sec-WebSocket-Accept: MouWYR8OKdLk/FfWzmU7niLX6F0=

09:06:59.712 [Forwarding deleteAllCookies on session be9466131a65f3f10018430148212272 to remote] DEBUG o.a.netty.request.NettyRequestSender - Using pooled Channel '[id: 0xe3693465, L:/127.0.0.1:54680 - R:localhost/127.0.0.1:53149]' for 'DELETE' to 'http://localhost:53149/session/be9466131a65f3f10018430148212272/cookie'
09:06:59.712 [Forwarding deleteAllCookies on session be9466131a65f3f10018430148212272 to remote] DEBUG o.a.netty.request.NettyRequestSender - Using open Channel [id: 0xe3693465, L:/127.0.0.1:54680 - R:localhost/127.0.0.1:53149] for DELETE '/session/be9466131a65f3f10018430148212272/cookie'
09:06:59.718 [AsyncHttpClient-1-2] DEBUG o.a.netty.handler.HttpHandler - 

Request DefaultFullHttpRequest(decodeResult: success, version: HTTP/1.1, content: EmptyByteBufBE)
DELETE /session/be9466131a65f3f10018430148212272/cookie HTTP/1.1
User-Agent: selenium/4.1.2 (java windows)
Content-Type: application/json; charset=utf-8
host: localhost:53149
accept: */*

Response DefaultHttpResponse(decodeResult: success, version: HTTP/1.1)
HTTP/1.1 200 OK
Content-Type: application/json; charset=utf-8
cache-control: no-cache
content-length: 14

09:06:59.719 [AsyncHttpClient-1-2] DEBUG o.a.netty.channel.ChannelManager - Adding key: http://localhost:53149 for channel [id: 0xe3693465, L:/127.0.0.1:54680 - R:localhost/127.0.0.1:53149]
09:06:59.724 [Forwarding maximizeCurrentWindow on session be9466131a65f3f10018430148212272 to remote] DEBUG o.a.netty.request.NettyRequestSender - Using pooled Channel '[id: 0xe3693465, L:/127.0.0.1:54680 - R:localhost/127.0.0.1:53149]' for 'POST' to 'http://localhost:53149/session/be9466131a65f3f10018430148212272/window/maximize'
09:06:59.724 [Forwarding maximizeCurrentWindow on session be9466131a65f3f10018430148212272 to remote] DEBUG o.a.netty.request.NettyRequestSender - Using open Channel [id: 0xe3693465, L:/127.0.0.1:54680 - R:localhost/127.0.0.1:53149] for POST '/session/be9466131a65f3f10018430148212272/window/maximize'
09:06:59.851 [AsyncHttpClient-1-2] DEBUG o.a.netty.handler.HttpHandler - 

Request DefaultHttpRequest(decodeResult: success, version: HTTP/1.1)
POST /session/be9466131a65f3f10018430148212272/window/maximize HTTP/1.1
User-Agent: selenium/4.1.2 (java windows)
Content-Length: 3
Content-Type: application/json; charset=utf-8
host: localhost:53149
accept: */*

Response DefaultHttpResponse(decodeResult: success, version: HTTP/1.1)
HTTP/1.1 200 OK
Content-Type: application/json; charset=utf-8
cache-control: no-cache
content-length: 52

09:06:59.852 [AsyncHttpClient-1-2] DEBUG o.a.netty.channel.ChannelManager - Adding key: http://localhost:53149 for channel [id: 0xe3693465, L:/127.0.0.1:54680 - R:localhost/127.0.0.1:53149]
09:07:00.035 [AsyncHttpClient-1-1] DEBUG o.a.netty.channel.DefaultChannelPool - Entry count for : http://localhost:54681 : 1
09:07:00.035 [AsyncHttpClient-1-1] DEBUG o.a.netty.channel.DefaultChannelPool - Entry count for : http://localhost:53149 : 1
DEBUG [main] (GetPostSteps.java:28) - i_perform_get_operation_for/posts
DEBUG [main] (GetPostSteps.java:28)- i_perform_get_operation_for/posts
DEBUG [main] (RestAssuredExtension.java:64) - GetOps : /posts
DEBUG [main] (RestAssuredExtension.java:64)- GetOps : /posts
09:07:01.134 [AsyncHttpClient-1-1] DEBUG o.a.netty.channel.DefaultChannelPool - Entry count for : http://localhost:54681 : 1
09:07:01.134 [AsyncHttpClient-1-1] DEBUG o.a.netty.channel.DefaultChannelPool - Entry count for : http://localhost:53149 : 1
DEBUG [main] (BasicClientConnectionManager.java:161) - Get connection for route {}->http://localhost:3000
DEBUG [main] (BasicClientConnectionManager.java:161)- Get connection for route {}->http://localhost:3000
DEBUG [main] (DefaultClientConnectionOperator.java:177) - Connecting to localhost:3000
DEBUG [main] (DefaultClientConnectionOperator.java:177)- Connecting to localhost:3000
DEBUG [main] (RequestAddCookies.java:123) - CookieSpec selected: ignoreCookies
DEBUG [main] (RequestAddCookies.java:123)- CookieSpec selected: ignoreCookies
DEBUG [main] (RequestAuthCache.java:77) - Auth cache not set in the context
DEBUG [main] (RequestAuthCache.java:77)- Auth cache not set in the context
DEBUG [main] (RequestTargetAuthentication.java:80) - Target auth state: UNCHALLENGED
DEBUG [main] (RequestTargetAuthentication.java:80)- Target auth state: UNCHALLENGED
DEBUG [main] (RequestProxyAuthentication.java:89) - Proxy auth state: UNCHALLENGED
DEBUG [main] (RequestProxyAuthentication.java:89)- Proxy auth state: UNCHALLENGED
DEBUG [main] (DefaultRequestDirector.java:677) - Attempt 1 to execute request
DEBUG [main] (DefaultRequestDirector.java:677)- Attempt 1 to execute request
DEBUG [main] (DefaultClientConnection.java:274) - Sending request: GET /posts HTTP/1.1
DEBUG [main] (DefaultClientConnection.java:274)- Sending request: GET /posts HTTP/1.1
DEBUG [main] (Wire.java:73) -  >> "GET /posts HTTP/1.1[\r][\n]"
DEBUG [main] (Wire.java:73)-  >> "GET /posts HTTP/1.1[\r][\n]"
DEBUG [main] (Wire.java:73) -  >> "Content-Type: application/json[\r][\n]"
DEBUG [main] (Wire.java:73)-  >> "Content-Type: application/json[\r][\n]"
DEBUG [main] (Wire.java:73) -  >> "Accept: */*[\r][\n]"
DEBUG [main] (Wire.java:73)-  >> "Accept: */*[\r][\n]"
DEBUG [main] (Wire.java:73) -  >> "Host: localhost:3000[\r][\n]"
DEBUG [main] (Wire.java:73)-  >> "Host: localhost:3000[\r][\n]"
DEBUG [main] (Wire.java:73) -  >> "Connection: Keep-Alive[\r][\n]"
DEBUG [main] (Wire.java:73)-  >> "Connection: Keep-Alive[\r][\n]"
DEBUG [main] (Wire.java:73) -  >> "User-Agent: Apache-HttpClient/4.5.13 (Java/15.0.1)[\r][\n]"
DEBUG [main] (Wire.java:73)-  >> "User-Agent: Apache-HttpClient/4.5.13 (Java/15.0.1)[\r][\n]"
DEBUG [main] (Wire.java:73) -  >> "Accept-Encoding: gzip,deflate[\r][\n]"
DEBUG [main] (Wire.java:73)-  >> "Accept-Encoding: gzip,deflate[\r][\n]"
DEBUG [main] (Wire.java:73) -  >> "[\r][\n]"
DEBUG [main] (Wire.java:73)-  >> "[\r][\n]"
DEBUG [main] (DefaultClientConnection.java:278) - >> GET /posts HTTP/1.1
DEBUG [main] (DefaultClientConnection.java:278)- >> GET /posts HTTP/1.1
DEBUG [main] (DefaultClientConnection.java:281) - >> Content-Type: application/json
DEBUG [main] (DefaultClientConnection.java:281)- >> Content-Type: application/json
DEBUG [main] (DefaultClientConnection.java:281) - >> Accept: */*
DEBUG [main] (DefaultClientConnection.java:281)- >> Accept: */*
DEBUG [main] (DefaultClientConnection.java:281) - >> Host: localhost:3000
DEBUG [main] (DefaultClientConnection.java:281)- >> Host: localhost:3000
DEBUG [main] (DefaultClientConnection.java:281) - >> Connection: Keep-Alive
DEBUG [main] (DefaultClientConnection.java:281)- >> Connection: Keep-Alive
DEBUG [main] (DefaultClientConnection.java:281) - >> User-Agent: Apache-HttpClient/4.5.13 (Java/15.0.1)
DEBUG [main] (DefaultClientConnection.java:281)- >> User-Agent: Apache-HttpClient/4.5.13 (Java/15.0.1)
DEBUG [main] (DefaultClientConnection.java:281) - >> Accept-Encoding: gzip,deflate
DEBUG [main] (DefaultClientConnection.java:281)- >> Accept-Encoding: gzip,deflate
DEBUG [main] (Wire.java:73) -  << "HTTP/1.1 200 OK[\r][\n]"
DEBUG [main] (Wire.java:73)-  << "HTTP/1.1 200 OK[\r][\n]"
DEBUG [main] (Wire.java:73) -  << "X-Powered-By: Express[\r][\n]"
DEBUG [main] (Wire.java:73)-  << "X-Powered-By: Express[\r][\n]"
DEBUG [main] (Wire.java:73) -  << "Vary: Origin, Accept-Encoding[\r][\n]"
DEBUG [main] (Wire.java:73)-  << "Vary: Origin, Accept-Encoding[\r][\n]"
DEBUG [main] (Wire.java:73) -  << "Access-Control-Allow-Credentials: true[\r][\n]"
DEBUG [main] (Wire.java:73)-  << "Access-Control-Allow-Credentials: true[\r][\n]"
DEBUG [main] (Wire.java:73) -  << "Cache-Control: no-cache[\r][\n]"
DEBUG [main] (Wire.java:73)-  << "Cache-Control: no-cache[\r][\n]"
DEBUG [main] (Wire.java:73) -  << "Pragma: no-cache[\r][\n]"
DEBUG [main] (Wire.java:73)-  << "Pragma: no-cache[\r][\n]"
DEBUG [main] (Wire.java:73) -  << "Expires: -1[\r][\n]"
DEBUG [main] (Wire.java:73)-  << "Expires: -1[\r][\n]"
DEBUG [main] (Wire.java:73) -  << "X-Content-Type-Options: nosniff[\r][\n]"
DEBUG [main] (Wire.java:73)-  << "X-Content-Type-Options: nosniff[\r][\n]"
DEBUG [main] (Wire.java:73) -  << "Content-Type: application/json; charset=utf-8[\r][\n]"
DEBUG [main] (Wire.java:73)-  << "Content-Type: application/json; charset=utf-8[\r][\n]"
DEBUG [main] (Wire.java:73) -  << "Content-Length: 215[\r][\n]"
DEBUG [main] (Wire.java:73)-  << "Content-Length: 215[\r][\n]"
DEBUG [main] (Wire.java:73) -  << "ETag: W/"d7-8viS6dR+l5SHC3CvYrGqzALbP/E"[\r][\n]"
DEBUG [main] (Wire.java:73)-  << "ETag: W/"d7-8viS6dR+l5SHC3CvYrGqzALbP/E"[\r][\n]"
DEBUG [main] (Wire.java:73) -  << "Date: Wed, 30 Mar 2022 01:07:01 GMT[\r][\n]"
DEBUG [main] (Wire.java:73)-  << "Date: Wed, 30 Mar 2022 01:07:01 GMT[\r][\n]"
DEBUG [main] (Wire.java:73) -  << "Connection: keep-alive[\r][\n]"
DEBUG [main] (Wire.java:73)-  << "Connection: keep-alive[\r][\n]"
DEBUG [main] (Wire.java:73) -  << "[\r][\n]"
DEBUG [main] (Wire.java:73)-  << "[\r][\n]"
DEBUG [main] (DefaultClientConnection.java:259) - Receiving response: HTTP/1.1 200 OK
DEBUG [main] (DefaultClientConnection.java:259)- Receiving response: HTTP/1.1 200 OK
DEBUG [main] (DefaultClientConnection.java:262) - << HTTP/1.1 200 OK
DEBUG [main] (DefaultClientConnection.java:262)- << HTTP/1.1 200 OK
DEBUG [main] (DefaultClientConnection.java:265) - << X-Powered-By: Express
DEBUG [main] (DefaultClientConnection.java:265)- << X-Powered-By: Express
DEBUG [main] (DefaultClientConnection.java:265) - << Vary: Origin, Accept-Encoding
DEBUG [main] (DefaultClientConnection.java:265)- << Vary: Origin, Accept-Encoding
DEBUG [main] (DefaultClientConnection.java:265) - << Access-Control-Allow-Credentials: true
DEBUG [main] (DefaultClientConnection.java:265)- << Access-Control-Allow-Credentials: true
DEBUG [main] (DefaultClientConnection.java:265) - << Cache-Control: no-cache
DEBUG [main] (DefaultClientConnection.java:265)- << Cache-Control: no-cache
DEBUG [main] (DefaultClientConnection.java:265) - << Pragma: no-cache
DEBUG [main] (DefaultClientConnection.java:265)- << Pragma: no-cache
DEBUG [main] (DefaultClientConnection.java:265) - << Expires: -1
DEBUG [main] (DefaultClientConnection.java:265)- << Expires: -1
DEBUG [main] (DefaultClientConnection.java:265) - << X-Content-Type-Options: nosniff
DEBUG [main] (DefaultClientConnection.java:265)- << X-Content-Type-Options: nosniff
DEBUG [main] (DefaultClientConnection.java:265) - << Content-Type: application/json; charset=utf-8
DEBUG [main] (DefaultClientConnection.java:265)- << Content-Type: application/json; charset=utf-8
DEBUG [main] (DefaultClientConnection.java:265) - << Content-Length: 215
DEBUG [main] (DefaultClientConnection.java:265)- << Content-Length: 215
DEBUG [main] (DefaultClientConnection.java:265) - << ETag: W/"d7-8viS6dR+l5SHC3CvYrGqzALbP/E"
DEBUG [main] (DefaultClientConnection.java:265)- << ETag: W/"d7-8viS6dR+l5SHC3CvYrGqzALbP/E"
DEBUG [main] (DefaultClientConnection.java:265) - << Date: Wed, 30 Mar 2022 01:07:01 GMT
DEBUG [main] (DefaultClientConnection.java:265)- << Date: Wed, 30 Mar 2022 01:07:01 GMT
DEBUG [main] (DefaultClientConnection.java:265) - << Connection: keep-alive
DEBUG [main] (DefaultClientConnection.java:265)- << Connection: keep-alive
DEBUG [main] (DefaultRequestDirector.java:504) - Connection can be kept alive indefinitely
DEBUG [main] (DefaultRequestDirector.java:504)- Connection can be kept alive indefinitely
DEBUG [main] (HTTPBuilder.java:547) - Parsing response as: application/json; charset=utf-8
DEBUG [main] (HTTPBuilder.java:547)- Parsing response as: application/json; charset=utf-8
DEBUG [main] (HTTPBuilder.java:550) - Parsed data to instance of: class org.apache.http.conn.EofSensorInputStream
DEBUG [main] (HTTPBuilder.java:550)- Parsed data to instance of: class org.apache.http.conn.EofSensorInputStream
  &amp#27;[32mGiven &amp#27;[0m&amp#27;[32mI perform GET operation for "&amp#27;[0m&amp#27;[32m&amp#27;[1m/posts&amp#27;[0m&amp#27;[32m"&amp#27;[0m &amp#27;[90m# stepdefinitions.GetPostSteps.i_perform_get_operation_for(java.lang.String)&amp#27;[0m
DEBUG [main] (GetPostSteps.java:35) - i_perform_get_for_the_post_number2
DEBUG [main] (GetPostSteps.java:35)- i_perform_get_for_the_post_number2
DEBUG [main] (RestAssuredExtension.java:36) - GETOpsWithPathParams : {id=2}
DEBUG [main] (RestAssuredExtension.java:36)- GETOpsWithPathParams : {id=2}
DEBUG [main] (BasicClientConnectionManager.java:161) - Get connection for route {}->http://localhost:3000
DEBUG [main] (BasicClientConnectionManager.java:161)- Get connection for route {}->http://localhost:3000
DEBUG [main] (DefaultClientConnectionOperator.java:177) - Connecting to localhost:3000
DEBUG [main] (DefaultClientConnectionOperator.java:177)- Connecting to localhost:3000
DEBUG [main] (RequestAddCookies.java:123) - CookieSpec selected: ignoreCookies
DEBUG [main] (RequestAddCookies.java:123)- CookieSpec selected: ignoreCookies
DEBUG [main] (RequestAuthCache.java:77) - Auth cache not set in the context
DEBUG [main] (RequestAuthCache.java:77)- Auth cache not set in the context
DEBUG [main] (RequestTargetAuthentication.java:80) - Target auth state: UNCHALLENGED
DEBUG [main] (RequestTargetAuthentication.java:80)- Target auth state: UNCHALLENGED
DEBUG [main] (RequestProxyAuthentication.java:89) - Proxy auth state: UNCHALLENGED
DEBUG [main] (RequestProxyAuthentication.java:89)- Proxy auth state: UNCHALLENGED
DEBUG [main] (DefaultRequestDirector.java:677) - Attempt 1 to execute request
DEBUG [main] (DefaultRequestDirector.java:677)- Attempt 1 to execute request
DEBUG [main] (DefaultClientConnection.java:274) - Sending request: GET /posts?id=2 HTTP/1.1
DEBUG [main] (DefaultClientConnection.java:274)- Sending request: GET /posts?id=2 HTTP/1.1
DEBUG [main] (Wire.java:73) -  >> "GET /posts?id=2 HTTP/1.1[\r][\n]"
DEBUG [main] (Wire.java:73)-  >> "GET /posts?id=2 HTTP/1.1[\r][\n]"
DEBUG [main] (Wire.java:73) -  >> "Content-Type: application/json[\r][\n]"
DEBUG [main] (Wire.java:73)-  >> "Content-Type: application/json[\r][\n]"
DEBUG [main] (Wire.java:73) -  >> "Accept: */*[\r][\n]"
DEBUG [main] (Wire.java:73)-  >> "Accept: */*[\r][\n]"
DEBUG [main] (Wire.java:73) -  >> "Host: localhost:3000[\r][\n]"
DEBUG [main] (Wire.java:73)-  >> "Host: localhost:3000[\r][\n]"
DEBUG [main] (Wire.java:73) -  >> "Connection: Keep-Alive[\r][\n]"
DEBUG [main] (Wire.java:73)-  >> "Connection: Keep-Alive[\r][\n]"
DEBUG [main] (Wire.java:73) -  >> "User-Agent: Apache-HttpClient/4.5.13 (Java/15.0.1)[\r][\n]"
DEBUG [main] (Wire.java:73)-  >> "User-Agent: Apache-HttpClient/4.5.13 (Java/15.0.1)[\r][\n]"
DEBUG [main] (Wire.java:73) -  >> "Accept-Encoding: gzip,deflate[\r][\n]"
DEBUG [main] (Wire.java:73)-  >> "Accept-Encoding: gzip,deflate[\r][\n]"
DEBUG [main] (Wire.java:73) -  >> "[\r][\n]"
DEBUG [main] (Wire.java:73)-  >> "[\r][\n]"
DEBUG [main] (DefaultClientConnection.java:278) - >> GET /posts?id=2 HTTP/1.1
DEBUG [main] (DefaultClientConnection.java:278)- >> GET /posts?id=2 HTTP/1.1
DEBUG [main] (DefaultClientConnection.java:281) - >> Content-Type: application/json
DEBUG [main] (DefaultClientConnection.java:281)- >> Content-Type: application/json
DEBUG [main] (DefaultClientConnection.java:281) - >> Accept: */*
DEBUG [main] (DefaultClientConnection.java:281)- >> Accept: */*
DEBUG [main] (DefaultClientConnection.java:281) - >> Host: localhost:3000
DEBUG [main] (DefaultClientConnection.java:281)- >> Host: localhost:3000
DEBUG [main] (DefaultClientConnection.java:281) - >> Connection: Keep-Alive
DEBUG [main] (DefaultClientConnection.java:281)- >> Connection: Keep-Alive
DEBUG [main] (DefaultClientConnection.java:281) - >> User-Agent: Apache-HttpClient/4.5.13 (Java/15.0.1)
DEBUG [main] (DefaultClientConnection.java:281)- >> User-Agent: Apache-HttpClient/4.5.13 (Java/15.0.1)
DEBUG [main] (DefaultClientConnection.java:281) - >> Accept-Encoding: gzip,deflate
DEBUG [main] (DefaultClientConnection.java:281)- >> Accept-Encoding: gzip,deflate
DEBUG [main] (Wire.java:73) -  << "HTTP/1.1 200 OK[\r][\n]"
DEBUG [main] (Wire.java:73)-  << "HTTP/1.1 200 OK[\r][\n]"
DEBUG [main] (Wire.java:73) -  << "X-Powered-By: Express[\r][\n]"
DEBUG [main] (Wire.java:73)-  << "X-Powered-By: Express[\r][\n]"
DEBUG [main] (Wire.java:73) -  << "Vary: Origin, Accept-Encoding[\r][\n]"
DEBUG [main] (Wire.java:73)-  << "Vary: Origin, Accept-Encoding[\r][\n]"
DEBUG [main] (Wire.java:73) -  << "Access-Control-Allow-Credentials: true[\r][\n]"
DEBUG [main] (Wire.java:73)-  << "Access-Control-Allow-Credentials: true[\r][\n]"
DEBUG [main] (Wire.java:73) -  << "Cache-Control: no-cache[\r][\n]"
DEBUG [main] (Wire.java:73)-  << "Cache-Control: no-cache[\r][\n]"
DEBUG [main] (Wire.java:73) -  << "Pragma: no-cache[\r][\n]"
DEBUG [main] (Wire.java:73)-  << "Pragma: no-cache[\r][\n]"
DEBUG [main] (Wire.java:73) -  << "Expires: -1[\r][\n]"
DEBUG [main] (Wire.java:73)-  << "Expires: -1[\r][\n]"
DEBUG [main] (Wire.java:73) -  << "X-Content-Type-Options: nosniff[\r][\n]"
DEBUG [main] (Wire.java:73)-  << "X-Content-Type-Options: nosniff[\r][\n]"
DEBUG [main] (Wire.java:73) -  << "Content-Type: application/json; charset=utf-8[\r][\n]"
DEBUG [main] (Wire.java:73)-  << "Content-Type: application/json; charset=utf-8[\r][\n]"
DEBUG [main] (Wire.java:73) -  << "Content-Length: 73[\r][\n]"
DEBUG [main] (Wire.java:73)-  << "Content-Length: 73[\r][\n]"
DEBUG [main] (Wire.java:73) -  << "ETag: W/"49-nosvdLiqDYtwZGjld4gk2zVmLQo"[\r][\n]"
DEBUG [main] (Wire.java:73)-  << "ETag: W/"49-nosvdLiqDYtwZGjld4gk2zVmLQo"[\r][\n]"
DEBUG [main] (Wire.java:73) -  << "Date: Wed, 30 Mar 2022 01:07:01 GMT[\r][\n]"
DEBUG [main] (Wire.java:73)-  << "Date: Wed, 30 Mar 2022 01:07:01 GMT[\r][\n]"
DEBUG [main] (Wire.java:73) -  << "Connection: keep-alive[\r][\n]"
DEBUG [main] (Wire.java:73)-  << "Connection: keep-alive[\r][\n]"
DEBUG [main] (Wire.java:73) -  << "[\r][\n]"
DEBUG [main] (Wire.java:73)-  << "[\r][\n]"
DEBUG [main] (DefaultClientConnection.java:259) - Receiving response: HTTP/1.1 200 OK
DEBUG [main] (DefaultClientConnection.java:259)- Receiving response: HTTP/1.1 200 OK
DEBUG [main] (DefaultClientConnection.java:262) - << HTTP/1.1 200 OK
DEBUG [main] (DefaultClientConnection.java:262)- << HTTP/1.1 200 OK
DEBUG [main] (DefaultClientConnection.java:265) - << X-Powered-By: Express
DEBUG [main] (DefaultClientConnection.java:265)- << X-Powered-By: Express
DEBUG [main] (DefaultClientConnection.java:265) - << Vary: Origin, Accept-Encoding
DEBUG [main] (DefaultClientConnection.java:265)- << Vary: Origin, Accept-Encoding
DEBUG [main] (DefaultClientConnection.java:265) - << Access-Control-Allow-Credentials: true
DEBUG [main] (DefaultClientConnection.java:265)- << Access-Control-Allow-Credentials: true
DEBUG [main] (DefaultClientConnection.java:265) - << Cache-Control: no-cache
DEBUG [main] (DefaultClientConnection.java:265)- << Cache-Control: no-cache
DEBUG [main] (DefaultClientConnection.java:265) - << Pragma: no-cache
DEBUG [main] (DefaultClientConnection.java:265)- << Pragma: no-cache
DEBUG [main] (DefaultClientConnection.java:265) - << Expires: -1
DEBUG [main] (DefaultClientConnection.java:265)- << Expires: -1
DEBUG [main] (DefaultClientConnection.java:265) - << X-Content-Type-Options: nosniff
DEBUG [main] (DefaultClientConnection.java:265)- << X-Content-Type-Options: nosniff
DEBUG [main] (DefaultClientConnection.java:265) - << Content-Type: application/json; charset=utf-8
DEBUG [main] (DefaultClientConnection.java:265)- << Content-Type: application/json; charset=utf-8
DEBUG [main] (DefaultClientConnection.java:265) - << Content-Length: 73
DEBUG [main] (DefaultClientConnection.java:265)- << Content-Length: 73
DEBUG [main] (DefaultClientConnection.java:265) - << ETag: W/"49-nosvdLiqDYtwZGjld4gk2zVmLQo"
DEBUG [main] (DefaultClientConnection.java:265)- << ETag: W/"49-nosvdLiqDYtwZGjld4gk2zVmLQo"
DEBUG [main] (DefaultClientConnection.java:265) - << Date: Wed, 30 Mar 2022 01:07:01 GMT
DEBUG [main] (DefaultClientConnection.java:265)- << Date: Wed, 30 Mar 2022 01:07:01 GMT
DEBUG [main] (DefaultClientConnection.java:265) - << Connection: keep-alive
DEBUG [main] (DefaultClientConnection.java:265)- << Connection: keep-alive
DEBUG [main] (DefaultRequestDirector.java:504) - Connection can be kept alive indefinitely
DEBUG [main] (DefaultRequestDirector.java:504)- Connection can be kept alive indefinitely
DEBUG [main] (HTTPBuilder.java:547) - Parsing response as: application/json; charset=utf-8
DEBUG [main] (HTTPBuilder.java:547)- Parsing response as: application/json; charset=utf-8
DEBUG [main] (HTTPBuilder.java:550) - Parsed data to instance of: class org.apache.http.conn.EofSensorInputStream
DEBUG [main] (HTTPBuilder.java:550)- Parsed data to instance of: class org.apache.http.conn.EofSensorInputStream
DEBUG [main] (Wire.java:73) -  << "[[\n]"
DEBUG [main] (Wire.java:73)-  << "[[\n]"
DEBUG [main] (Wire.java:73) -  << "  {[\n]"
DEBUG [main] (Wire.java:73)-  << "  {[\n]"
DEBUG [main] (Wire.java:73) -  << "    "id": 2,[\n]"
DEBUG [main] (Wire.java:73)-  << "    "id": 2,[\n]"
DEBUG [main] (Wire.java:73) -  << "    "title": "rest-assured",[\n]"
DEBUG [main] (Wire.java:73)-  << "    "title": "rest-assured",[\n]"
DEBUG [main] (Wire.java:73) -  << "    "author": "api"[\n]"
DEBUG [main] (Wire.java:73)-  << "    "author": "api"[\n]"
DEBUG [main] (Wire.java:73) -  << "  }[\n]"
DEBUG [main] (Wire.java:73)-  << "  }[\n]"
DEBUG [main] (Wire.java:87) -  << "]"
DEBUG [main] (Wire.java:87)-  << "]"
DEBUG [main] (BasicClientConnectionManager.java:200) - Releasing connection org.apache.http.impl.conn.ManagedClientConnectionImpl@c6bf8d9
DEBUG [main] (BasicClientConnectionManager.java:200)- Releasing connection org.apache.http.impl.conn.ManagedClientConnectionImpl@c6bf8d9
DEBUG [main] (BasicClientConnectionManager.java:225) - Connection can be kept alive indefinitely
DEBUG [main] (BasicClientConnectionManager.java:225)- Connection can be kept alive indefinitely
DEBUG [main] (GetPostSteps.java:42) - request body : 
 [
    {
        "id": 2,
        "title": "rest-assured",
        "author": "api"
    }
]
DEBUG [main] (GetPostSteps.java:42)- request body : 
 [
    {
        "id": 2,
        "title": "rest-assured",
        "author": "api"
    }
]
  &amp#27;[32mWhen &amp#27;[0m&amp#27;[32mI perform GET for the post number "&amp#27;[0m&amp#27;[32m&amp#27;[1m2&amp#27;[0m&amp#27;[32m"&amp#27;[0m &amp#27;[90m# stepdefinitions.GetPostSteps.i_perform_get_for_the_post_number(java.lang.String)&amp#27;[0m
DEBUG [main] (GetPostSteps.java:107) - geti_should_see_the_author_name_asBody : api
DEBUG [main] (GetPostSteps.java:107)- geti_should_see_the_author_name_asBody : api
DEBUG [main] (GetPostSteps.java:114) - getBody : io.restassured.internal.RestAssuredResponseImpl@3ef914f5
DEBUG [main] (GetPostSteps.java:114)- getBody : io.restassured.internal.RestAssuredResponseImpl@3ef914f5
  &amp#27;[32mThen &amp#27;[0m&amp#27;[32mI should see the author name as "&amp#27;[0m&amp#27;[32m&amp#27;[1mapi&amp#27;[0m&amp#27;[32m"&amp#27;[0m &amp#27;[90m# stepdefinitions.GetPostSteps.i_should_see_the_author_name_as(java.lang.String)&amp#27;[0m
09:07:01.952 [Driver Command Executor] DEBUG o.a.netty.request.NettyRequestSender - Using pooled Channel '[id: 0xe3693465, L:/127.0.0.1:54680 - R:localhost/127.0.0.1:53149]' for 'DELETE' to 'http://localhost:53149/session/be9466131a65f3f10018430148212272'
09:07:01.952 [Driver Command Executor] DEBUG o.a.netty.request.NettyRequestSender - Using open Channel [id: 0xe3693465, L:/127.0.0.1:54680 - R:localhost/127.0.0.1:53149] for DELETE '/session/be9466131a65f3f10018430148212272'
09:07:01.953 [AsyncHttpClient-1-4] DEBUG o.a.netty.handler.WebSocketHandler - Channel Closed: [id: 0xb816c256, L:/127.0.0.1:54688 ! R:localhost/127.0.0.1:54681] with attribute NettyResponseFuture{currentRetry=5,
	isDone=1,
	isCancelled=0,
	asyncHandler=org.asynchttpclient.ws.WebSocketUpgradeHandler@186440cc,
	nettyRequest=org.asynchttpclient.netty.request.NettyRequest@2aee34ca,
	future=java.util.concurrent.CompletableFuture@413102d6[Completed normally],
	uri=ws://localhost:54681/devtools/browser/3ad2737d-39f2-4817-ba85-0b11485cd901,
	keepAlive=true,
	redirectCount=0,
	timeoutsHolder=null,
	inAuth=0,
	touch=1648602419691}
09:07:01.954 [AsyncHttpClient-1-4] DEBUG o.a.netty.channel.ChannelManager - Closing Channel [id: 0xb816c256, L:/127.0.0.1:54688 ! R:localhost/127.0.0.1:54681] 
09:07:01.997 [AsyncHttpClient-1-3] DEBUG o.a.netty.handler.HttpHandler - Unexpected I/O exception on channel [id: 0x9cb82c82, L:/127.0.0.1:54687 - R:localhost/127.0.0.1:54681]
java.net.SocketException: Connection reset
	at java.base/sun.nio.ch.SocketChannelImpl.throwConnectionReset(SocketChannelImpl.java:367) ~[na:na]
	at java.base/sun.nio.ch.SocketChannelImpl.read(SocketChannelImpl.java:398) ~[na:na]
	at io.netty.buffer.PooledByteBuf.setBytes(PooledByteBuf.java:253) ~[netty-buffer-4.1.70.Final.jar:4.1.70.Final]
	at io.netty.buffer.AbstractByteBuf.writeBytes(AbstractByteBuf.java:1132) ~[netty-buffer-4.1.70.Final.jar:4.1.70.Final]
	at io.netty.channel.socket.nio.NioSocketChannel.doReadBytes(NioSocketChannel.java:350) ~[netty-transport-4.1.70.Final.jar:4.1.70.Final]
	at io.netty.channel.nio.AbstractNioByteChannel$NioByteUnsafe.read(AbstractNioByteChannel.java:151) ~[netty-transport-4.1.70.Final.jar:4.1.70.Final]
	at io.netty.channel.nio.NioEventLoop.processSelectedKey(NioEventLoop.java:719) ~[netty-transport-4.1.70.Final.jar:4.1.70.Final]
	at io.netty.channel.nio.NioEventLoop.processSelectedKeysOptimized(NioEventLoop.java:655) ~[netty-transport-4.1.70.Final.jar:4.1.70.Final]
	at io.netty.channel.nio.NioEventLoop.processSelectedKeys(NioEventLoop.java:581) ~[netty-transport-4.1.70.Final.jar:4.1.70.Final]
	at io.netty.channel.nio.NioEventLoop.run(NioEventLoop.java:493) ~[netty-transport-4.1.70.Final.jar:4.1.70.Final]
	at io.netty.util.concurrent.SingleThreadEventExecutor$4.run(SingleThreadEventExecutor.java:986) ~[netty-common-4.1.70.Final.jar:4.1.70.Final]
	at io.netty.util.internal.ThreadExecutorMap$2.run(ThreadExecutorMap.java:74) ~[netty-common-4.1.70.Final.jar:4.1.70.Final]
	at io.netty.util.concurrent.FastThreadLocalRunnable.run(FastThreadLocalRunnable.java:30) ~[netty-common-4.1.70.Final.jar:4.1.70.Final]
	at java.base/java.lang.Thread.run(Thread.java:832) ~[na:na]
09:07:01.998 [AsyncHttpClient-1-3] DEBUG o.a.netty.channel.ChannelManager - Closing Channel [id: 0x9cb82c82, L:/127.0.0.1:54687 - R:localhost/127.0.0.1:54681] 
09:07:01.999 [AsyncHttpClient-1-3] DEBUG o.a.netty.handler.HttpHandler - Channel Closed: [id: 0x9cb82c82, L:/127.0.0.1:54687 ! R:localhost/127.0.0.1:54681] with attribute DISCARD
09:07:02.016 [AsyncHttpClient-1-2] DEBUG o.a.netty.handler.HttpHandler - 

Request DefaultFullHttpRequest(decodeResult: success, version: HTTP/1.1, content: EmptyByteBufBE)
DELETE /session/be9466131a65f3f10018430148212272 HTTP/1.1
User-Agent: selenium/4.1.2 (java windows)
Content-Type: application/json; charset=utf-8
host: localhost:53149
accept: */*

Response DefaultHttpResponse(decodeResult: success, version: HTTP/1.1)
HTTP/1.1 200 OK
Content-Type: application/json; charset=utf-8
cache-control: no-cache
content-length: 14

09:07:02.016 [AsyncHttpClient-1-2] DEBUG o.a.netty.channel.ChannelManager - Adding key: http://localhost:53149 for channel [id: 0xe3693465, L:/127.0.0.1:54680 - R:localhost/127.0.0.1:53149]
09:07:02.071 [AsyncHttpClient-1-2] DEBUG o.a.netty.handler.HttpHandler - Channel Closed: [id: 0xe3693465, L:/127.0.0.1:54680 ! R:localhost/127.0.0.1:53149] with attribute DISCARD
09:07:02.238 [AsyncHttpClient-1-1] DEBUG o.a.netty.channel.DefaultChannelPool - Entry count for : http://localhost:54681 : 1
09:07:02.238 [AsyncHttpClient-1-1] DEBUG o.a.netty.channel.DefaultChannelPool - Entry count for : http://localhost:53149 : 1
09:07:02.238 [AsyncHttpClient-1-1] DEBUG o.a.netty.channel.DefaultChannelPool - Adding Candidate expired Channel [id: 0x9cb82c82, L:/127.0.0.1:54687 ! R:localhost/127.0.0.1:54681] isIdleTimeoutExpired=false isRemotelyClosed=true isTtlExpired=false
09:07:02.238 [AsyncHttpClient-1-1] DEBUG o.a.netty.channel.DefaultChannelPool - Closing Idle Channel [id: 0x9cb82c82, L:/127.0.0.1:54687 ! R:localhost/127.0.0.1:54681]
09:07:02.238 [AsyncHttpClient-1-1] DEBUG o.a.netty.channel.DefaultChannelPool - Adding Candidate expired Channel [id: 0xe3693465, L:/127.0.0.1:54680 ! R:localhost/127.0.0.1:53149] isIdleTimeoutExpired=false isRemotelyClosed=true isTtlExpired=false
09:07:02.238 [AsyncHttpClient-1-1] DEBUG o.a.netty.channel.DefaultChannelPool - Closing Idle Channel [id: 0xe3693465, L:/127.0.0.1:54680 ! R:localhost/127.0.0.1:53149]
09:07:02.239 [AsyncHttpClient-1-1] DEBUG o.a.netty.channel.DefaultChannelPool - Closed 2 connections out of 2 in 1 ms
09:07:02.606 [main] INFO   - 
  _____   ___   ___   _____     ___     _     ___   ___   ___   ___  
 |_   _| | __| / __| |_   _|   | _ \   /_\   / __| / __| | __| |   \ 
   | |   | _|  \__ \   | |     |  _/  / _ \  \__ \ \__ \ | _|  | |) |
   |_|   |___| |___/   |_|     |_|   /_/ \_\ |___/ |___/ |___| |___/ 

Verify one author of the post
----------------------------------------------------------------------
]]></system-out>
    <system-err><![CDATA[SLF4J: Class path contains multiple SLF4J bindings.
SLF4J: Found binding in [jar:file:/C:/Users/DheyClaveria/.m2/repository/ch/qos/logback/logback-classic/1.1.3/logback-classic-1.1.3.jar!/org/slf4j/impl/StaticLoggerBinder.class]
SLF4J: Found binding in [jar:file:/C:/Users/DheyClaveria/.m2/repository/org/slf4j/slf4j-reload4j/1.7.36/slf4j-reload4j-1.7.36.jar!/org/slf4j/impl/StaticLoggerBinder.class]
SLF4J: See http://www.slf4j.org/codes.html#multiple_bindings for an explanation.
SLF4J: Actual binding is of type [ch.qos.logback.classic.util.ContextSelectorStaticBinder]
log4j:WARN No such property [locationInfo] in org.apache.log4j.PatternLayout.
Starting ChromeDriver 99.0.4844.51 (d537ec02474b5afe23684e7963d538896c63ac77-refs/branch-heads/4844@{#875}) on port 53149
Only local connections are allowed.
Please see https://chromedriver.chromium.org/security-considerations for suggestions on keeping ChromeDriver safe.
ChromeDriver was started successfully.
Mar 30, 2022 9:06:59 AM org.openqa.selenium.remote.ProtocolHandshake createSession
INFO: Detected dialect: W3C
Mar 30, 2022 9:06:59 AM org.openqa.selenium.devtools.CdpVersionFinder findNearestMatch
WARNING: Unable to find an exact match for CDP version 99, so returning the closest version found: 96
Mar 30, 2022 9:06:59 AM org.openqa.selenium.devtools.CdpVersionFinder findNearestMatch
INFO: Found CDP implementation for version 99 of 96
]]></system-err>
  </testcase>
  <testcase name="Verify one existing user credentials" classname="Verify different GET operations using REST-assured" time="2.169">
    <system-out><![CDATA[
@All @Performance @testing2
Scenario: Verify one existing user credentials                                  &amp#27;[90m# src/main/resources/AppFeatures/GetPost.feature:10&amp#27;[0m
09:07:02.618 [main] INFO  i.c.core.plugin.SerenityReporter - Running feature from file:///Z:/Automation/JavaCucumber/BDD_HCL/CucumberHCL/src/main/resources/AppFeatures/GetPost.feature
09:07:02.618 [main] WARN  i.c.core.plugin.SerenityReporter - Feature from file:///Z:/Automation/JavaCucumber/BDD_HCL/CucumberHCL/src/main/resources/AppFeatures/GetPost.feature is not under the 'features' directory. Requirements report will not be correctly generated!
09:07:02.619 [main] INFO   - 
  _____   ___   ___   _____     ___   _____     _     ___   _____   ___   ___  
 |_   _| | __| / __| |_   _|   / __| |_   _|   /_\   | _ \ |_   _| | __| |   \ 
   | |   | _|  \__ \   | |     \__ \   | |    / _ \  |   /   | |   | _|  | |) |
   |_|   |___| |___/   |_|     |___/   |_|   /_/ \_\ |_|_\   |_|   |___| |___/ 

Verify one existing user credentials(verify-different-get-operations-using-rest-assured;verify-one-existing-user-credentials)
--------------------------------------------------------------------------------
DEBUG [main] (DriversFactory.java:28) - Initialize Driver Browser Configuration
DEBUG [main] (DriversFactory.java:28)- Initialize Driver Browser Configuration
DEBUG [main] (DriversFactory.java:30) -  Driver Browser : chrome
DEBUG [main] (DriversFactory.java:30)-  Driver Browser : chrome
09:07:02.635 [main] DEBUG i.g.bonigarcia.wdm.WebDriverManager - Driver chromedriver 99.0.4844.51 found in cache
09:07:02.636 [main] INFO  i.g.bonigarcia.wdm.WebDriverManager - Exporting webdriver.chrome.driver as C:\Users\DheyClaveria\.cache\selenium\chromedriver\win32\99.0.4844.51\chromedriver.exe
09:07:03.172 [AsyncHttpClient-1-5] DEBUG o.a.n.channel.NettyConnectListener - Using new Channel '[id: 0x5970e6b1, L:/127.0.0.1:54705 - R:localhost/127.0.0.1:56365]' for 'POST' to '/session'
09:07:03.867 [AsyncHttpClient-1-5] DEBUG o.a.netty.handler.HttpHandler - 

Request DefaultHttpRequest(decodeResult: success, version: HTTP/1.1)
POST /session HTTP/1.1
User-Agent: selenium/4.1.2 (java windows)
Content-Length: 365
Content-Type: application/json; charset=utf-8
host: localhost:56365
accept: */*

Response DefaultHttpResponse(decodeResult: success, version: HTTP/1.1)
HTTP/1.1 200 OK
Content-Type: application/json; charset=utf-8
cache-control: no-cache
content-length: 792

09:07:03.867 [AsyncHttpClient-1-5] DEBUG o.a.netty.channel.ChannelManager - Adding key: http://localhost:56365 for channel [id: 0x5970e6b1, L:/127.0.0.1:54705 - R:localhost/127.0.0.1:56365]
09:07:03.875 [AsyncHttpClient-1-6] DEBUG o.a.n.channel.NettyConnectListener - Using new Channel '[id: 0xc65bf3e1, L:/127.0.0.1:54712 - R:localhost/127.0.0.1:54706]' for 'GET' to '/json/version'
09:07:03.879 [AsyncHttpClient-1-6] DEBUG o.a.netty.handler.HttpHandler - 

Request DefaultFullHttpRequest(decodeResult: success, version: HTTP/1.1, content: EmptyByteBufBE)
GET /json/version HTTP/1.1
User-Agent: selenium/4.1.2 (java windows)
host: localhost:54706
accept: */*

Response DefaultHttpResponse(decodeResult: success, version: HTTP/1.1)
HTTP/1.1 200 OK
Content-Type: application/json; charset=UTF-8
content-length: 424

09:07:03.880 [AsyncHttpClient-1-6] DEBUG o.a.netty.channel.ChannelManager - Adding key: http://localhost:54706 for channel [id: 0xc65bf3e1, L:/127.0.0.1:54712 - R:localhost/127.0.0.1:54706]
09:07:03.882 [AsyncHttpClient-1-7] DEBUG o.a.n.channel.NettyConnectListener - Using new Channel '[id: 0x06f7436f, L:/127.0.0.1:54713 - R:localhost/127.0.0.1:54706]' for 'GET' to '/devtools/browser/e750831e-707a-4c4e-9a32-0ff5d17ad279'
09:07:03.887 [AsyncHttpClient-1-7] DEBUG o.a.netty.handler.WebSocketHandler - 

Request DefaultFullHttpRequest(decodeResult: success, version: HTTP/1.1, content: EmptyByteBufBE)
GET /devtools/browser/e750831e-707a-4c4e-9a32-0ff5d17ad279 HTTP/1.1
upgrade: websocket
connection: upgrade
sec-websocket-key: sHXAxdjLLWZyvMVMzCvYUA==
sec-websocket-version: 13
origin: http://localhost:54706
host: localhost:54706
accept: */*
user-agent: AHC/2.1

Response DefaultHttpResponse(decodeResult: success, version: HTTP/1.1)
HTTP/1.1 101 WebSocket Protocol Handshake
Upgrade: WebSocket
Connection: Upgrade
Sec-WebSocket-Accept: SSAMA7j1Cz3qakzmznIfh0rxcoI=

09:07:03.891 [Forwarding deleteAllCookies on session 693d4a9f11bb75a07742349472e76318 to remote] DEBUG o.a.netty.request.NettyRequestSender - Using pooled Channel '[id: 0x5970e6b1, L:/127.0.0.1:54705 - R:localhost/127.0.0.1:56365]' for 'DELETE' to 'http://localhost:56365/session/693d4a9f11bb75a07742349472e76318/cookie'
09:07:03.892 [Forwarding deleteAllCookies on session 693d4a9f11bb75a07742349472e76318 to remote] DEBUG o.a.netty.request.NettyRequestSender - Using open Channel [id: 0x5970e6b1, L:/127.0.0.1:54705 - R:localhost/127.0.0.1:56365] for DELETE '/session/693d4a9f11bb75a07742349472e76318/cookie'
09:07:03.897 [AsyncHttpClient-1-5] DEBUG o.a.netty.handler.HttpHandler - 

Request DefaultFullHttpRequest(decodeResult: success, version: HTTP/1.1, content: EmptyByteBufBE)
DELETE /session/693d4a9f11bb75a07742349472e76318/cookie HTTP/1.1
User-Agent: selenium/4.1.2 (java windows)
Content-Type: application/json; charset=utf-8
host: localhost:56365
accept: */*

Response DefaultHttpResponse(decodeResult: success, version: HTTP/1.1)
HTTP/1.1 200 OK
Content-Type: application/json; charset=utf-8
cache-control: no-cache
content-length: 14

09:07:03.897 [AsyncHttpClient-1-5] DEBUG o.a.netty.channel.ChannelManager - Adding key: http://localhost:56365 for channel [id: 0x5970e6b1, L:/127.0.0.1:54705 - R:localhost/127.0.0.1:56365]
09:07:03.899 [Forwarding maximizeCurrentWindow on session 693d4a9f11bb75a07742349472e76318 to remote] DEBUG o.a.netty.request.NettyRequestSender - Using pooled Channel '[id: 0x5970e6b1, L:/127.0.0.1:54705 - R:localhost/127.0.0.1:56365]' for 'POST' to 'http://localhost:56365/session/693d4a9f11bb75a07742349472e76318/window/maximize'
09:07:03.899 [Forwarding maximizeCurrentWindow on session 693d4a9f11bb75a07742349472e76318 to remote] DEBUG o.a.netty.request.NettyRequestSender - Using open Channel [id: 0x5970e6b1, L:/127.0.0.1:54705 - R:localhost/127.0.0.1:56365] for POST '/session/693d4a9f11bb75a07742349472e76318/window/maximize'
09:07:04.013 [AsyncHttpClient-1-5] DEBUG o.a.netty.handler.HttpHandler - 

Request DefaultHttpRequest(decodeResult: success, version: HTTP/1.1)
POST /session/693d4a9f11bb75a07742349472e76318/window/maximize HTTP/1.1
User-Agent: selenium/4.1.2 (java windows)
Content-Length: 3
Content-Type: application/json; charset=utf-8
host: localhost:56365
accept: */*

Response DefaultHttpResponse(decodeResult: success, version: HTTP/1.1)
HTTP/1.1 200 OK
Content-Type: application/json; charset=utf-8
cache-control: no-cache
content-length: 52

09:07:04.014 [AsyncHttpClient-1-5] DEBUG o.a.netty.channel.ChannelManager - Adding key: http://localhost:56365 for channel [id: 0x5970e6b1, L:/127.0.0.1:54705 - R:localhost/127.0.0.1:56365]
DEBUG [main] (GetPostSteps.java:28) - i_perform_get_operation_for/usercredentials
DEBUG [main] (GetPostSteps.java:28)- i_perform_get_operation_for/usercredentials
DEBUG [main] (RestAssuredExtension.java:64) - GetOps : /usercredentials
DEBUG [main] (RestAssuredExtension.java:64)- GetOps : /usercredentials
DEBUG [main] (BasicClientConnectionManager.java:161) - Get connection for route {}->http://localhost:3000
DEBUG [main] (BasicClientConnectionManager.java:161)- Get connection for route {}->http://localhost:3000
DEBUG [main] (DefaultClientConnectionOperator.java:177) - Connecting to localhost:3000
DEBUG [main] (DefaultClientConnectionOperator.java:177)- Connecting to localhost:3000
DEBUG [main] (RequestAddCookies.java:123) - CookieSpec selected: ignoreCookies
DEBUG [main] (RequestAddCookies.java:123)- CookieSpec selected: ignoreCookies
DEBUG [main] (RequestAuthCache.java:77) - Auth cache not set in the context
DEBUG [main] (RequestAuthCache.java:77)- Auth cache not set in the context
DEBUG [main] (RequestTargetAuthentication.java:80) - Target auth state: UNCHALLENGED
DEBUG [main] (RequestTargetAuthentication.java:80)- Target auth state: UNCHALLENGED
DEBUG [main] (RequestProxyAuthentication.java:89) - Proxy auth state: UNCHALLENGED
DEBUG [main] (RequestProxyAuthentication.java:89)- Proxy auth state: UNCHALLENGED
DEBUG [main] (DefaultRequestDirector.java:677) - Attempt 1 to execute request
DEBUG [main] (DefaultRequestDirector.java:677)- Attempt 1 to execute request
DEBUG [main] (DefaultClientConnection.java:274) - Sending request: GET /usercredentials HTTP/1.1
DEBUG [main] (DefaultClientConnection.java:274)- Sending request: GET /usercredentials HTTP/1.1
DEBUG [main] (Wire.java:73) -  >> "GET /usercredentials HTTP/1.1[\r][\n]"
DEBUG [main] (Wire.java:73)-  >> "GET /usercredentials HTTP/1.1[\r][\n]"
DEBUG [main] (Wire.java:73) -  >> "Content-Type: application/json[\r][\n]"
DEBUG [main] (Wire.java:73)-  >> "Content-Type: application/json[\r][\n]"
DEBUG [main] (Wire.java:73) -  >> "Accept: */*[\r][\n]"
DEBUG [main] (Wire.java:73)-  >> "Accept: */*[\r][\n]"
DEBUG [main] (Wire.java:73) -  >> "Host: localhost:3000[\r][\n]"
DEBUG [main] (Wire.java:73)-  >> "Host: localhost:3000[\r][\n]"
DEBUG [main] (Wire.java:73) -  >> "Connection: Keep-Alive[\r][\n]"
DEBUG [main] (Wire.java:73)-  >> "Connection: Keep-Alive[\r][\n]"
DEBUG [main] (Wire.java:73) -  >> "User-Agent: Apache-HttpClient/4.5.13 (Java/15.0.1)[\r][\n]"
DEBUG [main] (Wire.java:73)-  >> "User-Agent: Apache-HttpClient/4.5.13 (Java/15.0.1)[\r][\n]"
DEBUG [main] (Wire.java:73) -  >> "Accept-Encoding: gzip,deflate[\r][\n]"
DEBUG [main] (Wire.java:73)-  >> "Accept-Encoding: gzip,deflate[\r][\n]"
DEBUG [main] (Wire.java:73) -  >> "[\r][\n]"
DEBUG [main] (Wire.java:73)-  >> "[\r][\n]"
DEBUG [main] (DefaultClientConnection.java:278) - >> GET /usercredentials HTTP/1.1
DEBUG [main] (DefaultClientConnection.java:278)- >> GET /usercredentials HTTP/1.1
DEBUG [main] (DefaultClientConnection.java:281) - >> Content-Type: application/json
DEBUG [main] (DefaultClientConnection.java:281)- >> Content-Type: application/json
DEBUG [main] (DefaultClientConnection.java:281) - >> Accept: */*
DEBUG [main] (DefaultClientConnection.java:281)- >> Accept: */*
DEBUG [main] (DefaultClientConnection.java:281) - >> Host: localhost:3000
DEBUG [main] (DefaultClientConnection.java:281)- >> Host: localhost:3000
DEBUG [main] (DefaultClientConnection.java:281) - >> Connection: Keep-Alive
DEBUG [main] (DefaultClientConnection.java:281)- >> Connection: Keep-Alive
DEBUG [main] (DefaultClientConnection.java:281) - >> User-Agent: Apache-HttpClient/4.5.13 (Java/15.0.1)
DEBUG [main] (DefaultClientConnection.java:281)- >> User-Agent: Apache-HttpClient/4.5.13 (Java/15.0.1)
DEBUG [main] (DefaultClientConnection.java:281) - >> Accept-Encoding: gzip,deflate
DEBUG [main] (DefaultClientConnection.java:281)- >> Accept-Encoding: gzip,deflate
DEBUG [main] (Wire.java:73) -  << "HTTP/1.1 200 OK[\r][\n]"
DEBUG [main] (Wire.java:73)-  << "HTTP/1.1 200 OK[\r][\n]"
DEBUG [main] (Wire.java:73) -  << "X-Powered-By: Express[\r][\n]"
DEBUG [main] (Wire.java:73)-  << "X-Powered-By: Express[\r][\n]"
DEBUG [main] (Wire.java:73) -  << "Vary: Origin, Accept-Encoding[\r][\n]"
DEBUG [main] (Wire.java:73)-  << "Vary: Origin, Accept-Encoding[\r][\n]"
DEBUG [main] (Wire.java:73) -  << "Access-Control-Allow-Credentials: true[\r][\n]"
DEBUG [main] (Wire.java:73)-  << "Access-Control-Allow-Credentials: true[\r][\n]"
DEBUG [main] (Wire.java:73) -  << "Cache-Control: no-cache[\r][\n]"
DEBUG [main] (Wire.java:73)-  << "Cache-Control: no-cache[\r][\n]"
DEBUG [main] (Wire.java:73) -  << "Pragma: no-cache[\r][\n]"
DEBUG [main] (Wire.java:73)-  << "Pragma: no-cache[\r][\n]"
DEBUG [main] (Wire.java:73) -  << "Expires: -1[\r][\n]"
DEBUG [main] (Wire.java:73)-  << "Expires: -1[\r][\n]"
DEBUG [main] (Wire.java:73) -  << "X-Content-Type-Options: nosniff[\r][\n]"
DEBUG [main] (Wire.java:73)-  << "X-Content-Type-Options: nosniff[\r][\n]"
DEBUG [main] (Wire.java:73) -  << "Content-Type: application/json; charset=utf-8[\r][\n]"
DEBUG [main] (Wire.java:73)-  << "Content-Type: application/json; charset=utf-8[\r][\n]"
DEBUG [main] (Wire.java:73) -  << "Content-Length: 253[\r][\n]"
DEBUG [main] (Wire.java:73)-  << "Content-Length: 253[\r][\n]"
DEBUG [main] (Wire.java:73) -  << "ETag: W/"fd-iiB0ZAciyb3OPGBaq5k+arf8P1Y"[\r][\n]"
DEBUG [main] (Wire.java:73)-  << "ETag: W/"fd-iiB0ZAciyb3OPGBaq5k+arf8P1Y"[\r][\n]"
DEBUG [main] (Wire.java:73) -  << "Date: Wed, 30 Mar 2022 01:07:04 GMT[\r][\n]"
DEBUG [main] (Wire.java:73)-  << "Date: Wed, 30 Mar 2022 01:07:04 GMT[\r][\n]"
DEBUG [main] (Wire.java:73) -  << "Connection: keep-alive[\r][\n]"
DEBUG [main] (Wire.java:73)-  << "Connection: keep-alive[\r][\n]"
DEBUG [main] (Wire.java:73) -  << "[\r][\n]"
DEBUG [main] (Wire.java:73)-  << "[\r][\n]"
DEBUG [main] (DefaultClientConnection.java:259) - Receiving response: HTTP/1.1 200 OK
DEBUG [main] (DefaultClientConnection.java:259)- Receiving response: HTTP/1.1 200 OK
DEBUG [main] (DefaultClientConnection.java:262) - << HTTP/1.1 200 OK
DEBUG [main] (DefaultClientConnection.java:262)- << HTTP/1.1 200 OK
DEBUG [main] (DefaultClientConnection.java:265) - << X-Powered-By: Express
DEBUG [main] (DefaultClientConnection.java:265)- << X-Powered-By: Express
DEBUG [main] (DefaultClientConnection.java:265) - << Vary: Origin, Accept-Encoding
DEBUG [main] (DefaultClientConnection.java:265)- << Vary: Origin, Accept-Encoding
DEBUG [main] (DefaultClientConnection.java:265) - << Access-Control-Allow-Credentials: true
DEBUG [main] (DefaultClientConnection.java:265)- << Access-Control-Allow-Credentials: true
DEBUG [main] (DefaultClientConnection.java:265) - << Cache-Control: no-cache
DEBUG [main] (DefaultClientConnection.java:265)- << Cache-Control: no-cache
DEBUG [main] (DefaultClientConnection.java:265) - << Pragma: no-cache
DEBUG [main] (DefaultClientConnection.java:265)- << Pragma: no-cache
DEBUG [main] (DefaultClientConnection.java:265) - << Expires: -1
DEBUG [main] (DefaultClientConnection.java:265)- << Expires: -1
DEBUG [main] (DefaultClientConnection.java:265) - << X-Content-Type-Options: nosniff
DEBUG [main] (DefaultClientConnection.java:265)- << X-Content-Type-Options: nosniff
DEBUG [main] (DefaultClientConnection.java:265) - << Content-Type: application/json; charset=utf-8
DEBUG [main] (DefaultClientConnection.java:265)- << Content-Type: application/json; charset=utf-8
DEBUG [main] (DefaultClientConnection.java:265) - << Content-Length: 253
DEBUG [main] (DefaultClientConnection.java:265)- << Content-Length: 253
DEBUG [main] (DefaultClientConnection.java:265) - << ETag: W/"fd-iiB0ZAciyb3OPGBaq5k+arf8P1Y"
DEBUG [main] (DefaultClientConnection.java:265)- << ETag: W/"fd-iiB0ZAciyb3OPGBaq5k+arf8P1Y"
DEBUG [main] (DefaultClientConnection.java:265) - << Date: Wed, 30 Mar 2022 01:07:04 GMT
DEBUG [main] (DefaultClientConnection.java:265)- << Date: Wed, 30 Mar 2022 01:07:04 GMT
DEBUG [main] (DefaultClientConnection.java:265) - << Connection: keep-alive
DEBUG [main] (DefaultClientConnection.java:265)- << Connection: keep-alive
DEBUG [main] (DefaultRequestDirector.java:504) - Connection can be kept alive indefinitely
DEBUG [main] (DefaultRequestDirector.java:504)- Connection can be kept alive indefinitely
DEBUG [main] (HTTPBuilder.java:547) - Parsing response as: application/json; charset=utf-8
DEBUG [main] (HTTPBuilder.java:547)- Parsing response as: application/json; charset=utf-8
DEBUG [main] (HTTPBuilder.java:550) - Parsed data to instance of: class org.apache.http.conn.EofSensorInputStream
DEBUG [main] (HTTPBuilder.java:550)- Parsed data to instance of: class org.apache.http.conn.EofSensorInputStream
  &amp#27;[32mGiven &amp#27;[0m&amp#27;[32mI perform GET operation for "&amp#27;[0m&amp#27;[32m&amp#27;[1m/usercredentials&amp#27;[0m&amp#27;[32m"&amp#27;[0m                          &amp#27;[90m# stepdefinitions.GetPostSteps.i_perform_get_operation_for(java.lang.String)&amp#27;[0m
DEBUG [main] (GetPostSteps.java:49) - i_perform_get_for_the_id_number : 2
DEBUG [main] (GetPostSteps.java:49)- i_perform_get_for_the_id_number : 2
DEBUG [main] (RestAssuredExtension.java:36) - GETOpsWithPathParams : {id=2}
DEBUG [main] (RestAssuredExtension.java:36)- GETOpsWithPathParams : {id=2}
DEBUG [main] (BasicClientConnectionManager.java:161) - Get connection for route {}->http://localhost:3000
DEBUG [main] (BasicClientConnectionManager.java:161)- Get connection for route {}->http://localhost:3000
DEBUG [main] (DefaultClientConnectionOperator.java:177) - Connecting to localhost:3000
DEBUG [main] (DefaultClientConnectionOperator.java:177)- Connecting to localhost:3000
DEBUG [main] (RequestAddCookies.java:123) - CookieSpec selected: ignoreCookies
DEBUG [main] (RequestAddCookies.java:123)- CookieSpec selected: ignoreCookies
DEBUG [main] (RequestAuthCache.java:77) - Auth cache not set in the context
DEBUG [main] (RequestAuthCache.java:77)- Auth cache not set in the context
DEBUG [main] (RequestTargetAuthentication.java:80) - Target auth state: UNCHALLENGED
DEBUG [main] (RequestTargetAuthentication.java:80)- Target auth state: UNCHALLENGED
DEBUG [main] (RequestProxyAuthentication.java:89) - Proxy auth state: UNCHALLENGED
DEBUG [main] (RequestProxyAuthentication.java:89)- Proxy auth state: UNCHALLENGED
DEBUG [main] (DefaultRequestDirector.java:677) - Attempt 1 to execute request
DEBUG [main] (DefaultRequestDirector.java:677)- Attempt 1 to execute request
DEBUG [main] (DefaultClientConnection.java:274) - Sending request: GET /usercredentials?id=2 HTTP/1.1
DEBUG [main] (DefaultClientConnection.java:274)- Sending request: GET /usercredentials?id=2 HTTP/1.1
DEBUG [main] (Wire.java:73) -  >> "GET /usercredentials?id=2 HTTP/1.1[\r][\n]"
DEBUG [main] (Wire.java:73)-  >> "GET /usercredentials?id=2 HTTP/1.1[\r][\n]"
DEBUG [main] (Wire.java:73) -  >> "Content-Type: application/json[\r][\n]"
DEBUG [main] (Wire.java:73)-  >> "Content-Type: application/json[\r][\n]"
DEBUG [main] (Wire.java:73) -  >> "Accept: */*[\r][\n]"
DEBUG [main] (Wire.java:73)-  >> "Accept: */*[\r][\n]"
DEBUG [main] (Wire.java:73) -  >> "Host: localhost:3000[\r][\n]"
DEBUG [main] (Wire.java:73)-  >> "Host: localhost:3000[\r][\n]"
DEBUG [main] (Wire.java:73) -  >> "Connection: Keep-Alive[\r][\n]"
DEBUG [main] (Wire.java:73)-  >> "Connection: Keep-Alive[\r][\n]"
DEBUG [main] (Wire.java:73) -  >> "User-Agent: Apache-HttpClient/4.5.13 (Java/15.0.1)[\r][\n]"
DEBUG [main] (Wire.java:73)-  >> "User-Agent: Apache-HttpClient/4.5.13 (Java/15.0.1)[\r][\n]"
DEBUG [main] (Wire.java:73) -  >> "Accept-Encoding: gzip,deflate[\r][\n]"
DEBUG [main] (Wire.java:73)-  >> "Accept-Encoding: gzip,deflate[\r][\n]"
DEBUG [main] (Wire.java:73) -  >> "[\r][\n]"
DEBUG [main] (Wire.java:73)-  >> "[\r][\n]"
DEBUG [main] (DefaultClientConnection.java:278) - >> GET /usercredentials?id=2 HTTP/1.1
DEBUG [main] (DefaultClientConnection.java:278)- >> GET /usercredentials?id=2 HTTP/1.1
DEBUG [main] (DefaultClientConnection.java:281) - >> Content-Type: application/json
DEBUG [main] (DefaultClientConnection.java:281)- >> Content-Type: application/json
DEBUG [main] (DefaultClientConnection.java:281) - >> Accept: */*
DEBUG [main] (DefaultClientConnection.java:281)- >> Accept: */*
DEBUG [main] (DefaultClientConnection.java:281) - >> Host: localhost:3000
DEBUG [main] (DefaultClientConnection.java:281)- >> Host: localhost:3000
DEBUG [main] (DefaultClientConnection.java:281) - >> Connection: Keep-Alive
DEBUG [main] (DefaultClientConnection.java:281)- >> Connection: Keep-Alive
DEBUG [main] (DefaultClientConnection.java:281) - >> User-Agent: Apache-HttpClient/4.5.13 (Java/15.0.1)
DEBUG [main] (DefaultClientConnection.java:281)- >> User-Agent: Apache-HttpClient/4.5.13 (Java/15.0.1)
DEBUG [main] (DefaultClientConnection.java:281) - >> Accept-Encoding: gzip,deflate
DEBUG [main] (DefaultClientConnection.java:281)- >> Accept-Encoding: gzip,deflate
DEBUG [main] (Wire.java:73) -  << "HTTP/1.1 200 OK[\r][\n]"
DEBUG [main] (Wire.java:73)-  << "HTTP/1.1 200 OK[\r][\n]"
DEBUG [main] (Wire.java:73) -  << "X-Powered-By: Express[\r][\n]"
DEBUG [main] (Wire.java:73)-  << "X-Powered-By: Express[\r][\n]"
DEBUG [main] (Wire.java:73) -  << "Vary: Origin, Accept-Encoding[\r][\n]"
DEBUG [main] (Wire.java:73)-  << "Vary: Origin, Accept-Encoding[\r][\n]"
DEBUG [main] (Wire.java:73) -  << "Access-Control-Allow-Credentials: true[\r][\n]"
DEBUG [main] (Wire.java:73)-  << "Access-Control-Allow-Credentials: true[\r][\n]"
DEBUG [main] (Wire.java:73) -  << "Cache-Control: no-cache[\r][\n]"
DEBUG [main] (Wire.java:73)-  << "Cache-Control: no-cache[\r][\n]"
DEBUG [main] (Wire.java:73) -  << "Pragma: no-cache[\r][\n]"
DEBUG [main] (Wire.java:73)-  << "Pragma: no-cache[\r][\n]"
DEBUG [main] (Wire.java:73) -  << "Expires: -1[\r][\n]"
DEBUG [main] (Wire.java:73)-  << "Expires: -1[\r][\n]"
DEBUG [main] (Wire.java:73) -  << "X-Content-Type-Options: nosniff[\r][\n]"
DEBUG [main] (Wire.java:73)-  << "X-Content-Type-Options: nosniff[\r][\n]"
DEBUG [main] (Wire.java:73) -  << "Content-Type: application/json; charset=utf-8[\r][\n]"
DEBUG [main] (Wire.java:73)-  << "Content-Type: application/json; charset=utf-8[\r][\n]"
DEBUG [main] (Wire.java:73) -  << "Content-Length: 87[\r][\n]"
DEBUG [main] (Wire.java:73)-  << "Content-Length: 87[\r][\n]"
DEBUG [main] (Wire.java:73) -  << "ETag: W/"57-sTJe9S8VDiurXrv1gep7c74J6UI"[\r][\n]"
DEBUG [main] (Wire.java:73)-  << "ETag: W/"57-sTJe9S8VDiurXrv1gep7c74J6UI"[\r][\n]"
DEBUG [main] (Wire.java:73) -  << "Date: Wed, 30 Mar 2022 01:07:04 GMT[\r][\n]"
DEBUG [main] (Wire.java:73)-  << "Date: Wed, 30 Mar 2022 01:07:04 GMT[\r][\n]"
DEBUG [main] (Wire.java:73) -  << "Connection: keep-alive[\r][\n]"
DEBUG [main] (Wire.java:73)-  << "Connection: keep-alive[\r][\n]"
DEBUG [main] (Wire.java:73) -  << "[\r][\n]"
DEBUG [main] (Wire.java:73)-  << "[\r][\n]"
DEBUG [main] (DefaultClientConnection.java:259) - Receiving response: HTTP/1.1 200 OK
DEBUG [main] (DefaultClientConnection.java:259)- Receiving response: HTTP/1.1 200 OK
DEBUG [main] (DefaultClientConnection.java:262) - << HTTP/1.1 200 OK
DEBUG [main] (DefaultClientConnection.java:262)- << HTTP/1.1 200 OK
DEBUG [main] (DefaultClientConnection.java:265) - << X-Powered-By: Express
DEBUG [main] (DefaultClientConnection.java:265)- << X-Powered-By: Express
DEBUG [main] (DefaultClientConnection.java:265) - << Vary: Origin, Accept-Encoding
DEBUG [main] (DefaultClientConnection.java:265)- << Vary: Origin, Accept-Encoding
DEBUG [main] (DefaultClientConnection.java:265) - << Access-Control-Allow-Credentials: true
DEBUG [main] (DefaultClientConnection.java:265)- << Access-Control-Allow-Credentials: true
DEBUG [main] (DefaultClientConnection.java:265) - << Cache-Control: no-cache
DEBUG [main] (DefaultClientConnection.java:265)- << Cache-Control: no-cache
DEBUG [main] (DefaultClientConnection.java:265) - << Pragma: no-cache
DEBUG [main] (DefaultClientConnection.java:265)- << Pragma: no-cache
DEBUG [main] (DefaultClientConnection.java:265) - << Expires: -1
DEBUG [main] (DefaultClientConnection.java:265)- << Expires: -1
DEBUG [main] (DefaultClientConnection.java:265) - << X-Content-Type-Options: nosniff
DEBUG [main] (DefaultClientConnection.java:265)- << X-Content-Type-Options: nosniff
DEBUG [main] (DefaultClientConnection.java:265) - << Content-Type: application/json; charset=utf-8
DEBUG [main] (DefaultClientConnection.java:265)- << Content-Type: application/json; charset=utf-8
DEBUG [main] (DefaultClientConnection.java:265) - << Content-Length: 87
DEBUG [main] (DefaultClientConnection.java:265)- << Content-Length: 87
DEBUG [main] (DefaultClientConnection.java:265) - << ETag: W/"57-sTJe9S8VDiurXrv1gep7c74J6UI"
DEBUG [main] (DefaultClientConnection.java:265)- << ETag: W/"57-sTJe9S8VDiurXrv1gep7c74J6UI"
DEBUG [main] (DefaultClientConnection.java:265) - << Date: Wed, 30 Mar 2022 01:07:04 GMT
DEBUG [main] (DefaultClientConnection.java:265)- << Date: Wed, 30 Mar 2022 01:07:04 GMT
DEBUG [main] (DefaultClientConnection.java:265) - << Connection: keep-alive
DEBUG [main] (DefaultClientConnection.java:265)- << Connection: keep-alive
DEBUG [main] (DefaultRequestDirector.java:504) - Connection can be kept alive indefinitely
DEBUG [main] (DefaultRequestDirector.java:504)- Connection can be kept alive indefinitely
DEBUG [main] (HTTPBuilder.java:547) - Parsing response as: application/json; charset=utf-8
DEBUG [main] (HTTPBuilder.java:547)- Parsing response as: application/json; charset=utf-8
DEBUG [main] (HTTPBuilder.java:550) - Parsed data to instance of: class org.apache.http.conn.EofSensorInputStream
DEBUG [main] (HTTPBuilder.java:550)- Parsed data to instance of: class org.apache.http.conn.EofSensorInputStream
DEBUG [main] (Wire.java:73) -  << "[[\n]"
DEBUG [main] (Wire.java:73)-  << "[[\n]"
DEBUG [main] (Wire.java:73) -  << "  {[\n]"
DEBUG [main] (Wire.java:73)-  << "  {[\n]"
DEBUG [main] (Wire.java:73) -  << "    "id": "2",[\n]"
DEBUG [main] (Wire.java:73)-  << "    "id": "2",[\n]"
DEBUG [main] (Wire.java:73) -  << "    "username": "manager@vrbank",[\n]"
DEBUG [main] (Wire.java:73)-  << "    "username": "manager@vrbank",[\n]"
DEBUG [main] (Wire.java:73) -  << "    "password": "pega123!"[\n]"
DEBUG [main] (Wire.java:73)-  << "    "password": "pega123!"[\n]"
DEBUG [main] (Wire.java:73) -  << "  }[\n]"
DEBUG [main] (Wire.java:73)-  << "  }[\n]"
DEBUG [main] (Wire.java:87) -  << "]"
DEBUG [main] (Wire.java:87)-  << "]"
DEBUG [main] (BasicClientConnectionManager.java:200) - Releasing connection org.apache.http.impl.conn.ManagedClientConnectionImpl@27575bcd
DEBUG [main] (BasicClientConnectionManager.java:200)- Releasing connection org.apache.http.impl.conn.ManagedClientConnectionImpl@27575bcd
DEBUG [main] (BasicClientConnectionManager.java:225) - Connection can be kept alive indefinitely
DEBUG [main] (BasicClientConnectionManager.java:225)- Connection can be kept alive indefinitely
DEBUG [main] (GetPostSteps.java:57) - request body : 
[
    {
        "id": "2",
        "username": "manager@vrbank",
        "password": "pega123!"
    }
]
DEBUG [main] (GetPostSteps.java:57)- request body : 
[
    {
        "id": "2",
        "username": "manager@vrbank",
        "password": "pega123!"
    }
]
  &amp#27;[32mWhen &amp#27;[0m&amp#27;[32mI perform GET for the id number &amp#27;[0m&amp#27;[32m&amp#27;[1m2&amp#27;[0m                                        &amp#27;[90m# stepdefinitions.GetPostSteps.i_perform_get_for_the_id_number(java.lang.Integer)&amp#27;[0m
DEBUG [main] (GetPostSteps.java:87) - i_should_see_the_username_is_and_password_is : manager@vrbank : pega123!
DEBUG [main] (GetPostSteps.java:87)- i_should_see_the_username_is_and_password_is : manager@vrbank : pega123!
DEBUG [main] (GetPostSteps.java:101) - io.restassured.internal.RestAssuredResponseImpl@375ff309
DEBUG [main] (GetPostSteps.java:101)- io.restassured.internal.RestAssuredResponseImpl@375ff309
  &amp#27;[32mThen &amp#27;[0m&amp#27;[32mI should see the username is &amp#27;[0m&amp#27;[32m&amp#27;[1m"manager@vrbank"&amp#27;[0m&amp#27;[32m and password is &amp#27;[0m&amp#27;[32m&amp#27;[1m"pega123!"&amp#27;[0m &amp#27;[90m# stepdefinitions.GetPostSteps.i_should_see_the_username_is_and_password_is(java.lang.String,java.lang.String)&amp#27;[0m
09:07:04.170 [AsyncHttpClient-1-7] DEBUG o.a.netty.handler.WebSocketHandler - Channel Closed: [id: 0x06f7436f, L:/127.0.0.1:54713 ! R:localhost/127.0.0.1:54706] with attribute NettyResponseFuture{currentRetry=5,
	isDone=1,
	isCancelled=0,
	asyncHandler=org.asynchttpclient.ws.WebSocketUpgradeHandler@748062ef,
	nettyRequest=org.asynchttpclient.netty.request.NettyRequest@3182f21b,
	future=java.util.concurrent.CompletableFuture@f082145[Completed normally],
	uri=ws://localhost:54706/devtools/browser/e750831e-707a-4c4e-9a32-0ff5d17ad279,
	keepAlive=true,
	redirectCount=0,
	timeoutsHolder=null,
	inAuth=0,
	touch=1648602423887}
09:07:04.171 [AsyncHttpClient-1-7] DEBUG o.a.netty.channel.ChannelManager - Closing Channel [id: 0x06f7436f, L:/127.0.0.1:54713 ! R:localhost/127.0.0.1:54706] 
09:07:04.173 [Driver Command Executor] DEBUG o.a.netty.request.NettyRequestSender - Using pooled Channel '[id: 0x5970e6b1, L:/127.0.0.1:54705 - R:localhost/127.0.0.1:56365]' for 'DELETE' to 'http://localhost:56365/session/693d4a9f11bb75a07742349472e76318'
09:07:04.174 [Driver Command Executor] DEBUG o.a.netty.request.NettyRequestSender - Using open Channel [id: 0x5970e6b1, L:/127.0.0.1:54705 - R:localhost/127.0.0.1:56365] for DELETE '/session/693d4a9f11bb75a07742349472e76318'
09:07:04.196 [AsyncHttpClient-1-6] DEBUG o.a.netty.handler.HttpHandler - Unexpected I/O exception on channel [id: 0xc65bf3e1, L:/127.0.0.1:54712 - R:localhost/127.0.0.1:54706]
java.net.SocketException: Connection reset
	at java.base/sun.nio.ch.SocketChannelImpl.throwConnectionReset(SocketChannelImpl.java:367) ~[na:na]
	at java.base/sun.nio.ch.SocketChannelImpl.read(SocketChannelImpl.java:398) ~[na:na]
	at io.netty.buffer.PooledByteBuf.setBytes(PooledByteBuf.java:253) ~[netty-buffer-4.1.70.Final.jar:4.1.70.Final]
	at io.netty.buffer.AbstractByteBuf.writeBytes(AbstractByteBuf.java:1132) ~[netty-buffer-4.1.70.Final.jar:4.1.70.Final]
	at io.netty.channel.socket.nio.NioSocketChannel.doReadBytes(NioSocketChannel.java:350) ~[netty-transport-4.1.70.Final.jar:4.1.70.Final]
	at io.netty.channel.nio.AbstractNioByteChannel$NioByteUnsafe.read(AbstractNioByteChannel.java:151) ~[netty-transport-4.1.70.Final.jar:4.1.70.Final]
	at io.netty.channel.nio.NioEventLoop.processSelectedKey(NioEventLoop.java:719) ~[netty-transport-4.1.70.Final.jar:4.1.70.Final]
	at io.netty.channel.nio.NioEventLoop.processSelectedKeysOptimized(NioEventLoop.java:655) ~[netty-transport-4.1.70.Final.jar:4.1.70.Final]
	at io.netty.channel.nio.NioEventLoop.processSelectedKeys(NioEventLoop.java:581) ~[netty-transport-4.1.70.Final.jar:4.1.70.Final]
	at io.netty.channel.nio.NioEventLoop.run(NioEventLoop.java:493) ~[netty-transport-4.1.70.Final.jar:4.1.70.Final]
	at io.netty.util.concurrent.SingleThreadEventExecutor$4.run(SingleThreadEventExecutor.java:986) ~[netty-common-4.1.70.Final.jar:4.1.70.Final]
	at io.netty.util.internal.ThreadExecutorMap$2.run(ThreadExecutorMap.java:74) ~[netty-common-4.1.70.Final.jar:4.1.70.Final]
	at io.netty.util.concurrent.FastThreadLocalRunnable.run(FastThreadLocalRunnable.java:30) ~[netty-common-4.1.70.Final.jar:4.1.70.Final]
	at java.base/java.lang.Thread.run(Thread.java:832) ~[na:na]
09:07:04.197 [AsyncHttpClient-1-6] DEBUG o.a.netty.channel.ChannelManager - Closing Channel [id: 0xc65bf3e1, L:/127.0.0.1:54712 - R:localhost/127.0.0.1:54706] 
09:07:04.197 [AsyncHttpClient-1-6] DEBUG o.a.netty.handler.HttpHandler - Channel Closed: [id: 0xc65bf3e1, L:/127.0.0.1:54712 ! R:localhost/127.0.0.1:54706] with attribute DISCARD
09:07:04.208 [AsyncHttpClient-1-5] DEBUG o.a.netty.handler.HttpHandler - 

Request DefaultFullHttpRequest(decodeResult: success, version: HTTP/1.1, content: EmptyByteBufBE)
DELETE /session/693d4a9f11bb75a07742349472e76318 HTTP/1.1
User-Agent: selenium/4.1.2 (java windows)
Content-Type: application/json; charset=utf-8
host: localhost:56365
accept: */*

Response DefaultHttpResponse(decodeResult: success, version: HTTP/1.1)
HTTP/1.1 200 OK
Content-Type: application/json; charset=utf-8
cache-control: no-cache
content-length: 14

09:07:04.208 [AsyncHttpClient-1-5] DEBUG o.a.netty.channel.ChannelManager - Adding key: http://localhost:56365 for channel [id: 0x5970e6b1, L:/127.0.0.1:54705 - R:localhost/127.0.0.1:56365]
09:07:04.249 [AsyncHttpClient-1-5] DEBUG o.a.netty.handler.HttpHandler - Channel Closed: [id: 0x5970e6b1, L:/127.0.0.1:54705 ! R:localhost/127.0.0.1:56365] with attribute DISCARD
09:07:04.442 [AsyncHttpClient-1-1] DEBUG o.a.netty.channel.DefaultChannelPool - Entry count for : http://localhost:54706 : 1
09:07:04.442 [AsyncHttpClient-1-1] DEBUG o.a.netty.channel.DefaultChannelPool - Entry count for : http://localhost:56365 : 1
09:07:04.442 [AsyncHttpClient-1-1] DEBUG o.a.netty.channel.DefaultChannelPool - Adding Candidate expired Channel [id: 0xc65bf3e1, L:/127.0.0.1:54712 ! R:localhost/127.0.0.1:54706] isIdleTimeoutExpired=false isRemotelyClosed=true isTtlExpired=false
09:07:04.442 [AsyncHttpClient-1-1] DEBUG o.a.netty.channel.DefaultChannelPool - Closing Idle Channel [id: 0xc65bf3e1, L:/127.0.0.1:54712 ! R:localhost/127.0.0.1:54706]
09:07:04.442 [AsyncHttpClient-1-1] DEBUG o.a.netty.channel.DefaultChannelPool - Adding Candidate expired Channel [id: 0x5970e6b1, L:/127.0.0.1:54705 ! R:localhost/127.0.0.1:56365] isIdleTimeoutExpired=false isRemotelyClosed=true isTtlExpired=false
09:07:04.442 [AsyncHttpClient-1-1] DEBUG o.a.netty.channel.DefaultChannelPool - Closing Idle Channel [id: 0x5970e6b1, L:/127.0.0.1:54705 ! R:localhost/127.0.0.1:56365]
09:07:04.442 [AsyncHttpClient-1-1] DEBUG o.a.netty.channel.DefaultChannelPool - Closed 2 connections out of 2 in 0 ms
09:07:04.779 [main] INFO   - 
  _____   ___   ___   _____     ___     _     ___   ___   ___   ___  
 |_   _| | __| / __| |_   _|   | _ \   /_\   / __| / __| | __| |   \ 
   | |   | _|  \__ \   | |     |  _/  / _ \  \__ \ \__ \ | _|  | |) |
   |_|   |___| |___/   |_|     |_|   /_/ \_\ |___/ |___/ |___| |___/ 

Verify one existing user credentials
----------------------------------------------------------------------
]]></system-out>
    <system-err><![CDATA[Starting ChromeDriver 99.0.4844.51 (d537ec02474b5afe23684e7963d538896c63ac77-refs/branch-heads/4844@{#875}) on port 56365
Only local connections are allowed.
Please see https://chromedriver.chromium.org/security-considerations for suggestions on keeping ChromeDriver safe.
ChromeDriver was started successfully.
Mar 30, 2022 9:07:03 AM org.openqa.selenium.remote.ProtocolHandshake createSession
INFO: Detected dialect: W3C
Mar 30, 2022 9:07:03 AM org.openqa.selenium.devtools.CdpVersionFinder findNearestMatch
WARNING: Unable to find an exact match for CDP version 99, so returning the closest version found: 96
Mar 30, 2022 9:07:03 AM org.openqa.selenium.devtools.CdpVersionFinder findNearestMatch
INFO: Found CDP implementation for version 99 of 96
]]></system-err>
  </testcase>
  <testcase name="Verify one existing comments" classname="Verify different GET operations using REST-assured" time="2.201">
    <system-out><![CDATA[
@All @Performance @testing3
Scenario: Verify one existing comments                          &amp#27;[90m# src/main/resources/AppFeatures/GetPost.feature:16&amp#27;[0m
09:07:04.787 [main] INFO  i.c.core.plugin.SerenityReporter - Running feature from file:///Z:/Automation/JavaCucumber/BDD_HCL/CucumberHCL/src/main/resources/AppFeatures/GetPost.feature
09:07:04.787 [main] WARN  i.c.core.plugin.SerenityReporter - Feature from file:///Z:/Automation/JavaCucumber/BDD_HCL/CucumberHCL/src/main/resources/AppFeatures/GetPost.feature is not under the 'features' directory. Requirements report will not be correctly generated!
09:07:04.790 [main] INFO   - 
  _____   ___   ___   _____     ___   _____     _     ___   _____   ___   ___  
 |_   _| | __| / __| |_   _|   / __| |_   _|   /_\   | _ \ |_   _| | __| |   \ 
   | |   | _|  \__ \   | |     \__ \   | |    / _ \  |   /   | |   | _|  | |) |
   |_|   |___| |___/   |_|     |___/   |_|   /_/ \_\ |_|_\   |_|   |___| |___/ 

Verify one existing comments(verify-different-get-operations-using-rest-assured;verify-one-existing-comments)
--------------------------------------------------------------------------------
DEBUG [main] (DriversFactory.java:28) - Initialize Driver Browser Configuration
DEBUG [main] (DriversFactory.java:28)- Initialize Driver Browser Configuration
DEBUG [main] (DriversFactory.java:30) -  Driver Browser : chrome
DEBUG [main] (DriversFactory.java:30)-  Driver Browser : chrome
09:07:04.806 [main] DEBUG i.g.bonigarcia.wdm.WebDriverManager - Driver chromedriver 99.0.4844.51 found in cache
09:07:04.807 [main] INFO  i.g.bonigarcia.wdm.WebDriverManager - Exporting webdriver.chrome.driver as C:\Users\DheyClaveria\.cache\selenium\chromedriver\win32\99.0.4844.51\chromedriver.exe
09:07:05.327 [AsyncHttpClient-1-8] DEBUG o.a.n.channel.NettyConnectListener - Using new Channel '[id: 0x2c43eccc, L:/127.0.0.1:54721 - R:localhost/127.0.0.1:61966]' for 'POST' to '/session'
DEBUG [Finalizer] (DefaultClientConnection.java:180) - Connection 0.0.0.0:54699<->127.0.0.1:3000 closed
DEBUG [Finalizer] (DefaultClientConnection.java:180)- Connection 0.0.0.0:54699<->127.0.0.1:3000 closed
DEBUG [Finalizer] (DefaultClientConnection.java:180) - Connection 0.0.0.0:54700<->127.0.0.1:3000 closed
DEBUG [Finalizer] (DefaultClientConnection.java:180)- Connection 0.0.0.0:54700<->127.0.0.1:3000 closed
09:07:06.072 [AsyncHttpClient-1-8] DEBUG o.a.netty.handler.HttpHandler - 

Request DefaultHttpRequest(decodeResult: success, version: HTTP/1.1)
POST /session HTTP/1.1
User-Agent: selenium/4.1.2 (java windows)
Content-Length: 365
Content-Type: application/json; charset=utf-8
host: localhost:61966
accept: */*

Response DefaultHttpResponse(decodeResult: success, version: HTTP/1.1)
HTTP/1.1 200 OK
Content-Type: application/json; charset=utf-8
cache-control: no-cache
content-length: 794

09:07:06.073 [AsyncHttpClient-1-8] DEBUG o.a.netty.channel.ChannelManager - Adding key: http://localhost:61966 for channel [id: 0x2c43eccc, L:/127.0.0.1:54721 - R:localhost/127.0.0.1:61966]
09:07:06.080 [AsyncHttpClient-1-9] DEBUG o.a.n.channel.NettyConnectListener - Using new Channel '[id: 0x47779976, L:/127.0.0.1:54728 - R:localhost/127.0.0.1:54722]' for 'GET' to '/json/version'
09:07:06.084 [AsyncHttpClient-1-9] DEBUG o.a.netty.handler.HttpHandler - 

Request DefaultFullHttpRequest(decodeResult: success, version: HTTP/1.1, content: EmptyByteBufBE)
GET /json/version HTTP/1.1
User-Agent: selenium/4.1.2 (java windows)
host: localhost:54722
accept: */*

Response DefaultHttpResponse(decodeResult: success, version: HTTP/1.1)
HTTP/1.1 200 OK
Content-Type: application/json; charset=UTF-8
content-length: 424

09:07:06.084 [AsyncHttpClient-1-9] DEBUG o.a.netty.channel.ChannelManager - Adding key: http://localhost:54722 for channel [id: 0x47779976, L:/127.0.0.1:54728 - R:localhost/127.0.0.1:54722]
09:07:06.086 [AsyncHttpClient-1-10] DEBUG o.a.n.channel.NettyConnectListener - Using new Channel '[id: 0x65adbaab, L:/127.0.0.1:54729 - R:localhost/127.0.0.1:54722]' for 'GET' to '/devtools/browser/f905a941-9f53-4c55-8178-534e1a300667'
09:07:06.090 [AsyncHttpClient-1-10] DEBUG o.a.netty.handler.WebSocketHandler - 

Request DefaultFullHttpRequest(decodeResult: success, version: HTTP/1.1, content: EmptyByteBufBE)
GET /devtools/browser/f905a941-9f53-4c55-8178-534e1a300667 HTTP/1.1
upgrade: websocket
connection: upgrade
sec-websocket-key: mrOoPRlY+fxmjF6O9H2Y1Q==
sec-websocket-version: 13
origin: http://localhost:54722
host: localhost:54722
accept: */*
user-agent: AHC/2.1

Response DefaultHttpResponse(decodeResult: success, version: HTTP/1.1)
HTTP/1.1 101 WebSocket Protocol Handshake
Upgrade: WebSocket
Connection: Upgrade
Sec-WebSocket-Accept: hAjKBmvGQgbwaWP4HJf3lWl4o5A=

09:07:06.095 [Forwarding deleteAllCookies on session febd860cb1058d125c6f0e25e4f1b495 to remote] DEBUG o.a.netty.request.NettyRequestSender - Using pooled Channel '[id: 0x2c43eccc, L:/127.0.0.1:54721 - R:localhost/127.0.0.1:61966]' for 'DELETE' to 'http://localhost:61966/session/febd860cb1058d125c6f0e25e4f1b495/cookie'
09:07:06.095 [Forwarding deleteAllCookies on session febd860cb1058d125c6f0e25e4f1b495 to remote] DEBUG o.a.netty.request.NettyRequestSender - Using open Channel [id: 0x2c43eccc, L:/127.0.0.1:54721 - R:localhost/127.0.0.1:61966] for DELETE '/session/febd860cb1058d125c6f0e25e4f1b495/cookie'
09:07:06.100 [AsyncHttpClient-1-8] DEBUG o.a.netty.handler.HttpHandler - 

Request DefaultFullHttpRequest(decodeResult: success, version: HTTP/1.1, content: EmptyByteBufBE)
DELETE /session/febd860cb1058d125c6f0e25e4f1b495/cookie HTTP/1.1
User-Agent: selenium/4.1.2 (java windows)
Content-Type: application/json; charset=utf-8
host: localhost:61966
accept: */*

Response DefaultHttpResponse(decodeResult: success, version: HTTP/1.1)
HTTP/1.1 200 OK
Content-Type: application/json; charset=utf-8
cache-control: no-cache
content-length: 14

09:07:06.100 [AsyncHttpClient-1-8] DEBUG o.a.netty.channel.ChannelManager - Adding key: http://localhost:61966 for channel [id: 0x2c43eccc, L:/127.0.0.1:54721 - R:localhost/127.0.0.1:61966]
09:07:06.102 [Forwarding maximizeCurrentWindow on session febd860cb1058d125c6f0e25e4f1b495 to remote] DEBUG o.a.netty.request.NettyRequestSender - Using pooled Channel '[id: 0x2c43eccc, L:/127.0.0.1:54721 - R:localhost/127.0.0.1:61966]' for 'POST' to 'http://localhost:61966/session/febd860cb1058d125c6f0e25e4f1b495/window/maximize'
09:07:06.102 [Forwarding maximizeCurrentWindow on session febd860cb1058d125c6f0e25e4f1b495 to remote] DEBUG o.a.netty.request.NettyRequestSender - Using open Channel [id: 0x2c43eccc, L:/127.0.0.1:54721 - R:localhost/127.0.0.1:61966] for POST '/session/febd860cb1058d125c6f0e25e4f1b495/window/maximize'
09:07:06.232 [AsyncHttpClient-1-8] DEBUG o.a.netty.handler.HttpHandler - 

Request DefaultHttpRequest(decodeResult: success, version: HTTP/1.1)
POST /session/febd860cb1058d125c6f0e25e4f1b495/window/maximize HTTP/1.1
User-Agent: selenium/4.1.2 (java windows)
Content-Length: 3
Content-Type: application/json; charset=utf-8
host: localhost:61966
accept: */*

Response DefaultHttpResponse(decodeResult: success, version: HTTP/1.1)
HTTP/1.1 200 OK
Content-Type: application/json; charset=utf-8
cache-control: no-cache
content-length: 52

09:07:06.232 [AsyncHttpClient-1-8] DEBUG o.a.netty.channel.ChannelManager - Adding key: http://localhost:61966 for channel [id: 0x2c43eccc, L:/127.0.0.1:54721 - R:localhost/127.0.0.1:61966]
DEBUG [main] (GetPostSteps.java:28) - i_perform_get_operation_for/comments
DEBUG [main] (GetPostSteps.java:28)- i_perform_get_operation_for/comments
DEBUG [main] (RestAssuredExtension.java:64) - GetOps : /comments
DEBUG [main] (RestAssuredExtension.java:64)- GetOps : /comments
DEBUG [main] (BasicClientConnectionManager.java:161) - Get connection for route {}->http://localhost:3000
DEBUG [main] (BasicClientConnectionManager.java:161)- Get connection for route {}->http://localhost:3000
DEBUG [main] (DefaultClientConnectionOperator.java:177) - Connecting to localhost:3000
DEBUG [main] (DefaultClientConnectionOperator.java:177)- Connecting to localhost:3000
DEBUG [main] (RequestAddCookies.java:123) - CookieSpec selected: ignoreCookies
DEBUG [main] (RequestAddCookies.java:123)- CookieSpec selected: ignoreCookies
DEBUG [main] (RequestAuthCache.java:77) - Auth cache not set in the context
DEBUG [main] (RequestAuthCache.java:77)- Auth cache not set in the context
DEBUG [main] (RequestTargetAuthentication.java:80) - Target auth state: UNCHALLENGED
DEBUG [main] (RequestTargetAuthentication.java:80)- Target auth state: UNCHALLENGED
DEBUG [main] (RequestProxyAuthentication.java:89) - Proxy auth state: UNCHALLENGED
DEBUG [main] (RequestProxyAuthentication.java:89)- Proxy auth state: UNCHALLENGED
DEBUG [main] (DefaultRequestDirector.java:677) - Attempt 1 to execute request
DEBUG [main] (DefaultRequestDirector.java:677)- Attempt 1 to execute request
DEBUG [main] (DefaultClientConnection.java:274) - Sending request: GET /comments HTTP/1.1
DEBUG [main] (DefaultClientConnection.java:274)- Sending request: GET /comments HTTP/1.1
DEBUG [main] (Wire.java:73) -  >> "GET /comments HTTP/1.1[\r][\n]"
DEBUG [main] (Wire.java:73)-  >> "GET /comments HTTP/1.1[\r][\n]"
DEBUG [main] (Wire.java:73) -  >> "Content-Type: application/json[\r][\n]"
DEBUG [main] (Wire.java:73)-  >> "Content-Type: application/json[\r][\n]"
DEBUG [main] (Wire.java:73) -  >> "Accept: */*[\r][\n]"
DEBUG [main] (Wire.java:73)-  >> "Accept: */*[\r][\n]"
DEBUG [main] (Wire.java:73) -  >> "Host: localhost:3000[\r][\n]"
DEBUG [main] (Wire.java:73)-  >> "Host: localhost:3000[\r][\n]"
DEBUG [main] (Wire.java:73) -  >> "Connection: Keep-Alive[\r][\n]"
DEBUG [main] (Wire.java:73)-  >> "Connection: Keep-Alive[\r][\n]"
DEBUG [main] (Wire.java:73) -  >> "User-Agent: Apache-HttpClient/4.5.13 (Java/15.0.1)[\r][\n]"
DEBUG [main] (Wire.java:73)-  >> "User-Agent: Apache-HttpClient/4.5.13 (Java/15.0.1)[\r][\n]"
DEBUG [main] (Wire.java:73) -  >> "Accept-Encoding: gzip,deflate[\r][\n]"
DEBUG [main] (Wire.java:73)-  >> "Accept-Encoding: gzip,deflate[\r][\n]"
DEBUG [main] (Wire.java:73) -  >> "[\r][\n]"
DEBUG [main] (Wire.java:73)-  >> "[\r][\n]"
DEBUG [main] (DefaultClientConnection.java:278) - >> GET /comments HTTP/1.1
DEBUG [main] (DefaultClientConnection.java:278)- >> GET /comments HTTP/1.1
DEBUG [main] (DefaultClientConnection.java:281) - >> Content-Type: application/json
DEBUG [main] (DefaultClientConnection.java:281)- >> Content-Type: application/json
DEBUG [main] (DefaultClientConnection.java:281) - >> Accept: */*
DEBUG [main] (DefaultClientConnection.java:281)- >> Accept: */*
DEBUG [main] (DefaultClientConnection.java:281) - >> Host: localhost:3000
DEBUG [main] (DefaultClientConnection.java:281)- >> Host: localhost:3000
DEBUG [main] (DefaultClientConnection.java:281) - >> Connection: Keep-Alive
DEBUG [main] (DefaultClientConnection.java:281)- >> Connection: Keep-Alive
DEBUG [main] (DefaultClientConnection.java:281) - >> User-Agent: Apache-HttpClient/4.5.13 (Java/15.0.1)
DEBUG [main] (DefaultClientConnection.java:281)- >> User-Agent: Apache-HttpClient/4.5.13 (Java/15.0.1)
DEBUG [main] (DefaultClientConnection.java:281) - >> Accept-Encoding: gzip,deflate
DEBUG [main] (DefaultClientConnection.java:281)- >> Accept-Encoding: gzip,deflate
DEBUG [main] (Wire.java:73) -  << "HTTP/1.1 200 OK[\r][\n]"
DEBUG [main] (Wire.java:73)-  << "HTTP/1.1 200 OK[\r][\n]"
DEBUG [main] (Wire.java:73) -  << "X-Powered-By: Express[\r][\n]"
DEBUG [main] (Wire.java:73)-  << "X-Powered-By: Express[\r][\n]"
DEBUG [main] (Wire.java:73) -  << "Vary: Origin, Accept-Encoding[\r][\n]"
DEBUG [main] (Wire.java:73)-  << "Vary: Origin, Accept-Encoding[\r][\n]"
DEBUG [main] (Wire.java:73) -  << "Access-Control-Allow-Credentials: true[\r][\n]"
DEBUG [main] (Wire.java:73)-  << "Access-Control-Allow-Credentials: true[\r][\n]"
DEBUG [main] (Wire.java:73) -  << "Cache-Control: no-cache[\r][\n]"
DEBUG [main] (Wire.java:73)-  << "Cache-Control: no-cache[\r][\n]"
DEBUG [main] (Wire.java:73) -  << "Pragma: no-cache[\r][\n]"
DEBUG [main] (Wire.java:73)-  << "Pragma: no-cache[\r][\n]"
DEBUG [main] (Wire.java:73) -  << "Expires: -1[\r][\n]"
DEBUG [main] (Wire.java:73)-  << "Expires: -1[\r][\n]"
DEBUG [main] (Wire.java:73) -  << "X-Content-Type-Options: nosniff[\r][\n]"
DEBUG [main] (Wire.java:73)-  << "X-Content-Type-Options: nosniff[\r][\n]"
DEBUG [main] (Wire.java:73) -  << "Content-Type: application/json; charset=utf-8[\r][\n]"
DEBUG [main] (Wire.java:73)-  << "Content-Type: application/json; charset=utf-8[\r][\n]"
DEBUG [main] (Wire.java:73) -  << "Content-Length: 218[\r][\n]"
DEBUG [main] (Wire.java:73)-  << "Content-Length: 218[\r][\n]"
DEBUG [main] (Wire.java:73) -  << "ETag: W/"da-7sHRu8zgCXEA5LKpY20pYe5ED8A"[\r][\n]"
DEBUG [main] (Wire.java:73)-  << "ETag: W/"da-7sHRu8zgCXEA5LKpY20pYe5ED8A"[\r][\n]"
DEBUG [main] (Wire.java:73) -  << "Date: Wed, 30 Mar 2022 01:07:06 GMT[\r][\n]"
DEBUG [main] (Wire.java:73)-  << "Date: Wed, 30 Mar 2022 01:07:06 GMT[\r][\n]"
DEBUG [main] (Wire.java:73) -  << "Connection: keep-alive[\r][\n]"
DEBUG [main] (Wire.java:73)-  << "Connection: keep-alive[\r][\n]"
DEBUG [main] (Wire.java:73) -  << "[\r][\n]"
DEBUG [main] (Wire.java:73)-  << "[\r][\n]"
DEBUG [main] (DefaultClientConnection.java:259) - Receiving response: HTTP/1.1 200 OK
DEBUG [main] (DefaultClientConnection.java:259)- Receiving response: HTTP/1.1 200 OK
DEBUG [main] (DefaultClientConnection.java:262) - << HTTP/1.1 200 OK
DEBUG [main] (DefaultClientConnection.java:262)- << HTTP/1.1 200 OK
DEBUG [main] (DefaultClientConnection.java:265) - << X-Powered-By: Express
DEBUG [main] (DefaultClientConnection.java:265)- << X-Powered-By: Express
DEBUG [main] (DefaultClientConnection.java:265) - << Vary: Origin, Accept-Encoding
DEBUG [main] (DefaultClientConnection.java:265)- << Vary: Origin, Accept-Encoding
DEBUG [main] (DefaultClientConnection.java:265) - << Access-Control-Allow-Credentials: true
DEBUG [main] (DefaultClientConnection.java:265)- << Access-Control-Allow-Credentials: true
DEBUG [main] (DefaultClientConnection.java:265) - << Cache-Control: no-cache
DEBUG [main] (DefaultClientConnection.java:265)- << Cache-Control: no-cache
DEBUG [main] (DefaultClientConnection.java:265) - << Pragma: no-cache
DEBUG [main] (DefaultClientConnection.java:265)- << Pragma: no-cache
DEBUG [main] (DefaultClientConnection.java:265) - << Expires: -1
DEBUG [main] (DefaultClientConnection.java:265)- << Expires: -1
DEBUG [main] (DefaultClientConnection.java:265) - << X-Content-Type-Options: nosniff
DEBUG [main] (DefaultClientConnection.java:265)- << X-Content-Type-Options: nosniff
DEBUG [main] (DefaultClientConnection.java:265) - << Content-Type: application/json; charset=utf-8
DEBUG [main] (DefaultClientConnection.java:265)- << Content-Type: application/json; charset=utf-8
DEBUG [main] (DefaultClientConnection.java:265) - << Content-Length: 218
DEBUG [main] (DefaultClientConnection.java:265)- << Content-Length: 218
DEBUG [main] (DefaultClientConnection.java:265) - << ETag: W/"da-7sHRu8zgCXEA5LKpY20pYe5ED8A"
DEBUG [main] (DefaultClientConnection.java:265)- << ETag: W/"da-7sHRu8zgCXEA5LKpY20pYe5ED8A"
DEBUG [main] (DefaultClientConnection.java:265) - << Date: Wed, 30 Mar 2022 01:07:06 GMT
DEBUG [main] (DefaultClientConnection.java:265)- << Date: Wed, 30 Mar 2022 01:07:06 GMT
DEBUG [main] (DefaultClientConnection.java:265) - << Connection: keep-alive
DEBUG [main] (DefaultClientConnection.java:265)- << Connection: keep-alive
DEBUG [main] (DefaultRequestDirector.java:504) - Connection can be kept alive indefinitely
DEBUG [main] (DefaultRequestDirector.java:504)- Connection can be kept alive indefinitely
DEBUG [main] (HTTPBuilder.java:547) - Parsing response as: application/json; charset=utf-8
DEBUG [main] (HTTPBuilder.java:547)- Parsing response as: application/json; charset=utf-8
DEBUG [main] (HTTPBuilder.java:550) - Parsed data to instance of: class org.apache.http.conn.EofSensorInputStream
DEBUG [main] (HTTPBuilder.java:550)- Parsed data to instance of: class org.apache.http.conn.EofSensorInputStream
  &amp#27;[32mGiven &amp#27;[0m&amp#27;[32mI perform GET operation for "&amp#27;[0m&amp#27;[32m&amp#27;[1m/comments&amp#27;[0m&amp#27;[32m"&amp#27;[0m                 &amp#27;[90m# stepdefinitions.GetPostSteps.i_perform_get_operation_for(java.lang.String)&amp#27;[0m
DEBUG [main] (GetPostSteps.java:63) - i_perform_get_using_parameter_id_number : 3
DEBUG [main] (GetPostSteps.java:63)- i_perform_get_using_parameter_id_number : 3
DEBUG [main] (RestAssuredExtension.java:36) - GETOpsWithPathParams : {id=3}
DEBUG [main] (RestAssuredExtension.java:36)- GETOpsWithPathParams : {id=3}
DEBUG [main] (BasicClientConnectionManager.java:161) - Get connection for route {}->http://localhost:3000
DEBUG [main] (BasicClientConnectionManager.java:161)- Get connection for route {}->http://localhost:3000
DEBUG [main] (DefaultClientConnectionOperator.java:177) - Connecting to localhost:3000
DEBUG [main] (DefaultClientConnectionOperator.java:177)- Connecting to localhost:3000
DEBUG [main] (RequestAddCookies.java:123) - CookieSpec selected: ignoreCookies
DEBUG [main] (RequestAddCookies.java:123)- CookieSpec selected: ignoreCookies
DEBUG [main] (RequestAuthCache.java:77) - Auth cache not set in the context
DEBUG [main] (RequestAuthCache.java:77)- Auth cache not set in the context
DEBUG [main] (RequestTargetAuthentication.java:80) - Target auth state: UNCHALLENGED
DEBUG [main] (RequestTargetAuthentication.java:80)- Target auth state: UNCHALLENGED
DEBUG [main] (RequestProxyAuthentication.java:89) - Proxy auth state: UNCHALLENGED
DEBUG [main] (RequestProxyAuthentication.java:89)- Proxy auth state: UNCHALLENGED
DEBUG [main] (DefaultRequestDirector.java:677) - Attempt 1 to execute request
DEBUG [main] (DefaultRequestDirector.java:677)- Attempt 1 to execute request
DEBUG [main] (DefaultClientConnection.java:274) - Sending request: GET /comments?id=3 HTTP/1.1
DEBUG [main] (DefaultClientConnection.java:274)- Sending request: GET /comments?id=3 HTTP/1.1
DEBUG [main] (Wire.java:73) -  >> "GET /comments?id=3 HTTP/1.1[\r][\n]"
DEBUG [main] (Wire.java:73)-  >> "GET /comments?id=3 HTTP/1.1[\r][\n]"
DEBUG [main] (Wire.java:73) -  >> "Content-Type: application/json[\r][\n]"
DEBUG [main] (Wire.java:73)-  >> "Content-Type: application/json[\r][\n]"
DEBUG [main] (Wire.java:73) -  >> "Accept: */*[\r][\n]"
DEBUG [main] (Wire.java:73)-  >> "Accept: */*[\r][\n]"
DEBUG [main] (Wire.java:73) -  >> "Host: localhost:3000[\r][\n]"
DEBUG [main] (Wire.java:73)-  >> "Host: localhost:3000[\r][\n]"
DEBUG [main] (Wire.java:73) -  >> "Connection: Keep-Alive[\r][\n]"
DEBUG [main] (Wire.java:73)-  >> "Connection: Keep-Alive[\r][\n]"
DEBUG [main] (Wire.java:73) -  >> "User-Agent: Apache-HttpClient/4.5.13 (Java/15.0.1)[\r][\n]"
DEBUG [main] (Wire.java:73)-  >> "User-Agent: Apache-HttpClient/4.5.13 (Java/15.0.1)[\r][\n]"
DEBUG [main] (Wire.java:73) -  >> "Accept-Encoding: gzip,deflate[\r][\n]"
DEBUG [main] (Wire.java:73)-  >> "Accept-Encoding: gzip,deflate[\r][\n]"
DEBUG [main] (Wire.java:73) -  >> "[\r][\n]"
DEBUG [main] (Wire.java:73)-  >> "[\r][\n]"
DEBUG [main] (DefaultClientConnection.java:278) - >> GET /comments?id=3 HTTP/1.1
DEBUG [main] (DefaultClientConnection.java:278)- >> GET /comments?id=3 HTTP/1.1
DEBUG [main] (DefaultClientConnection.java:281) - >> Content-Type: application/json
DEBUG [main] (DefaultClientConnection.java:281)- >> Content-Type: application/json
DEBUG [main] (DefaultClientConnection.java:281) - >> Accept: */*
DEBUG [main] (DefaultClientConnection.java:281)- >> Accept: */*
DEBUG [main] (DefaultClientConnection.java:281) - >> Host: localhost:3000
DEBUG [main] (DefaultClientConnection.java:281)- >> Host: localhost:3000
DEBUG [main] (DefaultClientConnection.java:281) - >> Connection: Keep-Alive
DEBUG [main] (DefaultClientConnection.java:281)- >> Connection: Keep-Alive
DEBUG [main] (DefaultClientConnection.java:281) - >> User-Agent: Apache-HttpClient/4.5.13 (Java/15.0.1)
DEBUG [main] (DefaultClientConnection.java:281)- >> User-Agent: Apache-HttpClient/4.5.13 (Java/15.0.1)
DEBUG [main] (DefaultClientConnection.java:281) - >> Accept-Encoding: gzip,deflate
DEBUG [main] (DefaultClientConnection.java:281)- >> Accept-Encoding: gzip,deflate
DEBUG [main] (Wire.java:73) -  << "HTTP/1.1 200 OK[\r][\n]"
DEBUG [main] (Wire.java:73)-  << "HTTP/1.1 200 OK[\r][\n]"
DEBUG [main] (Wire.java:73) -  << "X-Powered-By: Express[\r][\n]"
DEBUG [main] (Wire.java:73)-  << "X-Powered-By: Express[\r][\n]"
DEBUG [main] (Wire.java:73) -  << "Vary: Origin, Accept-Encoding[\r][\n]"
DEBUG [main] (Wire.java:73)-  << "Vary: Origin, Accept-Encoding[\r][\n]"
DEBUG [main] (Wire.java:73) -  << "Access-Control-Allow-Credentials: true[\r][\n]"
DEBUG [main] (Wire.java:73)-  << "Access-Control-Allow-Credentials: true[\r][\n]"
DEBUG [main] (Wire.java:73) -  << "Cache-Control: no-cache[\r][\n]"
DEBUG [main] (Wire.java:73)-  << "Cache-Control: no-cache[\r][\n]"
DEBUG [main] (Wire.java:73) -  << "Pragma: no-cache[\r][\n]"
DEBUG [main] (Wire.java:73)-  << "Pragma: no-cache[\r][\n]"
DEBUG [main] (Wire.java:73) -  << "Expires: -1[\r][\n]"
DEBUG [main] (Wire.java:73)-  << "Expires: -1[\r][\n]"
DEBUG [main] (Wire.java:73) -  << "X-Content-Type-Options: nosniff[\r][\n]"
DEBUG [main] (Wire.java:73)-  << "X-Content-Type-Options: nosniff[\r][\n]"
DEBUG [main] (Wire.java:73) -  << "Content-Type: application/json; charset=utf-8[\r][\n]"
DEBUG [main] (Wire.java:73)-  << "Content-Type: application/json; charset=utf-8[\r][\n]"
DEBUG [main] (Wire.java:73) -  << "Content-Length: 77[\r][\n]"
DEBUG [main] (Wire.java:73)-  << "Content-Length: 77[\r][\n]"
DEBUG [main] (Wire.java:73) -  << "ETag: W/"4d-0JfIo1cbNTHH1uFtqLSDLCn9aqU"[\r][\n]"
DEBUG [main] (Wire.java:73)-  << "ETag: W/"4d-0JfIo1cbNTHH1uFtqLSDLCn9aqU"[\r][\n]"
DEBUG [main] (Wire.java:73) -  << "Date: Wed, 30 Mar 2022 01:07:06 GMT[\r][\n]"
DEBUG [main] (Wire.java:73)-  << "Date: Wed, 30 Mar 2022 01:07:06 GMT[\r][\n]"
DEBUG [main] (Wire.java:73) -  << "Connection: keep-alive[\r][\n]"
DEBUG [main] (Wire.java:73)-  << "Connection: keep-alive[\r][\n]"
DEBUG [main] (Wire.java:73) -  << "[\r][\n]"
DEBUG [main] (Wire.java:73)-  << "[\r][\n]"
DEBUG [main] (DefaultClientConnection.java:259) - Receiving response: HTTP/1.1 200 OK
DEBUG [main] (DefaultClientConnection.java:259)- Receiving response: HTTP/1.1 200 OK
DEBUG [main] (DefaultClientConnection.java:262) - << HTTP/1.1 200 OK
DEBUG [main] (DefaultClientConnection.java:262)- << HTTP/1.1 200 OK
DEBUG [main] (DefaultClientConnection.java:265) - << X-Powered-By: Express
DEBUG [main] (DefaultClientConnection.java:265)- << X-Powered-By: Express
DEBUG [main] (DefaultClientConnection.java:265) - << Vary: Origin, Accept-Encoding
DEBUG [main] (DefaultClientConnection.java:265)- << Vary: Origin, Accept-Encoding
DEBUG [main] (DefaultClientConnection.java:265) - << Access-Control-Allow-Credentials: true
DEBUG [main] (DefaultClientConnection.java:265)- << Access-Control-Allow-Credentials: true
DEBUG [main] (DefaultClientConnection.java:265) - << Cache-Control: no-cache
DEBUG [main] (DefaultClientConnection.java:265)- << Cache-Control: no-cache
DEBUG [main] (DefaultClientConnection.java:265) - << Pragma: no-cache
DEBUG [main] (DefaultClientConnection.java:265)- << Pragma: no-cache
DEBUG [main] (DefaultClientConnection.java:265) - << Expires: -1
DEBUG [main] (DefaultClientConnection.java:265)- << Expires: -1
DEBUG [main] (DefaultClientConnection.java:265) - << X-Content-Type-Options: nosniff
DEBUG [main] (DefaultClientConnection.java:265)- << X-Content-Type-Options: nosniff
DEBUG [main] (DefaultClientConnection.java:265) - << Content-Type: application/json; charset=utf-8
DEBUG [main] (DefaultClientConnection.java:265)- << Content-Type: application/json; charset=utf-8
DEBUG [main] (DefaultClientConnection.java:265) - << Content-Length: 77
DEBUG [main] (DefaultClientConnection.java:265)- << Content-Length: 77
DEBUG [main] (DefaultClientConnection.java:265) - << ETag: W/"4d-0JfIo1cbNTHH1uFtqLSDLCn9aqU"
DEBUG [main] (DefaultClientConnection.java:265)- << ETag: W/"4d-0JfIo1cbNTHH1uFtqLSDLCn9aqU"
DEBUG [main] (DefaultClientConnection.java:265) - << Date: Wed, 30 Mar 2022 01:07:06 GMT
DEBUG [main] (DefaultClientConnection.java:265)- << Date: Wed, 30 Mar 2022 01:07:06 GMT
DEBUG [main] (DefaultClientConnection.java:265) - << Connection: keep-alive
DEBUG [main] (DefaultClientConnection.java:265)- << Connection: keep-alive
DEBUG [main] (DefaultRequestDirector.java:504) - Connection can be kept alive indefinitely
DEBUG [main] (DefaultRequestDirector.java:504)- Connection can be kept alive indefinitely
DEBUG [main] (HTTPBuilder.java:547) - Parsing response as: application/json; charset=utf-8
DEBUG [main] (HTTPBuilder.java:547)- Parsing response as: application/json; charset=utf-8
DEBUG [main] (HTTPBuilder.java:550) - Parsed data to instance of: class org.apache.http.conn.EofSensorInputStream
DEBUG [main] (HTTPBuilder.java:550)- Parsed data to instance of: class org.apache.http.conn.EofSensorInputStream
DEBUG [main] (Wire.java:73) -  << "[[\n]"
DEBUG [main] (Wire.java:73)-  << "[[\n]"
DEBUG [main] (Wire.java:73) -  << "  {[\n]"
DEBUG [main] (Wire.java:73)-  << "  {[\n]"
DEBUG [main] (Wire.java:73) -  << "    "id": 3,[\n]"
DEBUG [main] (Wire.java:73)-  << "    "id": 3,[\n]"
DEBUG [main] (Wire.java:73) -  << "    "body": "this is comment for 3",[\n]"
DEBUG [main] (Wire.java:73)-  << "    "body": "this is comment for 3",[\n]"
DEBUG [main] (Wire.java:73) -  << "    "postId": 3[\n]"
DEBUG [main] (Wire.java:73)-  << "    "postId": 3[\n]"
DEBUG [main] (Wire.java:73) -  << "  }[\n]"
DEBUG [main] (Wire.java:73)-  << "  }[\n]"
DEBUG [main] (Wire.java:87) -  << "]"
DEBUG [main] (Wire.java:87)-  << "]"
DEBUG [main] (BasicClientConnectionManager.java:200) - Releasing connection org.apache.http.impl.conn.ManagedClientConnectionImpl@4a9412c4
DEBUG [main] (BasicClientConnectionManager.java:200)- Releasing connection org.apache.http.impl.conn.ManagedClientConnectionImpl@4a9412c4
DEBUG [main] (BasicClientConnectionManager.java:225) - Connection can be kept alive indefinitely
DEBUG [main] (BasicClientConnectionManager.java:225)- Connection can be kept alive indefinitely
DEBUG [main] (GetPostSteps.java:70) - request body : 
[
    {
        "id": 3,
        "body": "this is comment for 3",
        "postId": 3
    }
]
DEBUG [main] (GetPostSteps.java:70)- request body : 
[
    {
        "id": 3,
        "body": "this is comment for 3",
        "postId": 3
    }
]
  &amp#27;[32mWhen &amp#27;[0m&amp#27;[32mI perform GET using parameter id number &amp#27;[0m&amp#27;[32m&amp#27;[1m3&amp#27;[0m                &amp#27;[90m# stepdefinitions.GetPostSteps.i_perform_get_using_parameter_id_number(java.lang.Integer)&amp#27;[0m
DEBUG [main] (GetPostSteps.java:76) - i_should_see_the_comment_body_is : this is comment for 3
DEBUG [main] (GetPostSteps.java:76)- i_should_see_the_comment_body_is : this is comment for 3
  &amp#27;[32mThen &amp#27;[0m&amp#27;[32mI should see the comment body is &amp#27;[0m&amp#27;[32m&amp#27;[1m"this is comment for 3"&amp#27;[0m &amp#27;[90m# stepdefinitions.GetPostSteps.i_should_see_the_comment_body_is(java.lang.String)&amp#27;[0m
09:07:06.354 [AsyncHttpClient-1-10] DEBUG o.a.netty.handler.WebSocketHandler - Channel Closed: [id: 0x65adbaab, L:/127.0.0.1:54729 ! R:localhost/127.0.0.1:54722] with attribute NettyResponseFuture{currentRetry=5,
	isDone=1,
	isCancelled=0,
	asyncHandler=org.asynchttpclient.ws.WebSocketUpgradeHandler@12d7d206,
	nettyRequest=org.asynchttpclient.netty.request.NettyRequest@57d55e38,
	future=java.util.concurrent.CompletableFuture@32d4b9bd[Completed normally],
	uri=ws://localhost:54722/devtools/browser/f905a941-9f53-4c55-8178-534e1a300667,
	keepAlive=true,
	redirectCount=0,
	timeoutsHolder=null,
	inAuth=0,
	touch=1648602426091}
09:07:06.355 [AsyncHttpClient-1-10] DEBUG o.a.netty.channel.ChannelManager - Closing Channel [id: 0x65adbaab, L:/127.0.0.1:54729 ! R:localhost/127.0.0.1:54722] 
09:07:06.355 [Driver Command Executor] DEBUG o.a.netty.request.NettyRequestSender - Using pooled Channel '[id: 0x2c43eccc, L:/127.0.0.1:54721 - R:localhost/127.0.0.1:61966]' for 'DELETE' to 'http://localhost:61966/session/febd860cb1058d125c6f0e25e4f1b495'
09:07:06.355 [Driver Command Executor] DEBUG o.a.netty.request.NettyRequestSender - Using open Channel [id: 0x2c43eccc, L:/127.0.0.1:54721 - R:localhost/127.0.0.1:61966] for DELETE '/session/febd860cb1058d125c6f0e25e4f1b495'
09:07:06.404 [AsyncHttpClient-1-9] DEBUG o.a.netty.handler.HttpHandler - Unexpected I/O exception on channel [id: 0x47779976, L:/127.0.0.1:54728 - R:localhost/127.0.0.1:54722]
java.net.SocketException: Connection reset
	at java.base/sun.nio.ch.SocketChannelImpl.throwConnectionReset(SocketChannelImpl.java:367) ~[na:na]
	at java.base/sun.nio.ch.SocketChannelImpl.read(SocketChannelImpl.java:398) ~[na:na]
	at io.netty.buffer.PooledByteBuf.setBytes(PooledByteBuf.java:253) ~[netty-buffer-4.1.70.Final.jar:4.1.70.Final]
	at io.netty.buffer.AbstractByteBuf.writeBytes(AbstractByteBuf.java:1132) ~[netty-buffer-4.1.70.Final.jar:4.1.70.Final]
	at io.netty.channel.socket.nio.NioSocketChannel.doReadBytes(NioSocketChannel.java:350) ~[netty-transport-4.1.70.Final.jar:4.1.70.Final]
	at io.netty.channel.nio.AbstractNioByteChannel$NioByteUnsafe.read(AbstractNioByteChannel.java:151) ~[netty-transport-4.1.70.Final.jar:4.1.70.Final]
	at io.netty.channel.nio.NioEventLoop.processSelectedKey(NioEventLoop.java:719) ~[netty-transport-4.1.70.Final.jar:4.1.70.Final]
	at io.netty.channel.nio.NioEventLoop.processSelectedKeysOptimized(NioEventLoop.java:655) ~[netty-transport-4.1.70.Final.jar:4.1.70.Final]
	at io.netty.channel.nio.NioEventLoop.processSelectedKeys(NioEventLoop.java:581) ~[netty-transport-4.1.70.Final.jar:4.1.70.Final]
	at io.netty.channel.nio.NioEventLoop.run(NioEventLoop.java:493) ~[netty-transport-4.1.70.Final.jar:4.1.70.Final]
	at io.netty.util.concurrent.SingleThreadEventExecutor$4.run(SingleThreadEventExecutor.java:986) ~[netty-common-4.1.70.Final.jar:4.1.70.Final]
	at io.netty.util.internal.ThreadExecutorMap$2.run(ThreadExecutorMap.java:74) ~[netty-common-4.1.70.Final.jar:4.1.70.Final]
	at io.netty.util.concurrent.FastThreadLocalRunnable.run(FastThreadLocalRunnable.java:30) ~[netty-common-4.1.70.Final.jar:4.1.70.Final]
	at java.base/java.lang.Thread.run(Thread.java:832) ~[na:na]
09:07:06.405 [AsyncHttpClient-1-9] DEBUG o.a.netty.channel.ChannelManager - Closing Channel [id: 0x47779976, L:/127.0.0.1:54728 - R:localhost/127.0.0.1:54722] 
09:07:06.405 [AsyncHttpClient-1-9] DEBUG o.a.netty.handler.HttpHandler - Channel Closed: [id: 0x47779976, L:/127.0.0.1:54728 ! R:localhost/127.0.0.1:54722] with attribute DISCARD
09:07:06.416 [AsyncHttpClient-1-8] DEBUG o.a.netty.handler.HttpHandler - 

Request DefaultFullHttpRequest(decodeResult: success, version: HTTP/1.1, content: EmptyByteBufBE)
DELETE /session/febd860cb1058d125c6f0e25e4f1b495 HTTP/1.1
User-Agent: selenium/4.1.2 (java windows)
Content-Type: application/json; charset=utf-8
host: localhost:61966
accept: */*

Response DefaultHttpResponse(decodeResult: success, version: HTTP/1.1)
HTTP/1.1 200 OK
Content-Type: application/json; charset=utf-8
cache-control: no-cache
content-length: 14

09:07:06.416 [AsyncHttpClient-1-8] DEBUG o.a.netty.channel.ChannelManager - Adding key: http://localhost:61966 for channel [id: 0x2c43eccc, L:/127.0.0.1:54721 - R:localhost/127.0.0.1:61966]
09:07:06.449 [AsyncHttpClient-1-8] DEBUG o.a.netty.handler.HttpHandler - Channel Closed: [id: 0x2c43eccc, L:/127.0.0.1:54721 ! R:localhost/127.0.0.1:61966] with attribute DISCARD
09:07:06.646 [AsyncHttpClient-1-1] DEBUG o.a.netty.channel.DefaultChannelPool - Entry count for : http://localhost:61966 : 1
09:07:06.646 [AsyncHttpClient-1-1] DEBUG o.a.netty.channel.DefaultChannelPool - Entry count for : http://localhost:54722 : 1
09:07:06.646 [AsyncHttpClient-1-1] DEBUG o.a.netty.channel.DefaultChannelPool - Adding Candidate expired Channel [id: 0x2c43eccc, L:/127.0.0.1:54721 ! R:localhost/127.0.0.1:61966] isIdleTimeoutExpired=false isRemotelyClosed=true isTtlExpired=false
09:07:06.646 [AsyncHttpClient-1-1] DEBUG o.a.netty.channel.DefaultChannelPool - Closing Idle Channel [id: 0x2c43eccc, L:/127.0.0.1:54721 ! R:localhost/127.0.0.1:61966]
09:07:06.646 [AsyncHttpClient-1-1] DEBUG o.a.netty.channel.DefaultChannelPool - Adding Candidate expired Channel [id: 0x47779976, L:/127.0.0.1:54728 ! R:localhost/127.0.0.1:54722] isIdleTimeoutExpired=false isRemotelyClosed=true isTtlExpired=false
09:07:06.646 [AsyncHttpClient-1-1] DEBUG o.a.netty.channel.DefaultChannelPool - Closing Idle Channel [id: 0x47779976, L:/127.0.0.1:54728 ! R:localhost/127.0.0.1:54722]
09:07:06.647 [AsyncHttpClient-1-1] DEBUG o.a.netty.channel.DefaultChannelPool - Closed 2 connections out of 2 in 0 ms
09:07:06.981 [main] INFO   - 
  _____   ___   ___   _____     ___     _     ___   ___   ___   ___  
 |_   _| | __| / __| |_   _|   | _ \   /_\   / __| / __| | __| |   \ 
   | |   | _|  \__ \   | |     |  _/  / _ \  \__ \ \__ \ | _|  | |) |
   |_|   |___| |___/   |_|     |_|   /_/ \_\ |___/ |___/ |___| |___/ 

Verify one existing comments
----------------------------------------------------------------------
]]></system-out>
    <system-err><![CDATA[Starting ChromeDriver 99.0.4844.51 (d537ec02474b5afe23684e7963d538896c63ac77-refs/branch-heads/4844@{#875}) on port 61966
Only local connections are allowed.
Please see https://chromedriver.chromium.org/security-considerations for suggestions on keeping ChromeDriver safe.
ChromeDriver was started successfully.
Mar 30, 2022 9:07:06 AM org.openqa.selenium.remote.ProtocolHandshake createSession
INFO: Detected dialect: W3C
Mar 30, 2022 9:07:06 AM org.openqa.selenium.devtools.CdpVersionFinder findNearestMatch
WARNING: Unable to find an exact match for CDP version 99, so returning the closest version found: 96
Mar 30, 2022 9:07:06 AM org.openqa.selenium.devtools.CdpVersionFinder findNearestMatch
INFO: Found CDP implementation for version 99 of 96
]]></system-err>
  </testcase>
  <testcase name="Login fail possible combinations" classname="Test Invalid User Credentials Feature" time="37.018">
    <system-out><![CDATA[09:07:06.983 [main] INFO  i.c.core.plugin.SerenityReporter - Running feature from file:///Z:/Automation/JavaCucumber/BDD_HCL/CucumberHCL/src/main/resources/AppFeatures/ValidateAndVerifyInvalidLogin.feature
09:07:06.983 [main] WARN  i.c.core.plugin.SerenityReporter - Feature from file:///Z:/Automation/JavaCucumber/BDD_HCL/CucumberHCL/src/main/resources/AppFeatures/ValidateAndVerifyInvalidLogin.feature is not under the 'features' directory. Requirements report will not be correctly generated!
09:07:06.985 [main] DEBUG n.thucydides.core.steps.StepEventBus - Test suite started for story net.thucydides.core.model.Story@b13a1f46
09:07:06.985 [main] INFO   - Test Suite Started: Test Invalid User Credentials Feature

@All @testInvalid
Scenario Outline: Login fail possible combinations                                                                                   &amp#27;[90m# src/main/resources/AppFeatures/ValidateAndVerifyInvalidLogin.feature:15&amp#27;[0m
09:07:06.992 [main] INFO  i.c.core.plugin.SerenityReporter - Running feature from file:///Z:/Automation/JavaCucumber/BDD_HCL/CucumberHCL/src/main/resources/AppFeatures/ValidateAndVerifyInvalidLogin.feature
09:07:06.993 [main] WARN  i.c.core.plugin.SerenityReporter - Feature from file:///Z:/Automation/JavaCucumber/BDD_HCL/CucumberHCL/src/main/resources/AppFeatures/ValidateAndVerifyInvalidLogin.feature is not under the 'features' directory. Requirements report will not be correctly generated!
09:07:07.000 [main] INFO   - 
  _____   ___   ___   _____     ___   _____     _     ___   _____   ___   ___  
 |_   _| | __| / __| |_   _|   / __| |_   _|   /_\   | _ \ |_   _| | __| |   \ 
   | |   | _|  \__ \   | |     \__ \   | |    / _ \  |   /   | |   | _|  | |) |
   |_|   |___| |___/   |_|     |___/   |_|   /_/ \_\ |_|_\   |_|   |___| |___/ 

Login fail possible combinations(test-invalid-user-credentials-feature;login-fail-possible-combinations)
--------------------------------------------------------------------------------
DEBUG [main] (DriversFactory.java:28) - Initialize Driver Browser Configuration
DEBUG [main] (DriversFactory.java:28)- Initialize Driver Browser Configuration
DEBUG [main] (DriversFactory.java:30) -  Driver Browser : chrome
DEBUG [main] (DriversFactory.java:30)-  Driver Browser : chrome
09:07:07.020 [main] DEBUG i.g.bonigarcia.wdm.WebDriverManager - Driver chromedriver 99.0.4844.51 found in cache
09:07:07.021 [main] INFO  i.g.bonigarcia.wdm.WebDriverManager - Exporting webdriver.chrome.driver as C:\Users\DheyClaveria\.cache\selenium\chromedriver\win32\99.0.4844.51\chromedriver.exe
09:07:07.556 [AsyncHttpClient-1-11] DEBUG o.a.n.channel.NettyConnectListener - Using new Channel '[id: 0xc9e24e90, L:/127.0.0.1:54738 - R:localhost/127.0.0.1:56555]' for 'POST' to '/session'
DEBUG [Finalizer] (DefaultClientConnection.java:180) - Connection 0.0.0.0:54715<->127.0.0.1:3000 closed
DEBUG [Finalizer] (DefaultClientConnection.java:180)- Connection 0.0.0.0:54715<->127.0.0.1:3000 closed
DEBUG [Finalizer] (DefaultClientConnection.java:180) - Connection 0.0.0.0:54716<->127.0.0.1:3000 closed
DEBUG [Finalizer] (DefaultClientConnection.java:180)- Connection 0.0.0.0:54716<->127.0.0.1:3000 closed
09:07:08.313 [AsyncHttpClient-1-11] DEBUG o.a.netty.handler.HttpHandler - 

Request DefaultHttpRequest(decodeResult: success, version: HTTP/1.1)
POST /session HTTP/1.1
User-Agent: selenium/4.1.2 (java windows)
Content-Length: 365
Content-Type: application/json; charset=utf-8
host: localhost:56555
accept: */*

Response DefaultHttpResponse(decodeResult: success, version: HTTP/1.1)
HTTP/1.1 200 OK
Content-Type: application/json; charset=utf-8
cache-control: no-cache
content-length: 794

09:07:08.313 [AsyncHttpClient-1-11] DEBUG o.a.netty.channel.ChannelManager - Adding key: http://localhost:56555 for channel [id: 0xc9e24e90, L:/127.0.0.1:54738 - R:localhost/127.0.0.1:56555]
09:07:08.320 [AsyncHttpClient-1-12] DEBUG o.a.n.channel.NettyConnectListener - Using new Channel '[id: 0x5b41ed84, L:/127.0.0.1:54745 - R:localhost/127.0.0.1:54739]' for 'GET' to '/json/version'
09:07:08.325 [AsyncHttpClient-1-12] DEBUG o.a.netty.handler.HttpHandler - 

Request DefaultFullHttpRequest(decodeResult: success, version: HTTP/1.1, content: EmptyByteBufBE)
GET /json/version HTTP/1.1
User-Agent: selenium/4.1.2 (java windows)
host: localhost:54739
accept: */*

Response DefaultHttpResponse(decodeResult: success, version: HTTP/1.1)
HTTP/1.1 200 OK
Content-Type: application/json; charset=UTF-8
content-length: 424

09:07:08.325 [AsyncHttpClient-1-12] DEBUG o.a.netty.channel.ChannelManager - Adding key: http://localhost:54739 for channel [id: 0x5b41ed84, L:/127.0.0.1:54745 - R:localhost/127.0.0.1:54739]
09:07:08.328 [AsyncHttpClient-1-13] DEBUG o.a.n.channel.NettyConnectListener - Using new Channel '[id: 0x7d80d0a4, L:/127.0.0.1:54746 - R:localhost/127.0.0.1:54739]' for 'GET' to '/devtools/browser/1161acf3-565c-4f43-b2b1-c966b449271e'
09:07:08.332 [AsyncHttpClient-1-13] DEBUG o.a.netty.handler.WebSocketHandler - 

Request DefaultFullHttpRequest(decodeResult: success, version: HTTP/1.1, content: EmptyByteBufBE)
GET /devtools/browser/1161acf3-565c-4f43-b2b1-c966b449271e HTTP/1.1
upgrade: websocket
connection: upgrade
sec-websocket-key: xiXsRB2EKgQiI4n0DLR73w==
sec-websocket-version: 13
origin: http://localhost:54739
host: localhost:54739
accept: */*
user-agent: AHC/2.1

Response DefaultHttpResponse(decodeResult: success, version: HTTP/1.1)
HTTP/1.1 101 WebSocket Protocol Handshake
Upgrade: WebSocket
Connection: Upgrade
Sec-WebSocket-Accept: o22Oftn6w+iBiCWdcsykuJgf3R8=

09:07:08.338 [Forwarding deleteAllCookies on session 7d3853722f7fb0681e56c5c46241cd38 to remote] DEBUG o.a.netty.request.NettyRequestSender - Using pooled Channel '[id: 0xc9e24e90, L:/127.0.0.1:54738 - R:localhost/127.0.0.1:56555]' for 'DELETE' to 'http://localhost:56555/session/7d3853722f7fb0681e56c5c46241cd38/cookie'
09:07:08.338 [Forwarding deleteAllCookies on session 7d3853722f7fb0681e56c5c46241cd38 to remote] DEBUG o.a.netty.request.NettyRequestSender - Using open Channel [id: 0xc9e24e90, L:/127.0.0.1:54738 - R:localhost/127.0.0.1:56555] for DELETE '/session/7d3853722f7fb0681e56c5c46241cd38/cookie'
09:07:08.343 [AsyncHttpClient-1-11] DEBUG o.a.netty.handler.HttpHandler - 

Request DefaultFullHttpRequest(decodeResult: success, version: HTTP/1.1, content: EmptyByteBufBE)
DELETE /session/7d3853722f7fb0681e56c5c46241cd38/cookie HTTP/1.1
User-Agent: selenium/4.1.2 (java windows)
Content-Type: application/json; charset=utf-8
host: localhost:56555
accept: */*

Response DefaultHttpResponse(decodeResult: success, version: HTTP/1.1)
HTTP/1.1 200 OK
Content-Type: application/json; charset=utf-8
cache-control: no-cache
content-length: 14

09:07:08.344 [AsyncHttpClient-1-11] DEBUG o.a.netty.channel.ChannelManager - Adding key: http://localhost:56555 for channel [id: 0xc9e24e90, L:/127.0.0.1:54738 - R:localhost/127.0.0.1:56555]
09:07:08.346 [Forwarding maximizeCurrentWindow on session 7d3853722f7fb0681e56c5c46241cd38 to remote] DEBUG o.a.netty.request.NettyRequestSender - Using pooled Channel '[id: 0xc9e24e90, L:/127.0.0.1:54738 - R:localhost/127.0.0.1:56555]' for 'POST' to 'http://localhost:56555/session/7d3853722f7fb0681e56c5c46241cd38/window/maximize'
09:07:08.346 [Forwarding maximizeCurrentWindow on session 7d3853722f7fb0681e56c5c46241cd38 to remote] DEBUG o.a.netty.request.NettyRequestSender - Using open Channel [id: 0xc9e24e90, L:/127.0.0.1:54738 - R:localhost/127.0.0.1:56555] for POST '/session/7d3853722f7fb0681e56c5c46241cd38/window/maximize'
09:07:08.468 [AsyncHttpClient-1-11] DEBUG o.a.netty.handler.HttpHandler - 

Request DefaultHttpRequest(decodeResult: success, version: HTTP/1.1)
POST /session/7d3853722f7fb0681e56c5c46241cd38/window/maximize HTTP/1.1
User-Agent: selenium/4.1.2 (java windows)
Content-Length: 3
Content-Type: application/json; charset=utf-8
host: localhost:56555
accept: */*

Response DefaultHttpResponse(decodeResult: success, version: HTTP/1.1)
HTTP/1.1 200 OK
Content-Type: application/json; charset=utf-8
cache-control: no-cache
content-length: 52

09:07:08.469 [AsyncHttpClient-1-11] DEBUG o.a.netty.channel.ChannelManager - Adding key: http://localhost:56555 for channel [id: 0xc9e24e90, L:/127.0.0.1:54738 - R:localhost/127.0.0.1:56555]
09:07:08.479 [Forwarding get on session 7d3853722f7fb0681e56c5c46241cd38 to remote] DEBUG o.a.netty.request.NettyRequestSender - Using pooled Channel '[id: 0xc9e24e90, L:/127.0.0.1:54738 - R:localhost/127.0.0.1:56555]' for 'POST' to 'http://localhost:56555/session/7d3853722f7fb0681e56c5c46241cd38/url'
09:07:08.479 [Forwarding get on session 7d3853722f7fb0681e56c5c46241cd38 to remote] DEBUG o.a.netty.request.NettyRequestSender - Using open Channel [id: 0xc9e24e90, L:/127.0.0.1:54738 - R:localhost/127.0.0.1:56555] for POST '/session/7d3853722f7fb0681e56c5c46241cd38/url'
09:07:08.619 [AsyncHttpClient-1-11] DEBUG o.a.netty.handler.HttpHandler - 

Request DefaultHttpRequest(decodeResult: success, version: HTTP/1.1)
POST /session/7d3853722f7fb0681e56c5c46241cd38/url HTTP/1.1
User-Agent: selenium/4.1.2 (java windows)
Content-Length: 148
Content-Type: application/json; charset=utf-8
host: localhost:56555
accept: */*

Response DefaultHttpResponse(decodeResult: success, version: HTTP/1.1)
HTTP/1.1 200 OK
Content-Type: application/json; charset=utf-8
cache-control: no-cache
content-length: 14

09:07:08.619 [AsyncHttpClient-1-11] DEBUG o.a.netty.channel.ChannelManager - Adding key: http://localhost:56555 for channel [id: 0xc9e24e90, L:/127.0.0.1:54738 - R:localhost/127.0.0.1:56555]
09:07:08.621 [Forwarding getTitle on session 7d3853722f7fb0681e56c5c46241cd38 to remote] DEBUG o.a.netty.request.NettyRequestSender - Using pooled Channel '[id: 0xc9e24e90, L:/127.0.0.1:54738 - R:localhost/127.0.0.1:56555]' for 'GET' to 'http://localhost:56555/session/7d3853722f7fb0681e56c5c46241cd38/title'
09:07:08.621 [Forwarding getTitle on session 7d3853722f7fb0681e56c5c46241cd38 to remote] DEBUG o.a.netty.request.NettyRequestSender - Using open Channel [id: 0xc9e24e90, L:/127.0.0.1:54738 - R:localhost/127.0.0.1:56555] for GET '/session/7d3853722f7fb0681e56c5c46241cd38/title'
09:07:08.627 [AsyncHttpClient-1-11] DEBUG o.a.netty.handler.HttpHandler - 

Request DefaultFullHttpRequest(decodeResult: success, version: HTTP/1.1, content: EmptyByteBufBE)
GET /session/7d3853722f7fb0681e56c5c46241cd38/title HTTP/1.1
User-Agent: selenium/4.1.2 (java windows)
Cache-Control: no-cache
Content-Type: application/json; charset=utf-8
host: localhost:56555
accept: */*

Response DefaultHttpResponse(decodeResult: success, version: HTTP/1.1)
HTTP/1.1 200 OK
Content-Type: application/json; charset=utf-8
cache-control: no-cache
content-length: 22

09:07:08.627 [AsyncHttpClient-1-11] DEBUG o.a.netty.channel.ChannelManager - Adding key: http://localhost:56555 for channel [id: 0xc9e24e90, L:/127.0.0.1:54738 - R:localhost/127.0.0.1:56555]
09:07:08.631 [Forwarding getTitle on session 7d3853722f7fb0681e56c5c46241cd38 to remote] DEBUG o.a.netty.request.NettyRequestSender - Using pooled Channel '[id: 0xc9e24e90, L:/127.0.0.1:54738 - R:localhost/127.0.0.1:56555]' for 'GET' to 'http://localhost:56555/session/7d3853722f7fb0681e56c5c46241cd38/title'
09:07:08.631 [Forwarding getTitle on session 7d3853722f7fb0681e56c5c46241cd38 to remote] DEBUG o.a.netty.request.NettyRequestSender - Using open Channel [id: 0xc9e24e90, L:/127.0.0.1:54738 - R:localhost/127.0.0.1:56555] for GET '/session/7d3853722f7fb0681e56c5c46241cd38/title'
09:07:08.635 [AsyncHttpClient-1-11] DEBUG o.a.netty.handler.HttpHandler - 

Request DefaultFullHttpRequest(decodeResult: success, version: HTTP/1.1, content: EmptyByteBufBE)
GET /session/7d3853722f7fb0681e56c5c46241cd38/title HTTP/1.1
User-Agent: selenium/4.1.2 (java windows)
Cache-Control: no-cache
Content-Type: application/json; charset=utf-8
host: localhost:56555
accept: */*

Response DefaultHttpResponse(decodeResult: success, version: HTTP/1.1)
HTTP/1.1 200 OK
Content-Type: application/json; charset=utf-8
cache-control: no-cache
content-length: 22

09:07:08.635 [AsyncHttpClient-1-11] DEBUG o.a.netty.channel.ChannelManager - Adding key: http://localhost:56555 for channel [id: 0xc9e24e90, L:/127.0.0.1:54738 - R:localhost/127.0.0.1:56555]
09:07:08.847 [AsyncHttpClient-1-1] DEBUG o.a.netty.channel.DefaultChannelPool - Entry count for : http://localhost:54739 : 1
09:07:08.847 [AsyncHttpClient-1-1] DEBUG o.a.netty.channel.DefaultChannelPool - Entry count for : http://localhost:56555 : 1
09:07:09.946 [AsyncHttpClient-1-1] DEBUG o.a.netty.channel.DefaultChannelPool - Entry count for : http://localhost:54739 : 1
09:07:09.946 [AsyncHttpClient-1-1] DEBUG o.a.netty.channel.DefaultChannelPool - Entry count for : http://localhost:56555 : 1
09:07:11.040 [AsyncHttpClient-1-1] DEBUG o.a.netty.channel.DefaultChannelPool - Entry count for : http://localhost:54739 : 1
09:07:11.040 [AsyncHttpClient-1-1] DEBUG o.a.netty.channel.DefaultChannelPool - Entry count for : http://localhost:56555 : 1
09:07:12.140 [AsyncHttpClient-1-1] DEBUG o.a.netty.channel.DefaultChannelPool - Entry count for : http://localhost:54739 : 1
09:07:12.140 [AsyncHttpClient-1-1] DEBUG o.a.netty.channel.DefaultChannelPool - Entry count for : http://localhost:56555 : 1
09:07:13.242 [AsyncHttpClient-1-1] DEBUG o.a.netty.channel.DefaultChannelPool - Entry count for : http://localhost:54739 : 1
09:07:13.242 [AsyncHttpClient-1-1] DEBUG o.a.netty.channel.DefaultChannelPool - Entry count for : http://localhost:56555 : 1
  &amp#27;[32mGiven &amp#27;[0m&amp#27;[32mthat the user should navigate in PEGA Login Page&amp#27;[0m                                                                             &amp#27;[90m# stepdefinitions.LoginPageSteps.that_the_user_should_navigate_in_pega_login_page()&amp#27;[0m
09:07:13.662 [Forwarding findElement on session 7d3853722f7fb0681e56c5c46241cd38 to remote] DEBUG o.a.netty.request.NettyRequestSender - Using pooled Channel '[id: 0xc9e24e90, L:/127.0.0.1:54738 - R:localhost/127.0.0.1:56555]' for 'POST' to 'http://localhost:56555/session/7d3853722f7fb0681e56c5c46241cd38/element'
09:07:13.662 [Forwarding findElement on session 7d3853722f7fb0681e56c5c46241cd38 to remote] DEBUG o.a.netty.request.NettyRequestSender - Using open Channel [id: 0xc9e24e90, L:/127.0.0.1:54738 - R:localhost/127.0.0.1:56555] for POST '/session/7d3853722f7fb0681e56c5c46241cd38/element'
09:07:13.675 [AsyncHttpClient-1-11] DEBUG o.a.netty.handler.HttpHandler - 

Request DefaultHttpRequest(decodeResult: success, version: HTTP/1.1)
POST /session/7d3853722f7fb0681e56c5c46241cd38/element HTTP/1.1
User-Agent: selenium/4.1.2 (java windows)
Content-Length: 128
Content-Type: application/json; charset=utf-8
host: localhost:56555
accept: */*

Response DefaultHttpResponse(decodeResult: success, version: HTTP/1.1)
HTTP/1.1 200 OK
Content-Type: application/json; charset=utf-8
cache-control: no-cache
content-length: 88

09:07:13.676 [AsyncHttpClient-1-11] DEBUG o.a.netty.channel.ChannelManager - Adding key: http://localhost:56555 for channel [id: 0xc9e24e90, L:/127.0.0.1:54738 - R:localhost/127.0.0.1:56555]
09:07:13.685 [Forwarding isElementDisplayed on session 7d3853722f7fb0681e56c5c46241cd38 to remote] DEBUG o.a.netty.request.NettyRequestSender - Using pooled Channel '[id: 0xc9e24e90, L:/127.0.0.1:54738 - R:localhost/127.0.0.1:56555]' for 'POST' to 'http://localhost:56555/session/7d3853722f7fb0681e56c5c46241cd38/execute/sync'
09:07:13.686 [Forwarding isElementDisplayed on session 7d3853722f7fb0681e56c5c46241cd38 to remote] DEBUG o.a.netty.request.NettyRequestSender - Using open Channel [id: 0xc9e24e90, L:/127.0.0.1:54738 - R:localhost/127.0.0.1:56555] for POST '/session/7d3853722f7fb0681e56c5c46241cd38/execute/sync'
09:07:13.706 [AsyncHttpClient-1-11] DEBUG o.a.netty.handler.HttpHandler - 

Request DefaultHttpRequest(decodeResult: success, version: HTTP/1.1)
POST /session/7d3853722f7fb0681e56c5c46241cd38/execute/sync HTTP/1.1
User-Agent: selenium/4.1.2 (java windows)
Content-Length: 48780
Content-Type: application/json; charset=utf-8
host: localhost:56555
accept: */*

Response DefaultHttpResponse(decodeResult: success, version: HTTP/1.1)
HTTP/1.1 200 OK
Content-Type: application/json; charset=utf-8
cache-control: no-cache
content-length: 14

09:07:13.707 [AsyncHttpClient-1-11] DEBUG o.a.netty.channel.ChannelManager - Adding key: http://localhost:56555 for channel [id: 0xc9e24e90, L:/127.0.0.1:54738 - R:localhost/127.0.0.1:56555]
09:07:13.708 [Forwarding findElement on session 7d3853722f7fb0681e56c5c46241cd38 to remote] DEBUG o.a.netty.request.NettyRequestSender - Using pooled Channel '[id: 0xc9e24e90, L:/127.0.0.1:54738 - R:localhost/127.0.0.1:56555]' for 'POST' to 'http://localhost:56555/session/7d3853722f7fb0681e56c5c46241cd38/element'
09:07:13.708 [Forwarding findElement on session 7d3853722f7fb0681e56c5c46241cd38 to remote] DEBUG o.a.netty.request.NettyRequestSender - Using open Channel [id: 0xc9e24e90, L:/127.0.0.1:54738 - R:localhost/127.0.0.1:56555] for POST '/session/7d3853722f7fb0681e56c5c46241cd38/element'
09:07:13.714 [AsyncHttpClient-1-11] DEBUG o.a.netty.handler.HttpHandler - 

Request DefaultHttpRequest(decodeResult: success, version: HTTP/1.1)
POST /session/7d3853722f7fb0681e56c5c46241cd38/element HTTP/1.1
User-Agent: selenium/4.1.2 (java windows)
Content-Length: 128
Content-Type: application/json; charset=utf-8
host: localhost:56555
accept: */*

Response DefaultHttpResponse(decodeResult: success, version: HTTP/1.1)
HTTP/1.1 200 OK
Content-Type: application/json; charset=utf-8
cache-control: no-cache
content-length: 88

09:07:13.714 [AsyncHttpClient-1-11] DEBUG o.a.netty.channel.ChannelManager - Adding key: http://localhost:56555 for channel [id: 0xc9e24e90, L:/127.0.0.1:54738 - R:localhost/127.0.0.1:56555]
09:07:13.718 [Forwarding isElementDisplayed on session 7d3853722f7fb0681e56c5c46241cd38 to remote] DEBUG o.a.netty.request.NettyRequestSender - Using pooled Channel '[id: 0xc9e24e90, L:/127.0.0.1:54738 - R:localhost/127.0.0.1:56555]' for 'POST' to 'http://localhost:56555/session/7d3853722f7fb0681e56c5c46241cd38/execute/sync'
09:07:13.719 [Forwarding isElementDisplayed on session 7d3853722f7fb0681e56c5c46241cd38 to remote] DEBUG o.a.netty.request.NettyRequestSender - Using open Channel [id: 0xc9e24e90, L:/127.0.0.1:54738 - R:localhost/127.0.0.1:56555] for POST '/session/7d3853722f7fb0681e56c5c46241cd38/execute/sync'
09:07:13.733 [AsyncHttpClient-1-11] DEBUG o.a.netty.handler.HttpHandler - 

Request DefaultHttpRequest(decodeResult: success, version: HTTP/1.1)
POST /session/7d3853722f7fb0681e56c5c46241cd38/execute/sync HTTP/1.1
User-Agent: selenium/4.1.2 (java windows)
Content-Length: 48780
Content-Type: application/json; charset=utf-8
host: localhost:56555
accept: */*

Response DefaultHttpResponse(decodeResult: success, version: HTTP/1.1)
HTTP/1.1 200 OK
Content-Type: application/json; charset=utf-8
cache-control: no-cache
content-length: 14

09:07:13.734 [AsyncHttpClient-1-11] DEBUG o.a.netty.channel.ChannelManager - Adding key: http://localhost:56555 for channel [id: 0xc9e24e90, L:/127.0.0.1:54738 - R:localhost/127.0.0.1:56555]
09:07:13.735 [Forwarding findElement on session 7d3853722f7fb0681e56c5c46241cd38 to remote] DEBUG o.a.netty.request.NettyRequestSender - Using pooled Channel '[id: 0xc9e24e90, L:/127.0.0.1:54738 - R:localhost/127.0.0.1:56555]' for 'POST' to 'http://localhost:56555/session/7d3853722f7fb0681e56c5c46241cd38/element'
09:07:13.735 [Forwarding findElement on session 7d3853722f7fb0681e56c5c46241cd38 to remote] DEBUG o.a.netty.request.NettyRequestSender - Using open Channel [id: 0xc9e24e90, L:/127.0.0.1:54738 - R:localhost/127.0.0.1:56555] for POST '/session/7d3853722f7fb0681e56c5c46241cd38/element'
09:07:13.742 [AsyncHttpClient-1-11] DEBUG o.a.netty.handler.HttpHandler - 

Request DefaultHttpRequest(decodeResult: success, version: HTTP/1.1)
POST /session/7d3853722f7fb0681e56c5c46241cd38/element HTTP/1.1
User-Agent: selenium/4.1.2 (java windows)
Content-Length: 128
Content-Type: application/json; charset=utf-8
host: localhost:56555
accept: */*

Response DefaultHttpResponse(decodeResult: success, version: HTTP/1.1)
HTTP/1.1 200 OK
Content-Type: application/json; charset=utf-8
cache-control: no-cache
content-length: 88

09:07:13.742 [AsyncHttpClient-1-11] DEBUG o.a.netty.channel.ChannelManager - Adding key: http://localhost:56555 for channel [id: 0xc9e24e90, L:/127.0.0.1:54738 - R:localhost/127.0.0.1:56555]
09:07:13.744 [Forwarding isElementEnabled on session 7d3853722f7fb0681e56c5c46241cd38 to remote] DEBUG o.a.netty.request.NettyRequestSender - Using pooled Channel '[id: 0xc9e24e90, L:/127.0.0.1:54738 - R:localhost/127.0.0.1:56555]' for 'GET' to 'http://localhost:56555/session/7d3853722f7fb0681e56c5c46241cd38/element/2e421bc4-e21f-4780-9d8c-23487fc431a7/enabled'
09:07:13.744 [Forwarding isElementEnabled on session 7d3853722f7fb0681e56c5c46241cd38 to remote] DEBUG o.a.netty.request.NettyRequestSender - Using open Channel [id: 0xc9e24e90, L:/127.0.0.1:54738 - R:localhost/127.0.0.1:56555] for GET '/session/7d3853722f7fb0681e56c5c46241cd38/element/2e421bc4-e21f-4780-9d8c-23487fc431a7/enabled'
09:07:13.751 [AsyncHttpClient-1-11] DEBUG o.a.netty.handler.HttpHandler - 

Request DefaultFullHttpRequest(decodeResult: success, version: HTTP/1.1, content: EmptyByteBufBE)
GET /session/7d3853722f7fb0681e56c5c46241cd38/element/2e421bc4-e21f-4780-9d8c-23487fc431a7/enabled HTTP/1.1
User-Agent: selenium/4.1.2 (java windows)
Cache-Control: no-cache
Content-Type: application/json; charset=utf-8
host: localhost:56555
accept: */*

Response DefaultHttpResponse(decodeResult: success, version: HTTP/1.1)
HTTP/1.1 200 OK
Content-Type: application/json; charset=utf-8
cache-control: no-cache
content-length: 14

09:07:13.751 [AsyncHttpClient-1-11] DEBUG o.a.netty.channel.ChannelManager - Adding key: http://localhost:56555 for channel [id: 0xc9e24e90, L:/127.0.0.1:54738 - R:localhost/127.0.0.1:56555]
09:07:13.752 [Forwarding findElement on session 7d3853722f7fb0681e56c5c46241cd38 to remote] DEBUG o.a.netty.request.NettyRequestSender - Using pooled Channel '[id: 0xc9e24e90, L:/127.0.0.1:54738 - R:localhost/127.0.0.1:56555]' for 'POST' to 'http://localhost:56555/session/7d3853722f7fb0681e56c5c46241cd38/element'
09:07:13.753 [Forwarding findElement on session 7d3853722f7fb0681e56c5c46241cd38 to remote] DEBUG o.a.netty.request.NettyRequestSender - Using open Channel [id: 0xc9e24e90, L:/127.0.0.1:54738 - R:localhost/127.0.0.1:56555] for POST '/session/7d3853722f7fb0681e56c5c46241cd38/element'
09:07:13.762 [AsyncHttpClient-1-11] DEBUG o.a.netty.handler.HttpHandler - 

Request DefaultHttpRequest(decodeResult: success, version: HTTP/1.1)
POST /session/7d3853722f7fb0681e56c5c46241cd38/element HTTP/1.1
User-Agent: selenium/4.1.2 (java windows)
Content-Length: 132
Content-Type: application/json; charset=utf-8
host: localhost:56555
accept: */*

Response DefaultHttpResponse(decodeResult: success, version: HTTP/1.1)
HTTP/1.1 200 OK
Content-Type: application/json; charset=utf-8
cache-control: no-cache
content-length: 88

09:07:13.763 [AsyncHttpClient-1-11] DEBUG o.a.netty.channel.ChannelManager - Adding key: http://localhost:56555 for channel [id: 0xc9e24e90, L:/127.0.0.1:54738 - R:localhost/127.0.0.1:56555]
09:07:13.768 [Forwarding isElementDisplayed on session 7d3853722f7fb0681e56c5c46241cd38 to remote] DEBUG o.a.netty.request.NettyRequestSender - Using pooled Channel '[id: 0xc9e24e90, L:/127.0.0.1:54738 - R:localhost/127.0.0.1:56555]' for 'POST' to 'http://localhost:56555/session/7d3853722f7fb0681e56c5c46241cd38/execute/sync'
09:07:13.768 [Forwarding isElementDisplayed on session 7d3853722f7fb0681e56c5c46241cd38 to remote] DEBUG o.a.netty.request.NettyRequestSender - Using open Channel [id: 0xc9e24e90, L:/127.0.0.1:54738 - R:localhost/127.0.0.1:56555] for POST '/session/7d3853722f7fb0681e56c5c46241cd38/execute/sync'
09:07:13.778 [AsyncHttpClient-1-11] DEBUG o.a.netty.handler.HttpHandler - 

Request DefaultHttpRequest(decodeResult: success, version: HTTP/1.1)
POST /session/7d3853722f7fb0681e56c5c46241cd38/execute/sync HTTP/1.1
User-Agent: selenium/4.1.2 (java windows)
Content-Length: 48780
Content-Type: application/json; charset=utf-8
host: localhost:56555
accept: */*

Response DefaultHttpResponse(decodeResult: success, version: HTTP/1.1)
HTTP/1.1 200 OK
Content-Type: application/json; charset=utf-8
cache-control: no-cache
content-length: 14

09:07:13.778 [AsyncHttpClient-1-11] DEBUG o.a.netty.channel.ChannelManager - Adding key: http://localhost:56555 for channel [id: 0xc9e24e90, L:/127.0.0.1:54738 - R:localhost/127.0.0.1:56555]
09:07:13.780 [Forwarding findElement on session 7d3853722f7fb0681e56c5c46241cd38 to remote] DEBUG o.a.netty.request.NettyRequestSender - Using pooled Channel '[id: 0xc9e24e90, L:/127.0.0.1:54738 - R:localhost/127.0.0.1:56555]' for 'POST' to 'http://localhost:56555/session/7d3853722f7fb0681e56c5c46241cd38/element'
09:07:13.780 [Forwarding findElement on session 7d3853722f7fb0681e56c5c46241cd38 to remote] DEBUG o.a.netty.request.NettyRequestSender - Using open Channel [id: 0xc9e24e90, L:/127.0.0.1:54738 - R:localhost/127.0.0.1:56555] for POST '/session/7d3853722f7fb0681e56c5c46241cd38/element'
09:07:13.785 [AsyncHttpClient-1-11] DEBUG o.a.netty.handler.HttpHandler - 

Request DefaultHttpRequest(decodeResult: success, version: HTTP/1.1)
POST /session/7d3853722f7fb0681e56c5c46241cd38/element HTTP/1.1
User-Agent: selenium/4.1.2 (java windows)
Content-Length: 132
Content-Type: application/json; charset=utf-8
host: localhost:56555
accept: */*

Response DefaultHttpResponse(decodeResult: success, version: HTTP/1.1)
HTTP/1.1 200 OK
Content-Type: application/json; charset=utf-8
cache-control: no-cache
content-length: 88

09:07:13.786 [AsyncHttpClient-1-11] DEBUG o.a.netty.channel.ChannelManager - Adding key: http://localhost:56555 for channel [id: 0xc9e24e90, L:/127.0.0.1:54738 - R:localhost/127.0.0.1:56555]
09:07:13.791 [Forwarding isElementDisplayed on session 7d3853722f7fb0681e56c5c46241cd38 to remote] DEBUG o.a.netty.request.NettyRequestSender - Using pooled Channel '[id: 0xc9e24e90, L:/127.0.0.1:54738 - R:localhost/127.0.0.1:56555]' for 'POST' to 'http://localhost:56555/session/7d3853722f7fb0681e56c5c46241cd38/execute/sync'
09:07:13.791 [Forwarding isElementDisplayed on session 7d3853722f7fb0681e56c5c46241cd38 to remote] DEBUG o.a.netty.request.NettyRequestSender - Using open Channel [id: 0xc9e24e90, L:/127.0.0.1:54738 - R:localhost/127.0.0.1:56555] for POST '/session/7d3853722f7fb0681e56c5c46241cd38/execute/sync'
09:07:13.801 [AsyncHttpClient-1-11] DEBUG o.a.netty.handler.HttpHandler - 

Request DefaultHttpRequest(decodeResult: success, version: HTTP/1.1)
POST /session/7d3853722f7fb0681e56c5c46241cd38/execute/sync HTTP/1.1
User-Agent: selenium/4.1.2 (java windows)
Content-Length: 48780
Content-Type: application/json; charset=utf-8
host: localhost:56555
accept: */*

Response DefaultHttpResponse(decodeResult: success, version: HTTP/1.1)
HTTP/1.1 200 OK
Content-Type: application/json; charset=utf-8
cache-control: no-cache
content-length: 14

09:07:13.801 [AsyncHttpClient-1-11] DEBUG o.a.netty.channel.ChannelManager - Adding key: http://localhost:56555 for channel [id: 0xc9e24e90, L:/127.0.0.1:54738 - R:localhost/127.0.0.1:56555]
09:07:13.803 [Forwarding findElement on session 7d3853722f7fb0681e56c5c46241cd38 to remote] DEBUG o.a.netty.request.NettyRequestSender - Using pooled Channel '[id: 0xc9e24e90, L:/127.0.0.1:54738 - R:localhost/127.0.0.1:56555]' for 'POST' to 'http://localhost:56555/session/7d3853722f7fb0681e56c5c46241cd38/element'
09:07:13.803 [Forwarding findElement on session 7d3853722f7fb0681e56c5c46241cd38 to remote] DEBUG o.a.netty.request.NettyRequestSender - Using open Channel [id: 0xc9e24e90, L:/127.0.0.1:54738 - R:localhost/127.0.0.1:56555] for POST '/session/7d3853722f7fb0681e56c5c46241cd38/element'
09:07:13.809 [AsyncHttpClient-1-11] DEBUG o.a.netty.handler.HttpHandler - 

Request DefaultHttpRequest(decodeResult: success, version: HTTP/1.1)
POST /session/7d3853722f7fb0681e56c5c46241cd38/element HTTP/1.1
User-Agent: selenium/4.1.2 (java windows)
Content-Length: 132
Content-Type: application/json; charset=utf-8
host: localhost:56555
accept: */*

Response DefaultHttpResponse(decodeResult: success, version: HTTP/1.1)
HTTP/1.1 200 OK
Content-Type: application/json; charset=utf-8
cache-control: no-cache
content-length: 88

09:07:13.810 [AsyncHttpClient-1-11] DEBUG o.a.netty.channel.ChannelManager - Adding key: http://localhost:56555 for channel [id: 0xc9e24e90, L:/127.0.0.1:54738 - R:localhost/127.0.0.1:56555]
09:07:13.811 [Forwarding isElementEnabled on session 7d3853722f7fb0681e56c5c46241cd38 to remote] DEBUG o.a.netty.request.NettyRequestSender - Using pooled Channel '[id: 0xc9e24e90, L:/127.0.0.1:54738 - R:localhost/127.0.0.1:56555]' for 'GET' to 'http://localhost:56555/session/7d3853722f7fb0681e56c5c46241cd38/element/9511194b-d03e-4010-9083-cf5f5ddd659b/enabled'
09:07:13.811 [Forwarding isElementEnabled on session 7d3853722f7fb0681e56c5c46241cd38 to remote] DEBUG o.a.netty.request.NettyRequestSender - Using open Channel [id: 0xc9e24e90, L:/127.0.0.1:54738 - R:localhost/127.0.0.1:56555] for GET '/session/7d3853722f7fb0681e56c5c46241cd38/element/9511194b-d03e-4010-9083-cf5f5ddd659b/enabled'
09:07:13.819 [AsyncHttpClient-1-11] DEBUG o.a.netty.handler.HttpHandler - 

Request DefaultFullHttpRequest(decodeResult: success, version: HTTP/1.1, content: EmptyByteBufBE)
GET /session/7d3853722f7fb0681e56c5c46241cd38/element/9511194b-d03e-4010-9083-cf5f5ddd659b/enabled HTTP/1.1
User-Agent: selenium/4.1.2 (java windows)
Cache-Control: no-cache
Content-Type: application/json; charset=utf-8
host: localhost:56555
accept: */*

Response DefaultHttpResponse(decodeResult: success, version: HTTP/1.1)
HTTP/1.1 200 OK
Content-Type: application/json; charset=utf-8
cache-control: no-cache
content-length: 14

09:07:13.820 [AsyncHttpClient-1-11] DEBUG o.a.netty.channel.ChannelManager - Adding key: http://localhost:56555 for channel [id: 0xc9e24e90, L:/127.0.0.1:54738 - R:localhost/127.0.0.1:56555]
09:07:13.821 [Forwarding findElement on session 7d3853722f7fb0681e56c5c46241cd38 to remote] DEBUG o.a.netty.request.NettyRequestSender - Using pooled Channel '[id: 0xc9e24e90, L:/127.0.0.1:54738 - R:localhost/127.0.0.1:56555]' for 'POST' to 'http://localhost:56555/session/7d3853722f7fb0681e56c5c46241cd38/element'
09:07:13.821 [Forwarding findElement on session 7d3853722f7fb0681e56c5c46241cd38 to remote] DEBUG o.a.netty.request.NettyRequestSender - Using open Channel [id: 0xc9e24e90, L:/127.0.0.1:54738 - R:localhost/127.0.0.1:56555] for POST '/session/7d3853722f7fb0681e56c5c46241cd38/element'
09:07:13.833 [AsyncHttpClient-1-11] DEBUG o.a.netty.handler.HttpHandler - 

Request DefaultHttpRequest(decodeResult: success, version: HTTP/1.1)
POST /session/7d3853722f7fb0681e56c5c46241cd38/element HTTP/1.1
User-Agent: selenium/4.1.2 (java windows)
Content-Length: 125
Content-Type: application/json; charset=utf-8
host: localhost:56555
accept: */*

Response DefaultHttpResponse(decodeResult: success, version: HTTP/1.1)
HTTP/1.1 200 OK
Content-Type: application/json; charset=utf-8
cache-control: no-cache
content-length: 88

09:07:13.833 [AsyncHttpClient-1-11] DEBUG o.a.netty.channel.ChannelManager - Adding key: http://localhost:56555 for channel [id: 0xc9e24e90, L:/127.0.0.1:54738 - R:localhost/127.0.0.1:56555]
09:07:13.838 [Forwarding isElementDisplayed on session 7d3853722f7fb0681e56c5c46241cd38 to remote] DEBUG o.a.netty.request.NettyRequestSender - Using pooled Channel '[id: 0xc9e24e90, L:/127.0.0.1:54738 - R:localhost/127.0.0.1:56555]' for 'POST' to 'http://localhost:56555/session/7d3853722f7fb0681e56c5c46241cd38/execute/sync'
09:07:13.838 [Forwarding isElementDisplayed on session 7d3853722f7fb0681e56c5c46241cd38 to remote] DEBUG o.a.netty.request.NettyRequestSender - Using open Channel [id: 0xc9e24e90, L:/127.0.0.1:54738 - R:localhost/127.0.0.1:56555] for POST '/session/7d3853722f7fb0681e56c5c46241cd38/execute/sync'
09:07:13.849 [AsyncHttpClient-1-11] DEBUG o.a.netty.handler.HttpHandler - 

Request DefaultHttpRequest(decodeResult: success, version: HTTP/1.1)
POST /session/7d3853722f7fb0681e56c5c46241cd38/execute/sync HTTP/1.1
User-Agent: selenium/4.1.2 (java windows)
Content-Length: 48780
Content-Type: application/json; charset=utf-8
host: localhost:56555
accept: */*

Response DefaultHttpResponse(decodeResult: success, version: HTTP/1.1)
HTTP/1.1 200 OK
Content-Type: application/json; charset=utf-8
cache-control: no-cache
content-length: 14

09:07:13.849 [AsyncHttpClient-1-11] DEBUG o.a.netty.channel.ChannelManager - Adding key: http://localhost:56555 for channel [id: 0xc9e24e90, L:/127.0.0.1:54738 - R:localhost/127.0.0.1:56555]
09:07:13.851 [Forwarding findElement on session 7d3853722f7fb0681e56c5c46241cd38 to remote] DEBUG o.a.netty.request.NettyRequestSender - Using pooled Channel '[id: 0xc9e24e90, L:/127.0.0.1:54738 - R:localhost/127.0.0.1:56555]' for 'POST' to 'http://localhost:56555/session/7d3853722f7fb0681e56c5c46241cd38/element'
09:07:13.851 [Forwarding findElement on session 7d3853722f7fb0681e56c5c46241cd38 to remote] DEBUG o.a.netty.request.NettyRequestSender - Using open Channel [id: 0xc9e24e90, L:/127.0.0.1:54738 - R:localhost/127.0.0.1:56555] for POST '/session/7d3853722f7fb0681e56c5c46241cd38/element'
09:07:13.858 [AsyncHttpClient-1-11] DEBUG o.a.netty.handler.HttpHandler - 

Request DefaultHttpRequest(decodeResult: success, version: HTTP/1.1)
POST /session/7d3853722f7fb0681e56c5c46241cd38/element HTTP/1.1
User-Agent: selenium/4.1.2 (java windows)
Content-Length: 125
Content-Type: application/json; charset=utf-8
host: localhost:56555
accept: */*

Response DefaultHttpResponse(decodeResult: success, version: HTTP/1.1)
HTTP/1.1 200 OK
Content-Type: application/json; charset=utf-8
cache-control: no-cache
content-length: 88

09:07:13.859 [AsyncHttpClient-1-11] DEBUG o.a.netty.channel.ChannelManager - Adding key: http://localhost:56555 for channel [id: 0xc9e24e90, L:/127.0.0.1:54738 - R:localhost/127.0.0.1:56555]
09:07:13.864 [Forwarding isElementDisplayed on session 7d3853722f7fb0681e56c5c46241cd38 to remote] DEBUG o.a.netty.request.NettyRequestSender - Using pooled Channel '[id: 0xc9e24e90, L:/127.0.0.1:54738 - R:localhost/127.0.0.1:56555]' for 'POST' to 'http://localhost:56555/session/7d3853722f7fb0681e56c5c46241cd38/execute/sync'
09:07:13.864 [Forwarding isElementDisplayed on session 7d3853722f7fb0681e56c5c46241cd38 to remote] DEBUG o.a.netty.request.NettyRequestSender - Using open Channel [id: 0xc9e24e90, L:/127.0.0.1:54738 - R:localhost/127.0.0.1:56555] for POST '/session/7d3853722f7fb0681e56c5c46241cd38/execute/sync'
09:07:13.874 [AsyncHttpClient-1-11] DEBUG o.a.netty.handler.HttpHandler - 

Request DefaultHttpRequest(decodeResult: success, version: HTTP/1.1)
POST /session/7d3853722f7fb0681e56c5c46241cd38/execute/sync HTTP/1.1
User-Agent: selenium/4.1.2 (java windows)
Content-Length: 48780
Content-Type: application/json; charset=utf-8
host: localhost:56555
accept: */*

Response DefaultHttpResponse(decodeResult: success, version: HTTP/1.1)
HTTP/1.1 200 OK
Content-Type: application/json; charset=utf-8
cache-control: no-cache
content-length: 14

09:07:13.874 [AsyncHttpClient-1-11] DEBUG o.a.netty.channel.ChannelManager - Adding key: http://localhost:56555 for channel [id: 0xc9e24e90, L:/127.0.0.1:54738 - R:localhost/127.0.0.1:56555]
09:07:13.876 [Forwarding findElement on session 7d3853722f7fb0681e56c5c46241cd38 to remote] DEBUG o.a.netty.request.NettyRequestSender - Using pooled Channel '[id: 0xc9e24e90, L:/127.0.0.1:54738 - R:localhost/127.0.0.1:56555]' for 'POST' to 'http://localhost:56555/session/7d3853722f7fb0681e56c5c46241cd38/element'
09:07:13.876 [Forwarding findElement on session 7d3853722f7fb0681e56c5c46241cd38 to remote] DEBUG o.a.netty.request.NettyRequestSender - Using open Channel [id: 0xc9e24e90, L:/127.0.0.1:54738 - R:localhost/127.0.0.1:56555] for POST '/session/7d3853722f7fb0681e56c5c46241cd38/element'
09:07:13.883 [AsyncHttpClient-1-11] DEBUG o.a.netty.handler.HttpHandler - 

Request DefaultHttpRequest(decodeResult: success, version: HTTP/1.1)
POST /session/7d3853722f7fb0681e56c5c46241cd38/element HTTP/1.1
User-Agent: selenium/4.1.2 (java windows)
Content-Length: 125
Content-Type: application/json; charset=utf-8
host: localhost:56555
accept: */*

Response DefaultHttpResponse(decodeResult: success, version: HTTP/1.1)
HTTP/1.1 200 OK
Content-Type: application/json; charset=utf-8
cache-control: no-cache
content-length: 88

09:07:13.883 [AsyncHttpClient-1-11] DEBUG o.a.netty.channel.ChannelManager - Adding key: http://localhost:56555 for channel [id: 0xc9e24e90, L:/127.0.0.1:54738 - R:localhost/127.0.0.1:56555]
09:07:13.884 [Forwarding isElementEnabled on session 7d3853722f7fb0681e56c5c46241cd38 to remote] DEBUG o.a.netty.request.NettyRequestSender - Using pooled Channel '[id: 0xc9e24e90, L:/127.0.0.1:54738 - R:localhost/127.0.0.1:56555]' for 'GET' to 'http://localhost:56555/session/7d3853722f7fb0681e56c5c46241cd38/element/0fbdd8be-6063-4963-b502-e73209bebfde/enabled'
09:07:13.884 [Forwarding isElementEnabled on session 7d3853722f7fb0681e56c5c46241cd38 to remote] DEBUG o.a.netty.request.NettyRequestSender - Using open Channel [id: 0xc9e24e90, L:/127.0.0.1:54738 - R:localhost/127.0.0.1:56555] for GET '/session/7d3853722f7fb0681e56c5c46241cd38/element/0fbdd8be-6063-4963-b502-e73209bebfde/enabled'
09:07:13.893 [AsyncHttpClient-1-11] DEBUG o.a.netty.handler.HttpHandler - 

Request DefaultFullHttpRequest(decodeResult: success, version: HTTP/1.1, content: EmptyByteBufBE)
GET /session/7d3853722f7fb0681e56c5c46241cd38/element/0fbdd8be-6063-4963-b502-e73209bebfde/enabled HTTP/1.1
User-Agent: selenium/4.1.2 (java windows)
Cache-Control: no-cache
Content-Type: application/json; charset=utf-8
host: localhost:56555
accept: */*

Response DefaultHttpResponse(decodeResult: success, version: HTTP/1.1)
HTTP/1.1 200 OK
Content-Type: application/json; charset=utf-8
cache-control: no-cache
content-length: 14

09:07:13.893 [AsyncHttpClient-1-11] DEBUG o.a.netty.channel.ChannelManager - Adding key: http://localhost:56555 for channel [id: 0xc9e24e90, L:/127.0.0.1:54738 - R:localhost/127.0.0.1:56555]
  &amp#27;[32mAnd &amp#27;[0m&amp#27;[32muser verify the Login Page Elements is Visible&amp#27;[0m                                                                                 &amp#27;[90m# stepdefinitions.LoginPageSteps.user_verify_the_login_page_elements_is_visible()&amp#27;[0m
09:07:14.339 [AsyncHttpClient-1-1] DEBUG o.a.netty.channel.DefaultChannelPool - Entry count for : http://localhost:54739 : 1
09:07:14.339 [AsyncHttpClient-1-1] DEBUG o.a.netty.channel.DefaultChannelPool - Entry count for : http://localhost:56555 : 1
09:07:15.441 [AsyncHttpClient-1-1] DEBUG o.a.netty.channel.DefaultChannelPool - Entry count for : http://localhost:54739 : 1
09:07:15.441 [AsyncHttpClient-1-1] DEBUG o.a.netty.channel.DefaultChannelPool - Entry count for : http://localhost:56555 : 1
09:07:16.545 [AsyncHttpClient-1-1] DEBUG o.a.netty.channel.DefaultChannelPool - Entry count for : http://localhost:54739 : 1
09:07:16.545 [AsyncHttpClient-1-1] DEBUG o.a.netty.channel.DefaultChannelPool - Entry count for : http://localhost:56555 : 1
09:07:16.608 [Forwarding findElement on session 7d3853722f7fb0681e56c5c46241cd38 to remote] DEBUG o.a.netty.request.NettyRequestSender - Using pooled Channel '[id: 0xc9e24e90, L:/127.0.0.1:54738 - R:localhost/127.0.0.1:56555]' for 'POST' to 'http://localhost:56555/session/7d3853722f7fb0681e56c5c46241cd38/element'
09:07:16.608 [Forwarding findElement on session 7d3853722f7fb0681e56c5c46241cd38 to remote] DEBUG o.a.netty.request.NettyRequestSender - Using open Channel [id: 0xc9e24e90, L:/127.0.0.1:54738 - R:localhost/127.0.0.1:56555] for POST '/session/7d3853722f7fb0681e56c5c46241cd38/element'
09:07:16.614 [AsyncHttpClient-1-11] DEBUG o.a.netty.handler.HttpHandler - 

Request DefaultHttpRequest(decodeResult: success, version: HTTP/1.1)
POST /session/7d3853722f7fb0681e56c5c46241cd38/element HTTP/1.1
User-Agent: selenium/4.1.2 (java windows)
Content-Length: 128
Content-Type: application/json; charset=utf-8
host: localhost:56555
accept: */*

Response DefaultHttpResponse(decodeResult: success, version: HTTP/1.1)
HTTP/1.1 200 OK
Content-Type: application/json; charset=utf-8
cache-control: no-cache
content-length: 88

09:07:16.614 [AsyncHttpClient-1-11] DEBUG o.a.netty.channel.ChannelManager - Adding key: http://localhost:56555 for channel [id: 0xc9e24e90, L:/127.0.0.1:54738 - R:localhost/127.0.0.1:56555]
09:07:16.617 [Forwarding sendKeysToElement on session 7d3853722f7fb0681e56c5c46241cd38 to remote] DEBUG o.a.netty.request.NettyRequestSender - Using pooled Channel '[id: 0xc9e24e90, L:/127.0.0.1:54738 - R:localhost/127.0.0.1:56555]' for 'POST' to 'http://localhost:56555/session/7d3853722f7fb0681e56c5c46241cd38/element/2e421bc4-e21f-4780-9d8c-23487fc431a7/value'
09:07:16.618 [Forwarding sendKeysToElement on session 7d3853722f7fb0681e56c5c46241cd38 to remote] DEBUG o.a.netty.request.NettyRequestSender - Using open Channel [id: 0xc9e24e90, L:/127.0.0.1:54738 - R:localhost/127.0.0.1:56555] for POST '/session/7d3853722f7fb0681e56c5c46241cd38/element/2e421bc4-e21f-4780-9d8c-23487fc431a7/value'
09:07:16.654 [AsyncHttpClient-1-11] DEBUG o.a.netty.handler.HttpHandler - 

Request DefaultHttpRequest(decodeResult: success, version: HTTP/1.1)
POST /session/7d3853722f7fb0681e56c5c46241cd38/element/2e421bc4-e21f-4780-9d8c-23487fc431a7/value HTTP/1.1
User-Agent: selenium/4.1.2 (java windows)
Content-Length: 271
Content-Type: application/json; charset=utf-8
host: localhost:56555
accept: */*

Response DefaultHttpResponse(decodeResult: success, version: HTTP/1.1)
HTTP/1.1 200 OK
Content-Type: application/json; charset=utf-8
cache-control: no-cache
content-length: 14

09:07:16.654 [AsyncHttpClient-1-11] DEBUG o.a.netty.channel.ChannelManager - Adding key: http://localhost:56555 for channel [id: 0xc9e24e90, L:/127.0.0.1:54738 - R:localhost/127.0.0.1:56555]
09:07:16.657 [Forwarding findElement on session 7d3853722f7fb0681e56c5c46241cd38 to remote] DEBUG o.a.netty.request.NettyRequestSender - Using pooled Channel '[id: 0xc9e24e90, L:/127.0.0.1:54738 - R:localhost/127.0.0.1:56555]' for 'POST' to 'http://localhost:56555/session/7d3853722f7fb0681e56c5c46241cd38/element'
09:07:16.657 [Forwarding findElement on session 7d3853722f7fb0681e56c5c46241cd38 to remote] DEBUG o.a.netty.request.NettyRequestSender - Using open Channel [id: 0xc9e24e90, L:/127.0.0.1:54738 - R:localhost/127.0.0.1:56555] for POST '/session/7d3853722f7fb0681e56c5c46241cd38/element'
09:07:16.663 [AsyncHttpClient-1-11] DEBUG o.a.netty.handler.HttpHandler - 

Request DefaultHttpRequest(decodeResult: success, version: HTTP/1.1)
POST /session/7d3853722f7fb0681e56c5c46241cd38/element HTTP/1.1
User-Agent: selenium/4.1.2 (java windows)
Content-Length: 132
Content-Type: application/json; charset=utf-8
host: localhost:56555
accept: */*

Response DefaultHttpResponse(decodeResult: success, version: HTTP/1.1)
HTTP/1.1 200 OK
Content-Type: application/json; charset=utf-8
cache-control: no-cache
content-length: 88

09:07:16.663 [AsyncHttpClient-1-11] DEBUG o.a.netty.channel.ChannelManager - Adding key: http://localhost:56555 for channel [id: 0xc9e24e90, L:/127.0.0.1:54738 - R:localhost/127.0.0.1:56555]
09:07:16.665 [Forwarding sendKeysToElement on session 7d3853722f7fb0681e56c5c46241cd38 to remote] DEBUG o.a.netty.request.NettyRequestSender - Using pooled Channel '[id: 0xc9e24e90, L:/127.0.0.1:54738 - R:localhost/127.0.0.1:56555]' for 'POST' to 'http://localhost:56555/session/7d3853722f7fb0681e56c5c46241cd38/element/9511194b-d03e-4010-9083-cf5f5ddd659b/value'
09:07:16.665 [Forwarding sendKeysToElement on session 7d3853722f7fb0681e56c5c46241cd38 to remote] DEBUG o.a.netty.request.NettyRequestSender - Using open Channel [id: 0xc9e24e90, L:/127.0.0.1:54738 - R:localhost/127.0.0.1:56555] for POST '/session/7d3853722f7fb0681e56c5c46241cd38/element/9511194b-d03e-4010-9083-cf5f5ddd659b/value'
09:07:16.712 [AsyncHttpClient-1-11] DEBUG o.a.netty.handler.HttpHandler - 

Request DefaultHttpRequest(decodeResult: success, version: HTTP/1.1)
POST /session/7d3853722f7fb0681e56c5c46241cd38/element/9511194b-d03e-4010-9083-cf5f5ddd659b/value HTTP/1.1
User-Agent: selenium/4.1.2 (java windows)
Content-Length: 161
Content-Type: application/json; charset=utf-8
host: localhost:56555
accept: */*

Response DefaultHttpResponse(decodeResult: success, version: HTTP/1.1)
HTTP/1.1 200 OK
Content-Type: application/json; charset=utf-8
cache-control: no-cache
content-length: 14

09:07:16.712 [AsyncHttpClient-1-11] DEBUG o.a.netty.channel.ChannelManager - Adding key: http://localhost:56555 for channel [id: 0xc9e24e90, L:/127.0.0.1:54738 - R:localhost/127.0.0.1:56555]
09:07:16.713 [Forwarding findElement on session 7d3853722f7fb0681e56c5c46241cd38 to remote] DEBUG o.a.netty.request.NettyRequestSender - Using pooled Channel '[id: 0xc9e24e90, L:/127.0.0.1:54738 - R:localhost/127.0.0.1:56555]' for 'POST' to 'http://localhost:56555/session/7d3853722f7fb0681e56c5c46241cd38/element'
09:07:16.713 [Forwarding findElement on session 7d3853722f7fb0681e56c5c46241cd38 to remote] DEBUG o.a.netty.request.NettyRequestSender - Using open Channel [id: 0xc9e24e90, L:/127.0.0.1:54738 - R:localhost/127.0.0.1:56555] for POST '/session/7d3853722f7fb0681e56c5c46241cd38/element'
09:07:16.720 [AsyncHttpClient-1-11] DEBUG o.a.netty.handler.HttpHandler - 

Request DefaultHttpRequest(decodeResult: success, version: HTTP/1.1)
POST /session/7d3853722f7fb0681e56c5c46241cd38/element HTTP/1.1
User-Agent: selenium/4.1.2 (java windows)
Content-Length: 125
Content-Type: application/json; charset=utf-8
host: localhost:56555
accept: */*

Response DefaultHttpResponse(decodeResult: success, version: HTTP/1.1)
HTTP/1.1 200 OK
Content-Type: application/json; charset=utf-8
cache-control: no-cache
content-length: 88

09:07:16.720 [AsyncHttpClient-1-11] DEBUG o.a.netty.channel.ChannelManager - Adding key: http://localhost:56555 for channel [id: 0xc9e24e90, L:/127.0.0.1:54738 - R:localhost/127.0.0.1:56555]
09:07:16.723 [Forwarding clickElement on session 7d3853722f7fb0681e56c5c46241cd38 to remote] DEBUG o.a.netty.request.NettyRequestSender - Using pooled Channel '[id: 0xc9e24e90, L:/127.0.0.1:54738 - R:localhost/127.0.0.1:56555]' for 'POST' to 'http://localhost:56555/session/7d3853722f7fb0681e56c5c46241cd38/element/0fbdd8be-6063-4963-b502-e73209bebfde/click'
09:07:16.723 [Forwarding clickElement on session 7d3853722f7fb0681e56c5c46241cd38 to remote] DEBUG o.a.netty.request.NettyRequestSender - Using open Channel [id: 0xc9e24e90, L:/127.0.0.1:54738 - R:localhost/127.0.0.1:56555] for POST '/session/7d3853722f7fb0681e56c5c46241cd38/element/0fbdd8be-6063-4963-b502-e73209bebfde/click'
09:07:16.809 [AsyncHttpClient-1-11] DEBUG o.a.netty.handler.HttpHandler - 

Request DefaultHttpRequest(decodeResult: success, version: HTTP/1.1)
POST /session/7d3853722f7fb0681e56c5c46241cd38/element/0fbdd8be-6063-4963-b502-e73209bebfde/click HTTP/1.1
User-Agent: selenium/4.1.2 (java windows)
Content-Length: 50
Content-Type: application/json; charset=utf-8
host: localhost:56555
accept: */*

Response DefaultHttpResponse(decodeResult: success, version: HTTP/1.1)
HTTP/1.1 200 OK
Content-Type: application/json; charset=utf-8
cache-control: no-cache
content-length: 14

09:07:16.809 [AsyncHttpClient-1-11] DEBUG o.a.netty.channel.ChannelManager - Adding key: http://localhost:56555 for channel [id: 0xc9e24e90, L:/127.0.0.1:54738 - R:localhost/127.0.0.1:56555]
09:07:16.811 [Forwarding findElement on session 7d3853722f7fb0681e56c5c46241cd38 to remote] DEBUG o.a.netty.request.NettyRequestSender - Using pooled Channel '[id: 0xc9e24e90, L:/127.0.0.1:54738 - R:localhost/127.0.0.1:56555]' for 'POST' to 'http://localhost:56555/session/7d3853722f7fb0681e56c5c46241cd38/element'
09:07:16.811 [Forwarding findElement on session 7d3853722f7fb0681e56c5c46241cd38 to remote] DEBUG o.a.netty.request.NettyRequestSender - Using open Channel [id: 0xc9e24e90, L:/127.0.0.1:54738 - R:localhost/127.0.0.1:56555] for POST '/session/7d3853722f7fb0681e56c5c46241cd38/element'
09:07:16.823 [AsyncHttpClient-1-11] DEBUG o.a.netty.handler.HttpHandler - 

Request DefaultHttpRequest(decodeResult: success, version: HTTP/1.1)
POST /session/7d3853722f7fb0681e56c5c46241cd38/element HTTP/1.1
User-Agent: selenium/4.1.2 (java windows)
Content-Length: 75
Content-Type: application/json; charset=utf-8
host: localhost:56555
accept: */*

Response DefaultHttpResponse(decodeResult: success, version: HTTP/1.1)
HTTP/1.1 200 OK
Content-Type: application/json; charset=utf-8
cache-control: no-cache
content-length: 88

09:07:16.823 [AsyncHttpClient-1-11] DEBUG o.a.netty.channel.ChannelManager - Adding key: http://localhost:56555 for channel [id: 0xc9e24e90, L:/127.0.0.1:54738 - R:localhost/127.0.0.1:56555]
09:07:16.826 [Forwarding isElementDisplayed on session 7d3853722f7fb0681e56c5c46241cd38 to remote] DEBUG o.a.netty.request.NettyRequestSender - Using pooled Channel '[id: 0xc9e24e90, L:/127.0.0.1:54738 - R:localhost/127.0.0.1:56555]' for 'POST' to 'http://localhost:56555/session/7d3853722f7fb0681e56c5c46241cd38/execute/sync'
09:07:16.827 [Forwarding isElementDisplayed on session 7d3853722f7fb0681e56c5c46241cd38 to remote] DEBUG o.a.netty.request.NettyRequestSender - Using open Channel [id: 0xc9e24e90, L:/127.0.0.1:54738 - R:localhost/127.0.0.1:56555] for POST '/session/7d3853722f7fb0681e56c5c46241cd38/execute/sync'
09:07:16.843 [AsyncHttpClient-1-11] DEBUG o.a.netty.handler.HttpHandler - 

Request DefaultHttpRequest(decodeResult: success, version: HTTP/1.1)
POST /session/7d3853722f7fb0681e56c5c46241cd38/execute/sync HTTP/1.1
User-Agent: selenium/4.1.2 (java windows)
Content-Length: 48780
Content-Type: application/json; charset=utf-8
host: localhost:56555
accept: */*

Response DefaultHttpResponse(decodeResult: success, version: HTTP/1.1)
HTTP/1.1 200 OK
Content-Type: application/json; charset=utf-8
cache-control: no-cache
content-length: 15

09:07:16.844 [AsyncHttpClient-1-11] DEBUG o.a.netty.channel.ChannelManager - Adding key: http://localhost:56555 for channel [id: 0xc9e24e90, L:/127.0.0.1:54738 - R:localhost/127.0.0.1:56555]
09:07:17.349 [Forwarding findElement on session 7d3853722f7fb0681e56c5c46241cd38 to remote] DEBUG o.a.netty.request.NettyRequestSender - Using pooled Channel '[id: 0xc9e24e90, L:/127.0.0.1:54738 - R:localhost/127.0.0.1:56555]' for 'POST' to 'http://localhost:56555/session/7d3853722f7fb0681e56c5c46241cd38/element'
09:07:17.349 [Forwarding findElement on session 7d3853722f7fb0681e56c5c46241cd38 to remote] DEBUG o.a.netty.request.NettyRequestSender - Using open Channel [id: 0xc9e24e90, L:/127.0.0.1:54738 - R:localhost/127.0.0.1:56555] for POST '/session/7d3853722f7fb0681e56c5c46241cd38/element'
09:07:17.356 [AsyncHttpClient-1-11] DEBUG o.a.netty.handler.HttpHandler - 

Request DefaultHttpRequest(decodeResult: success, version: HTTP/1.1)
POST /session/7d3853722f7fb0681e56c5c46241cd38/element HTTP/1.1
User-Agent: selenium/4.1.2 (java windows)
Content-Length: 75
Content-Type: application/json; charset=utf-8
host: localhost:56555
accept: */*

Response DefaultHttpResponse(decodeResult: success, version: HTTP/1.1)
HTTP/1.1 200 OK
Content-Type: application/json; charset=utf-8
cache-control: no-cache
content-length: 88

09:07:17.356 [AsyncHttpClient-1-11] DEBUG o.a.netty.channel.ChannelManager - Adding key: http://localhost:56555 for channel [id: 0xc9e24e90, L:/127.0.0.1:54738 - R:localhost/127.0.0.1:56555]
09:07:17.360 [Forwarding isElementDisplayed on session 7d3853722f7fb0681e56c5c46241cd38 to remote] DEBUG o.a.netty.request.NettyRequestSender - Using pooled Channel '[id: 0xc9e24e90, L:/127.0.0.1:54738 - R:localhost/127.0.0.1:56555]' for 'POST' to 'http://localhost:56555/session/7d3853722f7fb0681e56c5c46241cd38/execute/sync'
09:07:17.360 [Forwarding isElementDisplayed on session 7d3853722f7fb0681e56c5c46241cd38 to remote] DEBUG o.a.netty.request.NettyRequestSender - Using open Channel [id: 0xc9e24e90, L:/127.0.0.1:54738 - R:localhost/127.0.0.1:56555] for POST '/session/7d3853722f7fb0681e56c5c46241cd38/execute/sync'
09:07:17.370 [AsyncHttpClient-1-11] DEBUG o.a.netty.handler.HttpHandler - 

Request DefaultHttpRequest(decodeResult: success, version: HTTP/1.1)
POST /session/7d3853722f7fb0681e56c5c46241cd38/execute/sync HTTP/1.1
User-Agent: selenium/4.1.2 (java windows)
Content-Length: 48780
Content-Type: application/json; charset=utf-8
host: localhost:56555
accept: */*

Response DefaultHttpResponse(decodeResult: success, version: HTTP/1.1)
HTTP/1.1 200 OK
Content-Type: application/json; charset=utf-8
cache-control: no-cache
content-length: 15

09:07:17.370 [AsyncHttpClient-1-11] DEBUG o.a.netty.channel.ChannelManager - Adding key: http://localhost:56555 for channel [id: 0xc9e24e90, L:/127.0.0.1:54738 - R:localhost/127.0.0.1:56555]
09:07:17.647 [AsyncHttpClient-1-1] DEBUG o.a.netty.channel.DefaultChannelPool - Entry count for : http://localhost:54739 : 1
09:07:17.647 [AsyncHttpClient-1-1] DEBUG o.a.netty.channel.DefaultChannelPool - Entry count for : http://localhost:56555 : 1
09:07:17.887 [Forwarding findElement on session 7d3853722f7fb0681e56c5c46241cd38 to remote] DEBUG o.a.netty.request.NettyRequestSender - Using pooled Channel '[id: 0xc9e24e90, L:/127.0.0.1:54738 - R:localhost/127.0.0.1:56555]' for 'POST' to 'http://localhost:56555/session/7d3853722f7fb0681e56c5c46241cd38/element'
09:07:17.887 [Forwarding findElement on session 7d3853722f7fb0681e56c5c46241cd38 to remote] DEBUG o.a.netty.request.NettyRequestSender - Using open Channel [id: 0xc9e24e90, L:/127.0.0.1:54738 - R:localhost/127.0.0.1:56555] for POST '/session/7d3853722f7fb0681e56c5c46241cd38/element'
09:07:17.893 [AsyncHttpClient-1-11] DEBUG o.a.netty.handler.HttpHandler - 

Request DefaultHttpRequest(decodeResult: success, version: HTTP/1.1)
POST /session/7d3853722f7fb0681e56c5c46241cd38/element HTTP/1.1
User-Agent: selenium/4.1.2 (java windows)
Content-Length: 75
Content-Type: application/json; charset=utf-8
host: localhost:56555
accept: */*

Response DefaultHttpResponse(decodeResult: success, version: HTTP/1.1)
HTTP/1.1 200 OK
Content-Type: application/json; charset=utf-8
cache-control: no-cache
content-length: 88

09:07:17.894 [AsyncHttpClient-1-11] DEBUG o.a.netty.channel.ChannelManager - Adding key: http://localhost:56555 for channel [id: 0xc9e24e90, L:/127.0.0.1:54738 - R:localhost/127.0.0.1:56555]
09:07:17.898 [Forwarding isElementDisplayed on session 7d3853722f7fb0681e56c5c46241cd38 to remote] DEBUG o.a.netty.request.NettyRequestSender - Using pooled Channel '[id: 0xc9e24e90, L:/127.0.0.1:54738 - R:localhost/127.0.0.1:56555]' for 'POST' to 'http://localhost:56555/session/7d3853722f7fb0681e56c5c46241cd38/execute/sync'
09:07:17.898 [Forwarding isElementDisplayed on session 7d3853722f7fb0681e56c5c46241cd38 to remote] DEBUG o.a.netty.request.NettyRequestSender - Using open Channel [id: 0xc9e24e90, L:/127.0.0.1:54738 - R:localhost/127.0.0.1:56555] for POST '/session/7d3853722f7fb0681e56c5c46241cd38/execute/sync'
09:07:17.906 [AsyncHttpClient-1-11] DEBUG o.a.netty.handler.HttpHandler - 

Request DefaultHttpRequest(decodeResult: success, version: HTTP/1.1)
POST /session/7d3853722f7fb0681e56c5c46241cd38/execute/sync HTTP/1.1
User-Agent: selenium/4.1.2 (java windows)
Content-Length: 48780
Content-Type: application/json; charset=utf-8
host: localhost:56555
accept: */*

Response DefaultHttpResponse(decodeResult: success, version: HTTP/1.1)
HTTP/1.1 200 OK
Content-Type: application/json; charset=utf-8
cache-control: no-cache
content-length: 14

09:07:17.906 [AsyncHttpClient-1-11] DEBUG o.a.netty.channel.ChannelManager - Adding key: http://localhost:56555 for channel [id: 0xc9e24e90, L:/127.0.0.1:54738 - R:localhost/127.0.0.1:56555]
09:07:17.907 [Forwarding getElementText on session 7d3853722f7fb0681e56c5c46241cd38 to remote] DEBUG o.a.netty.request.NettyRequestSender - Using pooled Channel '[id: 0xc9e24e90, L:/127.0.0.1:54738 - R:localhost/127.0.0.1:56555]' for 'GET' to 'http://localhost:56555/session/7d3853722f7fb0681e56c5c46241cd38/element/6ff92935-e88a-415a-a44b-b8fee58cafd3/text'
09:07:17.907 [Forwarding getElementText on session 7d3853722f7fb0681e56c5c46241cd38 to remote] DEBUG o.a.netty.request.NettyRequestSender - Using open Channel [id: 0xc9e24e90, L:/127.0.0.1:54738 - R:localhost/127.0.0.1:56555] for GET '/session/7d3853722f7fb0681e56c5c46241cd38/element/6ff92935-e88a-415a-a44b-b8fee58cafd3/text'
09:07:17.919 [AsyncHttpClient-1-11] DEBUG o.a.netty.handler.HttpHandler - 

Request DefaultFullHttpRequest(decodeResult: success, version: HTTP/1.1, content: EmptyByteBufBE)
GET /session/7d3853722f7fb0681e56c5c46241cd38/element/6ff92935-e88a-415a-a44b-b8fee58cafd3/text HTTP/1.1
User-Agent: selenium/4.1.2 (java windows)
Cache-Control: no-cache
Content-Type: application/json; charset=utf-8
host: localhost:56555
accept: */*

Response DefaultHttpResponse(decodeResult: success, version: HTTP/1.1)
HTTP/1.1 200 OK
Content-Type: application/json; charset=utf-8
cache-control: no-cache
content-length: 59

09:07:17.920 [AsyncHttpClient-1-11] DEBUG o.a.netty.channel.ChannelManager - Adding key: http://localhost:56555 for channel [id: 0xc9e24e90, L:/127.0.0.1:54738 - R:localhost/127.0.0.1:56555]
09:07:18.739 [AsyncHttpClient-1-1] DEBUG o.a.netty.channel.DefaultChannelPool - Entry count for : http://localhost:54739 : 1
09:07:18.739 [AsyncHttpClient-1-1] DEBUG o.a.netty.channel.DefaultChannelPool - Entry count for : http://localhost:56555 : 1
09:07:19.844 [AsyncHttpClient-1-1] DEBUG o.a.netty.channel.DefaultChannelPool - Entry count for : http://localhost:54739 : 1
09:07:19.844 [AsyncHttpClient-1-1] DEBUG o.a.netty.channel.DefaultChannelPool - Entry count for : http://localhost:56555 : 1
09:07:20.935 [AsyncHttpClient-1-1] DEBUG o.a.netty.channel.DefaultChannelPool - Entry count for : http://localhost:54739 : 1
09:07:20.935 [AsyncHttpClient-1-1] DEBUG o.a.netty.channel.DefaultChannelPool - Entry count for : http://localhost:56555 : 1
09:07:21.937 [Forwarding findElement on session 7d3853722f7fb0681e56c5c46241cd38 to remote] DEBUG o.a.netty.request.NettyRequestSender - Using pooled Channel '[id: 0xc9e24e90, L:/127.0.0.1:54738 - R:localhost/127.0.0.1:56555]' for 'POST' to 'http://localhost:56555/session/7d3853722f7fb0681e56c5c46241cd38/element'
09:07:21.937 [Forwarding findElement on session 7d3853722f7fb0681e56c5c46241cd38 to remote] DEBUG o.a.netty.request.NettyRequestSender - Using open Channel [id: 0xc9e24e90, L:/127.0.0.1:54738 - R:localhost/127.0.0.1:56555] for POST '/session/7d3853722f7fb0681e56c5c46241cd38/element'
09:07:21.944 [AsyncHttpClient-1-11] DEBUG o.a.netty.handler.HttpHandler - 

Request DefaultHttpRequest(decodeResult: success, version: HTTP/1.1)
POST /session/7d3853722f7fb0681e56c5c46241cd38/element HTTP/1.1
User-Agent: selenium/4.1.2 (java windows)
Content-Length: 128
Content-Type: application/json; charset=utf-8
host: localhost:56555
accept: */*

Response DefaultHttpResponse(decodeResult: success, version: HTTP/1.1)
HTTP/1.1 200 OK
Content-Type: application/json; charset=utf-8
cache-control: no-cache
content-length: 88

09:07:21.944 [AsyncHttpClient-1-11] DEBUG o.a.netty.channel.ChannelManager - Adding key: http://localhost:56555 for channel [id: 0xc9e24e90, L:/127.0.0.1:54738 - R:localhost/127.0.0.1:56555]
09:07:21.946 [Forwarding sendKeysToElement on session 7d3853722f7fb0681e56c5c46241cd38 to remote] DEBUG o.a.netty.request.NettyRequestSender - Using pooled Channel '[id: 0xc9e24e90, L:/127.0.0.1:54738 - R:localhost/127.0.0.1:56555]' for 'POST' to 'http://localhost:56555/session/7d3853722f7fb0681e56c5c46241cd38/element/ae46e1b4-628d-4ce8-ac77-a07f7b5b3534/value'
09:07:21.946 [Forwarding sendKeysToElement on session 7d3853722f7fb0681e56c5c46241cd38 to remote] DEBUG o.a.netty.request.NettyRequestSender - Using open Channel [id: 0xc9e24e90, L:/127.0.0.1:54738 - R:localhost/127.0.0.1:56555] for POST '/session/7d3853722f7fb0681e56c5c46241cd38/element/ae46e1b4-628d-4ce8-ac77-a07f7b5b3534/value'
09:07:21.983 [AsyncHttpClient-1-11] DEBUG o.a.netty.handler.HttpHandler - 

Request DefaultHttpRequest(decodeResult: success, version: HTTP/1.1)
POST /session/7d3853722f7fb0681e56c5c46241cd38/element/ae46e1b4-628d-4ce8-ac77-a07f7b5b3534/value HTTP/1.1
User-Agent: selenium/4.1.2 (java windows)
Content-Length: 271
Content-Type: application/json; charset=utf-8
host: localhost:56555
accept: */*

Response DefaultHttpResponse(decodeResult: success, version: HTTP/1.1)
HTTP/1.1 200 OK
Content-Type: application/json; charset=utf-8
cache-control: no-cache
content-length: 14

09:07:21.984 [AsyncHttpClient-1-11] DEBUG o.a.netty.channel.ChannelManager - Adding key: http://localhost:56555 for channel [id: 0xc9e24e90, L:/127.0.0.1:54738 - R:localhost/127.0.0.1:56555]
09:07:21.985 [Forwarding findElement on session 7d3853722f7fb0681e56c5c46241cd38 to remote] DEBUG o.a.netty.request.NettyRequestSender - Using pooled Channel '[id: 0xc9e24e90, L:/127.0.0.1:54738 - R:localhost/127.0.0.1:56555]' for 'POST' to 'http://localhost:56555/session/7d3853722f7fb0681e56c5c46241cd38/element'
09:07:21.985 [Forwarding findElement on session 7d3853722f7fb0681e56c5c46241cd38 to remote] DEBUG o.a.netty.request.NettyRequestSender - Using open Channel [id: 0xc9e24e90, L:/127.0.0.1:54738 - R:localhost/127.0.0.1:56555] for POST '/session/7d3853722f7fb0681e56c5c46241cd38/element'
09:07:21.993 [AsyncHttpClient-1-11] DEBUG o.a.netty.handler.HttpHandler - 

Request DefaultHttpRequest(decodeResult: success, version: HTTP/1.1)
POST /session/7d3853722f7fb0681e56c5c46241cd38/element HTTP/1.1
User-Agent: selenium/4.1.2 (java windows)
Content-Length: 132
Content-Type: application/json; charset=utf-8
host: localhost:56555
accept: */*

Response DefaultHttpResponse(decodeResult: success, version: HTTP/1.1)
HTTP/1.1 200 OK
Content-Type: application/json; charset=utf-8
cache-control: no-cache
content-length: 88

09:07:21.993 [AsyncHttpClient-1-11] DEBUG o.a.netty.channel.ChannelManager - Adding key: http://localhost:56555 for channel [id: 0xc9e24e90, L:/127.0.0.1:54738 - R:localhost/127.0.0.1:56555]
09:07:21.995 [Forwarding sendKeysToElement on session 7d3853722f7fb0681e56c5c46241cd38 to remote] DEBUG o.a.netty.request.NettyRequestSender - Using pooled Channel '[id: 0xc9e24e90, L:/127.0.0.1:54738 - R:localhost/127.0.0.1:56555]' for 'POST' to 'http://localhost:56555/session/7d3853722f7fb0681e56c5c46241cd38/element/69fdb392-b733-42c7-a143-21a3131e847d/value'
09:07:21.995 [Forwarding sendKeysToElement on session 7d3853722f7fb0681e56c5c46241cd38 to remote] DEBUG o.a.netty.request.NettyRequestSender - Using open Channel [id: 0xc9e24e90, L:/127.0.0.1:54738 - R:localhost/127.0.0.1:56555] for POST '/session/7d3853722f7fb0681e56c5c46241cd38/element/69fdb392-b733-42c7-a143-21a3131e847d/value'
09:07:22.048 [AsyncHttpClient-1-1] DEBUG o.a.netty.channel.DefaultChannelPool - Entry count for : http://localhost:54739 : 1
09:07:22.048 [AsyncHttpClient-1-11] DEBUG o.a.netty.handler.HttpHandler - 

Request DefaultHttpRequest(decodeResult: success, version: HTTP/1.1)
POST /session/7d3853722f7fb0681e56c5c46241cd38/element/69fdb392-b733-42c7-a143-21a3131e847d/value HTTP/1.1
User-Agent: selenium/4.1.2 (java windows)
Content-Length: 161
Content-Type: application/json; charset=utf-8
host: localhost:56555
accept: */*

Response DefaultHttpResponse(decodeResult: success, version: HTTP/1.1)
HTTP/1.1 200 OK
Content-Type: application/json; charset=utf-8
cache-control: no-cache
content-length: 14

09:07:22.049 [AsyncHttpClient-1-11] DEBUG o.a.netty.channel.ChannelManager - Adding key: http://localhost:56555 for channel [id: 0xc9e24e90, L:/127.0.0.1:54738 - R:localhost/127.0.0.1:56555]
09:07:22.050 [Forwarding findElement on session 7d3853722f7fb0681e56c5c46241cd38 to remote] DEBUG o.a.netty.request.NettyRequestSender - Using pooled Channel '[id: 0xc9e24e90, L:/127.0.0.1:54738 - R:localhost/127.0.0.1:56555]' for 'POST' to 'http://localhost:56555/session/7d3853722f7fb0681e56c5c46241cd38/element'
09:07:22.050 [Forwarding findElement on session 7d3853722f7fb0681e56c5c46241cd38 to remote] DEBUG o.a.netty.request.NettyRequestSender - Using open Channel [id: 0xc9e24e90, L:/127.0.0.1:54738 - R:localhost/127.0.0.1:56555] for POST '/session/7d3853722f7fb0681e56c5c46241cd38/element'
09:07:22.058 [AsyncHttpClient-1-11] DEBUG o.a.netty.handler.HttpHandler - 

Request DefaultHttpRequest(decodeResult: success, version: HTTP/1.1)
POST /session/7d3853722f7fb0681e56c5c46241cd38/element HTTP/1.1
User-Agent: selenium/4.1.2 (java windows)
Content-Length: 125
Content-Type: application/json; charset=utf-8
host: localhost:56555
accept: */*

Response DefaultHttpResponse(decodeResult: success, version: HTTP/1.1)
HTTP/1.1 200 OK
Content-Type: application/json; charset=utf-8
cache-control: no-cache
content-length: 88

09:07:22.058 [AsyncHttpClient-1-11] DEBUG o.a.netty.channel.ChannelManager - Adding key: http://localhost:56555 for channel [id: 0xc9e24e90, L:/127.0.0.1:54738 - R:localhost/127.0.0.1:56555]
09:07:22.061 [Forwarding clickElement on session 7d3853722f7fb0681e56c5c46241cd38 to remote] DEBUG o.a.netty.request.NettyRequestSender - Using pooled Channel '[id: 0xc9e24e90, L:/127.0.0.1:54738 - R:localhost/127.0.0.1:56555]' for 'POST' to 'http://localhost:56555/session/7d3853722f7fb0681e56c5c46241cd38/element/85aaeda6-2d5b-4813-b206-48e97c6a72b8/click'
09:07:22.061 [Forwarding clickElement on session 7d3853722f7fb0681e56c5c46241cd38 to remote] DEBUG o.a.netty.request.NettyRequestSender - Using open Channel [id: 0xc9e24e90, L:/127.0.0.1:54738 - R:localhost/127.0.0.1:56555] for POST '/session/7d3853722f7fb0681e56c5c46241cd38/element/85aaeda6-2d5b-4813-b206-48e97c6a72b8/click'
09:07:22.142 [AsyncHttpClient-1-11] DEBUG o.a.netty.handler.HttpHandler - 

Request DefaultHttpRequest(decodeResult: success, version: HTTP/1.1)
POST /session/7d3853722f7fb0681e56c5c46241cd38/element/85aaeda6-2d5b-4813-b206-48e97c6a72b8/click HTTP/1.1
User-Agent: selenium/4.1.2 (java windows)
Content-Length: 50
Content-Type: application/json; charset=utf-8
host: localhost:56555
accept: */*

Response DefaultHttpResponse(decodeResult: success, version: HTTP/1.1)
HTTP/1.1 200 OK
Content-Type: application/json; charset=utf-8
cache-control: no-cache
content-length: 14

09:07:22.145 [AsyncHttpClient-1-11] DEBUG o.a.netty.channel.ChannelManager - Adding key: http://localhost:56555 for channel [id: 0xc9e24e90, L:/127.0.0.1:54738 - R:localhost/127.0.0.1:56555]
09:07:22.148 [Forwarding findElement on session 7d3853722f7fb0681e56c5c46241cd38 to remote] DEBUG o.a.netty.request.NettyRequestSender - Using pooled Channel '[id: 0xc9e24e90, L:/127.0.0.1:54738 - R:localhost/127.0.0.1:56555]' for 'POST' to 'http://localhost:56555/session/7d3853722f7fb0681e56c5c46241cd38/element'
09:07:22.149 [Forwarding findElement on session 7d3853722f7fb0681e56c5c46241cd38 to remote] DEBUG o.a.netty.request.NettyRequestSender - Using open Channel [id: 0xc9e24e90, L:/127.0.0.1:54738 - R:localhost/127.0.0.1:56555] for POST '/session/7d3853722f7fb0681e56c5c46241cd38/element'
09:07:22.165 [AsyncHttpClient-1-11] DEBUG o.a.netty.handler.HttpHandler - 

Request DefaultHttpRequest(decodeResult: success, version: HTTP/1.1)
POST /session/7d3853722f7fb0681e56c5c46241cd38/element HTTP/1.1
User-Agent: selenium/4.1.2 (java windows)
Content-Length: 75
Content-Type: application/json; charset=utf-8
host: localhost:56555
accept: */*

Response DefaultHttpResponse(decodeResult: success, version: HTTP/1.1)
HTTP/1.1 200 OK
Content-Type: application/json; charset=utf-8
cache-control: no-cache
content-length: 88

09:07:22.165 [AsyncHttpClient-1-11] DEBUG o.a.netty.channel.ChannelManager - Adding key: http://localhost:56555 for channel [id: 0xc9e24e90, L:/127.0.0.1:54738 - R:localhost/127.0.0.1:56555]
09:07:22.170 [Forwarding isElementDisplayed on session 7d3853722f7fb0681e56c5c46241cd38 to remote] DEBUG o.a.netty.request.NettyRequestSender - Using pooled Channel '[id: 0xc9e24e90, L:/127.0.0.1:54738 - R:localhost/127.0.0.1:56555]' for 'POST' to 'http://localhost:56555/session/7d3853722f7fb0681e56c5c46241cd38/execute/sync'
09:07:22.170 [Forwarding isElementDisplayed on session 7d3853722f7fb0681e56c5c46241cd38 to remote] DEBUG o.a.netty.request.NettyRequestSender - Using open Channel [id: 0xc9e24e90, L:/127.0.0.1:54738 - R:localhost/127.0.0.1:56555] for POST '/session/7d3853722f7fb0681e56c5c46241cd38/execute/sync'
09:07:22.183 [AsyncHttpClient-1-11] DEBUG o.a.netty.handler.HttpHandler - 

Request DefaultHttpRequest(decodeResult: success, version: HTTP/1.1)
POST /session/7d3853722f7fb0681e56c5c46241cd38/execute/sync HTTP/1.1
User-Agent: selenium/4.1.2 (java windows)
Content-Length: 48780
Content-Type: application/json; charset=utf-8
host: localhost:56555
accept: */*

Response DefaultHttpResponse(decodeResult: success, version: HTTP/1.1)
HTTP/1.1 200 OK
Content-Type: application/json; charset=utf-8
cache-control: no-cache
content-length: 15

09:07:22.183 [AsyncHttpClient-1-11] DEBUG o.a.netty.channel.ChannelManager - Adding key: http://localhost:56555 for channel [id: 0xc9e24e90, L:/127.0.0.1:54738 - R:localhost/127.0.0.1:56555]
09:07:22.687 [Forwarding findElement on session 7d3853722f7fb0681e56c5c46241cd38 to remote] DEBUG o.a.netty.request.NettyRequestSender - Using pooled Channel '[id: 0xc9e24e90, L:/127.0.0.1:54738 - R:localhost/127.0.0.1:56555]' for 'POST' to 'http://localhost:56555/session/7d3853722f7fb0681e56c5c46241cd38/element'
09:07:22.687 [Forwarding findElement on session 7d3853722f7fb0681e56c5c46241cd38 to remote] DEBUG o.a.netty.request.NettyRequestSender - Using open Channel [id: 0xc9e24e90, L:/127.0.0.1:54738 - R:localhost/127.0.0.1:56555] for POST '/session/7d3853722f7fb0681e56c5c46241cd38/element'
09:07:22.696 [AsyncHttpClient-1-11] DEBUG o.a.netty.handler.HttpHandler - 

Request DefaultHttpRequest(decodeResult: success, version: HTTP/1.1)
POST /session/7d3853722f7fb0681e56c5c46241cd38/element HTTP/1.1
User-Agent: selenium/4.1.2 (java windows)
Content-Length: 75
Content-Type: application/json; charset=utf-8
host: localhost:56555
accept: */*

Response DefaultHttpResponse(decodeResult: success, version: HTTP/1.1)
HTTP/1.1 200 OK
Content-Type: application/json; charset=utf-8
cache-control: no-cache
content-length: 88

09:07:22.697 [AsyncHttpClient-1-11] DEBUG o.a.netty.channel.ChannelManager - Adding key: http://localhost:56555 for channel [id: 0xc9e24e90, L:/127.0.0.1:54738 - R:localhost/127.0.0.1:56555]
09:07:22.702 [Forwarding isElementDisplayed on session 7d3853722f7fb0681e56c5c46241cd38 to remote] DEBUG o.a.netty.request.NettyRequestSender - Using pooled Channel '[id: 0xc9e24e90, L:/127.0.0.1:54738 - R:localhost/127.0.0.1:56555]' for 'POST' to 'http://localhost:56555/session/7d3853722f7fb0681e56c5c46241cd38/execute/sync'
09:07:22.702 [Forwarding isElementDisplayed on session 7d3853722f7fb0681e56c5c46241cd38 to remote] DEBUG o.a.netty.request.NettyRequestSender - Using open Channel [id: 0xc9e24e90, L:/127.0.0.1:54738 - R:localhost/127.0.0.1:56555] for POST '/session/7d3853722f7fb0681e56c5c46241cd38/execute/sync'
09:07:22.712 [AsyncHttpClient-1-11] DEBUG o.a.netty.handler.HttpHandler - 

Request DefaultHttpRequest(decodeResult: success, version: HTTP/1.1)
POST /session/7d3853722f7fb0681e56c5c46241cd38/execute/sync HTTP/1.1
User-Agent: selenium/4.1.2 (java windows)
Content-Length: 48780
Content-Type: application/json; charset=utf-8
host: localhost:56555
accept: */*

Response DefaultHttpResponse(decodeResult: success, version: HTTP/1.1)
HTTP/1.1 200 OK
Content-Type: application/json; charset=utf-8
cache-control: no-cache
content-length: 14

09:07:22.712 [AsyncHttpClient-1-11] DEBUG o.a.netty.channel.ChannelManager - Adding key: http://localhost:56555 for channel [id: 0xc9e24e90, L:/127.0.0.1:54738 - R:localhost/127.0.0.1:56555]
09:07:22.714 [Forwarding getElementText on session 7d3853722f7fb0681e56c5c46241cd38 to remote] DEBUG o.a.netty.request.NettyRequestSender - Using pooled Channel '[id: 0xc9e24e90, L:/127.0.0.1:54738 - R:localhost/127.0.0.1:56555]' for 'GET' to 'http://localhost:56555/session/7d3853722f7fb0681e56c5c46241cd38/element/ecc5e29e-b668-4a0a-b810-3ab14b25af7f/text'
09:07:22.714 [Forwarding getElementText on session 7d3853722f7fb0681e56c5c46241cd38 to remote] DEBUG o.a.netty.request.NettyRequestSender - Using open Channel [id: 0xc9e24e90, L:/127.0.0.1:54738 - R:localhost/127.0.0.1:56555] for GET '/session/7d3853722f7fb0681e56c5c46241cd38/element/ecc5e29e-b668-4a0a-b810-3ab14b25af7f/text'
09:07:22.727 [AsyncHttpClient-1-11] DEBUG o.a.netty.handler.HttpHandler - 

Request DefaultFullHttpRequest(decodeResult: success, version: HTTP/1.1, content: EmptyByteBufBE)
GET /session/7d3853722f7fb0681e56c5c46241cd38/element/ecc5e29e-b668-4a0a-b810-3ab14b25af7f/text HTTP/1.1
User-Agent: selenium/4.1.2 (java windows)
Cache-Control: no-cache
Content-Type: application/json; charset=utf-8
host: localhost:56555
accept: */*

Response DefaultHttpResponse(decodeResult: success, version: HTTP/1.1)
HTTP/1.1 200 OK
Content-Type: application/json; charset=utf-8
cache-control: no-cache
content-length: 59

09:07:22.728 [AsyncHttpClient-1-11] DEBUG o.a.netty.channel.ChannelManager - Adding key: http://localhost:56555 for channel [id: 0xc9e24e90, L:/127.0.0.1:54738 - R:localhost/127.0.0.1:56555]
09:07:23.138 [AsyncHttpClient-1-1] DEBUG o.a.netty.channel.DefaultChannelPool - Entry count for : http://localhost:54739 : 1
09:07:23.138 [AsyncHttpClient-1-1] DEBUG o.a.netty.channel.DefaultChannelPool - Entry count for : http://localhost:56555 : 1
09:07:24.250 [AsyncHttpClient-1-1] DEBUG o.a.netty.channel.DefaultChannelPool - Entry count for : http://localhost:54739 : 1
09:07:24.251 [AsyncHttpClient-1-1] DEBUG o.a.netty.channel.DefaultChannelPool - Entry count for : http://localhost:56555 : 1
09:07:25.338 [AsyncHttpClient-1-1] DEBUG o.a.netty.channel.DefaultChannelPool - Entry count for : http://localhost:54739 : 1
09:07:25.338 [AsyncHttpClient-1-1] DEBUG o.a.netty.channel.DefaultChannelPool - Entry count for : http://localhost:56555 : 1
09:07:26.439 [AsyncHttpClient-1-1] DEBUG o.a.netty.channel.DefaultChannelPool - Entry count for : http://localhost:54739 : 1
09:07:26.439 [AsyncHttpClient-1-1] DEBUG o.a.netty.channel.DefaultChannelPool - Entry count for : http://localhost:56555 : 1
09:07:26.760 [Forwarding findElement on session 7d3853722f7fb0681e56c5c46241cd38 to remote] DEBUG o.a.netty.request.NettyRequestSender - Using pooled Channel '[id: 0xc9e24e90, L:/127.0.0.1:54738 - R:localhost/127.0.0.1:56555]' for 'POST' to 'http://localhost:56555/session/7d3853722f7fb0681e56c5c46241cd38/element'
09:07:26.760 [Forwarding findElement on session 7d3853722f7fb0681e56c5c46241cd38 to remote] DEBUG o.a.netty.request.NettyRequestSender - Using open Channel [id: 0xc9e24e90, L:/127.0.0.1:54738 - R:localhost/127.0.0.1:56555] for POST '/session/7d3853722f7fb0681e56c5c46241cd38/element'
09:07:26.766 [AsyncHttpClient-1-11] DEBUG o.a.netty.handler.HttpHandler - 

Request DefaultHttpRequest(decodeResult: success, version: HTTP/1.1)
POST /session/7d3853722f7fb0681e56c5c46241cd38/element HTTP/1.1
User-Agent: selenium/4.1.2 (java windows)
Content-Length: 128
Content-Type: application/json; charset=utf-8
host: localhost:56555
accept: */*

Response DefaultHttpResponse(decodeResult: success, version: HTTP/1.1)
HTTP/1.1 200 OK
Content-Type: application/json; charset=utf-8
cache-control: no-cache
content-length: 88

09:07:26.767 [AsyncHttpClient-1-11] DEBUG o.a.netty.channel.ChannelManager - Adding key: http://localhost:56555 for channel [id: 0xc9e24e90, L:/127.0.0.1:54738 - R:localhost/127.0.0.1:56555]
09:07:26.768 [Forwarding sendKeysToElement on session 7d3853722f7fb0681e56c5c46241cd38 to remote] DEBUG o.a.netty.request.NettyRequestSender - Using pooled Channel '[id: 0xc9e24e90, L:/127.0.0.1:54738 - R:localhost/127.0.0.1:56555]' for 'POST' to 'http://localhost:56555/session/7d3853722f7fb0681e56c5c46241cd38/element/9dd70437-c77a-48a6-8942-dc78e89c44b2/value'
09:07:26.768 [Forwarding sendKeysToElement on session 7d3853722f7fb0681e56c5c46241cd38 to remote] DEBUG o.a.netty.request.NettyRequestSender - Using open Channel [id: 0xc9e24e90, L:/127.0.0.1:54738 - R:localhost/127.0.0.1:56555] for POST '/session/7d3853722f7fb0681e56c5c46241cd38/element/9dd70437-c77a-48a6-8942-dc78e89c44b2/value'
09:07:26.792 [AsyncHttpClient-1-11] DEBUG o.a.netty.handler.HttpHandler - 

Request DefaultHttpRequest(decodeResult: success, version: HTTP/1.1)
POST /session/7d3853722f7fb0681e56c5c46241cd38/element/9dd70437-c77a-48a6-8942-dc78e89c44b2/value HTTP/1.1
User-Agent: selenium/4.1.2 (java windows)
Content-Length: 82
Content-Type: application/json; charset=utf-8
host: localhost:56555
accept: */*

Response DefaultHttpResponse(decodeResult: success, version: HTTP/1.1)
HTTP/1.1 200 OK
Content-Type: application/json; charset=utf-8
cache-control: no-cache
content-length: 14

09:07:26.792 [AsyncHttpClient-1-11] DEBUG o.a.netty.channel.ChannelManager - Adding key: http://localhost:56555 for channel [id: 0xc9e24e90, L:/127.0.0.1:54738 - R:localhost/127.0.0.1:56555]
09:07:26.793 [Forwarding findElement on session 7d3853722f7fb0681e56c5c46241cd38 to remote] DEBUG o.a.netty.request.NettyRequestSender - Using pooled Channel '[id: 0xc9e24e90, L:/127.0.0.1:54738 - R:localhost/127.0.0.1:56555]' for 'POST' to 'http://localhost:56555/session/7d3853722f7fb0681e56c5c46241cd38/element'
09:07:26.794 [Forwarding findElement on session 7d3853722f7fb0681e56c5c46241cd38 to remote] DEBUG o.a.netty.request.NettyRequestSender - Using open Channel [id: 0xc9e24e90, L:/127.0.0.1:54738 - R:localhost/127.0.0.1:56555] for POST '/session/7d3853722f7fb0681e56c5c46241cd38/element'
09:07:26.800 [AsyncHttpClient-1-11] DEBUG o.a.netty.handler.HttpHandler - 

Request DefaultHttpRequest(decodeResult: success, version: HTTP/1.1)
POST /session/7d3853722f7fb0681e56c5c46241cd38/element HTTP/1.1
User-Agent: selenium/4.1.2 (java windows)
Content-Length: 132
Content-Type: application/json; charset=utf-8
host: localhost:56555
accept: */*

Response DefaultHttpResponse(decodeResult: success, version: HTTP/1.1)
HTTP/1.1 200 OK
Content-Type: application/json; charset=utf-8
cache-control: no-cache
content-length: 88

09:07:26.800 [AsyncHttpClient-1-11] DEBUG o.a.netty.channel.ChannelManager - Adding key: http://localhost:56555 for channel [id: 0xc9e24e90, L:/127.0.0.1:54738 - R:localhost/127.0.0.1:56555]
09:07:26.802 [Forwarding sendKeysToElement on session 7d3853722f7fb0681e56c5c46241cd38 to remote] DEBUG o.a.netty.request.NettyRequestSender - Using pooled Channel '[id: 0xc9e24e90, L:/127.0.0.1:54738 - R:localhost/127.0.0.1:56555]' for 'POST' to 'http://localhost:56555/session/7d3853722f7fb0681e56c5c46241cd38/element/2cf184f1-8d86-4c7e-9a56-e36abfb3398b/value'
09:07:26.802 [Forwarding sendKeysToElement on session 7d3853722f7fb0681e56c5c46241cd38 to remote] DEBUG o.a.netty.request.NettyRequestSender - Using open Channel [id: 0xc9e24e90, L:/127.0.0.1:54738 - R:localhost/127.0.0.1:56555] for POST '/session/7d3853722f7fb0681e56c5c46241cd38/element/2cf184f1-8d86-4c7e-9a56-e36abfb3398b/value'
09:07:26.844 [AsyncHttpClient-1-11] DEBUG o.a.netty.handler.HttpHandler - 

Request DefaultHttpRequest(decodeResult: success, version: HTTP/1.1)
POST /session/7d3853722f7fb0681e56c5c46241cd38/element/2cf184f1-8d86-4c7e-9a56-e36abfb3398b/value HTTP/1.1
User-Agent: selenium/4.1.2 (java windows)
Content-Length: 82
Content-Type: application/json; charset=utf-8
host: localhost:56555
accept: */*

Response DefaultHttpResponse(decodeResult: success, version: HTTP/1.1)
HTTP/1.1 200 OK
Content-Type: application/json; charset=utf-8
cache-control: no-cache
content-length: 14

09:07:26.844 [AsyncHttpClient-1-11] DEBUG o.a.netty.channel.ChannelManager - Adding key: http://localhost:56555 for channel [id: 0xc9e24e90, L:/127.0.0.1:54738 - R:localhost/127.0.0.1:56555]
09:07:26.848 [Forwarding findElement on session 7d3853722f7fb0681e56c5c46241cd38 to remote] DEBUG o.a.netty.request.NettyRequestSender - Using pooled Channel '[id: 0xc9e24e90, L:/127.0.0.1:54738 - R:localhost/127.0.0.1:56555]' for 'POST' to 'http://localhost:56555/session/7d3853722f7fb0681e56c5c46241cd38/element'
09:07:26.848 [Forwarding findElement on session 7d3853722f7fb0681e56c5c46241cd38 to remote] DEBUG o.a.netty.request.NettyRequestSender - Using open Channel [id: 0xc9e24e90, L:/127.0.0.1:54738 - R:localhost/127.0.0.1:56555] for POST '/session/7d3853722f7fb0681e56c5c46241cd38/element'
09:07:26.855 [AsyncHttpClient-1-11] DEBUG o.a.netty.handler.HttpHandler - 

Request DefaultHttpRequest(decodeResult: success, version: HTTP/1.1)
POST /session/7d3853722f7fb0681e56c5c46241cd38/element HTTP/1.1
User-Agent: selenium/4.1.2 (java windows)
Content-Length: 125
Content-Type: application/json; charset=utf-8
host: localhost:56555
accept: */*

Response DefaultHttpResponse(decodeResult: success, version: HTTP/1.1)
HTTP/1.1 200 OK
Content-Type: application/json; charset=utf-8
cache-control: no-cache
content-length: 88

09:07:26.855 [AsyncHttpClient-1-11] DEBUG o.a.netty.channel.ChannelManager - Adding key: http://localhost:56555 for channel [id: 0xc9e24e90, L:/127.0.0.1:54738 - R:localhost/127.0.0.1:56555]
09:07:26.857 [Forwarding clickElement on session 7d3853722f7fb0681e56c5c46241cd38 to remote] DEBUG o.a.netty.request.NettyRequestSender - Using pooled Channel '[id: 0xc9e24e90, L:/127.0.0.1:54738 - R:localhost/127.0.0.1:56555]' for 'POST' to 'http://localhost:56555/session/7d3853722f7fb0681e56c5c46241cd38/element/14568d46-499b-4462-bdab-62328bac3cc2/click'
09:07:26.857 [Forwarding clickElement on session 7d3853722f7fb0681e56c5c46241cd38 to remote] DEBUG o.a.netty.request.NettyRequestSender - Using open Channel [id: 0xc9e24e90, L:/127.0.0.1:54738 - R:localhost/127.0.0.1:56555] for POST '/session/7d3853722f7fb0681e56c5c46241cd38/element/14568d46-499b-4462-bdab-62328bac3cc2/click'
09:07:26.944 [AsyncHttpClient-1-11] DEBUG o.a.netty.handler.HttpHandler - 

Request DefaultHttpRequest(decodeResult: success, version: HTTP/1.1)
POST /session/7d3853722f7fb0681e56c5c46241cd38/element/14568d46-499b-4462-bdab-62328bac3cc2/click HTTP/1.1
User-Agent: selenium/4.1.2 (java windows)
Content-Length: 50
Content-Type: application/json; charset=utf-8
host: localhost:56555
accept: */*

Response DefaultHttpResponse(decodeResult: success, version: HTTP/1.1)
HTTP/1.1 200 OK
Content-Type: application/json; charset=utf-8
cache-control: no-cache
content-length: 14

09:07:26.945 [AsyncHttpClient-1-11] DEBUG o.a.netty.channel.ChannelManager - Adding key: http://localhost:56555 for channel [id: 0xc9e24e90, L:/127.0.0.1:54738 - R:localhost/127.0.0.1:56555]
09:07:26.946 [Forwarding findElement on session 7d3853722f7fb0681e56c5c46241cd38 to remote] DEBUG o.a.netty.request.NettyRequestSender - Using pooled Channel '[id: 0xc9e24e90, L:/127.0.0.1:54738 - R:localhost/127.0.0.1:56555]' for 'POST' to 'http://localhost:56555/session/7d3853722f7fb0681e56c5c46241cd38/element'
09:07:26.946 [Forwarding findElement on session 7d3853722f7fb0681e56c5c46241cd38 to remote] DEBUG o.a.netty.request.NettyRequestSender - Using open Channel [id: 0xc9e24e90, L:/127.0.0.1:54738 - R:localhost/127.0.0.1:56555] for POST '/session/7d3853722f7fb0681e56c5c46241cd38/element'
09:07:26.957 [AsyncHttpClient-1-11] DEBUG o.a.netty.handler.HttpHandler - 

Request DefaultHttpRequest(decodeResult: success, version: HTTP/1.1)
POST /session/7d3853722f7fb0681e56c5c46241cd38/element HTTP/1.1
User-Agent: selenium/4.1.2 (java windows)
Content-Length: 75
Content-Type: application/json; charset=utf-8
host: localhost:56555
accept: */*

Response DefaultHttpResponse(decodeResult: success, version: HTTP/1.1)
HTTP/1.1 200 OK
Content-Type: application/json; charset=utf-8
cache-control: no-cache
content-length: 88

09:07:26.958 [AsyncHttpClient-1-11] DEBUG o.a.netty.channel.ChannelManager - Adding key: http://localhost:56555 for channel [id: 0xc9e24e90, L:/127.0.0.1:54738 - R:localhost/127.0.0.1:56555]
09:07:26.962 [Forwarding isElementDisplayed on session 7d3853722f7fb0681e56c5c46241cd38 to remote] DEBUG o.a.netty.request.NettyRequestSender - Using pooled Channel '[id: 0xc9e24e90, L:/127.0.0.1:54738 - R:localhost/127.0.0.1:56555]' for 'POST' to 'http://localhost:56555/session/7d3853722f7fb0681e56c5c46241cd38/execute/sync'
09:07:26.962 [Forwarding isElementDisplayed on session 7d3853722f7fb0681e56c5c46241cd38 to remote] DEBUG o.a.netty.request.NettyRequestSender - Using open Channel [id: 0xc9e24e90, L:/127.0.0.1:54738 - R:localhost/127.0.0.1:56555] for POST '/session/7d3853722f7fb0681e56c5c46241cd38/execute/sync'
09:07:26.973 [AsyncHttpClient-1-11] DEBUG o.a.netty.handler.HttpHandler - 

Request DefaultHttpRequest(decodeResult: success, version: HTTP/1.1)
POST /session/7d3853722f7fb0681e56c5c46241cd38/execute/sync HTTP/1.1
User-Agent: selenium/4.1.2 (java windows)
Content-Length: 48780
Content-Type: application/json; charset=utf-8
host: localhost:56555
accept: */*

Response DefaultHttpResponse(decodeResult: success, version: HTTP/1.1)
HTTP/1.1 200 OK
Content-Type: application/json; charset=utf-8
cache-control: no-cache
content-length: 15

09:07:26.973 [AsyncHttpClient-1-11] DEBUG o.a.netty.channel.ChannelManager - Adding key: http://localhost:56555 for channel [id: 0xc9e24e90, L:/127.0.0.1:54738 - R:localhost/127.0.0.1:56555]
09:07:27.492 [Forwarding findElement on session 7d3853722f7fb0681e56c5c46241cd38 to remote] DEBUG o.a.netty.request.NettyRequestSender - Using pooled Channel '[id: 0xc9e24e90, L:/127.0.0.1:54738 - R:localhost/127.0.0.1:56555]' for 'POST' to 'http://localhost:56555/session/7d3853722f7fb0681e56c5c46241cd38/element'
09:07:27.492 [Forwarding findElement on session 7d3853722f7fb0681e56c5c46241cd38 to remote] DEBUG o.a.netty.request.NettyRequestSender - Using open Channel [id: 0xc9e24e90, L:/127.0.0.1:54738 - R:localhost/127.0.0.1:56555] for POST '/session/7d3853722f7fb0681e56c5c46241cd38/element'
09:07:27.499 [AsyncHttpClient-1-11] DEBUG o.a.netty.handler.HttpHandler - 

Request DefaultHttpRequest(decodeResult: success, version: HTTP/1.1)
POST /session/7d3853722f7fb0681e56c5c46241cd38/element HTTP/1.1
User-Agent: selenium/4.1.2 (java windows)
Content-Length: 75
Content-Type: application/json; charset=utf-8
host: localhost:56555
accept: */*

Response DefaultHttpResponse(decodeResult: success, version: HTTP/1.1)
HTTP/1.1 200 OK
Content-Type: application/json; charset=utf-8
cache-control: no-cache
content-length: 88

09:07:27.499 [AsyncHttpClient-1-11] DEBUG o.a.netty.channel.ChannelManager - Adding key: http://localhost:56555 for channel [id: 0xc9e24e90, L:/127.0.0.1:54738 - R:localhost/127.0.0.1:56555]
09:07:27.503 [Forwarding isElementDisplayed on session 7d3853722f7fb0681e56c5c46241cd38 to remote] DEBUG o.a.netty.request.NettyRequestSender - Using pooled Channel '[id: 0xc9e24e90, L:/127.0.0.1:54738 - R:localhost/127.0.0.1:56555]' for 'POST' to 'http://localhost:56555/session/7d3853722f7fb0681e56c5c46241cd38/execute/sync'
09:07:27.503 [Forwarding isElementDisplayed on session 7d3853722f7fb0681e56c5c46241cd38 to remote] DEBUG o.a.netty.request.NettyRequestSender - Using open Channel [id: 0xc9e24e90, L:/127.0.0.1:54738 - R:localhost/127.0.0.1:56555] for POST '/session/7d3853722f7fb0681e56c5c46241cd38/execute/sync'
09:07:27.512 [AsyncHttpClient-1-11] DEBUG o.a.netty.handler.HttpHandler - 

Request DefaultHttpRequest(decodeResult: success, version: HTTP/1.1)
POST /session/7d3853722f7fb0681e56c5c46241cd38/execute/sync HTTP/1.1
User-Agent: selenium/4.1.2 (java windows)
Content-Length: 48780
Content-Type: application/json; charset=utf-8
host: localhost:56555
accept: */*

Response DefaultHttpResponse(decodeResult: success, version: HTTP/1.1)
HTTP/1.1 200 OK
Content-Type: application/json; charset=utf-8
cache-control: no-cache
content-length: 14

09:07:27.512 [AsyncHttpClient-1-11] DEBUG o.a.netty.channel.ChannelManager - Adding key: http://localhost:56555 for channel [id: 0xc9e24e90, L:/127.0.0.1:54738 - R:localhost/127.0.0.1:56555]
09:07:27.513 [Forwarding getElementText on session 7d3853722f7fb0681e56c5c46241cd38 to remote] DEBUG o.a.netty.request.NettyRequestSender - Using pooled Channel '[id: 0xc9e24e90, L:/127.0.0.1:54738 - R:localhost/127.0.0.1:56555]' for 'GET' to 'http://localhost:56555/session/7d3853722f7fb0681e56c5c46241cd38/element/5c18a1b0-cad9-460f-8a22-df1e46a3073d/text'
09:07:27.513 [Forwarding getElementText on session 7d3853722f7fb0681e56c5c46241cd38 to remote] DEBUG o.a.netty.request.NettyRequestSender - Using open Channel [id: 0xc9e24e90, L:/127.0.0.1:54738 - R:localhost/127.0.0.1:56555] for GET '/session/7d3853722f7fb0681e56c5c46241cd38/element/5c18a1b0-cad9-460f-8a22-df1e46a3073d/text'
09:07:27.526 [AsyncHttpClient-1-11] DEBUG o.a.netty.handler.HttpHandler - 

Request DefaultFullHttpRequest(decodeResult: success, version: HTTP/1.1, content: EmptyByteBufBE)
GET /session/7d3853722f7fb0681e56c5c46241cd38/element/5c18a1b0-cad9-460f-8a22-df1e46a3073d/text HTTP/1.1
User-Agent: selenium/4.1.2 (java windows)
Cache-Control: no-cache
Content-Type: application/json; charset=utf-8
host: localhost:56555
accept: */*

Response DefaultHttpResponse(decodeResult: success, version: HTTP/1.1)
HTTP/1.1 200 OK
Content-Type: application/json; charset=utf-8
cache-control: no-cache
content-length: 59

09:07:27.526 [AsyncHttpClient-1-11] DEBUG o.a.netty.channel.ChannelManager - Adding key: http://localhost:56555 for channel [id: 0xc9e24e90, L:/127.0.0.1:54738 - R:localhost/127.0.0.1:56555]
09:07:27.537 [AsyncHttpClient-1-1] DEBUG o.a.netty.channel.DefaultChannelPool - Entry count for : http://localhost:54739 : 1
09:07:27.537 [AsyncHttpClient-1-1] DEBUG o.a.netty.channel.DefaultChannelPool - Entry count for : http://localhost:56555 : 1
09:07:28.637 [AsyncHttpClient-1-1] DEBUG o.a.netty.channel.DefaultChannelPool - Entry count for : http://localhost:54739 : 1
09:07:28.637 [AsyncHttpClient-1-1] DEBUG o.a.netty.channel.DefaultChannelPool - Entry count for : http://localhost:56555 : 1
09:07:29.745 [AsyncHttpClient-1-1] DEBUG o.a.netty.channel.DefaultChannelPool - Entry count for : http://localhost:54739 : 1
09:07:29.745 [AsyncHttpClient-1-1] DEBUG o.a.netty.channel.DefaultChannelPool - Entry count for : http://localhost:56555 : 1
09:07:30.836 [AsyncHttpClient-1-1] DEBUG o.a.netty.channel.DefaultChannelPool - Entry count for : http://localhost:54739 : 1
09:07:30.836 [AsyncHttpClient-1-1] DEBUG o.a.netty.channel.DefaultChannelPool - Entry count for : http://localhost:56555 : 1
09:07:31.556 [Forwarding findElement on session 7d3853722f7fb0681e56c5c46241cd38 to remote] DEBUG o.a.netty.request.NettyRequestSender - Using pooled Channel '[id: 0xc9e24e90, L:/127.0.0.1:54738 - R:localhost/127.0.0.1:56555]' for 'POST' to 'http://localhost:56555/session/7d3853722f7fb0681e56c5c46241cd38/element'
09:07:31.556 [Forwarding findElement on session 7d3853722f7fb0681e56c5c46241cd38 to remote] DEBUG o.a.netty.request.NettyRequestSender - Using open Channel [id: 0xc9e24e90, L:/127.0.0.1:54738 - R:localhost/127.0.0.1:56555] for POST '/session/7d3853722f7fb0681e56c5c46241cd38/element'
09:07:31.562 [AsyncHttpClient-1-11] DEBUG o.a.netty.handler.HttpHandler - 

Request DefaultHttpRequest(decodeResult: success, version: HTTP/1.1)
POST /session/7d3853722f7fb0681e56c5c46241cd38/element HTTP/1.1
User-Agent: selenium/4.1.2 (java windows)
Content-Length: 128
Content-Type: application/json; charset=utf-8
host: localhost:56555
accept: */*

Response DefaultHttpResponse(decodeResult: success, version: HTTP/1.1)
HTTP/1.1 200 OK
Content-Type: application/json; charset=utf-8
cache-control: no-cache
content-length: 88

09:07:31.562 [AsyncHttpClient-1-11] DEBUG o.a.netty.channel.ChannelManager - Adding key: http://localhost:56555 for channel [id: 0xc9e24e90, L:/127.0.0.1:54738 - R:localhost/127.0.0.1:56555]
09:07:31.563 [Forwarding sendKeysToElement on session 7d3853722f7fb0681e56c5c46241cd38 to remote] DEBUG o.a.netty.request.NettyRequestSender - Using pooled Channel '[id: 0xc9e24e90, L:/127.0.0.1:54738 - R:localhost/127.0.0.1:56555]' for 'POST' to 'http://localhost:56555/session/7d3853722f7fb0681e56c5c46241cd38/element/d29df59a-c359-4b53-be2e-e20e4ebbe338/value'
09:07:31.563 [Forwarding sendKeysToElement on session 7d3853722f7fb0681e56c5c46241cd38 to remote] DEBUG o.a.netty.request.NettyRequestSender - Using open Channel [id: 0xc9e24e90, L:/127.0.0.1:54738 - R:localhost/127.0.0.1:56555] for POST '/session/7d3853722f7fb0681e56c5c46241cd38/element/d29df59a-c359-4b53-be2e-e20e4ebbe338/value'
09:07:31.586 [AsyncHttpClient-1-11] DEBUG o.a.netty.handler.HttpHandler - 

Request DefaultHttpRequest(decodeResult: success, version: HTTP/1.1)
POST /session/7d3853722f7fb0681e56c5c46241cd38/element/d29df59a-c359-4b53-be2e-e20e4ebbe338/value HTTP/1.1
User-Agent: selenium/4.1.2 (java windows)
Content-Length: 82
Content-Type: application/json; charset=utf-8
host: localhost:56555
accept: */*

Response DefaultHttpResponse(decodeResult: success, version: HTTP/1.1)
HTTP/1.1 200 OK
Content-Type: application/json; charset=utf-8
cache-control: no-cache
content-length: 14

09:07:31.587 [AsyncHttpClient-1-11] DEBUG o.a.netty.channel.ChannelManager - Adding key: http://localhost:56555 for channel [id: 0xc9e24e90, L:/127.0.0.1:54738 - R:localhost/127.0.0.1:56555]
09:07:31.588 [Forwarding findElement on session 7d3853722f7fb0681e56c5c46241cd38 to remote] DEBUG o.a.netty.request.NettyRequestSender - Using pooled Channel '[id: 0xc9e24e90, L:/127.0.0.1:54738 - R:localhost/127.0.0.1:56555]' for 'POST' to 'http://localhost:56555/session/7d3853722f7fb0681e56c5c46241cd38/element'
09:07:31.588 [Forwarding findElement on session 7d3853722f7fb0681e56c5c46241cd38 to remote] DEBUG o.a.netty.request.NettyRequestSender - Using open Channel [id: 0xc9e24e90, L:/127.0.0.1:54738 - R:localhost/127.0.0.1:56555] for POST '/session/7d3853722f7fb0681e56c5c46241cd38/element'
09:07:31.595 [AsyncHttpClient-1-11] DEBUG o.a.netty.handler.HttpHandler - 

Request DefaultHttpRequest(decodeResult: success, version: HTTP/1.1)
POST /session/7d3853722f7fb0681e56c5c46241cd38/element HTTP/1.1
User-Agent: selenium/4.1.2 (java windows)
Content-Length: 132
Content-Type: application/json; charset=utf-8
host: localhost:56555
accept: */*

Response DefaultHttpResponse(decodeResult: success, version: HTTP/1.1)
HTTP/1.1 200 OK
Content-Type: application/json; charset=utf-8
cache-control: no-cache
content-length: 88

09:07:31.595 [AsyncHttpClient-1-11] DEBUG o.a.netty.channel.ChannelManager - Adding key: http://localhost:56555 for channel [id: 0xc9e24e90, L:/127.0.0.1:54738 - R:localhost/127.0.0.1:56555]
09:07:31.596 [Forwarding sendKeysToElement on session 7d3853722f7fb0681e56c5c46241cd38 to remote] DEBUG o.a.netty.request.NettyRequestSender - Using pooled Channel '[id: 0xc9e24e90, L:/127.0.0.1:54738 - R:localhost/127.0.0.1:56555]' for 'POST' to 'http://localhost:56555/session/7d3853722f7fb0681e56c5c46241cd38/element/ec9e579c-676e-4fab-8d7f-36006aad6840/value'
09:07:31.596 [Forwarding sendKeysToElement on session 7d3853722f7fb0681e56c5c46241cd38 to remote] DEBUG o.a.netty.request.NettyRequestSender - Using open Channel [id: 0xc9e24e90, L:/127.0.0.1:54738 - R:localhost/127.0.0.1:56555] for POST '/session/7d3853722f7fb0681e56c5c46241cd38/element/ec9e579c-676e-4fab-8d7f-36006aad6840/value'
09:07:31.634 [AsyncHttpClient-1-11] DEBUG o.a.netty.handler.HttpHandler - 

Request DefaultHttpRequest(decodeResult: success, version: HTTP/1.1)
POST /session/7d3853722f7fb0681e56c5c46241cd38/element/ec9e579c-676e-4fab-8d7f-36006aad6840/value HTTP/1.1
User-Agent: selenium/4.1.2 (java windows)
Content-Length: 82
Content-Type: application/json; charset=utf-8
host: localhost:56555
accept: */*

Response DefaultHttpResponse(decodeResult: success, version: HTTP/1.1)
HTTP/1.1 200 OK
Content-Type: application/json; charset=utf-8
cache-control: no-cache
content-length: 14

09:07:31.634 [AsyncHttpClient-1-11] DEBUG o.a.netty.channel.ChannelManager - Adding key: http://localhost:56555 for channel [id: 0xc9e24e90, L:/127.0.0.1:54738 - R:localhost/127.0.0.1:56555]
09:07:31.636 [Forwarding findElement on session 7d3853722f7fb0681e56c5c46241cd38 to remote] DEBUG o.a.netty.request.NettyRequestSender - Using pooled Channel '[id: 0xc9e24e90, L:/127.0.0.1:54738 - R:localhost/127.0.0.1:56555]' for 'POST' to 'http://localhost:56555/session/7d3853722f7fb0681e56c5c46241cd38/element'
09:07:31.636 [Forwarding findElement on session 7d3853722f7fb0681e56c5c46241cd38 to remote] DEBUG o.a.netty.request.NettyRequestSender - Using open Channel [id: 0xc9e24e90, L:/127.0.0.1:54738 - R:localhost/127.0.0.1:56555] for POST '/session/7d3853722f7fb0681e56c5c46241cd38/element'
09:07:31.642 [AsyncHttpClient-1-11] DEBUG o.a.netty.handler.HttpHandler - 

Request DefaultHttpRequest(decodeResult: success, version: HTTP/1.1)
POST /session/7d3853722f7fb0681e56c5c46241cd38/element HTTP/1.1
User-Agent: selenium/4.1.2 (java windows)
Content-Length: 125
Content-Type: application/json; charset=utf-8
host: localhost:56555
accept: */*

Response DefaultHttpResponse(decodeResult: success, version: HTTP/1.1)
HTTP/1.1 200 OK
Content-Type: application/json; charset=utf-8
cache-control: no-cache
content-length: 88

09:07:31.643 [AsyncHttpClient-1-11] DEBUG o.a.netty.channel.ChannelManager - Adding key: http://localhost:56555 for channel [id: 0xc9e24e90, L:/127.0.0.1:54738 - R:localhost/127.0.0.1:56555]
09:07:31.644 [Forwarding clickElement on session 7d3853722f7fb0681e56c5c46241cd38 to remote] DEBUG o.a.netty.request.NettyRequestSender - Using pooled Channel '[id: 0xc9e24e90, L:/127.0.0.1:54738 - R:localhost/127.0.0.1:56555]' for 'POST' to 'http://localhost:56555/session/7d3853722f7fb0681e56c5c46241cd38/element/abc46d11-8eb4-4e55-af79-57a3a43304ca/click'
09:07:31.644 [Forwarding clickElement on session 7d3853722f7fb0681e56c5c46241cd38 to remote] DEBUG o.a.netty.request.NettyRequestSender - Using open Channel [id: 0xc9e24e90, L:/127.0.0.1:54738 - R:localhost/127.0.0.1:56555] for POST '/session/7d3853722f7fb0681e56c5c46241cd38/element/abc46d11-8eb4-4e55-af79-57a3a43304ca/click'
09:07:31.718 [AsyncHttpClient-1-11] DEBUG o.a.netty.handler.HttpHandler - 

Request DefaultHttpRequest(decodeResult: success, version: HTTP/1.1)
POST /session/7d3853722f7fb0681e56c5c46241cd38/element/abc46d11-8eb4-4e55-af79-57a3a43304ca/click HTTP/1.1
User-Agent: selenium/4.1.2 (java windows)
Content-Length: 50
Content-Type: application/json; charset=utf-8
host: localhost:56555
accept: */*

Response DefaultHttpResponse(decodeResult: success, version: HTTP/1.1)
HTTP/1.1 200 OK
Content-Type: application/json; charset=utf-8
cache-control: no-cache
content-length: 14

09:07:31.719 [AsyncHttpClient-1-11] DEBUG o.a.netty.channel.ChannelManager - Adding key: http://localhost:56555 for channel [id: 0xc9e24e90, L:/127.0.0.1:54738 - R:localhost/127.0.0.1:56555]
09:07:31.720 [Forwarding findElement on session 7d3853722f7fb0681e56c5c46241cd38 to remote] DEBUG o.a.netty.request.NettyRequestSender - Using pooled Channel '[id: 0xc9e24e90, L:/127.0.0.1:54738 - R:localhost/127.0.0.1:56555]' for 'POST' to 'http://localhost:56555/session/7d3853722f7fb0681e56c5c46241cd38/element'
09:07:31.720 [Forwarding findElement on session 7d3853722f7fb0681e56c5c46241cd38 to remote] DEBUG o.a.netty.request.NettyRequestSender - Using open Channel [id: 0xc9e24e90, L:/127.0.0.1:54738 - R:localhost/127.0.0.1:56555] for POST '/session/7d3853722f7fb0681e56c5c46241cd38/element'
09:07:31.729 [AsyncHttpClient-1-11] DEBUG o.a.netty.handler.HttpHandler - 

Request DefaultHttpRequest(decodeResult: success, version: HTTP/1.1)
POST /session/7d3853722f7fb0681e56c5c46241cd38/element HTTP/1.1
User-Agent: selenium/4.1.2 (java windows)
Content-Length: 75
Content-Type: application/json; charset=utf-8
host: localhost:56555
accept: */*

Response DefaultHttpResponse(decodeResult: success, version: HTTP/1.1)
HTTP/1.1 200 OK
Content-Type: application/json; charset=utf-8
cache-control: no-cache
content-length: 88

09:07:31.729 [AsyncHttpClient-1-11] DEBUG o.a.netty.channel.ChannelManager - Adding key: http://localhost:56555 for channel [id: 0xc9e24e90, L:/127.0.0.1:54738 - R:localhost/127.0.0.1:56555]
09:07:31.732 [Forwarding isElementDisplayed on session 7d3853722f7fb0681e56c5c46241cd38 to remote] DEBUG o.a.netty.request.NettyRequestSender - Using pooled Channel '[id: 0xc9e24e90, L:/127.0.0.1:54738 - R:localhost/127.0.0.1:56555]' for 'POST' to 'http://localhost:56555/session/7d3853722f7fb0681e56c5c46241cd38/execute/sync'
09:07:31.732 [Forwarding isElementDisplayed on session 7d3853722f7fb0681e56c5c46241cd38 to remote] DEBUG o.a.netty.request.NettyRequestSender - Using open Channel [id: 0xc9e24e90, L:/127.0.0.1:54738 - R:localhost/127.0.0.1:56555] for POST '/session/7d3853722f7fb0681e56c5c46241cd38/execute/sync'
09:07:31.743 [AsyncHttpClient-1-11] DEBUG o.a.netty.handler.HttpHandler - 

Request DefaultHttpRequest(decodeResult: success, version: HTTP/1.1)
POST /session/7d3853722f7fb0681e56c5c46241cd38/execute/sync HTTP/1.1
User-Agent: selenium/4.1.2 (java windows)
Content-Length: 48780
Content-Type: application/json; charset=utf-8
host: localhost:56555
accept: */*

Response DefaultHttpResponse(decodeResult: success, version: HTTP/1.1)
HTTP/1.1 200 OK
Content-Type: application/json; charset=utf-8
cache-control: no-cache
content-length: 15

09:07:31.743 [AsyncHttpClient-1-11] DEBUG o.a.netty.channel.ChannelManager - Adding key: http://localhost:56555 for channel [id: 0xc9e24e90, L:/127.0.0.1:54738 - R:localhost/127.0.0.1:56555]
09:07:31.947 [AsyncHttpClient-1-1] DEBUG o.a.netty.channel.DefaultChannelPool - Entry count for : http://localhost:54739 : 1
09:07:31.947 [AsyncHttpClient-1-1] DEBUG o.a.netty.channel.DefaultChannelPool - Entry count for : http://localhost:56555 : 1
09:07:32.259 [Forwarding findElement on session 7d3853722f7fb0681e56c5c46241cd38 to remote] DEBUG o.a.netty.request.NettyRequestSender - Using pooled Channel '[id: 0xc9e24e90, L:/127.0.0.1:54738 - R:localhost/127.0.0.1:56555]' for 'POST' to 'http://localhost:56555/session/7d3853722f7fb0681e56c5c46241cd38/element'
09:07:32.260 [Forwarding findElement on session 7d3853722f7fb0681e56c5c46241cd38 to remote] DEBUG o.a.netty.request.NettyRequestSender - Using open Channel [id: 0xc9e24e90, L:/127.0.0.1:54738 - R:localhost/127.0.0.1:56555] for POST '/session/7d3853722f7fb0681e56c5c46241cd38/element'
09:07:32.267 [AsyncHttpClient-1-11] DEBUG o.a.netty.handler.HttpHandler - 

Request DefaultHttpRequest(decodeResult: success, version: HTTP/1.1)
POST /session/7d3853722f7fb0681e56c5c46241cd38/element HTTP/1.1
User-Agent: selenium/4.1.2 (java windows)
Content-Length: 75
Content-Type: application/json; charset=utf-8
host: localhost:56555
accept: */*

Response DefaultHttpResponse(decodeResult: success, version: HTTP/1.1)
HTTP/1.1 200 OK
Content-Type: application/json; charset=utf-8
cache-control: no-cache
content-length: 88

09:07:32.267 [AsyncHttpClient-1-11] DEBUG o.a.netty.channel.ChannelManager - Adding key: http://localhost:56555 for channel [id: 0xc9e24e90, L:/127.0.0.1:54738 - R:localhost/127.0.0.1:56555]
09:07:32.271 [Forwarding isElementDisplayed on session 7d3853722f7fb0681e56c5c46241cd38 to remote] DEBUG o.a.netty.request.NettyRequestSender - Using pooled Channel '[id: 0xc9e24e90, L:/127.0.0.1:54738 - R:localhost/127.0.0.1:56555]' for 'POST' to 'http://localhost:56555/session/7d3853722f7fb0681e56c5c46241cd38/execute/sync'
09:07:32.271 [Forwarding isElementDisplayed on session 7d3853722f7fb0681e56c5c46241cd38 to remote] DEBUG o.a.netty.request.NettyRequestSender - Using open Channel [id: 0xc9e24e90, L:/127.0.0.1:54738 - R:localhost/127.0.0.1:56555] for POST '/session/7d3853722f7fb0681e56c5c46241cd38/execute/sync'
09:07:32.279 [AsyncHttpClient-1-11] DEBUG o.a.netty.handler.HttpHandler - 

Request DefaultHttpRequest(decodeResult: success, version: HTTP/1.1)
POST /session/7d3853722f7fb0681e56c5c46241cd38/execute/sync HTTP/1.1
User-Agent: selenium/4.1.2 (java windows)
Content-Length: 48780
Content-Type: application/json; charset=utf-8
host: localhost:56555
accept: */*

Response DefaultHttpResponse(decodeResult: success, version: HTTP/1.1)
HTTP/1.1 200 OK
Content-Type: application/json; charset=utf-8
cache-control: no-cache
content-length: 14

09:07:32.279 [AsyncHttpClient-1-11] DEBUG o.a.netty.channel.ChannelManager - Adding key: http://localhost:56555 for channel [id: 0xc9e24e90, L:/127.0.0.1:54738 - R:localhost/127.0.0.1:56555]
09:07:32.280 [Forwarding getElementText on session 7d3853722f7fb0681e56c5c46241cd38 to remote] DEBUG o.a.netty.request.NettyRequestSender - Using pooled Channel '[id: 0xc9e24e90, L:/127.0.0.1:54738 - R:localhost/127.0.0.1:56555]' for 'GET' to 'http://localhost:56555/session/7d3853722f7fb0681e56c5c46241cd38/element/0bf6120f-cdc8-4906-bf49-63d88c6763c7/text'
09:07:32.280 [Forwarding getElementText on session 7d3853722f7fb0681e56c5c46241cd38 to remote] DEBUG o.a.netty.request.NettyRequestSender - Using open Channel [id: 0xc9e24e90, L:/127.0.0.1:54738 - R:localhost/127.0.0.1:56555] for GET '/session/7d3853722f7fb0681e56c5c46241cd38/element/0bf6120f-cdc8-4906-bf49-63d88c6763c7/text'
09:07:32.293 [AsyncHttpClient-1-11] DEBUG o.a.netty.handler.HttpHandler - 

Request DefaultFullHttpRequest(decodeResult: success, version: HTTP/1.1, content: EmptyByteBufBE)
GET /session/7d3853722f7fb0681e56c5c46241cd38/element/0bf6120f-cdc8-4906-bf49-63d88c6763c7/text HTTP/1.1
User-Agent: selenium/4.1.2 (java windows)
Cache-Control: no-cache
Content-Type: application/json; charset=utf-8
host: localhost:56555
accept: */*

Response DefaultHttpResponse(decodeResult: success, version: HTTP/1.1)
HTTP/1.1 200 OK
Content-Type: application/json; charset=utf-8
cache-control: no-cache
content-length: 59

09:07:32.293 [AsyncHttpClient-1-11] DEBUG o.a.netty.channel.ChannelManager - Adding key: http://localhost:56555 for channel [id: 0xc9e24e90, L:/127.0.0.1:54738 - R:localhost/127.0.0.1:56555]
09:07:33.048 [AsyncHttpClient-1-1] DEBUG o.a.netty.channel.DefaultChannelPool - Entry count for : http://localhost:54739 : 1
09:07:33.048 [AsyncHttpClient-1-1] DEBUG o.a.netty.channel.DefaultChannelPool - Entry count for : http://localhost:56555 : 1
09:07:34.148 [AsyncHttpClient-1-1] DEBUG o.a.netty.channel.DefaultChannelPool - Entry count for : http://localhost:54739 : 1
09:07:34.148 [AsyncHttpClient-1-1] DEBUG o.a.netty.channel.DefaultChannelPool - Entry count for : http://localhost:56555 : 1
  &amp#27;[32mWhen &amp#27;[0m&amp#27;[32muser login using invalid credentials form ExcelData with File &amp#27;[0m&amp#27;[32m&amp#27;[1m"InvalidUserCredentials"&amp#27;[0m&amp#27;[32m and SheetName &amp#27;[0m&amp#27;[32m&amp#27;[1m"InvalidUserCredentials"&amp#27;[0m &amp#27;[90m# stepdefinitions.LoginPageSteps.user_login_using_invalid_credentials_form_excel_data_with_file_and_sheet_name(java.lang.String,java.lang.String)&amp#27;[0m
09:07:34.310 [Forwarding getTitle on session 7d3853722f7fb0681e56c5c46241cd38 to remote] DEBUG o.a.netty.request.NettyRequestSender - Using pooled Channel '[id: 0xc9e24e90, L:/127.0.0.1:54738 - R:localhost/127.0.0.1:56555]' for 'GET' to 'http://localhost:56555/session/7d3853722f7fb0681e56c5c46241cd38/title'
09:07:34.310 [Forwarding getTitle on session 7d3853722f7fb0681e56c5c46241cd38 to remote] DEBUG o.a.netty.request.NettyRequestSender - Using open Channel [id: 0xc9e24e90, L:/127.0.0.1:54738 - R:localhost/127.0.0.1:56555] for GET '/session/7d3853722f7fb0681e56c5c46241cd38/title'
09:07:34.313 [AsyncHttpClient-1-11] DEBUG o.a.netty.handler.HttpHandler - 

Request DefaultFullHttpRequest(decodeResult: success, version: HTTP/1.1, content: EmptyByteBufBE)
GET /session/7d3853722f7fb0681e56c5c46241cd38/title HTTP/1.1
User-Agent: selenium/4.1.2 (java windows)
Cache-Control: no-cache
Content-Type: application/json; charset=utf-8
host: localhost:56555
accept: */*

Response DefaultHttpResponse(decodeResult: success, version: HTTP/1.1)
HTTP/1.1 200 OK
Content-Type: application/json; charset=utf-8
cache-control: no-cache
content-length: 22

09:07:34.313 [AsyncHttpClient-1-11] DEBUG o.a.netty.channel.ChannelManager - Adding key: http://localhost:56555 for channel [id: 0xc9e24e90, L:/127.0.0.1:54738 - R:localhost/127.0.0.1:56555]
09:07:34.314 [Forwarding getTitle on session 7d3853722f7fb0681e56c5c46241cd38 to remote] DEBUG o.a.netty.request.NettyRequestSender - Using pooled Channel '[id: 0xc9e24e90, L:/127.0.0.1:54738 - R:localhost/127.0.0.1:56555]' for 'GET' to 'http://localhost:56555/session/7d3853722f7fb0681e56c5c46241cd38/title'
09:07:34.314 [Forwarding getTitle on session 7d3853722f7fb0681e56c5c46241cd38 to remote] DEBUG o.a.netty.request.NettyRequestSender - Using open Channel [id: 0xc9e24e90, L:/127.0.0.1:54738 - R:localhost/127.0.0.1:56555] for GET '/session/7d3853722f7fb0681e56c5c46241cd38/title'
09:07:34.320 [AsyncHttpClient-1-11] DEBUG o.a.netty.handler.HttpHandler - 

Request DefaultFullHttpRequest(decodeResult: success, version: HTTP/1.1, content: EmptyByteBufBE)
GET /session/7d3853722f7fb0681e56c5c46241cd38/title HTTP/1.1
User-Agent: selenium/4.1.2 (java windows)
Cache-Control: no-cache
Content-Type: application/json; charset=utf-8
host: localhost:56555
accept: */*

Response DefaultHttpResponse(decodeResult: success, version: HTTP/1.1)
HTTP/1.1 200 OK
Content-Type: application/json; charset=utf-8
cache-control: no-cache
content-length: 22

09:07:34.321 [AsyncHttpClient-1-11] DEBUG o.a.netty.channel.ChannelManager - Adding key: http://localhost:56555 for channel [id: 0xc9e24e90, L:/127.0.0.1:54738 - R:localhost/127.0.0.1:56555]
09:07:35.242 [AsyncHttpClient-1-1] DEBUG o.a.netty.channel.DefaultChannelPool - Entry count for : http://localhost:54739 : 1
09:07:35.242 [AsyncHttpClient-1-1] DEBUG o.a.netty.channel.DefaultChannelPool - Entry count for : http://localhost:56555 : 1
09:07:36.338 [AsyncHttpClient-1-1] DEBUG o.a.netty.channel.DefaultChannelPool - Entry count for : http://localhost:54739 : 1
09:07:36.338 [AsyncHttpClient-1-1] DEBUG o.a.netty.channel.DefaultChannelPool - Entry count for : http://localhost:56555 : 1
09:07:37.436 [AsyncHttpClient-1-1] DEBUG o.a.netty.channel.DefaultChannelPool - Entry count for : http://localhost:54739 : 1
09:07:37.436 [AsyncHttpClient-1-1] DEBUG o.a.netty.channel.DefaultChannelPool - Entry count for : http://localhost:56555 : 1
09:07:38.544 [AsyncHttpClient-1-1] DEBUG o.a.netty.channel.DefaultChannelPool - Entry count for : http://localhost:54739 : 1
09:07:38.544 [AsyncHttpClient-1-1] DEBUG o.a.netty.channel.DefaultChannelPool - Entry count for : http://localhost:56555 : 1
09:07:39.325 [Forwarding findElement on session 7d3853722f7fb0681e56c5c46241cd38 to remote] DEBUG o.a.netty.request.NettyRequestSender - Using pooled Channel '[id: 0xc9e24e90, L:/127.0.0.1:54738 - R:localhost/127.0.0.1:56555]' for 'POST' to 'http://localhost:56555/session/7d3853722f7fb0681e56c5c46241cd38/element'
09:07:39.325 [Forwarding findElement on session 7d3853722f7fb0681e56c5c46241cd38 to remote] DEBUG o.a.netty.request.NettyRequestSender - Using open Channel [id: 0xc9e24e90, L:/127.0.0.1:54738 - R:localhost/127.0.0.1:56555] for POST '/session/7d3853722f7fb0681e56c5c46241cd38/element'
09:07:39.336 [AsyncHttpClient-1-11] DEBUG o.a.netty.handler.HttpHandler - 

Request DefaultHttpRequest(decodeResult: success, version: HTTP/1.1)
POST /session/7d3853722f7fb0681e56c5c46241cd38/element HTTP/1.1
User-Agent: selenium/4.1.2 (java windows)
Content-Length: 75
Content-Type: application/json; charset=utf-8
host: localhost:56555
accept: */*

Response DefaultHttpResponse(decodeResult: success, version: HTTP/1.1)
HTTP/1.1 200 OK
Content-Type: application/json; charset=utf-8
cache-control: no-cache
content-length: 88

09:07:39.337 [AsyncHttpClient-1-11] DEBUG o.a.netty.channel.ChannelManager - Adding key: http://localhost:56555 for channel [id: 0xc9e24e90, L:/127.0.0.1:54738 - R:localhost/127.0.0.1:56555]
09:07:39.340 [Forwarding isElementDisplayed on session 7d3853722f7fb0681e56c5c46241cd38 to remote] DEBUG o.a.netty.request.NettyRequestSender - Using pooled Channel '[id: 0xc9e24e90, L:/127.0.0.1:54738 - R:localhost/127.0.0.1:56555]' for 'POST' to 'http://localhost:56555/session/7d3853722f7fb0681e56c5c46241cd38/execute/sync'
09:07:39.340 [Forwarding isElementDisplayed on session 7d3853722f7fb0681e56c5c46241cd38 to remote] DEBUG o.a.netty.request.NettyRequestSender - Using open Channel [id: 0xc9e24e90, L:/127.0.0.1:54738 - R:localhost/127.0.0.1:56555] for POST '/session/7d3853722f7fb0681e56c5c46241cd38/execute/sync'
09:07:39.352 [AsyncHttpClient-1-11] DEBUG o.a.netty.handler.HttpHandler - 

Request DefaultHttpRequest(decodeResult: success, version: HTTP/1.1)
POST /session/7d3853722f7fb0681e56c5c46241cd38/execute/sync HTTP/1.1
User-Agent: selenium/4.1.2 (java windows)
Content-Length: 48780
Content-Type: application/json; charset=utf-8
host: localhost:56555
accept: */*

Response DefaultHttpResponse(decodeResult: success, version: HTTP/1.1)
HTTP/1.1 200 OK
Content-Type: application/json; charset=utf-8
cache-control: no-cache
content-length: 14

09:07:39.352 [AsyncHttpClient-1-11] DEBUG o.a.netty.channel.ChannelManager - Adding key: http://localhost:56555 for channel [id: 0xc9e24e90, L:/127.0.0.1:54738 - R:localhost/127.0.0.1:56555]
09:07:39.353 [Forwarding getElementText on session 7d3853722f7fb0681e56c5c46241cd38 to remote] DEBUG o.a.netty.request.NettyRequestSender - Using pooled Channel '[id: 0xc9e24e90, L:/127.0.0.1:54738 - R:localhost/127.0.0.1:56555]' for 'GET' to 'http://localhost:56555/session/7d3853722f7fb0681e56c5c46241cd38/element/0bf6120f-cdc8-4906-bf49-63d88c6763c7/text'
09:07:39.353 [Forwarding getElementText on session 7d3853722f7fb0681e56c5c46241cd38 to remote] DEBUG o.a.netty.request.NettyRequestSender - Using open Channel [id: 0xc9e24e90, L:/127.0.0.1:54738 - R:localhost/127.0.0.1:56555] for GET '/session/7d3853722f7fb0681e56c5c46241cd38/element/0bf6120f-cdc8-4906-bf49-63d88c6763c7/text'
09:07:39.366 [AsyncHttpClient-1-11] DEBUG o.a.netty.handler.HttpHandler - 

Request DefaultFullHttpRequest(decodeResult: success, version: HTTP/1.1, content: EmptyByteBufBE)
GET /session/7d3853722f7fb0681e56c5c46241cd38/element/0bf6120f-cdc8-4906-bf49-63d88c6763c7/text HTTP/1.1
User-Agent: selenium/4.1.2 (java windows)
Cache-Control: no-cache
Content-Type: application/json; charset=utf-8
host: localhost:56555
accept: */*

Response DefaultHttpResponse(decodeResult: success, version: HTTP/1.1)
HTTP/1.1 200 OK
Content-Type: application/json; charset=utf-8
cache-control: no-cache
content-length: 59

09:07:39.366 [AsyncHttpClient-1-11] DEBUG o.a.netty.channel.ChannelManager - Adding key: http://localhost:56555 for channel [id: 0xc9e24e90, L:/127.0.0.1:54738 - R:localhost/127.0.0.1:56555]
09:07:39.637 [AsyncHttpClient-1-1] DEBUG o.a.netty.channel.DefaultChannelPool - Entry count for : http://localhost:54739 : 1
09:07:39.637 [AsyncHttpClient-1-1] DEBUG o.a.netty.channel.DefaultChannelPool - Entry count for : http://localhost:56555 : 1
09:07:40.739 [AsyncHttpClient-1-1] DEBUG o.a.netty.channel.DefaultChannelPool - Entry count for : http://localhost:54739 : 1
09:07:40.739 [AsyncHttpClient-1-1] DEBUG o.a.netty.channel.DefaultChannelPool - Entry count for : http://localhost:56555 : 1
  &amp#27;[32mThen &amp#27;[0m&amp#27;[32muser should not proceed to Dashboard Page&amp#27;[0m                                                                                     &amp#27;[90m# stepdefinitions.LoginPageSteps.user_should_not_proceed_to_dashboard_page()&amp#27;[0m
09:07:41.373 [Forwarding findElement on session 7d3853722f7fb0681e56c5c46241cd38 to remote] DEBUG o.a.netty.request.NettyRequestSender - Using pooled Channel '[id: 0xc9e24e90, L:/127.0.0.1:54738 - R:localhost/127.0.0.1:56555]' for 'POST' to 'http://localhost:56555/session/7d3853722f7fb0681e56c5c46241cd38/element'
09:07:41.373 [Forwarding findElement on session 7d3853722f7fb0681e56c5c46241cd38 to remote] DEBUG o.a.netty.request.NettyRequestSender - Using open Channel [id: 0xc9e24e90, L:/127.0.0.1:54738 - R:localhost/127.0.0.1:56555] for POST '/session/7d3853722f7fb0681e56c5c46241cd38/element'
09:07:41.380 [AsyncHttpClient-1-11] DEBUG o.a.netty.handler.HttpHandler - 

Request DefaultHttpRequest(decodeResult: success, version: HTTP/1.1)
POST /session/7d3853722f7fb0681e56c5c46241cd38/element HTTP/1.1
User-Agent: selenium/4.1.2 (java windows)
Content-Length: 75
Content-Type: application/json; charset=utf-8
host: localhost:56555
accept: */*

Response DefaultHttpResponse(decodeResult: success, version: HTTP/1.1)
HTTP/1.1 200 OK
Content-Type: application/json; charset=utf-8
cache-control: no-cache
content-length: 88

09:07:41.380 [AsyncHttpClient-1-11] DEBUG o.a.netty.channel.ChannelManager - Adding key: http://localhost:56555 for channel [id: 0xc9e24e90, L:/127.0.0.1:54738 - R:localhost/127.0.0.1:56555]
09:07:41.383 [Forwarding isElementDisplayed on session 7d3853722f7fb0681e56c5c46241cd38 to remote] DEBUG o.a.netty.request.NettyRequestSender - Using pooled Channel '[id: 0xc9e24e90, L:/127.0.0.1:54738 - R:localhost/127.0.0.1:56555]' for 'POST' to 'http://localhost:56555/session/7d3853722f7fb0681e56c5c46241cd38/execute/sync'
09:07:41.383 [Forwarding isElementDisplayed on session 7d3853722f7fb0681e56c5c46241cd38 to remote] DEBUG o.a.netty.request.NettyRequestSender - Using open Channel [id: 0xc9e24e90, L:/127.0.0.1:54738 - R:localhost/127.0.0.1:56555] for POST '/session/7d3853722f7fb0681e56c5c46241cd38/execute/sync'
09:07:41.396 [AsyncHttpClient-1-11] DEBUG o.a.netty.handler.HttpHandler - 

Request DefaultHttpRequest(decodeResult: success, version: HTTP/1.1)
POST /session/7d3853722f7fb0681e56c5c46241cd38/execute/sync HTTP/1.1
User-Agent: selenium/4.1.2 (java windows)
Content-Length: 48780
Content-Type: application/json; charset=utf-8
host: localhost:56555
accept: */*

Response DefaultHttpResponse(decodeResult: success, version: HTTP/1.1)
HTTP/1.1 200 OK
Content-Type: application/json; charset=utf-8
cache-control: no-cache
content-length: 14

09:07:41.396 [AsyncHttpClient-1-11] DEBUG o.a.netty.channel.ChannelManager - Adding key: http://localhost:56555 for channel [id: 0xc9e24e90, L:/127.0.0.1:54738 - R:localhost/127.0.0.1:56555]
09:07:41.397 [Forwarding getElementText on session 7d3853722f7fb0681e56c5c46241cd38 to remote] DEBUG o.a.netty.request.NettyRequestSender - Using pooled Channel '[id: 0xc9e24e90, L:/127.0.0.1:54738 - R:localhost/127.0.0.1:56555]' for 'GET' to 'http://localhost:56555/session/7d3853722f7fb0681e56c5c46241cd38/element/0bf6120f-cdc8-4906-bf49-63d88c6763c7/text'
09:07:41.397 [Forwarding getElementText on session 7d3853722f7fb0681e56c5c46241cd38 to remote] DEBUG o.a.netty.request.NettyRequestSender - Using open Channel [id: 0xc9e24e90, L:/127.0.0.1:54738 - R:localhost/127.0.0.1:56555] for GET '/session/7d3853722f7fb0681e56c5c46241cd38/element/0bf6120f-cdc8-4906-bf49-63d88c6763c7/text'
09:07:41.403 [AsyncHttpClient-1-11] DEBUG o.a.netty.handler.HttpHandler - 

Request DefaultFullHttpRequest(decodeResult: success, version: HTTP/1.1, content: EmptyByteBufBE)
GET /session/7d3853722f7fb0681e56c5c46241cd38/element/0bf6120f-cdc8-4906-bf49-63d88c6763c7/text HTTP/1.1
User-Agent: selenium/4.1.2 (java windows)
Cache-Control: no-cache
Content-Type: application/json; charset=utf-8
host: localhost:56555
accept: */*

Response DefaultHttpResponse(decodeResult: success, version: HTTP/1.1)
HTTP/1.1 200 OK
Content-Type: application/json; charset=utf-8
cache-control: no-cache
content-length: 59

09:07:41.403 [AsyncHttpClient-1-11] DEBUG o.a.netty.channel.ChannelManager - Adding key: http://localhost:56555 for channel [id: 0xc9e24e90, L:/127.0.0.1:54738 - R:localhost/127.0.0.1:56555]
09:07:41.837 [AsyncHttpClient-1-1] DEBUG o.a.netty.channel.DefaultChannelPool - Entry count for : http://localhost:54739 : 1
09:07:41.837 [AsyncHttpClient-1-1] DEBUG o.a.netty.channel.DefaultChannelPool - Entry count for : http://localhost:56555 : 1
09:07:42.940 [AsyncHttpClient-1-1] DEBUG o.a.netty.channel.DefaultChannelPool - Entry count for : http://localhost:54739 : 1
09:07:42.940 [AsyncHttpClient-1-1] DEBUG o.a.netty.channel.DefaultChannelPool - Entry count for : http://localhost:56555 : 1
  &amp#27;[32mThen &amp#27;[0m&amp#27;[32muser gets login failed error message&amp#27;[0m                                                                                          &amp#27;[90m# stepdefinitions.LoginPageSteps.user_gets_login_failed_error_message()&amp#27;[0m
09:07:43.407 [AsyncHttpClient-1-13] DEBUG o.a.netty.handler.WebSocketHandler - Channel Closed: [id: 0x7d80d0a4, L:/127.0.0.1:54746 ! R:localhost/127.0.0.1:54739] with attribute NettyResponseFuture{currentRetry=5,
	isDone=1,
	isCancelled=0,
	asyncHandler=org.asynchttpclient.ws.WebSocketUpgradeHandler@9230bc4,
	nettyRequest=org.asynchttpclient.netty.request.NettyRequest@4c219484,
	future=java.util.concurrent.CompletableFuture@14279374[Completed normally],
	uri=ws://localhost:54739/devtools/browser/1161acf3-565c-4f43-b2b1-c966b449271e,
	keepAlive=true,
	redirectCount=0,
	timeoutsHolder=null,
	inAuth=0,
	touch=1648602428333}
09:07:43.407 [Driver Command Executor] DEBUG o.a.netty.request.NettyRequestSender - Using pooled Channel '[id: 0xc9e24e90, L:/127.0.0.1:54738 - R:localhost/127.0.0.1:56555]' for 'DELETE' to 'http://localhost:56555/session/7d3853722f7fb0681e56c5c46241cd38'
09:07:43.407 [AsyncHttpClient-1-13] DEBUG o.a.netty.channel.ChannelManager - Closing Channel [id: 0x7d80d0a4, L:/127.0.0.1:54746 ! R:localhost/127.0.0.1:54739] 
09:07:43.407 [Driver Command Executor] DEBUG o.a.netty.request.NettyRequestSender - Using open Channel [id: 0xc9e24e90, L:/127.0.0.1:54738 - R:localhost/127.0.0.1:56555] for DELETE '/session/7d3853722f7fb0681e56c5c46241cd38'
09:07:43.430 [AsyncHttpClient-1-12] DEBUG o.a.netty.handler.HttpHandler - Unexpected I/O exception on channel [id: 0x5b41ed84, L:/127.0.0.1:54745 - R:localhost/127.0.0.1:54739]
java.net.SocketException: Connection reset
	at java.base/sun.nio.ch.SocketChannelImpl.throwConnectionReset(SocketChannelImpl.java:367) ~[na:na]
	at java.base/sun.nio.ch.SocketChannelImpl.read(SocketChannelImpl.java:398) ~[na:na]
	at io.netty.buffer.PooledByteBuf.setBytes(PooledByteBuf.java:253) ~[netty-buffer-4.1.70.Final.jar:4.1.70.Final]
	at io.netty.buffer.AbstractByteBuf.writeBytes(AbstractByteBuf.java:1132) ~[netty-buffer-4.1.70.Final.jar:4.1.70.Final]
	at io.netty.channel.socket.nio.NioSocketChannel.doReadBytes(NioSocketChannel.java:350) ~[netty-transport-4.1.70.Final.jar:4.1.70.Final]
	at io.netty.channel.nio.AbstractNioByteChannel$NioByteUnsafe.read(AbstractNioByteChannel.java:151) ~[netty-transport-4.1.70.Final.jar:4.1.70.Final]
	at io.netty.channel.nio.NioEventLoop.processSelectedKey(NioEventLoop.java:719) ~[netty-transport-4.1.70.Final.jar:4.1.70.Final]
	at io.netty.channel.nio.NioEventLoop.processSelectedKeysOptimized(NioEventLoop.java:655) ~[netty-transport-4.1.70.Final.jar:4.1.70.Final]
	at io.netty.channel.nio.NioEventLoop.processSelectedKeys(NioEventLoop.java:581) ~[netty-transport-4.1.70.Final.jar:4.1.70.Final]
	at io.netty.channel.nio.NioEventLoop.run(NioEventLoop.java:493) ~[netty-transport-4.1.70.Final.jar:4.1.70.Final]
	at io.netty.util.concurrent.SingleThreadEventExecutor$4.run(SingleThreadEventExecutor.java:986) ~[netty-common-4.1.70.Final.jar:4.1.70.Final]
	at io.netty.util.internal.ThreadExecutorMap$2.run(ThreadExecutorMap.java:74) ~[netty-common-4.1.70.Final.jar:4.1.70.Final]
	at io.netty.util.concurrent.FastThreadLocalRunnable.run(FastThreadLocalRunnable.java:30) ~[netty-common-4.1.70.Final.jar:4.1.70.Final]
	at java.base/java.lang.Thread.run(Thread.java:832) ~[na:na]
09:07:43.430 [AsyncHttpClient-1-12] DEBUG o.a.netty.channel.ChannelManager - Closing Channel [id: 0x5b41ed84, L:/127.0.0.1:54745 - R:localhost/127.0.0.1:54739] 
09:07:43.430 [AsyncHttpClient-1-12] DEBUG o.a.netty.handler.HttpHandler - Channel Closed: [id: 0x5b41ed84, L:/127.0.0.1:54745 ! R:localhost/127.0.0.1:54739] with attribute DISCARD
09:07:43.441 [AsyncHttpClient-1-11] DEBUG o.a.netty.handler.HttpHandler - 

Request DefaultFullHttpRequest(decodeResult: success, version: HTTP/1.1, content: EmptyByteBufBE)
DELETE /session/7d3853722f7fb0681e56c5c46241cd38 HTTP/1.1
User-Agent: selenium/4.1.2 (java windows)
Content-Type: application/json; charset=utf-8
host: localhost:56555
accept: */*

Response DefaultHttpResponse(decodeResult: success, version: HTTP/1.1)
HTTP/1.1 200 OK
Content-Type: application/json; charset=utf-8
cache-control: no-cache
content-length: 14

09:07:43.441 [AsyncHttpClient-1-11] DEBUG o.a.netty.channel.ChannelManager - Adding key: http://localhost:56555 for channel [id: 0xc9e24e90, L:/127.0.0.1:54738 - R:localhost/127.0.0.1:56555]
09:07:43.482 [AsyncHttpClient-1-11] DEBUG o.a.netty.handler.HttpHandler - Channel Closed: [id: 0xc9e24e90, L:/127.0.0.1:54738 ! R:localhost/127.0.0.1:56555] with attribute DISCARD
09:07:44.005 [main] INFO   - 
  _____   ___   ___   _____     ___     _     ___   ___   ___   ___  
 |_   _| | __| / __| |_   _|   | _ \   /_\   / __| / __| | __| |   \ 
   | |   | _|  \__ \   | |     |  _/  / _ \  \__ \ \__ \ | _|  | |) |
   |_|   |___| |___/   |_|     |_|   /_/ \_\ |___/ |___/ |___| |___/ 

Login fail possible combinations
----------------------------------------------------------------------
]]></system-out>
    <system-err><![CDATA[Starting ChromeDriver 99.0.4844.51 (d537ec02474b5afe23684e7963d538896c63ac77-refs/branch-heads/4844@{#875}) on port 56555
Only local connections are allowed.
Please see https://chromedriver.chromium.org/security-considerations for suggestions on keeping ChromeDriver safe.
ChromeDriver was started successfully.
Mar 30, 2022 9:07:08 AM org.openqa.selenium.remote.ProtocolHandshake createSession
INFO: Detected dialect: W3C
Mar 30, 2022 9:07:08 AM org.openqa.selenium.devtools.CdpVersionFinder findNearestMatch
WARNING: Unable to find an exact match for CDP version 99, so returning the closest version found: 96
Mar 30, 2022 9:07:08 AM org.openqa.selenium.devtools.CdpVersionFinder findNearestMatch
INFO: Found CDP implementation for version 99 of 96
ERROR StatusLogger Log4j2 could not find a logging implementation. Please add log4j-core to the classpath. Using SimpleLogger to log to the console...
]]></system-err>
  </testcase>
  <testcase name="Login to PEGA Site using Author, Manager and User" classname="Validate And Verify Login Page to PEGA Site" time="28.605">
    <system-out><![CDATA[09:07:44.005 [main] INFO  i.c.core.plugin.SerenityReporter - Running feature from file:///Z:/Automation/JavaCucumber/BDD_HCL/CucumberHCL/src/main/resources/AppFeatures/ValidateAndVerifyLoginPage.feature
09:07:44.006 [main] WARN  i.c.core.plugin.SerenityReporter - Feature from file:///Z:/Automation/JavaCucumber/BDD_HCL/CucumberHCL/src/main/resources/AppFeatures/ValidateAndVerifyLoginPage.feature is not under the 'features' directory. Requirements report will not be correctly generated!
09:07:44.007 [main] DEBUG n.thucydides.core.steps.StepEventBus - Test suite started for story net.thucydides.core.model.Story@7f1849ba
09:07:44.007 [main] INFO   - Test Suite Started: Validate And Verify Login Page to PEGA Site

@All @Smoke @Test1
Scenario: Login to PEGA Site using Author, Manager and User                                            &amp#27;[90m# src/main/resources/AppFeatures/ValidateAndVerifyLoginPage.feature:19&amp#27;[0m
09:07:44.015 [main] INFO  i.c.core.plugin.SerenityReporter - Running feature from file:///Z:/Automation/JavaCucumber/BDD_HCL/CucumberHCL/src/main/resources/AppFeatures/ValidateAndVerifyLoginPage.feature
09:07:44.015 [main] WARN  i.c.core.plugin.SerenityReporter - Feature from file:///Z:/Automation/JavaCucumber/BDD_HCL/CucumberHCL/src/main/resources/AppFeatures/ValidateAndVerifyLoginPage.feature is not under the 'features' directory. Requirements report will not be correctly generated!
09:07:44.016 [main] INFO   - 
  _____   ___   ___   _____     ___   _____     _     ___   _____   ___   ___  
 |_   _| | __| / __| |_   _|   / __| |_   _|   /_\   | _ \ |_   _| | __| |   \ 
   | |   | _|  \__ \   | |     \__ \   | |    / _ \  |   /   | |   | _|  | |) |
   |_|   |___| |___/   |_|     |___/   |_|   /_/ \_\ |_|_\   |_|   |___| |___/ 

Login to PEGA Site using Author, Manager and User(validate-and-verify-login-page-to-pega-site;login-to-pega-site-using-author--manager-and-user)
--------------------------------------------------------------------------------
09:07:44.030 [main] DEBUG i.g.bonigarcia.wdm.WebDriverManager - Driver chromedriver 99.0.4844.51 found in cache
09:07:44.031 [main] INFO  i.g.bonigarcia.wdm.WebDriverManager - Exporting webdriver.chrome.driver as C:\Users\DheyClaveria\.cache\selenium\chromedriver\win32\99.0.4844.51\chromedriver.exe
09:07:44.049 [AsyncHttpClient-1-1] DEBUG o.a.netty.channel.DefaultChannelPool - Entry count for : http://localhost:54739 : 1
09:07:44.049 [AsyncHttpClient-1-1] DEBUG o.a.netty.channel.DefaultChannelPool - Entry count for : http://localhost:56555 : 1
09:07:44.049 [AsyncHttpClient-1-1] DEBUG o.a.netty.channel.DefaultChannelPool - Adding Candidate expired Channel [id: 0x5b41ed84, L:/127.0.0.1:54745 ! R:localhost/127.0.0.1:54739] isIdleTimeoutExpired=false isRemotelyClosed=true isTtlExpired=false
09:07:44.049 [AsyncHttpClient-1-1] DEBUG o.a.netty.channel.DefaultChannelPool - Closing Idle Channel [id: 0x5b41ed84, L:/127.0.0.1:54745 ! R:localhost/127.0.0.1:54739]
09:07:44.049 [AsyncHttpClient-1-1] DEBUG o.a.netty.channel.DefaultChannelPool - Adding Candidate expired Channel [id: 0xc9e24e90, L:/127.0.0.1:54738 ! R:localhost/127.0.0.1:56555] isIdleTimeoutExpired=false isRemotelyClosed=true isTtlExpired=false
09:07:44.049 [AsyncHttpClient-1-1] DEBUG o.a.netty.channel.DefaultChannelPool - Closing Idle Channel [id: 0xc9e24e90, L:/127.0.0.1:54738 ! R:localhost/127.0.0.1:56555]
09:07:44.049 [AsyncHttpClient-1-1] DEBUG o.a.netty.channel.DefaultChannelPool - Closed 2 connections out of 2 in 0 ms
09:07:44.572 [AsyncHttpClient-1-14] DEBUG o.a.n.channel.NettyConnectListener - Using new Channel '[id: 0x153530a4, L:/127.0.0.1:54764 - R:localhost/127.0.0.1:55895]' for 'POST' to '/session'
09:07:45.258 [AsyncHttpClient-1-14] DEBUG o.a.netty.handler.HttpHandler - 

Request DefaultHttpRequest(decodeResult: success, version: HTTP/1.1)
POST /session HTTP/1.1
User-Agent: selenium/4.1.2 (java windows)
Content-Length: 365
Content-Type: application/json; charset=utf-8
host: localhost:55895
accept: */*

Response DefaultHttpResponse(decodeResult: success, version: HTTP/1.1)
HTTP/1.1 200 OK
Content-Type: application/json; charset=utf-8
cache-control: no-cache
content-length: 795

09:07:45.259 [AsyncHttpClient-1-14] DEBUG o.a.netty.channel.ChannelManager - Adding key: http://localhost:55895 for channel [id: 0x153530a4, L:/127.0.0.1:54764 - R:localhost/127.0.0.1:55895]
09:07:45.264 [AsyncHttpClient-1-15] DEBUG o.a.n.channel.NettyConnectListener - Using new Channel '[id: 0x3ed0e47c, L:/127.0.0.1:54771 - R:localhost/127.0.0.1:54765]' for 'GET' to '/json/version'
09:07:45.268 [AsyncHttpClient-1-15] DEBUG o.a.netty.handler.HttpHandler - 

Request DefaultFullHttpRequest(decodeResult: success, version: HTTP/1.1, content: EmptyByteBufBE)
GET /json/version HTTP/1.1
User-Agent: selenium/4.1.2 (java windows)
host: localhost:54765
accept: */*

Response DefaultHttpResponse(decodeResult: success, version: HTTP/1.1)
HTTP/1.1 200 OK
Content-Type: application/json; charset=UTF-8
content-length: 424

09:07:45.268 [AsyncHttpClient-1-15] DEBUG o.a.netty.channel.ChannelManager - Adding key: http://localhost:54765 for channel [id: 0x3ed0e47c, L:/127.0.0.1:54771 - R:localhost/127.0.0.1:54765]
09:07:45.270 [AsyncHttpClient-1-16] DEBUG o.a.n.channel.NettyConnectListener - Using new Channel '[id: 0x5d9c8be3, L:/127.0.0.1:54772 - R:localhost/127.0.0.1:54765]' for 'GET' to '/devtools/browser/039e20b0-5f61-42e0-bdb2-1387977c2d37'
09:07:45.274 [AsyncHttpClient-1-16] DEBUG o.a.netty.handler.WebSocketHandler - 

Request DefaultFullHttpRequest(decodeResult: success, version: HTTP/1.1, content: EmptyByteBufBE)
GET /devtools/browser/039e20b0-5f61-42e0-bdb2-1387977c2d37 HTTP/1.1
upgrade: websocket
connection: upgrade
sec-websocket-key: b5Lb6HjtWaYOxehVvKG1ww==
sec-websocket-version: 13
origin: http://localhost:54765
host: localhost:54765
accept: */*
user-agent: AHC/2.1

Response DefaultHttpResponse(decodeResult: success, version: HTTP/1.1)
HTTP/1.1 101 WebSocket Protocol Handshake
Upgrade: WebSocket
Connection: Upgrade
Sec-WebSocket-Accept: BWx0PSYJwDmAoBmmyitIKqNBl/k=

09:07:45.277 [Forwarding deleteAllCookies on session d572619d7c942477e95ed830285685da to remote] DEBUG o.a.netty.request.NettyRequestSender - Using pooled Channel '[id: 0x153530a4, L:/127.0.0.1:54764 - R:localhost/127.0.0.1:55895]' for 'DELETE' to 'http://localhost:55895/session/d572619d7c942477e95ed830285685da/cookie'
09:07:45.277 [Forwarding deleteAllCookies on session d572619d7c942477e95ed830285685da to remote] DEBUG o.a.netty.request.NettyRequestSender - Using open Channel [id: 0x153530a4, L:/127.0.0.1:54764 - R:localhost/127.0.0.1:55895] for DELETE '/session/d572619d7c942477e95ed830285685da/cookie'
09:07:45.282 [AsyncHttpClient-1-14] DEBUG o.a.netty.handler.HttpHandler - 

Request DefaultFullHttpRequest(decodeResult: success, version: HTTP/1.1, content: EmptyByteBufBE)
DELETE /session/d572619d7c942477e95ed830285685da/cookie HTTP/1.1
User-Agent: selenium/4.1.2 (java windows)
Content-Type: application/json; charset=utf-8
host: localhost:55895
accept: */*

Response DefaultHttpResponse(decodeResult: success, version: HTTP/1.1)
HTTP/1.1 200 OK
Content-Type: application/json; charset=utf-8
cache-control: no-cache
content-length: 14

09:07:45.282 [AsyncHttpClient-1-14] DEBUG o.a.netty.channel.ChannelManager - Adding key: http://localhost:55895 for channel [id: 0x153530a4, L:/127.0.0.1:54764 - R:localhost/127.0.0.1:55895]
09:07:45.283 [Forwarding maximizeCurrentWindow on session d572619d7c942477e95ed830285685da to remote] DEBUG o.a.netty.request.NettyRequestSender - Using pooled Channel '[id: 0x153530a4, L:/127.0.0.1:54764 - R:localhost/127.0.0.1:55895]' for 'POST' to 'http://localhost:55895/session/d572619d7c942477e95ed830285685da/window/maximize'
09:07:45.283 [Forwarding maximizeCurrentWindow on session d572619d7c942477e95ed830285685da to remote] DEBUG o.a.netty.request.NettyRequestSender - Using open Channel [id: 0x153530a4, L:/127.0.0.1:54764 - R:localhost/127.0.0.1:55895] for POST '/session/d572619d7c942477e95ed830285685da/window/maximize'
09:07:45.402 [AsyncHttpClient-1-14] DEBUG o.a.netty.handler.HttpHandler - 

Request DefaultHttpRequest(decodeResult: success, version: HTTP/1.1)
POST /session/d572619d7c942477e95ed830285685da/window/maximize HTTP/1.1
User-Agent: selenium/4.1.2 (java windows)
Content-Length: 3
Content-Type: application/json; charset=utf-8
host: localhost:55895
accept: */*

Response DefaultHttpResponse(decodeResult: success, version: HTTP/1.1)
HTTP/1.1 200 OK
Content-Type: application/json; charset=utf-8
cache-control: no-cache
content-length: 52

09:07:45.402 [AsyncHttpClient-1-14] DEBUG o.a.netty.channel.ChannelManager - Adding key: http://localhost:55895 for channel [id: 0x153530a4, L:/127.0.0.1:54764 - R:localhost/127.0.0.1:55895]
09:07:45.406 [Forwarding get on session d572619d7c942477e95ed830285685da to remote] DEBUG o.a.netty.request.NettyRequestSender - Using pooled Channel '[id: 0x153530a4, L:/127.0.0.1:54764 - R:localhost/127.0.0.1:55895]' for 'POST' to 'http://localhost:55895/session/d572619d7c942477e95ed830285685da/url'
09:07:45.407 [Forwarding get on session d572619d7c942477e95ed830285685da to remote] DEBUG o.a.netty.request.NettyRequestSender - Using open Channel [id: 0x153530a4, L:/127.0.0.1:54764 - R:localhost/127.0.0.1:55895] for POST '/session/d572619d7c942477e95ed830285685da/url'
09:07:45.553 [AsyncHttpClient-1-14] DEBUG o.a.netty.handler.HttpHandler - 

Request DefaultHttpRequest(decodeResult: success, version: HTTP/1.1)
POST /session/d572619d7c942477e95ed830285685da/url HTTP/1.1
User-Agent: selenium/4.1.2 (java windows)
Content-Length: 148
Content-Type: application/json; charset=utf-8
host: localhost:55895
accept: */*

Response DefaultHttpResponse(decodeResult: success, version: HTTP/1.1)
HTTP/1.1 200 OK
Content-Type: application/json; charset=utf-8
cache-control: no-cache
content-length: 14

09:07:45.553 [AsyncHttpClient-1-14] DEBUG o.a.netty.channel.ChannelManager - Adding key: http://localhost:55895 for channel [id: 0x153530a4, L:/127.0.0.1:54764 - R:localhost/127.0.0.1:55895]
09:07:45.554 [Forwarding getTitle on session d572619d7c942477e95ed830285685da to remote] DEBUG o.a.netty.request.NettyRequestSender - Using pooled Channel '[id: 0x153530a4, L:/127.0.0.1:54764 - R:localhost/127.0.0.1:55895]' for 'GET' to 'http://localhost:55895/session/d572619d7c942477e95ed830285685da/title'
09:07:45.554 [Forwarding getTitle on session d572619d7c942477e95ed830285685da to remote] DEBUG o.a.netty.request.NettyRequestSender - Using open Channel [id: 0x153530a4, L:/127.0.0.1:54764 - R:localhost/127.0.0.1:55895] for GET '/session/d572619d7c942477e95ed830285685da/title'
09:07:45.566 [AsyncHttpClient-1-14] DEBUG o.a.netty.handler.HttpHandler - 

Request DefaultFullHttpRequest(decodeResult: success, version: HTTP/1.1, content: EmptyByteBufBE)
GET /session/d572619d7c942477e95ed830285685da/title HTTP/1.1
User-Agent: selenium/4.1.2 (java windows)
Cache-Control: no-cache
Content-Type: application/json; charset=utf-8
host: localhost:55895
accept: */*

Response DefaultHttpResponse(decodeResult: success, version: HTTP/1.1)
HTTP/1.1 200 OK
Content-Type: application/json; charset=utf-8
cache-control: no-cache
content-length: 22

09:07:45.567 [AsyncHttpClient-1-14] DEBUG o.a.netty.channel.ChannelManager - Adding key: http://localhost:55895 for channel [id: 0x153530a4, L:/127.0.0.1:54764 - R:localhost/127.0.0.1:55895]
09:07:45.568 [Forwarding getTitle on session d572619d7c942477e95ed830285685da to remote] DEBUG o.a.netty.request.NettyRequestSender - Using pooled Channel '[id: 0x153530a4, L:/127.0.0.1:54764 - R:localhost/127.0.0.1:55895]' for 'GET' to 'http://localhost:55895/session/d572619d7c942477e95ed830285685da/title'
09:07:45.568 [Forwarding getTitle on session d572619d7c942477e95ed830285685da to remote] DEBUG o.a.netty.request.NettyRequestSender - Using open Channel [id: 0x153530a4, L:/127.0.0.1:54764 - R:localhost/127.0.0.1:55895] for GET '/session/d572619d7c942477e95ed830285685da/title'
09:07:45.571 [AsyncHttpClient-1-14] DEBUG o.a.netty.handler.HttpHandler - 

Request DefaultFullHttpRequest(decodeResult: success, version: HTTP/1.1, content: EmptyByteBufBE)
GET /session/d572619d7c942477e95ed830285685da/title HTTP/1.1
User-Agent: selenium/4.1.2 (java windows)
Cache-Control: no-cache
Content-Type: application/json; charset=utf-8
host: localhost:55895
accept: */*

Response DefaultHttpResponse(decodeResult: success, version: HTTP/1.1)
HTTP/1.1 200 OK
Content-Type: application/json; charset=utf-8
cache-control: no-cache
content-length: 22

09:07:45.572 [AsyncHttpClient-1-14] DEBUG o.a.netty.channel.ChannelManager - Adding key: http://localhost:55895 for channel [id: 0x153530a4, L:/127.0.0.1:54764 - R:localhost/127.0.0.1:55895]
09:07:46.249 [AsyncHttpClient-1-1] DEBUG o.a.netty.channel.DefaultChannelPool - Entry count for : http://localhost:55895 : 1
09:07:46.249 [AsyncHttpClient-1-1] DEBUG o.a.netty.channel.DefaultChannelPool - Entry count for : http://localhost:54765 : 1
09:07:47.344 [AsyncHttpClient-1-1] DEBUG o.a.netty.channel.DefaultChannelPool - Entry count for : http://localhost:55895 : 1
09:07:47.344 [AsyncHttpClient-1-1] DEBUG o.a.netty.channel.DefaultChannelPool - Entry count for : http://localhost:54765 : 1
09:07:48.442 [AsyncHttpClient-1-1] DEBUG o.a.netty.channel.DefaultChannelPool - Entry count for : http://localhost:55895 : 1
09:07:48.442 [AsyncHttpClient-1-1] DEBUG o.a.netty.channel.DefaultChannelPool - Entry count for : http://localhost:54765 : 1
09:07:49.535 [AsyncHttpClient-1-1] DEBUG o.a.netty.channel.DefaultChannelPool - Entry count for : http://localhost:55895 : 1
09:07:49.535 [AsyncHttpClient-1-1] DEBUG o.a.netty.channel.DefaultChannelPool - Entry count for : http://localhost:54765 : 1
  &amp#27;[32mGiven &amp#27;[0m&amp#27;[32mthat the user should navigate in PEGA Login Page&amp#27;[0m                                               &amp#27;[90m# stepdefinitions.LoginPageSteps.that_the_user_should_navigate_in_pega_login_page()&amp#27;[0m
09:07:50.579 [Forwarding findElement on session d572619d7c942477e95ed830285685da to remote] DEBUG o.a.netty.request.NettyRequestSender - Using pooled Channel '[id: 0x153530a4, L:/127.0.0.1:54764 - R:localhost/127.0.0.1:55895]' for 'POST' to 'http://localhost:55895/session/d572619d7c942477e95ed830285685da/element'
09:07:50.579 [Forwarding findElement on session d572619d7c942477e95ed830285685da to remote] DEBUG o.a.netty.request.NettyRequestSender - Using open Channel [id: 0x153530a4, L:/127.0.0.1:54764 - R:localhost/127.0.0.1:55895] for POST '/session/d572619d7c942477e95ed830285685da/element'
09:07:50.592 [AsyncHttpClient-1-14] DEBUG o.a.netty.handler.HttpHandler - 

Request DefaultHttpRequest(decodeResult: success, version: HTTP/1.1)
POST /session/d572619d7c942477e95ed830285685da/element HTTP/1.1
User-Agent: selenium/4.1.2 (java windows)
Content-Length: 128
Content-Type: application/json; charset=utf-8
host: localhost:55895
accept: */*

Response DefaultHttpResponse(decodeResult: success, version: HTTP/1.1)
HTTP/1.1 200 OK
Content-Type: application/json; charset=utf-8
cache-control: no-cache
content-length: 88

09:07:50.592 [AsyncHttpClient-1-14] DEBUG o.a.netty.channel.ChannelManager - Adding key: http://localhost:55895 for channel [id: 0x153530a4, L:/127.0.0.1:54764 - R:localhost/127.0.0.1:55895]
09:07:50.596 [Forwarding isElementDisplayed on session d572619d7c942477e95ed830285685da to remote] DEBUG o.a.netty.request.NettyRequestSender - Using pooled Channel '[id: 0x153530a4, L:/127.0.0.1:54764 - R:localhost/127.0.0.1:55895]' for 'POST' to 'http://localhost:55895/session/d572619d7c942477e95ed830285685da/execute/sync'
09:07:50.596 [Forwarding isElementDisplayed on session d572619d7c942477e95ed830285685da to remote] DEBUG o.a.netty.request.NettyRequestSender - Using open Channel [id: 0x153530a4, L:/127.0.0.1:54764 - R:localhost/127.0.0.1:55895] for POST '/session/d572619d7c942477e95ed830285685da/execute/sync'
09:07:50.618 [AsyncHttpClient-1-14] DEBUG o.a.netty.handler.HttpHandler - 

Request DefaultHttpRequest(decodeResult: success, version: HTTP/1.1)
POST /session/d572619d7c942477e95ed830285685da/execute/sync HTTP/1.1
User-Agent: selenium/4.1.2 (java windows)
Content-Length: 48780
Content-Type: application/json; charset=utf-8
host: localhost:55895
accept: */*

Response DefaultHttpResponse(decodeResult: success, version: HTTP/1.1)
HTTP/1.1 200 OK
Content-Type: application/json; charset=utf-8
cache-control: no-cache
content-length: 14

09:07:50.618 [AsyncHttpClient-1-14] DEBUG o.a.netty.channel.ChannelManager - Adding key: http://localhost:55895 for channel [id: 0x153530a4, L:/127.0.0.1:54764 - R:localhost/127.0.0.1:55895]
09:07:50.619 [Forwarding findElement on session d572619d7c942477e95ed830285685da to remote] DEBUG o.a.netty.request.NettyRequestSender - Using pooled Channel '[id: 0x153530a4, L:/127.0.0.1:54764 - R:localhost/127.0.0.1:55895]' for 'POST' to 'http://localhost:55895/session/d572619d7c942477e95ed830285685da/element'
09:07:50.619 [Forwarding findElement on session d572619d7c942477e95ed830285685da to remote] DEBUG o.a.netty.request.NettyRequestSender - Using open Channel [id: 0x153530a4, L:/127.0.0.1:54764 - R:localhost/127.0.0.1:55895] for POST '/session/d572619d7c942477e95ed830285685da/element'
09:07:50.625 [AsyncHttpClient-1-14] DEBUG o.a.netty.handler.HttpHandler - 

Request DefaultHttpRequest(decodeResult: success, version: HTTP/1.1)
POST /session/d572619d7c942477e95ed830285685da/element HTTP/1.1
User-Agent: selenium/4.1.2 (java windows)
Content-Length: 128
Content-Type: application/json; charset=utf-8
host: localhost:55895
accept: */*

Response DefaultHttpResponse(decodeResult: success, version: HTTP/1.1)
HTTP/1.1 200 OK
Content-Type: application/json; charset=utf-8
cache-control: no-cache
content-length: 88

09:07:50.625 [AsyncHttpClient-1-14] DEBUG o.a.netty.channel.ChannelManager - Adding key: http://localhost:55895 for channel [id: 0x153530a4, L:/127.0.0.1:54764 - R:localhost/127.0.0.1:55895]
09:07:50.629 [Forwarding isElementDisplayed on session d572619d7c942477e95ed830285685da to remote] DEBUG o.a.netty.request.NettyRequestSender - Using pooled Channel '[id: 0x153530a4, L:/127.0.0.1:54764 - R:localhost/127.0.0.1:55895]' for 'POST' to 'http://localhost:55895/session/d572619d7c942477e95ed830285685da/execute/sync'
09:07:50.629 [Forwarding isElementDisplayed on session d572619d7c942477e95ed830285685da to remote] DEBUG o.a.netty.request.NettyRequestSender - Using open Channel [id: 0x153530a4, L:/127.0.0.1:54764 - R:localhost/127.0.0.1:55895] for POST '/session/d572619d7c942477e95ed830285685da/execute/sync'
09:07:50.637 [AsyncHttpClient-1-1] DEBUG o.a.netty.channel.DefaultChannelPool - Entry count for : http://localhost:54765 : 1
09:07:50.641 [AsyncHttpClient-1-14] DEBUG o.a.netty.handler.HttpHandler - 

Request DefaultHttpRequest(decodeResult: success, version: HTTP/1.1)
POST /session/d572619d7c942477e95ed830285685da/execute/sync HTTP/1.1
User-Agent: selenium/4.1.2 (java windows)
Content-Length: 48780
Content-Type: application/json; charset=utf-8
host: localhost:55895
accept: */*

Response DefaultHttpResponse(decodeResult: success, version: HTTP/1.1)
HTTP/1.1 200 OK
Content-Type: application/json; charset=utf-8
cache-control: no-cache
content-length: 14

09:07:50.641 [AsyncHttpClient-1-14] DEBUG o.a.netty.channel.ChannelManager - Adding key: http://localhost:55895 for channel [id: 0x153530a4, L:/127.0.0.1:54764 - R:localhost/127.0.0.1:55895]
09:07:50.642 [Forwarding findElement on session d572619d7c942477e95ed830285685da to remote] DEBUG o.a.netty.request.NettyRequestSender - Using pooled Channel '[id: 0x153530a4, L:/127.0.0.1:54764 - R:localhost/127.0.0.1:55895]' for 'POST' to 'http://localhost:55895/session/d572619d7c942477e95ed830285685da/element'
09:07:50.642 [Forwarding findElement on session d572619d7c942477e95ed830285685da to remote] DEBUG o.a.netty.request.NettyRequestSender - Using open Channel [id: 0x153530a4, L:/127.0.0.1:54764 - R:localhost/127.0.0.1:55895] for POST '/session/d572619d7c942477e95ed830285685da/element'
09:07:50.648 [AsyncHttpClient-1-14] DEBUG o.a.netty.handler.HttpHandler - 

Request DefaultHttpRequest(decodeResult: success, version: HTTP/1.1)
POST /session/d572619d7c942477e95ed830285685da/element HTTP/1.1
User-Agent: selenium/4.1.2 (java windows)
Content-Length: 128
Content-Type: application/json; charset=utf-8
host: localhost:55895
accept: */*

Response DefaultHttpResponse(decodeResult: success, version: HTTP/1.1)
HTTP/1.1 200 OK
Content-Type: application/json; charset=utf-8
cache-control: no-cache
content-length: 88

09:07:50.648 [AsyncHttpClient-1-14] DEBUG o.a.netty.channel.ChannelManager - Adding key: http://localhost:55895 for channel [id: 0x153530a4, L:/127.0.0.1:54764 - R:localhost/127.0.0.1:55895]
09:07:50.649 [Forwarding isElementEnabled on session d572619d7c942477e95ed830285685da to remote] DEBUG o.a.netty.request.NettyRequestSender - Using pooled Channel '[id: 0x153530a4, L:/127.0.0.1:54764 - R:localhost/127.0.0.1:55895]' for 'GET' to 'http://localhost:55895/session/d572619d7c942477e95ed830285685da/element/72624693-b8b1-48f2-94d8-55d7e6118cbc/enabled'
09:07:50.649 [Forwarding isElementEnabled on session d572619d7c942477e95ed830285685da to remote] DEBUG o.a.netty.request.NettyRequestSender - Using open Channel [id: 0x153530a4, L:/127.0.0.1:54764 - R:localhost/127.0.0.1:55895] for GET '/session/d572619d7c942477e95ed830285685da/element/72624693-b8b1-48f2-94d8-55d7e6118cbc/enabled'
09:07:50.656 [AsyncHttpClient-1-14] DEBUG o.a.netty.handler.HttpHandler - 

Request DefaultFullHttpRequest(decodeResult: success, version: HTTP/1.1, content: EmptyByteBufBE)
GET /session/d572619d7c942477e95ed830285685da/element/72624693-b8b1-48f2-94d8-55d7e6118cbc/enabled HTTP/1.1
User-Agent: selenium/4.1.2 (java windows)
Cache-Control: no-cache
Content-Type: application/json; charset=utf-8
host: localhost:55895
accept: */*

Response DefaultHttpResponse(decodeResult: success, version: HTTP/1.1)
HTTP/1.1 200 OK
Content-Type: application/json; charset=utf-8
cache-control: no-cache
content-length: 14

09:07:50.656 [AsyncHttpClient-1-14] DEBUG o.a.netty.channel.ChannelManager - Adding key: http://localhost:55895 for channel [id: 0x153530a4, L:/127.0.0.1:54764 - R:localhost/127.0.0.1:55895]
09:07:50.657 [Forwarding findElement on session d572619d7c942477e95ed830285685da to remote] DEBUG o.a.netty.request.NettyRequestSender - Using pooled Channel '[id: 0x153530a4, L:/127.0.0.1:54764 - R:localhost/127.0.0.1:55895]' for 'POST' to 'http://localhost:55895/session/d572619d7c942477e95ed830285685da/element'
09:07:50.657 [Forwarding findElement on session d572619d7c942477e95ed830285685da to remote] DEBUG o.a.netty.request.NettyRequestSender - Using open Channel [id: 0x153530a4, L:/127.0.0.1:54764 - R:localhost/127.0.0.1:55895] for POST '/session/d572619d7c942477e95ed830285685da/element'
09:07:50.666 [AsyncHttpClient-1-14] DEBUG o.a.netty.handler.HttpHandler - 

Request DefaultHttpRequest(decodeResult: success, version: HTTP/1.1)
POST /session/d572619d7c942477e95ed830285685da/element HTTP/1.1
User-Agent: selenium/4.1.2 (java windows)
Content-Length: 132
Content-Type: application/json; charset=utf-8
host: localhost:55895
accept: */*

Response DefaultHttpResponse(decodeResult: success, version: HTTP/1.1)
HTTP/1.1 200 OK
Content-Type: application/json; charset=utf-8
cache-control: no-cache
content-length: 88

09:07:50.666 [AsyncHttpClient-1-14] DEBUG o.a.netty.channel.ChannelManager - Adding key: http://localhost:55895 for channel [id: 0x153530a4, L:/127.0.0.1:54764 - R:localhost/127.0.0.1:55895]
09:07:50.670 [Forwarding isElementDisplayed on session d572619d7c942477e95ed830285685da to remote] DEBUG o.a.netty.request.NettyRequestSender - Using pooled Channel '[id: 0x153530a4, L:/127.0.0.1:54764 - R:localhost/127.0.0.1:55895]' for 'POST' to 'http://localhost:55895/session/d572619d7c942477e95ed830285685da/execute/sync'
09:07:50.670 [Forwarding isElementDisplayed on session d572619d7c942477e95ed830285685da to remote] DEBUG o.a.netty.request.NettyRequestSender - Using open Channel [id: 0x153530a4, L:/127.0.0.1:54764 - R:localhost/127.0.0.1:55895] for POST '/session/d572619d7c942477e95ed830285685da/execute/sync'
09:07:50.679 [AsyncHttpClient-1-14] DEBUG o.a.netty.handler.HttpHandler - 

Request DefaultHttpRequest(decodeResult: success, version: HTTP/1.1)
POST /session/d572619d7c942477e95ed830285685da/execute/sync HTTP/1.1
User-Agent: selenium/4.1.2 (java windows)
Content-Length: 48780
Content-Type: application/json; charset=utf-8
host: localhost:55895
accept: */*

Response DefaultHttpResponse(decodeResult: success, version: HTTP/1.1)
HTTP/1.1 200 OK
Content-Type: application/json; charset=utf-8
cache-control: no-cache
content-length: 14

09:07:50.679 [AsyncHttpClient-1-14] DEBUG o.a.netty.channel.ChannelManager - Adding key: http://localhost:55895 for channel [id: 0x153530a4, L:/127.0.0.1:54764 - R:localhost/127.0.0.1:55895]
09:07:50.680 [Forwarding findElement on session d572619d7c942477e95ed830285685da to remote] DEBUG o.a.netty.request.NettyRequestSender - Using pooled Channel '[id: 0x153530a4, L:/127.0.0.1:54764 - R:localhost/127.0.0.1:55895]' for 'POST' to 'http://localhost:55895/session/d572619d7c942477e95ed830285685da/element'
09:07:50.680 [Forwarding findElement on session d572619d7c942477e95ed830285685da to remote] DEBUG o.a.netty.request.NettyRequestSender - Using open Channel [id: 0x153530a4, L:/127.0.0.1:54764 - R:localhost/127.0.0.1:55895] for POST '/session/d572619d7c942477e95ed830285685da/element'
09:07:50.686 [AsyncHttpClient-1-14] DEBUG o.a.netty.handler.HttpHandler - 

Request DefaultHttpRequest(decodeResult: success, version: HTTP/1.1)
POST /session/d572619d7c942477e95ed830285685da/element HTTP/1.1
User-Agent: selenium/4.1.2 (java windows)
Content-Length: 132
Content-Type: application/json; charset=utf-8
host: localhost:55895
accept: */*

Response DefaultHttpResponse(decodeResult: success, version: HTTP/1.1)
HTTP/1.1 200 OK
Content-Type: application/json; charset=utf-8
cache-control: no-cache
content-length: 88

09:07:50.686 [AsyncHttpClient-1-14] DEBUG o.a.netty.channel.ChannelManager - Adding key: http://localhost:55895 for channel [id: 0x153530a4, L:/127.0.0.1:54764 - R:localhost/127.0.0.1:55895]
09:07:50.689 [Forwarding isElementDisplayed on session d572619d7c942477e95ed830285685da to remote] DEBUG o.a.netty.request.NettyRequestSender - Using pooled Channel '[id: 0x153530a4, L:/127.0.0.1:54764 - R:localhost/127.0.0.1:55895]' for 'POST' to 'http://localhost:55895/session/d572619d7c942477e95ed830285685da/execute/sync'
09:07:50.689 [Forwarding isElementDisplayed on session d572619d7c942477e95ed830285685da to remote] DEBUG o.a.netty.request.NettyRequestSender - Using open Channel [id: 0x153530a4, L:/127.0.0.1:54764 - R:localhost/127.0.0.1:55895] for POST '/session/d572619d7c942477e95ed830285685da/execute/sync'
09:07:50.697 [AsyncHttpClient-1-14] DEBUG o.a.netty.handler.HttpHandler - 

Request DefaultHttpRequest(decodeResult: success, version: HTTP/1.1)
POST /session/d572619d7c942477e95ed830285685da/execute/sync HTTP/1.1
User-Agent: selenium/4.1.2 (java windows)
Content-Length: 48780
Content-Type: application/json; charset=utf-8
host: localhost:55895
accept: */*

Response DefaultHttpResponse(decodeResult: success, version: HTTP/1.1)
HTTP/1.1 200 OK
Content-Type: application/json; charset=utf-8
cache-control: no-cache
content-length: 14

09:07:50.698 [AsyncHttpClient-1-14] DEBUG o.a.netty.channel.ChannelManager - Adding key: http://localhost:55895 for channel [id: 0x153530a4, L:/127.0.0.1:54764 - R:localhost/127.0.0.1:55895]
09:07:50.699 [Forwarding findElement on session d572619d7c942477e95ed830285685da to remote] DEBUG o.a.netty.request.NettyRequestSender - Using pooled Channel '[id: 0x153530a4, L:/127.0.0.1:54764 - R:localhost/127.0.0.1:55895]' for 'POST' to 'http://localhost:55895/session/d572619d7c942477e95ed830285685da/element'
09:07:50.699 [Forwarding findElement on session d572619d7c942477e95ed830285685da to remote] DEBUG o.a.netty.request.NettyRequestSender - Using open Channel [id: 0x153530a4, L:/127.0.0.1:54764 - R:localhost/127.0.0.1:55895] for POST '/session/d572619d7c942477e95ed830285685da/element'
09:07:50.705 [AsyncHttpClient-1-14] DEBUG o.a.netty.handler.HttpHandler - 

Request DefaultHttpRequest(decodeResult: success, version: HTTP/1.1)
POST /session/d572619d7c942477e95ed830285685da/element HTTP/1.1
User-Agent: selenium/4.1.2 (java windows)
Content-Length: 132
Content-Type: application/json; charset=utf-8
host: localhost:55895
accept: */*

Response DefaultHttpResponse(decodeResult: success, version: HTTP/1.1)
HTTP/1.1 200 OK
Content-Type: application/json; charset=utf-8
cache-control: no-cache
content-length: 88

09:07:50.705 [AsyncHttpClient-1-14] DEBUG o.a.netty.channel.ChannelManager - Adding key: http://localhost:55895 for channel [id: 0x153530a4, L:/127.0.0.1:54764 - R:localhost/127.0.0.1:55895]
09:07:50.706 [Forwarding isElementEnabled on session d572619d7c942477e95ed830285685da to remote] DEBUG o.a.netty.request.NettyRequestSender - Using pooled Channel '[id: 0x153530a4, L:/127.0.0.1:54764 - R:localhost/127.0.0.1:55895]' for 'GET' to 'http://localhost:55895/session/d572619d7c942477e95ed830285685da/element/9428e148-d360-4adf-ba3d-9c92c9c4b778/enabled'
09:07:50.706 [Forwarding isElementEnabled on session d572619d7c942477e95ed830285685da to remote] DEBUG o.a.netty.request.NettyRequestSender - Using open Channel [id: 0x153530a4, L:/127.0.0.1:54764 - R:localhost/127.0.0.1:55895] for GET '/session/d572619d7c942477e95ed830285685da/element/9428e148-d360-4adf-ba3d-9c92c9c4b778/enabled'
09:07:50.713 [AsyncHttpClient-1-14] DEBUG o.a.netty.handler.HttpHandler - 

Request DefaultFullHttpRequest(decodeResult: success, version: HTTP/1.1, content: EmptyByteBufBE)
GET /session/d572619d7c942477e95ed830285685da/element/9428e148-d360-4adf-ba3d-9c92c9c4b778/enabled HTTP/1.1
User-Agent: selenium/4.1.2 (java windows)
Cache-Control: no-cache
Content-Type: application/json; charset=utf-8
host: localhost:55895
accept: */*

Response DefaultHttpResponse(decodeResult: success, version: HTTP/1.1)
HTTP/1.1 200 OK
Content-Type: application/json; charset=utf-8
cache-control: no-cache
content-length: 14

09:07:50.713 [AsyncHttpClient-1-14] DEBUG o.a.netty.channel.ChannelManager - Adding key: http://localhost:55895 for channel [id: 0x153530a4, L:/127.0.0.1:54764 - R:localhost/127.0.0.1:55895]
09:07:50.714 [Forwarding findElement on session d572619d7c942477e95ed830285685da to remote] DEBUG o.a.netty.request.NettyRequestSender - Using pooled Channel '[id: 0x153530a4, L:/127.0.0.1:54764 - R:localhost/127.0.0.1:55895]' for 'POST' to 'http://localhost:55895/session/d572619d7c942477e95ed830285685da/element'
09:07:50.714 [Forwarding findElement on session d572619d7c942477e95ed830285685da to remote] DEBUG o.a.netty.request.NettyRequestSender - Using open Channel [id: 0x153530a4, L:/127.0.0.1:54764 - R:localhost/127.0.0.1:55895] for POST '/session/d572619d7c942477e95ed830285685da/element'
09:07:50.725 [AsyncHttpClient-1-14] DEBUG o.a.netty.handler.HttpHandler - 

Request DefaultHttpRequest(decodeResult: success, version: HTTP/1.1)
POST /session/d572619d7c942477e95ed830285685da/element HTTP/1.1
User-Agent: selenium/4.1.2 (java windows)
Content-Length: 125
Content-Type: application/json; charset=utf-8
host: localhost:55895
accept: */*

Response DefaultHttpResponse(decodeResult: success, version: HTTP/1.1)
HTTP/1.1 200 OK
Content-Type: application/json; charset=utf-8
cache-control: no-cache
content-length: 88

09:07:50.725 [AsyncHttpClient-1-14] DEBUG o.a.netty.channel.ChannelManager - Adding key: http://localhost:55895 for channel [id: 0x153530a4, L:/127.0.0.1:54764 - R:localhost/127.0.0.1:55895]
09:07:50.728 [Forwarding isElementDisplayed on session d572619d7c942477e95ed830285685da to remote] DEBUG o.a.netty.request.NettyRequestSender - Using pooled Channel '[id: 0x153530a4, L:/127.0.0.1:54764 - R:localhost/127.0.0.1:55895]' for 'POST' to 'http://localhost:55895/session/d572619d7c942477e95ed830285685da/execute/sync'
09:07:50.728 [Forwarding isElementDisplayed on session d572619d7c942477e95ed830285685da to remote] DEBUG o.a.netty.request.NettyRequestSender - Using open Channel [id: 0x153530a4, L:/127.0.0.1:54764 - R:localhost/127.0.0.1:55895] for POST '/session/d572619d7c942477e95ed830285685da/execute/sync'
09:07:50.738 [AsyncHttpClient-1-14] DEBUG o.a.netty.handler.HttpHandler - 

Request DefaultHttpRequest(decodeResult: success, version: HTTP/1.1)
POST /session/d572619d7c942477e95ed830285685da/execute/sync HTTP/1.1
User-Agent: selenium/4.1.2 (java windows)
Content-Length: 48780
Content-Type: application/json; charset=utf-8
host: localhost:55895
accept: */*

Response DefaultHttpResponse(decodeResult: success, version: HTTP/1.1)
HTTP/1.1 200 OK
Content-Type: application/json; charset=utf-8
cache-control: no-cache
content-length: 14

09:07:50.738 [AsyncHttpClient-1-14] DEBUG o.a.netty.channel.ChannelManager - Adding key: http://localhost:55895 for channel [id: 0x153530a4, L:/127.0.0.1:54764 - R:localhost/127.0.0.1:55895]
09:07:50.739 [Forwarding findElement on session d572619d7c942477e95ed830285685da to remote] DEBUG o.a.netty.request.NettyRequestSender - Using pooled Channel '[id: 0x153530a4, L:/127.0.0.1:54764 - R:localhost/127.0.0.1:55895]' for 'POST' to 'http://localhost:55895/session/d572619d7c942477e95ed830285685da/element'
09:07:50.739 [Forwarding findElement on session d572619d7c942477e95ed830285685da to remote] DEBUG o.a.netty.request.NettyRequestSender - Using open Channel [id: 0x153530a4, L:/127.0.0.1:54764 - R:localhost/127.0.0.1:55895] for POST '/session/d572619d7c942477e95ed830285685da/element'
09:07:50.745 [AsyncHttpClient-1-14] DEBUG o.a.netty.handler.HttpHandler - 

Request DefaultHttpRequest(decodeResult: success, version: HTTP/1.1)
POST /session/d572619d7c942477e95ed830285685da/element HTTP/1.1
User-Agent: selenium/4.1.2 (java windows)
Content-Length: 125
Content-Type: application/json; charset=utf-8
host: localhost:55895
accept: */*

Response DefaultHttpResponse(decodeResult: success, version: HTTP/1.1)
HTTP/1.1 200 OK
Content-Type: application/json; charset=utf-8
cache-control: no-cache
content-length: 88

09:07:50.745 [AsyncHttpClient-1-14] DEBUG o.a.netty.channel.ChannelManager - Adding key: http://localhost:55895 for channel [id: 0x153530a4, L:/127.0.0.1:54764 - R:localhost/127.0.0.1:55895]
09:07:50.748 [Forwarding isElementDisplayed on session d572619d7c942477e95ed830285685da to remote] DEBUG o.a.netty.request.NettyRequestSender - Using pooled Channel '[id: 0x153530a4, L:/127.0.0.1:54764 - R:localhost/127.0.0.1:55895]' for 'POST' to 'http://localhost:55895/session/d572619d7c942477e95ed830285685da/execute/sync'
09:07:50.748 [Forwarding isElementDisplayed on session d572619d7c942477e95ed830285685da to remote] DEBUG o.a.netty.request.NettyRequestSender - Using open Channel [id: 0x153530a4, L:/127.0.0.1:54764 - R:localhost/127.0.0.1:55895] for POST '/session/d572619d7c942477e95ed830285685da/execute/sync'
09:07:50.757 [AsyncHttpClient-1-14] DEBUG o.a.netty.handler.HttpHandler - 

Request DefaultHttpRequest(decodeResult: success, version: HTTP/1.1)
POST /session/d572619d7c942477e95ed830285685da/execute/sync HTTP/1.1
User-Agent: selenium/4.1.2 (java windows)
Content-Length: 48780
Content-Type: application/json; charset=utf-8
host: localhost:55895
accept: */*

Response DefaultHttpResponse(decodeResult: success, version: HTTP/1.1)
HTTP/1.1 200 OK
Content-Type: application/json; charset=utf-8
cache-control: no-cache
content-length: 14

09:07:50.757 [AsyncHttpClient-1-14] DEBUG o.a.netty.channel.ChannelManager - Adding key: http://localhost:55895 for channel [id: 0x153530a4, L:/127.0.0.1:54764 - R:localhost/127.0.0.1:55895]
09:07:50.759 [Forwarding findElement on session d572619d7c942477e95ed830285685da to remote] DEBUG o.a.netty.request.NettyRequestSender - Using pooled Channel '[id: 0x153530a4, L:/127.0.0.1:54764 - R:localhost/127.0.0.1:55895]' for 'POST' to 'http://localhost:55895/session/d572619d7c942477e95ed830285685da/element'
09:07:50.759 [Forwarding findElement on session d572619d7c942477e95ed830285685da to remote] DEBUG o.a.netty.request.NettyRequestSender - Using open Channel [id: 0x153530a4, L:/127.0.0.1:54764 - R:localhost/127.0.0.1:55895] for POST '/session/d572619d7c942477e95ed830285685da/element'
09:07:50.765 [AsyncHttpClient-1-14] DEBUG o.a.netty.handler.HttpHandler - 

Request DefaultHttpRequest(decodeResult: success, version: HTTP/1.1)
POST /session/d572619d7c942477e95ed830285685da/element HTTP/1.1
User-Agent: selenium/4.1.2 (java windows)
Content-Length: 125
Content-Type: application/json; charset=utf-8
host: localhost:55895
accept: */*

Response DefaultHttpResponse(decodeResult: success, version: HTTP/1.1)
HTTP/1.1 200 OK
Content-Type: application/json; charset=utf-8
cache-control: no-cache
content-length: 88

09:07:50.765 [AsyncHttpClient-1-14] DEBUG o.a.netty.channel.ChannelManager - Adding key: http://localhost:55895 for channel [id: 0x153530a4, L:/127.0.0.1:54764 - R:localhost/127.0.0.1:55895]
09:07:50.766 [Forwarding isElementEnabled on session d572619d7c942477e95ed830285685da to remote] DEBUG o.a.netty.request.NettyRequestSender - Using pooled Channel '[id: 0x153530a4, L:/127.0.0.1:54764 - R:localhost/127.0.0.1:55895]' for 'GET' to 'http://localhost:55895/session/d572619d7c942477e95ed830285685da/element/51ba3b74-2b59-48d4-b56b-437235540ca5/enabled'
09:07:50.766 [Forwarding isElementEnabled on session d572619d7c942477e95ed830285685da to remote] DEBUG o.a.netty.request.NettyRequestSender - Using open Channel [id: 0x153530a4, L:/127.0.0.1:54764 - R:localhost/127.0.0.1:55895] for GET '/session/d572619d7c942477e95ed830285685da/element/51ba3b74-2b59-48d4-b56b-437235540ca5/enabled'
09:07:50.772 [AsyncHttpClient-1-14] DEBUG o.a.netty.handler.HttpHandler - 

Request DefaultFullHttpRequest(decodeResult: success, version: HTTP/1.1, content: EmptyByteBufBE)
GET /session/d572619d7c942477e95ed830285685da/element/51ba3b74-2b59-48d4-b56b-437235540ca5/enabled HTTP/1.1
User-Agent: selenium/4.1.2 (java windows)
Cache-Control: no-cache
Content-Type: application/json; charset=utf-8
host: localhost:55895
accept: */*

Response DefaultHttpResponse(decodeResult: success, version: HTTP/1.1)
HTTP/1.1 200 OK
Content-Type: application/json; charset=utf-8
cache-control: no-cache
content-length: 14

09:07:50.772 [AsyncHttpClient-1-14] DEBUG o.a.netty.channel.ChannelManager - Adding key: http://localhost:55895 for channel [id: 0x153530a4, L:/127.0.0.1:54764 - R:localhost/127.0.0.1:55895]
  &amp#27;[32mAnd &amp#27;[0m&amp#27;[32muser verify the Login Page Elements is Visible&amp#27;[0m                                                   &amp#27;[90m# stepdefinitions.LoginPageSteps.user_verify_the_login_page_elements_is_visible()&amp#27;[0m
09:07:51.740 [AsyncHttpClient-1-1] DEBUG o.a.netty.channel.DefaultChannelPool - Entry count for : http://localhost:55895 : 1
09:07:51.740 [AsyncHttpClient-1-1] DEBUG o.a.netty.channel.DefaultChannelPool - Entry count for : http://localhost:54765 : 1
09:07:52.784 [Forwarding findElement on session d572619d7c942477e95ed830285685da to remote] DEBUG o.a.netty.request.NettyRequestSender - Using pooled Channel '[id: 0x153530a4, L:/127.0.0.1:54764 - R:localhost/127.0.0.1:55895]' for 'POST' to 'http://localhost:55895/session/d572619d7c942477e95ed830285685da/element'
09:07:52.784 [Forwarding findElement on session d572619d7c942477e95ed830285685da to remote] DEBUG o.a.netty.request.NettyRequestSender - Using open Channel [id: 0x153530a4, L:/127.0.0.1:54764 - R:localhost/127.0.0.1:55895] for POST '/session/d572619d7c942477e95ed830285685da/element'
09:07:52.791 [AsyncHttpClient-1-14] DEBUG o.a.netty.handler.HttpHandler - 

Request DefaultHttpRequest(decodeResult: success, version: HTTP/1.1)
POST /session/d572619d7c942477e95ed830285685da/element HTTP/1.1
User-Agent: selenium/4.1.2 (java windows)
Content-Length: 128
Content-Type: application/json; charset=utf-8
host: localhost:55895
accept: */*

Response DefaultHttpResponse(decodeResult: success, version: HTTP/1.1)
HTTP/1.1 200 OK
Content-Type: application/json; charset=utf-8
cache-control: no-cache
content-length: 88

09:07:52.791 [AsyncHttpClient-1-14] DEBUG o.a.netty.channel.ChannelManager - Adding key: http://localhost:55895 for channel [id: 0x153530a4, L:/127.0.0.1:54764 - R:localhost/127.0.0.1:55895]
09:07:52.792 [Forwarding sendKeysToElement on session d572619d7c942477e95ed830285685da to remote] DEBUG o.a.netty.request.NettyRequestSender - Using pooled Channel '[id: 0x153530a4, L:/127.0.0.1:54764 - R:localhost/127.0.0.1:55895]' for 'POST' to 'http://localhost:55895/session/d572619d7c942477e95ed830285685da/element/72624693-b8b1-48f2-94d8-55d7e6118cbc/value'
09:07:52.793 [Forwarding sendKeysToElement on session d572619d7c942477e95ed830285685da to remote] DEBUG o.a.netty.request.NettyRequestSender - Using open Channel [id: 0x153530a4, L:/127.0.0.1:54764 - R:localhost/127.0.0.1:55895] for POST '/session/d572619d7c942477e95ed830285685da/element/72624693-b8b1-48f2-94d8-55d7e6118cbc/value'
09:07:52.827 [AsyncHttpClient-1-14] DEBUG o.a.netty.handler.HttpHandler - 

Request DefaultHttpRequest(decodeResult: success, version: HTTP/1.1)
POST /session/d572619d7c942477e95ed830285685da/element/72624693-b8b1-48f2-94d8-55d7e6118cbc/value HTTP/1.1
User-Agent: selenium/4.1.2 (java windows)
Content-Length: 191
Content-Type: application/json; charset=utf-8
host: localhost:55895
accept: */*

Response DefaultHttpResponse(decodeResult: success, version: HTTP/1.1)
HTTP/1.1 200 OK
Content-Type: application/json; charset=utf-8
cache-control: no-cache
content-length: 14

09:07:52.827 [AsyncHttpClient-1-14] DEBUG o.a.netty.channel.ChannelManager - Adding key: http://localhost:55895 for channel [id: 0x153530a4, L:/127.0.0.1:54764 - R:localhost/127.0.0.1:55895]
09:07:52.830 [Forwarding findElement on session d572619d7c942477e95ed830285685da to remote] DEBUG o.a.netty.request.NettyRequestSender - Using pooled Channel '[id: 0x153530a4, L:/127.0.0.1:54764 - R:localhost/127.0.0.1:55895]' for 'POST' to 'http://localhost:55895/session/d572619d7c942477e95ed830285685da/element'
09:07:52.830 [Forwarding findElement on session d572619d7c942477e95ed830285685da to remote] DEBUG o.a.netty.request.NettyRequestSender - Using open Channel [id: 0x153530a4, L:/127.0.0.1:54764 - R:localhost/127.0.0.1:55895] for POST '/session/d572619d7c942477e95ed830285685da/element'
09:07:52.837 [AsyncHttpClient-1-14] DEBUG o.a.netty.handler.HttpHandler - 

Request DefaultHttpRequest(decodeResult: success, version: HTTP/1.1)
POST /session/d572619d7c942477e95ed830285685da/element HTTP/1.1
User-Agent: selenium/4.1.2 (java windows)
Content-Length: 132
Content-Type: application/json; charset=utf-8
host: localhost:55895
accept: */*

Response DefaultHttpResponse(decodeResult: success, version: HTTP/1.1)
HTTP/1.1 200 OK
Content-Type: application/json; charset=utf-8
cache-control: no-cache
content-length: 88

09:07:52.837 [AsyncHttpClient-1-14] DEBUG o.a.netty.channel.ChannelManager - Adding key: http://localhost:55895 for channel [id: 0x153530a4, L:/127.0.0.1:54764 - R:localhost/127.0.0.1:55895]
09:07:52.838 [Forwarding sendKeysToElement on session d572619d7c942477e95ed830285685da to remote] DEBUG o.a.netty.request.NettyRequestSender - Using pooled Channel '[id: 0x153530a4, L:/127.0.0.1:54764 - R:localhost/127.0.0.1:55895]' for 'POST' to 'http://localhost:55895/session/d572619d7c942477e95ed830285685da/element/9428e148-d360-4adf-ba3d-9c92c9c4b778/value'
09:07:52.838 [Forwarding sendKeysToElement on session d572619d7c942477e95ed830285685da to remote] DEBUG o.a.netty.request.NettyRequestSender - Using open Channel [id: 0x153530a4, L:/127.0.0.1:54764 - R:localhost/127.0.0.1:55895] for POST '/session/d572619d7c942477e95ed830285685da/element/9428e148-d360-4adf-ba3d-9c92c9c4b778/value'
09:07:52.847 [AsyncHttpClient-1-1] DEBUG o.a.netty.channel.DefaultChannelPool - Entry count for : http://localhost:54765 : 1
09:07:52.881 [AsyncHttpClient-1-14] DEBUG o.a.netty.handler.HttpHandler - 

Request DefaultHttpRequest(decodeResult: success, version: HTTP/1.1)
POST /session/d572619d7c942477e95ed830285685da/element/9428e148-d360-4adf-ba3d-9c92c9c4b778/value HTTP/1.1
User-Agent: selenium/4.1.2 (java windows)
Content-Length: 231
Content-Type: application/json; charset=utf-8
host: localhost:55895
accept: */*

Response DefaultHttpResponse(decodeResult: success, version: HTTP/1.1)
HTTP/1.1 200 OK
Content-Type: application/json; charset=utf-8
cache-control: no-cache
content-length: 14

09:07:52.881 [AsyncHttpClient-1-14] DEBUG o.a.netty.channel.ChannelManager - Adding key: http://localhost:55895 for channel [id: 0x153530a4, L:/127.0.0.1:54764 - R:localhost/127.0.0.1:55895]
09:07:52.883 [Forwarding findElement on session d572619d7c942477e95ed830285685da to remote] DEBUG o.a.netty.request.NettyRequestSender - Using pooled Channel '[id: 0x153530a4, L:/127.0.0.1:54764 - R:localhost/127.0.0.1:55895]' for 'POST' to 'http://localhost:55895/session/d572619d7c942477e95ed830285685da/element'
09:07:52.883 [Forwarding findElement on session d572619d7c942477e95ed830285685da to remote] DEBUG o.a.netty.request.NettyRequestSender - Using open Channel [id: 0x153530a4, L:/127.0.0.1:54764 - R:localhost/127.0.0.1:55895] for POST '/session/d572619d7c942477e95ed830285685da/element'
09:07:52.890 [AsyncHttpClient-1-14] DEBUG o.a.netty.handler.HttpHandler - 

Request DefaultHttpRequest(decodeResult: success, version: HTTP/1.1)
POST /session/d572619d7c942477e95ed830285685da/element HTTP/1.1
User-Agent: selenium/4.1.2 (java windows)
Content-Length: 125
Content-Type: application/json; charset=utf-8
host: localhost:55895
accept: */*

Response DefaultHttpResponse(decodeResult: success, version: HTTP/1.1)
HTTP/1.1 200 OK
Content-Type: application/json; charset=utf-8
cache-control: no-cache
content-length: 88

09:07:52.890 [AsyncHttpClient-1-14] DEBUG o.a.netty.channel.ChannelManager - Adding key: http://localhost:55895 for channel [id: 0x153530a4, L:/127.0.0.1:54764 - R:localhost/127.0.0.1:55895]
09:07:52.891 [Forwarding clickElement on session d572619d7c942477e95ed830285685da to remote] DEBUG o.a.netty.request.NettyRequestSender - Using pooled Channel '[id: 0x153530a4, L:/127.0.0.1:54764 - R:localhost/127.0.0.1:55895]' for 'POST' to 'http://localhost:55895/session/d572619d7c942477e95ed830285685da/element/51ba3b74-2b59-48d4-b56b-437235540ca5/click'
09:07:52.891 [Forwarding clickElement on session d572619d7c942477e95ed830285685da to remote] DEBUG o.a.netty.request.NettyRequestSender - Using open Channel [id: 0x153530a4, L:/127.0.0.1:54764 - R:localhost/127.0.0.1:55895] for POST '/session/d572619d7c942477e95ed830285685da/element/51ba3b74-2b59-48d4-b56b-437235540ca5/click'
09:07:52.970 [AsyncHttpClient-1-14] DEBUG o.a.netty.handler.HttpHandler - 

Request DefaultHttpRequest(decodeResult: success, version: HTTP/1.1)
POST /session/d572619d7c942477e95ed830285685da/element/51ba3b74-2b59-48d4-b56b-437235540ca5/click HTTP/1.1
User-Agent: selenium/4.1.2 (java windows)
Content-Length: 50
Content-Type: application/json; charset=utf-8
host: localhost:55895
accept: */*

Response DefaultHttpResponse(decodeResult: success, version: HTTP/1.1)
HTTP/1.1 200 OK
Content-Type: application/json; charset=utf-8
cache-control: no-cache
content-length: 14

09:07:52.971 [AsyncHttpClient-1-14] DEBUG o.a.netty.channel.ChannelManager - Adding key: http://localhost:55895 for channel [id: 0x153530a4, L:/127.0.0.1:54764 - R:localhost/127.0.0.1:55895]
09:07:52.972 [Forwarding findElement on session d572619d7c942477e95ed830285685da to remote] DEBUG o.a.netty.request.NettyRequestSender - Using pooled Channel '[id: 0x153530a4, L:/127.0.0.1:54764 - R:localhost/127.0.0.1:55895]' for 'POST' to 'http://localhost:55895/session/d572619d7c942477e95ed830285685da/element'
09:07:52.972 [Forwarding findElement on session d572619d7c942477e95ed830285685da to remote] DEBUG o.a.netty.request.NettyRequestSender - Using open Channel [id: 0x153530a4, L:/127.0.0.1:54764 - R:localhost/127.0.0.1:55895] for POST '/session/d572619d7c942477e95ed830285685da/element'
09:07:52.986 [AsyncHttpClient-1-14] DEBUG o.a.netty.handler.HttpHandler - 

Request DefaultHttpRequest(decodeResult: success, version: HTTP/1.1)
POST /session/d572619d7c942477e95ed830285685da/element HTTP/1.1
User-Agent: selenium/4.1.2 (java windows)
Content-Length: 75
Content-Type: application/json; charset=utf-8
host: localhost:55895
accept: */*

Response DefaultHttpResponse(decodeResult: success, version: HTTP/1.1)
HTTP/1.1 200 OK
Content-Type: application/json; charset=utf-8
cache-control: no-cache
content-length: 88

09:07:52.986 [AsyncHttpClient-1-14] DEBUG o.a.netty.channel.ChannelManager - Adding key: http://localhost:55895 for channel [id: 0x153530a4, L:/127.0.0.1:54764 - R:localhost/127.0.0.1:55895]
09:07:52.991 [Forwarding isElementDisplayed on session d572619d7c942477e95ed830285685da to remote] DEBUG o.a.netty.request.NettyRequestSender - Using pooled Channel '[id: 0x153530a4, L:/127.0.0.1:54764 - R:localhost/127.0.0.1:55895]' for 'POST' to 'http://localhost:55895/session/d572619d7c942477e95ed830285685da/execute/sync'
09:07:52.991 [Forwarding isElementDisplayed on session d572619d7c942477e95ed830285685da to remote] DEBUG o.a.netty.request.NettyRequestSender - Using open Channel [id: 0x153530a4, L:/127.0.0.1:54764 - R:localhost/127.0.0.1:55895] for POST '/session/d572619d7c942477e95ed830285685da/execute/sync'
09:07:53.012 [AsyncHttpClient-1-14] DEBUG o.a.netty.handler.HttpHandler - 

Request DefaultHttpRequest(decodeResult: success, version: HTTP/1.1)
POST /session/d572619d7c942477e95ed830285685da/execute/sync HTTP/1.1
User-Agent: selenium/4.1.2 (java windows)
Content-Length: 48780
Content-Type: application/json; charset=utf-8
host: localhost:55895
accept: */*

Response DefaultHttpResponse(decodeResult: success, version: HTTP/1.1)
HTTP/1.1 200 OK
Content-Type: application/json; charset=utf-8
cache-control: no-cache
content-length: 15

09:07:53.012 [AsyncHttpClient-1-14] DEBUG o.a.netty.channel.ChannelManager - Adding key: http://localhost:55895 for channel [id: 0x153530a4, L:/127.0.0.1:54764 - R:localhost/127.0.0.1:55895]
09:07:53.528 [Forwarding findElement on session d572619d7c942477e95ed830285685da to remote] DEBUG o.a.netty.request.NettyRequestSender - Using pooled Channel '[id: 0x153530a4, L:/127.0.0.1:54764 - R:localhost/127.0.0.1:55895]' for 'POST' to 'http://localhost:55895/session/d572619d7c942477e95ed830285685da/element'
09:07:53.528 [Forwarding findElement on session d572619d7c942477e95ed830285685da to remote] DEBUG o.a.netty.request.NettyRequestSender - Using open Channel [id: 0x153530a4, L:/127.0.0.1:54764 - R:localhost/127.0.0.1:55895] for POST '/session/d572619d7c942477e95ed830285685da/element'
09:07:53.534 [AsyncHttpClient-1-14] DEBUG o.a.netty.handler.HttpHandler - 

Request DefaultHttpRequest(decodeResult: success, version: HTTP/1.1)
POST /session/d572619d7c942477e95ed830285685da/element HTTP/1.1
User-Agent: selenium/4.1.2 (java windows)
Content-Length: 75
Content-Type: application/json; charset=utf-8
host: localhost:55895
accept: */*

Response DefaultHttpResponse(decodeResult: success, version: HTTP/1.1)
HTTP/1.1 200 OK
Content-Type: application/json; charset=utf-8
cache-control: no-cache
content-length: 88

09:07:53.534 [AsyncHttpClient-1-14] DEBUG o.a.netty.channel.ChannelManager - Adding key: http://localhost:55895 for channel [id: 0x153530a4, L:/127.0.0.1:54764 - R:localhost/127.0.0.1:55895]
09:07:53.538 [Forwarding isElementDisplayed on session d572619d7c942477e95ed830285685da to remote] DEBUG o.a.netty.request.NettyRequestSender - Using pooled Channel '[id: 0x153530a4, L:/127.0.0.1:54764 - R:localhost/127.0.0.1:55895]' for 'POST' to 'http://localhost:55895/session/d572619d7c942477e95ed830285685da/execute/sync'
09:07:53.538 [Forwarding isElementDisplayed on session d572619d7c942477e95ed830285685da to remote] DEBUG o.a.netty.request.NettyRequestSender - Using open Channel [id: 0x153530a4, L:/127.0.0.1:54764 - R:localhost/127.0.0.1:55895] for POST '/session/d572619d7c942477e95ed830285685da/execute/sync'
09:07:53.546 [AsyncHttpClient-1-14] DEBUG o.a.netty.handler.HttpHandler - 

Request DefaultHttpRequest(decodeResult: success, version: HTTP/1.1)
POST /session/d572619d7c942477e95ed830285685da/execute/sync HTTP/1.1
User-Agent: selenium/4.1.2 (java windows)
Content-Length: 48780
Content-Type: application/json; charset=utf-8
host: localhost:55895
accept: */*

Response DefaultHttpResponse(decodeResult: success, version: HTTP/1.1)
HTTP/1.1 200 OK
Content-Type: application/json; charset=utf-8
cache-control: no-cache
content-length: 14

09:07:53.546 [AsyncHttpClient-1-14] DEBUG o.a.netty.channel.ChannelManager - Adding key: http://localhost:55895 for channel [id: 0x153530a4, L:/127.0.0.1:54764 - R:localhost/127.0.0.1:55895]
09:07:53.547 [Forwarding getElementText on session d572619d7c942477e95ed830285685da to remote] DEBUG o.a.netty.request.NettyRequestSender - Using pooled Channel '[id: 0x153530a4, L:/127.0.0.1:54764 - R:localhost/127.0.0.1:55895]' for 'GET' to 'http://localhost:55895/session/d572619d7c942477e95ed830285685da/element/6d98c061-c1fc-49e2-9a1d-157ba59956d5/text'
09:07:53.547 [Forwarding getElementText on session d572619d7c942477e95ed830285685da to remote] DEBUG o.a.netty.request.NettyRequestSender - Using open Channel [id: 0x153530a4, L:/127.0.0.1:54764 - R:localhost/127.0.0.1:55895] for GET '/session/d572619d7c942477e95ed830285685da/element/6d98c061-c1fc-49e2-9a1d-157ba59956d5/text'
09:07:53.559 [AsyncHttpClient-1-14] DEBUG o.a.netty.handler.HttpHandler - 

Request DefaultFullHttpRequest(decodeResult: success, version: HTTP/1.1, content: EmptyByteBufBE)
GET /session/d572619d7c942477e95ed830285685da/element/6d98c061-c1fc-49e2-9a1d-157ba59956d5/text HTTP/1.1
User-Agent: selenium/4.1.2 (java windows)
Cache-Control: no-cache
Content-Type: application/json; charset=utf-8
host: localhost:55895
accept: */*

Response DefaultHttpResponse(decodeResult: success, version: HTTP/1.1)
HTTP/1.1 200 OK
Content-Type: application/json; charset=utf-8
cache-control: no-cache
content-length: 59

09:07:53.559 [AsyncHttpClient-1-14] DEBUG o.a.netty.channel.ChannelManager - Adding key: http://localhost:55895 for channel [id: 0x153530a4, L:/127.0.0.1:54764 - R:localhost/127.0.0.1:55895]
09:07:53.937 [AsyncHttpClient-1-1] DEBUG o.a.netty.channel.DefaultChannelPool - Entry count for : http://localhost:55895 : 1
09:07:53.937 [AsyncHttpClient-1-1] DEBUG o.a.netty.channel.DefaultChannelPool - Entry count for : http://localhost:54765 : 1
09:07:55.037 [AsyncHttpClient-1-1] DEBUG o.a.netty.channel.DefaultChannelPool - Entry count for : http://localhost:55895 : 1
09:07:55.037 [AsyncHttpClient-1-1] DEBUG o.a.netty.channel.DefaultChannelPool - Entry count for : http://localhost:54765 : 1
  &amp#27;[32mWhen &amp#27;[0m&amp#27;[32muser login using invalid credentials with username &amp#27;[0m&amp#27;[32m&amp#27;[1m"invalidUser"&amp#27;[0m&amp#27;[32m and password &amp#27;[0m&amp#27;[32m&amp#27;[1m"InvalidPassword"&amp#27;[0m &amp#27;[90m# stepdefinitions.LoginPageSteps.user_login_using_invalid_credentials_with_username_and_password(java.lang.String,java.lang.String)&amp#27;[0m
09:07:55.572 [Forwarding getTitle on session d572619d7c942477e95ed830285685da to remote] DEBUG o.a.netty.request.NettyRequestSender - Using pooled Channel '[id: 0x153530a4, L:/127.0.0.1:54764 - R:localhost/127.0.0.1:55895]' for 'GET' to 'http://localhost:55895/session/d572619d7c942477e95ed830285685da/title'
09:07:55.572 [Forwarding getTitle on session d572619d7c942477e95ed830285685da to remote] DEBUG o.a.netty.request.NettyRequestSender - Using open Channel [id: 0x153530a4, L:/127.0.0.1:54764 - R:localhost/127.0.0.1:55895] for GET '/session/d572619d7c942477e95ed830285685da/title'
09:07:55.575 [AsyncHttpClient-1-14] DEBUG o.a.netty.handler.HttpHandler - 

Request DefaultFullHttpRequest(decodeResult: success, version: HTTP/1.1, content: EmptyByteBufBE)
GET /session/d572619d7c942477e95ed830285685da/title HTTP/1.1
User-Agent: selenium/4.1.2 (java windows)
Cache-Control: no-cache
Content-Type: application/json; charset=utf-8
host: localhost:55895
accept: */*

Response DefaultHttpResponse(decodeResult: success, version: HTTP/1.1)
HTTP/1.1 200 OK
Content-Type: application/json; charset=utf-8
cache-control: no-cache
content-length: 22

09:07:55.576 [AsyncHttpClient-1-14] DEBUG o.a.netty.channel.ChannelManager - Adding key: http://localhost:55895 for channel [id: 0x153530a4, L:/127.0.0.1:54764 - R:localhost/127.0.0.1:55895]
09:07:55.576 [Forwarding getTitle on session d572619d7c942477e95ed830285685da to remote] DEBUG o.a.netty.request.NettyRequestSender - Using pooled Channel '[id: 0x153530a4, L:/127.0.0.1:54764 - R:localhost/127.0.0.1:55895]' for 'GET' to 'http://localhost:55895/session/d572619d7c942477e95ed830285685da/title'
09:07:55.577 [Forwarding getTitle on session d572619d7c942477e95ed830285685da to remote] DEBUG o.a.netty.request.NettyRequestSender - Using open Channel [id: 0x153530a4, L:/127.0.0.1:54764 - R:localhost/127.0.0.1:55895] for GET '/session/d572619d7c942477e95ed830285685da/title'
09:07:55.579 [AsyncHttpClient-1-14] DEBUG o.a.netty.handler.HttpHandler - 

Request DefaultFullHttpRequest(decodeResult: success, version: HTTP/1.1, content: EmptyByteBufBE)
GET /session/d572619d7c942477e95ed830285685da/title HTTP/1.1
User-Agent: selenium/4.1.2 (java windows)
Cache-Control: no-cache
Content-Type: application/json; charset=utf-8
host: localhost:55895
accept: */*

Response DefaultHttpResponse(decodeResult: success, version: HTTP/1.1)
HTTP/1.1 200 OK
Content-Type: application/json; charset=utf-8
cache-control: no-cache
content-length: 22

09:07:55.579 [AsyncHttpClient-1-14] DEBUG o.a.netty.channel.ChannelManager - Adding key: http://localhost:55895 for channel [id: 0x153530a4, L:/127.0.0.1:54764 - R:localhost/127.0.0.1:55895]
09:07:56.138 [AsyncHttpClient-1-1] DEBUG o.a.netty.channel.DefaultChannelPool - Entry count for : http://localhost:55895 : 1
09:07:56.138 [AsyncHttpClient-1-1] DEBUG o.a.netty.channel.DefaultChannelPool - Entry count for : http://localhost:54765 : 1
09:07:57.239 [AsyncHttpClient-1-1] DEBUG o.a.netty.channel.DefaultChannelPool - Entry count for : http://localhost:55895 : 1
09:07:57.239 [AsyncHttpClient-1-1] DEBUG o.a.netty.channel.DefaultChannelPool - Entry count for : http://localhost:54765 : 1
09:07:58.335 [AsyncHttpClient-1-1] DEBUG o.a.netty.channel.DefaultChannelPool - Entry count for : http://localhost:55895 : 1
09:07:58.335 [AsyncHttpClient-1-1] DEBUG o.a.netty.channel.DefaultChannelPool - Entry count for : http://localhost:54765 : 1
09:07:59.444 [AsyncHttpClient-1-1] DEBUG o.a.netty.channel.DefaultChannelPool - Entry count for : http://localhost:55895 : 1
09:07:59.444 [AsyncHttpClient-1-1] DEBUG o.a.netty.channel.DefaultChannelPool - Entry count for : http://localhost:54765 : 1
09:08:00.541 [AsyncHttpClient-1-1] DEBUG o.a.netty.channel.DefaultChannelPool - Entry count for : http://localhost:55895 : 1
09:08:00.541 [AsyncHttpClient-1-1] DEBUG o.a.netty.channel.DefaultChannelPool - Entry count for : http://localhost:54765 : 1
09:08:00.587 [Forwarding findElement on session d572619d7c942477e95ed830285685da to remote] DEBUG o.a.netty.request.NettyRequestSender - Using pooled Channel '[id: 0x153530a4, L:/127.0.0.1:54764 - R:localhost/127.0.0.1:55895]' for 'POST' to 'http://localhost:55895/session/d572619d7c942477e95ed830285685da/element'
09:08:00.587 [Forwarding findElement on session d572619d7c942477e95ed830285685da to remote] DEBUG o.a.netty.request.NettyRequestSender - Using open Channel [id: 0x153530a4, L:/127.0.0.1:54764 - R:localhost/127.0.0.1:55895] for POST '/session/d572619d7c942477e95ed830285685da/element'
09:08:00.594 [AsyncHttpClient-1-14] DEBUG o.a.netty.handler.HttpHandler - 

Request DefaultHttpRequest(decodeResult: success, version: HTTP/1.1)
POST /session/d572619d7c942477e95ed830285685da/element HTTP/1.1
User-Agent: selenium/4.1.2 (java windows)
Content-Length: 75
Content-Type: application/json; charset=utf-8
host: localhost:55895
accept: */*

Response DefaultHttpResponse(decodeResult: success, version: HTTP/1.1)
HTTP/1.1 200 OK
Content-Type: application/json; charset=utf-8
cache-control: no-cache
content-length: 88

09:08:00.594 [AsyncHttpClient-1-14] DEBUG o.a.netty.channel.ChannelManager - Adding key: http://localhost:55895 for channel [id: 0x153530a4, L:/127.0.0.1:54764 - R:localhost/127.0.0.1:55895]
09:08:00.598 [Forwarding isElementDisplayed on session d572619d7c942477e95ed830285685da to remote] DEBUG o.a.netty.request.NettyRequestSender - Using pooled Channel '[id: 0x153530a4, L:/127.0.0.1:54764 - R:localhost/127.0.0.1:55895]' for 'POST' to 'http://localhost:55895/session/d572619d7c942477e95ed830285685da/execute/sync'
09:08:00.598 [Forwarding isElementDisplayed on session d572619d7c942477e95ed830285685da to remote] DEBUG o.a.netty.request.NettyRequestSender - Using open Channel [id: 0x153530a4, L:/127.0.0.1:54764 - R:localhost/127.0.0.1:55895] for POST '/session/d572619d7c942477e95ed830285685da/execute/sync'
09:08:00.608 [AsyncHttpClient-1-14] DEBUG o.a.netty.handler.HttpHandler - 

Request DefaultHttpRequest(decodeResult: success, version: HTTP/1.1)
POST /session/d572619d7c942477e95ed830285685da/execute/sync HTTP/1.1
User-Agent: selenium/4.1.2 (java windows)
Content-Length: 48780
Content-Type: application/json; charset=utf-8
host: localhost:55895
accept: */*

Response DefaultHttpResponse(decodeResult: success, version: HTTP/1.1)
HTTP/1.1 200 OK
Content-Type: application/json; charset=utf-8
cache-control: no-cache
content-length: 14

09:08:00.609 [AsyncHttpClient-1-14] DEBUG o.a.netty.channel.ChannelManager - Adding key: http://localhost:55895 for channel [id: 0x153530a4, L:/127.0.0.1:54764 - R:localhost/127.0.0.1:55895]
09:08:00.610 [Forwarding getElementText on session d572619d7c942477e95ed830285685da to remote] DEBUG o.a.netty.request.NettyRequestSender - Using pooled Channel '[id: 0x153530a4, L:/127.0.0.1:54764 - R:localhost/127.0.0.1:55895]' for 'GET' to 'http://localhost:55895/session/d572619d7c942477e95ed830285685da/element/6d98c061-c1fc-49e2-9a1d-157ba59956d5/text'
09:08:00.610 [Forwarding getElementText on session d572619d7c942477e95ed830285685da to remote] DEBUG o.a.netty.request.NettyRequestSender - Using open Channel [id: 0x153530a4, L:/127.0.0.1:54764 - R:localhost/127.0.0.1:55895] for GET '/session/d572619d7c942477e95ed830285685da/element/6d98c061-c1fc-49e2-9a1d-157ba59956d5/text'
09:08:00.616 [AsyncHttpClient-1-14] DEBUG o.a.netty.handler.HttpHandler - 

Request DefaultFullHttpRequest(decodeResult: success, version: HTTP/1.1, content: EmptyByteBufBE)
GET /session/d572619d7c942477e95ed830285685da/element/6d98c061-c1fc-49e2-9a1d-157ba59956d5/text HTTP/1.1
User-Agent: selenium/4.1.2 (java windows)
Cache-Control: no-cache
Content-Type: application/json; charset=utf-8
host: localhost:55895
accept: */*

Response DefaultHttpResponse(decodeResult: success, version: HTTP/1.1)
HTTP/1.1 200 OK
Content-Type: application/json; charset=utf-8
cache-control: no-cache
content-length: 59

09:08:00.616 [AsyncHttpClient-1-14] DEBUG o.a.netty.channel.ChannelManager - Adding key: http://localhost:55895 for channel [id: 0x153530a4, L:/127.0.0.1:54764 - R:localhost/127.0.0.1:55895]
09:08:01.640 [AsyncHttpClient-1-1] DEBUG o.a.netty.channel.DefaultChannelPool - Entry count for : http://localhost:55895 : 1
09:08:01.640 [AsyncHttpClient-1-1] DEBUG o.a.netty.channel.DefaultChannelPool - Entry count for : http://localhost:54765 : 1
  &amp#27;[32mThen &amp#27;[0m&amp#27;[32muser should not proceed to Dashboard Page&amp#27;[0m                                                       &amp#27;[90m# stepdefinitions.LoginPageSteps.user_should_not_proceed_to_dashboard_page()&amp#27;[0m
 INFO [main] (LoginPageSteps.java:43) - List of User: [{username=author@vrbank, password=pega123!, titlePage=Pega Dev Studio}]
 INFO [main] (LoginPageSteps.java:43)- List of User: [{username=author@vrbank, password=pega123!, titlePage=Pega Dev Studio}]
author@vrbanke.get("username")
09:08:02.735 [AsyncHttpClient-1-1] DEBUG o.a.netty.channel.DefaultChannelPool - Entry count for : http://localhost:55895 : 1
09:08:02.735 [AsyncHttpClient-1-1] DEBUG o.a.netty.channel.DefaultChannelPool - Entry count for : http://localhost:54765 : 1
09:08:03.837 [AsyncHttpClient-1-1] DEBUG o.a.netty.channel.DefaultChannelPool - Entry count for : http://localhost:55895 : 1
09:08:03.837 [AsyncHttpClient-1-1] DEBUG o.a.netty.channel.DefaultChannelPool - Entry count for : http://localhost:54765 : 1
09:08:04.640 [Forwarding findElement on session d572619d7c942477e95ed830285685da to remote] DEBUG o.a.netty.request.NettyRequestSender - Using pooled Channel '[id: 0x153530a4, L:/127.0.0.1:54764 - R:localhost/127.0.0.1:55895]' for 'POST' to 'http://localhost:55895/session/d572619d7c942477e95ed830285685da/element'
09:08:04.641 [Forwarding findElement on session d572619d7c942477e95ed830285685da to remote] DEBUG o.a.netty.request.NettyRequestSender - Using open Channel [id: 0x153530a4, L:/127.0.0.1:54764 - R:localhost/127.0.0.1:55895] for POST '/session/d572619d7c942477e95ed830285685da/element'
09:08:04.648 [AsyncHttpClient-1-14] DEBUG o.a.netty.handler.HttpHandler - 

Request DefaultHttpRequest(decodeResult: success, version: HTTP/1.1)
POST /session/d572619d7c942477e95ed830285685da/element HTTP/1.1
User-Agent: selenium/4.1.2 (java windows)
Content-Length: 128
Content-Type: application/json; charset=utf-8
host: localhost:55895
accept: */*

Response DefaultHttpResponse(decodeResult: success, version: HTTP/1.1)
HTTP/1.1 200 OK
Content-Type: application/json; charset=utf-8
cache-control: no-cache
content-length: 88

09:08:04.648 [AsyncHttpClient-1-14] DEBUG o.a.netty.channel.ChannelManager - Adding key: http://localhost:55895 for channel [id: 0x153530a4, L:/127.0.0.1:54764 - R:localhost/127.0.0.1:55895]
09:08:04.650 [Forwarding sendKeysToElement on session d572619d7c942477e95ed830285685da to remote] DEBUG o.a.netty.request.NettyRequestSender - Using pooled Channel '[id: 0x153530a4, L:/127.0.0.1:54764 - R:localhost/127.0.0.1:55895]' for 'POST' to 'http://localhost:55895/session/d572619d7c942477e95ed830285685da/element/419a6de3-0d53-4c1c-b768-ee8bf4226719/value'
09:08:04.650 [Forwarding sendKeysToElement on session d572619d7c942477e95ed830285685da to remote] DEBUG o.a.netty.request.NettyRequestSender - Using open Channel [id: 0x153530a4, L:/127.0.0.1:54764 - R:localhost/127.0.0.1:55895] for POST '/session/d572619d7c942477e95ed830285685da/element/419a6de3-0d53-4c1c-b768-ee8bf4226719/value'
09:08:04.683 [AsyncHttpClient-1-14] DEBUG o.a.netty.handler.HttpHandler - 

Request DefaultHttpRequest(decodeResult: success, version: HTTP/1.1)
POST /session/d572619d7c942477e95ed830285685da/element/419a6de3-0d53-4c1c-b768-ee8bf4226719/value HTTP/1.1
User-Agent: selenium/4.1.2 (java windows)
Content-Length: 211
Content-Type: application/json; charset=utf-8
host: localhost:55895
accept: */*

Response DefaultHttpResponse(decodeResult: success, version: HTTP/1.1)
HTTP/1.1 200 OK
Content-Type: application/json; charset=utf-8
cache-control: no-cache
content-length: 14

09:08:04.683 [AsyncHttpClient-1-14] DEBUG o.a.netty.channel.ChannelManager - Adding key: http://localhost:55895 for channel [id: 0x153530a4, L:/127.0.0.1:54764 - R:localhost/127.0.0.1:55895]
09:08:04.684 [Forwarding findElement on session d572619d7c942477e95ed830285685da to remote] DEBUG o.a.netty.request.NettyRequestSender - Using pooled Channel '[id: 0x153530a4, L:/127.0.0.1:54764 - R:localhost/127.0.0.1:55895]' for 'POST' to 'http://localhost:55895/session/d572619d7c942477e95ed830285685da/element'
09:08:04.684 [Forwarding findElement on session d572619d7c942477e95ed830285685da to remote] DEBUG o.a.netty.request.NettyRequestSender - Using open Channel [id: 0x153530a4, L:/127.0.0.1:54764 - R:localhost/127.0.0.1:55895] for POST '/session/d572619d7c942477e95ed830285685da/element'
09:08:04.690 [AsyncHttpClient-1-14] DEBUG o.a.netty.handler.HttpHandler - 

Request DefaultHttpRequest(decodeResult: success, version: HTTP/1.1)
POST /session/d572619d7c942477e95ed830285685da/element HTTP/1.1
User-Agent: selenium/4.1.2 (java windows)
Content-Length: 132
Content-Type: application/json; charset=utf-8
host: localhost:55895
accept: */*

Response DefaultHttpResponse(decodeResult: success, version: HTTP/1.1)
HTTP/1.1 200 OK
Content-Type: application/json; charset=utf-8
cache-control: no-cache
content-length: 88

09:08:04.690 [AsyncHttpClient-1-14] DEBUG o.a.netty.channel.ChannelManager - Adding key: http://localhost:55895 for channel [id: 0x153530a4, L:/127.0.0.1:54764 - R:localhost/127.0.0.1:55895]
09:08:04.691 [Forwarding sendKeysToElement on session d572619d7c942477e95ed830285685da to remote] DEBUG o.a.netty.request.NettyRequestSender - Using pooled Channel '[id: 0x153530a4, L:/127.0.0.1:54764 - R:localhost/127.0.0.1:55895]' for 'POST' to 'http://localhost:55895/session/d572619d7c942477e95ed830285685da/element/8f6a9b4f-88e4-4877-be1c-95e917fba0d1/value'
09:08:04.691 [Forwarding sendKeysToElement on session d572619d7c942477e95ed830285685da to remote] DEBUG o.a.netty.request.NettyRequestSender - Using open Channel [id: 0x153530a4, L:/127.0.0.1:54764 - R:localhost/127.0.0.1:55895] for POST '/session/d572619d7c942477e95ed830285685da/element/8f6a9b4f-88e4-4877-be1c-95e917fba0d1/value'
09:08:04.732 [AsyncHttpClient-1-14] DEBUG o.a.netty.handler.HttpHandler - 

Request DefaultHttpRequest(decodeResult: success, version: HTTP/1.1)
POST /session/d572619d7c942477e95ed830285685da/element/8f6a9b4f-88e4-4877-be1c-95e917fba0d1/value HTTP/1.1
User-Agent: selenium/4.1.2 (java windows)
Content-Length: 161
Content-Type: application/json; charset=utf-8
host: localhost:55895
accept: */*

Response DefaultHttpResponse(decodeResult: success, version: HTTP/1.1)
HTTP/1.1 200 OK
Content-Type: application/json; charset=utf-8
cache-control: no-cache
content-length: 14

09:08:04.733 [AsyncHttpClient-1-14] DEBUG o.a.netty.channel.ChannelManager - Adding key: http://localhost:55895 for channel [id: 0x153530a4, L:/127.0.0.1:54764 - R:localhost/127.0.0.1:55895]
09:08:04.734 [Forwarding findElement on session d572619d7c942477e95ed830285685da to remote] DEBUG o.a.netty.request.NettyRequestSender - Using pooled Channel '[id: 0x153530a4, L:/127.0.0.1:54764 - R:localhost/127.0.0.1:55895]' for 'POST' to 'http://localhost:55895/session/d572619d7c942477e95ed830285685da/element'
09:08:04.734 [Forwarding findElement on session d572619d7c942477e95ed830285685da to remote] DEBUG o.a.netty.request.NettyRequestSender - Using open Channel [id: 0x153530a4, L:/127.0.0.1:54764 - R:localhost/127.0.0.1:55895] for POST '/session/d572619d7c942477e95ed830285685da/element'
09:08:04.742 [AsyncHttpClient-1-14] DEBUG o.a.netty.handler.HttpHandler - 

Request DefaultHttpRequest(decodeResult: success, version: HTTP/1.1)
POST /session/d572619d7c942477e95ed830285685da/element HTTP/1.1
User-Agent: selenium/4.1.2 (java windows)
Content-Length: 125
Content-Type: application/json; charset=utf-8
host: localhost:55895
accept: */*

Response DefaultHttpResponse(decodeResult: success, version: HTTP/1.1)
HTTP/1.1 200 OK
Content-Type: application/json; charset=utf-8
cache-control: no-cache
content-length: 88

09:08:04.742 [AsyncHttpClient-1-14] DEBUG o.a.netty.channel.ChannelManager - Adding key: http://localhost:55895 for channel [id: 0x153530a4, L:/127.0.0.1:54764 - R:localhost/127.0.0.1:55895]
09:08:04.743 [Forwarding clickElement on session d572619d7c942477e95ed830285685da to remote] DEBUG o.a.netty.request.NettyRequestSender - Using pooled Channel '[id: 0x153530a4, L:/127.0.0.1:54764 - R:localhost/127.0.0.1:55895]' for 'POST' to 'http://localhost:55895/session/d572619d7c942477e95ed830285685da/element/3b399fcf-d8bb-47f3-ba04-325e7f287eb4/click'
09:08:04.743 [Forwarding clickElement on session d572619d7c942477e95ed830285685da to remote] DEBUG o.a.netty.request.NettyRequestSender - Using open Channel [id: 0x153530a4, L:/127.0.0.1:54764 - R:localhost/127.0.0.1:55895] for POST '/session/d572619d7c942477e95ed830285685da/element/3b399fcf-d8bb-47f3-ba04-325e7f287eb4/click'
09:08:04.945 [AsyncHttpClient-1-1] DEBUG o.a.netty.channel.DefaultChannelPool - Entry count for : http://localhost:54765 : 1
09:08:06.037 [AsyncHttpClient-1-1] DEBUG o.a.netty.channel.DefaultChannelPool - Entry count for : http://localhost:54765 : 1
09:08:06.885 [AsyncHttpClient-1-14] DEBUG o.a.netty.handler.HttpHandler - 

Request DefaultHttpRequest(decodeResult: success, version: HTTP/1.1)
POST /session/d572619d7c942477e95ed830285685da/element/3b399fcf-d8bb-47f3-ba04-325e7f287eb4/click HTTP/1.1
User-Agent: selenium/4.1.2 (java windows)
Content-Length: 50
Content-Type: application/json; charset=utf-8
host: localhost:55895
accept: */*

Response DefaultHttpResponse(decodeResult: success, version: HTTP/1.1)
HTTP/1.1 200 OK
Content-Type: application/json; charset=utf-8
cache-control: no-cache
content-length: 14

09:08:06.885 [AsyncHttpClient-1-14] DEBUG o.a.netty.channel.ChannelManager - Adding key: http://localhost:55895 for channel [id: 0x153530a4, L:/127.0.0.1:54764 - R:localhost/127.0.0.1:55895]
  &amp#27;[32mWhen &amp#27;[0m&amp#27;[32muser login using valid credentials&amp#27;[0m                                                              &amp#27;[90m# stepdefinitions.LoginPageSteps.user_login_using_valid_credentials(io.cucumber.datatable.DataTable)&amp#27;[0m
    | username      | password | titlePage       |
    | author@vrbank | pega123! | Pega Dev Studio |
09:08:06.893 [Forwarding getTitle on session d572619d7c942477e95ed830285685da to remote] DEBUG o.a.netty.request.NettyRequestSender - Using pooled Channel '[id: 0x153530a4, L:/127.0.0.1:54764 - R:localhost/127.0.0.1:55895]' for 'GET' to 'http://localhost:55895/session/d572619d7c942477e95ed830285685da/title'
09:08:06.893 [Forwarding getTitle on session d572619d7c942477e95ed830285685da to remote] DEBUG o.a.netty.request.NettyRequestSender - Using open Channel [id: 0x153530a4, L:/127.0.0.1:54764 - R:localhost/127.0.0.1:55895] for GET '/session/d572619d7c942477e95ed830285685da/title'
09:08:06.961 [AsyncHttpClient-1-14] DEBUG o.a.netty.handler.HttpHandler - 

Request DefaultFullHttpRequest(decodeResult: success, version: HTTP/1.1, content: EmptyByteBufBE)
GET /session/d572619d7c942477e95ed830285685da/title HTTP/1.1
User-Agent: selenium/4.1.2 (java windows)
Cache-Control: no-cache
Content-Type: application/json; charset=utf-8
host: localhost:55895
accept: */*

Response DefaultHttpResponse(decodeResult: success, version: HTTP/1.1)
HTTP/1.1 200 OK
Content-Type: application/json; charset=utf-8
cache-control: no-cache
content-length: 27

09:08:06.961 [AsyncHttpClient-1-14] DEBUG o.a.netty.channel.ChannelManager - Adding key: http://localhost:55895 for channel [id: 0x153530a4, L:/127.0.0.1:54764 - R:localhost/127.0.0.1:55895]
09:08:06.962 [Forwarding getTitle on session d572619d7c942477e95ed830285685da to remote] DEBUG o.a.netty.request.NettyRequestSender - Using pooled Channel '[id: 0x153530a4, L:/127.0.0.1:54764 - R:localhost/127.0.0.1:55895]' for 'GET' to 'http://localhost:55895/session/d572619d7c942477e95ed830285685da/title'
09:08:06.963 [Forwarding getTitle on session d572619d7c942477e95ed830285685da to remote] DEBUG o.a.netty.request.NettyRequestSender - Using open Channel [id: 0x153530a4, L:/127.0.0.1:54764 - R:localhost/127.0.0.1:55895] for GET '/session/d572619d7c942477e95ed830285685da/title'
09:08:06.966 [AsyncHttpClient-1-14] DEBUG o.a.netty.handler.HttpHandler - 

Request DefaultFullHttpRequest(decodeResult: success, version: HTTP/1.1, content: EmptyByteBufBE)
GET /session/d572619d7c942477e95ed830285685da/title HTTP/1.1
User-Agent: selenium/4.1.2 (java windows)
Cache-Control: no-cache
Content-Type: application/json; charset=utf-8
host: localhost:55895
accept: */*

Response DefaultHttpResponse(decodeResult: success, version: HTTP/1.1)
HTTP/1.1 200 OK
Content-Type: application/json; charset=utf-8
cache-control: no-cache
content-length: 27

09:08:06.966 [AsyncHttpClient-1-14] DEBUG o.a.netty.channel.ChannelManager - Adding key: http://localhost:55895 for channel [id: 0x153530a4, L:/127.0.0.1:54764 - R:localhost/127.0.0.1:55895]
09:08:07.135 [AsyncHttpClient-1-1] DEBUG o.a.netty.channel.DefaultChannelPool - Entry count for : http://localhost:55895 : 1
09:08:07.135 [AsyncHttpClient-1-1] DEBUG o.a.netty.channel.DefaultChannelPool - Entry count for : http://localhost:54765 : 1
09:08:08.240 [AsyncHttpClient-1-1] DEBUG o.a.netty.channel.DefaultChannelPool - Entry count for : http://localhost:55895 : 1
09:08:08.240 [AsyncHttpClient-1-1] DEBUG o.a.netty.channel.DefaultChannelPool - Entry count for : http://localhost:54765 : 1
09:08:09.337 [AsyncHttpClient-1-1] DEBUG o.a.netty.channel.DefaultChannelPool - Entry count for : http://localhost:55895 : 1
09:08:09.337 [AsyncHttpClient-1-1] DEBUG o.a.netty.channel.DefaultChannelPool - Entry count for : http://localhost:54765 : 1
09:08:10.444 [AsyncHttpClient-1-1] DEBUG o.a.netty.channel.DefaultChannelPool - Entry count for : http://localhost:55895 : 1
09:08:10.444 [AsyncHttpClient-1-1] DEBUG o.a.netty.channel.DefaultChannelPool - Entry count for : http://localhost:54765 : 1
09:08:11.546 [AsyncHttpClient-1-1] DEBUG o.a.netty.channel.DefaultChannelPool - Entry count for : http://localhost:55895 : 1
09:08:11.546 [AsyncHttpClient-1-1] DEBUG o.a.netty.channel.DefaultChannelPool - Entry count for : http://localhost:54765 : 1
  &amp#27;[32mThen &amp#27;[0m&amp#27;[32muser should proceed to Dashboard Page&amp#27;[0m                                                           &amp#27;[90m# stepdefinitions.LoginPageSteps.user_should_proceed_to_dashboard_page()&amp#27;[0m
09:08:11.986 [AsyncHttpClient-1-16] DEBUG o.a.netty.handler.WebSocketHandler - Channel Closed: [id: 0x5d9c8be3, L:/127.0.0.1:54772 ! R:localhost/127.0.0.1:54765] with attribute NettyResponseFuture{currentRetry=5,
	isDone=1,
	isCancelled=0,
	asyncHandler=org.asynchttpclient.ws.WebSocketUpgradeHandler@52be68f5,
	nettyRequest=org.asynchttpclient.netty.request.NettyRequest@17bcfcc6,
	future=java.util.concurrent.CompletableFuture@7f8e9f9f[Completed normally],
	uri=ws://localhost:54765/devtools/browser/039e20b0-5f61-42e0-bdb2-1387977c2d37,
	keepAlive=true,
	redirectCount=0,
	timeoutsHolder=null,
	inAuth=0,
	touch=1648602465274}
09:08:11.986 [AsyncHttpClient-1-16] DEBUG o.a.netty.channel.ChannelManager - Closing Channel [id: 0x5d9c8be3, L:/127.0.0.1:54772 ! R:localhost/127.0.0.1:54765] 
09:08:11.986 [Driver Command Executor] DEBUG o.a.netty.request.NettyRequestSender - Using pooled Channel '[id: 0x153530a4, L:/127.0.0.1:54764 - R:localhost/127.0.0.1:55895]' for 'DELETE' to 'http://localhost:55895/session/d572619d7c942477e95ed830285685da'
09:08:11.987 [Driver Command Executor] DEBUG o.a.netty.request.NettyRequestSender - Using open Channel [id: 0x153530a4, L:/127.0.0.1:54764 - R:localhost/127.0.0.1:55895] for DELETE '/session/d572619d7c942477e95ed830285685da'
09:08:12.013 [AsyncHttpClient-1-15] DEBUG o.a.netty.handler.HttpHandler - Unexpected I/O exception on channel [id: 0x3ed0e47c, L:/127.0.0.1:54771 - R:localhost/127.0.0.1:54765]
java.net.SocketException: Connection reset
	at java.base/sun.nio.ch.SocketChannelImpl.throwConnectionReset(SocketChannelImpl.java:367) ~[na:na]
	at java.base/sun.nio.ch.SocketChannelImpl.read(SocketChannelImpl.java:398) ~[na:na]
	at io.netty.buffer.PooledByteBuf.setBytes(PooledByteBuf.java:253) ~[netty-buffer-4.1.70.Final.jar:4.1.70.Final]
	at io.netty.buffer.AbstractByteBuf.writeBytes(AbstractByteBuf.java:1132) ~[netty-buffer-4.1.70.Final.jar:4.1.70.Final]
	at io.netty.channel.socket.nio.NioSocketChannel.doReadBytes(NioSocketChannel.java:350) ~[netty-transport-4.1.70.Final.jar:4.1.70.Final]
	at io.netty.channel.nio.AbstractNioByteChannel$NioByteUnsafe.read(AbstractNioByteChannel.java:151) ~[netty-transport-4.1.70.Final.jar:4.1.70.Final]
	at io.netty.channel.nio.NioEventLoop.processSelectedKey(NioEventLoop.java:719) ~[netty-transport-4.1.70.Final.jar:4.1.70.Final]
	at io.netty.channel.nio.NioEventLoop.processSelectedKeysOptimized(NioEventLoop.java:655) ~[netty-transport-4.1.70.Final.jar:4.1.70.Final]
	at io.netty.channel.nio.NioEventLoop.processSelectedKeys(NioEventLoop.java:581) ~[netty-transport-4.1.70.Final.jar:4.1.70.Final]
	at io.netty.channel.nio.NioEventLoop.run(NioEventLoop.java:493) ~[netty-transport-4.1.70.Final.jar:4.1.70.Final]
	at io.netty.util.concurrent.SingleThreadEventExecutor$4.run(SingleThreadEventExecutor.java:986) ~[netty-common-4.1.70.Final.jar:4.1.70.Final]
	at io.netty.util.internal.ThreadExecutorMap$2.run(ThreadExecutorMap.java:74) ~[netty-common-4.1.70.Final.jar:4.1.70.Final]
	at io.netty.util.concurrent.FastThreadLocalRunnable.run(FastThreadLocalRunnable.java:30) ~[netty-common-4.1.70.Final.jar:4.1.70.Final]
	at java.base/java.lang.Thread.run(Thread.java:832) ~[na:na]
09:08:12.013 [AsyncHttpClient-1-15] DEBUG o.a.netty.channel.ChannelManager - Closing Channel [id: 0x3ed0e47c, L:/127.0.0.1:54771 - R:localhost/127.0.0.1:54765] 
09:08:12.014 [AsyncHttpClient-1-15] DEBUG o.a.netty.handler.HttpHandler - Channel Closed: [id: 0x3ed0e47c, L:/127.0.0.1:54771 ! R:localhost/127.0.0.1:54765] with attribute DISCARD
09:08:12.031 [AsyncHttpClient-1-14] DEBUG o.a.netty.handler.HttpHandler - 

Request DefaultFullHttpRequest(decodeResult: success, version: HTTP/1.1, content: EmptyByteBufBE)
DELETE /session/d572619d7c942477e95ed830285685da HTTP/1.1
User-Agent: selenium/4.1.2 (java windows)
Content-Type: application/json; charset=utf-8
host: localhost:55895
accept: */*

Response DefaultHttpResponse(decodeResult: success, version: HTTP/1.1)
HTTP/1.1 200 OK
Content-Type: application/json; charset=utf-8
cache-control: no-cache
content-length: 14

09:08:12.031 [AsyncHttpClient-1-14] DEBUG o.a.netty.channel.ChannelManager - Adding key: http://localhost:55895 for channel [id: 0x153530a4, L:/127.0.0.1:54764 - R:localhost/127.0.0.1:55895]
09:08:12.087 [AsyncHttpClient-1-14] DEBUG o.a.netty.handler.HttpHandler - Channel Closed: [id: 0x153530a4, L:/127.0.0.1:54764 ! R:localhost/127.0.0.1:55895] with attribute DISCARD
09:08:12.612 [main] INFO   - 
  _____   ___   ___   _____     ___     _     ___   ___   ___   ___  
 |_   _| | __| / __| |_   _|   | _ \   /_\   / __| / __| | __| |   \ 
   | |   | _|  \__ \   | |     |  _/  / _ \  \__ \ \__ \ | _|  | |) |
   |_|   |___| |___/   |_|     |_|   /_/ \_\ |___/ |___/ |___| |___/ 

Login to PEGA Site using Author, Manager and User
----------------------------------------------------------------------
]]></system-out>
    <system-err><![CDATA[Starting ChromeDriver 99.0.4844.51 (d537ec02474b5afe23684e7963d538896c63ac77-refs/branch-heads/4844@{#875}) on port 55895
Only local connections are allowed.
Please see https://chromedriver.chromium.org/security-considerations for suggestions on keeping ChromeDriver safe.
ChromeDriver was started successfully.
Cleaning up unclosed ZipFile for archive Z:\Automation\JavaCucumber\BDD_HCL\CucumberHCL\.\src\main\resources\TestData\InvalidUserCredentials.xlsx
Mar 30, 2022 9:07:45 AM org.openqa.selenium.remote.ProtocolHandshake createSession
INFO: Detected dialect: W3C
Mar 30, 2022 9:07:45 AM org.openqa.selenium.devtools.CdpVersionFinder findNearestMatch
WARNING: Unable to find an exact match for CDP version 99, so returning the closest version found: 96
Mar 30, 2022 9:07:45 AM org.openqa.selenium.devtools.CdpVersionFinder findNearestMatch
INFO: Found CDP implementation for version 99 of 96
]]></system-err>
  </testcase>
  <testcase name="Login to PEGA Site using User" classname="Validate And Verify Login Page to PEGA Site" time="30.116">
    <system-out><![CDATA[
@All @Regression
Scenario: Login to PEGA Site using User                                                                &amp#27;[90m# src/main/resources/AppFeatures/ValidateAndVerifyLoginPage.feature:30&amp#27;[0m
09:08:12.619 [main] INFO  i.c.core.plugin.SerenityReporter - Running feature from file:///Z:/Automation/JavaCucumber/BDD_HCL/CucumberHCL/src/main/resources/AppFeatures/ValidateAndVerifyLoginPage.feature
09:08:12.619 [main] WARN  i.c.core.plugin.SerenityReporter - Feature from file:///Z:/Automation/JavaCucumber/BDD_HCL/CucumberHCL/src/main/resources/AppFeatures/ValidateAndVerifyLoginPage.feature is not under the 'features' directory. Requirements report will not be correctly generated!
09:08:12.620 [main] INFO   - 
  _____   ___   ___   _____     ___   _____     _     ___   _____   ___   ___  
 |_   _| | __| / __| |_   _|   / __| |_   _|   /_\   | _ \ |_   _| | __| |   \ 
   | |   | _|  \__ \   | |     \__ \   | |    / _ \  |   /   | |   | _|  | |) |
   |_|   |___| |___/   |_|     |___/   |_|   /_/ \_\ |_|_\   |_|   |___| |___/ 

Login to PEGA Site using User(validate-and-verify-login-page-to-pega-site;login-to-pega-site-using-user)
--------------------------------------------------------------------------------
09:08:12.634 [main] DEBUG i.g.bonigarcia.wdm.WebDriverManager - Driver chromedriver 99.0.4844.51 found in cache
09:08:12.635 [main] INFO  i.g.bonigarcia.wdm.WebDriverManager - Exporting webdriver.chrome.driver as C:\Users\DheyClaveria\.cache\selenium\chromedriver\win32\99.0.4844.51\chromedriver.exe
09:08:12.643 [AsyncHttpClient-1-1] DEBUG o.a.netty.channel.DefaultChannelPool - Entry count for : http://localhost:55895 : 1
09:08:12.643 [AsyncHttpClient-1-1] DEBUG o.a.netty.channel.DefaultChannelPool - Entry count for : http://localhost:54765 : 1
09:08:12.643 [AsyncHttpClient-1-1] DEBUG o.a.netty.channel.DefaultChannelPool - Adding Candidate expired Channel [id: 0x153530a4, L:/127.0.0.1:54764 ! R:localhost/127.0.0.1:55895] isIdleTimeoutExpired=false isRemotelyClosed=true isTtlExpired=false
09:08:12.643 [AsyncHttpClient-1-1] DEBUG o.a.netty.channel.DefaultChannelPool - Closing Idle Channel [id: 0x153530a4, L:/127.0.0.1:54764 ! R:localhost/127.0.0.1:55895]
09:08:12.643 [AsyncHttpClient-1-1] DEBUG o.a.netty.channel.DefaultChannelPool - Adding Candidate expired Channel [id: 0x3ed0e47c, L:/127.0.0.1:54771 ! R:localhost/127.0.0.1:54765] isIdleTimeoutExpired=false isRemotelyClosed=true isTtlExpired=false
09:08:12.643 [AsyncHttpClient-1-1] DEBUG o.a.netty.channel.DefaultChannelPool - Closing Idle Channel [id: 0x3ed0e47c, L:/127.0.0.1:54771 ! R:localhost/127.0.0.1:54765]
09:08:12.643 [AsyncHttpClient-1-1] DEBUG o.a.netty.channel.DefaultChannelPool - Closed 2 connections out of 2 in 0 ms
09:08:13.176 [AsyncHttpClient-1-17] DEBUG o.a.n.channel.NettyConnectListener - Using new Channel '[id: 0xb1964884, L:/127.0.0.1:54791 - R:localhost/127.0.0.1:57042]' for 'POST' to '/session'
09:08:13.862 [AsyncHttpClient-1-17] DEBUG o.a.netty.handler.HttpHandler - 

Request DefaultHttpRequest(decodeResult: success, version: HTTP/1.1)
POST /session HTTP/1.1
User-Agent: selenium/4.1.2 (java windows)
Content-Length: 365
Content-Type: application/json; charset=utf-8
host: localhost:57042
accept: */*

Response DefaultHttpResponse(decodeResult: success, version: HTTP/1.1)
HTTP/1.1 200 OK
Content-Type: application/json; charset=utf-8
cache-control: no-cache
content-length: 794

09:08:13.862 [AsyncHttpClient-1-17] DEBUG o.a.netty.channel.ChannelManager - Adding key: http://localhost:57042 for channel [id: 0xb1964884, L:/127.0.0.1:54791 - R:localhost/127.0.0.1:57042]
09:08:13.868 [AsyncHttpClient-1-18] DEBUG o.a.n.channel.NettyConnectListener - Using new Channel '[id: 0xd6738003, L:/127.0.0.1:54798 - R:localhost/127.0.0.1:54792]' for 'GET' to '/json/version'
09:08:13.871 [AsyncHttpClient-1-18] DEBUG o.a.netty.handler.HttpHandler - 

Request DefaultFullHttpRequest(decodeResult: success, version: HTTP/1.1, content: EmptyByteBufBE)
GET /json/version HTTP/1.1
User-Agent: selenium/4.1.2 (java windows)
host: localhost:54792
accept: */*

Response DefaultHttpResponse(decodeResult: success, version: HTTP/1.1)
HTTP/1.1 200 OK
Content-Type: application/json; charset=UTF-8
content-length: 424

09:08:13.871 [AsyncHttpClient-1-18] DEBUG o.a.netty.channel.ChannelManager - Adding key: http://localhost:54792 for channel [id: 0xd6738003, L:/127.0.0.1:54798 - R:localhost/127.0.0.1:54792]
09:08:13.873 [AsyncHttpClient-1-19] DEBUG o.a.n.channel.NettyConnectListener - Using new Channel '[id: 0x51f3d723, L:/127.0.0.1:54799 - R:localhost/127.0.0.1:54792]' for 'GET' to '/devtools/browser/f99641ee-b0f1-4b8d-a39c-285812c4b20b'
09:08:13.877 [AsyncHttpClient-1-19] DEBUG o.a.netty.handler.WebSocketHandler - 

Request DefaultFullHttpRequest(decodeResult: success, version: HTTP/1.1, content: EmptyByteBufBE)
GET /devtools/browser/f99641ee-b0f1-4b8d-a39c-285812c4b20b HTTP/1.1
upgrade: websocket
connection: upgrade
sec-websocket-key: GxoDIXOlBGPDLkd7cCRcBA==
sec-websocket-version: 13
origin: http://localhost:54792
host: localhost:54792
accept: */*
user-agent: AHC/2.1

Response DefaultHttpResponse(decodeResult: success, version: HTTP/1.1)
HTTP/1.1 101 WebSocket Protocol Handshake
Upgrade: WebSocket
Connection: Upgrade
Sec-WebSocket-Accept: 3r71q3PjLnzaME5FI6W8VezjbQ0=

09:08:13.880 [Forwarding deleteAllCookies on session ee020e691623b92a8a34296ca2f93cea to remote] DEBUG o.a.netty.request.NettyRequestSender - Using pooled Channel '[id: 0xb1964884, L:/127.0.0.1:54791 - R:localhost/127.0.0.1:57042]' for 'DELETE' to 'http://localhost:57042/session/ee020e691623b92a8a34296ca2f93cea/cookie'
09:08:13.880 [Forwarding deleteAllCookies on session ee020e691623b92a8a34296ca2f93cea to remote] DEBUG o.a.netty.request.NettyRequestSender - Using open Channel [id: 0xb1964884, L:/127.0.0.1:54791 - R:localhost/127.0.0.1:57042] for DELETE '/session/ee020e691623b92a8a34296ca2f93cea/cookie'
09:08:13.884 [AsyncHttpClient-1-17] DEBUG o.a.netty.handler.HttpHandler - 

Request DefaultFullHttpRequest(decodeResult: success, version: HTTP/1.1, content: EmptyByteBufBE)
DELETE /session/ee020e691623b92a8a34296ca2f93cea/cookie HTTP/1.1
User-Agent: selenium/4.1.2 (java windows)
Content-Type: application/json; charset=utf-8
host: localhost:57042
accept: */*

Response DefaultHttpResponse(decodeResult: success, version: HTTP/1.1)
HTTP/1.1 200 OK
Content-Type: application/json; charset=utf-8
cache-control: no-cache
content-length: 14

09:08:13.885 [AsyncHttpClient-1-17] DEBUG o.a.netty.channel.ChannelManager - Adding key: http://localhost:57042 for channel [id: 0xb1964884, L:/127.0.0.1:54791 - R:localhost/127.0.0.1:57042]
09:08:13.886 [Forwarding maximizeCurrentWindow on session ee020e691623b92a8a34296ca2f93cea to remote] DEBUG o.a.netty.request.NettyRequestSender - Using pooled Channel '[id: 0xb1964884, L:/127.0.0.1:54791 - R:localhost/127.0.0.1:57042]' for 'POST' to 'http://localhost:57042/session/ee020e691623b92a8a34296ca2f93cea/window/maximize'
09:08:13.886 [Forwarding maximizeCurrentWindow on session ee020e691623b92a8a34296ca2f93cea to remote] DEBUG o.a.netty.request.NettyRequestSender - Using open Channel [id: 0xb1964884, L:/127.0.0.1:54791 - R:localhost/127.0.0.1:57042] for POST '/session/ee020e691623b92a8a34296ca2f93cea/window/maximize'
09:08:14.008 [AsyncHttpClient-1-17] DEBUG o.a.netty.handler.HttpHandler - 

Request DefaultHttpRequest(decodeResult: success, version: HTTP/1.1)
POST /session/ee020e691623b92a8a34296ca2f93cea/window/maximize HTTP/1.1
User-Agent: selenium/4.1.2 (java windows)
Content-Length: 3
Content-Type: application/json; charset=utf-8
host: localhost:57042
accept: */*

Response DefaultHttpResponse(decodeResult: success, version: HTTP/1.1)
HTTP/1.1 200 OK
Content-Type: application/json; charset=utf-8
cache-control: no-cache
content-length: 52

09:08:14.008 [AsyncHttpClient-1-17] DEBUG o.a.netty.channel.ChannelManager - Adding key: http://localhost:57042 for channel [id: 0xb1964884, L:/127.0.0.1:54791 - R:localhost/127.0.0.1:57042]
09:08:14.013 [Forwarding get on session ee020e691623b92a8a34296ca2f93cea to remote] DEBUG o.a.netty.request.NettyRequestSender - Using pooled Channel '[id: 0xb1964884, L:/127.0.0.1:54791 - R:localhost/127.0.0.1:57042]' for 'POST' to 'http://localhost:57042/session/ee020e691623b92a8a34296ca2f93cea/url'
09:08:14.013 [Forwarding get on session ee020e691623b92a8a34296ca2f93cea to remote] DEBUG o.a.netty.request.NettyRequestSender - Using open Channel [id: 0xb1964884, L:/127.0.0.1:54791 - R:localhost/127.0.0.1:57042] for POST '/session/ee020e691623b92a8a34296ca2f93cea/url'
09:08:14.145 [AsyncHttpClient-1-17] DEBUG o.a.netty.handler.HttpHandler - 

Request DefaultHttpRequest(decodeResult: success, version: HTTP/1.1)
POST /session/ee020e691623b92a8a34296ca2f93cea/url HTTP/1.1
User-Agent: selenium/4.1.2 (java windows)
Content-Length: 148
Content-Type: application/json; charset=utf-8
host: localhost:57042
accept: */*

Response DefaultHttpResponse(decodeResult: success, version: HTTP/1.1)
HTTP/1.1 200 OK
Content-Type: application/json; charset=utf-8
cache-control: no-cache
content-length: 14

09:08:14.145 [AsyncHttpClient-1-17] DEBUG o.a.netty.channel.ChannelManager - Adding key: http://localhost:57042 for channel [id: 0xb1964884, L:/127.0.0.1:54791 - R:localhost/127.0.0.1:57042]
09:08:14.146 [Forwarding getTitle on session ee020e691623b92a8a34296ca2f93cea to remote] DEBUG o.a.netty.request.NettyRequestSender - Using pooled Channel '[id: 0xb1964884, L:/127.0.0.1:54791 - R:localhost/127.0.0.1:57042]' for 'GET' to 'http://localhost:57042/session/ee020e691623b92a8a34296ca2f93cea/title'
09:08:14.146 [Forwarding getTitle on session ee020e691623b92a8a34296ca2f93cea to remote] DEBUG o.a.netty.request.NettyRequestSender - Using open Channel [id: 0xb1964884, L:/127.0.0.1:54791 - R:localhost/127.0.0.1:57042] for GET '/session/ee020e691623b92a8a34296ca2f93cea/title'
09:08:14.151 [AsyncHttpClient-1-17] DEBUG o.a.netty.handler.HttpHandler - 

Request DefaultFullHttpRequest(decodeResult: success, version: HTTP/1.1, content: EmptyByteBufBE)
GET /session/ee020e691623b92a8a34296ca2f93cea/title HTTP/1.1
User-Agent: selenium/4.1.2 (java windows)
Cache-Control: no-cache
Content-Type: application/json; charset=utf-8
host: localhost:57042
accept: */*

Response DefaultHttpResponse(decodeResult: success, version: HTTP/1.1)
HTTP/1.1 200 OK
Content-Type: application/json; charset=utf-8
cache-control: no-cache
content-length: 22

09:08:14.152 [AsyncHttpClient-1-17] DEBUG o.a.netty.channel.ChannelManager - Adding key: http://localhost:57042 for channel [id: 0xb1964884, L:/127.0.0.1:54791 - R:localhost/127.0.0.1:57042]
09:08:14.153 [Forwarding getTitle on session ee020e691623b92a8a34296ca2f93cea to remote] DEBUG o.a.netty.request.NettyRequestSender - Using pooled Channel '[id: 0xb1964884, L:/127.0.0.1:54791 - R:localhost/127.0.0.1:57042]' for 'GET' to 'http://localhost:57042/session/ee020e691623b92a8a34296ca2f93cea/title'
09:08:14.153 [Forwarding getTitle on session ee020e691623b92a8a34296ca2f93cea to remote] DEBUG o.a.netty.request.NettyRequestSender - Using open Channel [id: 0xb1964884, L:/127.0.0.1:54791 - R:localhost/127.0.0.1:57042] for GET '/session/ee020e691623b92a8a34296ca2f93cea/title'
09:08:14.157 [AsyncHttpClient-1-17] DEBUG o.a.netty.handler.HttpHandler - 

Request DefaultFullHttpRequest(decodeResult: success, version: HTTP/1.1, content: EmptyByteBufBE)
GET /session/ee020e691623b92a8a34296ca2f93cea/title HTTP/1.1
User-Agent: selenium/4.1.2 (java windows)
Cache-Control: no-cache
Content-Type: application/json; charset=utf-8
host: localhost:57042
accept: */*

Response DefaultHttpResponse(decodeResult: success, version: HTTP/1.1)
HTTP/1.1 200 OK
Content-Type: application/json; charset=utf-8
cache-control: no-cache
content-length: 22

09:08:14.157 [AsyncHttpClient-1-17] DEBUG o.a.netty.channel.ChannelManager - Adding key: http://localhost:57042 for channel [id: 0xb1964884, L:/127.0.0.1:54791 - R:localhost/127.0.0.1:57042]
09:08:14.839 [AsyncHttpClient-1-1] DEBUG o.a.netty.channel.DefaultChannelPool - Entry count for : http://localhost:57042 : 1
09:08:14.839 [AsyncHttpClient-1-1] DEBUG o.a.netty.channel.DefaultChannelPool - Entry count for : http://localhost:54792 : 1
09:08:15.937 [AsyncHttpClient-1-1] DEBUG o.a.netty.channel.DefaultChannelPool - Entry count for : http://localhost:57042 : 1
09:08:15.937 [AsyncHttpClient-1-1] DEBUG o.a.netty.channel.DefaultChannelPool - Entry count for : http://localhost:54792 : 1
09:08:17.038 [AsyncHttpClient-1-1] DEBUG o.a.netty.channel.DefaultChannelPool - Entry count for : http://localhost:57042 : 1
09:08:17.038 [AsyncHttpClient-1-1] DEBUG o.a.netty.channel.DefaultChannelPool - Entry count for : http://localhost:54792 : 1
09:08:18.140 [AsyncHttpClient-1-1] DEBUG o.a.netty.channel.DefaultChannelPool - Entry count for : http://localhost:57042 : 1
09:08:18.140 [AsyncHttpClient-1-1] DEBUG o.a.netty.channel.DefaultChannelPool - Entry count for : http://localhost:54792 : 1
  &amp#27;[32mGiven &amp#27;[0m&amp#27;[32mthat the user should navigate in PEGA Login Page&amp#27;[0m                                               &amp#27;[90m# stepdefinitions.LoginPageSteps.that_the_user_should_navigate_in_pega_login_page()&amp#27;[0m
09:08:19.161 [Forwarding findElement on session ee020e691623b92a8a34296ca2f93cea to remote] DEBUG o.a.netty.request.NettyRequestSender - Using pooled Channel '[id: 0xb1964884, L:/127.0.0.1:54791 - R:localhost/127.0.0.1:57042]' for 'POST' to 'http://localhost:57042/session/ee020e691623b92a8a34296ca2f93cea/element'
09:08:19.161 [Forwarding findElement on session ee020e691623b92a8a34296ca2f93cea to remote] DEBUG o.a.netty.request.NettyRequestSender - Using open Channel [id: 0xb1964884, L:/127.0.0.1:54791 - R:localhost/127.0.0.1:57042] for POST '/session/ee020e691623b92a8a34296ca2f93cea/element'
09:08:19.174 [AsyncHttpClient-1-17] DEBUG o.a.netty.handler.HttpHandler - 

Request DefaultHttpRequest(decodeResult: success, version: HTTP/1.1)
POST /session/ee020e691623b92a8a34296ca2f93cea/element HTTP/1.1
User-Agent: selenium/4.1.2 (java windows)
Content-Length: 128
Content-Type: application/json; charset=utf-8
host: localhost:57042
accept: */*

Response DefaultHttpResponse(decodeResult: success, version: HTTP/1.1)
HTTP/1.1 200 OK
Content-Type: application/json; charset=utf-8
cache-control: no-cache
content-length: 88

09:08:19.174 [AsyncHttpClient-1-17] DEBUG o.a.netty.channel.ChannelManager - Adding key: http://localhost:57042 for channel [id: 0xb1964884, L:/127.0.0.1:54791 - R:localhost/127.0.0.1:57042]
09:08:19.178 [Forwarding isElementDisplayed on session ee020e691623b92a8a34296ca2f93cea to remote] DEBUG o.a.netty.request.NettyRequestSender - Using pooled Channel '[id: 0xb1964884, L:/127.0.0.1:54791 - R:localhost/127.0.0.1:57042]' for 'POST' to 'http://localhost:57042/session/ee020e691623b92a8a34296ca2f93cea/execute/sync'
09:08:19.178 [Forwarding isElementDisplayed on session ee020e691623b92a8a34296ca2f93cea to remote] DEBUG o.a.netty.request.NettyRequestSender - Using open Channel [id: 0xb1964884, L:/127.0.0.1:54791 - R:localhost/127.0.0.1:57042] for POST '/session/ee020e691623b92a8a34296ca2f93cea/execute/sync'
09:08:19.204 [AsyncHttpClient-1-17] DEBUG o.a.netty.handler.HttpHandler - 

Request DefaultHttpRequest(decodeResult: success, version: HTTP/1.1)
POST /session/ee020e691623b92a8a34296ca2f93cea/execute/sync HTTP/1.1
User-Agent: selenium/4.1.2 (java windows)
Content-Length: 48780
Content-Type: application/json; charset=utf-8
host: localhost:57042
accept: */*

Response DefaultHttpResponse(decodeResult: success, version: HTTP/1.1)
HTTP/1.1 200 OK
Content-Type: application/json; charset=utf-8
cache-control: no-cache
content-length: 14

09:08:19.205 [AsyncHttpClient-1-17] DEBUG o.a.netty.channel.ChannelManager - Adding key: http://localhost:57042 for channel [id: 0xb1964884, L:/127.0.0.1:54791 - R:localhost/127.0.0.1:57042]
09:08:19.206 [Forwarding findElement on session ee020e691623b92a8a34296ca2f93cea to remote] DEBUG o.a.netty.request.NettyRequestSender - Using pooled Channel '[id: 0xb1964884, L:/127.0.0.1:54791 - R:localhost/127.0.0.1:57042]' for 'POST' to 'http://localhost:57042/session/ee020e691623b92a8a34296ca2f93cea/element'
09:08:19.207 [Forwarding findElement on session ee020e691623b92a8a34296ca2f93cea to remote] DEBUG o.a.netty.request.NettyRequestSender - Using open Channel [id: 0xb1964884, L:/127.0.0.1:54791 - R:localhost/127.0.0.1:57042] for POST '/session/ee020e691623b92a8a34296ca2f93cea/element'
09:08:19.213 [AsyncHttpClient-1-17] DEBUG o.a.netty.handler.HttpHandler - 

Request DefaultHttpRequest(decodeResult: success, version: HTTP/1.1)
POST /session/ee020e691623b92a8a34296ca2f93cea/element HTTP/1.1
User-Agent: selenium/4.1.2 (java windows)
Content-Length: 128
Content-Type: application/json; charset=utf-8
host: localhost:57042
accept: */*

Response DefaultHttpResponse(decodeResult: success, version: HTTP/1.1)
HTTP/1.1 200 OK
Content-Type: application/json; charset=utf-8
cache-control: no-cache
content-length: 88

09:08:19.213 [AsyncHttpClient-1-17] DEBUG o.a.netty.channel.ChannelManager - Adding key: http://localhost:57042 for channel [id: 0xb1964884, L:/127.0.0.1:54791 - R:localhost/127.0.0.1:57042]
09:08:19.216 [Forwarding isElementDisplayed on session ee020e691623b92a8a34296ca2f93cea to remote] DEBUG o.a.netty.request.NettyRequestSender - Using pooled Channel '[id: 0xb1964884, L:/127.0.0.1:54791 - R:localhost/127.0.0.1:57042]' for 'POST' to 'http://localhost:57042/session/ee020e691623b92a8a34296ca2f93cea/execute/sync'
09:08:19.216 [Forwarding isElementDisplayed on session ee020e691623b92a8a34296ca2f93cea to remote] DEBUG o.a.netty.request.NettyRequestSender - Using open Channel [id: 0xb1964884, L:/127.0.0.1:54791 - R:localhost/127.0.0.1:57042] for POST '/session/ee020e691623b92a8a34296ca2f93cea/execute/sync'
09:08:19.230 [AsyncHttpClient-1-17] DEBUG o.a.netty.handler.HttpHandler - 

Request DefaultHttpRequest(decodeResult: success, version: HTTP/1.1)
POST /session/ee020e691623b92a8a34296ca2f93cea/execute/sync HTTP/1.1
User-Agent: selenium/4.1.2 (java windows)
Content-Length: 48780
Content-Type: application/json; charset=utf-8
host: localhost:57042
accept: */*

Response DefaultHttpResponse(decodeResult: success, version: HTTP/1.1)
HTTP/1.1 200 OK
Content-Type: application/json; charset=utf-8
cache-control: no-cache
content-length: 14

09:08:19.230 [AsyncHttpClient-1-17] DEBUG o.a.netty.channel.ChannelManager - Adding key: http://localhost:57042 for channel [id: 0xb1964884, L:/127.0.0.1:54791 - R:localhost/127.0.0.1:57042]
09:08:19.231 [Forwarding findElement on session ee020e691623b92a8a34296ca2f93cea to remote] DEBUG o.a.netty.request.NettyRequestSender - Using pooled Channel '[id: 0xb1964884, L:/127.0.0.1:54791 - R:localhost/127.0.0.1:57042]' for 'POST' to 'http://localhost:57042/session/ee020e691623b92a8a34296ca2f93cea/element'
09:08:19.231 [Forwarding findElement on session ee020e691623b92a8a34296ca2f93cea to remote] DEBUG o.a.netty.request.NettyRequestSender - Using open Channel [id: 0xb1964884, L:/127.0.0.1:54791 - R:localhost/127.0.0.1:57042] for POST '/session/ee020e691623b92a8a34296ca2f93cea/element'
09:08:19.236 [AsyncHttpClient-1-1] DEBUG o.a.netty.channel.DefaultChannelPool - Entry count for : http://localhost:54792 : 1
09:08:19.237 [AsyncHttpClient-1-17] DEBUG o.a.netty.handler.HttpHandler - 

Request DefaultHttpRequest(decodeResult: success, version: HTTP/1.1)
POST /session/ee020e691623b92a8a34296ca2f93cea/element HTTP/1.1
User-Agent: selenium/4.1.2 (java windows)
Content-Length: 128
Content-Type: application/json; charset=utf-8
host: localhost:57042
accept: */*

Response DefaultHttpResponse(decodeResult: success, version: HTTP/1.1)
HTTP/1.1 200 OK
Content-Type: application/json; charset=utf-8
cache-control: no-cache
content-length: 88

09:08:19.238 [AsyncHttpClient-1-17] DEBUG o.a.netty.channel.ChannelManager - Adding key: http://localhost:57042 for channel [id: 0xb1964884, L:/127.0.0.1:54791 - R:localhost/127.0.0.1:57042]
09:08:19.238 [Forwarding isElementEnabled on session ee020e691623b92a8a34296ca2f93cea to remote] DEBUG o.a.netty.request.NettyRequestSender - Using pooled Channel '[id: 0xb1964884, L:/127.0.0.1:54791 - R:localhost/127.0.0.1:57042]' for 'GET' to 'http://localhost:57042/session/ee020e691623b92a8a34296ca2f93cea/element/d5fa9518-b34c-4156-b056-707152418621/enabled'
09:08:19.238 [Forwarding isElementEnabled on session ee020e691623b92a8a34296ca2f93cea to remote] DEBUG o.a.netty.request.NettyRequestSender - Using open Channel [id: 0xb1964884, L:/127.0.0.1:54791 - R:localhost/127.0.0.1:57042] for GET '/session/ee020e691623b92a8a34296ca2f93cea/element/d5fa9518-b34c-4156-b056-707152418621/enabled'
09:08:19.245 [AsyncHttpClient-1-17] DEBUG o.a.netty.handler.HttpHandler - 

Request DefaultFullHttpRequest(decodeResult: success, version: HTTP/1.1, content: EmptyByteBufBE)
GET /session/ee020e691623b92a8a34296ca2f93cea/element/d5fa9518-b34c-4156-b056-707152418621/enabled HTTP/1.1
User-Agent: selenium/4.1.2 (java windows)
Cache-Control: no-cache
Content-Type: application/json; charset=utf-8
host: localhost:57042
accept: */*

Response DefaultHttpResponse(decodeResult: success, version: HTTP/1.1)
HTTP/1.1 200 OK
Content-Type: application/json; charset=utf-8
cache-control: no-cache
content-length: 14

09:08:19.245 [AsyncHttpClient-1-17] DEBUG o.a.netty.channel.ChannelManager - Adding key: http://localhost:57042 for channel [id: 0xb1964884, L:/127.0.0.1:54791 - R:localhost/127.0.0.1:57042]
09:08:19.246 [Forwarding findElement on session ee020e691623b92a8a34296ca2f93cea to remote] DEBUG o.a.netty.request.NettyRequestSender - Using pooled Channel '[id: 0xb1964884, L:/127.0.0.1:54791 - R:localhost/127.0.0.1:57042]' for 'POST' to 'http://localhost:57042/session/ee020e691623b92a8a34296ca2f93cea/element'
09:08:19.246 [Forwarding findElement on session ee020e691623b92a8a34296ca2f93cea to remote] DEBUG o.a.netty.request.NettyRequestSender - Using open Channel [id: 0xb1964884, L:/127.0.0.1:54791 - R:localhost/127.0.0.1:57042] for POST '/session/ee020e691623b92a8a34296ca2f93cea/element'
09:08:19.257 [AsyncHttpClient-1-17] DEBUG o.a.netty.handler.HttpHandler - 

Request DefaultHttpRequest(decodeResult: success, version: HTTP/1.1)
POST /session/ee020e691623b92a8a34296ca2f93cea/element HTTP/1.1
User-Agent: selenium/4.1.2 (java windows)
Content-Length: 132
Content-Type: application/json; charset=utf-8
host: localhost:57042
accept: */*

Response DefaultHttpResponse(decodeResult: success, version: HTTP/1.1)
HTTP/1.1 200 OK
Content-Type: application/json; charset=utf-8
cache-control: no-cache
content-length: 88

09:08:19.257 [AsyncHttpClient-1-17] DEBUG o.a.netty.channel.ChannelManager - Adding key: http://localhost:57042 for channel [id: 0xb1964884, L:/127.0.0.1:54791 - R:localhost/127.0.0.1:57042]
09:08:19.261 [Forwarding isElementDisplayed on session ee020e691623b92a8a34296ca2f93cea to remote] DEBUG o.a.netty.request.NettyRequestSender - Using pooled Channel '[id: 0xb1964884, L:/127.0.0.1:54791 - R:localhost/127.0.0.1:57042]' for 'POST' to 'http://localhost:57042/session/ee020e691623b92a8a34296ca2f93cea/execute/sync'
09:08:19.261 [Forwarding isElementDisplayed on session ee020e691623b92a8a34296ca2f93cea to remote] DEBUG o.a.netty.request.NettyRequestSender - Using open Channel [id: 0xb1964884, L:/127.0.0.1:54791 - R:localhost/127.0.0.1:57042] for POST '/session/ee020e691623b92a8a34296ca2f93cea/execute/sync'
09:08:19.270 [AsyncHttpClient-1-17] DEBUG o.a.netty.handler.HttpHandler - 

Request DefaultHttpRequest(decodeResult: success, version: HTTP/1.1)
POST /session/ee020e691623b92a8a34296ca2f93cea/execute/sync HTTP/1.1
User-Agent: selenium/4.1.2 (java windows)
Content-Length: 48780
Content-Type: application/json; charset=utf-8
host: localhost:57042
accept: */*

Response DefaultHttpResponse(decodeResult: success, version: HTTP/1.1)
HTTP/1.1 200 OK
Content-Type: application/json; charset=utf-8
cache-control: no-cache
content-length: 14

09:08:19.270 [AsyncHttpClient-1-17] DEBUG o.a.netty.channel.ChannelManager - Adding key: http://localhost:57042 for channel [id: 0xb1964884, L:/127.0.0.1:54791 - R:localhost/127.0.0.1:57042]
09:08:19.271 [Forwarding findElement on session ee020e691623b92a8a34296ca2f93cea to remote] DEBUG o.a.netty.request.NettyRequestSender - Using pooled Channel '[id: 0xb1964884, L:/127.0.0.1:54791 - R:localhost/127.0.0.1:57042]' for 'POST' to 'http://localhost:57042/session/ee020e691623b92a8a34296ca2f93cea/element'
09:08:19.271 [Forwarding findElement on session ee020e691623b92a8a34296ca2f93cea to remote] DEBUG o.a.netty.request.NettyRequestSender - Using open Channel [id: 0xb1964884, L:/127.0.0.1:54791 - R:localhost/127.0.0.1:57042] for POST '/session/ee020e691623b92a8a34296ca2f93cea/element'
09:08:19.276 [AsyncHttpClient-1-17] DEBUG o.a.netty.handler.HttpHandler - 

Request DefaultHttpRequest(decodeResult: success, version: HTTP/1.1)
POST /session/ee020e691623b92a8a34296ca2f93cea/element HTTP/1.1
User-Agent: selenium/4.1.2 (java windows)
Content-Length: 132
Content-Type: application/json; charset=utf-8
host: localhost:57042
accept: */*

Response DefaultHttpResponse(decodeResult: success, version: HTTP/1.1)
HTTP/1.1 200 OK
Content-Type: application/json; charset=utf-8
cache-control: no-cache
content-length: 88

09:08:19.276 [AsyncHttpClient-1-17] DEBUG o.a.netty.channel.ChannelManager - Adding key: http://localhost:57042 for channel [id: 0xb1964884, L:/127.0.0.1:54791 - R:localhost/127.0.0.1:57042]
09:08:19.280 [Forwarding isElementDisplayed on session ee020e691623b92a8a34296ca2f93cea to remote] DEBUG o.a.netty.request.NettyRequestSender - Using pooled Channel '[id: 0xb1964884, L:/127.0.0.1:54791 - R:localhost/127.0.0.1:57042]' for 'POST' to 'http://localhost:57042/session/ee020e691623b92a8a34296ca2f93cea/execute/sync'
09:08:19.280 [Forwarding isElementDisplayed on session ee020e691623b92a8a34296ca2f93cea to remote] DEBUG o.a.netty.request.NettyRequestSender - Using open Channel [id: 0xb1964884, L:/127.0.0.1:54791 - R:localhost/127.0.0.1:57042] for POST '/session/ee020e691623b92a8a34296ca2f93cea/execute/sync'
09:08:19.288 [AsyncHttpClient-1-17] DEBUG o.a.netty.handler.HttpHandler - 

Request DefaultHttpRequest(decodeResult: success, version: HTTP/1.1)
POST /session/ee020e691623b92a8a34296ca2f93cea/execute/sync HTTP/1.1
User-Agent: selenium/4.1.2 (java windows)
Content-Length: 48780
Content-Type: application/json; charset=utf-8
host: localhost:57042
accept: */*

Response DefaultHttpResponse(decodeResult: success, version: HTTP/1.1)
HTTP/1.1 200 OK
Content-Type: application/json; charset=utf-8
cache-control: no-cache
content-length: 14

09:08:19.288 [AsyncHttpClient-1-17] DEBUG o.a.netty.channel.ChannelManager - Adding key: http://localhost:57042 for channel [id: 0xb1964884, L:/127.0.0.1:54791 - R:localhost/127.0.0.1:57042]
09:08:19.289 [Forwarding findElement on session ee020e691623b92a8a34296ca2f93cea to remote] DEBUG o.a.netty.request.NettyRequestSender - Using pooled Channel '[id: 0xb1964884, L:/127.0.0.1:54791 - R:localhost/127.0.0.1:57042]' for 'POST' to 'http://localhost:57042/session/ee020e691623b92a8a34296ca2f93cea/element'
09:08:19.289 [Forwarding findElement on session ee020e691623b92a8a34296ca2f93cea to remote] DEBUG o.a.netty.request.NettyRequestSender - Using open Channel [id: 0xb1964884, L:/127.0.0.1:54791 - R:localhost/127.0.0.1:57042] for POST '/session/ee020e691623b92a8a34296ca2f93cea/element'
09:08:19.295 [AsyncHttpClient-1-17] DEBUG o.a.netty.handler.HttpHandler - 

Request DefaultHttpRequest(decodeResult: success, version: HTTP/1.1)
POST /session/ee020e691623b92a8a34296ca2f93cea/element HTTP/1.1
User-Agent: selenium/4.1.2 (java windows)
Content-Length: 132
Content-Type: application/json; charset=utf-8
host: localhost:57042
accept: */*

Response DefaultHttpResponse(decodeResult: success, version: HTTP/1.1)
HTTP/1.1 200 OK
Content-Type: application/json; charset=utf-8
cache-control: no-cache
content-length: 88

09:08:19.295 [AsyncHttpClient-1-17] DEBUG o.a.netty.channel.ChannelManager - Adding key: http://localhost:57042 for channel [id: 0xb1964884, L:/127.0.0.1:54791 - R:localhost/127.0.0.1:57042]
09:08:19.296 [Forwarding isElementEnabled on session ee020e691623b92a8a34296ca2f93cea to remote] DEBUG o.a.netty.request.NettyRequestSender - Using pooled Channel '[id: 0xb1964884, L:/127.0.0.1:54791 - R:localhost/127.0.0.1:57042]' for 'GET' to 'http://localhost:57042/session/ee020e691623b92a8a34296ca2f93cea/element/e46e796e-f8fe-48a5-a884-9d74b09a3077/enabled'
09:08:19.296 [Forwarding isElementEnabled on session ee020e691623b92a8a34296ca2f93cea to remote] DEBUG o.a.netty.request.NettyRequestSender - Using open Channel [id: 0xb1964884, L:/127.0.0.1:54791 - R:localhost/127.0.0.1:57042] for GET '/session/ee020e691623b92a8a34296ca2f93cea/element/e46e796e-f8fe-48a5-a884-9d74b09a3077/enabled'
09:08:19.302 [AsyncHttpClient-1-17] DEBUG o.a.netty.handler.HttpHandler - 

Request DefaultFullHttpRequest(decodeResult: success, version: HTTP/1.1, content: EmptyByteBufBE)
GET /session/ee020e691623b92a8a34296ca2f93cea/element/e46e796e-f8fe-48a5-a884-9d74b09a3077/enabled HTTP/1.1
User-Agent: selenium/4.1.2 (java windows)
Cache-Control: no-cache
Content-Type: application/json; charset=utf-8
host: localhost:57042
accept: */*

Response DefaultHttpResponse(decodeResult: success, version: HTTP/1.1)
HTTP/1.1 200 OK
Content-Type: application/json; charset=utf-8
cache-control: no-cache
content-length: 14

09:08:19.303 [AsyncHttpClient-1-17] DEBUG o.a.netty.channel.ChannelManager - Adding key: http://localhost:57042 for channel [id: 0xb1964884, L:/127.0.0.1:54791 - R:localhost/127.0.0.1:57042]
09:08:19.303 [Forwarding findElement on session ee020e691623b92a8a34296ca2f93cea to remote] DEBUG o.a.netty.request.NettyRequestSender - Using pooled Channel '[id: 0xb1964884, L:/127.0.0.1:54791 - R:localhost/127.0.0.1:57042]' for 'POST' to 'http://localhost:57042/session/ee020e691623b92a8a34296ca2f93cea/element'
09:08:19.303 [Forwarding findElement on session ee020e691623b92a8a34296ca2f93cea to remote] DEBUG o.a.netty.request.NettyRequestSender - Using open Channel [id: 0xb1964884, L:/127.0.0.1:54791 - R:localhost/127.0.0.1:57042] for POST '/session/ee020e691623b92a8a34296ca2f93cea/element'
09:08:19.316 [AsyncHttpClient-1-17] DEBUG o.a.netty.handler.HttpHandler - 

Request DefaultHttpRequest(decodeResult: success, version: HTTP/1.1)
POST /session/ee020e691623b92a8a34296ca2f93cea/element HTTP/1.1
User-Agent: selenium/4.1.2 (java windows)
Content-Length: 125
Content-Type: application/json; charset=utf-8
host: localhost:57042
accept: */*

Response DefaultHttpResponse(decodeResult: success, version: HTTP/1.1)
HTTP/1.1 200 OK
Content-Type: application/json; charset=utf-8
cache-control: no-cache
content-length: 88

09:08:19.316 [AsyncHttpClient-1-17] DEBUG o.a.netty.channel.ChannelManager - Adding key: http://localhost:57042 for channel [id: 0xb1964884, L:/127.0.0.1:54791 - R:localhost/127.0.0.1:57042]
09:08:19.320 [Forwarding isElementDisplayed on session ee020e691623b92a8a34296ca2f93cea to remote] DEBUG o.a.netty.request.NettyRequestSender - Using pooled Channel '[id: 0xb1964884, L:/127.0.0.1:54791 - R:localhost/127.0.0.1:57042]' for 'POST' to 'http://localhost:57042/session/ee020e691623b92a8a34296ca2f93cea/execute/sync'
09:08:19.320 [Forwarding isElementDisplayed on session ee020e691623b92a8a34296ca2f93cea to remote] DEBUG o.a.netty.request.NettyRequestSender - Using open Channel [id: 0xb1964884, L:/127.0.0.1:54791 - R:localhost/127.0.0.1:57042] for POST '/session/ee020e691623b92a8a34296ca2f93cea/execute/sync'
09:08:19.328 [AsyncHttpClient-1-17] DEBUG o.a.netty.handler.HttpHandler - 

Request DefaultHttpRequest(decodeResult: success, version: HTTP/1.1)
POST /session/ee020e691623b92a8a34296ca2f93cea/execute/sync HTTP/1.1
User-Agent: selenium/4.1.2 (java windows)
Content-Length: 48780
Content-Type: application/json; charset=utf-8
host: localhost:57042
accept: */*

Response DefaultHttpResponse(decodeResult: success, version: HTTP/1.1)
HTTP/1.1 200 OK
Content-Type: application/json; charset=utf-8
cache-control: no-cache
content-length: 14

09:08:19.329 [AsyncHttpClient-1-17] DEBUG o.a.netty.channel.ChannelManager - Adding key: http://localhost:57042 for channel [id: 0xb1964884, L:/127.0.0.1:54791 - R:localhost/127.0.0.1:57042]
09:08:19.329 [Forwarding findElement on session ee020e691623b92a8a34296ca2f93cea to remote] DEBUG o.a.netty.request.NettyRequestSender - Using pooled Channel '[id: 0xb1964884, L:/127.0.0.1:54791 - R:localhost/127.0.0.1:57042]' for 'POST' to 'http://localhost:57042/session/ee020e691623b92a8a34296ca2f93cea/element'
09:08:19.330 [Forwarding findElement on session ee020e691623b92a8a34296ca2f93cea to remote] DEBUG o.a.netty.request.NettyRequestSender - Using open Channel [id: 0xb1964884, L:/127.0.0.1:54791 - R:localhost/127.0.0.1:57042] for POST '/session/ee020e691623b92a8a34296ca2f93cea/element'
09:08:19.338 [AsyncHttpClient-1-17] DEBUG o.a.netty.handler.HttpHandler - 

Request DefaultHttpRequest(decodeResult: success, version: HTTP/1.1)
POST /session/ee020e691623b92a8a34296ca2f93cea/element HTTP/1.1
User-Agent: selenium/4.1.2 (java windows)
Content-Length: 125
Content-Type: application/json; charset=utf-8
host: localhost:57042
accept: */*

Response DefaultHttpResponse(decodeResult: success, version: HTTP/1.1)
HTTP/1.1 200 OK
Content-Type: application/json; charset=utf-8
cache-control: no-cache
content-length: 88

09:08:19.338 [AsyncHttpClient-1-17] DEBUG o.a.netty.channel.ChannelManager - Adding key: http://localhost:57042 for channel [id: 0xb1964884, L:/127.0.0.1:54791 - R:localhost/127.0.0.1:57042]
09:08:19.341 [Forwarding isElementDisplayed on session ee020e691623b92a8a34296ca2f93cea to remote] DEBUG o.a.netty.request.NettyRequestSender - Using pooled Channel '[id: 0xb1964884, L:/127.0.0.1:54791 - R:localhost/127.0.0.1:57042]' for 'POST' to 'http://localhost:57042/session/ee020e691623b92a8a34296ca2f93cea/execute/sync'
09:08:19.341 [Forwarding isElementDisplayed on session ee020e691623b92a8a34296ca2f93cea to remote] DEBUG o.a.netty.request.NettyRequestSender - Using open Channel [id: 0xb1964884, L:/127.0.0.1:54791 - R:localhost/127.0.0.1:57042] for POST '/session/ee020e691623b92a8a34296ca2f93cea/execute/sync'
09:08:19.349 [AsyncHttpClient-1-17] DEBUG o.a.netty.handler.HttpHandler - 

Request DefaultHttpRequest(decodeResult: success, version: HTTP/1.1)
POST /session/ee020e691623b92a8a34296ca2f93cea/execute/sync HTTP/1.1
User-Agent: selenium/4.1.2 (java windows)
Content-Length: 48780
Content-Type: application/json; charset=utf-8
host: localhost:57042
accept: */*

Response DefaultHttpResponse(decodeResult: success, version: HTTP/1.1)
HTTP/1.1 200 OK
Content-Type: application/json; charset=utf-8
cache-control: no-cache
content-length: 14

09:08:19.350 [AsyncHttpClient-1-17] DEBUG o.a.netty.channel.ChannelManager - Adding key: http://localhost:57042 for channel [id: 0xb1964884, L:/127.0.0.1:54791 - R:localhost/127.0.0.1:57042]
09:08:19.351 [Forwarding findElement on session ee020e691623b92a8a34296ca2f93cea to remote] DEBUG o.a.netty.request.NettyRequestSender - Using pooled Channel '[id: 0xb1964884, L:/127.0.0.1:54791 - R:localhost/127.0.0.1:57042]' for 'POST' to 'http://localhost:57042/session/ee020e691623b92a8a34296ca2f93cea/element'
09:08:19.351 [Forwarding findElement on session ee020e691623b92a8a34296ca2f93cea to remote] DEBUG o.a.netty.request.NettyRequestSender - Using open Channel [id: 0xb1964884, L:/127.0.0.1:54791 - R:localhost/127.0.0.1:57042] for POST '/session/ee020e691623b92a8a34296ca2f93cea/element'
09:08:19.356 [AsyncHttpClient-1-17] DEBUG o.a.netty.handler.HttpHandler - 

Request DefaultHttpRequest(decodeResult: success, version: HTTP/1.1)
POST /session/ee020e691623b92a8a34296ca2f93cea/element HTTP/1.1
User-Agent: selenium/4.1.2 (java windows)
Content-Length: 125
Content-Type: application/json; charset=utf-8
host: localhost:57042
accept: */*

Response DefaultHttpResponse(decodeResult: success, version: HTTP/1.1)
HTTP/1.1 200 OK
Content-Type: application/json; charset=utf-8
cache-control: no-cache
content-length: 88

09:08:19.356 [AsyncHttpClient-1-17] DEBUG o.a.netty.channel.ChannelManager - Adding key: http://localhost:57042 for channel [id: 0xb1964884, L:/127.0.0.1:54791 - R:localhost/127.0.0.1:57042]
09:08:19.357 [Forwarding isElementEnabled on session ee020e691623b92a8a34296ca2f93cea to remote] DEBUG o.a.netty.request.NettyRequestSender - Using pooled Channel '[id: 0xb1964884, L:/127.0.0.1:54791 - R:localhost/127.0.0.1:57042]' for 'GET' to 'http://localhost:57042/session/ee020e691623b92a8a34296ca2f93cea/element/bf7acaa7-4ee1-48e9-be2d-8cfa33304ecf/enabled'
09:08:19.357 [Forwarding isElementEnabled on session ee020e691623b92a8a34296ca2f93cea to remote] DEBUG o.a.netty.request.NettyRequestSender - Using open Channel [id: 0xb1964884, L:/127.0.0.1:54791 - R:localhost/127.0.0.1:57042] for GET '/session/ee020e691623b92a8a34296ca2f93cea/element/bf7acaa7-4ee1-48e9-be2d-8cfa33304ecf/enabled'
09:08:19.364 [AsyncHttpClient-1-17] DEBUG o.a.netty.handler.HttpHandler - 

Request DefaultFullHttpRequest(decodeResult: success, version: HTTP/1.1, content: EmptyByteBufBE)
GET /session/ee020e691623b92a8a34296ca2f93cea/element/bf7acaa7-4ee1-48e9-be2d-8cfa33304ecf/enabled HTTP/1.1
User-Agent: selenium/4.1.2 (java windows)
Cache-Control: no-cache
Content-Type: application/json; charset=utf-8
host: localhost:57042
accept: */*

Response DefaultHttpResponse(decodeResult: success, version: HTTP/1.1)
HTTP/1.1 200 OK
Content-Type: application/json; charset=utf-8
cache-control: no-cache
content-length: 14

09:08:19.365 [AsyncHttpClient-1-17] DEBUG o.a.netty.channel.ChannelManager - Adding key: http://localhost:57042 for channel [id: 0xb1964884, L:/127.0.0.1:54791 - R:localhost/127.0.0.1:57042]
  &amp#27;[32mAnd &amp#27;[0m&amp#27;[32muser verify the Login Page Elements is Visible&amp#27;[0m                                                   &amp#27;[90m# stepdefinitions.LoginPageSteps.user_verify_the_login_page_elements_is_visible()&amp#27;[0m
09:08:20.340 [AsyncHttpClient-1-1] DEBUG o.a.netty.channel.DefaultChannelPool - Entry count for : http://localhost:57042 : 1
09:08:20.341 [AsyncHttpClient-1-1] DEBUG o.a.netty.channel.DefaultChannelPool - Entry count for : http://localhost:54792 : 1
09:08:21.376 [Forwarding findElement on session ee020e691623b92a8a34296ca2f93cea to remote] DEBUG o.a.netty.request.NettyRequestSender - Using pooled Channel '[id: 0xb1964884, L:/127.0.0.1:54791 - R:localhost/127.0.0.1:57042]' for 'POST' to 'http://localhost:57042/session/ee020e691623b92a8a34296ca2f93cea/element'
09:08:21.376 [Forwarding findElement on session ee020e691623b92a8a34296ca2f93cea to remote] DEBUG o.a.netty.request.NettyRequestSender - Using open Channel [id: 0xb1964884, L:/127.0.0.1:54791 - R:localhost/127.0.0.1:57042] for POST '/session/ee020e691623b92a8a34296ca2f93cea/element'
09:08:21.381 [AsyncHttpClient-1-17] DEBUG o.a.netty.handler.HttpHandler - 

Request DefaultHttpRequest(decodeResult: success, version: HTTP/1.1)
POST /session/ee020e691623b92a8a34296ca2f93cea/element HTTP/1.1
User-Agent: selenium/4.1.2 (java windows)
Content-Length: 128
Content-Type: application/json; charset=utf-8
host: localhost:57042
accept: */*

Response DefaultHttpResponse(decodeResult: success, version: HTTP/1.1)
HTTP/1.1 200 OK
Content-Type: application/json; charset=utf-8
cache-control: no-cache
content-length: 88

09:08:21.382 [AsyncHttpClient-1-17] DEBUG o.a.netty.channel.ChannelManager - Adding key: http://localhost:57042 for channel [id: 0xb1964884, L:/127.0.0.1:54791 - R:localhost/127.0.0.1:57042]
09:08:21.383 [Forwarding sendKeysToElement on session ee020e691623b92a8a34296ca2f93cea to remote] DEBUG o.a.netty.request.NettyRequestSender - Using pooled Channel '[id: 0xb1964884, L:/127.0.0.1:54791 - R:localhost/127.0.0.1:57042]' for 'POST' to 'http://localhost:57042/session/ee020e691623b92a8a34296ca2f93cea/element/d5fa9518-b34c-4156-b056-707152418621/value'
09:08:21.383 [Forwarding sendKeysToElement on session ee020e691623b92a8a34296ca2f93cea to remote] DEBUG o.a.netty.request.NettyRequestSender - Using open Channel [id: 0xb1964884, L:/127.0.0.1:54791 - R:localhost/127.0.0.1:57042] for POST '/session/ee020e691623b92a8a34296ca2f93cea/element/d5fa9518-b34c-4156-b056-707152418621/value'
09:08:21.421 [AsyncHttpClient-1-17] DEBUG o.a.netty.handler.HttpHandler - 

Request DefaultHttpRequest(decodeResult: success, version: HTTP/1.1)
POST /session/ee020e691623b92a8a34296ca2f93cea/element/d5fa9518-b34c-4156-b056-707152418621/value HTTP/1.1
User-Agent: selenium/4.1.2 (java windows)
Content-Length: 191
Content-Type: application/json; charset=utf-8
host: localhost:57042
accept: */*

Response DefaultHttpResponse(decodeResult: success, version: HTTP/1.1)
HTTP/1.1 200 OK
Content-Type: application/json; charset=utf-8
cache-control: no-cache
content-length: 14

09:08:21.421 [AsyncHttpClient-1-17] DEBUG o.a.netty.channel.ChannelManager - Adding key: http://localhost:57042 for channel [id: 0xb1964884, L:/127.0.0.1:54791 - R:localhost/127.0.0.1:57042]
09:08:21.422 [Forwarding findElement on session ee020e691623b92a8a34296ca2f93cea to remote] DEBUG o.a.netty.request.NettyRequestSender - Using pooled Channel '[id: 0xb1964884, L:/127.0.0.1:54791 - R:localhost/127.0.0.1:57042]' for 'POST' to 'http://localhost:57042/session/ee020e691623b92a8a34296ca2f93cea/element'
09:08:21.422 [Forwarding findElement on session ee020e691623b92a8a34296ca2f93cea to remote] DEBUG o.a.netty.request.NettyRequestSender - Using open Channel [id: 0xb1964884, L:/127.0.0.1:54791 - R:localhost/127.0.0.1:57042] for POST '/session/ee020e691623b92a8a34296ca2f93cea/element'
09:08:21.428 [AsyncHttpClient-1-17] DEBUG o.a.netty.handler.HttpHandler - 

Request DefaultHttpRequest(decodeResult: success, version: HTTP/1.1)
POST /session/ee020e691623b92a8a34296ca2f93cea/element HTTP/1.1
User-Agent: selenium/4.1.2 (java windows)
Content-Length: 132
Content-Type: application/json; charset=utf-8
host: localhost:57042
accept: */*

Response DefaultHttpResponse(decodeResult: success, version: HTTP/1.1)
HTTP/1.1 200 OK
Content-Type: application/json; charset=utf-8
cache-control: no-cache
content-length: 88

09:08:21.428 [AsyncHttpClient-1-17] DEBUG o.a.netty.channel.ChannelManager - Adding key: http://localhost:57042 for channel [id: 0xb1964884, L:/127.0.0.1:54791 - R:localhost/127.0.0.1:57042]
09:08:21.429 [Forwarding sendKeysToElement on session ee020e691623b92a8a34296ca2f93cea to remote] DEBUG o.a.netty.request.NettyRequestSender - Using pooled Channel '[id: 0xb1964884, L:/127.0.0.1:54791 - R:localhost/127.0.0.1:57042]' for 'POST' to 'http://localhost:57042/session/ee020e691623b92a8a34296ca2f93cea/element/e46e796e-f8fe-48a5-a884-9d74b09a3077/value'
09:08:21.429 [Forwarding sendKeysToElement on session ee020e691623b92a8a34296ca2f93cea to remote] DEBUG o.a.netty.request.NettyRequestSender - Using open Channel [id: 0xb1964884, L:/127.0.0.1:54791 - R:localhost/127.0.0.1:57042] for POST '/session/ee020e691623b92a8a34296ca2f93cea/element/e46e796e-f8fe-48a5-a884-9d74b09a3077/value'
09:08:21.439 [AsyncHttpClient-1-1] DEBUG o.a.netty.channel.DefaultChannelPool - Entry count for : http://localhost:54792 : 1
09:08:21.472 [AsyncHttpClient-1-17] DEBUG o.a.netty.handler.HttpHandler - 

Request DefaultHttpRequest(decodeResult: success, version: HTTP/1.1)
POST /session/ee020e691623b92a8a34296ca2f93cea/element/e46e796e-f8fe-48a5-a884-9d74b09a3077/value HTTP/1.1
User-Agent: selenium/4.1.2 (java windows)
Content-Length: 231
Content-Type: application/json; charset=utf-8
host: localhost:57042
accept: */*

Response DefaultHttpResponse(decodeResult: success, version: HTTP/1.1)
HTTP/1.1 200 OK
Content-Type: application/json; charset=utf-8
cache-control: no-cache
content-length: 14

09:08:21.472 [AsyncHttpClient-1-17] DEBUG o.a.netty.channel.ChannelManager - Adding key: http://localhost:57042 for channel [id: 0xb1964884, L:/127.0.0.1:54791 - R:localhost/127.0.0.1:57042]
09:08:21.473 [Forwarding findElement on session ee020e691623b92a8a34296ca2f93cea to remote] DEBUG o.a.netty.request.NettyRequestSender - Using pooled Channel '[id: 0xb1964884, L:/127.0.0.1:54791 - R:localhost/127.0.0.1:57042]' for 'POST' to 'http://localhost:57042/session/ee020e691623b92a8a34296ca2f93cea/element'
09:08:21.473 [Forwarding findElement on session ee020e691623b92a8a34296ca2f93cea to remote] DEBUG o.a.netty.request.NettyRequestSender - Using open Channel [id: 0xb1964884, L:/127.0.0.1:54791 - R:localhost/127.0.0.1:57042] for POST '/session/ee020e691623b92a8a34296ca2f93cea/element'
09:08:21.480 [AsyncHttpClient-1-17] DEBUG o.a.netty.handler.HttpHandler - 

Request DefaultHttpRequest(decodeResult: success, version: HTTP/1.1)
POST /session/ee020e691623b92a8a34296ca2f93cea/element HTTP/1.1
User-Agent: selenium/4.1.2 (java windows)
Content-Length: 125
Content-Type: application/json; charset=utf-8
host: localhost:57042
accept: */*

Response DefaultHttpResponse(decodeResult: success, version: HTTP/1.1)
HTTP/1.1 200 OK
Content-Type: application/json; charset=utf-8
cache-control: no-cache
content-length: 88

09:08:21.480 [AsyncHttpClient-1-17] DEBUG o.a.netty.channel.ChannelManager - Adding key: http://localhost:57042 for channel [id: 0xb1964884, L:/127.0.0.1:54791 - R:localhost/127.0.0.1:57042]
09:08:21.481 [Forwarding clickElement on session ee020e691623b92a8a34296ca2f93cea to remote] DEBUG o.a.netty.request.NettyRequestSender - Using pooled Channel '[id: 0xb1964884, L:/127.0.0.1:54791 - R:localhost/127.0.0.1:57042]' for 'POST' to 'http://localhost:57042/session/ee020e691623b92a8a34296ca2f93cea/element/bf7acaa7-4ee1-48e9-be2d-8cfa33304ecf/click'
09:08:21.482 [Forwarding clickElement on session ee020e691623b92a8a34296ca2f93cea to remote] DEBUG o.a.netty.request.NettyRequestSender - Using open Channel [id: 0xb1964884, L:/127.0.0.1:54791 - R:localhost/127.0.0.1:57042] for POST '/session/ee020e691623b92a8a34296ca2f93cea/element/bf7acaa7-4ee1-48e9-be2d-8cfa33304ecf/click'
09:08:21.562 [AsyncHttpClient-1-17] DEBUG o.a.netty.handler.HttpHandler - 

Request DefaultHttpRequest(decodeResult: success, version: HTTP/1.1)
POST /session/ee020e691623b92a8a34296ca2f93cea/element/bf7acaa7-4ee1-48e9-be2d-8cfa33304ecf/click HTTP/1.1
User-Agent: selenium/4.1.2 (java windows)
Content-Length: 50
Content-Type: application/json; charset=utf-8
host: localhost:57042
accept: */*

Response DefaultHttpResponse(decodeResult: success, version: HTTP/1.1)
HTTP/1.1 200 OK
Content-Type: application/json; charset=utf-8
cache-control: no-cache
content-length: 14

09:08:21.562 [AsyncHttpClient-1-17] DEBUG o.a.netty.channel.ChannelManager - Adding key: http://localhost:57042 for channel [id: 0xb1964884, L:/127.0.0.1:54791 - R:localhost/127.0.0.1:57042]
09:08:21.563 [Forwarding findElement on session ee020e691623b92a8a34296ca2f93cea to remote] DEBUG o.a.netty.request.NettyRequestSender - Using pooled Channel '[id: 0xb1964884, L:/127.0.0.1:54791 - R:localhost/127.0.0.1:57042]' for 'POST' to 'http://localhost:57042/session/ee020e691623b92a8a34296ca2f93cea/element'
09:08:21.564 [Forwarding findElement on session ee020e691623b92a8a34296ca2f93cea to remote] DEBUG o.a.netty.request.NettyRequestSender - Using open Channel [id: 0xb1964884, L:/127.0.0.1:54791 - R:localhost/127.0.0.1:57042] for POST '/session/ee020e691623b92a8a34296ca2f93cea/element'
09:08:21.574 [AsyncHttpClient-1-17] DEBUG o.a.netty.handler.HttpHandler - 

Request DefaultHttpRequest(decodeResult: success, version: HTTP/1.1)
POST /session/ee020e691623b92a8a34296ca2f93cea/element HTTP/1.1
User-Agent: selenium/4.1.2 (java windows)
Content-Length: 75
Content-Type: application/json; charset=utf-8
host: localhost:57042
accept: */*

Response DefaultHttpResponse(decodeResult: success, version: HTTP/1.1)
HTTP/1.1 200 OK
Content-Type: application/json; charset=utf-8
cache-control: no-cache
content-length: 88

09:08:21.575 [AsyncHttpClient-1-17] DEBUG o.a.netty.channel.ChannelManager - Adding key: http://localhost:57042 for channel [id: 0xb1964884, L:/127.0.0.1:54791 - R:localhost/127.0.0.1:57042]
09:08:21.578 [Forwarding isElementDisplayed on session ee020e691623b92a8a34296ca2f93cea to remote] DEBUG o.a.netty.request.NettyRequestSender - Using pooled Channel '[id: 0xb1964884, L:/127.0.0.1:54791 - R:localhost/127.0.0.1:57042]' for 'POST' to 'http://localhost:57042/session/ee020e691623b92a8a34296ca2f93cea/execute/sync'
09:08:21.578 [Forwarding isElementDisplayed on session ee020e691623b92a8a34296ca2f93cea to remote] DEBUG o.a.netty.request.NettyRequestSender - Using open Channel [id: 0xb1964884, L:/127.0.0.1:54791 - R:localhost/127.0.0.1:57042] for POST '/session/ee020e691623b92a8a34296ca2f93cea/execute/sync'
09:08:21.592 [AsyncHttpClient-1-17] DEBUG o.a.netty.handler.HttpHandler - 

Request DefaultHttpRequest(decodeResult: success, version: HTTP/1.1)
POST /session/ee020e691623b92a8a34296ca2f93cea/execute/sync HTTP/1.1
User-Agent: selenium/4.1.2 (java windows)
Content-Length: 48780
Content-Type: application/json; charset=utf-8
host: localhost:57042
accept: */*

Response DefaultHttpResponse(decodeResult: success, version: HTTP/1.1)
HTTP/1.1 200 OK
Content-Type: application/json; charset=utf-8
cache-control: no-cache
content-length: 15

09:08:21.593 [AsyncHttpClient-1-17] DEBUG o.a.netty.channel.ChannelManager - Adding key: http://localhost:57042 for channel [id: 0xb1964884, L:/127.0.0.1:54791 - R:localhost/127.0.0.1:57042]
09:08:22.099 [Forwarding findElement on session ee020e691623b92a8a34296ca2f93cea to remote] DEBUG o.a.netty.request.NettyRequestSender - Using pooled Channel '[id: 0xb1964884, L:/127.0.0.1:54791 - R:localhost/127.0.0.1:57042]' for 'POST' to 'http://localhost:57042/session/ee020e691623b92a8a34296ca2f93cea/element'
09:08:22.099 [Forwarding findElement on session ee020e691623b92a8a34296ca2f93cea to remote] DEBUG o.a.netty.request.NettyRequestSender - Using open Channel [id: 0xb1964884, L:/127.0.0.1:54791 - R:localhost/127.0.0.1:57042] for POST '/session/ee020e691623b92a8a34296ca2f93cea/element'
09:08:22.105 [AsyncHttpClient-1-17] DEBUG o.a.netty.handler.HttpHandler - 

Request DefaultHttpRequest(decodeResult: success, version: HTTP/1.1)
POST /session/ee020e691623b92a8a34296ca2f93cea/element HTTP/1.1
User-Agent: selenium/4.1.2 (java windows)
Content-Length: 75
Content-Type: application/json; charset=utf-8
host: localhost:57042
accept: */*

Response DefaultHttpResponse(decodeResult: success, version: HTTP/1.1)
HTTP/1.1 200 OK
Content-Type: application/json; charset=utf-8
cache-control: no-cache
content-length: 88

09:08:22.105 [AsyncHttpClient-1-17] DEBUG o.a.netty.channel.ChannelManager - Adding key: http://localhost:57042 for channel [id: 0xb1964884, L:/127.0.0.1:54791 - R:localhost/127.0.0.1:57042]
09:08:22.109 [Forwarding isElementDisplayed on session ee020e691623b92a8a34296ca2f93cea to remote] DEBUG o.a.netty.request.NettyRequestSender - Using pooled Channel '[id: 0xb1964884, L:/127.0.0.1:54791 - R:localhost/127.0.0.1:57042]' for 'POST' to 'http://localhost:57042/session/ee020e691623b92a8a34296ca2f93cea/execute/sync'
09:08:22.109 [Forwarding isElementDisplayed on session ee020e691623b92a8a34296ca2f93cea to remote] DEBUG o.a.netty.request.NettyRequestSender - Using open Channel [id: 0xb1964884, L:/127.0.0.1:54791 - R:localhost/127.0.0.1:57042] for POST '/session/ee020e691623b92a8a34296ca2f93cea/execute/sync'
09:08:22.116 [AsyncHttpClient-1-17] DEBUG o.a.netty.handler.HttpHandler - 

Request DefaultHttpRequest(decodeResult: success, version: HTTP/1.1)
POST /session/ee020e691623b92a8a34296ca2f93cea/execute/sync HTTP/1.1
User-Agent: selenium/4.1.2 (java windows)
Content-Length: 48780
Content-Type: application/json; charset=utf-8
host: localhost:57042
accept: */*

Response DefaultHttpResponse(decodeResult: success, version: HTTP/1.1)
HTTP/1.1 200 OK
Content-Type: application/json; charset=utf-8
cache-control: no-cache
content-length: 15

09:08:22.116 [AsyncHttpClient-1-17] DEBUG o.a.netty.channel.ChannelManager - Adding key: http://localhost:57042 for channel [id: 0xb1964884, L:/127.0.0.1:54791 - R:localhost/127.0.0.1:57042]
09:08:22.540 [AsyncHttpClient-1-1] DEBUG o.a.netty.channel.DefaultChannelPool - Entry count for : http://localhost:57042 : 1
09:08:22.540 [AsyncHttpClient-1-1] DEBUG o.a.netty.channel.DefaultChannelPool - Entry count for : http://localhost:54792 : 1
09:08:22.618 [Forwarding findElement on session ee020e691623b92a8a34296ca2f93cea to remote] DEBUG o.a.netty.request.NettyRequestSender - Using pooled Channel '[id: 0xb1964884, L:/127.0.0.1:54791 - R:localhost/127.0.0.1:57042]' for 'POST' to 'http://localhost:57042/session/ee020e691623b92a8a34296ca2f93cea/element'
09:08:22.619 [Forwarding findElement on session ee020e691623b92a8a34296ca2f93cea to remote] DEBUG o.a.netty.request.NettyRequestSender - Using open Channel [id: 0xb1964884, L:/127.0.0.1:54791 - R:localhost/127.0.0.1:57042] for POST '/session/ee020e691623b92a8a34296ca2f93cea/element'
09:08:22.625 [AsyncHttpClient-1-17] DEBUG o.a.netty.handler.HttpHandler - 

Request DefaultHttpRequest(decodeResult: success, version: HTTP/1.1)
POST /session/ee020e691623b92a8a34296ca2f93cea/element HTTP/1.1
User-Agent: selenium/4.1.2 (java windows)
Content-Length: 75
Content-Type: application/json; charset=utf-8
host: localhost:57042
accept: */*

Response DefaultHttpResponse(decodeResult: success, version: HTTP/1.1)
HTTP/1.1 200 OK
Content-Type: application/json; charset=utf-8
cache-control: no-cache
content-length: 88

09:08:22.625 [AsyncHttpClient-1-17] DEBUG o.a.netty.channel.ChannelManager - Adding key: http://localhost:57042 for channel [id: 0xb1964884, L:/127.0.0.1:54791 - R:localhost/127.0.0.1:57042]
09:08:22.628 [Forwarding isElementDisplayed on session ee020e691623b92a8a34296ca2f93cea to remote] DEBUG o.a.netty.request.NettyRequestSender - Using pooled Channel '[id: 0xb1964884, L:/127.0.0.1:54791 - R:localhost/127.0.0.1:57042]' for 'POST' to 'http://localhost:57042/session/ee020e691623b92a8a34296ca2f93cea/execute/sync'
09:08:22.628 [Forwarding isElementDisplayed on session ee020e691623b92a8a34296ca2f93cea to remote] DEBUG o.a.netty.request.NettyRequestSender - Using open Channel [id: 0xb1964884, L:/127.0.0.1:54791 - R:localhost/127.0.0.1:57042] for POST '/session/ee020e691623b92a8a34296ca2f93cea/execute/sync'
09:08:22.636 [AsyncHttpClient-1-17] DEBUG o.a.netty.handler.HttpHandler - 

Request DefaultHttpRequest(decodeResult: success, version: HTTP/1.1)
POST /session/ee020e691623b92a8a34296ca2f93cea/execute/sync HTTP/1.1
User-Agent: selenium/4.1.2 (java windows)
Content-Length: 48780
Content-Type: application/json; charset=utf-8
host: localhost:57042
accept: */*

Response DefaultHttpResponse(decodeResult: success, version: HTTP/1.1)
HTTP/1.1 200 OK
Content-Type: application/json; charset=utf-8
cache-control: no-cache
content-length: 14

09:08:22.636 [AsyncHttpClient-1-17] DEBUG o.a.netty.channel.ChannelManager - Adding key: http://localhost:57042 for channel [id: 0xb1964884, L:/127.0.0.1:54791 - R:localhost/127.0.0.1:57042]
09:08:22.637 [Forwarding getElementText on session ee020e691623b92a8a34296ca2f93cea to remote] DEBUG o.a.netty.request.NettyRequestSender - Using pooled Channel '[id: 0xb1964884, L:/127.0.0.1:54791 - R:localhost/127.0.0.1:57042]' for 'GET' to 'http://localhost:57042/session/ee020e691623b92a8a34296ca2f93cea/element/198451bc-8f61-4d6a-910c-f5b57dc77e74/text'
09:08:22.637 [Forwarding getElementText on session ee020e691623b92a8a34296ca2f93cea to remote] DEBUG o.a.netty.request.NettyRequestSender - Using open Channel [id: 0xb1964884, L:/127.0.0.1:54791 - R:localhost/127.0.0.1:57042] for GET '/session/ee020e691623b92a8a34296ca2f93cea/element/198451bc-8f61-4d6a-910c-f5b57dc77e74/text'
09:08:22.648 [AsyncHttpClient-1-17] DEBUG o.a.netty.handler.HttpHandler - 

Request DefaultFullHttpRequest(decodeResult: success, version: HTTP/1.1, content: EmptyByteBufBE)
GET /session/ee020e691623b92a8a34296ca2f93cea/element/198451bc-8f61-4d6a-910c-f5b57dc77e74/text HTTP/1.1
User-Agent: selenium/4.1.2 (java windows)
Cache-Control: no-cache
Content-Type: application/json; charset=utf-8
host: localhost:57042
accept: */*

Response DefaultHttpResponse(decodeResult: success, version: HTTP/1.1)
HTTP/1.1 200 OK
Content-Type: application/json; charset=utf-8
cache-control: no-cache
content-length: 59

09:08:22.648 [AsyncHttpClient-1-17] DEBUG o.a.netty.channel.ChannelManager - Adding key: http://localhost:57042 for channel [id: 0xb1964884, L:/127.0.0.1:54791 - R:localhost/127.0.0.1:57042]
09:08:23.649 [AsyncHttpClient-1-1] DEBUG o.a.netty.channel.DefaultChannelPool - Entry count for : http://localhost:57042 : 1
09:08:23.649 [AsyncHttpClient-1-1] DEBUG o.a.netty.channel.DefaultChannelPool - Entry count for : http://localhost:54792 : 1
  &amp#27;[32mWhen &amp#27;[0m&amp#27;[32muser login using invalid credentials with username &amp#27;[0m&amp#27;[32m&amp#27;[1m"invalidUser"&amp#27;[0m&amp#27;[32m and password &amp#27;[0m&amp#27;[32m&amp#27;[1m"InvalidPassword"&amp#27;[0m &amp#27;[90m# stepdefinitions.LoginPageSteps.user_login_using_invalid_credentials_with_username_and_password(java.lang.String,java.lang.String)&amp#27;[0m
09:08:24.663 [Forwarding getTitle on session ee020e691623b92a8a34296ca2f93cea to remote] DEBUG o.a.netty.request.NettyRequestSender - Using pooled Channel '[id: 0xb1964884, L:/127.0.0.1:54791 - R:localhost/127.0.0.1:57042]' for 'GET' to 'http://localhost:57042/session/ee020e691623b92a8a34296ca2f93cea/title'
09:08:24.663 [Forwarding getTitle on session ee020e691623b92a8a34296ca2f93cea to remote] DEBUG o.a.netty.request.NettyRequestSender - Using open Channel [id: 0xb1964884, L:/127.0.0.1:54791 - R:localhost/127.0.0.1:57042] for GET '/session/ee020e691623b92a8a34296ca2f93cea/title'
09:08:24.666 [AsyncHttpClient-1-17] DEBUG o.a.netty.handler.HttpHandler - 

Request DefaultFullHttpRequest(decodeResult: success, version: HTTP/1.1, content: EmptyByteBufBE)
GET /session/ee020e691623b92a8a34296ca2f93cea/title HTTP/1.1
User-Agent: selenium/4.1.2 (java windows)
Cache-Control: no-cache
Content-Type: application/json; charset=utf-8
host: localhost:57042
accept: */*

Response DefaultHttpResponse(decodeResult: success, version: HTTP/1.1)
HTTP/1.1 200 OK
Content-Type: application/json; charset=utf-8
cache-control: no-cache
content-length: 22

09:08:24.666 [AsyncHttpClient-1-17] DEBUG o.a.netty.channel.ChannelManager - Adding key: http://localhost:57042 for channel [id: 0xb1964884, L:/127.0.0.1:54791 - R:localhost/127.0.0.1:57042]
09:08:24.666 [Forwarding getTitle on session ee020e691623b92a8a34296ca2f93cea to remote] DEBUG o.a.netty.request.NettyRequestSender - Using pooled Channel '[id: 0xb1964884, L:/127.0.0.1:54791 - R:localhost/127.0.0.1:57042]' for 'GET' to 'http://localhost:57042/session/ee020e691623b92a8a34296ca2f93cea/title'
09:08:24.667 [Forwarding getTitle on session ee020e691623b92a8a34296ca2f93cea to remote] DEBUG o.a.netty.request.NettyRequestSender - Using open Channel [id: 0xb1964884, L:/127.0.0.1:54791 - R:localhost/127.0.0.1:57042] for GET '/session/ee020e691623b92a8a34296ca2f93cea/title'
09:08:24.669 [AsyncHttpClient-1-17] DEBUG o.a.netty.handler.HttpHandler - 

Request DefaultFullHttpRequest(decodeResult: success, version: HTTP/1.1, content: EmptyByteBufBE)
GET /session/ee020e691623b92a8a34296ca2f93cea/title HTTP/1.1
User-Agent: selenium/4.1.2 (java windows)
Cache-Control: no-cache
Content-Type: application/json; charset=utf-8
host: localhost:57042
accept: */*

Response DefaultHttpResponse(decodeResult: success, version: HTTP/1.1)
HTTP/1.1 200 OK
Content-Type: application/json; charset=utf-8
cache-control: no-cache
content-length: 22

09:08:24.669 [AsyncHttpClient-1-17] DEBUG o.a.netty.channel.ChannelManager - Adding key: http://localhost:57042 for channel [id: 0xb1964884, L:/127.0.0.1:54791 - R:localhost/127.0.0.1:57042]
09:08:24.740 [AsyncHttpClient-1-1] DEBUG o.a.netty.channel.DefaultChannelPool - Entry count for : http://localhost:57042 : 1
09:08:24.740 [AsyncHttpClient-1-1] DEBUG o.a.netty.channel.DefaultChannelPool - Entry count for : http://localhost:54792 : 1
09:08:25.847 [AsyncHttpClient-1-1] DEBUG o.a.netty.channel.DefaultChannelPool - Entry count for : http://localhost:57042 : 1
09:08:25.847 [AsyncHttpClient-1-1] DEBUG o.a.netty.channel.DefaultChannelPool - Entry count for : http://localhost:54792 : 1
09:08:26.944 [AsyncHttpClient-1-1] DEBUG o.a.netty.channel.DefaultChannelPool - Entry count for : http://localhost:57042 : 1
09:08:26.944 [AsyncHttpClient-1-1] DEBUG o.a.netty.channel.DefaultChannelPool - Entry count for : http://localhost:54792 : 1
09:08:28.039 [AsyncHttpClient-1-1] DEBUG o.a.netty.channel.DefaultChannelPool - Entry count for : http://localhost:57042 : 1
09:08:28.039 [AsyncHttpClient-1-1] DEBUG o.a.netty.channel.DefaultChannelPool - Entry count for : http://localhost:54792 : 1
09:08:29.144 [AsyncHttpClient-1-1] DEBUG o.a.netty.channel.DefaultChannelPool - Entry count for : http://localhost:57042 : 1
09:08:29.144 [AsyncHttpClient-1-1] DEBUG o.a.netty.channel.DefaultChannelPool - Entry count for : http://localhost:54792 : 1
09:08:29.673 [Forwarding findElement on session ee020e691623b92a8a34296ca2f93cea to remote] DEBUG o.a.netty.request.NettyRequestSender - Using pooled Channel '[id: 0xb1964884, L:/127.0.0.1:54791 - R:localhost/127.0.0.1:57042]' for 'POST' to 'http://localhost:57042/session/ee020e691623b92a8a34296ca2f93cea/element'
09:08:29.673 [Forwarding findElement on session ee020e691623b92a8a34296ca2f93cea to remote] DEBUG o.a.netty.request.NettyRequestSender - Using open Channel [id: 0xb1964884, L:/127.0.0.1:54791 - R:localhost/127.0.0.1:57042] for POST '/session/ee020e691623b92a8a34296ca2f93cea/element'
09:08:29.679 [AsyncHttpClient-1-17] DEBUG o.a.netty.handler.HttpHandler - 

Request DefaultHttpRequest(decodeResult: success, version: HTTP/1.1)
POST /session/ee020e691623b92a8a34296ca2f93cea/element HTTP/1.1
User-Agent: selenium/4.1.2 (java windows)
Content-Length: 75
Content-Type: application/json; charset=utf-8
host: localhost:57042
accept: */*

Response DefaultHttpResponse(decodeResult: success, version: HTTP/1.1)
HTTP/1.1 200 OK
Content-Type: application/json; charset=utf-8
cache-control: no-cache
content-length: 88

09:08:29.679 [AsyncHttpClient-1-17] DEBUG o.a.netty.channel.ChannelManager - Adding key: http://localhost:57042 for channel [id: 0xb1964884, L:/127.0.0.1:54791 - R:localhost/127.0.0.1:57042]
09:08:29.684 [Forwarding isElementDisplayed on session ee020e691623b92a8a34296ca2f93cea to remote] DEBUG o.a.netty.request.NettyRequestSender - Using pooled Channel '[id: 0xb1964884, L:/127.0.0.1:54791 - R:localhost/127.0.0.1:57042]' for 'POST' to 'http://localhost:57042/session/ee020e691623b92a8a34296ca2f93cea/execute/sync'
09:08:29.684 [Forwarding isElementDisplayed on session ee020e691623b92a8a34296ca2f93cea to remote] DEBUG o.a.netty.request.NettyRequestSender - Using open Channel [id: 0xb1964884, L:/127.0.0.1:54791 - R:localhost/127.0.0.1:57042] for POST '/session/ee020e691623b92a8a34296ca2f93cea/execute/sync'
09:08:29.692 [AsyncHttpClient-1-17] DEBUG o.a.netty.handler.HttpHandler - 

Request DefaultHttpRequest(decodeResult: success, version: HTTP/1.1)
POST /session/ee020e691623b92a8a34296ca2f93cea/execute/sync HTTP/1.1
User-Agent: selenium/4.1.2 (java windows)
Content-Length: 48780
Content-Type: application/json; charset=utf-8
host: localhost:57042
accept: */*

Response DefaultHttpResponse(decodeResult: success, version: HTTP/1.1)
HTTP/1.1 200 OK
Content-Type: application/json; charset=utf-8
cache-control: no-cache
content-length: 14

09:08:29.692 [AsyncHttpClient-1-17] DEBUG o.a.netty.channel.ChannelManager - Adding key: http://localhost:57042 for channel [id: 0xb1964884, L:/127.0.0.1:54791 - R:localhost/127.0.0.1:57042]
09:08:29.693 [Forwarding getElementText on session ee020e691623b92a8a34296ca2f93cea to remote] DEBUG o.a.netty.request.NettyRequestSender - Using pooled Channel '[id: 0xb1964884, L:/127.0.0.1:54791 - R:localhost/127.0.0.1:57042]' for 'GET' to 'http://localhost:57042/session/ee020e691623b92a8a34296ca2f93cea/element/198451bc-8f61-4d6a-910c-f5b57dc77e74/text'
09:08:29.693 [Forwarding getElementText on session ee020e691623b92a8a34296ca2f93cea to remote] DEBUG o.a.netty.request.NettyRequestSender - Using open Channel [id: 0xb1964884, L:/127.0.0.1:54791 - R:localhost/127.0.0.1:57042] for GET '/session/ee020e691623b92a8a34296ca2f93cea/element/198451bc-8f61-4d6a-910c-f5b57dc77e74/text'
09:08:29.699 [AsyncHttpClient-1-17] DEBUG o.a.netty.handler.HttpHandler - 

Request DefaultFullHttpRequest(decodeResult: success, version: HTTP/1.1, content: EmptyByteBufBE)
GET /session/ee020e691623b92a8a34296ca2f93cea/element/198451bc-8f61-4d6a-910c-f5b57dc77e74/text HTTP/1.1
User-Agent: selenium/4.1.2 (java windows)
Cache-Control: no-cache
Content-Type: application/json; charset=utf-8
host: localhost:57042
accept: */*

Response DefaultHttpResponse(decodeResult: success, version: HTTP/1.1)
HTTP/1.1 200 OK
Content-Type: application/json; charset=utf-8
cache-control: no-cache
content-length: 59

09:08:29.699 [AsyncHttpClient-1-17] DEBUG o.a.netty.channel.ChannelManager - Adding key: http://localhost:57042 for channel [id: 0xb1964884, L:/127.0.0.1:54791 - R:localhost/127.0.0.1:57042]
09:08:30.236 [AsyncHttpClient-1-1] DEBUG o.a.netty.channel.DefaultChannelPool - Entry count for : http://localhost:57042 : 1
09:08:30.236 [AsyncHttpClient-1-1] DEBUG o.a.netty.channel.DefaultChannelPool - Entry count for : http://localhost:54792 : 1
09:08:31.343 [AsyncHttpClient-1-1] DEBUG o.a.netty.channel.DefaultChannelPool - Entry count for : http://localhost:57042 : 1
09:08:31.343 [AsyncHttpClient-1-1] DEBUG o.a.netty.channel.DefaultChannelPool - Entry count for : http://localhost:54792 : 1
  &amp#27;[32mThen &amp#27;[0m&amp#27;[32muser should not proceed to Dashboard Page&amp#27;[0m                                                       &amp#27;[90m# stepdefinitions.LoginPageSteps.user_should_not_proceed_to_dashboard_page()&amp#27;[0m
09:08:32.441 [AsyncHttpClient-1-1] DEBUG o.a.netty.channel.DefaultChannelPool - Entry count for : http://localhost:57042 : 1
09:08:32.441 [AsyncHttpClient-1-1] DEBUG o.a.netty.channel.DefaultChannelPool - Entry count for : http://localhost:54792 : 1
09:08:33.534 [AsyncHttpClient-1-1] DEBUG o.a.netty.channel.DefaultChannelPool - Entry count for : http://localhost:57042 : 1
09:08:33.534 [AsyncHttpClient-1-1] DEBUG o.a.netty.channel.DefaultChannelPool - Entry count for : http://localhost:54792 : 1
09:08:33.724 [Forwarding findElement on session ee020e691623b92a8a34296ca2f93cea to remote] DEBUG o.a.netty.request.NettyRequestSender - Using pooled Channel '[id: 0xb1964884, L:/127.0.0.1:54791 - R:localhost/127.0.0.1:57042]' for 'POST' to 'http://localhost:57042/session/ee020e691623b92a8a34296ca2f93cea/element'
09:08:33.724 [Forwarding findElement on session ee020e691623b92a8a34296ca2f93cea to remote] DEBUG o.a.netty.request.NettyRequestSender - Using open Channel [id: 0xb1964884, L:/127.0.0.1:54791 - R:localhost/127.0.0.1:57042] for POST '/session/ee020e691623b92a8a34296ca2f93cea/element'
09:08:33.729 [AsyncHttpClient-1-17] DEBUG o.a.netty.handler.HttpHandler - 

Request DefaultHttpRequest(decodeResult: success, version: HTTP/1.1)
POST /session/ee020e691623b92a8a34296ca2f93cea/element HTTP/1.1
User-Agent: selenium/4.1.2 (java windows)
Content-Length: 128
Content-Type: application/json; charset=utf-8
host: localhost:57042
accept: */*

Response DefaultHttpResponse(decodeResult: success, version: HTTP/1.1)
HTTP/1.1 200 OK
Content-Type: application/json; charset=utf-8
cache-control: no-cache
content-length: 88

09:08:33.730 [AsyncHttpClient-1-17] DEBUG o.a.netty.channel.ChannelManager - Adding key: http://localhost:57042 for channel [id: 0xb1964884, L:/127.0.0.1:54791 - R:localhost/127.0.0.1:57042]
09:08:33.731 [Forwarding sendKeysToElement on session ee020e691623b92a8a34296ca2f93cea to remote] DEBUG o.a.netty.request.NettyRequestSender - Using pooled Channel '[id: 0xb1964884, L:/127.0.0.1:54791 - R:localhost/127.0.0.1:57042]' for 'POST' to 'http://localhost:57042/session/ee020e691623b92a8a34296ca2f93cea/element/b4c0cac0-387f-4a3c-9550-c24481ec4f0b/value'
09:08:33.731 [Forwarding sendKeysToElement on session ee020e691623b92a8a34296ca2f93cea to remote] DEBUG o.a.netty.request.NettyRequestSender - Using open Channel [id: 0xb1964884, L:/127.0.0.1:54791 - R:localhost/127.0.0.1:57042] for POST '/session/ee020e691623b92a8a34296ca2f93cea/element/b4c0cac0-387f-4a3c-9550-c24481ec4f0b/value'
09:08:33.758 [AsyncHttpClient-1-17] DEBUG o.a.netty.handler.HttpHandler - 

Request DefaultHttpRequest(decodeResult: success, version: HTTP/1.1)
POST /session/ee020e691623b92a8a34296ca2f93cea/element/b4c0cac0-387f-4a3c-9550-c24481ec4f0b/value HTTP/1.1
User-Agent: selenium/4.1.2 (java windows)
Content-Length: 191
Content-Type: application/json; charset=utf-8
host: localhost:57042
accept: */*

Response DefaultHttpResponse(decodeResult: success, version: HTTP/1.1)
HTTP/1.1 200 OK
Content-Type: application/json; charset=utf-8
cache-control: no-cache
content-length: 14

09:08:33.759 [AsyncHttpClient-1-17] DEBUG o.a.netty.channel.ChannelManager - Adding key: http://localhost:57042 for channel [id: 0xb1964884, L:/127.0.0.1:54791 - R:localhost/127.0.0.1:57042]
09:08:33.759 [Forwarding findElement on session ee020e691623b92a8a34296ca2f93cea to remote] DEBUG o.a.netty.request.NettyRequestSender - Using pooled Channel '[id: 0xb1964884, L:/127.0.0.1:54791 - R:localhost/127.0.0.1:57042]' for 'POST' to 'http://localhost:57042/session/ee020e691623b92a8a34296ca2f93cea/element'
09:08:33.760 [Forwarding findElement on session ee020e691623b92a8a34296ca2f93cea to remote] DEBUG o.a.netty.request.NettyRequestSender - Using open Channel [id: 0xb1964884, L:/127.0.0.1:54791 - R:localhost/127.0.0.1:57042] for POST '/session/ee020e691623b92a8a34296ca2f93cea/element'
09:08:33.765 [AsyncHttpClient-1-17] DEBUG o.a.netty.handler.HttpHandler - 

Request DefaultHttpRequest(decodeResult: success, version: HTTP/1.1)
POST /session/ee020e691623b92a8a34296ca2f93cea/element HTTP/1.1
User-Agent: selenium/4.1.2 (java windows)
Content-Length: 132
Content-Type: application/json; charset=utf-8
host: localhost:57042
accept: */*

Response DefaultHttpResponse(decodeResult: success, version: HTTP/1.1)
HTTP/1.1 200 OK
Content-Type: application/json; charset=utf-8
cache-control: no-cache
content-length: 88

09:08:33.766 [AsyncHttpClient-1-17] DEBUG o.a.netty.channel.ChannelManager - Adding key: http://localhost:57042 for channel [id: 0xb1964884, L:/127.0.0.1:54791 - R:localhost/127.0.0.1:57042]
09:08:33.767 [Forwarding sendKeysToElement on session ee020e691623b92a8a34296ca2f93cea to remote] DEBUG o.a.netty.request.NettyRequestSender - Using pooled Channel '[id: 0xb1964884, L:/127.0.0.1:54791 - R:localhost/127.0.0.1:57042]' for 'POST' to 'http://localhost:57042/session/ee020e691623b92a8a34296ca2f93cea/element/55046218-96ee-470e-a413-1d1d6f0cce19/value'
09:08:33.767 [Forwarding sendKeysToElement on session ee020e691623b92a8a34296ca2f93cea to remote] DEBUG o.a.netty.request.NettyRequestSender - Using open Channel [id: 0xb1964884, L:/127.0.0.1:54791 - R:localhost/127.0.0.1:57042] for POST '/session/ee020e691623b92a8a34296ca2f93cea/element/55046218-96ee-470e-a413-1d1d6f0cce19/value'
09:08:33.807 [AsyncHttpClient-1-17] DEBUG o.a.netty.handler.HttpHandler - 

Request DefaultHttpRequest(decodeResult: success, version: HTTP/1.1)
POST /session/ee020e691623b92a8a34296ca2f93cea/element/55046218-96ee-470e-a413-1d1d6f0cce19/value HTTP/1.1
User-Agent: selenium/4.1.2 (java windows)
Content-Length: 161
Content-Type: application/json; charset=utf-8
host: localhost:57042
accept: */*

Response DefaultHttpResponse(decodeResult: success, version: HTTP/1.1)
HTTP/1.1 200 OK
Content-Type: application/json; charset=utf-8
cache-control: no-cache
content-length: 14

09:08:33.807 [AsyncHttpClient-1-17] DEBUG o.a.netty.channel.ChannelManager - Adding key: http://localhost:57042 for channel [id: 0xb1964884, L:/127.0.0.1:54791 - R:localhost/127.0.0.1:57042]
09:08:33.808 [Forwarding findElement on session ee020e691623b92a8a34296ca2f93cea to remote] DEBUG o.a.netty.request.NettyRequestSender - Using pooled Channel '[id: 0xb1964884, L:/127.0.0.1:54791 - R:localhost/127.0.0.1:57042]' for 'POST' to 'http://localhost:57042/session/ee020e691623b92a8a34296ca2f93cea/element'
09:08:33.808 [Forwarding findElement on session ee020e691623b92a8a34296ca2f93cea to remote] DEBUG o.a.netty.request.NettyRequestSender - Using open Channel [id: 0xb1964884, L:/127.0.0.1:54791 - R:localhost/127.0.0.1:57042] for POST '/session/ee020e691623b92a8a34296ca2f93cea/element'
09:08:33.814 [AsyncHttpClient-1-17] DEBUG o.a.netty.handler.HttpHandler - 

Request DefaultHttpRequest(decodeResult: success, version: HTTP/1.1)
POST /session/ee020e691623b92a8a34296ca2f93cea/element HTTP/1.1
User-Agent: selenium/4.1.2 (java windows)
Content-Length: 125
Content-Type: application/json; charset=utf-8
host: localhost:57042
accept: */*

Response DefaultHttpResponse(decodeResult: success, version: HTTP/1.1)
HTTP/1.1 200 OK
Content-Type: application/json; charset=utf-8
cache-control: no-cache
content-length: 88

09:08:33.815 [AsyncHttpClient-1-17] DEBUG o.a.netty.channel.ChannelManager - Adding key: http://localhost:57042 for channel [id: 0xb1964884, L:/127.0.0.1:54791 - R:localhost/127.0.0.1:57042]
09:08:33.816 [Forwarding clickElement on session ee020e691623b92a8a34296ca2f93cea to remote] DEBUG o.a.netty.request.NettyRequestSender - Using pooled Channel '[id: 0xb1964884, L:/127.0.0.1:54791 - R:localhost/127.0.0.1:57042]' for 'POST' to 'http://localhost:57042/session/ee020e691623b92a8a34296ca2f93cea/element/325fd345-6879-4f91-a46c-3330c9f843b2/click'
09:08:33.816 [Forwarding clickElement on session ee020e691623b92a8a34296ca2f93cea to remote] DEBUG o.a.netty.request.NettyRequestSender - Using open Channel [id: 0xb1964884, L:/127.0.0.1:54791 - R:localhost/127.0.0.1:57042] for POST '/session/ee020e691623b92a8a34296ca2f93cea/element/325fd345-6879-4f91-a46c-3330c9f843b2/click'
09:08:34.642 [AsyncHttpClient-1-1] DEBUG o.a.netty.channel.DefaultChannelPool - Entry count for : http://localhost:54792 : 1
09:08:35.735 [AsyncHttpClient-1-1] DEBUG o.a.netty.channel.DefaultChannelPool - Entry count for : http://localhost:54792 : 1
09:08:36.844 [AsyncHttpClient-1-1] DEBUG o.a.netty.channel.DefaultChannelPool - Entry count for : http://localhost:54792 : 1
09:08:37.070 [AsyncHttpClient-1-17] DEBUG o.a.netty.handler.HttpHandler - 

Request DefaultHttpRequest(decodeResult: success, version: HTTP/1.1)
POST /session/ee020e691623b92a8a34296ca2f93cea/element/325fd345-6879-4f91-a46c-3330c9f843b2/click HTTP/1.1
User-Agent: selenium/4.1.2 (java windows)
Content-Length: 50
Content-Type: application/json; charset=utf-8
host: localhost:57042
accept: */*

Response DefaultHttpResponse(decodeResult: success, version: HTTP/1.1)
HTTP/1.1 200 OK
Content-Type: application/json; charset=utf-8
cache-control: no-cache
content-length: 14

09:08:37.070 [AsyncHttpClient-1-17] DEBUG o.a.netty.channel.ChannelManager - Adding key: http://localhost:57042 for channel [id: 0xb1964884, L:/127.0.0.1:54791 - R:localhost/127.0.0.1:57042]
  &amp#27;[32mWhen &amp#27;[0m&amp#27;[32muser login using valid credentials with username &amp#27;[0m&amp#27;[32m&amp#27;[1m"user@vrbank"&amp#27;[0m&amp#27;[32m and password &amp#27;[0m&amp#27;[32m&amp#27;[1m"pega123!"&amp#27;[0m          &amp#27;[90m# stepdefinitions.LoginPageSteps.user_login_using_valid_credentials_with_username_and_password(java.lang.String,java.lang.String)&amp#27;[0m
09:08:37.073 [Forwarding getTitle on session ee020e691623b92a8a34296ca2f93cea to remote] DEBUG o.a.netty.request.NettyRequestSender - Using pooled Channel '[id: 0xb1964884, L:/127.0.0.1:54791 - R:localhost/127.0.0.1:57042]' for 'GET' to 'http://localhost:57042/session/ee020e691623b92a8a34296ca2f93cea/title'
09:08:37.073 [Forwarding getTitle on session ee020e691623b92a8a34296ca2f93cea to remote] DEBUG o.a.netty.request.NettyRequestSender - Using open Channel [id: 0xb1964884, L:/127.0.0.1:54791 - R:localhost/127.0.0.1:57042] for GET '/session/ee020e691623b92a8a34296ca2f93cea/title'
09:08:37.077 [AsyncHttpClient-1-17] DEBUG o.a.netty.handler.HttpHandler - 

Request DefaultFullHttpRequest(decodeResult: success, version: HTTP/1.1, content: EmptyByteBufBE)
GET /session/ee020e691623b92a8a34296ca2f93cea/title HTTP/1.1
User-Agent: selenium/4.1.2 (java windows)
Cache-Control: no-cache
Content-Type: application/json; charset=utf-8
host: localhost:57042
accept: */*

Response DefaultHttpResponse(decodeResult: success, version: HTTP/1.1)
HTTP/1.1 200 OK
Content-Type: application/json; charset=utf-8
cache-control: no-cache
content-length: 30

09:08:37.077 [AsyncHttpClient-1-17] DEBUG o.a.netty.channel.ChannelManager - Adding key: http://localhost:57042 for channel [id: 0xb1964884, L:/127.0.0.1:54791 - R:localhost/127.0.0.1:57042]
09:08:37.078 [Forwarding getTitle on session ee020e691623b92a8a34296ca2f93cea to remote] DEBUG o.a.netty.request.NettyRequestSender - Using pooled Channel '[id: 0xb1964884, L:/127.0.0.1:54791 - R:localhost/127.0.0.1:57042]' for 'GET' to 'http://localhost:57042/session/ee020e691623b92a8a34296ca2f93cea/title'
09:08:37.078 [Forwarding getTitle on session ee020e691623b92a8a34296ca2f93cea to remote] DEBUG o.a.netty.request.NettyRequestSender - Using open Channel [id: 0xb1964884, L:/127.0.0.1:54791 - R:localhost/127.0.0.1:57042] for GET '/session/ee020e691623b92a8a34296ca2f93cea/title'
09:08:37.080 [AsyncHttpClient-1-17] DEBUG o.a.netty.handler.HttpHandler - 

Request DefaultFullHttpRequest(decodeResult: success, version: HTTP/1.1, content: EmptyByteBufBE)
GET /session/ee020e691623b92a8a34296ca2f93cea/title HTTP/1.1
User-Agent: selenium/4.1.2 (java windows)
Cache-Control: no-cache
Content-Type: application/json; charset=utf-8
host: localhost:57042
accept: */*

Response DefaultHttpResponse(decodeResult: success, version: HTTP/1.1)
HTTP/1.1 200 OK
Content-Type: application/json; charset=utf-8
cache-control: no-cache
content-length: 30

09:08:37.080 [AsyncHttpClient-1-17] DEBUG o.a.netty.channel.ChannelManager - Adding key: http://localhost:57042 for channel [id: 0xb1964884, L:/127.0.0.1:54791 - R:localhost/127.0.0.1:57042]
09:08:37.939 [AsyncHttpClient-1-1] DEBUG o.a.netty.channel.DefaultChannelPool - Entry count for : http://localhost:57042 : 1
09:08:37.939 [AsyncHttpClient-1-1] DEBUG o.a.netty.channel.DefaultChannelPool - Entry count for : http://localhost:54792 : 1
09:08:39.038 [AsyncHttpClient-1-1] DEBUG o.a.netty.channel.DefaultChannelPool - Entry count for : http://localhost:57042 : 1
09:08:39.038 [AsyncHttpClient-1-1] DEBUG o.a.netty.channel.DefaultChannelPool - Entry count for : http://localhost:54792 : 1
09:08:40.134 [AsyncHttpClient-1-1] DEBUG o.a.netty.channel.DefaultChannelPool - Entry count for : http://localhost:57042 : 1
09:08:40.134 [AsyncHttpClient-1-1] DEBUG o.a.netty.channel.DefaultChannelPool - Entry count for : http://localhost:54792 : 1
09:08:41.242 [AsyncHttpClient-1-1] DEBUG o.a.netty.channel.DefaultChannelPool - Entry count for : http://localhost:57042 : 1
09:08:41.242 [AsyncHttpClient-1-1] DEBUG o.a.netty.channel.DefaultChannelPool - Entry count for : http://localhost:54792 : 1
  &amp#27;[32mThen &amp#27;[0m&amp#27;[32muser should proceed to Dashboard Page&amp#27;[0m                                                           &amp#27;[90m# stepdefinitions.LoginPageSteps.user_should_proceed_to_dashboard_page()&amp#27;[0m
09:08:42.093 [AsyncHttpClient-1-19] DEBUG o.a.netty.handler.WebSocketHandler - Channel Closed: [id: 0x51f3d723, L:/127.0.0.1:54799 ! R:localhost/127.0.0.1:54792] with attribute NettyResponseFuture{currentRetry=5,
	isDone=1,
	isCancelled=0,
	asyncHandler=org.asynchttpclient.ws.WebSocketUpgradeHandler@52a17dad,
	nettyRequest=org.asynchttpclient.netty.request.NettyRequest@17a3e99d,
	future=java.util.concurrent.CompletableFuture@7dcea4a[Completed normally],
	uri=ws://localhost:54792/devtools/browser/f99641ee-b0f1-4b8d-a39c-285812c4b20b,
	keepAlive=true,
	redirectCount=0,
	timeoutsHolder=null,
	inAuth=0,
	touch=1648602493877}
09:08:42.093 [AsyncHttpClient-1-19] DEBUG o.a.netty.channel.ChannelManager - Closing Channel [id: 0x51f3d723, L:/127.0.0.1:54799 ! R:localhost/127.0.0.1:54792] 
09:08:42.093 [Driver Command Executor] DEBUG o.a.netty.request.NettyRequestSender - Using pooled Channel '[id: 0xb1964884, L:/127.0.0.1:54791 - R:localhost/127.0.0.1:57042]' for 'DELETE' to 'http://localhost:57042/session/ee020e691623b92a8a34296ca2f93cea'
09:08:42.093 [Driver Command Executor] DEBUG o.a.netty.request.NettyRequestSender - Using open Channel [id: 0xb1964884, L:/127.0.0.1:54791 - R:localhost/127.0.0.1:57042] for DELETE '/session/ee020e691623b92a8a34296ca2f93cea'
09:08:42.115 [AsyncHttpClient-1-18] DEBUG o.a.netty.handler.HttpHandler - Unexpected I/O exception on channel [id: 0xd6738003, L:/127.0.0.1:54798 - R:localhost/127.0.0.1:54792]
java.net.SocketException: Connection reset
	at java.base/sun.nio.ch.SocketChannelImpl.throwConnectionReset(SocketChannelImpl.java:367) ~[na:na]
	at java.base/sun.nio.ch.SocketChannelImpl.read(SocketChannelImpl.java:398) ~[na:na]
	at io.netty.buffer.PooledByteBuf.setBytes(PooledByteBuf.java:253) ~[netty-buffer-4.1.70.Final.jar:4.1.70.Final]
	at io.netty.buffer.AbstractByteBuf.writeBytes(AbstractByteBuf.java:1132) ~[netty-buffer-4.1.70.Final.jar:4.1.70.Final]
	at io.netty.channel.socket.nio.NioSocketChannel.doReadBytes(NioSocketChannel.java:350) ~[netty-transport-4.1.70.Final.jar:4.1.70.Final]
	at io.netty.channel.nio.AbstractNioByteChannel$NioByteUnsafe.read(AbstractNioByteChannel.java:151) ~[netty-transport-4.1.70.Final.jar:4.1.70.Final]
	at io.netty.channel.nio.NioEventLoop.processSelectedKey(NioEventLoop.java:719) ~[netty-transport-4.1.70.Final.jar:4.1.70.Final]
	at io.netty.channel.nio.NioEventLoop.processSelectedKeysOptimized(NioEventLoop.java:655) ~[netty-transport-4.1.70.Final.jar:4.1.70.Final]
	at io.netty.channel.nio.NioEventLoop.processSelectedKeys(NioEventLoop.java:581) ~[netty-transport-4.1.70.Final.jar:4.1.70.Final]
	at io.netty.channel.nio.NioEventLoop.run(NioEventLoop.java:493) ~[netty-transport-4.1.70.Final.jar:4.1.70.Final]
	at io.netty.util.concurrent.SingleThreadEventExecutor$4.run(SingleThreadEventExecutor.java:986) ~[netty-common-4.1.70.Final.jar:4.1.70.Final]
	at io.netty.util.internal.ThreadExecutorMap$2.run(ThreadExecutorMap.java:74) ~[netty-common-4.1.70.Final.jar:4.1.70.Final]
	at io.netty.util.concurrent.FastThreadLocalRunnable.run(FastThreadLocalRunnable.java:30) ~[netty-common-4.1.70.Final.jar:4.1.70.Final]
	at java.base/java.lang.Thread.run(Thread.java:832) ~[na:na]
09:08:42.115 [AsyncHttpClient-1-18] DEBUG o.a.netty.channel.ChannelManager - Closing Channel [id: 0xd6738003, L:/127.0.0.1:54798 - R:localhost/127.0.0.1:54792] 
09:08:42.115 [AsyncHttpClient-1-18] DEBUG o.a.netty.handler.HttpHandler - Channel Closed: [id: 0xd6738003, L:/127.0.0.1:54798 ! R:localhost/127.0.0.1:54792] with attribute DISCARD
09:08:42.129 [AsyncHttpClient-1-17] DEBUG o.a.netty.handler.HttpHandler - 

Request DefaultFullHttpRequest(decodeResult: success, version: HTTP/1.1, content: EmptyByteBufBE)
DELETE /session/ee020e691623b92a8a34296ca2f93cea HTTP/1.1
User-Agent: selenium/4.1.2 (java windows)
Content-Type: application/json; charset=utf-8
host: localhost:57042
accept: */*

Response DefaultHttpResponse(decodeResult: success, version: HTTP/1.1)
HTTP/1.1 200 OK
Content-Type: application/json; charset=utf-8
cache-control: no-cache
content-length: 14

09:08:42.130 [AsyncHttpClient-1-17] DEBUG o.a.netty.channel.ChannelManager - Adding key: http://localhost:57042 for channel [id: 0xb1964884, L:/127.0.0.1:54791 - R:localhost/127.0.0.1:57042]
09:08:42.197 [AsyncHttpClient-1-17] DEBUG o.a.netty.handler.HttpHandler - Channel Closed: [id: 0xb1964884, L:/127.0.0.1:54791 ! R:localhost/127.0.0.1:57042] with attribute DISCARD
09:08:42.346 [AsyncHttpClient-1-1] DEBUG o.a.netty.channel.DefaultChannelPool - Entry count for : http://localhost:57042 : 1
09:08:42.346 [AsyncHttpClient-1-1] DEBUG o.a.netty.channel.DefaultChannelPool - Entry count for : http://localhost:54792 : 1
09:08:42.346 [AsyncHttpClient-1-1] DEBUG o.a.netty.channel.DefaultChannelPool - Adding Candidate expired Channel [id: 0xb1964884, L:/127.0.0.1:54791 ! R:localhost/127.0.0.1:57042] isIdleTimeoutExpired=false isRemotelyClosed=true isTtlExpired=false
09:08:42.346 [AsyncHttpClient-1-1] DEBUG o.a.netty.channel.DefaultChannelPool - Closing Idle Channel [id: 0xb1964884, L:/127.0.0.1:54791 ! R:localhost/127.0.0.1:57042]
09:08:42.346 [AsyncHttpClient-1-1] DEBUG o.a.netty.channel.DefaultChannelPool - Adding Candidate expired Channel [id: 0xd6738003, L:/127.0.0.1:54798 ! R:localhost/127.0.0.1:54792] isIdleTimeoutExpired=false isRemotelyClosed=true isTtlExpired=false
09:08:42.346 [AsyncHttpClient-1-1] DEBUG o.a.netty.channel.DefaultChannelPool - Closing Idle Channel [id: 0xd6738003, L:/127.0.0.1:54798 ! R:localhost/127.0.0.1:54792]
09:08:42.346 [AsyncHttpClient-1-1] DEBUG o.a.netty.channel.DefaultChannelPool - Closed 2 connections out of 2 in 0 ms
09:08:42.729 [main] INFO   - 
  _____   ___   ___   _____     ___     _     ___   ___   ___   ___  
 |_   _| | __| / __| |_   _|   | _ \   /_\   / __| / __| | __| |   \ 
   | |   | _|  \__ \   | |     |  _/  / _ \  \__ \ \__ \ | _|  | |) |
   |_|   |___| |___/   |_|     |_|   /_/ \_\ |___/ |___/ |___| |___/ 

Login to PEGA Site using User
----------------------------------------------------------------------
]]></system-out>
    <system-err><![CDATA[Starting ChromeDriver 99.0.4844.51 (d537ec02474b5afe23684e7963d538896c63ac77-refs/branch-heads/4844@{#875}) on port 57042
Only local connections are allowed.
Please see https://chromedriver.chromium.org/security-considerations for suggestions on keeping ChromeDriver safe.
ChromeDriver was started successfully.
Mar 30, 2022 9:08:13 AM org.openqa.selenium.remote.ProtocolHandshake createSession
INFO: Detected dialect: W3C
Mar 30, 2022 9:08:13 AM org.openqa.selenium.devtools.CdpVersionFinder findNearestMatch
WARNING: Unable to find an exact match for CDP version 99, so returning the closest version found: 96
Mar 30, 2022 9:08:13 AM org.openqa.selenium.devtools.CdpVersionFinder findNearestMatch
INFO: Found CDP implementation for version 99 of 96
]]></system-err>
  </testcase>
</testsuite>