<?xml version="1.0" encoding="UTF-8"?>
<testsuite xmlns:xsi="http://www.w3.org/2001/XMLSchema-instance" xsi:noNamespaceSchemaLocation="https://maven.apache.org/surefire/maven-failsafe-plugin/xsd/failsafe-test-report-3.0.xsd" version="3.0" name="testsuites.HCLSerenityTestRunner" time="93.18" tests="3" errors="0" skipped="0" failures="0">
  <properties>
    <property name="java.specification.version" value="15"/>
    <property name="webdriver.chrome.driver" value="C:\Users\DheyClaveria\.cache\selenium\chromedriver\win32\99.0.4844.51\chromedriver.exe"/>
    <property name="sun.cpu.isalist" value="amd64"/>
    <property name="sun.jnu.encoding" value="Cp1252"/>
    <property name="java.class.path" value="Z:\Automation\JavaCucumber\BDD_HCL\CucumberHCL\target\test-classes;C:\Users\DheyClaveria\.m2\repository\com\github\ralfstuckert\pdfbox-layout\pdfbox2-layout\1.0.1\pdfbox2-layout-1.0.1.jar;C:\Users\DheyClaveria\.m2\repository\org\apache\pdfbox\pdfbox\2.0.4\pdfbox-2.0.4.jar;C:\Users\DheyClaveria\.m2\repository\org\apache\pdfbox\fontbox\2.0.4\fontbox-2.0.4.jar;C:\Users\DheyClaveria\.m2\repository\commons-logging\commons-logging\1.2\commons-logging-1.2.jar;C:\Users\DheyClaveria\.m2\repository\io\rest-assured\rest-assured-all\4.3.2\rest-assured-all-4.3.2.jar;C:\Users\DheyClaveria\.m2\repository\org\codehaus\groovy\groovy\3.0.6\groovy-3.0.6.jar;C:\Users\DheyClaveria\.m2\repository\org\apache\commons\commons-lang3\3.11\commons-lang3-3.11.jar;C:\Users\DheyClaveria\.m2\repository\org\codehaus\groovy\groovy-xml\3.0.6\groovy-xml-3.0.6.jar;C:\Users\DheyClaveria\.m2\repository\org\ccil\cowan\tagsoup\tagsoup\1.2.1\tagsoup-1.2.1.jar;C:\Users\DheyClaveria\.m2\repository\jakarta\xml\bind\jakarta.xml.bind-api\2.3.3\jakarta.xml.bind-api-2.3.3.jar;C:\Users\DheyClaveria\.m2\repository\jakarta\activation\jakarta.activation-api\1.2.2\jakarta.activation-api-1.2.2.jar;C:\Users\DheyClaveria\.m2\repository\com\sun\xml\bind\jaxb-impl\2.3.3\jaxb-impl-2.3.3.jar;C:\Users\DheyClaveria\.m2\repository\org\codehaus\groovy\groovy-json\3.0.6\groovy-json-3.0.6.jar;C:\Users\DheyClaveria\.m2\repository\log4j\log4j\1.2.17\log4j-1.2.17.jar;C:\Users\DheyClaveria\.m2\repository\ch\qos\logback\logback-classic\1.1.3\logback-classic-1.1.3.jar;C:\Users\DheyClaveria\.m2\repository\ch\qos\logback\logback-core\1.1.3\logback-core-1.1.3.jar;C:\Users\DheyClaveria\.m2\repository\org\slf4j\slf4j-api\1.7.7\slf4j-api-1.7.7.jar;C:\Users\DheyClaveria\.m2\repository\org\json\json\20210307\json-20210307.jar;C:\Users\DheyClaveria\.m2\repository\com\ea\async\ea-async\1.2.3\ea-async-1.2.3.jar;C:\Users\DheyClaveria\.m2\repository\net\serenity-bdd\serenity-assertions\3.2.0\serenity-assertions-3.2.0.jar;C:\Users\DheyClaveria\.m2\repository\net\serenity-bdd\serenity-screenplay\3.2.0\serenity-screenplay-3.2.0.jar;C:\Users\DheyClaveria\.m2\repository\org\assertj\assertj-core\3.21.0\assertj-core-3.21.0.jar;C:\Users\DheyClaveria\.m2\repository\net\serenity-bdd\serenity-ensure\3.2.0\serenity-ensure-3.2.0.jar;C:\Users\DheyClaveria\.m2\repository\net\serenity-bdd\serenity-model\3.2.0\serenity-model-3.2.0.jar;C:\Users\DheyClaveria\.m2\repository\org\apache\commons\commons-text\1.9\commons-text-1.9.jar;C:\Users\DheyClaveria\.m2\repository\commons-net\commons-net\3.6\commons-net-3.6.jar;C:\Users\DheyClaveria\.m2\repository\com\google\inject\guice\5.0.1\guice-5.0.1.jar;C:\Users\DheyClaveria\.m2\repository\javax\inject\javax.inject\1\javax.inject-1.jar;C:\Users\DheyClaveria\.m2\repository\aopalliance\aopalliance\1.0\aopalliance-1.0.jar;C:\Users\DheyClaveria\.m2\repository\com\thoughtworks\xstream\xstream\1.4.19\xstream-1.4.19.jar;C:\Users\DheyClaveria\.m2\repository\io\github\x-stream\mxparser\1.2.2\mxparser-1.2.2.jar;C:\Users\DheyClaveria\.m2\repository\xmlpull\xmlpull\1.1.3.1\xmlpull-1.1.3.1.jar;C:\Users\DheyClaveria\.m2\repository\com\typesafe\config\1.3.1\config-1.3.1.jar;C:\Users\DheyClaveria\.m2\repository\org\imgscalr\imgscalr-lib\4.2\imgscalr-lib-4.2.jar;C:\Users\DheyClaveria\.m2\repository\org\awaitility\awaitility\4.1.0\awaitility-4.1.0.jar;C:\Users\DheyClaveria\.m2\repository\org\freemarker\freemarker\2.3.31\freemarker-2.3.31.jar;C:\Users\DheyClaveria\.m2\repository\io\github\classgraph\classgraph\4.8.138\classgraph-4.8.138.jar;C:\Users\DheyClaveria\.m2\repository\net\sourceforge\jexcelapi\jxl\2.6.12\jxl-2.6.12.jar;C:\Users\DheyClaveria\.m2\repository\net\bytebuddy\byte-buddy\1.12.3\byte-buddy-1.12.3.jar;C:\Users\DheyClaveria\.m2\repository\net\bytebuddy\byte-buddy-agent\1.12.3\byte-buddy-agent-1.12.3.jar;C:\Users\DheyClaveria\.m2\repository\org\objenesis\objenesis\3.1\objenesis-3.1.jar;C:\Users\DheyClaveria\.m2\repository\net\serenity-bdd\serenity-screenplay-webdriver\3.2.0\serenity-screenplay-webdriver-3.2.0.jar;C:\Users\DheyClaveria\.m2\repository\org\jetbrains\kotlin\kotlin-stdlib\1.6.0\kotlin-stdlib-1.6.0.jar;C:\Users\DheyClaveria\.m2\repository\org\jetbrains\annotations\13.0\annotations-13.0.jar;C:\Users\DheyClaveria\.m2\repository\org\jetbrains\kotlin\kotlin-stdlib-common\1.6.0\kotlin-stdlib-common-1.6.0.jar;C:\Users\DheyClaveria\.m2\repository\net\serenity-bdd\serenity-core\3.2.0\serenity-core-3.2.0.jar;C:\Users\DheyClaveria\.m2\repository\net\serenity-bdd\serenity-reports\3.2.0\serenity-reports-3.2.0.jar;C:\Users\DheyClaveria\.m2\repository\net\serenity-bdd\serenity-stats\3.2.0\serenity-stats-3.2.0.jar;C:\Users\DheyClaveria\.m2\repository\net\serenity-bdd\serenity-reports-configuration\3.2.0\serenity-reports-configuration-3.2.0.jar;C:\Users\DheyClaveria\.m2\repository\com\vladsch\flexmark\flexmark-all\0.34.30\flexmark-all-0.34.30.jar;C:\Users\DheyClaveria\.m2\repository\com\vladsch\flexmark\flexmark\0.34.30\flexmark-0.34.30.jar;C:\Users\DheyClaveria\.m2\repository\com\vladsch\flexmark\flexmark-ext-abbreviation\0.34.30\flexmark-ext-abbreviation-0.34.30.jar;C:\Users\DheyClaveria\.m2\repository\com\vladsch\flexmark\flexmark-ext-admonition\0.34.30\flexmark-ext-admonition-0.34.30.jar;C:\Users\DheyClaveria\.m2\repository\com\vladsch\flexmark\flexmark-ext-anchorlink\0.34.30\flexmark-ext-anchorlink-0.34.30.jar;C:\Users\DheyClaveria\.m2\repository\com\vladsch\flexmark\flexmark-ext-aside\0.34.30\flexmark-ext-aside-0.34.30.jar;C:\Users\DheyClaveria\.m2\repository\com\vladsch\flexmark\flexmark-ext-attributes\0.34.30\flexmark-ext-attributes-0.34.30.jar;C:\Users\DheyClaveria\.m2\repository\com\vladsch\flexmark\flexmark-ext-autolink\0.34.30\flexmark-ext-autolink-0.34.30.jar;C:\Users\DheyClaveria\.m2\repository\org\nibor\autolink\autolink\0.6.0\autolink-0.6.0.jar;C:\Users\DheyClaveria\.m2\repository\com\vladsch\flexmark\flexmark-ext-definition\0.34.30\flexmark-ext-definition-0.34.30.jar;C:\Users\DheyClaveria\.m2\repository\com\vladsch\flexmark\flexmark-ext-emoji\0.34.30\flexmark-ext-emoji-0.34.30.jar;C:\Users\DheyClaveria\.m2\repository\com\vladsch\flexmark\flexmark-ext-enumerated-reference\0.34.30\flexmark-ext-enumerated-reference-0.34.30.jar;C:\Users\DheyClaveria\.m2\repository\com\vladsch\flexmark\flexmark-ext-escaped-character\0.34.30\flexmark-ext-escaped-character-0.34.30.jar;C:\Users\DheyClaveria\.m2\repository\com\vladsch\flexmark\flexmark-ext-footnotes\0.34.30\flexmark-ext-footnotes-0.34.30.jar;C:\Users\DheyClaveria\.m2\repository\com\vladsch\flexmark\flexmark-ext-gfm-issues\0.34.30\flexmark-ext-gfm-issues-0.34.30.jar;C:\Users\DheyClaveria\.m2\repository\com\vladsch\flexmark\flexmark-ext-gfm-strikethrough\0.34.30\flexmark-ext-gfm-strikethrough-0.34.30.jar;C:\Users\DheyClaveria\.m2\repository\com\vladsch\flexmark\flexmark-ext-gfm-tables\0.34.30\flexmark-ext-gfm-tables-0.34.30.jar;C:\Users\DheyClaveria\.m2\repository\com\vladsch\flexmark\flexmark-ext-gfm-tasklist\0.34.30\flexmark-ext-gfm-tasklist-0.34.30.jar;C:\Users\DheyClaveria\.m2\repository\com\vladsch\flexmark\flexmark-ext-gfm-users\0.34.30\flexmark-ext-gfm-users-0.34.30.jar;C:\Users\DheyClaveria\.m2\repository\com\vladsch\flexmark\flexmark-ext-gitlab\0.34.30\flexmark-ext-gitlab-0.34.30.jar;C:\Users\DheyClaveria\.m2\repository\com\vladsch\flexmark\flexmark-ext-jekyll-front-matter\0.34.30\flexmark-ext-jekyll-front-matter-0.34.30.jar;C:\Users\DheyClaveria\.m2\repository\com\vladsch\flexmark\flexmark-ext-jekyll-tag\0.34.30\flexmark-ext-jekyll-tag-0.34.30.jar;C:\Users\DheyClaveria\.m2\repository\com\vladsch\flexmark\flexmark-ext-media-tags\0.34.30\flexmark-ext-media-tags-0.34.30.jar;C:\Users\DheyClaveria\.m2\repository\com\vladsch\flexmark\flexmark-test-util\0.34.30\flexmark-test-util-0.34.30.jar;C:\Users\DheyClaveria\.m2\repository\com\vladsch\flexmark\flexmark-ext-ins\0.34.30\flexmark-ext-ins-0.34.30.jar;C:\Users\DheyClaveria\.m2\repository\com\vladsch\flexmark\flexmark-ext-xwiki-macros\0.34.30\flexmark-ext-xwiki-macros-0.34.30.jar;C:\Users\DheyClaveria\.m2\repository\com\vladsch\flexmark\flexmark-ext-superscript\0.34.30\flexmark-ext-superscript-0.34.30.jar;C:\Users\DheyClaveria\.m2\repository\com\vladsch\flexmark\flexmark-ext-tables\0.34.30\flexmark-ext-tables-0.34.30.jar;C:\Users\DheyClaveria\.m2\repository\com\vladsch\flexmark\flexmark-ext-toc\0.34.30\flexmark-ext-toc-0.34.30.jar;C:\Users\DheyClaveria\.m2\repository\com\vladsch\flexmark\flexmark-ext-typographic\0.34.30\flexmark-ext-typographic-0.34.30.jar;C:\Users\DheyClaveria\.m2\repository\com\vladsch\flexmark\flexmark-ext-wikilink\0.34.30\flexmark-ext-wikilink-0.34.30.jar;C:\Users\DheyClaveria\.m2\repository\com\vladsch\flexmark\flexmark-ext-yaml-front-matter\0.34.30\flexmark-ext-yaml-front-matter-0.34.30.jar;C:\Users\DheyClaveria\.m2\repository\com\vladsch\flexmark\flexmark-ext-youtube-embedded\0.34.30\flexmark-ext-youtube-embedded-0.34.30.jar;C:\Users\DheyClaveria\.m2\repository\com\vladsch\flexmark\flexmark-formatter\0.34.30\flexmark-formatter-0.34.30.jar;C:\Users\DheyClaveria\.m2\repository\com\vladsch\flexmark\flexmark-html-parser\0.34.30\flexmark-html-parser-0.34.30.jar;C:\Users\DheyClaveria\.m2\repository\com\vladsch\flexmark\flexmark-jira-converter\0.34.30\flexmark-jira-converter-0.34.30.jar;C:\Users\DheyClaveria\.m2\repository\com\vladsch\flexmark\flexmark-pdf-converter\0.34.30\flexmark-pdf-converter-0.34.30.jar;C:\Users\DheyClaveria\.m2\repository\com\openhtmltopdf\openhtmltopdf-core\0.0.1-RC13\openhtmltopdf-core-0.0.1-RC13.jar;C:\Users\DheyClaveria\.m2\repository\com\openhtmltopdf\openhtmltopdf-pdfbox\0.0.1-RC13\openhtmltopdf-pdfbox-0.0.1-RC13.jar;C:\Users\DheyClaveria\.m2\repository\org\apache\pdfbox\xmpbox\2.0.8\xmpbox-2.0.8.jar;C:\Users\DheyClaveria\.m2\repository\com\openhtmltopdf\openhtmltopdf-rtl-support\0.0.1-RC13\openhtmltopdf-rtl-support-0.0.1-RC13.jar;C:\Users\DheyClaveria\.m2\repository\com\ibm\icu\icu4j\59.1\icu4j-59.1.jar;C:\Users\DheyClaveria\.m2\repository\com\openhtmltopdf\openhtmltopdf-jsoup-dom-converter\0.0.1-RC13\openhtmltopdf-jsoup-dom-converter-0.0.1-RC13.jar;C:\Users\DheyClaveria\.m2\repository\com\vladsch\flexmark\flexmark-profile-pegdown\0.34.30\flexmark-profile-pegdown-0.34.30.jar;C:\Users\DheyClaveria\.m2\repository\com\vladsch\flexmark\flexmark-util\0.34.30\flexmark-util-0.34.30.jar;C:\Users\DheyClaveria\.m2\repository\com\vladsch\flexmark\flexmark-youtrack-converter\0.34.30\flexmark-youtrack-converter-0.34.30.jar;C:\Users\DheyClaveria\.m2\repository\es\nitaur\markdown\txtmark\0.16\txtmark-0.16.jar;C:\Users\DheyClaveria\.m2\repository\net\serenity-bdd\serenity-report-resources\3.2.0\serenity-report-resources-3.2.0.jar;C:\Users\DheyClaveria\.m2\repository\com\google\code\gson\gson\2.8.9\gson-2.8.9.jar;C:\Users\DheyClaveria\.m2\repository\com\fasterxml\jackson\core\jackson-core\2.12.4\jackson-core-2.12.4.jar;C:\Users\DheyClaveria\.m2\repository\com\fasterxml\jackson\core\jackson-databind\2.12.4\jackson-databind-2.12.4.jar;C:\Users\DheyClaveria\.m2\repository\com\fasterxml\jackson\core\jackson-annotations\2.12.4\jackson-annotations-2.12.4.jar;C:\Users\DheyClaveria\.m2\repository\commons-codec\commons-codec\1.15\commons-codec-1.15.jar;C:\Users\DheyClaveria\.m2\repository\commons-io\commons-io\2.8.0\commons-io-2.8.0.jar;C:\Users\DheyClaveria\.m2\repository\org\seleniumhq\selenium\selenium-api\4.1.2\selenium-api-4.1.2.jar;C:\Users\DheyClaveria\.m2\repository\org\seleniumhq\selenium\selenium-support\4.1.2\selenium-support-4.1.2.jar;C:\Users\DheyClaveria\.m2\repository\org\seleniumhq\selenium\selenium-firefox-driver\4.1.2\selenium-firefox-driver-4.1.2.jar;C:\Users\DheyClaveria\.m2\repository\org\seleniumhq\selenium\selenium-edge-driver\4.1.2\selenium-edge-driver-4.1.2.jar;C:\Users\DheyClaveria\.m2\repository\org\seleniumhq\selenium\selenium-ie-driver\4.1.2\selenium-ie-driver-4.1.2.jar;C:\Users\DheyClaveria\.m2\repository\org\projectlombok\lombok\1.18.20\lombok-1.18.20.jar;C:\Users\DheyClaveria\.m2\repository\io\appium\java-client\8.0.0-beta2\java-client-8.0.0-beta2.jar;C:\Users\DheyClaveria\.m2\repository\commons-validator\commons-validator\1.7\commons-validator-1.7.jar;C:\Users\DheyClaveria\.m2\repository\commons-digester\commons-digester\2.1\commons-digester-2.1.jar;C:\Users\DheyClaveria\.m2\repository\org\aspectj\aspectjweaver\1.9.7\aspectjweaver-1.9.7.jar;C:\Users\DheyClaveria\.m2\repository\net\sf\opencsv\opencsv\2.0\opencsv-2.0.jar;C:\Users\DheyClaveria\.m2\repository\commons-beanutils\commons-beanutils\1.9.4\commons-beanutils-1.9.4.jar;C:\Users\DheyClaveria\.m2\repository\commons-collections\commons-collections\3.2.2\commons-collections-3.2.2.jar;C:\Users\DheyClaveria\.m2\repository\org\fluentlenium\fluentlenium-core\0.10.2\fluentlenium-core-0.10.2.jar;C:\Users\DheyClaveria\.m2\repository\com\jhlabs\filters\2.0.235\filters-2.0.235.jar;C:\Users\DheyClaveria\.m2\repository\com\paulhammant\ngwebdriver\1.1.5\ngwebdriver-1.1.5.jar;C:\Users\DheyClaveria\.m2\repository\joda-time\joda-time\2.8.2\joda-time-2.8.2.jar;C:\Users\DheyClaveria\.m2\repository\org\hamcrest\hamcrest\2.2\hamcrest-2.2.jar;C:\Users\DheyClaveria\.m2\repository\com\google\jimfs\jimfs\1.1\jimfs-1.1.jar;C:\Users\DheyClaveria\.m2\repository\org\mockito\mockito-core\3.3.3\mockito-core-3.3.3.jar;C:\Users\DheyClaveria\.m2\repository\javax\xml\bind\jaxb-api\2.3.1\jaxb-api-2.3.1.jar;C:\Users\DheyClaveria\.m2\repository\javax\activation\javax.activation-api\1.2.0\javax.activation-api-1.2.0.jar;C:\Users\DheyClaveria\.m2\repository\com\sun\xml\bind\jaxb-core\2.3.0.1\jaxb-core-2.3.0.1.jar;C:\Users\DheyClaveria\.m2\repository\javax\activation\activation\1.1.1\activation-1.1.1.jar;C:\Users\DheyClaveria\.m2\repository\net\serenity-bdd\serenity-junit\3.2.0\serenity-junit-3.2.0.jar;C:\Users\DheyClaveria\.m2\repository\net\serenity-bdd\serenity-cucumber\3.2.0\serenity-cucumber-3.2.0.jar;C:\Users\DheyClaveria\.m2\repository\org\apache\commons\commons-csv\1.5\commons-csv-1.5.jar;C:\Users\DheyClaveria\.m2\repository\net\serenity-bdd\serenity-rest-assured\3.2.0\serenity-rest-assured-3.2.0.jar;C:\Users\DheyClaveria\.m2\repository\org\apache\httpcomponents\httpclient\4.5.13\httpclient-4.5.13.jar;C:\Users\DheyClaveria\.m2\repository\org\apache\httpcomponents\httpcore\4.4.13\httpcore-4.4.13.jar;C:\Users\DheyClaveria\.m2\repository\io\rest-assured\rest-assured\4.4.0\rest-assured-4.4.0.jar;C:\Users\DheyClaveria\.m2\repository\org\apache\httpcomponents\httpmime\4.5.13\httpmime-4.5.13.jar;C:\Users\DheyClaveria\.m2\repository\io\rest-assured\json-path\4.4.0\json-path-4.4.0.jar;C:\Users\DheyClaveria\.m2\repository\io\rest-assured\rest-assured-common\4.4.0\rest-assured-common-4.4.0.jar;C:\Users\DheyClaveria\.m2\repository\io\rest-assured\xml-path\4.4.0\xml-path-4.4.0.jar;C:\Users\DheyClaveria\.m2\repository\org\opentest4j\opentest4j\1.2.0\opentest4j-1.2.0.jar;C:\Users\DheyClaveria\.m2\repository\io\cucumber\cucumber-java\7.2.3\cucumber-java-7.2.3.jar;C:\Users\DheyClaveria\.m2\repository\org\apiguardian\apiguardian-api\1.1.2\apiguardian-api-1.1.2.jar;C:\Users\DheyClaveria\.m2\repository\io\cucumber\cucumber-junit\7.2.3\cucumber-junit-7.2.3.jar;C:\Users\DheyClaveria\.m2\repository\io\cucumber\cucumber-core\7.2.3\cucumber-core-7.2.3.jar;C:\Users\DheyClaveria\.m2\repository\io\cucumber\cucumber-gherkin-messages\7.2.3\cucumber-gherkin-messages-7.2.3.jar;C:\Users\DheyClaveria\.m2\repository\io\cucumber\messages\17.1.1\messages-17.1.1.jar;C:\Users\DheyClaveria\.m2\repository\io\cucumber\tag-expressions\4.1.0\tag-expressions-4.1.0.jar;C:\Users\DheyClaveria\.m2\repository\io\cucumber\cucumber-expressions\15.0.1\cucumber-expressions-15.0.1.jar;C:\Users\DheyClaveria\.m2\repository\io\cucumber\datatable\7.2.3\datatable-7.2.3.jar;C:\Users\DheyClaveria\.m2\repository\io\cucumber\cucumber-plugin\7.2.3\cucumber-plugin-7.2.3.jar;C:\Users\DheyClaveria\.m2\repository\io\cucumber\docstring\7.2.3\docstring-7.2.3.jar;C:\Users\DheyClaveria\.m2\repository\io\cucumber\html-formatter\17.0.0\html-formatter-17.0.0.jar;C:\Users\DheyClaveria\.m2\repository\io\cucumber\ci-environment\8.1.0\ci-environment-8.1.0.jar;C:\Users\DheyClaveria\.m2\repository\io\cucumber\cucumber-junit-platform-engine\7.2.3\cucumber-junit-platform-engine-7.2.3.jar;C:\Users\DheyClaveria\.m2\repository\org\junit\platform\junit-platform-engine\1.8.2\junit-platform-engine-1.8.2.jar;C:\Users\DheyClaveria\.m2\repository\org\junit\platform\junit-platform-commons\1.8.2\junit-platform-commons-1.8.2.jar;C:\Users\DheyClaveria\.m2\repository\net\masterthought\cucumber-reporting\5.7.0\cucumber-reporting-5.7.0.jar;C:\Users\DheyClaveria\.m2\repository\com\fasterxml\jackson\datatype\jackson-datatype-jsr310\2.13.0\jackson-datatype-jsr310-2.13.0.jar;C:\Users\DheyClaveria\.m2\repository\org\apache\velocity\velocity-engine-core\2.3\velocity-engine-core-2.3.jar;C:\Users\DheyClaveria\.m2\repository\org\codehaus\plexus\plexus-utils\3.3.0\plexus-utils-3.3.0.jar;C:\Users\DheyClaveria\.m2\repository\org\jsoup\jsoup\1.14.2\jsoup-1.14.2.jar;C:\Users\DheyClaveria\.m2\repository\com\google\guava\guava\30.1.1-jre\guava-30.1.1-jre.jar;C:\Users\DheyClaveria\.m2\repository\com\google\guava\failureaccess\1.0.1\failureaccess-1.0.1.jar;C:\Users\DheyClaveria\.m2\repository\com\google\guava\listenablefuture\9999.0-empty-to-avoid-conflict-with-guava\listenablefuture-9999.0-empty-to-avoid-conflict-with-guava.jar;C:\Users\DheyClaveria\.m2\repository\com\google\code\findbugs\jsr305\3.0.2\jsr305-3.0.2.jar;C:\Users\DheyClaveria\.m2\repository\org\checkerframework\checker-qual\3.8.0\checker-qual-3.8.0.jar;C:\Users\DheyClaveria\.m2\repository\com\google\errorprone\error_prone_annotations\2.5.1\error_prone_annotations-2.5.1.jar;C:\Users\DheyClaveria\.m2\repository\com\google\j2objc\j2objc-annotations\1.3\j2objc-annotations-1.3.jar;C:\Users\DheyClaveria\.m2\repository\com\googlecode\owasp-java-html-sanitizer\owasp-java-html-sanitizer\20211018.2\owasp-java-html-sanitizer-20211018.2.jar;C:\Users\DheyClaveria\.m2\repository\commons-configuration\commons-configuration\1.10\commons-configuration-1.10.jar;C:\Users\DheyClaveria\.m2\repository\commons-lang\commons-lang\2.6\commons-lang-2.6.jar;C:\Users\DheyClaveria\.m2\repository\io\cucumber\cucumber-html\0.2.7\cucumber-html-0.2.7.jar;C:\Users\DheyClaveria\.m2\repository\io\cucumber\cucumber-gherkin\7.2.3\cucumber-gherkin-7.2.3.jar;C:\Users\DheyClaveria\.m2\repository\org\hamcrest\hamcrest-core\2.2\hamcrest-core-2.2.jar;C:\Users\DheyClaveria\.m2\repository\junit\junit\4.13.1\junit-4.13.1.jar;C:\Users\DheyClaveria\.m2\repository\org\junit\platform\junit-platform-suite\1.8.2\junit-platform-suite-1.8.2.jar;C:\Users\DheyClaveria\.m2\repository\org\junit\platform\junit-platform-suite-api\1.8.2\junit-platform-suite-api-1.8.2.jar;C:\Users\DheyClaveria\.m2\repository\org\junit\platform\junit-platform-suite-engine\1.8.2\junit-platform-suite-engine-1.8.2.jar;C:\Users\DheyClaveria\.m2\repository\org\junit\platform\junit-platform-suite-commons\1.8.2\junit-platform-suite-commons-1.8.2.jar;C:\Users\DheyClaveria\.m2\repository\org\junit\platform\junit-platform-launcher\1.8.2\junit-platform-launcher-1.8.2.jar;C:\Users\DheyClaveria\.m2\repository\org\junit\jupiter\junit-jupiter\5.8.2\junit-jupiter-5.8.2.jar;C:\Users\DheyClaveria\.m2\repository\org\junit\jupiter\junit-jupiter-api\5.8.2\junit-jupiter-api-5.8.2.jar;C:\Users\DheyClaveria\.m2\repository\org\junit\jupiter\junit-jupiter-params\5.8.2\junit-jupiter-params-5.8.2.jar;C:\Users\DheyClaveria\.m2\repository\org\junit\jupiter\junit-jupiter-engine\5.8.2\junit-jupiter-engine-5.8.2.jar;C:\Users\DheyClaveria\.m2\repository\org\junit\vintage\junit-vintage-engine\5.8.2\junit-vintage-engine-5.8.2.jar;C:\Users\DheyClaveria\.m2\repository\info\cukes\cucumber-java\1.2.5\cucumber-java-1.2.5.jar;C:\Users\DheyClaveria\.m2\repository\info\cukes\cucumber-core\1.2.5\cucumber-core-1.2.5.jar;C:\Users\DheyClaveria\.m2\repository\info\cukes\cucumber-html\0.2.3\cucumber-html-0.2.3.jar;C:\Users\DheyClaveria\.m2\repository\info\cukes\cucumber-jvm-deps\1.0.5\cucumber-jvm-deps-1.0.5.jar;C:\Users\DheyClaveria\.m2\repository\info\cukes\gherkin\2.12.2\gherkin-2.12.2.jar;C:\Users\DheyClaveria\.m2\repository\info\cukes\cucumber-junit\1.2.5\cucumber-junit-1.2.5.jar;C:\Users\DheyClaveria\.m2\repository\org\seleniumhq\selenium\selenium-java\4.1.1\selenium-java-4.1.1.jar;C:\Users\DheyClaveria\.m2\repository\org\seleniumhq\selenium\selenium-devtools-v85\4.1.1\selenium-devtools-v85-4.1.1.jar;C:\Users\DheyClaveria\.m2\repository\org\seleniumhq\selenium\selenium-devtools-v94\4.1.1\selenium-devtools-v94-4.1.1.jar;C:\Users\DheyClaveria\.m2\repository\org\seleniumhq\selenium\selenium-devtools-v95\4.1.1\selenium-devtools-v95-4.1.1.jar;C:\Users\DheyClaveria\.m2\repository\org\seleniumhq\selenium\selenium-devtools-v96\4.1.1\selenium-devtools-v96-4.1.1.jar;C:\Users\DheyClaveria\.m2\repository\org\seleniumhq\selenium\selenium-firefox-xpi-driver\4.1.1\selenium-firefox-xpi-driver-4.1.1.jar;C:\Users\DheyClaveria\.m2\repository\org\seleniumhq\selenium\selenium-opera-driver\4.1.1\selenium-opera-driver-4.1.1.jar;C:\Users\DheyClaveria\.m2\repository\org\seleniumhq\selenium\selenium-remote-driver\4.1.1\selenium-remote-driver-4.1.1.jar;C:\Users\DheyClaveria\.m2\repository\io\netty\netty-buffer\4.1.70.Final\netty-buffer-4.1.70.Final.jar;C:\Users\DheyClaveria\.m2\repository\io\netty\netty-codec-http\4.1.70.Final\netty-codec-http-4.1.70.Final.jar;C:\Users\DheyClaveria\.m2\repository\io\netty\netty-codec\4.1.70.Final\netty-codec-4.1.70.Final.jar;C:\Users\DheyClaveria\.m2\repository\io\netty\netty-handler\4.1.70.Final\netty-handler-4.1.70.Final.jar;C:\Users\DheyClaveria\.m2\repository\io\netty\netty-common\4.1.70.Final\netty-common-4.1.70.Final.jar;C:\Users\DheyClaveria\.m2\repository\io\netty\netty-transport-classes-epoll\4.1.70.Final\netty-transport-classes-epoll-4.1.70.Final.jar;C:\Users\DheyClaveria\.m2\repository\io\netty\netty-transport-classes-kqueue\4.1.70.Final\netty-transport-classes-kqueue-4.1.70.Final.jar;C:\Users\DheyClaveria\.m2\repository\io\netty\netty-transport-native-unix-common\4.1.70.Final\netty-transport-native-unix-common-4.1.70.Final.jar;C:\Users\DheyClaveria\.m2\repository\io\netty\netty-transport\4.1.70.Final\netty-transport-4.1.70.Final.jar;C:\Users\DheyClaveria\.m2\repository\io\netty\netty-resolver\4.1.70.Final\netty-resolver-4.1.70.Final.jar;C:\Users\DheyClaveria\.m2\repository\io\opentelemetry\opentelemetry-api\1.9.1\opentelemetry-api-1.9.1.jar;C:\Users\DheyClaveria\.m2\repository\io\opentelemetry\opentelemetry-context\1.9.1\opentelemetry-context-1.9.1.jar;C:\Users\DheyClaveria\.m2\repository\io\opentelemetry\opentelemetry-exporter-logging\1.9.1\opentelemetry-exporter-logging-1.9.1.jar;C:\Users\DheyClaveria\.m2\repository\io\opentelemetry\opentelemetry-sdk-metrics\1.9.1-alpha\opentelemetry-sdk-metrics-1.9.1-alpha.jar;C:\Users\DheyClaveria\.m2\repository\io\opentelemetry\opentelemetry-sdk-logs\1.9.1-alpha\opentelemetry-sdk-logs-1.9.1-alpha.jar;C:\Users\DheyClaveria\.m2\repository\io\opentelemetry\opentelemetry-sdk-common\1.9.1\opentelemetry-sdk-common-1.9.1.jar;C:\Users\DheyClaveria\.m2\repository\io\opentelemetry\opentelemetry-sdk-extension-autoconfigure-spi\1.9.1\opentelemetry-sdk-extension-autoconfigure-spi-1.9.1.jar;C:\Users\DheyClaveria\.m2\repository\io\opentelemetry\opentelemetry-sdk-extension-autoconfigure\1.9.1-alpha\opentelemetry-sdk-extension-autoconfigure-1.9.1-alpha.jar;C:\Users\DheyClaveria\.m2\repository\io\opentelemetry\opentelemetry-sdk-trace\1.9.1\opentelemetry-sdk-trace-1.9.1.jar;C:\Users\DheyClaveria\.m2\repository\io\opentelemetry\opentelemetry-api-metrics\1.9.1-alpha\opentelemetry-api-metrics-1.9.1-alpha.jar;C:\Users\DheyClaveria\.m2\repository\io\opentelemetry\opentelemetry-sdk\1.9.1\opentelemetry-sdk-1.9.1.jar;C:\Users\DheyClaveria\.m2\repository\io\opentelemetry\opentelemetry-semconv\1.9.1-alpha\opentelemetry-semconv-1.9.1-alpha.jar;C:\Users\DheyClaveria\.m2\repository\io\ous\jtoml\2.0.0\jtoml-2.0.0.jar;C:\Users\DheyClaveria\.m2\repository\org\apache\commons\commons-exec\1.3\commons-exec-1.3.jar;C:\Users\DheyClaveria\.m2\repository\org\asynchttpclient\async-http-client\2.12.3\async-http-client-2.12.3.jar;C:\Users\DheyClaveria\.m2\repository\org\asynchttpclient\async-http-client-netty-utils\2.12.3\async-http-client-netty-utils-2.12.3.jar;C:\Users\DheyClaveria\.m2\repository\io\netty\netty-codec-socks\4.1.60.Final\netty-codec-socks-4.1.60.Final.jar;C:\Users\DheyClaveria\.m2\repository\io\netty\netty-handler-proxy\4.1.60.Final\netty-handler-proxy-4.1.60.Final.jar;C:\Users\DheyClaveria\.m2\repository\io\netty\netty-transport-native-epoll\4.1.60.Final\netty-transport-native-epoll-4.1.60.Final-linux-x86_64.jar;C:\Users\DheyClaveria\.m2\repository\io\netty\netty-transport-native-kqueue\4.1.60.Final\netty-transport-native-kqueue-4.1.60.Final-osx-x86_64.jar;C:\Users\DheyClaveria\.m2\repository\org\reactivestreams\reactive-streams\1.0.3\reactive-streams-1.0.3.jar;C:\Users\DheyClaveria\.m2\repository\com\typesafe\netty\netty-reactive-streams\2.0.4\netty-reactive-streams-2.0.4.jar;C:\Users\DheyClaveria\.m2\repository\com\sun\activation\jakarta.activation\1.2.2\jakarta.activation-1.2.2.jar;C:\Users\DheyClaveria\.m2\repository\org\seleniumhq\selenium\selenium-http\4.1.1\selenium-http-4.1.1.jar;C:\Users\DheyClaveria\.m2\repository\net\jodah\failsafe\2.4.4\failsafe-2.4.4.jar;C:\Users\DheyClaveria\.m2\repository\org\seleniumhq\selenium\selenium-safari-driver\4.1.1\selenium-safari-driver-4.1.1.jar;C:\Users\DheyClaveria\.m2\repository\org\seleniumhq\selenium\selenium-chrome-driver\4.1.1\selenium-chrome-driver-4.1.1.jar;C:\Users\DheyClaveria\.m2\repository\com\google\auto\service\auto-service-annotations\1.0.1\auto-service-annotations-1.0.1.jar;C:\Users\DheyClaveria\.m2\repository\com\google\auto\service\auto-service\1.0.1\auto-service-1.0.1.jar;C:\Users\DheyClaveria\.m2\repository\com\google\auto\auto-common\1.2\auto-common-1.2.jar;C:\Users\DheyClaveria\.m2\repository\org\seleniumhq\selenium\selenium-chromium-driver\4.1.1\selenium-chromium-driver-4.1.1.jar;C:\Users\DheyClaveria\.m2\repository\org\seleniumhq\selenium\selenium-json\4.1.1\selenium-json-4.1.1.jar;C:\Users\DheyClaveria\.m2\repository\io\github\bonigarcia\webdrivermanager\4.2.2\webdrivermanager-4.2.2.jar;C:\Users\DheyClaveria\.m2\repository\org\apache\httpcomponents\client5\httpclient5\5.0.1\httpclient5-5.0.1.jar;C:\Users\DheyClaveria\.m2\repository\org\apache\httpcomponents\core5\httpcore5\5.0.1\httpcore5-5.0.1.jar;C:\Users\DheyClaveria\.m2\repository\org\apache\httpcomponents\core5\httpcore5-h2\5.0.1\httpcore5-h2-5.0.1.jar;C:\Users\DheyClaveria\.m2\repository\org\rauschig\jarchivelib\1.1.0\jarchivelib-1.1.0.jar;C:\Users\DheyClaveria\.m2\repository\tech\grasshopper\extentreports-cucumber7-adapter\1.3.0\extentreports-cucumber7-adapter-1.3.0.jar;C:\Users\DheyClaveria\.m2\repository\com\aventstack\extentreports\5.0.9\extentreports-5.0.9.jar;C:\Users\DheyClaveria\.m2\repository\io\reactivex\rxjava3\rxjava\3.0.4\rxjava-3.0.4.jar;C:\Users\DheyClaveria\.m2\repository\tech\grasshopper\extent-pdf-report\2.1.0\extent-pdf-report-2.1.0.jar;C:\Users\DheyClaveria\.m2\repository\tech\grasshopper\cucumber-pdf-report\2.5.0\cucumber-pdf-report-2.5.0.jar;C:\Users\DheyClaveria\.m2\repository\org\knowm\xchart\xchart\3.8.0\xchart-3.8.0.jar;C:\Users\DheyClaveria\.m2\repository\de\erichseifert\vectorgraphics2d\VectorGraphics2D\0.13\VectorGraphics2D-0.13.jar;C:\Users\DheyClaveria\.m2\repository\de\rototor\pdfbox\graphics2d\0.30\graphics2d-0.30.jar;C:\Users\DheyClaveria\.m2\repository\com\madgag\animated-gif-lib\1.4\animated-gif-lib-1.4.jar;C:\Users\DheyClaveria\.m2\repository\org\yaml\snakeyaml\1.28\snakeyaml-1.28.jar;C:\Users\DheyClaveria\.m2\repository\tech\grasshopper\table-layout\1.4.0\table-layout-1.4.0.jar;C:\Users\DheyClaveria\.m2\repository\tech\grasshopper\rest-assured-cucumber-pdf-report\1.1.0\rest-assured-cucumber-pdf-report-1.1.0.jar;C:\Users\DheyClaveria\.m2\repository\com\aventstack\klov-reporter\5.0.9\klov-reporter-5.0.9.jar;C:\Users\DheyClaveria\.m2\repository\org\mongodb\mongodb-driver\3.6.4\mongodb-driver-3.6.4.jar;C:\Users\DheyClaveria\.m2\repository\org\mongodb\mongodb-driver-core\3.6.4\mongodb-driver-core-3.6.4.jar;C:\Users\DheyClaveria\.m2\repository\org\mongodb\bson\3.6.4\bson-3.6.4.jar;C:\Users\DheyClaveria\.m2\repository\tech\grasshopper\htmlextentreporter\1.0.0\htmlextentreporter-1.0.0.jar;C:\Users\DheyClaveria\.m2\repository\org\testng\testng\6.14.3\testng-6.14.3.jar;C:\Users\DheyClaveria\.m2\repository\com\beust\jcommander\1.72\jcommander-1.72.jar;C:\Users\DheyClaveria\.m2\repository\org\apache-extras\beanshell\bsh\2.0b6\bsh-2.0b6.jar;C:\Users\DheyClaveria\.m2\repository\io\cucumber\cucumber-testng\7.2.3\cucumber-testng-7.2.3.jar;C:\Users\DheyClaveria\.m2\repository\org\apache\poi\poi\5.2.1\poi-5.2.1.jar;C:\Users\DheyClaveria\.m2\repository\org\apache\commons\commons-collections4\4.4\commons-collections4-4.4.jar;C:\Users\DheyClaveria\.m2\repository\org\apache\commons\commons-math3\3.6.1\commons-math3-3.6.1.jar;C:\Users\DheyClaveria\.m2\repository\com\zaxxer\SparseBitSet\1.2\SparseBitSet-1.2.jar;C:\Users\DheyClaveria\.m2\repository\org\apache\logging\log4j\log4j-api\2.17.1\log4j-api-2.17.1.jar;C:\Users\DheyClaveria\.m2\repository\org\apache\poi\poi-ooxml\5.2.1\poi-ooxml-5.2.1.jar;C:\Users\DheyClaveria\.m2\repository\org\apache\poi\poi-ooxml-lite\5.2.1\poi-ooxml-lite-5.2.1.jar;C:\Users\DheyClaveria\.m2\repository\org\apache\xmlbeans\xmlbeans\5.0.3\xmlbeans-5.0.3.jar;C:\Users\DheyClaveria\.m2\repository\org\apache\commons\commons-compress\1.21\commons-compress-1.21.jar;C:\Users\DheyClaveria\.m2\repository\com\github\virtuald\curvesapi\1.07\curvesapi-1.07.jar;"/>
    <property name="java.vm.vendor" value="Oracle Corporation"/>
    <property name="sun.arch.data.model" value="64"/>
    <property name="user.variant" value=""/>
    <property name="java.vendor.url" value="https://java.oracle.com/"/>
    <property name="user.timezone" value="Asia/Shanghai"/>
    <property name="os.name" value="Windows 10"/>
    <property name="java.vm.specification.version" value="15"/>
    <property name="sun.java.launcher" value="SUN_STANDARD"/>
    <property name="user.country" value="US"/>
    <property name="sun.boot.library.path" value="C:\Program Files\Java\jdk-15.0.1\bin"/>
    <property name="sun.java.command" value="org.apache.maven.surefire.booter.ForkedBooter C:\Users\DheyClaveria\AppData\Local\Temp\surefire7265320260480150156 2022-03-23T16-10-39_809-jvmRun1 surefire17246350666783992084tmp surefire_018121134872590092661tmp"/>
    <property name="jdk.debug" value="release"/>
    <property name="surefire.test.class.path" value="Z:\Automation\JavaCucumber\BDD_HCL\CucumberHCL\target\test-classes;C:\Users\DheyClaveria\.m2\repository\com\github\ralfstuckert\pdfbox-layout\pdfbox2-layout\1.0.1\pdfbox2-layout-1.0.1.jar;C:\Users\DheyClaveria\.m2\repository\org\apache\pdfbox\pdfbox\2.0.4\pdfbox-2.0.4.jar;C:\Users\DheyClaveria\.m2\repository\org\apache\pdfbox\fontbox\2.0.4\fontbox-2.0.4.jar;C:\Users\DheyClaveria\.m2\repository\commons-logging\commons-logging\1.2\commons-logging-1.2.jar;C:\Users\DheyClaveria\.m2\repository\io\rest-assured\rest-assured-all\4.3.2\rest-assured-all-4.3.2.jar;C:\Users\DheyClaveria\.m2\repository\org\codehaus\groovy\groovy\3.0.6\groovy-3.0.6.jar;C:\Users\DheyClaveria\.m2\repository\org\apache\commons\commons-lang3\3.11\commons-lang3-3.11.jar;C:\Users\DheyClaveria\.m2\repository\org\codehaus\groovy\groovy-xml\3.0.6\groovy-xml-3.0.6.jar;C:\Users\DheyClaveria\.m2\repository\org\ccil\cowan\tagsoup\tagsoup\1.2.1\tagsoup-1.2.1.jar;C:\Users\DheyClaveria\.m2\repository\jakarta\xml\bind\jakarta.xml.bind-api\2.3.3\jakarta.xml.bind-api-2.3.3.jar;C:\Users\DheyClaveria\.m2\repository\jakarta\activation\jakarta.activation-api\1.2.2\jakarta.activation-api-1.2.2.jar;C:\Users\DheyClaveria\.m2\repository\com\sun\xml\bind\jaxb-impl\2.3.3\jaxb-impl-2.3.3.jar;C:\Users\DheyClaveria\.m2\repository\org\codehaus\groovy\groovy-json\3.0.6\groovy-json-3.0.6.jar;C:\Users\DheyClaveria\.m2\repository\log4j\log4j\1.2.17\log4j-1.2.17.jar;C:\Users\DheyClaveria\.m2\repository\ch\qos\logback\logback-classic\1.1.3\logback-classic-1.1.3.jar;C:\Users\DheyClaveria\.m2\repository\ch\qos\logback\logback-core\1.1.3\logback-core-1.1.3.jar;C:\Users\DheyClaveria\.m2\repository\org\slf4j\slf4j-api\1.7.7\slf4j-api-1.7.7.jar;C:\Users\DheyClaveria\.m2\repository\org\json\json\20210307\json-20210307.jar;C:\Users\DheyClaveria\.m2\repository\com\ea\async\ea-async\1.2.3\ea-async-1.2.3.jar;C:\Users\DheyClaveria\.m2\repository\net\serenity-bdd\serenity-assertions\3.2.0\serenity-assertions-3.2.0.jar;C:\Users\DheyClaveria\.m2\repository\net\serenity-bdd\serenity-screenplay\3.2.0\serenity-screenplay-3.2.0.jar;C:\Users\DheyClaveria\.m2\repository\org\assertj\assertj-core\3.21.0\assertj-core-3.21.0.jar;C:\Users\DheyClaveria\.m2\repository\net\serenity-bdd\serenity-ensure\3.2.0\serenity-ensure-3.2.0.jar;C:\Users\DheyClaveria\.m2\repository\net\serenity-bdd\serenity-model\3.2.0\serenity-model-3.2.0.jar;C:\Users\DheyClaveria\.m2\repository\org\apache\commons\commons-text\1.9\commons-text-1.9.jar;C:\Users\DheyClaveria\.m2\repository\commons-net\commons-net\3.6\commons-net-3.6.jar;C:\Users\DheyClaveria\.m2\repository\com\google\inject\guice\5.0.1\guice-5.0.1.jar;C:\Users\DheyClaveria\.m2\repository\javax\inject\javax.inject\1\javax.inject-1.jar;C:\Users\DheyClaveria\.m2\repository\aopalliance\aopalliance\1.0\aopalliance-1.0.jar;C:\Users\DheyClaveria\.m2\repository\com\thoughtworks\xstream\xstream\1.4.19\xstream-1.4.19.jar;C:\Users\DheyClaveria\.m2\repository\io\github\x-stream\mxparser\1.2.2\mxparser-1.2.2.jar;C:\Users\DheyClaveria\.m2\repository\xmlpull\xmlpull\1.1.3.1\xmlpull-1.1.3.1.jar;C:\Users\DheyClaveria\.m2\repository\com\typesafe\config\1.3.1\config-1.3.1.jar;C:\Users\DheyClaveria\.m2\repository\org\imgscalr\imgscalr-lib\4.2\imgscalr-lib-4.2.jar;C:\Users\DheyClaveria\.m2\repository\org\awaitility\awaitility\4.1.0\awaitility-4.1.0.jar;C:\Users\DheyClaveria\.m2\repository\org\freemarker\freemarker\2.3.31\freemarker-2.3.31.jar;C:\Users\DheyClaveria\.m2\repository\io\github\classgraph\classgraph\4.8.138\classgraph-4.8.138.jar;C:\Users\DheyClaveria\.m2\repository\net\sourceforge\jexcelapi\jxl\2.6.12\jxl-2.6.12.jar;C:\Users\DheyClaveria\.m2\repository\net\bytebuddy\byte-buddy\1.12.3\byte-buddy-1.12.3.jar;C:\Users\DheyClaveria\.m2\repository\net\bytebuddy\byte-buddy-agent\1.12.3\byte-buddy-agent-1.12.3.jar;C:\Users\DheyClaveria\.m2\repository\org\objenesis\objenesis\3.1\objenesis-3.1.jar;C:\Users\DheyClaveria\.m2\repository\net\serenity-bdd\serenity-screenplay-webdriver\3.2.0\serenity-screenplay-webdriver-3.2.0.jar;C:\Users\DheyClaveria\.m2\repository\org\jetbrains\kotlin\kotlin-stdlib\1.6.0\kotlin-stdlib-1.6.0.jar;C:\Users\DheyClaveria\.m2\repository\org\jetbrains\annotations\13.0\annotations-13.0.jar;C:\Users\DheyClaveria\.m2\repository\org\jetbrains\kotlin\kotlin-stdlib-common\1.6.0\kotlin-stdlib-common-1.6.0.jar;C:\Users\DheyClaveria\.m2\repository\net\serenity-bdd\serenity-core\3.2.0\serenity-core-3.2.0.jar;C:\Users\DheyClaveria\.m2\repository\net\serenity-bdd\serenity-reports\3.2.0\serenity-reports-3.2.0.jar;C:\Users\DheyClaveria\.m2\repository\net\serenity-bdd\serenity-stats\3.2.0\serenity-stats-3.2.0.jar;C:\Users\DheyClaveria\.m2\repository\net\serenity-bdd\serenity-reports-configuration\3.2.0\serenity-reports-configuration-3.2.0.jar;C:\Users\DheyClaveria\.m2\repository\com\vladsch\flexmark\flexmark-all\0.34.30\flexmark-all-0.34.30.jar;C:\Users\DheyClaveria\.m2\repository\com\vladsch\flexmark\flexmark\0.34.30\flexmark-0.34.30.jar;C:\Users\DheyClaveria\.m2\repository\com\vladsch\flexmark\flexmark-ext-abbreviation\0.34.30\flexmark-ext-abbreviation-0.34.30.jar;C:\Users\DheyClaveria\.m2\repository\com\vladsch\flexmark\flexmark-ext-admonition\0.34.30\flexmark-ext-admonition-0.34.30.jar;C:\Users\DheyClaveria\.m2\repository\com\vladsch\flexmark\flexmark-ext-anchorlink\0.34.30\flexmark-ext-anchorlink-0.34.30.jar;C:\Users\DheyClaveria\.m2\repository\com\vladsch\flexmark\flexmark-ext-aside\0.34.30\flexmark-ext-aside-0.34.30.jar;C:\Users\DheyClaveria\.m2\repository\com\vladsch\flexmark\flexmark-ext-attributes\0.34.30\flexmark-ext-attributes-0.34.30.jar;C:\Users\DheyClaveria\.m2\repository\com\vladsch\flexmark\flexmark-ext-autolink\0.34.30\flexmark-ext-autolink-0.34.30.jar;C:\Users\DheyClaveria\.m2\repository\org\nibor\autolink\autolink\0.6.0\autolink-0.6.0.jar;C:\Users\DheyClaveria\.m2\repository\com\vladsch\flexmark\flexmark-ext-definition\0.34.30\flexmark-ext-definition-0.34.30.jar;C:\Users\DheyClaveria\.m2\repository\com\vladsch\flexmark\flexmark-ext-emoji\0.34.30\flexmark-ext-emoji-0.34.30.jar;C:\Users\DheyClaveria\.m2\repository\com\vladsch\flexmark\flexmark-ext-enumerated-reference\0.34.30\flexmark-ext-enumerated-reference-0.34.30.jar;C:\Users\DheyClaveria\.m2\repository\com\vladsch\flexmark\flexmark-ext-escaped-character\0.34.30\flexmark-ext-escaped-character-0.34.30.jar;C:\Users\DheyClaveria\.m2\repository\com\vladsch\flexmark\flexmark-ext-footnotes\0.34.30\flexmark-ext-footnotes-0.34.30.jar;C:\Users\DheyClaveria\.m2\repository\com\vladsch\flexmark\flexmark-ext-gfm-issues\0.34.30\flexmark-ext-gfm-issues-0.34.30.jar;C:\Users\DheyClaveria\.m2\repository\com\vladsch\flexmark\flexmark-ext-gfm-strikethrough\0.34.30\flexmark-ext-gfm-strikethrough-0.34.30.jar;C:\Users\DheyClaveria\.m2\repository\com\vladsch\flexmark\flexmark-ext-gfm-tables\0.34.30\flexmark-ext-gfm-tables-0.34.30.jar;C:\Users\DheyClaveria\.m2\repository\com\vladsch\flexmark\flexmark-ext-gfm-tasklist\0.34.30\flexmark-ext-gfm-tasklist-0.34.30.jar;C:\Users\DheyClaveria\.m2\repository\com\vladsch\flexmark\flexmark-ext-gfm-users\0.34.30\flexmark-ext-gfm-users-0.34.30.jar;C:\Users\DheyClaveria\.m2\repository\com\vladsch\flexmark\flexmark-ext-gitlab\0.34.30\flexmark-ext-gitlab-0.34.30.jar;C:\Users\DheyClaveria\.m2\repository\com\vladsch\flexmark\flexmark-ext-jekyll-front-matter\0.34.30\flexmark-ext-jekyll-front-matter-0.34.30.jar;C:\Users\DheyClaveria\.m2\repository\com\vladsch\flexmark\flexmark-ext-jekyll-tag\0.34.30\flexmark-ext-jekyll-tag-0.34.30.jar;C:\Users\DheyClaveria\.m2\repository\com\vladsch\flexmark\flexmark-ext-media-tags\0.34.30\flexmark-ext-media-tags-0.34.30.jar;C:\Users\DheyClaveria\.m2\repository\com\vladsch\flexmark\flexmark-test-util\0.34.30\flexmark-test-util-0.34.30.jar;C:\Users\DheyClaveria\.m2\repository\com\vladsch\flexmark\flexmark-ext-ins\0.34.30\flexmark-ext-ins-0.34.30.jar;C:\Users\DheyClaveria\.m2\repository\com\vladsch\flexmark\flexmark-ext-xwiki-macros\0.34.30\flexmark-ext-xwiki-macros-0.34.30.jar;C:\Users\DheyClaveria\.m2\repository\com\vladsch\flexmark\flexmark-ext-superscript\0.34.30\flexmark-ext-superscript-0.34.30.jar;C:\Users\DheyClaveria\.m2\repository\com\vladsch\flexmark\flexmark-ext-tables\0.34.30\flexmark-ext-tables-0.34.30.jar;C:\Users\DheyClaveria\.m2\repository\com\vladsch\flexmark\flexmark-ext-toc\0.34.30\flexmark-ext-toc-0.34.30.jar;C:\Users\DheyClaveria\.m2\repository\com\vladsch\flexmark\flexmark-ext-typographic\0.34.30\flexmark-ext-typographic-0.34.30.jar;C:\Users\DheyClaveria\.m2\repository\com\vladsch\flexmark\flexmark-ext-wikilink\0.34.30\flexmark-ext-wikilink-0.34.30.jar;C:\Users\DheyClaveria\.m2\repository\com\vladsch\flexmark\flexmark-ext-yaml-front-matter\0.34.30\flexmark-ext-yaml-front-matter-0.34.30.jar;C:\Users\DheyClaveria\.m2\repository\com\vladsch\flexmark\flexmark-ext-youtube-embedded\0.34.30\flexmark-ext-youtube-embedded-0.34.30.jar;C:\Users\DheyClaveria\.m2\repository\com\vladsch\flexmark\flexmark-formatter\0.34.30\flexmark-formatter-0.34.30.jar;C:\Users\DheyClaveria\.m2\repository\com\vladsch\flexmark\flexmark-html-parser\0.34.30\flexmark-html-parser-0.34.30.jar;C:\Users\DheyClaveria\.m2\repository\com\vladsch\flexmark\flexmark-jira-converter\0.34.30\flexmark-jira-converter-0.34.30.jar;C:\Users\DheyClaveria\.m2\repository\com\vladsch\flexmark\flexmark-pdf-converter\0.34.30\flexmark-pdf-converter-0.34.30.jar;C:\Users\DheyClaveria\.m2\repository\com\openhtmltopdf\openhtmltopdf-core\0.0.1-RC13\openhtmltopdf-core-0.0.1-RC13.jar;C:\Users\DheyClaveria\.m2\repository\com\openhtmltopdf\openhtmltopdf-pdfbox\0.0.1-RC13\openhtmltopdf-pdfbox-0.0.1-RC13.jar;C:\Users\DheyClaveria\.m2\repository\org\apache\pdfbox\xmpbox\2.0.8\xmpbox-2.0.8.jar;C:\Users\DheyClaveria\.m2\repository\com\openhtmltopdf\openhtmltopdf-rtl-support\0.0.1-RC13\openhtmltopdf-rtl-support-0.0.1-RC13.jar;C:\Users\DheyClaveria\.m2\repository\com\ibm\icu\icu4j\59.1\icu4j-59.1.jar;C:\Users\DheyClaveria\.m2\repository\com\openhtmltopdf\openhtmltopdf-jsoup-dom-converter\0.0.1-RC13\openhtmltopdf-jsoup-dom-converter-0.0.1-RC13.jar;C:\Users\DheyClaveria\.m2\repository\com\vladsch\flexmark\flexmark-profile-pegdown\0.34.30\flexmark-profile-pegdown-0.34.30.jar;C:\Users\DheyClaveria\.m2\repository\com\vladsch\flexmark\flexmark-util\0.34.30\flexmark-util-0.34.30.jar;C:\Users\DheyClaveria\.m2\repository\com\vladsch\flexmark\flexmark-youtrack-converter\0.34.30\flexmark-youtrack-converter-0.34.30.jar;C:\Users\DheyClaveria\.m2\repository\es\nitaur\markdown\txtmark\0.16\txtmark-0.16.jar;C:\Users\DheyClaveria\.m2\repository\net\serenity-bdd\serenity-report-resources\3.2.0\serenity-report-resources-3.2.0.jar;C:\Users\DheyClaveria\.m2\repository\com\google\code\gson\gson\2.8.9\gson-2.8.9.jar;C:\Users\DheyClaveria\.m2\repository\com\fasterxml\jackson\core\jackson-core\2.12.4\jackson-core-2.12.4.jar;C:\Users\DheyClaveria\.m2\repository\com\fasterxml\jackson\core\jackson-databind\2.12.4\jackson-databind-2.12.4.jar;C:\Users\DheyClaveria\.m2\repository\com\fasterxml\jackson\core\jackson-annotations\2.12.4\jackson-annotations-2.12.4.jar;C:\Users\DheyClaveria\.m2\repository\commons-codec\commons-codec\1.15\commons-codec-1.15.jar;C:\Users\DheyClaveria\.m2\repository\commons-io\commons-io\2.8.0\commons-io-2.8.0.jar;C:\Users\DheyClaveria\.m2\repository\org\seleniumhq\selenium\selenium-api\4.1.2\selenium-api-4.1.2.jar;C:\Users\DheyClaveria\.m2\repository\org\seleniumhq\selenium\selenium-support\4.1.2\selenium-support-4.1.2.jar;C:\Users\DheyClaveria\.m2\repository\org\seleniumhq\selenium\selenium-firefox-driver\4.1.2\selenium-firefox-driver-4.1.2.jar;C:\Users\DheyClaveria\.m2\repository\org\seleniumhq\selenium\selenium-edge-driver\4.1.2\selenium-edge-driver-4.1.2.jar;C:\Users\DheyClaveria\.m2\repository\org\seleniumhq\selenium\selenium-ie-driver\4.1.2\selenium-ie-driver-4.1.2.jar;C:\Users\DheyClaveria\.m2\repository\org\projectlombok\lombok\1.18.20\lombok-1.18.20.jar;C:\Users\DheyClaveria\.m2\repository\io\appium\java-client\8.0.0-beta2\java-client-8.0.0-beta2.jar;C:\Users\DheyClaveria\.m2\repository\commons-validator\commons-validator\1.7\commons-validator-1.7.jar;C:\Users\DheyClaveria\.m2\repository\commons-digester\commons-digester\2.1\commons-digester-2.1.jar;C:\Users\DheyClaveria\.m2\repository\org\aspectj\aspectjweaver\1.9.7\aspectjweaver-1.9.7.jar;C:\Users\DheyClaveria\.m2\repository\net\sf\opencsv\opencsv\2.0\opencsv-2.0.jar;C:\Users\DheyClaveria\.m2\repository\commons-beanutils\commons-beanutils\1.9.4\commons-beanutils-1.9.4.jar;C:\Users\DheyClaveria\.m2\repository\commons-collections\commons-collections\3.2.2\commons-collections-3.2.2.jar;C:\Users\DheyClaveria\.m2\repository\org\fluentlenium\fluentlenium-core\0.10.2\fluentlenium-core-0.10.2.jar;C:\Users\DheyClaveria\.m2\repository\com\jhlabs\filters\2.0.235\filters-2.0.235.jar;C:\Users\DheyClaveria\.m2\repository\com\paulhammant\ngwebdriver\1.1.5\ngwebdriver-1.1.5.jar;C:\Users\DheyClaveria\.m2\repository\joda-time\joda-time\2.8.2\joda-time-2.8.2.jar;C:\Users\DheyClaveria\.m2\repository\org\hamcrest\hamcrest\2.2\hamcrest-2.2.jar;C:\Users\DheyClaveria\.m2\repository\com\google\jimfs\jimfs\1.1\jimfs-1.1.jar;C:\Users\DheyClaveria\.m2\repository\org\mockito\mockito-core\3.3.3\mockito-core-3.3.3.jar;C:\Users\DheyClaveria\.m2\repository\javax\xml\bind\jaxb-api\2.3.1\jaxb-api-2.3.1.jar;C:\Users\DheyClaveria\.m2\repository\javax\activation\javax.activation-api\1.2.0\javax.activation-api-1.2.0.jar;C:\Users\DheyClaveria\.m2\repository\com\sun\xml\bind\jaxb-core\2.3.0.1\jaxb-core-2.3.0.1.jar;C:\Users\DheyClaveria\.m2\repository\javax\activation\activation\1.1.1\activation-1.1.1.jar;C:\Users\DheyClaveria\.m2\repository\net\serenity-bdd\serenity-junit\3.2.0\serenity-junit-3.2.0.jar;C:\Users\DheyClaveria\.m2\repository\net\serenity-bdd\serenity-cucumber\3.2.0\serenity-cucumber-3.2.0.jar;C:\Users\DheyClaveria\.m2\repository\org\apache\commons\commons-csv\1.5\commons-csv-1.5.jar;C:\Users\DheyClaveria\.m2\repository\net\serenity-bdd\serenity-rest-assured\3.2.0\serenity-rest-assured-3.2.0.jar;C:\Users\DheyClaveria\.m2\repository\org\apache\httpcomponents\httpclient\4.5.13\httpclient-4.5.13.jar;C:\Users\DheyClaveria\.m2\repository\org\apache\httpcomponents\httpcore\4.4.13\httpcore-4.4.13.jar;C:\Users\DheyClaveria\.m2\repository\io\rest-assured\rest-assured\4.4.0\rest-assured-4.4.0.jar;C:\Users\DheyClaveria\.m2\repository\org\apache\httpcomponents\httpmime\4.5.13\httpmime-4.5.13.jar;C:\Users\DheyClaveria\.m2\repository\io\rest-assured\json-path\4.4.0\json-path-4.4.0.jar;C:\Users\DheyClaveria\.m2\repository\io\rest-assured\rest-assured-common\4.4.0\rest-assured-common-4.4.0.jar;C:\Users\DheyClaveria\.m2\repository\io\rest-assured\xml-path\4.4.0\xml-path-4.4.0.jar;C:\Users\DheyClaveria\.m2\repository\org\opentest4j\opentest4j\1.2.0\opentest4j-1.2.0.jar;C:\Users\DheyClaveria\.m2\repository\io\cucumber\cucumber-java\7.2.3\cucumber-java-7.2.3.jar;C:\Users\DheyClaveria\.m2\repository\org\apiguardian\apiguardian-api\1.1.2\apiguardian-api-1.1.2.jar;C:\Users\DheyClaveria\.m2\repository\io\cucumber\cucumber-junit\7.2.3\cucumber-junit-7.2.3.jar;C:\Users\DheyClaveria\.m2\repository\io\cucumber\cucumber-core\7.2.3\cucumber-core-7.2.3.jar;C:\Users\DheyClaveria\.m2\repository\io\cucumber\cucumber-gherkin-messages\7.2.3\cucumber-gherkin-messages-7.2.3.jar;C:\Users\DheyClaveria\.m2\repository\io\cucumber\messages\17.1.1\messages-17.1.1.jar;C:\Users\DheyClaveria\.m2\repository\io\cucumber\tag-expressions\4.1.0\tag-expressions-4.1.0.jar;C:\Users\DheyClaveria\.m2\repository\io\cucumber\cucumber-expressions\15.0.1\cucumber-expressions-15.0.1.jar;C:\Users\DheyClaveria\.m2\repository\io\cucumber\datatable\7.2.3\datatable-7.2.3.jar;C:\Users\DheyClaveria\.m2\repository\io\cucumber\cucumber-plugin\7.2.3\cucumber-plugin-7.2.3.jar;C:\Users\DheyClaveria\.m2\repository\io\cucumber\docstring\7.2.3\docstring-7.2.3.jar;C:\Users\DheyClaveria\.m2\repository\io\cucumber\html-formatter\17.0.0\html-formatter-17.0.0.jar;C:\Users\DheyClaveria\.m2\repository\io\cucumber\ci-environment\8.1.0\ci-environment-8.1.0.jar;C:\Users\DheyClaveria\.m2\repository\io\cucumber\cucumber-junit-platform-engine\7.2.3\cucumber-junit-platform-engine-7.2.3.jar;C:\Users\DheyClaveria\.m2\repository\org\junit\platform\junit-platform-engine\1.8.2\junit-platform-engine-1.8.2.jar;C:\Users\DheyClaveria\.m2\repository\org\junit\platform\junit-platform-commons\1.8.2\junit-platform-commons-1.8.2.jar;C:\Users\DheyClaveria\.m2\repository\net\masterthought\cucumber-reporting\5.7.0\cucumber-reporting-5.7.0.jar;C:\Users\DheyClaveria\.m2\repository\com\fasterxml\jackson\datatype\jackson-datatype-jsr310\2.13.0\jackson-datatype-jsr310-2.13.0.jar;C:\Users\DheyClaveria\.m2\repository\org\apache\velocity\velocity-engine-core\2.3\velocity-engine-core-2.3.jar;C:\Users\DheyClaveria\.m2\repository\org\codehaus\plexus\plexus-utils\3.3.0\plexus-utils-3.3.0.jar;C:\Users\DheyClaveria\.m2\repository\org\jsoup\jsoup\1.14.2\jsoup-1.14.2.jar;C:\Users\DheyClaveria\.m2\repository\com\google\guava\guava\30.1.1-jre\guava-30.1.1-jre.jar;C:\Users\DheyClaveria\.m2\repository\com\google\guava\failureaccess\1.0.1\failureaccess-1.0.1.jar;C:\Users\DheyClaveria\.m2\repository\com\google\guava\listenablefuture\9999.0-empty-to-avoid-conflict-with-guava\listenablefuture-9999.0-empty-to-avoid-conflict-with-guava.jar;C:\Users\DheyClaveria\.m2\repository\com\google\code\findbugs\jsr305\3.0.2\jsr305-3.0.2.jar;C:\Users\DheyClaveria\.m2\repository\org\checkerframework\checker-qual\3.8.0\checker-qual-3.8.0.jar;C:\Users\DheyClaveria\.m2\repository\com\google\errorprone\error_prone_annotations\2.5.1\error_prone_annotations-2.5.1.jar;C:\Users\DheyClaveria\.m2\repository\com\google\j2objc\j2objc-annotations\1.3\j2objc-annotations-1.3.jar;C:\Users\DheyClaveria\.m2\repository\com\googlecode\owasp-java-html-sanitizer\owasp-java-html-sanitizer\20211018.2\owasp-java-html-sanitizer-20211018.2.jar;C:\Users\DheyClaveria\.m2\repository\commons-configuration\commons-configuration\1.10\commons-configuration-1.10.jar;C:\Users\DheyClaveria\.m2\repository\commons-lang\commons-lang\2.6\commons-lang-2.6.jar;C:\Users\DheyClaveria\.m2\repository\io\cucumber\cucumber-html\0.2.7\cucumber-html-0.2.7.jar;C:\Users\DheyClaveria\.m2\repository\io\cucumber\cucumber-gherkin\7.2.3\cucumber-gherkin-7.2.3.jar;C:\Users\DheyClaveria\.m2\repository\org\hamcrest\hamcrest-core\2.2\hamcrest-core-2.2.jar;C:\Users\DheyClaveria\.m2\repository\junit\junit\4.13.1\junit-4.13.1.jar;C:\Users\DheyClaveria\.m2\repository\org\junit\platform\junit-platform-suite\1.8.2\junit-platform-suite-1.8.2.jar;C:\Users\DheyClaveria\.m2\repository\org\junit\platform\junit-platform-suite-api\1.8.2\junit-platform-suite-api-1.8.2.jar;C:\Users\DheyClaveria\.m2\repository\org\junit\platform\junit-platform-suite-engine\1.8.2\junit-platform-suite-engine-1.8.2.jar;C:\Users\DheyClaveria\.m2\repository\org\junit\platform\junit-platform-suite-commons\1.8.2\junit-platform-suite-commons-1.8.2.jar;C:\Users\DheyClaveria\.m2\repository\org\junit\platform\junit-platform-launcher\1.8.2\junit-platform-launcher-1.8.2.jar;C:\Users\DheyClaveria\.m2\repository\org\junit\jupiter\junit-jupiter\5.8.2\junit-jupiter-5.8.2.jar;C:\Users\DheyClaveria\.m2\repository\org\junit\jupiter\junit-jupiter-api\5.8.2\junit-jupiter-api-5.8.2.jar;C:\Users\DheyClaveria\.m2\repository\org\junit\jupiter\junit-jupiter-params\5.8.2\junit-jupiter-params-5.8.2.jar;C:\Users\DheyClaveria\.m2\repository\org\junit\jupiter\junit-jupiter-engine\5.8.2\junit-jupiter-engine-5.8.2.jar;C:\Users\DheyClaveria\.m2\repository\org\junit\vintage\junit-vintage-engine\5.8.2\junit-vintage-engine-5.8.2.jar;C:\Users\DheyClaveria\.m2\repository\info\cukes\cucumber-java\1.2.5\cucumber-java-1.2.5.jar;C:\Users\DheyClaveria\.m2\repository\info\cukes\cucumber-core\1.2.5\cucumber-core-1.2.5.jar;C:\Users\DheyClaveria\.m2\repository\info\cukes\cucumber-html\0.2.3\cucumber-html-0.2.3.jar;C:\Users\DheyClaveria\.m2\repository\info\cukes\cucumber-jvm-deps\1.0.5\cucumber-jvm-deps-1.0.5.jar;C:\Users\DheyClaveria\.m2\repository\info\cukes\gherkin\2.12.2\gherkin-2.12.2.jar;C:\Users\DheyClaveria\.m2\repository\info\cukes\cucumber-junit\1.2.5\cucumber-junit-1.2.5.jar;C:\Users\DheyClaveria\.m2\repository\org\seleniumhq\selenium\selenium-java\4.1.1\selenium-java-4.1.1.jar;C:\Users\DheyClaveria\.m2\repository\org\seleniumhq\selenium\selenium-devtools-v85\4.1.1\selenium-devtools-v85-4.1.1.jar;C:\Users\DheyClaveria\.m2\repository\org\seleniumhq\selenium\selenium-devtools-v94\4.1.1\selenium-devtools-v94-4.1.1.jar;C:\Users\DheyClaveria\.m2\repository\org\seleniumhq\selenium\selenium-devtools-v95\4.1.1\selenium-devtools-v95-4.1.1.jar;C:\Users\DheyClaveria\.m2\repository\org\seleniumhq\selenium\selenium-devtools-v96\4.1.1\selenium-devtools-v96-4.1.1.jar;C:\Users\DheyClaveria\.m2\repository\org\seleniumhq\selenium\selenium-firefox-xpi-driver\4.1.1\selenium-firefox-xpi-driver-4.1.1.jar;C:\Users\DheyClaveria\.m2\repository\org\seleniumhq\selenium\selenium-opera-driver\4.1.1\selenium-opera-driver-4.1.1.jar;C:\Users\DheyClaveria\.m2\repository\org\seleniumhq\selenium\selenium-remote-driver\4.1.1\selenium-remote-driver-4.1.1.jar;C:\Users\DheyClaveria\.m2\repository\io\netty\netty-buffer\4.1.70.Final\netty-buffer-4.1.70.Final.jar;C:\Users\DheyClaveria\.m2\repository\io\netty\netty-codec-http\4.1.70.Final\netty-codec-http-4.1.70.Final.jar;C:\Users\DheyClaveria\.m2\repository\io\netty\netty-codec\4.1.70.Final\netty-codec-4.1.70.Final.jar;C:\Users\DheyClaveria\.m2\repository\io\netty\netty-handler\4.1.70.Final\netty-handler-4.1.70.Final.jar;C:\Users\DheyClaveria\.m2\repository\io\netty\netty-common\4.1.70.Final\netty-common-4.1.70.Final.jar;C:\Users\DheyClaveria\.m2\repository\io\netty\netty-transport-classes-epoll\4.1.70.Final\netty-transport-classes-epoll-4.1.70.Final.jar;C:\Users\DheyClaveria\.m2\repository\io\netty\netty-transport-classes-kqueue\4.1.70.Final\netty-transport-classes-kqueue-4.1.70.Final.jar;C:\Users\DheyClaveria\.m2\repository\io\netty\netty-transport-native-unix-common\4.1.70.Final\netty-transport-native-unix-common-4.1.70.Final.jar;C:\Users\DheyClaveria\.m2\repository\io\netty\netty-transport\4.1.70.Final\netty-transport-4.1.70.Final.jar;C:\Users\DheyClaveria\.m2\repository\io\netty\netty-resolver\4.1.70.Final\netty-resolver-4.1.70.Final.jar;C:\Users\DheyClaveria\.m2\repository\io\opentelemetry\opentelemetry-api\1.9.1\opentelemetry-api-1.9.1.jar;C:\Users\DheyClaveria\.m2\repository\io\opentelemetry\opentelemetry-context\1.9.1\opentelemetry-context-1.9.1.jar;C:\Users\DheyClaveria\.m2\repository\io\opentelemetry\opentelemetry-exporter-logging\1.9.1\opentelemetry-exporter-logging-1.9.1.jar;C:\Users\DheyClaveria\.m2\repository\io\opentelemetry\opentelemetry-sdk-metrics\1.9.1-alpha\opentelemetry-sdk-metrics-1.9.1-alpha.jar;C:\Users\DheyClaveria\.m2\repository\io\opentelemetry\opentelemetry-sdk-logs\1.9.1-alpha\opentelemetry-sdk-logs-1.9.1-alpha.jar;C:\Users\DheyClaveria\.m2\repository\io\opentelemetry\opentelemetry-sdk-common\1.9.1\opentelemetry-sdk-common-1.9.1.jar;C:\Users\DheyClaveria\.m2\repository\io\opentelemetry\opentelemetry-sdk-extension-autoconfigure-spi\1.9.1\opentelemetry-sdk-extension-autoconfigure-spi-1.9.1.jar;C:\Users\DheyClaveria\.m2\repository\io\opentelemetry\opentelemetry-sdk-extension-autoconfigure\1.9.1-alpha\opentelemetry-sdk-extension-autoconfigure-1.9.1-alpha.jar;C:\Users\DheyClaveria\.m2\repository\io\opentelemetry\opentelemetry-sdk-trace\1.9.1\opentelemetry-sdk-trace-1.9.1.jar;C:\Users\DheyClaveria\.m2\repository\io\opentelemetry\opentelemetry-api-metrics\1.9.1-alpha\opentelemetry-api-metrics-1.9.1-alpha.jar;C:\Users\DheyClaveria\.m2\repository\io\opentelemetry\opentelemetry-sdk\1.9.1\opentelemetry-sdk-1.9.1.jar;C:\Users\DheyClaveria\.m2\repository\io\opentelemetry\opentelemetry-semconv\1.9.1-alpha\opentelemetry-semconv-1.9.1-alpha.jar;C:\Users\DheyClaveria\.m2\repository\io\ous\jtoml\2.0.0\jtoml-2.0.0.jar;C:\Users\DheyClaveria\.m2\repository\org\apache\commons\commons-exec\1.3\commons-exec-1.3.jar;C:\Users\DheyClaveria\.m2\repository\org\asynchttpclient\async-http-client\2.12.3\async-http-client-2.12.3.jar;C:\Users\DheyClaveria\.m2\repository\org\asynchttpclient\async-http-client-netty-utils\2.12.3\async-http-client-netty-utils-2.12.3.jar;C:\Users\DheyClaveria\.m2\repository\io\netty\netty-codec-socks\4.1.60.Final\netty-codec-socks-4.1.60.Final.jar;C:\Users\DheyClaveria\.m2\repository\io\netty\netty-handler-proxy\4.1.60.Final\netty-handler-proxy-4.1.60.Final.jar;C:\Users\DheyClaveria\.m2\repository\io\netty\netty-transport-native-epoll\4.1.60.Final\netty-transport-native-epoll-4.1.60.Final-linux-x86_64.jar;C:\Users\DheyClaveria\.m2\repository\io\netty\netty-transport-native-kqueue\4.1.60.Final\netty-transport-native-kqueue-4.1.60.Final-osx-x86_64.jar;C:\Users\DheyClaveria\.m2\repository\org\reactivestreams\reactive-streams\1.0.3\reactive-streams-1.0.3.jar;C:\Users\DheyClaveria\.m2\repository\com\typesafe\netty\netty-reactive-streams\2.0.4\netty-reactive-streams-2.0.4.jar;C:\Users\DheyClaveria\.m2\repository\com\sun\activation\jakarta.activation\1.2.2\jakarta.activation-1.2.2.jar;C:\Users\DheyClaveria\.m2\repository\org\seleniumhq\selenium\selenium-http\4.1.1\selenium-http-4.1.1.jar;C:\Users\DheyClaveria\.m2\repository\net\jodah\failsafe\2.4.4\failsafe-2.4.4.jar;C:\Users\DheyClaveria\.m2\repository\org\seleniumhq\selenium\selenium-safari-driver\4.1.1\selenium-safari-driver-4.1.1.jar;C:\Users\DheyClaveria\.m2\repository\org\seleniumhq\selenium\selenium-chrome-driver\4.1.1\selenium-chrome-driver-4.1.1.jar;C:\Users\DheyClaveria\.m2\repository\com\google\auto\service\auto-service-annotations\1.0.1\auto-service-annotations-1.0.1.jar;C:\Users\DheyClaveria\.m2\repository\com\google\auto\service\auto-service\1.0.1\auto-service-1.0.1.jar;C:\Users\DheyClaveria\.m2\repository\com\google\auto\auto-common\1.2\auto-common-1.2.jar;C:\Users\DheyClaveria\.m2\repository\org\seleniumhq\selenium\selenium-chromium-driver\4.1.1\selenium-chromium-driver-4.1.1.jar;C:\Users\DheyClaveria\.m2\repository\org\seleniumhq\selenium\selenium-json\4.1.1\selenium-json-4.1.1.jar;C:\Users\DheyClaveria\.m2\repository\io\github\bonigarcia\webdrivermanager\4.2.2\webdrivermanager-4.2.2.jar;C:\Users\DheyClaveria\.m2\repository\org\apache\httpcomponents\client5\httpclient5\5.0.1\httpclient5-5.0.1.jar;C:\Users\DheyClaveria\.m2\repository\org\apache\httpcomponents\core5\httpcore5\5.0.1\httpcore5-5.0.1.jar;C:\Users\DheyClaveria\.m2\repository\org\apache\httpcomponents\core5\httpcore5-h2\5.0.1\httpcore5-h2-5.0.1.jar;C:\Users\DheyClaveria\.m2\repository\org\rauschig\jarchivelib\1.1.0\jarchivelib-1.1.0.jar;C:\Users\DheyClaveria\.m2\repository\tech\grasshopper\extentreports-cucumber7-adapter\1.3.0\extentreports-cucumber7-adapter-1.3.0.jar;C:\Users\DheyClaveria\.m2\repository\com\aventstack\extentreports\5.0.9\extentreports-5.0.9.jar;C:\Users\DheyClaveria\.m2\repository\io\reactivex\rxjava3\rxjava\3.0.4\rxjava-3.0.4.jar;C:\Users\DheyClaveria\.m2\repository\tech\grasshopper\extent-pdf-report\2.1.0\extent-pdf-report-2.1.0.jar;C:\Users\DheyClaveria\.m2\repository\tech\grasshopper\cucumber-pdf-report\2.5.0\cucumber-pdf-report-2.5.0.jar;C:\Users\DheyClaveria\.m2\repository\org\knowm\xchart\xchart\3.8.0\xchart-3.8.0.jar;C:\Users\DheyClaveria\.m2\repository\de\erichseifert\vectorgraphics2d\VectorGraphics2D\0.13\VectorGraphics2D-0.13.jar;C:\Users\DheyClaveria\.m2\repository\de\rototor\pdfbox\graphics2d\0.30\graphics2d-0.30.jar;C:\Users\DheyClaveria\.m2\repository\com\madgag\animated-gif-lib\1.4\animated-gif-lib-1.4.jar;C:\Users\DheyClaveria\.m2\repository\org\yaml\snakeyaml\1.28\snakeyaml-1.28.jar;C:\Users\DheyClaveria\.m2\repository\tech\grasshopper\table-layout\1.4.0\table-layout-1.4.0.jar;C:\Users\DheyClaveria\.m2\repository\tech\grasshopper\rest-assured-cucumber-pdf-report\1.1.0\rest-assured-cucumber-pdf-report-1.1.0.jar;C:\Users\DheyClaveria\.m2\repository\com\aventstack\klov-reporter\5.0.9\klov-reporter-5.0.9.jar;C:\Users\DheyClaveria\.m2\repository\org\mongodb\mongodb-driver\3.6.4\mongodb-driver-3.6.4.jar;C:\Users\DheyClaveria\.m2\repository\org\mongodb\mongodb-driver-core\3.6.4\mongodb-driver-core-3.6.4.jar;C:\Users\DheyClaveria\.m2\repository\org\mongodb\bson\3.6.4\bson-3.6.4.jar;C:\Users\DheyClaveria\.m2\repository\tech\grasshopper\htmlextentreporter\1.0.0\htmlextentreporter-1.0.0.jar;C:\Users\DheyClaveria\.m2\repository\org\testng\testng\6.14.3\testng-6.14.3.jar;C:\Users\DheyClaveria\.m2\repository\com\beust\jcommander\1.72\jcommander-1.72.jar;C:\Users\DheyClaveria\.m2\repository\org\apache-extras\beanshell\bsh\2.0b6\bsh-2.0b6.jar;C:\Users\DheyClaveria\.m2\repository\io\cucumber\cucumber-testng\7.2.3\cucumber-testng-7.2.3.jar;C:\Users\DheyClaveria\.m2\repository\org\apache\poi\poi\5.2.1\poi-5.2.1.jar;C:\Users\DheyClaveria\.m2\repository\org\apache\commons\commons-collections4\4.4\commons-collections4-4.4.jar;C:\Users\DheyClaveria\.m2\repository\org\apache\commons\commons-math3\3.6.1\commons-math3-3.6.1.jar;C:\Users\DheyClaveria\.m2\repository\com\zaxxer\SparseBitSet\1.2\SparseBitSet-1.2.jar;C:\Users\DheyClaveria\.m2\repository\org\apache\logging\log4j\log4j-api\2.17.1\log4j-api-2.17.1.jar;C:\Users\DheyClaveria\.m2\repository\org\apache\poi\poi-ooxml\5.2.1\poi-ooxml-5.2.1.jar;C:\Users\DheyClaveria\.m2\repository\org\apache\poi\poi-ooxml-lite\5.2.1\poi-ooxml-lite-5.2.1.jar;C:\Users\DheyClaveria\.m2\repository\org\apache\xmlbeans\xmlbeans\5.0.3\xmlbeans-5.0.3.jar;C:\Users\DheyClaveria\.m2\repository\org\apache\commons\commons-compress\1.21\commons-compress-1.21.jar;C:\Users\DheyClaveria\.m2\repository\com\github\virtuald\curvesapi\1.07\curvesapi-1.07.jar;"/>
    <property name="sun.cpu.endian" value="little"/>
    <property name="user.home" value="C:\Users\DheyClaveria"/>
    <property name="user.language" value="en"/>
    <property name="java.specification.vendor" value="Oracle Corporation"/>
    <property name="jdk.module.path" value="Z:\Automation\JavaCucumber\BDD_HCL\CucumberHCL\target\CucumberHCL-0.0.1-SNAPSHOT.jar"/>
    <property name="java.version.date" value="2020-10-20"/>
    <property name="java.home" value="C:\Program Files\Java\jdk-15.0.1"/>
    <property name="tags" value="@All"/>
    <property name="file.separator" value="\"/>
    <property name="basedir" value="Z:\Automation\JavaCucumber\BDD_HCL\CucumberHCL"/>
    <property name="java.vm.compressedOopsMode" value="Zero based"/>
    <property name="line.separator" value="&#10;"/>
    <property name="java.vm.specification.vendor" value="Oracle Corporation"/>
    <property name="java.specification.name" value="Java Platform API Specification"/>
    <property name="surefire.real.class.path" value="C:\Users\DheyClaveria\.m2\repository\org\apache\maven\surefire\surefire-booter\3.0.0-M5\surefire-booter-3.0.0-M5.jar;C:\Users\DheyClaveria\.m2\repository\org\apache\maven\surefire\surefire-api\3.0.0-M5\surefire-api-3.0.0-M5.jar;C:\Users\DheyClaveria\.m2\repository\org\apache\maven\surefire\surefire-logger-api\3.0.0-M5\surefire-logger-api-3.0.0-M5.jar;C:\Users\DheyClaveria\.m2\repository\org\apache\maven\surefire\surefire-shared-utils\3.0.0-M4\surefire-shared-utils-3.0.0-M4.jar;C:\Users\DheyClaveria\.m2\repository\org\apache\maven\surefire\surefire-extensions-spi\3.0.0-M5\surefire-extensions-spi-3.0.0-M5.jar;Z:\Automation\JavaCucumber\BDD_HCL\CucumberHCL\target\test-classes;C:\Users\DheyClaveria\.m2\repository\com\github\ralfstuckert\pdfbox-layout\pdfbox2-layout\1.0.1\pdfbox2-layout-1.0.1.jar;C:\Users\DheyClaveria\.m2\repository\org\apache\pdfbox\pdfbox\2.0.4\pdfbox-2.0.4.jar;C:\Users\DheyClaveria\.m2\repository\org\apache\pdfbox\fontbox\2.0.4\fontbox-2.0.4.jar;C:\Users\DheyClaveria\.m2\repository\commons-logging\commons-logging\1.2\commons-logging-1.2.jar;C:\Users\DheyClaveria\.m2\repository\io\rest-assured\rest-assured-all\4.3.2\rest-assured-all-4.3.2.jar;C:\Users\DheyClaveria\.m2\repository\org\codehaus\groovy\groovy\3.0.6\groovy-3.0.6.jar;C:\Users\DheyClaveria\.m2\repository\org\apache\commons\commons-lang3\3.11\commons-lang3-3.11.jar;C:\Users\DheyClaveria\.m2\repository\org\codehaus\groovy\groovy-xml\3.0.6\groovy-xml-3.0.6.jar;C:\Users\DheyClaveria\.m2\repository\org\ccil\cowan\tagsoup\tagsoup\1.2.1\tagsoup-1.2.1.jar;C:\Users\DheyClaveria\.m2\repository\jakarta\xml\bind\jakarta.xml.bind-api\2.3.3\jakarta.xml.bind-api-2.3.3.jar;C:\Users\DheyClaveria\.m2\repository\jakarta\activation\jakarta.activation-api\1.2.2\jakarta.activation-api-1.2.2.jar;C:\Users\DheyClaveria\.m2\repository\com\sun\xml\bind\jaxb-impl\2.3.3\jaxb-impl-2.3.3.jar;C:\Users\DheyClaveria\.m2\repository\org\codehaus\groovy\groovy-json\3.0.6\groovy-json-3.0.6.jar;C:\Users\DheyClaveria\.m2\repository\log4j\log4j\1.2.17\log4j-1.2.17.jar;C:\Users\DheyClaveria\.m2\repository\ch\qos\logback\logback-classic\1.1.3\logback-classic-1.1.3.jar;C:\Users\DheyClaveria\.m2\repository\ch\qos\logback\logback-core\1.1.3\logback-core-1.1.3.jar;C:\Users\DheyClaveria\.m2\repository\org\slf4j\slf4j-api\1.7.7\slf4j-api-1.7.7.jar;C:\Users\DheyClaveria\.m2\repository\org\json\json\20210307\json-20210307.jar;C:\Users\DheyClaveria\.m2\repository\com\ea\async\ea-async\1.2.3\ea-async-1.2.3.jar;C:\Users\DheyClaveria\.m2\repository\net\serenity-bdd\serenity-assertions\3.2.0\serenity-assertions-3.2.0.jar;C:\Users\DheyClaveria\.m2\repository\net\serenity-bdd\serenity-screenplay\3.2.0\serenity-screenplay-3.2.0.jar;C:\Users\DheyClaveria\.m2\repository\org\assertj\assertj-core\3.21.0\assertj-core-3.21.0.jar;C:\Users\DheyClaveria\.m2\repository\net\serenity-bdd\serenity-ensure\3.2.0\serenity-ensure-3.2.0.jar;C:\Users\DheyClaveria\.m2\repository\net\serenity-bdd\serenity-model\3.2.0\serenity-model-3.2.0.jar;C:\Users\DheyClaveria\.m2\repository\org\apache\commons\commons-text\1.9\commons-text-1.9.jar;C:\Users\DheyClaveria\.m2\repository\commons-net\commons-net\3.6\commons-net-3.6.jar;C:\Users\DheyClaveria\.m2\repository\com\google\inject\guice\5.0.1\guice-5.0.1.jar;C:\Users\DheyClaveria\.m2\repository\javax\inject\javax.inject\1\javax.inject-1.jar;C:\Users\DheyClaveria\.m2\repository\aopalliance\aopalliance\1.0\aopalliance-1.0.jar;C:\Users\DheyClaveria\.m2\repository\com\thoughtworks\xstream\xstream\1.4.19\xstream-1.4.19.jar;C:\Users\DheyClaveria\.m2\repository\io\github\x-stream\mxparser\1.2.2\mxparser-1.2.2.jar;C:\Users\DheyClaveria\.m2\repository\xmlpull\xmlpull\1.1.3.1\xmlpull-1.1.3.1.jar;C:\Users\DheyClaveria\.m2\repository\com\typesafe\config\1.3.1\config-1.3.1.jar;C:\Users\DheyClaveria\.m2\repository\org\imgscalr\imgscalr-lib\4.2\imgscalr-lib-4.2.jar;C:\Users\DheyClaveria\.m2\repository\org\awaitility\awaitility\4.1.0\awaitility-4.1.0.jar;C:\Users\DheyClaveria\.m2\repository\org\freemarker\freemarker\2.3.31\freemarker-2.3.31.jar;C:\Users\DheyClaveria\.m2\repository\io\github\classgraph\classgraph\4.8.138\classgraph-4.8.138.jar;C:\Users\DheyClaveria\.m2\repository\net\sourceforge\jexcelapi\jxl\2.6.12\jxl-2.6.12.jar;C:\Users\DheyClaveria\.m2\repository\net\bytebuddy\byte-buddy\1.12.3\byte-buddy-1.12.3.jar;C:\Users\DheyClaveria\.m2\repository\net\bytebuddy\byte-buddy-agent\1.12.3\byte-buddy-agent-1.12.3.jar;C:\Users\DheyClaveria\.m2\repository\org\objenesis\objenesis\3.1\objenesis-3.1.jar;C:\Users\DheyClaveria\.m2\repository\net\serenity-bdd\serenity-screenplay-webdriver\3.2.0\serenity-screenplay-webdriver-3.2.0.jar;C:\Users\DheyClaveria\.m2\repository\org\jetbrains\kotlin\kotlin-stdlib\1.6.0\kotlin-stdlib-1.6.0.jar;C:\Users\DheyClaveria\.m2\repository\org\jetbrains\annotations\13.0\annotations-13.0.jar;C:\Users\DheyClaveria\.m2\repository\org\jetbrains\kotlin\kotlin-stdlib-common\1.6.0\kotlin-stdlib-common-1.6.0.jar;C:\Users\DheyClaveria\.m2\repository\net\serenity-bdd\serenity-core\3.2.0\serenity-core-3.2.0.jar;C:\Users\DheyClaveria\.m2\repository\net\serenity-bdd\serenity-reports\3.2.0\serenity-reports-3.2.0.jar;C:\Users\DheyClaveria\.m2\repository\net\serenity-bdd\serenity-stats\3.2.0\serenity-stats-3.2.0.jar;C:\Users\DheyClaveria\.m2\repository\net\serenity-bdd\serenity-reports-configuration\3.2.0\serenity-reports-configuration-3.2.0.jar;C:\Users\DheyClaveria\.m2\repository\com\vladsch\flexmark\flexmark-all\0.34.30\flexmark-all-0.34.30.jar;C:\Users\DheyClaveria\.m2\repository\com\vladsch\flexmark\flexmark\0.34.30\flexmark-0.34.30.jar;C:\Users\DheyClaveria\.m2\repository\com\vladsch\flexmark\flexmark-ext-abbreviation\0.34.30\flexmark-ext-abbreviation-0.34.30.jar;C:\Users\DheyClaveria\.m2\repository\com\vladsch\flexmark\flexmark-ext-admonition\0.34.30\flexmark-ext-admonition-0.34.30.jar;C:\Users\DheyClaveria\.m2\repository\com\vladsch\flexmark\flexmark-ext-anchorlink\0.34.30\flexmark-ext-anchorlink-0.34.30.jar;C:\Users\DheyClaveria\.m2\repository\com\vladsch\flexmark\flexmark-ext-aside\0.34.30\flexmark-ext-aside-0.34.30.jar;C:\Users\DheyClaveria\.m2\repository\com\vladsch\flexmark\flexmark-ext-attributes\0.34.30\flexmark-ext-attributes-0.34.30.jar;C:\Users\DheyClaveria\.m2\repository\com\vladsch\flexmark\flexmark-ext-autolink\0.34.30\flexmark-ext-autolink-0.34.30.jar;C:\Users\DheyClaveria\.m2\repository\org\nibor\autolink\autolink\0.6.0\autolink-0.6.0.jar;C:\Users\DheyClaveria\.m2\repository\com\vladsch\flexmark\flexmark-ext-definition\0.34.30\flexmark-ext-definition-0.34.30.jar;C:\Users\DheyClaveria\.m2\repository\com\vladsch\flexmark\flexmark-ext-emoji\0.34.30\flexmark-ext-emoji-0.34.30.jar;C:\Users\DheyClaveria\.m2\repository\com\vladsch\flexmark\flexmark-ext-enumerated-reference\0.34.30\flexmark-ext-enumerated-reference-0.34.30.jar;C:\Users\DheyClaveria\.m2\repository\com\vladsch\flexmark\flexmark-ext-escaped-character\0.34.30\flexmark-ext-escaped-character-0.34.30.jar;C:\Users\DheyClaveria\.m2\repository\com\vladsch\flexmark\flexmark-ext-footnotes\0.34.30\flexmark-ext-footnotes-0.34.30.jar;C:\Users\DheyClaveria\.m2\repository\com\vladsch\flexmark\flexmark-ext-gfm-issues\0.34.30\flexmark-ext-gfm-issues-0.34.30.jar;C:\Users\DheyClaveria\.m2\repository\com\vladsch\flexmark\flexmark-ext-gfm-strikethrough\0.34.30\flexmark-ext-gfm-strikethrough-0.34.30.jar;C:\Users\DheyClaveria\.m2\repository\com\vladsch\flexmark\flexmark-ext-gfm-tables\0.34.30\flexmark-ext-gfm-tables-0.34.30.jar;C:\Users\DheyClaveria\.m2\repository\com\vladsch\flexmark\flexmark-ext-gfm-tasklist\0.34.30\flexmark-ext-gfm-tasklist-0.34.30.jar;C:\Users\DheyClaveria\.m2\repository\com\vladsch\flexmark\flexmark-ext-gfm-users\0.34.30\flexmark-ext-gfm-users-0.34.30.jar;C:\Users\DheyClaveria\.m2\repository\com\vladsch\flexmark\flexmark-ext-gitlab\0.34.30\flexmark-ext-gitlab-0.34.30.jar;C:\Users\DheyClaveria\.m2\repository\com\vladsch\flexmark\flexmark-ext-jekyll-front-matter\0.34.30\flexmark-ext-jekyll-front-matter-0.34.30.jar;C:\Users\DheyClaveria\.m2\repository\com\vladsch\flexmark\flexmark-ext-jekyll-tag\0.34.30\flexmark-ext-jekyll-tag-0.34.30.jar;C:\Users\DheyClaveria\.m2\repository\com\vladsch\flexmark\flexmark-ext-media-tags\0.34.30\flexmark-ext-media-tags-0.34.30.jar;C:\Users\DheyClaveria\.m2\repository\com\vladsch\flexmark\flexmark-test-util\0.34.30\flexmark-test-util-0.34.30.jar;C:\Users\DheyClaveria\.m2\repository\com\vladsch\flexmark\flexmark-ext-ins\0.34.30\flexmark-ext-ins-0.34.30.jar;C:\Users\DheyClaveria\.m2\repository\com\vladsch\flexmark\flexmark-ext-xwiki-macros\0.34.30\flexmark-ext-xwiki-macros-0.34.30.jar;C:\Users\DheyClaveria\.m2\repository\com\vladsch\flexmark\flexmark-ext-superscript\0.34.30\flexmark-ext-superscript-0.34.30.jar;C:\Users\DheyClaveria\.m2\repository\com\vladsch\flexmark\flexmark-ext-tables\0.34.30\flexmark-ext-tables-0.34.30.jar;C:\Users\DheyClaveria\.m2\repository\com\vladsch\flexmark\flexmark-ext-toc\0.34.30\flexmark-ext-toc-0.34.30.jar;C:\Users\DheyClaveria\.m2\repository\com\vladsch\flexmark\flexmark-ext-typographic\0.34.30\flexmark-ext-typographic-0.34.30.jar;C:\Users\DheyClaveria\.m2\repository\com\vladsch\flexmark\flexmark-ext-wikilink\0.34.30\flexmark-ext-wikilink-0.34.30.jar;C:\Users\DheyClaveria\.m2\repository\com\vladsch\flexmark\flexmark-ext-yaml-front-matter\0.34.30\flexmark-ext-yaml-front-matter-0.34.30.jar;C:\Users\DheyClaveria\.m2\repository\com\vladsch\flexmark\flexmark-ext-youtube-embedded\0.34.30\flexmark-ext-youtube-embedded-0.34.30.jar;C:\Users\DheyClaveria\.m2\repository\com\vladsch\flexmark\flexmark-formatter\0.34.30\flexmark-formatter-0.34.30.jar;C:\Users\DheyClaveria\.m2\repository\com\vladsch\flexmark\flexmark-html-parser\0.34.30\flexmark-html-parser-0.34.30.jar;C:\Users\DheyClaveria\.m2\repository\com\vladsch\flexmark\flexmark-jira-converter\0.34.30\flexmark-jira-converter-0.34.30.jar;C:\Users\DheyClaveria\.m2\repository\com\vladsch\flexmark\flexmark-pdf-converter\0.34.30\flexmark-pdf-converter-0.34.30.jar;C:\Users\DheyClaveria\.m2\repository\com\openhtmltopdf\openhtmltopdf-core\0.0.1-RC13\openhtmltopdf-core-0.0.1-RC13.jar;C:\Users\DheyClaveria\.m2\repository\com\openhtmltopdf\openhtmltopdf-pdfbox\0.0.1-RC13\openhtmltopdf-pdfbox-0.0.1-RC13.jar;C:\Users\DheyClaveria\.m2\repository\org\apache\pdfbox\xmpbox\2.0.8\xmpbox-2.0.8.jar;C:\Users\DheyClaveria\.m2\repository\com\openhtmltopdf\openhtmltopdf-rtl-support\0.0.1-RC13\openhtmltopdf-rtl-support-0.0.1-RC13.jar;C:\Users\DheyClaveria\.m2\repository\com\ibm\icu\icu4j\59.1\icu4j-59.1.jar;C:\Users\DheyClaveria\.m2\repository\com\openhtmltopdf\openhtmltopdf-jsoup-dom-converter\0.0.1-RC13\openhtmltopdf-jsoup-dom-converter-0.0.1-RC13.jar;C:\Users\DheyClaveria\.m2\repository\com\vladsch\flexmark\flexmark-profile-pegdown\0.34.30\flexmark-profile-pegdown-0.34.30.jar;C:\Users\DheyClaveria\.m2\repository\com\vladsch\flexmark\flexmark-util\0.34.30\flexmark-util-0.34.30.jar;C:\Users\DheyClaveria\.m2\repository\com\vladsch\flexmark\flexmark-youtrack-converter\0.34.30\flexmark-youtrack-converter-0.34.30.jar;C:\Users\DheyClaveria\.m2\repository\es\nitaur\markdown\txtmark\0.16\txtmark-0.16.jar;C:\Users\DheyClaveria\.m2\repository\net\serenity-bdd\serenity-report-resources\3.2.0\serenity-report-resources-3.2.0.jar;C:\Users\DheyClaveria\.m2\repository\com\google\code\gson\gson\2.8.9\gson-2.8.9.jar;C:\Users\DheyClaveria\.m2\repository\com\fasterxml\jackson\core\jackson-core\2.12.4\jackson-core-2.12.4.jar;C:\Users\DheyClaveria\.m2\repository\com\fasterxml\jackson\core\jackson-databind\2.12.4\jackson-databind-2.12.4.jar;C:\Users\DheyClaveria\.m2\repository\com\fasterxml\jackson\core\jackson-annotations\2.12.4\jackson-annotations-2.12.4.jar;C:\Users\DheyClaveria\.m2\repository\commons-codec\commons-codec\1.15\commons-codec-1.15.jar;C:\Users\DheyClaveria\.m2\repository\commons-io\commons-io\2.8.0\commons-io-2.8.0.jar;C:\Users\DheyClaveria\.m2\repository\org\seleniumhq\selenium\selenium-api\4.1.2\selenium-api-4.1.2.jar;C:\Users\DheyClaveria\.m2\repository\org\seleniumhq\selenium\selenium-support\4.1.2\selenium-support-4.1.2.jar;C:\Users\DheyClaveria\.m2\repository\org\seleniumhq\selenium\selenium-firefox-driver\4.1.2\selenium-firefox-driver-4.1.2.jar;C:\Users\DheyClaveria\.m2\repository\org\seleniumhq\selenium\selenium-edge-driver\4.1.2\selenium-edge-driver-4.1.2.jar;C:\Users\DheyClaveria\.m2\repository\org\seleniumhq\selenium\selenium-ie-driver\4.1.2\selenium-ie-driver-4.1.2.jar;C:\Users\DheyClaveria\.m2\repository\org\projectlombok\lombok\1.18.20\lombok-1.18.20.jar;C:\Users\DheyClaveria\.m2\repository\io\appium\java-client\8.0.0-beta2\java-client-8.0.0-beta2.jar;C:\Users\DheyClaveria\.m2\repository\commons-validator\commons-validator\1.7\commons-validator-1.7.jar;C:\Users\DheyClaveria\.m2\repository\commons-digester\commons-digester\2.1\commons-digester-2.1.jar;C:\Users\DheyClaveria\.m2\repository\org\aspectj\aspectjweaver\1.9.7\aspectjweaver-1.9.7.jar;C:\Users\DheyClaveria\.m2\repository\net\sf\opencsv\opencsv\2.0\opencsv-2.0.jar;C:\Users\DheyClaveria\.m2\repository\commons-beanutils\commons-beanutils\1.9.4\commons-beanutils-1.9.4.jar;C:\Users\DheyClaveria\.m2\repository\commons-collections\commons-collections\3.2.2\commons-collections-3.2.2.jar;C:\Users\DheyClaveria\.m2\repository\org\fluentlenium\fluentlenium-core\0.10.2\fluentlenium-core-0.10.2.jar;C:\Users\DheyClaveria\.m2\repository\com\jhlabs\filters\2.0.235\filters-2.0.235.jar;C:\Users\DheyClaveria\.m2\repository\com\paulhammant\ngwebdriver\1.1.5\ngwebdriver-1.1.5.jar;C:\Users\DheyClaveria\.m2\repository\joda-time\joda-time\2.8.2\joda-time-2.8.2.jar;C:\Users\DheyClaveria\.m2\repository\org\hamcrest\hamcrest\2.2\hamcrest-2.2.jar;C:\Users\DheyClaveria\.m2\repository\com\google\jimfs\jimfs\1.1\jimfs-1.1.jar;C:\Users\DheyClaveria\.m2\repository\org\mockito\mockito-core\3.3.3\mockito-core-3.3.3.jar;C:\Users\DheyClaveria\.m2\repository\javax\xml\bind\jaxb-api\2.3.1\jaxb-api-2.3.1.jar;C:\Users\DheyClaveria\.m2\repository\javax\activation\javax.activation-api\1.2.0\javax.activation-api-1.2.0.jar;C:\Users\DheyClaveria\.m2\repository\com\sun\xml\bind\jaxb-core\2.3.0.1\jaxb-core-2.3.0.1.jar;C:\Users\DheyClaveria\.m2\repository\javax\activation\activation\1.1.1\activation-1.1.1.jar;C:\Users\DheyClaveria\.m2\repository\net\serenity-bdd\serenity-junit\3.2.0\serenity-junit-3.2.0.jar;C:\Users\DheyClaveria\.m2\repository\net\serenity-bdd\serenity-cucumber\3.2.0\serenity-cucumber-3.2.0.jar;C:\Users\DheyClaveria\.m2\repository\org\apache\commons\commons-csv\1.5\commons-csv-1.5.jar;C:\Users\DheyClaveria\.m2\repository\net\serenity-bdd\serenity-rest-assured\3.2.0\serenity-rest-assured-3.2.0.jar;C:\Users\DheyClaveria\.m2\repository\org\apache\httpcomponents\httpclient\4.5.13\httpclient-4.5.13.jar;C:\Users\DheyClaveria\.m2\repository\org\apache\httpcomponents\httpcore\4.4.13\httpcore-4.4.13.jar;C:\Users\DheyClaveria\.m2\repository\io\rest-assured\rest-assured\4.4.0\rest-assured-4.4.0.jar;C:\Users\DheyClaveria\.m2\repository\org\apache\httpcomponents\httpmime\4.5.13\httpmime-4.5.13.jar;C:\Users\DheyClaveria\.m2\repository\io\rest-assured\json-path\4.4.0\json-path-4.4.0.jar;C:\Users\DheyClaveria\.m2\repository\io\rest-assured\rest-assured-common\4.4.0\rest-assured-common-4.4.0.jar;C:\Users\DheyClaveria\.m2\repository\io\rest-assured\xml-path\4.4.0\xml-path-4.4.0.jar;C:\Users\DheyClaveria\.m2\repository\org\opentest4j\opentest4j\1.2.0\opentest4j-1.2.0.jar;C:\Users\DheyClaveria\.m2\repository\io\cucumber\cucumber-java\7.2.3\cucumber-java-7.2.3.jar;C:\Users\DheyClaveria\.m2\repository\org\apiguardian\apiguardian-api\1.1.2\apiguardian-api-1.1.2.jar;C:\Users\DheyClaveria\.m2\repository\io\cucumber\cucumber-junit\7.2.3\cucumber-junit-7.2.3.jar;C:\Users\DheyClaveria\.m2\repository\io\cucumber\cucumber-core\7.2.3\cucumber-core-7.2.3.jar;C:\Users\DheyClaveria\.m2\repository\io\cucumber\cucumber-gherkin-messages\7.2.3\cucumber-gherkin-messages-7.2.3.jar;C:\Users\DheyClaveria\.m2\repository\io\cucumber\messages\17.1.1\messages-17.1.1.jar;C:\Users\DheyClaveria\.m2\repository\io\cucumber\tag-expressions\4.1.0\tag-expressions-4.1.0.jar;C:\Users\DheyClaveria\.m2\repository\io\cucumber\cucumber-expressions\15.0.1\cucumber-expressions-15.0.1.jar;C:\Users\DheyClaveria\.m2\repository\io\cucumber\datatable\7.2.3\datatable-7.2.3.jar;C:\Users\DheyClaveria\.m2\repository\io\cucumber\cucumber-plugin\7.2.3\cucumber-plugin-7.2.3.jar;C:\Users\DheyClaveria\.m2\repository\io\cucumber\docstring\7.2.3\docstring-7.2.3.jar;C:\Users\DheyClaveria\.m2\repository\io\cucumber\html-formatter\17.0.0\html-formatter-17.0.0.jar;C:\Users\DheyClaveria\.m2\repository\io\cucumber\ci-environment\8.1.0\ci-environment-8.1.0.jar;C:\Users\DheyClaveria\.m2\repository\io\cucumber\cucumber-junit-platform-engine\7.2.3\cucumber-junit-platform-engine-7.2.3.jar;C:\Users\DheyClaveria\.m2\repository\org\junit\platform\junit-platform-engine\1.8.2\junit-platform-engine-1.8.2.jar;C:\Users\DheyClaveria\.m2\repository\org\junit\platform\junit-platform-commons\1.8.2\junit-platform-commons-1.8.2.jar;C:\Users\DheyClaveria\.m2\repository\net\masterthought\cucumber-reporting\5.7.0\cucumber-reporting-5.7.0.jar;C:\Users\DheyClaveria\.m2\repository\com\fasterxml\jackson\datatype\jackson-datatype-jsr310\2.13.0\jackson-datatype-jsr310-2.13.0.jar;C:\Users\DheyClaveria\.m2\repository\org\apache\velocity\velocity-engine-core\2.3\velocity-engine-core-2.3.jar;C:\Users\DheyClaveria\.m2\repository\org\codehaus\plexus\plexus-utils\3.3.0\plexus-utils-3.3.0.jar;C:\Users\DheyClaveria\.m2\repository\org\jsoup\jsoup\1.14.2\jsoup-1.14.2.jar;C:\Users\DheyClaveria\.m2\repository\com\google\guava\guava\30.1.1-jre\guava-30.1.1-jre.jar;C:\Users\DheyClaveria\.m2\repository\com\google\guava\failureaccess\1.0.1\failureaccess-1.0.1.jar;C:\Users\DheyClaveria\.m2\repository\com\google\guava\listenablefuture\9999.0-empty-to-avoid-conflict-with-guava\listenablefuture-9999.0-empty-to-avoid-conflict-with-guava.jar;C:\Users\DheyClaveria\.m2\repository\com\google\code\findbugs\jsr305\3.0.2\jsr305-3.0.2.jar;C:\Users\DheyClaveria\.m2\repository\org\checkerframework\checker-qual\3.8.0\checker-qual-3.8.0.jar;C:\Users\DheyClaveria\.m2\repository\com\google\errorprone\error_prone_annotations\2.5.1\error_prone_annotations-2.5.1.jar;C:\Users\DheyClaveria\.m2\repository\com\google\j2objc\j2objc-annotations\1.3\j2objc-annotations-1.3.jar;C:\Users\DheyClaveria\.m2\repository\com\googlecode\owasp-java-html-sanitizer\owasp-java-html-sanitizer\20211018.2\owasp-java-html-sanitizer-20211018.2.jar;C:\Users\DheyClaveria\.m2\repository\commons-configuration\commons-configuration\1.10\commons-configuration-1.10.jar;C:\Users\DheyClaveria\.m2\repository\commons-lang\commons-lang\2.6\commons-lang-2.6.jar;C:\Users\DheyClaveria\.m2\repository\io\cucumber\cucumber-html\0.2.7\cucumber-html-0.2.7.jar;C:\Users\DheyClaveria\.m2\repository\io\cucumber\cucumber-gherkin\7.2.3\cucumber-gherkin-7.2.3.jar;C:\Users\DheyClaveria\.m2\repository\org\hamcrest\hamcrest-core\2.2\hamcrest-core-2.2.jar;C:\Users\DheyClaveria\.m2\repository\junit\junit\4.13.1\junit-4.13.1.jar;C:\Users\DheyClaveria\.m2\repository\org\junit\platform\junit-platform-suite\1.8.2\junit-platform-suite-1.8.2.jar;C:\Users\DheyClaveria\.m2\repository\org\junit\platform\junit-platform-suite-api\1.8.2\junit-platform-suite-api-1.8.2.jar;C:\Users\DheyClaveria\.m2\repository\org\junit\platform\junit-platform-suite-engine\1.8.2\junit-platform-suite-engine-1.8.2.jar;C:\Users\DheyClaveria\.m2\repository\org\junit\platform\junit-platform-suite-commons\1.8.2\junit-platform-suite-commons-1.8.2.jar;C:\Users\DheyClaveria\.m2\repository\org\junit\platform\junit-platform-launcher\1.8.2\junit-platform-launcher-1.8.2.jar;C:\Users\DheyClaveria\.m2\repository\org\junit\jupiter\junit-jupiter\5.8.2\junit-jupiter-5.8.2.jar;C:\Users\DheyClaveria\.m2\repository\org\junit\jupiter\junit-jupiter-api\5.8.2\junit-jupiter-api-5.8.2.jar;C:\Users\DheyClaveria\.m2\repository\org\junit\jupiter\junit-jupiter-params\5.8.2\junit-jupiter-params-5.8.2.jar;C:\Users\DheyClaveria\.m2\repository\org\junit\jupiter\junit-jupiter-engine\5.8.2\junit-jupiter-engine-5.8.2.jar;C:\Users\DheyClaveria\.m2\repository\org\junit\vintage\junit-vintage-engine\5.8.2\junit-vintage-engine-5.8.2.jar;C:\Users\DheyClaveria\.m2\repository\info\cukes\cucumber-java\1.2.5\cucumber-java-1.2.5.jar;C:\Users\DheyClaveria\.m2\repository\info\cukes\cucumber-core\1.2.5\cucumber-core-1.2.5.jar;C:\Users\DheyClaveria\.m2\repository\info\cukes\cucumber-html\0.2.3\cucumber-html-0.2.3.jar;C:\Users\DheyClaveria\.m2\repository\info\cukes\cucumber-jvm-deps\1.0.5\cucumber-jvm-deps-1.0.5.jar;C:\Users\DheyClaveria\.m2\repository\info\cukes\gherkin\2.12.2\gherkin-2.12.2.jar;C:\Users\DheyClaveria\.m2\repository\info\cukes\cucumber-junit\1.2.5\cucumber-junit-1.2.5.jar;C:\Users\DheyClaveria\.m2\repository\org\seleniumhq\selenium\selenium-java\4.1.1\selenium-java-4.1.1.jar;C:\Users\DheyClaveria\.m2\repository\org\seleniumhq\selenium\selenium-devtools-v85\4.1.1\selenium-devtools-v85-4.1.1.jar;C:\Users\DheyClaveria\.m2\repository\org\seleniumhq\selenium\selenium-devtools-v94\4.1.1\selenium-devtools-v94-4.1.1.jar;C:\Users\DheyClaveria\.m2\repository\org\seleniumhq\selenium\selenium-devtools-v95\4.1.1\selenium-devtools-v95-4.1.1.jar;C:\Users\DheyClaveria\.m2\repository\org\seleniumhq\selenium\selenium-devtools-v96\4.1.1\selenium-devtools-v96-4.1.1.jar;C:\Users\DheyClaveria\.m2\repository\org\seleniumhq\selenium\selenium-firefox-xpi-driver\4.1.1\selenium-firefox-xpi-driver-4.1.1.jar;C:\Users\DheyClaveria\.m2\repository\org\seleniumhq\selenium\selenium-opera-driver\4.1.1\selenium-opera-driver-4.1.1.jar;C:\Users\DheyClaveria\.m2\repository\org\seleniumhq\selenium\selenium-remote-driver\4.1.1\selenium-remote-driver-4.1.1.jar;C:\Users\DheyClaveria\.m2\repository\io\netty\netty-buffer\4.1.70.Final\netty-buffer-4.1.70.Final.jar;C:\Users\DheyClaveria\.m2\repository\io\netty\netty-codec-http\4.1.70.Final\netty-codec-http-4.1.70.Final.jar;C:\Users\DheyClaveria\.m2\repository\io\netty\netty-codec\4.1.70.Final\netty-codec-4.1.70.Final.jar;C:\Users\DheyClaveria\.m2\repository\io\netty\netty-handler\4.1.70.Final\netty-handler-4.1.70.Final.jar;C:\Users\DheyClaveria\.m2\repository\io\netty\netty-common\4.1.70.Final\netty-common-4.1.70.Final.jar;C:\Users\DheyClaveria\.m2\repository\io\netty\netty-transport-classes-epoll\4.1.70.Final\netty-transport-classes-epoll-4.1.70.Final.jar;C:\Users\DheyClaveria\.m2\repository\io\netty\netty-transport-classes-kqueue\4.1.70.Final\netty-transport-classes-kqueue-4.1.70.Final.jar;C:\Users\DheyClaveria\.m2\repository\io\netty\netty-transport-native-unix-common\4.1.70.Final\netty-transport-native-unix-common-4.1.70.Final.jar;C:\Users\DheyClaveria\.m2\repository\io\netty\netty-transport\4.1.70.Final\netty-transport-4.1.70.Final.jar;C:\Users\DheyClaveria\.m2\repository\io\netty\netty-resolver\4.1.70.Final\netty-resolver-4.1.70.Final.jar;C:\Users\DheyClaveria\.m2\repository\io\opentelemetry\opentelemetry-api\1.9.1\opentelemetry-api-1.9.1.jar;C:\Users\DheyClaveria\.m2\repository\io\opentelemetry\opentelemetry-context\1.9.1\opentelemetry-context-1.9.1.jar;C:\Users\DheyClaveria\.m2\repository\io\opentelemetry\opentelemetry-exporter-logging\1.9.1\opentelemetry-exporter-logging-1.9.1.jar;C:\Users\DheyClaveria\.m2\repository\io\opentelemetry\opentelemetry-sdk-metrics\1.9.1-alpha\opentelemetry-sdk-metrics-1.9.1-alpha.jar;C:\Users\DheyClaveria\.m2\repository\io\opentelemetry\opentelemetry-sdk-logs\1.9.1-alpha\opentelemetry-sdk-logs-1.9.1-alpha.jar;C:\Users\DheyClaveria\.m2\repository\io\opentelemetry\opentelemetry-sdk-common\1.9.1\opentelemetry-sdk-common-1.9.1.jar;C:\Users\DheyClaveria\.m2\repository\io\opentelemetry\opentelemetry-sdk-extension-autoconfigure-spi\1.9.1\opentelemetry-sdk-extension-autoconfigure-spi-1.9.1.jar;C:\Users\DheyClaveria\.m2\repository\io\opentelemetry\opentelemetry-sdk-extension-autoconfigure\1.9.1-alpha\opentelemetry-sdk-extension-autoconfigure-1.9.1-alpha.jar;C:\Users\DheyClaveria\.m2\repository\io\opentelemetry\opentelemetry-sdk-trace\1.9.1\opentelemetry-sdk-trace-1.9.1.jar;C:\Users\DheyClaveria\.m2\repository\io\opentelemetry\opentelemetry-api-metrics\1.9.1-alpha\opentelemetry-api-metrics-1.9.1-alpha.jar;C:\Users\DheyClaveria\.m2\repository\io\opentelemetry\opentelemetry-sdk\1.9.1\opentelemetry-sdk-1.9.1.jar;C:\Users\DheyClaveria\.m2\repository\io\opentelemetry\opentelemetry-semconv\1.9.1-alpha\opentelemetry-semconv-1.9.1-alpha.jar;C:\Users\DheyClaveria\.m2\repository\io\ous\jtoml\2.0.0\jtoml-2.0.0.jar;C:\Users\DheyClaveria\.m2\repository\org\apache\commons\commons-exec\1.3\commons-exec-1.3.jar;C:\Users\DheyClaveria\.m2\repository\org\asynchttpclient\async-http-client\2.12.3\async-http-client-2.12.3.jar;C:\Users\DheyClaveria\.m2\repository\org\asynchttpclient\async-http-client-netty-utils\2.12.3\async-http-client-netty-utils-2.12.3.jar;C:\Users\DheyClaveria\.m2\repository\io\netty\netty-codec-socks\4.1.60.Final\netty-codec-socks-4.1.60.Final.jar;C:\Users\DheyClaveria\.m2\repository\io\netty\netty-handler-proxy\4.1.60.Final\netty-handler-proxy-4.1.60.Final.jar;C:\Users\DheyClaveria\.m2\repository\io\netty\netty-transport-native-epoll\4.1.60.Final\netty-transport-native-epoll-4.1.60.Final-linux-x86_64.jar;C:\Users\DheyClaveria\.m2\repository\io\netty\netty-transport-native-kqueue\4.1.60.Final\netty-transport-native-kqueue-4.1.60.Final-osx-x86_64.jar;C:\Users\DheyClaveria\.m2\repository\org\reactivestreams\reactive-streams\1.0.3\reactive-streams-1.0.3.jar;C:\Users\DheyClaveria\.m2\repository\com\typesafe\netty\netty-reactive-streams\2.0.4\netty-reactive-streams-2.0.4.jar;C:\Users\DheyClaveria\.m2\repository\com\sun\activation\jakarta.activation\1.2.2\jakarta.activation-1.2.2.jar;C:\Users\DheyClaveria\.m2\repository\org\seleniumhq\selenium\selenium-http\4.1.1\selenium-http-4.1.1.jar;C:\Users\DheyClaveria\.m2\repository\net\jodah\failsafe\2.4.4\failsafe-2.4.4.jar;C:\Users\DheyClaveria\.m2\repository\org\seleniumhq\selenium\selenium-safari-driver\4.1.1\selenium-safari-driver-4.1.1.jar;C:\Users\DheyClaveria\.m2\repository\org\seleniumhq\selenium\selenium-chrome-driver\4.1.1\selenium-chrome-driver-4.1.1.jar;C:\Users\DheyClaveria\.m2\repository\com\google\auto\service\auto-service-annotations\1.0.1\auto-service-annotations-1.0.1.jar;C:\Users\DheyClaveria\.m2\repository\com\google\auto\service\auto-service\1.0.1\auto-service-1.0.1.jar;C:\Users\DheyClaveria\.m2\repository\com\google\auto\auto-common\1.2\auto-common-1.2.jar;C:\Users\DheyClaveria\.m2\repository\org\seleniumhq\selenium\selenium-chromium-driver\4.1.1\selenium-chromium-driver-4.1.1.jar;C:\Users\DheyClaveria\.m2\repository\org\seleniumhq\selenium\selenium-json\4.1.1\selenium-json-4.1.1.jar;C:\Users\DheyClaveria\.m2\repository\io\github\bonigarcia\webdrivermanager\4.2.2\webdrivermanager-4.2.2.jar;C:\Users\DheyClaveria\.m2\repository\org\apache\httpcomponents\client5\httpclient5\5.0.1\httpclient5-5.0.1.jar;C:\Users\DheyClaveria\.m2\repository\org\apache\httpcomponents\core5\httpcore5\5.0.1\httpcore5-5.0.1.jar;C:\Users\DheyClaveria\.m2\repository\org\apache\httpcomponents\core5\httpcore5-h2\5.0.1\httpcore5-h2-5.0.1.jar;C:\Users\DheyClaveria\.m2\repository\org\rauschig\jarchivelib\1.1.0\jarchivelib-1.1.0.jar;C:\Users\DheyClaveria\.m2\repository\tech\grasshopper\extentreports-cucumber7-adapter\1.3.0\extentreports-cucumber7-adapter-1.3.0.jar;C:\Users\DheyClaveria\.m2\repository\com\aventstack\extentreports\5.0.9\extentreports-5.0.9.jar;C:\Users\DheyClaveria\.m2\repository\io\reactivex\rxjava3\rxjava\3.0.4\rxjava-3.0.4.jar;C:\Users\DheyClaveria\.m2\repository\tech\grasshopper\extent-pdf-report\2.1.0\extent-pdf-report-2.1.0.jar;C:\Users\DheyClaveria\.m2\repository\tech\grasshopper\cucumber-pdf-report\2.5.0\cucumber-pdf-report-2.5.0.jar;C:\Users\DheyClaveria\.m2\repository\org\knowm\xchart\xchart\3.8.0\xchart-3.8.0.jar;C:\Users\DheyClaveria\.m2\repository\de\erichseifert\vectorgraphics2d\VectorGraphics2D\0.13\VectorGraphics2D-0.13.jar;C:\Users\DheyClaveria\.m2\repository\de\rototor\pdfbox\graphics2d\0.30\graphics2d-0.30.jar;C:\Users\DheyClaveria\.m2\repository\com\madgag\animated-gif-lib\1.4\animated-gif-lib-1.4.jar;C:\Users\DheyClaveria\.m2\repository\org\yaml\snakeyaml\1.28\snakeyaml-1.28.jar;C:\Users\DheyClaveria\.m2\repository\tech\grasshopper\table-layout\1.4.0\table-layout-1.4.0.jar;C:\Users\DheyClaveria\.m2\repository\tech\grasshopper\rest-assured-cucumber-pdf-report\1.1.0\rest-assured-cucumber-pdf-report-1.1.0.jar;C:\Users\DheyClaveria\.m2\repository\com\aventstack\klov-reporter\5.0.9\klov-reporter-5.0.9.jar;C:\Users\DheyClaveria\.m2\repository\org\mongodb\mongodb-driver\3.6.4\mongodb-driver-3.6.4.jar;C:\Users\DheyClaveria\.m2\repository\org\mongodb\mongodb-driver-core\3.6.4\mongodb-driver-core-3.6.4.jar;C:\Users\DheyClaveria\.m2\repository\org\mongodb\bson\3.6.4\bson-3.6.4.jar;C:\Users\DheyClaveria\.m2\repository\tech\grasshopper\htmlextentreporter\1.0.0\htmlextentreporter-1.0.0.jar;C:\Users\DheyClaveria\.m2\repository\org\testng\testng\6.14.3\testng-6.14.3.jar;C:\Users\DheyClaveria\.m2\repository\com\beust\jcommander\1.72\jcommander-1.72.jar;C:\Users\DheyClaveria\.m2\repository\org\apache-extras\beanshell\bsh\2.0b6\bsh-2.0b6.jar;C:\Users\DheyClaveria\.m2\repository\io\cucumber\cucumber-testng\7.2.3\cucumber-testng-7.2.3.jar;C:\Users\DheyClaveria\.m2\repository\org\apache\poi\poi\5.2.1\poi-5.2.1.jar;C:\Users\DheyClaveria\.m2\repository\org\apache\commons\commons-collections4\4.4\commons-collections4-4.4.jar;C:\Users\DheyClaveria\.m2\repository\org\apache\commons\commons-math3\3.6.1\commons-math3-3.6.1.jar;C:\Users\DheyClaveria\.m2\repository\com\zaxxer\SparseBitSet\1.2\SparseBitSet-1.2.jar;C:\Users\DheyClaveria\.m2\repository\org\apache\logging\log4j\log4j-api\2.17.1\log4j-api-2.17.1.jar;C:\Users\DheyClaveria\.m2\repository\org\apache\poi\poi-ooxml\5.2.1\poi-ooxml-5.2.1.jar;C:\Users\DheyClaveria\.m2\repository\org\apache\poi\poi-ooxml-lite\5.2.1\poi-ooxml-lite-5.2.1.jar;C:\Users\DheyClaveria\.m2\repository\org\apache\xmlbeans\xmlbeans\5.0.3\xmlbeans-5.0.3.jar;C:\Users\DheyClaveria\.m2\repository\org\apache\commons\commons-compress\1.21\commons-compress-1.21.jar;C:\Users\DheyClaveria\.m2\repository\com\github\virtuald\curvesapi\1.07\curvesapi-1.07.jar;C:\Users\DheyClaveria\.m2\repository\org\apache\maven\surefire\surefire-junit-platform\3.0.0-M5\surefire-junit-platform-3.0.0-M5.jar;C:\Users\DheyClaveria\.m2\repository\org\apache\maven\surefire\common-java5\3.0.0-M5\common-java5-3.0.0-M5.jar"/>
    <property name="user.script" value=""/>
    <property name="sun.management.compiler" value="HotSpot 64-Bit Tiered Compilers"/>
    <property name="java.runtime.version" value="15.0.1+9-18"/>
    <property name="user.name" value="DheyClaveria"/>
    <property name="path.separator" value=";"/>
    <property name="os.version" value="10.0"/>
    <property name="java.runtime.name" value="Java(TM) SE Runtime Environment"/>
    <property name="file.encoding" value="Cp1252"/>
    <property name="sun.nio.ch.bugLevel" value=""/>
    <property name="java.vm.name" value="Java HotSpot(TM) 64-Bit Server VM"/>
    <property name="localRepository" value="C:\Users\DheyClaveria\.m2\repository"/>
    <property name="java.vendor.url.bug" value="https://bugreport.java.com/bugreport/"/>
    <property name="java.io.tmpdir" value="C:\Users\DheyClaveria\AppData\Local\Temp\"/>
    <property name="java.version" value="15.0.1"/>
    <property name="user.dir" value="Z:\Automation\JavaCucumber\BDD_HCL\CucumberHCL"/>
    <property name="os.arch" value="amd64"/>
    <property name="java.vm.specification.name" value="Java Virtual Machine Specification"/>
    <property name="sun.os.patch.level" value=""/>
    <property name="java.library.path" value="C:\Program Files\Java\jdk-15.0.1\bin;C:\WINDOWS\Sun\Java\bin;C:\WINDOWS\system32;C:\WINDOWS;C:\Program Files\Common Files\Oracle\Java\javapath;C:\Program Files (x86)\Common Files\Intel\Shared Libraries\redist\intel64\compiler;C:\Windows\system32;C:\Windows;C:\Windows\System32\Wbem;C:\Windows\System32\WindowsPowerShell\v1.0\;C:\Windows\System32\OpenSSH\;C:\Program Files (x86)\NVIDIA Corporation\PhysX\Common;C:\Program Files\Microsoft SQL Server\120\Tools\Binn\;C:\Users\DheyClaveria\.dnx\bin;C:\Program Files\Microsoft DNX\Dnvm\;C:\Program Files\Microsoft SQL Server\130\Tools\Binn\;C:\Program Files (x86)\Microsoft SQL Server\130\Tools\Binn\;C:\Program Files (x86)\Microsoft SQL Server\130\DTS\Binn\;C:\Program Files\Microsoft SQL Server\130\DTS\Binn\;C:\Program Files\Microsoft SQL Server\Client SDK\ODBC\130\Tools\Binn\;C:\Program Files\nodejs\;C:\Program Files\NVIDIA Corporation\NVIDIA NvDLISR;C:\WINDOWS\system32;C:\WINDOWS;C:\WINDOWS\System32\Wbem;C:\WINDOWS\System32\WindowsPowerShell\v1.0\;C:\WINDOWS\System32\OpenSSH\;C:\Selenium;C:\Program Files\Git\cmd;C:\Program Files\Java\jdk-15.0.1\bin;C:\WINDOWS\system32;C:\WINDOWS;C:\WINDOWS\System32\Wbem;C:\WINDOWS\System32\WindowsPowerShell\v1.0\;C:\WINDOWS\System32\OpenSSH\;C:\Program Files\dotnet\;C:\apache-maven-3.8.5\bin;C:\apache-maven-3.8.5\;C:\apache-maven-3.8.5\\bin;C:\Users\DheyClaveria\AppData\Local\Programs\Python\Python39\Scripts\;C:\Users\DheyClaveria\AppData\Local\Programs\Python\Python39\;C:\Users\DheyClaveria\AppData\Local\Microsoft\WindowsApps;C:\Users\DheyClaveria\AppData\Local\GitHubDesktop\bin;C:\Users\DheyClaveria\AppData\Local\Programs\Microsoft VS Code\bin;C:\Users\DheyClaveria\AppData\Roaming\npm;C:\Users\DheyClaveria\AppData\Local\Microsoft\WindowsApps;C:\Program Files\Java\jdk-15.0.1\bin;C:\apache-maven-3.6.3\bin;C:\Program Files\nodejs;C:\Selenium;;."/>
    <property name="java.vm.info" value="mixed mode"/>
    <property name="java.vendor" value="Oracle Corporation"/>
    <property name="java.vm.version" value="15.0.1+9-18"/>
    <property name="sun.io.unicode.encoding" value="UnicodeLittle"/>
    <property name="java.class.version" value="59.0"/>
  </properties>
  <testcase name="Login fail possible combinations" classname="Test Invalid User Credentials Feature" time="36.947">
    <system-out><![CDATA[16:10:41.925 [main] INFO  i.c.core.plugin.SerenityReporter - Running feature from file:///Z:/Automation/JavaCucumber/BDD_HCL/CucumberHCL/src/main/resources/AppFeatures/ValidateAndVerifyInvalidLogin.feature
16:10:41.927 [main] WARN  i.c.core.plugin.SerenityReporter - Feature from file:///Z:/Automation/JavaCucumber/BDD_HCL/CucumberHCL/src/main/resources/AppFeatures/ValidateAndVerifyInvalidLogin.feature is not under the 'features' directory. Requirements report will not be correctly generated!
16:10:42.057 [main] INFO   - 

-------------------------------------------------------------------------------------
     _______. _______ .______       _______ .__   __.  __  .___________.____    ____ 
    /       ||   ____||   _  \     |   ____||  \ |  | |  | |           |\   \  /   / 
   |   (----`|  |__   |  |_)  |    |  |__   |   \|  | |  | `---|  |----` \   \/   /  
    \   \    |   __|  |      /     |   __|  |  . `  | |  |     |  |       \_    _/   
.----)   |   |  |____ |  |\  \----.|  |____ |  |\   | |  |     |  |         |  |     
|_______/    |_______|| _| `._____||_______||__| \__| |__|     |__|         |__|    
                                                                                     
 News and tutorials at http://www.serenity-bdd.info                                  
 Documentation at https://wakaleo.gitbooks.io/the-serenity-book/content/             
 Join the Serenity Community on Gitter: https://gitter.im/serenity-bdd/serenity-core 
 Serenity BDD Support and Training at http://serenity-bdd.info/#/trainingandsupport  
-------------------------------------------------------------------------------------

16:10:42.059 [main] DEBUG n.thucydides.core.steps.StepEventBus - Test suite started for story net.thucydides.core.model.Story@b13a1f46
16:10:42.061 [main] INFO   - Test Suite Started: Test Invalid User Credentials Feature
16:10:42.073 [main] INFO  i.c.core.plugin.SerenityReporter - Running feature from file:///Z:/Automation/JavaCucumber/BDD_HCL/CucumberHCL/src/main/resources/AppFeatures/ValidateAndVerifyLoginPage.feature
16:10:42.073 [main] WARN  i.c.core.plugin.SerenityReporter - Feature from file:///Z:/Automation/JavaCucumber/BDD_HCL/CucumberHCL/src/main/resources/AppFeatures/ValidateAndVerifyLoginPage.feature is not under the 'features' directory. Requirements report will not be correctly generated!
16:10:42.077 [main] DEBUG n.thucydides.core.steps.StepEventBus - Test suite started for story net.thucydides.core.model.Story@7f1849ba
16:10:42.077 [main] INFO   - Test Suite Started: Validate And Verify Login Page to PEGA Site
16:10:42.078 [main] INFO  i.c.core.plugin.SerenityReporter - Running feature from file:///Z:/Automation/JavaCucumber/BDD_HCL/CucumberHCL/src/main/resources/AppFeatures/ValidateAndVerifyInvalidLogin.feature
16:10:42.078 [main] WARN  i.c.core.plugin.SerenityReporter - Feature from file:///Z:/Automation/JavaCucumber/BDD_HCL/CucumberHCL/src/main/resources/AppFeatures/ValidateAndVerifyInvalidLogin.feature is not under the 'features' directory. Requirements report will not be correctly generated!
16:10:42.080 [main] DEBUG n.thucydides.core.steps.StepEventBus - Test suite started for story net.thucydides.core.model.Story@b13a1f46
16:10:42.080 [main] INFO   - Test Suite Started: Test Invalid User Credentials Feature

@All @testInvalid
Scenario Outline: Login fail possible combinations                                                                                   &amp#27;[90m# src/main/resources/AppFeatures/ValidateAndVerifyInvalidLogin.feature:15&amp#27;[0m
16:10:42.132 [main] INFO  i.c.core.plugin.SerenityReporter - Running feature from file:///Z:/Automation/JavaCucumber/BDD_HCL/CucumberHCL/src/main/resources/AppFeatures/ValidateAndVerifyInvalidLogin.feature
16:10:42.132 [main] WARN  i.c.core.plugin.SerenityReporter - Feature from file:///Z:/Automation/JavaCucumber/BDD_HCL/CucumberHCL/src/main/resources/AppFeatures/ValidateAndVerifyInvalidLogin.feature is not under the 'features' directory. Requirements report will not be correctly generated!
16:10:42.214 [main] INFO   - 
  _____   ___   ___   _____     ___   _____     _     ___   _____   ___   ___  
 |_   _| | __| / __| |_   _|   / __| |_   _|   /_\   | _ \ |_   _| | __| |   \ 
   | |   | _|  \__ \   | |     \__ \   | |    / _ \  |   /   | |   | _|  | |) |
   |_|   |___| |___/   |_|     |___/   |_|   /_/ \_\ |_|_\   |_|   |___| |___/ 

Login fail possible combinations(test-invalid-user-credentials-feature;login-fail-possible-combinations)
--------------------------------------------------------------------------------
16:10:42.331 [main] DEBUG com.pages.drivers.DriversFactory - Initialize Driver Browser Configuration
16:10:42.331 [main] DEBUG com.pages.drivers.DriversFactory -  Driver Browser : chrome
16:10:42.555 [main] DEBUG i.g.bonigarcia.wdm.WebDriverManager - Driver chromedriver 99.0.4844.51 found in cache
16:10:42.556 [main] INFO  i.g.bonigarcia.wdm.WebDriverManager - Exporting webdriver.chrome.driver as C:\Users\DheyClaveria\.cache\selenium\chromedriver\win32\99.0.4844.51\chromedriver.exe
16:10:42.617 [main] DEBUG i.n.u.i.l.InternalLoggerFactory - Using SLF4J as the default logging framework
16:10:42.619 [main] DEBUG io.netty.util.ResourceLeakDetector - -Dio.netty.leakDetection.level: simple
16:10:42.619 [main] DEBUG io.netty.util.ResourceLeakDetector - -Dio.netty.leakDetection.targetRecords: 4
16:10:42.621 [main] DEBUG i.n.util.ResourceLeakDetectorFactory - Loaded default ResourceLeakDetector: io.netty.util.ResourceLeakDetector@4cb702ce
16:10:42.633 [main] DEBUG i.n.util.internal.PlatformDependent0 - -Dio.netty.noUnsafe: false
16:10:42.633 [main] DEBUG i.n.util.internal.PlatformDependent0 - Java version: 15
16:10:42.634 [main] DEBUG i.n.util.internal.PlatformDependent0 - sun.misc.Unsafe.theUnsafe: available
16:10:42.634 [main] DEBUG i.n.util.internal.PlatformDependent0 - sun.misc.Unsafe.copyMemory: available
16:10:42.635 [main] DEBUG i.n.util.internal.PlatformDependent0 - java.nio.Buffer.address: available
16:10:42.635 [main] DEBUG i.n.util.internal.PlatformDependent0 - direct buffer constructor: unavailable: Reflective setAccessible(true) disabled
16:10:42.635 [main] DEBUG i.n.util.internal.PlatformDependent0 - java.nio.Bits.unaligned: available, true
16:10:42.636 [main] DEBUG i.n.util.internal.PlatformDependent0 - jdk.internal.misc.Unsafe.allocateUninitializedArray(int): unavailable: class io.netty.util.internal.PlatformDependent0$6 cannot access class jdk.internal.misc.Unsafe (in module java.base) because module java.base does not export jdk.internal.misc to unnamed module @1af05b03
16:10:42.638 [main] DEBUG i.n.util.internal.PlatformDependent0 - java.nio.DirectByteBuffer.<init>(long, int): unavailable
16:10:42.638 [main] DEBUG i.n.util.internal.PlatformDependent - sun.misc.Unsafe: available
16:10:42.640 [main] DEBUG i.n.util.internal.PlatformDependent - maxDirectMemory: 4276092928 bytes (maybe)
16:10:42.640 [main] DEBUG i.n.util.internal.PlatformDependent - -Dio.netty.tmpdir: C:\Users\DheyClaveria\AppData\Local\Temp (java.io.tmpdir)
16:10:42.640 [main] DEBUG i.n.util.internal.PlatformDependent - -Dio.netty.bitMode: 64 (sun.arch.data.model)
16:10:42.640 [main] DEBUG i.n.util.internal.PlatformDependent - Platform: Windows
16:10:42.640 [main] DEBUG i.n.util.internal.PlatformDependent - -Dio.netty.maxDirectMemory: -1 bytes
16:10:42.640 [main] DEBUG i.n.util.internal.PlatformDependent - -Dio.netty.uninitializedArrayAllocationThreshold: -1
16:10:42.641 [main] DEBUG io.netty.util.internal.CleanerJava9 - java.nio.ByteBuffer.cleaner(): available
16:10:42.641 [main] DEBUG i.n.util.internal.PlatformDependent - -Dio.netty.noPreferDirect: false
16:10:42.647 [main] DEBUG i.n.util.internal.PlatformDependent - org.jctools-core.MpscChunkedArrayQueue: available
16:10:42.658 [main] DEBUG i.n.u.i.InternalThreadLocalMap - -Dio.netty.threadLocalMap.stringBuilder.initialSize: 1024
16:10:42.658 [main] DEBUG i.n.u.i.InternalThreadLocalMap - -Dio.netty.threadLocalMap.stringBuilder.maxSize: 4096
16:10:42.707 [main] DEBUG io.netty.handler.ssl.JdkSslContext - Default protocols (JDK): [TLSv1.3, TLSv1.2, TLSv1.1, TLSv1] 
16:10:42.707 [main] DEBUG io.netty.handler.ssl.JdkSslContext - Default cipher suites (JDK): [TLS_ECDHE_ECDSA_WITH_AES_256_GCM_SHA384, TLS_ECDHE_ECDSA_WITH_AES_128_GCM_SHA256, TLS_ECDHE_RSA_WITH_AES_128_GCM_SHA256, TLS_ECDHE_RSA_WITH_AES_256_GCM_SHA384, TLS_ECDHE_RSA_WITH_AES_128_CBC_SHA, TLS_ECDHE_RSA_WITH_AES_256_CBC_SHA, TLS_RSA_WITH_AES_128_GCM_SHA256, TLS_RSA_WITH_AES_128_CBC_SHA, TLS_RSA_WITH_AES_256_CBC_SHA, TLS_AES_128_GCM_SHA256, TLS_AES_256_GCM_SHA384]
16:10:42.725 [main] DEBUG i.n.c.MultithreadEventLoopGroup - -Dio.netty.eventLoopThreads: 24
16:10:42.732 [main] DEBUG io.netty.channel.nio.NioEventLoop - -Dio.netty.noKeySetOptimization: false
16:10:42.732 [main] DEBUG io.netty.channel.nio.NioEventLoop - -Dio.netty.selectorAutoRebuildThreshold: 512
16:10:42.772 [main] DEBUG i.n.buffer.PooledByteBufAllocator - -Dio.netty.allocator.numHeapArenas: 24
16:10:42.772 [main] DEBUG i.n.buffer.PooledByteBufAllocator - -Dio.netty.allocator.numDirectArenas: 24
16:10:42.772 [main] DEBUG i.n.buffer.PooledByteBufAllocator - -Dio.netty.allocator.pageSize: 8192
16:10:42.772 [main] DEBUG i.n.buffer.PooledByteBufAllocator - -Dio.netty.allocator.maxOrder: 11
16:10:42.772 [main] DEBUG i.n.buffer.PooledByteBufAllocator - -Dio.netty.allocator.chunkSize: 16777216
16:10:42.772 [main] DEBUG i.n.buffer.PooledByteBufAllocator - -Dio.netty.allocator.smallCacheSize: 256
16:10:42.772 [main] DEBUG i.n.buffer.PooledByteBufAllocator - -Dio.netty.allocator.normalCacheSize: 64
16:10:42.772 [main] DEBUG i.n.buffer.PooledByteBufAllocator - -Dio.netty.allocator.maxCachedBufferCapacity: 32768
16:10:42.772 [main] DEBUG i.n.buffer.PooledByteBufAllocator - -Dio.netty.allocator.cacheTrimInterval: 8192
16:10:42.773 [main] DEBUG i.n.buffer.PooledByteBufAllocator - -Dio.netty.allocator.cacheTrimIntervalMillis: 0
16:10:42.773 [main] DEBUG i.n.buffer.PooledByteBufAllocator - -Dio.netty.allocator.useCacheForAllThreads: true
16:10:42.773 [main] DEBUG i.n.buffer.PooledByteBufAllocator - -Dio.netty.allocator.maxCachedByteBuffersPerChunk: 1023
16:10:42.781 [main] DEBUG io.netty.buffer.ByteBufUtil - -Dio.netty.allocator.type: pooled
16:10:42.781 [main] DEBUG io.netty.buffer.ByteBufUtil - -Dio.netty.threadLocalDirectBufferSize: 0
16:10:42.781 [main] DEBUG io.netty.buffer.ByteBufUtil - -Dio.netty.maxThreadLocalCharBufferSize: 16384
16:10:43.462 [Forwarding newSession on session null to remote] DEBUG io.netty.channel.DefaultChannelId - -Dio.netty.processId: 26920 (auto-detected)
16:10:43.463 [Forwarding newSession on session null to remote] DEBUG io.netty.util.NetUtil - -Djava.net.preferIPv4Stack: false
16:10:43.463 [Forwarding newSession on session null to remote] DEBUG io.netty.util.NetUtil - -Djava.net.preferIPv6Addresses: false
16:10:43.468 [Forwarding newSession on session null to remote] DEBUG io.netty.util.NetUtilInitializations - Loopback interface: lo (Software Loopback Interface 1, 127.0.0.1)
16:10:43.468 [Forwarding newSession on session null to remote] DEBUG io.netty.util.NetUtil - Failed to get SOMAXCONN from sysctl and file \proc\sys\net\core\somaxconn. Default: 200
16:10:43.477 [Forwarding newSession on session null to remote] DEBUG io.netty.channel.DefaultChannelId - -Dio.netty.machineId: 00:d8:61:ff:fe:9b:78:4c (auto-detected)
16:10:43.511 [AsyncHttpClient-1-2] DEBUG io.netty.buffer.AbstractByteBuf - -Dio.netty.buffer.checkAccessible: true
16:10:43.511 [AsyncHttpClient-1-2] DEBUG io.netty.buffer.AbstractByteBuf - -Dio.netty.buffer.checkBounds: true
16:10:43.511 [AsyncHttpClient-1-2] DEBUG i.n.util.ResourceLeakDetectorFactory - Loaded default ResourceLeakDetector: io.netty.util.ResourceLeakDetector@45bcb7fd
16:10:43.519 [AsyncHttpClient-1-2] DEBUG o.a.n.channel.NettyConnectListener - Using new Channel '[id: 0x99f4d53f, L:/127.0.0.1:64356 - R:localhost/127.0.0.1:59812]' for 'POST' to '/session'
16:10:43.533 [AsyncHttpClient-1-2] DEBUG io.netty.util.Recycler - -Dio.netty.recycler.maxCapacityPerThread: 4096
16:10:43.534 [AsyncHttpClient-1-2] DEBUG io.netty.util.Recycler - -Dio.netty.recycler.maxSharedCapacityFactor: 2
16:10:43.534 [AsyncHttpClient-1-2] DEBUG io.netty.util.Recycler - -Dio.netty.recycler.linkCapacity: 16
16:10:43.534 [AsyncHttpClient-1-2] DEBUG io.netty.util.Recycler - -Dio.netty.recycler.ratio: 8
16:10:43.534 [AsyncHttpClient-1-2] DEBUG io.netty.util.Recycler - -Dio.netty.recycler.delayedQueue.ratio: 8
16:10:44.140 [AsyncHttpClient-1-2] DEBUG i.n.handler.codec.compression.Brotli - brotli4j not in the classpath; Brotli support will be unavailable.
16:10:44.140 [AsyncHttpClient-1-2] DEBUG o.a.netty.handler.HttpHandler - 

Request DefaultHttpRequest(decodeResult: success, version: HTTP/1.1)
POST /session HTTP/1.1
User-Agent: selenium/4.1.2 (java windows)
Content-Length: 365
Content-Type: application/json; charset=utf-8
host: localhost:59812
accept: */*

Response DefaultHttpResponse(decodeResult: success, version: HTTP/1.1)
HTTP/1.1 200 OK
Content-Type: application/json; charset=utf-8
cache-control: no-cache
content-length: 795

16:10:44.144 [AsyncHttpClient-1-2] DEBUG o.a.netty.channel.ChannelManager - Adding key: http://localhost:59812 for channel [id: 0x99f4d53f, L:/127.0.0.1:64356 - R:localhost/127.0.0.1:59812]
16:10:44.188 [AsyncHttpClient-1-3] DEBUG o.a.n.channel.NettyConnectListener - Using new Channel '[id: 0x48ed44ce, L:/127.0.0.1:64364 - R:localhost/127.0.0.1:64357]' for 'GET' to '/json/version'
16:10:44.193 [AsyncHttpClient-1-3] DEBUG o.a.netty.handler.HttpHandler - 

Request DefaultFullHttpRequest(decodeResult: success, version: HTTP/1.1, content: EmptyByteBufBE)
GET /json/version HTTP/1.1
User-Agent: selenium/4.1.2 (java windows)
host: localhost:64357
accept: */*

Response DefaultHttpResponse(decodeResult: success, version: HTTP/1.1)
HTTP/1.1 200 OK
Content-Type: application/json; charset=UTF-8
content-length: 423

16:10:44.193 [AsyncHttpClient-1-3] DEBUG o.a.netty.channel.ChannelManager - Adding key: http://localhost:64357 for channel [id: 0x48ed44ce, L:/127.0.0.1:64364 - R:localhost/127.0.0.1:64357]
16:10:44.198 [main] DEBUG i.n.util.internal.ThreadLocalRandom - -Dio.netty.initialSeedUniquifier: 0x3d1868d55ae766b7
16:10:44.200 [AsyncHttpClient-1-4] DEBUG o.a.n.channel.NettyConnectListener - Using new Channel '[id: 0x6c942cee, L:/127.0.0.1:64365 - R:localhost/127.0.0.1:64357]' for 'GET' to '/devtools/browser/dc63cf2c-ac93-4158-8745-faf3b076dd11'
16:10:44.205 [AsyncHttpClient-1-4] DEBUG o.a.netty.handler.WebSocketHandler - 

Request DefaultFullHttpRequest(decodeResult: success, version: HTTP/1.1, content: EmptyByteBufBE)
GET /devtools/browser/dc63cf2c-ac93-4158-8745-faf3b076dd11 HTTP/1.1
upgrade: websocket
connection: upgrade
sec-websocket-key: Uw82AqhiYGfnEVxm0B/i6w==
sec-websocket-version: 13
origin: http://localhost:64357
host: localhost:64357
accept: */*
user-agent: AHC/2.1

Response DefaultHttpResponse(decodeResult: success, version: HTTP/1.1)
HTTP/1.1 101 WebSocket Protocol Handshake
Upgrade: WebSocket
Connection: Upgrade
Sec-WebSocket-Accept: FT53DnfVwvdG5iDzpv8dFLF/oMY=

16:10:44.226 [Forwarding deleteAllCookies on session bc383e5e94e30eec175c12ba93bd2883 to remote] DEBUG o.a.netty.request.NettyRequestSender - Using pooled Channel '[id: 0x99f4d53f, L:/127.0.0.1:64356 - R:localhost/127.0.0.1:59812]' for 'DELETE' to 'http://localhost:59812/session/bc383e5e94e30eec175c12ba93bd2883/cookie'
16:10:44.226 [Forwarding deleteAllCookies on session bc383e5e94e30eec175c12ba93bd2883 to remote] DEBUG o.a.netty.request.NettyRequestSender - Using open Channel [id: 0x99f4d53f, L:/127.0.0.1:64356 - R:localhost/127.0.0.1:59812] for DELETE '/session/bc383e5e94e30eec175c12ba93bd2883/cookie'
16:10:44.231 [AsyncHttpClient-1-2] DEBUG o.a.netty.handler.HttpHandler - 

Request DefaultFullHttpRequest(decodeResult: success, version: HTTP/1.1, content: EmptyByteBufBE)
DELETE /session/bc383e5e94e30eec175c12ba93bd2883/cookie HTTP/1.1
User-Agent: selenium/4.1.2 (java windows)
Content-Type: application/json; charset=utf-8
host: localhost:59812
accept: */*

Response DefaultHttpResponse(decodeResult: success, version: HTTP/1.1)
HTTP/1.1 200 OK
Content-Type: application/json; charset=utf-8
cache-control: no-cache
content-length: 14

16:10:44.231 [AsyncHttpClient-1-2] DEBUG o.a.netty.channel.ChannelManager - Adding key: http://localhost:59812 for channel [id: 0x99f4d53f, L:/127.0.0.1:64356 - R:localhost/127.0.0.1:59812]
16:10:44.235 [Forwarding maximizeCurrentWindow on session bc383e5e94e30eec175c12ba93bd2883 to remote] DEBUG o.a.netty.request.NettyRequestSender - Using pooled Channel '[id: 0x99f4d53f, L:/127.0.0.1:64356 - R:localhost/127.0.0.1:59812]' for 'POST' to 'http://localhost:59812/session/bc383e5e94e30eec175c12ba93bd2883/window/maximize'
16:10:44.235 [Forwarding maximizeCurrentWindow on session bc383e5e94e30eec175c12ba93bd2883 to remote] DEBUG o.a.netty.request.NettyRequestSender - Using open Channel [id: 0x99f4d53f, L:/127.0.0.1:64356 - R:localhost/127.0.0.1:59812] for POST '/session/bc383e5e94e30eec175c12ba93bd2883/window/maximize'
16:10:44.349 [AsyncHttpClient-1-2] DEBUG o.a.netty.handler.HttpHandler - 

Request DefaultHttpRequest(decodeResult: success, version: HTTP/1.1)
POST /session/bc383e5e94e30eec175c12ba93bd2883/window/maximize HTTP/1.1
User-Agent: selenium/4.1.2 (java windows)
Content-Length: 3
Content-Type: application/json; charset=utf-8
host: localhost:59812
accept: */*

Response DefaultHttpResponse(decodeResult: success, version: HTTP/1.1)
HTTP/1.1 200 OK
Content-Type: application/json; charset=utf-8
cache-control: no-cache
content-length: 52

16:10:44.349 [AsyncHttpClient-1-2] DEBUG o.a.netty.channel.ChannelManager - Adding key: http://localhost:59812 for channel [id: 0x99f4d53f, L:/127.0.0.1:64356 - R:localhost/127.0.0.1:59812]
16:10:44.358 [Forwarding get on session bc383e5e94e30eec175c12ba93bd2883 to remote] DEBUG o.a.netty.request.NettyRequestSender - Using pooled Channel '[id: 0x99f4d53f, L:/127.0.0.1:64356 - R:localhost/127.0.0.1:59812]' for 'POST' to 'http://localhost:59812/session/bc383e5e94e30eec175c12ba93bd2883/url'
16:10:44.358 [Forwarding get on session bc383e5e94e30eec175c12ba93bd2883 to remote] DEBUG o.a.netty.request.NettyRequestSender - Using open Channel [id: 0x99f4d53f, L:/127.0.0.1:64356 - R:localhost/127.0.0.1:59812] for POST '/session/bc383e5e94e30eec175c12ba93bd2883/url'
16:10:44.463 [AsyncHttpClient-1-2] DEBUG o.a.netty.handler.HttpHandler - 

Request DefaultHttpRequest(decodeResult: success, version: HTTP/1.1)
POST /session/bc383e5e94e30eec175c12ba93bd2883/url HTTP/1.1
User-Agent: selenium/4.1.2 (java windows)
Content-Length: 148
Content-Type: application/json; charset=utf-8
host: localhost:59812
accept: */*

Response DefaultHttpResponse(decodeResult: success, version: HTTP/1.1)
HTTP/1.1 200 OK
Content-Type: application/json; charset=utf-8
cache-control: no-cache
content-length: 14

16:10:44.463 [AsyncHttpClient-1-2] DEBUG o.a.netty.channel.ChannelManager - Adding key: http://localhost:59812 for channel [id: 0x99f4d53f, L:/127.0.0.1:64356 - R:localhost/127.0.0.1:59812]
16:10:44.465 [Forwarding getTitle on session bc383e5e94e30eec175c12ba93bd2883 to remote] DEBUG o.a.netty.request.NettyRequestSender - Using pooled Channel '[id: 0x99f4d53f, L:/127.0.0.1:64356 - R:localhost/127.0.0.1:59812]' for 'GET' to 'http://localhost:59812/session/bc383e5e94e30eec175c12ba93bd2883/title'
16:10:44.465 [Forwarding getTitle on session bc383e5e94e30eec175c12ba93bd2883 to remote] DEBUG o.a.netty.request.NettyRequestSender - Using open Channel [id: 0x99f4d53f, L:/127.0.0.1:64356 - R:localhost/127.0.0.1:59812] for GET '/session/bc383e5e94e30eec175c12ba93bd2883/title'
16:10:44.469 [AsyncHttpClient-1-2] DEBUG o.a.netty.handler.HttpHandler - 

Request DefaultFullHttpRequest(decodeResult: success, version: HTTP/1.1, content: EmptyByteBufBE)
GET /session/bc383e5e94e30eec175c12ba93bd2883/title HTTP/1.1
User-Agent: selenium/4.1.2 (java windows)
Cache-Control: no-cache
Content-Type: application/json; charset=utf-8
host: localhost:59812
accept: */*

Response DefaultHttpResponse(decodeResult: success, version: HTTP/1.1)
HTTP/1.1 200 OK
Content-Type: application/json; charset=utf-8
cache-control: no-cache
content-length: 22

16:10:44.469 [AsyncHttpClient-1-2] DEBUG o.a.netty.channel.ChannelManager - Adding key: http://localhost:59812 for channel [id: 0x99f4d53f, L:/127.0.0.1:64356 - R:localhost/127.0.0.1:59812]
16:10:44.473 [Forwarding getTitle on session bc383e5e94e30eec175c12ba93bd2883 to remote] DEBUG o.a.netty.request.NettyRequestSender - Using pooled Channel '[id: 0x99f4d53f, L:/127.0.0.1:64356 - R:localhost/127.0.0.1:59812]' for 'GET' to 'http://localhost:59812/session/bc383e5e94e30eec175c12ba93bd2883/title'
16:10:44.473 [Forwarding getTitle on session bc383e5e94e30eec175c12ba93bd2883 to remote] DEBUG o.a.netty.request.NettyRequestSender - Using open Channel [id: 0x99f4d53f, L:/127.0.0.1:64356 - R:localhost/127.0.0.1:59812] for GET '/session/bc383e5e94e30eec175c12ba93bd2883/title'
16:10:44.475 [AsyncHttpClient-1-2] DEBUG o.a.netty.handler.HttpHandler - 

Request DefaultFullHttpRequest(decodeResult: success, version: HTTP/1.1, content: EmptyByteBufBE)
GET /session/bc383e5e94e30eec175c12ba93bd2883/title HTTP/1.1
User-Agent: selenium/4.1.2 (java windows)
Cache-Control: no-cache
Content-Type: application/json; charset=utf-8
host: localhost:59812
accept: */*

Response DefaultHttpResponse(decodeResult: success, version: HTTP/1.1)
HTTP/1.1 200 OK
Content-Type: application/json; charset=utf-8
cache-control: no-cache
content-length: 22

16:10:44.475 [AsyncHttpClient-1-2] DEBUG o.a.netty.channel.ChannelManager - Adding key: http://localhost:59812 for channel [id: 0x99f4d53f, L:/127.0.0.1:64356 - R:localhost/127.0.0.1:59812]
16:10:44.851 [AsyncHttpClient-1-1] DEBUG o.a.netty.channel.DefaultChannelPool - Entry count for : http://localhost:59812 : 1
16:10:44.851 [AsyncHttpClient-1-1] DEBUG o.a.netty.channel.DefaultChannelPool - Entry count for : http://localhost:64357 : 1
16:10:45.958 [AsyncHttpClient-1-1] DEBUG o.a.netty.channel.DefaultChannelPool - Entry count for : http://localhost:59812 : 1
16:10:45.958 [AsyncHttpClient-1-1] DEBUG o.a.netty.channel.DefaultChannelPool - Entry count for : http://localhost:64357 : 1
16:10:47.051 [AsyncHttpClient-1-1] DEBUG o.a.netty.channel.DefaultChannelPool - Entry count for : http://localhost:59812 : 1
16:10:47.051 [AsyncHttpClient-1-1] DEBUG o.a.netty.channel.DefaultChannelPool - Entry count for : http://localhost:64357 : 1
16:10:48.151 [AsyncHttpClient-1-1] DEBUG o.a.netty.channel.DefaultChannelPool - Entry count for : http://localhost:59812 : 1
16:10:48.151 [AsyncHttpClient-1-1] DEBUG o.a.netty.channel.DefaultChannelPool - Entry count for : http://localhost:64357 : 1
16:10:49.261 [AsyncHttpClient-1-1] DEBUG o.a.netty.channel.DefaultChannelPool - Entry count for : http://localhost:59812 : 1
16:10:49.261 [AsyncHttpClient-1-1] DEBUG o.a.netty.channel.DefaultChannelPool - Entry count for : http://localhost:64357 : 1
  &amp#27;[32mGiven &amp#27;[0m&amp#27;[32mthat the user should navigate in PEGA Login Page&amp#27;[0m                                                                             &amp#27;[90m# stepdefinitions.LoginPageSteps.that_the_user_should_navigate_in_pega_login_page()&amp#27;[0m
16:10:49.488 [Forwarding findElement on session bc383e5e94e30eec175c12ba93bd2883 to remote] DEBUG o.a.netty.request.NettyRequestSender - Using pooled Channel '[id: 0x99f4d53f, L:/127.0.0.1:64356 - R:localhost/127.0.0.1:59812]' for 'POST' to 'http://localhost:59812/session/bc383e5e94e30eec175c12ba93bd2883/element'
16:10:49.488 [Forwarding findElement on session bc383e5e94e30eec175c12ba93bd2883 to remote] DEBUG o.a.netty.request.NettyRequestSender - Using open Channel [id: 0x99f4d53f, L:/127.0.0.1:64356 - R:localhost/127.0.0.1:59812] for POST '/session/bc383e5e94e30eec175c12ba93bd2883/element'
16:10:49.497 [AsyncHttpClient-1-2] DEBUG o.a.netty.handler.HttpHandler - 

Request DefaultHttpRequest(decodeResult: success, version: HTTP/1.1)
POST /session/bc383e5e94e30eec175c12ba93bd2883/element HTTP/1.1
User-Agent: selenium/4.1.2 (java windows)
Content-Length: 128
Content-Type: application/json; charset=utf-8
host: localhost:59812
accept: */*

Response DefaultHttpResponse(decodeResult: success, version: HTTP/1.1)
HTTP/1.1 200 OK
Content-Type: application/json; charset=utf-8
cache-control: no-cache
content-length: 88

16:10:49.497 [AsyncHttpClient-1-2] DEBUG o.a.netty.channel.ChannelManager - Adding key: http://localhost:59812 for channel [id: 0x99f4d53f, L:/127.0.0.1:64356 - R:localhost/127.0.0.1:59812]
16:10:49.507 [Forwarding isElementDisplayed on session bc383e5e94e30eec175c12ba93bd2883 to remote] DEBUG o.a.netty.request.NettyRequestSender - Using pooled Channel '[id: 0x99f4d53f, L:/127.0.0.1:64356 - R:localhost/127.0.0.1:59812]' for 'POST' to 'http://localhost:59812/session/bc383e5e94e30eec175c12ba93bd2883/execute/sync'
16:10:49.507 [Forwarding isElementDisplayed on session bc383e5e94e30eec175c12ba93bd2883 to remote] DEBUG o.a.netty.request.NettyRequestSender - Using open Channel [id: 0x99f4d53f, L:/127.0.0.1:64356 - R:localhost/127.0.0.1:59812] for POST '/session/bc383e5e94e30eec175c12ba93bd2883/execute/sync'
16:10:49.522 [AsyncHttpClient-1-2] DEBUG o.a.netty.handler.HttpHandler - 

Request DefaultHttpRequest(decodeResult: success, version: HTTP/1.1)
POST /session/bc383e5e94e30eec175c12ba93bd2883/execute/sync HTTP/1.1
User-Agent: selenium/4.1.2 (java windows)
Content-Length: 48780
Content-Type: application/json; charset=utf-8
host: localhost:59812
accept: */*

Response DefaultHttpResponse(decodeResult: success, version: HTTP/1.1)
HTTP/1.1 200 OK
Content-Type: application/json; charset=utf-8
cache-control: no-cache
content-length: 14

16:10:49.522 [AsyncHttpClient-1-2] DEBUG o.a.netty.channel.ChannelManager - Adding key: http://localhost:59812 for channel [id: 0x99f4d53f, L:/127.0.0.1:64356 - R:localhost/127.0.0.1:59812]
16:10:49.524 [Forwarding findElement on session bc383e5e94e30eec175c12ba93bd2883 to remote] DEBUG o.a.netty.request.NettyRequestSender - Using pooled Channel '[id: 0x99f4d53f, L:/127.0.0.1:64356 - R:localhost/127.0.0.1:59812]' for 'POST' to 'http://localhost:59812/session/bc383e5e94e30eec175c12ba93bd2883/element'
16:10:49.524 [Forwarding findElement on session bc383e5e94e30eec175c12ba93bd2883 to remote] DEBUG o.a.netty.request.NettyRequestSender - Using open Channel [id: 0x99f4d53f, L:/127.0.0.1:64356 - R:localhost/127.0.0.1:59812] for POST '/session/bc383e5e94e30eec175c12ba93bd2883/element'
16:10:49.528 [AsyncHttpClient-1-2] DEBUG o.a.netty.handler.HttpHandler - 

Request DefaultHttpRequest(decodeResult: success, version: HTTP/1.1)
POST /session/bc383e5e94e30eec175c12ba93bd2883/element HTTP/1.1
User-Agent: selenium/4.1.2 (java windows)
Content-Length: 128
Content-Type: application/json; charset=utf-8
host: localhost:59812
accept: */*

Response DefaultHttpResponse(decodeResult: success, version: HTTP/1.1)
HTTP/1.1 200 OK
Content-Type: application/json; charset=utf-8
cache-control: no-cache
content-length: 88

16:10:49.529 [AsyncHttpClient-1-2] DEBUG o.a.netty.channel.ChannelManager - Adding key: http://localhost:59812 for channel [id: 0x99f4d53f, L:/127.0.0.1:64356 - R:localhost/127.0.0.1:59812]
16:10:49.534 [Forwarding isElementDisplayed on session bc383e5e94e30eec175c12ba93bd2883 to remote] DEBUG o.a.netty.request.NettyRequestSender - Using pooled Channel '[id: 0x99f4d53f, L:/127.0.0.1:64356 - R:localhost/127.0.0.1:59812]' for 'POST' to 'http://localhost:59812/session/bc383e5e94e30eec175c12ba93bd2883/execute/sync'
16:10:49.534 [Forwarding isElementDisplayed on session bc383e5e94e30eec175c12ba93bd2883 to remote] DEBUG o.a.netty.request.NettyRequestSender - Using open Channel [id: 0x99f4d53f, L:/127.0.0.1:64356 - R:localhost/127.0.0.1:59812] for POST '/session/bc383e5e94e30eec175c12ba93bd2883/execute/sync'
16:10:49.544 [AsyncHttpClient-1-2] DEBUG o.a.netty.handler.HttpHandler - 

Request DefaultHttpRequest(decodeResult: success, version: HTTP/1.1)
POST /session/bc383e5e94e30eec175c12ba93bd2883/execute/sync HTTP/1.1
User-Agent: selenium/4.1.2 (java windows)
Content-Length: 48780
Content-Type: application/json; charset=utf-8
host: localhost:59812
accept: */*

Response DefaultHttpResponse(decodeResult: success, version: HTTP/1.1)
HTTP/1.1 200 OK
Content-Type: application/json; charset=utf-8
cache-control: no-cache
content-length: 14

16:10:49.545 [AsyncHttpClient-1-2] DEBUG o.a.netty.channel.ChannelManager - Adding key: http://localhost:59812 for channel [id: 0x99f4d53f, L:/127.0.0.1:64356 - R:localhost/127.0.0.1:59812]
16:10:49.546 [Forwarding findElement on session bc383e5e94e30eec175c12ba93bd2883 to remote] DEBUG o.a.netty.request.NettyRequestSender - Using pooled Channel '[id: 0x99f4d53f, L:/127.0.0.1:64356 - R:localhost/127.0.0.1:59812]' for 'POST' to 'http://localhost:59812/session/bc383e5e94e30eec175c12ba93bd2883/element'
16:10:49.546 [Forwarding findElement on session bc383e5e94e30eec175c12ba93bd2883 to remote] DEBUG o.a.netty.request.NettyRequestSender - Using open Channel [id: 0x99f4d53f, L:/127.0.0.1:64356 - R:localhost/127.0.0.1:59812] for POST '/session/bc383e5e94e30eec175c12ba93bd2883/element'
16:10:49.551 [AsyncHttpClient-1-2] DEBUG o.a.netty.handler.HttpHandler - 

Request DefaultHttpRequest(decodeResult: success, version: HTTP/1.1)
POST /session/bc383e5e94e30eec175c12ba93bd2883/element HTTP/1.1
User-Agent: selenium/4.1.2 (java windows)
Content-Length: 128
Content-Type: application/json; charset=utf-8
host: localhost:59812
accept: */*

Response DefaultHttpResponse(decodeResult: success, version: HTTP/1.1)
HTTP/1.1 200 OK
Content-Type: application/json; charset=utf-8
cache-control: no-cache
content-length: 88

16:10:49.552 [AsyncHttpClient-1-2] DEBUG o.a.netty.channel.ChannelManager - Adding key: http://localhost:59812 for channel [id: 0x99f4d53f, L:/127.0.0.1:64356 - R:localhost/127.0.0.1:59812]
16:10:49.554 [Forwarding isElementEnabled on session bc383e5e94e30eec175c12ba93bd2883 to remote] DEBUG o.a.netty.request.NettyRequestSender - Using pooled Channel '[id: 0x99f4d53f, L:/127.0.0.1:64356 - R:localhost/127.0.0.1:59812]' for 'GET' to 'http://localhost:59812/session/bc383e5e94e30eec175c12ba93bd2883/element/188dc25b-6814-4948-8f8d-646c3d130f3b/enabled'
16:10:49.554 [Forwarding isElementEnabled on session bc383e5e94e30eec175c12ba93bd2883 to remote] DEBUG o.a.netty.request.NettyRequestSender - Using open Channel [id: 0x99f4d53f, L:/127.0.0.1:64356 - R:localhost/127.0.0.1:59812] for GET '/session/bc383e5e94e30eec175c12ba93bd2883/element/188dc25b-6814-4948-8f8d-646c3d130f3b/enabled'
16:10:49.559 [AsyncHttpClient-1-2] DEBUG o.a.netty.handler.HttpHandler - 

Request DefaultFullHttpRequest(decodeResult: success, version: HTTP/1.1, content: EmptyByteBufBE)
GET /session/bc383e5e94e30eec175c12ba93bd2883/element/188dc25b-6814-4948-8f8d-646c3d130f3b/enabled HTTP/1.1
User-Agent: selenium/4.1.2 (java windows)
Cache-Control: no-cache
Content-Type: application/json; charset=utf-8
host: localhost:59812
accept: */*

Response DefaultHttpResponse(decodeResult: success, version: HTTP/1.1)
HTTP/1.1 200 OK
Content-Type: application/json; charset=utf-8
cache-control: no-cache
content-length: 14

16:10:49.559 [AsyncHttpClient-1-2] DEBUG o.a.netty.channel.ChannelManager - Adding key: http://localhost:59812 for channel [id: 0x99f4d53f, L:/127.0.0.1:64356 - R:localhost/127.0.0.1:59812]
16:10:49.560 [Forwarding findElement on session bc383e5e94e30eec175c12ba93bd2883 to remote] DEBUG o.a.netty.request.NettyRequestSender - Using pooled Channel '[id: 0x99f4d53f, L:/127.0.0.1:64356 - R:localhost/127.0.0.1:59812]' for 'POST' to 'http://localhost:59812/session/bc383e5e94e30eec175c12ba93bd2883/element'
16:10:49.561 [Forwarding findElement on session bc383e5e94e30eec175c12ba93bd2883 to remote] DEBUG o.a.netty.request.NettyRequestSender - Using open Channel [id: 0x99f4d53f, L:/127.0.0.1:64356 - R:localhost/127.0.0.1:59812] for POST '/session/bc383e5e94e30eec175c12ba93bd2883/element'
16:10:49.568 [AsyncHttpClient-1-2] DEBUG o.a.netty.handler.HttpHandler - 

Request DefaultHttpRequest(decodeResult: success, version: HTTP/1.1)
POST /session/bc383e5e94e30eec175c12ba93bd2883/element HTTP/1.1
User-Agent: selenium/4.1.2 (java windows)
Content-Length: 132
Content-Type: application/json; charset=utf-8
host: localhost:59812
accept: */*

Response DefaultHttpResponse(decodeResult: success, version: HTTP/1.1)
HTTP/1.1 200 OK
Content-Type: application/json; charset=utf-8
cache-control: no-cache
content-length: 88

16:10:49.569 [AsyncHttpClient-1-2] DEBUG o.a.netty.channel.ChannelManager - Adding key: http://localhost:59812 for channel [id: 0x99f4d53f, L:/127.0.0.1:64356 - R:localhost/127.0.0.1:59812]
16:10:49.573 [Forwarding isElementDisplayed on session bc383e5e94e30eec175c12ba93bd2883 to remote] DEBUG o.a.netty.request.NettyRequestSender - Using pooled Channel '[id: 0x99f4d53f, L:/127.0.0.1:64356 - R:localhost/127.0.0.1:59812]' for 'POST' to 'http://localhost:59812/session/bc383e5e94e30eec175c12ba93bd2883/execute/sync'
16:10:49.573 [Forwarding isElementDisplayed on session bc383e5e94e30eec175c12ba93bd2883 to remote] DEBUG o.a.netty.request.NettyRequestSender - Using open Channel [id: 0x99f4d53f, L:/127.0.0.1:64356 - R:localhost/127.0.0.1:59812] for POST '/session/bc383e5e94e30eec175c12ba93bd2883/execute/sync'
16:10:49.581 [AsyncHttpClient-1-2] DEBUG o.a.netty.handler.HttpHandler - 

Request DefaultHttpRequest(decodeResult: success, version: HTTP/1.1)
POST /session/bc383e5e94e30eec175c12ba93bd2883/execute/sync HTTP/1.1
User-Agent: selenium/4.1.2 (java windows)
Content-Length: 48780
Content-Type: application/json; charset=utf-8
host: localhost:59812
accept: */*

Response DefaultHttpResponse(decodeResult: success, version: HTTP/1.1)
HTTP/1.1 200 OK
Content-Type: application/json; charset=utf-8
cache-control: no-cache
content-length: 14

16:10:49.581 [AsyncHttpClient-1-2] DEBUG o.a.netty.channel.ChannelManager - Adding key: http://localhost:59812 for channel [id: 0x99f4d53f, L:/127.0.0.1:64356 - R:localhost/127.0.0.1:59812]
16:10:49.583 [Forwarding findElement on session bc383e5e94e30eec175c12ba93bd2883 to remote] DEBUG o.a.netty.request.NettyRequestSender - Using pooled Channel '[id: 0x99f4d53f, L:/127.0.0.1:64356 - R:localhost/127.0.0.1:59812]' for 'POST' to 'http://localhost:59812/session/bc383e5e94e30eec175c12ba93bd2883/element'
16:10:49.583 [Forwarding findElement on session bc383e5e94e30eec175c12ba93bd2883 to remote] DEBUG o.a.netty.request.NettyRequestSender - Using open Channel [id: 0x99f4d53f, L:/127.0.0.1:64356 - R:localhost/127.0.0.1:59812] for POST '/session/bc383e5e94e30eec175c12ba93bd2883/element'
16:10:49.587 [AsyncHttpClient-1-2] DEBUG o.a.netty.handler.HttpHandler - 

Request DefaultHttpRequest(decodeResult: success, version: HTTP/1.1)
POST /session/bc383e5e94e30eec175c12ba93bd2883/element HTTP/1.1
User-Agent: selenium/4.1.2 (java windows)
Content-Length: 132
Content-Type: application/json; charset=utf-8
host: localhost:59812
accept: */*

Response DefaultHttpResponse(decodeResult: success, version: HTTP/1.1)
HTTP/1.1 200 OK
Content-Type: application/json; charset=utf-8
cache-control: no-cache
content-length: 88

16:10:49.587 [AsyncHttpClient-1-2] DEBUG o.a.netty.channel.ChannelManager - Adding key: http://localhost:59812 for channel [id: 0x99f4d53f, L:/127.0.0.1:64356 - R:localhost/127.0.0.1:59812]
16:10:49.591 [Forwarding isElementDisplayed on session bc383e5e94e30eec175c12ba93bd2883 to remote] DEBUG o.a.netty.request.NettyRequestSender - Using pooled Channel '[id: 0x99f4d53f, L:/127.0.0.1:64356 - R:localhost/127.0.0.1:59812]' for 'POST' to 'http://localhost:59812/session/bc383e5e94e30eec175c12ba93bd2883/execute/sync'
16:10:49.591 [Forwarding isElementDisplayed on session bc383e5e94e30eec175c12ba93bd2883 to remote] DEBUG o.a.netty.request.NettyRequestSender - Using open Channel [id: 0x99f4d53f, L:/127.0.0.1:64356 - R:localhost/127.0.0.1:59812] for POST '/session/bc383e5e94e30eec175c12ba93bd2883/execute/sync'
16:10:49.599 [AsyncHttpClient-1-2] DEBUG o.a.netty.handler.HttpHandler - 

Request DefaultHttpRequest(decodeResult: success, version: HTTP/1.1)
POST /session/bc383e5e94e30eec175c12ba93bd2883/execute/sync HTTP/1.1
User-Agent: selenium/4.1.2 (java windows)
Content-Length: 48780
Content-Type: application/json; charset=utf-8
host: localhost:59812
accept: */*

Response DefaultHttpResponse(decodeResult: success, version: HTTP/1.1)
HTTP/1.1 200 OK
Content-Type: application/json; charset=utf-8
cache-control: no-cache
content-length: 14

16:10:49.599 [AsyncHttpClient-1-2] DEBUG o.a.netty.channel.ChannelManager - Adding key: http://localhost:59812 for channel [id: 0x99f4d53f, L:/127.0.0.1:64356 - R:localhost/127.0.0.1:59812]
16:10:49.601 [Forwarding findElement on session bc383e5e94e30eec175c12ba93bd2883 to remote] DEBUG o.a.netty.request.NettyRequestSender - Using pooled Channel '[id: 0x99f4d53f, L:/127.0.0.1:64356 - R:localhost/127.0.0.1:59812]' for 'POST' to 'http://localhost:59812/session/bc383e5e94e30eec175c12ba93bd2883/element'
16:10:49.601 [Forwarding findElement on session bc383e5e94e30eec175c12ba93bd2883 to remote] DEBUG o.a.netty.request.NettyRequestSender - Using open Channel [id: 0x99f4d53f, L:/127.0.0.1:64356 - R:localhost/127.0.0.1:59812] for POST '/session/bc383e5e94e30eec175c12ba93bd2883/element'
16:10:49.605 [AsyncHttpClient-1-2] DEBUG o.a.netty.handler.HttpHandler - 

Request DefaultHttpRequest(decodeResult: success, version: HTTP/1.1)
POST /session/bc383e5e94e30eec175c12ba93bd2883/element HTTP/1.1
User-Agent: selenium/4.1.2 (java windows)
Content-Length: 132
Content-Type: application/json; charset=utf-8
host: localhost:59812
accept: */*

Response DefaultHttpResponse(decodeResult: success, version: HTTP/1.1)
HTTP/1.1 200 OK
Content-Type: application/json; charset=utf-8
cache-control: no-cache
content-length: 88

16:10:49.606 [AsyncHttpClient-1-2] DEBUG o.a.netty.channel.ChannelManager - Adding key: http://localhost:59812 for channel [id: 0x99f4d53f, L:/127.0.0.1:64356 - R:localhost/127.0.0.1:59812]
16:10:49.607 [Forwarding isElementEnabled on session bc383e5e94e30eec175c12ba93bd2883 to remote] DEBUG o.a.netty.request.NettyRequestSender - Using pooled Channel '[id: 0x99f4d53f, L:/127.0.0.1:64356 - R:localhost/127.0.0.1:59812]' for 'GET' to 'http://localhost:59812/session/bc383e5e94e30eec175c12ba93bd2883/element/4cd9a19e-f62d-4700-94f4-7f22fafc32be/enabled'
16:10:49.607 [Forwarding isElementEnabled on session bc383e5e94e30eec175c12ba93bd2883 to remote] DEBUG o.a.netty.request.NettyRequestSender - Using open Channel [id: 0x99f4d53f, L:/127.0.0.1:64356 - R:localhost/127.0.0.1:59812] for GET '/session/bc383e5e94e30eec175c12ba93bd2883/element/4cd9a19e-f62d-4700-94f4-7f22fafc32be/enabled'
16:10:49.612 [AsyncHttpClient-1-2] DEBUG o.a.netty.handler.HttpHandler - 

Request DefaultFullHttpRequest(decodeResult: success, version: HTTP/1.1, content: EmptyByteBufBE)
GET /session/bc383e5e94e30eec175c12ba93bd2883/element/4cd9a19e-f62d-4700-94f4-7f22fafc32be/enabled HTTP/1.1
User-Agent: selenium/4.1.2 (java windows)
Cache-Control: no-cache
Content-Type: application/json; charset=utf-8
host: localhost:59812
accept: */*

Response DefaultHttpResponse(decodeResult: success, version: HTTP/1.1)
HTTP/1.1 200 OK
Content-Type: application/json; charset=utf-8
cache-control: no-cache
content-length: 14

16:10:49.613 [AsyncHttpClient-1-2] DEBUG o.a.netty.channel.ChannelManager - Adding key: http://localhost:59812 for channel [id: 0x99f4d53f, L:/127.0.0.1:64356 - R:localhost/127.0.0.1:59812]
16:10:49.614 [Forwarding findElement on session bc383e5e94e30eec175c12ba93bd2883 to remote] DEBUG o.a.netty.request.NettyRequestSender - Using pooled Channel '[id: 0x99f4d53f, L:/127.0.0.1:64356 - R:localhost/127.0.0.1:59812]' for 'POST' to 'http://localhost:59812/session/bc383e5e94e30eec175c12ba93bd2883/element'
16:10:49.614 [Forwarding findElement on session bc383e5e94e30eec175c12ba93bd2883 to remote] DEBUG o.a.netty.request.NettyRequestSender - Using open Channel [id: 0x99f4d53f, L:/127.0.0.1:64356 - R:localhost/127.0.0.1:59812] for POST '/session/bc383e5e94e30eec175c12ba93bd2883/element'
16:10:49.621 [AsyncHttpClient-1-2] DEBUG o.a.netty.handler.HttpHandler - 

Request DefaultHttpRequest(decodeResult: success, version: HTTP/1.1)
POST /session/bc383e5e94e30eec175c12ba93bd2883/element HTTP/1.1
User-Agent: selenium/4.1.2 (java windows)
Content-Length: 125
Content-Type: application/json; charset=utf-8
host: localhost:59812
accept: */*

Response DefaultHttpResponse(decodeResult: success, version: HTTP/1.1)
HTTP/1.1 200 OK
Content-Type: application/json; charset=utf-8
cache-control: no-cache
content-length: 88

16:10:49.622 [AsyncHttpClient-1-2] DEBUG o.a.netty.channel.ChannelManager - Adding key: http://localhost:59812 for channel [id: 0x99f4d53f, L:/127.0.0.1:64356 - R:localhost/127.0.0.1:59812]
16:10:49.625 [Forwarding isElementDisplayed on session bc383e5e94e30eec175c12ba93bd2883 to remote] DEBUG o.a.netty.request.NettyRequestSender - Using pooled Channel '[id: 0x99f4d53f, L:/127.0.0.1:64356 - R:localhost/127.0.0.1:59812]' for 'POST' to 'http://localhost:59812/session/bc383e5e94e30eec175c12ba93bd2883/execute/sync'
16:10:49.625 [Forwarding isElementDisplayed on session bc383e5e94e30eec175c12ba93bd2883 to remote] DEBUG o.a.netty.request.NettyRequestSender - Using open Channel [id: 0x99f4d53f, L:/127.0.0.1:64356 - R:localhost/127.0.0.1:59812] for POST '/session/bc383e5e94e30eec175c12ba93bd2883/execute/sync'
16:10:49.632 [AsyncHttpClient-1-2] DEBUG o.a.netty.handler.HttpHandler - 

Request DefaultHttpRequest(decodeResult: success, version: HTTP/1.1)
POST /session/bc383e5e94e30eec175c12ba93bd2883/execute/sync HTTP/1.1
User-Agent: selenium/4.1.2 (java windows)
Content-Length: 48780
Content-Type: application/json; charset=utf-8
host: localhost:59812
accept: */*

Response DefaultHttpResponse(decodeResult: success, version: HTTP/1.1)
HTTP/1.1 200 OK
Content-Type: application/json; charset=utf-8
cache-control: no-cache
content-length: 14

16:10:49.632 [AsyncHttpClient-1-2] DEBUG o.a.netty.channel.ChannelManager - Adding key: http://localhost:59812 for channel [id: 0x99f4d53f, L:/127.0.0.1:64356 - R:localhost/127.0.0.1:59812]
16:10:49.634 [Forwarding findElement on session bc383e5e94e30eec175c12ba93bd2883 to remote] DEBUG o.a.netty.request.NettyRequestSender - Using pooled Channel '[id: 0x99f4d53f, L:/127.0.0.1:64356 - R:localhost/127.0.0.1:59812]' for 'POST' to 'http://localhost:59812/session/bc383e5e94e30eec175c12ba93bd2883/element'
16:10:49.634 [Forwarding findElement on session bc383e5e94e30eec175c12ba93bd2883 to remote] DEBUG o.a.netty.request.NettyRequestSender - Using open Channel [id: 0x99f4d53f, L:/127.0.0.1:64356 - R:localhost/127.0.0.1:59812] for POST '/session/bc383e5e94e30eec175c12ba93bd2883/element'
16:10:49.638 [AsyncHttpClient-1-2] DEBUG o.a.netty.handler.HttpHandler - 

Request DefaultHttpRequest(decodeResult: success, version: HTTP/1.1)
POST /session/bc383e5e94e30eec175c12ba93bd2883/element HTTP/1.1
User-Agent: selenium/4.1.2 (java windows)
Content-Length: 125
Content-Type: application/json; charset=utf-8
host: localhost:59812
accept: */*

Response DefaultHttpResponse(decodeResult: success, version: HTTP/1.1)
HTTP/1.1 200 OK
Content-Type: application/json; charset=utf-8
cache-control: no-cache
content-length: 88

16:10:49.638 [AsyncHttpClient-1-2] DEBUG o.a.netty.channel.ChannelManager - Adding key: http://localhost:59812 for channel [id: 0x99f4d53f, L:/127.0.0.1:64356 - R:localhost/127.0.0.1:59812]
16:10:49.641 [Forwarding isElementDisplayed on session bc383e5e94e30eec175c12ba93bd2883 to remote] DEBUG o.a.netty.request.NettyRequestSender - Using pooled Channel '[id: 0x99f4d53f, L:/127.0.0.1:64356 - R:localhost/127.0.0.1:59812]' for 'POST' to 'http://localhost:59812/session/bc383e5e94e30eec175c12ba93bd2883/execute/sync'
16:10:49.641 [Forwarding isElementDisplayed on session bc383e5e94e30eec175c12ba93bd2883 to remote] DEBUG o.a.netty.request.NettyRequestSender - Using open Channel [id: 0x99f4d53f, L:/127.0.0.1:64356 - R:localhost/127.0.0.1:59812] for POST '/session/bc383e5e94e30eec175c12ba93bd2883/execute/sync'
16:10:49.648 [AsyncHttpClient-1-2] DEBUG o.a.netty.handler.HttpHandler - 

Request DefaultHttpRequest(decodeResult: success, version: HTTP/1.1)
POST /session/bc383e5e94e30eec175c12ba93bd2883/execute/sync HTTP/1.1
User-Agent: selenium/4.1.2 (java windows)
Content-Length: 48780
Content-Type: application/json; charset=utf-8
host: localhost:59812
accept: */*

Response DefaultHttpResponse(decodeResult: success, version: HTTP/1.1)
HTTP/1.1 200 OK
Content-Type: application/json; charset=utf-8
cache-control: no-cache
content-length: 14

16:10:49.648 [AsyncHttpClient-1-2] DEBUG o.a.netty.channel.ChannelManager - Adding key: http://localhost:59812 for channel [id: 0x99f4d53f, L:/127.0.0.1:64356 - R:localhost/127.0.0.1:59812]
16:10:49.649 [Forwarding findElement on session bc383e5e94e30eec175c12ba93bd2883 to remote] DEBUG o.a.netty.request.NettyRequestSender - Using pooled Channel '[id: 0x99f4d53f, L:/127.0.0.1:64356 - R:localhost/127.0.0.1:59812]' for 'POST' to 'http://localhost:59812/session/bc383e5e94e30eec175c12ba93bd2883/element'
16:10:49.649 [Forwarding findElement on session bc383e5e94e30eec175c12ba93bd2883 to remote] DEBUG o.a.netty.request.NettyRequestSender - Using open Channel [id: 0x99f4d53f, L:/127.0.0.1:64356 - R:localhost/127.0.0.1:59812] for POST '/session/bc383e5e94e30eec175c12ba93bd2883/element'
16:10:49.653 [AsyncHttpClient-1-2] DEBUG o.a.netty.handler.HttpHandler - 

Request DefaultHttpRequest(decodeResult: success, version: HTTP/1.1)
POST /session/bc383e5e94e30eec175c12ba93bd2883/element HTTP/1.1
User-Agent: selenium/4.1.2 (java windows)
Content-Length: 125
Content-Type: application/json; charset=utf-8
host: localhost:59812
accept: */*

Response DefaultHttpResponse(decodeResult: success, version: HTTP/1.1)
HTTP/1.1 200 OK
Content-Type: application/json; charset=utf-8
cache-control: no-cache
content-length: 88

16:10:49.653 [AsyncHttpClient-1-2] DEBUG o.a.netty.channel.ChannelManager - Adding key: http://localhost:59812 for channel [id: 0x99f4d53f, L:/127.0.0.1:64356 - R:localhost/127.0.0.1:59812]
16:10:49.654 [Forwarding isElementEnabled on session bc383e5e94e30eec175c12ba93bd2883 to remote] DEBUG o.a.netty.request.NettyRequestSender - Using pooled Channel '[id: 0x99f4d53f, L:/127.0.0.1:64356 - R:localhost/127.0.0.1:59812]' for 'GET' to 'http://localhost:59812/session/bc383e5e94e30eec175c12ba93bd2883/element/2e7ac2f8-e3fd-4c07-b5dd-45800f8117f6/enabled'
16:10:49.654 [Forwarding isElementEnabled on session bc383e5e94e30eec175c12ba93bd2883 to remote] DEBUG o.a.netty.request.NettyRequestSender - Using open Channel [id: 0x99f4d53f, L:/127.0.0.1:64356 - R:localhost/127.0.0.1:59812] for GET '/session/bc383e5e94e30eec175c12ba93bd2883/element/2e7ac2f8-e3fd-4c07-b5dd-45800f8117f6/enabled'
16:10:49.660 [AsyncHttpClient-1-2] DEBUG o.a.netty.handler.HttpHandler - 

Request DefaultFullHttpRequest(decodeResult: success, version: HTTP/1.1, content: EmptyByteBufBE)
GET /session/bc383e5e94e30eec175c12ba93bd2883/element/2e7ac2f8-e3fd-4c07-b5dd-45800f8117f6/enabled HTTP/1.1
User-Agent: selenium/4.1.2 (java windows)
Cache-Control: no-cache
Content-Type: application/json; charset=utf-8
host: localhost:59812
accept: */*

Response DefaultHttpResponse(decodeResult: success, version: HTTP/1.1)
HTTP/1.1 200 OK
Content-Type: application/json; charset=utf-8
cache-control: no-cache
content-length: 14

16:10:49.660 [AsyncHttpClient-1-2] DEBUG o.a.netty.channel.ChannelManager - Adding key: http://localhost:59812 for channel [id: 0x99f4d53f, L:/127.0.0.1:64356 - R:localhost/127.0.0.1:59812]
  &amp#27;[32mAnd &amp#27;[0m&amp#27;[32muser verify the Login Page Elements is Visible&amp#27;[0m                                                                                 &amp#27;[90m# stepdefinitions.LoginPageSteps.user_verify_the_login_page_elements_is_visible()&amp#27;[0m
16:10:50.365 [AsyncHttpClient-1-1] DEBUG o.a.netty.channel.DefaultChannelPool - Entry count for : http://localhost:59812 : 1
16:10:50.365 [AsyncHttpClient-1-1] DEBUG o.a.netty.channel.DefaultChannelPool - Entry count for : http://localhost:64357 : 1
16:10:51.457 [AsyncHttpClient-1-1] DEBUG o.a.netty.channel.DefaultChannelPool - Entry count for : http://localhost:59812 : 1
16:10:51.457 [AsyncHttpClient-1-1] DEBUG o.a.netty.channel.DefaultChannelPool - Entry count for : http://localhost:64357 : 1
16:10:52.106 [Forwarding findElement on session bc383e5e94e30eec175c12ba93bd2883 to remote] DEBUG o.a.netty.request.NettyRequestSender - Using pooled Channel '[id: 0x99f4d53f, L:/127.0.0.1:64356 - R:localhost/127.0.0.1:59812]' for 'POST' to 'http://localhost:59812/session/bc383e5e94e30eec175c12ba93bd2883/element'
16:10:52.106 [Forwarding findElement on session bc383e5e94e30eec175c12ba93bd2883 to remote] DEBUG o.a.netty.request.NettyRequestSender - Using open Channel [id: 0x99f4d53f, L:/127.0.0.1:64356 - R:localhost/127.0.0.1:59812] for POST '/session/bc383e5e94e30eec175c12ba93bd2883/element'
16:10:52.110 [AsyncHttpClient-1-2] DEBUG o.a.netty.handler.HttpHandler - 

Request DefaultHttpRequest(decodeResult: success, version: HTTP/1.1)
POST /session/bc383e5e94e30eec175c12ba93bd2883/element HTTP/1.1
User-Agent: selenium/4.1.2 (java windows)
Content-Length: 128
Content-Type: application/json; charset=utf-8
host: localhost:59812
accept: */*

Response DefaultHttpResponse(decodeResult: success, version: HTTP/1.1)
HTTP/1.1 200 OK
Content-Type: application/json; charset=utf-8
cache-control: no-cache
content-length: 88

16:10:52.111 [AsyncHttpClient-1-2] DEBUG o.a.netty.channel.ChannelManager - Adding key: http://localhost:59812 for channel [id: 0x99f4d53f, L:/127.0.0.1:64356 - R:localhost/127.0.0.1:59812]
16:10:52.113 [Forwarding sendKeysToElement on session bc383e5e94e30eec175c12ba93bd2883 to remote] DEBUG o.a.netty.request.NettyRequestSender - Using pooled Channel '[id: 0x99f4d53f, L:/127.0.0.1:64356 - R:localhost/127.0.0.1:59812]' for 'POST' to 'http://localhost:59812/session/bc383e5e94e30eec175c12ba93bd2883/element/188dc25b-6814-4948-8f8d-646c3d130f3b/value'
16:10:52.113 [Forwarding sendKeysToElement on session bc383e5e94e30eec175c12ba93bd2883 to remote] DEBUG o.a.netty.request.NettyRequestSender - Using open Channel [id: 0x99f4d53f, L:/127.0.0.1:64356 - R:localhost/127.0.0.1:59812] for POST '/session/bc383e5e94e30eec175c12ba93bd2883/element/188dc25b-6814-4948-8f8d-646c3d130f3b/value'
16:10:52.139 [AsyncHttpClient-1-2] DEBUG o.a.netty.handler.HttpHandler - 

Request DefaultHttpRequest(decodeResult: success, version: HTTP/1.1)
POST /session/bc383e5e94e30eec175c12ba93bd2883/element/188dc25b-6814-4948-8f8d-646c3d130f3b/value HTTP/1.1
User-Agent: selenium/4.1.2 (java windows)
Content-Length: 271
Content-Type: application/json; charset=utf-8
host: localhost:59812
accept: */*

Response DefaultHttpResponse(decodeResult: success, version: HTTP/1.1)
HTTP/1.1 200 OK
Content-Type: application/json; charset=utf-8
cache-control: no-cache
content-length: 14

16:10:52.139 [AsyncHttpClient-1-2] DEBUG o.a.netty.channel.ChannelManager - Adding key: http://localhost:59812 for channel [id: 0x99f4d53f, L:/127.0.0.1:64356 - R:localhost/127.0.0.1:59812]
16:10:52.140 [Forwarding findElement on session bc383e5e94e30eec175c12ba93bd2883 to remote] DEBUG o.a.netty.request.NettyRequestSender - Using pooled Channel '[id: 0x99f4d53f, L:/127.0.0.1:64356 - R:localhost/127.0.0.1:59812]' for 'POST' to 'http://localhost:59812/session/bc383e5e94e30eec175c12ba93bd2883/element'
16:10:52.140 [Forwarding findElement on session bc383e5e94e30eec175c12ba93bd2883 to remote] DEBUG o.a.netty.request.NettyRequestSender - Using open Channel [id: 0x99f4d53f, L:/127.0.0.1:64356 - R:localhost/127.0.0.1:59812] for POST '/session/bc383e5e94e30eec175c12ba93bd2883/element'
16:10:52.144 [AsyncHttpClient-1-2] DEBUG o.a.netty.handler.HttpHandler - 

Request DefaultHttpRequest(decodeResult: success, version: HTTP/1.1)
POST /session/bc383e5e94e30eec175c12ba93bd2883/element HTTP/1.1
User-Agent: selenium/4.1.2 (java windows)
Content-Length: 132
Content-Type: application/json; charset=utf-8
host: localhost:59812
accept: */*

Response DefaultHttpResponse(decodeResult: success, version: HTTP/1.1)
HTTP/1.1 200 OK
Content-Type: application/json; charset=utf-8
cache-control: no-cache
content-length: 88

16:10:52.144 [AsyncHttpClient-1-2] DEBUG o.a.netty.channel.ChannelManager - Adding key: http://localhost:59812 for channel [id: 0x99f4d53f, L:/127.0.0.1:64356 - R:localhost/127.0.0.1:59812]
16:10:52.146 [Forwarding sendKeysToElement on session bc383e5e94e30eec175c12ba93bd2883 to remote] DEBUG o.a.netty.request.NettyRequestSender - Using pooled Channel '[id: 0x99f4d53f, L:/127.0.0.1:64356 - R:localhost/127.0.0.1:59812]' for 'POST' to 'http://localhost:59812/session/bc383e5e94e30eec175c12ba93bd2883/element/4cd9a19e-f62d-4700-94f4-7f22fafc32be/value'
16:10:52.146 [Forwarding sendKeysToElement on session bc383e5e94e30eec175c12ba93bd2883 to remote] DEBUG o.a.netty.request.NettyRequestSender - Using open Channel [id: 0x99f4d53f, L:/127.0.0.1:64356 - R:localhost/127.0.0.1:59812] for POST '/session/bc383e5e94e30eec175c12ba93bd2883/element/4cd9a19e-f62d-4700-94f4-7f22fafc32be/value'
16:10:52.173 [AsyncHttpClient-1-2] DEBUG o.a.netty.handler.HttpHandler - 

Request DefaultHttpRequest(decodeResult: success, version: HTTP/1.1)
POST /session/bc383e5e94e30eec175c12ba93bd2883/element/4cd9a19e-f62d-4700-94f4-7f22fafc32be/value HTTP/1.1
User-Agent: selenium/4.1.2 (java windows)
Content-Length: 161
Content-Type: application/json; charset=utf-8
host: localhost:59812
accept: */*

Response DefaultHttpResponse(decodeResult: success, version: HTTP/1.1)
HTTP/1.1 200 OK
Content-Type: application/json; charset=utf-8
cache-control: no-cache
content-length: 14

16:10:52.174 [AsyncHttpClient-1-2] DEBUG o.a.netty.channel.ChannelManager - Adding key: http://localhost:59812 for channel [id: 0x99f4d53f, L:/127.0.0.1:64356 - R:localhost/127.0.0.1:59812]
16:10:52.175 [Forwarding findElement on session bc383e5e94e30eec175c12ba93bd2883 to remote] DEBUG o.a.netty.request.NettyRequestSender - Using pooled Channel '[id: 0x99f4d53f, L:/127.0.0.1:64356 - R:localhost/127.0.0.1:59812]' for 'POST' to 'http://localhost:59812/session/bc383e5e94e30eec175c12ba93bd2883/element'
16:10:52.175 [Forwarding findElement on session bc383e5e94e30eec175c12ba93bd2883 to remote] DEBUG o.a.netty.request.NettyRequestSender - Using open Channel [id: 0x99f4d53f, L:/127.0.0.1:64356 - R:localhost/127.0.0.1:59812] for POST '/session/bc383e5e94e30eec175c12ba93bd2883/element'
16:10:52.180 [AsyncHttpClient-1-2] DEBUG o.a.netty.handler.HttpHandler - 

Request DefaultHttpRequest(decodeResult: success, version: HTTP/1.1)
POST /session/bc383e5e94e30eec175c12ba93bd2883/element HTTP/1.1
User-Agent: selenium/4.1.2 (java windows)
Content-Length: 125
Content-Type: application/json; charset=utf-8
host: localhost:59812
accept: */*

Response DefaultHttpResponse(decodeResult: success, version: HTTP/1.1)
HTTP/1.1 200 OK
Content-Type: application/json; charset=utf-8
cache-control: no-cache
content-length: 88

16:10:52.180 [AsyncHttpClient-1-2] DEBUG o.a.netty.channel.ChannelManager - Adding key: http://localhost:59812 for channel [id: 0x99f4d53f, L:/127.0.0.1:64356 - R:localhost/127.0.0.1:59812]
16:10:52.182 [Forwarding clickElement on session bc383e5e94e30eec175c12ba93bd2883 to remote] DEBUG o.a.netty.request.NettyRequestSender - Using pooled Channel '[id: 0x99f4d53f, L:/127.0.0.1:64356 - R:localhost/127.0.0.1:59812]' for 'POST' to 'http://localhost:59812/session/bc383e5e94e30eec175c12ba93bd2883/element/2e7ac2f8-e3fd-4c07-b5dd-45800f8117f6/click'
16:10:52.182 [Forwarding clickElement on session bc383e5e94e30eec175c12ba93bd2883 to remote] DEBUG o.a.netty.request.NettyRequestSender - Using open Channel [id: 0x99f4d53f, L:/127.0.0.1:64356 - R:localhost/127.0.0.1:59812] for POST '/session/bc383e5e94e30eec175c12ba93bd2883/element/2e7ac2f8-e3fd-4c07-b5dd-45800f8117f6/click'
16:10:52.236 [AsyncHttpClient-1-2] DEBUG o.a.netty.handler.HttpHandler - 

Request DefaultHttpRequest(decodeResult: success, version: HTTP/1.1)
POST /session/bc383e5e94e30eec175c12ba93bd2883/element/2e7ac2f8-e3fd-4c07-b5dd-45800f8117f6/click HTTP/1.1
User-Agent: selenium/4.1.2 (java windows)
Content-Length: 50
Content-Type: application/json; charset=utf-8
host: localhost:59812
accept: */*

Response DefaultHttpResponse(decodeResult: success, version: HTTP/1.1)
HTTP/1.1 200 OK
Content-Type: application/json; charset=utf-8
cache-control: no-cache
content-length: 14

16:10:52.237 [AsyncHttpClient-1-2] DEBUG o.a.netty.channel.ChannelManager - Adding key: http://localhost:59812 for channel [id: 0x99f4d53f, L:/127.0.0.1:64356 - R:localhost/127.0.0.1:59812]
16:10:52.238 [Forwarding findElement on session bc383e5e94e30eec175c12ba93bd2883 to remote] DEBUG o.a.netty.request.NettyRequestSender - Using pooled Channel '[id: 0x99f4d53f, L:/127.0.0.1:64356 - R:localhost/127.0.0.1:59812]' for 'POST' to 'http://localhost:59812/session/bc383e5e94e30eec175c12ba93bd2883/element'
16:10:52.238 [Forwarding findElement on session bc383e5e94e30eec175c12ba93bd2883 to remote] DEBUG o.a.netty.request.NettyRequestSender - Using open Channel [id: 0x99f4d53f, L:/127.0.0.1:64356 - R:localhost/127.0.0.1:59812] for POST '/session/bc383e5e94e30eec175c12ba93bd2883/element'
16:10:52.246 [AsyncHttpClient-1-2] DEBUG o.a.netty.handler.HttpHandler - 

Request DefaultHttpRequest(decodeResult: success, version: HTTP/1.1)
POST /session/bc383e5e94e30eec175c12ba93bd2883/element HTTP/1.1
User-Agent: selenium/4.1.2 (java windows)
Content-Length: 75
Content-Type: application/json; charset=utf-8
host: localhost:59812
accept: */*

Response DefaultHttpResponse(decodeResult: success, version: HTTP/1.1)
HTTP/1.1 200 OK
Content-Type: application/json; charset=utf-8
cache-control: no-cache
content-length: 88

16:10:52.247 [AsyncHttpClient-1-2] DEBUG o.a.netty.channel.ChannelManager - Adding key: http://localhost:59812 for channel [id: 0x99f4d53f, L:/127.0.0.1:64356 - R:localhost/127.0.0.1:59812]
16:10:52.250 [Forwarding isElementDisplayed on session bc383e5e94e30eec175c12ba93bd2883 to remote] DEBUG o.a.netty.request.NettyRequestSender - Using pooled Channel '[id: 0x99f4d53f, L:/127.0.0.1:64356 - R:localhost/127.0.0.1:59812]' for 'POST' to 'http://localhost:59812/session/bc383e5e94e30eec175c12ba93bd2883/execute/sync'
16:10:52.250 [Forwarding isElementDisplayed on session bc383e5e94e30eec175c12ba93bd2883 to remote] DEBUG o.a.netty.request.NettyRequestSender - Using open Channel [id: 0x99f4d53f, L:/127.0.0.1:64356 - R:localhost/127.0.0.1:59812] for POST '/session/bc383e5e94e30eec175c12ba93bd2883/execute/sync'
16:10:52.262 [AsyncHttpClient-1-2] DEBUG o.a.netty.handler.HttpHandler - 

Request DefaultHttpRequest(decodeResult: success, version: HTTP/1.1)
POST /session/bc383e5e94e30eec175c12ba93bd2883/execute/sync HTTP/1.1
User-Agent: selenium/4.1.2 (java windows)
Content-Length: 48780
Content-Type: application/json; charset=utf-8
host: localhost:59812
accept: */*

Response DefaultHttpResponse(decodeResult: success, version: HTTP/1.1)
HTTP/1.1 200 OK
Content-Type: application/json; charset=utf-8
cache-control: no-cache
content-length: 15

16:10:52.262 [AsyncHttpClient-1-2] DEBUG o.a.netty.channel.ChannelManager - Adding key: http://localhost:59812 for channel [id: 0x99f4d53f, L:/127.0.0.1:64356 - R:localhost/127.0.0.1:59812]
16:10:52.560 [AsyncHttpClient-1-1] DEBUG o.a.netty.channel.DefaultChannelPool - Entry count for : http://localhost:59812 : 1
16:10:52.560 [AsyncHttpClient-1-1] DEBUG o.a.netty.channel.DefaultChannelPool - Entry count for : http://localhost:64357 : 1
16:10:52.765 [Forwarding findElement on session bc383e5e94e30eec175c12ba93bd2883 to remote] DEBUG o.a.netty.request.NettyRequestSender - Using pooled Channel '[id: 0x99f4d53f, L:/127.0.0.1:64356 - R:localhost/127.0.0.1:59812]' for 'POST' to 'http://localhost:59812/session/bc383e5e94e30eec175c12ba93bd2883/element'
16:10:52.766 [Forwarding findElement on session bc383e5e94e30eec175c12ba93bd2883 to remote] DEBUG o.a.netty.request.NettyRequestSender - Using open Channel [id: 0x99f4d53f, L:/127.0.0.1:64356 - R:localhost/127.0.0.1:59812] for POST '/session/bc383e5e94e30eec175c12ba93bd2883/element'
16:10:52.770 [AsyncHttpClient-1-2] DEBUG o.a.netty.handler.HttpHandler - 

Request DefaultHttpRequest(decodeResult: success, version: HTTP/1.1)
POST /session/bc383e5e94e30eec175c12ba93bd2883/element HTTP/1.1
User-Agent: selenium/4.1.2 (java windows)
Content-Length: 75
Content-Type: application/json; charset=utf-8
host: localhost:59812
accept: */*

Response DefaultHttpResponse(decodeResult: success, version: HTTP/1.1)
HTTP/1.1 200 OK
Content-Type: application/json; charset=utf-8
cache-control: no-cache
content-length: 88

16:10:52.770 [AsyncHttpClient-1-2] DEBUG o.a.netty.channel.ChannelManager - Adding key: http://localhost:59812 for channel [id: 0x99f4d53f, L:/127.0.0.1:64356 - R:localhost/127.0.0.1:59812]
16:10:52.773 [Forwarding isElementDisplayed on session bc383e5e94e30eec175c12ba93bd2883 to remote] DEBUG o.a.netty.request.NettyRequestSender - Using pooled Channel '[id: 0x99f4d53f, L:/127.0.0.1:64356 - R:localhost/127.0.0.1:59812]' for 'POST' to 'http://localhost:59812/session/bc383e5e94e30eec175c12ba93bd2883/execute/sync'
16:10:52.773 [Forwarding isElementDisplayed on session bc383e5e94e30eec175c12ba93bd2883 to remote] DEBUG o.a.netty.request.NettyRequestSender - Using open Channel [id: 0x99f4d53f, L:/127.0.0.1:64356 - R:localhost/127.0.0.1:59812] for POST '/session/bc383e5e94e30eec175c12ba93bd2883/execute/sync'
16:10:52.779 [AsyncHttpClient-1-2] DEBUG o.a.netty.handler.HttpHandler - 

Request DefaultHttpRequest(decodeResult: success, version: HTTP/1.1)
POST /session/bc383e5e94e30eec175c12ba93bd2883/execute/sync HTTP/1.1
User-Agent: selenium/4.1.2 (java windows)
Content-Length: 48780
Content-Type: application/json; charset=utf-8
host: localhost:59812
accept: */*

Response DefaultHttpResponse(decodeResult: success, version: HTTP/1.1)
HTTP/1.1 200 OK
Content-Type: application/json; charset=utf-8
cache-control: no-cache
content-length: 15

16:10:52.779 [AsyncHttpClient-1-2] DEBUG o.a.netty.channel.ChannelManager - Adding key: http://localhost:59812 for channel [id: 0x99f4d53f, L:/127.0.0.1:64356 - R:localhost/127.0.0.1:59812]
16:10:53.286 [Forwarding findElement on session bc383e5e94e30eec175c12ba93bd2883 to remote] DEBUG o.a.netty.request.NettyRequestSender - Using pooled Channel '[id: 0x99f4d53f, L:/127.0.0.1:64356 - R:localhost/127.0.0.1:59812]' for 'POST' to 'http://localhost:59812/session/bc383e5e94e30eec175c12ba93bd2883/element'
16:10:53.287 [Forwarding findElement on session bc383e5e94e30eec175c12ba93bd2883 to remote] DEBUG o.a.netty.request.NettyRequestSender - Using open Channel [id: 0x99f4d53f, L:/127.0.0.1:64356 - R:localhost/127.0.0.1:59812] for POST '/session/bc383e5e94e30eec175c12ba93bd2883/element'
16:10:53.291 [AsyncHttpClient-1-2] DEBUG o.a.netty.handler.HttpHandler - 

Request DefaultHttpRequest(decodeResult: success, version: HTTP/1.1)
POST /session/bc383e5e94e30eec175c12ba93bd2883/element HTTP/1.1
User-Agent: selenium/4.1.2 (java windows)
Content-Length: 75
Content-Type: application/json; charset=utf-8
host: localhost:59812
accept: */*

Response DefaultHttpResponse(decodeResult: success, version: HTTP/1.1)
HTTP/1.1 200 OK
Content-Type: application/json; charset=utf-8
cache-control: no-cache
content-length: 88

16:10:53.291 [AsyncHttpClient-1-2] DEBUG o.a.netty.channel.ChannelManager - Adding key: http://localhost:59812 for channel [id: 0x99f4d53f, L:/127.0.0.1:64356 - R:localhost/127.0.0.1:59812]
16:10:53.294 [Forwarding isElementDisplayed on session bc383e5e94e30eec175c12ba93bd2883 to remote] DEBUG o.a.netty.request.NettyRequestSender - Using pooled Channel '[id: 0x99f4d53f, L:/127.0.0.1:64356 - R:localhost/127.0.0.1:59812]' for 'POST' to 'http://localhost:59812/session/bc383e5e94e30eec175c12ba93bd2883/execute/sync'
16:10:53.294 [Forwarding isElementDisplayed on session bc383e5e94e30eec175c12ba93bd2883 to remote] DEBUG o.a.netty.request.NettyRequestSender - Using open Channel [id: 0x99f4d53f, L:/127.0.0.1:64356 - R:localhost/127.0.0.1:59812] for POST '/session/bc383e5e94e30eec175c12ba93bd2883/execute/sync'
16:10:53.300 [AsyncHttpClient-1-2] DEBUG o.a.netty.handler.HttpHandler - 

Request DefaultHttpRequest(decodeResult: success, version: HTTP/1.1)
POST /session/bc383e5e94e30eec175c12ba93bd2883/execute/sync HTTP/1.1
User-Agent: selenium/4.1.2 (java windows)
Content-Length: 48780
Content-Type: application/json; charset=utf-8
host: localhost:59812
accept: */*

Response DefaultHttpResponse(decodeResult: success, version: HTTP/1.1)
HTTP/1.1 200 OK
Content-Type: application/json; charset=utf-8
cache-control: no-cache
content-length: 14

16:10:53.300 [AsyncHttpClient-1-2] DEBUG o.a.netty.channel.ChannelManager - Adding key: http://localhost:59812 for channel [id: 0x99f4d53f, L:/127.0.0.1:64356 - R:localhost/127.0.0.1:59812]
16:10:53.300 [Forwarding getElementText on session bc383e5e94e30eec175c12ba93bd2883 to remote] DEBUG o.a.netty.request.NettyRequestSender - Using pooled Channel '[id: 0x99f4d53f, L:/127.0.0.1:64356 - R:localhost/127.0.0.1:59812]' for 'GET' to 'http://localhost:59812/session/bc383e5e94e30eec175c12ba93bd2883/element/33536445-6af4-4bdc-9678-1e162dfaa65c/text'
16:10:53.300 [Forwarding getElementText on session bc383e5e94e30eec175c12ba93bd2883 to remote] DEBUG o.a.netty.request.NettyRequestSender - Using open Channel [id: 0x99f4d53f, L:/127.0.0.1:64356 - R:localhost/127.0.0.1:59812] for GET '/session/bc383e5e94e30eec175c12ba93bd2883/element/33536445-6af4-4bdc-9678-1e162dfaa65c/text'
16:10:53.309 [AsyncHttpClient-1-2] DEBUG o.a.netty.handler.HttpHandler - 

Request DefaultFullHttpRequest(decodeResult: success, version: HTTP/1.1, content: EmptyByteBufBE)
GET /session/bc383e5e94e30eec175c12ba93bd2883/element/33536445-6af4-4bdc-9678-1e162dfaa65c/text HTTP/1.1
User-Agent: selenium/4.1.2 (java windows)
Cache-Control: no-cache
Content-Type: application/json; charset=utf-8
host: localhost:59812
accept: */*

Response DefaultHttpResponse(decodeResult: success, version: HTTP/1.1)
HTTP/1.1 200 OK
Content-Type: application/json; charset=utf-8
cache-control: no-cache
content-length: 59

16:10:53.309 [AsyncHttpClient-1-2] DEBUG o.a.netty.channel.ChannelManager - Adding key: http://localhost:59812 for channel [id: 0x99f4d53f, L:/127.0.0.1:64356 - R:localhost/127.0.0.1:59812]
16:10:53.655 [AsyncHttpClient-1-1] DEBUG o.a.netty.channel.DefaultChannelPool - Entry count for : http://localhost:59812 : 1
16:10:53.655 [AsyncHttpClient-1-1] DEBUG o.a.netty.channel.DefaultChannelPool - Entry count for : http://localhost:64357 : 1
16:10:54.761 [AsyncHttpClient-1-1] DEBUG o.a.netty.channel.DefaultChannelPool - Entry count for : http://localhost:59812 : 1
16:10:54.761 [AsyncHttpClient-1-1] DEBUG o.a.netty.channel.DefaultChannelPool - Entry count for : http://localhost:64357 : 1
16:10:55.851 [AsyncHttpClient-1-1] DEBUG o.a.netty.channel.DefaultChannelPool - Entry count for : http://localhost:59812 : 1
16:10:55.851 [AsyncHttpClient-1-1] DEBUG o.a.netty.channel.DefaultChannelPool - Entry count for : http://localhost:64357 : 1
16:10:56.956 [AsyncHttpClient-1-1] DEBUG o.a.netty.channel.DefaultChannelPool - Entry count for : http://localhost:59812 : 1
16:10:56.956 [AsyncHttpClient-1-1] DEBUG o.a.netty.channel.DefaultChannelPool - Entry count for : http://localhost:64357 : 1
16:10:57.316 [Forwarding findElement on session bc383e5e94e30eec175c12ba93bd2883 to remote] DEBUG o.a.netty.request.NettyRequestSender - Using pooled Channel '[id: 0x99f4d53f, L:/127.0.0.1:64356 - R:localhost/127.0.0.1:59812]' for 'POST' to 'http://localhost:59812/session/bc383e5e94e30eec175c12ba93bd2883/element'
16:10:57.316 [Forwarding findElement on session bc383e5e94e30eec175c12ba93bd2883 to remote] DEBUG o.a.netty.request.NettyRequestSender - Using open Channel [id: 0x99f4d53f, L:/127.0.0.1:64356 - R:localhost/127.0.0.1:59812] for POST '/session/bc383e5e94e30eec175c12ba93bd2883/element'
16:10:57.321 [AsyncHttpClient-1-2] DEBUG o.a.netty.handler.HttpHandler - 

Request DefaultHttpRequest(decodeResult: success, version: HTTP/1.1)
POST /session/bc383e5e94e30eec175c12ba93bd2883/element HTTP/1.1
User-Agent: selenium/4.1.2 (java windows)
Content-Length: 128
Content-Type: application/json; charset=utf-8
host: localhost:59812
accept: */*

Response DefaultHttpResponse(decodeResult: success, version: HTTP/1.1)
HTTP/1.1 200 OK
Content-Type: application/json; charset=utf-8
cache-control: no-cache
content-length: 88

16:10:57.321 [AsyncHttpClient-1-2] DEBUG o.a.netty.channel.ChannelManager - Adding key: http://localhost:59812 for channel [id: 0x99f4d53f, L:/127.0.0.1:64356 - R:localhost/127.0.0.1:59812]
16:10:57.321 [Forwarding sendKeysToElement on session bc383e5e94e30eec175c12ba93bd2883 to remote] DEBUG o.a.netty.request.NettyRequestSender - Using pooled Channel '[id: 0x99f4d53f, L:/127.0.0.1:64356 - R:localhost/127.0.0.1:59812]' for 'POST' to 'http://localhost:59812/session/bc383e5e94e30eec175c12ba93bd2883/element/3305a2cb-c770-4b33-8090-d6092df8852a/value'
16:10:57.321 [Forwarding sendKeysToElement on session bc383e5e94e30eec175c12ba93bd2883 to remote] DEBUG o.a.netty.request.NettyRequestSender - Using open Channel [id: 0x99f4d53f, L:/127.0.0.1:64356 - R:localhost/127.0.0.1:59812] for POST '/session/bc383e5e94e30eec175c12ba93bd2883/element/3305a2cb-c770-4b33-8090-d6092df8852a/value'
16:10:57.346 [AsyncHttpClient-1-2] DEBUG o.a.netty.handler.HttpHandler - 

Request DefaultHttpRequest(decodeResult: success, version: HTTP/1.1)
POST /session/bc383e5e94e30eec175c12ba93bd2883/element/3305a2cb-c770-4b33-8090-d6092df8852a/value HTTP/1.1
User-Agent: selenium/4.1.2 (java windows)
Content-Length: 271
Content-Type: application/json; charset=utf-8
host: localhost:59812
accept: */*

Response DefaultHttpResponse(decodeResult: success, version: HTTP/1.1)
HTTP/1.1 200 OK
Content-Type: application/json; charset=utf-8
cache-control: no-cache
content-length: 14

16:10:57.346 [AsyncHttpClient-1-2] DEBUG o.a.netty.channel.ChannelManager - Adding key: http://localhost:59812 for channel [id: 0x99f4d53f, L:/127.0.0.1:64356 - R:localhost/127.0.0.1:59812]
16:10:57.347 [Forwarding findElement on session bc383e5e94e30eec175c12ba93bd2883 to remote] DEBUG o.a.netty.request.NettyRequestSender - Using pooled Channel '[id: 0x99f4d53f, L:/127.0.0.1:64356 - R:localhost/127.0.0.1:59812]' for 'POST' to 'http://localhost:59812/session/bc383e5e94e30eec175c12ba93bd2883/element'
16:10:57.347 [Forwarding findElement on session bc383e5e94e30eec175c12ba93bd2883 to remote] DEBUG o.a.netty.request.NettyRequestSender - Using open Channel [id: 0x99f4d53f, L:/127.0.0.1:64356 - R:localhost/127.0.0.1:59812] for POST '/session/bc383e5e94e30eec175c12ba93bd2883/element'
16:10:57.352 [AsyncHttpClient-1-2] DEBUG o.a.netty.handler.HttpHandler - 

Request DefaultHttpRequest(decodeResult: success, version: HTTP/1.1)
POST /session/bc383e5e94e30eec175c12ba93bd2883/element HTTP/1.1
User-Agent: selenium/4.1.2 (java windows)
Content-Length: 132
Content-Type: application/json; charset=utf-8
host: localhost:59812
accept: */*

Response DefaultHttpResponse(decodeResult: success, version: HTTP/1.1)
HTTP/1.1 200 OK
Content-Type: application/json; charset=utf-8
cache-control: no-cache
content-length: 88

16:10:57.352 [AsyncHttpClient-1-2] DEBUG o.a.netty.channel.ChannelManager - Adding key: http://localhost:59812 for channel [id: 0x99f4d53f, L:/127.0.0.1:64356 - R:localhost/127.0.0.1:59812]
16:10:57.353 [Forwarding sendKeysToElement on session bc383e5e94e30eec175c12ba93bd2883 to remote] DEBUG o.a.netty.request.NettyRequestSender - Using pooled Channel '[id: 0x99f4d53f, L:/127.0.0.1:64356 - R:localhost/127.0.0.1:59812]' for 'POST' to 'http://localhost:59812/session/bc383e5e94e30eec175c12ba93bd2883/element/dbc992d2-80ab-4afb-998b-9c50855599f7/value'
16:10:57.353 [Forwarding sendKeysToElement on session bc383e5e94e30eec175c12ba93bd2883 to remote] DEBUG o.a.netty.request.NettyRequestSender - Using open Channel [id: 0x99f4d53f, L:/127.0.0.1:64356 - R:localhost/127.0.0.1:59812] for POST '/session/bc383e5e94e30eec175c12ba93bd2883/element/dbc992d2-80ab-4afb-998b-9c50855599f7/value'
16:10:57.383 [AsyncHttpClient-1-2] DEBUG o.a.netty.handler.HttpHandler - 

Request DefaultHttpRequest(decodeResult: success, version: HTTP/1.1)
POST /session/bc383e5e94e30eec175c12ba93bd2883/element/dbc992d2-80ab-4afb-998b-9c50855599f7/value HTTP/1.1
User-Agent: selenium/4.1.2 (java windows)
Content-Length: 161
Content-Type: application/json; charset=utf-8
host: localhost:59812
accept: */*

Response DefaultHttpResponse(decodeResult: success, version: HTTP/1.1)
HTTP/1.1 200 OK
Content-Type: application/json; charset=utf-8
cache-control: no-cache
content-length: 14

16:10:57.383 [AsyncHttpClient-1-2] DEBUG o.a.netty.channel.ChannelManager - Adding key: http://localhost:59812 for channel [id: 0x99f4d53f, L:/127.0.0.1:64356 - R:localhost/127.0.0.1:59812]
16:10:57.384 [Forwarding findElement on session bc383e5e94e30eec175c12ba93bd2883 to remote] DEBUG o.a.netty.request.NettyRequestSender - Using pooled Channel '[id: 0x99f4d53f, L:/127.0.0.1:64356 - R:localhost/127.0.0.1:59812]' for 'POST' to 'http://localhost:59812/session/bc383e5e94e30eec175c12ba93bd2883/element'
16:10:57.384 [Forwarding findElement on session bc383e5e94e30eec175c12ba93bd2883 to remote] DEBUG o.a.netty.request.NettyRequestSender - Using open Channel [id: 0x99f4d53f, L:/127.0.0.1:64356 - R:localhost/127.0.0.1:59812] for POST '/session/bc383e5e94e30eec175c12ba93bd2883/element'
16:10:57.388 [AsyncHttpClient-1-2] DEBUG o.a.netty.handler.HttpHandler - 

Request DefaultHttpRequest(decodeResult: success, version: HTTP/1.1)
POST /session/bc383e5e94e30eec175c12ba93bd2883/element HTTP/1.1
User-Agent: selenium/4.1.2 (java windows)
Content-Length: 125
Content-Type: application/json; charset=utf-8
host: localhost:59812
accept: */*

Response DefaultHttpResponse(decodeResult: success, version: HTTP/1.1)
HTTP/1.1 200 OK
Content-Type: application/json; charset=utf-8
cache-control: no-cache
content-length: 88

16:10:57.388 [AsyncHttpClient-1-2] DEBUG o.a.netty.channel.ChannelManager - Adding key: http://localhost:59812 for channel [id: 0x99f4d53f, L:/127.0.0.1:64356 - R:localhost/127.0.0.1:59812]
16:10:57.390 [Forwarding clickElement on session bc383e5e94e30eec175c12ba93bd2883 to remote] DEBUG o.a.netty.request.NettyRequestSender - Using pooled Channel '[id: 0x99f4d53f, L:/127.0.0.1:64356 - R:localhost/127.0.0.1:59812]' for 'POST' to 'http://localhost:59812/session/bc383e5e94e30eec175c12ba93bd2883/element/32ac58e7-2ce8-4c97-afa9-d08bd9e8341f/click'
16:10:57.390 [Forwarding clickElement on session bc383e5e94e30eec175c12ba93bd2883 to remote] DEBUG o.a.netty.request.NettyRequestSender - Using open Channel [id: 0x99f4d53f, L:/127.0.0.1:64356 - R:localhost/127.0.0.1:59812] for POST '/session/bc383e5e94e30eec175c12ba93bd2883/element/32ac58e7-2ce8-4c97-afa9-d08bd9e8341f/click'
16:10:57.443 [AsyncHttpClient-1-2] DEBUG o.a.netty.handler.HttpHandler - 

Request DefaultHttpRequest(decodeResult: success, version: HTTP/1.1)
POST /session/bc383e5e94e30eec175c12ba93bd2883/element/32ac58e7-2ce8-4c97-afa9-d08bd9e8341f/click HTTP/1.1
User-Agent: selenium/4.1.2 (java windows)
Content-Length: 50
Content-Type: application/json; charset=utf-8
host: localhost:59812
accept: */*

Response DefaultHttpResponse(decodeResult: success, version: HTTP/1.1)
HTTP/1.1 200 OK
Content-Type: application/json; charset=utf-8
cache-control: no-cache
content-length: 14

16:10:57.443 [AsyncHttpClient-1-2] DEBUG o.a.netty.channel.ChannelManager - Adding key: http://localhost:59812 for channel [id: 0x99f4d53f, L:/127.0.0.1:64356 - R:localhost/127.0.0.1:59812]
16:10:57.445 [Forwarding findElement on session bc383e5e94e30eec175c12ba93bd2883 to remote] DEBUG o.a.netty.request.NettyRequestSender - Using pooled Channel '[id: 0x99f4d53f, L:/127.0.0.1:64356 - R:localhost/127.0.0.1:59812]' for 'POST' to 'http://localhost:59812/session/bc383e5e94e30eec175c12ba93bd2883/element'
16:10:57.445 [Forwarding findElement on session bc383e5e94e30eec175c12ba93bd2883 to remote] DEBUG o.a.netty.request.NettyRequestSender - Using open Channel [id: 0x99f4d53f, L:/127.0.0.1:64356 - R:localhost/127.0.0.1:59812] for POST '/session/bc383e5e94e30eec175c12ba93bd2883/element'
16:10:57.450 [AsyncHttpClient-1-2] DEBUG o.a.netty.handler.HttpHandler - 

Request DefaultHttpRequest(decodeResult: success, version: HTTP/1.1)
POST /session/bc383e5e94e30eec175c12ba93bd2883/element HTTP/1.1
User-Agent: selenium/4.1.2 (java windows)
Content-Length: 75
Content-Type: application/json; charset=utf-8
host: localhost:59812
accept: */*

Response DefaultHttpResponse(decodeResult: success, version: HTTP/1.1)
HTTP/1.1 200 OK
Content-Type: application/json; charset=utf-8
cache-control: no-cache
content-length: 88

16:10:57.451 [AsyncHttpClient-1-2] DEBUG o.a.netty.channel.ChannelManager - Adding key: http://localhost:59812 for channel [id: 0x99f4d53f, L:/127.0.0.1:64356 - R:localhost/127.0.0.1:59812]
16:10:57.453 [Forwarding isElementDisplayed on session bc383e5e94e30eec175c12ba93bd2883 to remote] DEBUG o.a.netty.request.NettyRequestSender - Using pooled Channel '[id: 0x99f4d53f, L:/127.0.0.1:64356 - R:localhost/127.0.0.1:59812]' for 'POST' to 'http://localhost:59812/session/bc383e5e94e30eec175c12ba93bd2883/execute/sync'
16:10:57.453 [Forwarding isElementDisplayed on session bc383e5e94e30eec175c12ba93bd2883 to remote] DEBUG o.a.netty.request.NettyRequestSender - Using open Channel [id: 0x99f4d53f, L:/127.0.0.1:64356 - R:localhost/127.0.0.1:59812] for POST '/session/bc383e5e94e30eec175c12ba93bd2883/execute/sync'
16:10:57.462 [AsyncHttpClient-1-2] DEBUG o.a.netty.handler.HttpHandler - 

Request DefaultHttpRequest(decodeResult: success, version: HTTP/1.1)
POST /session/bc383e5e94e30eec175c12ba93bd2883/execute/sync HTTP/1.1
User-Agent: selenium/4.1.2 (java windows)
Content-Length: 48780
Content-Type: application/json; charset=utf-8
host: localhost:59812
accept: */*

Response DefaultHttpResponse(decodeResult: success, version: HTTP/1.1)
HTTP/1.1 200 OK
Content-Type: application/json; charset=utf-8
cache-control: no-cache
content-length: 15

16:10:57.462 [AsyncHttpClient-1-2] DEBUG o.a.netty.channel.ChannelManager - Adding key: http://localhost:59812 for channel [id: 0x99f4d53f, L:/127.0.0.1:64356 - R:localhost/127.0.0.1:59812]
16:10:57.969 [Forwarding findElement on session bc383e5e94e30eec175c12ba93bd2883 to remote] DEBUG o.a.netty.request.NettyRequestSender - Using pooled Channel '[id: 0x99f4d53f, L:/127.0.0.1:64356 - R:localhost/127.0.0.1:59812]' for 'POST' to 'http://localhost:59812/session/bc383e5e94e30eec175c12ba93bd2883/element'
16:10:57.970 [Forwarding findElement on session bc383e5e94e30eec175c12ba93bd2883 to remote] DEBUG o.a.netty.request.NettyRequestSender - Using open Channel [id: 0x99f4d53f, L:/127.0.0.1:64356 - R:localhost/127.0.0.1:59812] for POST '/session/bc383e5e94e30eec175c12ba93bd2883/element'
16:10:57.974 [AsyncHttpClient-1-2] DEBUG o.a.netty.handler.HttpHandler - 

Request DefaultHttpRequest(decodeResult: success, version: HTTP/1.1)
POST /session/bc383e5e94e30eec175c12ba93bd2883/element HTTP/1.1
User-Agent: selenium/4.1.2 (java windows)
Content-Length: 75
Content-Type: application/json; charset=utf-8
host: localhost:59812
accept: */*

Response DefaultHttpResponse(decodeResult: success, version: HTTP/1.1)
HTTP/1.1 200 OK
Content-Type: application/json; charset=utf-8
cache-control: no-cache
content-length: 88

16:10:57.974 [AsyncHttpClient-1-2] DEBUG o.a.netty.channel.ChannelManager - Adding key: http://localhost:59812 for channel [id: 0x99f4d53f, L:/127.0.0.1:64356 - R:localhost/127.0.0.1:59812]
16:10:57.977 [Forwarding isElementDisplayed on session bc383e5e94e30eec175c12ba93bd2883 to remote] DEBUG o.a.netty.request.NettyRequestSender - Using pooled Channel '[id: 0x99f4d53f, L:/127.0.0.1:64356 - R:localhost/127.0.0.1:59812]' for 'POST' to 'http://localhost:59812/session/bc383e5e94e30eec175c12ba93bd2883/execute/sync'
16:10:57.977 [Forwarding isElementDisplayed on session bc383e5e94e30eec175c12ba93bd2883 to remote] DEBUG o.a.netty.request.NettyRequestSender - Using open Channel [id: 0x99f4d53f, L:/127.0.0.1:64356 - R:localhost/127.0.0.1:59812] for POST '/session/bc383e5e94e30eec175c12ba93bd2883/execute/sync'
16:10:57.983 [AsyncHttpClient-1-2] DEBUG o.a.netty.handler.HttpHandler - 

Request DefaultHttpRequest(decodeResult: success, version: HTTP/1.1)
POST /session/bc383e5e94e30eec175c12ba93bd2883/execute/sync HTTP/1.1
User-Agent: selenium/4.1.2 (java windows)
Content-Length: 48780
Content-Type: application/json; charset=utf-8
host: localhost:59812
accept: */*

Response DefaultHttpResponse(decodeResult: success, version: HTTP/1.1)
HTTP/1.1 200 OK
Content-Type: application/json; charset=utf-8
cache-control: no-cache
content-length: 14

16:10:57.984 [AsyncHttpClient-1-2] DEBUG o.a.netty.channel.ChannelManager - Adding key: http://localhost:59812 for channel [id: 0x99f4d53f, L:/127.0.0.1:64356 - R:localhost/127.0.0.1:59812]
16:10:57.984 [Forwarding getElementText on session bc383e5e94e30eec175c12ba93bd2883 to remote] DEBUG o.a.netty.request.NettyRequestSender - Using pooled Channel '[id: 0x99f4d53f, L:/127.0.0.1:64356 - R:localhost/127.0.0.1:59812]' for 'GET' to 'http://localhost:59812/session/bc383e5e94e30eec175c12ba93bd2883/element/55ef307a-6f4c-4698-bb3f-f9d993e757e0/text'
16:10:57.984 [Forwarding getElementText on session bc383e5e94e30eec175c12ba93bd2883 to remote] DEBUG o.a.netty.request.NettyRequestSender - Using open Channel [id: 0x99f4d53f, L:/127.0.0.1:64356 - R:localhost/127.0.0.1:59812] for GET '/session/bc383e5e94e30eec175c12ba93bd2883/element/55ef307a-6f4c-4698-bb3f-f9d993e757e0/text'
16:10:57.993 [AsyncHttpClient-1-2] DEBUG o.a.netty.handler.HttpHandler - 

Request DefaultFullHttpRequest(decodeResult: success, version: HTTP/1.1, content: EmptyByteBufBE)
GET /session/bc383e5e94e30eec175c12ba93bd2883/element/55ef307a-6f4c-4698-bb3f-f9d993e757e0/text HTTP/1.1
User-Agent: selenium/4.1.2 (java windows)
Cache-Control: no-cache
Content-Type: application/json; charset=utf-8
host: localhost:59812
accept: */*

Response DefaultHttpResponse(decodeResult: success, version: HTTP/1.1)
HTTP/1.1 200 OK
Content-Type: application/json; charset=utf-8
cache-control: no-cache
content-length: 59

16:10:57.993 [AsyncHttpClient-1-2] DEBUG o.a.netty.channel.ChannelManager - Adding key: http://localhost:59812 for channel [id: 0x99f4d53f, L:/127.0.0.1:64356 - R:localhost/127.0.0.1:59812]
16:10:58.065 [AsyncHttpClient-1-1] DEBUG o.a.netty.channel.DefaultChannelPool - Entry count for : http://localhost:59812 : 1
16:10:58.065 [AsyncHttpClient-1-1] DEBUG o.a.netty.channel.DefaultChannelPool - Entry count for : http://localhost:64357 : 1
16:10:59.158 [AsyncHttpClient-1-1] DEBUG o.a.netty.channel.DefaultChannelPool - Entry count for : http://localhost:59812 : 1
16:10:59.158 [AsyncHttpClient-1-1] DEBUG o.a.netty.channel.DefaultChannelPool - Entry count for : http://localhost:64357 : 1
16:11:00.256 [AsyncHttpClient-1-1] DEBUG o.a.netty.channel.DefaultChannelPool - Entry count for : http://localhost:59812 : 1
16:11:00.256 [AsyncHttpClient-1-1] DEBUG o.a.netty.channel.DefaultChannelPool - Entry count for : http://localhost:64357 : 1
16:11:01.359 [AsyncHttpClient-1-1] DEBUG o.a.netty.channel.DefaultChannelPool - Entry count for : http://localhost:59812 : 1
16:11:01.359 [AsyncHttpClient-1-1] DEBUG o.a.netty.channel.DefaultChannelPool - Entry count for : http://localhost:64357 : 1
16:11:02.003 [Forwarding findElement on session bc383e5e94e30eec175c12ba93bd2883 to remote] DEBUG o.a.netty.request.NettyRequestSender - Using pooled Channel '[id: 0x99f4d53f, L:/127.0.0.1:64356 - R:localhost/127.0.0.1:59812]' for 'POST' to 'http://localhost:59812/session/bc383e5e94e30eec175c12ba93bd2883/element'
16:11:02.003 [Forwarding findElement on session bc383e5e94e30eec175c12ba93bd2883 to remote] DEBUG o.a.netty.request.NettyRequestSender - Using open Channel [id: 0x99f4d53f, L:/127.0.0.1:64356 - R:localhost/127.0.0.1:59812] for POST '/session/bc383e5e94e30eec175c12ba93bd2883/element'
16:11:02.012 [AsyncHttpClient-1-2] DEBUG o.a.netty.handler.HttpHandler - 

Request DefaultHttpRequest(decodeResult: success, version: HTTP/1.1)
POST /session/bc383e5e94e30eec175c12ba93bd2883/element HTTP/1.1
User-Agent: selenium/4.1.2 (java windows)
Content-Length: 128
Content-Type: application/json; charset=utf-8
host: localhost:59812
accept: */*

Response DefaultHttpResponse(decodeResult: success, version: HTTP/1.1)
HTTP/1.1 200 OK
Content-Type: application/json; charset=utf-8
cache-control: no-cache
content-length: 88

16:11:02.012 [AsyncHttpClient-1-2] DEBUG o.a.netty.channel.ChannelManager - Adding key: http://localhost:59812 for channel [id: 0x99f4d53f, L:/127.0.0.1:64356 - R:localhost/127.0.0.1:59812]
16:11:02.013 [Forwarding sendKeysToElement on session bc383e5e94e30eec175c12ba93bd2883 to remote] DEBUG o.a.netty.request.NettyRequestSender - Using pooled Channel '[id: 0x99f4d53f, L:/127.0.0.1:64356 - R:localhost/127.0.0.1:59812]' for 'POST' to 'http://localhost:59812/session/bc383e5e94e30eec175c12ba93bd2883/element/93f96066-1353-431d-881d-fd53ebf43f94/value'
16:11:02.013 [Forwarding sendKeysToElement on session bc383e5e94e30eec175c12ba93bd2883 to remote] DEBUG o.a.netty.request.NettyRequestSender - Using open Channel [id: 0x99f4d53f, L:/127.0.0.1:64356 - R:localhost/127.0.0.1:59812] for POST '/session/bc383e5e94e30eec175c12ba93bd2883/element/93f96066-1353-431d-881d-fd53ebf43f94/value'
16:11:02.023 [AsyncHttpClient-1-2] DEBUG o.a.netty.handler.HttpHandler - 

Request DefaultHttpRequest(decodeResult: success, version: HTTP/1.1)
POST /session/bc383e5e94e30eec175c12ba93bd2883/element/93f96066-1353-431d-881d-fd53ebf43f94/value HTTP/1.1
User-Agent: selenium/4.1.2 (java windows)
Content-Length: 82
Content-Type: application/json; charset=utf-8
host: localhost:59812
accept: */*

Response DefaultHttpResponse(decodeResult: success, version: HTTP/1.1)
HTTP/1.1 200 OK
Content-Type: application/json; charset=utf-8
cache-control: no-cache
content-length: 14

16:11:02.023 [AsyncHttpClient-1-2] DEBUG o.a.netty.channel.ChannelManager - Adding key: http://localhost:59812 for channel [id: 0x99f4d53f, L:/127.0.0.1:64356 - R:localhost/127.0.0.1:59812]
16:11:02.023 [Forwarding findElement on session bc383e5e94e30eec175c12ba93bd2883 to remote] DEBUG o.a.netty.request.NettyRequestSender - Using pooled Channel '[id: 0x99f4d53f, L:/127.0.0.1:64356 - R:localhost/127.0.0.1:59812]' for 'POST' to 'http://localhost:59812/session/bc383e5e94e30eec175c12ba93bd2883/element'
16:11:02.023 [Forwarding findElement on session bc383e5e94e30eec175c12ba93bd2883 to remote] DEBUG o.a.netty.request.NettyRequestSender - Using open Channel [id: 0x99f4d53f, L:/127.0.0.1:64356 - R:localhost/127.0.0.1:59812] for POST '/session/bc383e5e94e30eec175c12ba93bd2883/element'
16:11:02.033 [AsyncHttpClient-1-2] DEBUG o.a.netty.handler.HttpHandler - 

Request DefaultHttpRequest(decodeResult: success, version: HTTP/1.1)
POST /session/bc383e5e94e30eec175c12ba93bd2883/element HTTP/1.1
User-Agent: selenium/4.1.2 (java windows)
Content-Length: 132
Content-Type: application/json; charset=utf-8
host: localhost:59812
accept: */*

Response DefaultHttpResponse(decodeResult: success, version: HTTP/1.1)
HTTP/1.1 200 OK
Content-Type: application/json; charset=utf-8
cache-control: no-cache
content-length: 88

16:11:02.033 [AsyncHttpClient-1-2] DEBUG o.a.netty.channel.ChannelManager - Adding key: http://localhost:59812 for channel [id: 0x99f4d53f, L:/127.0.0.1:64356 - R:localhost/127.0.0.1:59812]
16:11:02.033 [Forwarding sendKeysToElement on session bc383e5e94e30eec175c12ba93bd2883 to remote] DEBUG o.a.netty.request.NettyRequestSender - Using pooled Channel '[id: 0x99f4d53f, L:/127.0.0.1:64356 - R:localhost/127.0.0.1:59812]' for 'POST' to 'http://localhost:59812/session/bc383e5e94e30eec175c12ba93bd2883/element/d018053b-43b4-44eb-8eb2-532de7fa6756/value'
16:11:02.033 [Forwarding sendKeysToElement on session bc383e5e94e30eec175c12ba93bd2883 to remote] DEBUG o.a.netty.request.NettyRequestSender - Using open Channel [id: 0x99f4d53f, L:/127.0.0.1:64356 - R:localhost/127.0.0.1:59812] for POST '/session/bc383e5e94e30eec175c12ba93bd2883/element/d018053b-43b4-44eb-8eb2-532de7fa6756/value'
16:11:02.062 [AsyncHttpClient-1-2] DEBUG o.a.netty.handler.HttpHandler - 

Request DefaultHttpRequest(decodeResult: success, version: HTTP/1.1)
POST /session/bc383e5e94e30eec175c12ba93bd2883/element/d018053b-43b4-44eb-8eb2-532de7fa6756/value HTTP/1.1
User-Agent: selenium/4.1.2 (java windows)
Content-Length: 82
Content-Type: application/json; charset=utf-8
host: localhost:59812
accept: */*

Response DefaultHttpResponse(decodeResult: success, version: HTTP/1.1)
HTTP/1.1 200 OK
Content-Type: application/json; charset=utf-8
cache-control: no-cache
content-length: 14

16:11:02.062 [AsyncHttpClient-1-2] DEBUG o.a.netty.channel.ChannelManager - Adding key: http://localhost:59812 for channel [id: 0x99f4d53f, L:/127.0.0.1:64356 - R:localhost/127.0.0.1:59812]
16:11:02.063 [Forwarding findElement on session bc383e5e94e30eec175c12ba93bd2883 to remote] DEBUG o.a.netty.request.NettyRequestSender - Using pooled Channel '[id: 0x99f4d53f, L:/127.0.0.1:64356 - R:localhost/127.0.0.1:59812]' for 'POST' to 'http://localhost:59812/session/bc383e5e94e30eec175c12ba93bd2883/element'
16:11:02.063 [Forwarding findElement on session bc383e5e94e30eec175c12ba93bd2883 to remote] DEBUG o.a.netty.request.NettyRequestSender - Using open Channel [id: 0x99f4d53f, L:/127.0.0.1:64356 - R:localhost/127.0.0.1:59812] for POST '/session/bc383e5e94e30eec175c12ba93bd2883/element'
16:11:02.071 [AsyncHttpClient-1-2] DEBUG o.a.netty.handler.HttpHandler - 

Request DefaultHttpRequest(decodeResult: success, version: HTTP/1.1)
POST /session/bc383e5e94e30eec175c12ba93bd2883/element HTTP/1.1
User-Agent: selenium/4.1.2 (java windows)
Content-Length: 125
Content-Type: application/json; charset=utf-8
host: localhost:59812
accept: */*

Response DefaultHttpResponse(decodeResult: success, version: HTTP/1.1)
HTTP/1.1 200 OK
Content-Type: application/json; charset=utf-8
cache-control: no-cache
content-length: 88

16:11:02.071 [AsyncHttpClient-1-2] DEBUG o.a.netty.channel.ChannelManager - Adding key: http://localhost:59812 for channel [id: 0x99f4d53f, L:/127.0.0.1:64356 - R:localhost/127.0.0.1:59812]
16:11:02.072 [Forwarding clickElement on session bc383e5e94e30eec175c12ba93bd2883 to remote] DEBUG o.a.netty.request.NettyRequestSender - Using pooled Channel '[id: 0x99f4d53f, L:/127.0.0.1:64356 - R:localhost/127.0.0.1:59812]' for 'POST' to 'http://localhost:59812/session/bc383e5e94e30eec175c12ba93bd2883/element/a44c95e8-8944-4e24-9afb-5a4c6ccea75c/click'
16:11:02.073 [Forwarding clickElement on session bc383e5e94e30eec175c12ba93bd2883 to remote] DEBUG o.a.netty.request.NettyRequestSender - Using open Channel [id: 0x99f4d53f, L:/127.0.0.1:64356 - R:localhost/127.0.0.1:59812] for POST '/session/bc383e5e94e30eec175c12ba93bd2883/element/a44c95e8-8944-4e24-9afb-5a4c6ccea75c/click'
16:11:02.123 [AsyncHttpClient-1-2] DEBUG o.a.netty.handler.HttpHandler - 

Request DefaultHttpRequest(decodeResult: success, version: HTTP/1.1)
POST /session/bc383e5e94e30eec175c12ba93bd2883/element/a44c95e8-8944-4e24-9afb-5a4c6ccea75c/click HTTP/1.1
User-Agent: selenium/4.1.2 (java windows)
Content-Length: 50
Content-Type: application/json; charset=utf-8
host: localhost:59812
accept: */*

Response DefaultHttpResponse(decodeResult: success, version: HTTP/1.1)
HTTP/1.1 200 OK
Content-Type: application/json; charset=utf-8
cache-control: no-cache
content-length: 14

16:11:02.123 [AsyncHttpClient-1-2] DEBUG o.a.netty.channel.ChannelManager - Adding key: http://localhost:59812 for channel [id: 0x99f4d53f, L:/127.0.0.1:64356 - R:localhost/127.0.0.1:59812]
16:11:02.124 [Forwarding findElement on session bc383e5e94e30eec175c12ba93bd2883 to remote] DEBUG o.a.netty.request.NettyRequestSender - Using pooled Channel '[id: 0x99f4d53f, L:/127.0.0.1:64356 - R:localhost/127.0.0.1:59812]' for 'POST' to 'http://localhost:59812/session/bc383e5e94e30eec175c12ba93bd2883/element'
16:11:02.124 [Forwarding findElement on session bc383e5e94e30eec175c12ba93bd2883 to remote] DEBUG o.a.netty.request.NettyRequestSender - Using open Channel [id: 0x99f4d53f, L:/127.0.0.1:64356 - R:localhost/127.0.0.1:59812] for POST '/session/bc383e5e94e30eec175c12ba93bd2883/element'
16:11:02.130 [AsyncHttpClient-1-2] DEBUG o.a.netty.handler.HttpHandler - 

Request DefaultHttpRequest(decodeResult: success, version: HTTP/1.1)
POST /session/bc383e5e94e30eec175c12ba93bd2883/element HTTP/1.1
User-Agent: selenium/4.1.2 (java windows)
Content-Length: 75
Content-Type: application/json; charset=utf-8
host: localhost:59812
accept: */*

Response DefaultHttpResponse(decodeResult: success, version: HTTP/1.1)
HTTP/1.1 200 OK
Content-Type: application/json; charset=utf-8
cache-control: no-cache
content-length: 88

16:11:02.131 [AsyncHttpClient-1-2] DEBUG o.a.netty.channel.ChannelManager - Adding key: http://localhost:59812 for channel [id: 0x99f4d53f, L:/127.0.0.1:64356 - R:localhost/127.0.0.1:59812]
16:11:02.134 [Forwarding isElementDisplayed on session bc383e5e94e30eec175c12ba93bd2883 to remote] DEBUG o.a.netty.request.NettyRequestSender - Using pooled Channel '[id: 0x99f4d53f, L:/127.0.0.1:64356 - R:localhost/127.0.0.1:59812]' for 'POST' to 'http://localhost:59812/session/bc383e5e94e30eec175c12ba93bd2883/execute/sync'
16:11:02.134 [Forwarding isElementDisplayed on session bc383e5e94e30eec175c12ba93bd2883 to remote] DEBUG o.a.netty.request.NettyRequestSender - Using open Channel [id: 0x99f4d53f, L:/127.0.0.1:64356 - R:localhost/127.0.0.1:59812] for POST '/session/bc383e5e94e30eec175c12ba93bd2883/execute/sync'
16:11:02.143 [AsyncHttpClient-1-2] DEBUG o.a.netty.handler.HttpHandler - 

Request DefaultHttpRequest(decodeResult: success, version: HTTP/1.1)
POST /session/bc383e5e94e30eec175c12ba93bd2883/execute/sync HTTP/1.1
User-Agent: selenium/4.1.2 (java windows)
Content-Length: 48780
Content-Type: application/json; charset=utf-8
host: localhost:59812
accept: */*

Response DefaultHttpResponse(decodeResult: success, version: HTTP/1.1)
HTTP/1.1 200 OK
Content-Type: application/json; charset=utf-8
cache-control: no-cache
content-length: 15

16:11:02.143 [AsyncHttpClient-1-2] DEBUG o.a.netty.channel.ChannelManager - Adding key: http://localhost:59812 for channel [id: 0x99f4d53f, L:/127.0.0.1:64356 - R:localhost/127.0.0.1:59812]
16:11:02.454 [AsyncHttpClient-1-1] DEBUG o.a.netty.channel.DefaultChannelPool - Entry count for : http://localhost:59812 : 1
16:11:02.454 [AsyncHttpClient-1-1] DEBUG o.a.netty.channel.DefaultChannelPool - Entry count for : http://localhost:64357 : 1
16:11:02.651 [Forwarding findElement on session bc383e5e94e30eec175c12ba93bd2883 to remote] DEBUG o.a.netty.request.NettyRequestSender - Using pooled Channel '[id: 0x99f4d53f, L:/127.0.0.1:64356 - R:localhost/127.0.0.1:59812]' for 'POST' to 'http://localhost:59812/session/bc383e5e94e30eec175c12ba93bd2883/element'
16:11:02.652 [Forwarding findElement on session bc383e5e94e30eec175c12ba93bd2883 to remote] DEBUG o.a.netty.request.NettyRequestSender - Using open Channel [id: 0x99f4d53f, L:/127.0.0.1:64356 - R:localhost/127.0.0.1:59812] for POST '/session/bc383e5e94e30eec175c12ba93bd2883/element'
16:11:02.656 [AsyncHttpClient-1-2] DEBUG o.a.netty.handler.HttpHandler - 

Request DefaultHttpRequest(decodeResult: success, version: HTTP/1.1)
POST /session/bc383e5e94e30eec175c12ba93bd2883/element HTTP/1.1
User-Agent: selenium/4.1.2 (java windows)
Content-Length: 75
Content-Type: application/json; charset=utf-8
host: localhost:59812
accept: */*

Response DefaultHttpResponse(decodeResult: success, version: HTTP/1.1)
HTTP/1.1 200 OK
Content-Type: application/json; charset=utf-8
cache-control: no-cache
content-length: 88

16:11:02.656 [AsyncHttpClient-1-2] DEBUG o.a.netty.channel.ChannelManager - Adding key: http://localhost:59812 for channel [id: 0x99f4d53f, L:/127.0.0.1:64356 - R:localhost/127.0.0.1:59812]
16:11:02.659 [Forwarding isElementDisplayed on session bc383e5e94e30eec175c12ba93bd2883 to remote] DEBUG o.a.netty.request.NettyRequestSender - Using pooled Channel '[id: 0x99f4d53f, L:/127.0.0.1:64356 - R:localhost/127.0.0.1:59812]' for 'POST' to 'http://localhost:59812/session/bc383e5e94e30eec175c12ba93bd2883/execute/sync'
16:11:02.659 [Forwarding isElementDisplayed on session bc383e5e94e30eec175c12ba93bd2883 to remote] DEBUG o.a.netty.request.NettyRequestSender - Using open Channel [id: 0x99f4d53f, L:/127.0.0.1:64356 - R:localhost/127.0.0.1:59812] for POST '/session/bc383e5e94e30eec175c12ba93bd2883/execute/sync'
16:11:02.665 [AsyncHttpClient-1-2] DEBUG o.a.netty.handler.HttpHandler - 

Request DefaultHttpRequest(decodeResult: success, version: HTTP/1.1)
POST /session/bc383e5e94e30eec175c12ba93bd2883/execute/sync HTTP/1.1
User-Agent: selenium/4.1.2 (java windows)
Content-Length: 48780
Content-Type: application/json; charset=utf-8
host: localhost:59812
accept: */*

Response DefaultHttpResponse(decodeResult: success, version: HTTP/1.1)
HTTP/1.1 200 OK
Content-Type: application/json; charset=utf-8
cache-control: no-cache
content-length: 14

16:11:02.665 [AsyncHttpClient-1-2] DEBUG o.a.netty.channel.ChannelManager - Adding key: http://localhost:59812 for channel [id: 0x99f4d53f, L:/127.0.0.1:64356 - R:localhost/127.0.0.1:59812]
16:11:02.666 [Forwarding getElementText on session bc383e5e94e30eec175c12ba93bd2883 to remote] DEBUG o.a.netty.request.NettyRequestSender - Using pooled Channel '[id: 0x99f4d53f, L:/127.0.0.1:64356 - R:localhost/127.0.0.1:59812]' for 'GET' to 'http://localhost:59812/session/bc383e5e94e30eec175c12ba93bd2883/element/934b60ee-71ce-4e3b-b65d-f7b49ff19689/text'
16:11:02.666 [Forwarding getElementText on session bc383e5e94e30eec175c12ba93bd2883 to remote] DEBUG o.a.netty.request.NettyRequestSender - Using open Channel [id: 0x99f4d53f, L:/127.0.0.1:64356 - R:localhost/127.0.0.1:59812] for GET '/session/bc383e5e94e30eec175c12ba93bd2883/element/934b60ee-71ce-4e3b-b65d-f7b49ff19689/text'
16:11:02.675 [AsyncHttpClient-1-2] DEBUG o.a.netty.handler.HttpHandler - 

Request DefaultFullHttpRequest(decodeResult: success, version: HTTP/1.1, content: EmptyByteBufBE)
GET /session/bc383e5e94e30eec175c12ba93bd2883/element/934b60ee-71ce-4e3b-b65d-f7b49ff19689/text HTTP/1.1
User-Agent: selenium/4.1.2 (java windows)
Cache-Control: no-cache
Content-Type: application/json; charset=utf-8
host: localhost:59812
accept: */*

Response DefaultHttpResponse(decodeResult: success, version: HTTP/1.1)
HTTP/1.1 200 OK
Content-Type: application/json; charset=utf-8
cache-control: no-cache
content-length: 59

16:11:02.675 [AsyncHttpClient-1-2] DEBUG o.a.netty.channel.ChannelManager - Adding key: http://localhost:59812 for channel [id: 0x99f4d53f, L:/127.0.0.1:64356 - R:localhost/127.0.0.1:59812]
16:11:03.551 [AsyncHttpClient-1-1] DEBUG o.a.netty.channel.DefaultChannelPool - Entry count for : http://localhost:59812 : 1
16:11:03.551 [AsyncHttpClient-1-1] DEBUG o.a.netty.channel.DefaultChannelPool - Entry count for : http://localhost:64357 : 1
16:11:04.655 [AsyncHttpClient-1-1] DEBUG o.a.netty.channel.DefaultChannelPool - Entry count for : http://localhost:59812 : 1
16:11:04.655 [AsyncHttpClient-1-1] DEBUG o.a.netty.channel.DefaultChannelPool - Entry count for : http://localhost:64357 : 1
16:11:05.754 [AsyncHttpClient-1-1] DEBUG o.a.netty.channel.DefaultChannelPool - Entry count for : http://localhost:59812 : 1
16:11:05.754 [AsyncHttpClient-1-1] DEBUG o.a.netty.channel.DefaultChannelPool - Entry count for : http://localhost:64357 : 1
16:11:06.695 [Forwarding findElement on session bc383e5e94e30eec175c12ba93bd2883 to remote] DEBUG o.a.netty.request.NettyRequestSender - Using pooled Channel '[id: 0x99f4d53f, L:/127.0.0.1:64356 - R:localhost/127.0.0.1:59812]' for 'POST' to 'http://localhost:59812/session/bc383e5e94e30eec175c12ba93bd2883/element'
16:11:06.695 [Forwarding findElement on session bc383e5e94e30eec175c12ba93bd2883 to remote] DEBUG o.a.netty.request.NettyRequestSender - Using open Channel [id: 0x99f4d53f, L:/127.0.0.1:64356 - R:localhost/127.0.0.1:59812] for POST '/session/bc383e5e94e30eec175c12ba93bd2883/element'
16:11:06.695 [AsyncHttpClient-1-2] DEBUG o.a.netty.handler.HttpHandler - 

Request DefaultHttpRequest(decodeResult: success, version: HTTP/1.1)
POST /session/bc383e5e94e30eec175c12ba93bd2883/element HTTP/1.1
User-Agent: selenium/4.1.2 (java windows)
Content-Length: 128
Content-Type: application/json; charset=utf-8
host: localhost:59812
accept: */*

Response DefaultHttpResponse(decodeResult: success, version: HTTP/1.1)
HTTP/1.1 200 OK
Content-Type: application/json; charset=utf-8
cache-control: no-cache
content-length: 88

16:11:06.695 [AsyncHttpClient-1-2] DEBUG o.a.netty.channel.ChannelManager - Adding key: http://localhost:59812 for channel [id: 0x99f4d53f, L:/127.0.0.1:64356 - R:localhost/127.0.0.1:59812]
16:11:06.701 [Forwarding sendKeysToElement on session bc383e5e94e30eec175c12ba93bd2883 to remote] DEBUG o.a.netty.request.NettyRequestSender - Using pooled Channel '[id: 0x99f4d53f, L:/127.0.0.1:64356 - R:localhost/127.0.0.1:59812]' for 'POST' to 'http://localhost:59812/session/bc383e5e94e30eec175c12ba93bd2883/element/6c7150a9-2b7d-461e-9a76-9f131c1e71ba/value'
16:11:06.701 [Forwarding sendKeysToElement on session bc383e5e94e30eec175c12ba93bd2883 to remote] DEBUG o.a.netty.request.NettyRequestSender - Using open Channel [id: 0x99f4d53f, L:/127.0.0.1:64356 - R:localhost/127.0.0.1:59812] for POST '/session/bc383e5e94e30eec175c12ba93bd2883/element/6c7150a9-2b7d-461e-9a76-9f131c1e71ba/value'
16:11:06.715 [AsyncHttpClient-1-2] DEBUG o.a.netty.handler.HttpHandler - 

Request DefaultHttpRequest(decodeResult: success, version: HTTP/1.1)
POST /session/bc383e5e94e30eec175c12ba93bd2883/element/6c7150a9-2b7d-461e-9a76-9f131c1e71ba/value HTTP/1.1
User-Agent: selenium/4.1.2 (java windows)
Content-Length: 82
Content-Type: application/json; charset=utf-8
host: localhost:59812
accept: */*

Response DefaultHttpResponse(decodeResult: success, version: HTTP/1.1)
HTTP/1.1 200 OK
Content-Type: application/json; charset=utf-8
cache-control: no-cache
content-length: 14

16:11:06.715 [AsyncHttpClient-1-2] DEBUG o.a.netty.channel.ChannelManager - Adding key: http://localhost:59812 for channel [id: 0x99f4d53f, L:/127.0.0.1:64356 - R:localhost/127.0.0.1:59812]
16:11:06.715 [Forwarding findElement on session bc383e5e94e30eec175c12ba93bd2883 to remote] DEBUG o.a.netty.request.NettyRequestSender - Using pooled Channel '[id: 0x99f4d53f, L:/127.0.0.1:64356 - R:localhost/127.0.0.1:59812]' for 'POST' to 'http://localhost:59812/session/bc383e5e94e30eec175c12ba93bd2883/element'
16:11:06.715 [Forwarding findElement on session bc383e5e94e30eec175c12ba93bd2883 to remote] DEBUG o.a.netty.request.NettyRequestSender - Using open Channel [id: 0x99f4d53f, L:/127.0.0.1:64356 - R:localhost/127.0.0.1:59812] for POST '/session/bc383e5e94e30eec175c12ba93bd2883/element'
16:11:06.721 [AsyncHttpClient-1-2] DEBUG o.a.netty.handler.HttpHandler - 

Request DefaultHttpRequest(decodeResult: success, version: HTTP/1.1)
POST /session/bc383e5e94e30eec175c12ba93bd2883/element HTTP/1.1
User-Agent: selenium/4.1.2 (java windows)
Content-Length: 132
Content-Type: application/json; charset=utf-8
host: localhost:59812
accept: */*

Response DefaultHttpResponse(decodeResult: success, version: HTTP/1.1)
HTTP/1.1 200 OK
Content-Type: application/json; charset=utf-8
cache-control: no-cache
content-length: 88

16:11:06.721 [AsyncHttpClient-1-2] DEBUG o.a.netty.channel.ChannelManager - Adding key: http://localhost:59812 for channel [id: 0x99f4d53f, L:/127.0.0.1:64356 - R:localhost/127.0.0.1:59812]
16:11:06.722 [Forwarding sendKeysToElement on session bc383e5e94e30eec175c12ba93bd2883 to remote] DEBUG o.a.netty.request.NettyRequestSender - Using pooled Channel '[id: 0x99f4d53f, L:/127.0.0.1:64356 - R:localhost/127.0.0.1:59812]' for 'POST' to 'http://localhost:59812/session/bc383e5e94e30eec175c12ba93bd2883/element/538240f8-626f-4c74-a9b4-d34ae33f1bc1/value'
16:11:06.722 [Forwarding sendKeysToElement on session bc383e5e94e30eec175c12ba93bd2883 to remote] DEBUG o.a.netty.request.NettyRequestSender - Using open Channel [id: 0x99f4d53f, L:/127.0.0.1:64356 - R:localhost/127.0.0.1:59812] for POST '/session/bc383e5e94e30eec175c12ba93bd2883/element/538240f8-626f-4c74-a9b4-d34ae33f1bc1/value'
16:11:06.748 [AsyncHttpClient-1-2] DEBUG o.a.netty.handler.HttpHandler - 

Request DefaultHttpRequest(decodeResult: success, version: HTTP/1.1)
POST /session/bc383e5e94e30eec175c12ba93bd2883/element/538240f8-626f-4c74-a9b4-d34ae33f1bc1/value HTTP/1.1
User-Agent: selenium/4.1.2 (java windows)
Content-Length: 82
Content-Type: application/json; charset=utf-8
host: localhost:59812
accept: */*

Response DefaultHttpResponse(decodeResult: success, version: HTTP/1.1)
HTTP/1.1 200 OK
Content-Type: application/json; charset=utf-8
cache-control: no-cache
content-length: 14

16:11:06.748 [AsyncHttpClient-1-2] DEBUG o.a.netty.channel.ChannelManager - Adding key: http://localhost:59812 for channel [id: 0x99f4d53f, L:/127.0.0.1:64356 - R:localhost/127.0.0.1:59812]
16:11:06.750 [Forwarding findElement on session bc383e5e94e30eec175c12ba93bd2883 to remote] DEBUG o.a.netty.request.NettyRequestSender - Using pooled Channel '[id: 0x99f4d53f, L:/127.0.0.1:64356 - R:localhost/127.0.0.1:59812]' for 'POST' to 'http://localhost:59812/session/bc383e5e94e30eec175c12ba93bd2883/element'
16:11:06.750 [Forwarding findElement on session bc383e5e94e30eec175c12ba93bd2883 to remote] DEBUG o.a.netty.request.NettyRequestSender - Using open Channel [id: 0x99f4d53f, L:/127.0.0.1:64356 - R:localhost/127.0.0.1:59812] for POST '/session/bc383e5e94e30eec175c12ba93bd2883/element'
16:11:06.754 [AsyncHttpClient-1-2] DEBUG o.a.netty.handler.HttpHandler - 

Request DefaultHttpRequest(decodeResult: success, version: HTTP/1.1)
POST /session/bc383e5e94e30eec175c12ba93bd2883/element HTTP/1.1
User-Agent: selenium/4.1.2 (java windows)
Content-Length: 125
Content-Type: application/json; charset=utf-8
host: localhost:59812
accept: */*

Response DefaultHttpResponse(decodeResult: success, version: HTTP/1.1)
HTTP/1.1 200 OK
Content-Type: application/json; charset=utf-8
cache-control: no-cache
content-length: 88

16:11:06.754 [AsyncHttpClient-1-2] DEBUG o.a.netty.channel.ChannelManager - Adding key: http://localhost:59812 for channel [id: 0x99f4d53f, L:/127.0.0.1:64356 - R:localhost/127.0.0.1:59812]
16:11:06.756 [Forwarding clickElement on session bc383e5e94e30eec175c12ba93bd2883 to remote] DEBUG o.a.netty.request.NettyRequestSender - Using pooled Channel '[id: 0x99f4d53f, L:/127.0.0.1:64356 - R:localhost/127.0.0.1:59812]' for 'POST' to 'http://localhost:59812/session/bc383e5e94e30eec175c12ba93bd2883/element/c961be96-73fc-4b45-a63b-6dbecb7ae95c/click'
16:11:06.756 [Forwarding clickElement on session bc383e5e94e30eec175c12ba93bd2883 to remote] DEBUG o.a.netty.request.NettyRequestSender - Using open Channel [id: 0x99f4d53f, L:/127.0.0.1:64356 - R:localhost/127.0.0.1:59812] for POST '/session/bc383e5e94e30eec175c12ba93bd2883/element/c961be96-73fc-4b45-a63b-6dbecb7ae95c/click'
16:11:06.798 [AsyncHttpClient-1-2] DEBUG o.a.netty.handler.HttpHandler - 

Request DefaultHttpRequest(decodeResult: success, version: HTTP/1.1)
POST /session/bc383e5e94e30eec175c12ba93bd2883/element/c961be96-73fc-4b45-a63b-6dbecb7ae95c/click HTTP/1.1
User-Agent: selenium/4.1.2 (java windows)
Content-Length: 50
Content-Type: application/json; charset=utf-8
host: localhost:59812
accept: */*

Response DefaultHttpResponse(decodeResult: success, version: HTTP/1.1)
HTTP/1.1 200 OK
Content-Type: application/json; charset=utf-8
cache-control: no-cache
content-length: 14

16:11:06.798 [AsyncHttpClient-1-2] DEBUG o.a.netty.channel.ChannelManager - Adding key: http://localhost:59812 for channel [id: 0x99f4d53f, L:/127.0.0.1:64356 - R:localhost/127.0.0.1:59812]
16:11:06.799 [Forwarding findElement on session bc383e5e94e30eec175c12ba93bd2883 to remote] DEBUG o.a.netty.request.NettyRequestSender - Using pooled Channel '[id: 0x99f4d53f, L:/127.0.0.1:64356 - R:localhost/127.0.0.1:59812]' for 'POST' to 'http://localhost:59812/session/bc383e5e94e30eec175c12ba93bd2883/element'
16:11:06.799 [Forwarding findElement on session bc383e5e94e30eec175c12ba93bd2883 to remote] DEBUG o.a.netty.request.NettyRequestSender - Using open Channel [id: 0x99f4d53f, L:/127.0.0.1:64356 - R:localhost/127.0.0.1:59812] for POST '/session/bc383e5e94e30eec175c12ba93bd2883/element'
16:11:06.805 [AsyncHttpClient-1-2] DEBUG o.a.netty.handler.HttpHandler - 

Request DefaultHttpRequest(decodeResult: success, version: HTTP/1.1)
POST /session/bc383e5e94e30eec175c12ba93bd2883/element HTTP/1.1
User-Agent: selenium/4.1.2 (java windows)
Content-Length: 75
Content-Type: application/json; charset=utf-8
host: localhost:59812
accept: */*

Response DefaultHttpResponse(decodeResult: success, version: HTTP/1.1)
HTTP/1.1 200 OK
Content-Type: application/json; charset=utf-8
cache-control: no-cache
content-length: 88

16:11:06.805 [AsyncHttpClient-1-2] DEBUG o.a.netty.channel.ChannelManager - Adding key: http://localhost:59812 for channel [id: 0x99f4d53f, L:/127.0.0.1:64356 - R:localhost/127.0.0.1:59812]
16:11:06.808 [Forwarding isElementDisplayed on session bc383e5e94e30eec175c12ba93bd2883 to remote] DEBUG o.a.netty.request.NettyRequestSender - Using pooled Channel '[id: 0x99f4d53f, L:/127.0.0.1:64356 - R:localhost/127.0.0.1:59812]' for 'POST' to 'http://localhost:59812/session/bc383e5e94e30eec175c12ba93bd2883/execute/sync'
16:11:06.808 [Forwarding isElementDisplayed on session bc383e5e94e30eec175c12ba93bd2883 to remote] DEBUG o.a.netty.request.NettyRequestSender - Using open Channel [id: 0x99f4d53f, L:/127.0.0.1:64356 - R:localhost/127.0.0.1:59812] for POST '/session/bc383e5e94e30eec175c12ba93bd2883/execute/sync'
16:11:06.816 [AsyncHttpClient-1-2] DEBUG o.a.netty.handler.HttpHandler - 

Request DefaultHttpRequest(decodeResult: success, version: HTTP/1.1)
POST /session/bc383e5e94e30eec175c12ba93bd2883/execute/sync HTTP/1.1
User-Agent: selenium/4.1.2 (java windows)
Content-Length: 48780
Content-Type: application/json; charset=utf-8
host: localhost:59812
accept: */*

Response DefaultHttpResponse(decodeResult: success, version: HTTP/1.1)
HTTP/1.1 200 OK
Content-Type: application/json; charset=utf-8
cache-control: no-cache
content-length: 15

16:11:06.816 [AsyncHttpClient-1-2] DEBUG o.a.netty.channel.ChannelManager - Adding key: http://localhost:59812 for channel [id: 0x99f4d53f, L:/127.0.0.1:64356 - R:localhost/127.0.0.1:59812]
16:11:06.855 [AsyncHttpClient-1-1] DEBUG o.a.netty.channel.DefaultChannelPool - Entry count for : http://localhost:59812 : 1
16:11:06.855 [AsyncHttpClient-1-1] DEBUG o.a.netty.channel.DefaultChannelPool - Entry count for : http://localhost:64357 : 1
16:11:07.317 [Forwarding findElement on session bc383e5e94e30eec175c12ba93bd2883 to remote] DEBUG o.a.netty.request.NettyRequestSender - Using pooled Channel '[id: 0x99f4d53f, L:/127.0.0.1:64356 - R:localhost/127.0.0.1:59812]' for 'POST' to 'http://localhost:59812/session/bc383e5e94e30eec175c12ba93bd2883/element'
16:11:07.317 [Forwarding findElement on session bc383e5e94e30eec175c12ba93bd2883 to remote] DEBUG o.a.netty.request.NettyRequestSender - Using open Channel [id: 0x99f4d53f, L:/127.0.0.1:64356 - R:localhost/127.0.0.1:59812] for POST '/session/bc383e5e94e30eec175c12ba93bd2883/element'
16:11:07.322 [AsyncHttpClient-1-2] DEBUG o.a.netty.handler.HttpHandler - 

Request DefaultHttpRequest(decodeResult: success, version: HTTP/1.1)
POST /session/bc383e5e94e30eec175c12ba93bd2883/element HTTP/1.1
User-Agent: selenium/4.1.2 (java windows)
Content-Length: 75
Content-Type: application/json; charset=utf-8
host: localhost:59812
accept: */*

Response DefaultHttpResponse(decodeResult: success, version: HTTP/1.1)
HTTP/1.1 200 OK
Content-Type: application/json; charset=utf-8
cache-control: no-cache
content-length: 88

16:11:07.322 [AsyncHttpClient-1-2] DEBUG o.a.netty.channel.ChannelManager - Adding key: http://localhost:59812 for channel [id: 0x99f4d53f, L:/127.0.0.1:64356 - R:localhost/127.0.0.1:59812]
16:11:07.324 [Forwarding isElementDisplayed on session bc383e5e94e30eec175c12ba93bd2883 to remote] DEBUG o.a.netty.request.NettyRequestSender - Using pooled Channel '[id: 0x99f4d53f, L:/127.0.0.1:64356 - R:localhost/127.0.0.1:59812]' for 'POST' to 'http://localhost:59812/session/bc383e5e94e30eec175c12ba93bd2883/execute/sync'
16:11:07.324 [Forwarding isElementDisplayed on session bc383e5e94e30eec175c12ba93bd2883 to remote] DEBUG o.a.netty.request.NettyRequestSender - Using open Channel [id: 0x99f4d53f, L:/127.0.0.1:64356 - R:localhost/127.0.0.1:59812] for POST '/session/bc383e5e94e30eec175c12ba93bd2883/execute/sync'
16:11:07.330 [AsyncHttpClient-1-2] DEBUG o.a.netty.handler.HttpHandler - 

Request DefaultHttpRequest(decodeResult: success, version: HTTP/1.1)
POST /session/bc383e5e94e30eec175c12ba93bd2883/execute/sync HTTP/1.1
User-Agent: selenium/4.1.2 (java windows)
Content-Length: 48780
Content-Type: application/json; charset=utf-8
host: localhost:59812
accept: */*

Response DefaultHttpResponse(decodeResult: success, version: HTTP/1.1)
HTTP/1.1 200 OK
Content-Type: application/json; charset=utf-8
cache-control: no-cache
content-length: 14

16:11:07.330 [AsyncHttpClient-1-2] DEBUG o.a.netty.channel.ChannelManager - Adding key: http://localhost:59812 for channel [id: 0x99f4d53f, L:/127.0.0.1:64356 - R:localhost/127.0.0.1:59812]
16:11:07.331 [Forwarding getElementText on session bc383e5e94e30eec175c12ba93bd2883 to remote] DEBUG o.a.netty.request.NettyRequestSender - Using pooled Channel '[id: 0x99f4d53f, L:/127.0.0.1:64356 - R:localhost/127.0.0.1:59812]' for 'GET' to 'http://localhost:59812/session/bc383e5e94e30eec175c12ba93bd2883/element/ed1812ad-4bba-4cf9-a1e2-3255a3fcaaab/text'
16:11:07.331 [Forwarding getElementText on session bc383e5e94e30eec175c12ba93bd2883 to remote] DEBUG o.a.netty.request.NettyRequestSender - Using open Channel [id: 0x99f4d53f, L:/127.0.0.1:64356 - R:localhost/127.0.0.1:59812] for GET '/session/bc383e5e94e30eec175c12ba93bd2883/element/ed1812ad-4bba-4cf9-a1e2-3255a3fcaaab/text'
16:11:07.340 [AsyncHttpClient-1-2] DEBUG o.a.netty.handler.HttpHandler - 

Request DefaultFullHttpRequest(decodeResult: success, version: HTTP/1.1, content: EmptyByteBufBE)
GET /session/bc383e5e94e30eec175c12ba93bd2883/element/ed1812ad-4bba-4cf9-a1e2-3255a3fcaaab/text HTTP/1.1
User-Agent: selenium/4.1.2 (java windows)
Cache-Control: no-cache
Content-Type: application/json; charset=utf-8
host: localhost:59812
accept: */*

Response DefaultHttpResponse(decodeResult: success, version: HTTP/1.1)
HTTP/1.1 200 OK
Content-Type: application/json; charset=utf-8
cache-control: no-cache
content-length: 59

16:11:07.340 [AsyncHttpClient-1-2] DEBUG o.a.netty.channel.ChannelManager - Adding key: http://localhost:59812 for channel [id: 0x99f4d53f, L:/127.0.0.1:64356 - R:localhost/127.0.0.1:59812]
16:11:07.958 [AsyncHttpClient-1-1] DEBUG o.a.netty.channel.DefaultChannelPool - Entry count for : http://localhost:59812 : 1
16:11:07.958 [AsyncHttpClient-1-1] DEBUG o.a.netty.channel.DefaultChannelPool - Entry count for : http://localhost:64357 : 1
16:11:09.055 [AsyncHttpClient-1-1] DEBUG o.a.netty.channel.DefaultChannelPool - Entry count for : http://localhost:59812 : 1
16:11:09.055 [AsyncHttpClient-1-1] DEBUG o.a.netty.channel.DefaultChannelPool - Entry count for : http://localhost:64357 : 1
  &amp#27;[32mWhen &amp#27;[0m&amp#27;[32muser login using invalid credentials form ExcelData with File &amp#27;[0m&amp#27;[32m&amp#27;[1m"InvalidUserCredentials"&amp#27;[0m&amp#27;[32m and SheetName &amp#27;[0m&amp#27;[32m&amp#27;[1m"InvalidUserCredentials"&amp#27;[0m &amp#27;[90m# stepdefinitions.LoginPageSteps.user_login_using_invalid_credentials_form_excel_data_with_file_and_sheet_name(java.lang.String,java.lang.String)&amp#27;[0m
16:11:09.345 [Forwarding getTitle on session bc383e5e94e30eec175c12ba93bd2883 to remote] DEBUG o.a.netty.request.NettyRequestSender - Using pooled Channel '[id: 0x99f4d53f, L:/127.0.0.1:64356 - R:localhost/127.0.0.1:59812]' for 'GET' to 'http://localhost:59812/session/bc383e5e94e30eec175c12ba93bd2883/title'
16:11:09.345 [Forwarding getTitle on session bc383e5e94e30eec175c12ba93bd2883 to remote] DEBUG o.a.netty.request.NettyRequestSender - Using open Channel [id: 0x99f4d53f, L:/127.0.0.1:64356 - R:localhost/127.0.0.1:59812] for GET '/session/bc383e5e94e30eec175c12ba93bd2883/title'
16:11:09.345 [AsyncHttpClient-1-2] DEBUG o.a.netty.handler.HttpHandler - 

Request DefaultFullHttpRequest(decodeResult: success, version: HTTP/1.1, content: EmptyByteBufBE)
GET /session/bc383e5e94e30eec175c12ba93bd2883/title HTTP/1.1
User-Agent: selenium/4.1.2 (java windows)
Cache-Control: no-cache
Content-Type: application/json; charset=utf-8
host: localhost:59812
accept: */*

Response DefaultHttpResponse(decodeResult: success, version: HTTP/1.1)
HTTP/1.1 200 OK
Content-Type: application/json; charset=utf-8
cache-control: no-cache
content-length: 22

16:11:09.345 [AsyncHttpClient-1-2] DEBUG o.a.netty.channel.ChannelManager - Adding key: http://localhost:59812 for channel [id: 0x99f4d53f, L:/127.0.0.1:64356 - R:localhost/127.0.0.1:59812]
16:11:09.345 [Forwarding getTitle on session bc383e5e94e30eec175c12ba93bd2883 to remote] DEBUG o.a.netty.request.NettyRequestSender - Using pooled Channel '[id: 0x99f4d53f, L:/127.0.0.1:64356 - R:localhost/127.0.0.1:59812]' for 'GET' to 'http://localhost:59812/session/bc383e5e94e30eec175c12ba93bd2883/title'
16:11:09.345 [Forwarding getTitle on session bc383e5e94e30eec175c12ba93bd2883 to remote] DEBUG o.a.netty.request.NettyRequestSender - Using open Channel [id: 0x99f4d53f, L:/127.0.0.1:64356 - R:localhost/127.0.0.1:59812] for GET '/session/bc383e5e94e30eec175c12ba93bd2883/title'
16:11:09.353 [AsyncHttpClient-1-2] DEBUG o.a.netty.handler.HttpHandler - 

Request DefaultFullHttpRequest(decodeResult: success, version: HTTP/1.1, content: EmptyByteBufBE)
GET /session/bc383e5e94e30eec175c12ba93bd2883/title HTTP/1.1
User-Agent: selenium/4.1.2 (java windows)
Cache-Control: no-cache
Content-Type: application/json; charset=utf-8
host: localhost:59812
accept: */*

Response DefaultHttpResponse(decodeResult: success, version: HTTP/1.1)
HTTP/1.1 200 OK
Content-Type: application/json; charset=utf-8
cache-control: no-cache
content-length: 22

16:11:09.353 [AsyncHttpClient-1-2] DEBUG o.a.netty.channel.ChannelManager - Adding key: http://localhost:59812 for channel [id: 0x99f4d53f, L:/127.0.0.1:64356 - R:localhost/127.0.0.1:59812]
16:11:10.151 [AsyncHttpClient-1-1] DEBUG o.a.netty.channel.DefaultChannelPool - Entry count for : http://localhost:59812 : 1
16:11:10.151 [AsyncHttpClient-1-1] DEBUG o.a.netty.channel.DefaultChannelPool - Entry count for : http://localhost:64357 : 1
16:11:11.258 [AsyncHttpClient-1-1] DEBUG o.a.netty.channel.DefaultChannelPool - Entry count for : http://localhost:59812 : 1
16:11:11.258 [AsyncHttpClient-1-1] DEBUG o.a.netty.channel.DefaultChannelPool - Entry count for : http://localhost:64357 : 1
16:11:12.353 [AsyncHttpClient-1-1] DEBUG o.a.netty.channel.DefaultChannelPool - Entry count for : http://localhost:59812 : 1
16:11:12.353 [AsyncHttpClient-1-1] DEBUG o.a.netty.channel.DefaultChannelPool - Entry count for : http://localhost:64357 : 1
16:11:13.452 [AsyncHttpClient-1-1] DEBUG o.a.netty.channel.DefaultChannelPool - Entry count for : http://localhost:59812 : 1
16:11:13.452 [AsyncHttpClient-1-1] DEBUG o.a.netty.channel.DefaultChannelPool - Entry count for : http://localhost:64357 : 1
16:11:14.362 [Forwarding findElement on session bc383e5e94e30eec175c12ba93bd2883 to remote] DEBUG o.a.netty.request.NettyRequestSender - Using pooled Channel '[id: 0x99f4d53f, L:/127.0.0.1:64356 - R:localhost/127.0.0.1:59812]' for 'POST' to 'http://localhost:59812/session/bc383e5e94e30eec175c12ba93bd2883/element'
16:11:14.362 [Forwarding findElement on session bc383e5e94e30eec175c12ba93bd2883 to remote] DEBUG o.a.netty.request.NettyRequestSender - Using open Channel [id: 0x99f4d53f, L:/127.0.0.1:64356 - R:localhost/127.0.0.1:59812] for POST '/session/bc383e5e94e30eec175c12ba93bd2883/element'
16:11:14.370 [AsyncHttpClient-1-2] DEBUG o.a.netty.handler.HttpHandler - 

Request DefaultHttpRequest(decodeResult: success, version: HTTP/1.1)
POST /session/bc383e5e94e30eec175c12ba93bd2883/element HTTP/1.1
User-Agent: selenium/4.1.2 (java windows)
Content-Length: 75
Content-Type: application/json; charset=utf-8
host: localhost:59812
accept: */*

Response DefaultHttpResponse(decodeResult: success, version: HTTP/1.1)
HTTP/1.1 200 OK
Content-Type: application/json; charset=utf-8
cache-control: no-cache
content-length: 88

16:11:14.370 [AsyncHttpClient-1-2] DEBUG o.a.netty.channel.ChannelManager - Adding key: http://localhost:59812 for channel [id: 0x99f4d53f, L:/127.0.0.1:64356 - R:localhost/127.0.0.1:59812]
16:11:14.373 [Forwarding isElementDisplayed on session bc383e5e94e30eec175c12ba93bd2883 to remote] DEBUG o.a.netty.request.NettyRequestSender - Using pooled Channel '[id: 0x99f4d53f, L:/127.0.0.1:64356 - R:localhost/127.0.0.1:59812]' for 'POST' to 'http://localhost:59812/session/bc383e5e94e30eec175c12ba93bd2883/execute/sync'
16:11:14.373 [Forwarding isElementDisplayed on session bc383e5e94e30eec175c12ba93bd2883 to remote] DEBUG o.a.netty.request.NettyRequestSender - Using open Channel [id: 0x99f4d53f, L:/127.0.0.1:64356 - R:localhost/127.0.0.1:59812] for POST '/session/bc383e5e94e30eec175c12ba93bd2883/execute/sync'
16:11:14.386 [AsyncHttpClient-1-2] DEBUG o.a.netty.handler.HttpHandler - 

Request DefaultHttpRequest(decodeResult: success, version: HTTP/1.1)
POST /session/bc383e5e94e30eec175c12ba93bd2883/execute/sync HTTP/1.1
User-Agent: selenium/4.1.2 (java windows)
Content-Length: 48780
Content-Type: application/json; charset=utf-8
host: localhost:59812
accept: */*

Response DefaultHttpResponse(decodeResult: success, version: HTTP/1.1)
HTTP/1.1 200 OK
Content-Type: application/json; charset=utf-8
cache-control: no-cache
content-length: 14

16:11:14.386 [AsyncHttpClient-1-2] DEBUG o.a.netty.channel.ChannelManager - Adding key: http://localhost:59812 for channel [id: 0x99f4d53f, L:/127.0.0.1:64356 - R:localhost/127.0.0.1:59812]
16:11:14.387 [Forwarding getElementText on session bc383e5e94e30eec175c12ba93bd2883 to remote] DEBUG o.a.netty.request.NettyRequestSender - Using pooled Channel '[id: 0x99f4d53f, L:/127.0.0.1:64356 - R:localhost/127.0.0.1:59812]' for 'GET' to 'http://localhost:59812/session/bc383e5e94e30eec175c12ba93bd2883/element/ed1812ad-4bba-4cf9-a1e2-3255a3fcaaab/text'
16:11:14.387 [Forwarding getElementText on session bc383e5e94e30eec175c12ba93bd2883 to remote] DEBUG o.a.netty.request.NettyRequestSender - Using open Channel [id: 0x99f4d53f, L:/127.0.0.1:64356 - R:localhost/127.0.0.1:59812] for GET '/session/bc383e5e94e30eec175c12ba93bd2883/element/ed1812ad-4bba-4cf9-a1e2-3255a3fcaaab/text'
16:11:14.395 [AsyncHttpClient-1-2] DEBUG o.a.netty.handler.HttpHandler - 

Request DefaultFullHttpRequest(decodeResult: success, version: HTTP/1.1, content: EmptyByteBufBE)
GET /session/bc383e5e94e30eec175c12ba93bd2883/element/ed1812ad-4bba-4cf9-a1e2-3255a3fcaaab/text HTTP/1.1
User-Agent: selenium/4.1.2 (java windows)
Cache-Control: no-cache
Content-Type: application/json; charset=utf-8
host: localhost:59812
accept: */*

Response DefaultHttpResponse(decodeResult: success, version: HTTP/1.1)
HTTP/1.1 200 OK
Content-Type: application/json; charset=utf-8
cache-control: no-cache
content-length: 59

16:11:14.395 [AsyncHttpClient-1-2] DEBUG o.a.netty.channel.ChannelManager - Adding key: http://localhost:59812 for channel [id: 0x99f4d53f, L:/127.0.0.1:64356 - R:localhost/127.0.0.1:59812]
16:11:14.563 [AsyncHttpClient-1-1] DEBUG o.a.netty.channel.DefaultChannelPool - Entry count for : http://localhost:59812 : 1
16:11:14.563 [AsyncHttpClient-1-1] DEBUG o.a.netty.channel.DefaultChannelPool - Entry count for : http://localhost:64357 : 1
16:11:15.652 [AsyncHttpClient-1-1] DEBUG o.a.netty.channel.DefaultChannelPool - Entry count for : http://localhost:59812 : 1
16:11:15.652 [AsyncHttpClient-1-1] DEBUG o.a.netty.channel.DefaultChannelPool - Entry count for : http://localhost:64357 : 1
  &amp#27;[32mThen &amp#27;[0m&amp#27;[32muser should not proceed to Dashboard Page&amp#27;[0m                                                                                     &amp#27;[90m# stepdefinitions.LoginPageSteps.user_should_not_proceed_to_dashboard_page()&amp#27;[0m
16:11:16.411 [Forwarding findElement on session bc383e5e94e30eec175c12ba93bd2883 to remote] DEBUG o.a.netty.request.NettyRequestSender - Using pooled Channel '[id: 0x99f4d53f, L:/127.0.0.1:64356 - R:localhost/127.0.0.1:59812]' for 'POST' to 'http://localhost:59812/session/bc383e5e94e30eec175c12ba93bd2883/element'
16:11:16.411 [Forwarding findElement on session bc383e5e94e30eec175c12ba93bd2883 to remote] DEBUG o.a.netty.request.NettyRequestSender - Using open Channel [id: 0x99f4d53f, L:/127.0.0.1:64356 - R:localhost/127.0.0.1:59812] for POST '/session/bc383e5e94e30eec175c12ba93bd2883/element'
16:11:16.416 [AsyncHttpClient-1-2] DEBUG o.a.netty.handler.HttpHandler - 

Request DefaultHttpRequest(decodeResult: success, version: HTTP/1.1)
POST /session/bc383e5e94e30eec175c12ba93bd2883/element HTTP/1.1
User-Agent: selenium/4.1.2 (java windows)
Content-Length: 75
Content-Type: application/json; charset=utf-8
host: localhost:59812
accept: */*

Response DefaultHttpResponse(decodeResult: success, version: HTTP/1.1)
HTTP/1.1 200 OK
Content-Type: application/json; charset=utf-8
cache-control: no-cache
content-length: 88

16:11:16.416 [AsyncHttpClient-1-2] DEBUG o.a.netty.channel.ChannelManager - Adding key: http://localhost:59812 for channel [id: 0x99f4d53f, L:/127.0.0.1:64356 - R:localhost/127.0.0.1:59812]
16:11:16.418 [Forwarding isElementDisplayed on session bc383e5e94e30eec175c12ba93bd2883 to remote] DEBUG o.a.netty.request.NettyRequestSender - Using pooled Channel '[id: 0x99f4d53f, L:/127.0.0.1:64356 - R:localhost/127.0.0.1:59812]' for 'POST' to 'http://localhost:59812/session/bc383e5e94e30eec175c12ba93bd2883/execute/sync'
16:11:16.418 [Forwarding isElementDisplayed on session bc383e5e94e30eec175c12ba93bd2883 to remote] DEBUG o.a.netty.request.NettyRequestSender - Using open Channel [id: 0x99f4d53f, L:/127.0.0.1:64356 - R:localhost/127.0.0.1:59812] for POST '/session/bc383e5e94e30eec175c12ba93bd2883/execute/sync'
16:11:16.427 [AsyncHttpClient-1-2] DEBUG o.a.netty.handler.HttpHandler - 

Request DefaultHttpRequest(decodeResult: success, version: HTTP/1.1)
POST /session/bc383e5e94e30eec175c12ba93bd2883/execute/sync HTTP/1.1
User-Agent: selenium/4.1.2 (java windows)
Content-Length: 48780
Content-Type: application/json; charset=utf-8
host: localhost:59812
accept: */*

Response DefaultHttpResponse(decodeResult: success, version: HTTP/1.1)
HTTP/1.1 200 OK
Content-Type: application/json; charset=utf-8
cache-control: no-cache
content-length: 14

16:11:16.427 [AsyncHttpClient-1-2] DEBUG o.a.netty.channel.ChannelManager - Adding key: http://localhost:59812 for channel [id: 0x99f4d53f, L:/127.0.0.1:64356 - R:localhost/127.0.0.1:59812]
16:11:16.428 [Forwarding getElementText on session bc383e5e94e30eec175c12ba93bd2883 to remote] DEBUG o.a.netty.request.NettyRequestSender - Using pooled Channel '[id: 0x99f4d53f, L:/127.0.0.1:64356 - R:localhost/127.0.0.1:59812]' for 'GET' to 'http://localhost:59812/session/bc383e5e94e30eec175c12ba93bd2883/element/ed1812ad-4bba-4cf9-a1e2-3255a3fcaaab/text'
16:11:16.428 [Forwarding getElementText on session bc383e5e94e30eec175c12ba93bd2883 to remote] DEBUG o.a.netty.request.NettyRequestSender - Using open Channel [id: 0x99f4d53f, L:/127.0.0.1:64356 - R:localhost/127.0.0.1:59812] for GET '/session/bc383e5e94e30eec175c12ba93bd2883/element/ed1812ad-4bba-4cf9-a1e2-3255a3fcaaab/text'
16:11:16.432 [AsyncHttpClient-1-2] DEBUG o.a.netty.handler.HttpHandler - 

Request DefaultFullHttpRequest(decodeResult: success, version: HTTP/1.1, content: EmptyByteBufBE)
GET /session/bc383e5e94e30eec175c12ba93bd2883/element/ed1812ad-4bba-4cf9-a1e2-3255a3fcaaab/text HTTP/1.1
User-Agent: selenium/4.1.2 (java windows)
Cache-Control: no-cache
Content-Type: application/json; charset=utf-8
host: localhost:59812
accept: */*

Response DefaultHttpResponse(decodeResult: success, version: HTTP/1.1)
HTTP/1.1 200 OK
Content-Type: application/json; charset=utf-8
cache-control: no-cache
content-length: 59

16:11:16.432 [AsyncHttpClient-1-2] DEBUG o.a.netty.channel.ChannelManager - Adding key: http://localhost:59812 for channel [id: 0x99f4d53f, L:/127.0.0.1:64356 - R:localhost/127.0.0.1:59812]
16:11:16.758 [AsyncHttpClient-1-1] DEBUG o.a.netty.channel.DefaultChannelPool - Entry count for : http://localhost:59812 : 1
16:11:16.758 [AsyncHttpClient-1-1] DEBUG o.a.netty.channel.DefaultChannelPool - Entry count for : http://localhost:64357 : 1
16:11:17.861 [AsyncHttpClient-1-1] DEBUG o.a.netty.channel.DefaultChannelPool - Entry count for : http://localhost:59812 : 1
16:11:17.861 [AsyncHttpClient-1-1] DEBUG o.a.netty.channel.DefaultChannelPool - Entry count for : http://localhost:64357 : 1
  &amp#27;[32mThen &amp#27;[0m&amp#27;[32muser gets login failed error message&amp#27;[0m                                                                                          &amp#27;[90m# stepdefinitions.LoginPageSteps.user_gets_login_failed_error_message()&amp#27;[0m
16:11:18.451 [Driver Command Executor] DEBUG o.a.netty.request.NettyRequestSender - Using pooled Channel '[id: 0x99f4d53f, L:/127.0.0.1:64356 - R:localhost/127.0.0.1:59812]' for 'DELETE' to 'http://localhost:59812/session/bc383e5e94e30eec175c12ba93bd2883'
16:11:18.451 [Driver Command Executor] DEBUG o.a.netty.request.NettyRequestSender - Using open Channel [id: 0x99f4d53f, L:/127.0.0.1:64356 - R:localhost/127.0.0.1:59812] for DELETE '/session/bc383e5e94e30eec175c12ba93bd2883'
16:11:18.451 [AsyncHttpClient-1-4] DEBUG o.a.netty.handler.WebSocketHandler - Channel Closed: [id: 0x6c942cee, L:/127.0.0.1:64365 ! R:localhost/127.0.0.1:64357] with attribute NettyResponseFuture{currentRetry=5,
	isDone=1,
	isCancelled=0,
	asyncHandler=org.asynchttpclient.ws.WebSocketUpgradeHandler@29e38a2e,
	nettyRequest=org.asynchttpclient.netty.request.NettyRequest@5074cf82,
	future=java.util.concurrent.CompletableFuture@5a7124a7[Completed normally],
	uri=ws://localhost:64357/devtools/browser/dc63cf2c-ac93-4158-8745-faf3b076dd11,
	keepAlive=true,
	redirectCount=0,
	timeoutsHolder=null,
	inAuth=0,
	touch=1648023044211}
16:11:18.451 [AsyncHttpClient-1-4] DEBUG o.a.netty.channel.ChannelManager - Closing Channel [id: 0x6c942cee, L:/127.0.0.1:64365 ! R:localhost/127.0.0.1:64357] 
16:11:18.471 [AsyncHttpClient-1-3] DEBUG o.a.netty.handler.HttpHandler - Unexpected I/O exception on channel [id: 0x48ed44ce, L:/127.0.0.1:64364 - R:localhost/127.0.0.1:64357]
java.net.SocketException: Connection reset
	at java.base/sun.nio.ch.SocketChannelImpl.throwConnectionReset(SocketChannelImpl.java:367) ~[na:na]
	at java.base/sun.nio.ch.SocketChannelImpl.read(SocketChannelImpl.java:398) ~[na:na]
	at io.netty.buffer.PooledByteBuf.setBytes(PooledByteBuf.java:253) ~[netty-buffer-4.1.70.Final.jar:4.1.70.Final]
	at io.netty.buffer.AbstractByteBuf.writeBytes(AbstractByteBuf.java:1132) ~[netty-buffer-4.1.70.Final.jar:4.1.70.Final]
	at io.netty.channel.socket.nio.NioSocketChannel.doReadBytes(NioSocketChannel.java:350) ~[netty-transport-4.1.70.Final.jar:4.1.70.Final]
	at io.netty.channel.nio.AbstractNioByteChannel$NioByteUnsafe.read(AbstractNioByteChannel.java:151) ~[netty-transport-4.1.70.Final.jar:4.1.70.Final]
	at io.netty.channel.nio.NioEventLoop.processSelectedKey(NioEventLoop.java:719) ~[netty-transport-4.1.70.Final.jar:4.1.70.Final]
	at io.netty.channel.nio.NioEventLoop.processSelectedKeysOptimized(NioEventLoop.java:655) ~[netty-transport-4.1.70.Final.jar:4.1.70.Final]
	at io.netty.channel.nio.NioEventLoop.processSelectedKeys(NioEventLoop.java:581) ~[netty-transport-4.1.70.Final.jar:4.1.70.Final]
	at io.netty.channel.nio.NioEventLoop.run(NioEventLoop.java:493) ~[netty-transport-4.1.70.Final.jar:4.1.70.Final]
	at io.netty.util.concurrent.SingleThreadEventExecutor$4.run(SingleThreadEventExecutor.java:986) ~[netty-common-4.1.70.Final.jar:4.1.70.Final]
	at io.netty.util.internal.ThreadExecutorMap$2.run(ThreadExecutorMap.java:74) ~[netty-common-4.1.70.Final.jar:4.1.70.Final]
	at io.netty.util.concurrent.FastThreadLocalRunnable.run(FastThreadLocalRunnable.java:30) ~[netty-common-4.1.70.Final.jar:4.1.70.Final]
	at java.base/java.lang.Thread.run(Thread.java:832) ~[na:na]
16:11:18.471 [AsyncHttpClient-1-3] DEBUG o.a.netty.channel.ChannelManager - Closing Channel [id: 0x48ed44ce, L:/127.0.0.1:64364 - R:localhost/127.0.0.1:64357] 
16:11:18.472 [AsyncHttpClient-1-3] DEBUG o.a.netty.handler.HttpHandler - Channel Closed: [id: 0x48ed44ce, L:/127.0.0.1:64364 ! R:localhost/127.0.0.1:64357] with attribute DISCARD
16:11:18.474 [AsyncHttpClient-1-2] DEBUG o.a.netty.handler.HttpHandler - 

Request DefaultFullHttpRequest(decodeResult: success, version: HTTP/1.1, content: EmptyByteBufBE)
DELETE /session/bc383e5e94e30eec175c12ba93bd2883 HTTP/1.1
User-Agent: selenium/4.1.2 (java windows)
Content-Type: application/json; charset=utf-8
host: localhost:59812
accept: */*

Response DefaultHttpResponse(decodeResult: success, version: HTTP/1.1)
HTTP/1.1 200 OK
Content-Type: application/json; charset=utf-8
cache-control: no-cache
content-length: 14

16:11:18.474 [AsyncHttpClient-1-2] DEBUG o.a.netty.channel.ChannelManager - Adding key: http://localhost:59812 for channel [id: 0x99f4d53f, L:/127.0.0.1:64356 - R:localhost/127.0.0.1:59812]
16:11:18.504 [AsyncHttpClient-1-2] DEBUG o.a.netty.handler.HttpHandler - Channel Closed: [id: 0x99f4d53f, L:/127.0.0.1:64356 ! R:localhost/127.0.0.1:59812] with attribute DISCARD
16:11:18.954 [AsyncHttpClient-1-1] DEBUG o.a.netty.channel.DefaultChannelPool - Entry count for : http://localhost:59812 : 1
16:11:18.954 [AsyncHttpClient-1-1] DEBUG o.a.netty.channel.DefaultChannelPool - Entry count for : http://localhost:64357 : 1
16:11:18.954 [AsyncHttpClient-1-1] DEBUG o.a.netty.channel.DefaultChannelPool - Adding Candidate expired Channel [id: 0x99f4d53f, L:/127.0.0.1:64356 ! R:localhost/127.0.0.1:59812] isIdleTimeoutExpired=false isRemotelyClosed=true isTtlExpired=false
16:11:18.954 [AsyncHttpClient-1-1] DEBUG o.a.netty.channel.DefaultChannelPool - Closing Idle Channel [id: 0x99f4d53f, L:/127.0.0.1:64356 ! R:localhost/127.0.0.1:59812]
16:11:18.954 [AsyncHttpClient-1-1] DEBUG o.a.netty.channel.DefaultChannelPool - Adding Candidate expired Channel [id: 0x48ed44ce, L:/127.0.0.1:64364 ! R:localhost/127.0.0.1:64357] isIdleTimeoutExpired=false isRemotelyClosed=true isTtlExpired=false
16:11:18.954 [AsyncHttpClient-1-1] DEBUG o.a.netty.channel.DefaultChannelPool - Closing Idle Channel [id: 0x48ed44ce, L:/127.0.0.1:64364 ! R:localhost/127.0.0.1:64357]
16:11:18.954 [AsyncHttpClient-1-1] DEBUG o.a.netty.channel.DefaultChannelPool - Closed 2 connections out of 2 in 0 ms
16:11:19.024 [main] INFO   - 
  _____   ___   ___   _____     ___     _     ___   ___   ___   ___  
 |_   _| | __| / __| |_   _|   | _ \   /_\   / __| / __| | __| |   \ 
   | |   | _|  \__ \   | |     |  _/  / _ \  \__ \ \__ \ | _|  | |) |
   |_|   |___| |___/   |_|     |_|   /_/ \_\ |___/ |___/ |___| |___/ 

Login fail possible combinations
----------------------------------------------------------------------
]]></system-out>
    <system-err><![CDATA[log4j:WARN No appenders could be found for logger (hooks.apphooks).
log4j:WARN Please initialize the log4j system properly.
log4j:WARN See http://logging.apache.org/log4j/1.2/faq.html#noconfig for more info.
Starting ChromeDriver 99.0.4844.51 (d537ec02474b5afe23684e7963d538896c63ac77-refs/branch-heads/4844@{#875}) on port 59812
Only local connections are allowed.
Please see https://chromedriver.chromium.org/security-considerations for suggestions on keeping ChromeDriver safe.
ChromeDriver was started successfully.
Mar 23, 2022 4:10:44 PM org.openqa.selenium.remote.ProtocolHandshake createSession
INFO: Detected dialect: W3C
Mar 23, 2022 4:10:44 PM org.openqa.selenium.devtools.CdpVersionFinder findNearestMatch
WARNING: Unable to find an exact match for CDP version 99, so returning the closest version found: 96
Mar 23, 2022 4:10:44 PM org.openqa.selenium.devtools.CdpVersionFinder findNearestMatch
INFO: Found CDP implementation for version 99 of 96
ERROR StatusLogger Log4j2 could not find a logging implementation. Please add log4j-core to the classpath. Using SimpleLogger to log to the console...
]]></system-err>
  </testcase>
  <testcase name="Login to PEGA Site using Author, Manager and User" classname="Validate And Verify Login Page to PEGA Site" time="27.255">
    <system-out><![CDATA[16:11:19.029 [main] INFO  i.c.core.plugin.SerenityReporter - Running feature from file:///Z:/Automation/JavaCucumber/BDD_HCL/CucumberHCL/src/main/resources/AppFeatures/ValidateAndVerifyLoginPage.feature
16:11:19.029 [main] WARN  i.c.core.plugin.SerenityReporter - Feature from file:///Z:/Automation/JavaCucumber/BDD_HCL/CucumberHCL/src/main/resources/AppFeatures/ValidateAndVerifyLoginPage.feature is not under the 'features' directory. Requirements report will not be correctly generated!
16:11:19.032 [main] DEBUG n.thucydides.core.steps.StepEventBus - Test suite started for story net.thucydides.core.model.Story@7f1849ba
16:11:19.032 [main] INFO   - Test Suite Started: Validate And Verify Login Page to PEGA Site

@All @Smoke @Test1
Scenario: Login to PEGA Site using Author, Manager and User                                            &amp#27;[90m# src/main/resources/AppFeatures/ValidateAndVerifyLoginPage.feature:19&amp#27;[0m
16:11:19.039 [main] INFO  i.c.core.plugin.SerenityReporter - Running feature from file:///Z:/Automation/JavaCucumber/BDD_HCL/CucumberHCL/src/main/resources/AppFeatures/ValidateAndVerifyLoginPage.feature
16:11:19.039 [main] WARN  i.c.core.plugin.SerenityReporter - Feature from file:///Z:/Automation/JavaCucumber/BDD_HCL/CucumberHCL/src/main/resources/AppFeatures/ValidateAndVerifyLoginPage.feature is not under the 'features' directory. Requirements report will not be correctly generated!
16:11:19.039 [main] INFO   - 
  _____   ___   ___   _____     ___   _____     _     ___   _____   ___   ___  
 |_   _| | __| / __| |_   _|   / __| |_   _|   /_\   | _ \ |_   _| | __| |   \ 
   | |   | _|  \__ \   | |     \__ \   | |    / _ \  |   /   | |   | _|  | |) |
   |_|   |___| |___/   |_|     |___/   |_|   /_/ \_\ |_|_\   |_|   |___| |___/ 

Login to PEGA Site using Author, Manager and User(validate-and-verify-login-page-to-pega-site;login-to-pega-site-using-author--manager-and-user)
--------------------------------------------------------------------------------
16:11:19.041 [main] DEBUG com.pages.drivers.DriversFactory - Initialize Driver Browser Configuration
16:11:19.041 [main] DEBUG com.pages.drivers.DriversFactory -  Driver Browser : chrome
16:11:19.049 [main] DEBUG i.g.bonigarcia.wdm.WebDriverManager - Driver chromedriver 99.0.4844.51 found in cache
16:11:19.051 [main] INFO  i.g.bonigarcia.wdm.WebDriverManager - Exporting webdriver.chrome.driver as C:\Users\DheyClaveria\.cache\selenium\chromedriver\win32\99.0.4844.51\chromedriver.exe
16:11:19.589 [AsyncHttpClient-1-5] DEBUG o.a.n.channel.NettyConnectListener - Using new Channel '[id: 0x75425258, L:/127.0.0.1:64388 - R:localhost/127.0.0.1:54858]' for 'POST' to '/session'
16:11:20.169 [AsyncHttpClient-1-5] DEBUG o.a.netty.handler.HttpHandler - 

Request DefaultHttpRequest(decodeResult: success, version: HTTP/1.1)
POST /session HTTP/1.1
User-Agent: selenium/4.1.2 (java windows)
Content-Length: 365
Content-Type: application/json; charset=utf-8
host: localhost:54858
accept: */*

Response DefaultHttpResponse(decodeResult: success, version: HTTP/1.1)
HTTP/1.1 200 OK
Content-Type: application/json; charset=utf-8
cache-control: no-cache
content-length: 794

16:11:20.169 [AsyncHttpClient-1-5] DEBUG o.a.netty.channel.ChannelManager - Adding key: http://localhost:54858 for channel [id: 0x75425258, L:/127.0.0.1:64388 - R:localhost/127.0.0.1:54858]
16:11:20.174 [AsyncHttpClient-1-6] DEBUG o.a.n.channel.NettyConnectListener - Using new Channel '[id: 0xe04c63b4, L:/127.0.0.1:64395 - R:localhost/127.0.0.1:64389]' for 'GET' to '/json/version'
16:11:20.179 [AsyncHttpClient-1-6] DEBUG o.a.netty.handler.HttpHandler - 

Request DefaultFullHttpRequest(decodeResult: success, version: HTTP/1.1, content: EmptyByteBufBE)
GET /json/version HTTP/1.1
User-Agent: selenium/4.1.2 (java windows)
host: localhost:64389
accept: */*

Response DefaultHttpResponse(decodeResult: success, version: HTTP/1.1)
HTTP/1.1 200 OK
Content-Type: application/json; charset=UTF-8
content-length: 423

16:11:20.179 [AsyncHttpClient-1-6] DEBUG o.a.netty.channel.ChannelManager - Adding key: http://localhost:64389 for channel [id: 0xe04c63b4, L:/127.0.0.1:64395 - R:localhost/127.0.0.1:64389]
16:11:20.179 [AsyncHttpClient-1-7] DEBUG o.a.n.channel.NettyConnectListener - Using new Channel '[id: 0x73aa1a0b, L:/127.0.0.1:64396 - R:localhost/127.0.0.1:64389]' for 'GET' to '/devtools/browser/6e66c193-daa3-4866-93a3-2d48031854b1'
16:11:20.184 [AsyncHttpClient-1-7] DEBUG o.a.netty.handler.WebSocketHandler - 

Request DefaultFullHttpRequest(decodeResult: success, version: HTTP/1.1, content: EmptyByteBufBE)
GET /devtools/browser/6e66c193-daa3-4866-93a3-2d48031854b1 HTTP/1.1
upgrade: websocket
connection: upgrade
sec-websocket-key: aJKVIzCj9TDcH4cg/u4KtA==
sec-websocket-version: 13
origin: http://localhost:64389
host: localhost:64389
accept: */*
user-agent: AHC/2.1

Response DefaultHttpResponse(decodeResult: success, version: HTTP/1.1)
HTTP/1.1 101 WebSocket Protocol Handshake
Upgrade: WebSocket
Connection: Upgrade
Sec-WebSocket-Accept: Gd/gBIj7CILzrAi14eAxQimW1JU=

16:11:20.184 [Forwarding deleteAllCookies on session c20b34dd165db8cfeed1d85cfa2ed28b to remote] DEBUG o.a.netty.request.NettyRequestSender - Using pooled Channel '[id: 0x75425258, L:/127.0.0.1:64388 - R:localhost/127.0.0.1:54858]' for 'DELETE' to 'http://localhost:54858/session/c20b34dd165db8cfeed1d85cfa2ed28b/cookie'
16:11:20.184 [Forwarding deleteAllCookies on session c20b34dd165db8cfeed1d85cfa2ed28b to remote] DEBUG o.a.netty.request.NettyRequestSender - Using open Channel [id: 0x75425258, L:/127.0.0.1:64388 - R:localhost/127.0.0.1:54858] for DELETE '/session/c20b34dd165db8cfeed1d85cfa2ed28b/cookie'
16:11:20.189 [AsyncHttpClient-1-5] DEBUG o.a.netty.handler.HttpHandler - 

Request DefaultFullHttpRequest(decodeResult: success, version: HTTP/1.1, content: EmptyByteBufBE)
DELETE /session/c20b34dd165db8cfeed1d85cfa2ed28b/cookie HTTP/1.1
User-Agent: selenium/4.1.2 (java windows)
Content-Type: application/json; charset=utf-8
host: localhost:54858
accept: */*

Response DefaultHttpResponse(decodeResult: success, version: HTTP/1.1)
HTTP/1.1 200 OK
Content-Type: application/json; charset=utf-8
cache-control: no-cache
content-length: 14

16:11:20.192 [AsyncHttpClient-1-5] DEBUG o.a.netty.channel.ChannelManager - Adding key: http://localhost:54858 for channel [id: 0x75425258, L:/127.0.0.1:64388 - R:localhost/127.0.0.1:54858]
16:11:20.192 [Forwarding maximizeCurrentWindow on session c20b34dd165db8cfeed1d85cfa2ed28b to remote] DEBUG o.a.netty.request.NettyRequestSender - Using pooled Channel '[id: 0x75425258, L:/127.0.0.1:64388 - R:localhost/127.0.0.1:54858]' for 'POST' to 'http://localhost:54858/session/c20b34dd165db8cfeed1d85cfa2ed28b/window/maximize'
16:11:20.192 [Forwarding maximizeCurrentWindow on session c20b34dd165db8cfeed1d85cfa2ed28b to remote] DEBUG o.a.netty.request.NettyRequestSender - Using open Channel [id: 0x75425258, L:/127.0.0.1:64388 - R:localhost/127.0.0.1:54858] for POST '/session/c20b34dd165db8cfeed1d85cfa2ed28b/window/maximize'
16:11:20.301 [AsyncHttpClient-1-5] DEBUG o.a.netty.handler.HttpHandler - 

Request DefaultHttpRequest(decodeResult: success, version: HTTP/1.1)
POST /session/c20b34dd165db8cfeed1d85cfa2ed28b/window/maximize HTTP/1.1
User-Agent: selenium/4.1.2 (java windows)
Content-Length: 3
Content-Type: application/json; charset=utf-8
host: localhost:54858
accept: */*

Response DefaultHttpResponse(decodeResult: success, version: HTTP/1.1)
HTTP/1.1 200 OK
Content-Type: application/json; charset=utf-8
cache-control: no-cache
content-length: 52

16:11:20.301 [AsyncHttpClient-1-5] DEBUG o.a.netty.channel.ChannelManager - Adding key: http://localhost:54858 for channel [id: 0x75425258, L:/127.0.0.1:64388 - R:localhost/127.0.0.1:54858]
16:11:20.304 [Forwarding get on session c20b34dd165db8cfeed1d85cfa2ed28b to remote] DEBUG o.a.netty.request.NettyRequestSender - Using pooled Channel '[id: 0x75425258, L:/127.0.0.1:64388 - R:localhost/127.0.0.1:54858]' for 'POST' to 'http://localhost:54858/session/c20b34dd165db8cfeed1d85cfa2ed28b/url'
16:11:20.304 [Forwarding get on session c20b34dd165db8cfeed1d85cfa2ed28b to remote] DEBUG o.a.netty.request.NettyRequestSender - Using open Channel [id: 0x75425258, L:/127.0.0.1:64388 - R:localhost/127.0.0.1:54858] for POST '/session/c20b34dd165db8cfeed1d85cfa2ed28b/url'
16:11:20.411 [AsyncHttpClient-1-5] DEBUG o.a.netty.handler.HttpHandler - 

Request DefaultHttpRequest(decodeResult: success, version: HTTP/1.1)
POST /session/c20b34dd165db8cfeed1d85cfa2ed28b/url HTTP/1.1
User-Agent: selenium/4.1.2 (java windows)
Content-Length: 148
Content-Type: application/json; charset=utf-8
host: localhost:54858
accept: */*

Response DefaultHttpResponse(decodeResult: success, version: HTTP/1.1)
HTTP/1.1 200 OK
Content-Type: application/json; charset=utf-8
cache-control: no-cache
content-length: 14

16:11:20.411 [AsyncHttpClient-1-5] DEBUG o.a.netty.channel.ChannelManager - Adding key: http://localhost:54858 for channel [id: 0x75425258, L:/127.0.0.1:64388 - R:localhost/127.0.0.1:54858]
16:11:20.412 [Forwarding getTitle on session c20b34dd165db8cfeed1d85cfa2ed28b to remote] DEBUG o.a.netty.request.NettyRequestSender - Using pooled Channel '[id: 0x75425258, L:/127.0.0.1:64388 - R:localhost/127.0.0.1:54858]' for 'GET' to 'http://localhost:54858/session/c20b34dd165db8cfeed1d85cfa2ed28b/title'
16:11:20.412 [Forwarding getTitle on session c20b34dd165db8cfeed1d85cfa2ed28b to remote] DEBUG o.a.netty.request.NettyRequestSender - Using open Channel [id: 0x75425258, L:/127.0.0.1:64388 - R:localhost/127.0.0.1:54858] for GET '/session/c20b34dd165db8cfeed1d85cfa2ed28b/title'
16:11:20.416 [AsyncHttpClient-1-5] DEBUG o.a.netty.handler.HttpHandler - 

Request DefaultFullHttpRequest(decodeResult: success, version: HTTP/1.1, content: EmptyByteBufBE)
GET /session/c20b34dd165db8cfeed1d85cfa2ed28b/title HTTP/1.1
User-Agent: selenium/4.1.2 (java windows)
Cache-Control: no-cache
Content-Type: application/json; charset=utf-8
host: localhost:54858
accept: */*

Response DefaultHttpResponse(decodeResult: success, version: HTTP/1.1)
HTTP/1.1 200 OK
Content-Type: application/json; charset=utf-8
cache-control: no-cache
content-length: 22

16:11:20.416 [AsyncHttpClient-1-5] DEBUG o.a.netty.channel.ChannelManager - Adding key: http://localhost:54858 for channel [id: 0x75425258, L:/127.0.0.1:64388 - R:localhost/127.0.0.1:54858]
16:11:20.417 [Forwarding getTitle on session c20b34dd165db8cfeed1d85cfa2ed28b to remote] DEBUG o.a.netty.request.NettyRequestSender - Using pooled Channel '[id: 0x75425258, L:/127.0.0.1:64388 - R:localhost/127.0.0.1:54858]' for 'GET' to 'http://localhost:54858/session/c20b34dd165db8cfeed1d85cfa2ed28b/title'
16:11:20.417 [Forwarding getTitle on session c20b34dd165db8cfeed1d85cfa2ed28b to remote] DEBUG o.a.netty.request.NettyRequestSender - Using open Channel [id: 0x75425258, L:/127.0.0.1:64388 - R:localhost/127.0.0.1:54858] for GET '/session/c20b34dd165db8cfeed1d85cfa2ed28b/title'
16:11:20.419 [AsyncHttpClient-1-5] DEBUG o.a.netty.handler.HttpHandler - 

Request DefaultFullHttpRequest(decodeResult: success, version: HTTP/1.1, content: EmptyByteBufBE)
GET /session/c20b34dd165db8cfeed1d85cfa2ed28b/title HTTP/1.1
User-Agent: selenium/4.1.2 (java windows)
Cache-Control: no-cache
Content-Type: application/json; charset=utf-8
host: localhost:54858
accept: */*

Response DefaultHttpResponse(decodeResult: success, version: HTTP/1.1)
HTTP/1.1 200 OK
Content-Type: application/json; charset=utf-8
cache-control: no-cache
content-length: 22

16:11:20.419 [AsyncHttpClient-1-5] DEBUG o.a.netty.channel.ChannelManager - Adding key: http://localhost:54858 for channel [id: 0x75425258, L:/127.0.0.1:64388 - R:localhost/127.0.0.1:54858]
16:11:21.155 [AsyncHttpClient-1-1] DEBUG o.a.netty.channel.DefaultChannelPool - Entry count for : http://localhost:54858 : 1
16:11:21.155 [AsyncHttpClient-1-1] DEBUG o.a.netty.channel.DefaultChannelPool - Entry count for : http://localhost:64389 : 1
16:11:22.259 [AsyncHttpClient-1-1] DEBUG o.a.netty.channel.DefaultChannelPool - Entry count for : http://localhost:54858 : 1
16:11:22.259 [AsyncHttpClient-1-1] DEBUG o.a.netty.channel.DefaultChannelPool - Entry count for : http://localhost:64389 : 1
16:11:23.354 [AsyncHttpClient-1-1] DEBUG o.a.netty.channel.DefaultChannelPool - Entry count for : http://localhost:54858 : 1
16:11:23.354 [AsyncHttpClient-1-1] DEBUG o.a.netty.channel.DefaultChannelPool - Entry count for : http://localhost:64389 : 1
16:11:24.462 [AsyncHttpClient-1-1] DEBUG o.a.netty.channel.DefaultChannelPool - Entry count for : http://localhost:54858 : 1
16:11:24.462 [AsyncHttpClient-1-1] DEBUG o.a.netty.channel.DefaultChannelPool - Entry count for : http://localhost:64389 : 1
  &amp#27;[32mGiven &amp#27;[0m&amp#27;[32mthat the user should navigate in PEGA Login Page&amp#27;[0m                                               &amp#27;[90m# stepdefinitions.LoginPageSteps.that_the_user_should_navigate_in_pega_login_page()&amp#27;[0m
16:11:25.428 [Forwarding findElement on session c20b34dd165db8cfeed1d85cfa2ed28b to remote] DEBUG o.a.netty.request.NettyRequestSender - Using pooled Channel '[id: 0x75425258, L:/127.0.0.1:64388 - R:localhost/127.0.0.1:54858]' for 'POST' to 'http://localhost:54858/session/c20b34dd165db8cfeed1d85cfa2ed28b/element'
16:11:25.428 [Forwarding findElement on session c20b34dd165db8cfeed1d85cfa2ed28b to remote] DEBUG o.a.netty.request.NettyRequestSender - Using open Channel [id: 0x75425258, L:/127.0.0.1:64388 - R:localhost/127.0.0.1:54858] for POST '/session/c20b34dd165db8cfeed1d85cfa2ed28b/element'
16:11:25.437 [AsyncHttpClient-1-5] DEBUG o.a.netty.handler.HttpHandler - 

Request DefaultHttpRequest(decodeResult: success, version: HTTP/1.1)
POST /session/c20b34dd165db8cfeed1d85cfa2ed28b/element HTTP/1.1
User-Agent: selenium/4.1.2 (java windows)
Content-Length: 128
Content-Type: application/json; charset=utf-8
host: localhost:54858
accept: */*

Response DefaultHttpResponse(decodeResult: success, version: HTTP/1.1)
HTTP/1.1 200 OK
Content-Type: application/json; charset=utf-8
cache-control: no-cache
content-length: 88

16:11:25.437 [AsyncHttpClient-1-5] DEBUG o.a.netty.channel.ChannelManager - Adding key: http://localhost:54858 for channel [id: 0x75425258, L:/127.0.0.1:64388 - R:localhost/127.0.0.1:54858]
16:11:25.439 [Forwarding isElementDisplayed on session c20b34dd165db8cfeed1d85cfa2ed28b to remote] DEBUG o.a.netty.request.NettyRequestSender - Using pooled Channel '[id: 0x75425258, L:/127.0.0.1:64388 - R:localhost/127.0.0.1:54858]' for 'POST' to 'http://localhost:54858/session/c20b34dd165db8cfeed1d85cfa2ed28b/execute/sync'
16:11:25.439 [Forwarding isElementDisplayed on session c20b34dd165db8cfeed1d85cfa2ed28b to remote] DEBUG o.a.netty.request.NettyRequestSender - Using open Channel [id: 0x75425258, L:/127.0.0.1:64388 - R:localhost/127.0.0.1:54858] for POST '/session/c20b34dd165db8cfeed1d85cfa2ed28b/execute/sync'
16:11:25.453 [AsyncHttpClient-1-5] DEBUG o.a.netty.handler.HttpHandler - 

Request DefaultHttpRequest(decodeResult: success, version: HTTP/1.1)
POST /session/c20b34dd165db8cfeed1d85cfa2ed28b/execute/sync HTTP/1.1
User-Agent: selenium/4.1.2 (java windows)
Content-Length: 48780
Content-Type: application/json; charset=utf-8
host: localhost:54858
accept: */*

Response DefaultHttpResponse(decodeResult: success, version: HTTP/1.1)
HTTP/1.1 200 OK
Content-Type: application/json; charset=utf-8
cache-control: no-cache
content-length: 14

16:11:25.454 [AsyncHttpClient-1-5] DEBUG o.a.netty.channel.ChannelManager - Adding key: http://localhost:54858 for channel [id: 0x75425258, L:/127.0.0.1:64388 - R:localhost/127.0.0.1:54858]
16:11:25.454 [Forwarding findElement on session c20b34dd165db8cfeed1d85cfa2ed28b to remote] DEBUG o.a.netty.request.NettyRequestSender - Using pooled Channel '[id: 0x75425258, L:/127.0.0.1:64388 - R:localhost/127.0.0.1:54858]' for 'POST' to 'http://localhost:54858/session/c20b34dd165db8cfeed1d85cfa2ed28b/element'
16:11:25.455 [Forwarding findElement on session c20b34dd165db8cfeed1d85cfa2ed28b to remote] DEBUG o.a.netty.request.NettyRequestSender - Using open Channel [id: 0x75425258, L:/127.0.0.1:64388 - R:localhost/127.0.0.1:54858] for POST '/session/c20b34dd165db8cfeed1d85cfa2ed28b/element'
16:11:25.459 [AsyncHttpClient-1-5] DEBUG o.a.netty.handler.HttpHandler - 

Request DefaultHttpRequest(decodeResult: success, version: HTTP/1.1)
POST /session/c20b34dd165db8cfeed1d85cfa2ed28b/element HTTP/1.1
User-Agent: selenium/4.1.2 (java windows)
Content-Length: 128
Content-Type: application/json; charset=utf-8
host: localhost:54858
accept: */*

Response DefaultHttpResponse(decodeResult: success, version: HTTP/1.1)
HTTP/1.1 200 OK
Content-Type: application/json; charset=utf-8
cache-control: no-cache
content-length: 88

16:11:25.459 [AsyncHttpClient-1-5] DEBUG o.a.netty.channel.ChannelManager - Adding key: http://localhost:54858 for channel [id: 0x75425258, L:/127.0.0.1:64388 - R:localhost/127.0.0.1:54858]
16:11:25.461 [Forwarding isElementDisplayed on session c20b34dd165db8cfeed1d85cfa2ed28b to remote] DEBUG o.a.netty.request.NettyRequestSender - Using pooled Channel '[id: 0x75425258, L:/127.0.0.1:64388 - R:localhost/127.0.0.1:54858]' for 'POST' to 'http://localhost:54858/session/c20b34dd165db8cfeed1d85cfa2ed28b/execute/sync'
16:11:25.461 [Forwarding isElementDisplayed on session c20b34dd165db8cfeed1d85cfa2ed28b to remote] DEBUG o.a.netty.request.NettyRequestSender - Using open Channel [id: 0x75425258, L:/127.0.0.1:64388 - R:localhost/127.0.0.1:54858] for POST '/session/c20b34dd165db8cfeed1d85cfa2ed28b/execute/sync'
16:11:25.470 [AsyncHttpClient-1-5] DEBUG o.a.netty.handler.HttpHandler - 

Request DefaultHttpRequest(decodeResult: success, version: HTTP/1.1)
POST /session/c20b34dd165db8cfeed1d85cfa2ed28b/execute/sync HTTP/1.1
User-Agent: selenium/4.1.2 (java windows)
Content-Length: 48780
Content-Type: application/json; charset=utf-8
host: localhost:54858
accept: */*

Response DefaultHttpResponse(decodeResult: success, version: HTTP/1.1)
HTTP/1.1 200 OK
Content-Type: application/json; charset=utf-8
cache-control: no-cache
content-length: 14

16:11:25.470 [AsyncHttpClient-1-5] DEBUG o.a.netty.channel.ChannelManager - Adding key: http://localhost:54858 for channel [id: 0x75425258, L:/127.0.0.1:64388 - R:localhost/127.0.0.1:54858]
16:11:25.471 [Forwarding findElement on session c20b34dd165db8cfeed1d85cfa2ed28b to remote] DEBUG o.a.netty.request.NettyRequestSender - Using pooled Channel '[id: 0x75425258, L:/127.0.0.1:64388 - R:localhost/127.0.0.1:54858]' for 'POST' to 'http://localhost:54858/session/c20b34dd165db8cfeed1d85cfa2ed28b/element'
16:11:25.471 [Forwarding findElement on session c20b34dd165db8cfeed1d85cfa2ed28b to remote] DEBUG o.a.netty.request.NettyRequestSender - Using open Channel [id: 0x75425258, L:/127.0.0.1:64388 - R:localhost/127.0.0.1:54858] for POST '/session/c20b34dd165db8cfeed1d85cfa2ed28b/element'
16:11:25.475 [AsyncHttpClient-1-5] DEBUG o.a.netty.handler.HttpHandler - 

Request DefaultHttpRequest(decodeResult: success, version: HTTP/1.1)
POST /session/c20b34dd165db8cfeed1d85cfa2ed28b/element HTTP/1.1
User-Agent: selenium/4.1.2 (java windows)
Content-Length: 128
Content-Type: application/json; charset=utf-8
host: localhost:54858
accept: */*

Response DefaultHttpResponse(decodeResult: success, version: HTTP/1.1)
HTTP/1.1 200 OK
Content-Type: application/json; charset=utf-8
cache-control: no-cache
content-length: 88

16:11:25.475 [AsyncHttpClient-1-5] DEBUG o.a.netty.channel.ChannelManager - Adding key: http://localhost:54858 for channel [id: 0x75425258, L:/127.0.0.1:64388 - R:localhost/127.0.0.1:54858]
16:11:25.476 [Forwarding isElementEnabled on session c20b34dd165db8cfeed1d85cfa2ed28b to remote] DEBUG o.a.netty.request.NettyRequestSender - Using pooled Channel '[id: 0x75425258, L:/127.0.0.1:64388 - R:localhost/127.0.0.1:54858]' for 'GET' to 'http://localhost:54858/session/c20b34dd165db8cfeed1d85cfa2ed28b/element/084bcd61-90bd-4451-b6ab-3884faf0689a/enabled'
16:11:25.476 [Forwarding isElementEnabled on session c20b34dd165db8cfeed1d85cfa2ed28b to remote] DEBUG o.a.netty.request.NettyRequestSender - Using open Channel [id: 0x75425258, L:/127.0.0.1:64388 - R:localhost/127.0.0.1:54858] for GET '/session/c20b34dd165db8cfeed1d85cfa2ed28b/element/084bcd61-90bd-4451-b6ab-3884faf0689a/enabled'
16:11:25.481 [AsyncHttpClient-1-5] DEBUG o.a.netty.handler.HttpHandler - 

Request DefaultFullHttpRequest(decodeResult: success, version: HTTP/1.1, content: EmptyByteBufBE)
GET /session/c20b34dd165db8cfeed1d85cfa2ed28b/element/084bcd61-90bd-4451-b6ab-3884faf0689a/enabled HTTP/1.1
User-Agent: selenium/4.1.2 (java windows)
Cache-Control: no-cache
Content-Type: application/json; charset=utf-8
host: localhost:54858
accept: */*

Response DefaultHttpResponse(decodeResult: success, version: HTTP/1.1)
HTTP/1.1 200 OK
Content-Type: application/json; charset=utf-8
cache-control: no-cache
content-length: 14

16:11:25.481 [AsyncHttpClient-1-5] DEBUG o.a.netty.channel.ChannelManager - Adding key: http://localhost:54858 for channel [id: 0x75425258, L:/127.0.0.1:64388 - R:localhost/127.0.0.1:54858]
16:11:25.482 [Forwarding findElement on session c20b34dd165db8cfeed1d85cfa2ed28b to remote] DEBUG o.a.netty.request.NettyRequestSender - Using pooled Channel '[id: 0x75425258, L:/127.0.0.1:64388 - R:localhost/127.0.0.1:54858]' for 'POST' to 'http://localhost:54858/session/c20b34dd165db8cfeed1d85cfa2ed28b/element'
16:11:25.482 [Forwarding findElement on session c20b34dd165db8cfeed1d85cfa2ed28b to remote] DEBUG o.a.netty.request.NettyRequestSender - Using open Channel [id: 0x75425258, L:/127.0.0.1:64388 - R:localhost/127.0.0.1:54858] for POST '/session/c20b34dd165db8cfeed1d85cfa2ed28b/element'
16:11:25.488 [AsyncHttpClient-1-5] DEBUG o.a.netty.handler.HttpHandler - 

Request DefaultHttpRequest(decodeResult: success, version: HTTP/1.1)
POST /session/c20b34dd165db8cfeed1d85cfa2ed28b/element HTTP/1.1
User-Agent: selenium/4.1.2 (java windows)
Content-Length: 132
Content-Type: application/json; charset=utf-8
host: localhost:54858
accept: */*

Response DefaultHttpResponse(decodeResult: success, version: HTTP/1.1)
HTTP/1.1 200 OK
Content-Type: application/json; charset=utf-8
cache-control: no-cache
content-length: 88

16:11:25.488 [AsyncHttpClient-1-5] DEBUG o.a.netty.channel.ChannelManager - Adding key: http://localhost:54858 for channel [id: 0x75425258, L:/127.0.0.1:64388 - R:localhost/127.0.0.1:54858]
16:11:25.491 [Forwarding isElementDisplayed on session c20b34dd165db8cfeed1d85cfa2ed28b to remote] DEBUG o.a.netty.request.NettyRequestSender - Using pooled Channel '[id: 0x75425258, L:/127.0.0.1:64388 - R:localhost/127.0.0.1:54858]' for 'POST' to 'http://localhost:54858/session/c20b34dd165db8cfeed1d85cfa2ed28b/execute/sync'
16:11:25.491 [Forwarding isElementDisplayed on session c20b34dd165db8cfeed1d85cfa2ed28b to remote] DEBUG o.a.netty.request.NettyRequestSender - Using open Channel [id: 0x75425258, L:/127.0.0.1:64388 - R:localhost/127.0.0.1:54858] for POST '/session/c20b34dd165db8cfeed1d85cfa2ed28b/execute/sync'
16:11:25.498 [AsyncHttpClient-1-5] DEBUG o.a.netty.handler.HttpHandler - 

Request DefaultHttpRequest(decodeResult: success, version: HTTP/1.1)
POST /session/c20b34dd165db8cfeed1d85cfa2ed28b/execute/sync HTTP/1.1
User-Agent: selenium/4.1.2 (java windows)
Content-Length: 48780
Content-Type: application/json; charset=utf-8
host: localhost:54858
accept: */*

Response DefaultHttpResponse(decodeResult: success, version: HTTP/1.1)
HTTP/1.1 200 OK
Content-Type: application/json; charset=utf-8
cache-control: no-cache
content-length: 14

16:11:25.498 [AsyncHttpClient-1-5] DEBUG o.a.netty.channel.ChannelManager - Adding key: http://localhost:54858 for channel [id: 0x75425258, L:/127.0.0.1:64388 - R:localhost/127.0.0.1:54858]
16:11:25.499 [Forwarding findElement on session c20b34dd165db8cfeed1d85cfa2ed28b to remote] DEBUG o.a.netty.request.NettyRequestSender - Using pooled Channel '[id: 0x75425258, L:/127.0.0.1:64388 - R:localhost/127.0.0.1:54858]' for 'POST' to 'http://localhost:54858/session/c20b34dd165db8cfeed1d85cfa2ed28b/element'
16:11:25.499 [Forwarding findElement on session c20b34dd165db8cfeed1d85cfa2ed28b to remote] DEBUG o.a.netty.request.NettyRequestSender - Using open Channel [id: 0x75425258, L:/127.0.0.1:64388 - R:localhost/127.0.0.1:54858] for POST '/session/c20b34dd165db8cfeed1d85cfa2ed28b/element'
16:11:25.503 [AsyncHttpClient-1-5] DEBUG o.a.netty.handler.HttpHandler - 

Request DefaultHttpRequest(decodeResult: success, version: HTTP/1.1)
POST /session/c20b34dd165db8cfeed1d85cfa2ed28b/element HTTP/1.1
User-Agent: selenium/4.1.2 (java windows)
Content-Length: 132
Content-Type: application/json; charset=utf-8
host: localhost:54858
accept: */*

Response DefaultHttpResponse(decodeResult: success, version: HTTP/1.1)
HTTP/1.1 200 OK
Content-Type: application/json; charset=utf-8
cache-control: no-cache
content-length: 88

16:11:25.503 [AsyncHttpClient-1-5] DEBUG o.a.netty.channel.ChannelManager - Adding key: http://localhost:54858 for channel [id: 0x75425258, L:/127.0.0.1:64388 - R:localhost/127.0.0.1:54858]
16:11:25.505 [Forwarding isElementDisplayed on session c20b34dd165db8cfeed1d85cfa2ed28b to remote] DEBUG o.a.netty.request.NettyRequestSender - Using pooled Channel '[id: 0x75425258, L:/127.0.0.1:64388 - R:localhost/127.0.0.1:54858]' for 'POST' to 'http://localhost:54858/session/c20b34dd165db8cfeed1d85cfa2ed28b/execute/sync'
16:11:25.506 [Forwarding isElementDisplayed on session c20b34dd165db8cfeed1d85cfa2ed28b to remote] DEBUG o.a.netty.request.NettyRequestSender - Using open Channel [id: 0x75425258, L:/127.0.0.1:64388 - R:localhost/127.0.0.1:54858] for POST '/session/c20b34dd165db8cfeed1d85cfa2ed28b/execute/sync'
16:11:25.512 [AsyncHttpClient-1-5] DEBUG o.a.netty.handler.HttpHandler - 

Request DefaultHttpRequest(decodeResult: success, version: HTTP/1.1)
POST /session/c20b34dd165db8cfeed1d85cfa2ed28b/execute/sync HTTP/1.1
User-Agent: selenium/4.1.2 (java windows)
Content-Length: 48780
Content-Type: application/json; charset=utf-8
host: localhost:54858
accept: */*

Response DefaultHttpResponse(decodeResult: success, version: HTTP/1.1)
HTTP/1.1 200 OK
Content-Type: application/json; charset=utf-8
cache-control: no-cache
content-length: 14

16:11:25.512 [AsyncHttpClient-1-5] DEBUG o.a.netty.channel.ChannelManager - Adding key: http://localhost:54858 for channel [id: 0x75425258, L:/127.0.0.1:64388 - R:localhost/127.0.0.1:54858]
16:11:25.513 [Forwarding findElement on session c20b34dd165db8cfeed1d85cfa2ed28b to remote] DEBUG o.a.netty.request.NettyRequestSender - Using pooled Channel '[id: 0x75425258, L:/127.0.0.1:64388 - R:localhost/127.0.0.1:54858]' for 'POST' to 'http://localhost:54858/session/c20b34dd165db8cfeed1d85cfa2ed28b/element'
16:11:25.513 [Forwarding findElement on session c20b34dd165db8cfeed1d85cfa2ed28b to remote] DEBUG o.a.netty.request.NettyRequestSender - Using open Channel [id: 0x75425258, L:/127.0.0.1:64388 - R:localhost/127.0.0.1:54858] for POST '/session/c20b34dd165db8cfeed1d85cfa2ed28b/element'
16:11:25.517 [AsyncHttpClient-1-5] DEBUG o.a.netty.handler.HttpHandler - 

Request DefaultHttpRequest(decodeResult: success, version: HTTP/1.1)
POST /session/c20b34dd165db8cfeed1d85cfa2ed28b/element HTTP/1.1
User-Agent: selenium/4.1.2 (java windows)
Content-Length: 132
Content-Type: application/json; charset=utf-8
host: localhost:54858
accept: */*

Response DefaultHttpResponse(decodeResult: success, version: HTTP/1.1)
HTTP/1.1 200 OK
Content-Type: application/json; charset=utf-8
cache-control: no-cache
content-length: 88

16:11:25.517 [AsyncHttpClient-1-5] DEBUG o.a.netty.channel.ChannelManager - Adding key: http://localhost:54858 for channel [id: 0x75425258, L:/127.0.0.1:64388 - R:localhost/127.0.0.1:54858]
16:11:25.518 [Forwarding isElementEnabled on session c20b34dd165db8cfeed1d85cfa2ed28b to remote] DEBUG o.a.netty.request.NettyRequestSender - Using pooled Channel '[id: 0x75425258, L:/127.0.0.1:64388 - R:localhost/127.0.0.1:54858]' for 'GET' to 'http://localhost:54858/session/c20b34dd165db8cfeed1d85cfa2ed28b/element/c5b78cf7-c36e-4156-bec4-6bbb13da9b5b/enabled'
16:11:25.518 [Forwarding isElementEnabled on session c20b34dd165db8cfeed1d85cfa2ed28b to remote] DEBUG o.a.netty.request.NettyRequestSender - Using open Channel [id: 0x75425258, L:/127.0.0.1:64388 - R:localhost/127.0.0.1:54858] for GET '/session/c20b34dd165db8cfeed1d85cfa2ed28b/element/c5b78cf7-c36e-4156-bec4-6bbb13da9b5b/enabled'
16:11:25.522 [AsyncHttpClient-1-5] DEBUG o.a.netty.handler.HttpHandler - 

Request DefaultFullHttpRequest(decodeResult: success, version: HTTP/1.1, content: EmptyByteBufBE)
GET /session/c20b34dd165db8cfeed1d85cfa2ed28b/element/c5b78cf7-c36e-4156-bec4-6bbb13da9b5b/enabled HTTP/1.1
User-Agent: selenium/4.1.2 (java windows)
Cache-Control: no-cache
Content-Type: application/json; charset=utf-8
host: localhost:54858
accept: */*

Response DefaultHttpResponse(decodeResult: success, version: HTTP/1.1)
HTTP/1.1 200 OK
Content-Type: application/json; charset=utf-8
cache-control: no-cache
content-length: 14

16:11:25.523 [AsyncHttpClient-1-5] DEBUG o.a.netty.channel.ChannelManager - Adding key: http://localhost:54858 for channel [id: 0x75425258, L:/127.0.0.1:64388 - R:localhost/127.0.0.1:54858]
16:11:25.524 [Forwarding findElement on session c20b34dd165db8cfeed1d85cfa2ed28b to remote] DEBUG o.a.netty.request.NettyRequestSender - Using pooled Channel '[id: 0x75425258, L:/127.0.0.1:64388 - R:localhost/127.0.0.1:54858]' for 'POST' to 'http://localhost:54858/session/c20b34dd165db8cfeed1d85cfa2ed28b/element'
16:11:25.524 [Forwarding findElement on session c20b34dd165db8cfeed1d85cfa2ed28b to remote] DEBUG o.a.netty.request.NettyRequestSender - Using open Channel [id: 0x75425258, L:/127.0.0.1:64388 - R:localhost/127.0.0.1:54858] for POST '/session/c20b34dd165db8cfeed1d85cfa2ed28b/element'
16:11:25.531 [AsyncHttpClient-1-5] DEBUG o.a.netty.handler.HttpHandler - 

Request DefaultHttpRequest(decodeResult: success, version: HTTP/1.1)
POST /session/c20b34dd165db8cfeed1d85cfa2ed28b/element HTTP/1.1
User-Agent: selenium/4.1.2 (java windows)
Content-Length: 125
Content-Type: application/json; charset=utf-8
host: localhost:54858
accept: */*

Response DefaultHttpResponse(decodeResult: success, version: HTTP/1.1)
HTTP/1.1 200 OK
Content-Type: application/json; charset=utf-8
cache-control: no-cache
content-length: 88

16:11:25.531 [AsyncHttpClient-1-5] DEBUG o.a.netty.channel.ChannelManager - Adding key: http://localhost:54858 for channel [id: 0x75425258, L:/127.0.0.1:64388 - R:localhost/127.0.0.1:54858]
16:11:25.534 [Forwarding isElementDisplayed on session c20b34dd165db8cfeed1d85cfa2ed28b to remote] DEBUG o.a.netty.request.NettyRequestSender - Using pooled Channel '[id: 0x75425258, L:/127.0.0.1:64388 - R:localhost/127.0.0.1:54858]' for 'POST' to 'http://localhost:54858/session/c20b34dd165db8cfeed1d85cfa2ed28b/execute/sync'
16:11:25.535 [Forwarding isElementDisplayed on session c20b34dd165db8cfeed1d85cfa2ed28b to remote] DEBUG o.a.netty.request.NettyRequestSender - Using open Channel [id: 0x75425258, L:/127.0.0.1:64388 - R:localhost/127.0.0.1:54858] for POST '/session/c20b34dd165db8cfeed1d85cfa2ed28b/execute/sync'
16:11:25.543 [AsyncHttpClient-1-5] DEBUG o.a.netty.handler.HttpHandler - 

Request DefaultHttpRequest(decodeResult: success, version: HTTP/1.1)
POST /session/c20b34dd165db8cfeed1d85cfa2ed28b/execute/sync HTTP/1.1
User-Agent: selenium/4.1.2 (java windows)
Content-Length: 48780
Content-Type: application/json; charset=utf-8
host: localhost:54858
accept: */*

Response DefaultHttpResponse(decodeResult: success, version: HTTP/1.1)
HTTP/1.1 200 OK
Content-Type: application/json; charset=utf-8
cache-control: no-cache
content-length: 14

16:11:25.543 [AsyncHttpClient-1-5] DEBUG o.a.netty.channel.ChannelManager - Adding key: http://localhost:54858 for channel [id: 0x75425258, L:/127.0.0.1:64388 - R:localhost/127.0.0.1:54858]
16:11:25.544 [Forwarding findElement on session c20b34dd165db8cfeed1d85cfa2ed28b to remote] DEBUG o.a.netty.request.NettyRequestSender - Using pooled Channel '[id: 0x75425258, L:/127.0.0.1:64388 - R:localhost/127.0.0.1:54858]' for 'POST' to 'http://localhost:54858/session/c20b34dd165db8cfeed1d85cfa2ed28b/element'
16:11:25.544 [Forwarding findElement on session c20b34dd165db8cfeed1d85cfa2ed28b to remote] DEBUG o.a.netty.request.NettyRequestSender - Using open Channel [id: 0x75425258, L:/127.0.0.1:64388 - R:localhost/127.0.0.1:54858] for POST '/session/c20b34dd165db8cfeed1d85cfa2ed28b/element'
16:11:25.549 [AsyncHttpClient-1-5] DEBUG o.a.netty.handler.HttpHandler - 

Request DefaultHttpRequest(decodeResult: success, version: HTTP/1.1)
POST /session/c20b34dd165db8cfeed1d85cfa2ed28b/element HTTP/1.1
User-Agent: selenium/4.1.2 (java windows)
Content-Length: 125
Content-Type: application/json; charset=utf-8
host: localhost:54858
accept: */*

Response DefaultHttpResponse(decodeResult: success, version: HTTP/1.1)
HTTP/1.1 200 OK
Content-Type: application/json; charset=utf-8
cache-control: no-cache
content-length: 88

16:11:25.549 [AsyncHttpClient-1-5] DEBUG o.a.netty.channel.ChannelManager - Adding key: http://localhost:54858 for channel [id: 0x75425258, L:/127.0.0.1:64388 - R:localhost/127.0.0.1:54858]
16:11:25.552 [Forwarding isElementDisplayed on session c20b34dd165db8cfeed1d85cfa2ed28b to remote] DEBUG o.a.netty.request.NettyRequestSender - Using pooled Channel '[id: 0x75425258, L:/127.0.0.1:64388 - R:localhost/127.0.0.1:54858]' for 'POST' to 'http://localhost:54858/session/c20b34dd165db8cfeed1d85cfa2ed28b/execute/sync'
16:11:25.552 [Forwarding isElementDisplayed on session c20b34dd165db8cfeed1d85cfa2ed28b to remote] DEBUG o.a.netty.request.NettyRequestSender - Using open Channel [id: 0x75425258, L:/127.0.0.1:64388 - R:localhost/127.0.0.1:54858] for POST '/session/c20b34dd165db8cfeed1d85cfa2ed28b/execute/sync'
16:11:25.554 [AsyncHttpClient-1-1] DEBUG o.a.netty.channel.DefaultChannelPool - Entry count for : http://localhost:64389 : 1
16:11:25.558 [AsyncHttpClient-1-5] DEBUG o.a.netty.handler.HttpHandler - 

Request DefaultHttpRequest(decodeResult: success, version: HTTP/1.1)
POST /session/c20b34dd165db8cfeed1d85cfa2ed28b/execute/sync HTTP/1.1
User-Agent: selenium/4.1.2 (java windows)
Content-Length: 48780
Content-Type: application/json; charset=utf-8
host: localhost:54858
accept: */*

Response DefaultHttpResponse(decodeResult: success, version: HTTP/1.1)
HTTP/1.1 200 OK
Content-Type: application/json; charset=utf-8
cache-control: no-cache
content-length: 14

16:11:25.559 [AsyncHttpClient-1-5] DEBUG o.a.netty.channel.ChannelManager - Adding key: http://localhost:54858 for channel [id: 0x75425258, L:/127.0.0.1:64388 - R:localhost/127.0.0.1:54858]
16:11:25.559 [Forwarding findElement on session c20b34dd165db8cfeed1d85cfa2ed28b to remote] DEBUG o.a.netty.request.NettyRequestSender - Using pooled Channel '[id: 0x75425258, L:/127.0.0.1:64388 - R:localhost/127.0.0.1:54858]' for 'POST' to 'http://localhost:54858/session/c20b34dd165db8cfeed1d85cfa2ed28b/element'
16:11:25.560 [Forwarding findElement on session c20b34dd165db8cfeed1d85cfa2ed28b to remote] DEBUG o.a.netty.request.NettyRequestSender - Using open Channel [id: 0x75425258, L:/127.0.0.1:64388 - R:localhost/127.0.0.1:54858] for POST '/session/c20b34dd165db8cfeed1d85cfa2ed28b/element'
16:11:25.564 [AsyncHttpClient-1-5] DEBUG o.a.netty.handler.HttpHandler - 

Request DefaultHttpRequest(decodeResult: success, version: HTTP/1.1)
POST /session/c20b34dd165db8cfeed1d85cfa2ed28b/element HTTP/1.1
User-Agent: selenium/4.1.2 (java windows)
Content-Length: 125
Content-Type: application/json; charset=utf-8
host: localhost:54858
accept: */*

Response DefaultHttpResponse(decodeResult: success, version: HTTP/1.1)
HTTP/1.1 200 OK
Content-Type: application/json; charset=utf-8
cache-control: no-cache
content-length: 88

16:11:25.564 [AsyncHttpClient-1-5] DEBUG o.a.netty.channel.ChannelManager - Adding key: http://localhost:54858 for channel [id: 0x75425258, L:/127.0.0.1:64388 - R:localhost/127.0.0.1:54858]
16:11:25.564 [Forwarding isElementEnabled on session c20b34dd165db8cfeed1d85cfa2ed28b to remote] DEBUG o.a.netty.request.NettyRequestSender - Using pooled Channel '[id: 0x75425258, L:/127.0.0.1:64388 - R:localhost/127.0.0.1:54858]' for 'GET' to 'http://localhost:54858/session/c20b34dd165db8cfeed1d85cfa2ed28b/element/90b71a52-c1c2-4a17-8cfb-f9d3d9dd3ad3/enabled'
16:11:25.565 [Forwarding isElementEnabled on session c20b34dd165db8cfeed1d85cfa2ed28b to remote] DEBUG o.a.netty.request.NettyRequestSender - Using open Channel [id: 0x75425258, L:/127.0.0.1:64388 - R:localhost/127.0.0.1:54858] for GET '/session/c20b34dd165db8cfeed1d85cfa2ed28b/element/90b71a52-c1c2-4a17-8cfb-f9d3d9dd3ad3/enabled'
16:11:25.570 [AsyncHttpClient-1-5] DEBUG o.a.netty.handler.HttpHandler - 

Request DefaultFullHttpRequest(decodeResult: success, version: HTTP/1.1, content: EmptyByteBufBE)
GET /session/c20b34dd165db8cfeed1d85cfa2ed28b/element/90b71a52-c1c2-4a17-8cfb-f9d3d9dd3ad3/enabled HTTP/1.1
User-Agent: selenium/4.1.2 (java windows)
Cache-Control: no-cache
Content-Type: application/json; charset=utf-8
host: localhost:54858
accept: */*

Response DefaultHttpResponse(decodeResult: success, version: HTTP/1.1)
HTTP/1.1 200 OK
Content-Type: application/json; charset=utf-8
cache-control: no-cache
content-length: 14

16:11:25.570 [AsyncHttpClient-1-5] DEBUG o.a.netty.channel.ChannelManager - Adding key: http://localhost:54858 for channel [id: 0x75425258, L:/127.0.0.1:64388 - R:localhost/127.0.0.1:54858]
  &amp#27;[32mAnd &amp#27;[0m&amp#27;[32muser verify the Login Page Elements is Visible&amp#27;[0m                                                   &amp#27;[90m# stepdefinitions.LoginPageSteps.user_verify_the_login_page_elements_is_visible()&amp#27;[0m
16:11:26.665 [AsyncHttpClient-1-1] DEBUG o.a.netty.channel.DefaultChannelPool - Entry count for : http://localhost:54858 : 1
16:11:26.665 [AsyncHttpClient-1-1] DEBUG o.a.netty.channel.DefaultChannelPool - Entry count for : http://localhost:64389 : 1
16:11:27.579 [Forwarding findElement on session c20b34dd165db8cfeed1d85cfa2ed28b to remote] DEBUG o.a.netty.request.NettyRequestSender - Using pooled Channel '[id: 0x75425258, L:/127.0.0.1:64388 - R:localhost/127.0.0.1:54858]' for 'POST' to 'http://localhost:54858/session/c20b34dd165db8cfeed1d85cfa2ed28b/element'
16:11:27.579 [Forwarding findElement on session c20b34dd165db8cfeed1d85cfa2ed28b to remote] DEBUG o.a.netty.request.NettyRequestSender - Using open Channel [id: 0x75425258, L:/127.0.0.1:64388 - R:localhost/127.0.0.1:54858] for POST '/session/c20b34dd165db8cfeed1d85cfa2ed28b/element'
16:11:27.584 [AsyncHttpClient-1-5] DEBUG o.a.netty.handler.HttpHandler - 

Request DefaultHttpRequest(decodeResult: success, version: HTTP/1.1)
POST /session/c20b34dd165db8cfeed1d85cfa2ed28b/element HTTP/1.1
User-Agent: selenium/4.1.2 (java windows)
Content-Length: 128
Content-Type: application/json; charset=utf-8
host: localhost:54858
accept: */*

Response DefaultHttpResponse(decodeResult: success, version: HTTP/1.1)
HTTP/1.1 200 OK
Content-Type: application/json; charset=utf-8
cache-control: no-cache
content-length: 88

16:11:27.584 [AsyncHttpClient-1-5] DEBUG o.a.netty.channel.ChannelManager - Adding key: http://localhost:54858 for channel [id: 0x75425258, L:/127.0.0.1:64388 - R:localhost/127.0.0.1:54858]
16:11:27.585 [Forwarding sendKeysToElement on session c20b34dd165db8cfeed1d85cfa2ed28b to remote] DEBUG o.a.netty.request.NettyRequestSender - Using pooled Channel '[id: 0x75425258, L:/127.0.0.1:64388 - R:localhost/127.0.0.1:54858]' for 'POST' to 'http://localhost:54858/session/c20b34dd165db8cfeed1d85cfa2ed28b/element/084bcd61-90bd-4451-b6ab-3884faf0689a/value'
16:11:27.585 [Forwarding sendKeysToElement on session c20b34dd165db8cfeed1d85cfa2ed28b to remote] DEBUG o.a.netty.request.NettyRequestSender - Using open Channel [id: 0x75425258, L:/127.0.0.1:64388 - R:localhost/127.0.0.1:54858] for POST '/session/c20b34dd165db8cfeed1d85cfa2ed28b/element/084bcd61-90bd-4451-b6ab-3884faf0689a/value'
16:11:27.607 [AsyncHttpClient-1-5] DEBUG o.a.netty.handler.HttpHandler - 

Request DefaultHttpRequest(decodeResult: success, version: HTTP/1.1)
POST /session/c20b34dd165db8cfeed1d85cfa2ed28b/element/084bcd61-90bd-4451-b6ab-3884faf0689a/value HTTP/1.1
User-Agent: selenium/4.1.2 (java windows)
Content-Length: 191
Content-Type: application/json; charset=utf-8
host: localhost:54858
accept: */*

Response DefaultHttpResponse(decodeResult: success, version: HTTP/1.1)
HTTP/1.1 200 OK
Content-Type: application/json; charset=utf-8
cache-control: no-cache
content-length: 14

16:11:27.608 [AsyncHttpClient-1-5] DEBUG o.a.netty.channel.ChannelManager - Adding key: http://localhost:54858 for channel [id: 0x75425258, L:/127.0.0.1:64388 - R:localhost/127.0.0.1:54858]
16:11:27.609 [Forwarding findElement on session c20b34dd165db8cfeed1d85cfa2ed28b to remote] DEBUG o.a.netty.request.NettyRequestSender - Using pooled Channel '[id: 0x75425258, L:/127.0.0.1:64388 - R:localhost/127.0.0.1:54858]' for 'POST' to 'http://localhost:54858/session/c20b34dd165db8cfeed1d85cfa2ed28b/element'
16:11:27.609 [Forwarding findElement on session c20b34dd165db8cfeed1d85cfa2ed28b to remote] DEBUG o.a.netty.request.NettyRequestSender - Using open Channel [id: 0x75425258, L:/127.0.0.1:64388 - R:localhost/127.0.0.1:54858] for POST '/session/c20b34dd165db8cfeed1d85cfa2ed28b/element'
16:11:27.613 [AsyncHttpClient-1-5] DEBUG o.a.netty.handler.HttpHandler - 

Request DefaultHttpRequest(decodeResult: success, version: HTTP/1.1)
POST /session/c20b34dd165db8cfeed1d85cfa2ed28b/element HTTP/1.1
User-Agent: selenium/4.1.2 (java windows)
Content-Length: 132
Content-Type: application/json; charset=utf-8
host: localhost:54858
accept: */*

Response DefaultHttpResponse(decodeResult: success, version: HTTP/1.1)
HTTP/1.1 200 OK
Content-Type: application/json; charset=utf-8
cache-control: no-cache
content-length: 88

16:11:27.613 [AsyncHttpClient-1-5] DEBUG o.a.netty.channel.ChannelManager - Adding key: http://localhost:54858 for channel [id: 0x75425258, L:/127.0.0.1:64388 - R:localhost/127.0.0.1:54858]
16:11:27.614 [Forwarding sendKeysToElement on session c20b34dd165db8cfeed1d85cfa2ed28b to remote] DEBUG o.a.netty.request.NettyRequestSender - Using pooled Channel '[id: 0x75425258, L:/127.0.0.1:64388 - R:localhost/127.0.0.1:54858]' for 'POST' to 'http://localhost:54858/session/c20b34dd165db8cfeed1d85cfa2ed28b/element/c5b78cf7-c36e-4156-bec4-6bbb13da9b5b/value'
16:11:27.614 [Forwarding sendKeysToElement on session c20b34dd165db8cfeed1d85cfa2ed28b to remote] DEBUG o.a.netty.request.NettyRequestSender - Using open Channel [id: 0x75425258, L:/127.0.0.1:64388 - R:localhost/127.0.0.1:54858] for POST '/session/c20b34dd165db8cfeed1d85cfa2ed28b/element/c5b78cf7-c36e-4156-bec4-6bbb13da9b5b/value'
16:11:27.645 [AsyncHttpClient-1-5] DEBUG o.a.netty.handler.HttpHandler - 

Request DefaultHttpRequest(decodeResult: success, version: HTTP/1.1)
POST /session/c20b34dd165db8cfeed1d85cfa2ed28b/element/c5b78cf7-c36e-4156-bec4-6bbb13da9b5b/value HTTP/1.1
User-Agent: selenium/4.1.2 (java windows)
Content-Length: 231
Content-Type: application/json; charset=utf-8
host: localhost:54858
accept: */*

Response DefaultHttpResponse(decodeResult: success, version: HTTP/1.1)
HTTP/1.1 200 OK
Content-Type: application/json; charset=utf-8
cache-control: no-cache
content-length: 14

16:11:27.645 [AsyncHttpClient-1-5] DEBUG o.a.netty.channel.ChannelManager - Adding key: http://localhost:54858 for channel [id: 0x75425258, L:/127.0.0.1:64388 - R:localhost/127.0.0.1:54858]
16:11:27.646 [Forwarding findElement on session c20b34dd165db8cfeed1d85cfa2ed28b to remote] DEBUG o.a.netty.request.NettyRequestSender - Using pooled Channel '[id: 0x75425258, L:/127.0.0.1:64388 - R:localhost/127.0.0.1:54858]' for 'POST' to 'http://localhost:54858/session/c20b34dd165db8cfeed1d85cfa2ed28b/element'
16:11:27.646 [Forwarding findElement on session c20b34dd165db8cfeed1d85cfa2ed28b to remote] DEBUG o.a.netty.request.NettyRequestSender - Using open Channel [id: 0x75425258, L:/127.0.0.1:64388 - R:localhost/127.0.0.1:54858] for POST '/session/c20b34dd165db8cfeed1d85cfa2ed28b/element'
16:11:27.650 [AsyncHttpClient-1-5] DEBUG o.a.netty.handler.HttpHandler - 

Request DefaultHttpRequest(decodeResult: success, version: HTTP/1.1)
POST /session/c20b34dd165db8cfeed1d85cfa2ed28b/element HTTP/1.1
User-Agent: selenium/4.1.2 (java windows)
Content-Length: 125
Content-Type: application/json; charset=utf-8
host: localhost:54858
accept: */*

Response DefaultHttpResponse(decodeResult: success, version: HTTP/1.1)
HTTP/1.1 200 OK
Content-Type: application/json; charset=utf-8
cache-control: no-cache
content-length: 88

16:11:27.651 [AsyncHttpClient-1-5] DEBUG o.a.netty.channel.ChannelManager - Adding key: http://localhost:54858 for channel [id: 0x75425258, L:/127.0.0.1:64388 - R:localhost/127.0.0.1:54858]
16:11:27.651 [Forwarding clickElement on session c20b34dd165db8cfeed1d85cfa2ed28b to remote] DEBUG o.a.netty.request.NettyRequestSender - Using pooled Channel '[id: 0x75425258, L:/127.0.0.1:64388 - R:localhost/127.0.0.1:54858]' for 'POST' to 'http://localhost:54858/session/c20b34dd165db8cfeed1d85cfa2ed28b/element/90b71a52-c1c2-4a17-8cfb-f9d3d9dd3ad3/click'
16:11:27.651 [Forwarding clickElement on session c20b34dd165db8cfeed1d85cfa2ed28b to remote] DEBUG o.a.netty.request.NettyRequestSender - Using open Channel [id: 0x75425258, L:/127.0.0.1:64388 - R:localhost/127.0.0.1:54858] for POST '/session/c20b34dd165db8cfeed1d85cfa2ed28b/element/90b71a52-c1c2-4a17-8cfb-f9d3d9dd3ad3/click'
16:11:27.709 [AsyncHttpClient-1-5] DEBUG o.a.netty.handler.HttpHandler - 

Request DefaultHttpRequest(decodeResult: success, version: HTTP/1.1)
POST /session/c20b34dd165db8cfeed1d85cfa2ed28b/element/90b71a52-c1c2-4a17-8cfb-f9d3d9dd3ad3/click HTTP/1.1
User-Agent: selenium/4.1.2 (java windows)
Content-Length: 50
Content-Type: application/json; charset=utf-8
host: localhost:54858
accept: */*

Response DefaultHttpResponse(decodeResult: success, version: HTTP/1.1)
HTTP/1.1 200 OK
Content-Type: application/json; charset=utf-8
cache-control: no-cache
content-length: 14

16:11:27.709 [AsyncHttpClient-1-5] DEBUG o.a.netty.channel.ChannelManager - Adding key: http://localhost:54858 for channel [id: 0x75425258, L:/127.0.0.1:64388 - R:localhost/127.0.0.1:54858]
16:11:27.710 [Forwarding findElement on session c20b34dd165db8cfeed1d85cfa2ed28b to remote] DEBUG o.a.netty.request.NettyRequestSender - Using pooled Channel '[id: 0x75425258, L:/127.0.0.1:64388 - R:localhost/127.0.0.1:54858]' for 'POST' to 'http://localhost:54858/session/c20b34dd165db8cfeed1d85cfa2ed28b/element'
16:11:27.710 [Forwarding findElement on session c20b34dd165db8cfeed1d85cfa2ed28b to remote] DEBUG o.a.netty.request.NettyRequestSender - Using open Channel [id: 0x75425258, L:/127.0.0.1:64388 - R:localhost/127.0.0.1:54858] for POST '/session/c20b34dd165db8cfeed1d85cfa2ed28b/element'
16:11:27.719 [AsyncHttpClient-1-5] DEBUG o.a.netty.handler.HttpHandler - 

Request DefaultHttpRequest(decodeResult: success, version: HTTP/1.1)
POST /session/c20b34dd165db8cfeed1d85cfa2ed28b/element HTTP/1.1
User-Agent: selenium/4.1.2 (java windows)
Content-Length: 75
Content-Type: application/json; charset=utf-8
host: localhost:54858
accept: */*

Response DefaultHttpResponse(decodeResult: success, version: HTTP/1.1)
HTTP/1.1 200 OK
Content-Type: application/json; charset=utf-8
cache-control: no-cache
content-length: 88

16:11:27.719 [AsyncHttpClient-1-5] DEBUG o.a.netty.channel.ChannelManager - Adding key: http://localhost:54858 for channel [id: 0x75425258, L:/127.0.0.1:64388 - R:localhost/127.0.0.1:54858]
16:11:27.722 [Forwarding isElementDisplayed on session c20b34dd165db8cfeed1d85cfa2ed28b to remote] DEBUG o.a.netty.request.NettyRequestSender - Using pooled Channel '[id: 0x75425258, L:/127.0.0.1:64388 - R:localhost/127.0.0.1:54858]' for 'POST' to 'http://localhost:54858/session/c20b34dd165db8cfeed1d85cfa2ed28b/execute/sync'
16:11:27.722 [Forwarding isElementDisplayed on session c20b34dd165db8cfeed1d85cfa2ed28b to remote] DEBUG o.a.netty.request.NettyRequestSender - Using open Channel [id: 0x75425258, L:/127.0.0.1:64388 - R:localhost/127.0.0.1:54858] for POST '/session/c20b34dd165db8cfeed1d85cfa2ed28b/execute/sync'
16:11:27.733 [AsyncHttpClient-1-5] DEBUG o.a.netty.handler.HttpHandler - 

Request DefaultHttpRequest(decodeResult: success, version: HTTP/1.1)
POST /session/c20b34dd165db8cfeed1d85cfa2ed28b/execute/sync HTTP/1.1
User-Agent: selenium/4.1.2 (java windows)
Content-Length: 48780
Content-Type: application/json; charset=utf-8
host: localhost:54858
accept: */*

Response DefaultHttpResponse(decodeResult: success, version: HTTP/1.1)
HTTP/1.1 200 OK
Content-Type: application/json; charset=utf-8
cache-control: no-cache
content-length: 15

16:11:27.733 [AsyncHttpClient-1-5] DEBUG o.a.netty.channel.ChannelManager - Adding key: http://localhost:54858 for channel [id: 0x75425258, L:/127.0.0.1:64388 - R:localhost/127.0.0.1:54858]
16:11:27.755 [AsyncHttpClient-1-1] DEBUG o.a.netty.channel.DefaultChannelPool - Entry count for : http://localhost:54858 : 1
16:11:27.755 [AsyncHttpClient-1-1] DEBUG o.a.netty.channel.DefaultChannelPool - Entry count for : http://localhost:64389 : 1
16:11:28.239 [Forwarding findElement on session c20b34dd165db8cfeed1d85cfa2ed28b to remote] DEBUG o.a.netty.request.NettyRequestSender - Using pooled Channel '[id: 0x75425258, L:/127.0.0.1:64388 - R:localhost/127.0.0.1:54858]' for 'POST' to 'http://localhost:54858/session/c20b34dd165db8cfeed1d85cfa2ed28b/element'
16:11:28.239 [Forwarding findElement on session c20b34dd165db8cfeed1d85cfa2ed28b to remote] DEBUG o.a.netty.request.NettyRequestSender - Using open Channel [id: 0x75425258, L:/127.0.0.1:64388 - R:localhost/127.0.0.1:54858] for POST '/session/c20b34dd165db8cfeed1d85cfa2ed28b/element'
16:11:28.244 [AsyncHttpClient-1-5] DEBUG o.a.netty.handler.HttpHandler - 

Request DefaultHttpRequest(decodeResult: success, version: HTTP/1.1)
POST /session/c20b34dd165db8cfeed1d85cfa2ed28b/element HTTP/1.1
User-Agent: selenium/4.1.2 (java windows)
Content-Length: 75
Content-Type: application/json; charset=utf-8
host: localhost:54858
accept: */*

Response DefaultHttpResponse(decodeResult: success, version: HTTP/1.1)
HTTP/1.1 200 OK
Content-Type: application/json; charset=utf-8
cache-control: no-cache
content-length: 88

16:11:28.244 [AsyncHttpClient-1-5] DEBUG o.a.netty.channel.ChannelManager - Adding key: http://localhost:54858 for channel [id: 0x75425258, L:/127.0.0.1:64388 - R:localhost/127.0.0.1:54858]
16:11:28.247 [Forwarding isElementDisplayed on session c20b34dd165db8cfeed1d85cfa2ed28b to remote] DEBUG o.a.netty.request.NettyRequestSender - Using pooled Channel '[id: 0x75425258, L:/127.0.0.1:64388 - R:localhost/127.0.0.1:54858]' for 'POST' to 'http://localhost:54858/session/c20b34dd165db8cfeed1d85cfa2ed28b/execute/sync'
16:11:28.247 [Forwarding isElementDisplayed on session c20b34dd165db8cfeed1d85cfa2ed28b to remote] DEBUG o.a.netty.request.NettyRequestSender - Using open Channel [id: 0x75425258, L:/127.0.0.1:64388 - R:localhost/127.0.0.1:54858] for POST '/session/c20b34dd165db8cfeed1d85cfa2ed28b/execute/sync'
16:11:28.252 [AsyncHttpClient-1-5] DEBUG o.a.netty.handler.HttpHandler - 

Request DefaultHttpRequest(decodeResult: success, version: HTTP/1.1)
POST /session/c20b34dd165db8cfeed1d85cfa2ed28b/execute/sync HTTP/1.1
User-Agent: selenium/4.1.2 (java windows)
Content-Length: 48780
Content-Type: application/json; charset=utf-8
host: localhost:54858
accept: */*

Response DefaultHttpResponse(decodeResult: success, version: HTTP/1.1)
HTTP/1.1 200 OK
Content-Type: application/json; charset=utf-8
cache-control: no-cache
content-length: 14

16:11:28.253 [AsyncHttpClient-1-5] DEBUG o.a.netty.channel.ChannelManager - Adding key: http://localhost:54858 for channel [id: 0x75425258, L:/127.0.0.1:64388 - R:localhost/127.0.0.1:54858]
16:11:28.253 [Forwarding getElementText on session c20b34dd165db8cfeed1d85cfa2ed28b to remote] DEBUG o.a.netty.request.NettyRequestSender - Using pooled Channel '[id: 0x75425258, L:/127.0.0.1:64388 - R:localhost/127.0.0.1:54858]' for 'GET' to 'http://localhost:54858/session/c20b34dd165db8cfeed1d85cfa2ed28b/element/4344b438-4ac4-4fdf-ac7e-604c3d26fafd/text'
16:11:28.253 [Forwarding getElementText on session c20b34dd165db8cfeed1d85cfa2ed28b to remote] DEBUG o.a.netty.request.NettyRequestSender - Using open Channel [id: 0x75425258, L:/127.0.0.1:64388 - R:localhost/127.0.0.1:54858] for GET '/session/c20b34dd165db8cfeed1d85cfa2ed28b/element/4344b438-4ac4-4fdf-ac7e-604c3d26fafd/text'
16:11:28.262 [AsyncHttpClient-1-5] DEBUG o.a.netty.handler.HttpHandler - 

Request DefaultFullHttpRequest(decodeResult: success, version: HTTP/1.1, content: EmptyByteBufBE)
GET /session/c20b34dd165db8cfeed1d85cfa2ed28b/element/4344b438-4ac4-4fdf-ac7e-604c3d26fafd/text HTTP/1.1
User-Agent: selenium/4.1.2 (java windows)
Cache-Control: no-cache
Content-Type: application/json; charset=utf-8
host: localhost:54858
accept: */*

Response DefaultHttpResponse(decodeResult: success, version: HTTP/1.1)
HTTP/1.1 200 OK
Content-Type: application/json; charset=utf-8
cache-control: no-cache
content-length: 59

16:11:28.262 [AsyncHttpClient-1-5] DEBUG o.a.netty.channel.ChannelManager - Adding key: http://localhost:54858 for channel [id: 0x75425258, L:/127.0.0.1:64388 - R:localhost/127.0.0.1:54858]
16:11:28.851 [AsyncHttpClient-1-1] DEBUG o.a.netty.channel.DefaultChannelPool - Entry count for : http://localhost:54858 : 1
16:11:28.851 [AsyncHttpClient-1-1] DEBUG o.a.netty.channel.DefaultChannelPool - Entry count for : http://localhost:64389 : 1
16:11:29.957 [AsyncHttpClient-1-1] DEBUG o.a.netty.channel.DefaultChannelPool - Entry count for : http://localhost:54858 : 1
16:11:29.957 [AsyncHttpClient-1-1] DEBUG o.a.netty.channel.DefaultChannelPool - Entry count for : http://localhost:64389 : 1
  &amp#27;[32mWhen &amp#27;[0m&amp#27;[32muser login using invalid credentials with username &amp#27;[0m&amp#27;[32m&amp#27;[1m"invalidUser"&amp#27;[0m&amp#27;[32m and password &amp#27;[0m&amp#27;[32m&amp#27;[1m"InvalidPassword"&amp#27;[0m &amp#27;[90m# stepdefinitions.LoginPageSteps.user_login_using_invalid_credentials_with_username_and_password(java.lang.String,java.lang.String)&amp#27;[0m
16:11:30.267 [Forwarding getTitle on session c20b34dd165db8cfeed1d85cfa2ed28b to remote] DEBUG o.a.netty.request.NettyRequestSender - Using pooled Channel '[id: 0x75425258, L:/127.0.0.1:64388 - R:localhost/127.0.0.1:54858]' for 'GET' to 'http://localhost:54858/session/c20b34dd165db8cfeed1d85cfa2ed28b/title'
16:11:30.267 [Forwarding getTitle on session c20b34dd165db8cfeed1d85cfa2ed28b to remote] DEBUG o.a.netty.request.NettyRequestSender - Using open Channel [id: 0x75425258, L:/127.0.0.1:64388 - R:localhost/127.0.0.1:54858] for GET '/session/c20b34dd165db8cfeed1d85cfa2ed28b/title'
16:11:30.271 [AsyncHttpClient-1-5] DEBUG o.a.netty.handler.HttpHandler - 

Request DefaultFullHttpRequest(decodeResult: success, version: HTTP/1.1, content: EmptyByteBufBE)
GET /session/c20b34dd165db8cfeed1d85cfa2ed28b/title HTTP/1.1
User-Agent: selenium/4.1.2 (java windows)
Cache-Control: no-cache
Content-Type: application/json; charset=utf-8
host: localhost:54858
accept: */*

Response DefaultHttpResponse(decodeResult: success, version: HTTP/1.1)
HTTP/1.1 200 OK
Content-Type: application/json; charset=utf-8
cache-control: no-cache
content-length: 22

16:11:30.271 [AsyncHttpClient-1-5] DEBUG o.a.netty.channel.ChannelManager - Adding key: http://localhost:54858 for channel [id: 0x75425258, L:/127.0.0.1:64388 - R:localhost/127.0.0.1:54858]
16:11:30.271 [Forwarding getTitle on session c20b34dd165db8cfeed1d85cfa2ed28b to remote] DEBUG o.a.netty.request.NettyRequestSender - Using pooled Channel '[id: 0x75425258, L:/127.0.0.1:64388 - R:localhost/127.0.0.1:54858]' for 'GET' to 'http://localhost:54858/session/c20b34dd165db8cfeed1d85cfa2ed28b/title'
16:11:30.271 [Forwarding getTitle on session c20b34dd165db8cfeed1d85cfa2ed28b to remote] DEBUG o.a.netty.request.NettyRequestSender - Using open Channel [id: 0x75425258, L:/127.0.0.1:64388 - R:localhost/127.0.0.1:54858] for GET '/session/c20b34dd165db8cfeed1d85cfa2ed28b/title'
16:11:30.271 [AsyncHttpClient-1-5] DEBUG o.a.netty.handler.HttpHandler - 

Request DefaultFullHttpRequest(decodeResult: success, version: HTTP/1.1, content: EmptyByteBufBE)
GET /session/c20b34dd165db8cfeed1d85cfa2ed28b/title HTTP/1.1
User-Agent: selenium/4.1.2 (java windows)
Cache-Control: no-cache
Content-Type: application/json; charset=utf-8
host: localhost:54858
accept: */*

Response DefaultHttpResponse(decodeResult: success, version: HTTP/1.1)
HTTP/1.1 200 OK
Content-Type: application/json; charset=utf-8
cache-control: no-cache
content-length: 22

16:11:30.271 [AsyncHttpClient-1-5] DEBUG o.a.netty.channel.ChannelManager - Adding key: http://localhost:54858 for channel [id: 0x75425258, L:/127.0.0.1:64388 - R:localhost/127.0.0.1:54858]
16:11:31.053 [AsyncHttpClient-1-1] DEBUG o.a.netty.channel.DefaultChannelPool - Entry count for : http://localhost:54858 : 1
16:11:31.053 [AsyncHttpClient-1-1] DEBUG o.a.netty.channel.DefaultChannelPool - Entry count for : http://localhost:64389 : 1
16:11:32.157 [AsyncHttpClient-1-1] DEBUG o.a.netty.channel.DefaultChannelPool - Entry count for : http://localhost:54858 : 1
16:11:32.157 [AsyncHttpClient-1-1] DEBUG o.a.netty.channel.DefaultChannelPool - Entry count for : http://localhost:64389 : 1
16:11:33.257 [AsyncHttpClient-1-1] DEBUG o.a.netty.channel.DefaultChannelPool - Entry count for : http://localhost:54858 : 1
16:11:33.257 [AsyncHttpClient-1-1] DEBUG o.a.netty.channel.DefaultChannelPool - Entry count for : http://localhost:64389 : 1
16:11:34.358 [AsyncHttpClient-1-1] DEBUG o.a.netty.channel.DefaultChannelPool - Entry count for : http://localhost:54858 : 1
16:11:34.358 [AsyncHttpClient-1-1] DEBUG o.a.netty.channel.DefaultChannelPool - Entry count for : http://localhost:64389 : 1
16:11:35.281 [Forwarding findElement on session c20b34dd165db8cfeed1d85cfa2ed28b to remote] DEBUG o.a.netty.request.NettyRequestSender - Using pooled Channel '[id: 0x75425258, L:/127.0.0.1:64388 - R:localhost/127.0.0.1:54858]' for 'POST' to 'http://localhost:54858/session/c20b34dd165db8cfeed1d85cfa2ed28b/element'
16:11:35.281 [Forwarding findElement on session c20b34dd165db8cfeed1d85cfa2ed28b to remote] DEBUG o.a.netty.request.NettyRequestSender - Using open Channel [id: 0x75425258, L:/127.0.0.1:64388 - R:localhost/127.0.0.1:54858] for POST '/session/c20b34dd165db8cfeed1d85cfa2ed28b/element'
16:11:35.286 [AsyncHttpClient-1-5] DEBUG o.a.netty.handler.HttpHandler - 

Request DefaultHttpRequest(decodeResult: success, version: HTTP/1.1)
POST /session/c20b34dd165db8cfeed1d85cfa2ed28b/element HTTP/1.1
User-Agent: selenium/4.1.2 (java windows)
Content-Length: 75
Content-Type: application/json; charset=utf-8
host: localhost:54858
accept: */*

Response DefaultHttpResponse(decodeResult: success, version: HTTP/1.1)
HTTP/1.1 200 OK
Content-Type: application/json; charset=utf-8
cache-control: no-cache
content-length: 88

16:11:35.286 [AsyncHttpClient-1-5] DEBUG o.a.netty.channel.ChannelManager - Adding key: http://localhost:54858 for channel [id: 0x75425258, L:/127.0.0.1:64388 - R:localhost/127.0.0.1:54858]
16:11:35.286 [Forwarding isElementDisplayed on session c20b34dd165db8cfeed1d85cfa2ed28b to remote] DEBUG o.a.netty.request.NettyRequestSender - Using pooled Channel '[id: 0x75425258, L:/127.0.0.1:64388 - R:localhost/127.0.0.1:54858]' for 'POST' to 'http://localhost:54858/session/c20b34dd165db8cfeed1d85cfa2ed28b/execute/sync'
16:11:35.286 [Forwarding isElementDisplayed on session c20b34dd165db8cfeed1d85cfa2ed28b to remote] DEBUG o.a.netty.request.NettyRequestSender - Using open Channel [id: 0x75425258, L:/127.0.0.1:64388 - R:localhost/127.0.0.1:54858] for POST '/session/c20b34dd165db8cfeed1d85cfa2ed28b/execute/sync'
16:11:35.292 [AsyncHttpClient-1-5] DEBUG o.a.netty.handler.HttpHandler - 

Request DefaultHttpRequest(decodeResult: success, version: HTTP/1.1)
POST /session/c20b34dd165db8cfeed1d85cfa2ed28b/execute/sync HTTP/1.1
User-Agent: selenium/4.1.2 (java windows)
Content-Length: 48780
Content-Type: application/json; charset=utf-8
host: localhost:54858
accept: */*

Response DefaultHttpResponse(decodeResult: success, version: HTTP/1.1)
HTTP/1.1 200 OK
Content-Type: application/json; charset=utf-8
cache-control: no-cache
content-length: 14

16:11:35.292 [AsyncHttpClient-1-5] DEBUG o.a.netty.channel.ChannelManager - Adding key: http://localhost:54858 for channel [id: 0x75425258, L:/127.0.0.1:64388 - R:localhost/127.0.0.1:54858]
16:11:35.292 [Forwarding getElementText on session c20b34dd165db8cfeed1d85cfa2ed28b to remote] DEBUG o.a.netty.request.NettyRequestSender - Using pooled Channel '[id: 0x75425258, L:/127.0.0.1:64388 - R:localhost/127.0.0.1:54858]' for 'GET' to 'http://localhost:54858/session/c20b34dd165db8cfeed1d85cfa2ed28b/element/4344b438-4ac4-4fdf-ac7e-604c3d26fafd/text'
16:11:35.292 [Forwarding getElementText on session c20b34dd165db8cfeed1d85cfa2ed28b to remote] DEBUG o.a.netty.request.NettyRequestSender - Using open Channel [id: 0x75425258, L:/127.0.0.1:64388 - R:localhost/127.0.0.1:54858] for GET '/session/c20b34dd165db8cfeed1d85cfa2ed28b/element/4344b438-4ac4-4fdf-ac7e-604c3d26fafd/text'
16:11:35.296 [AsyncHttpClient-1-5] DEBUG o.a.netty.handler.HttpHandler - 

Request DefaultFullHttpRequest(decodeResult: success, version: HTTP/1.1, content: EmptyByteBufBE)
GET /session/c20b34dd165db8cfeed1d85cfa2ed28b/element/4344b438-4ac4-4fdf-ac7e-604c3d26fafd/text HTTP/1.1
User-Agent: selenium/4.1.2 (java windows)
Cache-Control: no-cache
Content-Type: application/json; charset=utf-8
host: localhost:54858
accept: */*

Response DefaultHttpResponse(decodeResult: success, version: HTTP/1.1)
HTTP/1.1 200 OK
Content-Type: application/json; charset=utf-8
cache-control: no-cache
content-length: 59

16:11:35.296 [AsyncHttpClient-1-5] DEBUG o.a.netty.channel.ChannelManager - Adding key: http://localhost:54858 for channel [id: 0x75425258, L:/127.0.0.1:64388 - R:localhost/127.0.0.1:54858]
16:11:35.451 [AsyncHttpClient-1-1] DEBUG o.a.netty.channel.DefaultChannelPool - Entry count for : http://localhost:54858 : 1
16:11:35.451 [AsyncHttpClient-1-1] DEBUG o.a.netty.channel.DefaultChannelPool - Entry count for : http://localhost:64389 : 1
16:11:36.550 [AsyncHttpClient-1-1] DEBUG o.a.netty.channel.DefaultChannelPool - Entry count for : http://localhost:54858 : 1
16:11:36.550 [AsyncHttpClient-1-1] DEBUG o.a.netty.channel.DefaultChannelPool - Entry count for : http://localhost:64389 : 1
  &amp#27;[32mThen &amp#27;[0m&amp#27;[32muser should not proceed to Dashboard Page&amp#27;[0m                                                       &amp#27;[90m# stepdefinitions.LoginPageSteps.user_should_not_proceed_to_dashboard_page()&amp#27;[0m
author@vrbanke.get("username")
16:11:37.653 [AsyncHttpClient-1-1] DEBUG o.a.netty.channel.DefaultChannelPool - Entry count for : http://localhost:54858 : 1
16:11:37.653 [AsyncHttpClient-1-1] DEBUG o.a.netty.channel.DefaultChannelPool - Entry count for : http://localhost:64389 : 1
16:11:38.750 [AsyncHttpClient-1-1] DEBUG o.a.netty.channel.DefaultChannelPool - Entry count for : http://localhost:54858 : 1
16:11:38.750 [AsyncHttpClient-1-1] DEBUG o.a.netty.channel.DefaultChannelPool - Entry count for : http://localhost:64389 : 1
16:11:39.310 [Forwarding findElement on session c20b34dd165db8cfeed1d85cfa2ed28b to remote] DEBUG o.a.netty.request.NettyRequestSender - Using pooled Channel '[id: 0x75425258, L:/127.0.0.1:64388 - R:localhost/127.0.0.1:54858]' for 'POST' to 'http://localhost:54858/session/c20b34dd165db8cfeed1d85cfa2ed28b/element'
16:11:39.310 [Forwarding findElement on session c20b34dd165db8cfeed1d85cfa2ed28b to remote] DEBUG o.a.netty.request.NettyRequestSender - Using open Channel [id: 0x75425258, L:/127.0.0.1:64388 - R:localhost/127.0.0.1:54858] for POST '/session/c20b34dd165db8cfeed1d85cfa2ed28b/element'
16:11:39.311 [AsyncHttpClient-1-5] DEBUG o.a.netty.handler.HttpHandler - 

Request DefaultHttpRequest(decodeResult: success, version: HTTP/1.1)
POST /session/c20b34dd165db8cfeed1d85cfa2ed28b/element HTTP/1.1
User-Agent: selenium/4.1.2 (java windows)
Content-Length: 128
Content-Type: application/json; charset=utf-8
host: localhost:54858
accept: */*

Response DefaultHttpResponse(decodeResult: success, version: HTTP/1.1)
HTTP/1.1 200 OK
Content-Type: application/json; charset=utf-8
cache-control: no-cache
content-length: 88

16:11:39.311 [AsyncHttpClient-1-5] DEBUG o.a.netty.channel.ChannelManager - Adding key: http://localhost:54858 for channel [id: 0x75425258, L:/127.0.0.1:64388 - R:localhost/127.0.0.1:54858]
16:11:39.311 [Forwarding sendKeysToElement on session c20b34dd165db8cfeed1d85cfa2ed28b to remote] DEBUG o.a.netty.request.NettyRequestSender - Using pooled Channel '[id: 0x75425258, L:/127.0.0.1:64388 - R:localhost/127.0.0.1:54858]' for 'POST' to 'http://localhost:54858/session/c20b34dd165db8cfeed1d85cfa2ed28b/element/f8307f12-d54a-498a-8846-a3d69d6a12f9/value'
16:11:39.311 [Forwarding sendKeysToElement on session c20b34dd165db8cfeed1d85cfa2ed28b to remote] DEBUG o.a.netty.request.NettyRequestSender - Using open Channel [id: 0x75425258, L:/127.0.0.1:64388 - R:localhost/127.0.0.1:54858] for POST '/session/c20b34dd165db8cfeed1d85cfa2ed28b/element/f8307f12-d54a-498a-8846-a3d69d6a12f9/value'
16:11:39.336 [AsyncHttpClient-1-5] DEBUG o.a.netty.handler.HttpHandler - 

Request DefaultHttpRequest(decodeResult: success, version: HTTP/1.1)
POST /session/c20b34dd165db8cfeed1d85cfa2ed28b/element/f8307f12-d54a-498a-8846-a3d69d6a12f9/value HTTP/1.1
User-Agent: selenium/4.1.2 (java windows)
Content-Length: 211
Content-Type: application/json; charset=utf-8
host: localhost:54858
accept: */*

Response DefaultHttpResponse(decodeResult: success, version: HTTP/1.1)
HTTP/1.1 200 OK
Content-Type: application/json; charset=utf-8
cache-control: no-cache
content-length: 14

16:11:39.336 [AsyncHttpClient-1-5] DEBUG o.a.netty.channel.ChannelManager - Adding key: http://localhost:54858 for channel [id: 0x75425258, L:/127.0.0.1:64388 - R:localhost/127.0.0.1:54858]
16:11:39.337 [Forwarding findElement on session c20b34dd165db8cfeed1d85cfa2ed28b to remote] DEBUG o.a.netty.request.NettyRequestSender - Using pooled Channel '[id: 0x75425258, L:/127.0.0.1:64388 - R:localhost/127.0.0.1:54858]' for 'POST' to 'http://localhost:54858/session/c20b34dd165db8cfeed1d85cfa2ed28b/element'
16:11:39.337 [Forwarding findElement on session c20b34dd165db8cfeed1d85cfa2ed28b to remote] DEBUG o.a.netty.request.NettyRequestSender - Using open Channel [id: 0x75425258, L:/127.0.0.1:64388 - R:localhost/127.0.0.1:54858] for POST '/session/c20b34dd165db8cfeed1d85cfa2ed28b/element'
16:11:39.341 [AsyncHttpClient-1-5] DEBUG o.a.netty.handler.HttpHandler - 

Request DefaultHttpRequest(decodeResult: success, version: HTTP/1.1)
POST /session/c20b34dd165db8cfeed1d85cfa2ed28b/element HTTP/1.1
User-Agent: selenium/4.1.2 (java windows)
Content-Length: 132
Content-Type: application/json; charset=utf-8
host: localhost:54858
accept: */*

Response DefaultHttpResponse(decodeResult: success, version: HTTP/1.1)
HTTP/1.1 200 OK
Content-Type: application/json; charset=utf-8
cache-control: no-cache
content-length: 88

16:11:39.341 [AsyncHttpClient-1-5] DEBUG o.a.netty.channel.ChannelManager - Adding key: http://localhost:54858 for channel [id: 0x75425258, L:/127.0.0.1:64388 - R:localhost/127.0.0.1:54858]
16:11:39.342 [Forwarding sendKeysToElement on session c20b34dd165db8cfeed1d85cfa2ed28b to remote] DEBUG o.a.netty.request.NettyRequestSender - Using pooled Channel '[id: 0x75425258, L:/127.0.0.1:64388 - R:localhost/127.0.0.1:54858]' for 'POST' to 'http://localhost:54858/session/c20b34dd165db8cfeed1d85cfa2ed28b/element/5c4a97f1-68e6-46b4-9150-e5dd886879c6/value'
16:11:39.342 [Forwarding sendKeysToElement on session c20b34dd165db8cfeed1d85cfa2ed28b to remote] DEBUG o.a.netty.request.NettyRequestSender - Using open Channel [id: 0x75425258, L:/127.0.0.1:64388 - R:localhost/127.0.0.1:54858] for POST '/session/c20b34dd165db8cfeed1d85cfa2ed28b/element/5c4a97f1-68e6-46b4-9150-e5dd886879c6/value'
16:11:39.372 [AsyncHttpClient-1-5] DEBUG o.a.netty.handler.HttpHandler - 

Request DefaultHttpRequest(decodeResult: success, version: HTTP/1.1)
POST /session/c20b34dd165db8cfeed1d85cfa2ed28b/element/5c4a97f1-68e6-46b4-9150-e5dd886879c6/value HTTP/1.1
User-Agent: selenium/4.1.2 (java windows)
Content-Length: 161
Content-Type: application/json; charset=utf-8
host: localhost:54858
accept: */*

Response DefaultHttpResponse(decodeResult: success, version: HTTP/1.1)
HTTP/1.1 200 OK
Content-Type: application/json; charset=utf-8
cache-control: no-cache
content-length: 14

16:11:39.372 [AsyncHttpClient-1-5] DEBUG o.a.netty.channel.ChannelManager - Adding key: http://localhost:54858 for channel [id: 0x75425258, L:/127.0.0.1:64388 - R:localhost/127.0.0.1:54858]
16:11:39.373 [Forwarding findElement on session c20b34dd165db8cfeed1d85cfa2ed28b to remote] DEBUG o.a.netty.request.NettyRequestSender - Using pooled Channel '[id: 0x75425258, L:/127.0.0.1:64388 - R:localhost/127.0.0.1:54858]' for 'POST' to 'http://localhost:54858/session/c20b34dd165db8cfeed1d85cfa2ed28b/element'
16:11:39.373 [Forwarding findElement on session c20b34dd165db8cfeed1d85cfa2ed28b to remote] DEBUG o.a.netty.request.NettyRequestSender - Using open Channel [id: 0x75425258, L:/127.0.0.1:64388 - R:localhost/127.0.0.1:54858] for POST '/session/c20b34dd165db8cfeed1d85cfa2ed28b/element'
16:11:39.378 [AsyncHttpClient-1-5] DEBUG o.a.netty.handler.HttpHandler - 

Request DefaultHttpRequest(decodeResult: success, version: HTTP/1.1)
POST /session/c20b34dd165db8cfeed1d85cfa2ed28b/element HTTP/1.1
User-Agent: selenium/4.1.2 (java windows)
Content-Length: 125
Content-Type: application/json; charset=utf-8
host: localhost:54858
accept: */*

Response DefaultHttpResponse(decodeResult: success, version: HTTP/1.1)
HTTP/1.1 200 OK
Content-Type: application/json; charset=utf-8
cache-control: no-cache
content-length: 88

16:11:39.378 [AsyncHttpClient-1-5] DEBUG o.a.netty.channel.ChannelManager - Adding key: http://localhost:54858 for channel [id: 0x75425258, L:/127.0.0.1:64388 - R:localhost/127.0.0.1:54858]
16:11:39.379 [Forwarding clickElement on session c20b34dd165db8cfeed1d85cfa2ed28b to remote] DEBUG o.a.netty.request.NettyRequestSender - Using pooled Channel '[id: 0x75425258, L:/127.0.0.1:64388 - R:localhost/127.0.0.1:54858]' for 'POST' to 'http://localhost:54858/session/c20b34dd165db8cfeed1d85cfa2ed28b/element/6dfb0238-c2c0-4081-982f-0f8fc15f447f/click'
16:11:39.379 [Forwarding clickElement on session c20b34dd165db8cfeed1d85cfa2ed28b to remote] DEBUG o.a.netty.request.NettyRequestSender - Using open Channel [id: 0x75425258, L:/127.0.0.1:64388 - R:localhost/127.0.0.1:54858] for POST '/session/c20b34dd165db8cfeed1d85cfa2ed28b/element/6dfb0238-c2c0-4081-982f-0f8fc15f447f/click'
16:11:39.854 [AsyncHttpClient-1-1] DEBUG o.a.netty.channel.DefaultChannelPool - Entry count for : http://localhost:64389 : 1
16:11:40.651 [AsyncHttpClient-1-5] DEBUG o.a.netty.handler.HttpHandler - 

Request DefaultHttpRequest(decodeResult: success, version: HTTP/1.1)
POST /session/c20b34dd165db8cfeed1d85cfa2ed28b/element/6dfb0238-c2c0-4081-982f-0f8fc15f447f/click HTTP/1.1
User-Agent: selenium/4.1.2 (java windows)
Content-Length: 50
Content-Type: application/json; charset=utf-8
host: localhost:54858
accept: */*

Response DefaultHttpResponse(decodeResult: success, version: HTTP/1.1)
HTTP/1.1 200 OK
Content-Type: application/json; charset=utf-8
cache-control: no-cache
content-length: 14

16:11:40.651 [AsyncHttpClient-1-5] DEBUG o.a.netty.channel.ChannelManager - Adding key: http://localhost:54858 for channel [id: 0x75425258, L:/127.0.0.1:64388 - R:localhost/127.0.0.1:54858]
  &amp#27;[32mWhen &amp#27;[0m&amp#27;[32muser login using valid credentials&amp#27;[0m                                                              &amp#27;[90m# stepdefinitions.LoginPageSteps.user_login_using_valid_credentials(io.cucumber.datatable.DataTable)&amp#27;[0m
    | username      | password | titlePage       |
    | author@vrbank | pega123! | Pega Dev Studio |
16:11:40.655 [Forwarding getTitle on session c20b34dd165db8cfeed1d85cfa2ed28b to remote] DEBUG o.a.netty.request.NettyRequestSender - Using pooled Channel '[id: 0x75425258, L:/127.0.0.1:64388 - R:localhost/127.0.0.1:54858]' for 'GET' to 'http://localhost:54858/session/c20b34dd165db8cfeed1d85cfa2ed28b/title'
16:11:40.655 [Forwarding getTitle on session c20b34dd165db8cfeed1d85cfa2ed28b to remote] DEBUG o.a.netty.request.NettyRequestSender - Using open Channel [id: 0x75425258, L:/127.0.0.1:64388 - R:localhost/127.0.0.1:54858] for GET '/session/c20b34dd165db8cfeed1d85cfa2ed28b/title'
16:11:40.694 [AsyncHttpClient-1-5] DEBUG o.a.netty.handler.HttpHandler - 

Request DefaultFullHttpRequest(decodeResult: success, version: HTTP/1.1, content: EmptyByteBufBE)
GET /session/c20b34dd165db8cfeed1d85cfa2ed28b/title HTTP/1.1
User-Agent: selenium/4.1.2 (java windows)
Cache-Control: no-cache
Content-Type: application/json; charset=utf-8
host: localhost:54858
accept: */*

Response DefaultHttpResponse(decodeResult: success, version: HTTP/1.1)
HTTP/1.1 200 OK
Content-Type: application/json; charset=utf-8
cache-control: no-cache
content-length: 27

16:11:40.694 [AsyncHttpClient-1-5] DEBUG o.a.netty.channel.ChannelManager - Adding key: http://localhost:54858 for channel [id: 0x75425258, L:/127.0.0.1:64388 - R:localhost/127.0.0.1:54858]
16:11:40.695 [Forwarding getTitle on session c20b34dd165db8cfeed1d85cfa2ed28b to remote] DEBUG o.a.netty.request.NettyRequestSender - Using pooled Channel '[id: 0x75425258, L:/127.0.0.1:64388 - R:localhost/127.0.0.1:54858]' for 'GET' to 'http://localhost:54858/session/c20b34dd165db8cfeed1d85cfa2ed28b/title'
16:11:40.695 [Forwarding getTitle on session c20b34dd165db8cfeed1d85cfa2ed28b to remote] DEBUG o.a.netty.request.NettyRequestSender - Using open Channel [id: 0x75425258, L:/127.0.0.1:64388 - R:localhost/127.0.0.1:54858] for GET '/session/c20b34dd165db8cfeed1d85cfa2ed28b/title'
16:11:40.698 [AsyncHttpClient-1-5] DEBUG o.a.netty.handler.HttpHandler - 

Request DefaultFullHttpRequest(decodeResult: success, version: HTTP/1.1, content: EmptyByteBufBE)
GET /session/c20b34dd165db8cfeed1d85cfa2ed28b/title HTTP/1.1
User-Agent: selenium/4.1.2 (java windows)
Cache-Control: no-cache
Content-Type: application/json; charset=utf-8
host: localhost:54858
accept: */*

Response DefaultHttpResponse(decodeResult: success, version: HTTP/1.1)
HTTP/1.1 200 OK
Content-Type: application/json; charset=utf-8
cache-control: no-cache
content-length: 27

16:11:40.698 [AsyncHttpClient-1-5] DEBUG o.a.netty.channel.ChannelManager - Adding key: http://localhost:54858 for channel [id: 0x75425258, L:/127.0.0.1:64388 - R:localhost/127.0.0.1:54858]
16:11:40.955 [AsyncHttpClient-1-1] DEBUG o.a.netty.channel.DefaultChannelPool - Entry count for : http://localhost:54858 : 1
16:11:40.955 [AsyncHttpClient-1-1] DEBUG o.a.netty.channel.DefaultChannelPool - Entry count for : http://localhost:64389 : 1
16:11:42.065 [AsyncHttpClient-1-1] DEBUG o.a.netty.channel.DefaultChannelPool - Entry count for : http://localhost:54858 : 1
16:11:42.065 [AsyncHttpClient-1-1] DEBUG o.a.netty.channel.DefaultChannelPool - Entry count for : http://localhost:64389 : 1
16:11:43.159 [AsyncHttpClient-1-1] DEBUG o.a.netty.channel.DefaultChannelPool - Entry count for : http://localhost:54858 : 1
16:11:43.159 [AsyncHttpClient-1-1] DEBUG o.a.netty.channel.DefaultChannelPool - Entry count for : http://localhost:64389 : 1
16:11:44.264 [AsyncHttpClient-1-1] DEBUG o.a.netty.channel.DefaultChannelPool - Entry count for : http://localhost:54858 : 1
16:11:44.264 [AsyncHttpClient-1-1] DEBUG o.a.netty.channel.DefaultChannelPool - Entry count for : http://localhost:64389 : 1
16:11:45.357 [AsyncHttpClient-1-1] DEBUG o.a.netty.channel.DefaultChannelPool - Entry count for : http://localhost:54858 : 1
16:11:45.357 [AsyncHttpClient-1-1] DEBUG o.a.netty.channel.DefaultChannelPool - Entry count for : http://localhost:64389 : 1
  &amp#27;[32mThen &amp#27;[0m&amp#27;[32muser should proceed to Dashboard Page&amp#27;[0m                                                           &amp#27;[90m# stepdefinitions.LoginPageSteps.user_should_proceed_to_dashboard_page()&amp#27;[0m
16:11:45.714 [AsyncHttpClient-1-7] DEBUG o.a.netty.handler.WebSocketHandler - Channel Closed: [id: 0x73aa1a0b, L:/127.0.0.1:64396 ! R:localhost/127.0.0.1:64389] with attribute NettyResponseFuture{currentRetry=5,
	isDone=1,
	isCancelled=0,
	asyncHandler=org.asynchttpclient.ws.WebSocketUpgradeHandler@6c144e6a,
	nettyRequest=org.asynchttpclient.netty.request.NettyRequest@2916dd8c,
	future=java.util.concurrent.CompletableFuture@2ed5f941[Completed normally],
	uri=ws://localhost:64389/devtools/browser/6e66c193-daa3-4866-93a3-2d48031854b1,
	keepAlive=true,
	redirectCount=0,
	timeoutsHolder=null,
	inAuth=0,
	touch=1648023080184}
16:11:45.714 [AsyncHttpClient-1-7] DEBUG o.a.netty.channel.ChannelManager - Closing Channel [id: 0x73aa1a0b, L:/127.0.0.1:64396 ! R:localhost/127.0.0.1:64389] 
16:11:45.714 [Driver Command Executor] DEBUG o.a.netty.request.NettyRequestSender - Using pooled Channel '[id: 0x75425258, L:/127.0.0.1:64388 - R:localhost/127.0.0.1:54858]' for 'DELETE' to 'http://localhost:54858/session/c20b34dd165db8cfeed1d85cfa2ed28b'
16:11:45.714 [Driver Command Executor] DEBUG o.a.netty.request.NettyRequestSender - Using open Channel [id: 0x75425258, L:/127.0.0.1:64388 - R:localhost/127.0.0.1:54858] for DELETE '/session/c20b34dd165db8cfeed1d85cfa2ed28b'
16:11:45.729 [AsyncHttpClient-1-6] DEBUG o.a.netty.handler.HttpHandler - Unexpected I/O exception on channel [id: 0xe04c63b4, L:/127.0.0.1:64395 - R:localhost/127.0.0.1:64389]
java.net.SocketException: Connection reset
	at java.base/sun.nio.ch.SocketChannelImpl.throwConnectionReset(SocketChannelImpl.java:367) ~[na:na]
	at java.base/sun.nio.ch.SocketChannelImpl.read(SocketChannelImpl.java:398) ~[na:na]
	at io.netty.buffer.PooledByteBuf.setBytes(PooledByteBuf.java:253) ~[netty-buffer-4.1.70.Final.jar:4.1.70.Final]
	at io.netty.buffer.AbstractByteBuf.writeBytes(AbstractByteBuf.java:1132) ~[netty-buffer-4.1.70.Final.jar:4.1.70.Final]
	at io.netty.channel.socket.nio.NioSocketChannel.doReadBytes(NioSocketChannel.java:350) ~[netty-transport-4.1.70.Final.jar:4.1.70.Final]
	at io.netty.channel.nio.AbstractNioByteChannel$NioByteUnsafe.read(AbstractNioByteChannel.java:151) ~[netty-transport-4.1.70.Final.jar:4.1.70.Final]
	at io.netty.channel.nio.NioEventLoop.processSelectedKey(NioEventLoop.java:719) ~[netty-transport-4.1.70.Final.jar:4.1.70.Final]
	at io.netty.channel.nio.NioEventLoop.processSelectedKeysOptimized(NioEventLoop.java:655) ~[netty-transport-4.1.70.Final.jar:4.1.70.Final]
	at io.netty.channel.nio.NioEventLoop.processSelectedKeys(NioEventLoop.java:581) ~[netty-transport-4.1.70.Final.jar:4.1.70.Final]
	at io.netty.channel.nio.NioEventLoop.run(NioEventLoop.java:493) ~[netty-transport-4.1.70.Final.jar:4.1.70.Final]
	at io.netty.util.concurrent.SingleThreadEventExecutor$4.run(SingleThreadEventExecutor.java:986) ~[netty-common-4.1.70.Final.jar:4.1.70.Final]
	at io.netty.util.internal.ThreadExecutorMap$2.run(ThreadExecutorMap.java:74) ~[netty-common-4.1.70.Final.jar:4.1.70.Final]
	at io.netty.util.concurrent.FastThreadLocalRunnable.run(FastThreadLocalRunnable.java:30) ~[netty-common-4.1.70.Final.jar:4.1.70.Final]
	at java.base/java.lang.Thread.run(Thread.java:832) ~[na:na]
16:11:45.729 [AsyncHttpClient-1-6] DEBUG o.a.netty.channel.ChannelManager - Closing Channel [id: 0xe04c63b4, L:/127.0.0.1:64395 - R:localhost/127.0.0.1:64389] 
16:11:45.729 [AsyncHttpClient-1-6] DEBUG o.a.netty.handler.HttpHandler - Channel Closed: [id: 0xe04c63b4, L:/127.0.0.1:64395 ! R:localhost/127.0.0.1:64389] with attribute DISCARD
16:11:45.737 [AsyncHttpClient-1-5] DEBUG o.a.netty.handler.HttpHandler - 

Request DefaultFullHttpRequest(decodeResult: success, version: HTTP/1.1, content: EmptyByteBufBE)
DELETE /session/c20b34dd165db8cfeed1d85cfa2ed28b HTTP/1.1
User-Agent: selenium/4.1.2 (java windows)
Content-Type: application/json; charset=utf-8
host: localhost:54858
accept: */*

Response DefaultHttpResponse(decodeResult: success, version: HTTP/1.1)
HTTP/1.1 200 OK
Content-Type: application/json; charset=utf-8
cache-control: no-cache
content-length: 14

16:11:45.737 [AsyncHttpClient-1-5] DEBUG o.a.netty.channel.ChannelManager - Adding key: http://localhost:54858 for channel [id: 0x75425258, L:/127.0.0.1:64388 - R:localhost/127.0.0.1:54858]
16:11:45.772 [AsyncHttpClient-1-5] DEBUG o.a.netty.handler.HttpHandler - Channel Closed: [id: 0x75425258, L:/127.0.0.1:64388 ! R:localhost/127.0.0.1:54858] with attribute DISCARD
16:11:46.287 [main] INFO   - 
  _____   ___   ___   _____     ___     _     ___   ___   ___   ___  
 |_   _| | __| / __| |_   _|   | _ \   /_\   / __| / __| | __| |   \ 
   | |   | _|  \__ \   | |     |  _/  / _ \  \__ \ \__ \ | _|  | |) |
   |_|   |___| |___/   |_|     |_|   /_/ \_\ |___/ |___/ |___| |___/ 

Login to PEGA Site using Author, Manager and User
----------------------------------------------------------------------
]]></system-out>
    <system-err><![CDATA[Starting ChromeDriver 99.0.4844.51 (d537ec02474b5afe23684e7963d538896c63ac77-refs/branch-heads/4844@{#875}) on port 54858
Only local connections are allowed.
Please see https://chromedriver.chromium.org/security-considerations for suggestions on keeping ChromeDriver safe.
ChromeDriver was started successfully.
Mar 23, 2022 4:11:20 PM org.openqa.selenium.remote.ProtocolHandshake createSession
INFO: Detected dialect: W3C
Mar 23, 2022 4:11:20 PM org.openqa.selenium.devtools.CdpVersionFinder findNearestMatch
WARNING: Unable to find an exact match for CDP version 99, so returning the closest version found: 96
Mar 23, 2022 4:11:20 PM org.openqa.selenium.devtools.CdpVersionFinder findNearestMatch
INFO: Found CDP implementation for version 99 of 96
]]></system-err>
  </testcase>
  <testcase name="Login to PEGA Site using User" classname="Validate And Verify Login Page to PEGA Site" time="28.289">
    <system-out><![CDATA[
@All @Regression
Scenario: Login to PEGA Site using User                                                                &amp#27;[90m# src/main/resources/AppFeatures/ValidateAndVerifyLoginPage.feature:30&amp#27;[0m
16:11:46.291 [main] INFO  i.c.core.plugin.SerenityReporter - Running feature from file:///Z:/Automation/JavaCucumber/BDD_HCL/CucumberHCL/src/main/resources/AppFeatures/ValidateAndVerifyLoginPage.feature
16:11:46.291 [main] WARN  i.c.core.plugin.SerenityReporter - Feature from file:///Z:/Automation/JavaCucumber/BDD_HCL/CucumberHCL/src/main/resources/AppFeatures/ValidateAndVerifyLoginPage.feature is not under the 'features' directory. Requirements report will not be correctly generated!
16:11:46.291 [main] INFO   - 
  _____   ___   ___   _____     ___   _____     _     ___   _____   ___   ___  
 |_   _| | __| / __| |_   _|   / __| |_   _|   /_\   | _ \ |_   _| | __| |   \ 
   | |   | _|  \__ \   | |     \__ \   | |    / _ \  |   /   | |   | _|  | |) |
   |_|   |___| |___/   |_|     |___/   |_|   /_/ \_\ |_|_\   |_|   |___| |___/ 

Login to PEGA Site using User(validate-and-verify-login-page-to-pega-site;login-to-pega-site-using-user)
--------------------------------------------------------------------------------
16:11:46.297 [main] DEBUG com.pages.drivers.DriversFactory - Initialize Driver Browser Configuration
16:11:46.297 [main] DEBUG com.pages.drivers.DriversFactory -  Driver Browser : chrome
16:11:46.301 [main] DEBUG i.g.bonigarcia.wdm.WebDriverManager - Driver chromedriver 99.0.4844.51 found in cache
16:11:46.301 [main] INFO  i.g.bonigarcia.wdm.WebDriverManager - Exporting webdriver.chrome.driver as C:\Users\DheyClaveria\.cache\selenium\chromedriver\win32\99.0.4844.51\chromedriver.exe
16:11:46.456 [AsyncHttpClient-1-1] DEBUG o.a.netty.channel.DefaultChannelPool - Entry count for : http://localhost:54858 : 1
16:11:46.456 [AsyncHttpClient-1-1] DEBUG o.a.netty.channel.DefaultChannelPool - Entry count for : http://localhost:64389 : 1
16:11:46.456 [AsyncHttpClient-1-1] DEBUG o.a.netty.channel.DefaultChannelPool - Adding Candidate expired Channel [id: 0x75425258, L:/127.0.0.1:64388 ! R:localhost/127.0.0.1:54858] isIdleTimeoutExpired=false isRemotelyClosed=true isTtlExpired=false
16:11:46.456 [AsyncHttpClient-1-1] DEBUG o.a.netty.channel.DefaultChannelPool - Closing Idle Channel [id: 0x75425258, L:/127.0.0.1:64388 ! R:localhost/127.0.0.1:54858]
16:11:46.456 [AsyncHttpClient-1-1] DEBUG o.a.netty.channel.DefaultChannelPool - Adding Candidate expired Channel [id: 0xe04c63b4, L:/127.0.0.1:64395 ! R:localhost/127.0.0.1:64389] isIdleTimeoutExpired=false isRemotelyClosed=true isTtlExpired=false
16:11:46.456 [AsyncHttpClient-1-1] DEBUG o.a.netty.channel.DefaultChannelPool - Closing Idle Channel [id: 0xe04c63b4, L:/127.0.0.1:64395 ! R:localhost/127.0.0.1:64389]
16:11:46.456 [AsyncHttpClient-1-1] DEBUG o.a.netty.channel.DefaultChannelPool - Closed 2 connections out of 2 in 0 ms
16:11:46.841 [AsyncHttpClient-1-8] DEBUG o.a.n.channel.NettyConnectListener - Using new Channel '[id: 0x5f139912, L:/127.0.0.1:64464 - R:localhost/127.0.0.1:61994]' for 'POST' to '/session'
16:11:47.421 [AsyncHttpClient-1-8] DEBUG o.a.netty.handler.HttpHandler - 

Request DefaultHttpRequest(decodeResult: success, version: HTTP/1.1)
POST /session HTTP/1.1
User-Agent: selenium/4.1.2 (java windows)
Content-Length: 365
Content-Type: application/json; charset=utf-8
host: localhost:61994
accept: */*

Response DefaultHttpResponse(decodeResult: success, version: HTTP/1.1)
HTTP/1.1 200 OK
Content-Type: application/json; charset=utf-8
cache-control: no-cache
content-length: 794

16:11:47.421 [AsyncHttpClient-1-8] DEBUG o.a.netty.channel.ChannelManager - Adding key: http://localhost:61994 for channel [id: 0x5f139912, L:/127.0.0.1:64464 - R:localhost/127.0.0.1:61994]
16:11:47.427 [AsyncHttpClient-1-9] DEBUG o.a.n.channel.NettyConnectListener - Using new Channel '[id: 0x5ee32d11, L:/127.0.0.1:64471 - R:localhost/127.0.0.1:64465]' for 'GET' to '/json/version'
16:11:47.431 [AsyncHttpClient-1-9] DEBUG o.a.netty.handler.HttpHandler - 

Request DefaultFullHttpRequest(decodeResult: success, version: HTTP/1.1, content: EmptyByteBufBE)
GET /json/version HTTP/1.1
User-Agent: selenium/4.1.2 (java windows)
host: localhost:64465
accept: */*

Response DefaultHttpResponse(decodeResult: success, version: HTTP/1.1)
HTTP/1.1 200 OK
Content-Type: application/json; charset=UTF-8
content-length: 423

16:11:47.431 [AsyncHttpClient-1-9] DEBUG o.a.netty.channel.ChannelManager - Adding key: http://localhost:64465 for channel [id: 0x5ee32d11, L:/127.0.0.1:64471 - R:localhost/127.0.0.1:64465]
16:11:47.431 [AsyncHttpClient-1-10] DEBUG o.a.n.channel.NettyConnectListener - Using new Channel '[id: 0x5ad1ffa7, L:/127.0.0.1:64472 - R:localhost/127.0.0.1:64465]' for 'GET' to '/devtools/browser/8e1a2b2b-28f0-4d78-bda8-ed3bff94d374'
16:11:47.437 [AsyncHttpClient-1-10] DEBUG o.a.netty.handler.WebSocketHandler - 

Request DefaultFullHttpRequest(decodeResult: success, version: HTTP/1.1, content: EmptyByteBufBE)
GET /devtools/browser/8e1a2b2b-28f0-4d78-bda8-ed3bff94d374 HTTP/1.1
upgrade: websocket
connection: upgrade
sec-websocket-key: XbKZX48iPCk65excS1nHig==
sec-websocket-version: 13
origin: http://localhost:64465
host: localhost:64465
accept: */*
user-agent: AHC/2.1

Response DefaultHttpResponse(decodeResult: success, version: HTTP/1.1)
HTTP/1.1 101 WebSocket Protocol Handshake
Upgrade: WebSocket
Connection: Upgrade
Sec-WebSocket-Accept: wGQGACl8F8TtD3eKtqSRDrJBJ2c=

16:11:47.441 [Forwarding deleteAllCookies on session 3435545405ed4756f315a678dce33f9b to remote] DEBUG o.a.netty.request.NettyRequestSender - Using pooled Channel '[id: 0x5f139912, L:/127.0.0.1:64464 - R:localhost/127.0.0.1:61994]' for 'DELETE' to 'http://localhost:61994/session/3435545405ed4756f315a678dce33f9b/cookie'
16:11:47.441 [Forwarding deleteAllCookies on session 3435545405ed4756f315a678dce33f9b to remote] DEBUG o.a.netty.request.NettyRequestSender - Using open Channel [id: 0x5f139912, L:/127.0.0.1:64464 - R:localhost/127.0.0.1:61994] for DELETE '/session/3435545405ed4756f315a678dce33f9b/cookie'
16:11:47.441 [AsyncHttpClient-1-8] DEBUG o.a.netty.handler.HttpHandler - 

Request DefaultFullHttpRequest(decodeResult: success, version: HTTP/1.1, content: EmptyByteBufBE)
DELETE /session/3435545405ed4756f315a678dce33f9b/cookie HTTP/1.1
User-Agent: selenium/4.1.2 (java windows)
Content-Type: application/json; charset=utf-8
host: localhost:61994
accept: */*

Response DefaultHttpResponse(decodeResult: success, version: HTTP/1.1)
HTTP/1.1 200 OK
Content-Type: application/json; charset=utf-8
cache-control: no-cache
content-length: 14

16:11:47.441 [AsyncHttpClient-1-8] DEBUG o.a.netty.channel.ChannelManager - Adding key: http://localhost:61994 for channel [id: 0x5f139912, L:/127.0.0.1:64464 - R:localhost/127.0.0.1:61994]
16:11:47.441 [Forwarding maximizeCurrentWindow on session 3435545405ed4756f315a678dce33f9b to remote] DEBUG o.a.netty.request.NettyRequestSender - Using pooled Channel '[id: 0x5f139912, L:/127.0.0.1:64464 - R:localhost/127.0.0.1:61994]' for 'POST' to 'http://localhost:61994/session/3435545405ed4756f315a678dce33f9b/window/maximize'
16:11:47.441 [Forwarding maximizeCurrentWindow on session 3435545405ed4756f315a678dce33f9b to remote] DEBUG o.a.netty.request.NettyRequestSender - Using open Channel [id: 0x5f139912, L:/127.0.0.1:64464 - R:localhost/127.0.0.1:61994] for POST '/session/3435545405ed4756f315a678dce33f9b/window/maximize'
16:11:47.558 [AsyncHttpClient-1-1] DEBUG o.a.netty.channel.DefaultChannelPool - Entry count for : http://localhost:64465 : 1
16:11:47.558 [AsyncHttpClient-1-8] DEBUG o.a.netty.handler.HttpHandler - 

Request DefaultHttpRequest(decodeResult: success, version: HTTP/1.1)
POST /session/3435545405ed4756f315a678dce33f9b/window/maximize HTTP/1.1
User-Agent: selenium/4.1.2 (java windows)
Content-Length: 3
Content-Type: application/json; charset=utf-8
host: localhost:61994
accept: */*

Response DefaultHttpResponse(decodeResult: success, version: HTTP/1.1)
HTTP/1.1 200 OK
Content-Type: application/json; charset=utf-8
cache-control: no-cache
content-length: 52

16:11:47.558 [AsyncHttpClient-1-8] DEBUG o.a.netty.channel.ChannelManager - Adding key: http://localhost:61994 for channel [id: 0x5f139912, L:/127.0.0.1:64464 - R:localhost/127.0.0.1:61994]
16:11:47.558 [Forwarding get on session 3435545405ed4756f315a678dce33f9b to remote] DEBUG o.a.netty.request.NettyRequestSender - Using pooled Channel '[id: 0x5f139912, L:/127.0.0.1:64464 - R:localhost/127.0.0.1:61994]' for 'POST' to 'http://localhost:61994/session/3435545405ed4756f315a678dce33f9b/url'
16:11:47.558 [Forwarding get on session 3435545405ed4756f315a678dce33f9b to remote] DEBUG o.a.netty.request.NettyRequestSender - Using open Channel [id: 0x5f139912, L:/127.0.0.1:64464 - R:localhost/127.0.0.1:61994] for POST '/session/3435545405ed4756f315a678dce33f9b/url'
16:11:47.654 [AsyncHttpClient-1-8] DEBUG o.a.netty.handler.HttpHandler - 

Request DefaultHttpRequest(decodeResult: success, version: HTTP/1.1)
POST /session/3435545405ed4756f315a678dce33f9b/url HTTP/1.1
User-Agent: selenium/4.1.2 (java windows)
Content-Length: 148
Content-Type: application/json; charset=utf-8
host: localhost:61994
accept: */*

Response DefaultHttpResponse(decodeResult: success, version: HTTP/1.1)
HTTP/1.1 200 OK
Content-Type: application/json; charset=utf-8
cache-control: no-cache
content-length: 14

16:11:47.654 [AsyncHttpClient-1-8] DEBUG o.a.netty.channel.ChannelManager - Adding key: http://localhost:61994 for channel [id: 0x5f139912, L:/127.0.0.1:64464 - R:localhost/127.0.0.1:61994]
16:11:47.655 [Forwarding getTitle on session 3435545405ed4756f315a678dce33f9b to remote] DEBUG o.a.netty.request.NettyRequestSender - Using pooled Channel '[id: 0x5f139912, L:/127.0.0.1:64464 - R:localhost/127.0.0.1:61994]' for 'GET' to 'http://localhost:61994/session/3435545405ed4756f315a678dce33f9b/title'
16:11:47.655 [Forwarding getTitle on session 3435545405ed4756f315a678dce33f9b to remote] DEBUG o.a.netty.request.NettyRequestSender - Using open Channel [id: 0x5f139912, L:/127.0.0.1:64464 - R:localhost/127.0.0.1:61994] for GET '/session/3435545405ed4756f315a678dce33f9b/title'
16:11:47.660 [AsyncHttpClient-1-8] DEBUG o.a.netty.handler.HttpHandler - 

Request DefaultFullHttpRequest(decodeResult: success, version: HTTP/1.1, content: EmptyByteBufBE)
GET /session/3435545405ed4756f315a678dce33f9b/title HTTP/1.1
User-Agent: selenium/4.1.2 (java windows)
Cache-Control: no-cache
Content-Type: application/json; charset=utf-8
host: localhost:61994
accept: */*

Response DefaultHttpResponse(decodeResult: success, version: HTTP/1.1)
HTTP/1.1 200 OK
Content-Type: application/json; charset=utf-8
cache-control: no-cache
content-length: 22

16:11:47.660 [AsyncHttpClient-1-8] DEBUG o.a.netty.channel.ChannelManager - Adding key: http://localhost:61994 for channel [id: 0x5f139912, L:/127.0.0.1:64464 - R:localhost/127.0.0.1:61994]
16:11:47.660 [Forwarding getTitle on session 3435545405ed4756f315a678dce33f9b to remote] DEBUG o.a.netty.request.NettyRequestSender - Using pooled Channel '[id: 0x5f139912, L:/127.0.0.1:64464 - R:localhost/127.0.0.1:61994]' for 'GET' to 'http://localhost:61994/session/3435545405ed4756f315a678dce33f9b/title'
16:11:47.660 [Forwarding getTitle on session 3435545405ed4756f315a678dce33f9b to remote] DEBUG o.a.netty.request.NettyRequestSender - Using open Channel [id: 0x5f139912, L:/127.0.0.1:64464 - R:localhost/127.0.0.1:61994] for GET '/session/3435545405ed4756f315a678dce33f9b/title'
16:11:47.662 [AsyncHttpClient-1-8] DEBUG o.a.netty.handler.HttpHandler - 

Request DefaultFullHttpRequest(decodeResult: success, version: HTTP/1.1, content: EmptyByteBufBE)
GET /session/3435545405ed4756f315a678dce33f9b/title HTTP/1.1
User-Agent: selenium/4.1.2 (java windows)
Cache-Control: no-cache
Content-Type: application/json; charset=utf-8
host: localhost:61994
accept: */*

Response DefaultHttpResponse(decodeResult: success, version: HTTP/1.1)
HTTP/1.1 200 OK
Content-Type: application/json; charset=utf-8
cache-control: no-cache
content-length: 22

16:11:47.662 [AsyncHttpClient-1-8] DEBUG o.a.netty.channel.ChannelManager - Adding key: http://localhost:61994 for channel [id: 0x5f139912, L:/127.0.0.1:64464 - R:localhost/127.0.0.1:61994]
16:11:48.664 [AsyncHttpClient-1-1] DEBUG o.a.netty.channel.DefaultChannelPool - Entry count for : http://localhost:64465 : 1
16:11:48.664 [AsyncHttpClient-1-1] DEBUG o.a.netty.channel.DefaultChannelPool - Entry count for : http://localhost:61994 : 1
16:11:49.757 [AsyncHttpClient-1-1] DEBUG o.a.netty.channel.DefaultChannelPool - Entry count for : http://localhost:64465 : 1
16:11:49.757 [AsyncHttpClient-1-1] DEBUG o.a.netty.channel.DefaultChannelPool - Entry count for : http://localhost:61994 : 1
16:11:50.864 [AsyncHttpClient-1-1] DEBUG o.a.netty.channel.DefaultChannelPool - Entry count for : http://localhost:64465 : 1
16:11:50.864 [AsyncHttpClient-1-1] DEBUG o.a.netty.channel.DefaultChannelPool - Entry count for : http://localhost:61994 : 1
16:11:51.965 [AsyncHttpClient-1-1] DEBUG o.a.netty.channel.DefaultChannelPool - Entry count for : http://localhost:64465 : 1
16:11:51.965 [AsyncHttpClient-1-1] DEBUG o.a.netty.channel.DefaultChannelPool - Entry count for : http://localhost:61994 : 1
  &amp#27;[32mGiven &amp#27;[0m&amp#27;[32mthat the user should navigate in PEGA Login Page&amp#27;[0m                                               &amp#27;[90m# stepdefinitions.LoginPageSteps.that_the_user_should_navigate_in_pega_login_page()&amp#27;[0m
16:11:52.668 [Forwarding findElement on session 3435545405ed4756f315a678dce33f9b to remote] DEBUG o.a.netty.request.NettyRequestSender - Using pooled Channel '[id: 0x5f139912, L:/127.0.0.1:64464 - R:localhost/127.0.0.1:61994]' for 'POST' to 'http://localhost:61994/session/3435545405ed4756f315a678dce33f9b/element'
16:11:52.668 [Forwarding findElement on session 3435545405ed4756f315a678dce33f9b to remote] DEBUG o.a.netty.request.NettyRequestSender - Using open Channel [id: 0x5f139912, L:/127.0.0.1:64464 - R:localhost/127.0.0.1:61994] for POST '/session/3435545405ed4756f315a678dce33f9b/element'
16:11:52.677 [AsyncHttpClient-1-8] DEBUG o.a.netty.handler.HttpHandler - 

Request DefaultHttpRequest(decodeResult: success, version: HTTP/1.1)
POST /session/3435545405ed4756f315a678dce33f9b/element HTTP/1.1
User-Agent: selenium/4.1.2 (java windows)
Content-Length: 128
Content-Type: application/json; charset=utf-8
host: localhost:61994
accept: */*

Response DefaultHttpResponse(decodeResult: success, version: HTTP/1.1)
HTTP/1.1 200 OK
Content-Type: application/json; charset=utf-8
cache-control: no-cache
content-length: 88

16:11:52.677 [AsyncHttpClient-1-8] DEBUG o.a.netty.channel.ChannelManager - Adding key: http://localhost:61994 for channel [id: 0x5f139912, L:/127.0.0.1:64464 - R:localhost/127.0.0.1:61994]
16:11:52.679 [Forwarding isElementDisplayed on session 3435545405ed4756f315a678dce33f9b to remote] DEBUG o.a.netty.request.NettyRequestSender - Using pooled Channel '[id: 0x5f139912, L:/127.0.0.1:64464 - R:localhost/127.0.0.1:61994]' for 'POST' to 'http://localhost:61994/session/3435545405ed4756f315a678dce33f9b/execute/sync'
16:11:52.679 [Forwarding isElementDisplayed on session 3435545405ed4756f315a678dce33f9b to remote] DEBUG o.a.netty.request.NettyRequestSender - Using open Channel [id: 0x5f139912, L:/127.0.0.1:64464 - R:localhost/127.0.0.1:61994] for POST '/session/3435545405ed4756f315a678dce33f9b/execute/sync'
16:11:52.693 [AsyncHttpClient-1-8] DEBUG o.a.netty.handler.HttpHandler - 

Request DefaultHttpRequest(decodeResult: success, version: HTTP/1.1)
POST /session/3435545405ed4756f315a678dce33f9b/execute/sync HTTP/1.1
User-Agent: selenium/4.1.2 (java windows)
Content-Length: 48780
Content-Type: application/json; charset=utf-8
host: localhost:61994
accept: */*

Response DefaultHttpResponse(decodeResult: success, version: HTTP/1.1)
HTTP/1.1 200 OK
Content-Type: application/json; charset=utf-8
cache-control: no-cache
content-length: 14

16:11:52.694 [AsyncHttpClient-1-8] DEBUG o.a.netty.channel.ChannelManager - Adding key: http://localhost:61994 for channel [id: 0x5f139912, L:/127.0.0.1:64464 - R:localhost/127.0.0.1:61994]
16:11:52.694 [Forwarding findElement on session 3435545405ed4756f315a678dce33f9b to remote] DEBUG o.a.netty.request.NettyRequestSender - Using pooled Channel '[id: 0x5f139912, L:/127.0.0.1:64464 - R:localhost/127.0.0.1:61994]' for 'POST' to 'http://localhost:61994/session/3435545405ed4756f315a678dce33f9b/element'
16:11:52.694 [Forwarding findElement on session 3435545405ed4756f315a678dce33f9b to remote] DEBUG o.a.netty.request.NettyRequestSender - Using open Channel [id: 0x5f139912, L:/127.0.0.1:64464 - R:localhost/127.0.0.1:61994] for POST '/session/3435545405ed4756f315a678dce33f9b/element'
16:11:52.699 [AsyncHttpClient-1-8] DEBUG o.a.netty.handler.HttpHandler - 

Request DefaultHttpRequest(decodeResult: success, version: HTTP/1.1)
POST /session/3435545405ed4756f315a678dce33f9b/element HTTP/1.1
User-Agent: selenium/4.1.2 (java windows)
Content-Length: 128
Content-Type: application/json; charset=utf-8
host: localhost:61994
accept: */*

Response DefaultHttpResponse(decodeResult: success, version: HTTP/1.1)
HTTP/1.1 200 OK
Content-Type: application/json; charset=utf-8
cache-control: no-cache
content-length: 88

16:11:52.699 [AsyncHttpClient-1-8] DEBUG o.a.netty.channel.ChannelManager - Adding key: http://localhost:61994 for channel [id: 0x5f139912, L:/127.0.0.1:64464 - R:localhost/127.0.0.1:61994]
16:11:52.701 [Forwarding isElementDisplayed on session 3435545405ed4756f315a678dce33f9b to remote] DEBUG o.a.netty.request.NettyRequestSender - Using pooled Channel '[id: 0x5f139912, L:/127.0.0.1:64464 - R:localhost/127.0.0.1:61994]' for 'POST' to 'http://localhost:61994/session/3435545405ed4756f315a678dce33f9b/execute/sync'
16:11:52.701 [Forwarding isElementDisplayed on session 3435545405ed4756f315a678dce33f9b to remote] DEBUG o.a.netty.request.NettyRequestSender - Using open Channel [id: 0x5f139912, L:/127.0.0.1:64464 - R:localhost/127.0.0.1:61994] for POST '/session/3435545405ed4756f315a678dce33f9b/execute/sync'
16:11:52.709 [AsyncHttpClient-1-8] DEBUG o.a.netty.handler.HttpHandler - 

Request DefaultHttpRequest(decodeResult: success, version: HTTP/1.1)
POST /session/3435545405ed4756f315a678dce33f9b/execute/sync HTTP/1.1
User-Agent: selenium/4.1.2 (java windows)
Content-Length: 48780
Content-Type: application/json; charset=utf-8
host: localhost:61994
accept: */*

Response DefaultHttpResponse(decodeResult: success, version: HTTP/1.1)
HTTP/1.1 200 OK
Content-Type: application/json; charset=utf-8
cache-control: no-cache
content-length: 14

16:11:52.709 [AsyncHttpClient-1-8] DEBUG o.a.netty.channel.ChannelManager - Adding key: http://localhost:61994 for channel [id: 0x5f139912, L:/127.0.0.1:64464 - R:localhost/127.0.0.1:61994]
16:11:52.710 [Forwarding findElement on session 3435545405ed4756f315a678dce33f9b to remote] DEBUG o.a.netty.request.NettyRequestSender - Using pooled Channel '[id: 0x5f139912, L:/127.0.0.1:64464 - R:localhost/127.0.0.1:61994]' for 'POST' to 'http://localhost:61994/session/3435545405ed4756f315a678dce33f9b/element'
16:11:52.710 [Forwarding findElement on session 3435545405ed4756f315a678dce33f9b to remote] DEBUG o.a.netty.request.NettyRequestSender - Using open Channel [id: 0x5f139912, L:/127.0.0.1:64464 - R:localhost/127.0.0.1:61994] for POST '/session/3435545405ed4756f315a678dce33f9b/element'
16:11:52.714 [AsyncHttpClient-1-8] DEBUG o.a.netty.handler.HttpHandler - 

Request DefaultHttpRequest(decodeResult: success, version: HTTP/1.1)
POST /session/3435545405ed4756f315a678dce33f9b/element HTTP/1.1
User-Agent: selenium/4.1.2 (java windows)
Content-Length: 128
Content-Type: application/json; charset=utf-8
host: localhost:61994
accept: */*

Response DefaultHttpResponse(decodeResult: success, version: HTTP/1.1)
HTTP/1.1 200 OK
Content-Type: application/json; charset=utf-8
cache-control: no-cache
content-length: 88

16:11:52.715 [AsyncHttpClient-1-8] DEBUG o.a.netty.channel.ChannelManager - Adding key: http://localhost:61994 for channel [id: 0x5f139912, L:/127.0.0.1:64464 - R:localhost/127.0.0.1:61994]
16:11:52.715 [Forwarding isElementEnabled on session 3435545405ed4756f315a678dce33f9b to remote] DEBUG o.a.netty.request.NettyRequestSender - Using pooled Channel '[id: 0x5f139912, L:/127.0.0.1:64464 - R:localhost/127.0.0.1:61994]' for 'GET' to 'http://localhost:61994/session/3435545405ed4756f315a678dce33f9b/element/4f3fa60d-c2b8-48e4-bcaf-f073f74fdb8d/enabled'
16:11:52.715 [Forwarding isElementEnabled on session 3435545405ed4756f315a678dce33f9b to remote] DEBUG o.a.netty.request.NettyRequestSender - Using open Channel [id: 0x5f139912, L:/127.0.0.1:64464 - R:localhost/127.0.0.1:61994] for GET '/session/3435545405ed4756f315a678dce33f9b/element/4f3fa60d-c2b8-48e4-bcaf-f073f74fdb8d/enabled'
16:11:52.720 [AsyncHttpClient-1-8] DEBUG o.a.netty.handler.HttpHandler - 

Request DefaultFullHttpRequest(decodeResult: success, version: HTTP/1.1, content: EmptyByteBufBE)
GET /session/3435545405ed4756f315a678dce33f9b/element/4f3fa60d-c2b8-48e4-bcaf-f073f74fdb8d/enabled HTTP/1.1
User-Agent: selenium/4.1.2 (java windows)
Cache-Control: no-cache
Content-Type: application/json; charset=utf-8
host: localhost:61994
accept: */*

Response DefaultHttpResponse(decodeResult: success, version: HTTP/1.1)
HTTP/1.1 200 OK
Content-Type: application/json; charset=utf-8
cache-control: no-cache
content-length: 14

16:11:52.720 [AsyncHttpClient-1-8] DEBUG o.a.netty.channel.ChannelManager - Adding key: http://localhost:61994 for channel [id: 0x5f139912, L:/127.0.0.1:64464 - R:localhost/127.0.0.1:61994]
16:11:52.721 [Forwarding findElement on session 3435545405ed4756f315a678dce33f9b to remote] DEBUG o.a.netty.request.NettyRequestSender - Using pooled Channel '[id: 0x5f139912, L:/127.0.0.1:64464 - R:localhost/127.0.0.1:61994]' for 'POST' to 'http://localhost:61994/session/3435545405ed4756f315a678dce33f9b/element'
16:11:52.721 [Forwarding findElement on session 3435545405ed4756f315a678dce33f9b to remote] DEBUG o.a.netty.request.NettyRequestSender - Using open Channel [id: 0x5f139912, L:/127.0.0.1:64464 - R:localhost/127.0.0.1:61994] for POST '/session/3435545405ed4756f315a678dce33f9b/element'
16:11:52.727 [AsyncHttpClient-1-8] DEBUG o.a.netty.handler.HttpHandler - 

Request DefaultHttpRequest(decodeResult: success, version: HTTP/1.1)
POST /session/3435545405ed4756f315a678dce33f9b/element HTTP/1.1
User-Agent: selenium/4.1.2 (java windows)
Content-Length: 132
Content-Type: application/json; charset=utf-8
host: localhost:61994
accept: */*

Response DefaultHttpResponse(decodeResult: success, version: HTTP/1.1)
HTTP/1.1 200 OK
Content-Type: application/json; charset=utf-8
cache-control: no-cache
content-length: 88

16:11:52.727 [AsyncHttpClient-1-8] DEBUG o.a.netty.channel.ChannelManager - Adding key: http://localhost:61994 for channel [id: 0x5f139912, L:/127.0.0.1:64464 - R:localhost/127.0.0.1:61994]
16:11:52.730 [Forwarding isElementDisplayed on session 3435545405ed4756f315a678dce33f9b to remote] DEBUG o.a.netty.request.NettyRequestSender - Using pooled Channel '[id: 0x5f139912, L:/127.0.0.1:64464 - R:localhost/127.0.0.1:61994]' for 'POST' to 'http://localhost:61994/session/3435545405ed4756f315a678dce33f9b/execute/sync'
16:11:52.730 [Forwarding isElementDisplayed on session 3435545405ed4756f315a678dce33f9b to remote] DEBUG o.a.netty.request.NettyRequestSender - Using open Channel [id: 0x5f139912, L:/127.0.0.1:64464 - R:localhost/127.0.0.1:61994] for POST '/session/3435545405ed4756f315a678dce33f9b/execute/sync'
16:11:52.736 [AsyncHttpClient-1-8] DEBUG o.a.netty.handler.HttpHandler - 

Request DefaultHttpRequest(decodeResult: success, version: HTTP/1.1)
POST /session/3435545405ed4756f315a678dce33f9b/execute/sync HTTP/1.1
User-Agent: selenium/4.1.2 (java windows)
Content-Length: 48780
Content-Type: application/json; charset=utf-8
host: localhost:61994
accept: */*

Response DefaultHttpResponse(decodeResult: success, version: HTTP/1.1)
HTTP/1.1 200 OK
Content-Type: application/json; charset=utf-8
cache-control: no-cache
content-length: 14

16:11:52.736 [AsyncHttpClient-1-8] DEBUG o.a.netty.channel.ChannelManager - Adding key: http://localhost:61994 for channel [id: 0x5f139912, L:/127.0.0.1:64464 - R:localhost/127.0.0.1:61994]
16:11:52.737 [Forwarding findElement on session 3435545405ed4756f315a678dce33f9b to remote] DEBUG o.a.netty.request.NettyRequestSender - Using pooled Channel '[id: 0x5f139912, L:/127.0.0.1:64464 - R:localhost/127.0.0.1:61994]' for 'POST' to 'http://localhost:61994/session/3435545405ed4756f315a678dce33f9b/element'
16:11:52.737 [Forwarding findElement on session 3435545405ed4756f315a678dce33f9b to remote] DEBUG o.a.netty.request.NettyRequestSender - Using open Channel [id: 0x5f139912, L:/127.0.0.1:64464 - R:localhost/127.0.0.1:61994] for POST '/session/3435545405ed4756f315a678dce33f9b/element'
16:11:52.741 [AsyncHttpClient-1-8] DEBUG o.a.netty.handler.HttpHandler - 

Request DefaultHttpRequest(decodeResult: success, version: HTTP/1.1)
POST /session/3435545405ed4756f315a678dce33f9b/element HTTP/1.1
User-Agent: selenium/4.1.2 (java windows)
Content-Length: 132
Content-Type: application/json; charset=utf-8
host: localhost:61994
accept: */*

Response DefaultHttpResponse(decodeResult: success, version: HTTP/1.1)
HTTP/1.1 200 OK
Content-Type: application/json; charset=utf-8
cache-control: no-cache
content-length: 88

16:11:52.741 [AsyncHttpClient-1-8] DEBUG o.a.netty.channel.ChannelManager - Adding key: http://localhost:61994 for channel [id: 0x5f139912, L:/127.0.0.1:64464 - R:localhost/127.0.0.1:61994]
16:11:52.743 [Forwarding isElementDisplayed on session 3435545405ed4756f315a678dce33f9b to remote] DEBUG o.a.netty.request.NettyRequestSender - Using pooled Channel '[id: 0x5f139912, L:/127.0.0.1:64464 - R:localhost/127.0.0.1:61994]' for 'POST' to 'http://localhost:61994/session/3435545405ed4756f315a678dce33f9b/execute/sync'
16:11:52.744 [Forwarding isElementDisplayed on session 3435545405ed4756f315a678dce33f9b to remote] DEBUG o.a.netty.request.NettyRequestSender - Using open Channel [id: 0x5f139912, L:/127.0.0.1:64464 - R:localhost/127.0.0.1:61994] for POST '/session/3435545405ed4756f315a678dce33f9b/execute/sync'
16:11:52.750 [AsyncHttpClient-1-8] DEBUG o.a.netty.handler.HttpHandler - 

Request DefaultHttpRequest(decodeResult: success, version: HTTP/1.1)
POST /session/3435545405ed4756f315a678dce33f9b/execute/sync HTTP/1.1
User-Agent: selenium/4.1.2 (java windows)
Content-Length: 48780
Content-Type: application/json; charset=utf-8
host: localhost:61994
accept: */*

Response DefaultHttpResponse(decodeResult: success, version: HTTP/1.1)
HTTP/1.1 200 OK
Content-Type: application/json; charset=utf-8
cache-control: no-cache
content-length: 14

16:11:52.750 [AsyncHttpClient-1-8] DEBUG o.a.netty.channel.ChannelManager - Adding key: http://localhost:61994 for channel [id: 0x5f139912, L:/127.0.0.1:64464 - R:localhost/127.0.0.1:61994]
16:11:52.751 [Forwarding findElement on session 3435545405ed4756f315a678dce33f9b to remote] DEBUG o.a.netty.request.NettyRequestSender - Using pooled Channel '[id: 0x5f139912, L:/127.0.0.1:64464 - R:localhost/127.0.0.1:61994]' for 'POST' to 'http://localhost:61994/session/3435545405ed4756f315a678dce33f9b/element'
16:11:52.751 [Forwarding findElement on session 3435545405ed4756f315a678dce33f9b to remote] DEBUG o.a.netty.request.NettyRequestSender - Using open Channel [id: 0x5f139912, L:/127.0.0.1:64464 - R:localhost/127.0.0.1:61994] for POST '/session/3435545405ed4756f315a678dce33f9b/element'
16:11:52.755 [AsyncHttpClient-1-8] DEBUG o.a.netty.handler.HttpHandler - 

Request DefaultHttpRequest(decodeResult: success, version: HTTP/1.1)
POST /session/3435545405ed4756f315a678dce33f9b/element HTTP/1.1
User-Agent: selenium/4.1.2 (java windows)
Content-Length: 132
Content-Type: application/json; charset=utf-8
host: localhost:61994
accept: */*

Response DefaultHttpResponse(decodeResult: success, version: HTTP/1.1)
HTTP/1.1 200 OK
Content-Type: application/json; charset=utf-8
cache-control: no-cache
content-length: 88

16:11:52.755 [AsyncHttpClient-1-8] DEBUG o.a.netty.channel.ChannelManager - Adding key: http://localhost:61994 for channel [id: 0x5f139912, L:/127.0.0.1:64464 - R:localhost/127.0.0.1:61994]
16:11:52.755 [Forwarding isElementEnabled on session 3435545405ed4756f315a678dce33f9b to remote] DEBUG o.a.netty.request.NettyRequestSender - Using pooled Channel '[id: 0x5f139912, L:/127.0.0.1:64464 - R:localhost/127.0.0.1:61994]' for 'GET' to 'http://localhost:61994/session/3435545405ed4756f315a678dce33f9b/element/60c9f8d9-d9ef-4e3d-b843-3025277d8ba9/enabled'
16:11:52.755 [Forwarding isElementEnabled on session 3435545405ed4756f315a678dce33f9b to remote] DEBUG o.a.netty.request.NettyRequestSender - Using open Channel [id: 0x5f139912, L:/127.0.0.1:64464 - R:localhost/127.0.0.1:61994] for GET '/session/3435545405ed4756f315a678dce33f9b/element/60c9f8d9-d9ef-4e3d-b843-3025277d8ba9/enabled'
16:11:52.760 [AsyncHttpClient-1-8] DEBUG o.a.netty.handler.HttpHandler - 

Request DefaultFullHttpRequest(decodeResult: success, version: HTTP/1.1, content: EmptyByteBufBE)
GET /session/3435545405ed4756f315a678dce33f9b/element/60c9f8d9-d9ef-4e3d-b843-3025277d8ba9/enabled HTTP/1.1
User-Agent: selenium/4.1.2 (java windows)
Cache-Control: no-cache
Content-Type: application/json; charset=utf-8
host: localhost:61994
accept: */*

Response DefaultHttpResponse(decodeResult: success, version: HTTP/1.1)
HTTP/1.1 200 OK
Content-Type: application/json; charset=utf-8
cache-control: no-cache
content-length: 14

16:11:52.760 [AsyncHttpClient-1-8] DEBUG o.a.netty.channel.ChannelManager - Adding key: http://localhost:61994 for channel [id: 0x5f139912, L:/127.0.0.1:64464 - R:localhost/127.0.0.1:61994]
16:11:52.761 [Forwarding findElement on session 3435545405ed4756f315a678dce33f9b to remote] DEBUG o.a.netty.request.NettyRequestSender - Using pooled Channel '[id: 0x5f139912, L:/127.0.0.1:64464 - R:localhost/127.0.0.1:61994]' for 'POST' to 'http://localhost:61994/session/3435545405ed4756f315a678dce33f9b/element'
16:11:52.761 [Forwarding findElement on session 3435545405ed4756f315a678dce33f9b to remote] DEBUG o.a.netty.request.NettyRequestSender - Using open Channel [id: 0x5f139912, L:/127.0.0.1:64464 - R:localhost/127.0.0.1:61994] for POST '/session/3435545405ed4756f315a678dce33f9b/element'
16:11:52.768 [AsyncHttpClient-1-8] DEBUG o.a.netty.handler.HttpHandler - 

Request DefaultHttpRequest(decodeResult: success, version: HTTP/1.1)
POST /session/3435545405ed4756f315a678dce33f9b/element HTTP/1.1
User-Agent: selenium/4.1.2 (java windows)
Content-Length: 125
Content-Type: application/json; charset=utf-8
host: localhost:61994
accept: */*

Response DefaultHttpResponse(decodeResult: success, version: HTTP/1.1)
HTTP/1.1 200 OK
Content-Type: application/json; charset=utf-8
cache-control: no-cache
content-length: 88

16:11:52.768 [AsyncHttpClient-1-8] DEBUG o.a.netty.channel.ChannelManager - Adding key: http://localhost:61994 for channel [id: 0x5f139912, L:/127.0.0.1:64464 - R:localhost/127.0.0.1:61994]
16:11:52.771 [Forwarding isElementDisplayed on session 3435545405ed4756f315a678dce33f9b to remote] DEBUG o.a.netty.request.NettyRequestSender - Using pooled Channel '[id: 0x5f139912, L:/127.0.0.1:64464 - R:localhost/127.0.0.1:61994]' for 'POST' to 'http://localhost:61994/session/3435545405ed4756f315a678dce33f9b/execute/sync'
16:11:52.771 [Forwarding isElementDisplayed on session 3435545405ed4756f315a678dce33f9b to remote] DEBUG o.a.netty.request.NettyRequestSender - Using open Channel [id: 0x5f139912, L:/127.0.0.1:64464 - R:localhost/127.0.0.1:61994] for POST '/session/3435545405ed4756f315a678dce33f9b/execute/sync'
16:11:52.777 [AsyncHttpClient-1-8] DEBUG o.a.netty.handler.HttpHandler - 

Request DefaultHttpRequest(decodeResult: success, version: HTTP/1.1)
POST /session/3435545405ed4756f315a678dce33f9b/execute/sync HTTP/1.1
User-Agent: selenium/4.1.2 (java windows)
Content-Length: 48780
Content-Type: application/json; charset=utf-8
host: localhost:61994
accept: */*

Response DefaultHttpResponse(decodeResult: success, version: HTTP/1.1)
HTTP/1.1 200 OK
Content-Type: application/json; charset=utf-8
cache-control: no-cache
content-length: 14

16:11:52.777 [AsyncHttpClient-1-8] DEBUG o.a.netty.channel.ChannelManager - Adding key: http://localhost:61994 for channel [id: 0x5f139912, L:/127.0.0.1:64464 - R:localhost/127.0.0.1:61994]
16:11:52.778 [Forwarding findElement on session 3435545405ed4756f315a678dce33f9b to remote] DEBUG o.a.netty.request.NettyRequestSender - Using pooled Channel '[id: 0x5f139912, L:/127.0.0.1:64464 - R:localhost/127.0.0.1:61994]' for 'POST' to 'http://localhost:61994/session/3435545405ed4756f315a678dce33f9b/element'
16:11:52.778 [Forwarding findElement on session 3435545405ed4756f315a678dce33f9b to remote] DEBUG o.a.netty.request.NettyRequestSender - Using open Channel [id: 0x5f139912, L:/127.0.0.1:64464 - R:localhost/127.0.0.1:61994] for POST '/session/3435545405ed4756f315a678dce33f9b/element'
16:11:52.782 [AsyncHttpClient-1-8] DEBUG o.a.netty.handler.HttpHandler - 

Request DefaultHttpRequest(decodeResult: success, version: HTTP/1.1)
POST /session/3435545405ed4756f315a678dce33f9b/element HTTP/1.1
User-Agent: selenium/4.1.2 (java windows)
Content-Length: 125
Content-Type: application/json; charset=utf-8
host: localhost:61994
accept: */*

Response DefaultHttpResponse(decodeResult: success, version: HTTP/1.1)
HTTP/1.1 200 OK
Content-Type: application/json; charset=utf-8
cache-control: no-cache
content-length: 88

16:11:52.782 [AsyncHttpClient-1-8] DEBUG o.a.netty.channel.ChannelManager - Adding key: http://localhost:61994 for channel [id: 0x5f139912, L:/127.0.0.1:64464 - R:localhost/127.0.0.1:61994]
16:11:52.784 [Forwarding isElementDisplayed on session 3435545405ed4756f315a678dce33f9b to remote] DEBUG o.a.netty.request.NettyRequestSender - Using pooled Channel '[id: 0x5f139912, L:/127.0.0.1:64464 - R:localhost/127.0.0.1:61994]' for 'POST' to 'http://localhost:61994/session/3435545405ed4756f315a678dce33f9b/execute/sync'
16:11:52.784 [Forwarding isElementDisplayed on session 3435545405ed4756f315a678dce33f9b to remote] DEBUG o.a.netty.request.NettyRequestSender - Using open Channel [id: 0x5f139912, L:/127.0.0.1:64464 - R:localhost/127.0.0.1:61994] for POST '/session/3435545405ed4756f315a678dce33f9b/execute/sync'
16:11:52.790 [AsyncHttpClient-1-8] DEBUG o.a.netty.handler.HttpHandler - 

Request DefaultHttpRequest(decodeResult: success, version: HTTP/1.1)
POST /session/3435545405ed4756f315a678dce33f9b/execute/sync HTTP/1.1
User-Agent: selenium/4.1.2 (java windows)
Content-Length: 48780
Content-Type: application/json; charset=utf-8
host: localhost:61994
accept: */*

Response DefaultHttpResponse(decodeResult: success, version: HTTP/1.1)
HTTP/1.1 200 OK
Content-Type: application/json; charset=utf-8
cache-control: no-cache
content-length: 14

16:11:52.790 [AsyncHttpClient-1-8] DEBUG o.a.netty.channel.ChannelManager - Adding key: http://localhost:61994 for channel [id: 0x5f139912, L:/127.0.0.1:64464 - R:localhost/127.0.0.1:61994]
16:11:52.791 [Forwarding findElement on session 3435545405ed4756f315a678dce33f9b to remote] DEBUG o.a.netty.request.NettyRequestSender - Using pooled Channel '[id: 0x5f139912, L:/127.0.0.1:64464 - R:localhost/127.0.0.1:61994]' for 'POST' to 'http://localhost:61994/session/3435545405ed4756f315a678dce33f9b/element'
16:11:52.791 [Forwarding findElement on session 3435545405ed4756f315a678dce33f9b to remote] DEBUG o.a.netty.request.NettyRequestSender - Using open Channel [id: 0x5f139912, L:/127.0.0.1:64464 - R:localhost/127.0.0.1:61994] for POST '/session/3435545405ed4756f315a678dce33f9b/element'
16:11:52.795 [AsyncHttpClient-1-8] DEBUG o.a.netty.handler.HttpHandler - 

Request DefaultHttpRequest(decodeResult: success, version: HTTP/1.1)
POST /session/3435545405ed4756f315a678dce33f9b/element HTTP/1.1
User-Agent: selenium/4.1.2 (java windows)
Content-Length: 125
Content-Type: application/json; charset=utf-8
host: localhost:61994
accept: */*

Response DefaultHttpResponse(decodeResult: success, version: HTTP/1.1)
HTTP/1.1 200 OK
Content-Type: application/json; charset=utf-8
cache-control: no-cache
content-length: 88

16:11:52.795 [AsyncHttpClient-1-8] DEBUG o.a.netty.channel.ChannelManager - Adding key: http://localhost:61994 for channel [id: 0x5f139912, L:/127.0.0.1:64464 - R:localhost/127.0.0.1:61994]
16:11:52.796 [Forwarding isElementEnabled on session 3435545405ed4756f315a678dce33f9b to remote] DEBUG o.a.netty.request.NettyRequestSender - Using pooled Channel '[id: 0x5f139912, L:/127.0.0.1:64464 - R:localhost/127.0.0.1:61994]' for 'GET' to 'http://localhost:61994/session/3435545405ed4756f315a678dce33f9b/element/bd6c390a-7f78-4fc3-871b-9c00e7ef73b7/enabled'
16:11:52.796 [Forwarding isElementEnabled on session 3435545405ed4756f315a678dce33f9b to remote] DEBUG o.a.netty.request.NettyRequestSender - Using open Channel [id: 0x5f139912, L:/127.0.0.1:64464 - R:localhost/127.0.0.1:61994] for GET '/session/3435545405ed4756f315a678dce33f9b/element/bd6c390a-7f78-4fc3-871b-9c00e7ef73b7/enabled'
16:11:52.801 [AsyncHttpClient-1-8] DEBUG o.a.netty.handler.HttpHandler - 

Request DefaultFullHttpRequest(decodeResult: success, version: HTTP/1.1, content: EmptyByteBufBE)
GET /session/3435545405ed4756f315a678dce33f9b/element/bd6c390a-7f78-4fc3-871b-9c00e7ef73b7/enabled HTTP/1.1
User-Agent: selenium/4.1.2 (java windows)
Cache-Control: no-cache
Content-Type: application/json; charset=utf-8
host: localhost:61994
accept: */*

Response DefaultHttpResponse(decodeResult: success, version: HTTP/1.1)
HTTP/1.1 200 OK
Content-Type: application/json; charset=utf-8
cache-control: no-cache
content-length: 14

16:11:52.801 [AsyncHttpClient-1-8] DEBUG o.a.netty.channel.ChannelManager - Adding key: http://localhost:61994 for channel [id: 0x5f139912, L:/127.0.0.1:64464 - R:localhost/127.0.0.1:61994]
  &amp#27;[32mAnd &amp#27;[0m&amp#27;[32muser verify the Login Page Elements is Visible&amp#27;[0m                                                   &amp#27;[90m# stepdefinitions.LoginPageSteps.user_verify_the_login_page_elements_is_visible()&amp#27;[0m
16:11:53.059 [AsyncHttpClient-1-1] DEBUG o.a.netty.channel.DefaultChannelPool - Entry count for : http://localhost:64465 : 1
16:11:53.059 [AsyncHttpClient-1-1] DEBUG o.a.netty.channel.DefaultChannelPool - Entry count for : http://localhost:61994 : 1
16:11:54.162 [AsyncHttpClient-1-1] DEBUG o.a.netty.channel.DefaultChannelPool - Entry count for : http://localhost:64465 : 1
16:11:54.162 [AsyncHttpClient-1-1] DEBUG o.a.netty.channel.DefaultChannelPool - Entry count for : http://localhost:61994 : 1
16:11:54.814 [Forwarding findElement on session 3435545405ed4756f315a678dce33f9b to remote] DEBUG o.a.netty.request.NettyRequestSender - Using pooled Channel '[id: 0x5f139912, L:/127.0.0.1:64464 - R:localhost/127.0.0.1:61994]' for 'POST' to 'http://localhost:61994/session/3435545405ed4756f315a678dce33f9b/element'
16:11:54.814 [Forwarding findElement on session 3435545405ed4756f315a678dce33f9b to remote] DEBUG o.a.netty.request.NettyRequestSender - Using open Channel [id: 0x5f139912, L:/127.0.0.1:64464 - R:localhost/127.0.0.1:61994] for POST '/session/3435545405ed4756f315a678dce33f9b/element'
16:11:54.818 [AsyncHttpClient-1-8] DEBUG o.a.netty.handler.HttpHandler - 

Request DefaultHttpRequest(decodeResult: success, version: HTTP/1.1)
POST /session/3435545405ed4756f315a678dce33f9b/element HTTP/1.1
User-Agent: selenium/4.1.2 (java windows)
Content-Length: 128
Content-Type: application/json; charset=utf-8
host: localhost:61994
accept: */*

Response DefaultHttpResponse(decodeResult: success, version: HTTP/1.1)
HTTP/1.1 200 OK
Content-Type: application/json; charset=utf-8
cache-control: no-cache
content-length: 88

16:11:54.818 [AsyncHttpClient-1-8] DEBUG o.a.netty.channel.ChannelManager - Adding key: http://localhost:61994 for channel [id: 0x5f139912, L:/127.0.0.1:64464 - R:localhost/127.0.0.1:61994]
16:11:54.819 [Forwarding sendKeysToElement on session 3435545405ed4756f315a678dce33f9b to remote] DEBUG o.a.netty.request.NettyRequestSender - Using pooled Channel '[id: 0x5f139912, L:/127.0.0.1:64464 - R:localhost/127.0.0.1:61994]' for 'POST' to 'http://localhost:61994/session/3435545405ed4756f315a678dce33f9b/element/4f3fa60d-c2b8-48e4-bcaf-f073f74fdb8d/value'
16:11:54.819 [Forwarding sendKeysToElement on session 3435545405ed4756f315a678dce33f9b to remote] DEBUG o.a.netty.request.NettyRequestSender - Using open Channel [id: 0x5f139912, L:/127.0.0.1:64464 - R:localhost/127.0.0.1:61994] for POST '/session/3435545405ed4756f315a678dce33f9b/element/4f3fa60d-c2b8-48e4-bcaf-f073f74fdb8d/value'
16:11:54.842 [AsyncHttpClient-1-8] DEBUG o.a.netty.handler.HttpHandler - 

Request DefaultHttpRequest(decodeResult: success, version: HTTP/1.1)
POST /session/3435545405ed4756f315a678dce33f9b/element/4f3fa60d-c2b8-48e4-bcaf-f073f74fdb8d/value HTTP/1.1
User-Agent: selenium/4.1.2 (java windows)
Content-Length: 191
Content-Type: application/json; charset=utf-8
host: localhost:61994
accept: */*

Response DefaultHttpResponse(decodeResult: success, version: HTTP/1.1)
HTTP/1.1 200 OK
Content-Type: application/json; charset=utf-8
cache-control: no-cache
content-length: 14

16:11:54.842 [AsyncHttpClient-1-8] DEBUG o.a.netty.channel.ChannelManager - Adding key: http://localhost:61994 for channel [id: 0x5f139912, L:/127.0.0.1:64464 - R:localhost/127.0.0.1:61994]
16:11:54.843 [Forwarding findElement on session 3435545405ed4756f315a678dce33f9b to remote] DEBUG o.a.netty.request.NettyRequestSender - Using pooled Channel '[id: 0x5f139912, L:/127.0.0.1:64464 - R:localhost/127.0.0.1:61994]' for 'POST' to 'http://localhost:61994/session/3435545405ed4756f315a678dce33f9b/element'
16:11:54.843 [Forwarding findElement on session 3435545405ed4756f315a678dce33f9b to remote] DEBUG o.a.netty.request.NettyRequestSender - Using open Channel [id: 0x5f139912, L:/127.0.0.1:64464 - R:localhost/127.0.0.1:61994] for POST '/session/3435545405ed4756f315a678dce33f9b/element'
16:11:54.847 [AsyncHttpClient-1-8] DEBUG o.a.netty.handler.HttpHandler - 

Request DefaultHttpRequest(decodeResult: success, version: HTTP/1.1)
POST /session/3435545405ed4756f315a678dce33f9b/element HTTP/1.1
User-Agent: selenium/4.1.2 (java windows)
Content-Length: 132
Content-Type: application/json; charset=utf-8
host: localhost:61994
accept: */*

Response DefaultHttpResponse(decodeResult: success, version: HTTP/1.1)
HTTP/1.1 200 OK
Content-Type: application/json; charset=utf-8
cache-control: no-cache
content-length: 88

16:11:54.847 [AsyncHttpClient-1-8] DEBUG o.a.netty.channel.ChannelManager - Adding key: http://localhost:61994 for channel [id: 0x5f139912, L:/127.0.0.1:64464 - R:localhost/127.0.0.1:61994]
16:11:54.848 [Forwarding sendKeysToElement on session 3435545405ed4756f315a678dce33f9b to remote] DEBUG o.a.netty.request.NettyRequestSender - Using pooled Channel '[id: 0x5f139912, L:/127.0.0.1:64464 - R:localhost/127.0.0.1:61994]' for 'POST' to 'http://localhost:61994/session/3435545405ed4756f315a678dce33f9b/element/60c9f8d9-d9ef-4e3d-b843-3025277d8ba9/value'
16:11:54.848 [Forwarding sendKeysToElement on session 3435545405ed4756f315a678dce33f9b to remote] DEBUG o.a.netty.request.NettyRequestSender - Using open Channel [id: 0x5f139912, L:/127.0.0.1:64464 - R:localhost/127.0.0.1:61994] for POST '/session/3435545405ed4756f315a678dce33f9b/element/60c9f8d9-d9ef-4e3d-b843-3025277d8ba9/value'
16:11:54.877 [AsyncHttpClient-1-8] DEBUG o.a.netty.handler.HttpHandler - 

Request DefaultHttpRequest(decodeResult: success, version: HTTP/1.1)
POST /session/3435545405ed4756f315a678dce33f9b/element/60c9f8d9-d9ef-4e3d-b843-3025277d8ba9/value HTTP/1.1
User-Agent: selenium/4.1.2 (java windows)
Content-Length: 231
Content-Type: application/json; charset=utf-8
host: localhost:61994
accept: */*

Response DefaultHttpResponse(decodeResult: success, version: HTTP/1.1)
HTTP/1.1 200 OK
Content-Type: application/json; charset=utf-8
cache-control: no-cache
content-length: 14

16:11:54.878 [AsyncHttpClient-1-8] DEBUG o.a.netty.channel.ChannelManager - Adding key: http://localhost:61994 for channel [id: 0x5f139912, L:/127.0.0.1:64464 - R:localhost/127.0.0.1:61994]
16:11:54.878 [Forwarding findElement on session 3435545405ed4756f315a678dce33f9b to remote] DEBUG o.a.netty.request.NettyRequestSender - Using pooled Channel '[id: 0x5f139912, L:/127.0.0.1:64464 - R:localhost/127.0.0.1:61994]' for 'POST' to 'http://localhost:61994/session/3435545405ed4756f315a678dce33f9b/element'
16:11:54.878 [Forwarding findElement on session 3435545405ed4756f315a678dce33f9b to remote] DEBUG o.a.netty.request.NettyRequestSender - Using open Channel [id: 0x5f139912, L:/127.0.0.1:64464 - R:localhost/127.0.0.1:61994] for POST '/session/3435545405ed4756f315a678dce33f9b/element'
16:11:54.883 [AsyncHttpClient-1-8] DEBUG o.a.netty.handler.HttpHandler - 

Request DefaultHttpRequest(decodeResult: success, version: HTTP/1.1)
POST /session/3435545405ed4756f315a678dce33f9b/element HTTP/1.1
User-Agent: selenium/4.1.2 (java windows)
Content-Length: 125
Content-Type: application/json; charset=utf-8
host: localhost:61994
accept: */*

Response DefaultHttpResponse(decodeResult: success, version: HTTP/1.1)
HTTP/1.1 200 OK
Content-Type: application/json; charset=utf-8
cache-control: no-cache
content-length: 88

16:11:54.883 [AsyncHttpClient-1-8] DEBUG o.a.netty.channel.ChannelManager - Adding key: http://localhost:61994 for channel [id: 0x5f139912, L:/127.0.0.1:64464 - R:localhost/127.0.0.1:61994]
16:11:54.884 [Forwarding clickElement on session 3435545405ed4756f315a678dce33f9b to remote] DEBUG o.a.netty.request.NettyRequestSender - Using pooled Channel '[id: 0x5f139912, L:/127.0.0.1:64464 - R:localhost/127.0.0.1:61994]' for 'POST' to 'http://localhost:61994/session/3435545405ed4756f315a678dce33f9b/element/bd6c390a-7f78-4fc3-871b-9c00e7ef73b7/click'
16:11:54.884 [Forwarding clickElement on session 3435545405ed4756f315a678dce33f9b to remote] DEBUG o.a.netty.request.NettyRequestSender - Using open Channel [id: 0x5f139912, L:/127.0.0.1:64464 - R:localhost/127.0.0.1:61994] for POST '/session/3435545405ed4756f315a678dce33f9b/element/bd6c390a-7f78-4fc3-871b-9c00e7ef73b7/click'
16:11:54.940 [AsyncHttpClient-1-8] DEBUG o.a.netty.handler.HttpHandler - 

Request DefaultHttpRequest(decodeResult: success, version: HTTP/1.1)
POST /session/3435545405ed4756f315a678dce33f9b/element/bd6c390a-7f78-4fc3-871b-9c00e7ef73b7/click HTTP/1.1
User-Agent: selenium/4.1.2 (java windows)
Content-Length: 50
Content-Type: application/json; charset=utf-8
host: localhost:61994
accept: */*

Response DefaultHttpResponse(decodeResult: success, version: HTTP/1.1)
HTTP/1.1 200 OK
Content-Type: application/json; charset=utf-8
cache-control: no-cache
content-length: 14

16:11:54.940 [AsyncHttpClient-1-8] DEBUG o.a.netty.channel.ChannelManager - Adding key: http://localhost:61994 for channel [id: 0x5f139912, L:/127.0.0.1:64464 - R:localhost/127.0.0.1:61994]
16:11:54.941 [Forwarding findElement on session 3435545405ed4756f315a678dce33f9b to remote] DEBUG o.a.netty.request.NettyRequestSender - Using pooled Channel '[id: 0x5f139912, L:/127.0.0.1:64464 - R:localhost/127.0.0.1:61994]' for 'POST' to 'http://localhost:61994/session/3435545405ed4756f315a678dce33f9b/element'
16:11:54.941 [Forwarding findElement on session 3435545405ed4756f315a678dce33f9b to remote] DEBUG o.a.netty.request.NettyRequestSender - Using open Channel [id: 0x5f139912, L:/127.0.0.1:64464 - R:localhost/127.0.0.1:61994] for POST '/session/3435545405ed4756f315a678dce33f9b/element'
16:11:54.949 [AsyncHttpClient-1-8] DEBUG o.a.netty.handler.HttpHandler - 

Request DefaultHttpRequest(decodeResult: success, version: HTTP/1.1)
POST /session/3435545405ed4756f315a678dce33f9b/element HTTP/1.1
User-Agent: selenium/4.1.2 (java windows)
Content-Length: 75
Content-Type: application/json; charset=utf-8
host: localhost:61994
accept: */*

Response DefaultHttpResponse(decodeResult: success, version: HTTP/1.1)
HTTP/1.1 200 OK
Content-Type: application/json; charset=utf-8
cache-control: no-cache
content-length: 88

16:11:54.949 [AsyncHttpClient-1-8] DEBUG o.a.netty.channel.ChannelManager - Adding key: http://localhost:61994 for channel [id: 0x5f139912, L:/127.0.0.1:64464 - R:localhost/127.0.0.1:61994]
16:11:54.952 [Forwarding isElementDisplayed on session 3435545405ed4756f315a678dce33f9b to remote] DEBUG o.a.netty.request.NettyRequestSender - Using pooled Channel '[id: 0x5f139912, L:/127.0.0.1:64464 - R:localhost/127.0.0.1:61994]' for 'POST' to 'http://localhost:61994/session/3435545405ed4756f315a678dce33f9b/execute/sync'
16:11:54.952 [Forwarding isElementDisplayed on session 3435545405ed4756f315a678dce33f9b to remote] DEBUG o.a.netty.request.NettyRequestSender - Using open Channel [id: 0x5f139912, L:/127.0.0.1:64464 - R:localhost/127.0.0.1:61994] for POST '/session/3435545405ed4756f315a678dce33f9b/execute/sync'
16:11:54.963 [AsyncHttpClient-1-8] DEBUG o.a.netty.handler.HttpHandler - 

Request DefaultHttpRequest(decodeResult: success, version: HTTP/1.1)
POST /session/3435545405ed4756f315a678dce33f9b/execute/sync HTTP/1.1
User-Agent: selenium/4.1.2 (java windows)
Content-Length: 48780
Content-Type: application/json; charset=utf-8
host: localhost:61994
accept: */*

Response DefaultHttpResponse(decodeResult: success, version: HTTP/1.1)
HTTP/1.1 200 OK
Content-Type: application/json; charset=utf-8
cache-control: no-cache
content-length: 15

16:11:54.963 [AsyncHttpClient-1-8] DEBUG o.a.netty.channel.ChannelManager - Adding key: http://localhost:61994 for channel [id: 0x5f139912, L:/127.0.0.1:64464 - R:localhost/127.0.0.1:61994]
16:11:55.254 [AsyncHttpClient-1-1] DEBUG o.a.netty.channel.DefaultChannelPool - Entry count for : http://localhost:64465 : 1
16:11:55.254 [AsyncHttpClient-1-1] DEBUG o.a.netty.channel.DefaultChannelPool - Entry count for : http://localhost:61994 : 1
16:11:55.479 [Forwarding findElement on session 3435545405ed4756f315a678dce33f9b to remote] DEBUG o.a.netty.request.NettyRequestSender - Using pooled Channel '[id: 0x5f139912, L:/127.0.0.1:64464 - R:localhost/127.0.0.1:61994]' for 'POST' to 'http://localhost:61994/session/3435545405ed4756f315a678dce33f9b/element'
16:11:55.479 [Forwarding findElement on session 3435545405ed4756f315a678dce33f9b to remote] DEBUG o.a.netty.request.NettyRequestSender - Using open Channel [id: 0x5f139912, L:/127.0.0.1:64464 - R:localhost/127.0.0.1:61994] for POST '/session/3435545405ed4756f315a678dce33f9b/element'
16:11:55.484 [AsyncHttpClient-1-8] DEBUG o.a.netty.handler.HttpHandler - 

Request DefaultHttpRequest(decodeResult: success, version: HTTP/1.1)
POST /session/3435545405ed4756f315a678dce33f9b/element HTTP/1.1
User-Agent: selenium/4.1.2 (java windows)
Content-Length: 75
Content-Type: application/json; charset=utf-8
host: localhost:61994
accept: */*

Response DefaultHttpResponse(decodeResult: success, version: HTTP/1.1)
HTTP/1.1 200 OK
Content-Type: application/json; charset=utf-8
cache-control: no-cache
content-length: 88

16:11:55.484 [AsyncHttpClient-1-8] DEBUG o.a.netty.channel.ChannelManager - Adding key: http://localhost:61994 for channel [id: 0x5f139912, L:/127.0.0.1:64464 - R:localhost/127.0.0.1:61994]
16:11:55.486 [Forwarding isElementDisplayed on session 3435545405ed4756f315a678dce33f9b to remote] DEBUG o.a.netty.request.NettyRequestSender - Using pooled Channel '[id: 0x5f139912, L:/127.0.0.1:64464 - R:localhost/127.0.0.1:61994]' for 'POST' to 'http://localhost:61994/session/3435545405ed4756f315a678dce33f9b/execute/sync'
16:11:55.486 [Forwarding isElementDisplayed on session 3435545405ed4756f315a678dce33f9b to remote] DEBUG o.a.netty.request.NettyRequestSender - Using open Channel [id: 0x5f139912, L:/127.0.0.1:64464 - R:localhost/127.0.0.1:61994] for POST '/session/3435545405ed4756f315a678dce33f9b/execute/sync'
16:11:55.492 [AsyncHttpClient-1-8] DEBUG o.a.netty.handler.HttpHandler - 

Request DefaultHttpRequest(decodeResult: success, version: HTTP/1.1)
POST /session/3435545405ed4756f315a678dce33f9b/execute/sync HTTP/1.1
User-Agent: selenium/4.1.2 (java windows)
Content-Length: 48780
Content-Type: application/json; charset=utf-8
host: localhost:61994
accept: */*

Response DefaultHttpResponse(decodeResult: success, version: HTTP/1.1)
HTTP/1.1 200 OK
Content-Type: application/json; charset=utf-8
cache-control: no-cache
content-length: 15

16:11:55.492 [AsyncHttpClient-1-8] DEBUG o.a.netty.channel.ChannelManager - Adding key: http://localhost:61994 for channel [id: 0x5f139912, L:/127.0.0.1:64464 - R:localhost/127.0.0.1:61994]
16:11:55.993 [Forwarding findElement on session 3435545405ed4756f315a678dce33f9b to remote] DEBUG o.a.netty.request.NettyRequestSender - Using pooled Channel '[id: 0x5f139912, L:/127.0.0.1:64464 - R:localhost/127.0.0.1:61994]' for 'POST' to 'http://localhost:61994/session/3435545405ed4756f315a678dce33f9b/element'
16:11:55.993 [Forwarding findElement on session 3435545405ed4756f315a678dce33f9b to remote] DEBUG o.a.netty.request.NettyRequestSender - Using open Channel [id: 0x5f139912, L:/127.0.0.1:64464 - R:localhost/127.0.0.1:61994] for POST '/session/3435545405ed4756f315a678dce33f9b/element'
16:11:55.997 [AsyncHttpClient-1-8] DEBUG o.a.netty.handler.HttpHandler - 

Request DefaultHttpRequest(decodeResult: success, version: HTTP/1.1)
POST /session/3435545405ed4756f315a678dce33f9b/element HTTP/1.1
User-Agent: selenium/4.1.2 (java windows)
Content-Length: 75
Content-Type: application/json; charset=utf-8
host: localhost:61994
accept: */*

Response DefaultHttpResponse(decodeResult: success, version: HTTP/1.1)
HTTP/1.1 200 OK
Content-Type: application/json; charset=utf-8
cache-control: no-cache
content-length: 88

16:11:55.998 [AsyncHttpClient-1-8] DEBUG o.a.netty.channel.ChannelManager - Adding key: http://localhost:61994 for channel [id: 0x5f139912, L:/127.0.0.1:64464 - R:localhost/127.0.0.1:61994]
16:11:56.000 [Forwarding isElementDisplayed on session 3435545405ed4756f315a678dce33f9b to remote] DEBUG o.a.netty.request.NettyRequestSender - Using pooled Channel '[id: 0x5f139912, L:/127.0.0.1:64464 - R:localhost/127.0.0.1:61994]' for 'POST' to 'http://localhost:61994/session/3435545405ed4756f315a678dce33f9b/execute/sync'
16:11:56.000 [Forwarding isElementDisplayed on session 3435545405ed4756f315a678dce33f9b to remote] DEBUG o.a.netty.request.NettyRequestSender - Using open Channel [id: 0x5f139912, L:/127.0.0.1:64464 - R:localhost/127.0.0.1:61994] for POST '/session/3435545405ed4756f315a678dce33f9b/execute/sync'
16:11:56.006 [AsyncHttpClient-1-8] DEBUG o.a.netty.handler.HttpHandler - 

Request DefaultHttpRequest(decodeResult: success, version: HTTP/1.1)
POST /session/3435545405ed4756f315a678dce33f9b/execute/sync HTTP/1.1
User-Agent: selenium/4.1.2 (java windows)
Content-Length: 48780
Content-Type: application/json; charset=utf-8
host: localhost:61994
accept: */*

Response DefaultHttpResponse(decodeResult: success, version: HTTP/1.1)
HTTP/1.1 200 OK
Content-Type: application/json; charset=utf-8
cache-control: no-cache
content-length: 14

16:11:56.006 [AsyncHttpClient-1-8] DEBUG o.a.netty.channel.ChannelManager - Adding key: http://localhost:61994 for channel [id: 0x5f139912, L:/127.0.0.1:64464 - R:localhost/127.0.0.1:61994]
16:11:56.006 [Forwarding getElementText on session 3435545405ed4756f315a678dce33f9b to remote] DEBUG o.a.netty.request.NettyRequestSender - Using pooled Channel '[id: 0x5f139912, L:/127.0.0.1:64464 - R:localhost/127.0.0.1:61994]' for 'GET' to 'http://localhost:61994/session/3435545405ed4756f315a678dce33f9b/element/1ab42e11-a49c-4b14-a1ec-3ac9622942e7/text'
16:11:56.006 [Forwarding getElementText on session 3435545405ed4756f315a678dce33f9b to remote] DEBUG o.a.netty.request.NettyRequestSender - Using open Channel [id: 0x5f139912, L:/127.0.0.1:64464 - R:localhost/127.0.0.1:61994] for GET '/session/3435545405ed4756f315a678dce33f9b/element/1ab42e11-a49c-4b14-a1ec-3ac9622942e7/text'
16:11:56.014 [AsyncHttpClient-1-8] DEBUG o.a.netty.handler.HttpHandler - 

Request DefaultFullHttpRequest(decodeResult: success, version: HTTP/1.1, content: EmptyByteBufBE)
GET /session/3435545405ed4756f315a678dce33f9b/element/1ab42e11-a49c-4b14-a1ec-3ac9622942e7/text HTTP/1.1
User-Agent: selenium/4.1.2 (java windows)
Cache-Control: no-cache
Content-Type: application/json; charset=utf-8
host: localhost:61994
accept: */*

Response DefaultHttpResponse(decodeResult: success, version: HTTP/1.1)
HTTP/1.1 200 OK
Content-Type: application/json; charset=utf-8
cache-control: no-cache
content-length: 59

16:11:56.015 [AsyncHttpClient-1-8] DEBUG o.a.netty.channel.ChannelManager - Adding key: http://localhost:61994 for channel [id: 0x5f139912, L:/127.0.0.1:64464 - R:localhost/127.0.0.1:61994]
16:11:56.360 [AsyncHttpClient-1-1] DEBUG o.a.netty.channel.DefaultChannelPool - Entry count for : http://localhost:64465 : 1
16:11:56.360 [AsyncHttpClient-1-1] DEBUG o.a.netty.channel.DefaultChannelPool - Entry count for : http://localhost:61994 : 1
16:11:57.454 [AsyncHttpClient-1-1] DEBUG o.a.netty.channel.DefaultChannelPool - Entry count for : http://localhost:64465 : 1
16:11:57.454 [AsyncHttpClient-1-1] DEBUG o.a.netty.channel.DefaultChannelPool - Entry count for : http://localhost:61994 : 1
  &amp#27;[32mWhen &amp#27;[0m&amp#27;[32muser login using invalid credentials with username &amp#27;[0m&amp#27;[32m&amp#27;[1m"invalidUser"&amp#27;[0m&amp#27;[32m and password &amp#27;[0m&amp#27;[32m&amp#27;[1m"InvalidPassword"&amp#27;[0m &amp#27;[90m# stepdefinitions.LoginPageSteps.user_login_using_invalid_credentials_with_username_and_password(java.lang.String,java.lang.String)&amp#27;[0m
16:11:58.019 [Forwarding getTitle on session 3435545405ed4756f315a678dce33f9b to remote] DEBUG o.a.netty.request.NettyRequestSender - Using pooled Channel '[id: 0x5f139912, L:/127.0.0.1:64464 - R:localhost/127.0.0.1:61994]' for 'GET' to 'http://localhost:61994/session/3435545405ed4756f315a678dce33f9b/title'
16:11:58.019 [Forwarding getTitle on session 3435545405ed4756f315a678dce33f9b to remote] DEBUG o.a.netty.request.NettyRequestSender - Using open Channel [id: 0x5f139912, L:/127.0.0.1:64464 - R:localhost/127.0.0.1:61994] for GET '/session/3435545405ed4756f315a678dce33f9b/title'
16:11:58.022 [AsyncHttpClient-1-8] DEBUG o.a.netty.handler.HttpHandler - 

Request DefaultFullHttpRequest(decodeResult: success, version: HTTP/1.1, content: EmptyByteBufBE)
GET /session/3435545405ed4756f315a678dce33f9b/title HTTP/1.1
User-Agent: selenium/4.1.2 (java windows)
Cache-Control: no-cache
Content-Type: application/json; charset=utf-8
host: localhost:61994
accept: */*

Response DefaultHttpResponse(decodeResult: success, version: HTTP/1.1)
HTTP/1.1 200 OK
Content-Type: application/json; charset=utf-8
cache-control: no-cache
content-length: 22

16:11:58.022 [AsyncHttpClient-1-8] DEBUG o.a.netty.channel.ChannelManager - Adding key: http://localhost:61994 for channel [id: 0x5f139912, L:/127.0.0.1:64464 - R:localhost/127.0.0.1:61994]
16:11:58.022 [Forwarding getTitle on session 3435545405ed4756f315a678dce33f9b to remote] DEBUG o.a.netty.request.NettyRequestSender - Using pooled Channel '[id: 0x5f139912, L:/127.0.0.1:64464 - R:localhost/127.0.0.1:61994]' for 'GET' to 'http://localhost:61994/session/3435545405ed4756f315a678dce33f9b/title'
16:11:58.022 [Forwarding getTitle on session 3435545405ed4756f315a678dce33f9b to remote] DEBUG o.a.netty.request.NettyRequestSender - Using open Channel [id: 0x5f139912, L:/127.0.0.1:64464 - R:localhost/127.0.0.1:61994] for GET '/session/3435545405ed4756f315a678dce33f9b/title'
16:11:58.022 [AsyncHttpClient-1-8] DEBUG o.a.netty.handler.HttpHandler - 

Request DefaultFullHttpRequest(decodeResult: success, version: HTTP/1.1, content: EmptyByteBufBE)
GET /session/3435545405ed4756f315a678dce33f9b/title HTTP/1.1
User-Agent: selenium/4.1.2 (java windows)
Cache-Control: no-cache
Content-Type: application/json; charset=utf-8
host: localhost:61994
accept: */*

Response DefaultHttpResponse(decodeResult: success, version: HTTP/1.1)
HTTP/1.1 200 OK
Content-Type: application/json; charset=utf-8
cache-control: no-cache
content-length: 22

16:11:58.022 [AsyncHttpClient-1-8] DEBUG o.a.netty.channel.ChannelManager - Adding key: http://localhost:61994 for channel [id: 0x5f139912, L:/127.0.0.1:64464 - R:localhost/127.0.0.1:61994]
16:11:58.554 [AsyncHttpClient-1-1] DEBUG o.a.netty.channel.DefaultChannelPool - Entry count for : http://localhost:64465 : 1
16:11:58.554 [AsyncHttpClient-1-1] DEBUG o.a.netty.channel.DefaultChannelPool - Entry count for : http://localhost:61994 : 1
16:11:59.654 [AsyncHttpClient-1-1] DEBUG o.a.netty.channel.DefaultChannelPool - Entry count for : http://localhost:64465 : 1
16:11:59.654 [AsyncHttpClient-1-1] DEBUG o.a.netty.channel.DefaultChannelPool - Entry count for : http://localhost:61994 : 1
16:12:00.751 [AsyncHttpClient-1-1] DEBUG o.a.netty.channel.DefaultChannelPool - Entry count for : http://localhost:64465 : 1
16:12:00.751 [AsyncHttpClient-1-1] DEBUG o.a.netty.channel.DefaultChannelPool - Entry count for : http://localhost:61994 : 1
16:12:01.854 [AsyncHttpClient-1-1] DEBUG o.a.netty.channel.DefaultChannelPool - Entry count for : http://localhost:64465 : 1
16:12:01.854 [AsyncHttpClient-1-1] DEBUG o.a.netty.channel.DefaultChannelPool - Entry count for : http://localhost:61994 : 1
16:12:02.952 [AsyncHttpClient-1-1] DEBUG o.a.netty.channel.DefaultChannelPool - Entry count for : http://localhost:64465 : 1
16:12:02.952 [AsyncHttpClient-1-1] DEBUG o.a.netty.channel.DefaultChannelPool - Entry count for : http://localhost:61994 : 1
16:12:03.031 [Forwarding findElement on session 3435545405ed4756f315a678dce33f9b to remote] DEBUG o.a.netty.request.NettyRequestSender - Using pooled Channel '[id: 0x5f139912, L:/127.0.0.1:64464 - R:localhost/127.0.0.1:61994]' for 'POST' to 'http://localhost:61994/session/3435545405ed4756f315a678dce33f9b/element'
16:12:03.031 [Forwarding findElement on session 3435545405ed4756f315a678dce33f9b to remote] DEBUG o.a.netty.request.NettyRequestSender - Using open Channel [id: 0x5f139912, L:/127.0.0.1:64464 - R:localhost/127.0.0.1:61994] for POST '/session/3435545405ed4756f315a678dce33f9b/element'
16:12:03.036 [AsyncHttpClient-1-8] DEBUG o.a.netty.handler.HttpHandler - 

Request DefaultHttpRequest(decodeResult: success, version: HTTP/1.1)
POST /session/3435545405ed4756f315a678dce33f9b/element HTTP/1.1
User-Agent: selenium/4.1.2 (java windows)
Content-Length: 75
Content-Type: application/json; charset=utf-8
host: localhost:61994
accept: */*

Response DefaultHttpResponse(decodeResult: success, version: HTTP/1.1)
HTTP/1.1 200 OK
Content-Type: application/json; charset=utf-8
cache-control: no-cache
content-length: 88

16:12:03.036 [AsyncHttpClient-1-8] DEBUG o.a.netty.channel.ChannelManager - Adding key: http://localhost:61994 for channel [id: 0x5f139912, L:/127.0.0.1:64464 - R:localhost/127.0.0.1:61994]
16:12:03.036 [Forwarding isElementDisplayed on session 3435545405ed4756f315a678dce33f9b to remote] DEBUG o.a.netty.request.NettyRequestSender - Using pooled Channel '[id: 0x5f139912, L:/127.0.0.1:64464 - R:localhost/127.0.0.1:61994]' for 'POST' to 'http://localhost:61994/session/3435545405ed4756f315a678dce33f9b/execute/sync'
16:12:03.036 [Forwarding isElementDisplayed on session 3435545405ed4756f315a678dce33f9b to remote] DEBUG o.a.netty.request.NettyRequestSender - Using open Channel [id: 0x5f139912, L:/127.0.0.1:64464 - R:localhost/127.0.0.1:61994] for POST '/session/3435545405ed4756f315a678dce33f9b/execute/sync'
16:12:03.041 [AsyncHttpClient-1-8] DEBUG o.a.netty.handler.HttpHandler - 

Request DefaultHttpRequest(decodeResult: success, version: HTTP/1.1)
POST /session/3435545405ed4756f315a678dce33f9b/execute/sync HTTP/1.1
User-Agent: selenium/4.1.2 (java windows)
Content-Length: 48780
Content-Type: application/json; charset=utf-8
host: localhost:61994
accept: */*

Response DefaultHttpResponse(decodeResult: success, version: HTTP/1.1)
HTTP/1.1 200 OK
Content-Type: application/json; charset=utf-8
cache-control: no-cache
content-length: 14

16:12:03.041 [AsyncHttpClient-1-8] DEBUG o.a.netty.channel.ChannelManager - Adding key: http://localhost:61994 for channel [id: 0x5f139912, L:/127.0.0.1:64464 - R:localhost/127.0.0.1:61994]
16:12:03.041 [Forwarding getElementText on session 3435545405ed4756f315a678dce33f9b to remote] DEBUG o.a.netty.request.NettyRequestSender - Using pooled Channel '[id: 0x5f139912, L:/127.0.0.1:64464 - R:localhost/127.0.0.1:61994]' for 'GET' to 'http://localhost:61994/session/3435545405ed4756f315a678dce33f9b/element/1ab42e11-a49c-4b14-a1ec-3ac9622942e7/text'
16:12:03.041 [Forwarding getElementText on session 3435545405ed4756f315a678dce33f9b to remote] DEBUG o.a.netty.request.NettyRequestSender - Using open Channel [id: 0x5f139912, L:/127.0.0.1:64464 - R:localhost/127.0.0.1:61994] for GET '/session/3435545405ed4756f315a678dce33f9b/element/1ab42e11-a49c-4b14-a1ec-3ac9622942e7/text'
16:12:03.049 [AsyncHttpClient-1-8] DEBUG o.a.netty.handler.HttpHandler - 

Request DefaultFullHttpRequest(decodeResult: success, version: HTTP/1.1, content: EmptyByteBufBE)
GET /session/3435545405ed4756f315a678dce33f9b/element/1ab42e11-a49c-4b14-a1ec-3ac9622942e7/text HTTP/1.1
User-Agent: selenium/4.1.2 (java windows)
Cache-Control: no-cache
Content-Type: application/json; charset=utf-8
host: localhost:61994
accept: */*

Response DefaultHttpResponse(decodeResult: success, version: HTTP/1.1)
HTTP/1.1 200 OK
Content-Type: application/json; charset=utf-8
cache-control: no-cache
content-length: 59

16:12:03.049 [AsyncHttpClient-1-8] DEBUG o.a.netty.channel.ChannelManager - Adding key: http://localhost:61994 for channel [id: 0x5f139912, L:/127.0.0.1:64464 - R:localhost/127.0.0.1:61994]
16:12:04.056 [AsyncHttpClient-1-1] DEBUG o.a.netty.channel.DefaultChannelPool - Entry count for : http://localhost:64465 : 1
16:12:04.056 [AsyncHttpClient-1-1] DEBUG o.a.netty.channel.DefaultChannelPool - Entry count for : http://localhost:61994 : 1
  &amp#27;[32mThen &amp#27;[0m&amp#27;[32muser should not proceed to Dashboard Page&amp#27;[0m                                                       &amp#27;[90m# stepdefinitions.LoginPageSteps.user_should_not_proceed_to_dashboard_page()&amp#27;[0m
16:12:05.158 [AsyncHttpClient-1-1] DEBUG o.a.netty.channel.DefaultChannelPool - Entry count for : http://localhost:64465 : 1
16:12:05.158 [AsyncHttpClient-1-1] DEBUG o.a.netty.channel.DefaultChannelPool - Entry count for : http://localhost:61994 : 1
16:12:06.256 [AsyncHttpClient-1-1] DEBUG o.a.netty.channel.DefaultChannelPool - Entry count for : http://localhost:64465 : 1
16:12:06.256 [AsyncHttpClient-1-1] DEBUG o.a.netty.channel.DefaultChannelPool - Entry count for : http://localhost:61994 : 1
16:12:07.060 [Forwarding findElement on session 3435545405ed4756f315a678dce33f9b to remote] DEBUG o.a.netty.request.NettyRequestSender - Using pooled Channel '[id: 0x5f139912, L:/127.0.0.1:64464 - R:localhost/127.0.0.1:61994]' for 'POST' to 'http://localhost:61994/session/3435545405ed4756f315a678dce33f9b/element'
16:12:07.060 [Forwarding findElement on session 3435545405ed4756f315a678dce33f9b to remote] DEBUG o.a.netty.request.NettyRequestSender - Using open Channel [id: 0x5f139912, L:/127.0.0.1:64464 - R:localhost/127.0.0.1:61994] for POST '/session/3435545405ed4756f315a678dce33f9b/element'
16:12:07.061 [AsyncHttpClient-1-8] DEBUG o.a.netty.handler.HttpHandler - 

Request DefaultHttpRequest(decodeResult: success, version: HTTP/1.1)
POST /session/3435545405ed4756f315a678dce33f9b/element HTTP/1.1
User-Agent: selenium/4.1.2 (java windows)
Content-Length: 128
Content-Type: application/json; charset=utf-8
host: localhost:61994
accept: */*

Response DefaultHttpResponse(decodeResult: success, version: HTTP/1.1)
HTTP/1.1 200 OK
Content-Type: application/json; charset=utf-8
cache-control: no-cache
content-length: 88

16:12:07.061 [AsyncHttpClient-1-8] DEBUG o.a.netty.channel.ChannelManager - Adding key: http://localhost:61994 for channel [id: 0x5f139912, L:/127.0.0.1:64464 - R:localhost/127.0.0.1:61994]
16:12:07.061 [Forwarding sendKeysToElement on session 3435545405ed4756f315a678dce33f9b to remote] DEBUG o.a.netty.request.NettyRequestSender - Using pooled Channel '[id: 0x5f139912, L:/127.0.0.1:64464 - R:localhost/127.0.0.1:61994]' for 'POST' to 'http://localhost:61994/session/3435545405ed4756f315a678dce33f9b/element/9aafc098-d2df-4d12-bbee-22506636ae4c/value'
16:12:07.061 [Forwarding sendKeysToElement on session 3435545405ed4756f315a678dce33f9b to remote] DEBUG o.a.netty.request.NettyRequestSender - Using open Channel [id: 0x5f139912, L:/127.0.0.1:64464 - R:localhost/127.0.0.1:61994] for POST '/session/3435545405ed4756f315a678dce33f9b/element/9aafc098-d2df-4d12-bbee-22506636ae4c/value'
16:12:07.085 [AsyncHttpClient-1-8] DEBUG o.a.netty.handler.HttpHandler - 

Request DefaultHttpRequest(decodeResult: success, version: HTTP/1.1)
POST /session/3435545405ed4756f315a678dce33f9b/element/9aafc098-d2df-4d12-bbee-22506636ae4c/value HTTP/1.1
User-Agent: selenium/4.1.2 (java windows)
Content-Length: 191
Content-Type: application/json; charset=utf-8
host: localhost:61994
accept: */*

Response DefaultHttpResponse(decodeResult: success, version: HTTP/1.1)
HTTP/1.1 200 OK
Content-Type: application/json; charset=utf-8
cache-control: no-cache
content-length: 14

16:12:07.085 [AsyncHttpClient-1-8] DEBUG o.a.netty.channel.ChannelManager - Adding key: http://localhost:61994 for channel [id: 0x5f139912, L:/127.0.0.1:64464 - R:localhost/127.0.0.1:61994]
16:12:07.086 [Forwarding findElement on session 3435545405ed4756f315a678dce33f9b to remote] DEBUG o.a.netty.request.NettyRequestSender - Using pooled Channel '[id: 0x5f139912, L:/127.0.0.1:64464 - R:localhost/127.0.0.1:61994]' for 'POST' to 'http://localhost:61994/session/3435545405ed4756f315a678dce33f9b/element'
16:12:07.086 [Forwarding findElement on session 3435545405ed4756f315a678dce33f9b to remote] DEBUG o.a.netty.request.NettyRequestSender - Using open Channel [id: 0x5f139912, L:/127.0.0.1:64464 - R:localhost/127.0.0.1:61994] for POST '/session/3435545405ed4756f315a678dce33f9b/element'
16:12:07.090 [AsyncHttpClient-1-8] DEBUG o.a.netty.handler.HttpHandler - 

Request DefaultHttpRequest(decodeResult: success, version: HTTP/1.1)
POST /session/3435545405ed4756f315a678dce33f9b/element HTTP/1.1
User-Agent: selenium/4.1.2 (java windows)
Content-Length: 132
Content-Type: application/json; charset=utf-8
host: localhost:61994
accept: */*

Response DefaultHttpResponse(decodeResult: success, version: HTTP/1.1)
HTTP/1.1 200 OK
Content-Type: application/json; charset=utf-8
cache-control: no-cache
content-length: 88

16:12:07.090 [AsyncHttpClient-1-8] DEBUG o.a.netty.channel.ChannelManager - Adding key: http://localhost:61994 for channel [id: 0x5f139912, L:/127.0.0.1:64464 - R:localhost/127.0.0.1:61994]
16:12:07.091 [Forwarding sendKeysToElement on session 3435545405ed4756f315a678dce33f9b to remote] DEBUG o.a.netty.request.NettyRequestSender - Using pooled Channel '[id: 0x5f139912, L:/127.0.0.1:64464 - R:localhost/127.0.0.1:61994]' for 'POST' to 'http://localhost:61994/session/3435545405ed4756f315a678dce33f9b/element/25efe637-6222-4eff-a602-c03197c8dd1e/value'
16:12:07.091 [Forwarding sendKeysToElement on session 3435545405ed4756f315a678dce33f9b to remote] DEBUG o.a.netty.request.NettyRequestSender - Using open Channel [id: 0x5f139912, L:/127.0.0.1:64464 - R:localhost/127.0.0.1:61994] for POST '/session/3435545405ed4756f315a678dce33f9b/element/25efe637-6222-4eff-a602-c03197c8dd1e/value'
16:12:07.119 [AsyncHttpClient-1-8] DEBUG o.a.netty.handler.HttpHandler - 

Request DefaultHttpRequest(decodeResult: success, version: HTTP/1.1)
POST /session/3435545405ed4756f315a678dce33f9b/element/25efe637-6222-4eff-a602-c03197c8dd1e/value HTTP/1.1
User-Agent: selenium/4.1.2 (java windows)
Content-Length: 161
Content-Type: application/json; charset=utf-8
host: localhost:61994
accept: */*

Response DefaultHttpResponse(decodeResult: success, version: HTTP/1.1)
HTTP/1.1 200 OK
Content-Type: application/json; charset=utf-8
cache-control: no-cache
content-length: 14

16:12:07.119 [AsyncHttpClient-1-8] DEBUG o.a.netty.channel.ChannelManager - Adding key: http://localhost:61994 for channel [id: 0x5f139912, L:/127.0.0.1:64464 - R:localhost/127.0.0.1:61994]
16:12:07.120 [Forwarding findElement on session 3435545405ed4756f315a678dce33f9b to remote] DEBUG o.a.netty.request.NettyRequestSender - Using pooled Channel '[id: 0x5f139912, L:/127.0.0.1:64464 - R:localhost/127.0.0.1:61994]' for 'POST' to 'http://localhost:61994/session/3435545405ed4756f315a678dce33f9b/element'
16:12:07.120 [Forwarding findElement on session 3435545405ed4756f315a678dce33f9b to remote] DEBUG o.a.netty.request.NettyRequestSender - Using open Channel [id: 0x5f139912, L:/127.0.0.1:64464 - R:localhost/127.0.0.1:61994] for POST '/session/3435545405ed4756f315a678dce33f9b/element'
16:12:07.125 [AsyncHttpClient-1-8] DEBUG o.a.netty.handler.HttpHandler - 

Request DefaultHttpRequest(decodeResult: success, version: HTTP/1.1)
POST /session/3435545405ed4756f315a678dce33f9b/element HTTP/1.1
User-Agent: selenium/4.1.2 (java windows)
Content-Length: 125
Content-Type: application/json; charset=utf-8
host: localhost:61994
accept: */*

Response DefaultHttpResponse(decodeResult: success, version: HTTP/1.1)
HTTP/1.1 200 OK
Content-Type: application/json; charset=utf-8
cache-control: no-cache
content-length: 88

16:12:07.125 [AsyncHttpClient-1-8] DEBUG o.a.netty.channel.ChannelManager - Adding key: http://localhost:61994 for channel [id: 0x5f139912, L:/127.0.0.1:64464 - R:localhost/127.0.0.1:61994]
16:12:07.126 [Forwarding clickElement on session 3435545405ed4756f315a678dce33f9b to remote] DEBUG o.a.netty.request.NettyRequestSender - Using pooled Channel '[id: 0x5f139912, L:/127.0.0.1:64464 - R:localhost/127.0.0.1:61994]' for 'POST' to 'http://localhost:61994/session/3435545405ed4756f315a678dce33f9b/element/ae648ec2-939f-4ec3-bb2b-1aa7e67f648a/click'
16:12:07.126 [Forwarding clickElement on session 3435545405ed4756f315a678dce33f9b to remote] DEBUG o.a.netty.request.NettyRequestSender - Using open Channel [id: 0x5f139912, L:/127.0.0.1:64464 - R:localhost/127.0.0.1:61994] for POST '/session/3435545405ed4756f315a678dce33f9b/element/ae648ec2-939f-4ec3-bb2b-1aa7e67f648a/click'
16:12:07.351 [AsyncHttpClient-1-1] DEBUG o.a.netty.channel.DefaultChannelPool - Entry count for : http://localhost:64465 : 1
16:12:08.463 [AsyncHttpClient-1-1] DEBUG o.a.netty.channel.DefaultChannelPool - Entry count for : http://localhost:64465 : 1
16:12:08.986 [AsyncHttpClient-1-8] DEBUG o.a.netty.handler.HttpHandler - 

Request DefaultHttpRequest(decodeResult: success, version: HTTP/1.1)
POST /session/3435545405ed4756f315a678dce33f9b/element/ae648ec2-939f-4ec3-bb2b-1aa7e67f648a/click HTTP/1.1
User-Agent: selenium/4.1.2 (java windows)
Content-Length: 50
Content-Type: application/json; charset=utf-8
host: localhost:61994
accept: */*

Response DefaultHttpResponse(decodeResult: success, version: HTTP/1.1)
HTTP/1.1 200 OK
Content-Type: application/json; charset=utf-8
cache-control: no-cache
content-length: 14

16:12:08.986 [AsyncHttpClient-1-8] DEBUG o.a.netty.channel.ChannelManager - Adding key: http://localhost:61994 for channel [id: 0x5f139912, L:/127.0.0.1:64464 - R:localhost/127.0.0.1:61994]
  &amp#27;[32mWhen &amp#27;[0m&amp#27;[32muser login using valid credentials with username &amp#27;[0m&amp#27;[32m&amp#27;[1m"user@vrbank"&amp#27;[0m&amp#27;[32m and password &amp#27;[0m&amp#27;[32m&amp#27;[1m"pega123!"&amp#27;[0m          &amp#27;[90m# stepdefinitions.LoginPageSteps.user_login_using_valid_credentials_with_username_and_password(java.lang.String,java.lang.String)&amp#27;[0m
16:12:08.988 [Forwarding getTitle on session 3435545405ed4756f315a678dce33f9b to remote] DEBUG o.a.netty.request.NettyRequestSender - Using pooled Channel '[id: 0x5f139912, L:/127.0.0.1:64464 - R:localhost/127.0.0.1:61994]' for 'GET' to 'http://localhost:61994/session/3435545405ed4756f315a678dce33f9b/title'
16:12:08.988 [Forwarding getTitle on session 3435545405ed4756f315a678dce33f9b to remote] DEBUG o.a.netty.request.NettyRequestSender - Using open Channel [id: 0x5f139912, L:/127.0.0.1:64464 - R:localhost/127.0.0.1:61994] for GET '/session/3435545405ed4756f315a678dce33f9b/title'
16:12:08.990 [AsyncHttpClient-1-8] DEBUG o.a.netty.handler.HttpHandler - 

Request DefaultFullHttpRequest(decodeResult: success, version: HTTP/1.1, content: EmptyByteBufBE)
GET /session/3435545405ed4756f315a678dce33f9b/title HTTP/1.1
User-Agent: selenium/4.1.2 (java windows)
Cache-Control: no-cache
Content-Type: application/json; charset=utf-8
host: localhost:61994
accept: */*

Response DefaultHttpResponse(decodeResult: success, version: HTTP/1.1)
HTTP/1.1 200 OK
Content-Type: application/json; charset=utf-8
cache-control: no-cache
content-length: 30

16:12:08.991 [AsyncHttpClient-1-8] DEBUG o.a.netty.channel.ChannelManager - Adding key: http://localhost:61994 for channel [id: 0x5f139912, L:/127.0.0.1:64464 - R:localhost/127.0.0.1:61994]
16:12:08.991 [Forwarding getTitle on session 3435545405ed4756f315a678dce33f9b to remote] DEBUG o.a.netty.request.NettyRequestSender - Using pooled Channel '[id: 0x5f139912, L:/127.0.0.1:64464 - R:localhost/127.0.0.1:61994]' for 'GET' to 'http://localhost:61994/session/3435545405ed4756f315a678dce33f9b/title'
16:12:08.991 [Forwarding getTitle on session 3435545405ed4756f315a678dce33f9b to remote] DEBUG o.a.netty.request.NettyRequestSender - Using open Channel [id: 0x5f139912, L:/127.0.0.1:64464 - R:localhost/127.0.0.1:61994] for GET '/session/3435545405ed4756f315a678dce33f9b/title'
16:12:08.993 [AsyncHttpClient-1-8] DEBUG o.a.netty.handler.HttpHandler - 

Request DefaultFullHttpRequest(decodeResult: success, version: HTTP/1.1, content: EmptyByteBufBE)
GET /session/3435545405ed4756f315a678dce33f9b/title HTTP/1.1
User-Agent: selenium/4.1.2 (java windows)
Cache-Control: no-cache
Content-Type: application/json; charset=utf-8
host: localhost:61994
accept: */*

Response DefaultHttpResponse(decodeResult: success, version: HTTP/1.1)
HTTP/1.1 200 OK
Content-Type: application/json; charset=utf-8
cache-control: no-cache
content-length: 30

16:12:08.993 [AsyncHttpClient-1-8] DEBUG o.a.netty.channel.ChannelManager - Adding key: http://localhost:61994 for channel [id: 0x5f139912, L:/127.0.0.1:64464 - R:localhost/127.0.0.1:61994]
16:12:09.553 [AsyncHttpClient-1-1] DEBUG o.a.netty.channel.DefaultChannelPool - Entry count for : http://localhost:64465 : 1
16:12:09.553 [AsyncHttpClient-1-1] DEBUG o.a.netty.channel.DefaultChannelPool - Entry count for : http://localhost:61994 : 1
16:12:10.655 [AsyncHttpClient-1-1] DEBUG o.a.netty.channel.DefaultChannelPool - Entry count for : http://localhost:64465 : 1
16:12:10.655 [AsyncHttpClient-1-1] DEBUG o.a.netty.channel.DefaultChannelPool - Entry count for : http://localhost:61994 : 1
16:12:11.761 [AsyncHttpClient-1-1] DEBUG o.a.netty.channel.DefaultChannelPool - Entry count for : http://localhost:64465 : 1
16:12:11.761 [AsyncHttpClient-1-1] DEBUG o.a.netty.channel.DefaultChannelPool - Entry count for : http://localhost:61994 : 1
16:12:12.855 [AsyncHttpClient-1-1] DEBUG o.a.netty.channel.DefaultChannelPool - Entry count for : http://localhost:64465 : 1
16:12:12.855 [AsyncHttpClient-1-1] DEBUG o.a.netty.channel.DefaultChannelPool - Entry count for : http://localhost:61994 : 1
16:12:13.955 [AsyncHttpClient-1-1] DEBUG o.a.netty.channel.DefaultChannelPool - Entry count for : http://localhost:64465 : 1
16:12:13.955 [AsyncHttpClient-1-1] DEBUG o.a.netty.channel.DefaultChannelPool - Entry count for : http://localhost:61994 : 1
  &amp#27;[32mThen &amp#27;[0m&amp#27;[32muser should proceed to Dashboard Page&amp#27;[0m                                                           &amp#27;[90m# stepdefinitions.LoginPageSteps.user_should_proceed_to_dashboard_page()&amp#27;[0m
16:12:13.996 [AsyncHttpClient-1-10] DEBUG o.a.netty.handler.WebSocketHandler - Channel Closed: [id: 0x5ad1ffa7, L:/127.0.0.1:64472 ! R:localhost/127.0.0.1:64465] with attribute NettyResponseFuture{currentRetry=5,
	isDone=1,
	isCancelled=0,
	asyncHandler=org.asynchttpclient.ws.WebSocketUpgradeHandler@1534571,
	nettyRequest=org.asynchttpclient.netty.request.NettyRequest@4451db3f,
	future=java.util.concurrent.CompletableFuture@16d83e92[Completed normally],
	uri=ws://localhost:64465/devtools/browser/8e1a2b2b-28f0-4d78-bda8-ed3bff94d374,
	keepAlive=true,
	redirectCount=0,
	timeoutsHolder=null,
	inAuth=0,
	touch=1648023107437}
16:12:13.996 [AsyncHttpClient-1-10] DEBUG o.a.netty.channel.ChannelManager - Closing Channel [id: 0x5ad1ffa7, L:/127.0.0.1:64472 ! R:localhost/127.0.0.1:64465] 
16:12:13.996 [Driver Command Executor] DEBUG o.a.netty.request.NettyRequestSender - Using pooled Channel '[id: 0x5f139912, L:/127.0.0.1:64464 - R:localhost/127.0.0.1:61994]' for 'DELETE' to 'http://localhost:61994/session/3435545405ed4756f315a678dce33f9b'
16:12:13.996 [Driver Command Executor] DEBUG o.a.netty.request.NettyRequestSender - Using open Channel [id: 0x5f139912, L:/127.0.0.1:64464 - R:localhost/127.0.0.1:61994] for DELETE '/session/3435545405ed4756f315a678dce33f9b'
16:12:14.012 [AsyncHttpClient-1-9] DEBUG o.a.netty.handler.HttpHandler - Unexpected I/O exception on channel [id: 0x5ee32d11, L:/127.0.0.1:64471 - R:localhost/127.0.0.1:64465]
java.net.SocketException: Connection reset
	at java.base/sun.nio.ch.SocketChannelImpl.throwConnectionReset(SocketChannelImpl.java:367) ~[na:na]
	at java.base/sun.nio.ch.SocketChannelImpl.read(SocketChannelImpl.java:398) ~[na:na]
	at io.netty.buffer.PooledByteBuf.setBytes(PooledByteBuf.java:253) ~[netty-buffer-4.1.70.Final.jar:4.1.70.Final]
	at io.netty.buffer.AbstractByteBuf.writeBytes(AbstractByteBuf.java:1132) ~[netty-buffer-4.1.70.Final.jar:4.1.70.Final]
	at io.netty.channel.socket.nio.NioSocketChannel.doReadBytes(NioSocketChannel.java:350) ~[netty-transport-4.1.70.Final.jar:4.1.70.Final]
	at io.netty.channel.nio.AbstractNioByteChannel$NioByteUnsafe.read(AbstractNioByteChannel.java:151) ~[netty-transport-4.1.70.Final.jar:4.1.70.Final]
	at io.netty.channel.nio.NioEventLoop.processSelectedKey(NioEventLoop.java:719) ~[netty-transport-4.1.70.Final.jar:4.1.70.Final]
	at io.netty.channel.nio.NioEventLoop.processSelectedKeysOptimized(NioEventLoop.java:655) ~[netty-transport-4.1.70.Final.jar:4.1.70.Final]
	at io.netty.channel.nio.NioEventLoop.processSelectedKeys(NioEventLoop.java:581) ~[netty-transport-4.1.70.Final.jar:4.1.70.Final]
	at io.netty.channel.nio.NioEventLoop.run(NioEventLoop.java:493) ~[netty-transport-4.1.70.Final.jar:4.1.70.Final]
	at io.netty.util.concurrent.SingleThreadEventExecutor$4.run(SingleThreadEventExecutor.java:986) ~[netty-common-4.1.70.Final.jar:4.1.70.Final]
	at io.netty.util.internal.ThreadExecutorMap$2.run(ThreadExecutorMap.java:74) ~[netty-common-4.1.70.Final.jar:4.1.70.Final]
	at io.netty.util.concurrent.FastThreadLocalRunnable.run(FastThreadLocalRunnable.java:30) ~[netty-common-4.1.70.Final.jar:4.1.70.Final]
	at java.base/java.lang.Thread.run(Thread.java:832) ~[na:na]
16:12:14.012 [AsyncHttpClient-1-9] DEBUG o.a.netty.channel.ChannelManager - Closing Channel [id: 0x5ee32d11, L:/127.0.0.1:64471 - R:localhost/127.0.0.1:64465] 
16:12:14.012 [AsyncHttpClient-1-9] DEBUG o.a.netty.handler.HttpHandler - Channel Closed: [id: 0x5ee32d11, L:/127.0.0.1:64471 ! R:localhost/127.0.0.1:64465] with attribute DISCARD
16:12:14.026 [AsyncHttpClient-1-8] DEBUG o.a.netty.handler.HttpHandler - 

Request DefaultFullHttpRequest(decodeResult: success, version: HTTP/1.1, content: EmptyByteBufBE)
DELETE /session/3435545405ed4756f315a678dce33f9b HTTP/1.1
User-Agent: selenium/4.1.2 (java windows)
Content-Type: application/json; charset=utf-8
host: localhost:61994
accept: */*

Response DefaultHttpResponse(decodeResult: success, version: HTTP/1.1)
HTTP/1.1 200 OK
Content-Type: application/json; charset=utf-8
cache-control: no-cache
content-length: 14

16:12:14.026 [AsyncHttpClient-1-8] DEBUG o.a.netty.channel.ChannelManager - Adding key: http://localhost:61994 for channel [id: 0x5f139912, L:/127.0.0.1:64464 - R:localhost/127.0.0.1:61994]
16:12:14.062 [AsyncHttpClient-1-8] DEBUG o.a.netty.handler.HttpHandler - Channel Closed: [id: 0x5f139912, L:/127.0.0.1:64464 ! R:localhost/127.0.0.1:61994] with attribute DISCARD
16:12:14.576 [main] INFO   - 
  _____   ___   ___   _____     ___     _     ___   ___   ___   ___  
 |_   _| | __| / __| |_   _|   | _ \   /_\   / __| / __| | __| |   \ 
   | |   | _|  \__ \   | |     |  _/  / _ \  \__ \ \__ \ | _|  | |) |
   |_|   |___| |___/   |_|     |_|   /_/ \_\ |___/ |___/ |___| |___/ 

Login to PEGA Site using User
----------------------------------------------------------------------
]]></system-out>
    <system-err><![CDATA[Starting ChromeDriver 99.0.4844.51 (d537ec02474b5afe23684e7963d538896c63ac77-refs/branch-heads/4844@{#875}) on port 61994
Only local connections are allowed.
Please see https://chromedriver.chromium.org/security-considerations for suggestions on keeping ChromeDriver safe.
ChromeDriver was started successfully.
Mar 23, 2022 4:11:47 PM org.openqa.selenium.remote.ProtocolHandshake createSession
INFO: Detected dialect: W3C
Mar 23, 2022 4:11:47 PM org.openqa.selenium.devtools.CdpVersionFinder findNearestMatch
WARNING: Unable to find an exact match for CDP version 99, so returning the closest version found: 96
Mar 23, 2022 4:11:47 PM org.openqa.selenium.devtools.CdpVersionFinder findNearestMatch
INFO: Found CDP implementation for version 99 of 96
]]></system-err>
  </testcase>
</testsuite>