<?xml version="1.0" encoding="UTF-8"?>
<testsuite xmlns:xsi="http://www.w3.org/2001/XMLSchema-instance" xsi:noNamespaceSchemaLocation="https://maven.apache.org/surefire/maven-failsafe-plugin/xsd/failsafe-test-report-3.0.xsd" version="3.0" name="testsuites.HCLSerenityTestRunner" time="107.633" tests="6" errors="0" skipped="0" failures="0">
  <properties>
    <property name="java.specification.version" value="15"/>
    <property name="webdriver.chrome.driver" value="C:\Users\DheyClaveria\.cache\selenium\chromedriver\win32\99.0.4844.51\chromedriver.exe"/>
    <property name="sun.cpu.isalist" value="amd64"/>
    <property name="sun.jnu.encoding" value="Cp1252"/>
    <property name="java.class.path" value="Z:\Automation\JavaCucumber\BDD_HCL\CucumberHCL\target\test-classes;C:\Users\DheyClaveria\.m2\repository\com\github\ralfstuckert\pdfbox-layout\pdfbox2-layout\1.0.1\pdfbox2-layout-1.0.1.jar;C:\Users\DheyClaveria\.m2\repository\org\apache\pdfbox\pdfbox\2.0.4\pdfbox-2.0.4.jar;C:\Users\DheyClaveria\.m2\repository\org\apache\pdfbox\fontbox\2.0.4\fontbox-2.0.4.jar;C:\Users\DheyClaveria\.m2\repository\commons-logging\commons-logging\1.2\commons-logging-1.2.jar;C:\Users\DheyClaveria\.m2\repository\io\rest-assured\rest-assured\4.5.1\rest-assured-4.5.1.jar;C:\Users\DheyClaveria\.m2\repository\org\codehaus\groovy\groovy\3.0.9\groovy-3.0.9.jar;C:\Users\DheyClaveria\.m2\repository\org\codehaus\groovy\groovy-xml\3.0.9\groovy-xml-3.0.9.jar;C:\Users\DheyClaveria\.m2\repository\org\apache\httpcomponents\httpclient\4.5.13\httpclient-4.5.13.jar;C:\Users\DheyClaveria\.m2\repository\org\apache\httpcomponents\httpcore\4.4.13\httpcore-4.4.13.jar;C:\Users\DheyClaveria\.m2\repository\org\apache\httpcomponents\httpmime\4.5.13\httpmime-4.5.13.jar;C:\Users\DheyClaveria\.m2\repository\org\hamcrest\hamcrest\2.1\hamcrest-2.1.jar;C:\Users\DheyClaveria\.m2\repository\org\ccil\cowan\tagsoup\tagsoup\1.2.1\tagsoup-1.2.1.jar;C:\Users\DheyClaveria\.m2\repository\io\rest-assured\json-path\4.5.1\json-path-4.5.1.jar;C:\Users\DheyClaveria\.m2\repository\io\rest-assured\rest-assured-common\4.5.1\rest-assured-common-4.5.1.jar;C:\Users\DheyClaveria\.m2\repository\io\rest-assured\xml-path\4.5.1\xml-path-4.5.1.jar;C:\Users\DheyClaveria\.m2\repository\io\rest-assured\rest-assured-all\4.3.2\rest-assured-all-4.3.2.jar;C:\Users\DheyClaveria\.m2\repository\org\apache\commons\commons-lang3\3.11\commons-lang3-3.11.jar;C:\Users\DheyClaveria\.m2\repository\jakarta\xml\bind\jakarta.xml.bind-api\2.3.3\jakarta.xml.bind-api-2.3.3.jar;C:\Users\DheyClaveria\.m2\repository\jakarta\activation\jakarta.activation-api\1.2.2\jakarta.activation-api-1.2.2.jar;C:\Users\DheyClaveria\.m2\repository\com\sun\xml\bind\jaxb-impl\2.3.3\jaxb-impl-2.3.3.jar;C:\Users\DheyClaveria\.m2\repository\org\codehaus\groovy\groovy-json\3.0.6\groovy-json-3.0.6.jar;C:\Users\DheyClaveria\.m2\repository\log4j\log4j\1.2.17\log4j-1.2.17.jar;C:\Users\DheyClaveria\.m2\repository\ch\qos\logback\logback-classic\1.1.3\logback-classic-1.1.3.jar;C:\Users\DheyClaveria\.m2\repository\ch\qos\logback\logback-core\1.1.3\logback-core-1.1.3.jar;C:\Users\DheyClaveria\.m2\repository\org\slf4j\slf4j-api\1.7.36\slf4j-api-1.7.36.jar;C:\Users\DheyClaveria\.m2\repository\org\slf4j\slf4j-reload4j\1.7.36\slf4j-reload4j-1.7.36.jar;C:\Users\DheyClaveria\.m2\repository\ch\qos\reload4j\reload4j\1.2.19\reload4j-1.2.19.jar;C:\Users\DheyClaveria\.m2\repository\org\json\json\20210307\json-20210307.jar;C:\Users\DheyClaveria\.m2\repository\com\ea\async\ea-async\1.2.3\ea-async-1.2.3.jar;C:\Users\DheyClaveria\.m2\repository\net\serenity-bdd\serenity-assertions\3.2.0\serenity-assertions-3.2.0.jar;C:\Users\DheyClaveria\.m2\repository\net\serenity-bdd\serenity-screenplay\3.2.0\serenity-screenplay-3.2.0.jar;C:\Users\DheyClaveria\.m2\repository\org\assertj\assertj-core\3.21.0\assertj-core-3.21.0.jar;C:\Users\DheyClaveria\.m2\repository\net\serenity-bdd\serenity-ensure\3.2.0\serenity-ensure-3.2.0.jar;C:\Users\DheyClaveria\.m2\repository\net\serenity-bdd\serenity-model\3.2.0\serenity-model-3.2.0.jar;C:\Users\DheyClaveria\.m2\repository\org\apache\commons\commons-text\1.9\commons-text-1.9.jar;C:\Users\DheyClaveria\.m2\repository\commons-net\commons-net\3.6\commons-net-3.6.jar;C:\Users\DheyClaveria\.m2\repository\com\google\inject\guice\5.0.1\guice-5.0.1.jar;C:\Users\DheyClaveria\.m2\repository\javax\inject\javax.inject\1\javax.inject-1.jar;C:\Users\DheyClaveria\.m2\repository\aopalliance\aopalliance\1.0\aopalliance-1.0.jar;C:\Users\DheyClaveria\.m2\repository\com\thoughtworks\xstream\xstream\1.4.19\xstream-1.4.19.jar;C:\Users\DheyClaveria\.m2\repository\io\github\x-stream\mxparser\1.2.2\mxparser-1.2.2.jar;C:\Users\DheyClaveria\.m2\repository\xmlpull\xmlpull\1.1.3.1\xmlpull-1.1.3.1.jar;C:\Users\DheyClaveria\.m2\repository\com\typesafe\config\1.3.1\config-1.3.1.jar;C:\Users\DheyClaveria\.m2\repository\org\imgscalr\imgscalr-lib\4.2\imgscalr-lib-4.2.jar;C:\Users\DheyClaveria\.m2\repository\org\awaitility\awaitility\4.1.0\awaitility-4.1.0.jar;C:\Users\DheyClaveria\.m2\repository\org\freemarker\freemarker\2.3.31\freemarker-2.3.31.jar;C:\Users\DheyClaveria\.m2\repository\io\github\classgraph\classgraph\4.8.138\classgraph-4.8.138.jar;C:\Users\DheyClaveria\.m2\repository\net\sourceforge\jexcelapi\jxl\2.6.12\jxl-2.6.12.jar;C:\Users\DheyClaveria\.m2\repository\net\bytebuddy\byte-buddy\1.12.3\byte-buddy-1.12.3.jar;C:\Users\DheyClaveria\.m2\repository\net\bytebuddy\byte-buddy-agent\1.12.3\byte-buddy-agent-1.12.3.jar;C:\Users\DheyClaveria\.m2\repository\org\objenesis\objenesis\3.1\objenesis-3.1.jar;C:\Users\DheyClaveria\.m2\repository\net\serenity-bdd\serenity-screenplay-webdriver\3.2.0\serenity-screenplay-webdriver-3.2.0.jar;C:\Users\DheyClaveria\.m2\repository\org\jetbrains\kotlin\kotlin-stdlib\1.6.0\kotlin-stdlib-1.6.0.jar;C:\Users\DheyClaveria\.m2\repository\org\jetbrains\annotations\13.0\annotations-13.0.jar;C:\Users\DheyClaveria\.m2\repository\org\jetbrains\kotlin\kotlin-stdlib-common\1.6.0\kotlin-stdlib-common-1.6.0.jar;C:\Users\DheyClaveria\.m2\repository\net\serenity-bdd\serenity-core\3.2.0\serenity-core-3.2.0.jar;C:\Users\DheyClaveria\.m2\repository\net\serenity-bdd\serenity-reports\3.2.0\serenity-reports-3.2.0.jar;C:\Users\DheyClaveria\.m2\repository\net\serenity-bdd\serenity-stats\3.2.0\serenity-stats-3.2.0.jar;C:\Users\DheyClaveria\.m2\repository\net\serenity-bdd\serenity-reports-configuration\3.2.0\serenity-reports-configuration-3.2.0.jar;C:\Users\DheyClaveria\.m2\repository\com\vladsch\flexmark\flexmark-all\0.34.30\flexmark-all-0.34.30.jar;C:\Users\DheyClaveria\.m2\repository\com\vladsch\flexmark\flexmark\0.34.30\flexmark-0.34.30.jar;C:\Users\DheyClaveria\.m2\repository\com\vladsch\flexmark\flexmark-ext-abbreviation\0.34.30\flexmark-ext-abbreviation-0.34.30.jar;C:\Users\DheyClaveria\.m2\repository\com\vladsch\flexmark\flexmark-ext-admonition\0.34.30\flexmark-ext-admonition-0.34.30.jar;C:\Users\DheyClaveria\.m2\repository\com\vladsch\flexmark\flexmark-ext-anchorlink\0.34.30\flexmark-ext-anchorlink-0.34.30.jar;C:\Users\DheyClaveria\.m2\repository\com\vladsch\flexmark\flexmark-ext-aside\0.34.30\flexmark-ext-aside-0.34.30.jar;C:\Users\DheyClaveria\.m2\repository\com\vladsch\flexmark\flexmark-ext-attributes\0.34.30\flexmark-ext-attributes-0.34.30.jar;C:\Users\DheyClaveria\.m2\repository\com\vladsch\flexmark\flexmark-ext-autolink\0.34.30\flexmark-ext-autolink-0.34.30.jar;C:\Users\DheyClaveria\.m2\repository\org\nibor\autolink\autolink\0.6.0\autolink-0.6.0.jar;C:\Users\DheyClaveria\.m2\repository\com\vladsch\flexmark\flexmark-ext-definition\0.34.30\flexmark-ext-definition-0.34.30.jar;C:\Users\DheyClaveria\.m2\repository\com\vladsch\flexmark\flexmark-ext-emoji\0.34.30\flexmark-ext-emoji-0.34.30.jar;C:\Users\DheyClaveria\.m2\repository\com\vladsch\flexmark\flexmark-ext-enumerated-reference\0.34.30\flexmark-ext-enumerated-reference-0.34.30.jar;C:\Users\DheyClaveria\.m2\repository\com\vladsch\flexmark\flexmark-ext-escaped-character\0.34.30\flexmark-ext-escaped-character-0.34.30.jar;C:\Users\DheyClaveria\.m2\repository\com\vladsch\flexmark\flexmark-ext-footnotes\0.34.30\flexmark-ext-footnotes-0.34.30.jar;C:\Users\DheyClaveria\.m2\repository\com\vladsch\flexmark\flexmark-ext-gfm-issues\0.34.30\flexmark-ext-gfm-issues-0.34.30.jar;C:\Users\DheyClaveria\.m2\repository\com\vladsch\flexmark\flexmark-ext-gfm-strikethrough\0.34.30\flexmark-ext-gfm-strikethrough-0.34.30.jar;C:\Users\DheyClaveria\.m2\repository\com\vladsch\flexmark\flexmark-ext-gfm-tables\0.34.30\flexmark-ext-gfm-tables-0.34.30.jar;C:\Users\DheyClaveria\.m2\repository\com\vladsch\flexmark\flexmark-ext-gfm-tasklist\0.34.30\flexmark-ext-gfm-tasklist-0.34.30.jar;C:\Users\DheyClaveria\.m2\repository\com\vladsch\flexmark\flexmark-ext-gfm-users\0.34.30\flexmark-ext-gfm-users-0.34.30.jar;C:\Users\DheyClaveria\.m2\repository\com\vladsch\flexmark\flexmark-ext-gitlab\0.34.30\flexmark-ext-gitlab-0.34.30.jar;C:\Users\DheyClaveria\.m2\repository\com\vladsch\flexmark\flexmark-ext-jekyll-front-matter\0.34.30\flexmark-ext-jekyll-front-matter-0.34.30.jar;C:\Users\DheyClaveria\.m2\repository\com\vladsch\flexmark\flexmark-ext-jekyll-tag\0.34.30\flexmark-ext-jekyll-tag-0.34.30.jar;C:\Users\DheyClaveria\.m2\repository\com\vladsch\flexmark\flexmark-ext-media-tags\0.34.30\flexmark-ext-media-tags-0.34.30.jar;C:\Users\DheyClaveria\.m2\repository\com\vladsch\flexmark\flexmark-test-util\0.34.30\flexmark-test-util-0.34.30.jar;C:\Users\DheyClaveria\.m2\repository\com\vladsch\flexmark\flexmark-ext-ins\0.34.30\flexmark-ext-ins-0.34.30.jar;C:\Users\DheyClaveria\.m2\repository\com\vladsch\flexmark\flexmark-ext-xwiki-macros\0.34.30\flexmark-ext-xwiki-macros-0.34.30.jar;C:\Users\DheyClaveria\.m2\repository\com\vladsch\flexmark\flexmark-ext-superscript\0.34.30\flexmark-ext-superscript-0.34.30.jar;C:\Users\DheyClaveria\.m2\repository\com\vladsch\flexmark\flexmark-ext-tables\0.34.30\flexmark-ext-tables-0.34.30.jar;C:\Users\DheyClaveria\.m2\repository\com\vladsch\flexmark\flexmark-ext-toc\0.34.30\flexmark-ext-toc-0.34.30.jar;C:\Users\DheyClaveria\.m2\repository\com\vladsch\flexmark\flexmark-ext-typographic\0.34.30\flexmark-ext-typographic-0.34.30.jar;C:\Users\DheyClaveria\.m2\repository\com\vladsch\flexmark\flexmark-ext-wikilink\0.34.30\flexmark-ext-wikilink-0.34.30.jar;C:\Users\DheyClaveria\.m2\repository\com\vladsch\flexmark\flexmark-ext-yaml-front-matter\0.34.30\flexmark-ext-yaml-front-matter-0.34.30.jar;C:\Users\DheyClaveria\.m2\repository\com\vladsch\flexmark\flexmark-ext-youtube-embedded\0.34.30\flexmark-ext-youtube-embedded-0.34.30.jar;C:\Users\DheyClaveria\.m2\repository\com\vladsch\flexmark\flexmark-formatter\0.34.30\flexmark-formatter-0.34.30.jar;C:\Users\DheyClaveria\.m2\repository\com\vladsch\flexmark\flexmark-html-parser\0.34.30\flexmark-html-parser-0.34.30.jar;C:\Users\DheyClaveria\.m2\repository\com\vladsch\flexmark\flexmark-jira-converter\0.34.30\flexmark-jira-converter-0.34.30.jar;C:\Users\DheyClaveria\.m2\repository\com\vladsch\flexmark\flexmark-pdf-converter\0.34.30\flexmark-pdf-converter-0.34.30.jar;C:\Users\DheyClaveria\.m2\repository\com\openhtmltopdf\openhtmltopdf-core\0.0.1-RC13\openhtmltopdf-core-0.0.1-RC13.jar;C:\Users\DheyClaveria\.m2\repository\com\openhtmltopdf\openhtmltopdf-pdfbox\0.0.1-RC13\openhtmltopdf-pdfbox-0.0.1-RC13.jar;C:\Users\DheyClaveria\.m2\repository\org\apache\pdfbox\xmpbox\2.0.8\xmpbox-2.0.8.jar;C:\Users\DheyClaveria\.m2\repository\com\openhtmltopdf\openhtmltopdf-rtl-support\0.0.1-RC13\openhtmltopdf-rtl-support-0.0.1-RC13.jar;C:\Users\DheyClaveria\.m2\repository\com\ibm\icu\icu4j\59.1\icu4j-59.1.jar;C:\Users\DheyClaveria\.m2\repository\com\openhtmltopdf\openhtmltopdf-jsoup-dom-converter\0.0.1-RC13\openhtmltopdf-jsoup-dom-converter-0.0.1-RC13.jar;C:\Users\DheyClaveria\.m2\repository\com\vladsch\flexmark\flexmark-profile-pegdown\0.34.30\flexmark-profile-pegdown-0.34.30.jar;C:\Users\DheyClaveria\.m2\repository\com\vladsch\flexmark\flexmark-util\0.34.30\flexmark-util-0.34.30.jar;C:\Users\DheyClaveria\.m2\repository\com\vladsch\flexmark\flexmark-youtrack-converter\0.34.30\flexmark-youtrack-converter-0.34.30.jar;C:\Users\DheyClaveria\.m2\repository\es\nitaur\markdown\txtmark\0.16\txtmark-0.16.jar;C:\Users\DheyClaveria\.m2\repository\net\serenity-bdd\serenity-report-resources\3.2.0\serenity-report-resources-3.2.0.jar;C:\Users\DheyClaveria\.m2\repository\com\google\code\gson\gson\2.8.9\gson-2.8.9.jar;C:\Users\DheyClaveria\.m2\repository\com\fasterxml\jackson\core\jackson-core\2.12.4\jackson-core-2.12.4.jar;C:\Users\DheyClaveria\.m2\repository\com\fasterxml\jackson\core\jackson-databind\2.12.4\jackson-databind-2.12.4.jar;C:\Users\DheyClaveria\.m2\repository\com\fasterxml\jackson\core\jackson-annotations\2.12.4\jackson-annotations-2.12.4.jar;C:\Users\DheyClaveria\.m2\repository\commons-codec\commons-codec\1.15\commons-codec-1.15.jar;C:\Users\DheyClaveria\.m2\repository\commons-io\commons-io\2.8.0\commons-io-2.8.0.jar;C:\Users\DheyClaveria\.m2\repository\org\seleniumhq\selenium\selenium-api\4.1.2\selenium-api-4.1.2.jar;C:\Users\DheyClaveria\.m2\repository\org\seleniumhq\selenium\selenium-support\4.1.2\selenium-support-4.1.2.jar;C:\Users\DheyClaveria\.m2\repository\org\seleniumhq\selenium\selenium-firefox-driver\4.1.2\selenium-firefox-driver-4.1.2.jar;C:\Users\DheyClaveria\.m2\repository\org\seleniumhq\selenium\selenium-edge-driver\4.1.2\selenium-edge-driver-4.1.2.jar;C:\Users\DheyClaveria\.m2\repository\org\seleniumhq\selenium\selenium-ie-driver\4.1.2\selenium-ie-driver-4.1.2.jar;C:\Users\DheyClaveria\.m2\repository\org\projectlombok\lombok\1.18.20\lombok-1.18.20.jar;C:\Users\DheyClaveria\.m2\repository\io\appium\java-client\8.0.0-beta2\java-client-8.0.0-beta2.jar;C:\Users\DheyClaveria\.m2\repository\commons-validator\commons-validator\1.7\commons-validator-1.7.jar;C:\Users\DheyClaveria\.m2\repository\commons-digester\commons-digester\2.1\commons-digester-2.1.jar;C:\Users\DheyClaveria\.m2\repository\org\aspectj\aspectjweaver\1.9.7\aspectjweaver-1.9.7.jar;C:\Users\DheyClaveria\.m2\repository\net\sf\opencsv\opencsv\2.0\opencsv-2.0.jar;C:\Users\DheyClaveria\.m2\repository\commons-beanutils\commons-beanutils\1.9.4\commons-beanutils-1.9.4.jar;C:\Users\DheyClaveria\.m2\repository\commons-collections\commons-collections\3.2.2\commons-collections-3.2.2.jar;C:\Users\DheyClaveria\.m2\repository\org\fluentlenium\fluentlenium-core\0.10.2\fluentlenium-core-0.10.2.jar;C:\Users\DheyClaveria\.m2\repository\com\jhlabs\filters\2.0.235\filters-2.0.235.jar;C:\Users\DheyClaveria\.m2\repository\com\paulhammant\ngwebdriver\1.1.5\ngwebdriver-1.1.5.jar;C:\Users\DheyClaveria\.m2\repository\joda-time\joda-time\2.8.2\joda-time-2.8.2.jar;C:\Users\DheyClaveria\.m2\repository\com\google\jimfs\jimfs\1.1\jimfs-1.1.jar;C:\Users\DheyClaveria\.m2\repository\org\mockito\mockito-core\3.3.3\mockito-core-3.3.3.jar;C:\Users\DheyClaveria\.m2\repository\javax\xml\bind\jaxb-api\2.3.1\jaxb-api-2.3.1.jar;C:\Users\DheyClaveria\.m2\repository\javax\activation\javax.activation-api\1.2.0\javax.activation-api-1.2.0.jar;C:\Users\DheyClaveria\.m2\repository\com\sun\xml\bind\jaxb-core\2.3.0.1\jaxb-core-2.3.0.1.jar;C:\Users\DheyClaveria\.m2\repository\javax\activation\activation\1.1.1\activation-1.1.1.jar;C:\Users\DheyClaveria\.m2\repository\net\serenity-bdd\serenity-junit\3.2.0\serenity-junit-3.2.0.jar;C:\Users\DheyClaveria\.m2\repository\net\serenity-bdd\serenity-cucumber\3.2.0\serenity-cucumber-3.2.0.jar;C:\Users\DheyClaveria\.m2\repository\org\apache\commons\commons-csv\1.5\commons-csv-1.5.jar;C:\Users\DheyClaveria\.m2\repository\net\serenity-bdd\serenity-rest-assured\3.2.0\serenity-rest-assured-3.2.0.jar;C:\Users\DheyClaveria\.m2\repository\org\opentest4j\opentest4j\1.2.0\opentest4j-1.2.0.jar;C:\Users\DheyClaveria\.m2\repository\io\cucumber\cucumber-java\7.2.3\cucumber-java-7.2.3.jar;C:\Users\DheyClaveria\.m2\repository\org\apiguardian\apiguardian-api\1.1.2\apiguardian-api-1.1.2.jar;C:\Users\DheyClaveria\.m2\repository\io\cucumber\cucumber-junit\7.2.3\cucumber-junit-7.2.3.jar;C:\Users\DheyClaveria\.m2\repository\io\cucumber\cucumber-core\7.2.3\cucumber-core-7.2.3.jar;C:\Users\DheyClaveria\.m2\repository\io\cucumber\cucumber-gherkin-messages\7.2.3\cucumber-gherkin-messages-7.2.3.jar;C:\Users\DheyClaveria\.m2\repository\io\cucumber\messages\17.1.1\messages-17.1.1.jar;C:\Users\DheyClaveria\.m2\repository\io\cucumber\tag-expressions\4.1.0\tag-expressions-4.1.0.jar;C:\Users\DheyClaveria\.m2\repository\io\cucumber\cucumber-expressions\15.0.1\cucumber-expressions-15.0.1.jar;C:\Users\DheyClaveria\.m2\repository\io\cucumber\datatable\7.2.3\datatable-7.2.3.jar;C:\Users\DheyClaveria\.m2\repository\io\cucumber\cucumber-plugin\7.2.3\cucumber-plugin-7.2.3.jar;C:\Users\DheyClaveria\.m2\repository\io\cucumber\docstring\7.2.3\docstring-7.2.3.jar;C:\Users\DheyClaveria\.m2\repository\io\cucumber\html-formatter\17.0.0\html-formatter-17.0.0.jar;C:\Users\DheyClaveria\.m2\repository\io\cucumber\ci-environment\8.1.0\ci-environment-8.1.0.jar;C:\Users\DheyClaveria\.m2\repository\io\cucumber\cucumber-junit-platform-engine\7.2.3\cucumber-junit-platform-engine-7.2.3.jar;C:\Users\DheyClaveria\.m2\repository\org\junit\platform\junit-platform-engine\1.8.2\junit-platform-engine-1.8.2.jar;C:\Users\DheyClaveria\.m2\repository\org\junit\platform\junit-platform-commons\1.8.2\junit-platform-commons-1.8.2.jar;C:\Users\DheyClaveria\.m2\repository\io\cucumber\cucumber-jvm-deps\1.0.6\cucumber-jvm-deps-1.0.6.jar;C:\Users\DheyClaveria\.m2\repository\net\masterthought\cucumber-reporting\5.7.0\cucumber-reporting-5.7.0.jar;C:\Users\DheyClaveria\.m2\repository\com\fasterxml\jackson\datatype\jackson-datatype-jsr310\2.13.0\jackson-datatype-jsr310-2.13.0.jar;C:\Users\DheyClaveria\.m2\repository\org\apache\velocity\velocity-engine-core\2.3\velocity-engine-core-2.3.jar;C:\Users\DheyClaveria\.m2\repository\org\codehaus\plexus\plexus-utils\3.3.0\plexus-utils-3.3.0.jar;C:\Users\DheyClaveria\.m2\repository\org\jsoup\jsoup\1.14.2\jsoup-1.14.2.jar;C:\Users\DheyClaveria\.m2\repository\com\google\guava\guava\30.1.1-jre\guava-30.1.1-jre.jar;C:\Users\DheyClaveria\.m2\repository\com\google\guava\failureaccess\1.0.1\failureaccess-1.0.1.jar;C:\Users\DheyClaveria\.m2\repository\com\google\guava\listenablefuture\9999.0-empty-to-avoid-conflict-with-guava\listenablefuture-9999.0-empty-to-avoid-conflict-with-guava.jar;C:\Users\DheyClaveria\.m2\repository\com\google\code\findbugs\jsr305\3.0.2\jsr305-3.0.2.jar;C:\Users\DheyClaveria\.m2\repository\org\checkerframework\checker-qual\3.8.0\checker-qual-3.8.0.jar;C:\Users\DheyClaveria\.m2\repository\com\google\errorprone\error_prone_annotations\2.5.1\error_prone_annotations-2.5.1.jar;C:\Users\DheyClaveria\.m2\repository\com\google\j2objc\j2objc-annotations\1.3\j2objc-annotations-1.3.jar;C:\Users\DheyClaveria\.m2\repository\com\googlecode\owasp-java-html-sanitizer\owasp-java-html-sanitizer\20211018.2\owasp-java-html-sanitizer-20211018.2.jar;C:\Users\DheyClaveria\.m2\repository\commons-configuration\commons-configuration\1.10\commons-configuration-1.10.jar;C:\Users\DheyClaveria\.m2\repository\commons-lang\commons-lang\2.6\commons-lang-2.6.jar;C:\Users\DheyClaveria\.m2\repository\io\cucumber\cucumber-html\0.2.7\cucumber-html-0.2.7.jar;C:\Users\DheyClaveria\.m2\repository\io\cucumber\cucumber-gherkin\7.2.3\cucumber-gherkin-7.2.3.jar;C:\Users\DheyClaveria\.m2\repository\junit\junit\4.13.1\junit-4.13.1.jar;C:\Users\DheyClaveria\.m2\repository\org\hamcrest\hamcrest-core\1.3\hamcrest-core-1.3.jar;C:\Users\DheyClaveria\.m2\repository\org\junit\platform\junit-platform-suite\1.8.2\junit-platform-suite-1.8.2.jar;C:\Users\DheyClaveria\.m2\repository\org\junit\platform\junit-platform-suite-api\1.8.2\junit-platform-suite-api-1.8.2.jar;C:\Users\DheyClaveria\.m2\repository\org\junit\platform\junit-platform-suite-engine\1.8.2\junit-platform-suite-engine-1.8.2.jar;C:\Users\DheyClaveria\.m2\repository\org\junit\platform\junit-platform-suite-commons\1.8.2\junit-platform-suite-commons-1.8.2.jar;C:\Users\DheyClaveria\.m2\repository\org\junit\platform\junit-platform-launcher\1.8.2\junit-platform-launcher-1.8.2.jar;C:\Users\DheyClaveria\.m2\repository\org\junit\jupiter\junit-jupiter\5.8.2\junit-jupiter-5.8.2.jar;C:\Users\DheyClaveria\.m2\repository\org\junit\jupiter\junit-jupiter-api\5.8.2\junit-jupiter-api-5.8.2.jar;C:\Users\DheyClaveria\.m2\repository\org\junit\jupiter\junit-jupiter-params\5.8.2\junit-jupiter-params-5.8.2.jar;C:\Users\DheyClaveria\.m2\repository\org\junit\jupiter\junit-jupiter-engine\5.8.2\junit-jupiter-engine-5.8.2.jar;C:\Users\DheyClaveria\.m2\repository\org\junit\vintage\junit-vintage-engine\5.8.2\junit-vintage-engine-5.8.2.jar;C:\Users\DheyClaveria\.m2\repository\info\cukes\cucumber-java\1.2.5\cucumber-java-1.2.5.jar;C:\Users\DheyClaveria\.m2\repository\info\cukes\cucumber-core\1.2.5\cucumber-core-1.2.5.jar;C:\Users\DheyClaveria\.m2\repository\info\cukes\cucumber-html\0.2.3\cucumber-html-0.2.3.jar;C:\Users\DheyClaveria\.m2\repository\info\cukes\cucumber-jvm-deps\1.0.5\cucumber-jvm-deps-1.0.5.jar;C:\Users\DheyClaveria\.m2\repository\info\cukes\gherkin\2.12.2\gherkin-2.12.2.jar;C:\Users\DheyClaveria\.m2\repository\info\cukes\cucumber-junit\1.2.5\cucumber-junit-1.2.5.jar;C:\Users\DheyClaveria\.m2\repository\org\seleniumhq\selenium\selenium-java\4.1.1\selenium-java-4.1.1.jar;C:\Users\DheyClaveria\.m2\repository\org\seleniumhq\selenium\selenium-devtools-v85\4.1.1\selenium-devtools-v85-4.1.1.jar;C:\Users\DheyClaveria\.m2\repository\org\seleniumhq\selenium\selenium-devtools-v94\4.1.1\selenium-devtools-v94-4.1.1.jar;C:\Users\DheyClaveria\.m2\repository\org\seleniumhq\selenium\selenium-devtools-v95\4.1.1\selenium-devtools-v95-4.1.1.jar;C:\Users\DheyClaveria\.m2\repository\org\seleniumhq\selenium\selenium-devtools-v96\4.1.1\selenium-devtools-v96-4.1.1.jar;C:\Users\DheyClaveria\.m2\repository\org\seleniumhq\selenium\selenium-firefox-xpi-driver\4.1.1\selenium-firefox-xpi-driver-4.1.1.jar;C:\Users\DheyClaveria\.m2\repository\org\seleniumhq\selenium\selenium-opera-driver\4.1.1\selenium-opera-driver-4.1.1.jar;C:\Users\DheyClaveria\.m2\repository\org\seleniumhq\selenium\selenium-remote-driver\4.1.1\selenium-remote-driver-4.1.1.jar;C:\Users\DheyClaveria\.m2\repository\io\netty\netty-buffer\4.1.70.Final\netty-buffer-4.1.70.Final.jar;C:\Users\DheyClaveria\.m2\repository\io\netty\netty-codec-http\4.1.70.Final\netty-codec-http-4.1.70.Final.jar;C:\Users\DheyClaveria\.m2\repository\io\netty\netty-codec\4.1.70.Final\netty-codec-4.1.70.Final.jar;C:\Users\DheyClaveria\.m2\repository\io\netty\netty-handler\4.1.70.Final\netty-handler-4.1.70.Final.jar;C:\Users\DheyClaveria\.m2\repository\io\netty\netty-common\4.1.70.Final\netty-common-4.1.70.Final.jar;C:\Users\DheyClaveria\.m2\repository\io\netty\netty-transport-classes-epoll\4.1.70.Final\netty-transport-classes-epoll-4.1.70.Final.jar;C:\Users\DheyClaveria\.m2\repository\io\netty\netty-transport-classes-kqueue\4.1.70.Final\netty-transport-classes-kqueue-4.1.70.Final.jar;C:\Users\DheyClaveria\.m2\repository\io\netty\netty-transport-native-unix-common\4.1.70.Final\netty-transport-native-unix-common-4.1.70.Final.jar;C:\Users\DheyClaveria\.m2\repository\io\netty\netty-transport\4.1.70.Final\netty-transport-4.1.70.Final.jar;C:\Users\DheyClaveria\.m2\repository\io\netty\netty-resolver\4.1.70.Final\netty-resolver-4.1.70.Final.jar;C:\Users\DheyClaveria\.m2\repository\io\opentelemetry\opentelemetry-api\1.9.1\opentelemetry-api-1.9.1.jar;C:\Users\DheyClaveria\.m2\repository\io\opentelemetry\opentelemetry-context\1.9.1\opentelemetry-context-1.9.1.jar;C:\Users\DheyClaveria\.m2\repository\io\opentelemetry\opentelemetry-exporter-logging\1.9.1\opentelemetry-exporter-logging-1.9.1.jar;C:\Users\DheyClaveria\.m2\repository\io\opentelemetry\opentelemetry-sdk-metrics\1.9.1-alpha\opentelemetry-sdk-metrics-1.9.1-alpha.jar;C:\Users\DheyClaveria\.m2\repository\io\opentelemetry\opentelemetry-sdk-logs\1.9.1-alpha\opentelemetry-sdk-logs-1.9.1-alpha.jar;C:\Users\DheyClaveria\.m2\repository\io\opentelemetry\opentelemetry-sdk-common\1.9.1\opentelemetry-sdk-common-1.9.1.jar;C:\Users\DheyClaveria\.m2\repository\io\opentelemetry\opentelemetry-sdk-extension-autoconfigure-spi\1.9.1\opentelemetry-sdk-extension-autoconfigure-spi-1.9.1.jar;C:\Users\DheyClaveria\.m2\repository\io\opentelemetry\opentelemetry-sdk-extension-autoconfigure\1.9.1-alpha\opentelemetry-sdk-extension-autoconfigure-1.9.1-alpha.jar;C:\Users\DheyClaveria\.m2\repository\io\opentelemetry\opentelemetry-sdk-trace\1.9.1\opentelemetry-sdk-trace-1.9.1.jar;C:\Users\DheyClaveria\.m2\repository\io\opentelemetry\opentelemetry-api-metrics\1.9.1-alpha\opentelemetry-api-metrics-1.9.1-alpha.jar;C:\Users\DheyClaveria\.m2\repository\io\opentelemetry\opentelemetry-sdk\1.9.1\opentelemetry-sdk-1.9.1.jar;C:\Users\DheyClaveria\.m2\repository\io\opentelemetry\opentelemetry-semconv\1.9.1-alpha\opentelemetry-semconv-1.9.1-alpha.jar;C:\Users\DheyClaveria\.m2\repository\io\ous\jtoml\2.0.0\jtoml-2.0.0.jar;C:\Users\DheyClaveria\.m2\repository\org\apache\commons\commons-exec\1.3\commons-exec-1.3.jar;C:\Users\DheyClaveria\.m2\repository\org\asynchttpclient\async-http-client\2.12.3\async-http-client-2.12.3.jar;C:\Users\DheyClaveria\.m2\repository\org\asynchttpclient\async-http-client-netty-utils\2.12.3\async-http-client-netty-utils-2.12.3.jar;C:\Users\DheyClaveria\.m2\repository\io\netty\netty-codec-socks\4.1.60.Final\netty-codec-socks-4.1.60.Final.jar;C:\Users\DheyClaveria\.m2\repository\io\netty\netty-handler-proxy\4.1.60.Final\netty-handler-proxy-4.1.60.Final.jar;C:\Users\DheyClaveria\.m2\repository\io\netty\netty-transport-native-epoll\4.1.60.Final\netty-transport-native-epoll-4.1.60.Final-linux-x86_64.jar;C:\Users\DheyClaveria\.m2\repository\io\netty\netty-transport-native-kqueue\4.1.60.Final\netty-transport-native-kqueue-4.1.60.Final-osx-x86_64.jar;C:\Users\DheyClaveria\.m2\repository\org\reactivestreams\reactive-streams\1.0.3\reactive-streams-1.0.3.jar;C:\Users\DheyClaveria\.m2\repository\com\typesafe\netty\netty-reactive-streams\2.0.4\netty-reactive-streams-2.0.4.jar;C:\Users\DheyClaveria\.m2\repository\com\sun\activation\jakarta.activation\1.2.2\jakarta.activation-1.2.2.jar;C:\Users\DheyClaveria\.m2\repository\org\seleniumhq\selenium\selenium-http\4.1.1\selenium-http-4.1.1.jar;C:\Users\DheyClaveria\.m2\repository\net\jodah\failsafe\2.4.4\failsafe-2.4.4.jar;C:\Users\DheyClaveria\.m2\repository\org\seleniumhq\selenium\selenium-safari-driver\4.1.1\selenium-safari-driver-4.1.1.jar;C:\Users\DheyClaveria\.m2\repository\org\seleniumhq\selenium\selenium-chrome-driver\4.1.1\selenium-chrome-driver-4.1.1.jar;C:\Users\DheyClaveria\.m2\repository\com\google\auto\service\auto-service-annotations\1.0.1\auto-service-annotations-1.0.1.jar;C:\Users\DheyClaveria\.m2\repository\com\google\auto\service\auto-service\1.0.1\auto-service-1.0.1.jar;C:\Users\DheyClaveria\.m2\repository\com\google\auto\auto-common\1.2\auto-common-1.2.jar;C:\Users\DheyClaveria\.m2\repository\org\seleniumhq\selenium\selenium-chromium-driver\4.1.1\selenium-chromium-driver-4.1.1.jar;C:\Users\DheyClaveria\.m2\repository\org\seleniumhq\selenium\selenium-json\4.1.1\selenium-json-4.1.1.jar;C:\Users\DheyClaveria\.m2\repository\io\github\bonigarcia\webdrivermanager\4.2.2\webdrivermanager-4.2.2.jar;C:\Users\DheyClaveria\.m2\repository\org\apache\httpcomponents\client5\httpclient5\5.0.1\httpclient5-5.0.1.jar;C:\Users\DheyClaveria\.m2\repository\org\apache\httpcomponents\core5\httpcore5\5.0.1\httpcore5-5.0.1.jar;C:\Users\DheyClaveria\.m2\repository\org\apache\httpcomponents\core5\httpcore5-h2\5.0.1\httpcore5-h2-5.0.1.jar;C:\Users\DheyClaveria\.m2\repository\org\rauschig\jarchivelib\1.1.0\jarchivelib-1.1.0.jar;C:\Users\DheyClaveria\.m2\repository\tech\grasshopper\extentreports-cucumber7-adapter\1.3.0\extentreports-cucumber7-adapter-1.3.0.jar;C:\Users\DheyClaveria\.m2\repository\com\aventstack\extentreports\5.0.9\extentreports-5.0.9.jar;C:\Users\DheyClaveria\.m2\repository\io\reactivex\rxjava3\rxjava\3.0.4\rxjava-3.0.4.jar;C:\Users\DheyClaveria\.m2\repository\tech\grasshopper\extent-pdf-report\2.1.0\extent-pdf-report-2.1.0.jar;C:\Users\DheyClaveria\.m2\repository\tech\grasshopper\cucumber-pdf-report\2.5.0\cucumber-pdf-report-2.5.0.jar;C:\Users\DheyClaveria\.m2\repository\org\knowm\xchart\xchart\3.8.0\xchart-3.8.0.jar;C:\Users\DheyClaveria\.m2\repository\de\erichseifert\vectorgraphics2d\VectorGraphics2D\0.13\VectorGraphics2D-0.13.jar;C:\Users\DheyClaveria\.m2\repository\de\rototor\pdfbox\graphics2d\0.30\graphics2d-0.30.jar;C:\Users\DheyClaveria\.m2\repository\com\madgag\animated-gif-lib\1.4\animated-gif-lib-1.4.jar;C:\Users\DheyClaveria\.m2\repository\org\yaml\snakeyaml\1.28\snakeyaml-1.28.jar;C:\Users\DheyClaveria\.m2\repository\tech\grasshopper\table-layout\1.4.0\table-layout-1.4.0.jar;C:\Users\DheyClaveria\.m2\repository\tech\grasshopper\rest-assured-cucumber-pdf-report\1.1.0\rest-assured-cucumber-pdf-report-1.1.0.jar;C:\Users\DheyClaveria\.m2\repository\com\aventstack\klov-reporter\5.0.9\klov-reporter-5.0.9.jar;C:\Users\DheyClaveria\.m2\repository\org\mongodb\mongodb-driver\3.6.4\mongodb-driver-3.6.4.jar;C:\Users\DheyClaveria\.m2\repository\org\mongodb\mongodb-driver-core\3.6.4\mongodb-driver-core-3.6.4.jar;C:\Users\DheyClaveria\.m2\repository\org\mongodb\bson\3.6.4\bson-3.6.4.jar;C:\Users\DheyClaveria\.m2\repository\tech\grasshopper\htmlextentreporter\1.0.0\htmlextentreporter-1.0.0.jar;C:\Users\DheyClaveria\.m2\repository\org\testng\testng\6.14.3\testng-6.14.3.jar;C:\Users\DheyClaveria\.m2\repository\com\beust\jcommander\1.72\jcommander-1.72.jar;C:\Users\DheyClaveria\.m2\repository\org\apache-extras\beanshell\bsh\2.0b6\bsh-2.0b6.jar;C:\Users\DheyClaveria\.m2\repository\io\cucumber\cucumber-testng\7.2.3\cucumber-testng-7.2.3.jar;C:\Users\DheyClaveria\.m2\repository\org\apache\poi\poi\5.2.1\poi-5.2.1.jar;C:\Users\DheyClaveria\.m2\repository\org\apache\commons\commons-collections4\4.4\commons-collections4-4.4.jar;C:\Users\DheyClaveria\.m2\repository\org\apache\commons\commons-math3\3.6.1\commons-math3-3.6.1.jar;C:\Users\DheyClaveria\.m2\repository\com\zaxxer\SparseBitSet\1.2\SparseBitSet-1.2.jar;C:\Users\DheyClaveria\.m2\repository\org\apache\logging\log4j\log4j-api\2.17.1\log4j-api-2.17.1.jar;C:\Users\DheyClaveria\.m2\repository\org\apache\poi\poi-ooxml\5.2.1\poi-ooxml-5.2.1.jar;C:\Users\DheyClaveria\.m2\repository\org\apache\poi\poi-ooxml-lite\5.2.1\poi-ooxml-lite-5.2.1.jar;C:\Users\DheyClaveria\.m2\repository\org\apache\xmlbeans\xmlbeans\5.0.3\xmlbeans-5.0.3.jar;C:\Users\DheyClaveria\.m2\repository\org\apache\commons\commons-compress\1.21\commons-compress-1.21.jar;C:\Users\DheyClaveria\.m2\repository\com\github\virtuald\curvesapi\1.07\curvesapi-1.07.jar;"/>
    <property name="java.vm.vendor" value="Oracle Corporation"/>
    <property name="sun.arch.data.model" value="64"/>
    <property name="user.variant" value=""/>
    <property name="java.vendor.url" value="https://java.oracle.com/"/>
    <property name="user.timezone" value="Asia/Shanghai"/>
    <property name="os.name" value="Windows 10"/>
    <property name="java.vm.specification.version" value="15"/>
    <property name="sun.java.launcher" value="SUN_STANDARD"/>
    <property name="user.country" value="US"/>
    <property name="sun.boot.library.path" value="C:\Program Files\Java\jdk-15.0.1\bin"/>
    <property name="sun.java.command" value="org.apache.maven.surefire.booter.ForkedBooter C:\Users\DheyClaveria\AppData\Local\Temp\surefire7500511500892128883 2022-03-29T08-36-19_687-jvmRun1 surefire8231573377568102638tmp surefire_014959161700089330921tmp"/>
    <property name="jdk.debug" value="release"/>
    <property name="surefire.test.class.path" value="Z:\Automation\JavaCucumber\BDD_HCL\CucumberHCL\target\test-classes;C:\Users\DheyClaveria\.m2\repository\com\github\ralfstuckert\pdfbox-layout\pdfbox2-layout\1.0.1\pdfbox2-layout-1.0.1.jar;C:\Users\DheyClaveria\.m2\repository\org\apache\pdfbox\pdfbox\2.0.4\pdfbox-2.0.4.jar;C:\Users\DheyClaveria\.m2\repository\org\apache\pdfbox\fontbox\2.0.4\fontbox-2.0.4.jar;C:\Users\DheyClaveria\.m2\repository\commons-logging\commons-logging\1.2\commons-logging-1.2.jar;C:\Users\DheyClaveria\.m2\repository\io\rest-assured\rest-assured\4.5.1\rest-assured-4.5.1.jar;C:\Users\DheyClaveria\.m2\repository\org\codehaus\groovy\groovy\3.0.9\groovy-3.0.9.jar;C:\Users\DheyClaveria\.m2\repository\org\codehaus\groovy\groovy-xml\3.0.9\groovy-xml-3.0.9.jar;C:\Users\DheyClaveria\.m2\repository\org\apache\httpcomponents\httpclient\4.5.13\httpclient-4.5.13.jar;C:\Users\DheyClaveria\.m2\repository\org\apache\httpcomponents\httpcore\4.4.13\httpcore-4.4.13.jar;C:\Users\DheyClaveria\.m2\repository\org\apache\httpcomponents\httpmime\4.5.13\httpmime-4.5.13.jar;C:\Users\DheyClaveria\.m2\repository\org\hamcrest\hamcrest\2.1\hamcrest-2.1.jar;C:\Users\DheyClaveria\.m2\repository\org\ccil\cowan\tagsoup\tagsoup\1.2.1\tagsoup-1.2.1.jar;C:\Users\DheyClaveria\.m2\repository\io\rest-assured\json-path\4.5.1\json-path-4.5.1.jar;C:\Users\DheyClaveria\.m2\repository\io\rest-assured\rest-assured-common\4.5.1\rest-assured-common-4.5.1.jar;C:\Users\DheyClaveria\.m2\repository\io\rest-assured\xml-path\4.5.1\xml-path-4.5.1.jar;C:\Users\DheyClaveria\.m2\repository\io\rest-assured\rest-assured-all\4.3.2\rest-assured-all-4.3.2.jar;C:\Users\DheyClaveria\.m2\repository\org\apache\commons\commons-lang3\3.11\commons-lang3-3.11.jar;C:\Users\DheyClaveria\.m2\repository\jakarta\xml\bind\jakarta.xml.bind-api\2.3.3\jakarta.xml.bind-api-2.3.3.jar;C:\Users\DheyClaveria\.m2\repository\jakarta\activation\jakarta.activation-api\1.2.2\jakarta.activation-api-1.2.2.jar;C:\Users\DheyClaveria\.m2\repository\com\sun\xml\bind\jaxb-impl\2.3.3\jaxb-impl-2.3.3.jar;C:\Users\DheyClaveria\.m2\repository\org\codehaus\groovy\groovy-json\3.0.6\groovy-json-3.0.6.jar;C:\Users\DheyClaveria\.m2\repository\log4j\log4j\1.2.17\log4j-1.2.17.jar;C:\Users\DheyClaveria\.m2\repository\ch\qos\logback\logback-classic\1.1.3\logback-classic-1.1.3.jar;C:\Users\DheyClaveria\.m2\repository\ch\qos\logback\logback-core\1.1.3\logback-core-1.1.3.jar;C:\Users\DheyClaveria\.m2\repository\org\slf4j\slf4j-api\1.7.36\slf4j-api-1.7.36.jar;C:\Users\DheyClaveria\.m2\repository\org\slf4j\slf4j-reload4j\1.7.36\slf4j-reload4j-1.7.36.jar;C:\Users\DheyClaveria\.m2\repository\ch\qos\reload4j\reload4j\1.2.19\reload4j-1.2.19.jar;C:\Users\DheyClaveria\.m2\repository\org\json\json\20210307\json-20210307.jar;C:\Users\DheyClaveria\.m2\repository\com\ea\async\ea-async\1.2.3\ea-async-1.2.3.jar;C:\Users\DheyClaveria\.m2\repository\net\serenity-bdd\serenity-assertions\3.2.0\serenity-assertions-3.2.0.jar;C:\Users\DheyClaveria\.m2\repository\net\serenity-bdd\serenity-screenplay\3.2.0\serenity-screenplay-3.2.0.jar;C:\Users\DheyClaveria\.m2\repository\org\assertj\assertj-core\3.21.0\assertj-core-3.21.0.jar;C:\Users\DheyClaveria\.m2\repository\net\serenity-bdd\serenity-ensure\3.2.0\serenity-ensure-3.2.0.jar;C:\Users\DheyClaveria\.m2\repository\net\serenity-bdd\serenity-model\3.2.0\serenity-model-3.2.0.jar;C:\Users\DheyClaveria\.m2\repository\org\apache\commons\commons-text\1.9\commons-text-1.9.jar;C:\Users\DheyClaveria\.m2\repository\commons-net\commons-net\3.6\commons-net-3.6.jar;C:\Users\DheyClaveria\.m2\repository\com\google\inject\guice\5.0.1\guice-5.0.1.jar;C:\Users\DheyClaveria\.m2\repository\javax\inject\javax.inject\1\javax.inject-1.jar;C:\Users\DheyClaveria\.m2\repository\aopalliance\aopalliance\1.0\aopalliance-1.0.jar;C:\Users\DheyClaveria\.m2\repository\com\thoughtworks\xstream\xstream\1.4.19\xstream-1.4.19.jar;C:\Users\DheyClaveria\.m2\repository\io\github\x-stream\mxparser\1.2.2\mxparser-1.2.2.jar;C:\Users\DheyClaveria\.m2\repository\xmlpull\xmlpull\1.1.3.1\xmlpull-1.1.3.1.jar;C:\Users\DheyClaveria\.m2\repository\com\typesafe\config\1.3.1\config-1.3.1.jar;C:\Users\DheyClaveria\.m2\repository\org\imgscalr\imgscalr-lib\4.2\imgscalr-lib-4.2.jar;C:\Users\DheyClaveria\.m2\repository\org\awaitility\awaitility\4.1.0\awaitility-4.1.0.jar;C:\Users\DheyClaveria\.m2\repository\org\freemarker\freemarker\2.3.31\freemarker-2.3.31.jar;C:\Users\DheyClaveria\.m2\repository\io\github\classgraph\classgraph\4.8.138\classgraph-4.8.138.jar;C:\Users\DheyClaveria\.m2\repository\net\sourceforge\jexcelapi\jxl\2.6.12\jxl-2.6.12.jar;C:\Users\DheyClaveria\.m2\repository\net\bytebuddy\byte-buddy\1.12.3\byte-buddy-1.12.3.jar;C:\Users\DheyClaveria\.m2\repository\net\bytebuddy\byte-buddy-agent\1.12.3\byte-buddy-agent-1.12.3.jar;C:\Users\DheyClaveria\.m2\repository\org\objenesis\objenesis\3.1\objenesis-3.1.jar;C:\Users\DheyClaveria\.m2\repository\net\serenity-bdd\serenity-screenplay-webdriver\3.2.0\serenity-screenplay-webdriver-3.2.0.jar;C:\Users\DheyClaveria\.m2\repository\org\jetbrains\kotlin\kotlin-stdlib\1.6.0\kotlin-stdlib-1.6.0.jar;C:\Users\DheyClaveria\.m2\repository\org\jetbrains\annotations\13.0\annotations-13.0.jar;C:\Users\DheyClaveria\.m2\repository\org\jetbrains\kotlin\kotlin-stdlib-common\1.6.0\kotlin-stdlib-common-1.6.0.jar;C:\Users\DheyClaveria\.m2\repository\net\serenity-bdd\serenity-core\3.2.0\serenity-core-3.2.0.jar;C:\Users\DheyClaveria\.m2\repository\net\serenity-bdd\serenity-reports\3.2.0\serenity-reports-3.2.0.jar;C:\Users\DheyClaveria\.m2\repository\net\serenity-bdd\serenity-stats\3.2.0\serenity-stats-3.2.0.jar;C:\Users\DheyClaveria\.m2\repository\net\serenity-bdd\serenity-reports-configuration\3.2.0\serenity-reports-configuration-3.2.0.jar;C:\Users\DheyClaveria\.m2\repository\com\vladsch\flexmark\flexmark-all\0.34.30\flexmark-all-0.34.30.jar;C:\Users\DheyClaveria\.m2\repository\com\vladsch\flexmark\flexmark\0.34.30\flexmark-0.34.30.jar;C:\Users\DheyClaveria\.m2\repository\com\vladsch\flexmark\flexmark-ext-abbreviation\0.34.30\flexmark-ext-abbreviation-0.34.30.jar;C:\Users\DheyClaveria\.m2\repository\com\vladsch\flexmark\flexmark-ext-admonition\0.34.30\flexmark-ext-admonition-0.34.30.jar;C:\Users\DheyClaveria\.m2\repository\com\vladsch\flexmark\flexmark-ext-anchorlink\0.34.30\flexmark-ext-anchorlink-0.34.30.jar;C:\Users\DheyClaveria\.m2\repository\com\vladsch\flexmark\flexmark-ext-aside\0.34.30\flexmark-ext-aside-0.34.30.jar;C:\Users\DheyClaveria\.m2\repository\com\vladsch\flexmark\flexmark-ext-attributes\0.34.30\flexmark-ext-attributes-0.34.30.jar;C:\Users\DheyClaveria\.m2\repository\com\vladsch\flexmark\flexmark-ext-autolink\0.34.30\flexmark-ext-autolink-0.34.30.jar;C:\Users\DheyClaveria\.m2\repository\org\nibor\autolink\autolink\0.6.0\autolink-0.6.0.jar;C:\Users\DheyClaveria\.m2\repository\com\vladsch\flexmark\flexmark-ext-definition\0.34.30\flexmark-ext-definition-0.34.30.jar;C:\Users\DheyClaveria\.m2\repository\com\vladsch\flexmark\flexmark-ext-emoji\0.34.30\flexmark-ext-emoji-0.34.30.jar;C:\Users\DheyClaveria\.m2\repository\com\vladsch\flexmark\flexmark-ext-enumerated-reference\0.34.30\flexmark-ext-enumerated-reference-0.34.30.jar;C:\Users\DheyClaveria\.m2\repository\com\vladsch\flexmark\flexmark-ext-escaped-character\0.34.30\flexmark-ext-escaped-character-0.34.30.jar;C:\Users\DheyClaveria\.m2\repository\com\vladsch\flexmark\flexmark-ext-footnotes\0.34.30\flexmark-ext-footnotes-0.34.30.jar;C:\Users\DheyClaveria\.m2\repository\com\vladsch\flexmark\flexmark-ext-gfm-issues\0.34.30\flexmark-ext-gfm-issues-0.34.30.jar;C:\Users\DheyClaveria\.m2\repository\com\vladsch\flexmark\flexmark-ext-gfm-strikethrough\0.34.30\flexmark-ext-gfm-strikethrough-0.34.30.jar;C:\Users\DheyClaveria\.m2\repository\com\vladsch\flexmark\flexmark-ext-gfm-tables\0.34.30\flexmark-ext-gfm-tables-0.34.30.jar;C:\Users\DheyClaveria\.m2\repository\com\vladsch\flexmark\flexmark-ext-gfm-tasklist\0.34.30\flexmark-ext-gfm-tasklist-0.34.30.jar;C:\Users\DheyClaveria\.m2\repository\com\vladsch\flexmark\flexmark-ext-gfm-users\0.34.30\flexmark-ext-gfm-users-0.34.30.jar;C:\Users\DheyClaveria\.m2\repository\com\vladsch\flexmark\flexmark-ext-gitlab\0.34.30\flexmark-ext-gitlab-0.34.30.jar;C:\Users\DheyClaveria\.m2\repository\com\vladsch\flexmark\flexmark-ext-jekyll-front-matter\0.34.30\flexmark-ext-jekyll-front-matter-0.34.30.jar;C:\Users\DheyClaveria\.m2\repository\com\vladsch\flexmark\flexmark-ext-jekyll-tag\0.34.30\flexmark-ext-jekyll-tag-0.34.30.jar;C:\Users\DheyClaveria\.m2\repository\com\vladsch\flexmark\flexmark-ext-media-tags\0.34.30\flexmark-ext-media-tags-0.34.30.jar;C:\Users\DheyClaveria\.m2\repository\com\vladsch\flexmark\flexmark-test-util\0.34.30\flexmark-test-util-0.34.30.jar;C:\Users\DheyClaveria\.m2\repository\com\vladsch\flexmark\flexmark-ext-ins\0.34.30\flexmark-ext-ins-0.34.30.jar;C:\Users\DheyClaveria\.m2\repository\com\vladsch\flexmark\flexmark-ext-xwiki-macros\0.34.30\flexmark-ext-xwiki-macros-0.34.30.jar;C:\Users\DheyClaveria\.m2\repository\com\vladsch\flexmark\flexmark-ext-superscript\0.34.30\flexmark-ext-superscript-0.34.30.jar;C:\Users\DheyClaveria\.m2\repository\com\vladsch\flexmark\flexmark-ext-tables\0.34.30\flexmark-ext-tables-0.34.30.jar;C:\Users\DheyClaveria\.m2\repository\com\vladsch\flexmark\flexmark-ext-toc\0.34.30\flexmark-ext-toc-0.34.30.jar;C:\Users\DheyClaveria\.m2\repository\com\vladsch\flexmark\flexmark-ext-typographic\0.34.30\flexmark-ext-typographic-0.34.30.jar;C:\Users\DheyClaveria\.m2\repository\com\vladsch\flexmark\flexmark-ext-wikilink\0.34.30\flexmark-ext-wikilink-0.34.30.jar;C:\Users\DheyClaveria\.m2\repository\com\vladsch\flexmark\flexmark-ext-yaml-front-matter\0.34.30\flexmark-ext-yaml-front-matter-0.34.30.jar;C:\Users\DheyClaveria\.m2\repository\com\vladsch\flexmark\flexmark-ext-youtube-embedded\0.34.30\flexmark-ext-youtube-embedded-0.34.30.jar;C:\Users\DheyClaveria\.m2\repository\com\vladsch\flexmark\flexmark-formatter\0.34.30\flexmark-formatter-0.34.30.jar;C:\Users\DheyClaveria\.m2\repository\com\vladsch\flexmark\flexmark-html-parser\0.34.30\flexmark-html-parser-0.34.30.jar;C:\Users\DheyClaveria\.m2\repository\com\vladsch\flexmark\flexmark-jira-converter\0.34.30\flexmark-jira-converter-0.34.30.jar;C:\Users\DheyClaveria\.m2\repository\com\vladsch\flexmark\flexmark-pdf-converter\0.34.30\flexmark-pdf-converter-0.34.30.jar;C:\Users\DheyClaveria\.m2\repository\com\openhtmltopdf\openhtmltopdf-core\0.0.1-RC13\openhtmltopdf-core-0.0.1-RC13.jar;C:\Users\DheyClaveria\.m2\repository\com\openhtmltopdf\openhtmltopdf-pdfbox\0.0.1-RC13\openhtmltopdf-pdfbox-0.0.1-RC13.jar;C:\Users\DheyClaveria\.m2\repository\org\apache\pdfbox\xmpbox\2.0.8\xmpbox-2.0.8.jar;C:\Users\DheyClaveria\.m2\repository\com\openhtmltopdf\openhtmltopdf-rtl-support\0.0.1-RC13\openhtmltopdf-rtl-support-0.0.1-RC13.jar;C:\Users\DheyClaveria\.m2\repository\com\ibm\icu\icu4j\59.1\icu4j-59.1.jar;C:\Users\DheyClaveria\.m2\repository\com\openhtmltopdf\openhtmltopdf-jsoup-dom-converter\0.0.1-RC13\openhtmltopdf-jsoup-dom-converter-0.0.1-RC13.jar;C:\Users\DheyClaveria\.m2\repository\com\vladsch\flexmark\flexmark-profile-pegdown\0.34.30\flexmark-profile-pegdown-0.34.30.jar;C:\Users\DheyClaveria\.m2\repository\com\vladsch\flexmark\flexmark-util\0.34.30\flexmark-util-0.34.30.jar;C:\Users\DheyClaveria\.m2\repository\com\vladsch\flexmark\flexmark-youtrack-converter\0.34.30\flexmark-youtrack-converter-0.34.30.jar;C:\Users\DheyClaveria\.m2\repository\es\nitaur\markdown\txtmark\0.16\txtmark-0.16.jar;C:\Users\DheyClaveria\.m2\repository\net\serenity-bdd\serenity-report-resources\3.2.0\serenity-report-resources-3.2.0.jar;C:\Users\DheyClaveria\.m2\repository\com\google\code\gson\gson\2.8.9\gson-2.8.9.jar;C:\Users\DheyClaveria\.m2\repository\com\fasterxml\jackson\core\jackson-core\2.12.4\jackson-core-2.12.4.jar;C:\Users\DheyClaveria\.m2\repository\com\fasterxml\jackson\core\jackson-databind\2.12.4\jackson-databind-2.12.4.jar;C:\Users\DheyClaveria\.m2\repository\com\fasterxml\jackson\core\jackson-annotations\2.12.4\jackson-annotations-2.12.4.jar;C:\Users\DheyClaveria\.m2\repository\commons-codec\commons-codec\1.15\commons-codec-1.15.jar;C:\Users\DheyClaveria\.m2\repository\commons-io\commons-io\2.8.0\commons-io-2.8.0.jar;C:\Users\DheyClaveria\.m2\repository\org\seleniumhq\selenium\selenium-api\4.1.2\selenium-api-4.1.2.jar;C:\Users\DheyClaveria\.m2\repository\org\seleniumhq\selenium\selenium-support\4.1.2\selenium-support-4.1.2.jar;C:\Users\DheyClaveria\.m2\repository\org\seleniumhq\selenium\selenium-firefox-driver\4.1.2\selenium-firefox-driver-4.1.2.jar;C:\Users\DheyClaveria\.m2\repository\org\seleniumhq\selenium\selenium-edge-driver\4.1.2\selenium-edge-driver-4.1.2.jar;C:\Users\DheyClaveria\.m2\repository\org\seleniumhq\selenium\selenium-ie-driver\4.1.2\selenium-ie-driver-4.1.2.jar;C:\Users\DheyClaveria\.m2\repository\org\projectlombok\lombok\1.18.20\lombok-1.18.20.jar;C:\Users\DheyClaveria\.m2\repository\io\appium\java-client\8.0.0-beta2\java-client-8.0.0-beta2.jar;C:\Users\DheyClaveria\.m2\repository\commons-validator\commons-validator\1.7\commons-validator-1.7.jar;C:\Users\DheyClaveria\.m2\repository\commons-digester\commons-digester\2.1\commons-digester-2.1.jar;C:\Users\DheyClaveria\.m2\repository\org\aspectj\aspectjweaver\1.9.7\aspectjweaver-1.9.7.jar;C:\Users\DheyClaveria\.m2\repository\net\sf\opencsv\opencsv\2.0\opencsv-2.0.jar;C:\Users\DheyClaveria\.m2\repository\commons-beanutils\commons-beanutils\1.9.4\commons-beanutils-1.9.4.jar;C:\Users\DheyClaveria\.m2\repository\commons-collections\commons-collections\3.2.2\commons-collections-3.2.2.jar;C:\Users\DheyClaveria\.m2\repository\org\fluentlenium\fluentlenium-core\0.10.2\fluentlenium-core-0.10.2.jar;C:\Users\DheyClaveria\.m2\repository\com\jhlabs\filters\2.0.235\filters-2.0.235.jar;C:\Users\DheyClaveria\.m2\repository\com\paulhammant\ngwebdriver\1.1.5\ngwebdriver-1.1.5.jar;C:\Users\DheyClaveria\.m2\repository\joda-time\joda-time\2.8.2\joda-time-2.8.2.jar;C:\Users\DheyClaveria\.m2\repository\com\google\jimfs\jimfs\1.1\jimfs-1.1.jar;C:\Users\DheyClaveria\.m2\repository\org\mockito\mockito-core\3.3.3\mockito-core-3.3.3.jar;C:\Users\DheyClaveria\.m2\repository\javax\xml\bind\jaxb-api\2.3.1\jaxb-api-2.3.1.jar;C:\Users\DheyClaveria\.m2\repository\javax\activation\javax.activation-api\1.2.0\javax.activation-api-1.2.0.jar;C:\Users\DheyClaveria\.m2\repository\com\sun\xml\bind\jaxb-core\2.3.0.1\jaxb-core-2.3.0.1.jar;C:\Users\DheyClaveria\.m2\repository\javax\activation\activation\1.1.1\activation-1.1.1.jar;C:\Users\DheyClaveria\.m2\repository\net\serenity-bdd\serenity-junit\3.2.0\serenity-junit-3.2.0.jar;C:\Users\DheyClaveria\.m2\repository\net\serenity-bdd\serenity-cucumber\3.2.0\serenity-cucumber-3.2.0.jar;C:\Users\DheyClaveria\.m2\repository\org\apache\commons\commons-csv\1.5\commons-csv-1.5.jar;C:\Users\DheyClaveria\.m2\repository\net\serenity-bdd\serenity-rest-assured\3.2.0\serenity-rest-assured-3.2.0.jar;C:\Users\DheyClaveria\.m2\repository\org\opentest4j\opentest4j\1.2.0\opentest4j-1.2.0.jar;C:\Users\DheyClaveria\.m2\repository\io\cucumber\cucumber-java\7.2.3\cucumber-java-7.2.3.jar;C:\Users\DheyClaveria\.m2\repository\org\apiguardian\apiguardian-api\1.1.2\apiguardian-api-1.1.2.jar;C:\Users\DheyClaveria\.m2\repository\io\cucumber\cucumber-junit\7.2.3\cucumber-junit-7.2.3.jar;C:\Users\DheyClaveria\.m2\repository\io\cucumber\cucumber-core\7.2.3\cucumber-core-7.2.3.jar;C:\Users\DheyClaveria\.m2\repository\io\cucumber\cucumber-gherkin-messages\7.2.3\cucumber-gherkin-messages-7.2.3.jar;C:\Users\DheyClaveria\.m2\repository\io\cucumber\messages\17.1.1\messages-17.1.1.jar;C:\Users\DheyClaveria\.m2\repository\io\cucumber\tag-expressions\4.1.0\tag-expressions-4.1.0.jar;C:\Users\DheyClaveria\.m2\repository\io\cucumber\cucumber-expressions\15.0.1\cucumber-expressions-15.0.1.jar;C:\Users\DheyClaveria\.m2\repository\io\cucumber\datatable\7.2.3\datatable-7.2.3.jar;C:\Users\DheyClaveria\.m2\repository\io\cucumber\cucumber-plugin\7.2.3\cucumber-plugin-7.2.3.jar;C:\Users\DheyClaveria\.m2\repository\io\cucumber\docstring\7.2.3\docstring-7.2.3.jar;C:\Users\DheyClaveria\.m2\repository\io\cucumber\html-formatter\17.0.0\html-formatter-17.0.0.jar;C:\Users\DheyClaveria\.m2\repository\io\cucumber\ci-environment\8.1.0\ci-environment-8.1.0.jar;C:\Users\DheyClaveria\.m2\repository\io\cucumber\cucumber-junit-platform-engine\7.2.3\cucumber-junit-platform-engine-7.2.3.jar;C:\Users\DheyClaveria\.m2\repository\org\junit\platform\junit-platform-engine\1.8.2\junit-platform-engine-1.8.2.jar;C:\Users\DheyClaveria\.m2\repository\org\junit\platform\junit-platform-commons\1.8.2\junit-platform-commons-1.8.2.jar;C:\Users\DheyClaveria\.m2\repository\io\cucumber\cucumber-jvm-deps\1.0.6\cucumber-jvm-deps-1.0.6.jar;C:\Users\DheyClaveria\.m2\repository\net\masterthought\cucumber-reporting\5.7.0\cucumber-reporting-5.7.0.jar;C:\Users\DheyClaveria\.m2\repository\com\fasterxml\jackson\datatype\jackson-datatype-jsr310\2.13.0\jackson-datatype-jsr310-2.13.0.jar;C:\Users\DheyClaveria\.m2\repository\org\apache\velocity\velocity-engine-core\2.3\velocity-engine-core-2.3.jar;C:\Users\DheyClaveria\.m2\repository\org\codehaus\plexus\plexus-utils\3.3.0\plexus-utils-3.3.0.jar;C:\Users\DheyClaveria\.m2\repository\org\jsoup\jsoup\1.14.2\jsoup-1.14.2.jar;C:\Users\DheyClaveria\.m2\repository\com\google\guava\guava\30.1.1-jre\guava-30.1.1-jre.jar;C:\Users\DheyClaveria\.m2\repository\com\google\guava\failureaccess\1.0.1\failureaccess-1.0.1.jar;C:\Users\DheyClaveria\.m2\repository\com\google\guava\listenablefuture\9999.0-empty-to-avoid-conflict-with-guava\listenablefuture-9999.0-empty-to-avoid-conflict-with-guava.jar;C:\Users\DheyClaveria\.m2\repository\com\google\code\findbugs\jsr305\3.0.2\jsr305-3.0.2.jar;C:\Users\DheyClaveria\.m2\repository\org\checkerframework\checker-qual\3.8.0\checker-qual-3.8.0.jar;C:\Users\DheyClaveria\.m2\repository\com\google\errorprone\error_prone_annotations\2.5.1\error_prone_annotations-2.5.1.jar;C:\Users\DheyClaveria\.m2\repository\com\google\j2objc\j2objc-annotations\1.3\j2objc-annotations-1.3.jar;C:\Users\DheyClaveria\.m2\repository\com\googlecode\owasp-java-html-sanitizer\owasp-java-html-sanitizer\20211018.2\owasp-java-html-sanitizer-20211018.2.jar;C:\Users\DheyClaveria\.m2\repository\commons-configuration\commons-configuration\1.10\commons-configuration-1.10.jar;C:\Users\DheyClaveria\.m2\repository\commons-lang\commons-lang\2.6\commons-lang-2.6.jar;C:\Users\DheyClaveria\.m2\repository\io\cucumber\cucumber-html\0.2.7\cucumber-html-0.2.7.jar;C:\Users\DheyClaveria\.m2\repository\io\cucumber\cucumber-gherkin\7.2.3\cucumber-gherkin-7.2.3.jar;C:\Users\DheyClaveria\.m2\repository\junit\junit\4.13.1\junit-4.13.1.jar;C:\Users\DheyClaveria\.m2\repository\org\hamcrest\hamcrest-core\1.3\hamcrest-core-1.3.jar;C:\Users\DheyClaveria\.m2\repository\org\junit\platform\junit-platform-suite\1.8.2\junit-platform-suite-1.8.2.jar;C:\Users\DheyClaveria\.m2\repository\org\junit\platform\junit-platform-suite-api\1.8.2\junit-platform-suite-api-1.8.2.jar;C:\Users\DheyClaveria\.m2\repository\org\junit\platform\junit-platform-suite-engine\1.8.2\junit-platform-suite-engine-1.8.2.jar;C:\Users\DheyClaveria\.m2\repository\org\junit\platform\junit-platform-suite-commons\1.8.2\junit-platform-suite-commons-1.8.2.jar;C:\Users\DheyClaveria\.m2\repository\org\junit\platform\junit-platform-launcher\1.8.2\junit-platform-launcher-1.8.2.jar;C:\Users\DheyClaveria\.m2\repository\org\junit\jupiter\junit-jupiter\5.8.2\junit-jupiter-5.8.2.jar;C:\Users\DheyClaveria\.m2\repository\org\junit\jupiter\junit-jupiter-api\5.8.2\junit-jupiter-api-5.8.2.jar;C:\Users\DheyClaveria\.m2\repository\org\junit\jupiter\junit-jupiter-params\5.8.2\junit-jupiter-params-5.8.2.jar;C:\Users\DheyClaveria\.m2\repository\org\junit\jupiter\junit-jupiter-engine\5.8.2\junit-jupiter-engine-5.8.2.jar;C:\Users\DheyClaveria\.m2\repository\org\junit\vintage\junit-vintage-engine\5.8.2\junit-vintage-engine-5.8.2.jar;C:\Users\DheyClaveria\.m2\repository\info\cukes\cucumber-java\1.2.5\cucumber-java-1.2.5.jar;C:\Users\DheyClaveria\.m2\repository\info\cukes\cucumber-core\1.2.5\cucumber-core-1.2.5.jar;C:\Users\DheyClaveria\.m2\repository\info\cukes\cucumber-html\0.2.3\cucumber-html-0.2.3.jar;C:\Users\DheyClaveria\.m2\repository\info\cukes\cucumber-jvm-deps\1.0.5\cucumber-jvm-deps-1.0.5.jar;C:\Users\DheyClaveria\.m2\repository\info\cukes\gherkin\2.12.2\gherkin-2.12.2.jar;C:\Users\DheyClaveria\.m2\repository\info\cukes\cucumber-junit\1.2.5\cucumber-junit-1.2.5.jar;C:\Users\DheyClaveria\.m2\repository\org\seleniumhq\selenium\selenium-java\4.1.1\selenium-java-4.1.1.jar;C:\Users\DheyClaveria\.m2\repository\org\seleniumhq\selenium\selenium-devtools-v85\4.1.1\selenium-devtools-v85-4.1.1.jar;C:\Users\DheyClaveria\.m2\repository\org\seleniumhq\selenium\selenium-devtools-v94\4.1.1\selenium-devtools-v94-4.1.1.jar;C:\Users\DheyClaveria\.m2\repository\org\seleniumhq\selenium\selenium-devtools-v95\4.1.1\selenium-devtools-v95-4.1.1.jar;C:\Users\DheyClaveria\.m2\repository\org\seleniumhq\selenium\selenium-devtools-v96\4.1.1\selenium-devtools-v96-4.1.1.jar;C:\Users\DheyClaveria\.m2\repository\org\seleniumhq\selenium\selenium-firefox-xpi-driver\4.1.1\selenium-firefox-xpi-driver-4.1.1.jar;C:\Users\DheyClaveria\.m2\repository\org\seleniumhq\selenium\selenium-opera-driver\4.1.1\selenium-opera-driver-4.1.1.jar;C:\Users\DheyClaveria\.m2\repository\org\seleniumhq\selenium\selenium-remote-driver\4.1.1\selenium-remote-driver-4.1.1.jar;C:\Users\DheyClaveria\.m2\repository\io\netty\netty-buffer\4.1.70.Final\netty-buffer-4.1.70.Final.jar;C:\Users\DheyClaveria\.m2\repository\io\netty\netty-codec-http\4.1.70.Final\netty-codec-http-4.1.70.Final.jar;C:\Users\DheyClaveria\.m2\repository\io\netty\netty-codec\4.1.70.Final\netty-codec-4.1.70.Final.jar;C:\Users\DheyClaveria\.m2\repository\io\netty\netty-handler\4.1.70.Final\netty-handler-4.1.70.Final.jar;C:\Users\DheyClaveria\.m2\repository\io\netty\netty-common\4.1.70.Final\netty-common-4.1.70.Final.jar;C:\Users\DheyClaveria\.m2\repository\io\netty\netty-transport-classes-epoll\4.1.70.Final\netty-transport-classes-epoll-4.1.70.Final.jar;C:\Users\DheyClaveria\.m2\repository\io\netty\netty-transport-classes-kqueue\4.1.70.Final\netty-transport-classes-kqueue-4.1.70.Final.jar;C:\Users\DheyClaveria\.m2\repository\io\netty\netty-transport-native-unix-common\4.1.70.Final\netty-transport-native-unix-common-4.1.70.Final.jar;C:\Users\DheyClaveria\.m2\repository\io\netty\netty-transport\4.1.70.Final\netty-transport-4.1.70.Final.jar;C:\Users\DheyClaveria\.m2\repository\io\netty\netty-resolver\4.1.70.Final\netty-resolver-4.1.70.Final.jar;C:\Users\DheyClaveria\.m2\repository\io\opentelemetry\opentelemetry-api\1.9.1\opentelemetry-api-1.9.1.jar;C:\Users\DheyClaveria\.m2\repository\io\opentelemetry\opentelemetry-context\1.9.1\opentelemetry-context-1.9.1.jar;C:\Users\DheyClaveria\.m2\repository\io\opentelemetry\opentelemetry-exporter-logging\1.9.1\opentelemetry-exporter-logging-1.9.1.jar;C:\Users\DheyClaveria\.m2\repository\io\opentelemetry\opentelemetry-sdk-metrics\1.9.1-alpha\opentelemetry-sdk-metrics-1.9.1-alpha.jar;C:\Users\DheyClaveria\.m2\repository\io\opentelemetry\opentelemetry-sdk-logs\1.9.1-alpha\opentelemetry-sdk-logs-1.9.1-alpha.jar;C:\Users\DheyClaveria\.m2\repository\io\opentelemetry\opentelemetry-sdk-common\1.9.1\opentelemetry-sdk-common-1.9.1.jar;C:\Users\DheyClaveria\.m2\repository\io\opentelemetry\opentelemetry-sdk-extension-autoconfigure-spi\1.9.1\opentelemetry-sdk-extension-autoconfigure-spi-1.9.1.jar;C:\Users\DheyClaveria\.m2\repository\io\opentelemetry\opentelemetry-sdk-extension-autoconfigure\1.9.1-alpha\opentelemetry-sdk-extension-autoconfigure-1.9.1-alpha.jar;C:\Users\DheyClaveria\.m2\repository\io\opentelemetry\opentelemetry-sdk-trace\1.9.1\opentelemetry-sdk-trace-1.9.1.jar;C:\Users\DheyClaveria\.m2\repository\io\opentelemetry\opentelemetry-api-metrics\1.9.1-alpha\opentelemetry-api-metrics-1.9.1-alpha.jar;C:\Users\DheyClaveria\.m2\repository\io\opentelemetry\opentelemetry-sdk\1.9.1\opentelemetry-sdk-1.9.1.jar;C:\Users\DheyClaveria\.m2\repository\io\opentelemetry\opentelemetry-semconv\1.9.1-alpha\opentelemetry-semconv-1.9.1-alpha.jar;C:\Users\DheyClaveria\.m2\repository\io\ous\jtoml\2.0.0\jtoml-2.0.0.jar;C:\Users\DheyClaveria\.m2\repository\org\apache\commons\commons-exec\1.3\commons-exec-1.3.jar;C:\Users\DheyClaveria\.m2\repository\org\asynchttpclient\async-http-client\2.12.3\async-http-client-2.12.3.jar;C:\Users\DheyClaveria\.m2\repository\org\asynchttpclient\async-http-client-netty-utils\2.12.3\async-http-client-netty-utils-2.12.3.jar;C:\Users\DheyClaveria\.m2\repository\io\netty\netty-codec-socks\4.1.60.Final\netty-codec-socks-4.1.60.Final.jar;C:\Users\DheyClaveria\.m2\repository\io\netty\netty-handler-proxy\4.1.60.Final\netty-handler-proxy-4.1.60.Final.jar;C:\Users\DheyClaveria\.m2\repository\io\netty\netty-transport-native-epoll\4.1.60.Final\netty-transport-native-epoll-4.1.60.Final-linux-x86_64.jar;C:\Users\DheyClaveria\.m2\repository\io\netty\netty-transport-native-kqueue\4.1.60.Final\netty-transport-native-kqueue-4.1.60.Final-osx-x86_64.jar;C:\Users\DheyClaveria\.m2\repository\org\reactivestreams\reactive-streams\1.0.3\reactive-streams-1.0.3.jar;C:\Users\DheyClaveria\.m2\repository\com\typesafe\netty\netty-reactive-streams\2.0.4\netty-reactive-streams-2.0.4.jar;C:\Users\DheyClaveria\.m2\repository\com\sun\activation\jakarta.activation\1.2.2\jakarta.activation-1.2.2.jar;C:\Users\DheyClaveria\.m2\repository\org\seleniumhq\selenium\selenium-http\4.1.1\selenium-http-4.1.1.jar;C:\Users\DheyClaveria\.m2\repository\net\jodah\failsafe\2.4.4\failsafe-2.4.4.jar;C:\Users\DheyClaveria\.m2\repository\org\seleniumhq\selenium\selenium-safari-driver\4.1.1\selenium-safari-driver-4.1.1.jar;C:\Users\DheyClaveria\.m2\repository\org\seleniumhq\selenium\selenium-chrome-driver\4.1.1\selenium-chrome-driver-4.1.1.jar;C:\Users\DheyClaveria\.m2\repository\com\google\auto\service\auto-service-annotations\1.0.1\auto-service-annotations-1.0.1.jar;C:\Users\DheyClaveria\.m2\repository\com\google\auto\service\auto-service\1.0.1\auto-service-1.0.1.jar;C:\Users\DheyClaveria\.m2\repository\com\google\auto\auto-common\1.2\auto-common-1.2.jar;C:\Users\DheyClaveria\.m2\repository\org\seleniumhq\selenium\selenium-chromium-driver\4.1.1\selenium-chromium-driver-4.1.1.jar;C:\Users\DheyClaveria\.m2\repository\org\seleniumhq\selenium\selenium-json\4.1.1\selenium-json-4.1.1.jar;C:\Users\DheyClaveria\.m2\repository\io\github\bonigarcia\webdrivermanager\4.2.2\webdrivermanager-4.2.2.jar;C:\Users\DheyClaveria\.m2\repository\org\apache\httpcomponents\client5\httpclient5\5.0.1\httpclient5-5.0.1.jar;C:\Users\DheyClaveria\.m2\repository\org\apache\httpcomponents\core5\httpcore5\5.0.1\httpcore5-5.0.1.jar;C:\Users\DheyClaveria\.m2\repository\org\apache\httpcomponents\core5\httpcore5-h2\5.0.1\httpcore5-h2-5.0.1.jar;C:\Users\DheyClaveria\.m2\repository\org\rauschig\jarchivelib\1.1.0\jarchivelib-1.1.0.jar;C:\Users\DheyClaveria\.m2\repository\tech\grasshopper\extentreports-cucumber7-adapter\1.3.0\extentreports-cucumber7-adapter-1.3.0.jar;C:\Users\DheyClaveria\.m2\repository\com\aventstack\extentreports\5.0.9\extentreports-5.0.9.jar;C:\Users\DheyClaveria\.m2\repository\io\reactivex\rxjava3\rxjava\3.0.4\rxjava-3.0.4.jar;C:\Users\DheyClaveria\.m2\repository\tech\grasshopper\extent-pdf-report\2.1.0\extent-pdf-report-2.1.0.jar;C:\Users\DheyClaveria\.m2\repository\tech\grasshopper\cucumber-pdf-report\2.5.0\cucumber-pdf-report-2.5.0.jar;C:\Users\DheyClaveria\.m2\repository\org\knowm\xchart\xchart\3.8.0\xchart-3.8.0.jar;C:\Users\DheyClaveria\.m2\repository\de\erichseifert\vectorgraphics2d\VectorGraphics2D\0.13\VectorGraphics2D-0.13.jar;C:\Users\DheyClaveria\.m2\repository\de\rototor\pdfbox\graphics2d\0.30\graphics2d-0.30.jar;C:\Users\DheyClaveria\.m2\repository\com\madgag\animated-gif-lib\1.4\animated-gif-lib-1.4.jar;C:\Users\DheyClaveria\.m2\repository\org\yaml\snakeyaml\1.28\snakeyaml-1.28.jar;C:\Users\DheyClaveria\.m2\repository\tech\grasshopper\table-layout\1.4.0\table-layout-1.4.0.jar;C:\Users\DheyClaveria\.m2\repository\tech\grasshopper\rest-assured-cucumber-pdf-report\1.1.0\rest-assured-cucumber-pdf-report-1.1.0.jar;C:\Users\DheyClaveria\.m2\repository\com\aventstack\klov-reporter\5.0.9\klov-reporter-5.0.9.jar;C:\Users\DheyClaveria\.m2\repository\org\mongodb\mongodb-driver\3.6.4\mongodb-driver-3.6.4.jar;C:\Users\DheyClaveria\.m2\repository\org\mongodb\mongodb-driver-core\3.6.4\mongodb-driver-core-3.6.4.jar;C:\Users\DheyClaveria\.m2\repository\org\mongodb\bson\3.6.4\bson-3.6.4.jar;C:\Users\DheyClaveria\.m2\repository\tech\grasshopper\htmlextentreporter\1.0.0\htmlextentreporter-1.0.0.jar;C:\Users\DheyClaveria\.m2\repository\org\testng\testng\6.14.3\testng-6.14.3.jar;C:\Users\DheyClaveria\.m2\repository\com\beust\jcommander\1.72\jcommander-1.72.jar;C:\Users\DheyClaveria\.m2\repository\org\apache-extras\beanshell\bsh\2.0b6\bsh-2.0b6.jar;C:\Users\DheyClaveria\.m2\repository\io\cucumber\cucumber-testng\7.2.3\cucumber-testng-7.2.3.jar;C:\Users\DheyClaveria\.m2\repository\org\apache\poi\poi\5.2.1\poi-5.2.1.jar;C:\Users\DheyClaveria\.m2\repository\org\apache\commons\commons-collections4\4.4\commons-collections4-4.4.jar;C:\Users\DheyClaveria\.m2\repository\org\apache\commons\commons-math3\3.6.1\commons-math3-3.6.1.jar;C:\Users\DheyClaveria\.m2\repository\com\zaxxer\SparseBitSet\1.2\SparseBitSet-1.2.jar;C:\Users\DheyClaveria\.m2\repository\org\apache\logging\log4j\log4j-api\2.17.1\log4j-api-2.17.1.jar;C:\Users\DheyClaveria\.m2\repository\org\apache\poi\poi-ooxml\5.2.1\poi-ooxml-5.2.1.jar;C:\Users\DheyClaveria\.m2\repository\org\apache\poi\poi-ooxml-lite\5.2.1\poi-ooxml-lite-5.2.1.jar;C:\Users\DheyClaveria\.m2\repository\org\apache\xmlbeans\xmlbeans\5.0.3\xmlbeans-5.0.3.jar;C:\Users\DheyClaveria\.m2\repository\org\apache\commons\commons-compress\1.21\commons-compress-1.21.jar;C:\Users\DheyClaveria\.m2\repository\com\github\virtuald\curvesapi\1.07\curvesapi-1.07.jar;"/>
    <property name="sun.cpu.endian" value="little"/>
    <property name="user.home" value="C:\Users\DheyClaveria"/>
    <property name="user.language" value="en"/>
    <property name="java.specification.vendor" value="Oracle Corporation"/>
    <property name="jdk.module.path" value="Z:\Automation\JavaCucumber\BDD_HCL\CucumberHCL\target\CucumberHCL-0.0.1-SNAPSHOT.jar"/>
    <property name="java.version.date" value="2020-10-20"/>
    <property name="java.home" value="C:\Program Files\Java\jdk-15.0.1"/>
    <property name="file.separator" value="\"/>
    <property name="basedir" value="Z:\Automation\JavaCucumber\BDD_HCL\CucumberHCL"/>
    <property name="java.vm.compressedOopsMode" value="Zero based"/>
    <property name="line.separator" value="&#10;"/>
    <property name="java.vm.specification.vendor" value="Oracle Corporation"/>
    <property name="java.specification.name" value="Java Platform API Specification"/>
    <property name="surefire.real.class.path" value="C:\Users\DheyClaveria\.m2\repository\org\apache\maven\surefire\surefire-booter\3.0.0-M5\surefire-booter-3.0.0-M5.jar;C:\Users\DheyClaveria\.m2\repository\org\apache\maven\surefire\surefire-api\3.0.0-M5\surefire-api-3.0.0-M5.jar;C:\Users\DheyClaveria\.m2\repository\org\apache\maven\surefire\surefire-logger-api\3.0.0-M5\surefire-logger-api-3.0.0-M5.jar;C:\Users\DheyClaveria\.m2\repository\org\apache\maven\surefire\surefire-shared-utils\3.0.0-M4\surefire-shared-utils-3.0.0-M4.jar;C:\Users\DheyClaveria\.m2\repository\org\apache\maven\surefire\surefire-extensions-spi\3.0.0-M5\surefire-extensions-spi-3.0.0-M5.jar;Z:\Automation\JavaCucumber\BDD_HCL\CucumberHCL\target\test-classes;C:\Users\DheyClaveria\.m2\repository\com\github\ralfstuckert\pdfbox-layout\pdfbox2-layout\1.0.1\pdfbox2-layout-1.0.1.jar;C:\Users\DheyClaveria\.m2\repository\org\apache\pdfbox\pdfbox\2.0.4\pdfbox-2.0.4.jar;C:\Users\DheyClaveria\.m2\repository\org\apache\pdfbox\fontbox\2.0.4\fontbox-2.0.4.jar;C:\Users\DheyClaveria\.m2\repository\commons-logging\commons-logging\1.2\commons-logging-1.2.jar;C:\Users\DheyClaveria\.m2\repository\io\rest-assured\rest-assured\4.5.1\rest-assured-4.5.1.jar;C:\Users\DheyClaveria\.m2\repository\org\codehaus\groovy\groovy\3.0.9\groovy-3.0.9.jar;C:\Users\DheyClaveria\.m2\repository\org\codehaus\groovy\groovy-xml\3.0.9\groovy-xml-3.0.9.jar;C:\Users\DheyClaveria\.m2\repository\org\apache\httpcomponents\httpclient\4.5.13\httpclient-4.5.13.jar;C:\Users\DheyClaveria\.m2\repository\org\apache\httpcomponents\httpcore\4.4.13\httpcore-4.4.13.jar;C:\Users\DheyClaveria\.m2\repository\org\apache\httpcomponents\httpmime\4.5.13\httpmime-4.5.13.jar;C:\Users\DheyClaveria\.m2\repository\org\hamcrest\hamcrest\2.1\hamcrest-2.1.jar;C:\Users\DheyClaveria\.m2\repository\org\ccil\cowan\tagsoup\tagsoup\1.2.1\tagsoup-1.2.1.jar;C:\Users\DheyClaveria\.m2\repository\io\rest-assured\json-path\4.5.1\json-path-4.5.1.jar;C:\Users\DheyClaveria\.m2\repository\io\rest-assured\rest-assured-common\4.5.1\rest-assured-common-4.5.1.jar;C:\Users\DheyClaveria\.m2\repository\io\rest-assured\xml-path\4.5.1\xml-path-4.5.1.jar;C:\Users\DheyClaveria\.m2\repository\io\rest-assured\rest-assured-all\4.3.2\rest-assured-all-4.3.2.jar;C:\Users\DheyClaveria\.m2\repository\org\apache\commons\commons-lang3\3.11\commons-lang3-3.11.jar;C:\Users\DheyClaveria\.m2\repository\jakarta\xml\bind\jakarta.xml.bind-api\2.3.3\jakarta.xml.bind-api-2.3.3.jar;C:\Users\DheyClaveria\.m2\repository\jakarta\activation\jakarta.activation-api\1.2.2\jakarta.activation-api-1.2.2.jar;C:\Users\DheyClaveria\.m2\repository\com\sun\xml\bind\jaxb-impl\2.3.3\jaxb-impl-2.3.3.jar;C:\Users\DheyClaveria\.m2\repository\org\codehaus\groovy\groovy-json\3.0.6\groovy-json-3.0.6.jar;C:\Users\DheyClaveria\.m2\repository\log4j\log4j\1.2.17\log4j-1.2.17.jar;C:\Users\DheyClaveria\.m2\repository\ch\qos\logback\logback-classic\1.1.3\logback-classic-1.1.3.jar;C:\Users\DheyClaveria\.m2\repository\ch\qos\logback\logback-core\1.1.3\logback-core-1.1.3.jar;C:\Users\DheyClaveria\.m2\repository\org\slf4j\slf4j-api\1.7.36\slf4j-api-1.7.36.jar;C:\Users\DheyClaveria\.m2\repository\org\slf4j\slf4j-reload4j\1.7.36\slf4j-reload4j-1.7.36.jar;C:\Users\DheyClaveria\.m2\repository\ch\qos\reload4j\reload4j\1.2.19\reload4j-1.2.19.jar;C:\Users\DheyClaveria\.m2\repository\org\json\json\20210307\json-20210307.jar;C:\Users\DheyClaveria\.m2\repository\com\ea\async\ea-async\1.2.3\ea-async-1.2.3.jar;C:\Users\DheyClaveria\.m2\repository\net\serenity-bdd\serenity-assertions\3.2.0\serenity-assertions-3.2.0.jar;C:\Users\DheyClaveria\.m2\repository\net\serenity-bdd\serenity-screenplay\3.2.0\serenity-screenplay-3.2.0.jar;C:\Users\DheyClaveria\.m2\repository\org\assertj\assertj-core\3.21.0\assertj-core-3.21.0.jar;C:\Users\DheyClaveria\.m2\repository\net\serenity-bdd\serenity-ensure\3.2.0\serenity-ensure-3.2.0.jar;C:\Users\DheyClaveria\.m2\repository\net\serenity-bdd\serenity-model\3.2.0\serenity-model-3.2.0.jar;C:\Users\DheyClaveria\.m2\repository\org\apache\commons\commons-text\1.9\commons-text-1.9.jar;C:\Users\DheyClaveria\.m2\repository\commons-net\commons-net\3.6\commons-net-3.6.jar;C:\Users\DheyClaveria\.m2\repository\com\google\inject\guice\5.0.1\guice-5.0.1.jar;C:\Users\DheyClaveria\.m2\repository\javax\inject\javax.inject\1\javax.inject-1.jar;C:\Users\DheyClaveria\.m2\repository\aopalliance\aopalliance\1.0\aopalliance-1.0.jar;C:\Users\DheyClaveria\.m2\repository\com\thoughtworks\xstream\xstream\1.4.19\xstream-1.4.19.jar;C:\Users\DheyClaveria\.m2\repository\io\github\x-stream\mxparser\1.2.2\mxparser-1.2.2.jar;C:\Users\DheyClaveria\.m2\repository\xmlpull\xmlpull\1.1.3.1\xmlpull-1.1.3.1.jar;C:\Users\DheyClaveria\.m2\repository\com\typesafe\config\1.3.1\config-1.3.1.jar;C:\Users\DheyClaveria\.m2\repository\org\imgscalr\imgscalr-lib\4.2\imgscalr-lib-4.2.jar;C:\Users\DheyClaveria\.m2\repository\org\awaitility\awaitility\4.1.0\awaitility-4.1.0.jar;C:\Users\DheyClaveria\.m2\repository\org\freemarker\freemarker\2.3.31\freemarker-2.3.31.jar;C:\Users\DheyClaveria\.m2\repository\io\github\classgraph\classgraph\4.8.138\classgraph-4.8.138.jar;C:\Users\DheyClaveria\.m2\repository\net\sourceforge\jexcelapi\jxl\2.6.12\jxl-2.6.12.jar;C:\Users\DheyClaveria\.m2\repository\net\bytebuddy\byte-buddy\1.12.3\byte-buddy-1.12.3.jar;C:\Users\DheyClaveria\.m2\repository\net\bytebuddy\byte-buddy-agent\1.12.3\byte-buddy-agent-1.12.3.jar;C:\Users\DheyClaveria\.m2\repository\org\objenesis\objenesis\3.1\objenesis-3.1.jar;C:\Users\DheyClaveria\.m2\repository\net\serenity-bdd\serenity-screenplay-webdriver\3.2.0\serenity-screenplay-webdriver-3.2.0.jar;C:\Users\DheyClaveria\.m2\repository\org\jetbrains\kotlin\kotlin-stdlib\1.6.0\kotlin-stdlib-1.6.0.jar;C:\Users\DheyClaveria\.m2\repository\org\jetbrains\annotations\13.0\annotations-13.0.jar;C:\Users\DheyClaveria\.m2\repository\org\jetbrains\kotlin\kotlin-stdlib-common\1.6.0\kotlin-stdlib-common-1.6.0.jar;C:\Users\DheyClaveria\.m2\repository\net\serenity-bdd\serenity-core\3.2.0\serenity-core-3.2.0.jar;C:\Users\DheyClaveria\.m2\repository\net\serenity-bdd\serenity-reports\3.2.0\serenity-reports-3.2.0.jar;C:\Users\DheyClaveria\.m2\repository\net\serenity-bdd\serenity-stats\3.2.0\serenity-stats-3.2.0.jar;C:\Users\DheyClaveria\.m2\repository\net\serenity-bdd\serenity-reports-configuration\3.2.0\serenity-reports-configuration-3.2.0.jar;C:\Users\DheyClaveria\.m2\repository\com\vladsch\flexmark\flexmark-all\0.34.30\flexmark-all-0.34.30.jar;C:\Users\DheyClaveria\.m2\repository\com\vladsch\flexmark\flexmark\0.34.30\flexmark-0.34.30.jar;C:\Users\DheyClaveria\.m2\repository\com\vladsch\flexmark\flexmark-ext-abbreviation\0.34.30\flexmark-ext-abbreviation-0.34.30.jar;C:\Users\DheyClaveria\.m2\repository\com\vladsch\flexmark\flexmark-ext-admonition\0.34.30\flexmark-ext-admonition-0.34.30.jar;C:\Users\DheyClaveria\.m2\repository\com\vladsch\flexmark\flexmark-ext-anchorlink\0.34.30\flexmark-ext-anchorlink-0.34.30.jar;C:\Users\DheyClaveria\.m2\repository\com\vladsch\flexmark\flexmark-ext-aside\0.34.30\flexmark-ext-aside-0.34.30.jar;C:\Users\DheyClaveria\.m2\repository\com\vladsch\flexmark\flexmark-ext-attributes\0.34.30\flexmark-ext-attributes-0.34.30.jar;C:\Users\DheyClaveria\.m2\repository\com\vladsch\flexmark\flexmark-ext-autolink\0.34.30\flexmark-ext-autolink-0.34.30.jar;C:\Users\DheyClaveria\.m2\repository\org\nibor\autolink\autolink\0.6.0\autolink-0.6.0.jar;C:\Users\DheyClaveria\.m2\repository\com\vladsch\flexmark\flexmark-ext-definition\0.34.30\flexmark-ext-definition-0.34.30.jar;C:\Users\DheyClaveria\.m2\repository\com\vladsch\flexmark\flexmark-ext-emoji\0.34.30\flexmark-ext-emoji-0.34.30.jar;C:\Users\DheyClaveria\.m2\repository\com\vladsch\flexmark\flexmark-ext-enumerated-reference\0.34.30\flexmark-ext-enumerated-reference-0.34.30.jar;C:\Users\DheyClaveria\.m2\repository\com\vladsch\flexmark\flexmark-ext-escaped-character\0.34.30\flexmark-ext-escaped-character-0.34.30.jar;C:\Users\DheyClaveria\.m2\repository\com\vladsch\flexmark\flexmark-ext-footnotes\0.34.30\flexmark-ext-footnotes-0.34.30.jar;C:\Users\DheyClaveria\.m2\repository\com\vladsch\flexmark\flexmark-ext-gfm-issues\0.34.30\flexmark-ext-gfm-issues-0.34.30.jar;C:\Users\DheyClaveria\.m2\repository\com\vladsch\flexmark\flexmark-ext-gfm-strikethrough\0.34.30\flexmark-ext-gfm-strikethrough-0.34.30.jar;C:\Users\DheyClaveria\.m2\repository\com\vladsch\flexmark\flexmark-ext-gfm-tables\0.34.30\flexmark-ext-gfm-tables-0.34.30.jar;C:\Users\DheyClaveria\.m2\repository\com\vladsch\flexmark\flexmark-ext-gfm-tasklist\0.34.30\flexmark-ext-gfm-tasklist-0.34.30.jar;C:\Users\DheyClaveria\.m2\repository\com\vladsch\flexmark\flexmark-ext-gfm-users\0.34.30\flexmark-ext-gfm-users-0.34.30.jar;C:\Users\DheyClaveria\.m2\repository\com\vladsch\flexmark\flexmark-ext-gitlab\0.34.30\flexmark-ext-gitlab-0.34.30.jar;C:\Users\DheyClaveria\.m2\repository\com\vladsch\flexmark\flexmark-ext-jekyll-front-matter\0.34.30\flexmark-ext-jekyll-front-matter-0.34.30.jar;C:\Users\DheyClaveria\.m2\repository\com\vladsch\flexmark\flexmark-ext-jekyll-tag\0.34.30\flexmark-ext-jekyll-tag-0.34.30.jar;C:\Users\DheyClaveria\.m2\repository\com\vladsch\flexmark\flexmark-ext-media-tags\0.34.30\flexmark-ext-media-tags-0.34.30.jar;C:\Users\DheyClaveria\.m2\repository\com\vladsch\flexmark\flexmark-test-util\0.34.30\flexmark-test-util-0.34.30.jar;C:\Users\DheyClaveria\.m2\repository\com\vladsch\flexmark\flexmark-ext-ins\0.34.30\flexmark-ext-ins-0.34.30.jar;C:\Users\DheyClaveria\.m2\repository\com\vladsch\flexmark\flexmark-ext-xwiki-macros\0.34.30\flexmark-ext-xwiki-macros-0.34.30.jar;C:\Users\DheyClaveria\.m2\repository\com\vladsch\flexmark\flexmark-ext-superscript\0.34.30\flexmark-ext-superscript-0.34.30.jar;C:\Users\DheyClaveria\.m2\repository\com\vladsch\flexmark\flexmark-ext-tables\0.34.30\flexmark-ext-tables-0.34.30.jar;C:\Users\DheyClaveria\.m2\repository\com\vladsch\flexmark\flexmark-ext-toc\0.34.30\flexmark-ext-toc-0.34.30.jar;C:\Users\DheyClaveria\.m2\repository\com\vladsch\flexmark\flexmark-ext-typographic\0.34.30\flexmark-ext-typographic-0.34.30.jar;C:\Users\DheyClaveria\.m2\repository\com\vladsch\flexmark\flexmark-ext-wikilink\0.34.30\flexmark-ext-wikilink-0.34.30.jar;C:\Users\DheyClaveria\.m2\repository\com\vladsch\flexmark\flexmark-ext-yaml-front-matter\0.34.30\flexmark-ext-yaml-front-matter-0.34.30.jar;C:\Users\DheyClaveria\.m2\repository\com\vladsch\flexmark\flexmark-ext-youtube-embedded\0.34.30\flexmark-ext-youtube-embedded-0.34.30.jar;C:\Users\DheyClaveria\.m2\repository\com\vladsch\flexmark\flexmark-formatter\0.34.30\flexmark-formatter-0.34.30.jar;C:\Users\DheyClaveria\.m2\repository\com\vladsch\flexmark\flexmark-html-parser\0.34.30\flexmark-html-parser-0.34.30.jar;C:\Users\DheyClaveria\.m2\repository\com\vladsch\flexmark\flexmark-jira-converter\0.34.30\flexmark-jira-converter-0.34.30.jar;C:\Users\DheyClaveria\.m2\repository\com\vladsch\flexmark\flexmark-pdf-converter\0.34.30\flexmark-pdf-converter-0.34.30.jar;C:\Users\DheyClaveria\.m2\repository\com\openhtmltopdf\openhtmltopdf-core\0.0.1-RC13\openhtmltopdf-core-0.0.1-RC13.jar;C:\Users\DheyClaveria\.m2\repository\com\openhtmltopdf\openhtmltopdf-pdfbox\0.0.1-RC13\openhtmltopdf-pdfbox-0.0.1-RC13.jar;C:\Users\DheyClaveria\.m2\repository\org\apache\pdfbox\xmpbox\2.0.8\xmpbox-2.0.8.jar;C:\Users\DheyClaveria\.m2\repository\com\openhtmltopdf\openhtmltopdf-rtl-support\0.0.1-RC13\openhtmltopdf-rtl-support-0.0.1-RC13.jar;C:\Users\DheyClaveria\.m2\repository\com\ibm\icu\icu4j\59.1\icu4j-59.1.jar;C:\Users\DheyClaveria\.m2\repository\com\openhtmltopdf\openhtmltopdf-jsoup-dom-converter\0.0.1-RC13\openhtmltopdf-jsoup-dom-converter-0.0.1-RC13.jar;C:\Users\DheyClaveria\.m2\repository\com\vladsch\flexmark\flexmark-profile-pegdown\0.34.30\flexmark-profile-pegdown-0.34.30.jar;C:\Users\DheyClaveria\.m2\repository\com\vladsch\flexmark\flexmark-util\0.34.30\flexmark-util-0.34.30.jar;C:\Users\DheyClaveria\.m2\repository\com\vladsch\flexmark\flexmark-youtrack-converter\0.34.30\flexmark-youtrack-converter-0.34.30.jar;C:\Users\DheyClaveria\.m2\repository\es\nitaur\markdown\txtmark\0.16\txtmark-0.16.jar;C:\Users\DheyClaveria\.m2\repository\net\serenity-bdd\serenity-report-resources\3.2.0\serenity-report-resources-3.2.0.jar;C:\Users\DheyClaveria\.m2\repository\com\google\code\gson\gson\2.8.9\gson-2.8.9.jar;C:\Users\DheyClaveria\.m2\repository\com\fasterxml\jackson\core\jackson-core\2.12.4\jackson-core-2.12.4.jar;C:\Users\DheyClaveria\.m2\repository\com\fasterxml\jackson\core\jackson-databind\2.12.4\jackson-databind-2.12.4.jar;C:\Users\DheyClaveria\.m2\repository\com\fasterxml\jackson\core\jackson-annotations\2.12.4\jackson-annotations-2.12.4.jar;C:\Users\DheyClaveria\.m2\repository\commons-codec\commons-codec\1.15\commons-codec-1.15.jar;C:\Users\DheyClaveria\.m2\repository\commons-io\commons-io\2.8.0\commons-io-2.8.0.jar;C:\Users\DheyClaveria\.m2\repository\org\seleniumhq\selenium\selenium-api\4.1.2\selenium-api-4.1.2.jar;C:\Users\DheyClaveria\.m2\repository\org\seleniumhq\selenium\selenium-support\4.1.2\selenium-support-4.1.2.jar;C:\Users\DheyClaveria\.m2\repository\org\seleniumhq\selenium\selenium-firefox-driver\4.1.2\selenium-firefox-driver-4.1.2.jar;C:\Users\DheyClaveria\.m2\repository\org\seleniumhq\selenium\selenium-edge-driver\4.1.2\selenium-edge-driver-4.1.2.jar;C:\Users\DheyClaveria\.m2\repository\org\seleniumhq\selenium\selenium-ie-driver\4.1.2\selenium-ie-driver-4.1.2.jar;C:\Users\DheyClaveria\.m2\repository\org\projectlombok\lombok\1.18.20\lombok-1.18.20.jar;C:\Users\DheyClaveria\.m2\repository\io\appium\java-client\8.0.0-beta2\java-client-8.0.0-beta2.jar;C:\Users\DheyClaveria\.m2\repository\commons-validator\commons-validator\1.7\commons-validator-1.7.jar;C:\Users\DheyClaveria\.m2\repository\commons-digester\commons-digester\2.1\commons-digester-2.1.jar;C:\Users\DheyClaveria\.m2\repository\org\aspectj\aspectjweaver\1.9.7\aspectjweaver-1.9.7.jar;C:\Users\DheyClaveria\.m2\repository\net\sf\opencsv\opencsv\2.0\opencsv-2.0.jar;C:\Users\DheyClaveria\.m2\repository\commons-beanutils\commons-beanutils\1.9.4\commons-beanutils-1.9.4.jar;C:\Users\DheyClaveria\.m2\repository\commons-collections\commons-collections\3.2.2\commons-collections-3.2.2.jar;C:\Users\DheyClaveria\.m2\repository\org\fluentlenium\fluentlenium-core\0.10.2\fluentlenium-core-0.10.2.jar;C:\Users\DheyClaveria\.m2\repository\com\jhlabs\filters\2.0.235\filters-2.0.235.jar;C:\Users\DheyClaveria\.m2\repository\com\paulhammant\ngwebdriver\1.1.5\ngwebdriver-1.1.5.jar;C:\Users\DheyClaveria\.m2\repository\joda-time\joda-time\2.8.2\joda-time-2.8.2.jar;C:\Users\DheyClaveria\.m2\repository\com\google\jimfs\jimfs\1.1\jimfs-1.1.jar;C:\Users\DheyClaveria\.m2\repository\org\mockito\mockito-core\3.3.3\mockito-core-3.3.3.jar;C:\Users\DheyClaveria\.m2\repository\javax\xml\bind\jaxb-api\2.3.1\jaxb-api-2.3.1.jar;C:\Users\DheyClaveria\.m2\repository\javax\activation\javax.activation-api\1.2.0\javax.activation-api-1.2.0.jar;C:\Users\DheyClaveria\.m2\repository\com\sun\xml\bind\jaxb-core\2.3.0.1\jaxb-core-2.3.0.1.jar;C:\Users\DheyClaveria\.m2\repository\javax\activation\activation\1.1.1\activation-1.1.1.jar;C:\Users\DheyClaveria\.m2\repository\net\serenity-bdd\serenity-junit\3.2.0\serenity-junit-3.2.0.jar;C:\Users\DheyClaveria\.m2\repository\net\serenity-bdd\serenity-cucumber\3.2.0\serenity-cucumber-3.2.0.jar;C:\Users\DheyClaveria\.m2\repository\org\apache\commons\commons-csv\1.5\commons-csv-1.5.jar;C:\Users\DheyClaveria\.m2\repository\net\serenity-bdd\serenity-rest-assured\3.2.0\serenity-rest-assured-3.2.0.jar;C:\Users\DheyClaveria\.m2\repository\org\opentest4j\opentest4j\1.2.0\opentest4j-1.2.0.jar;C:\Users\DheyClaveria\.m2\repository\io\cucumber\cucumber-java\7.2.3\cucumber-java-7.2.3.jar;C:\Users\DheyClaveria\.m2\repository\org\apiguardian\apiguardian-api\1.1.2\apiguardian-api-1.1.2.jar;C:\Users\DheyClaveria\.m2\repository\io\cucumber\cucumber-junit\7.2.3\cucumber-junit-7.2.3.jar;C:\Users\DheyClaveria\.m2\repository\io\cucumber\cucumber-core\7.2.3\cucumber-core-7.2.3.jar;C:\Users\DheyClaveria\.m2\repository\io\cucumber\cucumber-gherkin-messages\7.2.3\cucumber-gherkin-messages-7.2.3.jar;C:\Users\DheyClaveria\.m2\repository\io\cucumber\messages\17.1.1\messages-17.1.1.jar;C:\Users\DheyClaveria\.m2\repository\io\cucumber\tag-expressions\4.1.0\tag-expressions-4.1.0.jar;C:\Users\DheyClaveria\.m2\repository\io\cucumber\cucumber-expressions\15.0.1\cucumber-expressions-15.0.1.jar;C:\Users\DheyClaveria\.m2\repository\io\cucumber\datatable\7.2.3\datatable-7.2.3.jar;C:\Users\DheyClaveria\.m2\repository\io\cucumber\cucumber-plugin\7.2.3\cucumber-plugin-7.2.3.jar;C:\Users\DheyClaveria\.m2\repository\io\cucumber\docstring\7.2.3\docstring-7.2.3.jar;C:\Users\DheyClaveria\.m2\repository\io\cucumber\html-formatter\17.0.0\html-formatter-17.0.0.jar;C:\Users\DheyClaveria\.m2\repository\io\cucumber\ci-environment\8.1.0\ci-environment-8.1.0.jar;C:\Users\DheyClaveria\.m2\repository\io\cucumber\cucumber-junit-platform-engine\7.2.3\cucumber-junit-platform-engine-7.2.3.jar;C:\Users\DheyClaveria\.m2\repository\org\junit\platform\junit-platform-engine\1.8.2\junit-platform-engine-1.8.2.jar;C:\Users\DheyClaveria\.m2\repository\org\junit\platform\junit-platform-commons\1.8.2\junit-platform-commons-1.8.2.jar;C:\Users\DheyClaveria\.m2\repository\io\cucumber\cucumber-jvm-deps\1.0.6\cucumber-jvm-deps-1.0.6.jar;C:\Users\DheyClaveria\.m2\repository\net\masterthought\cucumber-reporting\5.7.0\cucumber-reporting-5.7.0.jar;C:\Users\DheyClaveria\.m2\repository\com\fasterxml\jackson\datatype\jackson-datatype-jsr310\2.13.0\jackson-datatype-jsr310-2.13.0.jar;C:\Users\DheyClaveria\.m2\repository\org\apache\velocity\velocity-engine-core\2.3\velocity-engine-core-2.3.jar;C:\Users\DheyClaveria\.m2\repository\org\codehaus\plexus\plexus-utils\3.3.0\plexus-utils-3.3.0.jar;C:\Users\DheyClaveria\.m2\repository\org\jsoup\jsoup\1.14.2\jsoup-1.14.2.jar;C:\Users\DheyClaveria\.m2\repository\com\google\guava\guava\30.1.1-jre\guava-30.1.1-jre.jar;C:\Users\DheyClaveria\.m2\repository\com\google\guava\failureaccess\1.0.1\failureaccess-1.0.1.jar;C:\Users\DheyClaveria\.m2\repository\com\google\guava\listenablefuture\9999.0-empty-to-avoid-conflict-with-guava\listenablefuture-9999.0-empty-to-avoid-conflict-with-guava.jar;C:\Users\DheyClaveria\.m2\repository\com\google\code\findbugs\jsr305\3.0.2\jsr305-3.0.2.jar;C:\Users\DheyClaveria\.m2\repository\org\checkerframework\checker-qual\3.8.0\checker-qual-3.8.0.jar;C:\Users\DheyClaveria\.m2\repository\com\google\errorprone\error_prone_annotations\2.5.1\error_prone_annotations-2.5.1.jar;C:\Users\DheyClaveria\.m2\repository\com\google\j2objc\j2objc-annotations\1.3\j2objc-annotations-1.3.jar;C:\Users\DheyClaveria\.m2\repository\com\googlecode\owasp-java-html-sanitizer\owasp-java-html-sanitizer\20211018.2\owasp-java-html-sanitizer-20211018.2.jar;C:\Users\DheyClaveria\.m2\repository\commons-configuration\commons-configuration\1.10\commons-configuration-1.10.jar;C:\Users\DheyClaveria\.m2\repository\commons-lang\commons-lang\2.6\commons-lang-2.6.jar;C:\Users\DheyClaveria\.m2\repository\io\cucumber\cucumber-html\0.2.7\cucumber-html-0.2.7.jar;C:\Users\DheyClaveria\.m2\repository\io\cucumber\cucumber-gherkin\7.2.3\cucumber-gherkin-7.2.3.jar;C:\Users\DheyClaveria\.m2\repository\junit\junit\4.13.1\junit-4.13.1.jar;C:\Users\DheyClaveria\.m2\repository\org\hamcrest\hamcrest-core\1.3\hamcrest-core-1.3.jar;C:\Users\DheyClaveria\.m2\repository\org\junit\platform\junit-platform-suite\1.8.2\junit-platform-suite-1.8.2.jar;C:\Users\DheyClaveria\.m2\repository\org\junit\platform\junit-platform-suite-api\1.8.2\junit-platform-suite-api-1.8.2.jar;C:\Users\DheyClaveria\.m2\repository\org\junit\platform\junit-platform-suite-engine\1.8.2\junit-platform-suite-engine-1.8.2.jar;C:\Users\DheyClaveria\.m2\repository\org\junit\platform\junit-platform-suite-commons\1.8.2\junit-platform-suite-commons-1.8.2.jar;C:\Users\DheyClaveria\.m2\repository\org\junit\platform\junit-platform-launcher\1.8.2\junit-platform-launcher-1.8.2.jar;C:\Users\DheyClaveria\.m2\repository\org\junit\jupiter\junit-jupiter\5.8.2\junit-jupiter-5.8.2.jar;C:\Users\DheyClaveria\.m2\repository\org\junit\jupiter\junit-jupiter-api\5.8.2\junit-jupiter-api-5.8.2.jar;C:\Users\DheyClaveria\.m2\repository\org\junit\jupiter\junit-jupiter-params\5.8.2\junit-jupiter-params-5.8.2.jar;C:\Users\DheyClaveria\.m2\repository\org\junit\jupiter\junit-jupiter-engine\5.8.2\junit-jupiter-engine-5.8.2.jar;C:\Users\DheyClaveria\.m2\repository\org\junit\vintage\junit-vintage-engine\5.8.2\junit-vintage-engine-5.8.2.jar;C:\Users\DheyClaveria\.m2\repository\info\cukes\cucumber-java\1.2.5\cucumber-java-1.2.5.jar;C:\Users\DheyClaveria\.m2\repository\info\cukes\cucumber-core\1.2.5\cucumber-core-1.2.5.jar;C:\Users\DheyClaveria\.m2\repository\info\cukes\cucumber-html\0.2.3\cucumber-html-0.2.3.jar;C:\Users\DheyClaveria\.m2\repository\info\cukes\cucumber-jvm-deps\1.0.5\cucumber-jvm-deps-1.0.5.jar;C:\Users\DheyClaveria\.m2\repository\info\cukes\gherkin\2.12.2\gherkin-2.12.2.jar;C:\Users\DheyClaveria\.m2\repository\info\cukes\cucumber-junit\1.2.5\cucumber-junit-1.2.5.jar;C:\Users\DheyClaveria\.m2\repository\org\seleniumhq\selenium\selenium-java\4.1.1\selenium-java-4.1.1.jar;C:\Users\DheyClaveria\.m2\repository\org\seleniumhq\selenium\selenium-devtools-v85\4.1.1\selenium-devtools-v85-4.1.1.jar;C:\Users\DheyClaveria\.m2\repository\org\seleniumhq\selenium\selenium-devtools-v94\4.1.1\selenium-devtools-v94-4.1.1.jar;C:\Users\DheyClaveria\.m2\repository\org\seleniumhq\selenium\selenium-devtools-v95\4.1.1\selenium-devtools-v95-4.1.1.jar;C:\Users\DheyClaveria\.m2\repository\org\seleniumhq\selenium\selenium-devtools-v96\4.1.1\selenium-devtools-v96-4.1.1.jar;C:\Users\DheyClaveria\.m2\repository\org\seleniumhq\selenium\selenium-firefox-xpi-driver\4.1.1\selenium-firefox-xpi-driver-4.1.1.jar;C:\Users\DheyClaveria\.m2\repository\org\seleniumhq\selenium\selenium-opera-driver\4.1.1\selenium-opera-driver-4.1.1.jar;C:\Users\DheyClaveria\.m2\repository\org\seleniumhq\selenium\selenium-remote-driver\4.1.1\selenium-remote-driver-4.1.1.jar;C:\Users\DheyClaveria\.m2\repository\io\netty\netty-buffer\4.1.70.Final\netty-buffer-4.1.70.Final.jar;C:\Users\DheyClaveria\.m2\repository\io\netty\netty-codec-http\4.1.70.Final\netty-codec-http-4.1.70.Final.jar;C:\Users\DheyClaveria\.m2\repository\io\netty\netty-codec\4.1.70.Final\netty-codec-4.1.70.Final.jar;C:\Users\DheyClaveria\.m2\repository\io\netty\netty-handler\4.1.70.Final\netty-handler-4.1.70.Final.jar;C:\Users\DheyClaveria\.m2\repository\io\netty\netty-common\4.1.70.Final\netty-common-4.1.70.Final.jar;C:\Users\DheyClaveria\.m2\repository\io\netty\netty-transport-classes-epoll\4.1.70.Final\netty-transport-classes-epoll-4.1.70.Final.jar;C:\Users\DheyClaveria\.m2\repository\io\netty\netty-transport-classes-kqueue\4.1.70.Final\netty-transport-classes-kqueue-4.1.70.Final.jar;C:\Users\DheyClaveria\.m2\repository\io\netty\netty-transport-native-unix-common\4.1.70.Final\netty-transport-native-unix-common-4.1.70.Final.jar;C:\Users\DheyClaveria\.m2\repository\io\netty\netty-transport\4.1.70.Final\netty-transport-4.1.70.Final.jar;C:\Users\DheyClaveria\.m2\repository\io\netty\netty-resolver\4.1.70.Final\netty-resolver-4.1.70.Final.jar;C:\Users\DheyClaveria\.m2\repository\io\opentelemetry\opentelemetry-api\1.9.1\opentelemetry-api-1.9.1.jar;C:\Users\DheyClaveria\.m2\repository\io\opentelemetry\opentelemetry-context\1.9.1\opentelemetry-context-1.9.1.jar;C:\Users\DheyClaveria\.m2\repository\io\opentelemetry\opentelemetry-exporter-logging\1.9.1\opentelemetry-exporter-logging-1.9.1.jar;C:\Users\DheyClaveria\.m2\repository\io\opentelemetry\opentelemetry-sdk-metrics\1.9.1-alpha\opentelemetry-sdk-metrics-1.9.1-alpha.jar;C:\Users\DheyClaveria\.m2\repository\io\opentelemetry\opentelemetry-sdk-logs\1.9.1-alpha\opentelemetry-sdk-logs-1.9.1-alpha.jar;C:\Users\DheyClaveria\.m2\repository\io\opentelemetry\opentelemetry-sdk-common\1.9.1\opentelemetry-sdk-common-1.9.1.jar;C:\Users\DheyClaveria\.m2\repository\io\opentelemetry\opentelemetry-sdk-extension-autoconfigure-spi\1.9.1\opentelemetry-sdk-extension-autoconfigure-spi-1.9.1.jar;C:\Users\DheyClaveria\.m2\repository\io\opentelemetry\opentelemetry-sdk-extension-autoconfigure\1.9.1-alpha\opentelemetry-sdk-extension-autoconfigure-1.9.1-alpha.jar;C:\Users\DheyClaveria\.m2\repository\io\opentelemetry\opentelemetry-sdk-trace\1.9.1\opentelemetry-sdk-trace-1.9.1.jar;C:\Users\DheyClaveria\.m2\repository\io\opentelemetry\opentelemetry-api-metrics\1.9.1-alpha\opentelemetry-api-metrics-1.9.1-alpha.jar;C:\Users\DheyClaveria\.m2\repository\io\opentelemetry\opentelemetry-sdk\1.9.1\opentelemetry-sdk-1.9.1.jar;C:\Users\DheyClaveria\.m2\repository\io\opentelemetry\opentelemetry-semconv\1.9.1-alpha\opentelemetry-semconv-1.9.1-alpha.jar;C:\Users\DheyClaveria\.m2\repository\io\ous\jtoml\2.0.0\jtoml-2.0.0.jar;C:\Users\DheyClaveria\.m2\repository\org\apache\commons\commons-exec\1.3\commons-exec-1.3.jar;C:\Users\DheyClaveria\.m2\repository\org\asynchttpclient\async-http-client\2.12.3\async-http-client-2.12.3.jar;C:\Users\DheyClaveria\.m2\repository\org\asynchttpclient\async-http-client-netty-utils\2.12.3\async-http-client-netty-utils-2.12.3.jar;C:\Users\DheyClaveria\.m2\repository\io\netty\netty-codec-socks\4.1.60.Final\netty-codec-socks-4.1.60.Final.jar;C:\Users\DheyClaveria\.m2\repository\io\netty\netty-handler-proxy\4.1.60.Final\netty-handler-proxy-4.1.60.Final.jar;C:\Users\DheyClaveria\.m2\repository\io\netty\netty-transport-native-epoll\4.1.60.Final\netty-transport-native-epoll-4.1.60.Final-linux-x86_64.jar;C:\Users\DheyClaveria\.m2\repository\io\netty\netty-transport-native-kqueue\4.1.60.Final\netty-transport-native-kqueue-4.1.60.Final-osx-x86_64.jar;C:\Users\DheyClaveria\.m2\repository\org\reactivestreams\reactive-streams\1.0.3\reactive-streams-1.0.3.jar;C:\Users\DheyClaveria\.m2\repository\com\typesafe\netty\netty-reactive-streams\2.0.4\netty-reactive-streams-2.0.4.jar;C:\Users\DheyClaveria\.m2\repository\com\sun\activation\jakarta.activation\1.2.2\jakarta.activation-1.2.2.jar;C:\Users\DheyClaveria\.m2\repository\org\seleniumhq\selenium\selenium-http\4.1.1\selenium-http-4.1.1.jar;C:\Users\DheyClaveria\.m2\repository\net\jodah\failsafe\2.4.4\failsafe-2.4.4.jar;C:\Users\DheyClaveria\.m2\repository\org\seleniumhq\selenium\selenium-safari-driver\4.1.1\selenium-safari-driver-4.1.1.jar;C:\Users\DheyClaveria\.m2\repository\org\seleniumhq\selenium\selenium-chrome-driver\4.1.1\selenium-chrome-driver-4.1.1.jar;C:\Users\DheyClaveria\.m2\repository\com\google\auto\service\auto-service-annotations\1.0.1\auto-service-annotations-1.0.1.jar;C:\Users\DheyClaveria\.m2\repository\com\google\auto\service\auto-service\1.0.1\auto-service-1.0.1.jar;C:\Users\DheyClaveria\.m2\repository\com\google\auto\auto-common\1.2\auto-common-1.2.jar;C:\Users\DheyClaveria\.m2\repository\org\seleniumhq\selenium\selenium-chromium-driver\4.1.1\selenium-chromium-driver-4.1.1.jar;C:\Users\DheyClaveria\.m2\repository\org\seleniumhq\selenium\selenium-json\4.1.1\selenium-json-4.1.1.jar;C:\Users\DheyClaveria\.m2\repository\io\github\bonigarcia\webdrivermanager\4.2.2\webdrivermanager-4.2.2.jar;C:\Users\DheyClaveria\.m2\repository\org\apache\httpcomponents\client5\httpclient5\5.0.1\httpclient5-5.0.1.jar;C:\Users\DheyClaveria\.m2\repository\org\apache\httpcomponents\core5\httpcore5\5.0.1\httpcore5-5.0.1.jar;C:\Users\DheyClaveria\.m2\repository\org\apache\httpcomponents\core5\httpcore5-h2\5.0.1\httpcore5-h2-5.0.1.jar;C:\Users\DheyClaveria\.m2\repository\org\rauschig\jarchivelib\1.1.0\jarchivelib-1.1.0.jar;C:\Users\DheyClaveria\.m2\repository\tech\grasshopper\extentreports-cucumber7-adapter\1.3.0\extentreports-cucumber7-adapter-1.3.0.jar;C:\Users\DheyClaveria\.m2\repository\com\aventstack\extentreports\5.0.9\extentreports-5.0.9.jar;C:\Users\DheyClaveria\.m2\repository\io\reactivex\rxjava3\rxjava\3.0.4\rxjava-3.0.4.jar;C:\Users\DheyClaveria\.m2\repository\tech\grasshopper\extent-pdf-report\2.1.0\extent-pdf-report-2.1.0.jar;C:\Users\DheyClaveria\.m2\repository\tech\grasshopper\cucumber-pdf-report\2.5.0\cucumber-pdf-report-2.5.0.jar;C:\Users\DheyClaveria\.m2\repository\org\knowm\xchart\xchart\3.8.0\xchart-3.8.0.jar;C:\Users\DheyClaveria\.m2\repository\de\erichseifert\vectorgraphics2d\VectorGraphics2D\0.13\VectorGraphics2D-0.13.jar;C:\Users\DheyClaveria\.m2\repository\de\rototor\pdfbox\graphics2d\0.30\graphics2d-0.30.jar;C:\Users\DheyClaveria\.m2\repository\com\madgag\animated-gif-lib\1.4\animated-gif-lib-1.4.jar;C:\Users\DheyClaveria\.m2\repository\org\yaml\snakeyaml\1.28\snakeyaml-1.28.jar;C:\Users\DheyClaveria\.m2\repository\tech\grasshopper\table-layout\1.4.0\table-layout-1.4.0.jar;C:\Users\DheyClaveria\.m2\repository\tech\grasshopper\rest-assured-cucumber-pdf-report\1.1.0\rest-assured-cucumber-pdf-report-1.1.0.jar;C:\Users\DheyClaveria\.m2\repository\com\aventstack\klov-reporter\5.0.9\klov-reporter-5.0.9.jar;C:\Users\DheyClaveria\.m2\repository\org\mongodb\mongodb-driver\3.6.4\mongodb-driver-3.6.4.jar;C:\Users\DheyClaveria\.m2\repository\org\mongodb\mongodb-driver-core\3.6.4\mongodb-driver-core-3.6.4.jar;C:\Users\DheyClaveria\.m2\repository\org\mongodb\bson\3.6.4\bson-3.6.4.jar;C:\Users\DheyClaveria\.m2\repository\tech\grasshopper\htmlextentreporter\1.0.0\htmlextentreporter-1.0.0.jar;C:\Users\DheyClaveria\.m2\repository\org\testng\testng\6.14.3\testng-6.14.3.jar;C:\Users\DheyClaveria\.m2\repository\com\beust\jcommander\1.72\jcommander-1.72.jar;C:\Users\DheyClaveria\.m2\repository\org\apache-extras\beanshell\bsh\2.0b6\bsh-2.0b6.jar;C:\Users\DheyClaveria\.m2\repository\io\cucumber\cucumber-testng\7.2.3\cucumber-testng-7.2.3.jar;C:\Users\DheyClaveria\.m2\repository\org\apache\poi\poi\5.2.1\poi-5.2.1.jar;C:\Users\DheyClaveria\.m2\repository\org\apache\commons\commons-collections4\4.4\commons-collections4-4.4.jar;C:\Users\DheyClaveria\.m2\repository\org\apache\commons\commons-math3\3.6.1\commons-math3-3.6.1.jar;C:\Users\DheyClaveria\.m2\repository\com\zaxxer\SparseBitSet\1.2\SparseBitSet-1.2.jar;C:\Users\DheyClaveria\.m2\repository\org\apache\logging\log4j\log4j-api\2.17.1\log4j-api-2.17.1.jar;C:\Users\DheyClaveria\.m2\repository\org\apache\poi\poi-ooxml\5.2.1\poi-ooxml-5.2.1.jar;C:\Users\DheyClaveria\.m2\repository\org\apache\poi\poi-ooxml-lite\5.2.1\poi-ooxml-lite-5.2.1.jar;C:\Users\DheyClaveria\.m2\repository\org\apache\xmlbeans\xmlbeans\5.0.3\xmlbeans-5.0.3.jar;C:\Users\DheyClaveria\.m2\repository\org\apache\commons\commons-compress\1.21\commons-compress-1.21.jar;C:\Users\DheyClaveria\.m2\repository\com\github\virtuald\curvesapi\1.07\curvesapi-1.07.jar;C:\Users\DheyClaveria\.m2\repository\org\apache\maven\surefire\surefire-junit-platform\3.0.0-M5\surefire-junit-platform-3.0.0-M5.jar;C:\Users\DheyClaveria\.m2\repository\org\apache\maven\surefire\common-java5\3.0.0-M5\common-java5-3.0.0-M5.jar"/>
    <property name="user.script" value=""/>
    <property name="sun.management.compiler" value="HotSpot 64-Bit Tiered Compilers"/>
    <property name="java.runtime.version" value="15.0.1+9-18"/>
    <property name="user.name" value="DheyClaveria"/>
    <property name="path.separator" value=";"/>
    <property name="os.version" value="10.0"/>
    <property name="java.runtime.name" value="Java(TM) SE Runtime Environment"/>
    <property name="file.encoding" value="Cp1252"/>
    <property name="sun.nio.ch.bugLevel" value=""/>
    <property name="java.vm.name" value="Java HotSpot(TM) 64-Bit Server VM"/>
    <property name="localRepository" value="C:\Users\DheyClaveria\.m2\repository"/>
    <property name="java.vendor.url.bug" value="https://bugreport.java.com/bugreport/"/>
    <property name="java.io.tmpdir" value="C:\Users\DheyClaveria\AppData\Local\Temp\"/>
    <property name="java.version" value="15.0.1"/>
    <property name="user.dir" value="Z:\Automation\JavaCucumber\BDD_HCL\CucumberHCL"/>
    <property name="os.arch" value="amd64"/>
    <property name="java.vm.specification.name" value="Java Virtual Machine Specification"/>
    <property name="sun.os.patch.level" value=""/>
    <property name="java.library.path" value="C:\Program Files\Java\jdk-15.0.1\bin;C:\WINDOWS\Sun\Java\bin;C:\WINDOWS\system32;C:\WINDOWS;C:\Program Files\Common Files\Oracle\Java\javapath;C:\Program Files (x86)\Common Files\Intel\Shared Libraries\redist\intel64\compiler;C:\Windows\system32;C:\Windows;C:\Windows\System32\Wbem;C:\Windows\System32\WindowsPowerShell\v1.0\;C:\Windows\System32\OpenSSH\;C:\Program Files (x86)\NVIDIA Corporation\PhysX\Common;C:\Program Files\Microsoft SQL Server\120\Tools\Binn\;C:\Users\DheyClaveria\.dnx\bin;C:\Program Files\Microsoft DNX\Dnvm\;C:\Program Files\Microsoft SQL Server\130\Tools\Binn\;C:\Program Files (x86)\Microsoft SQL Server\130\Tools\Binn\;C:\Program Files (x86)\Microsoft SQL Server\130\DTS\Binn\;C:\Program Files\Microsoft SQL Server\130\DTS\Binn\;C:\Program Files\Microsoft SQL Server\Client SDK\ODBC\130\Tools\Binn\;C:\Program Files\nodejs\;C:\Program Files\NVIDIA Corporation\NVIDIA NvDLISR;C:\WINDOWS\system32;C:\WINDOWS;C:\WINDOWS\System32\Wbem;C:\WINDOWS\System32\WindowsPowerShell\v1.0\;C:\WINDOWS\System32\OpenSSH\;C:\Selenium;C:\Program Files\Git\cmd;C:\Program Files\Java\jdk-15.0.1\bin;C:\WINDOWS\system32;C:\WINDOWS;C:\WINDOWS\System32\Wbem;C:\WINDOWS\System32\WindowsPowerShell\v1.0\;C:\WINDOWS\System32\OpenSSH\;C:\Program Files\dotnet\;C:\apache-maven-3.8.5\bin;C:\apache-maven-3.8.5\;C:\apache-maven-3.8.5\\bin;C:\Users\DheyClaveria\AppData\Local\Programs\Python\Python39\Scripts\;C:\Users\DheyClaveria\AppData\Local\Programs\Python\Python39\;C:\Users\DheyClaveria\AppData\Local\Microsoft\WindowsApps;C:\Users\DheyClaveria\AppData\Local\GitHubDesktop\bin;C:\Users\DheyClaveria\AppData\Local\Programs\Microsoft VS Code\bin;C:\Users\DheyClaveria\AppData\Roaming\npm;C:\Users\DheyClaveria\AppData\Local\Microsoft\WindowsApps;C:\Program Files\Java\jdk-15.0.1\bin;C:\apache-maven-3.6.3\bin;C:\Program Files\nodejs;C:\Selenium;;."/>
    <property name="java.vm.info" value="mixed mode"/>
    <property name="java.vendor" value="Oracle Corporation"/>
    <property name="java.vm.version" value="15.0.1+9-18"/>
    <property name="sun.io.unicode.encoding" value="UnicodeLittle"/>
    <property name="java.class.version" value="59.0"/>
  </properties>
  <testcase name="Verify one author of the post" classname="Verify different GET operations using REST-assured" time="5.498">
    <system-out><![CDATA[08:36:23.674 [main] INFO  i.c.core.plugin.SerenityReporter - Running feature from file:///Z:/Automation/JavaCucumber/BDD_HCL/CucumberHCL/src/main/resources/AppFeatures/GetPost.feature
08:36:23.677 [main] WARN  i.c.core.plugin.SerenityReporter - Feature from file:///Z:/Automation/JavaCucumber/BDD_HCL/CucumberHCL/src/main/resources/AppFeatures/GetPost.feature is not under the 'features' directory. Requirements report will not be correctly generated!
08:36:23.867 [main] INFO   - 

-------------------------------------------------------------------------------------
     _______. _______ .______       _______ .__   __.  __  .___________.____    ____ 
    /       ||   ____||   _  \     |   ____||  \ |  | |  | |           |\   \  /   / 
   |   (----`|  |__   |  |_)  |    |  |__   |   \|  | |  | `---|  |----` \   \/   /  
    \   \    |   __|  |      /     |   __|  |  . `  | |  |     |  |       \_    _/   
.----)   |   |  |____ |  |\  \----.|  |____ |  |\   | |  |     |  |         |  |     
|_______/    |_______|| _| `._____||_______||__| \__| |__|     |__|         |__|    
                                                                                     
 News and tutorials at http://www.serenity-bdd.info                                  
 Documentation at https://wakaleo.gitbooks.io/the-serenity-book/content/             
 Join the Serenity Community on Gitter: https://gitter.im/serenity-bdd/serenity-core 
 Serenity BDD Support and Training at http://serenity-bdd.info/#/trainingandsupport  
-------------------------------------------------------------------------------------

08:36:23.870 [main] DEBUG n.thucydides.core.steps.StepEventBus - Test suite started for story net.thucydides.core.model.Story@d1e746b5
08:36:23.872 [main] INFO   - Test Suite Started: Verify different GET operations using REST-assured
08:36:23.890 [main] INFO  i.c.core.plugin.SerenityReporter - Running feature from file:///Z:/Automation/JavaCucumber/BDD_HCL/CucumberHCL/src/main/resources/AppFeatures/ValidateAndVerifyInvalidLogin.feature
08:36:23.890 [main] WARN  i.c.core.plugin.SerenityReporter - Feature from file:///Z:/Automation/JavaCucumber/BDD_HCL/CucumberHCL/src/main/resources/AppFeatures/ValidateAndVerifyInvalidLogin.feature is not under the 'features' directory. Requirements report will not be correctly generated!
08:36:23.897 [main] DEBUG n.thucydides.core.steps.StepEventBus - Test suite started for story net.thucydides.core.model.Story@b13a1f46
08:36:23.897 [main] INFO   - Test Suite Started: Test Invalid User Credentials Feature
08:36:23.897 [main] INFO  i.c.core.plugin.SerenityReporter - Running feature from file:///Z:/Automation/JavaCucumber/BDD_HCL/CucumberHCL/src/main/resources/AppFeatures/ValidateAndVerifyLoginPage.feature
08:36:23.897 [main] WARN  i.c.core.plugin.SerenityReporter - Feature from file:///Z:/Automation/JavaCucumber/BDD_HCL/CucumberHCL/src/main/resources/AppFeatures/ValidateAndVerifyLoginPage.feature is not under the 'features' directory. Requirements report will not be correctly generated!
08:36:23.903 [main] DEBUG n.thucydides.core.steps.StepEventBus - Test suite started for story net.thucydides.core.model.Story@7f1849ba
08:36:23.903 [main] INFO   - Test Suite Started: Validate And Verify Login Page to PEGA Site
08:36:23.904 [main] INFO  i.c.core.plugin.SerenityReporter - Running feature from file:///Z:/Automation/JavaCucumber/BDD_HCL/CucumberHCL/src/main/resources/AppFeatures/GetPost.feature
08:36:23.904 [main] WARN  i.c.core.plugin.SerenityReporter - Feature from file:///Z:/Automation/JavaCucumber/BDD_HCL/CucumberHCL/src/main/resources/AppFeatures/GetPost.feature is not under the 'features' directory. Requirements report will not be correctly generated!
08:36:23.907 [main] DEBUG n.thucydides.core.steps.StepEventBus - Test suite started for story net.thucydides.core.model.Story@d1e746b5
08:36:23.908 [main] INFO   - Test Suite Started: Verify different GET operations using REST-assured

@All @Performance
Scenario: Verify one author of the post      &amp#27;[90m# src/main/resources/AppFeatures/GetPost.feature:4&amp#27;[0m
08:36:23.991 [main] INFO  i.c.core.plugin.SerenityReporter - Running feature from file:///Z:/Automation/JavaCucumber/BDD_HCL/CucumberHCL/src/main/resources/AppFeatures/GetPost.feature
08:36:23.991 [main] WARN  i.c.core.plugin.SerenityReporter - Feature from file:///Z:/Automation/JavaCucumber/BDD_HCL/CucumberHCL/src/main/resources/AppFeatures/GetPost.feature is not under the 'features' directory. Requirements report will not be correctly generated!
08:36:24.129 [main] INFO   - 
  _____   ___   ___   _____     ___   _____     _     ___   _____   ___   ___  
 |_   _| | __| / __| |_   _|   / __| |_   _|   /_\   | _ \ |_   _| | __| |   \ 
   | |   | _|  \__ \   | |     \__ \   | |    / _ \  |   /   | |   | _|  | |) |
   |_|   |___| |___/   |_|     |___/   |_|   /_/ \_\ |_|_\   |_|   |___| |___/ 

Verify one author of the post(verify-different-get-operations-using-rest-assured;verify-one-author-of-the-post)
--------------------------------------------------------------------------------
DEBUG [main] (apphooks.java:34) - Set up Browser
DEBUG [main] (apphooks.java:34)- Set up Browser
08:36:24.305 [main] DEBUG com.pages.drivers.DriversFactory - Initialize Driver Browser Configuration
08:36:24.306 [main] DEBUG com.pages.drivers.DriversFactory -  Driver Browser : chrome
08:36:24.616 [main] DEBUG i.g.bonigarcia.wdm.WebDriverManager - Driver chromedriver 99.0.4844.51 found in cache
08:36:24.617 [main] INFO  i.g.bonigarcia.wdm.WebDriverManager - Exporting webdriver.chrome.driver as C:\Users\DheyClaveria\.cache\selenium\chromedriver\win32\99.0.4844.51\chromedriver.exe
08:36:24.701 [main] DEBUG i.n.u.i.l.InternalLoggerFactory - Using SLF4J as the default logging framework
08:36:24.704 [main] DEBUG io.netty.util.ResourceLeakDetector - -Dio.netty.leakDetection.level: simple
08:36:24.704 [main] DEBUG io.netty.util.ResourceLeakDetector - -Dio.netty.leakDetection.targetRecords: 4
08:36:24.708 [main] DEBUG i.n.util.ResourceLeakDetectorFactory - Loaded default ResourceLeakDetector: io.netty.util.ResourceLeakDetector@2b6a0ea9
08:36:24.727 [main] DEBUG i.n.util.internal.PlatformDependent0 - -Dio.netty.noUnsafe: false
08:36:24.727 [main] DEBUG i.n.util.internal.PlatformDependent0 - Java version: 15
08:36:24.728 [main] DEBUG i.n.util.internal.PlatformDependent0 - sun.misc.Unsafe.theUnsafe: available
08:36:24.728 [main] DEBUG i.n.util.internal.PlatformDependent0 - sun.misc.Unsafe.copyMemory: available
08:36:24.729 [main] DEBUG i.n.util.internal.PlatformDependent0 - java.nio.Buffer.address: available
08:36:24.729 [main] DEBUG i.n.util.internal.PlatformDependent0 - direct buffer constructor: unavailable: Reflective setAccessible(true) disabled
08:36:24.730 [main] DEBUG i.n.util.internal.PlatformDependent0 - java.nio.Bits.unaligned: available, true
08:36:24.731 [main] DEBUG i.n.util.internal.PlatformDependent0 - jdk.internal.misc.Unsafe.allocateUninitializedArray(int): unavailable: class io.netty.util.internal.PlatformDependent0$6 cannot access class jdk.internal.misc.Unsafe (in module java.base) because module java.base does not export jdk.internal.misc to unnamed module @273c947f
08:36:24.733 [main] DEBUG i.n.util.internal.PlatformDependent0 - java.nio.DirectByteBuffer.<init>(long, int): unavailable
08:36:24.733 [main] DEBUG i.n.util.internal.PlatformDependent - sun.misc.Unsafe: available
08:36:24.735 [main] DEBUG i.n.util.internal.PlatformDependent - maxDirectMemory: 4276092928 bytes (maybe)
08:36:24.736 [main] DEBUG i.n.util.internal.PlatformDependent - -Dio.netty.tmpdir: C:\Users\DheyClaveria\AppData\Local\Temp (java.io.tmpdir)
08:36:24.736 [main] DEBUG i.n.util.internal.PlatformDependent - -Dio.netty.bitMode: 64 (sun.arch.data.model)
08:36:24.736 [main] DEBUG i.n.util.internal.PlatformDependent - Platform: Windows
08:36:24.737 [main] DEBUG i.n.util.internal.PlatformDependent - -Dio.netty.maxDirectMemory: -1 bytes
08:36:24.737 [main] DEBUG i.n.util.internal.PlatformDependent - -Dio.netty.uninitializedArrayAllocationThreshold: -1
08:36:24.738 [main] DEBUG io.netty.util.internal.CleanerJava9 - java.nio.ByteBuffer.cleaner(): available
08:36:24.738 [main] DEBUG i.n.util.internal.PlatformDependent - -Dio.netty.noPreferDirect: false
08:36:24.745 [main] DEBUG i.n.util.internal.PlatformDependent - org.jctools-core.MpscChunkedArrayQueue: available
08:36:24.762 [main] DEBUG i.n.u.i.InternalThreadLocalMap - -Dio.netty.threadLocalMap.stringBuilder.initialSize: 1024
08:36:24.762 [main] DEBUG i.n.u.i.InternalThreadLocalMap - -Dio.netty.threadLocalMap.stringBuilder.maxSize: 4096
08:36:24.832 [main] DEBUG io.netty.handler.ssl.JdkSslContext - Default protocols (JDK): [TLSv1.3, TLSv1.2, TLSv1.1, TLSv1] 
08:36:24.833 [main] DEBUG io.netty.handler.ssl.JdkSslContext - Default cipher suites (JDK): [TLS_ECDHE_ECDSA_WITH_AES_256_GCM_SHA384, TLS_ECDHE_ECDSA_WITH_AES_128_GCM_SHA256, TLS_ECDHE_RSA_WITH_AES_128_GCM_SHA256, TLS_ECDHE_RSA_WITH_AES_256_GCM_SHA384, TLS_ECDHE_RSA_WITH_AES_128_CBC_SHA, TLS_ECDHE_RSA_WITH_AES_256_CBC_SHA, TLS_RSA_WITH_AES_128_GCM_SHA256, TLS_RSA_WITH_AES_128_CBC_SHA, TLS_RSA_WITH_AES_256_CBC_SHA, TLS_AES_128_GCM_SHA256, TLS_AES_256_GCM_SHA384]
08:36:24.859 [main] DEBUG i.n.c.MultithreadEventLoopGroup - -Dio.netty.eventLoopThreads: 24
08:36:24.869 [main] DEBUG io.netty.channel.nio.NioEventLoop - -Dio.netty.noKeySetOptimization: false
08:36:24.869 [main] DEBUG io.netty.channel.nio.NioEventLoop - -Dio.netty.selectorAutoRebuildThreshold: 512
08:36:24.917 [main] DEBUG i.n.buffer.PooledByteBufAllocator - -Dio.netty.allocator.numHeapArenas: 24
08:36:24.918 [main] DEBUG i.n.buffer.PooledByteBufAllocator - -Dio.netty.allocator.numDirectArenas: 24
08:36:24.918 [main] DEBUG i.n.buffer.PooledByteBufAllocator - -Dio.netty.allocator.pageSize: 8192
08:36:24.918 [main] DEBUG i.n.buffer.PooledByteBufAllocator - -Dio.netty.allocator.maxOrder: 11
08:36:24.918 [main] DEBUG i.n.buffer.PooledByteBufAllocator - -Dio.netty.allocator.chunkSize: 16777216
08:36:24.918 [main] DEBUG i.n.buffer.PooledByteBufAllocator - -Dio.netty.allocator.smallCacheSize: 256
08:36:24.918 [main] DEBUG i.n.buffer.PooledByteBufAllocator - -Dio.netty.allocator.normalCacheSize: 64
08:36:24.918 [main] DEBUG i.n.buffer.PooledByteBufAllocator - -Dio.netty.allocator.maxCachedBufferCapacity: 32768
08:36:24.918 [main] DEBUG i.n.buffer.PooledByteBufAllocator - -Dio.netty.allocator.cacheTrimInterval: 8192
08:36:24.918 [main] DEBUG i.n.buffer.PooledByteBufAllocator - -Dio.netty.allocator.cacheTrimIntervalMillis: 0
08:36:24.918 [main] DEBUG i.n.buffer.PooledByteBufAllocator - -Dio.netty.allocator.useCacheForAllThreads: true
08:36:24.918 [main] DEBUG i.n.buffer.PooledByteBufAllocator - -Dio.netty.allocator.maxCachedByteBuffersPerChunk: 1023
08:36:24.930 [main] DEBUG io.netty.buffer.ByteBufUtil - -Dio.netty.allocator.type: pooled
08:36:24.931 [main] DEBUG io.netty.buffer.ByteBufUtil - -Dio.netty.threadLocalDirectBufferSize: 0
08:36:24.931 [main] DEBUG io.netty.buffer.ByteBufUtil - -Dio.netty.maxThreadLocalCharBufferSize: 16384
08:36:25.691 [Forwarding newSession on session null to remote] DEBUG io.netty.channel.DefaultChannelId - -Dio.netty.processId: 23908 (auto-detected)
08:36:25.693 [Forwarding newSession on session null to remote] DEBUG io.netty.util.NetUtil - -Djava.net.preferIPv4Stack: false
08:36:25.693 [Forwarding newSession on session null to remote] DEBUG io.netty.util.NetUtil - -Djava.net.preferIPv6Addresses: false
08:36:25.701 [Forwarding newSession on session null to remote] DEBUG io.netty.util.NetUtilInitializations - Loopback interface: lo (Software Loopback Interface 1, 127.0.0.1)
08:36:25.702 [Forwarding newSession on session null to remote] DEBUG io.netty.util.NetUtil - Failed to get SOMAXCONN from sysctl and file \proc\sys\net\core\somaxconn. Default: 200
08:36:25.715 [Forwarding newSession on session null to remote] DEBUG io.netty.channel.DefaultChannelId - -Dio.netty.machineId: 00:d8:61:ff:fe:9b:78:4c (auto-detected)
08:36:25.769 [AsyncHttpClient-1-2] DEBUG io.netty.buffer.AbstractByteBuf - -Dio.netty.buffer.checkAccessible: true
08:36:25.769 [AsyncHttpClient-1-2] DEBUG io.netty.buffer.AbstractByteBuf - -Dio.netty.buffer.checkBounds: true
08:36:25.770 [AsyncHttpClient-1-2] DEBUG i.n.util.ResourceLeakDetectorFactory - Loaded default ResourceLeakDetector: io.netty.util.ResourceLeakDetector@346eb976
08:36:25.782 [AsyncHttpClient-1-2] DEBUG o.a.n.channel.NettyConnectListener - Using new Channel '[id: 0x32a8e035, L:/127.0.0.1:54108 - R:localhost/127.0.0.1:58844]' for 'POST' to '/session'
08:36:25.801 [AsyncHttpClient-1-2] DEBUG io.netty.util.Recycler - -Dio.netty.recycler.maxCapacityPerThread: 4096
08:36:25.801 [AsyncHttpClient-1-2] DEBUG io.netty.util.Recycler - -Dio.netty.recycler.maxSharedCapacityFactor: 2
08:36:25.801 [AsyncHttpClient-1-2] DEBUG io.netty.util.Recycler - -Dio.netty.recycler.linkCapacity: 16
08:36:25.801 [AsyncHttpClient-1-2] DEBUG io.netty.util.Recycler - -Dio.netty.recycler.ratio: 8
08:36:25.801 [AsyncHttpClient-1-2] DEBUG io.netty.util.Recycler - -Dio.netty.recycler.delayedQueue.ratio: 8
08:36:26.569 [AsyncHttpClient-1-2] DEBUG i.n.handler.codec.compression.Brotli - brotli4j not in the classpath; Brotli support will be unavailable.
08:36:26.570 [AsyncHttpClient-1-2] DEBUG o.a.netty.handler.HttpHandler - 

Request DefaultHttpRequest(decodeResult: success, version: HTTP/1.1)
POST /session HTTP/1.1
User-Agent: selenium/4.1.2 (java windows)
Content-Length: 365
Content-Type: application/json; charset=utf-8
host: localhost:58844
accept: */*

Response DefaultHttpResponse(decodeResult: success, version: HTTP/1.1)
HTTP/1.1 200 OK
Content-Type: application/json; charset=utf-8
cache-control: no-cache
content-length: 795

08:36:26.577 [AsyncHttpClient-1-2] DEBUG o.a.netty.channel.ChannelManager - Adding key: http://localhost:58844 for channel [id: 0x32a8e035, L:/127.0.0.1:54108 - R:localhost/127.0.0.1:58844]
08:36:26.645 [AsyncHttpClient-1-3] DEBUG o.a.n.channel.NettyConnectListener - Using new Channel '[id: 0x31700df4, L:/127.0.0.1:54139 - R:localhost/127.0.0.1:54109]' for 'GET' to '/json/version'
08:36:26.649 [AsyncHttpClient-1-3] DEBUG o.a.netty.handler.HttpHandler - 

Request DefaultFullHttpRequest(decodeResult: success, version: HTTP/1.1, content: EmptyByteBufBE)
GET /json/version HTTP/1.1
User-Agent: selenium/4.1.2 (java windows)
host: localhost:54109
accept: */*

Response DefaultHttpResponse(decodeResult: success, version: HTTP/1.1)
HTTP/1.1 200 OK
Content-Type: application/json; charset=UTF-8
content-length: 423

08:36:26.650 [AsyncHttpClient-1-3] DEBUG o.a.netty.channel.ChannelManager - Adding key: http://localhost:54109 for channel [id: 0x31700df4, L:/127.0.0.1:54139 - R:localhost/127.0.0.1:54109]
08:36:26.657 [main] DEBUG i.n.util.internal.ThreadLocalRandom - -Dio.netty.initialSeedUniquifier: 0x357f9cbb4804d6e4
08:36:26.660 [AsyncHttpClient-1-4] DEBUG o.a.n.channel.NettyConnectListener - Using new Channel '[id: 0xafd02318, L:/127.0.0.1:54140 - R:localhost/127.0.0.1:54109]' for 'GET' to '/devtools/browser/89f714c1-2ab2-446d-a328-a6a457c90fd1'
08:36:26.665 [AsyncHttpClient-1-4] DEBUG o.a.netty.handler.WebSocketHandler - 

Request DefaultFullHttpRequest(decodeResult: success, version: HTTP/1.1, content: EmptyByteBufBE)
GET /devtools/browser/89f714c1-2ab2-446d-a328-a6a457c90fd1 HTTP/1.1
upgrade: websocket
connection: upgrade
sec-websocket-key: LFMJCcgFQpW/+YCH6K5vZA==
sec-websocket-version: 13
origin: http://localhost:54109
host: localhost:54109
accept: */*
user-agent: AHC/2.1

Response DefaultHttpResponse(decodeResult: success, version: HTTP/1.1)
HTTP/1.1 101 WebSocket Protocol Handshake
Upgrade: WebSocket
Connection: Upgrade
Sec-WebSocket-Accept: iBgt5k6x5WkAi7iou+WLl+/AKR0=

08:36:26.698 [Forwarding deleteAllCookies on session 99018a4e588ec04d4972c182e64c5e27 to remote] DEBUG o.a.netty.request.NettyRequestSender - Using pooled Channel '[id: 0x32a8e035, L:/127.0.0.1:54108 - R:localhost/127.0.0.1:58844]' for 'DELETE' to 'http://localhost:58844/session/99018a4e588ec04d4972c182e64c5e27/cookie'
08:36:26.698 [Forwarding deleteAllCookies on session 99018a4e588ec04d4972c182e64c5e27 to remote] DEBUG o.a.netty.request.NettyRequestSender - Using open Channel [id: 0x32a8e035, L:/127.0.0.1:54108 - R:localhost/127.0.0.1:58844] for DELETE '/session/99018a4e588ec04d4972c182e64c5e27/cookie'
08:36:26.704 [AsyncHttpClient-1-2] DEBUG o.a.netty.handler.HttpHandler - 

Request DefaultFullHttpRequest(decodeResult: success, version: HTTP/1.1, content: EmptyByteBufBE)
DELETE /session/99018a4e588ec04d4972c182e64c5e27/cookie HTTP/1.1
User-Agent: selenium/4.1.2 (java windows)
Content-Type: application/json; charset=utf-8
host: localhost:58844
accept: */*

Response DefaultHttpResponse(decodeResult: success, version: HTTP/1.1)
HTTP/1.1 200 OK
Content-Type: application/json; charset=utf-8
cache-control: no-cache
content-length: 14

08:36:26.705 [AsyncHttpClient-1-2] DEBUG o.a.netty.channel.ChannelManager - Adding key: http://localhost:58844 for channel [id: 0x32a8e035, L:/127.0.0.1:54108 - R:localhost/127.0.0.1:58844]
08:36:26.710 [Forwarding maximizeCurrentWindow on session 99018a4e588ec04d4972c182e64c5e27 to remote] DEBUG o.a.netty.request.NettyRequestSender - Using pooled Channel '[id: 0x32a8e035, L:/127.0.0.1:54108 - R:localhost/127.0.0.1:58844]' for 'POST' to 'http://localhost:58844/session/99018a4e588ec04d4972c182e64c5e27/window/maximize'
08:36:26.710 [Forwarding maximizeCurrentWindow on session 99018a4e588ec04d4972c182e64c5e27 to remote] DEBUG o.a.netty.request.NettyRequestSender - Using open Channel [id: 0x32a8e035, L:/127.0.0.1:54108 - R:localhost/127.0.0.1:58844] for POST '/session/99018a4e588ec04d4972c182e64c5e27/window/maximize'
08:36:26.832 [AsyncHttpClient-1-2] DEBUG o.a.netty.handler.HttpHandler - 

Request DefaultHttpRequest(decodeResult: success, version: HTTP/1.1)
POST /session/99018a4e588ec04d4972c182e64c5e27/window/maximize HTTP/1.1
User-Agent: selenium/4.1.2 (java windows)
Content-Length: 3
Content-Type: application/json; charset=utf-8
host: localhost:58844
accept: */*

Response DefaultHttpResponse(decodeResult: success, version: HTTP/1.1)
HTTP/1.1 200 OK
Content-Type: application/json; charset=utf-8
cache-control: no-cache
content-length: 52

08:36:26.832 [AsyncHttpClient-1-2] DEBUG o.a.netty.channel.ChannelManager - Adding key: http://localhost:58844 for channel [id: 0x32a8e035, L:/127.0.0.1:54108 - R:localhost/127.0.0.1:58844]
DEBUG [main] (GetPostSteps.java:30) - i_perform_get_operation_forposts
DEBUG [main] (GetPostSteps.java:30)- i_perform_get_operation_forposts
08:36:26.957 [AsyncHttpClient-1-1] DEBUG o.a.netty.channel.DefaultChannelPool - Entry count for : http://localhost:54109 : 1
08:36:26.957 [AsyncHttpClient-1-1] DEBUG o.a.netty.channel.DefaultChannelPool - Entry count for : http://localhost:58844 : 1
  &amp#27;[32mGiven &amp#27;[0m&amp#27;[32mI perform GET operation for "&amp#27;[0m&amp#27;[32m&amp#27;[1mposts&amp#27;[0m&amp#27;[32m"&amp#27;[0m  &amp#27;[90m# stepdefinitions.GetPostSteps.i_perform_get_operation_for(java.lang.String)&amp#27;[0m
DEBUG [main] (GetPostSteps.java:39) - i_perform_get_for_the_post_number2
DEBUG [main] (GetPostSteps.java:39)- i_perform_get_for_the_post_number2
DEBUG [main] (BasicClientConnectionManager.java:161) - Get connection for route {}->http://localhost:3000
DEBUG [main] (BasicClientConnectionManager.java:161)- Get connection for route {}->http://localhost:3000
DEBUG [main] (DefaultClientConnectionOperator.java:177) - Connecting to localhost:3000
DEBUG [main] (DefaultClientConnectionOperator.java:177)- Connecting to localhost:3000
08:36:28.053 [AsyncHttpClient-1-1] DEBUG o.a.netty.channel.DefaultChannelPool - Entry count for : http://localhost:54109 : 1
08:36:28.053 [AsyncHttpClient-1-1] DEBUG o.a.netty.channel.DefaultChannelPool - Entry count for : http://localhost:58844 : 1
DEBUG [main] (RequestAddCookies.java:123) - CookieSpec selected: ignoreCookies
DEBUG [main] (RequestAddCookies.java:123)- CookieSpec selected: ignoreCookies
DEBUG [main] (RequestAuthCache.java:77) - Auth cache not set in the context
DEBUG [main] (RequestAuthCache.java:77)- Auth cache not set in the context
DEBUG [main] (RequestTargetAuthentication.java:80) - Target auth state: UNCHALLENGED
DEBUG [main] (RequestTargetAuthentication.java:80)- Target auth state: UNCHALLENGED
DEBUG [main] (RequestProxyAuthentication.java:89) - Proxy auth state: UNCHALLENGED
DEBUG [main] (RequestProxyAuthentication.java:89)- Proxy auth state: UNCHALLENGED
DEBUG [main] (DefaultRequestDirector.java:677) - Attempt 1 to execute request
DEBUG [main] (DefaultRequestDirector.java:677)- Attempt 1 to execute request
DEBUG [main] (DefaultClientConnection.java:274) - Sending request: GET /posts/2 HTTP/1.1
DEBUG [main] (DefaultClientConnection.java:274)- Sending request: GET /posts/2 HTTP/1.1
DEBUG [main] (Wire.java:73) -  >> "GET /posts/2 HTTP/1.1[\r][\n]"
DEBUG [main] (Wire.java:73)-  >> "GET /posts/2 HTTP/1.1[\r][\n]"
DEBUG [main] (Wire.java:73) -  >> "Accept: */*[\r][\n]"
DEBUG [main] (Wire.java:73)-  >> "Accept: */*[\r][\n]"
DEBUG [main] (Wire.java:73) -  >> "Host: localhost:3000[\r][\n]"
DEBUG [main] (Wire.java:73)-  >> "Host: localhost:3000[\r][\n]"
DEBUG [main] (Wire.java:73) -  >> "Connection: Keep-Alive[\r][\n]"
DEBUG [main] (Wire.java:73)-  >> "Connection: Keep-Alive[\r][\n]"
DEBUG [main] (Wire.java:73) -  >> "User-Agent: Apache-HttpClient/4.5.13 (Java/15.0.1)[\r][\n]"
DEBUG [main] (Wire.java:73)-  >> "User-Agent: Apache-HttpClient/4.5.13 (Java/15.0.1)[\r][\n]"
DEBUG [main] (Wire.java:73) -  >> "Accept-Encoding: gzip,deflate[\r][\n]"
DEBUG [main] (Wire.java:73)-  >> "Accept-Encoding: gzip,deflate[\r][\n]"
DEBUG [main] (Wire.java:73) -  >> "[\r][\n]"
DEBUG [main] (Wire.java:73)-  >> "[\r][\n]"
DEBUG [main] (DefaultClientConnection.java:278) - >> GET /posts/2 HTTP/1.1
DEBUG [main] (DefaultClientConnection.java:278)- >> GET /posts/2 HTTP/1.1
DEBUG [main] (DefaultClientConnection.java:281) - >> Accept: */*
DEBUG [main] (DefaultClientConnection.java:281)- >> Accept: */*
DEBUG [main] (DefaultClientConnection.java:281) - >> Host: localhost:3000
DEBUG [main] (DefaultClientConnection.java:281)- >> Host: localhost:3000
DEBUG [main] (DefaultClientConnection.java:281) - >> Connection: Keep-Alive
DEBUG [main] (DefaultClientConnection.java:281)- >> Connection: Keep-Alive
DEBUG [main] (DefaultClientConnection.java:281) - >> User-Agent: Apache-HttpClient/4.5.13 (Java/15.0.1)
DEBUG [main] (DefaultClientConnection.java:281)- >> User-Agent: Apache-HttpClient/4.5.13 (Java/15.0.1)
DEBUG [main] (DefaultClientConnection.java:281) - >> Accept-Encoding: gzip,deflate
DEBUG [main] (DefaultClientConnection.java:281)- >> Accept-Encoding: gzip,deflate
DEBUG [main] (Wire.java:73) -  << "HTTP/1.1 200 OK[\r][\n]"
DEBUG [main] (Wire.java:73)-  << "HTTP/1.1 200 OK[\r][\n]"
DEBUG [main] (Wire.java:73) -  << "X-Powered-By: Express[\r][\n]"
DEBUG [main] (Wire.java:73)-  << "X-Powered-By: Express[\r][\n]"
DEBUG [main] (Wire.java:73) -  << "Vary: Origin, Accept-Encoding[\r][\n]"
DEBUG [main] (Wire.java:73)-  << "Vary: Origin, Accept-Encoding[\r][\n]"
DEBUG [main] (Wire.java:73) -  << "Access-Control-Allow-Credentials: true[\r][\n]"
DEBUG [main] (Wire.java:73)-  << "Access-Control-Allow-Credentials: true[\r][\n]"
DEBUG [main] (Wire.java:73) -  << "Cache-Control: no-cache[\r][\n]"
DEBUG [main] (Wire.java:73)-  << "Cache-Control: no-cache[\r][\n]"
DEBUG [main] (Wire.java:73) -  << "Pragma: no-cache[\r][\n]"
DEBUG [main] (Wire.java:73)-  << "Pragma: no-cache[\r][\n]"
DEBUG [main] (Wire.java:73) -  << "Expires: -1[\r][\n]"
DEBUG [main] (Wire.java:73)-  << "Expires: -1[\r][\n]"
DEBUG [main] (Wire.java:73) -  << "X-Content-Type-Options: nosniff[\r][\n]"
DEBUG [main] (Wire.java:73)-  << "X-Content-Type-Options: nosniff[\r][\n]"
DEBUG [main] (Wire.java:73) -  << "Content-Type: application/json; charset=utf-8[\r][\n]"
DEBUG [main] (Wire.java:73)-  << "Content-Type: application/json; charset=utf-8[\r][\n]"
DEBUG [main] (Wire.java:73) -  << "Content-Length: 59[\r][\n]"
DEBUG [main] (Wire.java:73)-  << "Content-Length: 59[\r][\n]"
DEBUG [main] (Wire.java:73) -  << "ETag: W/"3b-X/C3rCWS1dLfJqqpaC5A0hnk+QY"[\r][\n]"
DEBUG [main] (Wire.java:73)-  << "ETag: W/"3b-X/C3rCWS1dLfJqqpaC5A0hnk+QY"[\r][\n]"
DEBUG [main] (Wire.java:73) -  << "Date: Tue, 29 Mar 2022 00:36:28 GMT[\r][\n]"
DEBUG [main] (Wire.java:73)-  << "Date: Tue, 29 Mar 2022 00:36:28 GMT[\r][\n]"
DEBUG [main] (Wire.java:73) -  << "Connection: keep-alive[\r][\n]"
DEBUG [main] (Wire.java:73)-  << "Connection: keep-alive[\r][\n]"
DEBUG [main] (Wire.java:73) -  << "[\r][\n]"
DEBUG [main] (Wire.java:73)-  << "[\r][\n]"
DEBUG [main] (DefaultClientConnection.java:259) - Receiving response: HTTP/1.1 200 OK
DEBUG [main] (DefaultClientConnection.java:259)- Receiving response: HTTP/1.1 200 OK
DEBUG [main] (DefaultClientConnection.java:262) - << HTTP/1.1 200 OK
DEBUG [main] (DefaultClientConnection.java:262)- << HTTP/1.1 200 OK
DEBUG [main] (DefaultClientConnection.java:265) - << X-Powered-By: Express
DEBUG [main] (DefaultClientConnection.java:265)- << X-Powered-By: Express
DEBUG [main] (DefaultClientConnection.java:265) - << Vary: Origin, Accept-Encoding
DEBUG [main] (DefaultClientConnection.java:265)- << Vary: Origin, Accept-Encoding
DEBUG [main] (DefaultClientConnection.java:265) - << Access-Control-Allow-Credentials: true
DEBUG [main] (DefaultClientConnection.java:265)- << Access-Control-Allow-Credentials: true
DEBUG [main] (DefaultClientConnection.java:265) - << Cache-Control: no-cache
DEBUG [main] (DefaultClientConnection.java:265)- << Cache-Control: no-cache
DEBUG [main] (DefaultClientConnection.java:265) - << Pragma: no-cache
DEBUG [main] (DefaultClientConnection.java:265)- << Pragma: no-cache
DEBUG [main] (DefaultClientConnection.java:265) - << Expires: -1
DEBUG [main] (DefaultClientConnection.java:265)- << Expires: -1
DEBUG [main] (DefaultClientConnection.java:265) - << X-Content-Type-Options: nosniff
DEBUG [main] (DefaultClientConnection.java:265)- << X-Content-Type-Options: nosniff
DEBUG [main] (DefaultClientConnection.java:265) - << Content-Type: application/json; charset=utf-8
DEBUG [main] (DefaultClientConnection.java:265)- << Content-Type: application/json; charset=utf-8
DEBUG [main] (DefaultClientConnection.java:265) - << Content-Length: 59
DEBUG [main] (DefaultClientConnection.java:265)- << Content-Length: 59
DEBUG [main] (DefaultClientConnection.java:265) - << ETag: W/"3b-X/C3rCWS1dLfJqqpaC5A0hnk+QY"
DEBUG [main] (DefaultClientConnection.java:265)- << ETag: W/"3b-X/C3rCWS1dLfJqqpaC5A0hnk+QY"
DEBUG [main] (DefaultClientConnection.java:265) - << Date: Tue, 29 Mar 2022 00:36:28 GMT
DEBUG [main] (DefaultClientConnection.java:265)- << Date: Tue, 29 Mar 2022 00:36:28 GMT
DEBUG [main] (DefaultClientConnection.java:265) - << Connection: keep-alive
DEBUG [main] (DefaultClientConnection.java:265)- << Connection: keep-alive
DEBUG [main] (DefaultRequestDirector.java:504) - Connection can be kept alive indefinitely
DEBUG [main] (DefaultRequestDirector.java:504)- Connection can be kept alive indefinitely
DEBUG [main] (HTTPBuilder.java:547) - Parsing response as: application/json; charset=utf-8
DEBUG [main] (HTTPBuilder.java:547)- Parsing response as: application/json; charset=utf-8
DEBUG [main] (HTTPBuilder.java:550) - Parsed data to instance of: class org.apache.http.conn.EofSensorInputStream
DEBUG [main] (HTTPBuilder.java:550)- Parsed data to instance of: class org.apache.http.conn.EofSensorInputStream
DEBUG [main] (Wire.java:73) -  << "{[\n]"
DEBUG [main] (Wire.java:73)-  << "{[\n]"
DEBUG [main] (Wire.java:73) -  << "  "id": 2,[\n]"
DEBUG [main] (Wire.java:73)-  << "  "id": 2,[\n]"
DEBUG [main] (Wire.java:73) -  << "  "title": "rest-assured",[\n]"
DEBUG [main] (Wire.java:73)-  << "  "title": "rest-assured",[\n]"
DEBUG [main] (Wire.java:73) -  << "  "author": "api"[\n]"
DEBUG [main] (Wire.java:73)-  << "  "author": "api"[\n]"
DEBUG [main] (Wire.java:87) -  << "}"
DEBUG [main] (Wire.java:87)-  << "}"
DEBUG [main] (BasicClientConnectionManager.java:200) - Releasing connection org.apache.http.impl.conn.ManagedClientConnectionImpl@7f41d979
DEBUG [main] (BasicClientConnectionManager.java:200)- Releasing connection org.apache.http.impl.conn.ManagedClientConnectionImpl@7f41d979
DEBUG [main] (BasicClientConnectionManager.java:225) - Connection can be kept alive indefinitely
DEBUG [main] (BasicClientConnectionManager.java:225)- Connection can be kept alive indefinitely
DEBUG [main] (GetPostSteps.java:41) - request header : 
 {
    "id": 2,
    "title": "rest-assured",
    "author": "api"
}
DEBUG [main] (GetPostSteps.java:41)- request header : 
 {
    "id": 2,
    "title": "rest-assured",
    "author": "api"
}
  &amp#27;[32mWhen &amp#27;[0m&amp#27;[32mI perform GET for the post number "&amp#27;[0m&amp#27;[32m&amp#27;[1m2&amp#27;[0m&amp#27;[32m"&amp#27;[0m &amp#27;[90m# stepdefinitions.GetPostSteps.i_perform_get_for_the_post_number(java.lang.String)&amp#27;[0m
DEBUG [main] (GetPostSteps.java:88) - geti_should_see_the_author_name_asBody : api
DEBUG [main] (GetPostSteps.java:88)- geti_should_see_the_author_name_asBody : api
HTTP/1.1 200 OK
X-Powered-By: Express
Vary: Origin, Accept-Encoding
Access-Control-Allow-Credentials: true
Cache-Control: no-cache
Pragma: no-cache
Expires: -1
X-Content-Type-Options: nosniff
Content-Type: application/json; charset=utf-8
Content-Length: 59
ETag: W/"3b-X/C3rCWS1dLfJqqpaC5A0hnk+QY"
Date: Tue, 29 Mar 2022 00:36:28 GMT
Connection: keep-alive

{
    "id": 2,
    "title": "rest-assured",
    "author": "api"
}
DEBUG [main] (GetPostSteps.java:93) - getBody : io.restassured.internal.RestAssuredResponseImpl@299ea986
DEBUG [main] (GetPostSteps.java:93)- getBody : io.restassured.internal.RestAssuredResponseImpl@299ea986
  &amp#27;[32mThen &amp#27;[0m&amp#27;[32mI should see the author name as "&amp#27;[0m&amp#27;[32m&amp#27;[1mapi&amp#27;[0m&amp#27;[32m"&amp#27;[0m &amp#27;[90m# stepdefinitions.GetPostSteps.i_should_see_the_author_name_as(java.lang.String)&amp#27;[0m
DEBUG [main] (apphooks.java:45) - Close Browser
DEBUG [main] (apphooks.java:45)- Close Browser
08:36:28.748 [Driver Command Executor] DEBUG o.a.netty.request.NettyRequestSender - Using pooled Channel '[id: 0x32a8e035, L:/127.0.0.1:54108 - R:localhost/127.0.0.1:58844]' for 'DELETE' to 'http://localhost:58844/session/99018a4e588ec04d4972c182e64c5e27'
08:36:28.748 [Driver Command Executor] DEBUG o.a.netty.request.NettyRequestSender - Using open Channel [id: 0x32a8e035, L:/127.0.0.1:54108 - R:localhost/127.0.0.1:58844] for DELETE '/session/99018a4e588ec04d4972c182e64c5e27'
08:36:28.749 [AsyncHttpClient-1-4] DEBUG o.a.netty.handler.WebSocketHandler - Channel Closed: [id: 0xafd02318, L:/127.0.0.1:54140 ! R:localhost/127.0.0.1:54109] with attribute NettyResponseFuture{currentRetry=5,
	isDone=1,
	isCancelled=0,
	asyncHandler=org.asynchttpclient.ws.WebSocketUpgradeHandler@21dfb99b,
	nettyRequest=org.asynchttpclient.netty.request.NettyRequest@3c3b5561,
	future=java.util.concurrent.CompletableFuture@47a06cfa[Completed normally],
	uri=ws://localhost:54109/devtools/browser/89f714c1-2ab2-446d-a328-a6a457c90fd1,
	keepAlive=true,
	redirectCount=0,
	timeoutsHolder=null,
	inAuth=0,
	touch=1648514186675}
08:36:28.750 [AsyncHttpClient-1-4] DEBUG o.a.netty.channel.ChannelManager - Closing Channel [id: 0xafd02318, L:/127.0.0.1:54140 ! R:localhost/127.0.0.1:54109] 
08:36:28.816 [AsyncHttpClient-1-3] DEBUG o.a.netty.handler.HttpHandler - Unexpected I/O exception on channel [id: 0x31700df4, L:/127.0.0.1:54139 - R:localhost/127.0.0.1:54109]
java.net.SocketException: Connection reset
	at java.base/sun.nio.ch.SocketChannelImpl.throwConnectionReset(SocketChannelImpl.java:367) ~[na:na]
	at java.base/sun.nio.ch.SocketChannelImpl.read(SocketChannelImpl.java:398) ~[na:na]
	at io.netty.buffer.PooledByteBuf.setBytes(PooledByteBuf.java:253) ~[netty-buffer-4.1.70.Final.jar:4.1.70.Final]
	at io.netty.buffer.AbstractByteBuf.writeBytes(AbstractByteBuf.java:1132) ~[netty-buffer-4.1.70.Final.jar:4.1.70.Final]
	at io.netty.channel.socket.nio.NioSocketChannel.doReadBytes(NioSocketChannel.java:350) ~[netty-transport-4.1.70.Final.jar:4.1.70.Final]
	at io.netty.channel.nio.AbstractNioByteChannel$NioByteUnsafe.read(AbstractNioByteChannel.java:151) ~[netty-transport-4.1.70.Final.jar:4.1.70.Final]
	at io.netty.channel.nio.NioEventLoop.processSelectedKey(NioEventLoop.java:719) ~[netty-transport-4.1.70.Final.jar:4.1.70.Final]
	at io.netty.channel.nio.NioEventLoop.processSelectedKeysOptimized(NioEventLoop.java:655) ~[netty-transport-4.1.70.Final.jar:4.1.70.Final]
	at io.netty.channel.nio.NioEventLoop.processSelectedKeys(NioEventLoop.java:581) ~[netty-transport-4.1.70.Final.jar:4.1.70.Final]
	at io.netty.channel.nio.NioEventLoop.run(NioEventLoop.java:493) ~[netty-transport-4.1.70.Final.jar:4.1.70.Final]
	at io.netty.util.concurrent.SingleThreadEventExecutor$4.run(SingleThreadEventExecutor.java:986) ~[netty-common-4.1.70.Final.jar:4.1.70.Final]
	at io.netty.util.internal.ThreadExecutorMap$2.run(ThreadExecutorMap.java:74) ~[netty-common-4.1.70.Final.jar:4.1.70.Final]
	at io.netty.util.concurrent.FastThreadLocalRunnable.run(FastThreadLocalRunnable.java:30) ~[netty-common-4.1.70.Final.jar:4.1.70.Final]
	at java.base/java.lang.Thread.run(Thread.java:832) ~[na:na]
08:36:28.816 [AsyncHttpClient-1-3] DEBUG o.a.netty.channel.ChannelManager - Closing Channel [id: 0x31700df4, L:/127.0.0.1:54139 - R:localhost/127.0.0.1:54109] 
08:36:28.817 [AsyncHttpClient-1-3] DEBUG o.a.netty.handler.HttpHandler - Channel Closed: [id: 0x31700df4, L:/127.0.0.1:54139 ! R:localhost/127.0.0.1:54109] with attribute DISCARD
08:36:28.833 [AsyncHttpClient-1-2] DEBUG o.a.netty.handler.HttpHandler - 

Request DefaultFullHttpRequest(decodeResult: success, version: HTTP/1.1, content: EmptyByteBufBE)
DELETE /session/99018a4e588ec04d4972c182e64c5e27 HTTP/1.1
User-Agent: selenium/4.1.2 (java windows)
Content-Type: application/json; charset=utf-8
host: localhost:58844
accept: */*

Response DefaultHttpResponse(decodeResult: success, version: HTTP/1.1)
HTTP/1.1 200 OK
Content-Type: application/json; charset=utf-8
cache-control: no-cache
content-length: 14

08:36:28.834 [AsyncHttpClient-1-2] DEBUG o.a.netty.channel.ChannelManager - Adding key: http://localhost:58844 for channel [id: 0x32a8e035, L:/127.0.0.1:54108 - R:localhost/127.0.0.1:58844]
08:36:28.871 [AsyncHttpClient-1-2] DEBUG o.a.netty.handler.HttpHandler - Channel Closed: [id: 0x32a8e035, L:/127.0.0.1:54108 ! R:localhost/127.0.0.1:58844] with attribute DISCARD
08:36:29.152 [AsyncHttpClient-1-1] DEBUG o.a.netty.channel.DefaultChannelPool - Entry count for : http://localhost:54109 : 1
08:36:29.152 [AsyncHttpClient-1-1] DEBUG o.a.netty.channel.DefaultChannelPool - Entry count for : http://localhost:58844 : 1
08:36:29.152 [AsyncHttpClient-1-1] DEBUG o.a.netty.channel.DefaultChannelPool - Adding Candidate expired Channel [id: 0x31700df4, L:/127.0.0.1:54139 ! R:localhost/127.0.0.1:54109] isIdleTimeoutExpired=false isRemotelyClosed=true isTtlExpired=false
08:36:29.152 [AsyncHttpClient-1-1] DEBUG o.a.netty.channel.DefaultChannelPool - Closing Idle Channel [id: 0x31700df4, L:/127.0.0.1:54139 ! R:localhost/127.0.0.1:54109]
08:36:29.152 [AsyncHttpClient-1-1] DEBUG o.a.netty.channel.DefaultChannelPool - Adding Candidate expired Channel [id: 0x32a8e035, L:/127.0.0.1:54108 ! R:localhost/127.0.0.1:58844] isIdleTimeoutExpired=false isRemotelyClosed=true isTtlExpired=false
08:36:29.152 [AsyncHttpClient-1-1] DEBUG o.a.netty.channel.DefaultChannelPool - Closing Idle Channel [id: 0x32a8e035, L:/127.0.0.1:54108 ! R:localhost/127.0.0.1:58844]
08:36:29.152 [AsyncHttpClient-1-1] DEBUG o.a.netty.channel.DefaultChannelPool - Closed 2 connections out of 2 in 0 ms
08:36:29.405 [main] INFO   - 
  _____   ___   ___   _____     ___     _     ___   ___   ___   ___  
 |_   _| | __| / __| |_   _|   | _ \   /_\   / __| / __| | __| |   \ 
   | |   | _|  \__ \   | |     |  _/  / _ \  \__ \ \__ \ | _|  | |) |
   |_|   |___| |___/   |_|     |_|   /_/ \_\ |___/ |___/ |___| |___/ 

Verify one author of the post
----------------------------------------------------------------------
]]></system-out>
    <system-err><![CDATA[SLF4J: Class path contains multiple SLF4J bindings.
SLF4J: Found binding in [jar:file:/C:/Users/DheyClaveria/.m2/repository/ch/qos/logback/logback-classic/1.1.3/logback-classic-1.1.3.jar!/org/slf4j/impl/StaticLoggerBinder.class]
SLF4J: Found binding in [jar:file:/C:/Users/DheyClaveria/.m2/repository/org/slf4j/slf4j-reload4j/1.7.36/slf4j-reload4j-1.7.36.jar!/org/slf4j/impl/StaticLoggerBinder.class]
SLF4J: See http://www.slf4j.org/codes.html#multiple_bindings for an explanation.
SLF4J: Actual binding is of type [ch.qos.logback.classic.util.ContextSelectorStaticBinder]
log4j:WARN No such property [locationInfo] in org.apache.log4j.PatternLayout.
Starting ChromeDriver 99.0.4844.51 (d537ec02474b5afe23684e7963d538896c63ac77-refs/branch-heads/4844@{#875}) on port 58844
Only local connections are allowed.
Please see https://chromedriver.chromium.org/security-considerations for suggestions on keeping ChromeDriver safe.
ChromeDriver was started successfully.
Mar 29, 2022 8:36:26 AM org.openqa.selenium.remote.ProtocolHandshake createSession
INFO: Detected dialect: W3C
Mar 29, 2022 8:36:26 AM org.openqa.selenium.devtools.CdpVersionFinder findNearestMatch
WARNING: Unable to find an exact match for CDP version 99, so returning the closest version found: 96
Mar 29, 2022 8:36:26 AM org.openqa.selenium.devtools.CdpVersionFinder findNearestMatch
INFO: Found CDP implementation for version 99 of 96
]]></system-err>
  </testcase>
  <testcase name="Verify one existing user credentials" classname="Verify different GET operations using REST-assured" time="2.171">
    <system-out><![CDATA[
@All @Performance
Scenario: Verify one existing user credentials                                  &amp#27;[90m# src/main/resources/AppFeatures/GetPost.feature:10&amp#27;[0m
08:36:29.418 [main] INFO  i.c.core.plugin.SerenityReporter - Running feature from file:///Z:/Automation/JavaCucumber/BDD_HCL/CucumberHCL/src/main/resources/AppFeatures/GetPost.feature
08:36:29.418 [main] WARN  i.c.core.plugin.SerenityReporter - Feature from file:///Z:/Automation/JavaCucumber/BDD_HCL/CucumberHCL/src/main/resources/AppFeatures/GetPost.feature is not under the 'features' directory. Requirements report will not be correctly generated!
08:36:29.421 [main] INFO   - 
  _____   ___   ___   _____     ___   _____     _     ___   _____   ___   ___  
 |_   _| | __| / __| |_   _|   / __| |_   _|   /_\   | _ \ |_   _| | __| |   \ 
   | |   | _|  \__ \   | |     \__ \   | |    / _ \  |   /   | |   | _|  | |) |
   |_|   |___| |___/   |_|     |___/   |_|   /_/ \_\ |_|_\   |_|   |___| |___/ 

Verify one existing user credentials(verify-different-get-operations-using-rest-assured;verify-one-existing-user-credentials)
--------------------------------------------------------------------------------
DEBUG [main] (apphooks.java:34) - Set up Browser
DEBUG [main] (apphooks.java:34)- Set up Browser
08:36:29.426 [main] DEBUG com.pages.drivers.DriversFactory - Initialize Driver Browser Configuration
08:36:29.426 [main] DEBUG com.pages.drivers.DriversFactory -  Driver Browser : chrome
08:36:29.438 [main] DEBUG i.g.bonigarcia.wdm.WebDriverManager - Driver chromedriver 99.0.4844.51 found in cache
08:36:29.438 [main] INFO  i.g.bonigarcia.wdm.WebDriverManager - Exporting webdriver.chrome.driver as C:\Users\DheyClaveria\.cache\selenium\chromedriver\win32\99.0.4844.51\chromedriver.exe
08:36:29.980 [AsyncHttpClient-1-5] DEBUG o.a.n.channel.NettyConnectListener - Using new Channel '[id: 0x5bcf1c8a, L:/127.0.0.1:54148 - R:localhost/127.0.0.1:54201]' for 'POST' to '/session'
DEBUG [Finalizer] (DefaultClientConnection.java:180) - Connection 0.0.0.0:54143<->127.0.0.1:3000 closed
DEBUG [Finalizer] (DefaultClientConnection.java:180)- Connection 0.0.0.0:54143<->127.0.0.1:3000 closed
08:36:30.669 [AsyncHttpClient-1-5] DEBUG o.a.netty.handler.HttpHandler - 

Request DefaultHttpRequest(decodeResult: success, version: HTTP/1.1)
POST /session HTTP/1.1
User-Agent: selenium/4.1.2 (java windows)
Content-Length: 365
Content-Type: application/json; charset=utf-8
host: localhost:54201
accept: */*

Response DefaultHttpResponse(decodeResult: success, version: HTTP/1.1)
HTTP/1.1 200 OK
Content-Type: application/json; charset=utf-8
cache-control: no-cache
content-length: 795

08:36:30.669 [AsyncHttpClient-1-5] DEBUG o.a.netty.channel.ChannelManager - Adding key: http://localhost:54201 for channel [id: 0x5bcf1c8a, L:/127.0.0.1:54148 - R:localhost/127.0.0.1:54201]
08:36:30.677 [AsyncHttpClient-1-6] DEBUG o.a.n.channel.NettyConnectListener - Using new Channel '[id: 0x433734d8, L:/127.0.0.1:54155 - R:localhost/127.0.0.1:54149]' for 'GET' to '/json/version'
08:36:30.680 [AsyncHttpClient-1-6] DEBUG o.a.netty.handler.HttpHandler - 

Request DefaultFullHttpRequest(decodeResult: success, version: HTTP/1.1, content: EmptyByteBufBE)
GET /json/version HTTP/1.1
User-Agent: selenium/4.1.2 (java windows)
host: localhost:54149
accept: */*

Response DefaultHttpResponse(decodeResult: success, version: HTTP/1.1)
HTTP/1.1 200 OK
Content-Type: application/json; charset=UTF-8
content-length: 423

08:36:30.681 [AsyncHttpClient-1-6] DEBUG o.a.netty.channel.ChannelManager - Adding key: http://localhost:54149 for channel [id: 0x433734d8, L:/127.0.0.1:54155 - R:localhost/127.0.0.1:54149]
08:36:30.683 [AsyncHttpClient-1-7] DEBUG o.a.n.channel.NettyConnectListener - Using new Channel '[id: 0x8576e5e4, L:/127.0.0.1:54156 - R:localhost/127.0.0.1:54149]' for 'GET' to '/devtools/browser/d122ca20-d139-48d7-bf1c-7c4d722bc56b'
08:36:30.688 [AsyncHttpClient-1-7] DEBUG o.a.netty.handler.WebSocketHandler - 

Request DefaultFullHttpRequest(decodeResult: success, version: HTTP/1.1, content: EmptyByteBufBE)
GET /devtools/browser/d122ca20-d139-48d7-bf1c-7c4d722bc56b HTTP/1.1
upgrade: websocket
connection: upgrade
sec-websocket-key: cgIhVpQWwsl3P+rvCqRTOA==
sec-websocket-version: 13
origin: http://localhost:54149
host: localhost:54149
accept: */*
user-agent: AHC/2.1

Response DefaultHttpResponse(decodeResult: success, version: HTTP/1.1)
HTTP/1.1 101 WebSocket Protocol Handshake
Upgrade: WebSocket
Connection: Upgrade
Sec-WebSocket-Accept: KlOUs82CNL8MZbtp/f+Z3VzBQ3U=

08:36:30.692 [Forwarding deleteAllCookies on session 215711036293eb13f5335761d3984ac1 to remote] DEBUG o.a.netty.request.NettyRequestSender - Using pooled Channel '[id: 0x5bcf1c8a, L:/127.0.0.1:54148 - R:localhost/127.0.0.1:54201]' for 'DELETE' to 'http://localhost:54201/session/215711036293eb13f5335761d3984ac1/cookie'
08:36:30.693 [Forwarding deleteAllCookies on session 215711036293eb13f5335761d3984ac1 to remote] DEBUG o.a.netty.request.NettyRequestSender - Using open Channel [id: 0x5bcf1c8a, L:/127.0.0.1:54148 - R:localhost/127.0.0.1:54201] for DELETE '/session/215711036293eb13f5335761d3984ac1/cookie'
08:36:30.698 [AsyncHttpClient-1-5] DEBUG o.a.netty.handler.HttpHandler - 

Request DefaultFullHttpRequest(decodeResult: success, version: HTTP/1.1, content: EmptyByteBufBE)
DELETE /session/215711036293eb13f5335761d3984ac1/cookie HTTP/1.1
User-Agent: selenium/4.1.2 (java windows)
Content-Type: application/json; charset=utf-8
host: localhost:54201
accept: */*

Response DefaultHttpResponse(decodeResult: success, version: HTTP/1.1)
HTTP/1.1 200 OK
Content-Type: application/json; charset=utf-8
cache-control: no-cache
content-length: 14

08:36:30.698 [AsyncHttpClient-1-5] DEBUG o.a.netty.channel.ChannelManager - Adding key: http://localhost:54201 for channel [id: 0x5bcf1c8a, L:/127.0.0.1:54148 - R:localhost/127.0.0.1:54201]
08:36:30.700 [Forwarding maximizeCurrentWindow on session 215711036293eb13f5335761d3984ac1 to remote] DEBUG o.a.netty.request.NettyRequestSender - Using pooled Channel '[id: 0x5bcf1c8a, L:/127.0.0.1:54148 - R:localhost/127.0.0.1:54201]' for 'POST' to 'http://localhost:54201/session/215711036293eb13f5335761d3984ac1/window/maximize'
08:36:30.700 [Forwarding maximizeCurrentWindow on session 215711036293eb13f5335761d3984ac1 to remote] DEBUG o.a.netty.request.NettyRequestSender - Using open Channel [id: 0x5bcf1c8a, L:/127.0.0.1:54148 - R:localhost/127.0.0.1:54201] for POST '/session/215711036293eb13f5335761d3984ac1/window/maximize'
08:36:30.815 [AsyncHttpClient-1-5] DEBUG o.a.netty.handler.HttpHandler - 

Request DefaultHttpRequest(decodeResult: success, version: HTTP/1.1)
POST /session/215711036293eb13f5335761d3984ac1/window/maximize HTTP/1.1
User-Agent: selenium/4.1.2 (java windows)
Content-Length: 3
Content-Type: application/json; charset=utf-8
host: localhost:54201
accept: */*

Response DefaultHttpResponse(decodeResult: success, version: HTTP/1.1)
HTTP/1.1 200 OK
Content-Type: application/json; charset=utf-8
cache-control: no-cache
content-length: 52

08:36:30.815 [AsyncHttpClient-1-5] DEBUG o.a.netty.channel.ChannelManager - Adding key: http://localhost:54201 for channel [id: 0x5bcf1c8a, L:/127.0.0.1:54148 - R:localhost/127.0.0.1:54201]
DEBUG [main] (GetPostSteps.java:30) - i_perform_get_operation_forusercredentials
DEBUG [main] (GetPostSteps.java:30)- i_perform_get_operation_forusercredentials
  &amp#27;[32mGiven &amp#27;[0m&amp#27;[32mI perform GET operation for "&amp#27;[0m&amp#27;[32m&amp#27;[1musercredentials&amp#27;[0m&amp#27;[32m"&amp#27;[0m                           &amp#27;[90m# stepdefinitions.GetPostSteps.i_perform_get_operation_for(java.lang.String)&amp#27;[0m
DEBUG [main] (GetPostSteps.java:46) - i_perform_get_for_the_id_number : 2
DEBUG [main] (GetPostSteps.java:46)- i_perform_get_for_the_id_number : 2
DEBUG [main] (BasicClientConnectionManager.java:161) - Get connection for route {}->http://localhost:3000
DEBUG [main] (BasicClientConnectionManager.java:161)- Get connection for route {}->http://localhost:3000
DEBUG [main] (DefaultClientConnectionOperator.java:177) - Connecting to localhost:3000
DEBUG [main] (DefaultClientConnectionOperator.java:177)- Connecting to localhost:3000
DEBUG [main] (RequestAddCookies.java:123) - CookieSpec selected: ignoreCookies
DEBUG [main] (RequestAddCookies.java:123)- CookieSpec selected: ignoreCookies
DEBUG [main] (RequestAuthCache.java:77) - Auth cache not set in the context
DEBUG [main] (RequestAuthCache.java:77)- Auth cache not set in the context
DEBUG [main] (RequestTargetAuthentication.java:80) - Target auth state: UNCHALLENGED
DEBUG [main] (RequestTargetAuthentication.java:80)- Target auth state: UNCHALLENGED
DEBUG [main] (RequestProxyAuthentication.java:89) - Proxy auth state: UNCHALLENGED
DEBUG [main] (RequestProxyAuthentication.java:89)- Proxy auth state: UNCHALLENGED
DEBUG [main] (DefaultRequestDirector.java:677) - Attempt 1 to execute request
DEBUG [main] (DefaultRequestDirector.java:677)- Attempt 1 to execute request
DEBUG [main] (DefaultClientConnection.java:274) - Sending request: GET /usercredentials/2 HTTP/1.1
DEBUG [main] (DefaultClientConnection.java:274)- Sending request: GET /usercredentials/2 HTTP/1.1
DEBUG [main] (Wire.java:73) -  >> "GET /usercredentials/2 HTTP/1.1[\r][\n]"
DEBUG [main] (Wire.java:73)-  >> "GET /usercredentials/2 HTTP/1.1[\r][\n]"
DEBUG [main] (Wire.java:73) -  >> "Accept: */*[\r][\n]"
DEBUG [main] (Wire.java:73)-  >> "Accept: */*[\r][\n]"
DEBUG [main] (Wire.java:73) -  >> "Host: localhost:3000[\r][\n]"
DEBUG [main] (Wire.java:73)-  >> "Host: localhost:3000[\r][\n]"
DEBUG [main] (Wire.java:73) -  >> "Connection: Keep-Alive[\r][\n]"
DEBUG [main] (Wire.java:73)-  >> "Connection: Keep-Alive[\r][\n]"
DEBUG [main] (Wire.java:73) -  >> "User-Agent: Apache-HttpClient/4.5.13 (Java/15.0.1)[\r][\n]"
DEBUG [main] (Wire.java:73)-  >> "User-Agent: Apache-HttpClient/4.5.13 (Java/15.0.1)[\r][\n]"
DEBUG [main] (Wire.java:73) -  >> "Accept-Encoding: gzip,deflate[\r][\n]"
DEBUG [main] (Wire.java:73)-  >> "Accept-Encoding: gzip,deflate[\r][\n]"
DEBUG [main] (Wire.java:73) -  >> "[\r][\n]"
DEBUG [main] (Wire.java:73)-  >> "[\r][\n]"
DEBUG [main] (DefaultClientConnection.java:278) - >> GET /usercredentials/2 HTTP/1.1
DEBUG [main] (DefaultClientConnection.java:278)- >> GET /usercredentials/2 HTTP/1.1
DEBUG [main] (DefaultClientConnection.java:281) - >> Accept: */*
DEBUG [main] (DefaultClientConnection.java:281)- >> Accept: */*
DEBUG [main] (DefaultClientConnection.java:281) - >> Host: localhost:3000
DEBUG [main] (DefaultClientConnection.java:281)- >> Host: localhost:3000
DEBUG [main] (DefaultClientConnection.java:281) - >> Connection: Keep-Alive
DEBUG [main] (DefaultClientConnection.java:281)- >> Connection: Keep-Alive
DEBUG [main] (DefaultClientConnection.java:281) - >> User-Agent: Apache-HttpClient/4.5.13 (Java/15.0.1)
DEBUG [main] (DefaultClientConnection.java:281)- >> User-Agent: Apache-HttpClient/4.5.13 (Java/15.0.1)
DEBUG [main] (DefaultClientConnection.java:281) - >> Accept-Encoding: gzip,deflate
DEBUG [main] (DefaultClientConnection.java:281)- >> Accept-Encoding: gzip,deflate
DEBUG [main] (Wire.java:73) -  << "HTTP/1.1 200 OK[\r][\n]"
DEBUG [main] (Wire.java:73)-  << "HTTP/1.1 200 OK[\r][\n]"
DEBUG [main] (Wire.java:73) -  << "X-Powered-By: Express[\r][\n]"
DEBUG [main] (Wire.java:73)-  << "X-Powered-By: Express[\r][\n]"
DEBUG [main] (Wire.java:73) -  << "Vary: Origin, Accept-Encoding[\r][\n]"
DEBUG [main] (Wire.java:73)-  << "Vary: Origin, Accept-Encoding[\r][\n]"
DEBUG [main] (Wire.java:73) -  << "Access-Control-Allow-Credentials: true[\r][\n]"
DEBUG [main] (Wire.java:73)-  << "Access-Control-Allow-Credentials: true[\r][\n]"
DEBUG [main] (Wire.java:73) -  << "Cache-Control: no-cache[\r][\n]"
DEBUG [main] (Wire.java:73)-  << "Cache-Control: no-cache[\r][\n]"
DEBUG [main] (Wire.java:73) -  << "Pragma: no-cache[\r][\n]"
DEBUG [main] (Wire.java:73)-  << "Pragma: no-cache[\r][\n]"
DEBUG [main] (Wire.java:73) -  << "Expires: -1[\r][\n]"
DEBUG [main] (Wire.java:73)-  << "Expires: -1[\r][\n]"
DEBUG [main] (Wire.java:73) -  << "X-Content-Type-Options: nosniff[\r][\n]"
DEBUG [main] (Wire.java:73)-  << "X-Content-Type-Options: nosniff[\r][\n]"
DEBUG [main] (Wire.java:73) -  << "Content-Type: application/json; charset=utf-8[\r][\n]"
DEBUG [main] (Wire.java:73)-  << "Content-Type: application/json; charset=utf-8[\r][\n]"
DEBUG [main] (Wire.java:73) -  << "Content-Length: 73[\r][\n]"
DEBUG [main] (Wire.java:73)-  << "Content-Length: 73[\r][\n]"
DEBUG [main] (Wire.java:73) -  << "ETag: W/"49-nqKCXxm/tJgpsNc07xIS4KcQKN4"[\r][\n]"
DEBUG [main] (Wire.java:73)-  << "ETag: W/"49-nqKCXxm/tJgpsNc07xIS4KcQKN4"[\r][\n]"
DEBUG [main] (Wire.java:73) -  << "Date: Tue, 29 Mar 2022 00:36:30 GMT[\r][\n]"
DEBUG [main] (Wire.java:73)-  << "Date: Tue, 29 Mar 2022 00:36:30 GMT[\r][\n]"
DEBUG [main] (Wire.java:73) -  << "Connection: keep-alive[\r][\n]"
DEBUG [main] (Wire.java:73)-  << "Connection: keep-alive[\r][\n]"
DEBUG [main] (Wire.java:73) -  << "[\r][\n]"
DEBUG [main] (Wire.java:73)-  << "[\r][\n]"
DEBUG [main] (DefaultClientConnection.java:259) - Receiving response: HTTP/1.1 200 OK
DEBUG [main] (DefaultClientConnection.java:259)- Receiving response: HTTP/1.1 200 OK
DEBUG [main] (DefaultClientConnection.java:262) - << HTTP/1.1 200 OK
DEBUG [main] (DefaultClientConnection.java:262)- << HTTP/1.1 200 OK
DEBUG [main] (DefaultClientConnection.java:265) - << X-Powered-By: Express
DEBUG [main] (DefaultClientConnection.java:265)- << X-Powered-By: Express
DEBUG [main] (DefaultClientConnection.java:265) - << Vary: Origin, Accept-Encoding
DEBUG [main] (DefaultClientConnection.java:265)- << Vary: Origin, Accept-Encoding
DEBUG [main] (DefaultClientConnection.java:265) - << Access-Control-Allow-Credentials: true
DEBUG [main] (DefaultClientConnection.java:265)- << Access-Control-Allow-Credentials: true
DEBUG [main] (DefaultClientConnection.java:265) - << Cache-Control: no-cache
DEBUG [main] (DefaultClientConnection.java:265)- << Cache-Control: no-cache
DEBUG [main] (DefaultClientConnection.java:265) - << Pragma: no-cache
DEBUG [main] (DefaultClientConnection.java:265)- << Pragma: no-cache
DEBUG [main] (DefaultClientConnection.java:265) - << Expires: -1
DEBUG [main] (DefaultClientConnection.java:265)- << Expires: -1
DEBUG [main] (DefaultClientConnection.java:265) - << X-Content-Type-Options: nosniff
DEBUG [main] (DefaultClientConnection.java:265)- << X-Content-Type-Options: nosniff
DEBUG [main] (DefaultClientConnection.java:265) - << Content-Type: application/json; charset=utf-8
DEBUG [main] (DefaultClientConnection.java:265)- << Content-Type: application/json; charset=utf-8
DEBUG [main] (DefaultClientConnection.java:265) - << Content-Length: 73
DEBUG [main] (DefaultClientConnection.java:265)- << Content-Length: 73
DEBUG [main] (DefaultClientConnection.java:265) - << ETag: W/"49-nqKCXxm/tJgpsNc07xIS4KcQKN4"
DEBUG [main] (DefaultClientConnection.java:265)- << ETag: W/"49-nqKCXxm/tJgpsNc07xIS4KcQKN4"
DEBUG [main] (DefaultClientConnection.java:265) - << Date: Tue, 29 Mar 2022 00:36:30 GMT
DEBUG [main] (DefaultClientConnection.java:265)- << Date: Tue, 29 Mar 2022 00:36:30 GMT
DEBUG [main] (DefaultClientConnection.java:265) - << Connection: keep-alive
DEBUG [main] (DefaultClientConnection.java:265)- << Connection: keep-alive
DEBUG [main] (DefaultRequestDirector.java:504) - Connection can be kept alive indefinitely
DEBUG [main] (DefaultRequestDirector.java:504)- Connection can be kept alive indefinitely
DEBUG [main] (HTTPBuilder.java:547) - Parsing response as: application/json; charset=utf-8
DEBUG [main] (HTTPBuilder.java:547)- Parsing response as: application/json; charset=utf-8
DEBUG [main] (HTTPBuilder.java:550) - Parsed data to instance of: class org.apache.http.conn.EofSensorInputStream
DEBUG [main] (HTTPBuilder.java:550)- Parsed data to instance of: class org.apache.http.conn.EofSensorInputStream
DEBUG [main] (Wire.java:73) -  << "{[\n]"
DEBUG [main] (Wire.java:73)-  << "{[\n]"
DEBUG [main] (Wire.java:73) -  << "  "id": "2",[\n]"
DEBUG [main] (Wire.java:73)-  << "  "id": "2",[\n]"
DEBUG [main] (Wire.java:73) -  << "  "username": "manager@vrbank",[\n]"
DEBUG [main] (Wire.java:73)-  << "  "username": "manager@vrbank",[\n]"
DEBUG [main] (Wire.java:73) -  << "  "password": "pega123!"[\n]"
DEBUG [main] (Wire.java:73)-  << "  "password": "pega123!"[\n]"
DEBUG [main] (Wire.java:87) -  << "}"
DEBUG [main] (Wire.java:87)-  << "}"
DEBUG [main] (BasicClientConnectionManager.java:200) - Releasing connection org.apache.http.impl.conn.ManagedClientConnectionImpl@176054b7
DEBUG [main] (BasicClientConnectionManager.java:200)- Releasing connection org.apache.http.impl.conn.ManagedClientConnectionImpl@176054b7
DEBUG [main] (BasicClientConnectionManager.java:225) - Connection can be kept alive indefinitely
DEBUG [main] (BasicClientConnectionManager.java:225)- Connection can be kept alive indefinitely
DEBUG [main] (GetPostSteps.java:50) - request header : 
{
    "id": "2",
    "username": "manager@vrbank",
    "password": "pega123!"
}
DEBUG [main] (GetPostSteps.java:50)- request header : 
{
    "id": "2",
    "username": "manager@vrbank",
    "password": "pega123!"
}
  &amp#27;[32mWhen &amp#27;[0m&amp#27;[32mI perform GET for the id number &amp#27;[0m&amp#27;[32m&amp#27;[1m2&amp#27;[0m                                        &amp#27;[90m# stepdefinitions.GetPostSteps.i_perform_get_for_the_id_number(int)&amp#27;[0m
DEBUG [main] (GetPostSteps.java:75) - i_should_see_the_username_is_and_password_is : manager@vrbank : pega123!
DEBUG [main] (GetPostSteps.java:75)- i_should_see_the_username_is_and_password_is : manager@vrbank : pega123!
HTTP/1.1 200 OK
X-Powered-By: Express
Vary: Origin, Accept-Encoding
Access-Control-Allow-Credentials: true
Cache-Control: no-cache
Pragma: no-cache
Expires: -1
X-Content-Type-Options: nosniff
Content-Type: application/json; charset=utf-8
Content-Length: 73
ETag: W/"49-nqKCXxm/tJgpsNc07xIS4KcQKN4"
Date: Tue, 29 Mar 2022 00:36:30 GMT
Connection: keep-alive

{
    "id": "2",
    "username": "manager@vrbank",
    "password": "pega123!"
}
DEBUG [main] (GetPostSteps.java:82) - io.restassured.internal.RestAssuredResponseImpl@6369d01c
DEBUG [main] (GetPostSteps.java:82)- io.restassured.internal.RestAssuredResponseImpl@6369d01c
  &amp#27;[32mThen &amp#27;[0m&amp#27;[32mI should see the username is &amp#27;[0m&amp#27;[32m&amp#27;[1m"manager@vrbank"&amp#27;[0m&amp#27;[32m and password is &amp#27;[0m&amp#27;[32m&amp#27;[1m"pega123!"&amp#27;[0m &amp#27;[90m# stepdefinitions.GetPostSteps.i_should_see_the_username_is_and_password_is(java.lang.String,java.lang.String)&amp#27;[0m
DEBUG [main] (apphooks.java:45) - Close Browser
DEBUG [main] (apphooks.java:45)- Close Browser
08:36:30.971 [AsyncHttpClient-1-7] DEBUG o.a.netty.handler.WebSocketHandler - Channel Closed: [id: 0x8576e5e4, L:/127.0.0.1:54156 ! R:localhost/127.0.0.1:54149] with attribute NettyResponseFuture{currentRetry=5,
	isDone=1,
	isCancelled=0,
	asyncHandler=org.asynchttpclient.ws.WebSocketUpgradeHandler@4bfc57a4,
	nettyRequest=org.asynchttpclient.netty.request.NettyRequest@efed0bf,
	future=java.util.concurrent.CompletableFuture@6efcaf28[Completed normally],
	uri=ws://localhost:54149/devtools/browser/d122ca20-d139-48d7-bf1c-7c4d722bc56b,
	keepAlive=true,
	redirectCount=0,
	timeoutsHolder=null,
	inAuth=0,
	touch=1648514190688}
08:36:30.971 [AsyncHttpClient-1-7] DEBUG o.a.netty.channel.ChannelManager - Closing Channel [id: 0x8576e5e4, L:/127.0.0.1:54156 ! R:localhost/127.0.0.1:54149] 
08:36:30.971 [Driver Command Executor] DEBUG o.a.netty.request.NettyRequestSender - Using pooled Channel '[id: 0x5bcf1c8a, L:/127.0.0.1:54148 - R:localhost/127.0.0.1:54201]' for 'DELETE' to 'http://localhost:54201/session/215711036293eb13f5335761d3984ac1'
08:36:30.971 [Driver Command Executor] DEBUG o.a.netty.request.NettyRequestSender - Using open Channel [id: 0x5bcf1c8a, L:/127.0.0.1:54148 - R:localhost/127.0.0.1:54201] for DELETE '/session/215711036293eb13f5335761d3984ac1'
08:36:30.993 [AsyncHttpClient-1-6] DEBUG o.a.netty.handler.HttpHandler - Unexpected I/O exception on channel [id: 0x433734d8, L:/127.0.0.1:54155 - R:localhost/127.0.0.1:54149]
java.net.SocketException: Connection reset
	at java.base/sun.nio.ch.SocketChannelImpl.throwConnectionReset(SocketChannelImpl.java:367) ~[na:na]
	at java.base/sun.nio.ch.SocketChannelImpl.read(SocketChannelImpl.java:398) ~[na:na]
	at io.netty.buffer.PooledByteBuf.setBytes(PooledByteBuf.java:253) ~[netty-buffer-4.1.70.Final.jar:4.1.70.Final]
	at io.netty.buffer.AbstractByteBuf.writeBytes(AbstractByteBuf.java:1132) ~[netty-buffer-4.1.70.Final.jar:4.1.70.Final]
	at io.netty.channel.socket.nio.NioSocketChannel.doReadBytes(NioSocketChannel.java:350) ~[netty-transport-4.1.70.Final.jar:4.1.70.Final]
	at io.netty.channel.nio.AbstractNioByteChannel$NioByteUnsafe.read(AbstractNioByteChannel.java:151) ~[netty-transport-4.1.70.Final.jar:4.1.70.Final]
	at io.netty.channel.nio.NioEventLoop.processSelectedKey(NioEventLoop.java:719) ~[netty-transport-4.1.70.Final.jar:4.1.70.Final]
	at io.netty.channel.nio.NioEventLoop.processSelectedKeysOptimized(NioEventLoop.java:655) ~[netty-transport-4.1.70.Final.jar:4.1.70.Final]
	at io.netty.channel.nio.NioEventLoop.processSelectedKeys(NioEventLoop.java:581) ~[netty-transport-4.1.70.Final.jar:4.1.70.Final]
	at io.netty.channel.nio.NioEventLoop.run(NioEventLoop.java:493) ~[netty-transport-4.1.70.Final.jar:4.1.70.Final]
	at io.netty.util.concurrent.SingleThreadEventExecutor$4.run(SingleThreadEventExecutor.java:986) ~[netty-common-4.1.70.Final.jar:4.1.70.Final]
	at io.netty.util.internal.ThreadExecutorMap$2.run(ThreadExecutorMap.java:74) ~[netty-common-4.1.70.Final.jar:4.1.70.Final]
	at io.netty.util.concurrent.FastThreadLocalRunnable.run(FastThreadLocalRunnable.java:30) ~[netty-common-4.1.70.Final.jar:4.1.70.Final]
	at java.base/java.lang.Thread.run(Thread.java:832) ~[na:na]
08:36:30.994 [AsyncHttpClient-1-6] DEBUG o.a.netty.channel.ChannelManager - Closing Channel [id: 0x433734d8, L:/127.0.0.1:54155 - R:localhost/127.0.0.1:54149] 
08:36:30.994 [AsyncHttpClient-1-6] DEBUG o.a.netty.handler.HttpHandler - Channel Closed: [id: 0x433734d8, L:/127.0.0.1:54155 ! R:localhost/127.0.0.1:54149] with attribute DISCARD
08:36:31.009 [AsyncHttpClient-1-5] DEBUG o.a.netty.handler.HttpHandler - 

Request DefaultFullHttpRequest(decodeResult: success, version: HTTP/1.1, content: EmptyByteBufBE)
DELETE /session/215711036293eb13f5335761d3984ac1 HTTP/1.1
User-Agent: selenium/4.1.2 (java windows)
Content-Type: application/json; charset=utf-8
host: localhost:54201
accept: */*

Response DefaultHttpResponse(decodeResult: success, version: HTTP/1.1)
HTTP/1.1 200 OK
Content-Type: application/json; charset=utf-8
cache-control: no-cache
content-length: 14

08:36:31.009 [AsyncHttpClient-1-5] DEBUG o.a.netty.channel.ChannelManager - Adding key: http://localhost:54201 for channel [id: 0x5bcf1c8a, L:/127.0.0.1:54148 - R:localhost/127.0.0.1:54201]
08:36:31.050 [AsyncHttpClient-1-5] DEBUG o.a.netty.handler.HttpHandler - Channel Closed: [id: 0x5bcf1c8a, L:/127.0.0.1:54148 ! R:localhost/127.0.0.1:54201] with attribute DISCARD
08:36:31.350 [AsyncHttpClient-1-1] DEBUG o.a.netty.channel.DefaultChannelPool - Entry count for : http://localhost:54201 : 1
08:36:31.350 [AsyncHttpClient-1-1] DEBUG o.a.netty.channel.DefaultChannelPool - Entry count for : http://localhost:54149 : 1
08:36:31.350 [AsyncHttpClient-1-1] DEBUG o.a.netty.channel.DefaultChannelPool - Adding Candidate expired Channel [id: 0x5bcf1c8a, L:/127.0.0.1:54148 ! R:localhost/127.0.0.1:54201] isIdleTimeoutExpired=false isRemotelyClosed=true isTtlExpired=false
08:36:31.350 [AsyncHttpClient-1-1] DEBUG o.a.netty.channel.DefaultChannelPool - Closing Idle Channel [id: 0x5bcf1c8a, L:/127.0.0.1:54148 ! R:localhost/127.0.0.1:54201]
08:36:31.350 [AsyncHttpClient-1-1] DEBUG o.a.netty.channel.DefaultChannelPool - Adding Candidate expired Channel [id: 0x433734d8, L:/127.0.0.1:54155 ! R:localhost/127.0.0.1:54149] isIdleTimeoutExpired=false isRemotelyClosed=true isTtlExpired=false
08:36:31.350 [AsyncHttpClient-1-1] DEBUG o.a.netty.channel.DefaultChannelPool - Closing Idle Channel [id: 0x433734d8, L:/127.0.0.1:54155 ! R:localhost/127.0.0.1:54149]
08:36:31.350 [AsyncHttpClient-1-1] DEBUG o.a.netty.channel.DefaultChannelPool - Closed 2 connections out of 2 in 0 ms
08:36:31.580 [main] INFO   - 
  _____   ___   ___   _____     ___     _     ___   ___   ___   ___  
 |_   _| | __| / __| |_   _|   | _ \   /_\   / __| / __| | __| |   \ 
   | |   | _|  \__ \   | |     |  _/  / _ \  \__ \ \__ \ | _|  | |) |
   |_|   |___| |___/   |_|     |_|   /_/ \_\ |___/ |___/ |___| |___/ 

Verify one existing user credentials
----------------------------------------------------------------------
]]></system-out>
    <system-err><![CDATA[Starting ChromeDriver 99.0.4844.51 (d537ec02474b5afe23684e7963d538896c63ac77-refs/branch-heads/4844@{#875}) on port 54201
Only local connections are allowed.
Please see https://chromedriver.chromium.org/security-considerations for suggestions on keeping ChromeDriver safe.
ChromeDriver was started successfully.
Mar 29, 2022 8:36:30 AM org.openqa.selenium.remote.ProtocolHandshake createSession
INFO: Detected dialect: W3C
Mar 29, 2022 8:36:30 AM org.openqa.selenium.devtools.CdpVersionFinder findNearestMatch
WARNING: Unable to find an exact match for CDP version 99, so returning the closest version found: 96
Mar 29, 2022 8:36:30 AM org.openqa.selenium.devtools.CdpVersionFinder findNearestMatch
INFO: Found CDP implementation for version 99 of 96
]]></system-err>
  </testcase>
  <testcase name="Verify one existing comments" classname="Verify different GET operations using REST-assured" time="2.131">
    <system-out><![CDATA[
@All @Performance
Scenario: Verify one existing comments                          &amp#27;[90m# src/main/resources/AppFeatures/GetPost.feature:16&amp#27;[0m
08:36:31.595 [main] INFO  i.c.core.plugin.SerenityReporter - Running feature from file:///Z:/Automation/JavaCucumber/BDD_HCL/CucumberHCL/src/main/resources/AppFeatures/GetPost.feature
08:36:31.596 [main] WARN  i.c.core.plugin.SerenityReporter - Feature from file:///Z:/Automation/JavaCucumber/BDD_HCL/CucumberHCL/src/main/resources/AppFeatures/GetPost.feature is not under the 'features' directory. Requirements report will not be correctly generated!
08:36:31.597 [main] INFO   - 
  _____   ___   ___   _____     ___   _____     _     ___   _____   ___   ___  
 |_   _| | __| / __| |_   _|   / __| |_   _|   /_\   | _ \ |_   _| | __| |   \ 
   | |   | _|  \__ \   | |     \__ \   | |    / _ \  |   /   | |   | _|  | |) |
   |_|   |___| |___/   |_|     |___/   |_|   /_/ \_\ |_|_\   |_|   |___| |___/ 

Verify one existing comments(verify-different-get-operations-using-rest-assured;verify-one-existing-comments)
--------------------------------------------------------------------------------
DEBUG [main] (apphooks.java:34) - Set up Browser
DEBUG [main] (apphooks.java:34)- Set up Browser
08:36:31.602 [main] DEBUG com.pages.drivers.DriversFactory - Initialize Driver Browser Configuration
08:36:31.602 [main] DEBUG com.pages.drivers.DriversFactory -  Driver Browser : chrome
08:36:31.611 [main] DEBUG i.g.bonigarcia.wdm.WebDriverManager - Driver chromedriver 99.0.4844.51 found in cache
08:36:31.612 [main] INFO  i.g.bonigarcia.wdm.WebDriverManager - Exporting webdriver.chrome.driver as C:\Users\DheyClaveria\.cache\selenium\chromedriver\win32\99.0.4844.51\chromedriver.exe
08:36:32.169 [AsyncHttpClient-1-8] DEBUG o.a.n.channel.NettyConnectListener - Using new Channel '[id: 0x66c2433a, L:/127.0.0.1:54164 - R:localhost/127.0.0.1:58102]' for 'POST' to '/session'
DEBUG [Finalizer] (DefaultClientConnection.java:180) - Connection 0.0.0.0:54158<->127.0.0.1:3000 closed
DEBUG [Finalizer] (DefaultClientConnection.java:180)- Connection 0.0.0.0:54158<->127.0.0.1:3000 closed
08:36:32.896 [AsyncHttpClient-1-8] DEBUG o.a.netty.handler.HttpHandler - 

Request DefaultHttpRequest(decodeResult: success, version: HTTP/1.1)
POST /session HTTP/1.1
User-Agent: selenium/4.1.2 (java windows)
Content-Length: 365
Content-Type: application/json; charset=utf-8
host: localhost:58102
accept: */*

Response DefaultHttpResponse(decodeResult: success, version: HTTP/1.1)
HTTP/1.1 200 OK
Content-Type: application/json; charset=utf-8
cache-control: no-cache
content-length: 794

08:36:32.896 [AsyncHttpClient-1-8] DEBUG o.a.netty.channel.ChannelManager - Adding key: http://localhost:58102 for channel [id: 0x66c2433a, L:/127.0.0.1:54164 - R:localhost/127.0.0.1:58102]
08:36:32.903 [AsyncHttpClient-1-9] DEBUG o.a.n.channel.NettyConnectListener - Using new Channel '[id: 0x7f45a6bf, L:/127.0.0.1:54171 - R:localhost/127.0.0.1:54165]' for 'GET' to '/json/version'
08:36:32.906 [AsyncHttpClient-1-9] DEBUG o.a.netty.handler.HttpHandler - 

Request DefaultFullHttpRequest(decodeResult: success, version: HTTP/1.1, content: EmptyByteBufBE)
GET /json/version HTTP/1.1
User-Agent: selenium/4.1.2 (java windows)
host: localhost:54165
accept: */*

Response DefaultHttpResponse(decodeResult: success, version: HTTP/1.1)
HTTP/1.1 200 OK
Content-Type: application/json; charset=UTF-8
content-length: 423

08:36:32.907 [AsyncHttpClient-1-9] DEBUG o.a.netty.channel.ChannelManager - Adding key: http://localhost:54165 for channel [id: 0x7f45a6bf, L:/127.0.0.1:54171 - R:localhost/127.0.0.1:54165]
08:36:32.909 [AsyncHttpClient-1-10] DEBUG o.a.n.channel.NettyConnectListener - Using new Channel '[id: 0x1c0f8e63, L:/127.0.0.1:54172 - R:localhost/127.0.0.1:54165]' for 'GET' to '/devtools/browser/11aa0c0a-7ced-4e12-b747-c61ab99e7524'
08:36:32.913 [AsyncHttpClient-1-10] DEBUG o.a.netty.handler.WebSocketHandler - 

Request DefaultFullHttpRequest(decodeResult: success, version: HTTP/1.1, content: EmptyByteBufBE)
GET /devtools/browser/11aa0c0a-7ced-4e12-b747-c61ab99e7524 HTTP/1.1
upgrade: websocket
connection: upgrade
sec-websocket-key: nW7FRJvvG/9dsvDqHIB8NA==
sec-websocket-version: 13
origin: http://localhost:54165
host: localhost:54165
accept: */*
user-agent: AHC/2.1

Response DefaultHttpResponse(decodeResult: success, version: HTTP/1.1)
HTTP/1.1 101 WebSocket Protocol Handshake
Upgrade: WebSocket
Connection: Upgrade
Sec-WebSocket-Accept: dsaskIGT9JqcshR7INoVItvo//s=

08:36:32.918 [Forwarding deleteAllCookies on session 2fbc859b2f23b45832217f9a42049b25 to remote] DEBUG o.a.netty.request.NettyRequestSender - Using pooled Channel '[id: 0x66c2433a, L:/127.0.0.1:54164 - R:localhost/127.0.0.1:58102]' for 'DELETE' to 'http://localhost:58102/session/2fbc859b2f23b45832217f9a42049b25/cookie'
08:36:32.918 [Forwarding deleteAllCookies on session 2fbc859b2f23b45832217f9a42049b25 to remote] DEBUG o.a.netty.request.NettyRequestSender - Using open Channel [id: 0x66c2433a, L:/127.0.0.1:54164 - R:localhost/127.0.0.1:58102] for DELETE '/session/2fbc859b2f23b45832217f9a42049b25/cookie'
08:36:32.924 [AsyncHttpClient-1-8] DEBUG o.a.netty.handler.HttpHandler - 

Request DefaultFullHttpRequest(decodeResult: success, version: HTTP/1.1, content: EmptyByteBufBE)
DELETE /session/2fbc859b2f23b45832217f9a42049b25/cookie HTTP/1.1
User-Agent: selenium/4.1.2 (java windows)
Content-Type: application/json; charset=utf-8
host: localhost:58102
accept: */*

Response DefaultHttpResponse(decodeResult: success, version: HTTP/1.1)
HTTP/1.1 200 OK
Content-Type: application/json; charset=utf-8
cache-control: no-cache
content-length: 14

08:36:32.924 [AsyncHttpClient-1-8] DEBUG o.a.netty.channel.ChannelManager - Adding key: http://localhost:58102 for channel [id: 0x66c2433a, L:/127.0.0.1:54164 - R:localhost/127.0.0.1:58102]
08:36:32.926 [Forwarding maximizeCurrentWindow on session 2fbc859b2f23b45832217f9a42049b25 to remote] DEBUG o.a.netty.request.NettyRequestSender - Using pooled Channel '[id: 0x66c2433a, L:/127.0.0.1:54164 - R:localhost/127.0.0.1:58102]' for 'POST' to 'http://localhost:58102/session/2fbc859b2f23b45832217f9a42049b25/window/maximize'
08:36:32.926 [Forwarding maximizeCurrentWindow on session 2fbc859b2f23b45832217f9a42049b25 to remote] DEBUG o.a.netty.request.NettyRequestSender - Using open Channel [id: 0x66c2433a, L:/127.0.0.1:54164 - R:localhost/127.0.0.1:58102] for POST '/session/2fbc859b2f23b45832217f9a42049b25/window/maximize'
08:36:33.045 [AsyncHttpClient-1-8] DEBUG o.a.netty.handler.HttpHandler - 

Request DefaultHttpRequest(decodeResult: success, version: HTTP/1.1)
POST /session/2fbc859b2f23b45832217f9a42049b25/window/maximize HTTP/1.1
User-Agent: selenium/4.1.2 (java windows)
Content-Length: 3
Content-Type: application/json; charset=utf-8
host: localhost:58102
accept: */*

Response DefaultHttpResponse(decodeResult: success, version: HTTP/1.1)
HTTP/1.1 200 OK
Content-Type: application/json; charset=utf-8
cache-control: no-cache
content-length: 52

08:36:33.046 [AsyncHttpClient-1-8] DEBUG o.a.netty.channel.ChannelManager - Adding key: http://localhost:58102 for channel [id: 0x66c2433a, L:/127.0.0.1:54164 - R:localhost/127.0.0.1:58102]
DEBUG [main] (GetPostSteps.java:30) - i_perform_get_operation_forcomments
DEBUG [main] (GetPostSteps.java:30)- i_perform_get_operation_forcomments
  &amp#27;[32mGiven &amp#27;[0m&amp#27;[32mI perform GET operation for "&amp#27;[0m&amp#27;[32m&amp#27;[1mcomments&amp#27;[0m&amp#27;[32m"&amp#27;[0m                  &amp#27;[90m# stepdefinitions.GetPostSteps.i_perform_get_operation_for(java.lang.String)&amp#27;[0m
DEBUG [main] (GetPostSteps.java:56) - i_perform_get_using_parameter_id_number : 3
DEBUG [main] (GetPostSteps.java:56)- i_perform_get_using_parameter_id_number : 3
DEBUG [main] (BasicClientConnectionManager.java:161) - Get connection for route {}->http://localhost:3000
DEBUG [main] (BasicClientConnectionManager.java:161)- Get connection for route {}->http://localhost:3000
DEBUG [main] (DefaultClientConnectionOperator.java:177) - Connecting to localhost:3000
DEBUG [main] (DefaultClientConnectionOperator.java:177)- Connecting to localhost:3000
DEBUG [main] (RequestAddCookies.java:123) - CookieSpec selected: ignoreCookies
DEBUG [main] (RequestAddCookies.java:123)- CookieSpec selected: ignoreCookies
DEBUG [main] (RequestAuthCache.java:77) - Auth cache not set in the context
DEBUG [main] (RequestAuthCache.java:77)- Auth cache not set in the context
DEBUG [main] (RequestTargetAuthentication.java:80) - Target auth state: UNCHALLENGED
DEBUG [main] (RequestTargetAuthentication.java:80)- Target auth state: UNCHALLENGED
DEBUG [main] (RequestProxyAuthentication.java:89) - Proxy auth state: UNCHALLENGED
DEBUG [main] (RequestProxyAuthentication.java:89)- Proxy auth state: UNCHALLENGED
DEBUG [main] (DefaultRequestDirector.java:677) - Attempt 1 to execute request
DEBUG [main] (DefaultRequestDirector.java:677)- Attempt 1 to execute request
DEBUG [main] (DefaultClientConnection.java:274) - Sending request: GET /comments/?id=3 HTTP/1.1
DEBUG [main] (DefaultClientConnection.java:274)- Sending request: GET /comments/?id=3 HTTP/1.1
DEBUG [main] (Wire.java:73) -  >> "GET /comments/?id=3 HTTP/1.1[\r][\n]"
DEBUG [main] (Wire.java:73)-  >> "GET /comments/?id=3 HTTP/1.1[\r][\n]"
DEBUG [main] (Wire.java:73) -  >> "Accept: */*[\r][\n]"
DEBUG [main] (Wire.java:73)-  >> "Accept: */*[\r][\n]"
DEBUG [main] (Wire.java:73) -  >> "Host: localhost:3000[\r][\n]"
DEBUG [main] (Wire.java:73)-  >> "Host: localhost:3000[\r][\n]"
DEBUG [main] (Wire.java:73) -  >> "Connection: Keep-Alive[\r][\n]"
DEBUG [main] (Wire.java:73)-  >> "Connection: Keep-Alive[\r][\n]"
DEBUG [main] (Wire.java:73) -  >> "User-Agent: Apache-HttpClient/4.5.13 (Java/15.0.1)[\r][\n]"
DEBUG [main] (Wire.java:73)-  >> "User-Agent: Apache-HttpClient/4.5.13 (Java/15.0.1)[\r][\n]"
DEBUG [main] (Wire.java:73) -  >> "Accept-Encoding: gzip,deflate[\r][\n]"
DEBUG [main] (Wire.java:73)-  >> "Accept-Encoding: gzip,deflate[\r][\n]"
DEBUG [main] (Wire.java:73) -  >> "[\r][\n]"
DEBUG [main] (Wire.java:73)-  >> "[\r][\n]"
DEBUG [main] (DefaultClientConnection.java:278) - >> GET /comments/?id=3 HTTP/1.1
DEBUG [main] (DefaultClientConnection.java:278)- >> GET /comments/?id=3 HTTP/1.1
DEBUG [main] (DefaultClientConnection.java:281) - >> Accept: */*
DEBUG [main] (DefaultClientConnection.java:281)- >> Accept: */*
DEBUG [main] (DefaultClientConnection.java:281) - >> Host: localhost:3000
DEBUG [main] (DefaultClientConnection.java:281)- >> Host: localhost:3000
DEBUG [main] (DefaultClientConnection.java:281) - >> Connection: Keep-Alive
DEBUG [main] (DefaultClientConnection.java:281)- >> Connection: Keep-Alive
DEBUG [main] (DefaultClientConnection.java:281) - >> User-Agent: Apache-HttpClient/4.5.13 (Java/15.0.1)
DEBUG [main] (DefaultClientConnection.java:281)- >> User-Agent: Apache-HttpClient/4.5.13 (Java/15.0.1)
DEBUG [main] (DefaultClientConnection.java:281) - >> Accept-Encoding: gzip,deflate
DEBUG [main] (DefaultClientConnection.java:281)- >> Accept-Encoding: gzip,deflate
DEBUG [main] (Wire.java:73) -  << "HTTP/1.1 200 OK[\r][\n]"
DEBUG [main] (Wire.java:73)-  << "HTTP/1.1 200 OK[\r][\n]"
DEBUG [main] (Wire.java:73) -  << "X-Powered-By: Express[\r][\n]"
DEBUG [main] (Wire.java:73)-  << "X-Powered-By: Express[\r][\n]"
DEBUG [main] (Wire.java:73) -  << "Vary: Origin, Accept-Encoding[\r][\n]"
DEBUG [main] (Wire.java:73)-  << "Vary: Origin, Accept-Encoding[\r][\n]"
DEBUG [main] (Wire.java:73) -  << "Access-Control-Allow-Credentials: true[\r][\n]"
DEBUG [main] (Wire.java:73)-  << "Access-Control-Allow-Credentials: true[\r][\n]"
DEBUG [main] (Wire.java:73) -  << "Cache-Control: no-cache[\r][\n]"
DEBUG [main] (Wire.java:73)-  << "Cache-Control: no-cache[\r][\n]"
DEBUG [main] (Wire.java:73) -  << "Pragma: no-cache[\r][\n]"
DEBUG [main] (Wire.java:73)-  << "Pragma: no-cache[\r][\n]"
DEBUG [main] (Wire.java:73) -  << "Expires: -1[\r][\n]"
DEBUG [main] (Wire.java:73)-  << "Expires: -1[\r][\n]"
DEBUG [main] (Wire.java:73) -  << "X-Content-Type-Options: nosniff[\r][\n]"
DEBUG [main] (Wire.java:73)-  << "X-Content-Type-Options: nosniff[\r][\n]"
DEBUG [main] (Wire.java:73) -  << "Content-Type: application/json; charset=utf-8[\r][\n]"
DEBUG [main] (Wire.java:73)-  << "Content-Type: application/json; charset=utf-8[\r][\n]"
DEBUG [main] (Wire.java:73) -  << "Content-Length: 77[\r][\n]"
DEBUG [main] (Wire.java:73)-  << "Content-Length: 77[\r][\n]"
DEBUG [main] (Wire.java:73) -  << "ETag: W/"4d-0JfIo1cbNTHH1uFtqLSDLCn9aqU"[\r][\n]"
DEBUG [main] (Wire.java:73)-  << "ETag: W/"4d-0JfIo1cbNTHH1uFtqLSDLCn9aqU"[\r][\n]"
DEBUG [main] (Wire.java:73) -  << "Date: Tue, 29 Mar 2022 00:36:33 GMT[\r][\n]"
DEBUG [main] (Wire.java:73)-  << "Date: Tue, 29 Mar 2022 00:36:33 GMT[\r][\n]"
DEBUG [main] (Wire.java:73) -  << "Connection: keep-alive[\r][\n]"
DEBUG [main] (Wire.java:73)-  << "Connection: keep-alive[\r][\n]"
DEBUG [main] (Wire.java:73) -  << "[\r][\n]"
DEBUG [main] (Wire.java:73)-  << "[\r][\n]"
DEBUG [main] (DefaultClientConnection.java:259) - Receiving response: HTTP/1.1 200 OK
DEBUG [main] (DefaultClientConnection.java:259)- Receiving response: HTTP/1.1 200 OK
DEBUG [main] (DefaultClientConnection.java:262) - << HTTP/1.1 200 OK
DEBUG [main] (DefaultClientConnection.java:262)- << HTTP/1.1 200 OK
DEBUG [main] (DefaultClientConnection.java:265) - << X-Powered-By: Express
DEBUG [main] (DefaultClientConnection.java:265)- << X-Powered-By: Express
DEBUG [main] (DefaultClientConnection.java:265) - << Vary: Origin, Accept-Encoding
DEBUG [main] (DefaultClientConnection.java:265)- << Vary: Origin, Accept-Encoding
DEBUG [main] (DefaultClientConnection.java:265) - << Access-Control-Allow-Credentials: true
DEBUG [main] (DefaultClientConnection.java:265)- << Access-Control-Allow-Credentials: true
DEBUG [main] (DefaultClientConnection.java:265) - << Cache-Control: no-cache
DEBUG [main] (DefaultClientConnection.java:265)- << Cache-Control: no-cache
DEBUG [main] (DefaultClientConnection.java:265) - << Pragma: no-cache
DEBUG [main] (DefaultClientConnection.java:265)- << Pragma: no-cache
DEBUG [main] (DefaultClientConnection.java:265) - << Expires: -1
DEBUG [main] (DefaultClientConnection.java:265)- << Expires: -1
DEBUG [main] (DefaultClientConnection.java:265) - << X-Content-Type-Options: nosniff
DEBUG [main] (DefaultClientConnection.java:265)- << X-Content-Type-Options: nosniff
DEBUG [main] (DefaultClientConnection.java:265) - << Content-Type: application/json; charset=utf-8
DEBUG [main] (DefaultClientConnection.java:265)- << Content-Type: application/json; charset=utf-8
DEBUG [main] (DefaultClientConnection.java:265) - << Content-Length: 77
DEBUG [main] (DefaultClientConnection.java:265)- << Content-Length: 77
DEBUG [main] (DefaultClientConnection.java:265) - << ETag: W/"4d-0JfIo1cbNTHH1uFtqLSDLCn9aqU"
DEBUG [main] (DefaultClientConnection.java:265)- << ETag: W/"4d-0JfIo1cbNTHH1uFtqLSDLCn9aqU"
DEBUG [main] (DefaultClientConnection.java:265) - << Date: Tue, 29 Mar 2022 00:36:33 GMT
DEBUG [main] (DefaultClientConnection.java:265)- << Date: Tue, 29 Mar 2022 00:36:33 GMT
DEBUG [main] (DefaultClientConnection.java:265) - << Connection: keep-alive
DEBUG [main] (DefaultClientConnection.java:265)- << Connection: keep-alive
DEBUG [main] (DefaultRequestDirector.java:504) - Connection can be kept alive indefinitely
DEBUG [main] (DefaultRequestDirector.java:504)- Connection can be kept alive indefinitely
DEBUG [main] (HTTPBuilder.java:547) - Parsing response as: application/json; charset=utf-8
DEBUG [main] (HTTPBuilder.java:547)- Parsing response as: application/json; charset=utf-8
DEBUG [main] (HTTPBuilder.java:550) - Parsed data to instance of: class org.apache.http.conn.EofSensorInputStream
DEBUG [main] (HTTPBuilder.java:550)- Parsed data to instance of: class org.apache.http.conn.EofSensorInputStream
DEBUG [main] (Wire.java:73) -  << "[[\n]"
DEBUG [main] (Wire.java:73)-  << "[[\n]"
DEBUG [main] (Wire.java:73) -  << "  {[\n]"
DEBUG [main] (Wire.java:73)-  << "  {[\n]"
DEBUG [main] (Wire.java:73) -  << "    "id": 3,[\n]"
DEBUG [main] (Wire.java:73)-  << "    "id": 3,[\n]"
DEBUG [main] (Wire.java:73) -  << "    "body": "this is comment for 3",[\n]"
DEBUG [main] (Wire.java:73)-  << "    "body": "this is comment for 3",[\n]"
DEBUG [main] (Wire.java:73) -  << "    "postId": 3[\n]"
DEBUG [main] (Wire.java:73)-  << "    "postId": 3[\n]"
DEBUG [main] (Wire.java:73) -  << "  }[\n]"
DEBUG [main] (Wire.java:73)-  << "  }[\n]"
DEBUG [main] (Wire.java:87) -  << "]"
DEBUG [main] (Wire.java:87)-  << "]"
DEBUG [main] (BasicClientConnectionManager.java:200) - Releasing connection org.apache.http.impl.conn.ManagedClientConnectionImpl@4b9d2cee
DEBUG [main] (BasicClientConnectionManager.java:200)- Releasing connection org.apache.http.impl.conn.ManagedClientConnectionImpl@4b9d2cee
DEBUG [main] (BasicClientConnectionManager.java:225) - Connection can be kept alive indefinitely
DEBUG [main] (BasicClientConnectionManager.java:225)- Connection can be kept alive indefinitely
DEBUG [main] (GetPostSteps.java:60) - request header : 
[
    {
        "id": 3,
        "body": "this is comment for 3",
        "postId": 3
    }
]
DEBUG [main] (GetPostSteps.java:60)- request header : 
[
    {
        "id": 3,
        "body": "this is comment for 3",
        "postId": 3
    }
]
  &amp#27;[32mWhen &amp#27;[0m&amp#27;[32mI perform GET using parameter id number &amp#27;[0m&amp#27;[32m&amp#27;[1m3&amp#27;[0m                &amp#27;[90m# stepdefinitions.GetPostSteps.i_perform_get_using_parameter_id_number(int)&amp#27;[0m
DEBUG [main] (GetPostSteps.java:67) - i_should_see_the_comment_body_is : this is comment for 3
DEBUG [main] (GetPostSteps.java:67)- i_should_see_the_comment_body_is : this is comment for 3
HTTP/1.1 200 OK
X-Powered-By: Express
Vary: Origin, Accept-Encoding
Access-Control-Allow-Credentials: true
Cache-Control: no-cache
Pragma: no-cache
Expires: -1
X-Content-Type-Options: nosniff
Content-Type: application/json; charset=utf-8
Content-Length: 77
ETag: W/"4d-0JfIo1cbNTHH1uFtqLSDLCn9aqU"
Date: Tue, 29 Mar 2022 00:36:33 GMT
Connection: keep-alive

[
    {
        "id": 3,
        "body": "this is comment for 3",
        "postId": 3
    }
]
  &amp#27;[32mThen &amp#27;[0m&amp#27;[32mI should see the comment body is &amp#27;[0m&amp#27;[32m&amp#27;[1m"this is comment for 3"&amp#27;[0m &amp#27;[90m# stepdefinitions.GetPostSteps.i_should_see_the_comment_body_is(java.lang.String)&amp#27;[0m
DEBUG [main] (apphooks.java:45) - Close Browser
DEBUG [main] (apphooks.java:45)- Close Browser
08:36:33.127 [AsyncHttpClient-1-10] DEBUG o.a.netty.handler.WebSocketHandler - Channel Closed: [id: 0x1c0f8e63, L:/127.0.0.1:54172 ! R:localhost/127.0.0.1:54165] with attribute NettyResponseFuture{currentRetry=5,
	isDone=1,
	isCancelled=0,
	asyncHandler=org.asynchttpclient.ws.WebSocketUpgradeHandler@3b735ec4,
	nettyRequest=org.asynchttpclient.netty.request.NettyRequest@7e71d7ce,
	future=java.util.concurrent.CompletableFuture@16bf6b21[Completed normally],
	uri=ws://localhost:54165/devtools/browser/11aa0c0a-7ced-4e12-b747-c61ab99e7524,
	keepAlive=true,
	redirectCount=0,
	timeoutsHolder=null,
	inAuth=0,
	touch=1648514192914}
08:36:33.127 [AsyncHttpClient-1-10] DEBUG o.a.netty.channel.ChannelManager - Closing Channel [id: 0x1c0f8e63, L:/127.0.0.1:54172 ! R:localhost/127.0.0.1:54165] 
08:36:33.128 [Driver Command Executor] DEBUG o.a.netty.request.NettyRequestSender - Using pooled Channel '[id: 0x66c2433a, L:/127.0.0.1:54164 - R:localhost/127.0.0.1:58102]' for 'DELETE' to 'http://localhost:58102/session/2fbc859b2f23b45832217f9a42049b25'
08:36:33.128 [Driver Command Executor] DEBUG o.a.netty.request.NettyRequestSender - Using open Channel [id: 0x66c2433a, L:/127.0.0.1:54164 - R:localhost/127.0.0.1:58102] for DELETE '/session/2fbc859b2f23b45832217f9a42049b25'
08:36:33.148 [AsyncHttpClient-1-9] DEBUG o.a.netty.handler.HttpHandler - Unexpected I/O exception on channel [id: 0x7f45a6bf, L:/127.0.0.1:54171 - R:localhost/127.0.0.1:54165]
java.net.SocketException: Connection reset
	at java.base/sun.nio.ch.SocketChannelImpl.throwConnectionReset(SocketChannelImpl.java:367) ~[na:na]
	at java.base/sun.nio.ch.SocketChannelImpl.read(SocketChannelImpl.java:398) ~[na:na]
	at io.netty.buffer.PooledByteBuf.setBytes(PooledByteBuf.java:253) ~[netty-buffer-4.1.70.Final.jar:4.1.70.Final]
	at io.netty.buffer.AbstractByteBuf.writeBytes(AbstractByteBuf.java:1132) ~[netty-buffer-4.1.70.Final.jar:4.1.70.Final]
	at io.netty.channel.socket.nio.NioSocketChannel.doReadBytes(NioSocketChannel.java:350) ~[netty-transport-4.1.70.Final.jar:4.1.70.Final]
	at io.netty.channel.nio.AbstractNioByteChannel$NioByteUnsafe.read(AbstractNioByteChannel.java:151) ~[netty-transport-4.1.70.Final.jar:4.1.70.Final]
	at io.netty.channel.nio.NioEventLoop.processSelectedKey(NioEventLoop.java:719) ~[netty-transport-4.1.70.Final.jar:4.1.70.Final]
	at io.netty.channel.nio.NioEventLoop.processSelectedKeysOptimized(NioEventLoop.java:655) ~[netty-transport-4.1.70.Final.jar:4.1.70.Final]
	at io.netty.channel.nio.NioEventLoop.processSelectedKeys(NioEventLoop.java:581) ~[netty-transport-4.1.70.Final.jar:4.1.70.Final]
	at io.netty.channel.nio.NioEventLoop.run(NioEventLoop.java:493) ~[netty-transport-4.1.70.Final.jar:4.1.70.Final]
	at io.netty.util.concurrent.SingleThreadEventExecutor$4.run(SingleThreadEventExecutor.java:986) ~[netty-common-4.1.70.Final.jar:4.1.70.Final]
	at io.netty.util.internal.ThreadExecutorMap$2.run(ThreadExecutorMap.java:74) ~[netty-common-4.1.70.Final.jar:4.1.70.Final]
	at io.netty.util.concurrent.FastThreadLocalRunnable.run(FastThreadLocalRunnable.java:30) ~[netty-common-4.1.70.Final.jar:4.1.70.Final]
	at java.base/java.lang.Thread.run(Thread.java:832) ~[na:na]
08:36:33.148 [AsyncHttpClient-1-9] DEBUG o.a.netty.channel.ChannelManager - Closing Channel [id: 0x7f45a6bf, L:/127.0.0.1:54171 - R:localhost/127.0.0.1:54165] 
08:36:33.149 [AsyncHttpClient-1-9] DEBUG o.a.netty.handler.HttpHandler - Channel Closed: [id: 0x7f45a6bf, L:/127.0.0.1:54171 ! R:localhost/127.0.0.1:54165] with attribute DISCARD
08:36:33.159 [AsyncHttpClient-1-8] DEBUG o.a.netty.handler.HttpHandler - 

Request DefaultFullHttpRequest(decodeResult: success, version: HTTP/1.1, content: EmptyByteBufBE)
DELETE /session/2fbc859b2f23b45832217f9a42049b25 HTTP/1.1
User-Agent: selenium/4.1.2 (java windows)
Content-Type: application/json; charset=utf-8
host: localhost:58102
accept: */*

Response DefaultHttpResponse(decodeResult: success, version: HTTP/1.1)
HTTP/1.1 200 OK
Content-Type: application/json; charset=utf-8
cache-control: no-cache
content-length: 14

08:36:33.159 [AsyncHttpClient-1-8] DEBUG o.a.netty.channel.ChannelManager - Adding key: http://localhost:58102 for channel [id: 0x66c2433a, L:/127.0.0.1:54164 - R:localhost/127.0.0.1:58102]
08:36:33.190 [AsyncHttpClient-1-8] DEBUG o.a.netty.handler.HttpHandler - Channel Closed: [id: 0x66c2433a, L:/127.0.0.1:54164 ! R:localhost/127.0.0.1:58102] with attribute DISCARD
08:36:33.565 [AsyncHttpClient-1-1] DEBUG o.a.netty.channel.DefaultChannelPool - Entry count for : http://localhost:58102 : 1
08:36:33.565 [AsyncHttpClient-1-1] DEBUG o.a.netty.channel.DefaultChannelPool - Entry count for : http://localhost:54165 : 1
08:36:33.565 [AsyncHttpClient-1-1] DEBUG o.a.netty.channel.DefaultChannelPool - Adding Candidate expired Channel [id: 0x66c2433a, L:/127.0.0.1:54164 ! R:localhost/127.0.0.1:58102] isIdleTimeoutExpired=false isRemotelyClosed=true isTtlExpired=false
08:36:33.565 [AsyncHttpClient-1-1] DEBUG o.a.netty.channel.DefaultChannelPool - Closing Idle Channel [id: 0x66c2433a, L:/127.0.0.1:54164 ! R:localhost/127.0.0.1:58102]
08:36:33.565 [AsyncHttpClient-1-1] DEBUG o.a.netty.channel.DefaultChannelPool - Adding Candidate expired Channel [id: 0x7f45a6bf, L:/127.0.0.1:54171 ! R:localhost/127.0.0.1:54165] isIdleTimeoutExpired=false isRemotelyClosed=true isTtlExpired=false
08:36:33.565 [AsyncHttpClient-1-1] DEBUG o.a.netty.channel.DefaultChannelPool - Closing Idle Channel [id: 0x7f45a6bf, L:/127.0.0.1:54171 ! R:localhost/127.0.0.1:54165]
08:36:33.565 [AsyncHttpClient-1-1] DEBUG o.a.netty.channel.DefaultChannelPool - Closed 2 connections out of 2 in 0 ms
08:36:33.711 [main] INFO   - 
  _____   ___   ___   _____     ___     _     ___   ___   ___   ___  
 |_   _| | __| / __| |_   _|   | _ \   /_\   / __| / __| | __| |   \ 
   | |   | _|  \__ \   | |     |  _/  / _ \  \__ \ \__ \ | _|  | |) |
   |_|   |___| |___/   |_|     |_|   /_/ \_\ |___/ |___/ |___| |___/ 

Verify one existing comments
----------------------------------------------------------------------
]]></system-out>
    <system-err><![CDATA[Starting ChromeDriver 99.0.4844.51 (d537ec02474b5afe23684e7963d538896c63ac77-refs/branch-heads/4844@{#875}) on port 58102
Only local connections are allowed.
Please see https://chromedriver.chromium.org/security-considerations for suggestions on keeping ChromeDriver safe.
ChromeDriver was started successfully.
Mar 29, 2022 8:36:32 AM org.openqa.selenium.remote.ProtocolHandshake createSession
INFO: Detected dialect: W3C
Mar 29, 2022 8:36:32 AM org.openqa.selenium.devtools.CdpVersionFinder findNearestMatch
WARNING: Unable to find an exact match for CDP version 99, so returning the closest version found: 96
Mar 29, 2022 8:36:32 AM org.openqa.selenium.devtools.CdpVersionFinder findNearestMatch
INFO: Found CDP implementation for version 99 of 96
]]></system-err>
  </testcase>
  <testcase name="Login fail possible combinations" classname="Test Invalid User Credentials Feature" time="37.132">
    <system-out><![CDATA[08:36:33.712 [main] INFO  i.c.core.plugin.SerenityReporter - Running feature from file:///Z:/Automation/JavaCucumber/BDD_HCL/CucumberHCL/src/main/resources/AppFeatures/ValidateAndVerifyInvalidLogin.feature
08:36:33.713 [main] WARN  i.c.core.plugin.SerenityReporter - Feature from file:///Z:/Automation/JavaCucumber/BDD_HCL/CucumberHCL/src/main/resources/AppFeatures/ValidateAndVerifyInvalidLogin.feature is not under the 'features' directory. Requirements report will not be correctly generated!
08:36:33.714 [main] DEBUG n.thucydides.core.steps.StepEventBus - Test suite started for story net.thucydides.core.model.Story@b13a1f46
08:36:33.715 [main] INFO   - Test Suite Started: Test Invalid User Credentials Feature

@All @testInvalid
Scenario Outline: Login fail possible combinations                                                                                   &amp#27;[90m# src/main/resources/AppFeatures/ValidateAndVerifyInvalidLogin.feature:15&amp#27;[0m
08:36:33.722 [main] INFO  i.c.core.plugin.SerenityReporter - Running feature from file:///Z:/Automation/JavaCucumber/BDD_HCL/CucumberHCL/src/main/resources/AppFeatures/ValidateAndVerifyInvalidLogin.feature
08:36:33.722 [main] WARN  i.c.core.plugin.SerenityReporter - Feature from file:///Z:/Automation/JavaCucumber/BDD_HCL/CucumberHCL/src/main/resources/AppFeatures/ValidateAndVerifyInvalidLogin.feature is not under the 'features' directory. Requirements report will not be correctly generated!
08:36:33.729 [main] INFO   - 
  _____   ___   ___   _____     ___   _____     _     ___   _____   ___   ___  
 |_   _| | __| / __| |_   _|   / __| |_   _|   /_\   | _ \ |_   _| | __| |   \ 
   | |   | _|  \__ \   | |     \__ \   | |    / _ \  |   /   | |   | _|  | |) |
   |_|   |___| |___/   |_|     |___/   |_|   /_/ \_\ |_|_\   |_|   |___| |___/ 

Login fail possible combinations(test-invalid-user-credentials-feature;login-fail-possible-combinations)
--------------------------------------------------------------------------------
DEBUG [main] (apphooks.java:34) - Set up Browser
DEBUG [main] (apphooks.java:34)- Set up Browser
08:36:33.736 [main] DEBUG com.pages.drivers.DriversFactory - Initialize Driver Browser Configuration
08:36:33.736 [main] DEBUG com.pages.drivers.DriversFactory -  Driver Browser : chrome
08:36:33.745 [main] DEBUG i.g.bonigarcia.wdm.WebDriverManager - Driver chromedriver 99.0.4844.51 found in cache
08:36:33.745 [main] INFO  i.g.bonigarcia.wdm.WebDriverManager - Exporting webdriver.chrome.driver as C:\Users\DheyClaveria\.cache\selenium\chromedriver\win32\99.0.4844.51\chromedriver.exe
08:36:34.291 [AsyncHttpClient-1-11] DEBUG o.a.n.channel.NettyConnectListener - Using new Channel '[id: 0x4ebbd40e, L:/127.0.0.1:54277 - R:localhost/127.0.0.1:50451]' for 'POST' to '/session'
DEBUG [Finalizer] (DefaultClientConnection.java:180) - Connection 0.0.0.0:54174<->127.0.0.1:3000 closed
DEBUG [Finalizer] (DefaultClientConnection.java:180)- Connection 0.0.0.0:54174<->127.0.0.1:3000 closed
08:36:35.052 [AsyncHttpClient-1-11] DEBUG o.a.netty.handler.HttpHandler - 

Request DefaultHttpRequest(decodeResult: success, version: HTTP/1.1)
POST /session HTTP/1.1
User-Agent: selenium/4.1.2 (java windows)
Content-Length: 365
Content-Type: application/json; charset=utf-8
host: localhost:50451
accept: */*

Response DefaultHttpResponse(decodeResult: success, version: HTTP/1.1)
HTTP/1.1 200 OK
Content-Type: application/json; charset=utf-8
cache-control: no-cache
content-length: 794

08:36:35.053 [AsyncHttpClient-1-11] DEBUG o.a.netty.channel.ChannelManager - Adding key: http://localhost:50451 for channel [id: 0x4ebbd40e, L:/127.0.0.1:54277 - R:localhost/127.0.0.1:50451]
08:36:35.061 [AsyncHttpClient-1-12] DEBUG o.a.n.channel.NettyConnectListener - Using new Channel '[id: 0x4c1d246e, L:/127.0.0.1:54392 - R:localhost/127.0.0.1:54386]' for 'GET' to '/json/version'
08:36:35.067 [AsyncHttpClient-1-12] DEBUG o.a.netty.handler.HttpHandler - 

Request DefaultFullHttpRequest(decodeResult: success, version: HTTP/1.1, content: EmptyByteBufBE)
GET /json/version HTTP/1.1
User-Agent: selenium/4.1.2 (java windows)
host: localhost:54386
accept: */*

Response DefaultHttpResponse(decodeResult: success, version: HTTP/1.1)
HTTP/1.1 200 OK
Content-Type: application/json; charset=UTF-8
content-length: 423

08:36:35.068 [AsyncHttpClient-1-12] DEBUG o.a.netty.channel.ChannelManager - Adding key: http://localhost:54386 for channel [id: 0x4c1d246e, L:/127.0.0.1:54392 - R:localhost/127.0.0.1:54386]
08:36:35.071 [AsyncHttpClient-1-13] DEBUG o.a.n.channel.NettyConnectListener - Using new Channel '[id: 0x7325ce8b, L:/127.0.0.1:54393 - R:localhost/127.0.0.1:54386]' for 'GET' to '/devtools/browser/a859f32a-d9fc-4856-8f32-178c5cf7b817'
08:36:35.077 [AsyncHttpClient-1-13] DEBUG o.a.netty.handler.WebSocketHandler - 

Request DefaultFullHttpRequest(decodeResult: success, version: HTTP/1.1, content: EmptyByteBufBE)
GET /devtools/browser/a859f32a-d9fc-4856-8f32-178c5cf7b817 HTTP/1.1
upgrade: websocket
connection: upgrade
sec-websocket-key: u53XQFZMDxNZtPJiDEzsEA==
sec-websocket-version: 13
origin: http://localhost:54386
host: localhost:54386
accept: */*
user-agent: AHC/2.1

Response DefaultHttpResponse(decodeResult: success, version: HTTP/1.1)
HTTP/1.1 101 WebSocket Protocol Handshake
Upgrade: WebSocket
Connection: Upgrade
Sec-WebSocket-Accept: vi+eQjNX8bDWSXryEFkiH3oj/9k=

08:36:35.082 [Forwarding deleteAllCookies on session 49feb759a03270acf9fcf3f603416ee0 to remote] DEBUG o.a.netty.request.NettyRequestSender - Using pooled Channel '[id: 0x4ebbd40e, L:/127.0.0.1:54277 - R:localhost/127.0.0.1:50451]' for 'DELETE' to 'http://localhost:50451/session/49feb759a03270acf9fcf3f603416ee0/cookie'
08:36:35.083 [Forwarding deleteAllCookies on session 49feb759a03270acf9fcf3f603416ee0 to remote] DEBUG o.a.netty.request.NettyRequestSender - Using open Channel [id: 0x4ebbd40e, L:/127.0.0.1:54277 - R:localhost/127.0.0.1:50451] for DELETE '/session/49feb759a03270acf9fcf3f603416ee0/cookie'
08:36:35.089 [AsyncHttpClient-1-11] DEBUG o.a.netty.handler.HttpHandler - 

Request DefaultFullHttpRequest(decodeResult: success, version: HTTP/1.1, content: EmptyByteBufBE)
DELETE /session/49feb759a03270acf9fcf3f603416ee0/cookie HTTP/1.1
User-Agent: selenium/4.1.2 (java windows)
Content-Type: application/json; charset=utf-8
host: localhost:50451
accept: */*

Response DefaultHttpResponse(decodeResult: success, version: HTTP/1.1)
HTTP/1.1 200 OK
Content-Type: application/json; charset=utf-8
cache-control: no-cache
content-length: 14

08:36:35.089 [AsyncHttpClient-1-11] DEBUG o.a.netty.channel.ChannelManager - Adding key: http://localhost:50451 for channel [id: 0x4ebbd40e, L:/127.0.0.1:54277 - R:localhost/127.0.0.1:50451]
08:36:35.091 [Forwarding maximizeCurrentWindow on session 49feb759a03270acf9fcf3f603416ee0 to remote] DEBUG o.a.netty.request.NettyRequestSender - Using pooled Channel '[id: 0x4ebbd40e, L:/127.0.0.1:54277 - R:localhost/127.0.0.1:50451]' for 'POST' to 'http://localhost:50451/session/49feb759a03270acf9fcf3f603416ee0/window/maximize'
08:36:35.091 [Forwarding maximizeCurrentWindow on session 49feb759a03270acf9fcf3f603416ee0 to remote] DEBUG o.a.netty.request.NettyRequestSender - Using open Channel [id: 0x4ebbd40e, L:/127.0.0.1:54277 - R:localhost/127.0.0.1:50451] for POST '/session/49feb759a03270acf9fcf3f603416ee0/window/maximize'
08:36:35.210 [AsyncHttpClient-1-11] DEBUG o.a.netty.handler.HttpHandler - 

Request DefaultHttpRequest(decodeResult: success, version: HTTP/1.1)
POST /session/49feb759a03270acf9fcf3f603416ee0/window/maximize HTTP/1.1
User-Agent: selenium/4.1.2 (java windows)
Content-Length: 3
Content-Type: application/json; charset=utf-8
host: localhost:50451
accept: */*

Response DefaultHttpResponse(decodeResult: success, version: HTTP/1.1)
HTTP/1.1 200 OK
Content-Type: application/json; charset=utf-8
cache-control: no-cache
content-length: 52

08:36:35.211 [AsyncHttpClient-1-11] DEBUG o.a.netty.channel.ChannelManager - Adding key: http://localhost:50451 for channel [id: 0x4ebbd40e, L:/127.0.0.1:54277 - R:localhost/127.0.0.1:50451]
08:36:35.220 [Forwarding get on session 49feb759a03270acf9fcf3f603416ee0 to remote] DEBUG o.a.netty.request.NettyRequestSender - Using pooled Channel '[id: 0x4ebbd40e, L:/127.0.0.1:54277 - R:localhost/127.0.0.1:50451]' for 'POST' to 'http://localhost:50451/session/49feb759a03270acf9fcf3f603416ee0/url'
08:36:35.220 [Forwarding get on session 49feb759a03270acf9fcf3f603416ee0 to remote] DEBUG o.a.netty.request.NettyRequestSender - Using open Channel [id: 0x4ebbd40e, L:/127.0.0.1:54277 - R:localhost/127.0.0.1:50451] for POST '/session/49feb759a03270acf9fcf3f603416ee0/url'
08:36:35.412 [AsyncHttpClient-1-11] DEBUG o.a.netty.handler.HttpHandler - 

Request DefaultHttpRequest(decodeResult: success, version: HTTP/1.1)
POST /session/49feb759a03270acf9fcf3f603416ee0/url HTTP/1.1
User-Agent: selenium/4.1.2 (java windows)
Content-Length: 148
Content-Type: application/json; charset=utf-8
host: localhost:50451
accept: */*

Response DefaultHttpResponse(decodeResult: success, version: HTTP/1.1)
HTTP/1.1 200 OK
Content-Type: application/json; charset=utf-8
cache-control: no-cache
content-length: 14

08:36:35.413 [AsyncHttpClient-1-11] DEBUG o.a.netty.channel.ChannelManager - Adding key: http://localhost:50451 for channel [id: 0x4ebbd40e, L:/127.0.0.1:54277 - R:localhost/127.0.0.1:50451]
08:36:35.415 [Forwarding getTitle on session 49feb759a03270acf9fcf3f603416ee0 to remote] DEBUG o.a.netty.request.NettyRequestSender - Using pooled Channel '[id: 0x4ebbd40e, L:/127.0.0.1:54277 - R:localhost/127.0.0.1:50451]' for 'GET' to 'http://localhost:50451/session/49feb759a03270acf9fcf3f603416ee0/title'
08:36:35.415 [Forwarding getTitle on session 49feb759a03270acf9fcf3f603416ee0 to remote] DEBUG o.a.netty.request.NettyRequestSender - Using open Channel [id: 0x4ebbd40e, L:/127.0.0.1:54277 - R:localhost/127.0.0.1:50451] for GET '/session/49feb759a03270acf9fcf3f603416ee0/title'
08:36:35.420 [AsyncHttpClient-1-11] DEBUG o.a.netty.handler.HttpHandler - 

Request DefaultFullHttpRequest(decodeResult: success, version: HTTP/1.1, content: EmptyByteBufBE)
GET /session/49feb759a03270acf9fcf3f603416ee0/title HTTP/1.1
User-Agent: selenium/4.1.2 (java windows)
Cache-Control: no-cache
Content-Type: application/json; charset=utf-8
host: localhost:50451
accept: */*

Response DefaultHttpResponse(decodeResult: success, version: HTTP/1.1)
HTTP/1.1 200 OK
Content-Type: application/json; charset=utf-8
cache-control: no-cache
content-length: 22

08:36:35.420 [AsyncHttpClient-1-11] DEBUG o.a.netty.channel.ChannelManager - Adding key: http://localhost:50451 for channel [id: 0x4ebbd40e, L:/127.0.0.1:54277 - R:localhost/127.0.0.1:50451]
DEBUG [main] (BaseClass.java:37) - verifyApplication: 'Login Page' 
DEBUG [main] (BaseClass.java:37)- verifyApplication: 'Login Page' 
08:36:35.424 [Forwarding getTitle on session 49feb759a03270acf9fcf3f603416ee0 to remote] DEBUG o.a.netty.request.NettyRequestSender - Using pooled Channel '[id: 0x4ebbd40e, L:/127.0.0.1:54277 - R:localhost/127.0.0.1:50451]' for 'GET' to 'http://localhost:50451/session/49feb759a03270acf9fcf3f603416ee0/title'
08:36:35.424 [Forwarding getTitle on session 49feb759a03270acf9fcf3f603416ee0 to remote] DEBUG o.a.netty.request.NettyRequestSender - Using open Channel [id: 0x4ebbd40e, L:/127.0.0.1:54277 - R:localhost/127.0.0.1:50451] for GET '/session/49feb759a03270acf9fcf3f603416ee0/title'
08:36:35.427 [AsyncHttpClient-1-11] DEBUG o.a.netty.handler.HttpHandler - 

Request DefaultFullHttpRequest(decodeResult: success, version: HTTP/1.1, content: EmptyByteBufBE)
GET /session/49feb759a03270acf9fcf3f603416ee0/title HTTP/1.1
User-Agent: selenium/4.1.2 (java windows)
Cache-Control: no-cache
Content-Type: application/json; charset=utf-8
host: localhost:50451
accept: */*

Response DefaultHttpResponse(decodeResult: success, version: HTTP/1.1)
HTTP/1.1 200 OK
Content-Type: application/json; charset=utf-8
cache-control: no-cache
content-length: 22

08:36:35.428 [AsyncHttpClient-1-11] DEBUG o.a.netty.channel.ChannelManager - Adding key: http://localhost:50451 for channel [id: 0x4ebbd40e, L:/127.0.0.1:54277 - R:localhost/127.0.0.1:50451]
08:36:35.751 [AsyncHttpClient-1-1] DEBUG o.a.netty.channel.DefaultChannelPool - Entry count for : http://localhost:54386 : 1
08:36:35.751 [AsyncHttpClient-1-1] DEBUG o.a.netty.channel.DefaultChannelPool - Entry count for : http://localhost:50451 : 1
08:36:36.859 [AsyncHttpClient-1-1] DEBUG o.a.netty.channel.DefaultChannelPool - Entry count for : http://localhost:54386 : 1
08:36:36.859 [AsyncHttpClient-1-1] DEBUG o.a.netty.channel.DefaultChannelPool - Entry count for : http://localhost:50451 : 1
08:36:37.952 [AsyncHttpClient-1-1] DEBUG o.a.netty.channel.DefaultChannelPool - Entry count for : http://localhost:54386 : 1
08:36:37.952 [AsyncHttpClient-1-1] DEBUG o.a.netty.channel.DefaultChannelPool - Entry count for : http://localhost:50451 : 1
08:36:39.051 [AsyncHttpClient-1-1] DEBUG o.a.netty.channel.DefaultChannelPool - Entry count for : http://localhost:54386 : 1
08:36:39.051 [AsyncHttpClient-1-1] DEBUG o.a.netty.channel.DefaultChannelPool - Entry count for : http://localhost:50451 : 1
08:36:40.151 [AsyncHttpClient-1-1] DEBUG o.a.netty.channel.DefaultChannelPool - Entry count for : http://localhost:54386 : 1
08:36:40.152 [AsyncHttpClient-1-1] DEBUG o.a.netty.channel.DefaultChannelPool - Entry count for : http://localhost:50451 : 1
  &amp#27;[32mGiven &amp#27;[0m&amp#27;[32mthat the user should navigate in PEGA Login Page&amp#27;[0m                                                                             &amp#27;[90m# stepdefinitions.LoginPageSteps.that_the_user_should_navigate_in_pega_login_page()&amp#27;[0m
DEBUG [main] (LoginPage.java:44) - verifyPageElements : Current Element = 'By.xpath: //div[@id="credentials"]//div[@class="field user"]//input' 
DEBUG [main] (LoginPage.java:44)- verifyPageElements : Current Element = 'By.xpath: //div[@id="credentials"]//div[@class="field user"]//input' 
08:36:40.444 [Forwarding findElement on session 49feb759a03270acf9fcf3f603416ee0 to remote] DEBUG o.a.netty.request.NettyRequestSender - Using pooled Channel '[id: 0x4ebbd40e, L:/127.0.0.1:54277 - R:localhost/127.0.0.1:50451]' for 'POST' to 'http://localhost:50451/session/49feb759a03270acf9fcf3f603416ee0/element'
08:36:40.444 [Forwarding findElement on session 49feb759a03270acf9fcf3f603416ee0 to remote] DEBUG o.a.netty.request.NettyRequestSender - Using open Channel [id: 0x4ebbd40e, L:/127.0.0.1:54277 - R:localhost/127.0.0.1:50451] for POST '/session/49feb759a03270acf9fcf3f603416ee0/element'
08:36:40.459 [AsyncHttpClient-1-11] DEBUG o.a.netty.handler.HttpHandler - 

Request DefaultHttpRequest(decodeResult: success, version: HTTP/1.1)
POST /session/49feb759a03270acf9fcf3f603416ee0/element HTTP/1.1
User-Agent: selenium/4.1.2 (java windows)
Content-Length: 128
Content-Type: application/json; charset=utf-8
host: localhost:50451
accept: */*

Response DefaultHttpResponse(decodeResult: success, version: HTTP/1.1)
HTTP/1.1 200 OK
Content-Type: application/json; charset=utf-8
cache-control: no-cache
content-length: 88

08:36:40.459 [AsyncHttpClient-1-11] DEBUG o.a.netty.channel.ChannelManager - Adding key: http://localhost:50451 for channel [id: 0x4ebbd40e, L:/127.0.0.1:54277 - R:localhost/127.0.0.1:50451]
08:36:40.470 [Forwarding isElementDisplayed on session 49feb759a03270acf9fcf3f603416ee0 to remote] DEBUG o.a.netty.request.NettyRequestSender - Using pooled Channel '[id: 0x4ebbd40e, L:/127.0.0.1:54277 - R:localhost/127.0.0.1:50451]' for 'POST' to 'http://localhost:50451/session/49feb759a03270acf9fcf3f603416ee0/execute/sync'
08:36:40.470 [Forwarding isElementDisplayed on session 49feb759a03270acf9fcf3f603416ee0 to remote] DEBUG o.a.netty.request.NettyRequestSender - Using open Channel [id: 0x4ebbd40e, L:/127.0.0.1:54277 - R:localhost/127.0.0.1:50451] for POST '/session/49feb759a03270acf9fcf3f603416ee0/execute/sync'
08:36:40.494 [AsyncHttpClient-1-11] DEBUG o.a.netty.handler.HttpHandler - 

Request DefaultHttpRequest(decodeResult: success, version: HTTP/1.1)
POST /session/49feb759a03270acf9fcf3f603416ee0/execute/sync HTTP/1.1
User-Agent: selenium/4.1.2 (java windows)
Content-Length: 48780
Content-Type: application/json; charset=utf-8
host: localhost:50451
accept: */*

Response DefaultHttpResponse(decodeResult: success, version: HTTP/1.1)
HTTP/1.1 200 OK
Content-Type: application/json; charset=utf-8
cache-control: no-cache
content-length: 14

08:36:40.495 [AsyncHttpClient-1-11] DEBUG o.a.netty.channel.ChannelManager - Adding key: http://localhost:50451 for channel [id: 0x4ebbd40e, L:/127.0.0.1:54277 - R:localhost/127.0.0.1:50451]
08:36:40.496 [Forwarding findElement on session 49feb759a03270acf9fcf3f603416ee0 to remote] DEBUG o.a.netty.request.NettyRequestSender - Using pooled Channel '[id: 0x4ebbd40e, L:/127.0.0.1:54277 - R:localhost/127.0.0.1:50451]' for 'POST' to 'http://localhost:50451/session/49feb759a03270acf9fcf3f603416ee0/element'
08:36:40.496 [Forwarding findElement on session 49feb759a03270acf9fcf3f603416ee0 to remote] DEBUG o.a.netty.request.NettyRequestSender - Using open Channel [id: 0x4ebbd40e, L:/127.0.0.1:54277 - R:localhost/127.0.0.1:50451] for POST '/session/49feb759a03270acf9fcf3f603416ee0/element'
08:36:40.503 [AsyncHttpClient-1-11] DEBUG o.a.netty.handler.HttpHandler - 

Request DefaultHttpRequest(decodeResult: success, version: HTTP/1.1)
POST /session/49feb759a03270acf9fcf3f603416ee0/element HTTP/1.1
User-Agent: selenium/4.1.2 (java windows)
Content-Length: 128
Content-Type: application/json; charset=utf-8
host: localhost:50451
accept: */*

Response DefaultHttpResponse(decodeResult: success, version: HTTP/1.1)
HTTP/1.1 200 OK
Content-Type: application/json; charset=utf-8
cache-control: no-cache
content-length: 88

08:36:40.504 [AsyncHttpClient-1-11] DEBUG o.a.netty.channel.ChannelManager - Adding key: http://localhost:50451 for channel [id: 0x4ebbd40e, L:/127.0.0.1:54277 - R:localhost/127.0.0.1:50451]
08:36:40.509 [Forwarding isElementDisplayed on session 49feb759a03270acf9fcf3f603416ee0 to remote] DEBUG o.a.netty.request.NettyRequestSender - Using pooled Channel '[id: 0x4ebbd40e, L:/127.0.0.1:54277 - R:localhost/127.0.0.1:50451]' for 'POST' to 'http://localhost:50451/session/49feb759a03270acf9fcf3f603416ee0/execute/sync'
08:36:40.509 [Forwarding isElementDisplayed on session 49feb759a03270acf9fcf3f603416ee0 to remote] DEBUG o.a.netty.request.NettyRequestSender - Using open Channel [id: 0x4ebbd40e, L:/127.0.0.1:54277 - R:localhost/127.0.0.1:50451] for POST '/session/49feb759a03270acf9fcf3f603416ee0/execute/sync'
08:36:40.523 [AsyncHttpClient-1-11] DEBUG o.a.netty.handler.HttpHandler - 

Request DefaultHttpRequest(decodeResult: success, version: HTTP/1.1)
POST /session/49feb759a03270acf9fcf3f603416ee0/execute/sync HTTP/1.1
User-Agent: selenium/4.1.2 (java windows)
Content-Length: 48780
Content-Type: application/json; charset=utf-8
host: localhost:50451
accept: */*

Response DefaultHttpResponse(decodeResult: success, version: HTTP/1.1)
HTTP/1.1 200 OK
Content-Type: application/json; charset=utf-8
cache-control: no-cache
content-length: 14

08:36:40.523 [AsyncHttpClient-1-11] DEBUG o.a.netty.channel.ChannelManager - Adding key: http://localhost:50451 for channel [id: 0x4ebbd40e, L:/127.0.0.1:54277 - R:localhost/127.0.0.1:50451]
08:36:40.524 [Forwarding findElement on session 49feb759a03270acf9fcf3f603416ee0 to remote] DEBUG o.a.netty.request.NettyRequestSender - Using pooled Channel '[id: 0x4ebbd40e, L:/127.0.0.1:54277 - R:localhost/127.0.0.1:50451]' for 'POST' to 'http://localhost:50451/session/49feb759a03270acf9fcf3f603416ee0/element'
08:36:40.525 [Forwarding findElement on session 49feb759a03270acf9fcf3f603416ee0 to remote] DEBUG o.a.netty.request.NettyRequestSender - Using open Channel [id: 0x4ebbd40e, L:/127.0.0.1:54277 - R:localhost/127.0.0.1:50451] for POST '/session/49feb759a03270acf9fcf3f603416ee0/element'
08:36:40.532 [AsyncHttpClient-1-11] DEBUG o.a.netty.handler.HttpHandler - 

Request DefaultHttpRequest(decodeResult: success, version: HTTP/1.1)
POST /session/49feb759a03270acf9fcf3f603416ee0/element HTTP/1.1
User-Agent: selenium/4.1.2 (java windows)
Content-Length: 128
Content-Type: application/json; charset=utf-8
host: localhost:50451
accept: */*

Response DefaultHttpResponse(decodeResult: success, version: HTTP/1.1)
HTTP/1.1 200 OK
Content-Type: application/json; charset=utf-8
cache-control: no-cache
content-length: 88

08:36:40.532 [AsyncHttpClient-1-11] DEBUG o.a.netty.channel.ChannelManager - Adding key: http://localhost:50451 for channel [id: 0x4ebbd40e, L:/127.0.0.1:54277 - R:localhost/127.0.0.1:50451]
08:36:40.535 [Forwarding isElementEnabled on session 49feb759a03270acf9fcf3f603416ee0 to remote] DEBUG o.a.netty.request.NettyRequestSender - Using pooled Channel '[id: 0x4ebbd40e, L:/127.0.0.1:54277 - R:localhost/127.0.0.1:50451]' for 'GET' to 'http://localhost:50451/session/49feb759a03270acf9fcf3f603416ee0/element/ee4c0f53-bfc2-4d0d-a7e1-05a8284117ed/enabled'
08:36:40.535 [Forwarding isElementEnabled on session 49feb759a03270acf9fcf3f603416ee0 to remote] DEBUG o.a.netty.request.NettyRequestSender - Using open Channel [id: 0x4ebbd40e, L:/127.0.0.1:54277 - R:localhost/127.0.0.1:50451] for GET '/session/49feb759a03270acf9fcf3f603416ee0/element/ee4c0f53-bfc2-4d0d-a7e1-05a8284117ed/enabled'
08:36:40.543 [AsyncHttpClient-1-11] DEBUG o.a.netty.handler.HttpHandler - 

Request DefaultFullHttpRequest(decodeResult: success, version: HTTP/1.1, content: EmptyByteBufBE)
GET /session/49feb759a03270acf9fcf3f603416ee0/element/ee4c0f53-bfc2-4d0d-a7e1-05a8284117ed/enabled HTTP/1.1
User-Agent: selenium/4.1.2 (java windows)
Cache-Control: no-cache
Content-Type: application/json; charset=utf-8
host: localhost:50451
accept: */*

Response DefaultHttpResponse(decodeResult: success, version: HTTP/1.1)
HTTP/1.1 200 OK
Content-Type: application/json; charset=utf-8
cache-control: no-cache
content-length: 14

08:36:40.543 [AsyncHttpClient-1-11] DEBUG o.a.netty.channel.ChannelManager - Adding key: http://localhost:50451 for channel [id: 0x4ebbd40e, L:/127.0.0.1:54277 - R:localhost/127.0.0.1:50451]
DEBUG [main] (LoginPage.java:44) - verifyPageElements : Current Element = 'By.xpath: //div[@id="credentials"]//div[@class="field password"]//input' 
DEBUG [main] (LoginPage.java:44)- verifyPageElements : Current Element = 'By.xpath: //div[@id="credentials"]//div[@class="field password"]//input' 
08:36:40.545 [Forwarding findElement on session 49feb759a03270acf9fcf3f603416ee0 to remote] DEBUG o.a.netty.request.NettyRequestSender - Using pooled Channel '[id: 0x4ebbd40e, L:/127.0.0.1:54277 - R:localhost/127.0.0.1:50451]' for 'POST' to 'http://localhost:50451/session/49feb759a03270acf9fcf3f603416ee0/element'
08:36:40.545 [Forwarding findElement on session 49feb759a03270acf9fcf3f603416ee0 to remote] DEBUG o.a.netty.request.NettyRequestSender - Using open Channel [id: 0x4ebbd40e, L:/127.0.0.1:54277 - R:localhost/127.0.0.1:50451] for POST '/session/49feb759a03270acf9fcf3f603416ee0/element'
08:36:40.556 [AsyncHttpClient-1-11] DEBUG o.a.netty.handler.HttpHandler - 

Request DefaultHttpRequest(decodeResult: success, version: HTTP/1.1)
POST /session/49feb759a03270acf9fcf3f603416ee0/element HTTP/1.1
User-Agent: selenium/4.1.2 (java windows)
Content-Length: 132
Content-Type: application/json; charset=utf-8
host: localhost:50451
accept: */*

Response DefaultHttpResponse(decodeResult: success, version: HTTP/1.1)
HTTP/1.1 200 OK
Content-Type: application/json; charset=utf-8
cache-control: no-cache
content-length: 88

08:36:40.557 [AsyncHttpClient-1-11] DEBUG o.a.netty.channel.ChannelManager - Adding key: http://localhost:50451 for channel [id: 0x4ebbd40e, L:/127.0.0.1:54277 - R:localhost/127.0.0.1:50451]
08:36:40.562 [Forwarding isElementDisplayed on session 49feb759a03270acf9fcf3f603416ee0 to remote] DEBUG o.a.netty.request.NettyRequestSender - Using pooled Channel '[id: 0x4ebbd40e, L:/127.0.0.1:54277 - R:localhost/127.0.0.1:50451]' for 'POST' to 'http://localhost:50451/session/49feb759a03270acf9fcf3f603416ee0/execute/sync'
08:36:40.562 [Forwarding isElementDisplayed on session 49feb759a03270acf9fcf3f603416ee0 to remote] DEBUG o.a.netty.request.NettyRequestSender - Using open Channel [id: 0x4ebbd40e, L:/127.0.0.1:54277 - R:localhost/127.0.0.1:50451] for POST '/session/49feb759a03270acf9fcf3f603416ee0/execute/sync'
08:36:40.574 [AsyncHttpClient-1-11] DEBUG o.a.netty.handler.HttpHandler - 

Request DefaultHttpRequest(decodeResult: success, version: HTTP/1.1)
POST /session/49feb759a03270acf9fcf3f603416ee0/execute/sync HTTP/1.1
User-Agent: selenium/4.1.2 (java windows)
Content-Length: 48780
Content-Type: application/json; charset=utf-8
host: localhost:50451
accept: */*

Response DefaultHttpResponse(decodeResult: success, version: HTTP/1.1)
HTTP/1.1 200 OK
Content-Type: application/json; charset=utf-8
cache-control: no-cache
content-length: 14

08:36:40.575 [AsyncHttpClient-1-11] DEBUG o.a.netty.channel.ChannelManager - Adding key: http://localhost:50451 for channel [id: 0x4ebbd40e, L:/127.0.0.1:54277 - R:localhost/127.0.0.1:50451]
08:36:40.576 [Forwarding findElement on session 49feb759a03270acf9fcf3f603416ee0 to remote] DEBUG o.a.netty.request.NettyRequestSender - Using pooled Channel '[id: 0x4ebbd40e, L:/127.0.0.1:54277 - R:localhost/127.0.0.1:50451]' for 'POST' to 'http://localhost:50451/session/49feb759a03270acf9fcf3f603416ee0/element'
08:36:40.577 [Forwarding findElement on session 49feb759a03270acf9fcf3f603416ee0 to remote] DEBUG o.a.netty.request.NettyRequestSender - Using open Channel [id: 0x4ebbd40e, L:/127.0.0.1:54277 - R:localhost/127.0.0.1:50451] for POST '/session/49feb759a03270acf9fcf3f603416ee0/element'
08:36:40.583 [AsyncHttpClient-1-11] DEBUG o.a.netty.handler.HttpHandler - 

Request DefaultHttpRequest(decodeResult: success, version: HTTP/1.1)
POST /session/49feb759a03270acf9fcf3f603416ee0/element HTTP/1.1
User-Agent: selenium/4.1.2 (java windows)
Content-Length: 132
Content-Type: application/json; charset=utf-8
host: localhost:50451
accept: */*

Response DefaultHttpResponse(decodeResult: success, version: HTTP/1.1)
HTTP/1.1 200 OK
Content-Type: application/json; charset=utf-8
cache-control: no-cache
content-length: 88

08:36:40.584 [AsyncHttpClient-1-11] DEBUG o.a.netty.channel.ChannelManager - Adding key: http://localhost:50451 for channel [id: 0x4ebbd40e, L:/127.0.0.1:54277 - R:localhost/127.0.0.1:50451]
08:36:40.590 [Forwarding isElementDisplayed on session 49feb759a03270acf9fcf3f603416ee0 to remote] DEBUG o.a.netty.request.NettyRequestSender - Using pooled Channel '[id: 0x4ebbd40e, L:/127.0.0.1:54277 - R:localhost/127.0.0.1:50451]' for 'POST' to 'http://localhost:50451/session/49feb759a03270acf9fcf3f603416ee0/execute/sync'
08:36:40.590 [Forwarding isElementDisplayed on session 49feb759a03270acf9fcf3f603416ee0 to remote] DEBUG o.a.netty.request.NettyRequestSender - Using open Channel [id: 0x4ebbd40e, L:/127.0.0.1:54277 - R:localhost/127.0.0.1:50451] for POST '/session/49feb759a03270acf9fcf3f603416ee0/execute/sync'
08:36:40.601 [AsyncHttpClient-1-11] DEBUG o.a.netty.handler.HttpHandler - 

Request DefaultHttpRequest(decodeResult: success, version: HTTP/1.1)
POST /session/49feb759a03270acf9fcf3f603416ee0/execute/sync HTTP/1.1
User-Agent: selenium/4.1.2 (java windows)
Content-Length: 48780
Content-Type: application/json; charset=utf-8
host: localhost:50451
accept: */*

Response DefaultHttpResponse(decodeResult: success, version: HTTP/1.1)
HTTP/1.1 200 OK
Content-Type: application/json; charset=utf-8
cache-control: no-cache
content-length: 14

08:36:40.602 [AsyncHttpClient-1-11] DEBUG o.a.netty.channel.ChannelManager - Adding key: http://localhost:50451 for channel [id: 0x4ebbd40e, L:/127.0.0.1:54277 - R:localhost/127.0.0.1:50451]
08:36:40.603 [Forwarding findElement on session 49feb759a03270acf9fcf3f603416ee0 to remote] DEBUG o.a.netty.request.NettyRequestSender - Using pooled Channel '[id: 0x4ebbd40e, L:/127.0.0.1:54277 - R:localhost/127.0.0.1:50451]' for 'POST' to 'http://localhost:50451/session/49feb759a03270acf9fcf3f603416ee0/element'
08:36:40.603 [Forwarding findElement on session 49feb759a03270acf9fcf3f603416ee0 to remote] DEBUG o.a.netty.request.NettyRequestSender - Using open Channel [id: 0x4ebbd40e, L:/127.0.0.1:54277 - R:localhost/127.0.0.1:50451] for POST '/session/49feb759a03270acf9fcf3f603416ee0/element'
08:36:40.610 [AsyncHttpClient-1-11] DEBUG o.a.netty.handler.HttpHandler - 

Request DefaultHttpRequest(decodeResult: success, version: HTTP/1.1)
POST /session/49feb759a03270acf9fcf3f603416ee0/element HTTP/1.1
User-Agent: selenium/4.1.2 (java windows)
Content-Length: 132
Content-Type: application/json; charset=utf-8
host: localhost:50451
accept: */*

Response DefaultHttpResponse(decodeResult: success, version: HTTP/1.1)
HTTP/1.1 200 OK
Content-Type: application/json; charset=utf-8
cache-control: no-cache
content-length: 88

08:36:40.611 [AsyncHttpClient-1-11] DEBUG o.a.netty.channel.ChannelManager - Adding key: http://localhost:50451 for channel [id: 0x4ebbd40e, L:/127.0.0.1:54277 - R:localhost/127.0.0.1:50451]
08:36:40.612 [Forwarding isElementEnabled on session 49feb759a03270acf9fcf3f603416ee0 to remote] DEBUG o.a.netty.request.NettyRequestSender - Using pooled Channel '[id: 0x4ebbd40e, L:/127.0.0.1:54277 - R:localhost/127.0.0.1:50451]' for 'GET' to 'http://localhost:50451/session/49feb759a03270acf9fcf3f603416ee0/element/89016ba7-883a-43f7-8c53-0e3facb8df65/enabled'
08:36:40.612 [Forwarding isElementEnabled on session 49feb759a03270acf9fcf3f603416ee0 to remote] DEBUG o.a.netty.request.NettyRequestSender - Using open Channel [id: 0x4ebbd40e, L:/127.0.0.1:54277 - R:localhost/127.0.0.1:50451] for GET '/session/49feb759a03270acf9fcf3f603416ee0/element/89016ba7-883a-43f7-8c53-0e3facb8df65/enabled'
08:36:40.621 [AsyncHttpClient-1-11] DEBUG o.a.netty.handler.HttpHandler - 

Request DefaultFullHttpRequest(decodeResult: success, version: HTTP/1.1, content: EmptyByteBufBE)
GET /session/49feb759a03270acf9fcf3f603416ee0/element/89016ba7-883a-43f7-8c53-0e3facb8df65/enabled HTTP/1.1
User-Agent: selenium/4.1.2 (java windows)
Cache-Control: no-cache
Content-Type: application/json; charset=utf-8
host: localhost:50451
accept: */*

Response DefaultHttpResponse(decodeResult: success, version: HTTP/1.1)
HTTP/1.1 200 OK
Content-Type: application/json; charset=utf-8
cache-control: no-cache
content-length: 14

08:36:40.621 [AsyncHttpClient-1-11] DEBUG o.a.netty.channel.ChannelManager - Adding key: http://localhost:50451 for channel [id: 0x4ebbd40e, L:/127.0.0.1:54277 - R:localhost/127.0.0.1:50451]
DEBUG [main] (LoginPage.java:44) - verifyPageElements : Current Element = 'By.xpath: //div[@id="credentials"]//button[contains(@class,"loginButton")]' 
DEBUG [main] (LoginPage.java:44)- verifyPageElements : Current Element = 'By.xpath: //div[@id="credentials"]//button[contains(@class,"loginButton")]' 
08:36:40.623 [Forwarding findElement on session 49feb759a03270acf9fcf3f603416ee0 to remote] DEBUG o.a.netty.request.NettyRequestSender - Using pooled Channel '[id: 0x4ebbd40e, L:/127.0.0.1:54277 - R:localhost/127.0.0.1:50451]' for 'POST' to 'http://localhost:50451/session/49feb759a03270acf9fcf3f603416ee0/element'
08:36:40.623 [Forwarding findElement on session 49feb759a03270acf9fcf3f603416ee0 to remote] DEBUG o.a.netty.request.NettyRequestSender - Using open Channel [id: 0x4ebbd40e, L:/127.0.0.1:54277 - R:localhost/127.0.0.1:50451] for POST '/session/49feb759a03270acf9fcf3f603416ee0/element'
08:36:40.635 [AsyncHttpClient-1-11] DEBUG o.a.netty.handler.HttpHandler - 

Request DefaultHttpRequest(decodeResult: success, version: HTTP/1.1)
POST /session/49feb759a03270acf9fcf3f603416ee0/element HTTP/1.1
User-Agent: selenium/4.1.2 (java windows)
Content-Length: 125
Content-Type: application/json; charset=utf-8
host: localhost:50451
accept: */*

Response DefaultHttpResponse(decodeResult: success, version: HTTP/1.1)
HTTP/1.1 200 OK
Content-Type: application/json; charset=utf-8
cache-control: no-cache
content-length: 88

08:36:40.635 [AsyncHttpClient-1-11] DEBUG o.a.netty.channel.ChannelManager - Adding key: http://localhost:50451 for channel [id: 0x4ebbd40e, L:/127.0.0.1:54277 - R:localhost/127.0.0.1:50451]
08:36:40.640 [Forwarding isElementDisplayed on session 49feb759a03270acf9fcf3f603416ee0 to remote] DEBUG o.a.netty.request.NettyRequestSender - Using pooled Channel '[id: 0x4ebbd40e, L:/127.0.0.1:54277 - R:localhost/127.0.0.1:50451]' for 'POST' to 'http://localhost:50451/session/49feb759a03270acf9fcf3f603416ee0/execute/sync'
08:36:40.640 [Forwarding isElementDisplayed on session 49feb759a03270acf9fcf3f603416ee0 to remote] DEBUG o.a.netty.request.NettyRequestSender - Using open Channel [id: 0x4ebbd40e, L:/127.0.0.1:54277 - R:localhost/127.0.0.1:50451] for POST '/session/49feb759a03270acf9fcf3f603416ee0/execute/sync'
08:36:40.652 [AsyncHttpClient-1-11] DEBUG o.a.netty.handler.HttpHandler - 

Request DefaultHttpRequest(decodeResult: success, version: HTTP/1.1)
POST /session/49feb759a03270acf9fcf3f603416ee0/execute/sync HTTP/1.1
User-Agent: selenium/4.1.2 (java windows)
Content-Length: 48780
Content-Type: application/json; charset=utf-8
host: localhost:50451
accept: */*

Response DefaultHttpResponse(decodeResult: success, version: HTTP/1.1)
HTTP/1.1 200 OK
Content-Type: application/json; charset=utf-8
cache-control: no-cache
content-length: 14

08:36:40.652 [AsyncHttpClient-1-11] DEBUG o.a.netty.channel.ChannelManager - Adding key: http://localhost:50451 for channel [id: 0x4ebbd40e, L:/127.0.0.1:54277 - R:localhost/127.0.0.1:50451]
08:36:40.654 [Forwarding findElement on session 49feb759a03270acf9fcf3f603416ee0 to remote] DEBUG o.a.netty.request.NettyRequestSender - Using pooled Channel '[id: 0x4ebbd40e, L:/127.0.0.1:54277 - R:localhost/127.0.0.1:50451]' for 'POST' to 'http://localhost:50451/session/49feb759a03270acf9fcf3f603416ee0/element'
08:36:40.654 [Forwarding findElement on session 49feb759a03270acf9fcf3f603416ee0 to remote] DEBUG o.a.netty.request.NettyRequestSender - Using open Channel [id: 0x4ebbd40e, L:/127.0.0.1:54277 - R:localhost/127.0.0.1:50451] for POST '/session/49feb759a03270acf9fcf3f603416ee0/element'
08:36:40.661 [AsyncHttpClient-1-11] DEBUG o.a.netty.handler.HttpHandler - 

Request DefaultHttpRequest(decodeResult: success, version: HTTP/1.1)
POST /session/49feb759a03270acf9fcf3f603416ee0/element HTTP/1.1
User-Agent: selenium/4.1.2 (java windows)
Content-Length: 125
Content-Type: application/json; charset=utf-8
host: localhost:50451
accept: */*

Response DefaultHttpResponse(decodeResult: success, version: HTTP/1.1)
HTTP/1.1 200 OK
Content-Type: application/json; charset=utf-8
cache-control: no-cache
content-length: 88

08:36:40.661 [AsyncHttpClient-1-11] DEBUG o.a.netty.channel.ChannelManager - Adding key: http://localhost:50451 for channel [id: 0x4ebbd40e, L:/127.0.0.1:54277 - R:localhost/127.0.0.1:50451]
08:36:40.666 [Forwarding isElementDisplayed on session 49feb759a03270acf9fcf3f603416ee0 to remote] DEBUG o.a.netty.request.NettyRequestSender - Using pooled Channel '[id: 0x4ebbd40e, L:/127.0.0.1:54277 - R:localhost/127.0.0.1:50451]' for 'POST' to 'http://localhost:50451/session/49feb759a03270acf9fcf3f603416ee0/execute/sync'
08:36:40.667 [Forwarding isElementDisplayed on session 49feb759a03270acf9fcf3f603416ee0 to remote] DEBUG o.a.netty.request.NettyRequestSender - Using open Channel [id: 0x4ebbd40e, L:/127.0.0.1:54277 - R:localhost/127.0.0.1:50451] for POST '/session/49feb759a03270acf9fcf3f603416ee0/execute/sync'
08:36:40.677 [AsyncHttpClient-1-11] DEBUG o.a.netty.handler.HttpHandler - 

Request DefaultHttpRequest(decodeResult: success, version: HTTP/1.1)
POST /session/49feb759a03270acf9fcf3f603416ee0/execute/sync HTTP/1.1
User-Agent: selenium/4.1.2 (java windows)
Content-Length: 48780
Content-Type: application/json; charset=utf-8
host: localhost:50451
accept: */*

Response DefaultHttpResponse(decodeResult: success, version: HTTP/1.1)
HTTP/1.1 200 OK
Content-Type: application/json; charset=utf-8
cache-control: no-cache
content-length: 14

08:36:40.677 [AsyncHttpClient-1-11] DEBUG o.a.netty.channel.ChannelManager - Adding key: http://localhost:50451 for channel [id: 0x4ebbd40e, L:/127.0.0.1:54277 - R:localhost/127.0.0.1:50451]
08:36:40.679 [Forwarding findElement on session 49feb759a03270acf9fcf3f603416ee0 to remote] DEBUG o.a.netty.request.NettyRequestSender - Using pooled Channel '[id: 0x4ebbd40e, L:/127.0.0.1:54277 - R:localhost/127.0.0.1:50451]' for 'POST' to 'http://localhost:50451/session/49feb759a03270acf9fcf3f603416ee0/element'
08:36:40.679 [Forwarding findElement on session 49feb759a03270acf9fcf3f603416ee0 to remote] DEBUG o.a.netty.request.NettyRequestSender - Using open Channel [id: 0x4ebbd40e, L:/127.0.0.1:54277 - R:localhost/127.0.0.1:50451] for POST '/session/49feb759a03270acf9fcf3f603416ee0/element'
08:36:40.685 [AsyncHttpClient-1-11] DEBUG o.a.netty.handler.HttpHandler - 

Request DefaultHttpRequest(decodeResult: success, version: HTTP/1.1)
POST /session/49feb759a03270acf9fcf3f603416ee0/element HTTP/1.1
User-Agent: selenium/4.1.2 (java windows)
Content-Length: 125
Content-Type: application/json; charset=utf-8
host: localhost:50451
accept: */*

Response DefaultHttpResponse(decodeResult: success, version: HTTP/1.1)
HTTP/1.1 200 OK
Content-Type: application/json; charset=utf-8
cache-control: no-cache
content-length: 88

08:36:40.686 [AsyncHttpClient-1-11] DEBUG o.a.netty.channel.ChannelManager - Adding key: http://localhost:50451 for channel [id: 0x4ebbd40e, L:/127.0.0.1:54277 - R:localhost/127.0.0.1:50451]
08:36:40.687 [Forwarding isElementEnabled on session 49feb759a03270acf9fcf3f603416ee0 to remote] DEBUG o.a.netty.request.NettyRequestSender - Using pooled Channel '[id: 0x4ebbd40e, L:/127.0.0.1:54277 - R:localhost/127.0.0.1:50451]' for 'GET' to 'http://localhost:50451/session/49feb759a03270acf9fcf3f603416ee0/element/67dfb976-ded4-41d7-8bad-e555b8c3ceb9/enabled'
08:36:40.687 [Forwarding isElementEnabled on session 49feb759a03270acf9fcf3f603416ee0 to remote] DEBUG o.a.netty.request.NettyRequestSender - Using open Channel [id: 0x4ebbd40e, L:/127.0.0.1:54277 - R:localhost/127.0.0.1:50451] for GET '/session/49feb759a03270acf9fcf3f603416ee0/element/67dfb976-ded4-41d7-8bad-e555b8c3ceb9/enabled'
08:36:40.695 [AsyncHttpClient-1-11] DEBUG o.a.netty.handler.HttpHandler - 

Request DefaultFullHttpRequest(decodeResult: success, version: HTTP/1.1, content: EmptyByteBufBE)
GET /session/49feb759a03270acf9fcf3f603416ee0/element/67dfb976-ded4-41d7-8bad-e555b8c3ceb9/enabled HTTP/1.1
User-Agent: selenium/4.1.2 (java windows)
Cache-Control: no-cache
Content-Type: application/json; charset=utf-8
host: localhost:50451
accept: */*

Response DefaultHttpResponse(decodeResult: success, version: HTTP/1.1)
HTTP/1.1 200 OK
Content-Type: application/json; charset=utf-8
cache-control: no-cache
content-length: 14

08:36:40.695 [AsyncHttpClient-1-11] DEBUG o.a.netty.channel.ChannelManager - Adding key: http://localhost:50451 for channel [id: 0x4ebbd40e, L:/127.0.0.1:54277 - R:localhost/127.0.0.1:50451]
  &amp#27;[32mAnd &amp#27;[0m&amp#27;[32muser verify the Login Page Elements is Visible&amp#27;[0m                                                                                 &amp#27;[90m# stepdefinitions.LoginPageSteps.user_verify_the_login_page_elements_is_visible()&amp#27;[0m
08:36:41.250 [AsyncHttpClient-1-1] DEBUG o.a.netty.channel.DefaultChannelPool - Entry count for : http://localhost:54386 : 1
08:36:41.250 [AsyncHttpClient-1-1] DEBUG o.a.netty.channel.DefaultChannelPool - Entry count for : http://localhost:50451 : 1
DEBUG [main] (LoginPageSteps.java:72) - [{username=invalidUser@vrbank0, password=pega123!}, {username=invalidUser@vrbank1, password=pega123!}, {username=, password=}, {username=, password=}]
DEBUG [main] (LoginPageSteps.java:72)- [{username=invalidUser@vrbank0, password=pega123!}, {username=invalidUser@vrbank1, password=pega123!}, {username=, password=}, {username=, password=}]
08:36:42.350 [AsyncHttpClient-1-1] DEBUG o.a.netty.channel.DefaultChannelPool - Entry count for : http://localhost:54386 : 1
08:36:42.350 [AsyncHttpClient-1-1] DEBUG o.a.netty.channel.DefaultChannelPool - Entry count for : http://localhost:50451 : 1
08:36:43.455 [AsyncHttpClient-1-1] DEBUG o.a.netty.channel.DefaultChannelPool - Entry count for : http://localhost:54386 : 1
08:36:43.455 [AsyncHttpClient-1-1] DEBUG o.a.netty.channel.DefaultChannelPool - Entry count for : http://localhost:50451 : 1
DEBUG [main] (LoginPage.java:81) - enterUserCredentails: username = 'invalidUser@vrbank0' | password = 'pega123!' 
DEBUG [main] (LoginPage.java:81)- enterUserCredentails: username = 'invalidUser@vrbank0' | password = 'pega123!' 
08:36:43.488 [Forwarding findElement on session 49feb759a03270acf9fcf3f603416ee0 to remote] DEBUG o.a.netty.request.NettyRequestSender - Using pooled Channel '[id: 0x4ebbd40e, L:/127.0.0.1:54277 - R:localhost/127.0.0.1:50451]' for 'POST' to 'http://localhost:50451/session/49feb759a03270acf9fcf3f603416ee0/element'
08:36:43.488 [Forwarding findElement on session 49feb759a03270acf9fcf3f603416ee0 to remote] DEBUG o.a.netty.request.NettyRequestSender - Using open Channel [id: 0x4ebbd40e, L:/127.0.0.1:54277 - R:localhost/127.0.0.1:50451] for POST '/session/49feb759a03270acf9fcf3f603416ee0/element'
08:36:43.495 [AsyncHttpClient-1-11] DEBUG o.a.netty.handler.HttpHandler - 

Request DefaultHttpRequest(decodeResult: success, version: HTTP/1.1)
POST /session/49feb759a03270acf9fcf3f603416ee0/element HTTP/1.1
User-Agent: selenium/4.1.2 (java windows)
Content-Length: 128
Content-Type: application/json; charset=utf-8
host: localhost:50451
accept: */*

Response DefaultHttpResponse(decodeResult: success, version: HTTP/1.1)
HTTP/1.1 200 OK
Content-Type: application/json; charset=utf-8
cache-control: no-cache
content-length: 88

08:36:43.495 [AsyncHttpClient-1-11] DEBUG o.a.netty.channel.ChannelManager - Adding key: http://localhost:50451 for channel [id: 0x4ebbd40e, L:/127.0.0.1:54277 - R:localhost/127.0.0.1:50451]
08:36:43.498 [Forwarding sendKeysToElement on session 49feb759a03270acf9fcf3f603416ee0 to remote] DEBUG o.a.netty.request.NettyRequestSender - Using pooled Channel '[id: 0x4ebbd40e, L:/127.0.0.1:54277 - R:localhost/127.0.0.1:50451]' for 'POST' to 'http://localhost:50451/session/49feb759a03270acf9fcf3f603416ee0/element/ee4c0f53-bfc2-4d0d-a7e1-05a8284117ed/value'
08:36:43.498 [Forwarding sendKeysToElement on session 49feb759a03270acf9fcf3f603416ee0 to remote] DEBUG o.a.netty.request.NettyRequestSender - Using open Channel [id: 0x4ebbd40e, L:/127.0.0.1:54277 - R:localhost/127.0.0.1:50451] for POST '/session/49feb759a03270acf9fcf3f603416ee0/element/ee4c0f53-bfc2-4d0d-a7e1-05a8284117ed/value'
08:36:43.537 [AsyncHttpClient-1-11] DEBUG o.a.netty.handler.HttpHandler - 

Request DefaultHttpRequest(decodeResult: success, version: HTTP/1.1)
POST /session/49feb759a03270acf9fcf3f603416ee0/element/ee4c0f53-bfc2-4d0d-a7e1-05a8284117ed/value HTTP/1.1
User-Agent: selenium/4.1.2 (java windows)
Content-Length: 271
Content-Type: application/json; charset=utf-8
host: localhost:50451
accept: */*

Response DefaultHttpResponse(decodeResult: success, version: HTTP/1.1)
HTTP/1.1 200 OK
Content-Type: application/json; charset=utf-8
cache-control: no-cache
content-length: 14

08:36:43.537 [AsyncHttpClient-1-11] DEBUG o.a.netty.channel.ChannelManager - Adding key: http://localhost:50451 for channel [id: 0x4ebbd40e, L:/127.0.0.1:54277 - R:localhost/127.0.0.1:50451]
08:36:43.539 [Forwarding findElement on session 49feb759a03270acf9fcf3f603416ee0 to remote] DEBUG o.a.netty.request.NettyRequestSender - Using pooled Channel '[id: 0x4ebbd40e, L:/127.0.0.1:54277 - R:localhost/127.0.0.1:50451]' for 'POST' to 'http://localhost:50451/session/49feb759a03270acf9fcf3f603416ee0/element'
08:36:43.539 [Forwarding findElement on session 49feb759a03270acf9fcf3f603416ee0 to remote] DEBUG o.a.netty.request.NettyRequestSender - Using open Channel [id: 0x4ebbd40e, L:/127.0.0.1:54277 - R:localhost/127.0.0.1:50451] for POST '/session/49feb759a03270acf9fcf3f603416ee0/element'
08:36:43.545 [AsyncHttpClient-1-11] DEBUG o.a.netty.handler.HttpHandler - 

Request DefaultHttpRequest(decodeResult: success, version: HTTP/1.1)
POST /session/49feb759a03270acf9fcf3f603416ee0/element HTTP/1.1
User-Agent: selenium/4.1.2 (java windows)
Content-Length: 132
Content-Type: application/json; charset=utf-8
host: localhost:50451
accept: */*

Response DefaultHttpResponse(decodeResult: success, version: HTTP/1.1)
HTTP/1.1 200 OK
Content-Type: application/json; charset=utf-8
cache-control: no-cache
content-length: 88

08:36:43.545 [AsyncHttpClient-1-11] DEBUG o.a.netty.channel.ChannelManager - Adding key: http://localhost:50451 for channel [id: 0x4ebbd40e, L:/127.0.0.1:54277 - R:localhost/127.0.0.1:50451]
08:36:43.547 [Forwarding sendKeysToElement on session 49feb759a03270acf9fcf3f603416ee0 to remote] DEBUG o.a.netty.request.NettyRequestSender - Using pooled Channel '[id: 0x4ebbd40e, L:/127.0.0.1:54277 - R:localhost/127.0.0.1:50451]' for 'POST' to 'http://localhost:50451/session/49feb759a03270acf9fcf3f603416ee0/element/89016ba7-883a-43f7-8c53-0e3facb8df65/value'
08:36:43.547 [Forwarding sendKeysToElement on session 49feb759a03270acf9fcf3f603416ee0 to remote] DEBUG o.a.netty.request.NettyRequestSender - Using open Channel [id: 0x4ebbd40e, L:/127.0.0.1:54277 - R:localhost/127.0.0.1:50451] for POST '/session/49feb759a03270acf9fcf3f603416ee0/element/89016ba7-883a-43f7-8c53-0e3facb8df65/value'
08:36:43.590 [AsyncHttpClient-1-11] DEBUG o.a.netty.handler.HttpHandler - 

Request DefaultHttpRequest(decodeResult: success, version: HTTP/1.1)
POST /session/49feb759a03270acf9fcf3f603416ee0/element/89016ba7-883a-43f7-8c53-0e3facb8df65/value HTTP/1.1
User-Agent: selenium/4.1.2 (java windows)
Content-Length: 161
Content-Type: application/json; charset=utf-8
host: localhost:50451
accept: */*

Response DefaultHttpResponse(decodeResult: success, version: HTTP/1.1)
HTTP/1.1 200 OK
Content-Type: application/json; charset=utf-8
cache-control: no-cache
content-length: 14

08:36:43.590 [AsyncHttpClient-1-11] DEBUG o.a.netty.channel.ChannelManager - Adding key: http://localhost:50451 for channel [id: 0x4ebbd40e, L:/127.0.0.1:54277 - R:localhost/127.0.0.1:50451]
08:36:43.592 [Forwarding findElement on session 49feb759a03270acf9fcf3f603416ee0 to remote] DEBUG o.a.netty.request.NettyRequestSender - Using pooled Channel '[id: 0x4ebbd40e, L:/127.0.0.1:54277 - R:localhost/127.0.0.1:50451]' for 'POST' to 'http://localhost:50451/session/49feb759a03270acf9fcf3f603416ee0/element'
08:36:43.592 [Forwarding findElement on session 49feb759a03270acf9fcf3f603416ee0 to remote] DEBUG o.a.netty.request.NettyRequestSender - Using open Channel [id: 0x4ebbd40e, L:/127.0.0.1:54277 - R:localhost/127.0.0.1:50451] for POST '/session/49feb759a03270acf9fcf3f603416ee0/element'
08:36:43.599 [AsyncHttpClient-1-11] DEBUG o.a.netty.handler.HttpHandler - 

Request DefaultHttpRequest(decodeResult: success, version: HTTP/1.1)
POST /session/49feb759a03270acf9fcf3f603416ee0/element HTTP/1.1
User-Agent: selenium/4.1.2 (java windows)
Content-Length: 125
Content-Type: application/json; charset=utf-8
host: localhost:50451
accept: */*

Response DefaultHttpResponse(decodeResult: success, version: HTTP/1.1)
HTTP/1.1 200 OK
Content-Type: application/json; charset=utf-8
cache-control: no-cache
content-length: 88

08:36:43.599 [AsyncHttpClient-1-11] DEBUG o.a.netty.channel.ChannelManager - Adding key: http://localhost:50451 for channel [id: 0x4ebbd40e, L:/127.0.0.1:54277 - R:localhost/127.0.0.1:50451]
08:36:43.601 [Forwarding clickElement on session 49feb759a03270acf9fcf3f603416ee0 to remote] DEBUG o.a.netty.request.NettyRequestSender - Using pooled Channel '[id: 0x4ebbd40e, L:/127.0.0.1:54277 - R:localhost/127.0.0.1:50451]' for 'POST' to 'http://localhost:50451/session/49feb759a03270acf9fcf3f603416ee0/element/67dfb976-ded4-41d7-8bad-e555b8c3ceb9/click'
08:36:43.601 [Forwarding clickElement on session 49feb759a03270acf9fcf3f603416ee0 to remote] DEBUG o.a.netty.request.NettyRequestSender - Using open Channel [id: 0x4ebbd40e, L:/127.0.0.1:54277 - R:localhost/127.0.0.1:50451] for POST '/session/49feb759a03270acf9fcf3f603416ee0/element/67dfb976-ded4-41d7-8bad-e555b8c3ceb9/click'
08:36:43.718 [AsyncHttpClient-1-11] DEBUG o.a.netty.handler.HttpHandler - 

Request DefaultHttpRequest(decodeResult: success, version: HTTP/1.1)
POST /session/49feb759a03270acf9fcf3f603416ee0/element/67dfb976-ded4-41d7-8bad-e555b8c3ceb9/click HTTP/1.1
User-Agent: selenium/4.1.2 (java windows)
Content-Length: 50
Content-Type: application/json; charset=utf-8
host: localhost:50451
accept: */*

Response DefaultHttpResponse(decodeResult: success, version: HTTP/1.1)
HTTP/1.1 200 OK
Content-Type: application/json; charset=utf-8
cache-control: no-cache
content-length: 14

08:36:43.718 [AsyncHttpClient-1-11] DEBUG o.a.netty.channel.ChannelManager - Adding key: http://localhost:50451 for channel [id: 0x4ebbd40e, L:/127.0.0.1:54277 - R:localhost/127.0.0.1:50451]
DEBUG [main] (LoginPage.java:56) - verifyErrorMessage: 'The information you entered was not recognized.' 
DEBUG [main] (LoginPage.java:56)- verifyErrorMessage: 'The information you entered was not recognized.' 
08:36:43.720 [Forwarding findElement on session 49feb759a03270acf9fcf3f603416ee0 to remote] DEBUG o.a.netty.request.NettyRequestSender - Using pooled Channel '[id: 0x4ebbd40e, L:/127.0.0.1:54277 - R:localhost/127.0.0.1:50451]' for 'POST' to 'http://localhost:50451/session/49feb759a03270acf9fcf3f603416ee0/element'
08:36:43.720 [Forwarding findElement on session 49feb759a03270acf9fcf3f603416ee0 to remote] DEBUG o.a.netty.request.NettyRequestSender - Using open Channel [id: 0x4ebbd40e, L:/127.0.0.1:54277 - R:localhost/127.0.0.1:50451] for POST '/session/49feb759a03270acf9fcf3f603416ee0/element'
08:36:43.733 [AsyncHttpClient-1-11] DEBUG o.a.netty.handler.HttpHandler - 

Request DefaultHttpRequest(decodeResult: success, version: HTTP/1.1)
POST /session/49feb759a03270acf9fcf3f603416ee0/element HTTP/1.1
User-Agent: selenium/4.1.2 (java windows)
Content-Length: 75
Content-Type: application/json; charset=utf-8
host: localhost:50451
accept: */*

Response DefaultHttpResponse(decodeResult: success, version: HTTP/1.1)
HTTP/1.1 200 OK
Content-Type: application/json; charset=utf-8
cache-control: no-cache
content-length: 88

08:36:43.733 [AsyncHttpClient-1-11] DEBUG o.a.netty.channel.ChannelManager - Adding key: http://localhost:50451 for channel [id: 0x4ebbd40e, L:/127.0.0.1:54277 - R:localhost/127.0.0.1:50451]
08:36:43.737 [Forwarding isElementDisplayed on session 49feb759a03270acf9fcf3f603416ee0 to remote] DEBUG o.a.netty.request.NettyRequestSender - Using pooled Channel '[id: 0x4ebbd40e, L:/127.0.0.1:54277 - R:localhost/127.0.0.1:50451]' for 'POST' to 'http://localhost:50451/session/49feb759a03270acf9fcf3f603416ee0/execute/sync'
08:36:43.737 [Forwarding isElementDisplayed on session 49feb759a03270acf9fcf3f603416ee0 to remote] DEBUG o.a.netty.request.NettyRequestSender - Using open Channel [id: 0x4ebbd40e, L:/127.0.0.1:54277 - R:localhost/127.0.0.1:50451] for POST '/session/49feb759a03270acf9fcf3f603416ee0/execute/sync'
08:36:43.756 [AsyncHttpClient-1-11] DEBUG o.a.netty.handler.HttpHandler - 

Request DefaultHttpRequest(decodeResult: success, version: HTTP/1.1)
POST /session/49feb759a03270acf9fcf3f603416ee0/execute/sync HTTP/1.1
User-Agent: selenium/4.1.2 (java windows)
Content-Length: 48780
Content-Type: application/json; charset=utf-8
host: localhost:50451
accept: */*

Response DefaultHttpResponse(decodeResult: success, version: HTTP/1.1)
HTTP/1.1 200 OK
Content-Type: application/json; charset=utf-8
cache-control: no-cache
content-length: 15

08:36:43.756 [AsyncHttpClient-1-11] DEBUG o.a.netty.channel.ChannelManager - Adding key: http://localhost:50451 for channel [id: 0x4ebbd40e, L:/127.0.0.1:54277 - R:localhost/127.0.0.1:50451]
08:36:44.265 [Forwarding findElement on session 49feb759a03270acf9fcf3f603416ee0 to remote] DEBUG o.a.netty.request.NettyRequestSender - Using pooled Channel '[id: 0x4ebbd40e, L:/127.0.0.1:54277 - R:localhost/127.0.0.1:50451]' for 'POST' to 'http://localhost:50451/session/49feb759a03270acf9fcf3f603416ee0/element'
08:36:44.265 [Forwarding findElement on session 49feb759a03270acf9fcf3f603416ee0 to remote] DEBUG o.a.netty.request.NettyRequestSender - Using open Channel [id: 0x4ebbd40e, L:/127.0.0.1:54277 - R:localhost/127.0.0.1:50451] for POST '/session/49feb759a03270acf9fcf3f603416ee0/element'
08:36:44.271 [AsyncHttpClient-1-11] DEBUG o.a.netty.handler.HttpHandler - 

Request DefaultHttpRequest(decodeResult: success, version: HTTP/1.1)
POST /session/49feb759a03270acf9fcf3f603416ee0/element HTTP/1.1
User-Agent: selenium/4.1.2 (java windows)
Content-Length: 75
Content-Type: application/json; charset=utf-8
host: localhost:50451
accept: */*

Response DefaultHttpResponse(decodeResult: success, version: HTTP/1.1)
HTTP/1.1 200 OK
Content-Type: application/json; charset=utf-8
cache-control: no-cache
content-length: 88

08:36:44.272 [AsyncHttpClient-1-11] DEBUG o.a.netty.channel.ChannelManager - Adding key: http://localhost:50451 for channel [id: 0x4ebbd40e, L:/127.0.0.1:54277 - R:localhost/127.0.0.1:50451]
08:36:44.276 [Forwarding isElementDisplayed on session 49feb759a03270acf9fcf3f603416ee0 to remote] DEBUG o.a.netty.request.NettyRequestSender - Using pooled Channel '[id: 0x4ebbd40e, L:/127.0.0.1:54277 - R:localhost/127.0.0.1:50451]' for 'POST' to 'http://localhost:50451/session/49feb759a03270acf9fcf3f603416ee0/execute/sync'
08:36:44.276 [Forwarding isElementDisplayed on session 49feb759a03270acf9fcf3f603416ee0 to remote] DEBUG o.a.netty.request.NettyRequestSender - Using open Channel [id: 0x4ebbd40e, L:/127.0.0.1:54277 - R:localhost/127.0.0.1:50451] for POST '/session/49feb759a03270acf9fcf3f603416ee0/execute/sync'
08:36:44.285 [AsyncHttpClient-1-11] DEBUG o.a.netty.handler.HttpHandler - 

Request DefaultHttpRequest(decodeResult: success, version: HTTP/1.1)
POST /session/49feb759a03270acf9fcf3f603416ee0/execute/sync HTTP/1.1
User-Agent: selenium/4.1.2 (java windows)
Content-Length: 48780
Content-Type: application/json; charset=utf-8
host: localhost:50451
accept: */*

Response DefaultHttpResponse(decodeResult: success, version: HTTP/1.1)
HTTP/1.1 200 OK
Content-Type: application/json; charset=utf-8
cache-control: no-cache
content-length: 15

08:36:44.286 [AsyncHttpClient-1-11] DEBUG o.a.netty.channel.ChannelManager - Adding key: http://localhost:50451 for channel [id: 0x4ebbd40e, L:/127.0.0.1:54277 - R:localhost/127.0.0.1:50451]
08:36:44.562 [AsyncHttpClient-1-1] DEBUG o.a.netty.channel.DefaultChannelPool - Entry count for : http://localhost:54386 : 1
08:36:44.562 [AsyncHttpClient-1-1] DEBUG o.a.netty.channel.DefaultChannelPool - Entry count for : http://localhost:50451 : 1
08:36:44.798 [Forwarding findElement on session 49feb759a03270acf9fcf3f603416ee0 to remote] DEBUG o.a.netty.request.NettyRequestSender - Using pooled Channel '[id: 0x4ebbd40e, L:/127.0.0.1:54277 - R:localhost/127.0.0.1:50451]' for 'POST' to 'http://localhost:50451/session/49feb759a03270acf9fcf3f603416ee0/element'
08:36:44.798 [Forwarding findElement on session 49feb759a03270acf9fcf3f603416ee0 to remote] DEBUG o.a.netty.request.NettyRequestSender - Using open Channel [id: 0x4ebbd40e, L:/127.0.0.1:54277 - R:localhost/127.0.0.1:50451] for POST '/session/49feb759a03270acf9fcf3f603416ee0/element'
08:36:44.806 [AsyncHttpClient-1-11] DEBUG o.a.netty.handler.HttpHandler - 

Request DefaultHttpRequest(decodeResult: success, version: HTTP/1.1)
POST /session/49feb759a03270acf9fcf3f603416ee0/element HTTP/1.1
User-Agent: selenium/4.1.2 (java windows)
Content-Length: 75
Content-Type: application/json; charset=utf-8
host: localhost:50451
accept: */*

Response DefaultHttpResponse(decodeResult: success, version: HTTP/1.1)
HTTP/1.1 200 OK
Content-Type: application/json; charset=utf-8
cache-control: no-cache
content-length: 88

08:36:44.806 [AsyncHttpClient-1-11] DEBUG o.a.netty.channel.ChannelManager - Adding key: http://localhost:50451 for channel [id: 0x4ebbd40e, L:/127.0.0.1:54277 - R:localhost/127.0.0.1:50451]
08:36:44.811 [Forwarding isElementDisplayed on session 49feb759a03270acf9fcf3f603416ee0 to remote] DEBUG o.a.netty.request.NettyRequestSender - Using pooled Channel '[id: 0x4ebbd40e, L:/127.0.0.1:54277 - R:localhost/127.0.0.1:50451]' for 'POST' to 'http://localhost:50451/session/49feb759a03270acf9fcf3f603416ee0/execute/sync'
08:36:44.811 [Forwarding isElementDisplayed on session 49feb759a03270acf9fcf3f603416ee0 to remote] DEBUG o.a.netty.request.NettyRequestSender - Using open Channel [id: 0x4ebbd40e, L:/127.0.0.1:54277 - R:localhost/127.0.0.1:50451] for POST '/session/49feb759a03270acf9fcf3f603416ee0/execute/sync'
08:36:44.820 [AsyncHttpClient-1-11] DEBUG o.a.netty.handler.HttpHandler - 

Request DefaultHttpRequest(decodeResult: success, version: HTTP/1.1)
POST /session/49feb759a03270acf9fcf3f603416ee0/execute/sync HTTP/1.1
User-Agent: selenium/4.1.2 (java windows)
Content-Length: 48780
Content-Type: application/json; charset=utf-8
host: localhost:50451
accept: */*

Response DefaultHttpResponse(decodeResult: success, version: HTTP/1.1)
HTTP/1.1 200 OK
Content-Type: application/json; charset=utf-8
cache-control: no-cache
content-length: 14

08:36:44.820 [AsyncHttpClient-1-11] DEBUG o.a.netty.channel.ChannelManager - Adding key: http://localhost:50451 for channel [id: 0x4ebbd40e, L:/127.0.0.1:54277 - R:localhost/127.0.0.1:50451]
08:36:44.821 [Forwarding getElementText on session 49feb759a03270acf9fcf3f603416ee0 to remote] DEBUG o.a.netty.request.NettyRequestSender - Using pooled Channel '[id: 0x4ebbd40e, L:/127.0.0.1:54277 - R:localhost/127.0.0.1:50451]' for 'GET' to 'http://localhost:50451/session/49feb759a03270acf9fcf3f603416ee0/element/422f4bd7-f358-48d3-9973-db8c9a567c67/text'
08:36:44.822 [Forwarding getElementText on session 49feb759a03270acf9fcf3f603416ee0 to remote] DEBUG o.a.netty.request.NettyRequestSender - Using open Channel [id: 0x4ebbd40e, L:/127.0.0.1:54277 - R:localhost/127.0.0.1:50451] for GET '/session/49feb759a03270acf9fcf3f603416ee0/element/422f4bd7-f358-48d3-9973-db8c9a567c67/text'
08:36:44.835 [AsyncHttpClient-1-11] DEBUG o.a.netty.handler.HttpHandler - 

Request DefaultFullHttpRequest(decodeResult: success, version: HTTP/1.1, content: EmptyByteBufBE)
GET /session/49feb759a03270acf9fcf3f603416ee0/element/422f4bd7-f358-48d3-9973-db8c9a567c67/text HTTP/1.1
User-Agent: selenium/4.1.2 (java windows)
Cache-Control: no-cache
Content-Type: application/json; charset=utf-8
host: localhost:50451
accept: */*

Response DefaultHttpResponse(decodeResult: success, version: HTTP/1.1)
HTTP/1.1 200 OK
Content-Type: application/json; charset=utf-8
cache-control: no-cache
content-length: 59

08:36:44.836 [AsyncHttpClient-1-11] DEBUG o.a.netty.channel.ChannelManager - Adding key: http://localhost:50451 for channel [id: 0x4ebbd40e, L:/127.0.0.1:54277 - R:localhost/127.0.0.1:50451]
08:36:45.660 [AsyncHttpClient-1-1] DEBUG o.a.netty.channel.DefaultChannelPool - Entry count for : http://localhost:54386 : 1
08:36:45.660 [AsyncHttpClient-1-1] DEBUG o.a.netty.channel.DefaultChannelPool - Entry count for : http://localhost:50451 : 1
08:36:46.761 [AsyncHttpClient-1-1] DEBUG o.a.netty.channel.DefaultChannelPool - Entry count for : http://localhost:54386 : 1
08:36:46.761 [AsyncHttpClient-1-1] DEBUG o.a.netty.channel.DefaultChannelPool - Entry count for : http://localhost:50451 : 1
08:36:47.852 [AsyncHttpClient-1-1] DEBUG o.a.netty.channel.DefaultChannelPool - Entry count for : http://localhost:54386 : 1
08:36:47.852 [AsyncHttpClient-1-1] DEBUG o.a.netty.channel.DefaultChannelPool - Entry count for : http://localhost:50451 : 1
DEBUG [main] (LoginPage.java:81) - enterUserCredentails: username = 'invalidUser@vrbank1' | password = 'pega123!' 
DEBUG [main] (LoginPage.java:81)- enterUserCredentails: username = 'invalidUser@vrbank1' | password = 'pega123!' 
08:36:48.850 [Forwarding findElement on session 49feb759a03270acf9fcf3f603416ee0 to remote] DEBUG o.a.netty.request.NettyRequestSender - Using pooled Channel '[id: 0x4ebbd40e, L:/127.0.0.1:54277 - R:localhost/127.0.0.1:50451]' for 'POST' to 'http://localhost:50451/session/49feb759a03270acf9fcf3f603416ee0/element'
08:36:48.851 [Forwarding findElement on session 49feb759a03270acf9fcf3f603416ee0 to remote] DEBUG o.a.netty.request.NettyRequestSender - Using open Channel [id: 0x4ebbd40e, L:/127.0.0.1:54277 - R:localhost/127.0.0.1:50451] for POST '/session/49feb759a03270acf9fcf3f603416ee0/element'
08:36:48.857 [AsyncHttpClient-1-11] DEBUG o.a.netty.handler.HttpHandler - 

Request DefaultHttpRequest(decodeResult: success, version: HTTP/1.1)
POST /session/49feb759a03270acf9fcf3f603416ee0/element HTTP/1.1
User-Agent: selenium/4.1.2 (java windows)
Content-Length: 128
Content-Type: application/json; charset=utf-8
host: localhost:50451
accept: */*

Response DefaultHttpResponse(decodeResult: success, version: HTTP/1.1)
HTTP/1.1 200 OK
Content-Type: application/json; charset=utf-8
cache-control: no-cache
content-length: 88

08:36:48.857 [AsyncHttpClient-1-11] DEBUG o.a.netty.channel.ChannelManager - Adding key: http://localhost:50451 for channel [id: 0x4ebbd40e, L:/127.0.0.1:54277 - R:localhost/127.0.0.1:50451]
08:36:48.859 [Forwarding sendKeysToElement on session 49feb759a03270acf9fcf3f603416ee0 to remote] DEBUG o.a.netty.request.NettyRequestSender - Using pooled Channel '[id: 0x4ebbd40e, L:/127.0.0.1:54277 - R:localhost/127.0.0.1:50451]' for 'POST' to 'http://localhost:50451/session/49feb759a03270acf9fcf3f603416ee0/element/568acc43-7305-4787-94cf-cdeb06805233/value'
08:36:48.859 [Forwarding sendKeysToElement on session 49feb759a03270acf9fcf3f603416ee0 to remote] DEBUG o.a.netty.request.NettyRequestSender - Using open Channel [id: 0x4ebbd40e, L:/127.0.0.1:54277 - R:localhost/127.0.0.1:50451] for POST '/session/49feb759a03270acf9fcf3f603416ee0/element/568acc43-7305-4787-94cf-cdeb06805233/value'
08:36:48.895 [AsyncHttpClient-1-11] DEBUG o.a.netty.handler.HttpHandler - 

Request DefaultHttpRequest(decodeResult: success, version: HTTP/1.1)
POST /session/49feb759a03270acf9fcf3f603416ee0/element/568acc43-7305-4787-94cf-cdeb06805233/value HTTP/1.1
User-Agent: selenium/4.1.2 (java windows)
Content-Length: 271
Content-Type: application/json; charset=utf-8
host: localhost:50451
accept: */*

Response DefaultHttpResponse(decodeResult: success, version: HTTP/1.1)
HTTP/1.1 200 OK
Content-Type: application/json; charset=utf-8
cache-control: no-cache
content-length: 14

08:36:48.895 [AsyncHttpClient-1-11] DEBUG o.a.netty.channel.ChannelManager - Adding key: http://localhost:50451 for channel [id: 0x4ebbd40e, L:/127.0.0.1:54277 - R:localhost/127.0.0.1:50451]
08:36:48.897 [Forwarding findElement on session 49feb759a03270acf9fcf3f603416ee0 to remote] DEBUG o.a.netty.request.NettyRequestSender - Using pooled Channel '[id: 0x4ebbd40e, L:/127.0.0.1:54277 - R:localhost/127.0.0.1:50451]' for 'POST' to 'http://localhost:50451/session/49feb759a03270acf9fcf3f603416ee0/element'
08:36:48.897 [Forwarding findElement on session 49feb759a03270acf9fcf3f603416ee0 to remote] DEBUG o.a.netty.request.NettyRequestSender - Using open Channel [id: 0x4ebbd40e, L:/127.0.0.1:54277 - R:localhost/127.0.0.1:50451] for POST '/session/49feb759a03270acf9fcf3f603416ee0/element'
08:36:48.903 [AsyncHttpClient-1-11] DEBUG o.a.netty.handler.HttpHandler - 

Request DefaultHttpRequest(decodeResult: success, version: HTTP/1.1)
POST /session/49feb759a03270acf9fcf3f603416ee0/element HTTP/1.1
User-Agent: selenium/4.1.2 (java windows)
Content-Length: 132
Content-Type: application/json; charset=utf-8
host: localhost:50451
accept: */*

Response DefaultHttpResponse(decodeResult: success, version: HTTP/1.1)
HTTP/1.1 200 OK
Content-Type: application/json; charset=utf-8
cache-control: no-cache
content-length: 88

08:36:48.903 [AsyncHttpClient-1-11] DEBUG o.a.netty.channel.ChannelManager - Adding key: http://localhost:50451 for channel [id: 0x4ebbd40e, L:/127.0.0.1:54277 - R:localhost/127.0.0.1:50451]
08:36:48.905 [Forwarding sendKeysToElement on session 49feb759a03270acf9fcf3f603416ee0 to remote] DEBUG o.a.netty.request.NettyRequestSender - Using pooled Channel '[id: 0x4ebbd40e, L:/127.0.0.1:54277 - R:localhost/127.0.0.1:50451]' for 'POST' to 'http://localhost:50451/session/49feb759a03270acf9fcf3f603416ee0/element/72f63427-b559-4854-9411-9ca067526b49/value'
08:36:48.905 [Forwarding sendKeysToElement on session 49feb759a03270acf9fcf3f603416ee0 to remote] DEBUG o.a.netty.request.NettyRequestSender - Using open Channel [id: 0x4ebbd40e, L:/127.0.0.1:54277 - R:localhost/127.0.0.1:50451] for POST '/session/49feb759a03270acf9fcf3f603416ee0/element/72f63427-b559-4854-9411-9ca067526b49/value'
08:36:48.949 [AsyncHttpClient-1-11] DEBUG o.a.netty.handler.HttpHandler - 

Request DefaultHttpRequest(decodeResult: success, version: HTTP/1.1)
POST /session/49feb759a03270acf9fcf3f603416ee0/element/72f63427-b559-4854-9411-9ca067526b49/value HTTP/1.1
User-Agent: selenium/4.1.2 (java windows)
Content-Length: 161
Content-Type: application/json; charset=utf-8
host: localhost:50451
accept: */*

Response DefaultHttpResponse(decodeResult: success, version: HTTP/1.1)
HTTP/1.1 200 OK
Content-Type: application/json; charset=utf-8
cache-control: no-cache
content-length: 14

08:36:48.949 [AsyncHttpClient-1-11] DEBUG o.a.netty.channel.ChannelManager - Adding key: http://localhost:50451 for channel [id: 0x4ebbd40e, L:/127.0.0.1:54277 - R:localhost/127.0.0.1:50451]
08:36:48.950 [Forwarding findElement on session 49feb759a03270acf9fcf3f603416ee0 to remote] DEBUG o.a.netty.request.NettyRequestSender - Using pooled Channel '[id: 0x4ebbd40e, L:/127.0.0.1:54277 - R:localhost/127.0.0.1:50451]' for 'POST' to 'http://localhost:50451/session/49feb759a03270acf9fcf3f603416ee0/element'
08:36:48.950 [Forwarding findElement on session 49feb759a03270acf9fcf3f603416ee0 to remote] DEBUG o.a.netty.request.NettyRequestSender - Using open Channel [id: 0x4ebbd40e, L:/127.0.0.1:54277 - R:localhost/127.0.0.1:50451] for POST '/session/49feb759a03270acf9fcf3f603416ee0/element'
08:36:48.958 [AsyncHttpClient-1-11] DEBUG o.a.netty.handler.HttpHandler - 

Request DefaultHttpRequest(decodeResult: success, version: HTTP/1.1)
POST /session/49feb759a03270acf9fcf3f603416ee0/element HTTP/1.1
User-Agent: selenium/4.1.2 (java windows)
Content-Length: 125
Content-Type: application/json; charset=utf-8
host: localhost:50451
accept: */*

Response DefaultHttpResponse(decodeResult: success, version: HTTP/1.1)
HTTP/1.1 200 OK
Content-Type: application/json; charset=utf-8
cache-control: no-cache
content-length: 88

08:36:48.958 [AsyncHttpClient-1-1] DEBUG o.a.netty.channel.DefaultChannelPool - Entry count for : http://localhost:54386 : 1
08:36:48.958 [AsyncHttpClient-1-11] DEBUG o.a.netty.channel.ChannelManager - Adding key: http://localhost:50451 for channel [id: 0x4ebbd40e, L:/127.0.0.1:54277 - R:localhost/127.0.0.1:50451]
08:36:48.960 [Forwarding clickElement on session 49feb759a03270acf9fcf3f603416ee0 to remote] DEBUG o.a.netty.request.NettyRequestSender - Using pooled Channel '[id: 0x4ebbd40e, L:/127.0.0.1:54277 - R:localhost/127.0.0.1:50451]' for 'POST' to 'http://localhost:50451/session/49feb759a03270acf9fcf3f603416ee0/element/b579ed7a-ea6f-46ae-8467-cff3a80700e1/click'
08:36:48.960 [Forwarding clickElement on session 49feb759a03270acf9fcf3f603416ee0 to remote] DEBUG o.a.netty.request.NettyRequestSender - Using open Channel [id: 0x4ebbd40e, L:/127.0.0.1:54277 - R:localhost/127.0.0.1:50451] for POST '/session/49feb759a03270acf9fcf3f603416ee0/element/b579ed7a-ea6f-46ae-8467-cff3a80700e1/click'
08:36:49.042 [AsyncHttpClient-1-11] DEBUG o.a.netty.handler.HttpHandler - 

Request DefaultHttpRequest(decodeResult: success, version: HTTP/1.1)
POST /session/49feb759a03270acf9fcf3f603416ee0/element/b579ed7a-ea6f-46ae-8467-cff3a80700e1/click HTTP/1.1
User-Agent: selenium/4.1.2 (java windows)
Content-Length: 50
Content-Type: application/json; charset=utf-8
host: localhost:50451
accept: */*

Response DefaultHttpResponse(decodeResult: success, version: HTTP/1.1)
HTTP/1.1 200 OK
Content-Type: application/json; charset=utf-8
cache-control: no-cache
content-length: 14

08:36:49.042 [AsyncHttpClient-1-11] DEBUG o.a.netty.channel.ChannelManager - Adding key: http://localhost:50451 for channel [id: 0x4ebbd40e, L:/127.0.0.1:54277 - R:localhost/127.0.0.1:50451]
DEBUG [main] (LoginPage.java:56) - verifyErrorMessage: 'The information you entered was not recognized.' 
DEBUG [main] (LoginPage.java:56)- verifyErrorMessage: 'The information you entered was not recognized.' 
08:36:49.044 [Forwarding findElement on session 49feb759a03270acf9fcf3f603416ee0 to remote] DEBUG o.a.netty.request.NettyRequestSender - Using pooled Channel '[id: 0x4ebbd40e, L:/127.0.0.1:54277 - R:localhost/127.0.0.1:50451]' for 'POST' to 'http://localhost:50451/session/49feb759a03270acf9fcf3f603416ee0/element'
08:36:49.044 [Forwarding findElement on session 49feb759a03270acf9fcf3f603416ee0 to remote] DEBUG o.a.netty.request.NettyRequestSender - Using open Channel [id: 0x4ebbd40e, L:/127.0.0.1:54277 - R:localhost/127.0.0.1:50451] for POST '/session/49feb759a03270acf9fcf3f603416ee0/element'
08:36:49.052 [AsyncHttpClient-1-11] DEBUG o.a.netty.handler.HttpHandler - 

Request DefaultHttpRequest(decodeResult: success, version: HTTP/1.1)
POST /session/49feb759a03270acf9fcf3f603416ee0/element HTTP/1.1
User-Agent: selenium/4.1.2 (java windows)
Content-Length: 75
Content-Type: application/json; charset=utf-8
host: localhost:50451
accept: */*

Response DefaultHttpResponse(decodeResult: success, version: HTTP/1.1)
HTTP/1.1 200 OK
Content-Type: application/json; charset=utf-8
cache-control: no-cache
content-length: 88

08:36:49.052 [AsyncHttpClient-1-11] DEBUG o.a.netty.channel.ChannelManager - Adding key: http://localhost:50451 for channel [id: 0x4ebbd40e, L:/127.0.0.1:54277 - R:localhost/127.0.0.1:50451]
08:36:49.057 [Forwarding isElementDisplayed on session 49feb759a03270acf9fcf3f603416ee0 to remote] DEBUG o.a.netty.request.NettyRequestSender - Using pooled Channel '[id: 0x4ebbd40e, L:/127.0.0.1:54277 - R:localhost/127.0.0.1:50451]' for 'POST' to 'http://localhost:50451/session/49feb759a03270acf9fcf3f603416ee0/execute/sync'
08:36:49.057 [Forwarding isElementDisplayed on session 49feb759a03270acf9fcf3f603416ee0 to remote] DEBUG o.a.netty.request.NettyRequestSender - Using open Channel [id: 0x4ebbd40e, L:/127.0.0.1:54277 - R:localhost/127.0.0.1:50451] for POST '/session/49feb759a03270acf9fcf3f603416ee0/execute/sync'
08:36:49.070 [AsyncHttpClient-1-11] DEBUG o.a.netty.handler.HttpHandler - 

Request DefaultHttpRequest(decodeResult: success, version: HTTP/1.1)
POST /session/49feb759a03270acf9fcf3f603416ee0/execute/sync HTTP/1.1
User-Agent: selenium/4.1.2 (java windows)
Content-Length: 48780
Content-Type: application/json; charset=utf-8
host: localhost:50451
accept: */*

Response DefaultHttpResponse(decodeResult: success, version: HTTP/1.1)
HTTP/1.1 200 OK
Content-Type: application/json; charset=utf-8
cache-control: no-cache
content-length: 15

08:36:49.070 [AsyncHttpClient-1-11] DEBUG o.a.netty.channel.ChannelManager - Adding key: http://localhost:50451 for channel [id: 0x4ebbd40e, L:/127.0.0.1:54277 - R:localhost/127.0.0.1:50451]
08:36:49.573 [Forwarding findElement on session 49feb759a03270acf9fcf3f603416ee0 to remote] DEBUG o.a.netty.request.NettyRequestSender - Using pooled Channel '[id: 0x4ebbd40e, L:/127.0.0.1:54277 - R:localhost/127.0.0.1:50451]' for 'POST' to 'http://localhost:50451/session/49feb759a03270acf9fcf3f603416ee0/element'
08:36:49.573 [Forwarding findElement on session 49feb759a03270acf9fcf3f603416ee0 to remote] DEBUG o.a.netty.request.NettyRequestSender - Using open Channel [id: 0x4ebbd40e, L:/127.0.0.1:54277 - R:localhost/127.0.0.1:50451] for POST '/session/49feb759a03270acf9fcf3f603416ee0/element'
08:36:49.580 [AsyncHttpClient-1-11] DEBUG o.a.netty.handler.HttpHandler - 

Request DefaultHttpRequest(decodeResult: success, version: HTTP/1.1)
POST /session/49feb759a03270acf9fcf3f603416ee0/element HTTP/1.1
User-Agent: selenium/4.1.2 (java windows)
Content-Length: 75
Content-Type: application/json; charset=utf-8
host: localhost:50451
accept: */*

Response DefaultHttpResponse(decodeResult: success, version: HTTP/1.1)
HTTP/1.1 200 OK
Content-Type: application/json; charset=utf-8
cache-control: no-cache
content-length: 88

08:36:49.580 [AsyncHttpClient-1-11] DEBUG o.a.netty.channel.ChannelManager - Adding key: http://localhost:50451 for channel [id: 0x4ebbd40e, L:/127.0.0.1:54277 - R:localhost/127.0.0.1:50451]
08:36:49.586 [Forwarding isElementDisplayed on session 49feb759a03270acf9fcf3f603416ee0 to remote] DEBUG o.a.netty.request.NettyRequestSender - Using pooled Channel '[id: 0x4ebbd40e, L:/127.0.0.1:54277 - R:localhost/127.0.0.1:50451]' for 'POST' to 'http://localhost:50451/session/49feb759a03270acf9fcf3f603416ee0/execute/sync'
08:36:49.586 [Forwarding isElementDisplayed on session 49feb759a03270acf9fcf3f603416ee0 to remote] DEBUG o.a.netty.request.NettyRequestSender - Using open Channel [id: 0x4ebbd40e, L:/127.0.0.1:54277 - R:localhost/127.0.0.1:50451] for POST '/session/49feb759a03270acf9fcf3f603416ee0/execute/sync'
08:36:49.596 [AsyncHttpClient-1-11] DEBUG o.a.netty.handler.HttpHandler - 

Request DefaultHttpRequest(decodeResult: success, version: HTTP/1.1)
POST /session/49feb759a03270acf9fcf3f603416ee0/execute/sync HTTP/1.1
User-Agent: selenium/4.1.2 (java windows)
Content-Length: 48780
Content-Type: application/json; charset=utf-8
host: localhost:50451
accept: */*

Response DefaultHttpResponse(decodeResult: success, version: HTTP/1.1)
HTTP/1.1 200 OK
Content-Type: application/json; charset=utf-8
cache-control: no-cache
content-length: 14

08:36:49.596 [AsyncHttpClient-1-11] DEBUG o.a.netty.channel.ChannelManager - Adding key: http://localhost:50451 for channel [id: 0x4ebbd40e, L:/127.0.0.1:54277 - R:localhost/127.0.0.1:50451]
08:36:49.598 [Forwarding getElementText on session 49feb759a03270acf9fcf3f603416ee0 to remote] DEBUG o.a.netty.request.NettyRequestSender - Using pooled Channel '[id: 0x4ebbd40e, L:/127.0.0.1:54277 - R:localhost/127.0.0.1:50451]' for 'GET' to 'http://localhost:50451/session/49feb759a03270acf9fcf3f603416ee0/element/5bfd0182-a355-4668-92cb-5232a367eec6/text'
08:36:49.598 [Forwarding getElementText on session 49feb759a03270acf9fcf3f603416ee0 to remote] DEBUG o.a.netty.request.NettyRequestSender - Using open Channel [id: 0x4ebbd40e, L:/127.0.0.1:54277 - R:localhost/127.0.0.1:50451] for GET '/session/49feb759a03270acf9fcf3f603416ee0/element/5bfd0182-a355-4668-92cb-5232a367eec6/text'
08:36:49.612 [AsyncHttpClient-1-11] DEBUG o.a.netty.handler.HttpHandler - 

Request DefaultFullHttpRequest(decodeResult: success, version: HTTP/1.1, content: EmptyByteBufBE)
GET /session/49feb759a03270acf9fcf3f603416ee0/element/5bfd0182-a355-4668-92cb-5232a367eec6/text HTTP/1.1
User-Agent: selenium/4.1.2 (java windows)
Cache-Control: no-cache
Content-Type: application/json; charset=utf-8
host: localhost:50451
accept: */*

Response DefaultHttpResponse(decodeResult: success, version: HTTP/1.1)
HTTP/1.1 200 OK
Content-Type: application/json; charset=utf-8
cache-control: no-cache
content-length: 59

08:36:49.612 [AsyncHttpClient-1-11] DEBUG o.a.netty.channel.ChannelManager - Adding key: http://localhost:50451 for channel [id: 0x4ebbd40e, L:/127.0.0.1:54277 - R:localhost/127.0.0.1:50451]
08:36:50.060 [AsyncHttpClient-1-1] DEBUG o.a.netty.channel.DefaultChannelPool - Entry count for : http://localhost:54386 : 1
08:36:50.060 [AsyncHttpClient-1-1] DEBUG o.a.netty.channel.DefaultChannelPool - Entry count for : http://localhost:50451 : 1
08:36:51.161 [AsyncHttpClient-1-1] DEBUG o.a.netty.channel.DefaultChannelPool - Entry count for : http://localhost:54386 : 1
08:36:51.161 [AsyncHttpClient-1-1] DEBUG o.a.netty.channel.DefaultChannelPool - Entry count for : http://localhost:50451 : 1
08:36:52.261 [AsyncHttpClient-1-1] DEBUG o.a.netty.channel.DefaultChannelPool - Entry count for : http://localhost:54386 : 1
08:36:52.261 [AsyncHttpClient-1-1] DEBUG o.a.netty.channel.DefaultChannelPool - Entry count for : http://localhost:50451 : 1
08:36:53.351 [AsyncHttpClient-1-1] DEBUG o.a.netty.channel.DefaultChannelPool - Entry count for : http://localhost:54386 : 1
08:36:53.351 [AsyncHttpClient-1-1] DEBUG o.a.netty.channel.DefaultChannelPool - Entry count for : http://localhost:50451 : 1
DEBUG [main] (LoginPage.java:81) - enterUserCredentails: username = '' | password = '' 
DEBUG [main] (LoginPage.java:81)- enterUserCredentails: username = '' | password = '' 
08:36:53.623 [Forwarding findElement on session 49feb759a03270acf9fcf3f603416ee0 to remote] DEBUG o.a.netty.request.NettyRequestSender - Using pooled Channel '[id: 0x4ebbd40e, L:/127.0.0.1:54277 - R:localhost/127.0.0.1:50451]' for 'POST' to 'http://localhost:50451/session/49feb759a03270acf9fcf3f603416ee0/element'
08:36:53.623 [Forwarding findElement on session 49feb759a03270acf9fcf3f603416ee0 to remote] DEBUG o.a.netty.request.NettyRequestSender - Using open Channel [id: 0x4ebbd40e, L:/127.0.0.1:54277 - R:localhost/127.0.0.1:50451] for POST '/session/49feb759a03270acf9fcf3f603416ee0/element'
08:36:53.629 [AsyncHttpClient-1-11] DEBUG o.a.netty.handler.HttpHandler - 

Request DefaultHttpRequest(decodeResult: success, version: HTTP/1.1)
POST /session/49feb759a03270acf9fcf3f603416ee0/element HTTP/1.1
User-Agent: selenium/4.1.2 (java windows)
Content-Length: 128
Content-Type: application/json; charset=utf-8
host: localhost:50451
accept: */*

Response DefaultHttpResponse(decodeResult: success, version: HTTP/1.1)
HTTP/1.1 200 OK
Content-Type: application/json; charset=utf-8
cache-control: no-cache
content-length: 88

08:36:53.630 [AsyncHttpClient-1-11] DEBUG o.a.netty.channel.ChannelManager - Adding key: http://localhost:50451 for channel [id: 0x4ebbd40e, L:/127.0.0.1:54277 - R:localhost/127.0.0.1:50451]
08:36:53.631 [Forwarding sendKeysToElement on session 49feb759a03270acf9fcf3f603416ee0 to remote] DEBUG o.a.netty.request.NettyRequestSender - Using pooled Channel '[id: 0x4ebbd40e, L:/127.0.0.1:54277 - R:localhost/127.0.0.1:50451]' for 'POST' to 'http://localhost:50451/session/49feb759a03270acf9fcf3f603416ee0/element/c254435d-c762-4321-80f8-caef3b1f3f01/value'
08:36:53.631 [Forwarding sendKeysToElement on session 49feb759a03270acf9fcf3f603416ee0 to remote] DEBUG o.a.netty.request.NettyRequestSender - Using open Channel [id: 0x4ebbd40e, L:/127.0.0.1:54277 - R:localhost/127.0.0.1:50451] for POST '/session/49feb759a03270acf9fcf3f603416ee0/element/c254435d-c762-4321-80f8-caef3b1f3f01/value'
08:36:53.652 [AsyncHttpClient-1-11] DEBUG o.a.netty.handler.HttpHandler - 

Request DefaultHttpRequest(decodeResult: success, version: HTTP/1.1)
POST /session/49feb759a03270acf9fcf3f603416ee0/element/c254435d-c762-4321-80f8-caef3b1f3f01/value HTTP/1.1
User-Agent: selenium/4.1.2 (java windows)
Content-Length: 82
Content-Type: application/json; charset=utf-8
host: localhost:50451
accept: */*

Response DefaultHttpResponse(decodeResult: success, version: HTTP/1.1)
HTTP/1.1 200 OK
Content-Type: application/json; charset=utf-8
cache-control: no-cache
content-length: 14

08:36:53.652 [AsyncHttpClient-1-11] DEBUG o.a.netty.channel.ChannelManager - Adding key: http://localhost:50451 for channel [id: 0x4ebbd40e, L:/127.0.0.1:54277 - R:localhost/127.0.0.1:50451]
08:36:53.654 [Forwarding findElement on session 49feb759a03270acf9fcf3f603416ee0 to remote] DEBUG o.a.netty.request.NettyRequestSender - Using pooled Channel '[id: 0x4ebbd40e, L:/127.0.0.1:54277 - R:localhost/127.0.0.1:50451]' for 'POST' to 'http://localhost:50451/session/49feb759a03270acf9fcf3f603416ee0/element'
08:36:53.654 [Forwarding findElement on session 49feb759a03270acf9fcf3f603416ee0 to remote] DEBUG o.a.netty.request.NettyRequestSender - Using open Channel [id: 0x4ebbd40e, L:/127.0.0.1:54277 - R:localhost/127.0.0.1:50451] for POST '/session/49feb759a03270acf9fcf3f603416ee0/element'
08:36:53.660 [AsyncHttpClient-1-11] DEBUG o.a.netty.handler.HttpHandler - 

Request DefaultHttpRequest(decodeResult: success, version: HTTP/1.1)
POST /session/49feb759a03270acf9fcf3f603416ee0/element HTTP/1.1
User-Agent: selenium/4.1.2 (java windows)
Content-Length: 132
Content-Type: application/json; charset=utf-8
host: localhost:50451
accept: */*

Response DefaultHttpResponse(decodeResult: success, version: HTTP/1.1)
HTTP/1.1 200 OK
Content-Type: application/json; charset=utf-8
cache-control: no-cache
content-length: 88

08:36:53.660 [AsyncHttpClient-1-11] DEBUG o.a.netty.channel.ChannelManager - Adding key: http://localhost:50451 for channel [id: 0x4ebbd40e, L:/127.0.0.1:54277 - R:localhost/127.0.0.1:50451]
08:36:53.661 [Forwarding sendKeysToElement on session 49feb759a03270acf9fcf3f603416ee0 to remote] DEBUG o.a.netty.request.NettyRequestSender - Using pooled Channel '[id: 0x4ebbd40e, L:/127.0.0.1:54277 - R:localhost/127.0.0.1:50451]' for 'POST' to 'http://localhost:50451/session/49feb759a03270acf9fcf3f603416ee0/element/3ab779cf-3081-4e24-a788-b6a6dfed4aa7/value'
08:36:53.661 [Forwarding sendKeysToElement on session 49feb759a03270acf9fcf3f603416ee0 to remote] DEBUG o.a.netty.request.NettyRequestSender - Using open Channel [id: 0x4ebbd40e, L:/127.0.0.1:54277 - R:localhost/127.0.0.1:50451] for POST '/session/49feb759a03270acf9fcf3f603416ee0/element/3ab779cf-3081-4e24-a788-b6a6dfed4aa7/value'
08:36:53.701 [AsyncHttpClient-1-11] DEBUG o.a.netty.handler.HttpHandler - 

Request DefaultHttpRequest(decodeResult: success, version: HTTP/1.1)
POST /session/49feb759a03270acf9fcf3f603416ee0/element/3ab779cf-3081-4e24-a788-b6a6dfed4aa7/value HTTP/1.1
User-Agent: selenium/4.1.2 (java windows)
Content-Length: 82
Content-Type: application/json; charset=utf-8
host: localhost:50451
accept: */*

Response DefaultHttpResponse(decodeResult: success, version: HTTP/1.1)
HTTP/1.1 200 OK
Content-Type: application/json; charset=utf-8
cache-control: no-cache
content-length: 14

08:36:53.701 [AsyncHttpClient-1-11] DEBUG o.a.netty.channel.ChannelManager - Adding key: http://localhost:50451 for channel [id: 0x4ebbd40e, L:/127.0.0.1:54277 - R:localhost/127.0.0.1:50451]
08:36:53.703 [Forwarding findElement on session 49feb759a03270acf9fcf3f603416ee0 to remote] DEBUG o.a.netty.request.NettyRequestSender - Using pooled Channel '[id: 0x4ebbd40e, L:/127.0.0.1:54277 - R:localhost/127.0.0.1:50451]' for 'POST' to 'http://localhost:50451/session/49feb759a03270acf9fcf3f603416ee0/element'
08:36:53.703 [Forwarding findElement on session 49feb759a03270acf9fcf3f603416ee0 to remote] DEBUG o.a.netty.request.NettyRequestSender - Using open Channel [id: 0x4ebbd40e, L:/127.0.0.1:54277 - R:localhost/127.0.0.1:50451] for POST '/session/49feb759a03270acf9fcf3f603416ee0/element'
08:36:53.710 [AsyncHttpClient-1-11] DEBUG o.a.netty.handler.HttpHandler - 

Request DefaultHttpRequest(decodeResult: success, version: HTTP/1.1)
POST /session/49feb759a03270acf9fcf3f603416ee0/element HTTP/1.1
User-Agent: selenium/4.1.2 (java windows)
Content-Length: 125
Content-Type: application/json; charset=utf-8
host: localhost:50451
accept: */*

Response DefaultHttpResponse(decodeResult: success, version: HTTP/1.1)
HTTP/1.1 200 OK
Content-Type: application/json; charset=utf-8
cache-control: no-cache
content-length: 88

08:36:53.710 [AsyncHttpClient-1-11] DEBUG o.a.netty.channel.ChannelManager - Adding key: http://localhost:50451 for channel [id: 0x4ebbd40e, L:/127.0.0.1:54277 - R:localhost/127.0.0.1:50451]
08:36:53.711 [Forwarding clickElement on session 49feb759a03270acf9fcf3f603416ee0 to remote] DEBUG o.a.netty.request.NettyRequestSender - Using pooled Channel '[id: 0x4ebbd40e, L:/127.0.0.1:54277 - R:localhost/127.0.0.1:50451]' for 'POST' to 'http://localhost:50451/session/49feb759a03270acf9fcf3f603416ee0/element/8c4446fb-c773-4d2b-9357-6c658b6e387d/click'
08:36:53.711 [Forwarding clickElement on session 49feb759a03270acf9fcf3f603416ee0 to remote] DEBUG o.a.netty.request.NettyRequestSender - Using open Channel [id: 0x4ebbd40e, L:/127.0.0.1:54277 - R:localhost/127.0.0.1:50451] for POST '/session/49feb759a03270acf9fcf3f603416ee0/element/8c4446fb-c773-4d2b-9357-6c658b6e387d/click'
08:36:53.781 [AsyncHttpClient-1-11] DEBUG o.a.netty.handler.HttpHandler - 

Request DefaultHttpRequest(decodeResult: success, version: HTTP/1.1)
POST /session/49feb759a03270acf9fcf3f603416ee0/element/8c4446fb-c773-4d2b-9357-6c658b6e387d/click HTTP/1.1
User-Agent: selenium/4.1.2 (java windows)
Content-Length: 50
Content-Type: application/json; charset=utf-8
host: localhost:50451
accept: */*

Response DefaultHttpResponse(decodeResult: success, version: HTTP/1.1)
HTTP/1.1 200 OK
Content-Type: application/json; charset=utf-8
cache-control: no-cache
content-length: 14

08:36:53.782 [AsyncHttpClient-1-11] DEBUG o.a.netty.channel.ChannelManager - Adding key: http://localhost:50451 for channel [id: 0x4ebbd40e, L:/127.0.0.1:54277 - R:localhost/127.0.0.1:50451]
DEBUG [main] (LoginPage.java:56) - verifyErrorMessage: 'The information you entered was not recognized.' 
DEBUG [main] (LoginPage.java:56)- verifyErrorMessage: 'The information you entered was not recognized.' 
08:36:53.784 [Forwarding findElement on session 49feb759a03270acf9fcf3f603416ee0 to remote] DEBUG o.a.netty.request.NettyRequestSender - Using pooled Channel '[id: 0x4ebbd40e, L:/127.0.0.1:54277 - R:localhost/127.0.0.1:50451]' for 'POST' to 'http://localhost:50451/session/49feb759a03270acf9fcf3f603416ee0/element'
08:36:53.784 [Forwarding findElement on session 49feb759a03270acf9fcf3f603416ee0 to remote] DEBUG o.a.netty.request.NettyRequestSender - Using open Channel [id: 0x4ebbd40e, L:/127.0.0.1:54277 - R:localhost/127.0.0.1:50451] for POST '/session/49feb759a03270acf9fcf3f603416ee0/element'
08:36:53.792 [AsyncHttpClient-1-11] DEBUG o.a.netty.handler.HttpHandler - 

Request DefaultHttpRequest(decodeResult: success, version: HTTP/1.1)
POST /session/49feb759a03270acf9fcf3f603416ee0/element HTTP/1.1
User-Agent: selenium/4.1.2 (java windows)
Content-Length: 75
Content-Type: application/json; charset=utf-8
host: localhost:50451
accept: */*

Response DefaultHttpResponse(decodeResult: success, version: HTTP/1.1)
HTTP/1.1 200 OK
Content-Type: application/json; charset=utf-8
cache-control: no-cache
content-length: 88

08:36:53.792 [AsyncHttpClient-1-11] DEBUG o.a.netty.channel.ChannelManager - Adding key: http://localhost:50451 for channel [id: 0x4ebbd40e, L:/127.0.0.1:54277 - R:localhost/127.0.0.1:50451]
08:36:53.796 [Forwarding isElementDisplayed on session 49feb759a03270acf9fcf3f603416ee0 to remote] DEBUG o.a.netty.request.NettyRequestSender - Using pooled Channel '[id: 0x4ebbd40e, L:/127.0.0.1:54277 - R:localhost/127.0.0.1:50451]' for 'POST' to 'http://localhost:50451/session/49feb759a03270acf9fcf3f603416ee0/execute/sync'
08:36:53.796 [Forwarding isElementDisplayed on session 49feb759a03270acf9fcf3f603416ee0 to remote] DEBUG o.a.netty.request.NettyRequestSender - Using open Channel [id: 0x4ebbd40e, L:/127.0.0.1:54277 - R:localhost/127.0.0.1:50451] for POST '/session/49feb759a03270acf9fcf3f603416ee0/execute/sync'
08:36:53.809 [AsyncHttpClient-1-11] DEBUG o.a.netty.handler.HttpHandler - 

Request DefaultHttpRequest(decodeResult: success, version: HTTP/1.1)
POST /session/49feb759a03270acf9fcf3f603416ee0/execute/sync HTTP/1.1
User-Agent: selenium/4.1.2 (java windows)
Content-Length: 48780
Content-Type: application/json; charset=utf-8
host: localhost:50451
accept: */*

Response DefaultHttpResponse(decodeResult: success, version: HTTP/1.1)
HTTP/1.1 200 OK
Content-Type: application/json; charset=utf-8
cache-control: no-cache
content-length: 15

08:36:53.809 [AsyncHttpClient-1-11] DEBUG o.a.netty.channel.ChannelManager - Adding key: http://localhost:50451 for channel [id: 0x4ebbd40e, L:/127.0.0.1:54277 - R:localhost/127.0.0.1:50451]
08:36:54.318 [Forwarding findElement on session 49feb759a03270acf9fcf3f603416ee0 to remote] DEBUG o.a.netty.request.NettyRequestSender - Using pooled Channel '[id: 0x4ebbd40e, L:/127.0.0.1:54277 - R:localhost/127.0.0.1:50451]' for 'POST' to 'http://localhost:50451/session/49feb759a03270acf9fcf3f603416ee0/element'
08:36:54.318 [Forwarding findElement on session 49feb759a03270acf9fcf3f603416ee0 to remote] DEBUG o.a.netty.request.NettyRequestSender - Using open Channel [id: 0x4ebbd40e, L:/127.0.0.1:54277 - R:localhost/127.0.0.1:50451] for POST '/session/49feb759a03270acf9fcf3f603416ee0/element'
08:36:54.325 [AsyncHttpClient-1-11] DEBUG o.a.netty.handler.HttpHandler - 

Request DefaultHttpRequest(decodeResult: success, version: HTTP/1.1)
POST /session/49feb759a03270acf9fcf3f603416ee0/element HTTP/1.1
User-Agent: selenium/4.1.2 (java windows)
Content-Length: 75
Content-Type: application/json; charset=utf-8
host: localhost:50451
accept: */*

Response DefaultHttpResponse(decodeResult: success, version: HTTP/1.1)
HTTP/1.1 200 OK
Content-Type: application/json; charset=utf-8
cache-control: no-cache
content-length: 88

08:36:54.325 [AsyncHttpClient-1-11] DEBUG o.a.netty.channel.ChannelManager - Adding key: http://localhost:50451 for channel [id: 0x4ebbd40e, L:/127.0.0.1:54277 - R:localhost/127.0.0.1:50451]
08:36:54.329 [Forwarding isElementDisplayed on session 49feb759a03270acf9fcf3f603416ee0 to remote] DEBUG o.a.netty.request.NettyRequestSender - Using pooled Channel '[id: 0x4ebbd40e, L:/127.0.0.1:54277 - R:localhost/127.0.0.1:50451]' for 'POST' to 'http://localhost:50451/session/49feb759a03270acf9fcf3f603416ee0/execute/sync'
08:36:54.329 [Forwarding isElementDisplayed on session 49feb759a03270acf9fcf3f603416ee0 to remote] DEBUG o.a.netty.request.NettyRequestSender - Using open Channel [id: 0x4ebbd40e, L:/127.0.0.1:54277 - R:localhost/127.0.0.1:50451] for POST '/session/49feb759a03270acf9fcf3f603416ee0/execute/sync'
08:36:54.338 [AsyncHttpClient-1-11] DEBUG o.a.netty.handler.HttpHandler - 

Request DefaultHttpRequest(decodeResult: success, version: HTTP/1.1)
POST /session/49feb759a03270acf9fcf3f603416ee0/execute/sync HTTP/1.1
User-Agent: selenium/4.1.2 (java windows)
Content-Length: 48780
Content-Type: application/json; charset=utf-8
host: localhost:50451
accept: */*

Response DefaultHttpResponse(decodeResult: success, version: HTTP/1.1)
HTTP/1.1 200 OK
Content-Type: application/json; charset=utf-8
cache-control: no-cache
content-length: 14

08:36:54.338 [AsyncHttpClient-1-11] DEBUG o.a.netty.channel.ChannelManager - Adding key: http://localhost:50451 for channel [id: 0x4ebbd40e, L:/127.0.0.1:54277 - R:localhost/127.0.0.1:50451]
08:36:54.339 [Forwarding getElementText on session 49feb759a03270acf9fcf3f603416ee0 to remote] DEBUG o.a.netty.request.NettyRequestSender - Using pooled Channel '[id: 0x4ebbd40e, L:/127.0.0.1:54277 - R:localhost/127.0.0.1:50451]' for 'GET' to 'http://localhost:50451/session/49feb759a03270acf9fcf3f603416ee0/element/f26b9c4f-82e5-4c5c-aa0b-00b3bca02788/text'
08:36:54.339 [Forwarding getElementText on session 49feb759a03270acf9fcf3f603416ee0 to remote] DEBUG o.a.netty.request.NettyRequestSender - Using open Channel [id: 0x4ebbd40e, L:/127.0.0.1:54277 - R:localhost/127.0.0.1:50451] for GET '/session/49feb759a03270acf9fcf3f603416ee0/element/f26b9c4f-82e5-4c5c-aa0b-00b3bca02788/text'
08:36:54.352 [AsyncHttpClient-1-11] DEBUG o.a.netty.handler.HttpHandler - 

Request DefaultFullHttpRequest(decodeResult: success, version: HTTP/1.1, content: EmptyByteBufBE)
GET /session/49feb759a03270acf9fcf3f603416ee0/element/f26b9c4f-82e5-4c5c-aa0b-00b3bca02788/text HTTP/1.1
User-Agent: selenium/4.1.2 (java windows)
Cache-Control: no-cache
Content-Type: application/json; charset=utf-8
host: localhost:50451
accept: */*

Response DefaultHttpResponse(decodeResult: success, version: HTTP/1.1)
HTTP/1.1 200 OK
Content-Type: application/json; charset=utf-8
cache-control: no-cache
content-length: 59

08:36:54.352 [AsyncHttpClient-1-11] DEBUG o.a.netty.channel.ChannelManager - Adding key: http://localhost:50451 for channel [id: 0x4ebbd40e, L:/127.0.0.1:54277 - R:localhost/127.0.0.1:50451]
08:36:54.461 [AsyncHttpClient-1-1] DEBUG o.a.netty.channel.DefaultChannelPool - Entry count for : http://localhost:54386 : 1
08:36:54.461 [AsyncHttpClient-1-1] DEBUG o.a.netty.channel.DefaultChannelPool - Entry count for : http://localhost:50451 : 1
08:36:55.554 [AsyncHttpClient-1-1] DEBUG o.a.netty.channel.DefaultChannelPool - Entry count for : http://localhost:54386 : 1
08:36:55.554 [AsyncHttpClient-1-1] DEBUG o.a.netty.channel.DefaultChannelPool - Entry count for : http://localhost:50451 : 1
08:36:56.659 [AsyncHttpClient-1-1] DEBUG o.a.netty.channel.DefaultChannelPool - Entry count for : http://localhost:54386 : 1
08:36:56.659 [AsyncHttpClient-1-1] DEBUG o.a.netty.channel.DefaultChannelPool - Entry count for : http://localhost:50451 : 1
08:36:57.754 [AsyncHttpClient-1-1] DEBUG o.a.netty.channel.DefaultChannelPool - Entry count for : http://localhost:54386 : 1
08:36:57.754 [AsyncHttpClient-1-1] DEBUG o.a.netty.channel.DefaultChannelPool - Entry count for : http://localhost:50451 : 1
DEBUG [main] (LoginPage.java:81) - enterUserCredentails: username = '' | password = '' 
DEBUG [main] (LoginPage.java:81)- enterUserCredentails: username = '' | password = '' 
08:36:58.375 [Forwarding findElement on session 49feb759a03270acf9fcf3f603416ee0 to remote] DEBUG o.a.netty.request.NettyRequestSender - Using pooled Channel '[id: 0x4ebbd40e, L:/127.0.0.1:54277 - R:localhost/127.0.0.1:50451]' for 'POST' to 'http://localhost:50451/session/49feb759a03270acf9fcf3f603416ee0/element'
08:36:58.375 [Forwarding findElement on session 49feb759a03270acf9fcf3f603416ee0 to remote] DEBUG o.a.netty.request.NettyRequestSender - Using open Channel [id: 0x4ebbd40e, L:/127.0.0.1:54277 - R:localhost/127.0.0.1:50451] for POST '/session/49feb759a03270acf9fcf3f603416ee0/element'
08:36:58.382 [AsyncHttpClient-1-11] DEBUG o.a.netty.handler.HttpHandler - 

Request DefaultHttpRequest(decodeResult: success, version: HTTP/1.1)
POST /session/49feb759a03270acf9fcf3f603416ee0/element HTTP/1.1
User-Agent: selenium/4.1.2 (java windows)
Content-Length: 128
Content-Type: application/json; charset=utf-8
host: localhost:50451
accept: */*

Response DefaultHttpResponse(decodeResult: success, version: HTTP/1.1)
HTTP/1.1 200 OK
Content-Type: application/json; charset=utf-8
cache-control: no-cache
content-length: 88

08:36:58.382 [AsyncHttpClient-1-11] DEBUG o.a.netty.channel.ChannelManager - Adding key: http://localhost:50451 for channel [id: 0x4ebbd40e, L:/127.0.0.1:54277 - R:localhost/127.0.0.1:50451]
08:36:58.383 [Forwarding sendKeysToElement on session 49feb759a03270acf9fcf3f603416ee0 to remote] DEBUG o.a.netty.request.NettyRequestSender - Using pooled Channel '[id: 0x4ebbd40e, L:/127.0.0.1:54277 - R:localhost/127.0.0.1:50451]' for 'POST' to 'http://localhost:50451/session/49feb759a03270acf9fcf3f603416ee0/element/26a70f13-57b8-4e58-b816-cbb7281ada32/value'
08:36:58.384 [Forwarding sendKeysToElement on session 49feb759a03270acf9fcf3f603416ee0 to remote] DEBUG o.a.netty.request.NettyRequestSender - Using open Channel [id: 0x4ebbd40e, L:/127.0.0.1:54277 - R:localhost/127.0.0.1:50451] for POST '/session/49feb759a03270acf9fcf3f603416ee0/element/26a70f13-57b8-4e58-b816-cbb7281ada32/value'
08:36:58.405 [AsyncHttpClient-1-11] DEBUG o.a.netty.handler.HttpHandler - 

Request DefaultHttpRequest(decodeResult: success, version: HTTP/1.1)
POST /session/49feb759a03270acf9fcf3f603416ee0/element/26a70f13-57b8-4e58-b816-cbb7281ada32/value HTTP/1.1
User-Agent: selenium/4.1.2 (java windows)
Content-Length: 82
Content-Type: application/json; charset=utf-8
host: localhost:50451
accept: */*

Response DefaultHttpResponse(decodeResult: success, version: HTTP/1.1)
HTTP/1.1 200 OK
Content-Type: application/json; charset=utf-8
cache-control: no-cache
content-length: 14

08:36:58.405 [AsyncHttpClient-1-11] DEBUG o.a.netty.channel.ChannelManager - Adding key: http://localhost:50451 for channel [id: 0x4ebbd40e, L:/127.0.0.1:54277 - R:localhost/127.0.0.1:50451]
08:36:58.406 [Forwarding findElement on session 49feb759a03270acf9fcf3f603416ee0 to remote] DEBUG o.a.netty.request.NettyRequestSender - Using pooled Channel '[id: 0x4ebbd40e, L:/127.0.0.1:54277 - R:localhost/127.0.0.1:50451]' for 'POST' to 'http://localhost:50451/session/49feb759a03270acf9fcf3f603416ee0/element'
08:36:58.407 [Forwarding findElement on session 49feb759a03270acf9fcf3f603416ee0 to remote] DEBUG o.a.netty.request.NettyRequestSender - Using open Channel [id: 0x4ebbd40e, L:/127.0.0.1:54277 - R:localhost/127.0.0.1:50451] for POST '/session/49feb759a03270acf9fcf3f603416ee0/element'
08:36:58.413 [AsyncHttpClient-1-11] DEBUG o.a.netty.handler.HttpHandler - 

Request DefaultHttpRequest(decodeResult: success, version: HTTP/1.1)
POST /session/49feb759a03270acf9fcf3f603416ee0/element HTTP/1.1
User-Agent: selenium/4.1.2 (java windows)
Content-Length: 132
Content-Type: application/json; charset=utf-8
host: localhost:50451
accept: */*

Response DefaultHttpResponse(decodeResult: success, version: HTTP/1.1)
HTTP/1.1 200 OK
Content-Type: application/json; charset=utf-8
cache-control: no-cache
content-length: 88

08:36:58.413 [AsyncHttpClient-1-11] DEBUG o.a.netty.channel.ChannelManager - Adding key: http://localhost:50451 for channel [id: 0x4ebbd40e, L:/127.0.0.1:54277 - R:localhost/127.0.0.1:50451]
08:36:58.414 [Forwarding sendKeysToElement on session 49feb759a03270acf9fcf3f603416ee0 to remote] DEBUG o.a.netty.request.NettyRequestSender - Using pooled Channel '[id: 0x4ebbd40e, L:/127.0.0.1:54277 - R:localhost/127.0.0.1:50451]' for 'POST' to 'http://localhost:50451/session/49feb759a03270acf9fcf3f603416ee0/element/f1079608-ed4b-4d55-820e-7c9fc410c8e7/value'
08:36:58.415 [Forwarding sendKeysToElement on session 49feb759a03270acf9fcf3f603416ee0 to remote] DEBUG o.a.netty.request.NettyRequestSender - Using open Channel [id: 0x4ebbd40e, L:/127.0.0.1:54277 - R:localhost/127.0.0.1:50451] for POST '/session/49feb759a03270acf9fcf3f603416ee0/element/f1079608-ed4b-4d55-820e-7c9fc410c8e7/value'
08:36:58.455 [AsyncHttpClient-1-11] DEBUG o.a.netty.handler.HttpHandler - 

Request DefaultHttpRequest(decodeResult: success, version: HTTP/1.1)
POST /session/49feb759a03270acf9fcf3f603416ee0/element/f1079608-ed4b-4d55-820e-7c9fc410c8e7/value HTTP/1.1
User-Agent: selenium/4.1.2 (java windows)
Content-Length: 82
Content-Type: application/json; charset=utf-8
host: localhost:50451
accept: */*

Response DefaultHttpResponse(decodeResult: success, version: HTTP/1.1)
HTTP/1.1 200 OK
Content-Type: application/json; charset=utf-8
cache-control: no-cache
content-length: 14

08:36:58.455 [AsyncHttpClient-1-11] DEBUG o.a.netty.channel.ChannelManager - Adding key: http://localhost:50451 for channel [id: 0x4ebbd40e, L:/127.0.0.1:54277 - R:localhost/127.0.0.1:50451]
08:36:58.456 [Forwarding findElement on session 49feb759a03270acf9fcf3f603416ee0 to remote] DEBUG o.a.netty.request.NettyRequestSender - Using pooled Channel '[id: 0x4ebbd40e, L:/127.0.0.1:54277 - R:localhost/127.0.0.1:50451]' for 'POST' to 'http://localhost:50451/session/49feb759a03270acf9fcf3f603416ee0/element'
08:36:58.456 [Forwarding findElement on session 49feb759a03270acf9fcf3f603416ee0 to remote] DEBUG o.a.netty.request.NettyRequestSender - Using open Channel [id: 0x4ebbd40e, L:/127.0.0.1:54277 - R:localhost/127.0.0.1:50451] for POST '/session/49feb759a03270acf9fcf3f603416ee0/element'
08:36:58.463 [AsyncHttpClient-1-11] DEBUG o.a.netty.handler.HttpHandler - 

Request DefaultHttpRequest(decodeResult: success, version: HTTP/1.1)
POST /session/49feb759a03270acf9fcf3f603416ee0/element HTTP/1.1
User-Agent: selenium/4.1.2 (java windows)
Content-Length: 125
Content-Type: application/json; charset=utf-8
host: localhost:50451
accept: */*

Response DefaultHttpResponse(decodeResult: success, version: HTTP/1.1)
HTTP/1.1 200 OK
Content-Type: application/json; charset=utf-8
cache-control: no-cache
content-length: 88

08:36:58.465 [AsyncHttpClient-1-11] DEBUG o.a.netty.channel.ChannelManager - Adding key: http://localhost:50451 for channel [id: 0x4ebbd40e, L:/127.0.0.1:54277 - R:localhost/127.0.0.1:50451]
08:36:58.466 [Forwarding clickElement on session 49feb759a03270acf9fcf3f603416ee0 to remote] DEBUG o.a.netty.request.NettyRequestSender - Using pooled Channel '[id: 0x4ebbd40e, L:/127.0.0.1:54277 - R:localhost/127.0.0.1:50451]' for 'POST' to 'http://localhost:50451/session/49feb759a03270acf9fcf3f603416ee0/element/c75721b1-7f6a-4f6d-aa1e-0803d6befe4b/click'
08:36:58.466 [Forwarding clickElement on session 49feb759a03270acf9fcf3f603416ee0 to remote] DEBUG o.a.netty.request.NettyRequestSender - Using open Channel [id: 0x4ebbd40e, L:/127.0.0.1:54277 - R:localhost/127.0.0.1:50451] for POST '/session/49feb759a03270acf9fcf3f603416ee0/element/c75721b1-7f6a-4f6d-aa1e-0803d6befe4b/click'
08:36:58.537 [AsyncHttpClient-1-11] DEBUG o.a.netty.handler.HttpHandler - 

Request DefaultHttpRequest(decodeResult: success, version: HTTP/1.1)
POST /session/49feb759a03270acf9fcf3f603416ee0/element/c75721b1-7f6a-4f6d-aa1e-0803d6befe4b/click HTTP/1.1
User-Agent: selenium/4.1.2 (java windows)
Content-Length: 50
Content-Type: application/json; charset=utf-8
host: localhost:50451
accept: */*

Response DefaultHttpResponse(decodeResult: success, version: HTTP/1.1)
HTTP/1.1 200 OK
Content-Type: application/json; charset=utf-8
cache-control: no-cache
content-length: 14

08:36:58.538 [AsyncHttpClient-1-11] DEBUG o.a.netty.channel.ChannelManager - Adding key: http://localhost:50451 for channel [id: 0x4ebbd40e, L:/127.0.0.1:54277 - R:localhost/127.0.0.1:50451]
DEBUG [main] (LoginPage.java:56) - verifyErrorMessage: 'The information you entered was not recognized.' 
DEBUG [main] (LoginPage.java:56)- verifyErrorMessage: 'The information you entered was not recognized.' 
08:36:58.539 [Forwarding findElement on session 49feb759a03270acf9fcf3f603416ee0 to remote] DEBUG o.a.netty.request.NettyRequestSender - Using pooled Channel '[id: 0x4ebbd40e, L:/127.0.0.1:54277 - R:localhost/127.0.0.1:50451]' for 'POST' to 'http://localhost:50451/session/49feb759a03270acf9fcf3f603416ee0/element'
08:36:58.540 [Forwarding findElement on session 49feb759a03270acf9fcf3f603416ee0 to remote] DEBUG o.a.netty.request.NettyRequestSender - Using open Channel [id: 0x4ebbd40e, L:/127.0.0.1:54277 - R:localhost/127.0.0.1:50451] for POST '/session/49feb759a03270acf9fcf3f603416ee0/element'
08:36:58.548 [AsyncHttpClient-1-11] DEBUG o.a.netty.handler.HttpHandler - 

Request DefaultHttpRequest(decodeResult: success, version: HTTP/1.1)
POST /session/49feb759a03270acf9fcf3f603416ee0/element HTTP/1.1
User-Agent: selenium/4.1.2 (java windows)
Content-Length: 75
Content-Type: application/json; charset=utf-8
host: localhost:50451
accept: */*

Response DefaultHttpResponse(decodeResult: success, version: HTTP/1.1)
HTTP/1.1 200 OK
Content-Type: application/json; charset=utf-8
cache-control: no-cache
content-length: 88

08:36:58.548 [AsyncHttpClient-1-11] DEBUG o.a.netty.channel.ChannelManager - Adding key: http://localhost:50451 for channel [id: 0x4ebbd40e, L:/127.0.0.1:54277 - R:localhost/127.0.0.1:50451]
08:36:58.552 [Forwarding isElementDisplayed on session 49feb759a03270acf9fcf3f603416ee0 to remote] DEBUG o.a.netty.request.NettyRequestSender - Using pooled Channel '[id: 0x4ebbd40e, L:/127.0.0.1:54277 - R:localhost/127.0.0.1:50451]' for 'POST' to 'http://localhost:50451/session/49feb759a03270acf9fcf3f603416ee0/execute/sync'
08:36:58.552 [Forwarding isElementDisplayed on session 49feb759a03270acf9fcf3f603416ee0 to remote] DEBUG o.a.netty.request.NettyRequestSender - Using open Channel [id: 0x4ebbd40e, L:/127.0.0.1:54277 - R:localhost/127.0.0.1:50451] for POST '/session/49feb759a03270acf9fcf3f603416ee0/execute/sync'
08:36:58.564 [AsyncHttpClient-1-11] DEBUG o.a.netty.handler.HttpHandler - 

Request DefaultHttpRequest(decodeResult: success, version: HTTP/1.1)
POST /session/49feb759a03270acf9fcf3f603416ee0/execute/sync HTTP/1.1
User-Agent: selenium/4.1.2 (java windows)
Content-Length: 48780
Content-Type: application/json; charset=utf-8
host: localhost:50451
accept: */*

Response DefaultHttpResponse(decodeResult: success, version: HTTP/1.1)
HTTP/1.1 200 OK
Content-Type: application/json; charset=utf-8
cache-control: no-cache
content-length: 15

08:36:58.564 [AsyncHttpClient-1-11] DEBUG o.a.netty.channel.ChannelManager - Adding key: http://localhost:50451 for channel [id: 0x4ebbd40e, L:/127.0.0.1:54277 - R:localhost/127.0.0.1:50451]
08:36:58.855 [AsyncHttpClient-1-1] DEBUG o.a.netty.channel.DefaultChannelPool - Entry count for : http://localhost:54386 : 1
08:36:58.855 [AsyncHttpClient-1-1] DEBUG o.a.netty.channel.DefaultChannelPool - Entry count for : http://localhost:50451 : 1
08:36:59.079 [Forwarding findElement on session 49feb759a03270acf9fcf3f603416ee0 to remote] DEBUG o.a.netty.request.NettyRequestSender - Using pooled Channel '[id: 0x4ebbd40e, L:/127.0.0.1:54277 - R:localhost/127.0.0.1:50451]' for 'POST' to 'http://localhost:50451/session/49feb759a03270acf9fcf3f603416ee0/element'
08:36:59.080 [Forwarding findElement on session 49feb759a03270acf9fcf3f603416ee0 to remote] DEBUG o.a.netty.request.NettyRequestSender - Using open Channel [id: 0x4ebbd40e, L:/127.0.0.1:54277 - R:localhost/127.0.0.1:50451] for POST '/session/49feb759a03270acf9fcf3f603416ee0/element'
08:36:59.086 [AsyncHttpClient-1-11] DEBUG o.a.netty.handler.HttpHandler - 

Request DefaultHttpRequest(decodeResult: success, version: HTTP/1.1)
POST /session/49feb759a03270acf9fcf3f603416ee0/element HTTP/1.1
User-Agent: selenium/4.1.2 (java windows)
Content-Length: 75
Content-Type: application/json; charset=utf-8
host: localhost:50451
accept: */*

Response DefaultHttpResponse(decodeResult: success, version: HTTP/1.1)
HTTP/1.1 200 OK
Content-Type: application/json; charset=utf-8
cache-control: no-cache
content-length: 88

08:36:59.086 [AsyncHttpClient-1-11] DEBUG o.a.netty.channel.ChannelManager - Adding key: http://localhost:50451 for channel [id: 0x4ebbd40e, L:/127.0.0.1:54277 - R:localhost/127.0.0.1:50451]
08:36:59.090 [Forwarding isElementDisplayed on session 49feb759a03270acf9fcf3f603416ee0 to remote] DEBUG o.a.netty.request.NettyRequestSender - Using pooled Channel '[id: 0x4ebbd40e, L:/127.0.0.1:54277 - R:localhost/127.0.0.1:50451]' for 'POST' to 'http://localhost:50451/session/49feb759a03270acf9fcf3f603416ee0/execute/sync'
08:36:59.090 [Forwarding isElementDisplayed on session 49feb759a03270acf9fcf3f603416ee0 to remote] DEBUG o.a.netty.request.NettyRequestSender - Using open Channel [id: 0x4ebbd40e, L:/127.0.0.1:54277 - R:localhost/127.0.0.1:50451] for POST '/session/49feb759a03270acf9fcf3f603416ee0/execute/sync'
08:36:59.100 [AsyncHttpClient-1-11] DEBUG o.a.netty.handler.HttpHandler - 

Request DefaultHttpRequest(decodeResult: success, version: HTTP/1.1)
POST /session/49feb759a03270acf9fcf3f603416ee0/execute/sync HTTP/1.1
User-Agent: selenium/4.1.2 (java windows)
Content-Length: 48780
Content-Type: application/json; charset=utf-8
host: localhost:50451
accept: */*

Response DefaultHttpResponse(decodeResult: success, version: HTTP/1.1)
HTTP/1.1 200 OK
Content-Type: application/json; charset=utf-8
cache-control: no-cache
content-length: 14

08:36:59.100 [AsyncHttpClient-1-11] DEBUG o.a.netty.channel.ChannelManager - Adding key: http://localhost:50451 for channel [id: 0x4ebbd40e, L:/127.0.0.1:54277 - R:localhost/127.0.0.1:50451]
08:36:59.101 [Forwarding getElementText on session 49feb759a03270acf9fcf3f603416ee0 to remote] DEBUG o.a.netty.request.NettyRequestSender - Using pooled Channel '[id: 0x4ebbd40e, L:/127.0.0.1:54277 - R:localhost/127.0.0.1:50451]' for 'GET' to 'http://localhost:50451/session/49feb759a03270acf9fcf3f603416ee0/element/9c80c0d5-dc18-433d-b629-f95cf1224ce1/text'
08:36:59.101 [Forwarding getElementText on session 49feb759a03270acf9fcf3f603416ee0 to remote] DEBUG o.a.netty.request.NettyRequestSender - Using open Channel [id: 0x4ebbd40e, L:/127.0.0.1:54277 - R:localhost/127.0.0.1:50451] for GET '/session/49feb759a03270acf9fcf3f603416ee0/element/9c80c0d5-dc18-433d-b629-f95cf1224ce1/text'
08:36:59.114 [AsyncHttpClient-1-11] DEBUG o.a.netty.handler.HttpHandler - 

Request DefaultFullHttpRequest(decodeResult: success, version: HTTP/1.1, content: EmptyByteBufBE)
GET /session/49feb759a03270acf9fcf3f603416ee0/element/9c80c0d5-dc18-433d-b629-f95cf1224ce1/text HTTP/1.1
User-Agent: selenium/4.1.2 (java windows)
Cache-Control: no-cache
Content-Type: application/json; charset=utf-8
host: localhost:50451
accept: */*

Response DefaultHttpResponse(decodeResult: success, version: HTTP/1.1)
HTTP/1.1 200 OK
Content-Type: application/json; charset=utf-8
cache-control: no-cache
content-length: 59

08:36:59.114 [AsyncHttpClient-1-11] DEBUG o.a.netty.channel.ChannelManager - Adding key: http://localhost:50451 for channel [id: 0x4ebbd40e, L:/127.0.0.1:54277 - R:localhost/127.0.0.1:50451]
08:36:59.954 [AsyncHttpClient-1-1] DEBUG o.a.netty.channel.DefaultChannelPool - Entry count for : http://localhost:54386 : 1
08:36:59.954 [AsyncHttpClient-1-1] DEBUG o.a.netty.channel.DefaultChannelPool - Entry count for : http://localhost:50451 : 1
08:37:01.051 [AsyncHttpClient-1-1] DEBUG o.a.netty.channel.DefaultChannelPool - Entry count for : http://localhost:54386 : 1
08:37:01.051 [AsyncHttpClient-1-1] DEBUG o.a.netty.channel.DefaultChannelPool - Entry count for : http://localhost:50451 : 1
  &amp#27;[32mWhen &amp#27;[0m&amp#27;[32muser login using invalid credentials form ExcelData with File &amp#27;[0m&amp#27;[32m&amp#27;[1m"InvalidUserCredentials"&amp#27;[0m&amp#27;[32m and SheetName &amp#27;[0m&amp#27;[32m&amp#27;[1m"InvalidUserCredentials"&amp#27;[0m &amp#27;[90m# stepdefinitions.LoginPageSteps.user_login_using_invalid_credentials_form_excel_data_with_file_and_sheet_name(java.lang.String,java.lang.String)&amp#27;[0m
08:37:01.118 [Forwarding getTitle on session 49feb759a03270acf9fcf3f603416ee0 to remote] DEBUG o.a.netty.request.NettyRequestSender - Using pooled Channel '[id: 0x4ebbd40e, L:/127.0.0.1:54277 - R:localhost/127.0.0.1:50451]' for 'GET' to 'http://localhost:50451/session/49feb759a03270acf9fcf3f603416ee0/title'
08:37:01.118 [Forwarding getTitle on session 49feb759a03270acf9fcf3f603416ee0 to remote] DEBUG o.a.netty.request.NettyRequestSender - Using open Channel [id: 0x4ebbd40e, L:/127.0.0.1:54277 - R:localhost/127.0.0.1:50451] for GET '/session/49feb759a03270acf9fcf3f603416ee0/title'
08:37:01.121 [AsyncHttpClient-1-11] DEBUG o.a.netty.handler.HttpHandler - 

Request DefaultFullHttpRequest(decodeResult: success, version: HTTP/1.1, content: EmptyByteBufBE)
GET /session/49feb759a03270acf9fcf3f603416ee0/title HTTP/1.1
User-Agent: selenium/4.1.2 (java windows)
Cache-Control: no-cache
Content-Type: application/json; charset=utf-8
host: localhost:50451
accept: */*

Response DefaultHttpResponse(decodeResult: success, version: HTTP/1.1)
HTTP/1.1 200 OK
Content-Type: application/json; charset=utf-8
cache-control: no-cache
content-length: 22

08:37:01.121 [AsyncHttpClient-1-11] DEBUG o.a.netty.channel.ChannelManager - Adding key: http://localhost:50451 for channel [id: 0x4ebbd40e, L:/127.0.0.1:54277 - R:localhost/127.0.0.1:50451]
DEBUG [main] (BaseClass.java:37) - verifyApplication: 'Login Page' 
DEBUG [main] (BaseClass.java:37)- verifyApplication: 'Login Page' 
08:37:01.122 [Forwarding getTitle on session 49feb759a03270acf9fcf3f603416ee0 to remote] DEBUG o.a.netty.request.NettyRequestSender - Using pooled Channel '[id: 0x4ebbd40e, L:/127.0.0.1:54277 - R:localhost/127.0.0.1:50451]' for 'GET' to 'http://localhost:50451/session/49feb759a03270acf9fcf3f603416ee0/title'
08:37:01.122 [Forwarding getTitle on session 49feb759a03270acf9fcf3f603416ee0 to remote] DEBUG o.a.netty.request.NettyRequestSender - Using open Channel [id: 0x4ebbd40e, L:/127.0.0.1:54277 - R:localhost/127.0.0.1:50451] for GET '/session/49feb759a03270acf9fcf3f603416ee0/title'
08:37:01.124 [AsyncHttpClient-1-11] DEBUG o.a.netty.handler.HttpHandler - 

Request DefaultFullHttpRequest(decodeResult: success, version: HTTP/1.1, content: EmptyByteBufBE)
GET /session/49feb759a03270acf9fcf3f603416ee0/title HTTP/1.1
User-Agent: selenium/4.1.2 (java windows)
Cache-Control: no-cache
Content-Type: application/json; charset=utf-8
host: localhost:50451
accept: */*

Response DefaultHttpResponse(decodeResult: success, version: HTTP/1.1)
HTTP/1.1 200 OK
Content-Type: application/json; charset=utf-8
cache-control: no-cache
content-length: 22

08:37:01.125 [AsyncHttpClient-1-11] DEBUG o.a.netty.channel.ChannelManager - Adding key: http://localhost:50451 for channel [id: 0x4ebbd40e, L:/127.0.0.1:54277 - R:localhost/127.0.0.1:50451]
08:37:02.159 [AsyncHttpClient-1-1] DEBUG o.a.netty.channel.DefaultChannelPool - Entry count for : http://localhost:54386 : 1
08:37:02.159 [AsyncHttpClient-1-1] DEBUG o.a.netty.channel.DefaultChannelPool - Entry count for : http://localhost:50451 : 1
08:37:03.253 [AsyncHttpClient-1-1] DEBUG o.a.netty.channel.DefaultChannelPool - Entry count for : http://localhost:54386 : 1
08:37:03.253 [AsyncHttpClient-1-1] DEBUG o.a.netty.channel.DefaultChannelPool - Entry count for : http://localhost:50451 : 1
08:37:04.354 [AsyncHttpClient-1-1] DEBUG o.a.netty.channel.DefaultChannelPool - Entry count for : http://localhost:54386 : 1
08:37:04.354 [AsyncHttpClient-1-1] DEBUG o.a.netty.channel.DefaultChannelPool - Entry count for : http://localhost:50451 : 1
08:37:05.465 [AsyncHttpClient-1-1] DEBUG o.a.netty.channel.DefaultChannelPool - Entry count for : http://localhost:54386 : 1
08:37:05.465 [AsyncHttpClient-1-1] DEBUG o.a.netty.channel.DefaultChannelPool - Entry count for : http://localhost:50451 : 1
DEBUG [main] (LoginPage.java:56) - verifyErrorMessage: 'The information you entered was not recognized.' 
DEBUG [main] (LoginPage.java:56)- verifyErrorMessage: 'The information you entered was not recognized.' 
08:37:06.131 [Forwarding findElement on session 49feb759a03270acf9fcf3f603416ee0 to remote] DEBUG o.a.netty.request.NettyRequestSender - Using pooled Channel '[id: 0x4ebbd40e, L:/127.0.0.1:54277 - R:localhost/127.0.0.1:50451]' for 'POST' to 'http://localhost:50451/session/49feb759a03270acf9fcf3f603416ee0/element'
08:37:06.131 [Forwarding findElement on session 49feb759a03270acf9fcf3f603416ee0 to remote] DEBUG o.a.netty.request.NettyRequestSender - Using open Channel [id: 0x4ebbd40e, L:/127.0.0.1:54277 - R:localhost/127.0.0.1:50451] for POST '/session/49feb759a03270acf9fcf3f603416ee0/element'
08:37:06.143 [AsyncHttpClient-1-11] DEBUG o.a.netty.handler.HttpHandler - 

Request DefaultHttpRequest(decodeResult: success, version: HTTP/1.1)
POST /session/49feb759a03270acf9fcf3f603416ee0/element HTTP/1.1
User-Agent: selenium/4.1.2 (java windows)
Content-Length: 75
Content-Type: application/json; charset=utf-8
host: localhost:50451
accept: */*

Response DefaultHttpResponse(decodeResult: success, version: HTTP/1.1)
HTTP/1.1 200 OK
Content-Type: application/json; charset=utf-8
cache-control: no-cache
content-length: 88

08:37:06.143 [AsyncHttpClient-1-11] DEBUG o.a.netty.channel.ChannelManager - Adding key: http://localhost:50451 for channel [id: 0x4ebbd40e, L:/127.0.0.1:54277 - R:localhost/127.0.0.1:50451]
08:37:06.147 [Forwarding isElementDisplayed on session 49feb759a03270acf9fcf3f603416ee0 to remote] DEBUG o.a.netty.request.NettyRequestSender - Using pooled Channel '[id: 0x4ebbd40e, L:/127.0.0.1:54277 - R:localhost/127.0.0.1:50451]' for 'POST' to 'http://localhost:50451/session/49feb759a03270acf9fcf3f603416ee0/execute/sync'
08:37:06.147 [Forwarding isElementDisplayed on session 49feb759a03270acf9fcf3f603416ee0 to remote] DEBUG o.a.netty.request.NettyRequestSender - Using open Channel [id: 0x4ebbd40e, L:/127.0.0.1:54277 - R:localhost/127.0.0.1:50451] for POST '/session/49feb759a03270acf9fcf3f603416ee0/execute/sync'
08:37:06.162 [AsyncHttpClient-1-11] DEBUG o.a.netty.handler.HttpHandler - 

Request DefaultHttpRequest(decodeResult: success, version: HTTP/1.1)
POST /session/49feb759a03270acf9fcf3f603416ee0/execute/sync HTTP/1.1
User-Agent: selenium/4.1.2 (java windows)
Content-Length: 48780
Content-Type: application/json; charset=utf-8
host: localhost:50451
accept: */*

Response DefaultHttpResponse(decodeResult: success, version: HTTP/1.1)
HTTP/1.1 200 OK
Content-Type: application/json; charset=utf-8
cache-control: no-cache
content-length: 14

08:37:06.162 [AsyncHttpClient-1-11] DEBUG o.a.netty.channel.ChannelManager - Adding key: http://localhost:50451 for channel [id: 0x4ebbd40e, L:/127.0.0.1:54277 - R:localhost/127.0.0.1:50451]
08:37:06.163 [Forwarding getElementText on session 49feb759a03270acf9fcf3f603416ee0 to remote] DEBUG o.a.netty.request.NettyRequestSender - Using pooled Channel '[id: 0x4ebbd40e, L:/127.0.0.1:54277 - R:localhost/127.0.0.1:50451]' for 'GET' to 'http://localhost:50451/session/49feb759a03270acf9fcf3f603416ee0/element/9c80c0d5-dc18-433d-b629-f95cf1224ce1/text'
08:37:06.163 [Forwarding getElementText on session 49feb759a03270acf9fcf3f603416ee0 to remote] DEBUG o.a.netty.request.NettyRequestSender - Using open Channel [id: 0x4ebbd40e, L:/127.0.0.1:54277 - R:localhost/127.0.0.1:50451] for GET '/session/49feb759a03270acf9fcf3f603416ee0/element/9c80c0d5-dc18-433d-b629-f95cf1224ce1/text'
08:37:06.176 [AsyncHttpClient-1-11] DEBUG o.a.netty.handler.HttpHandler - 

Request DefaultFullHttpRequest(decodeResult: success, version: HTTP/1.1, content: EmptyByteBufBE)
GET /session/49feb759a03270acf9fcf3f603416ee0/element/9c80c0d5-dc18-433d-b629-f95cf1224ce1/text HTTP/1.1
User-Agent: selenium/4.1.2 (java windows)
Cache-Control: no-cache
Content-Type: application/json; charset=utf-8
host: localhost:50451
accept: */*

Response DefaultHttpResponse(decodeResult: success, version: HTTP/1.1)
HTTP/1.1 200 OK
Content-Type: application/json; charset=utf-8
cache-control: no-cache
content-length: 59

08:37:06.176 [AsyncHttpClient-1-11] DEBUG o.a.netty.channel.ChannelManager - Adding key: http://localhost:50451 for channel [id: 0x4ebbd40e, L:/127.0.0.1:54277 - R:localhost/127.0.0.1:50451]
08:37:06.552 [AsyncHttpClient-1-1] DEBUG o.a.netty.channel.DefaultChannelPool - Entry count for : http://localhost:54386 : 1
08:37:06.552 [AsyncHttpClient-1-1] DEBUG o.a.netty.channel.DefaultChannelPool - Entry count for : http://localhost:50451 : 1
08:37:07.662 [AsyncHttpClient-1-1] DEBUG o.a.netty.channel.DefaultChannelPool - Entry count for : http://localhost:54386 : 1
08:37:07.662 [AsyncHttpClient-1-1] DEBUG o.a.netty.channel.DefaultChannelPool - Entry count for : http://localhost:50451 : 1
  &amp#27;[32mThen &amp#27;[0m&amp#27;[32muser should not proceed to Dashboard Page&amp#27;[0m                                                                                     &amp#27;[90m# stepdefinitions.LoginPageSteps.user_should_not_proceed_to_dashboard_page()&amp#27;[0m
DEBUG [main] (LoginPage.java:56) - verifyErrorMessage: 'The information you entered was not recognized.' 
DEBUG [main] (LoginPage.java:56)- verifyErrorMessage: 'The information you entered was not recognized.' 
08:37:08.189 [Forwarding findElement on session 49feb759a03270acf9fcf3f603416ee0 to remote] DEBUG o.a.netty.request.NettyRequestSender - Using pooled Channel '[id: 0x4ebbd40e, L:/127.0.0.1:54277 - R:localhost/127.0.0.1:50451]' for 'POST' to 'http://localhost:50451/session/49feb759a03270acf9fcf3f603416ee0/element'
08:37:08.189 [Forwarding findElement on session 49feb759a03270acf9fcf3f603416ee0 to remote] DEBUG o.a.netty.request.NettyRequestSender - Using open Channel [id: 0x4ebbd40e, L:/127.0.0.1:54277 - R:localhost/127.0.0.1:50451] for POST '/session/49feb759a03270acf9fcf3f603416ee0/element'
08:37:08.196 [AsyncHttpClient-1-11] DEBUG o.a.netty.handler.HttpHandler - 

Request DefaultHttpRequest(decodeResult: success, version: HTTP/1.1)
POST /session/49feb759a03270acf9fcf3f603416ee0/element HTTP/1.1
User-Agent: selenium/4.1.2 (java windows)
Content-Length: 75
Content-Type: application/json; charset=utf-8
host: localhost:50451
accept: */*

Response DefaultHttpResponse(decodeResult: success, version: HTTP/1.1)
HTTP/1.1 200 OK
Content-Type: application/json; charset=utf-8
cache-control: no-cache
content-length: 88

08:37:08.196 [AsyncHttpClient-1-11] DEBUG o.a.netty.channel.ChannelManager - Adding key: http://localhost:50451 for channel [id: 0x4ebbd40e, L:/127.0.0.1:54277 - R:localhost/127.0.0.1:50451]
08:37:08.199 [Forwarding isElementDisplayed on session 49feb759a03270acf9fcf3f603416ee0 to remote] DEBUG o.a.netty.request.NettyRequestSender - Using pooled Channel '[id: 0x4ebbd40e, L:/127.0.0.1:54277 - R:localhost/127.0.0.1:50451]' for 'POST' to 'http://localhost:50451/session/49feb759a03270acf9fcf3f603416ee0/execute/sync'
08:37:08.199 [Forwarding isElementDisplayed on session 49feb759a03270acf9fcf3f603416ee0 to remote] DEBUG o.a.netty.request.NettyRequestSender - Using open Channel [id: 0x4ebbd40e, L:/127.0.0.1:54277 - R:localhost/127.0.0.1:50451] for POST '/session/49feb759a03270acf9fcf3f603416ee0/execute/sync'
08:37:08.212 [AsyncHttpClient-1-11] DEBUG o.a.netty.handler.HttpHandler - 

Request DefaultHttpRequest(decodeResult: success, version: HTTP/1.1)
POST /session/49feb759a03270acf9fcf3f603416ee0/execute/sync HTTP/1.1
User-Agent: selenium/4.1.2 (java windows)
Content-Length: 48780
Content-Type: application/json; charset=utf-8
host: localhost:50451
accept: */*

Response DefaultHttpResponse(decodeResult: success, version: HTTP/1.1)
HTTP/1.1 200 OK
Content-Type: application/json; charset=utf-8
cache-control: no-cache
content-length: 14

08:37:08.212 [AsyncHttpClient-1-11] DEBUG o.a.netty.channel.ChannelManager - Adding key: http://localhost:50451 for channel [id: 0x4ebbd40e, L:/127.0.0.1:54277 - R:localhost/127.0.0.1:50451]
08:37:08.213 [Forwarding getElementText on session 49feb759a03270acf9fcf3f603416ee0 to remote] DEBUG o.a.netty.request.NettyRequestSender - Using pooled Channel '[id: 0x4ebbd40e, L:/127.0.0.1:54277 - R:localhost/127.0.0.1:50451]' for 'GET' to 'http://localhost:50451/session/49feb759a03270acf9fcf3f603416ee0/element/9c80c0d5-dc18-433d-b629-f95cf1224ce1/text'
08:37:08.213 [Forwarding getElementText on session 49feb759a03270acf9fcf3f603416ee0 to remote] DEBUG o.a.netty.request.NettyRequestSender - Using open Channel [id: 0x4ebbd40e, L:/127.0.0.1:54277 - R:localhost/127.0.0.1:50451] for GET '/session/49feb759a03270acf9fcf3f603416ee0/element/9c80c0d5-dc18-433d-b629-f95cf1224ce1/text'
08:37:08.219 [AsyncHttpClient-1-11] DEBUG o.a.netty.handler.HttpHandler - 

Request DefaultFullHttpRequest(decodeResult: success, version: HTTP/1.1, content: EmptyByteBufBE)
GET /session/49feb759a03270acf9fcf3f603416ee0/element/9c80c0d5-dc18-433d-b629-f95cf1224ce1/text HTTP/1.1
User-Agent: selenium/4.1.2 (java windows)
Cache-Control: no-cache
Content-Type: application/json; charset=utf-8
host: localhost:50451
accept: */*

Response DefaultHttpResponse(decodeResult: success, version: HTTP/1.1)
HTTP/1.1 200 OK
Content-Type: application/json; charset=utf-8
cache-control: no-cache
content-length: 59

08:37:08.219 [AsyncHttpClient-1-11] DEBUG o.a.netty.channel.ChannelManager - Adding key: http://localhost:50451 for channel [id: 0x4ebbd40e, L:/127.0.0.1:54277 - R:localhost/127.0.0.1:50451]
08:37:08.761 [AsyncHttpClient-1-1] DEBUG o.a.netty.channel.DefaultChannelPool - Entry count for : http://localhost:54386 : 1
08:37:08.761 [AsyncHttpClient-1-1] DEBUG o.a.netty.channel.DefaultChannelPool - Entry count for : http://localhost:50451 : 1
08:37:09.866 [AsyncHttpClient-1-1] DEBUG o.a.netty.channel.DefaultChannelPool - Entry count for : http://localhost:54386 : 1
08:37:09.866 [AsyncHttpClient-1-1] DEBUG o.a.netty.channel.DefaultChannelPool - Entry count for : http://localhost:50451 : 1
  &amp#27;[32mThen &amp#27;[0m&amp#27;[32muser gets login failed error message&amp#27;[0m                                                                                          &amp#27;[90m# stepdefinitions.LoginPageSteps.user_gets_login_failed_error_message()&amp#27;[0m
DEBUG [main] (apphooks.java:45) - Close Browser
DEBUG [main] (apphooks.java:45)- Close Browser
08:37:10.236 [Driver Command Executor] DEBUG o.a.netty.request.NettyRequestSender - Using pooled Channel '[id: 0x4ebbd40e, L:/127.0.0.1:54277 - R:localhost/127.0.0.1:50451]' for 'DELETE' to 'http://localhost:50451/session/49feb759a03270acf9fcf3f603416ee0'
08:37:10.236 [AsyncHttpClient-1-13] DEBUG o.a.netty.handler.WebSocketHandler - Channel Closed: [id: 0x7325ce8b, L:/127.0.0.1:54393 ! R:localhost/127.0.0.1:54386] with attribute NettyResponseFuture{currentRetry=5,
	isDone=1,
	isCancelled=0,
	asyncHandler=org.asynchttpclient.ws.WebSocketUpgradeHandler@21cd4b45,
	nettyRequest=org.asynchttpclient.netty.request.NettyRequest@64cfc118,
	future=java.util.concurrent.CompletableFuture@66f9713c[Completed normally],
	uri=ws://localhost:54386/devtools/browser/a859f32a-d9fc-4856-8f32-178c5cf7b817,
	keepAlive=true,
	redirectCount=0,
	timeoutsHolder=null,
	inAuth=0,
	touch=1648514195078}
08:37:10.236 [Driver Command Executor] DEBUG o.a.netty.request.NettyRequestSender - Using open Channel [id: 0x4ebbd40e, L:/127.0.0.1:54277 - R:localhost/127.0.0.1:50451] for DELETE '/session/49feb759a03270acf9fcf3f603416ee0'
08:37:10.237 [AsyncHttpClient-1-13] DEBUG o.a.netty.channel.ChannelManager - Closing Channel [id: 0x7325ce8b, L:/127.0.0.1:54393 ! R:localhost/127.0.0.1:54386] 
08:37:10.270 [AsyncHttpClient-1-12] DEBUG o.a.netty.handler.HttpHandler - Unexpected I/O exception on channel [id: 0x4c1d246e, L:/127.0.0.1:54392 - R:localhost/127.0.0.1:54386]
java.net.SocketException: Connection reset
	at java.base/sun.nio.ch.SocketChannelImpl.throwConnectionReset(SocketChannelImpl.java:367) ~[na:na]
	at java.base/sun.nio.ch.SocketChannelImpl.read(SocketChannelImpl.java:398) ~[na:na]
	at io.netty.buffer.PooledByteBuf.setBytes(PooledByteBuf.java:253) ~[netty-buffer-4.1.70.Final.jar:4.1.70.Final]
	at io.netty.buffer.AbstractByteBuf.writeBytes(AbstractByteBuf.java:1132) ~[netty-buffer-4.1.70.Final.jar:4.1.70.Final]
	at io.netty.channel.socket.nio.NioSocketChannel.doReadBytes(NioSocketChannel.java:350) ~[netty-transport-4.1.70.Final.jar:4.1.70.Final]
	at io.netty.channel.nio.AbstractNioByteChannel$NioByteUnsafe.read(AbstractNioByteChannel.java:151) ~[netty-transport-4.1.70.Final.jar:4.1.70.Final]
	at io.netty.channel.nio.NioEventLoop.processSelectedKey(NioEventLoop.java:719) ~[netty-transport-4.1.70.Final.jar:4.1.70.Final]
	at io.netty.channel.nio.NioEventLoop.processSelectedKeysOptimized(NioEventLoop.java:655) ~[netty-transport-4.1.70.Final.jar:4.1.70.Final]
	at io.netty.channel.nio.NioEventLoop.processSelectedKeys(NioEventLoop.java:581) ~[netty-transport-4.1.70.Final.jar:4.1.70.Final]
	at io.netty.channel.nio.NioEventLoop.run(NioEventLoop.java:493) ~[netty-transport-4.1.70.Final.jar:4.1.70.Final]
	at io.netty.util.concurrent.SingleThreadEventExecutor$4.run(SingleThreadEventExecutor.java:986) ~[netty-common-4.1.70.Final.jar:4.1.70.Final]
	at io.netty.util.internal.ThreadExecutorMap$2.run(ThreadExecutorMap.java:74) ~[netty-common-4.1.70.Final.jar:4.1.70.Final]
	at io.netty.util.concurrent.FastThreadLocalRunnable.run(FastThreadLocalRunnable.java:30) ~[netty-common-4.1.70.Final.jar:4.1.70.Final]
	at java.base/java.lang.Thread.run(Thread.java:832) ~[na:na]
08:37:10.270 [AsyncHttpClient-1-12] DEBUG o.a.netty.channel.ChannelManager - Closing Channel [id: 0x4c1d246e, L:/127.0.0.1:54392 - R:localhost/127.0.0.1:54386] 
08:37:10.270 [AsyncHttpClient-1-12] DEBUG o.a.netty.handler.HttpHandler - Channel Closed: [id: 0x4c1d246e, L:/127.0.0.1:54392 ! R:localhost/127.0.0.1:54386] with attribute DISCARD
08:37:10.283 [AsyncHttpClient-1-11] DEBUG o.a.netty.handler.HttpHandler - 

Request DefaultFullHttpRequest(decodeResult: success, version: HTTP/1.1, content: EmptyByteBufBE)
DELETE /session/49feb759a03270acf9fcf3f603416ee0 HTTP/1.1
User-Agent: selenium/4.1.2 (java windows)
Content-Type: application/json; charset=utf-8
host: localhost:50451
accept: */*

Response DefaultHttpResponse(decodeResult: success, version: HTTP/1.1)
HTTP/1.1 200 OK
Content-Type: application/json; charset=utf-8
cache-control: no-cache
content-length: 14

08:37:10.283 [AsyncHttpClient-1-11] DEBUG o.a.netty.channel.ChannelManager - Adding key: http://localhost:50451 for channel [id: 0x4ebbd40e, L:/127.0.0.1:54277 - R:localhost/127.0.0.1:50451]
08:37:10.324 [AsyncHttpClient-1-11] DEBUG o.a.netty.handler.HttpHandler - Channel Closed: [id: 0x4ebbd40e, L:/127.0.0.1:54277 ! R:localhost/127.0.0.1:50451] with attribute DISCARD
08:37:10.847 [main] INFO   - 
  _____   ___   ___   _____     ___     _     ___   ___   ___   ___  
 |_   _| | __| / __| |_   _|   | _ \   /_\   / __| / __| | __| |   \ 
   | |   | _|  \__ \   | |     |  _/  / _ \  \__ \ \__ \ | _|  | |) |
   |_|   |___| |___/   |_|     |_|   /_/ \_\ |___/ |___/ |___| |___/ 

Login fail possible combinations
----------------------------------------------------------------------
]]></system-out>
    <system-err><![CDATA[Starting ChromeDriver 99.0.4844.51 (d537ec02474b5afe23684e7963d538896c63ac77-refs/branch-heads/4844@{#875}) on port 50451
Only local connections are allowed.
Please see https://chromedriver.chromium.org/security-considerations for suggestions on keeping ChromeDriver safe.
ChromeDriver was started successfully.
Mar 29, 2022 8:36:35 AM org.openqa.selenium.remote.ProtocolHandshake createSession
INFO: Detected dialect: W3C
Mar 29, 2022 8:36:35 AM org.openqa.selenium.devtools.CdpVersionFinder findNearestMatch
WARNING: Unable to find an exact match for CDP version 99, so returning the closest version found: 96
Mar 29, 2022 8:36:35 AM org.openqa.selenium.devtools.CdpVersionFinder findNearestMatch
INFO: Found CDP implementation for version 99 of 96
ERROR StatusLogger Log4j2 could not find a logging implementation. Please add log4j-core to the classpath. Using SimpleLogger to log to the console...
]]></system-err>
  </testcase>
  <testcase name="Login to PEGA Site using Author, Manager and User" classname="Validate And Verify Login Page to PEGA Site" time="29.395">
    <system-out><![CDATA[08:37:10.848 [main] INFO  i.c.core.plugin.SerenityReporter - Running feature from file:///Z:/Automation/JavaCucumber/BDD_HCL/CucumberHCL/src/main/resources/AppFeatures/ValidateAndVerifyLoginPage.feature
08:37:10.848 [main] WARN  i.c.core.plugin.SerenityReporter - Feature from file:///Z:/Automation/JavaCucumber/BDD_HCL/CucumberHCL/src/main/resources/AppFeatures/ValidateAndVerifyLoginPage.feature is not under the 'features' directory. Requirements report will not be correctly generated!
08:37:10.849 [main] DEBUG n.thucydides.core.steps.StepEventBus - Test suite started for story net.thucydides.core.model.Story@7f1849ba
08:37:10.850 [main] INFO   - Test Suite Started: Validate And Verify Login Page to PEGA Site

@All @Smoke @Test1
Scenario: Login to PEGA Site using Author, Manager and User                                            &amp#27;[90m# src/main/resources/AppFeatures/ValidateAndVerifyLoginPage.feature:19&amp#27;[0m
08:37:10.857 [main] INFO  i.c.core.plugin.SerenityReporter - Running feature from file:///Z:/Automation/JavaCucumber/BDD_HCL/CucumberHCL/src/main/resources/AppFeatures/ValidateAndVerifyLoginPage.feature
08:37:10.857 [main] WARN  i.c.core.plugin.SerenityReporter - Feature from file:///Z:/Automation/JavaCucumber/BDD_HCL/CucumberHCL/src/main/resources/AppFeatures/ValidateAndVerifyLoginPage.feature is not under the 'features' directory. Requirements report will not be correctly generated!
08:37:10.858 [main] INFO   - 
  _____   ___   ___   _____     ___   _____     _     ___   _____   ___   ___  
 |_   _| | __| / __| |_   _|   / __| |_   _|   /_\   | _ \ |_   _| | __| |   \ 
   | |   | _|  \__ \   | |     \__ \   | |    / _ \  |   /   | |   | _|  | |) |
   |_|   |___| |___/   |_|     |___/   |_|   /_/ \_\ |_|_\   |_|   |___| |___/ 

Login to PEGA Site using Author, Manager and User(validate-and-verify-login-page-to-pega-site;login-to-pega-site-using-author--manager-and-user)
--------------------------------------------------------------------------------
DEBUG [main] (apphooks.java:34) - Set up Browser
DEBUG [main] (apphooks.java:34)- Set up Browser
08:37:10.862 [main] DEBUG com.pages.drivers.DriversFactory - Initialize Driver Browser Configuration
08:37:10.862 [main] DEBUG com.pages.drivers.DriversFactory -  Driver Browser : chrome
08:37:10.872 [main] DEBUG i.g.bonigarcia.wdm.WebDriverManager - Driver chromedriver 99.0.4844.51 found in cache
08:37:10.873 [main] INFO  i.g.bonigarcia.wdm.WebDriverManager - Exporting webdriver.chrome.driver as C:\Users\DheyClaveria\.cache\selenium\chromedriver\win32\99.0.4844.51\chromedriver.exe
08:37:10.956 [AsyncHttpClient-1-1] DEBUG o.a.netty.channel.DefaultChannelPool - Entry count for : http://localhost:54386 : 1
08:37:10.956 [AsyncHttpClient-1-1] DEBUG o.a.netty.channel.DefaultChannelPool - Entry count for : http://localhost:50451 : 1
08:37:10.956 [AsyncHttpClient-1-1] DEBUG o.a.netty.channel.DefaultChannelPool - Adding Candidate expired Channel [id: 0x4c1d246e, L:/127.0.0.1:54392 ! R:localhost/127.0.0.1:54386] isIdleTimeoutExpired=false isRemotelyClosed=true isTtlExpired=false
08:37:10.956 [AsyncHttpClient-1-1] DEBUG o.a.netty.channel.DefaultChannelPool - Closing Idle Channel [id: 0x4c1d246e, L:/127.0.0.1:54392 ! R:localhost/127.0.0.1:54386]
08:37:10.956 [AsyncHttpClient-1-1] DEBUG o.a.netty.channel.DefaultChannelPool - Adding Candidate expired Channel [id: 0x4ebbd40e, L:/127.0.0.1:54277 ! R:localhost/127.0.0.1:50451] isIdleTimeoutExpired=false isRemotelyClosed=true isTtlExpired=false
08:37:10.956 [AsyncHttpClient-1-1] DEBUG o.a.netty.channel.DefaultChannelPool - Closing Idle Channel [id: 0x4ebbd40e, L:/127.0.0.1:54277 ! R:localhost/127.0.0.1:50451]
08:37:10.956 [AsyncHttpClient-1-1] DEBUG o.a.netty.channel.DefaultChannelPool - Closed 2 connections out of 2 in 0 ms
08:37:11.408 [AsyncHttpClient-1-14] DEBUG o.a.n.channel.NettyConnectListener - Using new Channel '[id: 0x26b6368b, L:/127.0.0.1:54410 - R:localhost/127.0.0.1:51389]' for 'POST' to '/session'
08:37:12.120 [AsyncHttpClient-1-14] DEBUG o.a.netty.handler.HttpHandler - 

Request DefaultHttpRequest(decodeResult: success, version: HTTP/1.1)
POST /session HTTP/1.1
User-Agent: selenium/4.1.2 (java windows)
Content-Length: 365
Content-Type: application/json; charset=utf-8
host: localhost:51389
accept: */*

Response DefaultHttpResponse(decodeResult: success, version: HTTP/1.1)
HTTP/1.1 200 OK
Content-Type: application/json; charset=utf-8
cache-control: no-cache
content-length: 795

08:37:12.120 [AsyncHttpClient-1-14] DEBUG o.a.netty.channel.ChannelManager - Adding key: http://localhost:51389 for channel [id: 0x26b6368b, L:/127.0.0.1:54410 - R:localhost/127.0.0.1:51389]
08:37:12.126 [AsyncHttpClient-1-15] DEBUG o.a.n.channel.NettyConnectListener - Using new Channel '[id: 0xaa9a0dd1, L:/127.0.0.1:54417 - R:localhost/127.0.0.1:54411]' for 'GET' to '/json/version'
08:37:12.129 [AsyncHttpClient-1-15] DEBUG o.a.netty.handler.HttpHandler - 

Request DefaultFullHttpRequest(decodeResult: success, version: HTTP/1.1, content: EmptyByteBufBE)
GET /json/version HTTP/1.1
User-Agent: selenium/4.1.2 (java windows)
host: localhost:54411
accept: */*

Response DefaultHttpResponse(decodeResult: success, version: HTTP/1.1)
HTTP/1.1 200 OK
Content-Type: application/json; charset=UTF-8
content-length: 423

08:37:12.130 [AsyncHttpClient-1-15] DEBUG o.a.netty.channel.ChannelManager - Adding key: http://localhost:54411 for channel [id: 0xaa9a0dd1, L:/127.0.0.1:54417 - R:localhost/127.0.0.1:54411]
08:37:12.132 [AsyncHttpClient-1-16] DEBUG o.a.n.channel.NettyConnectListener - Using new Channel '[id: 0x0c44b9df, L:/127.0.0.1:54418 - R:localhost/127.0.0.1:54411]' for 'GET' to '/devtools/browser/243f7b47-c334-4f26-ab81-de2102b73fee'
08:37:12.137 [AsyncHttpClient-1-16] DEBUG o.a.netty.handler.WebSocketHandler - 

Request DefaultFullHttpRequest(decodeResult: success, version: HTTP/1.1, content: EmptyByteBufBE)
GET /devtools/browser/243f7b47-c334-4f26-ab81-de2102b73fee HTTP/1.1
upgrade: websocket
connection: upgrade
sec-websocket-key: Rau3H0Y/m8106UDrKRNGIw==
sec-websocket-version: 13
origin: http://localhost:54411
host: localhost:54411
accept: */*
user-agent: AHC/2.1

Response DefaultHttpResponse(decodeResult: success, version: HTTP/1.1)
HTTP/1.1 101 WebSocket Protocol Handshake
Upgrade: WebSocket
Connection: Upgrade
Sec-WebSocket-Accept: qZ82ae8bOezsm/yO3OAQUrQjDk0=

08:37:12.140 [Forwarding deleteAllCookies on session ffcffee4dc52153750a098d5dceba065 to remote] DEBUG o.a.netty.request.NettyRequestSender - Using pooled Channel '[id: 0x26b6368b, L:/127.0.0.1:54410 - R:localhost/127.0.0.1:51389]' for 'DELETE' to 'http://localhost:51389/session/ffcffee4dc52153750a098d5dceba065/cookie'
08:37:12.141 [Forwarding deleteAllCookies on session ffcffee4dc52153750a098d5dceba065 to remote] DEBUG o.a.netty.request.NettyRequestSender - Using open Channel [id: 0x26b6368b, L:/127.0.0.1:54410 - R:localhost/127.0.0.1:51389] for DELETE '/session/ffcffee4dc52153750a098d5dceba065/cookie'
08:37:12.145 [AsyncHttpClient-1-14] DEBUG o.a.netty.handler.HttpHandler - 

Request DefaultFullHttpRequest(decodeResult: success, version: HTTP/1.1, content: EmptyByteBufBE)
DELETE /session/ffcffee4dc52153750a098d5dceba065/cookie HTTP/1.1
User-Agent: selenium/4.1.2 (java windows)
Content-Type: application/json; charset=utf-8
host: localhost:51389
accept: */*

Response DefaultHttpResponse(decodeResult: success, version: HTTP/1.1)
HTTP/1.1 200 OK
Content-Type: application/json; charset=utf-8
cache-control: no-cache
content-length: 14

08:37:12.145 [AsyncHttpClient-1-14] DEBUG o.a.netty.channel.ChannelManager - Adding key: http://localhost:51389 for channel [id: 0x26b6368b, L:/127.0.0.1:54410 - R:localhost/127.0.0.1:51389]
08:37:12.146 [Forwarding maximizeCurrentWindow on session ffcffee4dc52153750a098d5dceba065 to remote] DEBUG o.a.netty.request.NettyRequestSender - Using pooled Channel '[id: 0x26b6368b, L:/127.0.0.1:54410 - R:localhost/127.0.0.1:51389]' for 'POST' to 'http://localhost:51389/session/ffcffee4dc52153750a098d5dceba065/window/maximize'
08:37:12.146 [Forwarding maximizeCurrentWindow on session ffcffee4dc52153750a098d5dceba065 to remote] DEBUG o.a.netty.request.NettyRequestSender - Using open Channel [id: 0x26b6368b, L:/127.0.0.1:54410 - R:localhost/127.0.0.1:51389] for POST '/session/ffcffee4dc52153750a098d5dceba065/window/maximize'
08:37:12.302 [AsyncHttpClient-1-14] DEBUG o.a.netty.handler.HttpHandler - 

Request DefaultHttpRequest(decodeResult: success, version: HTTP/1.1)
POST /session/ffcffee4dc52153750a098d5dceba065/window/maximize HTTP/1.1
User-Agent: selenium/4.1.2 (java windows)
Content-Length: 3
Content-Type: application/json; charset=utf-8
host: localhost:51389
accept: */*

Response DefaultHttpResponse(decodeResult: success, version: HTTP/1.1)
HTTP/1.1 200 OK
Content-Type: application/json; charset=utf-8
cache-control: no-cache
content-length: 52

08:37:12.303 [AsyncHttpClient-1-14] DEBUG o.a.netty.channel.ChannelManager - Adding key: http://localhost:51389 for channel [id: 0x26b6368b, L:/127.0.0.1:54410 - R:localhost/127.0.0.1:51389]
08:37:12.307 [Forwarding get on session ffcffee4dc52153750a098d5dceba065 to remote] DEBUG o.a.netty.request.NettyRequestSender - Using pooled Channel '[id: 0x26b6368b, L:/127.0.0.1:54410 - R:localhost/127.0.0.1:51389]' for 'POST' to 'http://localhost:51389/session/ffcffee4dc52153750a098d5dceba065/url'
08:37:12.307 [Forwarding get on session ffcffee4dc52153750a098d5dceba065 to remote] DEBUG o.a.netty.request.NettyRequestSender - Using open Channel [id: 0x26b6368b, L:/127.0.0.1:54410 - R:localhost/127.0.0.1:51389] for POST '/session/ffcffee4dc52153750a098d5dceba065/url'
08:37:12.464 [AsyncHttpClient-1-14] DEBUG o.a.netty.handler.HttpHandler - 

Request DefaultHttpRequest(decodeResult: success, version: HTTP/1.1)
POST /session/ffcffee4dc52153750a098d5dceba065/url HTTP/1.1
User-Agent: selenium/4.1.2 (java windows)
Content-Length: 148
Content-Type: application/json; charset=utf-8
host: localhost:51389
accept: */*

Response DefaultHttpResponse(decodeResult: success, version: HTTP/1.1)
HTTP/1.1 200 OK
Content-Type: application/json; charset=utf-8
cache-control: no-cache
content-length: 14

08:37:12.464 [AsyncHttpClient-1-14] DEBUG o.a.netty.channel.ChannelManager - Adding key: http://localhost:51389 for channel [id: 0x26b6368b, L:/127.0.0.1:54410 - R:localhost/127.0.0.1:51389]
08:37:12.465 [Forwarding getTitle on session ffcffee4dc52153750a098d5dceba065 to remote] DEBUG o.a.netty.request.NettyRequestSender - Using pooled Channel '[id: 0x26b6368b, L:/127.0.0.1:54410 - R:localhost/127.0.0.1:51389]' for 'GET' to 'http://localhost:51389/session/ffcffee4dc52153750a098d5dceba065/title'
08:37:12.465 [Forwarding getTitle on session ffcffee4dc52153750a098d5dceba065 to remote] DEBUG o.a.netty.request.NettyRequestSender - Using open Channel [id: 0x26b6368b, L:/127.0.0.1:54410 - R:localhost/127.0.0.1:51389] for GET '/session/ffcffee4dc52153750a098d5dceba065/title'
08:37:12.470 [AsyncHttpClient-1-14] DEBUG o.a.netty.handler.HttpHandler - 

Request DefaultFullHttpRequest(decodeResult: success, version: HTTP/1.1, content: EmptyByteBufBE)
GET /session/ffcffee4dc52153750a098d5dceba065/title HTTP/1.1
User-Agent: selenium/4.1.2 (java windows)
Cache-Control: no-cache
Content-Type: application/json; charset=utf-8
host: localhost:51389
accept: */*

Response DefaultHttpResponse(decodeResult: success, version: HTTP/1.1)
HTTP/1.1 200 OK
Content-Type: application/json; charset=utf-8
cache-control: no-cache
content-length: 22

08:37:12.470 [AsyncHttpClient-1-14] DEBUG o.a.netty.channel.ChannelManager - Adding key: http://localhost:51389 for channel [id: 0x26b6368b, L:/127.0.0.1:54410 - R:localhost/127.0.0.1:51389]
DEBUG [main] (BaseClass.java:37) - verifyApplication: 'Login Page' 
DEBUG [main] (BaseClass.java:37)- verifyApplication: 'Login Page' 
08:37:12.472 [Forwarding getTitle on session ffcffee4dc52153750a098d5dceba065 to remote] DEBUG o.a.netty.request.NettyRequestSender - Using pooled Channel '[id: 0x26b6368b, L:/127.0.0.1:54410 - R:localhost/127.0.0.1:51389]' for 'GET' to 'http://localhost:51389/session/ffcffee4dc52153750a098d5dceba065/title'
08:37:12.472 [Forwarding getTitle on session ffcffee4dc52153750a098d5dceba065 to remote] DEBUG o.a.netty.request.NettyRequestSender - Using open Channel [id: 0x26b6368b, L:/127.0.0.1:54410 - R:localhost/127.0.0.1:51389] for GET '/session/ffcffee4dc52153750a098d5dceba065/title'
08:37:12.475 [AsyncHttpClient-1-14] DEBUG o.a.netty.handler.HttpHandler - 

Request DefaultFullHttpRequest(decodeResult: success, version: HTTP/1.1, content: EmptyByteBufBE)
GET /session/ffcffee4dc52153750a098d5dceba065/title HTTP/1.1
User-Agent: selenium/4.1.2 (java windows)
Cache-Control: no-cache
Content-Type: application/json; charset=utf-8
host: localhost:51389
accept: */*

Response DefaultHttpResponse(decodeResult: success, version: HTTP/1.1)
HTTP/1.1 200 OK
Content-Type: application/json; charset=utf-8
cache-control: no-cache
content-length: 22

08:37:12.475 [AsyncHttpClient-1-14] DEBUG o.a.netty.channel.ChannelManager - Adding key: http://localhost:51389 for channel [id: 0x26b6368b, L:/127.0.0.1:54410 - R:localhost/127.0.0.1:51389]
08:37:13.150 [AsyncHttpClient-1-1] DEBUG o.a.netty.channel.DefaultChannelPool - Entry count for : http://localhost:54411 : 1
08:37:13.150 [AsyncHttpClient-1-1] DEBUG o.a.netty.channel.DefaultChannelPool - Entry count for : http://localhost:51389 : 1
08:37:14.258 [AsyncHttpClient-1-1] DEBUG o.a.netty.channel.DefaultChannelPool - Entry count for : http://localhost:54411 : 1
08:37:14.258 [AsyncHttpClient-1-1] DEBUG o.a.netty.channel.DefaultChannelPool - Entry count for : http://localhost:51389 : 1
08:37:15.357 [AsyncHttpClient-1-1] DEBUG o.a.netty.channel.DefaultChannelPool - Entry count for : http://localhost:54411 : 1
08:37:15.357 [AsyncHttpClient-1-1] DEBUG o.a.netty.channel.DefaultChannelPool - Entry count for : http://localhost:51389 : 1
08:37:16.457 [AsyncHttpClient-1-1] DEBUG o.a.netty.channel.DefaultChannelPool - Entry count for : http://localhost:54411 : 1
08:37:16.457 [AsyncHttpClient-1-1] DEBUG o.a.netty.channel.DefaultChannelPool - Entry count for : http://localhost:51389 : 1
  &amp#27;[32mGiven &amp#27;[0m&amp#27;[32mthat the user should navigate in PEGA Login Page&amp#27;[0m                                               &amp#27;[90m# stepdefinitions.LoginPageSteps.that_the_user_should_navigate_in_pega_login_page()&amp#27;[0m
DEBUG [main] (LoginPage.java:44) - verifyPageElements : Current Element = 'By.xpath: //div[@id="credentials"]//div[@class="field user"]//input' 
DEBUG [main] (LoginPage.java:44)- verifyPageElements : Current Element = 'By.xpath: //div[@id="credentials"]//div[@class="field user"]//input' 
08:37:17.489 [Forwarding findElement on session ffcffee4dc52153750a098d5dceba065 to remote] DEBUG o.a.netty.request.NettyRequestSender - Using pooled Channel '[id: 0x26b6368b, L:/127.0.0.1:54410 - R:localhost/127.0.0.1:51389]' for 'POST' to 'http://localhost:51389/session/ffcffee4dc52153750a098d5dceba065/element'
08:37:17.489 [Forwarding findElement on session ffcffee4dc52153750a098d5dceba065 to remote] DEBUG o.a.netty.request.NettyRequestSender - Using open Channel [id: 0x26b6368b, L:/127.0.0.1:54410 - R:localhost/127.0.0.1:51389] for POST '/session/ffcffee4dc52153750a098d5dceba065/element'
08:37:17.503 [AsyncHttpClient-1-14] DEBUG o.a.netty.handler.HttpHandler - 

Request DefaultHttpRequest(decodeResult: success, version: HTTP/1.1)
POST /session/ffcffee4dc52153750a098d5dceba065/element HTTP/1.1
User-Agent: selenium/4.1.2 (java windows)
Content-Length: 128
Content-Type: application/json; charset=utf-8
host: localhost:51389
accept: */*

Response DefaultHttpResponse(decodeResult: success, version: HTTP/1.1)
HTTP/1.1 200 OK
Content-Type: application/json; charset=utf-8
cache-control: no-cache
content-length: 88

08:37:17.503 [AsyncHttpClient-1-14] DEBUG o.a.netty.channel.ChannelManager - Adding key: http://localhost:51389 for channel [id: 0x26b6368b, L:/127.0.0.1:54410 - R:localhost/127.0.0.1:51389]
08:37:17.507 [Forwarding isElementDisplayed on session ffcffee4dc52153750a098d5dceba065 to remote] DEBUG o.a.netty.request.NettyRequestSender - Using pooled Channel '[id: 0x26b6368b, L:/127.0.0.1:54410 - R:localhost/127.0.0.1:51389]' for 'POST' to 'http://localhost:51389/session/ffcffee4dc52153750a098d5dceba065/execute/sync'
08:37:17.507 [Forwarding isElementDisplayed on session ffcffee4dc52153750a098d5dceba065 to remote] DEBUG o.a.netty.request.NettyRequestSender - Using open Channel [id: 0x26b6368b, L:/127.0.0.1:54410 - R:localhost/127.0.0.1:51389] for POST '/session/ffcffee4dc52153750a098d5dceba065/execute/sync'
08:37:17.529 [AsyncHttpClient-1-14] DEBUG o.a.netty.handler.HttpHandler - 

Request DefaultHttpRequest(decodeResult: success, version: HTTP/1.1)
POST /session/ffcffee4dc52153750a098d5dceba065/execute/sync HTTP/1.1
User-Agent: selenium/4.1.2 (java windows)
Content-Length: 48780
Content-Type: application/json; charset=utf-8
host: localhost:51389
accept: */*

Response DefaultHttpResponse(decodeResult: success, version: HTTP/1.1)
HTTP/1.1 200 OK
Content-Type: application/json; charset=utf-8
cache-control: no-cache
content-length: 14

08:37:17.529 [AsyncHttpClient-1-14] DEBUG o.a.netty.channel.ChannelManager - Adding key: http://localhost:51389 for channel [id: 0x26b6368b, L:/127.0.0.1:54410 - R:localhost/127.0.0.1:51389]
08:37:17.530 [Forwarding findElement on session ffcffee4dc52153750a098d5dceba065 to remote] DEBUG o.a.netty.request.NettyRequestSender - Using pooled Channel '[id: 0x26b6368b, L:/127.0.0.1:54410 - R:localhost/127.0.0.1:51389]' for 'POST' to 'http://localhost:51389/session/ffcffee4dc52153750a098d5dceba065/element'
08:37:17.530 [Forwarding findElement on session ffcffee4dc52153750a098d5dceba065 to remote] DEBUG o.a.netty.request.NettyRequestSender - Using open Channel [id: 0x26b6368b, L:/127.0.0.1:54410 - R:localhost/127.0.0.1:51389] for POST '/session/ffcffee4dc52153750a098d5dceba065/element'
08:37:17.537 [AsyncHttpClient-1-14] DEBUG o.a.netty.handler.HttpHandler - 

Request DefaultHttpRequest(decodeResult: success, version: HTTP/1.1)
POST /session/ffcffee4dc52153750a098d5dceba065/element HTTP/1.1
User-Agent: selenium/4.1.2 (java windows)
Content-Length: 128
Content-Type: application/json; charset=utf-8
host: localhost:51389
accept: */*

Response DefaultHttpResponse(decodeResult: success, version: HTTP/1.1)
HTTP/1.1 200 OK
Content-Type: application/json; charset=utf-8
cache-control: no-cache
content-length: 88

08:37:17.537 [AsyncHttpClient-1-14] DEBUG o.a.netty.channel.ChannelManager - Adding key: http://localhost:51389 for channel [id: 0x26b6368b, L:/127.0.0.1:54410 - R:localhost/127.0.0.1:51389]
08:37:17.541 [Forwarding isElementDisplayed on session ffcffee4dc52153750a098d5dceba065 to remote] DEBUG o.a.netty.request.NettyRequestSender - Using pooled Channel '[id: 0x26b6368b, L:/127.0.0.1:54410 - R:localhost/127.0.0.1:51389]' for 'POST' to 'http://localhost:51389/session/ffcffee4dc52153750a098d5dceba065/execute/sync'
08:37:17.541 [Forwarding isElementDisplayed on session ffcffee4dc52153750a098d5dceba065 to remote] DEBUG o.a.netty.request.NettyRequestSender - Using open Channel [id: 0x26b6368b, L:/127.0.0.1:54410 - R:localhost/127.0.0.1:51389] for POST '/session/ffcffee4dc52153750a098d5dceba065/execute/sync'
08:37:17.550 [AsyncHttpClient-1-1] DEBUG o.a.netty.channel.DefaultChannelPool - Entry count for : http://localhost:54411 : 1
08:37:17.554 [AsyncHttpClient-1-14] DEBUG o.a.netty.handler.HttpHandler - 

Request DefaultHttpRequest(decodeResult: success, version: HTTP/1.1)
POST /session/ffcffee4dc52153750a098d5dceba065/execute/sync HTTP/1.1
User-Agent: selenium/4.1.2 (java windows)
Content-Length: 48780
Content-Type: application/json; charset=utf-8
host: localhost:51389
accept: */*

Response DefaultHttpResponse(decodeResult: success, version: HTTP/1.1)
HTTP/1.1 200 OK
Content-Type: application/json; charset=utf-8
cache-control: no-cache
content-length: 14

08:37:17.554 [AsyncHttpClient-1-14] DEBUG o.a.netty.channel.ChannelManager - Adding key: http://localhost:51389 for channel [id: 0x26b6368b, L:/127.0.0.1:54410 - R:localhost/127.0.0.1:51389]
08:37:17.555 [Forwarding findElement on session ffcffee4dc52153750a098d5dceba065 to remote] DEBUG o.a.netty.request.NettyRequestSender - Using pooled Channel '[id: 0x26b6368b, L:/127.0.0.1:54410 - R:localhost/127.0.0.1:51389]' for 'POST' to 'http://localhost:51389/session/ffcffee4dc52153750a098d5dceba065/element'
08:37:17.555 [Forwarding findElement on session ffcffee4dc52153750a098d5dceba065 to remote] DEBUG o.a.netty.request.NettyRequestSender - Using open Channel [id: 0x26b6368b, L:/127.0.0.1:54410 - R:localhost/127.0.0.1:51389] for POST '/session/ffcffee4dc52153750a098d5dceba065/element'
08:37:17.562 [AsyncHttpClient-1-14] DEBUG o.a.netty.handler.HttpHandler - 

Request DefaultHttpRequest(decodeResult: success, version: HTTP/1.1)
POST /session/ffcffee4dc52153750a098d5dceba065/element HTTP/1.1
User-Agent: selenium/4.1.2 (java windows)
Content-Length: 128
Content-Type: application/json; charset=utf-8
host: localhost:51389
accept: */*

Response DefaultHttpResponse(decodeResult: success, version: HTTP/1.1)
HTTP/1.1 200 OK
Content-Type: application/json; charset=utf-8
cache-control: no-cache
content-length: 88

08:37:17.562 [AsyncHttpClient-1-14] DEBUG o.a.netty.channel.ChannelManager - Adding key: http://localhost:51389 for channel [id: 0x26b6368b, L:/127.0.0.1:54410 - R:localhost/127.0.0.1:51389]
08:37:17.563 [Forwarding isElementEnabled on session ffcffee4dc52153750a098d5dceba065 to remote] DEBUG o.a.netty.request.NettyRequestSender - Using pooled Channel '[id: 0x26b6368b, L:/127.0.0.1:54410 - R:localhost/127.0.0.1:51389]' for 'GET' to 'http://localhost:51389/session/ffcffee4dc52153750a098d5dceba065/element/e79d12f1-a207-490a-9a5a-8e29ece71ef4/enabled'
08:37:17.563 [Forwarding isElementEnabled on session ffcffee4dc52153750a098d5dceba065 to remote] DEBUG o.a.netty.request.NettyRequestSender - Using open Channel [id: 0x26b6368b, L:/127.0.0.1:54410 - R:localhost/127.0.0.1:51389] for GET '/session/ffcffee4dc52153750a098d5dceba065/element/e79d12f1-a207-490a-9a5a-8e29ece71ef4/enabled'
08:37:17.570 [AsyncHttpClient-1-14] DEBUG o.a.netty.handler.HttpHandler - 

Request DefaultFullHttpRequest(decodeResult: success, version: HTTP/1.1, content: EmptyByteBufBE)
GET /session/ffcffee4dc52153750a098d5dceba065/element/e79d12f1-a207-490a-9a5a-8e29ece71ef4/enabled HTTP/1.1
User-Agent: selenium/4.1.2 (java windows)
Cache-Control: no-cache
Content-Type: application/json; charset=utf-8
host: localhost:51389
accept: */*

Response DefaultHttpResponse(decodeResult: success, version: HTTP/1.1)
HTTP/1.1 200 OK
Content-Type: application/json; charset=utf-8
cache-control: no-cache
content-length: 14

08:37:17.571 [AsyncHttpClient-1-14] DEBUG o.a.netty.channel.ChannelManager - Adding key: http://localhost:51389 for channel [id: 0x26b6368b, L:/127.0.0.1:54410 - R:localhost/127.0.0.1:51389]
DEBUG [main] (LoginPage.java:44) - verifyPageElements : Current Element = 'By.xpath: //div[@id="credentials"]//div[@class="field password"]//input' 
DEBUG [main] (LoginPage.java:44)- verifyPageElements : Current Element = 'By.xpath: //div[@id="credentials"]//div[@class="field password"]//input' 
08:37:17.572 [Forwarding findElement on session ffcffee4dc52153750a098d5dceba065 to remote] DEBUG o.a.netty.request.NettyRequestSender - Using pooled Channel '[id: 0x26b6368b, L:/127.0.0.1:54410 - R:localhost/127.0.0.1:51389]' for 'POST' to 'http://localhost:51389/session/ffcffee4dc52153750a098d5dceba065/element'
08:37:17.572 [Forwarding findElement on session ffcffee4dc52153750a098d5dceba065 to remote] DEBUG o.a.netty.request.NettyRequestSender - Using open Channel [id: 0x26b6368b, L:/127.0.0.1:54410 - R:localhost/127.0.0.1:51389] for POST '/session/ffcffee4dc52153750a098d5dceba065/element'
08:37:17.583 [AsyncHttpClient-1-14] DEBUG o.a.netty.handler.HttpHandler - 

Request DefaultHttpRequest(decodeResult: success, version: HTTP/1.1)
POST /session/ffcffee4dc52153750a098d5dceba065/element HTTP/1.1
User-Agent: selenium/4.1.2 (java windows)
Content-Length: 132
Content-Type: application/json; charset=utf-8
host: localhost:51389
accept: */*

Response DefaultHttpResponse(decodeResult: success, version: HTTP/1.1)
HTTP/1.1 200 OK
Content-Type: application/json; charset=utf-8
cache-control: no-cache
content-length: 88

08:37:17.583 [AsyncHttpClient-1-14] DEBUG o.a.netty.channel.ChannelManager - Adding key: http://localhost:51389 for channel [id: 0x26b6368b, L:/127.0.0.1:54410 - R:localhost/127.0.0.1:51389]
08:37:17.587 [Forwarding isElementDisplayed on session ffcffee4dc52153750a098d5dceba065 to remote] DEBUG o.a.netty.request.NettyRequestSender - Using pooled Channel '[id: 0x26b6368b, L:/127.0.0.1:54410 - R:localhost/127.0.0.1:51389]' for 'POST' to 'http://localhost:51389/session/ffcffee4dc52153750a098d5dceba065/execute/sync'
08:37:17.587 [Forwarding isElementDisplayed on session ffcffee4dc52153750a098d5dceba065 to remote] DEBUG o.a.netty.request.NettyRequestSender - Using open Channel [id: 0x26b6368b, L:/127.0.0.1:54410 - R:localhost/127.0.0.1:51389] for POST '/session/ffcffee4dc52153750a098d5dceba065/execute/sync'
08:37:17.596 [AsyncHttpClient-1-14] DEBUG o.a.netty.handler.HttpHandler - 

Request DefaultHttpRequest(decodeResult: success, version: HTTP/1.1)
POST /session/ffcffee4dc52153750a098d5dceba065/execute/sync HTTP/1.1
User-Agent: selenium/4.1.2 (java windows)
Content-Length: 48780
Content-Type: application/json; charset=utf-8
host: localhost:51389
accept: */*

Response DefaultHttpResponse(decodeResult: success, version: HTTP/1.1)
HTTP/1.1 200 OK
Content-Type: application/json; charset=utf-8
cache-control: no-cache
content-length: 14

08:37:17.597 [AsyncHttpClient-1-14] DEBUG o.a.netty.channel.ChannelManager - Adding key: http://localhost:51389 for channel [id: 0x26b6368b, L:/127.0.0.1:54410 - R:localhost/127.0.0.1:51389]
08:37:17.598 [Forwarding findElement on session ffcffee4dc52153750a098d5dceba065 to remote] DEBUG o.a.netty.request.NettyRequestSender - Using pooled Channel '[id: 0x26b6368b, L:/127.0.0.1:54410 - R:localhost/127.0.0.1:51389]' for 'POST' to 'http://localhost:51389/session/ffcffee4dc52153750a098d5dceba065/element'
08:37:17.598 [Forwarding findElement on session ffcffee4dc52153750a098d5dceba065 to remote] DEBUG o.a.netty.request.NettyRequestSender - Using open Channel [id: 0x26b6368b, L:/127.0.0.1:54410 - R:localhost/127.0.0.1:51389] for POST '/session/ffcffee4dc52153750a098d5dceba065/element'
08:37:17.604 [AsyncHttpClient-1-14] DEBUG o.a.netty.handler.HttpHandler - 

Request DefaultHttpRequest(decodeResult: success, version: HTTP/1.1)
POST /session/ffcffee4dc52153750a098d5dceba065/element HTTP/1.1
User-Agent: selenium/4.1.2 (java windows)
Content-Length: 132
Content-Type: application/json; charset=utf-8
host: localhost:51389
accept: */*

Response DefaultHttpResponse(decodeResult: success, version: HTTP/1.1)
HTTP/1.1 200 OK
Content-Type: application/json; charset=utf-8
cache-control: no-cache
content-length: 88

08:37:17.604 [AsyncHttpClient-1-14] DEBUG o.a.netty.channel.ChannelManager - Adding key: http://localhost:51389 for channel [id: 0x26b6368b, L:/127.0.0.1:54410 - R:localhost/127.0.0.1:51389]
08:37:17.608 [Forwarding isElementDisplayed on session ffcffee4dc52153750a098d5dceba065 to remote] DEBUG o.a.netty.request.NettyRequestSender - Using pooled Channel '[id: 0x26b6368b, L:/127.0.0.1:54410 - R:localhost/127.0.0.1:51389]' for 'POST' to 'http://localhost:51389/session/ffcffee4dc52153750a098d5dceba065/execute/sync'
08:37:17.608 [Forwarding isElementDisplayed on session ffcffee4dc52153750a098d5dceba065 to remote] DEBUG o.a.netty.request.NettyRequestSender - Using open Channel [id: 0x26b6368b, L:/127.0.0.1:54410 - R:localhost/127.0.0.1:51389] for POST '/session/ffcffee4dc52153750a098d5dceba065/execute/sync'
08:37:17.618 [AsyncHttpClient-1-14] DEBUG o.a.netty.handler.HttpHandler - 

Request DefaultHttpRequest(decodeResult: success, version: HTTP/1.1)
POST /session/ffcffee4dc52153750a098d5dceba065/execute/sync HTTP/1.1
User-Agent: selenium/4.1.2 (java windows)
Content-Length: 48780
Content-Type: application/json; charset=utf-8
host: localhost:51389
accept: */*

Response DefaultHttpResponse(decodeResult: success, version: HTTP/1.1)
HTTP/1.1 200 OK
Content-Type: application/json; charset=utf-8
cache-control: no-cache
content-length: 14

08:37:17.618 [AsyncHttpClient-1-14] DEBUG o.a.netty.channel.ChannelManager - Adding key: http://localhost:51389 for channel [id: 0x26b6368b, L:/127.0.0.1:54410 - R:localhost/127.0.0.1:51389]
08:37:17.619 [Forwarding findElement on session ffcffee4dc52153750a098d5dceba065 to remote] DEBUG o.a.netty.request.NettyRequestSender - Using pooled Channel '[id: 0x26b6368b, L:/127.0.0.1:54410 - R:localhost/127.0.0.1:51389]' for 'POST' to 'http://localhost:51389/session/ffcffee4dc52153750a098d5dceba065/element'
08:37:17.619 [Forwarding findElement on session ffcffee4dc52153750a098d5dceba065 to remote] DEBUG o.a.netty.request.NettyRequestSender - Using open Channel [id: 0x26b6368b, L:/127.0.0.1:54410 - R:localhost/127.0.0.1:51389] for POST '/session/ffcffee4dc52153750a098d5dceba065/element'
08:37:17.625 [AsyncHttpClient-1-14] DEBUG o.a.netty.handler.HttpHandler - 

Request DefaultHttpRequest(decodeResult: success, version: HTTP/1.1)
POST /session/ffcffee4dc52153750a098d5dceba065/element HTTP/1.1
User-Agent: selenium/4.1.2 (java windows)
Content-Length: 132
Content-Type: application/json; charset=utf-8
host: localhost:51389
accept: */*

Response DefaultHttpResponse(decodeResult: success, version: HTTP/1.1)
HTTP/1.1 200 OK
Content-Type: application/json; charset=utf-8
cache-control: no-cache
content-length: 88

08:37:17.625 [AsyncHttpClient-1-14] DEBUG o.a.netty.channel.ChannelManager - Adding key: http://localhost:51389 for channel [id: 0x26b6368b, L:/127.0.0.1:54410 - R:localhost/127.0.0.1:51389]
08:37:17.626 [Forwarding isElementEnabled on session ffcffee4dc52153750a098d5dceba065 to remote] DEBUG o.a.netty.request.NettyRequestSender - Using pooled Channel '[id: 0x26b6368b, L:/127.0.0.1:54410 - R:localhost/127.0.0.1:51389]' for 'GET' to 'http://localhost:51389/session/ffcffee4dc52153750a098d5dceba065/element/5e6bb165-b695-41d5-ab31-ae03ef4db49a/enabled'
08:37:17.626 [Forwarding isElementEnabled on session ffcffee4dc52153750a098d5dceba065 to remote] DEBUG o.a.netty.request.NettyRequestSender - Using open Channel [id: 0x26b6368b, L:/127.0.0.1:54410 - R:localhost/127.0.0.1:51389] for GET '/session/ffcffee4dc52153750a098d5dceba065/element/5e6bb165-b695-41d5-ab31-ae03ef4db49a/enabled'
08:37:17.634 [AsyncHttpClient-1-14] DEBUG o.a.netty.handler.HttpHandler - 

Request DefaultFullHttpRequest(decodeResult: success, version: HTTP/1.1, content: EmptyByteBufBE)
GET /session/ffcffee4dc52153750a098d5dceba065/element/5e6bb165-b695-41d5-ab31-ae03ef4db49a/enabled HTTP/1.1
User-Agent: selenium/4.1.2 (java windows)
Cache-Control: no-cache
Content-Type: application/json; charset=utf-8
host: localhost:51389
accept: */*

Response DefaultHttpResponse(decodeResult: success, version: HTTP/1.1)
HTTP/1.1 200 OK
Content-Type: application/json; charset=utf-8
cache-control: no-cache
content-length: 14

08:37:17.634 [AsyncHttpClient-1-14] DEBUG o.a.netty.channel.ChannelManager - Adding key: http://localhost:51389 for channel [id: 0x26b6368b, L:/127.0.0.1:54410 - R:localhost/127.0.0.1:51389]
DEBUG [main] (LoginPage.java:44) - verifyPageElements : Current Element = 'By.xpath: //div[@id="credentials"]//button[contains(@class,"loginButton")]' 
DEBUG [main] (LoginPage.java:44)- verifyPageElements : Current Element = 'By.xpath: //div[@id="credentials"]//button[contains(@class,"loginButton")]' 
08:37:17.635 [Forwarding findElement on session ffcffee4dc52153750a098d5dceba065 to remote] DEBUG o.a.netty.request.NettyRequestSender - Using pooled Channel '[id: 0x26b6368b, L:/127.0.0.1:54410 - R:localhost/127.0.0.1:51389]' for 'POST' to 'http://localhost:51389/session/ffcffee4dc52153750a098d5dceba065/element'
08:37:17.636 [Forwarding findElement on session ffcffee4dc52153750a098d5dceba065 to remote] DEBUG o.a.netty.request.NettyRequestSender - Using open Channel [id: 0x26b6368b, L:/127.0.0.1:54410 - R:localhost/127.0.0.1:51389] for POST '/session/ffcffee4dc52153750a098d5dceba065/element'
08:37:17.647 [AsyncHttpClient-1-14] DEBUG o.a.netty.handler.HttpHandler - 

Request DefaultHttpRequest(decodeResult: success, version: HTTP/1.1)
POST /session/ffcffee4dc52153750a098d5dceba065/element HTTP/1.1
User-Agent: selenium/4.1.2 (java windows)
Content-Length: 125
Content-Type: application/json; charset=utf-8
host: localhost:51389
accept: */*

Response DefaultHttpResponse(decodeResult: success, version: HTTP/1.1)
HTTP/1.1 200 OK
Content-Type: application/json; charset=utf-8
cache-control: no-cache
content-length: 88

08:37:17.647 [AsyncHttpClient-1-14] DEBUG o.a.netty.channel.ChannelManager - Adding key: http://localhost:51389 for channel [id: 0x26b6368b, L:/127.0.0.1:54410 - R:localhost/127.0.0.1:51389]
08:37:17.651 [Forwarding isElementDisplayed on session ffcffee4dc52153750a098d5dceba065 to remote] DEBUG o.a.netty.request.NettyRequestSender - Using pooled Channel '[id: 0x26b6368b, L:/127.0.0.1:54410 - R:localhost/127.0.0.1:51389]' for 'POST' to 'http://localhost:51389/session/ffcffee4dc52153750a098d5dceba065/execute/sync'
08:37:17.651 [Forwarding isElementDisplayed on session ffcffee4dc52153750a098d5dceba065 to remote] DEBUG o.a.netty.request.NettyRequestSender - Using open Channel [id: 0x26b6368b, L:/127.0.0.1:54410 - R:localhost/127.0.0.1:51389] for POST '/session/ffcffee4dc52153750a098d5dceba065/execute/sync'
08:37:17.661 [AsyncHttpClient-1-14] DEBUG o.a.netty.handler.HttpHandler - 

Request DefaultHttpRequest(decodeResult: success, version: HTTP/1.1)
POST /session/ffcffee4dc52153750a098d5dceba065/execute/sync HTTP/1.1
User-Agent: selenium/4.1.2 (java windows)
Content-Length: 48780
Content-Type: application/json; charset=utf-8
host: localhost:51389
accept: */*

Response DefaultHttpResponse(decodeResult: success, version: HTTP/1.1)
HTTP/1.1 200 OK
Content-Type: application/json; charset=utf-8
cache-control: no-cache
content-length: 14

08:37:17.662 [AsyncHttpClient-1-14] DEBUG o.a.netty.channel.ChannelManager - Adding key: http://localhost:51389 for channel [id: 0x26b6368b, L:/127.0.0.1:54410 - R:localhost/127.0.0.1:51389]
08:37:17.663 [Forwarding findElement on session ffcffee4dc52153750a098d5dceba065 to remote] DEBUG o.a.netty.request.NettyRequestSender - Using pooled Channel '[id: 0x26b6368b, L:/127.0.0.1:54410 - R:localhost/127.0.0.1:51389]' for 'POST' to 'http://localhost:51389/session/ffcffee4dc52153750a098d5dceba065/element'
08:37:17.663 [Forwarding findElement on session ffcffee4dc52153750a098d5dceba065 to remote] DEBUG o.a.netty.request.NettyRequestSender - Using open Channel [id: 0x26b6368b, L:/127.0.0.1:54410 - R:localhost/127.0.0.1:51389] for POST '/session/ffcffee4dc52153750a098d5dceba065/element'
08:37:17.669 [AsyncHttpClient-1-14] DEBUG o.a.netty.handler.HttpHandler - 

Request DefaultHttpRequest(decodeResult: success, version: HTTP/1.1)
POST /session/ffcffee4dc52153750a098d5dceba065/element HTTP/1.1
User-Agent: selenium/4.1.2 (java windows)
Content-Length: 125
Content-Type: application/json; charset=utf-8
host: localhost:51389
accept: */*

Response DefaultHttpResponse(decodeResult: success, version: HTTP/1.1)
HTTP/1.1 200 OK
Content-Type: application/json; charset=utf-8
cache-control: no-cache
content-length: 88

08:37:17.669 [AsyncHttpClient-1-14] DEBUG o.a.netty.channel.ChannelManager - Adding key: http://localhost:51389 for channel [id: 0x26b6368b, L:/127.0.0.1:54410 - R:localhost/127.0.0.1:51389]
08:37:17.672 [Forwarding isElementDisplayed on session ffcffee4dc52153750a098d5dceba065 to remote] DEBUG o.a.netty.request.NettyRequestSender - Using pooled Channel '[id: 0x26b6368b, L:/127.0.0.1:54410 - R:localhost/127.0.0.1:51389]' for 'POST' to 'http://localhost:51389/session/ffcffee4dc52153750a098d5dceba065/execute/sync'
08:37:17.673 [Forwarding isElementDisplayed on session ffcffee4dc52153750a098d5dceba065 to remote] DEBUG o.a.netty.request.NettyRequestSender - Using open Channel [id: 0x26b6368b, L:/127.0.0.1:54410 - R:localhost/127.0.0.1:51389] for POST '/session/ffcffee4dc52153750a098d5dceba065/execute/sync'
08:37:17.682 [AsyncHttpClient-1-14] DEBUG o.a.netty.handler.HttpHandler - 

Request DefaultHttpRequest(decodeResult: success, version: HTTP/1.1)
POST /session/ffcffee4dc52153750a098d5dceba065/execute/sync HTTP/1.1
User-Agent: selenium/4.1.2 (java windows)
Content-Length: 48780
Content-Type: application/json; charset=utf-8
host: localhost:51389
accept: */*

Response DefaultHttpResponse(decodeResult: success, version: HTTP/1.1)
HTTP/1.1 200 OK
Content-Type: application/json; charset=utf-8
cache-control: no-cache
content-length: 14

08:37:17.682 [AsyncHttpClient-1-14] DEBUG o.a.netty.channel.ChannelManager - Adding key: http://localhost:51389 for channel [id: 0x26b6368b, L:/127.0.0.1:54410 - R:localhost/127.0.0.1:51389]
08:37:17.683 [Forwarding findElement on session ffcffee4dc52153750a098d5dceba065 to remote] DEBUG o.a.netty.request.NettyRequestSender - Using pooled Channel '[id: 0x26b6368b, L:/127.0.0.1:54410 - R:localhost/127.0.0.1:51389]' for 'POST' to 'http://localhost:51389/session/ffcffee4dc52153750a098d5dceba065/element'
08:37:17.683 [Forwarding findElement on session ffcffee4dc52153750a098d5dceba065 to remote] DEBUG o.a.netty.request.NettyRequestSender - Using open Channel [id: 0x26b6368b, L:/127.0.0.1:54410 - R:localhost/127.0.0.1:51389] for POST '/session/ffcffee4dc52153750a098d5dceba065/element'
08:37:17.689 [AsyncHttpClient-1-14] DEBUG o.a.netty.handler.HttpHandler - 

Request DefaultHttpRequest(decodeResult: success, version: HTTP/1.1)
POST /session/ffcffee4dc52153750a098d5dceba065/element HTTP/1.1
User-Agent: selenium/4.1.2 (java windows)
Content-Length: 125
Content-Type: application/json; charset=utf-8
host: localhost:51389
accept: */*

Response DefaultHttpResponse(decodeResult: success, version: HTTP/1.1)
HTTP/1.1 200 OK
Content-Type: application/json; charset=utf-8
cache-control: no-cache
content-length: 88

08:37:17.689 [AsyncHttpClient-1-14] DEBUG o.a.netty.channel.ChannelManager - Adding key: http://localhost:51389 for channel [id: 0x26b6368b, L:/127.0.0.1:54410 - R:localhost/127.0.0.1:51389]
08:37:17.690 [Forwarding isElementEnabled on session ffcffee4dc52153750a098d5dceba065 to remote] DEBUG o.a.netty.request.NettyRequestSender - Using pooled Channel '[id: 0x26b6368b, L:/127.0.0.1:54410 - R:localhost/127.0.0.1:51389]' for 'GET' to 'http://localhost:51389/session/ffcffee4dc52153750a098d5dceba065/element/2f552b8d-5bf6-4ec9-92a5-f7b750494f75/enabled'
08:37:17.690 [Forwarding isElementEnabled on session ffcffee4dc52153750a098d5dceba065 to remote] DEBUG o.a.netty.request.NettyRequestSender - Using open Channel [id: 0x26b6368b, L:/127.0.0.1:54410 - R:localhost/127.0.0.1:51389] for GET '/session/ffcffee4dc52153750a098d5dceba065/element/2f552b8d-5bf6-4ec9-92a5-f7b750494f75/enabled'
08:37:17.698 [AsyncHttpClient-1-14] DEBUG o.a.netty.handler.HttpHandler - 

Request DefaultFullHttpRequest(decodeResult: success, version: HTTP/1.1, content: EmptyByteBufBE)
GET /session/ffcffee4dc52153750a098d5dceba065/element/2f552b8d-5bf6-4ec9-92a5-f7b750494f75/enabled HTTP/1.1
User-Agent: selenium/4.1.2 (java windows)
Cache-Control: no-cache
Content-Type: application/json; charset=utf-8
host: localhost:51389
accept: */*

Response DefaultHttpResponse(decodeResult: success, version: HTTP/1.1)
HTTP/1.1 200 OK
Content-Type: application/json; charset=utf-8
cache-control: no-cache
content-length: 14

08:37:17.698 [AsyncHttpClient-1-14] DEBUG o.a.netty.channel.ChannelManager - Adding key: http://localhost:51389 for channel [id: 0x26b6368b, L:/127.0.0.1:54410 - R:localhost/127.0.0.1:51389]
  &amp#27;[32mAnd &amp#27;[0m&amp#27;[32muser verify the Login Page Elements is Visible&amp#27;[0m                                                   &amp#27;[90m# stepdefinitions.LoginPageSteps.user_verify_the_login_page_elements_is_visible()&amp#27;[0m
08:37:18.665 [AsyncHttpClient-1-1] DEBUG o.a.netty.channel.DefaultChannelPool - Entry count for : http://localhost:54411 : 1
08:37:18.665 [AsyncHttpClient-1-1] DEBUG o.a.netty.channel.DefaultChannelPool - Entry count for : http://localhost:51389 : 1
DEBUG [main] (LoginPage.java:81) - enterUserCredentails: username = 'invalidUser' | password = 'InvalidPassword' 
DEBUG [main] (LoginPage.java:81)- enterUserCredentails: username = 'invalidUser' | password = 'InvalidPassword' 
08:37:19.711 [Forwarding findElement on session ffcffee4dc52153750a098d5dceba065 to remote] DEBUG o.a.netty.request.NettyRequestSender - Using pooled Channel '[id: 0x26b6368b, L:/127.0.0.1:54410 - R:localhost/127.0.0.1:51389]' for 'POST' to 'http://localhost:51389/session/ffcffee4dc52153750a098d5dceba065/element'
08:37:19.711 [Forwarding findElement on session ffcffee4dc52153750a098d5dceba065 to remote] DEBUG o.a.netty.request.NettyRequestSender - Using open Channel [id: 0x26b6368b, L:/127.0.0.1:54410 - R:localhost/127.0.0.1:51389] for POST '/session/ffcffee4dc52153750a098d5dceba065/element'
08:37:19.717 [AsyncHttpClient-1-14] DEBUG o.a.netty.handler.HttpHandler - 

Request DefaultHttpRequest(decodeResult: success, version: HTTP/1.1)
POST /session/ffcffee4dc52153750a098d5dceba065/element HTTP/1.1
User-Agent: selenium/4.1.2 (java windows)
Content-Length: 128
Content-Type: application/json; charset=utf-8
host: localhost:51389
accept: */*

Response DefaultHttpResponse(decodeResult: success, version: HTTP/1.1)
HTTP/1.1 200 OK
Content-Type: application/json; charset=utf-8
cache-control: no-cache
content-length: 88

08:37:19.717 [AsyncHttpClient-1-14] DEBUG o.a.netty.channel.ChannelManager - Adding key: http://localhost:51389 for channel [id: 0x26b6368b, L:/127.0.0.1:54410 - R:localhost/127.0.0.1:51389]
08:37:19.719 [Forwarding sendKeysToElement on session ffcffee4dc52153750a098d5dceba065 to remote] DEBUG o.a.netty.request.NettyRequestSender - Using pooled Channel '[id: 0x26b6368b, L:/127.0.0.1:54410 - R:localhost/127.0.0.1:51389]' for 'POST' to 'http://localhost:51389/session/ffcffee4dc52153750a098d5dceba065/element/e79d12f1-a207-490a-9a5a-8e29ece71ef4/value'
08:37:19.719 [Forwarding sendKeysToElement on session ffcffee4dc52153750a098d5dceba065 to remote] DEBUG o.a.netty.request.NettyRequestSender - Using open Channel [id: 0x26b6368b, L:/127.0.0.1:54410 - R:localhost/127.0.0.1:51389] for POST '/session/ffcffee4dc52153750a098d5dceba065/element/e79d12f1-a207-490a-9a5a-8e29ece71ef4/value'
08:37:19.753 [AsyncHttpClient-1-14] DEBUG o.a.netty.handler.HttpHandler - 

Request DefaultHttpRequest(decodeResult: success, version: HTTP/1.1)
POST /session/ffcffee4dc52153750a098d5dceba065/element/e79d12f1-a207-490a-9a5a-8e29ece71ef4/value HTTP/1.1
User-Agent: selenium/4.1.2 (java windows)
Content-Length: 191
Content-Type: application/json; charset=utf-8
host: localhost:51389
accept: */*

Response DefaultHttpResponse(decodeResult: success, version: HTTP/1.1)
HTTP/1.1 200 OK
Content-Type: application/json; charset=utf-8
cache-control: no-cache
content-length: 14

08:37:19.753 [AsyncHttpClient-1-14] DEBUG o.a.netty.channel.ChannelManager - Adding key: http://localhost:51389 for channel [id: 0x26b6368b, L:/127.0.0.1:54410 - R:localhost/127.0.0.1:51389]
08:37:19.754 [Forwarding findElement on session ffcffee4dc52153750a098d5dceba065 to remote] DEBUG o.a.netty.request.NettyRequestSender - Using pooled Channel '[id: 0x26b6368b, L:/127.0.0.1:54410 - R:localhost/127.0.0.1:51389]' for 'POST' to 'http://localhost:51389/session/ffcffee4dc52153750a098d5dceba065/element'
08:37:19.754 [Forwarding findElement on session ffcffee4dc52153750a098d5dceba065 to remote] DEBUG o.a.netty.request.NettyRequestSender - Using open Channel [id: 0x26b6368b, L:/127.0.0.1:54410 - R:localhost/127.0.0.1:51389] for POST '/session/ffcffee4dc52153750a098d5dceba065/element'
08:37:19.757 [AsyncHttpClient-1-1] DEBUG o.a.netty.channel.DefaultChannelPool - Entry count for : http://localhost:54411 : 1
08:37:19.760 [AsyncHttpClient-1-14] DEBUG o.a.netty.handler.HttpHandler - 

Request DefaultHttpRequest(decodeResult: success, version: HTTP/1.1)
POST /session/ffcffee4dc52153750a098d5dceba065/element HTTP/1.1
User-Agent: selenium/4.1.2 (java windows)
Content-Length: 132
Content-Type: application/json; charset=utf-8
host: localhost:51389
accept: */*

Response DefaultHttpResponse(decodeResult: success, version: HTTP/1.1)
HTTP/1.1 200 OK
Content-Type: application/json; charset=utf-8
cache-control: no-cache
content-length: 88

08:37:19.760 [AsyncHttpClient-1-14] DEBUG o.a.netty.channel.ChannelManager - Adding key: http://localhost:51389 for channel [id: 0x26b6368b, L:/127.0.0.1:54410 - R:localhost/127.0.0.1:51389]
08:37:19.761 [Forwarding sendKeysToElement on session ffcffee4dc52153750a098d5dceba065 to remote] DEBUG o.a.netty.request.NettyRequestSender - Using pooled Channel '[id: 0x26b6368b, L:/127.0.0.1:54410 - R:localhost/127.0.0.1:51389]' for 'POST' to 'http://localhost:51389/session/ffcffee4dc52153750a098d5dceba065/element/5e6bb165-b695-41d5-ab31-ae03ef4db49a/value'
08:37:19.761 [Forwarding sendKeysToElement on session ffcffee4dc52153750a098d5dceba065 to remote] DEBUG o.a.netty.request.NettyRequestSender - Using open Channel [id: 0x26b6368b, L:/127.0.0.1:54410 - R:localhost/127.0.0.1:51389] for POST '/session/ffcffee4dc52153750a098d5dceba065/element/5e6bb165-b695-41d5-ab31-ae03ef4db49a/value'
08:37:19.810 [AsyncHttpClient-1-14] DEBUG o.a.netty.handler.HttpHandler - 

Request DefaultHttpRequest(decodeResult: success, version: HTTP/1.1)
POST /session/ffcffee4dc52153750a098d5dceba065/element/5e6bb165-b695-41d5-ab31-ae03ef4db49a/value HTTP/1.1
User-Agent: selenium/4.1.2 (java windows)
Content-Length: 231
Content-Type: application/json; charset=utf-8
host: localhost:51389
accept: */*

Response DefaultHttpResponse(decodeResult: success, version: HTTP/1.1)
HTTP/1.1 200 OK
Content-Type: application/json; charset=utf-8
cache-control: no-cache
content-length: 14

08:37:19.811 [AsyncHttpClient-1-14] DEBUG o.a.netty.channel.ChannelManager - Adding key: http://localhost:51389 for channel [id: 0x26b6368b, L:/127.0.0.1:54410 - R:localhost/127.0.0.1:51389]
08:37:19.812 [Forwarding findElement on session ffcffee4dc52153750a098d5dceba065 to remote] DEBUG o.a.netty.request.NettyRequestSender - Using pooled Channel '[id: 0x26b6368b, L:/127.0.0.1:54410 - R:localhost/127.0.0.1:51389]' for 'POST' to 'http://localhost:51389/session/ffcffee4dc52153750a098d5dceba065/element'
08:37:19.812 [Forwarding findElement on session ffcffee4dc52153750a098d5dceba065 to remote] DEBUG o.a.netty.request.NettyRequestSender - Using open Channel [id: 0x26b6368b, L:/127.0.0.1:54410 - R:localhost/127.0.0.1:51389] for POST '/session/ffcffee4dc52153750a098d5dceba065/element'
08:37:19.819 [AsyncHttpClient-1-14] DEBUG o.a.netty.handler.HttpHandler - 

Request DefaultHttpRequest(decodeResult: success, version: HTTP/1.1)
POST /session/ffcffee4dc52153750a098d5dceba065/element HTTP/1.1
User-Agent: selenium/4.1.2 (java windows)
Content-Length: 125
Content-Type: application/json; charset=utf-8
host: localhost:51389
accept: */*

Response DefaultHttpResponse(decodeResult: success, version: HTTP/1.1)
HTTP/1.1 200 OK
Content-Type: application/json; charset=utf-8
cache-control: no-cache
content-length: 88

08:37:19.819 [AsyncHttpClient-1-14] DEBUG o.a.netty.channel.ChannelManager - Adding key: http://localhost:51389 for channel [id: 0x26b6368b, L:/127.0.0.1:54410 - R:localhost/127.0.0.1:51389]
08:37:19.820 [Forwarding clickElement on session ffcffee4dc52153750a098d5dceba065 to remote] DEBUG o.a.netty.request.NettyRequestSender - Using pooled Channel '[id: 0x26b6368b, L:/127.0.0.1:54410 - R:localhost/127.0.0.1:51389]' for 'POST' to 'http://localhost:51389/session/ffcffee4dc52153750a098d5dceba065/element/2f552b8d-5bf6-4ec9-92a5-f7b750494f75/click'
08:37:19.821 [Forwarding clickElement on session ffcffee4dc52153750a098d5dceba065 to remote] DEBUG o.a.netty.request.NettyRequestSender - Using open Channel [id: 0x26b6368b, L:/127.0.0.1:54410 - R:localhost/127.0.0.1:51389] for POST '/session/ffcffee4dc52153750a098d5dceba065/element/2f552b8d-5bf6-4ec9-92a5-f7b750494f75/click'
08:37:19.910 [AsyncHttpClient-1-14] DEBUG o.a.netty.handler.HttpHandler - 

Request DefaultHttpRequest(decodeResult: success, version: HTTP/1.1)
POST /session/ffcffee4dc52153750a098d5dceba065/element/2f552b8d-5bf6-4ec9-92a5-f7b750494f75/click HTTP/1.1
User-Agent: selenium/4.1.2 (java windows)
Content-Length: 50
Content-Type: application/json; charset=utf-8
host: localhost:51389
accept: */*

Response DefaultHttpResponse(decodeResult: success, version: HTTP/1.1)
HTTP/1.1 200 OK
Content-Type: application/json; charset=utf-8
cache-control: no-cache
content-length: 14

08:37:19.911 [AsyncHttpClient-1-14] DEBUG o.a.netty.channel.ChannelManager - Adding key: http://localhost:51389 for channel [id: 0x26b6368b, L:/127.0.0.1:54410 - R:localhost/127.0.0.1:51389]
DEBUG [main] (LoginPage.java:56) - verifyErrorMessage: 'The information you entered was not recognized.' 
DEBUG [main] (LoginPage.java:56)- verifyErrorMessage: 'The information you entered was not recognized.' 
08:37:19.912 [Forwarding findElement on session ffcffee4dc52153750a098d5dceba065 to remote] DEBUG o.a.netty.request.NettyRequestSender - Using pooled Channel '[id: 0x26b6368b, L:/127.0.0.1:54410 - R:localhost/127.0.0.1:51389]' for 'POST' to 'http://localhost:51389/session/ffcffee4dc52153750a098d5dceba065/element'
08:37:19.912 [Forwarding findElement on session ffcffee4dc52153750a098d5dceba065 to remote] DEBUG o.a.netty.request.NettyRequestSender - Using open Channel [id: 0x26b6368b, L:/127.0.0.1:54410 - R:localhost/127.0.0.1:51389] for POST '/session/ffcffee4dc52153750a098d5dceba065/element'
08:37:19.925 [AsyncHttpClient-1-14] DEBUG o.a.netty.handler.HttpHandler - 

Request DefaultHttpRequest(decodeResult: success, version: HTTP/1.1)
POST /session/ffcffee4dc52153750a098d5dceba065/element HTTP/1.1
User-Agent: selenium/4.1.2 (java windows)
Content-Length: 75
Content-Type: application/json; charset=utf-8
host: localhost:51389
accept: */*

Response DefaultHttpResponse(decodeResult: success, version: HTTP/1.1)
HTTP/1.1 200 OK
Content-Type: application/json; charset=utf-8
cache-control: no-cache
content-length: 88

08:37:19.925 [AsyncHttpClient-1-14] DEBUG o.a.netty.channel.ChannelManager - Adding key: http://localhost:51389 for channel [id: 0x26b6368b, L:/127.0.0.1:54410 - R:localhost/127.0.0.1:51389]
08:37:19.929 [Forwarding isElementDisplayed on session ffcffee4dc52153750a098d5dceba065 to remote] DEBUG o.a.netty.request.NettyRequestSender - Using pooled Channel '[id: 0x26b6368b, L:/127.0.0.1:54410 - R:localhost/127.0.0.1:51389]' for 'POST' to 'http://localhost:51389/session/ffcffee4dc52153750a098d5dceba065/execute/sync'
08:37:19.929 [Forwarding isElementDisplayed on session ffcffee4dc52153750a098d5dceba065 to remote] DEBUG o.a.netty.request.NettyRequestSender - Using open Channel [id: 0x26b6368b, L:/127.0.0.1:54410 - R:localhost/127.0.0.1:51389] for POST '/session/ffcffee4dc52153750a098d5dceba065/execute/sync'
08:37:19.947 [AsyncHttpClient-1-14] DEBUG o.a.netty.handler.HttpHandler - 

Request DefaultHttpRequest(decodeResult: success, version: HTTP/1.1)
POST /session/ffcffee4dc52153750a098d5dceba065/execute/sync HTTP/1.1
User-Agent: selenium/4.1.2 (java windows)
Content-Length: 48780
Content-Type: application/json; charset=utf-8
host: localhost:51389
accept: */*

Response DefaultHttpResponse(decodeResult: success, version: HTTP/1.1)
HTTP/1.1 200 OK
Content-Type: application/json; charset=utf-8
cache-control: no-cache
content-length: 15

08:37:19.947 [AsyncHttpClient-1-14] DEBUG o.a.netty.channel.ChannelManager - Adding key: http://localhost:51389 for channel [id: 0x26b6368b, L:/127.0.0.1:54410 - R:localhost/127.0.0.1:51389]
08:37:20.450 [Forwarding findElement on session ffcffee4dc52153750a098d5dceba065 to remote] DEBUG o.a.netty.request.NettyRequestSender - Using pooled Channel '[id: 0x26b6368b, L:/127.0.0.1:54410 - R:localhost/127.0.0.1:51389]' for 'POST' to 'http://localhost:51389/session/ffcffee4dc52153750a098d5dceba065/element'
08:37:20.450 [Forwarding findElement on session ffcffee4dc52153750a098d5dceba065 to remote] DEBUG o.a.netty.request.NettyRequestSender - Using open Channel [id: 0x26b6368b, L:/127.0.0.1:54410 - R:localhost/127.0.0.1:51389] for POST '/session/ffcffee4dc52153750a098d5dceba065/element'
08:37:20.457 [AsyncHttpClient-1-14] DEBUG o.a.netty.handler.HttpHandler - 

Request DefaultHttpRequest(decodeResult: success, version: HTTP/1.1)
POST /session/ffcffee4dc52153750a098d5dceba065/element HTTP/1.1
User-Agent: selenium/4.1.2 (java windows)
Content-Length: 75
Content-Type: application/json; charset=utf-8
host: localhost:51389
accept: */*

Response DefaultHttpResponse(decodeResult: success, version: HTTP/1.1)
HTTP/1.1 200 OK
Content-Type: application/json; charset=utf-8
cache-control: no-cache
content-length: 88

08:37:20.457 [AsyncHttpClient-1-14] DEBUG o.a.netty.channel.ChannelManager - Adding key: http://localhost:51389 for channel [id: 0x26b6368b, L:/127.0.0.1:54410 - R:localhost/127.0.0.1:51389]
08:37:20.461 [Forwarding isElementDisplayed on session ffcffee4dc52153750a098d5dceba065 to remote] DEBUG o.a.netty.request.NettyRequestSender - Using pooled Channel '[id: 0x26b6368b, L:/127.0.0.1:54410 - R:localhost/127.0.0.1:51389]' for 'POST' to 'http://localhost:51389/session/ffcffee4dc52153750a098d5dceba065/execute/sync'
08:37:20.461 [Forwarding isElementDisplayed on session ffcffee4dc52153750a098d5dceba065 to remote] DEBUG o.a.netty.request.NettyRequestSender - Using open Channel [id: 0x26b6368b, L:/127.0.0.1:54410 - R:localhost/127.0.0.1:51389] for POST '/session/ffcffee4dc52153750a098d5dceba065/execute/sync'
08:37:20.469 [AsyncHttpClient-1-14] DEBUG o.a.netty.handler.HttpHandler - 

Request DefaultHttpRequest(decodeResult: success, version: HTTP/1.1)
POST /session/ffcffee4dc52153750a098d5dceba065/execute/sync HTTP/1.1
User-Agent: selenium/4.1.2 (java windows)
Content-Length: 48780
Content-Type: application/json; charset=utf-8
host: localhost:51389
accept: */*

Response DefaultHttpResponse(decodeResult: success, version: HTTP/1.1)
HTTP/1.1 200 OK
Content-Type: application/json; charset=utf-8
cache-control: no-cache
content-length: 15

08:37:20.469 [AsyncHttpClient-1-14] DEBUG o.a.netty.channel.ChannelManager - Adding key: http://localhost:51389 for channel [id: 0x26b6368b, L:/127.0.0.1:54410 - R:localhost/127.0.0.1:51389]
08:37:20.864 [AsyncHttpClient-1-1] DEBUG o.a.netty.channel.DefaultChannelPool - Entry count for : http://localhost:54411 : 1
08:37:20.864 [AsyncHttpClient-1-1] DEBUG o.a.netty.channel.DefaultChannelPool - Entry count for : http://localhost:51389 : 1
08:37:20.970 [Forwarding findElement on session ffcffee4dc52153750a098d5dceba065 to remote] DEBUG o.a.netty.request.NettyRequestSender - Using pooled Channel '[id: 0x26b6368b, L:/127.0.0.1:54410 - R:localhost/127.0.0.1:51389]' for 'POST' to 'http://localhost:51389/session/ffcffee4dc52153750a098d5dceba065/element'
08:37:20.970 [Forwarding findElement on session ffcffee4dc52153750a098d5dceba065 to remote] DEBUG o.a.netty.request.NettyRequestSender - Using open Channel [id: 0x26b6368b, L:/127.0.0.1:54410 - R:localhost/127.0.0.1:51389] for POST '/session/ffcffee4dc52153750a098d5dceba065/element'
08:37:20.977 [AsyncHttpClient-1-14] DEBUG o.a.netty.handler.HttpHandler - 

Request DefaultHttpRequest(decodeResult: success, version: HTTP/1.1)
POST /session/ffcffee4dc52153750a098d5dceba065/element HTTP/1.1
User-Agent: selenium/4.1.2 (java windows)
Content-Length: 75
Content-Type: application/json; charset=utf-8
host: localhost:51389
accept: */*

Response DefaultHttpResponse(decodeResult: success, version: HTTP/1.1)
HTTP/1.1 200 OK
Content-Type: application/json; charset=utf-8
cache-control: no-cache
content-length: 88

08:37:20.977 [AsyncHttpClient-1-14] DEBUG o.a.netty.channel.ChannelManager - Adding key: http://localhost:51389 for channel [id: 0x26b6368b, L:/127.0.0.1:54410 - R:localhost/127.0.0.1:51389]
08:37:20.981 [Forwarding isElementDisplayed on session ffcffee4dc52153750a098d5dceba065 to remote] DEBUG o.a.netty.request.NettyRequestSender - Using pooled Channel '[id: 0x26b6368b, L:/127.0.0.1:54410 - R:localhost/127.0.0.1:51389]' for 'POST' to 'http://localhost:51389/session/ffcffee4dc52153750a098d5dceba065/execute/sync'
08:37:20.981 [Forwarding isElementDisplayed on session ffcffee4dc52153750a098d5dceba065 to remote] DEBUG o.a.netty.request.NettyRequestSender - Using open Channel [id: 0x26b6368b, L:/127.0.0.1:54410 - R:localhost/127.0.0.1:51389] for POST '/session/ffcffee4dc52153750a098d5dceba065/execute/sync'
08:37:20.989 [AsyncHttpClient-1-14] DEBUG o.a.netty.handler.HttpHandler - 

Request DefaultHttpRequest(decodeResult: success, version: HTTP/1.1)
POST /session/ffcffee4dc52153750a098d5dceba065/execute/sync HTTP/1.1
User-Agent: selenium/4.1.2 (java windows)
Content-Length: 48780
Content-Type: application/json; charset=utf-8
host: localhost:51389
accept: */*

Response DefaultHttpResponse(decodeResult: success, version: HTTP/1.1)
HTTP/1.1 200 OK
Content-Type: application/json; charset=utf-8
cache-control: no-cache
content-length: 14

08:37:20.989 [AsyncHttpClient-1-14] DEBUG o.a.netty.channel.ChannelManager - Adding key: http://localhost:51389 for channel [id: 0x26b6368b, L:/127.0.0.1:54410 - R:localhost/127.0.0.1:51389]
08:37:20.990 [Forwarding getElementText on session ffcffee4dc52153750a098d5dceba065 to remote] DEBUG o.a.netty.request.NettyRequestSender - Using pooled Channel '[id: 0x26b6368b, L:/127.0.0.1:54410 - R:localhost/127.0.0.1:51389]' for 'GET' to 'http://localhost:51389/session/ffcffee4dc52153750a098d5dceba065/element/2c8991e4-adea-48ec-b0b6-351d3f696a1c/text'
08:37:20.990 [Forwarding getElementText on session ffcffee4dc52153750a098d5dceba065 to remote] DEBUG o.a.netty.request.NettyRequestSender - Using open Channel [id: 0x26b6368b, L:/127.0.0.1:54410 - R:localhost/127.0.0.1:51389] for GET '/session/ffcffee4dc52153750a098d5dceba065/element/2c8991e4-adea-48ec-b0b6-351d3f696a1c/text'
08:37:21.003 [AsyncHttpClient-1-14] DEBUG o.a.netty.handler.HttpHandler - 

Request DefaultFullHttpRequest(decodeResult: success, version: HTTP/1.1, content: EmptyByteBufBE)
GET /session/ffcffee4dc52153750a098d5dceba065/element/2c8991e4-adea-48ec-b0b6-351d3f696a1c/text HTTP/1.1
User-Agent: selenium/4.1.2 (java windows)
Cache-Control: no-cache
Content-Type: application/json; charset=utf-8
host: localhost:51389
accept: */*

Response DefaultHttpResponse(decodeResult: success, version: HTTP/1.1)
HTTP/1.1 200 OK
Content-Type: application/json; charset=utf-8
cache-control: no-cache
content-length: 59

08:37:21.003 [AsyncHttpClient-1-14] DEBUG o.a.netty.channel.ChannelManager - Adding key: http://localhost:51389 for channel [id: 0x26b6368b, L:/127.0.0.1:54410 - R:localhost/127.0.0.1:51389]
08:37:21.952 [AsyncHttpClient-1-1] DEBUG o.a.netty.channel.DefaultChannelPool - Entry count for : http://localhost:54411 : 1
08:37:21.952 [AsyncHttpClient-1-1] DEBUG o.a.netty.channel.DefaultChannelPool - Entry count for : http://localhost:51389 : 1
  &amp#27;[32mWhen &amp#27;[0m&amp#27;[32muser login using invalid credentials with username &amp#27;[0m&amp#27;[32m&amp#27;[1m"invalidUser"&amp#27;[0m&amp#27;[32m and password &amp#27;[0m&amp#27;[32m&amp#27;[1m"InvalidPassword"&amp#27;[0m &amp#27;[90m# stepdefinitions.LoginPageSteps.user_login_using_invalid_credentials_with_username_and_password(java.lang.String,java.lang.String)&amp#27;[0m
08:37:23.009 [Forwarding getTitle on session ffcffee4dc52153750a098d5dceba065 to remote] DEBUG o.a.netty.request.NettyRequestSender - Using pooled Channel '[id: 0x26b6368b, L:/127.0.0.1:54410 - R:localhost/127.0.0.1:51389]' for 'GET' to 'http://localhost:51389/session/ffcffee4dc52153750a098d5dceba065/title'
08:37:23.009 [Forwarding getTitle on session ffcffee4dc52153750a098d5dceba065 to remote] DEBUG o.a.netty.request.NettyRequestSender - Using open Channel [id: 0x26b6368b, L:/127.0.0.1:54410 - R:localhost/127.0.0.1:51389] for GET '/session/ffcffee4dc52153750a098d5dceba065/title'
08:37:23.014 [AsyncHttpClient-1-14] DEBUG o.a.netty.handler.HttpHandler - 

Request DefaultFullHttpRequest(decodeResult: success, version: HTTP/1.1, content: EmptyByteBufBE)
GET /session/ffcffee4dc52153750a098d5dceba065/title HTTP/1.1
User-Agent: selenium/4.1.2 (java windows)
Cache-Control: no-cache
Content-Type: application/json; charset=utf-8
host: localhost:51389
accept: */*

Response DefaultHttpResponse(decodeResult: success, version: HTTP/1.1)
HTTP/1.1 200 OK
Content-Type: application/json; charset=utf-8
cache-control: no-cache
content-length: 22

08:37:23.014 [AsyncHttpClient-1-14] DEBUG o.a.netty.channel.ChannelManager - Adding key: http://localhost:51389 for channel [id: 0x26b6368b, L:/127.0.0.1:54410 - R:localhost/127.0.0.1:51389]
DEBUG [main] (BaseClass.java:37) - verifyApplication: 'Login Page' 
DEBUG [main] (BaseClass.java:37)- verifyApplication: 'Login Page' 
08:37:23.015 [Forwarding getTitle on session ffcffee4dc52153750a098d5dceba065 to remote] DEBUG o.a.netty.request.NettyRequestSender - Using pooled Channel '[id: 0x26b6368b, L:/127.0.0.1:54410 - R:localhost/127.0.0.1:51389]' for 'GET' to 'http://localhost:51389/session/ffcffee4dc52153750a098d5dceba065/title'
08:37:23.015 [Forwarding getTitle on session ffcffee4dc52153750a098d5dceba065 to remote] DEBUG o.a.netty.request.NettyRequestSender - Using open Channel [id: 0x26b6368b, L:/127.0.0.1:54410 - R:localhost/127.0.0.1:51389] for GET '/session/ffcffee4dc52153750a098d5dceba065/title'
08:37:23.017 [AsyncHttpClient-1-14] DEBUG o.a.netty.handler.HttpHandler - 

Request DefaultFullHttpRequest(decodeResult: success, version: HTTP/1.1, content: EmptyByteBufBE)
GET /session/ffcffee4dc52153750a098d5dceba065/title HTTP/1.1
User-Agent: selenium/4.1.2 (java windows)
Cache-Control: no-cache
Content-Type: application/json; charset=utf-8
host: localhost:51389
accept: */*

Response DefaultHttpResponse(decodeResult: success, version: HTTP/1.1)
HTTP/1.1 200 OK
Content-Type: application/json; charset=utf-8
cache-control: no-cache
content-length: 22

08:37:23.017 [AsyncHttpClient-1-14] DEBUG o.a.netty.channel.ChannelManager - Adding key: http://localhost:51389 for channel [id: 0x26b6368b, L:/127.0.0.1:54410 - R:localhost/127.0.0.1:51389]
08:37:23.052 [AsyncHttpClient-1-1] DEBUG o.a.netty.channel.DefaultChannelPool - Entry count for : http://localhost:54411 : 1
08:37:23.052 [AsyncHttpClient-1-1] DEBUG o.a.netty.channel.DefaultChannelPool - Entry count for : http://localhost:51389 : 1
08:37:24.150 [AsyncHttpClient-1-1] DEBUG o.a.netty.channel.DefaultChannelPool - Entry count for : http://localhost:54411 : 1
08:37:24.150 [AsyncHttpClient-1-1] DEBUG o.a.netty.channel.DefaultChannelPool - Entry count for : http://localhost:51389 : 1
08:37:25.253 [AsyncHttpClient-1-1] DEBUG o.a.netty.channel.DefaultChannelPool - Entry count for : http://localhost:54411 : 1
08:37:25.253 [AsyncHttpClient-1-1] DEBUG o.a.netty.channel.DefaultChannelPool - Entry count for : http://localhost:51389 : 1
08:37:26.362 [AsyncHttpClient-1-1] DEBUG o.a.netty.channel.DefaultChannelPool - Entry count for : http://localhost:54411 : 1
08:37:26.362 [AsyncHttpClient-1-1] DEBUG o.a.netty.channel.DefaultChannelPool - Entry count for : http://localhost:51389 : 1
08:37:27.456 [AsyncHttpClient-1-1] DEBUG o.a.netty.channel.DefaultChannelPool - Entry count for : http://localhost:54411 : 1
08:37:27.456 [AsyncHttpClient-1-1] DEBUG o.a.netty.channel.DefaultChannelPool - Entry count for : http://localhost:51389 : 1
DEBUG [main] (LoginPage.java:56) - verifyErrorMessage: 'The information you entered was not recognized.' 
DEBUG [main] (LoginPage.java:56)- verifyErrorMessage: 'The information you entered was not recognized.' 
08:37:28.025 [Forwarding findElement on session ffcffee4dc52153750a098d5dceba065 to remote] DEBUG o.a.netty.request.NettyRequestSender - Using pooled Channel '[id: 0x26b6368b, L:/127.0.0.1:54410 - R:localhost/127.0.0.1:51389]' for 'POST' to 'http://localhost:51389/session/ffcffee4dc52153750a098d5dceba065/element'
08:37:28.025 [Forwarding findElement on session ffcffee4dc52153750a098d5dceba065 to remote] DEBUG o.a.netty.request.NettyRequestSender - Using open Channel [id: 0x26b6368b, L:/127.0.0.1:54410 - R:localhost/127.0.0.1:51389] for POST '/session/ffcffee4dc52153750a098d5dceba065/element'
08:37:28.032 [AsyncHttpClient-1-14] DEBUG o.a.netty.handler.HttpHandler - 

Request DefaultHttpRequest(decodeResult: success, version: HTTP/1.1)
POST /session/ffcffee4dc52153750a098d5dceba065/element HTTP/1.1
User-Agent: selenium/4.1.2 (java windows)
Content-Length: 75
Content-Type: application/json; charset=utf-8
host: localhost:51389
accept: */*

Response DefaultHttpResponse(decodeResult: success, version: HTTP/1.1)
HTTP/1.1 200 OK
Content-Type: application/json; charset=utf-8
cache-control: no-cache
content-length: 88

08:37:28.032 [AsyncHttpClient-1-14] DEBUG o.a.netty.channel.ChannelManager - Adding key: http://localhost:51389 for channel [id: 0x26b6368b, L:/127.0.0.1:54410 - R:localhost/127.0.0.1:51389]
08:37:28.036 [Forwarding isElementDisplayed on session ffcffee4dc52153750a098d5dceba065 to remote] DEBUG o.a.netty.request.NettyRequestSender - Using pooled Channel '[id: 0x26b6368b, L:/127.0.0.1:54410 - R:localhost/127.0.0.1:51389]' for 'POST' to 'http://localhost:51389/session/ffcffee4dc52153750a098d5dceba065/execute/sync'
08:37:28.036 [Forwarding isElementDisplayed on session ffcffee4dc52153750a098d5dceba065 to remote] DEBUG o.a.netty.request.NettyRequestSender - Using open Channel [id: 0x26b6368b, L:/127.0.0.1:54410 - R:localhost/127.0.0.1:51389] for POST '/session/ffcffee4dc52153750a098d5dceba065/execute/sync'
08:37:28.045 [AsyncHttpClient-1-14] DEBUG o.a.netty.handler.HttpHandler - 

Request DefaultHttpRequest(decodeResult: success, version: HTTP/1.1)
POST /session/ffcffee4dc52153750a098d5dceba065/execute/sync HTTP/1.1
User-Agent: selenium/4.1.2 (java windows)
Content-Length: 48780
Content-Type: application/json; charset=utf-8
host: localhost:51389
accept: */*

Response DefaultHttpResponse(decodeResult: success, version: HTTP/1.1)
HTTP/1.1 200 OK
Content-Type: application/json; charset=utf-8
cache-control: no-cache
content-length: 14

08:37:28.045 [AsyncHttpClient-1-14] DEBUG o.a.netty.channel.ChannelManager - Adding key: http://localhost:51389 for channel [id: 0x26b6368b, L:/127.0.0.1:54410 - R:localhost/127.0.0.1:51389]
08:37:28.046 [Forwarding getElementText on session ffcffee4dc52153750a098d5dceba065 to remote] DEBUG o.a.netty.request.NettyRequestSender - Using pooled Channel '[id: 0x26b6368b, L:/127.0.0.1:54410 - R:localhost/127.0.0.1:51389]' for 'GET' to 'http://localhost:51389/session/ffcffee4dc52153750a098d5dceba065/element/2c8991e4-adea-48ec-b0b6-351d3f696a1c/text'
08:37:28.046 [Forwarding getElementText on session ffcffee4dc52153750a098d5dceba065 to remote] DEBUG o.a.netty.request.NettyRequestSender - Using open Channel [id: 0x26b6368b, L:/127.0.0.1:54410 - R:localhost/127.0.0.1:51389] for GET '/session/ffcffee4dc52153750a098d5dceba065/element/2c8991e4-adea-48ec-b0b6-351d3f696a1c/text'
08:37:28.053 [AsyncHttpClient-1-14] DEBUG o.a.netty.handler.HttpHandler - 

Request DefaultFullHttpRequest(decodeResult: success, version: HTTP/1.1, content: EmptyByteBufBE)
GET /session/ffcffee4dc52153750a098d5dceba065/element/2c8991e4-adea-48ec-b0b6-351d3f696a1c/text HTTP/1.1
User-Agent: selenium/4.1.2 (java windows)
Cache-Control: no-cache
Content-Type: application/json; charset=utf-8
host: localhost:51389
accept: */*

Response DefaultHttpResponse(decodeResult: success, version: HTTP/1.1)
HTTP/1.1 200 OK
Content-Type: application/json; charset=utf-8
cache-control: no-cache
content-length: 59

08:37:28.053 [AsyncHttpClient-1-14] DEBUG o.a.netty.channel.ChannelManager - Adding key: http://localhost:51389 for channel [id: 0x26b6368b, L:/127.0.0.1:54410 - R:localhost/127.0.0.1:51389]
08:37:28.558 [AsyncHttpClient-1-1] DEBUG o.a.netty.channel.DefaultChannelPool - Entry count for : http://localhost:54411 : 1
08:37:28.558 [AsyncHttpClient-1-1] DEBUG o.a.netty.channel.DefaultChannelPool - Entry count for : http://localhost:51389 : 1
08:37:29.651 [AsyncHttpClient-1-1] DEBUG o.a.netty.channel.DefaultChannelPool - Entry count for : http://localhost:54411 : 1
08:37:29.651 [AsyncHttpClient-1-1] DEBUG o.a.netty.channel.DefaultChannelPool - Entry count for : http://localhost:51389 : 1
  &amp#27;[32mThen &amp#27;[0m&amp#27;[32muser should not proceed to Dashboard Page&amp#27;[0m                                                       &amp#27;[90m# stepdefinitions.LoginPageSteps.user_should_not_proceed_to_dashboard_page()&amp#27;[0m
 INFO [main] (LoginPageSteps.java:43) - List of User: [{username=author@vrbank, password=pega123!, titlePage=Pega Dev Studio}]
 INFO [main] (LoginPageSteps.java:43)- List of User: [{username=author@vrbank, password=pega123!, titlePage=Pega Dev Studio}]
author@vrbanke.get("username")
08:37:30.761 [AsyncHttpClient-1-1] DEBUG o.a.netty.channel.DefaultChannelPool - Entry count for : http://localhost:54411 : 1
08:37:30.761 [AsyncHttpClient-1-1] DEBUG o.a.netty.channel.DefaultChannelPool - Entry count for : http://localhost:51389 : 1
08:37:31.862 [AsyncHttpClient-1-1] DEBUG o.a.netty.channel.DefaultChannelPool - Entry count for : http://localhost:54411 : 1
08:37:31.862 [AsyncHttpClient-1-1] DEBUG o.a.netty.channel.DefaultChannelPool - Entry count for : http://localhost:51389 : 1
DEBUG [main] (LoginPage.java:81) - enterUserCredentails: username = 'author@vrbank' | password = 'pega123!' 
DEBUG [main] (LoginPage.java:81)- enterUserCredentails: username = 'author@vrbank' | password = 'pega123!' 
08:37:32.071 [Forwarding findElement on session ffcffee4dc52153750a098d5dceba065 to remote] DEBUG o.a.netty.request.NettyRequestSender - Using pooled Channel '[id: 0x26b6368b, L:/127.0.0.1:54410 - R:localhost/127.0.0.1:51389]' for 'POST' to 'http://localhost:51389/session/ffcffee4dc52153750a098d5dceba065/element'
08:37:32.071 [Forwarding findElement on session ffcffee4dc52153750a098d5dceba065 to remote] DEBUG o.a.netty.request.NettyRequestSender - Using open Channel [id: 0x26b6368b, L:/127.0.0.1:54410 - R:localhost/127.0.0.1:51389] for POST '/session/ffcffee4dc52153750a098d5dceba065/element'
08:37:32.077 [AsyncHttpClient-1-14] DEBUG o.a.netty.handler.HttpHandler - 

Request DefaultHttpRequest(decodeResult: success, version: HTTP/1.1)
POST /session/ffcffee4dc52153750a098d5dceba065/element HTTP/1.1
User-Agent: selenium/4.1.2 (java windows)
Content-Length: 128
Content-Type: application/json; charset=utf-8
host: localhost:51389
accept: */*

Response DefaultHttpResponse(decodeResult: success, version: HTTP/1.1)
HTTP/1.1 200 OK
Content-Type: application/json; charset=utf-8
cache-control: no-cache
content-length: 88

08:37:32.077 [AsyncHttpClient-1-14] DEBUG o.a.netty.channel.ChannelManager - Adding key: http://localhost:51389 for channel [id: 0x26b6368b, L:/127.0.0.1:54410 - R:localhost/127.0.0.1:51389]
08:37:32.078 [Forwarding sendKeysToElement on session ffcffee4dc52153750a098d5dceba065 to remote] DEBUG o.a.netty.request.NettyRequestSender - Using pooled Channel '[id: 0x26b6368b, L:/127.0.0.1:54410 - R:localhost/127.0.0.1:51389]' for 'POST' to 'http://localhost:51389/session/ffcffee4dc52153750a098d5dceba065/element/be28bf4c-7665-40ea-bd46-5440c24dc67c/value'
08:37:32.079 [Forwarding sendKeysToElement on session ffcffee4dc52153750a098d5dceba065 to remote] DEBUG o.a.netty.request.NettyRequestSender - Using open Channel [id: 0x26b6368b, L:/127.0.0.1:54410 - R:localhost/127.0.0.1:51389] for POST '/session/ffcffee4dc52153750a098d5dceba065/element/be28bf4c-7665-40ea-bd46-5440c24dc67c/value'
08:37:32.112 [AsyncHttpClient-1-14] DEBUG o.a.netty.handler.HttpHandler - 

Request DefaultHttpRequest(decodeResult: success, version: HTTP/1.1)
POST /session/ffcffee4dc52153750a098d5dceba065/element/be28bf4c-7665-40ea-bd46-5440c24dc67c/value HTTP/1.1
User-Agent: selenium/4.1.2 (java windows)
Content-Length: 211
Content-Type: application/json; charset=utf-8
host: localhost:51389
accept: */*

Response DefaultHttpResponse(decodeResult: success, version: HTTP/1.1)
HTTP/1.1 200 OK
Content-Type: application/json; charset=utf-8
cache-control: no-cache
content-length: 14

08:37:32.112 [AsyncHttpClient-1-14] DEBUG o.a.netty.channel.ChannelManager - Adding key: http://localhost:51389 for channel [id: 0x26b6368b, L:/127.0.0.1:54410 - R:localhost/127.0.0.1:51389]
08:37:32.113 [Forwarding findElement on session ffcffee4dc52153750a098d5dceba065 to remote] DEBUG o.a.netty.request.NettyRequestSender - Using pooled Channel '[id: 0x26b6368b, L:/127.0.0.1:54410 - R:localhost/127.0.0.1:51389]' for 'POST' to 'http://localhost:51389/session/ffcffee4dc52153750a098d5dceba065/element'
08:37:32.113 [Forwarding findElement on session ffcffee4dc52153750a098d5dceba065 to remote] DEBUG o.a.netty.request.NettyRequestSender - Using open Channel [id: 0x26b6368b, L:/127.0.0.1:54410 - R:localhost/127.0.0.1:51389] for POST '/session/ffcffee4dc52153750a098d5dceba065/element'
08:37:32.120 [AsyncHttpClient-1-14] DEBUG o.a.netty.handler.HttpHandler - 

Request DefaultHttpRequest(decodeResult: success, version: HTTP/1.1)
POST /session/ffcffee4dc52153750a098d5dceba065/element HTTP/1.1
User-Agent: selenium/4.1.2 (java windows)
Content-Length: 132
Content-Type: application/json; charset=utf-8
host: localhost:51389
accept: */*

Response DefaultHttpResponse(decodeResult: success, version: HTTP/1.1)
HTTP/1.1 200 OK
Content-Type: application/json; charset=utf-8
cache-control: no-cache
content-length: 88

08:37:32.120 [AsyncHttpClient-1-14] DEBUG o.a.netty.channel.ChannelManager - Adding key: http://localhost:51389 for channel [id: 0x26b6368b, L:/127.0.0.1:54410 - R:localhost/127.0.0.1:51389]
08:37:32.122 [Forwarding sendKeysToElement on session ffcffee4dc52153750a098d5dceba065 to remote] DEBUG o.a.netty.request.NettyRequestSender - Using pooled Channel '[id: 0x26b6368b, L:/127.0.0.1:54410 - R:localhost/127.0.0.1:51389]' for 'POST' to 'http://localhost:51389/session/ffcffee4dc52153750a098d5dceba065/element/7f223fab-6dc9-4606-a0dd-ebd458f69b99/value'
08:37:32.122 [Forwarding sendKeysToElement on session ffcffee4dc52153750a098d5dceba065 to remote] DEBUG o.a.netty.request.NettyRequestSender - Using open Channel [id: 0x26b6368b, L:/127.0.0.1:54410 - R:localhost/127.0.0.1:51389] for POST '/session/ffcffee4dc52153750a098d5dceba065/element/7f223fab-6dc9-4606-a0dd-ebd458f69b99/value'
08:37:32.169 [AsyncHttpClient-1-14] DEBUG o.a.netty.handler.HttpHandler - 

Request DefaultHttpRequest(decodeResult: success, version: HTTP/1.1)
POST /session/ffcffee4dc52153750a098d5dceba065/element/7f223fab-6dc9-4606-a0dd-ebd458f69b99/value HTTP/1.1
User-Agent: selenium/4.1.2 (java windows)
Content-Length: 161
Content-Type: application/json; charset=utf-8
host: localhost:51389
accept: */*

Response DefaultHttpResponse(decodeResult: success, version: HTTP/1.1)
HTTP/1.1 200 OK
Content-Type: application/json; charset=utf-8
cache-control: no-cache
content-length: 14

08:37:32.169 [AsyncHttpClient-1-14] DEBUG o.a.netty.channel.ChannelManager - Adding key: http://localhost:51389 for channel [id: 0x26b6368b, L:/127.0.0.1:54410 - R:localhost/127.0.0.1:51389]
08:37:32.170 [Forwarding findElement on session ffcffee4dc52153750a098d5dceba065 to remote] DEBUG o.a.netty.request.NettyRequestSender - Using pooled Channel '[id: 0x26b6368b, L:/127.0.0.1:54410 - R:localhost/127.0.0.1:51389]' for 'POST' to 'http://localhost:51389/session/ffcffee4dc52153750a098d5dceba065/element'
08:37:32.170 [Forwarding findElement on session ffcffee4dc52153750a098d5dceba065 to remote] DEBUG o.a.netty.request.NettyRequestSender - Using open Channel [id: 0x26b6368b, L:/127.0.0.1:54410 - R:localhost/127.0.0.1:51389] for POST '/session/ffcffee4dc52153750a098d5dceba065/element'
08:37:32.177 [AsyncHttpClient-1-14] DEBUG o.a.netty.handler.HttpHandler - 

Request DefaultHttpRequest(decodeResult: success, version: HTTP/1.1)
POST /session/ffcffee4dc52153750a098d5dceba065/element HTTP/1.1
User-Agent: selenium/4.1.2 (java windows)
Content-Length: 125
Content-Type: application/json; charset=utf-8
host: localhost:51389
accept: */*

Response DefaultHttpResponse(decodeResult: success, version: HTTP/1.1)
HTTP/1.1 200 OK
Content-Type: application/json; charset=utf-8
cache-control: no-cache
content-length: 88

08:37:32.177 [AsyncHttpClient-1-14] DEBUG o.a.netty.channel.ChannelManager - Adding key: http://localhost:51389 for channel [id: 0x26b6368b, L:/127.0.0.1:54410 - R:localhost/127.0.0.1:51389]
08:37:32.178 [Forwarding clickElement on session ffcffee4dc52153750a098d5dceba065 to remote] DEBUG o.a.netty.request.NettyRequestSender - Using pooled Channel '[id: 0x26b6368b, L:/127.0.0.1:54410 - R:localhost/127.0.0.1:51389]' for 'POST' to 'http://localhost:51389/session/ffcffee4dc52153750a098d5dceba065/element/18a62351-d851-4026-a51f-b9b0f0050e20/click'
08:37:32.178 [Forwarding clickElement on session ffcffee4dc52153750a098d5dceba065 to remote] DEBUG o.a.netty.request.NettyRequestSender - Using open Channel [id: 0x26b6368b, L:/127.0.0.1:54410 - R:localhost/127.0.0.1:51389] for POST '/session/ffcffee4dc52153750a098d5dceba065/element/18a62351-d851-4026-a51f-b9b0f0050e20/click'
08:37:32.962 [AsyncHttpClient-1-1] DEBUG o.a.netty.channel.DefaultChannelPool - Entry count for : http://localhost:54411 : 1
08:37:34.057 [AsyncHttpClient-1-1] DEBUG o.a.netty.channel.DefaultChannelPool - Entry count for : http://localhost:54411 : 1
08:37:34.502 [AsyncHttpClient-1-14] DEBUG o.a.netty.handler.HttpHandler - 

Request DefaultHttpRequest(decodeResult: success, version: HTTP/1.1)
POST /session/ffcffee4dc52153750a098d5dceba065/element/18a62351-d851-4026-a51f-b9b0f0050e20/click HTTP/1.1
User-Agent: selenium/4.1.2 (java windows)
Content-Length: 50
Content-Type: application/json; charset=utf-8
host: localhost:51389
accept: */*

Response DefaultHttpResponse(decodeResult: success, version: HTTP/1.1)
HTTP/1.1 200 OK
Content-Type: application/json; charset=utf-8
cache-control: no-cache
content-length: 14

08:37:34.503 [AsyncHttpClient-1-14] DEBUG o.a.netty.channel.ChannelManager - Adding key: http://localhost:51389 for channel [id: 0x26b6368b, L:/127.0.0.1:54410 - R:localhost/127.0.0.1:51389]
  &amp#27;[32mWhen &amp#27;[0m&amp#27;[32muser login using valid credentials&amp#27;[0m                                                              &amp#27;[90m# stepdefinitions.LoginPageSteps.user_login_using_valid_credentials(io.cucumber.datatable.DataTable)&amp#27;[0m
    | username      | password | titlePage       |
    | author@vrbank | pega123! | Pega Dev Studio |
08:37:34.509 [Forwarding getTitle on session ffcffee4dc52153750a098d5dceba065 to remote] DEBUG o.a.netty.request.NettyRequestSender - Using pooled Channel '[id: 0x26b6368b, L:/127.0.0.1:54410 - R:localhost/127.0.0.1:51389]' for 'GET' to 'http://localhost:51389/session/ffcffee4dc52153750a098d5dceba065/title'
08:37:34.509 [Forwarding getTitle on session ffcffee4dc52153750a098d5dceba065 to remote] DEBUG o.a.netty.request.NettyRequestSender - Using open Channel [id: 0x26b6368b, L:/127.0.0.1:54410 - R:localhost/127.0.0.1:51389] for GET '/session/ffcffee4dc52153750a098d5dceba065/title'
08:37:34.591 [AsyncHttpClient-1-14] DEBUG o.a.netty.handler.HttpHandler - 

Request DefaultFullHttpRequest(decodeResult: success, version: HTTP/1.1, content: EmptyByteBufBE)
GET /session/ffcffee4dc52153750a098d5dceba065/title HTTP/1.1
User-Agent: selenium/4.1.2 (java windows)
Cache-Control: no-cache
Content-Type: application/json; charset=utf-8
host: localhost:51389
accept: */*

Response DefaultHttpResponse(decodeResult: success, version: HTTP/1.1)
HTTP/1.1 200 OK
Content-Type: application/json; charset=utf-8
cache-control: no-cache
content-length: 27

08:37:34.591 [AsyncHttpClient-1-14] DEBUG o.a.netty.channel.ChannelManager - Adding key: http://localhost:51389 for channel [id: 0x26b6368b, L:/127.0.0.1:54410 - R:localhost/127.0.0.1:51389]
DEBUG [main] (BaseClass.java:37) - verifyApplication: 'Pega Dev Studio' 
DEBUG [main] (BaseClass.java:37)- verifyApplication: 'Pega Dev Studio' 
08:37:34.592 [Forwarding getTitle on session ffcffee4dc52153750a098d5dceba065 to remote] DEBUG o.a.netty.request.NettyRequestSender - Using pooled Channel '[id: 0x26b6368b, L:/127.0.0.1:54410 - R:localhost/127.0.0.1:51389]' for 'GET' to 'http://localhost:51389/session/ffcffee4dc52153750a098d5dceba065/title'
08:37:34.592 [Forwarding getTitle on session ffcffee4dc52153750a098d5dceba065 to remote] DEBUG o.a.netty.request.NettyRequestSender - Using open Channel [id: 0x26b6368b, L:/127.0.0.1:54410 - R:localhost/127.0.0.1:51389] for GET '/session/ffcffee4dc52153750a098d5dceba065/title'
08:37:34.597 [AsyncHttpClient-1-14] DEBUG o.a.netty.handler.HttpHandler - 

Request DefaultFullHttpRequest(decodeResult: success, version: HTTP/1.1, content: EmptyByteBufBE)
GET /session/ffcffee4dc52153750a098d5dceba065/title HTTP/1.1
User-Agent: selenium/4.1.2 (java windows)
Cache-Control: no-cache
Content-Type: application/json; charset=utf-8
host: localhost:51389
accept: */*

Response DefaultHttpResponse(decodeResult: success, version: HTTP/1.1)
HTTP/1.1 200 OK
Content-Type: application/json; charset=utf-8
cache-control: no-cache
content-length: 27

08:37:34.597 [AsyncHttpClient-1-14] DEBUG o.a.netty.channel.ChannelManager - Adding key: http://localhost:51389 for channel [id: 0x26b6368b, L:/127.0.0.1:54410 - R:localhost/127.0.0.1:51389]
08:37:35.157 [AsyncHttpClient-1-1] DEBUG o.a.netty.channel.DefaultChannelPool - Entry count for : http://localhost:54411 : 1
08:37:35.157 [AsyncHttpClient-1-1] DEBUG o.a.netty.channel.DefaultChannelPool - Entry count for : http://localhost:51389 : 1
08:37:36.256 [AsyncHttpClient-1-1] DEBUG o.a.netty.channel.DefaultChannelPool - Entry count for : http://localhost:54411 : 1
08:37:36.256 [AsyncHttpClient-1-1] DEBUG o.a.netty.channel.DefaultChannelPool - Entry count for : http://localhost:51389 : 1
08:37:37.363 [AsyncHttpClient-1-1] DEBUG o.a.netty.channel.DefaultChannelPool - Entry count for : http://localhost:54411 : 1
08:37:37.363 [AsyncHttpClient-1-1] DEBUG o.a.netty.channel.DefaultChannelPool - Entry count for : http://localhost:51389 : 1
08:37:38.453 [AsyncHttpClient-1-1] DEBUG o.a.netty.channel.DefaultChannelPool - Entry count for : http://localhost:54411 : 1
08:37:38.453 [AsyncHttpClient-1-1] DEBUG o.a.netty.channel.DefaultChannelPool - Entry count for : http://localhost:51389 : 1
08:37:39.555 [AsyncHttpClient-1-1] DEBUG o.a.netty.channel.DefaultChannelPool - Entry count for : http://localhost:54411 : 1
08:37:39.555 [AsyncHttpClient-1-1] DEBUG o.a.netty.channel.DefaultChannelPool - Entry count for : http://localhost:51389 : 1
  &amp#27;[32mThen &amp#27;[0m&amp#27;[32muser should proceed to Dashboard Page&amp#27;[0m                                                           &amp#27;[90m# stepdefinitions.LoginPageSteps.user_should_proceed_to_dashboard_page()&amp#27;[0m
DEBUG [main] (apphooks.java:45) - Close Browser
DEBUG [main] (apphooks.java:45)- Close Browser
08:37:39.606 [AsyncHttpClient-1-16] DEBUG o.a.netty.handler.WebSocketHandler - Channel Closed: [id: 0x0c44b9df, L:/127.0.0.1:54418 ! R:localhost/127.0.0.1:54411] with attribute NettyResponseFuture{currentRetry=5,
	isDone=1,
	isCancelled=0,
	asyncHandler=org.asynchttpclient.ws.WebSocketUpgradeHandler@680b4b68,
	nettyRequest=org.asynchttpclient.netty.request.NettyRequest@2d09d80d,
	future=java.util.concurrent.CompletableFuture@5601de54[Completed normally],
	uri=ws://localhost:54411/devtools/browser/243f7b47-c334-4f26-ab81-de2102b73fee,
	keepAlive=true,
	redirectCount=0,
	timeoutsHolder=null,
	inAuth=0,
	touch=1648514232137}
08:37:39.606 [AsyncHttpClient-1-16] DEBUG o.a.netty.channel.ChannelManager - Closing Channel [id: 0x0c44b9df, L:/127.0.0.1:54418 ! R:localhost/127.0.0.1:54411] 
08:37:39.606 [Driver Command Executor] DEBUG o.a.netty.request.NettyRequestSender - Using pooled Channel '[id: 0x26b6368b, L:/127.0.0.1:54410 - R:localhost/127.0.0.1:51389]' for 'DELETE' to 'http://localhost:51389/session/ffcffee4dc52153750a098d5dceba065'
08:37:39.606 [Driver Command Executor] DEBUG o.a.netty.request.NettyRequestSender - Using open Channel [id: 0x26b6368b, L:/127.0.0.1:54410 - R:localhost/127.0.0.1:51389] for DELETE '/session/ffcffee4dc52153750a098d5dceba065'
08:37:39.628 [AsyncHttpClient-1-15] DEBUG o.a.netty.handler.HttpHandler - Unexpected I/O exception on channel [id: 0xaa9a0dd1, L:/127.0.0.1:54417 - R:localhost/127.0.0.1:54411]
java.net.SocketException: Connection reset
	at java.base/sun.nio.ch.SocketChannelImpl.throwConnectionReset(SocketChannelImpl.java:367) ~[na:na]
	at java.base/sun.nio.ch.SocketChannelImpl.read(SocketChannelImpl.java:398) ~[na:na]
	at io.netty.buffer.PooledByteBuf.setBytes(PooledByteBuf.java:253) ~[netty-buffer-4.1.70.Final.jar:4.1.70.Final]
	at io.netty.buffer.AbstractByteBuf.writeBytes(AbstractByteBuf.java:1132) ~[netty-buffer-4.1.70.Final.jar:4.1.70.Final]
	at io.netty.channel.socket.nio.NioSocketChannel.doReadBytes(NioSocketChannel.java:350) ~[netty-transport-4.1.70.Final.jar:4.1.70.Final]
	at io.netty.channel.nio.AbstractNioByteChannel$NioByteUnsafe.read(AbstractNioByteChannel.java:151) ~[netty-transport-4.1.70.Final.jar:4.1.70.Final]
	at io.netty.channel.nio.NioEventLoop.processSelectedKey(NioEventLoop.java:719) ~[netty-transport-4.1.70.Final.jar:4.1.70.Final]
	at io.netty.channel.nio.NioEventLoop.processSelectedKeysOptimized(NioEventLoop.java:655) ~[netty-transport-4.1.70.Final.jar:4.1.70.Final]
	at io.netty.channel.nio.NioEventLoop.processSelectedKeys(NioEventLoop.java:581) ~[netty-transport-4.1.70.Final.jar:4.1.70.Final]
	at io.netty.channel.nio.NioEventLoop.run(NioEventLoop.java:493) ~[netty-transport-4.1.70.Final.jar:4.1.70.Final]
	at io.netty.util.concurrent.SingleThreadEventExecutor$4.run(SingleThreadEventExecutor.java:986) ~[netty-common-4.1.70.Final.jar:4.1.70.Final]
	at io.netty.util.internal.ThreadExecutorMap$2.run(ThreadExecutorMap.java:74) ~[netty-common-4.1.70.Final.jar:4.1.70.Final]
	at io.netty.util.concurrent.FastThreadLocalRunnable.run(FastThreadLocalRunnable.java:30) ~[netty-common-4.1.70.Final.jar:4.1.70.Final]
	at java.base/java.lang.Thread.run(Thread.java:832) ~[na:na]
08:37:39.628 [AsyncHttpClient-1-15] DEBUG o.a.netty.channel.ChannelManager - Closing Channel [id: 0xaa9a0dd1, L:/127.0.0.1:54417 - R:localhost/127.0.0.1:54411] 
08:37:39.629 [AsyncHttpClient-1-15] DEBUG o.a.netty.handler.HttpHandler - Channel Closed: [id: 0xaa9a0dd1, L:/127.0.0.1:54417 ! R:localhost/127.0.0.1:54411] with attribute DISCARD
08:37:39.658 [AsyncHttpClient-1-14] DEBUG o.a.netty.handler.HttpHandler - 

Request DefaultFullHttpRequest(decodeResult: success, version: HTTP/1.1, content: EmptyByteBufBE)
DELETE /session/ffcffee4dc52153750a098d5dceba065 HTTP/1.1
User-Agent: selenium/4.1.2 (java windows)
Content-Type: application/json; charset=utf-8
host: localhost:51389
accept: */*

Response DefaultHttpResponse(decodeResult: success, version: HTTP/1.1)
HTTP/1.1 200 OK
Content-Type: application/json; charset=utf-8
cache-control: no-cache
content-length: 14

08:37:39.658 [AsyncHttpClient-1-14] DEBUG o.a.netty.channel.ChannelManager - Adding key: http://localhost:51389 for channel [id: 0x26b6368b, L:/127.0.0.1:54410 - R:localhost/127.0.0.1:51389]
08:37:39.714 [AsyncHttpClient-1-14] DEBUG o.a.netty.handler.HttpHandler - Channel Closed: [id: 0x26b6368b, L:/127.0.0.1:54410 ! R:localhost/127.0.0.1:51389] with attribute DISCARD
08:37:40.244 [main] INFO   - 
  _____   ___   ___   _____     ___     _     ___   ___   ___   ___  
 |_   _| | __| / __| |_   _|   | _ \   /_\   / __| / __| | __| |   \ 
   | |   | _|  \__ \   | |     |  _/  / _ \  \__ \ \__ \ | _|  | |) |
   |_|   |___| |___/   |_|     |_|   /_/ \_\ |___/ |___/ |___| |___/ 

Login to PEGA Site using Author, Manager and User
----------------------------------------------------------------------
]]></system-out>
    <system-err><![CDATA[Starting ChromeDriver 99.0.4844.51 (d537ec02474b5afe23684e7963d538896c63ac77-refs/branch-heads/4844@{#875}) on port 51389
Only local connections are allowed.
Please see https://chromedriver.chromium.org/security-considerations for suggestions on keeping ChromeDriver safe.
ChromeDriver was started successfully.
Cleaning up unclosed ZipFile for archive Z:\Automation\JavaCucumber\BDD_HCL\CucumberHCL\.\src\main\resources\TestData\InvalidUserCredentials.xlsx
Mar 29, 2022 8:37:12 AM org.openqa.selenium.remote.ProtocolHandshake createSession
INFO: Detected dialect: W3C
Mar 29, 2022 8:37:12 AM org.openqa.selenium.devtools.CdpVersionFinder findNearestMatch
WARNING: Unable to find an exact match for CDP version 99, so returning the closest version found: 96
Mar 29, 2022 8:37:12 AM org.openqa.selenium.devtools.CdpVersionFinder findNearestMatch
INFO: Found CDP implementation for version 99 of 96
]]></system-err>
  </testcase>
  <testcase name="Login to PEGA Site using User" classname="Validate And Verify Login Page to PEGA Site" time="30.053">
    <system-out><![CDATA[
@All @Regression
Scenario: Login to PEGA Site using User                                                                &amp#27;[90m# src/main/resources/AppFeatures/ValidateAndVerifyLoginPage.feature:30&amp#27;[0m
08:37:40.251 [main] INFO  i.c.core.plugin.SerenityReporter - Running feature from file:///Z:/Automation/JavaCucumber/BDD_HCL/CucumberHCL/src/main/resources/AppFeatures/ValidateAndVerifyLoginPage.feature
08:37:40.251 [main] WARN  i.c.core.plugin.SerenityReporter - Feature from file:///Z:/Automation/JavaCucumber/BDD_HCL/CucumberHCL/src/main/resources/AppFeatures/ValidateAndVerifyLoginPage.feature is not under the 'features' directory. Requirements report will not be correctly generated!
08:37:40.252 [main] INFO   - 
  _____   ___   ___   _____     ___   _____     _     ___   _____   ___   ___  
 |_   _| | __| / __| |_   _|   / __| |_   _|   /_\   | _ \ |_   _| | __| |   \ 
   | |   | _|  \__ \   | |     \__ \   | |    / _ \  |   /   | |   | _|  | |) |
   |_|   |___| |___/   |_|     |___/   |_|   /_/ \_\ |_|_\   |_|   |___| |___/ 

Login to PEGA Site using User(validate-and-verify-login-page-to-pega-site;login-to-pega-site-using-user)
--------------------------------------------------------------------------------
DEBUG [main] (apphooks.java:34) - Set up Browser
DEBUG [main] (apphooks.java:34)- Set up Browser
08:37:40.257 [main] DEBUG com.pages.drivers.DriversFactory - Initialize Driver Browser Configuration
08:37:40.257 [main] DEBUG com.pages.drivers.DriversFactory -  Driver Browser : chrome
08:37:40.265 [main] DEBUG i.g.bonigarcia.wdm.WebDriverManager - Driver chromedriver 99.0.4844.51 found in cache
08:37:40.266 [main] INFO  i.g.bonigarcia.wdm.WebDriverManager - Exporting webdriver.chrome.driver as C:\Users\DheyClaveria\.cache\selenium\chromedriver\win32\99.0.4844.51\chromedriver.exe
08:37:40.651 [AsyncHttpClient-1-1] DEBUG o.a.netty.channel.DefaultChannelPool - Entry count for : http://localhost:54411 : 1
08:37:40.651 [AsyncHttpClient-1-1] DEBUG o.a.netty.channel.DefaultChannelPool - Entry count for : http://localhost:51389 : 1
08:37:40.651 [AsyncHttpClient-1-1] DEBUG o.a.netty.channel.DefaultChannelPool - Adding Candidate expired Channel [id: 0xaa9a0dd1, L:/127.0.0.1:54417 ! R:localhost/127.0.0.1:54411] isIdleTimeoutExpired=false isRemotelyClosed=true isTtlExpired=false
08:37:40.651 [AsyncHttpClient-1-1] DEBUG o.a.netty.channel.DefaultChannelPool - Closing Idle Channel [id: 0xaa9a0dd1, L:/127.0.0.1:54417 ! R:localhost/127.0.0.1:54411]
08:37:40.651 [AsyncHttpClient-1-1] DEBUG o.a.netty.channel.DefaultChannelPool - Adding Candidate expired Channel [id: 0x26b6368b, L:/127.0.0.1:54410 ! R:localhost/127.0.0.1:51389] isIdleTimeoutExpired=false isRemotelyClosed=true isTtlExpired=false
08:37:40.651 [AsyncHttpClient-1-1] DEBUG o.a.netty.channel.DefaultChannelPool - Closing Idle Channel [id: 0x26b6368b, L:/127.0.0.1:54410 ! R:localhost/127.0.0.1:51389]
08:37:40.651 [AsyncHttpClient-1-1] DEBUG o.a.netty.channel.DefaultChannelPool - Closed 2 connections out of 2 in 0 ms
08:37:40.802 [AsyncHttpClient-1-17] DEBUG o.a.n.channel.NettyConnectListener - Using new Channel '[id: 0xc442b36e, L:/127.0.0.1:54439 - R:localhost/127.0.0.1:59551]' for 'POST' to '/session'
08:37:41.492 [AsyncHttpClient-1-17] DEBUG o.a.netty.handler.HttpHandler - 

Request DefaultHttpRequest(decodeResult: success, version: HTTP/1.1)
POST /session HTTP/1.1
User-Agent: selenium/4.1.2 (java windows)
Content-Length: 365
Content-Type: application/json; charset=utf-8
host: localhost:59551
accept: */*

Response DefaultHttpResponse(decodeResult: success, version: HTTP/1.1)
HTTP/1.1 200 OK
Content-Type: application/json; charset=utf-8
cache-control: no-cache
content-length: 794

08:37:41.493 [AsyncHttpClient-1-17] DEBUG o.a.netty.channel.ChannelManager - Adding key: http://localhost:59551 for channel [id: 0xc442b36e, L:/127.0.0.1:54439 - R:localhost/127.0.0.1:59551]
08:37:41.498 [AsyncHttpClient-1-18] DEBUG o.a.n.channel.NettyConnectListener - Using new Channel '[id: 0xb1bfb429, L:/127.0.0.1:54446 - R:localhost/127.0.0.1:54440]' for 'GET' to '/json/version'
08:37:41.501 [AsyncHttpClient-1-18] DEBUG o.a.netty.handler.HttpHandler - 

Request DefaultFullHttpRequest(decodeResult: success, version: HTTP/1.1, content: EmptyByteBufBE)
GET /json/version HTTP/1.1
User-Agent: selenium/4.1.2 (java windows)
host: localhost:54440
accept: */*

Response DefaultHttpResponse(decodeResult: success, version: HTTP/1.1)
HTTP/1.1 200 OK
Content-Type: application/json; charset=UTF-8
content-length: 423

08:37:41.502 [AsyncHttpClient-1-18] DEBUG o.a.netty.channel.ChannelManager - Adding key: http://localhost:54440 for channel [id: 0xb1bfb429, L:/127.0.0.1:54446 - R:localhost/127.0.0.1:54440]
08:37:41.504 [AsyncHttpClient-1-19] DEBUG o.a.n.channel.NettyConnectListener - Using new Channel '[id: 0x3e214234, L:/127.0.0.1:54447 - R:localhost/127.0.0.1:54440]' for 'GET' to '/devtools/browser/03f7f4fb-eceb-486c-90d3-4c52930eb24e'
08:37:41.507 [AsyncHttpClient-1-19] DEBUG o.a.netty.handler.WebSocketHandler - 

Request DefaultFullHttpRequest(decodeResult: success, version: HTTP/1.1, content: EmptyByteBufBE)
GET /devtools/browser/03f7f4fb-eceb-486c-90d3-4c52930eb24e HTTP/1.1
upgrade: websocket
connection: upgrade
sec-websocket-key: z6Pc+E+Qzux6inEhr2zgMA==
sec-websocket-version: 13
origin: http://localhost:54440
host: localhost:54440
accept: */*
user-agent: AHC/2.1

Response DefaultHttpResponse(decodeResult: success, version: HTTP/1.1)
HTTP/1.1 101 WebSocket Protocol Handshake
Upgrade: WebSocket
Connection: Upgrade
Sec-WebSocket-Accept: 6InMDa1buvPLqSZPqWjdqiYorLY=

08:37:41.511 [Forwarding deleteAllCookies on session 9b1880a5645b7b4e28cf60f7bc9b42c3 to remote] DEBUG o.a.netty.request.NettyRequestSender - Using pooled Channel '[id: 0xc442b36e, L:/127.0.0.1:54439 - R:localhost/127.0.0.1:59551]' for 'DELETE' to 'http://localhost:59551/session/9b1880a5645b7b4e28cf60f7bc9b42c3/cookie'
08:37:41.511 [Forwarding deleteAllCookies on session 9b1880a5645b7b4e28cf60f7bc9b42c3 to remote] DEBUG o.a.netty.request.NettyRequestSender - Using open Channel [id: 0xc442b36e, L:/127.0.0.1:54439 - R:localhost/127.0.0.1:59551] for DELETE '/session/9b1880a5645b7b4e28cf60f7bc9b42c3/cookie'
08:37:41.516 [AsyncHttpClient-1-17] DEBUG o.a.netty.handler.HttpHandler - 

Request DefaultFullHttpRequest(decodeResult: success, version: HTTP/1.1, content: EmptyByteBufBE)
DELETE /session/9b1880a5645b7b4e28cf60f7bc9b42c3/cookie HTTP/1.1
User-Agent: selenium/4.1.2 (java windows)
Content-Type: application/json; charset=utf-8
host: localhost:59551
accept: */*

Response DefaultHttpResponse(decodeResult: success, version: HTTP/1.1)
HTTP/1.1 200 OK
Content-Type: application/json; charset=utf-8
cache-control: no-cache
content-length: 14

08:37:41.516 [AsyncHttpClient-1-17] DEBUG o.a.netty.channel.ChannelManager - Adding key: http://localhost:59551 for channel [id: 0xc442b36e, L:/127.0.0.1:54439 - R:localhost/127.0.0.1:59551]
08:37:41.517 [Forwarding maximizeCurrentWindow on session 9b1880a5645b7b4e28cf60f7bc9b42c3 to remote] DEBUG o.a.netty.request.NettyRequestSender - Using pooled Channel '[id: 0xc442b36e, L:/127.0.0.1:54439 - R:localhost/127.0.0.1:59551]' for 'POST' to 'http://localhost:59551/session/9b1880a5645b7b4e28cf60f7bc9b42c3/window/maximize'
08:37:41.517 [Forwarding maximizeCurrentWindow on session 9b1880a5645b7b4e28cf60f7bc9b42c3 to remote] DEBUG o.a.netty.request.NettyRequestSender - Using open Channel [id: 0xc442b36e, L:/127.0.0.1:54439 - R:localhost/127.0.0.1:59551] for POST '/session/9b1880a5645b7b4e28cf60f7bc9b42c3/window/maximize'
08:37:41.639 [AsyncHttpClient-1-17] DEBUG o.a.netty.handler.HttpHandler - 

Request DefaultHttpRequest(decodeResult: success, version: HTTP/1.1)
POST /session/9b1880a5645b7b4e28cf60f7bc9b42c3/window/maximize HTTP/1.1
User-Agent: selenium/4.1.2 (java windows)
Content-Length: 3
Content-Type: application/json; charset=utf-8
host: localhost:59551
accept: */*

Response DefaultHttpResponse(decodeResult: success, version: HTTP/1.1)
HTTP/1.1 200 OK
Content-Type: application/json; charset=utf-8
cache-control: no-cache
content-length: 52

08:37:41.640 [AsyncHttpClient-1-17] DEBUG o.a.netty.channel.ChannelManager - Adding key: http://localhost:59551 for channel [id: 0xc442b36e, L:/127.0.0.1:54439 - R:localhost/127.0.0.1:59551]
08:37:41.643 [Forwarding get on session 9b1880a5645b7b4e28cf60f7bc9b42c3 to remote] DEBUG o.a.netty.request.NettyRequestSender - Using pooled Channel '[id: 0xc442b36e, L:/127.0.0.1:54439 - R:localhost/127.0.0.1:59551]' for 'POST' to 'http://localhost:59551/session/9b1880a5645b7b4e28cf60f7bc9b42c3/url'
08:37:41.644 [Forwarding get on session 9b1880a5645b7b4e28cf60f7bc9b42c3 to remote] DEBUG o.a.netty.request.NettyRequestSender - Using open Channel [id: 0xc442b36e, L:/127.0.0.1:54439 - R:localhost/127.0.0.1:59551] for POST '/session/9b1880a5645b7b4e28cf60f7bc9b42c3/url'
08:37:41.763 [AsyncHttpClient-1-1] DEBUG o.a.netty.channel.DefaultChannelPool - Entry count for : http://localhost:54440 : 1
08:37:41.782 [AsyncHttpClient-1-17] DEBUG o.a.netty.handler.HttpHandler - 

Request DefaultHttpRequest(decodeResult: success, version: HTTP/1.1)
POST /session/9b1880a5645b7b4e28cf60f7bc9b42c3/url HTTP/1.1
User-Agent: selenium/4.1.2 (java windows)
Content-Length: 148
Content-Type: application/json; charset=utf-8
host: localhost:59551
accept: */*

Response DefaultHttpResponse(decodeResult: success, version: HTTP/1.1)
HTTP/1.1 200 OK
Content-Type: application/json; charset=utf-8
cache-control: no-cache
content-length: 14

08:37:41.782 [AsyncHttpClient-1-17] DEBUG o.a.netty.channel.ChannelManager - Adding key: http://localhost:59551 for channel [id: 0xc442b36e, L:/127.0.0.1:54439 - R:localhost/127.0.0.1:59551]
08:37:41.783 [Forwarding getTitle on session 9b1880a5645b7b4e28cf60f7bc9b42c3 to remote] DEBUG o.a.netty.request.NettyRequestSender - Using pooled Channel '[id: 0xc442b36e, L:/127.0.0.1:54439 - R:localhost/127.0.0.1:59551]' for 'GET' to 'http://localhost:59551/session/9b1880a5645b7b4e28cf60f7bc9b42c3/title'
08:37:41.783 [Forwarding getTitle on session 9b1880a5645b7b4e28cf60f7bc9b42c3 to remote] DEBUG o.a.netty.request.NettyRequestSender - Using open Channel [id: 0xc442b36e, L:/127.0.0.1:54439 - R:localhost/127.0.0.1:59551] for GET '/session/9b1880a5645b7b4e28cf60f7bc9b42c3/title'
08:37:41.788 [AsyncHttpClient-1-17] DEBUG o.a.netty.handler.HttpHandler - 

Request DefaultFullHttpRequest(decodeResult: success, version: HTTP/1.1, content: EmptyByteBufBE)
GET /session/9b1880a5645b7b4e28cf60f7bc9b42c3/title HTTP/1.1
User-Agent: selenium/4.1.2 (java windows)
Cache-Control: no-cache
Content-Type: application/json; charset=utf-8
host: localhost:59551
accept: */*

Response DefaultHttpResponse(decodeResult: success, version: HTTP/1.1)
HTTP/1.1 200 OK
Content-Type: application/json; charset=utf-8
cache-control: no-cache
content-length: 22

08:37:41.788 [AsyncHttpClient-1-17] DEBUG o.a.netty.channel.ChannelManager - Adding key: http://localhost:59551 for channel [id: 0xc442b36e, L:/127.0.0.1:54439 - R:localhost/127.0.0.1:59551]
DEBUG [main] (BaseClass.java:37) - verifyApplication: 'Login Page' 
DEBUG [main] (BaseClass.java:37)- verifyApplication: 'Login Page' 
08:37:41.790 [Forwarding getTitle on session 9b1880a5645b7b4e28cf60f7bc9b42c3 to remote] DEBUG o.a.netty.request.NettyRequestSender - Using pooled Channel '[id: 0xc442b36e, L:/127.0.0.1:54439 - R:localhost/127.0.0.1:59551]' for 'GET' to 'http://localhost:59551/session/9b1880a5645b7b4e28cf60f7bc9b42c3/title'
08:37:41.790 [Forwarding getTitle on session 9b1880a5645b7b4e28cf60f7bc9b42c3 to remote] DEBUG o.a.netty.request.NettyRequestSender - Using open Channel [id: 0xc442b36e, L:/127.0.0.1:54439 - R:localhost/127.0.0.1:59551] for GET '/session/9b1880a5645b7b4e28cf60f7bc9b42c3/title'
08:37:41.792 [AsyncHttpClient-1-17] DEBUG o.a.netty.handler.HttpHandler - 

Request DefaultFullHttpRequest(decodeResult: success, version: HTTP/1.1, content: EmptyByteBufBE)
GET /session/9b1880a5645b7b4e28cf60f7bc9b42c3/title HTTP/1.1
User-Agent: selenium/4.1.2 (java windows)
Cache-Control: no-cache
Content-Type: application/json; charset=utf-8
host: localhost:59551
accept: */*

Response DefaultHttpResponse(decodeResult: success, version: HTTP/1.1)
HTTP/1.1 200 OK
Content-Type: application/json; charset=utf-8
cache-control: no-cache
content-length: 22

08:37:41.792 [AsyncHttpClient-1-17] DEBUG o.a.netty.channel.ChannelManager - Adding key: http://localhost:59551 for channel [id: 0xc442b36e, L:/127.0.0.1:54439 - R:localhost/127.0.0.1:59551]
08:37:42.855 [AsyncHttpClient-1-1] DEBUG o.a.netty.channel.DefaultChannelPool - Entry count for : http://localhost:59551 : 1
08:37:42.855 [AsyncHttpClient-1-1] DEBUG o.a.netty.channel.DefaultChannelPool - Entry count for : http://localhost:54440 : 1
08:37:43.955 [AsyncHttpClient-1-1] DEBUG o.a.netty.channel.DefaultChannelPool - Entry count for : http://localhost:59551 : 1
08:37:43.955 [AsyncHttpClient-1-1] DEBUG o.a.netty.channel.DefaultChannelPool - Entry count for : http://localhost:54440 : 1
08:37:45.051 [AsyncHttpClient-1-1] DEBUG o.a.netty.channel.DefaultChannelPool - Entry count for : http://localhost:59551 : 1
08:37:45.051 [AsyncHttpClient-1-1] DEBUG o.a.netty.channel.DefaultChannelPool - Entry count for : http://localhost:54440 : 1
08:37:46.159 [AsyncHttpClient-1-1] DEBUG o.a.netty.channel.DefaultChannelPool - Entry count for : http://localhost:59551 : 1
08:37:46.159 [AsyncHttpClient-1-1] DEBUG o.a.netty.channel.DefaultChannelPool - Entry count for : http://localhost:54440 : 1
  &amp#27;[32mGiven &amp#27;[0m&amp#27;[32mthat the user should navigate in PEGA Login Page&amp#27;[0m                                               &amp#27;[90m# stepdefinitions.LoginPageSteps.that_the_user_should_navigate_in_pega_login_page()&amp#27;[0m
DEBUG [main] (LoginPage.java:44) - verifyPageElements : Current Element = 'By.xpath: //div[@id="credentials"]//div[@class="field user"]//input' 
DEBUG [main] (LoginPage.java:44)- verifyPageElements : Current Element = 'By.xpath: //div[@id="credentials"]//div[@class="field user"]//input' 
08:37:46.800 [Forwarding findElement on session 9b1880a5645b7b4e28cf60f7bc9b42c3 to remote] DEBUG o.a.netty.request.NettyRequestSender - Using pooled Channel '[id: 0xc442b36e, L:/127.0.0.1:54439 - R:localhost/127.0.0.1:59551]' for 'POST' to 'http://localhost:59551/session/9b1880a5645b7b4e28cf60f7bc9b42c3/element'
08:37:46.800 [Forwarding findElement on session 9b1880a5645b7b4e28cf60f7bc9b42c3 to remote] DEBUG o.a.netty.request.NettyRequestSender - Using open Channel [id: 0xc442b36e, L:/127.0.0.1:54439 - R:localhost/127.0.0.1:59551] for POST '/session/9b1880a5645b7b4e28cf60f7bc9b42c3/element'
08:37:46.815 [AsyncHttpClient-1-17] DEBUG o.a.netty.handler.HttpHandler - 

Request DefaultHttpRequest(decodeResult: success, version: HTTP/1.1)
POST /session/9b1880a5645b7b4e28cf60f7bc9b42c3/element HTTP/1.1
User-Agent: selenium/4.1.2 (java windows)
Content-Length: 128
Content-Type: application/json; charset=utf-8
host: localhost:59551
accept: */*

Response DefaultHttpResponse(decodeResult: success, version: HTTP/1.1)
HTTP/1.1 200 OK
Content-Type: application/json; charset=utf-8
cache-control: no-cache
content-length: 88

08:37:46.815 [AsyncHttpClient-1-17] DEBUG o.a.netty.channel.ChannelManager - Adding key: http://localhost:59551 for channel [id: 0xc442b36e, L:/127.0.0.1:54439 - R:localhost/127.0.0.1:59551]
08:37:46.819 [Forwarding isElementDisplayed on session 9b1880a5645b7b4e28cf60f7bc9b42c3 to remote] DEBUG o.a.netty.request.NettyRequestSender - Using pooled Channel '[id: 0xc442b36e, L:/127.0.0.1:54439 - R:localhost/127.0.0.1:59551]' for 'POST' to 'http://localhost:59551/session/9b1880a5645b7b4e28cf60f7bc9b42c3/execute/sync'
08:37:46.819 [Forwarding isElementDisplayed on session 9b1880a5645b7b4e28cf60f7bc9b42c3 to remote] DEBUG o.a.netty.request.NettyRequestSender - Using open Channel [id: 0xc442b36e, L:/127.0.0.1:54439 - R:localhost/127.0.0.1:59551] for POST '/session/9b1880a5645b7b4e28cf60f7bc9b42c3/execute/sync'
08:37:46.841 [AsyncHttpClient-1-17] DEBUG o.a.netty.handler.HttpHandler - 

Request DefaultHttpRequest(decodeResult: success, version: HTTP/1.1)
POST /session/9b1880a5645b7b4e28cf60f7bc9b42c3/execute/sync HTTP/1.1
User-Agent: selenium/4.1.2 (java windows)
Content-Length: 48780
Content-Type: application/json; charset=utf-8
host: localhost:59551
accept: */*

Response DefaultHttpResponse(decodeResult: success, version: HTTP/1.1)
HTTP/1.1 200 OK
Content-Type: application/json; charset=utf-8
cache-control: no-cache
content-length: 14

08:37:46.841 [AsyncHttpClient-1-17] DEBUG o.a.netty.channel.ChannelManager - Adding key: http://localhost:59551 for channel [id: 0xc442b36e, L:/127.0.0.1:54439 - R:localhost/127.0.0.1:59551]
08:37:46.842 [Forwarding findElement on session 9b1880a5645b7b4e28cf60f7bc9b42c3 to remote] DEBUG o.a.netty.request.NettyRequestSender - Using pooled Channel '[id: 0xc442b36e, L:/127.0.0.1:54439 - R:localhost/127.0.0.1:59551]' for 'POST' to 'http://localhost:59551/session/9b1880a5645b7b4e28cf60f7bc9b42c3/element'
08:37:46.842 [Forwarding findElement on session 9b1880a5645b7b4e28cf60f7bc9b42c3 to remote] DEBUG o.a.netty.request.NettyRequestSender - Using open Channel [id: 0xc442b36e, L:/127.0.0.1:54439 - R:localhost/127.0.0.1:59551] for POST '/session/9b1880a5645b7b4e28cf60f7bc9b42c3/element'
08:37:46.848 [AsyncHttpClient-1-17] DEBUG o.a.netty.handler.HttpHandler - 

Request DefaultHttpRequest(decodeResult: success, version: HTTP/1.1)
POST /session/9b1880a5645b7b4e28cf60f7bc9b42c3/element HTTP/1.1
User-Agent: selenium/4.1.2 (java windows)
Content-Length: 128
Content-Type: application/json; charset=utf-8
host: localhost:59551
accept: */*

Response DefaultHttpResponse(decodeResult: success, version: HTTP/1.1)
HTTP/1.1 200 OK
Content-Type: application/json; charset=utf-8
cache-control: no-cache
content-length: 88

08:37:46.848 [AsyncHttpClient-1-17] DEBUG o.a.netty.channel.ChannelManager - Adding key: http://localhost:59551 for channel [id: 0xc442b36e, L:/127.0.0.1:54439 - R:localhost/127.0.0.1:59551]
08:37:46.852 [Forwarding isElementDisplayed on session 9b1880a5645b7b4e28cf60f7bc9b42c3 to remote] DEBUG o.a.netty.request.NettyRequestSender - Using pooled Channel '[id: 0xc442b36e, L:/127.0.0.1:54439 - R:localhost/127.0.0.1:59551]' for 'POST' to 'http://localhost:59551/session/9b1880a5645b7b4e28cf60f7bc9b42c3/execute/sync'
08:37:46.852 [Forwarding isElementDisplayed on session 9b1880a5645b7b4e28cf60f7bc9b42c3 to remote] DEBUG o.a.netty.request.NettyRequestSender - Using open Channel [id: 0xc442b36e, L:/127.0.0.1:54439 - R:localhost/127.0.0.1:59551] for POST '/session/9b1880a5645b7b4e28cf60f7bc9b42c3/execute/sync'
08:37:46.865 [AsyncHttpClient-1-17] DEBUG o.a.netty.handler.HttpHandler - 

Request DefaultHttpRequest(decodeResult: success, version: HTTP/1.1)
POST /session/9b1880a5645b7b4e28cf60f7bc9b42c3/execute/sync HTTP/1.1
User-Agent: selenium/4.1.2 (java windows)
Content-Length: 48780
Content-Type: application/json; charset=utf-8
host: localhost:59551
accept: */*

Response DefaultHttpResponse(decodeResult: success, version: HTTP/1.1)
HTTP/1.1 200 OK
Content-Type: application/json; charset=utf-8
cache-control: no-cache
content-length: 14

08:37:46.865 [AsyncHttpClient-1-17] DEBUG o.a.netty.channel.ChannelManager - Adding key: http://localhost:59551 for channel [id: 0xc442b36e, L:/127.0.0.1:54439 - R:localhost/127.0.0.1:59551]
08:37:46.866 [Forwarding findElement on session 9b1880a5645b7b4e28cf60f7bc9b42c3 to remote] DEBUG o.a.netty.request.NettyRequestSender - Using pooled Channel '[id: 0xc442b36e, L:/127.0.0.1:54439 - R:localhost/127.0.0.1:59551]' for 'POST' to 'http://localhost:59551/session/9b1880a5645b7b4e28cf60f7bc9b42c3/element'
08:37:46.866 [Forwarding findElement on session 9b1880a5645b7b4e28cf60f7bc9b42c3 to remote] DEBUG o.a.netty.request.NettyRequestSender - Using open Channel [id: 0xc442b36e, L:/127.0.0.1:54439 - R:localhost/127.0.0.1:59551] for POST '/session/9b1880a5645b7b4e28cf60f7bc9b42c3/element'
08:37:46.873 [AsyncHttpClient-1-17] DEBUG o.a.netty.handler.HttpHandler - 

Request DefaultHttpRequest(decodeResult: success, version: HTTP/1.1)
POST /session/9b1880a5645b7b4e28cf60f7bc9b42c3/element HTTP/1.1
User-Agent: selenium/4.1.2 (java windows)
Content-Length: 128
Content-Type: application/json; charset=utf-8
host: localhost:59551
accept: */*

Response DefaultHttpResponse(decodeResult: success, version: HTTP/1.1)
HTTP/1.1 200 OK
Content-Type: application/json; charset=utf-8
cache-control: no-cache
content-length: 88

08:37:46.873 [AsyncHttpClient-1-17] DEBUG o.a.netty.channel.ChannelManager - Adding key: http://localhost:59551 for channel [id: 0xc442b36e, L:/127.0.0.1:54439 - R:localhost/127.0.0.1:59551]
08:37:46.873 [Forwarding isElementEnabled on session 9b1880a5645b7b4e28cf60f7bc9b42c3 to remote] DEBUG o.a.netty.request.NettyRequestSender - Using pooled Channel '[id: 0xc442b36e, L:/127.0.0.1:54439 - R:localhost/127.0.0.1:59551]' for 'GET' to 'http://localhost:59551/session/9b1880a5645b7b4e28cf60f7bc9b42c3/element/1c5c2a3f-3bf1-4c29-a307-ee64e79a276f/enabled'
08:37:46.873 [Forwarding isElementEnabled on session 9b1880a5645b7b4e28cf60f7bc9b42c3 to remote] DEBUG o.a.netty.request.NettyRequestSender - Using open Channel [id: 0xc442b36e, L:/127.0.0.1:54439 - R:localhost/127.0.0.1:59551] for GET '/session/9b1880a5645b7b4e28cf60f7bc9b42c3/element/1c5c2a3f-3bf1-4c29-a307-ee64e79a276f/enabled'
08:37:46.881 [AsyncHttpClient-1-17] DEBUG o.a.netty.handler.HttpHandler - 

Request DefaultFullHttpRequest(decodeResult: success, version: HTTP/1.1, content: EmptyByteBufBE)
GET /session/9b1880a5645b7b4e28cf60f7bc9b42c3/element/1c5c2a3f-3bf1-4c29-a307-ee64e79a276f/enabled HTTP/1.1
User-Agent: selenium/4.1.2 (java windows)
Cache-Control: no-cache
Content-Type: application/json; charset=utf-8
host: localhost:59551
accept: */*

Response DefaultHttpResponse(decodeResult: success, version: HTTP/1.1)
HTTP/1.1 200 OK
Content-Type: application/json; charset=utf-8
cache-control: no-cache
content-length: 14

08:37:46.881 [AsyncHttpClient-1-17] DEBUG o.a.netty.channel.ChannelManager - Adding key: http://localhost:59551 for channel [id: 0xc442b36e, L:/127.0.0.1:54439 - R:localhost/127.0.0.1:59551]
DEBUG [main] (LoginPage.java:44) - verifyPageElements : Current Element = 'By.xpath: //div[@id="credentials"]//div[@class="field password"]//input' 
DEBUG [main] (LoginPage.java:44)- verifyPageElements : Current Element = 'By.xpath: //div[@id="credentials"]//div[@class="field password"]//input' 
08:37:46.882 [Forwarding findElement on session 9b1880a5645b7b4e28cf60f7bc9b42c3 to remote] DEBUG o.a.netty.request.NettyRequestSender - Using pooled Channel '[id: 0xc442b36e, L:/127.0.0.1:54439 - R:localhost/127.0.0.1:59551]' for 'POST' to 'http://localhost:59551/session/9b1880a5645b7b4e28cf60f7bc9b42c3/element'
08:37:46.882 [Forwarding findElement on session 9b1880a5645b7b4e28cf60f7bc9b42c3 to remote] DEBUG o.a.netty.request.NettyRequestSender - Using open Channel [id: 0xc442b36e, L:/127.0.0.1:54439 - R:localhost/127.0.0.1:59551] for POST '/session/9b1880a5645b7b4e28cf60f7bc9b42c3/element'
08:37:46.893 [AsyncHttpClient-1-17] DEBUG o.a.netty.handler.HttpHandler - 

Request DefaultHttpRequest(decodeResult: success, version: HTTP/1.1)
POST /session/9b1880a5645b7b4e28cf60f7bc9b42c3/element HTTP/1.1
User-Agent: selenium/4.1.2 (java windows)
Content-Length: 132
Content-Type: application/json; charset=utf-8
host: localhost:59551
accept: */*

Response DefaultHttpResponse(decodeResult: success, version: HTTP/1.1)
HTTP/1.1 200 OK
Content-Type: application/json; charset=utf-8
cache-control: no-cache
content-length: 88

08:37:46.893 [AsyncHttpClient-1-17] DEBUG o.a.netty.channel.ChannelManager - Adding key: http://localhost:59551 for channel [id: 0xc442b36e, L:/127.0.0.1:54439 - R:localhost/127.0.0.1:59551]
08:37:46.897 [Forwarding isElementDisplayed on session 9b1880a5645b7b4e28cf60f7bc9b42c3 to remote] DEBUG o.a.netty.request.NettyRequestSender - Using pooled Channel '[id: 0xc442b36e, L:/127.0.0.1:54439 - R:localhost/127.0.0.1:59551]' for 'POST' to 'http://localhost:59551/session/9b1880a5645b7b4e28cf60f7bc9b42c3/execute/sync'
08:37:46.897 [Forwarding isElementDisplayed on session 9b1880a5645b7b4e28cf60f7bc9b42c3 to remote] DEBUG o.a.netty.request.NettyRequestSender - Using open Channel [id: 0xc442b36e, L:/127.0.0.1:54439 - R:localhost/127.0.0.1:59551] for POST '/session/9b1880a5645b7b4e28cf60f7bc9b42c3/execute/sync'
08:37:46.906 [AsyncHttpClient-1-17] DEBUG o.a.netty.handler.HttpHandler - 

Request DefaultHttpRequest(decodeResult: success, version: HTTP/1.1)
POST /session/9b1880a5645b7b4e28cf60f7bc9b42c3/execute/sync HTTP/1.1
User-Agent: selenium/4.1.2 (java windows)
Content-Length: 48780
Content-Type: application/json; charset=utf-8
host: localhost:59551
accept: */*

Response DefaultHttpResponse(decodeResult: success, version: HTTP/1.1)
HTTP/1.1 200 OK
Content-Type: application/json; charset=utf-8
cache-control: no-cache
content-length: 14

08:37:46.906 [AsyncHttpClient-1-17] DEBUG o.a.netty.channel.ChannelManager - Adding key: http://localhost:59551 for channel [id: 0xc442b36e, L:/127.0.0.1:54439 - R:localhost/127.0.0.1:59551]
08:37:46.908 [Forwarding findElement on session 9b1880a5645b7b4e28cf60f7bc9b42c3 to remote] DEBUG o.a.netty.request.NettyRequestSender - Using pooled Channel '[id: 0xc442b36e, L:/127.0.0.1:54439 - R:localhost/127.0.0.1:59551]' for 'POST' to 'http://localhost:59551/session/9b1880a5645b7b4e28cf60f7bc9b42c3/element'
08:37:46.908 [Forwarding findElement on session 9b1880a5645b7b4e28cf60f7bc9b42c3 to remote] DEBUG o.a.netty.request.NettyRequestSender - Using open Channel [id: 0xc442b36e, L:/127.0.0.1:54439 - R:localhost/127.0.0.1:59551] for POST '/session/9b1880a5645b7b4e28cf60f7bc9b42c3/element'
08:37:46.913 [AsyncHttpClient-1-17] DEBUG o.a.netty.handler.HttpHandler - 

Request DefaultHttpRequest(decodeResult: success, version: HTTP/1.1)
POST /session/9b1880a5645b7b4e28cf60f7bc9b42c3/element HTTP/1.1
User-Agent: selenium/4.1.2 (java windows)
Content-Length: 132
Content-Type: application/json; charset=utf-8
host: localhost:59551
accept: */*

Response DefaultHttpResponse(decodeResult: success, version: HTTP/1.1)
HTTP/1.1 200 OK
Content-Type: application/json; charset=utf-8
cache-control: no-cache
content-length: 88

08:37:46.914 [AsyncHttpClient-1-17] DEBUG o.a.netty.channel.ChannelManager - Adding key: http://localhost:59551 for channel [id: 0xc442b36e, L:/127.0.0.1:54439 - R:localhost/127.0.0.1:59551]
08:37:46.918 [Forwarding isElementDisplayed on session 9b1880a5645b7b4e28cf60f7bc9b42c3 to remote] DEBUG o.a.netty.request.NettyRequestSender - Using pooled Channel '[id: 0xc442b36e, L:/127.0.0.1:54439 - R:localhost/127.0.0.1:59551]' for 'POST' to 'http://localhost:59551/session/9b1880a5645b7b4e28cf60f7bc9b42c3/execute/sync'
08:37:46.918 [Forwarding isElementDisplayed on session 9b1880a5645b7b4e28cf60f7bc9b42c3 to remote] DEBUG o.a.netty.request.NettyRequestSender - Using open Channel [id: 0xc442b36e, L:/127.0.0.1:54439 - R:localhost/127.0.0.1:59551] for POST '/session/9b1880a5645b7b4e28cf60f7bc9b42c3/execute/sync'
08:37:46.927 [AsyncHttpClient-1-17] DEBUG o.a.netty.handler.HttpHandler - 

Request DefaultHttpRequest(decodeResult: success, version: HTTP/1.1)
POST /session/9b1880a5645b7b4e28cf60f7bc9b42c3/execute/sync HTTP/1.1
User-Agent: selenium/4.1.2 (java windows)
Content-Length: 48780
Content-Type: application/json; charset=utf-8
host: localhost:59551
accept: */*

Response DefaultHttpResponse(decodeResult: success, version: HTTP/1.1)
HTTP/1.1 200 OK
Content-Type: application/json; charset=utf-8
cache-control: no-cache
content-length: 14

08:37:46.927 [AsyncHttpClient-1-17] DEBUG o.a.netty.channel.ChannelManager - Adding key: http://localhost:59551 for channel [id: 0xc442b36e, L:/127.0.0.1:54439 - R:localhost/127.0.0.1:59551]
08:37:46.928 [Forwarding findElement on session 9b1880a5645b7b4e28cf60f7bc9b42c3 to remote] DEBUG o.a.netty.request.NettyRequestSender - Using pooled Channel '[id: 0xc442b36e, L:/127.0.0.1:54439 - R:localhost/127.0.0.1:59551]' for 'POST' to 'http://localhost:59551/session/9b1880a5645b7b4e28cf60f7bc9b42c3/element'
08:37:46.928 [Forwarding findElement on session 9b1880a5645b7b4e28cf60f7bc9b42c3 to remote] DEBUG o.a.netty.request.NettyRequestSender - Using open Channel [id: 0xc442b36e, L:/127.0.0.1:54439 - R:localhost/127.0.0.1:59551] for POST '/session/9b1880a5645b7b4e28cf60f7bc9b42c3/element'
08:37:46.934 [AsyncHttpClient-1-17] DEBUG o.a.netty.handler.HttpHandler - 

Request DefaultHttpRequest(decodeResult: success, version: HTTP/1.1)
POST /session/9b1880a5645b7b4e28cf60f7bc9b42c3/element HTTP/1.1
User-Agent: selenium/4.1.2 (java windows)
Content-Length: 132
Content-Type: application/json; charset=utf-8
host: localhost:59551
accept: */*

Response DefaultHttpResponse(decodeResult: success, version: HTTP/1.1)
HTTP/1.1 200 OK
Content-Type: application/json; charset=utf-8
cache-control: no-cache
content-length: 88

08:37:46.934 [AsyncHttpClient-1-17] DEBUG o.a.netty.channel.ChannelManager - Adding key: http://localhost:59551 for channel [id: 0xc442b36e, L:/127.0.0.1:54439 - R:localhost/127.0.0.1:59551]
08:37:46.934 [Forwarding isElementEnabled on session 9b1880a5645b7b4e28cf60f7bc9b42c3 to remote] DEBUG o.a.netty.request.NettyRequestSender - Using pooled Channel '[id: 0xc442b36e, L:/127.0.0.1:54439 - R:localhost/127.0.0.1:59551]' for 'GET' to 'http://localhost:59551/session/9b1880a5645b7b4e28cf60f7bc9b42c3/element/0b66582b-e58d-4892-a861-ac0be537be6f/enabled'
08:37:46.935 [Forwarding isElementEnabled on session 9b1880a5645b7b4e28cf60f7bc9b42c3 to remote] DEBUG o.a.netty.request.NettyRequestSender - Using open Channel [id: 0xc442b36e, L:/127.0.0.1:54439 - R:localhost/127.0.0.1:59551] for GET '/session/9b1880a5645b7b4e28cf60f7bc9b42c3/element/0b66582b-e58d-4892-a861-ac0be537be6f/enabled'
08:37:46.942 [AsyncHttpClient-1-17] DEBUG o.a.netty.handler.HttpHandler - 

Request DefaultFullHttpRequest(decodeResult: success, version: HTTP/1.1, content: EmptyByteBufBE)
GET /session/9b1880a5645b7b4e28cf60f7bc9b42c3/element/0b66582b-e58d-4892-a861-ac0be537be6f/enabled HTTP/1.1
User-Agent: selenium/4.1.2 (java windows)
Cache-Control: no-cache
Content-Type: application/json; charset=utf-8
host: localhost:59551
accept: */*

Response DefaultHttpResponse(decodeResult: success, version: HTTP/1.1)
HTTP/1.1 200 OK
Content-Type: application/json; charset=utf-8
cache-control: no-cache
content-length: 14

08:37:46.943 [AsyncHttpClient-1-17] DEBUG o.a.netty.channel.ChannelManager - Adding key: http://localhost:59551 for channel [id: 0xc442b36e, L:/127.0.0.1:54439 - R:localhost/127.0.0.1:59551]
DEBUG [main] (LoginPage.java:44) - verifyPageElements : Current Element = 'By.xpath: //div[@id="credentials"]//button[contains(@class,"loginButton")]' 
DEBUG [main] (LoginPage.java:44)- verifyPageElements : Current Element = 'By.xpath: //div[@id="credentials"]//button[contains(@class,"loginButton")]' 
08:37:46.944 [Forwarding findElement on session 9b1880a5645b7b4e28cf60f7bc9b42c3 to remote] DEBUG o.a.netty.request.NettyRequestSender - Using pooled Channel '[id: 0xc442b36e, L:/127.0.0.1:54439 - R:localhost/127.0.0.1:59551]' for 'POST' to 'http://localhost:59551/session/9b1880a5645b7b4e28cf60f7bc9b42c3/element'
08:37:46.944 [Forwarding findElement on session 9b1880a5645b7b4e28cf60f7bc9b42c3 to remote] DEBUG o.a.netty.request.NettyRequestSender - Using open Channel [id: 0xc442b36e, L:/127.0.0.1:54439 - R:localhost/127.0.0.1:59551] for POST '/session/9b1880a5645b7b4e28cf60f7bc9b42c3/element'
08:37:46.955 [AsyncHttpClient-1-17] DEBUG o.a.netty.handler.HttpHandler - 

Request DefaultHttpRequest(decodeResult: success, version: HTTP/1.1)
POST /session/9b1880a5645b7b4e28cf60f7bc9b42c3/element HTTP/1.1
User-Agent: selenium/4.1.2 (java windows)
Content-Length: 125
Content-Type: application/json; charset=utf-8
host: localhost:59551
accept: */*

Response DefaultHttpResponse(decodeResult: success, version: HTTP/1.1)
HTTP/1.1 200 OK
Content-Type: application/json; charset=utf-8
cache-control: no-cache
content-length: 88

08:37:46.955 [AsyncHttpClient-1-17] DEBUG o.a.netty.channel.ChannelManager - Adding key: http://localhost:59551 for channel [id: 0xc442b36e, L:/127.0.0.1:54439 - R:localhost/127.0.0.1:59551]
08:37:46.959 [Forwarding isElementDisplayed on session 9b1880a5645b7b4e28cf60f7bc9b42c3 to remote] DEBUG o.a.netty.request.NettyRequestSender - Using pooled Channel '[id: 0xc442b36e, L:/127.0.0.1:54439 - R:localhost/127.0.0.1:59551]' for 'POST' to 'http://localhost:59551/session/9b1880a5645b7b4e28cf60f7bc9b42c3/execute/sync'
08:37:46.959 [Forwarding isElementDisplayed on session 9b1880a5645b7b4e28cf60f7bc9b42c3 to remote] DEBUG o.a.netty.request.NettyRequestSender - Using open Channel [id: 0xc442b36e, L:/127.0.0.1:54439 - R:localhost/127.0.0.1:59551] for POST '/session/9b1880a5645b7b4e28cf60f7bc9b42c3/execute/sync'
08:37:46.968 [AsyncHttpClient-1-17] DEBUG o.a.netty.handler.HttpHandler - 

Request DefaultHttpRequest(decodeResult: success, version: HTTP/1.1)
POST /session/9b1880a5645b7b4e28cf60f7bc9b42c3/execute/sync HTTP/1.1
User-Agent: selenium/4.1.2 (java windows)
Content-Length: 48780
Content-Type: application/json; charset=utf-8
host: localhost:59551
accept: */*

Response DefaultHttpResponse(decodeResult: success, version: HTTP/1.1)
HTTP/1.1 200 OK
Content-Type: application/json; charset=utf-8
cache-control: no-cache
content-length: 14

08:37:46.968 [AsyncHttpClient-1-17] DEBUG o.a.netty.channel.ChannelManager - Adding key: http://localhost:59551 for channel [id: 0xc442b36e, L:/127.0.0.1:54439 - R:localhost/127.0.0.1:59551]
08:37:46.969 [Forwarding findElement on session 9b1880a5645b7b4e28cf60f7bc9b42c3 to remote] DEBUG o.a.netty.request.NettyRequestSender - Using pooled Channel '[id: 0xc442b36e, L:/127.0.0.1:54439 - R:localhost/127.0.0.1:59551]' for 'POST' to 'http://localhost:59551/session/9b1880a5645b7b4e28cf60f7bc9b42c3/element'
08:37:46.969 [Forwarding findElement on session 9b1880a5645b7b4e28cf60f7bc9b42c3 to remote] DEBUG o.a.netty.request.NettyRequestSender - Using open Channel [id: 0xc442b36e, L:/127.0.0.1:54439 - R:localhost/127.0.0.1:59551] for POST '/session/9b1880a5645b7b4e28cf60f7bc9b42c3/element'
08:37:46.975 [AsyncHttpClient-1-17] DEBUG o.a.netty.handler.HttpHandler - 

Request DefaultHttpRequest(decodeResult: success, version: HTTP/1.1)
POST /session/9b1880a5645b7b4e28cf60f7bc9b42c3/element HTTP/1.1
User-Agent: selenium/4.1.2 (java windows)
Content-Length: 125
Content-Type: application/json; charset=utf-8
host: localhost:59551
accept: */*

Response DefaultHttpResponse(decodeResult: success, version: HTTP/1.1)
HTTP/1.1 200 OK
Content-Type: application/json; charset=utf-8
cache-control: no-cache
content-length: 88

08:37:46.975 [AsyncHttpClient-1-17] DEBUG o.a.netty.channel.ChannelManager - Adding key: http://localhost:59551 for channel [id: 0xc442b36e, L:/127.0.0.1:54439 - R:localhost/127.0.0.1:59551]
08:37:46.979 [Forwarding isElementDisplayed on session 9b1880a5645b7b4e28cf60f7bc9b42c3 to remote] DEBUG o.a.netty.request.NettyRequestSender - Using pooled Channel '[id: 0xc442b36e, L:/127.0.0.1:54439 - R:localhost/127.0.0.1:59551]' for 'POST' to 'http://localhost:59551/session/9b1880a5645b7b4e28cf60f7bc9b42c3/execute/sync'
08:37:46.979 [Forwarding isElementDisplayed on session 9b1880a5645b7b4e28cf60f7bc9b42c3 to remote] DEBUG o.a.netty.request.NettyRequestSender - Using open Channel [id: 0xc442b36e, L:/127.0.0.1:54439 - R:localhost/127.0.0.1:59551] for POST '/session/9b1880a5645b7b4e28cf60f7bc9b42c3/execute/sync'
08:37:46.987 [AsyncHttpClient-1-17] DEBUG o.a.netty.handler.HttpHandler - 

Request DefaultHttpRequest(decodeResult: success, version: HTTP/1.1)
POST /session/9b1880a5645b7b4e28cf60f7bc9b42c3/execute/sync HTTP/1.1
User-Agent: selenium/4.1.2 (java windows)
Content-Length: 48780
Content-Type: application/json; charset=utf-8
host: localhost:59551
accept: */*

Response DefaultHttpResponse(decodeResult: success, version: HTTP/1.1)
HTTP/1.1 200 OK
Content-Type: application/json; charset=utf-8
cache-control: no-cache
content-length: 14

08:37:46.988 [AsyncHttpClient-1-17] DEBUG o.a.netty.channel.ChannelManager - Adding key: http://localhost:59551 for channel [id: 0xc442b36e, L:/127.0.0.1:54439 - R:localhost/127.0.0.1:59551]
08:37:46.989 [Forwarding findElement on session 9b1880a5645b7b4e28cf60f7bc9b42c3 to remote] DEBUG o.a.netty.request.NettyRequestSender - Using pooled Channel '[id: 0xc442b36e, L:/127.0.0.1:54439 - R:localhost/127.0.0.1:59551]' for 'POST' to 'http://localhost:59551/session/9b1880a5645b7b4e28cf60f7bc9b42c3/element'
08:37:46.989 [Forwarding findElement on session 9b1880a5645b7b4e28cf60f7bc9b42c3 to remote] DEBUG o.a.netty.request.NettyRequestSender - Using open Channel [id: 0xc442b36e, L:/127.0.0.1:54439 - R:localhost/127.0.0.1:59551] for POST '/session/9b1880a5645b7b4e28cf60f7bc9b42c3/element'
08:37:46.995 [AsyncHttpClient-1-17] DEBUG o.a.netty.handler.HttpHandler - 

Request DefaultHttpRequest(decodeResult: success, version: HTTP/1.1)
POST /session/9b1880a5645b7b4e28cf60f7bc9b42c3/element HTTP/1.1
User-Agent: selenium/4.1.2 (java windows)
Content-Length: 125
Content-Type: application/json; charset=utf-8
host: localhost:59551
accept: */*

Response DefaultHttpResponse(decodeResult: success, version: HTTP/1.1)
HTTP/1.1 200 OK
Content-Type: application/json; charset=utf-8
cache-control: no-cache
content-length: 88

08:37:46.995 [AsyncHttpClient-1-17] DEBUG o.a.netty.channel.ChannelManager - Adding key: http://localhost:59551 for channel [id: 0xc442b36e, L:/127.0.0.1:54439 - R:localhost/127.0.0.1:59551]
08:37:46.995 [Forwarding isElementEnabled on session 9b1880a5645b7b4e28cf60f7bc9b42c3 to remote] DEBUG o.a.netty.request.NettyRequestSender - Using pooled Channel '[id: 0xc442b36e, L:/127.0.0.1:54439 - R:localhost/127.0.0.1:59551]' for 'GET' to 'http://localhost:59551/session/9b1880a5645b7b4e28cf60f7bc9b42c3/element/dfadf966-84b5-4cd8-9129-129233d95a92/enabled'
08:37:46.995 [Forwarding isElementEnabled on session 9b1880a5645b7b4e28cf60f7bc9b42c3 to remote] DEBUG o.a.netty.request.NettyRequestSender - Using open Channel [id: 0xc442b36e, L:/127.0.0.1:54439 - R:localhost/127.0.0.1:59551] for GET '/session/9b1880a5645b7b4e28cf60f7bc9b42c3/element/dfadf966-84b5-4cd8-9129-129233d95a92/enabled'
08:37:47.002 [AsyncHttpClient-1-17] DEBUG o.a.netty.handler.HttpHandler - 

Request DefaultFullHttpRequest(decodeResult: success, version: HTTP/1.1, content: EmptyByteBufBE)
GET /session/9b1880a5645b7b4e28cf60f7bc9b42c3/element/dfadf966-84b5-4cd8-9129-129233d95a92/enabled HTTP/1.1
User-Agent: selenium/4.1.2 (java windows)
Cache-Control: no-cache
Content-Type: application/json; charset=utf-8
host: localhost:59551
accept: */*

Response DefaultHttpResponse(decodeResult: success, version: HTTP/1.1)
HTTP/1.1 200 OK
Content-Type: application/json; charset=utf-8
cache-control: no-cache
content-length: 14

08:37:47.003 [AsyncHttpClient-1-17] DEBUG o.a.netty.channel.ChannelManager - Adding key: http://localhost:59551 for channel [id: 0xc442b36e, L:/127.0.0.1:54439 - R:localhost/127.0.0.1:59551]
  &amp#27;[32mAnd &amp#27;[0m&amp#27;[32muser verify the Login Page Elements is Visible&amp#27;[0m                                                   &amp#27;[90m# stepdefinitions.LoginPageSteps.user_verify_the_login_page_elements_is_visible()&amp#27;[0m
08:37:47.259 [AsyncHttpClient-1-1] DEBUG o.a.netty.channel.DefaultChannelPool - Entry count for : http://localhost:59551 : 1
08:37:47.259 [AsyncHttpClient-1-1] DEBUG o.a.netty.channel.DefaultChannelPool - Entry count for : http://localhost:54440 : 1
08:37:48.355 [AsyncHttpClient-1-1] DEBUG o.a.netty.channel.DefaultChannelPool - Entry count for : http://localhost:59551 : 1
08:37:48.355 [AsyncHttpClient-1-1] DEBUG o.a.netty.channel.DefaultChannelPool - Entry count for : http://localhost:54440 : 1
DEBUG [main] (LoginPage.java:81) - enterUserCredentails: username = 'invalidUser' | password = 'InvalidPassword' 
DEBUG [main] (LoginPage.java:81)- enterUserCredentails: username = 'invalidUser' | password = 'InvalidPassword' 
08:37:49.008 [Forwarding findElement on session 9b1880a5645b7b4e28cf60f7bc9b42c3 to remote] DEBUG o.a.netty.request.NettyRequestSender - Using pooled Channel '[id: 0xc442b36e, L:/127.0.0.1:54439 - R:localhost/127.0.0.1:59551]' for 'POST' to 'http://localhost:59551/session/9b1880a5645b7b4e28cf60f7bc9b42c3/element'
08:37:49.008 [Forwarding findElement on session 9b1880a5645b7b4e28cf60f7bc9b42c3 to remote] DEBUG o.a.netty.request.NettyRequestSender - Using open Channel [id: 0xc442b36e, L:/127.0.0.1:54439 - R:localhost/127.0.0.1:59551] for POST '/session/9b1880a5645b7b4e28cf60f7bc9b42c3/element'
08:37:49.014 [AsyncHttpClient-1-17] DEBUG o.a.netty.handler.HttpHandler - 

Request DefaultHttpRequest(decodeResult: success, version: HTTP/1.1)
POST /session/9b1880a5645b7b4e28cf60f7bc9b42c3/element HTTP/1.1
User-Agent: selenium/4.1.2 (java windows)
Content-Length: 128
Content-Type: application/json; charset=utf-8
host: localhost:59551
accept: */*

Response DefaultHttpResponse(decodeResult: success, version: HTTP/1.1)
HTTP/1.1 200 OK
Content-Type: application/json; charset=utf-8
cache-control: no-cache
content-length: 88

08:37:49.014 [AsyncHttpClient-1-17] DEBUG o.a.netty.channel.ChannelManager - Adding key: http://localhost:59551 for channel [id: 0xc442b36e, L:/127.0.0.1:54439 - R:localhost/127.0.0.1:59551]
08:37:49.015 [Forwarding sendKeysToElement on session 9b1880a5645b7b4e28cf60f7bc9b42c3 to remote] DEBUG o.a.netty.request.NettyRequestSender - Using pooled Channel '[id: 0xc442b36e, L:/127.0.0.1:54439 - R:localhost/127.0.0.1:59551]' for 'POST' to 'http://localhost:59551/session/9b1880a5645b7b4e28cf60f7bc9b42c3/element/1c5c2a3f-3bf1-4c29-a307-ee64e79a276f/value'
08:37:49.015 [Forwarding sendKeysToElement on session 9b1880a5645b7b4e28cf60f7bc9b42c3 to remote] DEBUG o.a.netty.request.NettyRequestSender - Using open Channel [id: 0xc442b36e, L:/127.0.0.1:54439 - R:localhost/127.0.0.1:59551] for POST '/session/9b1880a5645b7b4e28cf60f7bc9b42c3/element/1c5c2a3f-3bf1-4c29-a307-ee64e79a276f/value'
08:37:49.050 [AsyncHttpClient-1-17] DEBUG o.a.netty.handler.HttpHandler - 

Request DefaultHttpRequest(decodeResult: success, version: HTTP/1.1)
POST /session/9b1880a5645b7b4e28cf60f7bc9b42c3/element/1c5c2a3f-3bf1-4c29-a307-ee64e79a276f/value HTTP/1.1
User-Agent: selenium/4.1.2 (java windows)
Content-Length: 191
Content-Type: application/json; charset=utf-8
host: localhost:59551
accept: */*

Response DefaultHttpResponse(decodeResult: success, version: HTTP/1.1)
HTTP/1.1 200 OK
Content-Type: application/json; charset=utf-8
cache-control: no-cache
content-length: 14

08:37:49.050 [AsyncHttpClient-1-17] DEBUG o.a.netty.channel.ChannelManager - Adding key: http://localhost:59551 for channel [id: 0xc442b36e, L:/127.0.0.1:54439 - R:localhost/127.0.0.1:59551]
08:37:49.051 [Forwarding findElement on session 9b1880a5645b7b4e28cf60f7bc9b42c3 to remote] DEBUG o.a.netty.request.NettyRequestSender - Using pooled Channel '[id: 0xc442b36e, L:/127.0.0.1:54439 - R:localhost/127.0.0.1:59551]' for 'POST' to 'http://localhost:59551/session/9b1880a5645b7b4e28cf60f7bc9b42c3/element'
08:37:49.051 [Forwarding findElement on session 9b1880a5645b7b4e28cf60f7bc9b42c3 to remote] DEBUG o.a.netty.request.NettyRequestSender - Using open Channel [id: 0xc442b36e, L:/127.0.0.1:54439 - R:localhost/127.0.0.1:59551] for POST '/session/9b1880a5645b7b4e28cf60f7bc9b42c3/element'
08:37:49.057 [AsyncHttpClient-1-17] DEBUG o.a.netty.handler.HttpHandler - 

Request DefaultHttpRequest(decodeResult: success, version: HTTP/1.1)
POST /session/9b1880a5645b7b4e28cf60f7bc9b42c3/element HTTP/1.1
User-Agent: selenium/4.1.2 (java windows)
Content-Length: 132
Content-Type: application/json; charset=utf-8
host: localhost:59551
accept: */*

Response DefaultHttpResponse(decodeResult: success, version: HTTP/1.1)
HTTP/1.1 200 OK
Content-Type: application/json; charset=utf-8
cache-control: no-cache
content-length: 88

08:37:49.058 [AsyncHttpClient-1-17] DEBUG o.a.netty.channel.ChannelManager - Adding key: http://localhost:59551 for channel [id: 0xc442b36e, L:/127.0.0.1:54439 - R:localhost/127.0.0.1:59551]
08:37:49.059 [Forwarding sendKeysToElement on session 9b1880a5645b7b4e28cf60f7bc9b42c3 to remote] DEBUG o.a.netty.request.NettyRequestSender - Using pooled Channel '[id: 0xc442b36e, L:/127.0.0.1:54439 - R:localhost/127.0.0.1:59551]' for 'POST' to 'http://localhost:59551/session/9b1880a5645b7b4e28cf60f7bc9b42c3/element/0b66582b-e58d-4892-a861-ac0be537be6f/value'
08:37:49.059 [Forwarding sendKeysToElement on session 9b1880a5645b7b4e28cf60f7bc9b42c3 to remote] DEBUG o.a.netty.request.NettyRequestSender - Using open Channel [id: 0xc442b36e, L:/127.0.0.1:54439 - R:localhost/127.0.0.1:59551] for POST '/session/9b1880a5645b7b4e28cf60f7bc9b42c3/element/0b66582b-e58d-4892-a861-ac0be537be6f/value'
08:37:49.107 [AsyncHttpClient-1-17] DEBUG o.a.netty.handler.HttpHandler - 

Request DefaultHttpRequest(decodeResult: success, version: HTTP/1.1)
POST /session/9b1880a5645b7b4e28cf60f7bc9b42c3/element/0b66582b-e58d-4892-a861-ac0be537be6f/value HTTP/1.1
User-Agent: selenium/4.1.2 (java windows)
Content-Length: 231
Content-Type: application/json; charset=utf-8
host: localhost:59551
accept: */*

Response DefaultHttpResponse(decodeResult: success, version: HTTP/1.1)
HTTP/1.1 200 OK
Content-Type: application/json; charset=utf-8
cache-control: no-cache
content-length: 14

08:37:49.107 [AsyncHttpClient-1-17] DEBUG o.a.netty.channel.ChannelManager - Adding key: http://localhost:59551 for channel [id: 0xc442b36e, L:/127.0.0.1:54439 - R:localhost/127.0.0.1:59551]
08:37:49.108 [Forwarding findElement on session 9b1880a5645b7b4e28cf60f7bc9b42c3 to remote] DEBUG o.a.netty.request.NettyRequestSender - Using pooled Channel '[id: 0xc442b36e, L:/127.0.0.1:54439 - R:localhost/127.0.0.1:59551]' for 'POST' to 'http://localhost:59551/session/9b1880a5645b7b4e28cf60f7bc9b42c3/element'
08:37:49.108 [Forwarding findElement on session 9b1880a5645b7b4e28cf60f7bc9b42c3 to remote] DEBUG o.a.netty.request.NettyRequestSender - Using open Channel [id: 0xc442b36e, L:/127.0.0.1:54439 - R:localhost/127.0.0.1:59551] for POST '/session/9b1880a5645b7b4e28cf60f7bc9b42c3/element'
08:37:49.115 [AsyncHttpClient-1-17] DEBUG o.a.netty.handler.HttpHandler - 

Request DefaultHttpRequest(decodeResult: success, version: HTTP/1.1)
POST /session/9b1880a5645b7b4e28cf60f7bc9b42c3/element HTTP/1.1
User-Agent: selenium/4.1.2 (java windows)
Content-Length: 125
Content-Type: application/json; charset=utf-8
host: localhost:59551
accept: */*

Response DefaultHttpResponse(decodeResult: success, version: HTTP/1.1)
HTTP/1.1 200 OK
Content-Type: application/json; charset=utf-8
cache-control: no-cache
content-length: 88

08:37:49.115 [AsyncHttpClient-1-17] DEBUG o.a.netty.channel.ChannelManager - Adding key: http://localhost:59551 for channel [id: 0xc442b36e, L:/127.0.0.1:54439 - R:localhost/127.0.0.1:59551]
08:37:49.116 [Forwarding clickElement on session 9b1880a5645b7b4e28cf60f7bc9b42c3 to remote] DEBUG o.a.netty.request.NettyRequestSender - Using pooled Channel '[id: 0xc442b36e, L:/127.0.0.1:54439 - R:localhost/127.0.0.1:59551]' for 'POST' to 'http://localhost:59551/session/9b1880a5645b7b4e28cf60f7bc9b42c3/element/dfadf966-84b5-4cd8-9129-129233d95a92/click'
08:37:49.116 [Forwarding clickElement on session 9b1880a5645b7b4e28cf60f7bc9b42c3 to remote] DEBUG o.a.netty.request.NettyRequestSender - Using open Channel [id: 0xc442b36e, L:/127.0.0.1:54439 - R:localhost/127.0.0.1:59551] for POST '/session/9b1880a5645b7b4e28cf60f7bc9b42c3/element/dfadf966-84b5-4cd8-9129-129233d95a92/click'
08:37:49.198 [AsyncHttpClient-1-17] DEBUG o.a.netty.handler.HttpHandler - 

Request DefaultHttpRequest(decodeResult: success, version: HTTP/1.1)
POST /session/9b1880a5645b7b4e28cf60f7bc9b42c3/element/dfadf966-84b5-4cd8-9129-129233d95a92/click HTTP/1.1
User-Agent: selenium/4.1.2 (java windows)
Content-Length: 50
Content-Type: application/json; charset=utf-8
host: localhost:59551
accept: */*

Response DefaultHttpResponse(decodeResult: success, version: HTTP/1.1)
HTTP/1.1 200 OK
Content-Type: application/json; charset=utf-8
cache-control: no-cache
content-length: 14

08:37:49.198 [AsyncHttpClient-1-17] DEBUG o.a.netty.channel.ChannelManager - Adding key: http://localhost:59551 for channel [id: 0xc442b36e, L:/127.0.0.1:54439 - R:localhost/127.0.0.1:59551]
DEBUG [main] (LoginPage.java:56) - verifyErrorMessage: 'The information you entered was not recognized.' 
DEBUG [main] (LoginPage.java:56)- verifyErrorMessage: 'The information you entered was not recognized.' 
08:37:49.199 [Forwarding findElement on session 9b1880a5645b7b4e28cf60f7bc9b42c3 to remote] DEBUG o.a.netty.request.NettyRequestSender - Using pooled Channel '[id: 0xc442b36e, L:/127.0.0.1:54439 - R:localhost/127.0.0.1:59551]' for 'POST' to 'http://localhost:59551/session/9b1880a5645b7b4e28cf60f7bc9b42c3/element'
08:37:49.199 [Forwarding findElement on session 9b1880a5645b7b4e28cf60f7bc9b42c3 to remote] DEBUG o.a.netty.request.NettyRequestSender - Using open Channel [id: 0xc442b36e, L:/127.0.0.1:54439 - R:localhost/127.0.0.1:59551] for POST '/session/9b1880a5645b7b4e28cf60f7bc9b42c3/element'
08:37:49.211 [AsyncHttpClient-1-17] DEBUG o.a.netty.handler.HttpHandler - 

Request DefaultHttpRequest(decodeResult: success, version: HTTP/1.1)
POST /session/9b1880a5645b7b4e28cf60f7bc9b42c3/element HTTP/1.1
User-Agent: selenium/4.1.2 (java windows)
Content-Length: 75
Content-Type: application/json; charset=utf-8
host: localhost:59551
accept: */*

Response DefaultHttpResponse(decodeResult: success, version: HTTP/1.1)
HTTP/1.1 200 OK
Content-Type: application/json; charset=utf-8
cache-control: no-cache
content-length: 88

08:37:49.211 [AsyncHttpClient-1-17] DEBUG o.a.netty.channel.ChannelManager - Adding key: http://localhost:59551 for channel [id: 0xc442b36e, L:/127.0.0.1:54439 - R:localhost/127.0.0.1:59551]
08:37:49.215 [Forwarding isElementDisplayed on session 9b1880a5645b7b4e28cf60f7bc9b42c3 to remote] DEBUG o.a.netty.request.NettyRequestSender - Using pooled Channel '[id: 0xc442b36e, L:/127.0.0.1:54439 - R:localhost/127.0.0.1:59551]' for 'POST' to 'http://localhost:59551/session/9b1880a5645b7b4e28cf60f7bc9b42c3/execute/sync'
08:37:49.215 [Forwarding isElementDisplayed on session 9b1880a5645b7b4e28cf60f7bc9b42c3 to remote] DEBUG o.a.netty.request.NettyRequestSender - Using open Channel [id: 0xc442b36e, L:/127.0.0.1:54439 - R:localhost/127.0.0.1:59551] for POST '/session/9b1880a5645b7b4e28cf60f7bc9b42c3/execute/sync'
08:37:49.233 [AsyncHttpClient-1-17] DEBUG o.a.netty.handler.HttpHandler - 

Request DefaultHttpRequest(decodeResult: success, version: HTTP/1.1)
POST /session/9b1880a5645b7b4e28cf60f7bc9b42c3/execute/sync HTTP/1.1
User-Agent: selenium/4.1.2 (java windows)
Content-Length: 48780
Content-Type: application/json; charset=utf-8
host: localhost:59551
accept: */*

Response DefaultHttpResponse(decodeResult: success, version: HTTP/1.1)
HTTP/1.1 200 OK
Content-Type: application/json; charset=utf-8
cache-control: no-cache
content-length: 15

08:37:49.233 [AsyncHttpClient-1-17] DEBUG o.a.netty.channel.ChannelManager - Adding key: http://localhost:59551 for channel [id: 0xc442b36e, L:/127.0.0.1:54439 - R:localhost/127.0.0.1:59551]
08:37:49.453 [AsyncHttpClient-1-1] DEBUG o.a.netty.channel.DefaultChannelPool - Entry count for : http://localhost:59551 : 1
08:37:49.453 [AsyncHttpClient-1-1] DEBUG o.a.netty.channel.DefaultChannelPool - Entry count for : http://localhost:54440 : 1
08:37:49.742 [Forwarding findElement on session 9b1880a5645b7b4e28cf60f7bc9b42c3 to remote] DEBUG o.a.netty.request.NettyRequestSender - Using pooled Channel '[id: 0xc442b36e, L:/127.0.0.1:54439 - R:localhost/127.0.0.1:59551]' for 'POST' to 'http://localhost:59551/session/9b1880a5645b7b4e28cf60f7bc9b42c3/element'
08:37:49.742 [Forwarding findElement on session 9b1880a5645b7b4e28cf60f7bc9b42c3 to remote] DEBUG o.a.netty.request.NettyRequestSender - Using open Channel [id: 0xc442b36e, L:/127.0.0.1:54439 - R:localhost/127.0.0.1:59551] for POST '/session/9b1880a5645b7b4e28cf60f7bc9b42c3/element'
08:37:49.749 [AsyncHttpClient-1-17] DEBUG o.a.netty.handler.HttpHandler - 

Request DefaultHttpRequest(decodeResult: success, version: HTTP/1.1)
POST /session/9b1880a5645b7b4e28cf60f7bc9b42c3/element HTTP/1.1
User-Agent: selenium/4.1.2 (java windows)
Content-Length: 75
Content-Type: application/json; charset=utf-8
host: localhost:59551
accept: */*

Response DefaultHttpResponse(decodeResult: success, version: HTTP/1.1)
HTTP/1.1 200 OK
Content-Type: application/json; charset=utf-8
cache-control: no-cache
content-length: 88

08:37:49.749 [AsyncHttpClient-1-17] DEBUG o.a.netty.channel.ChannelManager - Adding key: http://localhost:59551 for channel [id: 0xc442b36e, L:/127.0.0.1:54439 - R:localhost/127.0.0.1:59551]
08:37:49.753 [Forwarding isElementDisplayed on session 9b1880a5645b7b4e28cf60f7bc9b42c3 to remote] DEBUG o.a.netty.request.NettyRequestSender - Using pooled Channel '[id: 0xc442b36e, L:/127.0.0.1:54439 - R:localhost/127.0.0.1:59551]' for 'POST' to 'http://localhost:59551/session/9b1880a5645b7b4e28cf60f7bc9b42c3/execute/sync'
08:37:49.753 [Forwarding isElementDisplayed on session 9b1880a5645b7b4e28cf60f7bc9b42c3 to remote] DEBUG o.a.netty.request.NettyRequestSender - Using open Channel [id: 0xc442b36e, L:/127.0.0.1:54439 - R:localhost/127.0.0.1:59551] for POST '/session/9b1880a5645b7b4e28cf60f7bc9b42c3/execute/sync'
08:37:49.761 [AsyncHttpClient-1-17] DEBUG o.a.netty.handler.HttpHandler - 

Request DefaultHttpRequest(decodeResult: success, version: HTTP/1.1)
POST /session/9b1880a5645b7b4e28cf60f7bc9b42c3/execute/sync HTTP/1.1
User-Agent: selenium/4.1.2 (java windows)
Content-Length: 48780
Content-Type: application/json; charset=utf-8
host: localhost:59551
accept: */*

Response DefaultHttpResponse(decodeResult: success, version: HTTP/1.1)
HTTP/1.1 200 OK
Content-Type: application/json; charset=utf-8
cache-control: no-cache
content-length: 15

08:37:49.761 [AsyncHttpClient-1-17] DEBUG o.a.netty.channel.ChannelManager - Adding key: http://localhost:59551 for channel [id: 0xc442b36e, L:/127.0.0.1:54439 - R:localhost/127.0.0.1:59551]
08:37:50.265 [Forwarding findElement on session 9b1880a5645b7b4e28cf60f7bc9b42c3 to remote] DEBUG o.a.netty.request.NettyRequestSender - Using pooled Channel '[id: 0xc442b36e, L:/127.0.0.1:54439 - R:localhost/127.0.0.1:59551]' for 'POST' to 'http://localhost:59551/session/9b1880a5645b7b4e28cf60f7bc9b42c3/element'
08:37:50.265 [Forwarding findElement on session 9b1880a5645b7b4e28cf60f7bc9b42c3 to remote] DEBUG o.a.netty.request.NettyRequestSender - Using open Channel [id: 0xc442b36e, L:/127.0.0.1:54439 - R:localhost/127.0.0.1:59551] for POST '/session/9b1880a5645b7b4e28cf60f7bc9b42c3/element'
08:37:50.272 [AsyncHttpClient-1-17] DEBUG o.a.netty.handler.HttpHandler - 

Request DefaultHttpRequest(decodeResult: success, version: HTTP/1.1)
POST /session/9b1880a5645b7b4e28cf60f7bc9b42c3/element HTTP/1.1
User-Agent: selenium/4.1.2 (java windows)
Content-Length: 75
Content-Type: application/json; charset=utf-8
host: localhost:59551
accept: */*

Response DefaultHttpResponse(decodeResult: success, version: HTTP/1.1)
HTTP/1.1 200 OK
Content-Type: application/json; charset=utf-8
cache-control: no-cache
content-length: 88

08:37:50.272 [AsyncHttpClient-1-17] DEBUG o.a.netty.channel.ChannelManager - Adding key: http://localhost:59551 for channel [id: 0xc442b36e, L:/127.0.0.1:54439 - R:localhost/127.0.0.1:59551]
08:37:50.276 [Forwarding isElementDisplayed on session 9b1880a5645b7b4e28cf60f7bc9b42c3 to remote] DEBUG o.a.netty.request.NettyRequestSender - Using pooled Channel '[id: 0xc442b36e, L:/127.0.0.1:54439 - R:localhost/127.0.0.1:59551]' for 'POST' to 'http://localhost:59551/session/9b1880a5645b7b4e28cf60f7bc9b42c3/execute/sync'
08:37:50.276 [Forwarding isElementDisplayed on session 9b1880a5645b7b4e28cf60f7bc9b42c3 to remote] DEBUG o.a.netty.request.NettyRequestSender - Using open Channel [id: 0xc442b36e, L:/127.0.0.1:54439 - R:localhost/127.0.0.1:59551] for POST '/session/9b1880a5645b7b4e28cf60f7bc9b42c3/execute/sync'
08:37:50.285 [AsyncHttpClient-1-17] DEBUG o.a.netty.handler.HttpHandler - 

Request DefaultHttpRequest(decodeResult: success, version: HTTP/1.1)
POST /session/9b1880a5645b7b4e28cf60f7bc9b42c3/execute/sync HTTP/1.1
User-Agent: selenium/4.1.2 (java windows)
Content-Length: 48780
Content-Type: application/json; charset=utf-8
host: localhost:59551
accept: */*

Response DefaultHttpResponse(decodeResult: success, version: HTTP/1.1)
HTTP/1.1 200 OK
Content-Type: application/json; charset=utf-8
cache-control: no-cache
content-length: 14

08:37:50.285 [AsyncHttpClient-1-17] DEBUG o.a.netty.channel.ChannelManager - Adding key: http://localhost:59551 for channel [id: 0xc442b36e, L:/127.0.0.1:54439 - R:localhost/127.0.0.1:59551]
08:37:50.286 [Forwarding getElementText on session 9b1880a5645b7b4e28cf60f7bc9b42c3 to remote] DEBUG o.a.netty.request.NettyRequestSender - Using pooled Channel '[id: 0xc442b36e, L:/127.0.0.1:54439 - R:localhost/127.0.0.1:59551]' for 'GET' to 'http://localhost:59551/session/9b1880a5645b7b4e28cf60f7bc9b42c3/element/5f8e01f0-ffba-4a51-ab85-eed9c9ad6e72/text'
08:37:50.286 [Forwarding getElementText on session 9b1880a5645b7b4e28cf60f7bc9b42c3 to remote] DEBUG o.a.netty.request.NettyRequestSender - Using open Channel [id: 0xc442b36e, L:/127.0.0.1:54439 - R:localhost/127.0.0.1:59551] for GET '/session/9b1880a5645b7b4e28cf60f7bc9b42c3/element/5f8e01f0-ffba-4a51-ab85-eed9c9ad6e72/text'
08:37:50.299 [AsyncHttpClient-1-17] DEBUG o.a.netty.handler.HttpHandler - 

Request DefaultFullHttpRequest(decodeResult: success, version: HTTP/1.1, content: EmptyByteBufBE)
GET /session/9b1880a5645b7b4e28cf60f7bc9b42c3/element/5f8e01f0-ffba-4a51-ab85-eed9c9ad6e72/text HTTP/1.1
User-Agent: selenium/4.1.2 (java windows)
Cache-Control: no-cache
Content-Type: application/json; charset=utf-8
host: localhost:59551
accept: */*

Response DefaultHttpResponse(decodeResult: success, version: HTTP/1.1)
HTTP/1.1 200 OK
Content-Type: application/json; charset=utf-8
cache-control: no-cache
content-length: 59

08:37:50.299 [AsyncHttpClient-1-17] DEBUG o.a.netty.channel.ChannelManager - Adding key: http://localhost:59551 for channel [id: 0xc442b36e, L:/127.0.0.1:54439 - R:localhost/127.0.0.1:59551]
08:37:50.563 [AsyncHttpClient-1-1] DEBUG o.a.netty.channel.DefaultChannelPool - Entry count for : http://localhost:59551 : 1
08:37:50.563 [AsyncHttpClient-1-1] DEBUG o.a.netty.channel.DefaultChannelPool - Entry count for : http://localhost:54440 : 1
08:37:51.662 [AsyncHttpClient-1-1] DEBUG o.a.netty.channel.DefaultChannelPool - Entry count for : http://localhost:59551 : 1
08:37:51.662 [AsyncHttpClient-1-1] DEBUG o.a.netty.channel.DefaultChannelPool - Entry count for : http://localhost:54440 : 1
  &amp#27;[32mWhen &amp#27;[0m&amp#27;[32muser login using invalid credentials with username &amp#27;[0m&amp#27;[32m&amp#27;[1m"invalidUser"&amp#27;[0m&amp#27;[32m and password &amp#27;[0m&amp#27;[32m&amp#27;[1m"InvalidPassword"&amp#27;[0m &amp#27;[90m# stepdefinitions.LoginPageSteps.user_login_using_invalid_credentials_with_username_and_password(java.lang.String,java.lang.String)&amp#27;[0m
08:37:52.310 [Forwarding getTitle on session 9b1880a5645b7b4e28cf60f7bc9b42c3 to remote] DEBUG o.a.netty.request.NettyRequestSender - Using pooled Channel '[id: 0xc442b36e, L:/127.0.0.1:54439 - R:localhost/127.0.0.1:59551]' for 'GET' to 'http://localhost:59551/session/9b1880a5645b7b4e28cf60f7bc9b42c3/title'
08:37:52.310 [Forwarding getTitle on session 9b1880a5645b7b4e28cf60f7bc9b42c3 to remote] DEBUG o.a.netty.request.NettyRequestSender - Using open Channel [id: 0xc442b36e, L:/127.0.0.1:54439 - R:localhost/127.0.0.1:59551] for GET '/session/9b1880a5645b7b4e28cf60f7bc9b42c3/title'
08:37:52.313 [AsyncHttpClient-1-17] DEBUG o.a.netty.handler.HttpHandler - 

Request DefaultFullHttpRequest(decodeResult: success, version: HTTP/1.1, content: EmptyByteBufBE)
GET /session/9b1880a5645b7b4e28cf60f7bc9b42c3/title HTTP/1.1
User-Agent: selenium/4.1.2 (java windows)
Cache-Control: no-cache
Content-Type: application/json; charset=utf-8
host: localhost:59551
accept: */*

Response DefaultHttpResponse(decodeResult: success, version: HTTP/1.1)
HTTP/1.1 200 OK
Content-Type: application/json; charset=utf-8
cache-control: no-cache
content-length: 22

08:37:52.313 [AsyncHttpClient-1-17] DEBUG o.a.netty.channel.ChannelManager - Adding key: http://localhost:59551 for channel [id: 0xc442b36e, L:/127.0.0.1:54439 - R:localhost/127.0.0.1:59551]
DEBUG [main] (BaseClass.java:37) - verifyApplication: 'Login Page' 
DEBUG [main] (BaseClass.java:37)- verifyApplication: 'Login Page' 
08:37:52.314 [Forwarding getTitle on session 9b1880a5645b7b4e28cf60f7bc9b42c3 to remote] DEBUG o.a.netty.request.NettyRequestSender - Using pooled Channel '[id: 0xc442b36e, L:/127.0.0.1:54439 - R:localhost/127.0.0.1:59551]' for 'GET' to 'http://localhost:59551/session/9b1880a5645b7b4e28cf60f7bc9b42c3/title'
08:37:52.314 [Forwarding getTitle on session 9b1880a5645b7b4e28cf60f7bc9b42c3 to remote] DEBUG o.a.netty.request.NettyRequestSender - Using open Channel [id: 0xc442b36e, L:/127.0.0.1:54439 - R:localhost/127.0.0.1:59551] for GET '/session/9b1880a5645b7b4e28cf60f7bc9b42c3/title'
08:37:52.317 [AsyncHttpClient-1-17] DEBUG o.a.netty.handler.HttpHandler - 

Request DefaultFullHttpRequest(decodeResult: success, version: HTTP/1.1, content: EmptyByteBufBE)
GET /session/9b1880a5645b7b4e28cf60f7bc9b42c3/title HTTP/1.1
User-Agent: selenium/4.1.2 (java windows)
Cache-Control: no-cache
Content-Type: application/json; charset=utf-8
host: localhost:59551
accept: */*

Response DefaultHttpResponse(decodeResult: success, version: HTTP/1.1)
HTTP/1.1 200 OK
Content-Type: application/json; charset=utf-8
cache-control: no-cache
content-length: 22

08:37:52.317 [AsyncHttpClient-1-17] DEBUG o.a.netty.channel.ChannelManager - Adding key: http://localhost:59551 for channel [id: 0xc442b36e, L:/127.0.0.1:54439 - R:localhost/127.0.0.1:59551]
08:37:52.754 [AsyncHttpClient-1-1] DEBUG o.a.netty.channel.DefaultChannelPool - Entry count for : http://localhost:59551 : 1
08:37:52.754 [AsyncHttpClient-1-1] DEBUG o.a.netty.channel.DefaultChannelPool - Entry count for : http://localhost:54440 : 1
08:37:53.859 [AsyncHttpClient-1-1] DEBUG o.a.netty.channel.DefaultChannelPool - Entry count for : http://localhost:59551 : 1
08:37:53.859 [AsyncHttpClient-1-1] DEBUG o.a.netty.channel.DefaultChannelPool - Entry count for : http://localhost:54440 : 1
08:37:54.957 [AsyncHttpClient-1-1] DEBUG o.a.netty.channel.DefaultChannelPool - Entry count for : http://localhost:59551 : 1
08:37:54.957 [AsyncHttpClient-1-1] DEBUG o.a.netty.channel.DefaultChannelPool - Entry count for : http://localhost:54440 : 1
08:37:56.055 [AsyncHttpClient-1-1] DEBUG o.a.netty.channel.DefaultChannelPool - Entry count for : http://localhost:59551 : 1
08:37:56.055 [AsyncHttpClient-1-1] DEBUG o.a.netty.channel.DefaultChannelPool - Entry count for : http://localhost:54440 : 1
08:37:57.160 [AsyncHttpClient-1-1] DEBUG o.a.netty.channel.DefaultChannelPool - Entry count for : http://localhost:59551 : 1
08:37:57.160 [AsyncHttpClient-1-1] DEBUG o.a.netty.channel.DefaultChannelPool - Entry count for : http://localhost:54440 : 1
DEBUG [main] (LoginPage.java:56) - verifyErrorMessage: 'The information you entered was not recognized.' 
DEBUG [main] (LoginPage.java:56)- verifyErrorMessage: 'The information you entered was not recognized.' 
08:37:57.331 [Forwarding findElement on session 9b1880a5645b7b4e28cf60f7bc9b42c3 to remote] DEBUG o.a.netty.request.NettyRequestSender - Using pooled Channel '[id: 0xc442b36e, L:/127.0.0.1:54439 - R:localhost/127.0.0.1:59551]' for 'POST' to 'http://localhost:59551/session/9b1880a5645b7b4e28cf60f7bc9b42c3/element'
08:37:57.331 [Forwarding findElement on session 9b1880a5645b7b4e28cf60f7bc9b42c3 to remote] DEBUG o.a.netty.request.NettyRequestSender - Using open Channel [id: 0xc442b36e, L:/127.0.0.1:54439 - R:localhost/127.0.0.1:59551] for POST '/session/9b1880a5645b7b4e28cf60f7bc9b42c3/element'
08:37:57.337 [AsyncHttpClient-1-17] DEBUG o.a.netty.handler.HttpHandler - 

Request DefaultHttpRequest(decodeResult: success, version: HTTP/1.1)
POST /session/9b1880a5645b7b4e28cf60f7bc9b42c3/element HTTP/1.1
User-Agent: selenium/4.1.2 (java windows)
Content-Length: 75
Content-Type: application/json; charset=utf-8
host: localhost:59551
accept: */*

Response DefaultHttpResponse(decodeResult: success, version: HTTP/1.1)
HTTP/1.1 200 OK
Content-Type: application/json; charset=utf-8
cache-control: no-cache
content-length: 88

08:37:57.338 [AsyncHttpClient-1-17] DEBUG o.a.netty.channel.ChannelManager - Adding key: http://localhost:59551 for channel [id: 0xc442b36e, L:/127.0.0.1:54439 - R:localhost/127.0.0.1:59551]
08:37:57.342 [Forwarding isElementDisplayed on session 9b1880a5645b7b4e28cf60f7bc9b42c3 to remote] DEBUG o.a.netty.request.NettyRequestSender - Using pooled Channel '[id: 0xc442b36e, L:/127.0.0.1:54439 - R:localhost/127.0.0.1:59551]' for 'POST' to 'http://localhost:59551/session/9b1880a5645b7b4e28cf60f7bc9b42c3/execute/sync'
08:37:57.342 [Forwarding isElementDisplayed on session 9b1880a5645b7b4e28cf60f7bc9b42c3 to remote] DEBUG o.a.netty.request.NettyRequestSender - Using open Channel [id: 0xc442b36e, L:/127.0.0.1:54439 - R:localhost/127.0.0.1:59551] for POST '/session/9b1880a5645b7b4e28cf60f7bc9b42c3/execute/sync'
08:37:57.350 [AsyncHttpClient-1-17] DEBUG o.a.netty.handler.HttpHandler - 

Request DefaultHttpRequest(decodeResult: success, version: HTTP/1.1)
POST /session/9b1880a5645b7b4e28cf60f7bc9b42c3/execute/sync HTTP/1.1
User-Agent: selenium/4.1.2 (java windows)
Content-Length: 48780
Content-Type: application/json; charset=utf-8
host: localhost:59551
accept: */*

Response DefaultHttpResponse(decodeResult: success, version: HTTP/1.1)
HTTP/1.1 200 OK
Content-Type: application/json; charset=utf-8
cache-control: no-cache
content-length: 14

08:37:57.350 [AsyncHttpClient-1-17] DEBUG o.a.netty.channel.ChannelManager - Adding key: http://localhost:59551 for channel [id: 0xc442b36e, L:/127.0.0.1:54439 - R:localhost/127.0.0.1:59551]
08:37:57.351 [Forwarding getElementText on session 9b1880a5645b7b4e28cf60f7bc9b42c3 to remote] DEBUG o.a.netty.request.NettyRequestSender - Using pooled Channel '[id: 0xc442b36e, L:/127.0.0.1:54439 - R:localhost/127.0.0.1:59551]' for 'GET' to 'http://localhost:59551/session/9b1880a5645b7b4e28cf60f7bc9b42c3/element/5f8e01f0-ffba-4a51-ab85-eed9c9ad6e72/text'
08:37:57.351 [Forwarding getElementText on session 9b1880a5645b7b4e28cf60f7bc9b42c3 to remote] DEBUG o.a.netty.request.NettyRequestSender - Using open Channel [id: 0xc442b36e, L:/127.0.0.1:54439 - R:localhost/127.0.0.1:59551] for GET '/session/9b1880a5645b7b4e28cf60f7bc9b42c3/element/5f8e01f0-ffba-4a51-ab85-eed9c9ad6e72/text'
08:37:57.357 [AsyncHttpClient-1-17] DEBUG o.a.netty.handler.HttpHandler - 

Request DefaultFullHttpRequest(decodeResult: success, version: HTTP/1.1, content: EmptyByteBufBE)
GET /session/9b1880a5645b7b4e28cf60f7bc9b42c3/element/5f8e01f0-ffba-4a51-ab85-eed9c9ad6e72/text HTTP/1.1
User-Agent: selenium/4.1.2 (java windows)
Cache-Control: no-cache
Content-Type: application/json; charset=utf-8
host: localhost:59551
accept: */*

Response DefaultHttpResponse(decodeResult: success, version: HTTP/1.1)
HTTP/1.1 200 OK
Content-Type: application/json; charset=utf-8
cache-control: no-cache
content-length: 59

08:37:57.358 [AsyncHttpClient-1-17] DEBUG o.a.netty.channel.ChannelManager - Adding key: http://localhost:59551 for channel [id: 0xc442b36e, L:/127.0.0.1:54439 - R:localhost/127.0.0.1:59551]
08:37:58.261 [AsyncHttpClient-1-1] DEBUG o.a.netty.channel.DefaultChannelPool - Entry count for : http://localhost:59551 : 1
08:37:58.261 [AsyncHttpClient-1-1] DEBUG o.a.netty.channel.DefaultChannelPool - Entry count for : http://localhost:54440 : 1
08:37:59.362 [AsyncHttpClient-1-1] DEBUG o.a.netty.channel.DefaultChannelPool - Entry count for : http://localhost:59551 : 1
  &amp#27;[32mThen &amp#27;[0m&amp#27;[32muser should not proceed to Dashboard Page&amp#27;[0m                                                       &amp#27;[90m# stepdefinitions.LoginPageSteps.user_should_not_proceed_to_dashboard_page()&amp#27;[0m
08:37:59.362 [AsyncHttpClient-1-1] DEBUG o.a.netty.channel.DefaultChannelPool - Entry count for : http://localhost:54440 : 1
08:38:00.457 [AsyncHttpClient-1-1] DEBUG o.a.netty.channel.DefaultChannelPool - Entry count for : http://localhost:59551 : 1
08:38:00.457 [AsyncHttpClient-1-1] DEBUG o.a.netty.channel.DefaultChannelPool - Entry count for : http://localhost:54440 : 1
DEBUG [main] (LoginPage.java:81) - enterUserCredentails: username = 'user@vrbank' | password = 'pega123!' 
DEBUG [main] (LoginPage.java:81)- enterUserCredentails: username = 'user@vrbank' | password = 'pega123!' 
08:38:01.370 [Forwarding findElement on session 9b1880a5645b7b4e28cf60f7bc9b42c3 to remote] DEBUG o.a.netty.request.NettyRequestSender - Using pooled Channel '[id: 0xc442b36e, L:/127.0.0.1:54439 - R:localhost/127.0.0.1:59551]' for 'POST' to 'http://localhost:59551/session/9b1880a5645b7b4e28cf60f7bc9b42c3/element'
08:38:01.370 [Forwarding findElement on session 9b1880a5645b7b4e28cf60f7bc9b42c3 to remote] DEBUG o.a.netty.request.NettyRequestSender - Using open Channel [id: 0xc442b36e, L:/127.0.0.1:54439 - R:localhost/127.0.0.1:59551] for POST '/session/9b1880a5645b7b4e28cf60f7bc9b42c3/element'
08:38:01.376 [AsyncHttpClient-1-17] DEBUG o.a.netty.handler.HttpHandler - 

Request DefaultHttpRequest(decodeResult: success, version: HTTP/1.1)
POST /session/9b1880a5645b7b4e28cf60f7bc9b42c3/element HTTP/1.1
User-Agent: selenium/4.1.2 (java windows)
Content-Length: 128
Content-Type: application/json; charset=utf-8
host: localhost:59551
accept: */*

Response DefaultHttpResponse(decodeResult: success, version: HTTP/1.1)
HTTP/1.1 200 OK
Content-Type: application/json; charset=utf-8
cache-control: no-cache
content-length: 88

08:38:01.377 [AsyncHttpClient-1-17] DEBUG o.a.netty.channel.ChannelManager - Adding key: http://localhost:59551 for channel [id: 0xc442b36e, L:/127.0.0.1:54439 - R:localhost/127.0.0.1:59551]
08:38:01.378 [Forwarding sendKeysToElement on session 9b1880a5645b7b4e28cf60f7bc9b42c3 to remote] DEBUG o.a.netty.request.NettyRequestSender - Using pooled Channel '[id: 0xc442b36e, L:/127.0.0.1:54439 - R:localhost/127.0.0.1:59551]' for 'POST' to 'http://localhost:59551/session/9b1880a5645b7b4e28cf60f7bc9b42c3/element/d2bcaf2d-374d-4342-9784-5bb2aa9e0eff/value'
08:38:01.378 [Forwarding sendKeysToElement on session 9b1880a5645b7b4e28cf60f7bc9b42c3 to remote] DEBUG o.a.netty.request.NettyRequestSender - Using open Channel [id: 0xc442b36e, L:/127.0.0.1:54439 - R:localhost/127.0.0.1:59551] for POST '/session/9b1880a5645b7b4e28cf60f7bc9b42c3/element/d2bcaf2d-374d-4342-9784-5bb2aa9e0eff/value'
08:38:01.410 [AsyncHttpClient-1-17] DEBUG o.a.netty.handler.HttpHandler - 

Request DefaultHttpRequest(decodeResult: success, version: HTTP/1.1)
POST /session/9b1880a5645b7b4e28cf60f7bc9b42c3/element/d2bcaf2d-374d-4342-9784-5bb2aa9e0eff/value HTTP/1.1
User-Agent: selenium/4.1.2 (java windows)
Content-Length: 191
Content-Type: application/json; charset=utf-8
host: localhost:59551
accept: */*

Response DefaultHttpResponse(decodeResult: success, version: HTTP/1.1)
HTTP/1.1 200 OK
Content-Type: application/json; charset=utf-8
cache-control: no-cache
content-length: 14

08:38:01.411 [AsyncHttpClient-1-17] DEBUG o.a.netty.channel.ChannelManager - Adding key: http://localhost:59551 for channel [id: 0xc442b36e, L:/127.0.0.1:54439 - R:localhost/127.0.0.1:59551]
08:38:01.412 [Forwarding findElement on session 9b1880a5645b7b4e28cf60f7bc9b42c3 to remote] DEBUG o.a.netty.request.NettyRequestSender - Using pooled Channel '[id: 0xc442b36e, L:/127.0.0.1:54439 - R:localhost/127.0.0.1:59551]' for 'POST' to 'http://localhost:59551/session/9b1880a5645b7b4e28cf60f7bc9b42c3/element'
08:38:01.412 [Forwarding findElement on session 9b1880a5645b7b4e28cf60f7bc9b42c3 to remote] DEBUG o.a.netty.request.NettyRequestSender - Using open Channel [id: 0xc442b36e, L:/127.0.0.1:54439 - R:localhost/127.0.0.1:59551] for POST '/session/9b1880a5645b7b4e28cf60f7bc9b42c3/element'
08:38:01.419 [AsyncHttpClient-1-17] DEBUG o.a.netty.handler.HttpHandler - 

Request DefaultHttpRequest(decodeResult: success, version: HTTP/1.1)
POST /session/9b1880a5645b7b4e28cf60f7bc9b42c3/element HTTP/1.1
User-Agent: selenium/4.1.2 (java windows)
Content-Length: 132
Content-Type: application/json; charset=utf-8
host: localhost:59551
accept: */*

Response DefaultHttpResponse(decodeResult: success, version: HTTP/1.1)
HTTP/1.1 200 OK
Content-Type: application/json; charset=utf-8
cache-control: no-cache
content-length: 88

08:38:01.419 [AsyncHttpClient-1-17] DEBUG o.a.netty.channel.ChannelManager - Adding key: http://localhost:59551 for channel [id: 0xc442b36e, L:/127.0.0.1:54439 - R:localhost/127.0.0.1:59551]
08:38:01.421 [Forwarding sendKeysToElement on session 9b1880a5645b7b4e28cf60f7bc9b42c3 to remote] DEBUG o.a.netty.request.NettyRequestSender - Using pooled Channel '[id: 0xc442b36e, L:/127.0.0.1:54439 - R:localhost/127.0.0.1:59551]' for 'POST' to 'http://localhost:59551/session/9b1880a5645b7b4e28cf60f7bc9b42c3/element/5bb81416-2886-475d-ab4a-c2813d56a52f/value'
08:38:01.421 [Forwarding sendKeysToElement on session 9b1880a5645b7b4e28cf60f7bc9b42c3 to remote] DEBUG o.a.netty.request.NettyRequestSender - Using open Channel [id: 0xc442b36e, L:/127.0.0.1:54439 - R:localhost/127.0.0.1:59551] for POST '/session/9b1880a5645b7b4e28cf60f7bc9b42c3/element/5bb81416-2886-475d-ab4a-c2813d56a52f/value'
08:38:01.469 [AsyncHttpClient-1-17] DEBUG o.a.netty.handler.HttpHandler - 

Request DefaultHttpRequest(decodeResult: success, version: HTTP/1.1)
POST /session/9b1880a5645b7b4e28cf60f7bc9b42c3/element/5bb81416-2886-475d-ab4a-c2813d56a52f/value HTTP/1.1
User-Agent: selenium/4.1.2 (java windows)
Content-Length: 161
Content-Type: application/json; charset=utf-8
host: localhost:59551
accept: */*

Response DefaultHttpResponse(decodeResult: success, version: HTTP/1.1)
HTTP/1.1 200 OK
Content-Type: application/json; charset=utf-8
cache-control: no-cache
content-length: 14

08:38:01.469 [AsyncHttpClient-1-17] DEBUG o.a.netty.channel.ChannelManager - Adding key: http://localhost:59551 for channel [id: 0xc442b36e, L:/127.0.0.1:54439 - R:localhost/127.0.0.1:59551]
08:38:01.470 [Forwarding findElement on session 9b1880a5645b7b4e28cf60f7bc9b42c3 to remote] DEBUG o.a.netty.request.NettyRequestSender - Using pooled Channel '[id: 0xc442b36e, L:/127.0.0.1:54439 - R:localhost/127.0.0.1:59551]' for 'POST' to 'http://localhost:59551/session/9b1880a5645b7b4e28cf60f7bc9b42c3/element'
08:38:01.470 [Forwarding findElement on session 9b1880a5645b7b4e28cf60f7bc9b42c3 to remote] DEBUG o.a.netty.request.NettyRequestSender - Using open Channel [id: 0xc442b36e, L:/127.0.0.1:54439 - R:localhost/127.0.0.1:59551] for POST '/session/9b1880a5645b7b4e28cf60f7bc9b42c3/element'
08:38:01.476 [AsyncHttpClient-1-17] DEBUG o.a.netty.handler.HttpHandler - 

Request DefaultHttpRequest(decodeResult: success, version: HTTP/1.1)
POST /session/9b1880a5645b7b4e28cf60f7bc9b42c3/element HTTP/1.1
User-Agent: selenium/4.1.2 (java windows)
Content-Length: 125
Content-Type: application/json; charset=utf-8
host: localhost:59551
accept: */*

Response DefaultHttpResponse(decodeResult: success, version: HTTP/1.1)
HTTP/1.1 200 OK
Content-Type: application/json; charset=utf-8
cache-control: no-cache
content-length: 88

08:38:01.476 [AsyncHttpClient-1-17] DEBUG o.a.netty.channel.ChannelManager - Adding key: http://localhost:59551 for channel [id: 0xc442b36e, L:/127.0.0.1:54439 - R:localhost/127.0.0.1:59551]
08:38:01.477 [Forwarding clickElement on session 9b1880a5645b7b4e28cf60f7bc9b42c3 to remote] DEBUG o.a.netty.request.NettyRequestSender - Using pooled Channel '[id: 0xc442b36e, L:/127.0.0.1:54439 - R:localhost/127.0.0.1:59551]' for 'POST' to 'http://localhost:59551/session/9b1880a5645b7b4e28cf60f7bc9b42c3/element/39d792ad-28ae-43e2-8062-1eef98ec53ba/click'
08:38:01.477 [Forwarding clickElement on session 9b1880a5645b7b4e28cf60f7bc9b42c3 to remote] DEBUG o.a.netty.request.NettyRequestSender - Using open Channel [id: 0xc442b36e, L:/127.0.0.1:54439 - R:localhost/127.0.0.1:59551] for POST '/session/9b1880a5645b7b4e28cf60f7bc9b42c3/element/39d792ad-28ae-43e2-8062-1eef98ec53ba/click'
08:38:01.561 [AsyncHttpClient-1-1] DEBUG o.a.netty.channel.DefaultChannelPool - Entry count for : http://localhost:54440 : 1
08:38:02.650 [AsyncHttpClient-1-1] DEBUG o.a.netty.channel.DefaultChannelPool - Entry count for : http://localhost:54440 : 1
08:38:03.763 [AsyncHttpClient-1-1] DEBUG o.a.netty.channel.DefaultChannelPool - Entry count for : http://localhost:54440 : 1
08:38:04.666 [AsyncHttpClient-1-17] DEBUG o.a.netty.handler.HttpHandler - 

Request DefaultHttpRequest(decodeResult: success, version: HTTP/1.1)
POST /session/9b1880a5645b7b4e28cf60f7bc9b42c3/element/39d792ad-28ae-43e2-8062-1eef98ec53ba/click HTTP/1.1
User-Agent: selenium/4.1.2 (java windows)
Content-Length: 50
Content-Type: application/json; charset=utf-8
host: localhost:59551
accept: */*

Response DefaultHttpResponse(decodeResult: success, version: HTTP/1.1)
HTTP/1.1 200 OK
Content-Type: application/json; charset=utf-8
cache-control: no-cache
content-length: 14

08:38:04.666 [AsyncHttpClient-1-17] DEBUG o.a.netty.channel.ChannelManager - Adding key: http://localhost:59551 for channel [id: 0xc442b36e, L:/127.0.0.1:54439 - R:localhost/127.0.0.1:59551]
  &amp#27;[32mWhen &amp#27;[0m&amp#27;[32muser login using valid credentials with username &amp#27;[0m&amp#27;[32m&amp#27;[1m"user@vrbank"&amp#27;[0m&amp#27;[32m and password &amp#27;[0m&amp#27;[32m&amp#27;[1m"pega123!"&amp#27;[0m          &amp#27;[90m# stepdefinitions.LoginPageSteps.user_login_using_valid_credentials_with_username_and_password(java.lang.String,java.lang.String)&amp#27;[0m
08:38:04.670 [Forwarding getTitle on session 9b1880a5645b7b4e28cf60f7bc9b42c3 to remote] DEBUG o.a.netty.request.NettyRequestSender - Using pooled Channel '[id: 0xc442b36e, L:/127.0.0.1:54439 - R:localhost/127.0.0.1:59551]' for 'GET' to 'http://localhost:59551/session/9b1880a5645b7b4e28cf60f7bc9b42c3/title'
08:38:04.670 [Forwarding getTitle on session 9b1880a5645b7b4e28cf60f7bc9b42c3 to remote] DEBUG o.a.netty.request.NettyRequestSender - Using open Channel [id: 0xc442b36e, L:/127.0.0.1:54439 - R:localhost/127.0.0.1:59551] for GET '/session/9b1880a5645b7b4e28cf60f7bc9b42c3/title'
08:38:04.673 [AsyncHttpClient-1-17] DEBUG o.a.netty.handler.HttpHandler - 

Request DefaultFullHttpRequest(decodeResult: success, version: HTTP/1.1, content: EmptyByteBufBE)
GET /session/9b1880a5645b7b4e28cf60f7bc9b42c3/title HTTP/1.1
User-Agent: selenium/4.1.2 (java windows)
Cache-Control: no-cache
Content-Type: application/json; charset=utf-8
host: localhost:59551
accept: */*

Response DefaultHttpResponse(decodeResult: success, version: HTTP/1.1)
HTTP/1.1 200 OK
Content-Type: application/json; charset=utf-8
cache-control: no-cache
content-length: 30

08:38:04.673 [AsyncHttpClient-1-17] DEBUG o.a.netty.channel.ChannelManager - Adding key: http://localhost:59551 for channel [id: 0xc442b36e, L:/127.0.0.1:54439 - R:localhost/127.0.0.1:59551]
DEBUG [main] (BaseClass.java:37) - verifyApplication: 'Cosmos Application' 
DEBUG [main] (BaseClass.java:37)- verifyApplication: 'Cosmos Application' 
08:38:04.674 [Forwarding getTitle on session 9b1880a5645b7b4e28cf60f7bc9b42c3 to remote] DEBUG o.a.netty.request.NettyRequestSender - Using pooled Channel '[id: 0xc442b36e, L:/127.0.0.1:54439 - R:localhost/127.0.0.1:59551]' for 'GET' to 'http://localhost:59551/session/9b1880a5645b7b4e28cf60f7bc9b42c3/title'
08:38:04.674 [Forwarding getTitle on session 9b1880a5645b7b4e28cf60f7bc9b42c3 to remote] DEBUG o.a.netty.request.NettyRequestSender - Using open Channel [id: 0xc442b36e, L:/127.0.0.1:54439 - R:localhost/127.0.0.1:59551] for GET '/session/9b1880a5645b7b4e28cf60f7bc9b42c3/title'
08:38:04.677 [AsyncHttpClient-1-17] DEBUG o.a.netty.handler.HttpHandler - 

Request DefaultFullHttpRequest(decodeResult: success, version: HTTP/1.1, content: EmptyByteBufBE)
GET /session/9b1880a5645b7b4e28cf60f7bc9b42c3/title HTTP/1.1
User-Agent: selenium/4.1.2 (java windows)
Cache-Control: no-cache
Content-Type: application/json; charset=utf-8
host: localhost:59551
accept: */*

Response DefaultHttpResponse(decodeResult: success, version: HTTP/1.1)
HTTP/1.1 200 OK
Content-Type: application/json; charset=utf-8
cache-control: no-cache
content-length: 30

08:38:04.677 [AsyncHttpClient-1-17] DEBUG o.a.netty.channel.ChannelManager - Adding key: http://localhost:59551 for channel [id: 0xc442b36e, L:/127.0.0.1:54439 - R:localhost/127.0.0.1:59551]
08:38:04.861 [AsyncHttpClient-1-1] DEBUG o.a.netty.channel.DefaultChannelPool - Entry count for : http://localhost:59551 : 1
08:38:04.861 [AsyncHttpClient-1-1] DEBUG o.a.netty.channel.DefaultChannelPool - Entry count for : http://localhost:54440 : 1
08:38:05.957 [AsyncHttpClient-1-1] DEBUG o.a.netty.channel.DefaultChannelPool - Entry count for : http://localhost:59551 : 1
08:38:05.957 [AsyncHttpClient-1-1] DEBUG o.a.netty.channel.DefaultChannelPool - Entry count for : http://localhost:54440 : 1
08:38:07.056 [AsyncHttpClient-1-1] DEBUG o.a.netty.channel.DefaultChannelPool - Entry count for : http://localhost:59551 : 1
08:38:07.056 [AsyncHttpClient-1-1] DEBUG o.a.netty.channel.DefaultChannelPool - Entry count for : http://localhost:54440 : 1
08:38:08.157 [AsyncHttpClient-1-1] DEBUG o.a.netty.channel.DefaultChannelPool - Entry count for : http://localhost:59551 : 1
08:38:08.157 [AsyncHttpClient-1-1] DEBUG o.a.netty.channel.DefaultChannelPool - Entry count for : http://localhost:54440 : 1
08:38:09.256 [AsyncHttpClient-1-1] DEBUG o.a.netty.channel.DefaultChannelPool - Entry count for : http://localhost:59551 : 1
08:38:09.256 [AsyncHttpClient-1-1] DEBUG o.a.netty.channel.DefaultChannelPool - Entry count for : http://localhost:54440 : 1
  &amp#27;[32mThen &amp#27;[0m&amp#27;[32muser should proceed to Dashboard Page&amp#27;[0m                                                           &amp#27;[90m# stepdefinitions.LoginPageSteps.user_should_proceed_to_dashboard_page()&amp#27;[0m
DEBUG [main] (apphooks.java:45) - Close Browser
DEBUG [main] (apphooks.java:45)- Close Browser
08:38:09.681 [AsyncHttpClient-1-19] DEBUG o.a.netty.handler.WebSocketHandler - Channel Closed: [id: 0x3e214234, L:/127.0.0.1:54447 ! R:localhost/127.0.0.1:54440] with attribute NettyResponseFuture{currentRetry=5,
	isDone=1,
	isCancelled=0,
	asyncHandler=org.asynchttpclient.ws.WebSocketUpgradeHandler@2183e6c8,
	nettyRequest=org.asynchttpclient.netty.request.NettyRequest@64817c9c,
	future=java.util.concurrent.CompletableFuture@13603bf9[Completed normally],
	uri=ws://localhost:54440/devtools/browser/03f7f4fb-eceb-486c-90d3-4c52930eb24e,
	keepAlive=true,
	redirectCount=0,
	timeoutsHolder=null,
	inAuth=0,
	touch=1648514261508}
08:38:09.681 [AsyncHttpClient-1-19] DEBUG o.a.netty.channel.ChannelManager - Closing Channel [id: 0x3e214234, L:/127.0.0.1:54447 ! R:localhost/127.0.0.1:54440] 
08:38:09.681 [Driver Command Executor] DEBUG o.a.netty.request.NettyRequestSender - Using pooled Channel '[id: 0xc442b36e, L:/127.0.0.1:54439 - R:localhost/127.0.0.1:59551]' for 'DELETE' to 'http://localhost:59551/session/9b1880a5645b7b4e28cf60f7bc9b42c3'
08:38:09.681 [Driver Command Executor] DEBUG o.a.netty.request.NettyRequestSender - Using open Channel [id: 0xc442b36e, L:/127.0.0.1:54439 - R:localhost/127.0.0.1:59551] for DELETE '/session/9b1880a5645b7b4e28cf60f7bc9b42c3'
08:38:09.707 [AsyncHttpClient-1-18] DEBUG o.a.netty.handler.HttpHandler - Unexpected I/O exception on channel [id: 0xb1bfb429, L:/127.0.0.1:54446 - R:localhost/127.0.0.1:54440]
java.net.SocketException: Connection reset
	at java.base/sun.nio.ch.SocketChannelImpl.throwConnectionReset(SocketChannelImpl.java:367) ~[na:na]
	at java.base/sun.nio.ch.SocketChannelImpl.read(SocketChannelImpl.java:398) ~[na:na]
	at io.netty.buffer.PooledByteBuf.setBytes(PooledByteBuf.java:253) ~[netty-buffer-4.1.70.Final.jar:4.1.70.Final]
	at io.netty.buffer.AbstractByteBuf.writeBytes(AbstractByteBuf.java:1132) ~[netty-buffer-4.1.70.Final.jar:4.1.70.Final]
	at io.netty.channel.socket.nio.NioSocketChannel.doReadBytes(NioSocketChannel.java:350) ~[netty-transport-4.1.70.Final.jar:4.1.70.Final]
	at io.netty.channel.nio.AbstractNioByteChannel$NioByteUnsafe.read(AbstractNioByteChannel.java:151) ~[netty-transport-4.1.70.Final.jar:4.1.70.Final]
	at io.netty.channel.nio.NioEventLoop.processSelectedKey(NioEventLoop.java:719) ~[netty-transport-4.1.70.Final.jar:4.1.70.Final]
	at io.netty.channel.nio.NioEventLoop.processSelectedKeysOptimized(NioEventLoop.java:655) ~[netty-transport-4.1.70.Final.jar:4.1.70.Final]
	at io.netty.channel.nio.NioEventLoop.processSelectedKeys(NioEventLoop.java:581) ~[netty-transport-4.1.70.Final.jar:4.1.70.Final]
	at io.netty.channel.nio.NioEventLoop.run(NioEventLoop.java:493) ~[netty-transport-4.1.70.Final.jar:4.1.70.Final]
	at io.netty.util.concurrent.SingleThreadEventExecutor$4.run(SingleThreadEventExecutor.java:986) ~[netty-common-4.1.70.Final.jar:4.1.70.Final]
	at io.netty.util.internal.ThreadExecutorMap$2.run(ThreadExecutorMap.java:74) ~[netty-common-4.1.70.Final.jar:4.1.70.Final]
	at io.netty.util.concurrent.FastThreadLocalRunnable.run(FastThreadLocalRunnable.java:30) ~[netty-common-4.1.70.Final.jar:4.1.70.Final]
	at java.base/java.lang.Thread.run(Thread.java:832) ~[na:na]
08:38:09.707 [AsyncHttpClient-1-18] DEBUG o.a.netty.channel.ChannelManager - Closing Channel [id: 0xb1bfb429, L:/127.0.0.1:54446 - R:localhost/127.0.0.1:54440] 
08:38:09.707 [AsyncHttpClient-1-18] DEBUG o.a.netty.handler.HttpHandler - Channel Closed: [id: 0xb1bfb429, L:/127.0.0.1:54446 ! R:localhost/127.0.0.1:54440] with attribute DISCARD
08:38:09.719 [AsyncHttpClient-1-17] DEBUG o.a.netty.handler.HttpHandler - 

Request DefaultFullHttpRequest(decodeResult: success, version: HTTP/1.1, content: EmptyByteBufBE)
DELETE /session/9b1880a5645b7b4e28cf60f7bc9b42c3 HTTP/1.1
User-Agent: selenium/4.1.2 (java windows)
Content-Type: application/json; charset=utf-8
host: localhost:59551
accept: */*

Response DefaultHttpResponse(decodeResult: success, version: HTTP/1.1)
HTTP/1.1 200 OK
Content-Type: application/json; charset=utf-8
cache-control: no-cache
content-length: 14

08:38:09.720 [AsyncHttpClient-1-17] DEBUG o.a.netty.channel.ChannelManager - Adding key: http://localhost:59551 for channel [id: 0xc442b36e, L:/127.0.0.1:54439 - R:localhost/127.0.0.1:59551]
08:38:09.772 [AsyncHttpClient-1-17] DEBUG o.a.netty.handler.HttpHandler - Channel Closed: [id: 0xc442b36e, L:/127.0.0.1:54439 ! R:localhost/127.0.0.1:59551] with attribute DISCARD
08:38:10.298 [main] INFO   - 
  _____   ___   ___   _____     ___     _     ___   ___   ___   ___  
 |_   _| | __| / __| |_   _|   | _ \   /_\   / __| / __| | __| |   \ 
   | |   | _|  \__ \   | |     |  _/  / _ \  \__ \ \__ \ | _|  | |) |
   |_|   |___| |___/   |_|     |_|   /_/ \_\ |___/ |___/ |___| |___/ 

Login to PEGA Site using User
----------------------------------------------------------------------
]]></system-out>
    <system-err><![CDATA[Starting ChromeDriver 99.0.4844.51 (d537ec02474b5afe23684e7963d538896c63ac77-refs/branch-heads/4844@{#875}) on port 59551
Only local connections are allowed.
Please see https://chromedriver.chromium.org/security-considerations for suggestions on keeping ChromeDriver safe.
ChromeDriver was started successfully.
Mar 29, 2022 8:37:41 AM org.openqa.selenium.remote.ProtocolHandshake createSession
INFO: Detected dialect: W3C
Mar 29, 2022 8:37:41 AM org.openqa.selenium.devtools.CdpVersionFinder findNearestMatch
WARNING: Unable to find an exact match for CDP version 99, so returning the closest version found: 96
Mar 29, 2022 8:37:41 AM org.openqa.selenium.devtools.CdpVersionFinder findNearestMatch
INFO: Found CDP implementation for version 99 of 96
]]></system-err>
  </testcase>
</testsuite>