<?xml version="1.0" encoding="UTF-8"?>
<testsuite xmlns:xsi="http://www.w3.org/2001/XMLSchema-instance" xsi:noNamespaceSchemaLocation="https://maven.apache.org/surefire/maven-failsafe-plugin/xsd/failsafe-test-report-3.0.xsd" version="3.0" name="testsuites.HCLTestRunner" time="103.85" tests="3" errors="0" skipped="0" failures="0">
  <properties>
    <property name="java.specification.version" value="15"/>
    <property name="webdriver.chrome.driver" value="C:\Users\DheyClaveria\.cache\selenium\chromedriver\win32\99.0.4844.51\chromedriver.exe"/>
    <property name="sun.cpu.isalist" value="amd64"/>
    <property name="sun.jnu.encoding" value="Cp1252"/>
    <property name="java.class.path" value="Z:\Automation\JavaCucumber\BDD_HCL\CucumberHCL\target\test-classes;C:\Users\DheyClaveria\.m2\repository\com\github\ralfstuckert\pdfbox-layout\pdfbox2-layout\1.0.1\pdfbox2-layout-1.0.1.jar;C:\Users\DheyClaveria\.m2\repository\org\apache\pdfbox\pdfbox\2.0.4\pdfbox-2.0.4.jar;C:\Users\DheyClaveria\.m2\repository\org\apache\pdfbox\fontbox\2.0.4\fontbox-2.0.4.jar;C:\Users\DheyClaveria\.m2\repository\commons-logging\commons-logging\1.2\commons-logging-1.2.jar;C:\Users\DheyClaveria\.m2\repository\io\rest-assured\rest-assured-all\4.3.2\rest-assured-all-4.3.2.jar;C:\Users\DheyClaveria\.m2\repository\org\codehaus\groovy\groovy\3.0.6\groovy-3.0.6.jar;C:\Users\DheyClaveria\.m2\repository\org\apache\commons\commons-lang3\3.11\commons-lang3-3.11.jar;C:\Users\DheyClaveria\.m2\repository\org\codehaus\groovy\groovy-xml\3.0.6\groovy-xml-3.0.6.jar;C:\Users\DheyClaveria\.m2\repository\org\ccil\cowan\tagsoup\tagsoup\1.2.1\tagsoup-1.2.1.jar;C:\Users\DheyClaveria\.m2\repository\jakarta\xml\bind\jakarta.xml.bind-api\2.3.3\jakarta.xml.bind-api-2.3.3.jar;C:\Users\DheyClaveria\.m2\repository\jakarta\activation\jakarta.activation-api\1.2.2\jakarta.activation-api-1.2.2.jar;C:\Users\DheyClaveria\.m2\repository\com\sun\xml\bind\jaxb-impl\2.3.3\jaxb-impl-2.3.3.jar;C:\Users\DheyClaveria\.m2\repository\org\codehaus\groovy\groovy-json\3.0.6\groovy-json-3.0.6.jar;C:\Users\DheyClaveria\.m2\repository\ch\qos\logback\logback-classic\1.1.3\logback-classic-1.1.3.jar;C:\Users\DheyClaveria\.m2\repository\ch\qos\logback\logback-core\1.1.3\logback-core-1.1.3.jar;C:\Users\DheyClaveria\.m2\repository\org\slf4j\slf4j-api\1.7.7\slf4j-api-1.7.7.jar;C:\Users\DheyClaveria\.m2\repository\org\json\json\20210307\json-20210307.jar;C:\Users\DheyClaveria\.m2\repository\com\ea\async\ea-async\1.2.3\ea-async-1.2.3.jar;C:\Users\DheyClaveria\.m2\repository\junit\junit\4.13.1\junit-4.13.1.jar;C:\Users\DheyClaveria\.m2\repository\org\hamcrest\hamcrest-core\1.3\hamcrest-core-1.3.jar;C:\Users\DheyClaveria\.m2\repository\io\cucumber\cucumber-core\7.2.3\cucumber-core-7.2.3.jar;C:\Users\DheyClaveria\.m2\repository\io\cucumber\cucumber-gherkin\7.2.3\cucumber-gherkin-7.2.3.jar;C:\Users\DheyClaveria\.m2\repository\io\cucumber\cucumber-gherkin-messages\7.2.3\cucumber-gherkin-messages-7.2.3.jar;C:\Users\DheyClaveria\.m2\repository\io\cucumber\messages\17.1.1\messages-17.1.1.jar;C:\Users\DheyClaveria\.m2\repository\io\cucumber\tag-expressions\4.1.0\tag-expressions-4.1.0.jar;C:\Users\DheyClaveria\.m2\repository\io\cucumber\cucumber-expressions\15.0.1\cucumber-expressions-15.0.1.jar;C:\Users\DheyClaveria\.m2\repository\io\cucumber\datatable\7.2.3\datatable-7.2.3.jar;C:\Users\DheyClaveria\.m2\repository\io\cucumber\cucumber-plugin\7.2.3\cucumber-plugin-7.2.3.jar;C:\Users\DheyClaveria\.m2\repository\io\cucumber\docstring\7.2.3\docstring-7.2.3.jar;C:\Users\DheyClaveria\.m2\repository\io\cucumber\html-formatter\17.0.0\html-formatter-17.0.0.jar;C:\Users\DheyClaveria\.m2\repository\io\cucumber\ci-environment\8.1.0\ci-environment-8.1.0.jar;C:\Users\DheyClaveria\.m2\repository\org\apiguardian\apiguardian-api\1.1.2\apiguardian-api-1.1.2.jar;C:\Users\DheyClaveria\.m2\repository\io\cucumber\cucumber-java\7.2.3\cucumber-java-7.2.3.jar;C:\Users\DheyClaveria\.m2\repository\io\cucumber\cucumber-junit\7.2.3\cucumber-junit-7.2.3.jar;C:\Users\DheyClaveria\.m2\repository\io\cucumber\cucumber-junit-platform-engine\7.2.3\cucumber-junit-platform-engine-7.2.3.jar;C:\Users\DheyClaveria\.m2\repository\org\junit\platform\junit-platform-engine\1.8.2\junit-platform-engine-1.8.2.jar;C:\Users\DheyClaveria\.m2\repository\org\opentest4j\opentest4j\1.2.0\opentest4j-1.2.0.jar;C:\Users\DheyClaveria\.m2\repository\org\junit\platform\junit-platform-commons\1.8.2\junit-platform-commons-1.8.2.jar;C:\Users\DheyClaveria\.m2\repository\org\junit\platform\junit-platform-suite\1.8.2\junit-platform-suite-1.8.2.jar;C:\Users\DheyClaveria\.m2\repository\org\junit\platform\junit-platform-suite-api\1.8.2\junit-platform-suite-api-1.8.2.jar;C:\Users\DheyClaveria\.m2\repository\org\junit\platform\junit-platform-suite-engine\1.8.2\junit-platform-suite-engine-1.8.2.jar;C:\Users\DheyClaveria\.m2\repository\org\junit\platform\junit-platform-suite-commons\1.8.2\junit-platform-suite-commons-1.8.2.jar;C:\Users\DheyClaveria\.m2\repository\org\junit\platform\junit-platform-launcher\1.8.2\junit-platform-launcher-1.8.2.jar;C:\Users\DheyClaveria\.m2\repository\org\junit\jupiter\junit-jupiter\5.8.2\junit-jupiter-5.8.2.jar;C:\Users\DheyClaveria\.m2\repository\org\junit\jupiter\junit-jupiter-api\5.8.2\junit-jupiter-api-5.8.2.jar;C:\Users\DheyClaveria\.m2\repository\org\junit\jupiter\junit-jupiter-params\5.8.2\junit-jupiter-params-5.8.2.jar;C:\Users\DheyClaveria\.m2\repository\org\junit\jupiter\junit-jupiter-engine\5.8.2\junit-jupiter-engine-5.8.2.jar;C:\Users\DheyClaveria\.m2\repository\org\junit\vintage\junit-vintage-engine\5.8.2\junit-vintage-engine-5.8.2.jar;C:\Users\DheyClaveria\.m2\repository\info\cukes\cucumber-java\1.2.5\cucumber-java-1.2.5.jar;C:\Users\DheyClaveria\.m2\repository\info\cukes\cucumber-core\1.2.5\cucumber-core-1.2.5.jar;C:\Users\DheyClaveria\.m2\repository\info\cukes\cucumber-html\0.2.3\cucumber-html-0.2.3.jar;C:\Users\DheyClaveria\.m2\repository\info\cukes\cucumber-jvm-deps\1.0.5\cucumber-jvm-deps-1.0.5.jar;C:\Users\DheyClaveria\.m2\repository\info\cukes\gherkin\2.12.2\gherkin-2.12.2.jar;C:\Users\DheyClaveria\.m2\repository\info\cukes\cucumber-junit\1.2.5\cucumber-junit-1.2.5.jar;C:\Users\DheyClaveria\.m2\repository\org\seleniumhq\selenium\selenium-java\3.141.59\selenium-java-3.141.59.jar;C:\Users\DheyClaveria\.m2\repository\org\seleniumhq\selenium\selenium-api\3.141.59\selenium-api-3.141.59.jar;C:\Users\DheyClaveria\.m2\repository\org\seleniumhq\selenium\selenium-chrome-driver\3.141.59\selenium-chrome-driver-3.141.59.jar;C:\Users\DheyClaveria\.m2\repository\org\seleniumhq\selenium\selenium-edge-driver\3.141.59\selenium-edge-driver-3.141.59.jar;C:\Users\DheyClaveria\.m2\repository\org\seleniumhq\selenium\selenium-firefox-driver\3.141.59\selenium-firefox-driver-3.141.59.jar;C:\Users\DheyClaveria\.m2\repository\org\seleniumhq\selenium\selenium-ie-driver\3.141.59\selenium-ie-driver-3.141.59.jar;C:\Users\DheyClaveria\.m2\repository\org\seleniumhq\selenium\selenium-opera-driver\3.141.59\selenium-opera-driver-3.141.59.jar;C:\Users\DheyClaveria\.m2\repository\org\seleniumhq\selenium\selenium-remote-driver\3.141.59\selenium-remote-driver-3.141.59.jar;C:\Users\DheyClaveria\.m2\repository\org\seleniumhq\selenium\selenium-safari-driver\3.141.59\selenium-safari-driver-3.141.59.jar;C:\Users\DheyClaveria\.m2\repository\org\seleniumhq\selenium\selenium-support\3.141.59\selenium-support-3.141.59.jar;C:\Users\DheyClaveria\.m2\repository\net\bytebuddy\byte-buddy\1.8.15\byte-buddy-1.8.15.jar;C:\Users\DheyClaveria\.m2\repository\org\apache\commons\commons-exec\1.3\commons-exec-1.3.jar;C:\Users\DheyClaveria\.m2\repository\com\google\guava\guava\25.0-jre\guava-25.0-jre.jar;C:\Users\DheyClaveria\.m2\repository\com\google\code\findbugs\jsr305\1.3.9\jsr305-1.3.9.jar;C:\Users\DheyClaveria\.m2\repository\org\checkerframework\checker-compat-qual\2.0.0\checker-compat-qual-2.0.0.jar;C:\Users\DheyClaveria\.m2\repository\com\google\errorprone\error_prone_annotations\2.1.3\error_prone_annotations-2.1.3.jar;C:\Users\DheyClaveria\.m2\repository\com\google\j2objc\j2objc-annotations\1.1\j2objc-annotations-1.1.jar;C:\Users\DheyClaveria\.m2\repository\org\codehaus\mojo\animal-sniffer-annotations\1.14\animal-sniffer-annotations-1.14.jar;C:\Users\DheyClaveria\.m2\repository\com\squareup\okhttp3\okhttp\3.11.0\okhttp-3.11.0.jar;C:\Users\DheyClaveria\.m2\repository\com\squareup\okio\okio\1.14.0\okio-1.14.0.jar;C:\Users\DheyClaveria\.m2\repository\io\github\bonigarcia\webdrivermanager\4.2.2\webdrivermanager-4.2.2.jar;C:\Users\DheyClaveria\.m2\repository\commons-io\commons-io\2.8.0\commons-io-2.8.0.jar;C:\Users\DheyClaveria\.m2\repository\com\google\code\gson\gson\2.8.6\gson-2.8.6.jar;C:\Users\DheyClaveria\.m2\repository\org\apache\httpcomponents\client5\httpclient5\5.0.1\httpclient5-5.0.1.jar;C:\Users\DheyClaveria\.m2\repository\org\apache\httpcomponents\core5\httpcore5\5.0.1\httpcore5-5.0.1.jar;C:\Users\DheyClaveria\.m2\repository\org\apache\httpcomponents\core5\httpcore5-h2\5.0.1\httpcore5-h2-5.0.1.jar;C:\Users\DheyClaveria\.m2\repository\org\rauschig\jarchivelib\1.1.0\jarchivelib-1.1.0.jar;C:\Users\DheyClaveria\.m2\repository\org\jsoup\jsoup\1.13.1\jsoup-1.13.1.jar;C:\Users\DheyClaveria\.m2\repository\tech\grasshopper\extentreports-cucumber7-adapter\1.3.0\extentreports-cucumber7-adapter-1.3.0.jar;C:\Users\DheyClaveria\.m2\repository\com\aventstack\extentreports\5.0.9\extentreports-5.0.9.jar;C:\Users\DheyClaveria\.m2\repository\io\reactivex\rxjava3\rxjava\3.0.4\rxjava-3.0.4.jar;C:\Users\DheyClaveria\.m2\repository\org\reactivestreams\reactive-streams\1.0.3\reactive-streams-1.0.3.jar;C:\Users\DheyClaveria\.m2\repository\org\freemarker\freemarker\2.3.30\freemarker-2.3.30.jar;C:\Users\DheyClaveria\.m2\repository\org\projectlombok\lombok\1.18.12\lombok-1.18.12.jar;C:\Users\DheyClaveria\.m2\repository\tech\grasshopper\extent-pdf-report\2.1.0\extent-pdf-report-2.1.0.jar;C:\Users\DheyClaveria\.m2\repository\tech\grasshopper\cucumber-pdf-report\2.5.0\cucumber-pdf-report-2.5.0.jar;C:\Users\DheyClaveria\.m2\repository\org\knowm\xchart\xchart\3.8.0\xchart-3.8.0.jar;C:\Users\DheyClaveria\.m2\repository\de\erichseifert\vectorgraphics2d\VectorGraphics2D\0.13\VectorGraphics2D-0.13.jar;C:\Users\DheyClaveria\.m2\repository\de\rototor\pdfbox\graphics2d\0.30\graphics2d-0.30.jar;C:\Users\DheyClaveria\.m2\repository\com\madgag\animated-gif-lib\1.4\animated-gif-lib-1.4.jar;C:\Users\DheyClaveria\.m2\repository\org\yaml\snakeyaml\1.28\snakeyaml-1.28.jar;C:\Users\DheyClaveria\.m2\repository\tech\grasshopper\table-layout\1.4.0\table-layout-1.4.0.jar;C:\Users\DheyClaveria\.m2\repository\tech\grasshopper\rest-assured-cucumber-pdf-report\1.1.0\rest-assured-cucumber-pdf-report-1.1.0.jar;C:\Users\DheyClaveria\.m2\repository\com\aventstack\klov-reporter\5.0.9\klov-reporter-5.0.9.jar;C:\Users\DheyClaveria\.m2\repository\org\mongodb\mongodb-driver\3.6.4\mongodb-driver-3.6.4.jar;C:\Users\DheyClaveria\.m2\repository\org\mongodb\mongodb-driver-core\3.6.4\mongodb-driver-core-3.6.4.jar;C:\Users\DheyClaveria\.m2\repository\org\mongodb\bson\3.6.4\bson-3.6.4.jar;C:\Users\DheyClaveria\.m2\repository\org\apache\httpcomponents\httpclient\4.5.13\httpclient-4.5.13.jar;C:\Users\DheyClaveria\.m2\repository\org\apache\httpcomponents\httpcore\4.4.13\httpcore-4.4.13.jar;C:\Users\DheyClaveria\.m2\repository\org\apache\httpcomponents\httpmime\4.5.13\httpmime-4.5.13.jar;C:\Users\DheyClaveria\.m2\repository\tech\grasshopper\htmlextentreporter\1.0.0\htmlextentreporter-1.0.0.jar;C:\Users\DheyClaveria\.m2\repository\org\testng\testng\6.14.3\testng-6.14.3.jar;C:\Users\DheyClaveria\.m2\repository\com\beust\jcommander\1.72\jcommander-1.72.jar;C:\Users\DheyClaveria\.m2\repository\org\apache-extras\beanshell\bsh\2.0b6\bsh-2.0b6.jar;C:\Users\DheyClaveria\.m2\repository\io\cucumber\cucumber-testng\7.2.3\cucumber-testng-7.2.3.jar;C:\Users\DheyClaveria\.m2\repository\org\apache\poi\poi\5.2.1\poi-5.2.1.jar;C:\Users\DheyClaveria\.m2\repository\commons-codec\commons-codec\1.15\commons-codec-1.15.jar;C:\Users\DheyClaveria\.m2\repository\org\apache\commons\commons-collections4\4.4\commons-collections4-4.4.jar;C:\Users\DheyClaveria\.m2\repository\org\apache\commons\commons-math3\3.6.1\commons-math3-3.6.1.jar;C:\Users\DheyClaveria\.m2\repository\com\zaxxer\SparseBitSet\1.2\SparseBitSet-1.2.jar;C:\Users\DheyClaveria\.m2\repository\org\apache\logging\log4j\log4j-api\2.17.1\log4j-api-2.17.1.jar;C:\Users\DheyClaveria\.m2\repository\org\apache\poi\poi-ooxml\5.2.1\poi-ooxml-5.2.1.jar;C:\Users\DheyClaveria\.m2\repository\org\apache\poi\poi-ooxml-lite\5.2.1\poi-ooxml-lite-5.2.1.jar;C:\Users\DheyClaveria\.m2\repository\org\apache\xmlbeans\xmlbeans\5.0.3\xmlbeans-5.0.3.jar;C:\Users\DheyClaveria\.m2\repository\org\apache\commons\commons-compress\1.21\commons-compress-1.21.jar;C:\Users\DheyClaveria\.m2\repository\com\github\virtuald\curvesapi\1.07\curvesapi-1.07.jar;"/>
    <property name="java.vm.vendor" value="Oracle Corporation"/>
    <property name="sun.arch.data.model" value="64"/>
    <property name="user.variant" value=""/>
    <property name="java.vendor.url" value="https://java.oracle.com/"/>
    <property name="user.timezone" value="Asia/Shanghai"/>
    <property name="os.name" value="Windows 10"/>
    <property name="java.vm.specification.version" value="15"/>
    <property name="sun.java.launcher" value="SUN_STANDARD"/>
    <property name="user.country" value="US"/>
    <property name="sun.boot.library.path" value="C:\Program Files\Java\jdk-15.0.1\bin"/>
    <property name="sun.java.command" value="org.apache.maven.surefire.booter.ForkedBooter C:\Users\DheyClaveria\AppData\Local\Temp\surefire17966771872481427959 2022-03-18T12-42-05_963-jvmRun1 surefire9519630590091917506tmp surefire_02195022494868053966tmp"/>
    <property name="jdk.debug" value="release"/>
    <property name="surefire.test.class.path" value="Z:\Automation\JavaCucumber\BDD_HCL\CucumberHCL\target\test-classes;C:\Users\DheyClaveria\.m2\repository\com\github\ralfstuckert\pdfbox-layout\pdfbox2-layout\1.0.1\pdfbox2-layout-1.0.1.jar;C:\Users\DheyClaveria\.m2\repository\org\apache\pdfbox\pdfbox\2.0.4\pdfbox-2.0.4.jar;C:\Users\DheyClaveria\.m2\repository\org\apache\pdfbox\fontbox\2.0.4\fontbox-2.0.4.jar;C:\Users\DheyClaveria\.m2\repository\commons-logging\commons-logging\1.2\commons-logging-1.2.jar;C:\Users\DheyClaveria\.m2\repository\io\rest-assured\rest-assured-all\4.3.2\rest-assured-all-4.3.2.jar;C:\Users\DheyClaveria\.m2\repository\org\codehaus\groovy\groovy\3.0.6\groovy-3.0.6.jar;C:\Users\DheyClaveria\.m2\repository\org\apache\commons\commons-lang3\3.11\commons-lang3-3.11.jar;C:\Users\DheyClaveria\.m2\repository\org\codehaus\groovy\groovy-xml\3.0.6\groovy-xml-3.0.6.jar;C:\Users\DheyClaveria\.m2\repository\org\ccil\cowan\tagsoup\tagsoup\1.2.1\tagsoup-1.2.1.jar;C:\Users\DheyClaveria\.m2\repository\jakarta\xml\bind\jakarta.xml.bind-api\2.3.3\jakarta.xml.bind-api-2.3.3.jar;C:\Users\DheyClaveria\.m2\repository\jakarta\activation\jakarta.activation-api\1.2.2\jakarta.activation-api-1.2.2.jar;C:\Users\DheyClaveria\.m2\repository\com\sun\xml\bind\jaxb-impl\2.3.3\jaxb-impl-2.3.3.jar;C:\Users\DheyClaveria\.m2\repository\org\codehaus\groovy\groovy-json\3.0.6\groovy-json-3.0.6.jar;C:\Users\DheyClaveria\.m2\repository\ch\qos\logback\logback-classic\1.1.3\logback-classic-1.1.3.jar;C:\Users\DheyClaveria\.m2\repository\ch\qos\logback\logback-core\1.1.3\logback-core-1.1.3.jar;C:\Users\DheyClaveria\.m2\repository\org\slf4j\slf4j-api\1.7.7\slf4j-api-1.7.7.jar;C:\Users\DheyClaveria\.m2\repository\org\json\json\20210307\json-20210307.jar;C:\Users\DheyClaveria\.m2\repository\com\ea\async\ea-async\1.2.3\ea-async-1.2.3.jar;C:\Users\DheyClaveria\.m2\repository\junit\junit\4.13.1\junit-4.13.1.jar;C:\Users\DheyClaveria\.m2\repository\org\hamcrest\hamcrest-core\1.3\hamcrest-core-1.3.jar;C:\Users\DheyClaveria\.m2\repository\io\cucumber\cucumber-core\7.2.3\cucumber-core-7.2.3.jar;C:\Users\DheyClaveria\.m2\repository\io\cucumber\cucumber-gherkin\7.2.3\cucumber-gherkin-7.2.3.jar;C:\Users\DheyClaveria\.m2\repository\io\cucumber\cucumber-gherkin-messages\7.2.3\cucumber-gherkin-messages-7.2.3.jar;C:\Users\DheyClaveria\.m2\repository\io\cucumber\messages\17.1.1\messages-17.1.1.jar;C:\Users\DheyClaveria\.m2\repository\io\cucumber\tag-expressions\4.1.0\tag-expressions-4.1.0.jar;C:\Users\DheyClaveria\.m2\repository\io\cucumber\cucumber-expressions\15.0.1\cucumber-expressions-15.0.1.jar;C:\Users\DheyClaveria\.m2\repository\io\cucumber\datatable\7.2.3\datatable-7.2.3.jar;C:\Users\DheyClaveria\.m2\repository\io\cucumber\cucumber-plugin\7.2.3\cucumber-plugin-7.2.3.jar;C:\Users\DheyClaveria\.m2\repository\io\cucumber\docstring\7.2.3\docstring-7.2.3.jar;C:\Users\DheyClaveria\.m2\repository\io\cucumber\html-formatter\17.0.0\html-formatter-17.0.0.jar;C:\Users\DheyClaveria\.m2\repository\io\cucumber\ci-environment\8.1.0\ci-environment-8.1.0.jar;C:\Users\DheyClaveria\.m2\repository\org\apiguardian\apiguardian-api\1.1.2\apiguardian-api-1.1.2.jar;C:\Users\DheyClaveria\.m2\repository\io\cucumber\cucumber-java\7.2.3\cucumber-java-7.2.3.jar;C:\Users\DheyClaveria\.m2\repository\io\cucumber\cucumber-junit\7.2.3\cucumber-junit-7.2.3.jar;C:\Users\DheyClaveria\.m2\repository\io\cucumber\cucumber-junit-platform-engine\7.2.3\cucumber-junit-platform-engine-7.2.3.jar;C:\Users\DheyClaveria\.m2\repository\org\junit\platform\junit-platform-engine\1.8.2\junit-platform-engine-1.8.2.jar;C:\Users\DheyClaveria\.m2\repository\org\opentest4j\opentest4j\1.2.0\opentest4j-1.2.0.jar;C:\Users\DheyClaveria\.m2\repository\org\junit\platform\junit-platform-commons\1.8.2\junit-platform-commons-1.8.2.jar;C:\Users\DheyClaveria\.m2\repository\org\junit\platform\junit-platform-suite\1.8.2\junit-platform-suite-1.8.2.jar;C:\Users\DheyClaveria\.m2\repository\org\junit\platform\junit-platform-suite-api\1.8.2\junit-platform-suite-api-1.8.2.jar;C:\Users\DheyClaveria\.m2\repository\org\junit\platform\junit-platform-suite-engine\1.8.2\junit-platform-suite-engine-1.8.2.jar;C:\Users\DheyClaveria\.m2\repository\org\junit\platform\junit-platform-suite-commons\1.8.2\junit-platform-suite-commons-1.8.2.jar;C:\Users\DheyClaveria\.m2\repository\org\junit\platform\junit-platform-launcher\1.8.2\junit-platform-launcher-1.8.2.jar;C:\Users\DheyClaveria\.m2\repository\org\junit\jupiter\junit-jupiter\5.8.2\junit-jupiter-5.8.2.jar;C:\Users\DheyClaveria\.m2\repository\org\junit\jupiter\junit-jupiter-api\5.8.2\junit-jupiter-api-5.8.2.jar;C:\Users\DheyClaveria\.m2\repository\org\junit\jupiter\junit-jupiter-params\5.8.2\junit-jupiter-params-5.8.2.jar;C:\Users\DheyClaveria\.m2\repository\org\junit\jupiter\junit-jupiter-engine\5.8.2\junit-jupiter-engine-5.8.2.jar;C:\Users\DheyClaveria\.m2\repository\org\junit\vintage\junit-vintage-engine\5.8.2\junit-vintage-engine-5.8.2.jar;C:\Users\DheyClaveria\.m2\repository\info\cukes\cucumber-java\1.2.5\cucumber-java-1.2.5.jar;C:\Users\DheyClaveria\.m2\repository\info\cukes\cucumber-core\1.2.5\cucumber-core-1.2.5.jar;C:\Users\DheyClaveria\.m2\repository\info\cukes\cucumber-html\0.2.3\cucumber-html-0.2.3.jar;C:\Users\DheyClaveria\.m2\repository\info\cukes\cucumber-jvm-deps\1.0.5\cucumber-jvm-deps-1.0.5.jar;C:\Users\DheyClaveria\.m2\repository\info\cukes\gherkin\2.12.2\gherkin-2.12.2.jar;C:\Users\DheyClaveria\.m2\repository\info\cukes\cucumber-junit\1.2.5\cucumber-junit-1.2.5.jar;C:\Users\DheyClaveria\.m2\repository\org\seleniumhq\selenium\selenium-java\3.141.59\selenium-java-3.141.59.jar;C:\Users\DheyClaveria\.m2\repository\org\seleniumhq\selenium\selenium-api\3.141.59\selenium-api-3.141.59.jar;C:\Users\DheyClaveria\.m2\repository\org\seleniumhq\selenium\selenium-chrome-driver\3.141.59\selenium-chrome-driver-3.141.59.jar;C:\Users\DheyClaveria\.m2\repository\org\seleniumhq\selenium\selenium-edge-driver\3.141.59\selenium-edge-driver-3.141.59.jar;C:\Users\DheyClaveria\.m2\repository\org\seleniumhq\selenium\selenium-firefox-driver\3.141.59\selenium-firefox-driver-3.141.59.jar;C:\Users\DheyClaveria\.m2\repository\org\seleniumhq\selenium\selenium-ie-driver\3.141.59\selenium-ie-driver-3.141.59.jar;C:\Users\DheyClaveria\.m2\repository\org\seleniumhq\selenium\selenium-opera-driver\3.141.59\selenium-opera-driver-3.141.59.jar;C:\Users\DheyClaveria\.m2\repository\org\seleniumhq\selenium\selenium-remote-driver\3.141.59\selenium-remote-driver-3.141.59.jar;C:\Users\DheyClaveria\.m2\repository\org\seleniumhq\selenium\selenium-safari-driver\3.141.59\selenium-safari-driver-3.141.59.jar;C:\Users\DheyClaveria\.m2\repository\org\seleniumhq\selenium\selenium-support\3.141.59\selenium-support-3.141.59.jar;C:\Users\DheyClaveria\.m2\repository\net\bytebuddy\byte-buddy\1.8.15\byte-buddy-1.8.15.jar;C:\Users\DheyClaveria\.m2\repository\org\apache\commons\commons-exec\1.3\commons-exec-1.3.jar;C:\Users\DheyClaveria\.m2\repository\com\google\guava\guava\25.0-jre\guava-25.0-jre.jar;C:\Users\DheyClaveria\.m2\repository\com\google\code\findbugs\jsr305\1.3.9\jsr305-1.3.9.jar;C:\Users\DheyClaveria\.m2\repository\org\checkerframework\checker-compat-qual\2.0.0\checker-compat-qual-2.0.0.jar;C:\Users\DheyClaveria\.m2\repository\com\google\errorprone\error_prone_annotations\2.1.3\error_prone_annotations-2.1.3.jar;C:\Users\DheyClaveria\.m2\repository\com\google\j2objc\j2objc-annotations\1.1\j2objc-annotations-1.1.jar;C:\Users\DheyClaveria\.m2\repository\org\codehaus\mojo\animal-sniffer-annotations\1.14\animal-sniffer-annotations-1.14.jar;C:\Users\DheyClaveria\.m2\repository\com\squareup\okhttp3\okhttp\3.11.0\okhttp-3.11.0.jar;C:\Users\DheyClaveria\.m2\repository\com\squareup\okio\okio\1.14.0\okio-1.14.0.jar;C:\Users\DheyClaveria\.m2\repository\io\github\bonigarcia\webdrivermanager\4.2.2\webdrivermanager-4.2.2.jar;C:\Users\DheyClaveria\.m2\repository\commons-io\commons-io\2.8.0\commons-io-2.8.0.jar;C:\Users\DheyClaveria\.m2\repository\com\google\code\gson\gson\2.8.6\gson-2.8.6.jar;C:\Users\DheyClaveria\.m2\repository\org\apache\httpcomponents\client5\httpclient5\5.0.1\httpclient5-5.0.1.jar;C:\Users\DheyClaveria\.m2\repository\org\apache\httpcomponents\core5\httpcore5\5.0.1\httpcore5-5.0.1.jar;C:\Users\DheyClaveria\.m2\repository\org\apache\httpcomponents\core5\httpcore5-h2\5.0.1\httpcore5-h2-5.0.1.jar;C:\Users\DheyClaveria\.m2\repository\org\rauschig\jarchivelib\1.1.0\jarchivelib-1.1.0.jar;C:\Users\DheyClaveria\.m2\repository\org\jsoup\jsoup\1.13.1\jsoup-1.13.1.jar;C:\Users\DheyClaveria\.m2\repository\tech\grasshopper\extentreports-cucumber7-adapter\1.3.0\extentreports-cucumber7-adapter-1.3.0.jar;C:\Users\DheyClaveria\.m2\repository\com\aventstack\extentreports\5.0.9\extentreports-5.0.9.jar;C:\Users\DheyClaveria\.m2\repository\io\reactivex\rxjava3\rxjava\3.0.4\rxjava-3.0.4.jar;C:\Users\DheyClaveria\.m2\repository\org\reactivestreams\reactive-streams\1.0.3\reactive-streams-1.0.3.jar;C:\Users\DheyClaveria\.m2\repository\org\freemarker\freemarker\2.3.30\freemarker-2.3.30.jar;C:\Users\DheyClaveria\.m2\repository\org\projectlombok\lombok\1.18.12\lombok-1.18.12.jar;C:\Users\DheyClaveria\.m2\repository\tech\grasshopper\extent-pdf-report\2.1.0\extent-pdf-report-2.1.0.jar;C:\Users\DheyClaveria\.m2\repository\tech\grasshopper\cucumber-pdf-report\2.5.0\cucumber-pdf-report-2.5.0.jar;C:\Users\DheyClaveria\.m2\repository\org\knowm\xchart\xchart\3.8.0\xchart-3.8.0.jar;C:\Users\DheyClaveria\.m2\repository\de\erichseifert\vectorgraphics2d\VectorGraphics2D\0.13\VectorGraphics2D-0.13.jar;C:\Users\DheyClaveria\.m2\repository\de\rototor\pdfbox\graphics2d\0.30\graphics2d-0.30.jar;C:\Users\DheyClaveria\.m2\repository\com\madgag\animated-gif-lib\1.4\animated-gif-lib-1.4.jar;C:\Users\DheyClaveria\.m2\repository\org\yaml\snakeyaml\1.28\snakeyaml-1.28.jar;C:\Users\DheyClaveria\.m2\repository\tech\grasshopper\table-layout\1.4.0\table-layout-1.4.0.jar;C:\Users\DheyClaveria\.m2\repository\tech\grasshopper\rest-assured-cucumber-pdf-report\1.1.0\rest-assured-cucumber-pdf-report-1.1.0.jar;C:\Users\DheyClaveria\.m2\repository\com\aventstack\klov-reporter\5.0.9\klov-reporter-5.0.9.jar;C:\Users\DheyClaveria\.m2\repository\org\mongodb\mongodb-driver\3.6.4\mongodb-driver-3.6.4.jar;C:\Users\DheyClaveria\.m2\repository\org\mongodb\mongodb-driver-core\3.6.4\mongodb-driver-core-3.6.4.jar;C:\Users\DheyClaveria\.m2\repository\org\mongodb\bson\3.6.4\bson-3.6.4.jar;C:\Users\DheyClaveria\.m2\repository\org\apache\httpcomponents\httpclient\4.5.13\httpclient-4.5.13.jar;C:\Users\DheyClaveria\.m2\repository\org\apache\httpcomponents\httpcore\4.4.13\httpcore-4.4.13.jar;C:\Users\DheyClaveria\.m2\repository\org\apache\httpcomponents\httpmime\4.5.13\httpmime-4.5.13.jar;C:\Users\DheyClaveria\.m2\repository\tech\grasshopper\htmlextentreporter\1.0.0\htmlextentreporter-1.0.0.jar;C:\Users\DheyClaveria\.m2\repository\org\testng\testng\6.14.3\testng-6.14.3.jar;C:\Users\DheyClaveria\.m2\repository\com\beust\jcommander\1.72\jcommander-1.72.jar;C:\Users\DheyClaveria\.m2\repository\org\apache-extras\beanshell\bsh\2.0b6\bsh-2.0b6.jar;C:\Users\DheyClaveria\.m2\repository\io\cucumber\cucumber-testng\7.2.3\cucumber-testng-7.2.3.jar;C:\Users\DheyClaveria\.m2\repository\org\apache\poi\poi\5.2.1\poi-5.2.1.jar;C:\Users\DheyClaveria\.m2\repository\commons-codec\commons-codec\1.15\commons-codec-1.15.jar;C:\Users\DheyClaveria\.m2\repository\org\apache\commons\commons-collections4\4.4\commons-collections4-4.4.jar;C:\Users\DheyClaveria\.m2\repository\org\apache\commons\commons-math3\3.6.1\commons-math3-3.6.1.jar;C:\Users\DheyClaveria\.m2\repository\com\zaxxer\SparseBitSet\1.2\SparseBitSet-1.2.jar;C:\Users\DheyClaveria\.m2\repository\org\apache\logging\log4j\log4j-api\2.17.1\log4j-api-2.17.1.jar;C:\Users\DheyClaveria\.m2\repository\org\apache\poi\poi-ooxml\5.2.1\poi-ooxml-5.2.1.jar;C:\Users\DheyClaveria\.m2\repository\org\apache\poi\poi-ooxml-lite\5.2.1\poi-ooxml-lite-5.2.1.jar;C:\Users\DheyClaveria\.m2\repository\org\apache\xmlbeans\xmlbeans\5.0.3\xmlbeans-5.0.3.jar;C:\Users\DheyClaveria\.m2\repository\org\apache\commons\commons-compress\1.21\commons-compress-1.21.jar;C:\Users\DheyClaveria\.m2\repository\com\github\virtuald\curvesapi\1.07\curvesapi-1.07.jar;"/>
    <property name="sun.cpu.endian" value="little"/>
    <property name="user.home" value="C:\Users\DheyClaveria"/>
    <property name="user.language" value="en"/>
    <property name="java.specification.vendor" value="Oracle Corporation"/>
    <property name="jdk.module.path" value="Z:\Automation\JavaCucumber\BDD_HCL\CucumberHCL\target\CucumberHCL-0.0.1-SNAPSHOT.jar"/>
    <property name="java.version.date" value="2020-10-20"/>
    <property name="java.home" value="C:\Program Files\Java\jdk-15.0.1"/>
    <property name="file.separator" value="\"/>
    <property name="basedir" value="Z:\Automation\JavaCucumber\BDD_HCL\CucumberHCL"/>
    <property name="java.vm.compressedOopsMode" value="Zero based"/>
    <property name="line.separator" value="&#10;"/>
    <property name="java.vm.specification.vendor" value="Oracle Corporation"/>
    <property name="java.specification.name" value="Java Platform API Specification"/>
    <property name="surefire.real.class.path" value="C:\Users\DheyClaveria\.m2\repository\org\apache\maven\surefire\surefire-booter\3.0.0-M5\surefire-booter-3.0.0-M5.jar;C:\Users\DheyClaveria\.m2\repository\org\apache\maven\surefire\surefire-api\3.0.0-M5\surefire-api-3.0.0-M5.jar;C:\Users\DheyClaveria\.m2\repository\org\apache\maven\surefire\surefire-logger-api\3.0.0-M5\surefire-logger-api-3.0.0-M5.jar;C:\Users\DheyClaveria\.m2\repository\org\apache\maven\surefire\surefire-shared-utils\3.0.0-M4\surefire-shared-utils-3.0.0-M4.jar;C:\Users\DheyClaveria\.m2\repository\org\apache\maven\surefire\surefire-extensions-spi\3.0.0-M5\surefire-extensions-spi-3.0.0-M5.jar;Z:\Automation\JavaCucumber\BDD_HCL\CucumberHCL\target\test-classes;C:\Users\DheyClaveria\.m2\repository\com\github\ralfstuckert\pdfbox-layout\pdfbox2-layout\1.0.1\pdfbox2-layout-1.0.1.jar;C:\Users\DheyClaveria\.m2\repository\org\apache\pdfbox\pdfbox\2.0.4\pdfbox-2.0.4.jar;C:\Users\DheyClaveria\.m2\repository\org\apache\pdfbox\fontbox\2.0.4\fontbox-2.0.4.jar;C:\Users\DheyClaveria\.m2\repository\commons-logging\commons-logging\1.2\commons-logging-1.2.jar;C:\Users\DheyClaveria\.m2\repository\io\rest-assured\rest-assured-all\4.3.2\rest-assured-all-4.3.2.jar;C:\Users\DheyClaveria\.m2\repository\org\codehaus\groovy\groovy\3.0.6\groovy-3.0.6.jar;C:\Users\DheyClaveria\.m2\repository\org\apache\commons\commons-lang3\3.11\commons-lang3-3.11.jar;C:\Users\DheyClaveria\.m2\repository\org\codehaus\groovy\groovy-xml\3.0.6\groovy-xml-3.0.6.jar;C:\Users\DheyClaveria\.m2\repository\org\ccil\cowan\tagsoup\tagsoup\1.2.1\tagsoup-1.2.1.jar;C:\Users\DheyClaveria\.m2\repository\jakarta\xml\bind\jakarta.xml.bind-api\2.3.3\jakarta.xml.bind-api-2.3.3.jar;C:\Users\DheyClaveria\.m2\repository\jakarta\activation\jakarta.activation-api\1.2.2\jakarta.activation-api-1.2.2.jar;C:\Users\DheyClaveria\.m2\repository\com\sun\xml\bind\jaxb-impl\2.3.3\jaxb-impl-2.3.3.jar;C:\Users\DheyClaveria\.m2\repository\org\codehaus\groovy\groovy-json\3.0.6\groovy-json-3.0.6.jar;C:\Users\DheyClaveria\.m2\repository\ch\qos\logback\logback-classic\1.1.3\logback-classic-1.1.3.jar;C:\Users\DheyClaveria\.m2\repository\ch\qos\logback\logback-core\1.1.3\logback-core-1.1.3.jar;C:\Users\DheyClaveria\.m2\repository\org\slf4j\slf4j-api\1.7.7\slf4j-api-1.7.7.jar;C:\Users\DheyClaveria\.m2\repository\org\json\json\20210307\json-20210307.jar;C:\Users\DheyClaveria\.m2\repository\com\ea\async\ea-async\1.2.3\ea-async-1.2.3.jar;C:\Users\DheyClaveria\.m2\repository\junit\junit\4.13.1\junit-4.13.1.jar;C:\Users\DheyClaveria\.m2\repository\org\hamcrest\hamcrest-core\1.3\hamcrest-core-1.3.jar;C:\Users\DheyClaveria\.m2\repository\io\cucumber\cucumber-core\7.2.3\cucumber-core-7.2.3.jar;C:\Users\DheyClaveria\.m2\repository\io\cucumber\cucumber-gherkin\7.2.3\cucumber-gherkin-7.2.3.jar;C:\Users\DheyClaveria\.m2\repository\io\cucumber\cucumber-gherkin-messages\7.2.3\cucumber-gherkin-messages-7.2.3.jar;C:\Users\DheyClaveria\.m2\repository\io\cucumber\messages\17.1.1\messages-17.1.1.jar;C:\Users\DheyClaveria\.m2\repository\io\cucumber\tag-expressions\4.1.0\tag-expressions-4.1.0.jar;C:\Users\DheyClaveria\.m2\repository\io\cucumber\cucumber-expressions\15.0.1\cucumber-expressions-15.0.1.jar;C:\Users\DheyClaveria\.m2\repository\io\cucumber\datatable\7.2.3\datatable-7.2.3.jar;C:\Users\DheyClaveria\.m2\repository\io\cucumber\cucumber-plugin\7.2.3\cucumber-plugin-7.2.3.jar;C:\Users\DheyClaveria\.m2\repository\io\cucumber\docstring\7.2.3\docstring-7.2.3.jar;C:\Users\DheyClaveria\.m2\repository\io\cucumber\html-formatter\17.0.0\html-formatter-17.0.0.jar;C:\Users\DheyClaveria\.m2\repository\io\cucumber\ci-environment\8.1.0\ci-environment-8.1.0.jar;C:\Users\DheyClaveria\.m2\repository\org\apiguardian\apiguardian-api\1.1.2\apiguardian-api-1.1.2.jar;C:\Users\DheyClaveria\.m2\repository\io\cucumber\cucumber-java\7.2.3\cucumber-java-7.2.3.jar;C:\Users\DheyClaveria\.m2\repository\io\cucumber\cucumber-junit\7.2.3\cucumber-junit-7.2.3.jar;C:\Users\DheyClaveria\.m2\repository\io\cucumber\cucumber-junit-platform-engine\7.2.3\cucumber-junit-platform-engine-7.2.3.jar;C:\Users\DheyClaveria\.m2\repository\org\junit\platform\junit-platform-engine\1.8.2\junit-platform-engine-1.8.2.jar;C:\Users\DheyClaveria\.m2\repository\org\opentest4j\opentest4j\1.2.0\opentest4j-1.2.0.jar;C:\Users\DheyClaveria\.m2\repository\org\junit\platform\junit-platform-commons\1.8.2\junit-platform-commons-1.8.2.jar;C:\Users\DheyClaveria\.m2\repository\org\junit\platform\junit-platform-suite\1.8.2\junit-platform-suite-1.8.2.jar;C:\Users\DheyClaveria\.m2\repository\org\junit\platform\junit-platform-suite-api\1.8.2\junit-platform-suite-api-1.8.2.jar;C:\Users\DheyClaveria\.m2\repository\org\junit\platform\junit-platform-suite-engine\1.8.2\junit-platform-suite-engine-1.8.2.jar;C:\Users\DheyClaveria\.m2\repository\org\junit\platform\junit-platform-suite-commons\1.8.2\junit-platform-suite-commons-1.8.2.jar;C:\Users\DheyClaveria\.m2\repository\org\junit\platform\junit-platform-launcher\1.8.2\junit-platform-launcher-1.8.2.jar;C:\Users\DheyClaveria\.m2\repository\org\junit\jupiter\junit-jupiter\5.8.2\junit-jupiter-5.8.2.jar;C:\Users\DheyClaveria\.m2\repository\org\junit\jupiter\junit-jupiter-api\5.8.2\junit-jupiter-api-5.8.2.jar;C:\Users\DheyClaveria\.m2\repository\org\junit\jupiter\junit-jupiter-params\5.8.2\junit-jupiter-params-5.8.2.jar;C:\Users\DheyClaveria\.m2\repository\org\junit\jupiter\junit-jupiter-engine\5.8.2\junit-jupiter-engine-5.8.2.jar;C:\Users\DheyClaveria\.m2\repository\org\junit\vintage\junit-vintage-engine\5.8.2\junit-vintage-engine-5.8.2.jar;C:\Users\DheyClaveria\.m2\repository\info\cukes\cucumber-java\1.2.5\cucumber-java-1.2.5.jar;C:\Users\DheyClaveria\.m2\repository\info\cukes\cucumber-core\1.2.5\cucumber-core-1.2.5.jar;C:\Users\DheyClaveria\.m2\repository\info\cukes\cucumber-html\0.2.3\cucumber-html-0.2.3.jar;C:\Users\DheyClaveria\.m2\repository\info\cukes\cucumber-jvm-deps\1.0.5\cucumber-jvm-deps-1.0.5.jar;C:\Users\DheyClaveria\.m2\repository\info\cukes\gherkin\2.12.2\gherkin-2.12.2.jar;C:\Users\DheyClaveria\.m2\repository\info\cukes\cucumber-junit\1.2.5\cucumber-junit-1.2.5.jar;C:\Users\DheyClaveria\.m2\repository\org\seleniumhq\selenium\selenium-java\3.141.59\selenium-java-3.141.59.jar;C:\Users\DheyClaveria\.m2\repository\org\seleniumhq\selenium\selenium-api\3.141.59\selenium-api-3.141.59.jar;C:\Users\DheyClaveria\.m2\repository\org\seleniumhq\selenium\selenium-chrome-driver\3.141.59\selenium-chrome-driver-3.141.59.jar;C:\Users\DheyClaveria\.m2\repository\org\seleniumhq\selenium\selenium-edge-driver\3.141.59\selenium-edge-driver-3.141.59.jar;C:\Users\DheyClaveria\.m2\repository\org\seleniumhq\selenium\selenium-firefox-driver\3.141.59\selenium-firefox-driver-3.141.59.jar;C:\Users\DheyClaveria\.m2\repository\org\seleniumhq\selenium\selenium-ie-driver\3.141.59\selenium-ie-driver-3.141.59.jar;C:\Users\DheyClaveria\.m2\repository\org\seleniumhq\selenium\selenium-opera-driver\3.141.59\selenium-opera-driver-3.141.59.jar;C:\Users\DheyClaveria\.m2\repository\org\seleniumhq\selenium\selenium-remote-driver\3.141.59\selenium-remote-driver-3.141.59.jar;C:\Users\DheyClaveria\.m2\repository\org\seleniumhq\selenium\selenium-safari-driver\3.141.59\selenium-safari-driver-3.141.59.jar;C:\Users\DheyClaveria\.m2\repository\org\seleniumhq\selenium\selenium-support\3.141.59\selenium-support-3.141.59.jar;C:\Users\DheyClaveria\.m2\repository\net\bytebuddy\byte-buddy\1.8.15\byte-buddy-1.8.15.jar;C:\Users\DheyClaveria\.m2\repository\org\apache\commons\commons-exec\1.3\commons-exec-1.3.jar;C:\Users\DheyClaveria\.m2\repository\com\google\guava\guava\25.0-jre\guava-25.0-jre.jar;C:\Users\DheyClaveria\.m2\repository\com\google\code\findbugs\jsr305\1.3.9\jsr305-1.3.9.jar;C:\Users\DheyClaveria\.m2\repository\org\checkerframework\checker-compat-qual\2.0.0\checker-compat-qual-2.0.0.jar;C:\Users\DheyClaveria\.m2\repository\com\google\errorprone\error_prone_annotations\2.1.3\error_prone_annotations-2.1.3.jar;C:\Users\DheyClaveria\.m2\repository\com\google\j2objc\j2objc-annotations\1.1\j2objc-annotations-1.1.jar;C:\Users\DheyClaveria\.m2\repository\org\codehaus\mojo\animal-sniffer-annotations\1.14\animal-sniffer-annotations-1.14.jar;C:\Users\DheyClaveria\.m2\repository\com\squareup\okhttp3\okhttp\3.11.0\okhttp-3.11.0.jar;C:\Users\DheyClaveria\.m2\repository\com\squareup\okio\okio\1.14.0\okio-1.14.0.jar;C:\Users\DheyClaveria\.m2\repository\io\github\bonigarcia\webdrivermanager\4.2.2\webdrivermanager-4.2.2.jar;C:\Users\DheyClaveria\.m2\repository\commons-io\commons-io\2.8.0\commons-io-2.8.0.jar;C:\Users\DheyClaveria\.m2\repository\com\google\code\gson\gson\2.8.6\gson-2.8.6.jar;C:\Users\DheyClaveria\.m2\repository\org\apache\httpcomponents\client5\httpclient5\5.0.1\httpclient5-5.0.1.jar;C:\Users\DheyClaveria\.m2\repository\org\apache\httpcomponents\core5\httpcore5\5.0.1\httpcore5-5.0.1.jar;C:\Users\DheyClaveria\.m2\repository\org\apache\httpcomponents\core5\httpcore5-h2\5.0.1\httpcore5-h2-5.0.1.jar;C:\Users\DheyClaveria\.m2\repository\org\rauschig\jarchivelib\1.1.0\jarchivelib-1.1.0.jar;C:\Users\DheyClaveria\.m2\repository\org\jsoup\jsoup\1.13.1\jsoup-1.13.1.jar;C:\Users\DheyClaveria\.m2\repository\tech\grasshopper\extentreports-cucumber7-adapter\1.3.0\extentreports-cucumber7-adapter-1.3.0.jar;C:\Users\DheyClaveria\.m2\repository\com\aventstack\extentreports\5.0.9\extentreports-5.0.9.jar;C:\Users\DheyClaveria\.m2\repository\io\reactivex\rxjava3\rxjava\3.0.4\rxjava-3.0.4.jar;C:\Users\DheyClaveria\.m2\repository\org\reactivestreams\reactive-streams\1.0.3\reactive-streams-1.0.3.jar;C:\Users\DheyClaveria\.m2\repository\org\freemarker\freemarker\2.3.30\freemarker-2.3.30.jar;C:\Users\DheyClaveria\.m2\repository\org\projectlombok\lombok\1.18.12\lombok-1.18.12.jar;C:\Users\DheyClaveria\.m2\repository\tech\grasshopper\extent-pdf-report\2.1.0\extent-pdf-report-2.1.0.jar;C:\Users\DheyClaveria\.m2\repository\tech\grasshopper\cucumber-pdf-report\2.5.0\cucumber-pdf-report-2.5.0.jar;C:\Users\DheyClaveria\.m2\repository\org\knowm\xchart\xchart\3.8.0\xchart-3.8.0.jar;C:\Users\DheyClaveria\.m2\repository\de\erichseifert\vectorgraphics2d\VectorGraphics2D\0.13\VectorGraphics2D-0.13.jar;C:\Users\DheyClaveria\.m2\repository\de\rototor\pdfbox\graphics2d\0.30\graphics2d-0.30.jar;C:\Users\DheyClaveria\.m2\repository\com\madgag\animated-gif-lib\1.4\animated-gif-lib-1.4.jar;C:\Users\DheyClaveria\.m2\repository\org\yaml\snakeyaml\1.28\snakeyaml-1.28.jar;C:\Users\DheyClaveria\.m2\repository\tech\grasshopper\table-layout\1.4.0\table-layout-1.4.0.jar;C:\Users\DheyClaveria\.m2\repository\tech\grasshopper\rest-assured-cucumber-pdf-report\1.1.0\rest-assured-cucumber-pdf-report-1.1.0.jar;C:\Users\DheyClaveria\.m2\repository\com\aventstack\klov-reporter\5.0.9\klov-reporter-5.0.9.jar;C:\Users\DheyClaveria\.m2\repository\org\mongodb\mongodb-driver\3.6.4\mongodb-driver-3.6.4.jar;C:\Users\DheyClaveria\.m2\repository\org\mongodb\mongodb-driver-core\3.6.4\mongodb-driver-core-3.6.4.jar;C:\Users\DheyClaveria\.m2\repository\org\mongodb\bson\3.6.4\bson-3.6.4.jar;C:\Users\DheyClaveria\.m2\repository\org\apache\httpcomponents\httpclient\4.5.13\httpclient-4.5.13.jar;C:\Users\DheyClaveria\.m2\repository\org\apache\httpcomponents\httpcore\4.4.13\httpcore-4.4.13.jar;C:\Users\DheyClaveria\.m2\repository\org\apache\httpcomponents\httpmime\4.5.13\httpmime-4.5.13.jar;C:\Users\DheyClaveria\.m2\repository\tech\grasshopper\htmlextentreporter\1.0.0\htmlextentreporter-1.0.0.jar;C:\Users\DheyClaveria\.m2\repository\org\testng\testng\6.14.3\testng-6.14.3.jar;C:\Users\DheyClaveria\.m2\repository\com\beust\jcommander\1.72\jcommander-1.72.jar;C:\Users\DheyClaveria\.m2\repository\org\apache-extras\beanshell\bsh\2.0b6\bsh-2.0b6.jar;C:\Users\DheyClaveria\.m2\repository\io\cucumber\cucumber-testng\7.2.3\cucumber-testng-7.2.3.jar;C:\Users\DheyClaveria\.m2\repository\org\apache\poi\poi\5.2.1\poi-5.2.1.jar;C:\Users\DheyClaveria\.m2\repository\commons-codec\commons-codec\1.15\commons-codec-1.15.jar;C:\Users\DheyClaveria\.m2\repository\org\apache\commons\commons-collections4\4.4\commons-collections4-4.4.jar;C:\Users\DheyClaveria\.m2\repository\org\apache\commons\commons-math3\3.6.1\commons-math3-3.6.1.jar;C:\Users\DheyClaveria\.m2\repository\com\zaxxer\SparseBitSet\1.2\SparseBitSet-1.2.jar;C:\Users\DheyClaveria\.m2\repository\org\apache\logging\log4j\log4j-api\2.17.1\log4j-api-2.17.1.jar;C:\Users\DheyClaveria\.m2\repository\org\apache\poi\poi-ooxml\5.2.1\poi-ooxml-5.2.1.jar;C:\Users\DheyClaveria\.m2\repository\org\apache\poi\poi-ooxml-lite\5.2.1\poi-ooxml-lite-5.2.1.jar;C:\Users\DheyClaveria\.m2\repository\org\apache\xmlbeans\xmlbeans\5.0.3\xmlbeans-5.0.3.jar;C:\Users\DheyClaveria\.m2\repository\org\apache\commons\commons-compress\1.21\commons-compress-1.21.jar;C:\Users\DheyClaveria\.m2\repository\com\github\virtuald\curvesapi\1.07\curvesapi-1.07.jar;C:\Users\DheyClaveria\.m2\repository\org\apache\maven\surefire\surefire-junit-platform\3.0.0-M5\surefire-junit-platform-3.0.0-M5.jar;C:\Users\DheyClaveria\.m2\repository\org\apache\maven\surefire\common-java5\3.0.0-M5\common-java5-3.0.0-M5.jar"/>
    <property name="user.script" value=""/>
    <property name="sun.management.compiler" value="HotSpot 64-Bit Tiered Compilers"/>
    <property name="java.runtime.version" value="15.0.1+9-18"/>
    <property name="user.name" value="DheyClaveria"/>
    <property name="path.separator" value=";"/>
    <property name="os.version" value="10.0"/>
    <property name="java.runtime.name" value="Java(TM) SE Runtime Environment"/>
    <property name="file.encoding" value="Cp1252"/>
    <property name="java.vm.name" value="Java HotSpot(TM) 64-Bit Server VM"/>
    <property name="localRepository" value="C:\Users\DheyClaveria\.m2\repository"/>
    <property name="java.vendor.url.bug" value="https://bugreport.java.com/bugreport/"/>
    <property name="java.io.tmpdir" value="C:\Users\DheyClaveria\AppData\Local\Temp\"/>
    <property name="java.version" value="15.0.1"/>
    <property name="user.dir" value="Z:\Automation\JavaCucumber\BDD_HCL\CucumberHCL"/>
    <property name="os.arch" value="amd64"/>
    <property name="java.vm.specification.name" value="Java Virtual Machine Specification"/>
    <property name="sun.os.patch.level" value=""/>
    <property name="java.library.path" value="C:\Program Files\Java\jdk-15.0.1\bin;C:\WINDOWS\Sun\Java\bin;C:\WINDOWS\system32;C:\WINDOWS;C:\Program Files\Common Files\Oracle\Java\javapath;C:\Program Files (x86)\Common Files\Intel\Shared Libraries\redist\intel64\compiler;C:\Windows\system32;C:\Windows;C:\Windows\System32\Wbem;C:\Windows\System32\WindowsPowerShell\v1.0\;C:\Windows\System32\OpenSSH\;C:\Program Files (x86)\NVIDIA Corporation\PhysX\Common;C:\Program Files\Microsoft SQL Server\120\Tools\Binn\;C:\Users\DheyClaveria\.dnx\bin;C:\Program Files\Microsoft DNX\Dnvm\;C:\Program Files\Microsoft SQL Server\130\Tools\Binn\;C:\Program Files (x86)\Microsoft SQL Server\130\Tools\Binn\;C:\Program Files (x86)\Microsoft SQL Server\130\DTS\Binn\;C:\Program Files\Microsoft SQL Server\130\DTS\Binn\;C:\Program Files\Microsoft SQL Server\Client SDK\ODBC\130\Tools\Binn\;C:\Program Files\nodejs\;C:\Program Files\NVIDIA Corporation\NVIDIA NvDLISR;C:\WINDOWS\system32;C:\WINDOWS;C:\WINDOWS\System32\Wbem;C:\WINDOWS\System32\WindowsPowerShell\v1.0\;C:\WINDOWS\System32\OpenSSH\;C:\Selenium;C:\Program Files\Git\cmd;C:\Program Files\Java\jdk-15.0.1\bin;;C:\WINDOWS\system32;C:\WINDOWS;C:\WINDOWS\System32\Wbem;C:\WINDOWS\System32\WindowsPowerShell\v1.0\;C:\WINDOWS\System32\OpenSSH\;C:\Program Files\dotnet\;C:\Users\DheyClaveria\AppData\Local\Programs\Python\Python39\Scripts\;C:\Users\DheyClaveria\AppData\Local\Programs\Python\Python39\;C:\Users\DheyClaveria\AppData\Local\Microsoft\WindowsApps;C:\Users\DheyClaveria\AppData\Local\GitHubDesktop\bin;C:\Users\DheyClaveria\AppData\Local\Programs\Microsoft VS Code\bin;C:\Users\DheyClaveria\AppData\Roaming\npm;C:\Users\DheyClaveria\AppData\Local\Microsoft\WindowsApps;C:\Program Files\Java\jdk-15.0.1\bin;C:\apache-maven-3.6.3\bin;C:\Program Files\nodejs;C:\Selenium;;."/>
    <property name="java.vm.info" value="mixed mode"/>
    <property name="java.vendor" value="Oracle Corporation"/>
    <property name="java.vm.version" value="15.0.1+9-18"/>
    <property name="sun.io.unicode.encoding" value="UnicodeLittle"/>
    <property name="java.class.version" value="59.0"/>
  </properties>
  <testcase name="Login fail possible combinations" classname="Test Invalid User Credentials Feature" time="43.016">
    <system-out><![CDATA[
@All @testInvalid
Scenario Outline: Login fail possible combinations                                                                                   &amp#27;[90m# src/main/resources/AppFeatures/ValidateAndVerifyInvalidLogin.feature:16&amp#27;[0m
12:42:08.430 [main] DEBUG com.pages.drivers.DriversFactory - Set up Browser
12:42:08.432 [main] DEBUG com.pages.drivers.DriversFactory - Initialize Driver Browser Configuration
12:42:08.432 [main] DEBUG com.pages.drivers.DriversFactory -  Driver Browser : chrome
12:42:08.661 [main] DEBUG i.g.b.wdm.cache.ResolutionCache - Resolution chrome=99 in cache (valid until 13:40:21 18/03/2022 CST)
12:42:08.662 [main] DEBUG i.g.b.wdm.cache.ResolutionCache - Resolution chrome99=99.0.4844.51 in cache (valid until 15:39:23 18/03/2022 CST)
12:42:08.663 [main] INFO  i.g.bonigarcia.wdm.WebDriverManager - Using chromedriver 99.0.4844.51 (resolved driver for Chrome 99)
12:42:08.672 [main] DEBUG i.g.bonigarcia.wdm.WebDriverManager - Driver chromedriver 99.0.4844.51 found in cache
12:42:08.672 [main] INFO  i.g.bonigarcia.wdm.WebDriverManager - Exporting webdriver.chrome.driver as C:\Users\DheyClaveria\.cache\selenium\chromedriver\win32\99.0.4844.51\chromedriver.exe
12:42:10.327 [main] DEBUG com.pages.LoginPage - verifyApplication: 'Login Page' 
  &amp#27;[32mGiven &amp#27;[0m&amp#27;[32mthat the user should navigate in PEGA Login Page&amp#27;[0m                                                                             &amp#27;[90m# stepdefinitions.LoginPageSteps.that_the_user_should_navigate_in_pega_login_page()&amp#27;[0m
12:42:15.346 [main] DEBUG com.pages.LoginPage - verifyPageElements : Current Element = 'By.xpath: //div[@id="credentials"]//div[@class="field user"]//input' 
12:42:15.415 [main] DEBUG com.pages.LoginPage - verifyPageElements : Current Element = 'By.xpath: //div[@id="credentials"]//div[@class="field password"]//input' 
12:42:15.461 [main] DEBUG com.pages.LoginPage - verifyPageElements : Current Element = 'By.xpath: //div[@id="credentials"]//button[contains(@class,"loginButton")]' 
  &amp#27;[32mAnd &amp#27;[0m&amp#27;[32muser verify the Login Page Elements is Visible&amp#27;[0m                                                                                 &amp#27;[90m# stepdefinitions.LoginPageSteps.user_verify_the_login_page_elements_is_visible()&amp#27;[0m
12:42:17.513 [main] DEBUG com.pages.LoginPage - enterUserCredentails: username = 'invalidUser' | password = 'InvalidPassword' 
12:42:17.663 [main] DEBUG com.pages.LoginPage - verifyErrorMessage: 'The information you entered was not recognized.' 
  &amp#27;[32mWhen &amp#27;[0m&amp#27;[32muser login using invalid credentials with username &amp#27;[0m&amp#27;[32m&amp#27;[1m"invalidUser"&amp#27;[0m&amp#27;[32m and password &amp#27;[0m&amp#27;[32m&amp#27;[1m"InvalidPassword"&amp#27;[0m                               &amp#27;[90m# stepdefinitions.LoginPageSteps.user_login_using_invalid_credentials_with_username_and_password(java.lang.String,java.lang.String)&amp#27;[0m
12:42:20.634 [main] DEBUG stepdefinitions.LoginPageSteps - [{username=invalidUser@vrbank0, password=pega123!}, {username=invalidUser@vrbank1, password=pega123!}, {username=invalidUser@vrbank2, password=pega123!}, {username=, password=}]
12:42:22.637 [main] DEBUG com.pages.LoginPage - enterUserCredentails: username = 'invalidUser@vrbank0' | password = 'pega123!' 
12:42:22.779 [main] DEBUG com.pages.LoginPage - verifyErrorMessage: 'The information you entered was not recognized.' 
12:42:27.350 [main] DEBUG com.pages.LoginPage - enterUserCredentails: username = 'invalidUser@vrbank1' | password = 'pega123!' 
12:42:27.607 [main] DEBUG com.pages.LoginPage - verifyErrorMessage: 'The information you entered was not recognized.' 
12:42:34.240 [main] DEBUG com.pages.LoginPage - enterUserCredentails: username = 'invalidUser@vrbank2' | password = 'pega123!' 
12:42:34.379 [main] DEBUG com.pages.LoginPage - verifyErrorMessage: 'The information you entered was not recognized.' 
12:42:38.948 [main] DEBUG com.pages.LoginPage - enterUserCredentails: username = '' | password = '' 
12:42:39.058 [main] DEBUG com.pages.LoginPage - verifyErrorMessage: 'The information you entered was not recognized.' 
  &amp#27;[32mWhen &amp#27;[0m&amp#27;[32muser login using invalid credentials form ExcelData with File &amp#27;[0m&amp#27;[32m&amp#27;[1m"InvalidUserCredentials"&amp#27;[0m&amp#27;[32m and SheetName &amp#27;[0m&amp#27;[32m&amp#27;[1m"InvalidUserCredentials"&amp#27;[0m &amp#27;[90m# stepdefinitions.LoginPageSteps.user_login_using_invalid_credentials_form_excel_data_with_file_and_sheet_name(java.lang.String,java.lang.String)&amp#27;[0m
12:42:41.631 [main] DEBUG com.pages.LoginPage - verifyApplication: 'Login Page' 
12:42:46.638 [main] DEBUG com.pages.LoginPage - verifyErrorMessage: 'The information you entered was not recognized.' 
  &amp#27;[32mThen &amp#27;[0m&amp#27;[32muser should not proceed to Dashboard Page&amp#27;[0m                                                                                     &amp#27;[90m# stepdefinitions.LoginPageSteps.user_should_not_proceed_to_dashboard_page()&amp#27;[0m
12:42:48.659 [main] DEBUG com.pages.LoginPage - verifyErrorMessage: 'The information you entered was not recognized.' 
  &amp#27;[32mThen &amp#27;[0m&amp#27;[32muser gets login failed error message&amp#27;[0m                                                                                          &amp#27;[90m# stepdefinitions.LoginPageSteps.user_gets_login_failed_error_message()&amp#27;[0m
12:42:50.692 [main] DEBUG com.pages.drivers.DriversFactory - close the browser
]]></system-out>
    <system-err><![CDATA[Starting ChromeDriver 99.0.4844.51 (d537ec02474b5afe23684e7963d538896c63ac77-refs/branch-heads/4844@{#875}) on port 48441
Only local connections are allowed.
Please see https://chromedriver.chromium.org/security-considerations for suggestions on keeping ChromeDriver safe.
ChromeDriver was started successfully.
Mar 18, 2022 12:42:10 PM org.openqa.selenium.remote.ProtocolHandshake createSession
INFO: Detected dialect: W3C
ERROR StatusLogger Log4j2 could not find a logging implementation. Please add log4j-core to the classpath. Using SimpleLogger to log to the console...
Cleaning up unclosed ZipFile for archive Z:\Automation\JavaCucumber\BDD_HCL\CucumberHCL\.\src\main\resources\TestData\InvalidUserCredentials.xlsx
]]></system-err>
  </testcase>
  <testcase name="Login to PEGA Site using Author, Manager and User" classname="Validate And Verify Login Page to PEGA Site" time="28.339">
    <system-out><![CDATA[
@All @Smoke @Test1
Scenario: Login to PEGA Site using Author, Manager and User                                            &amp#27;[90m# src/main/resources/AppFeatures/ValidateAndVerifyLoginPage.feature:19&amp#27;[0m
12:42:51.309 [main] DEBUG com.pages.drivers.DriversFactory - Set up Browser
12:42:51.309 [main] DEBUG com.pages.drivers.DriversFactory - Initialize Driver Browser Configuration
12:42:51.309 [main] DEBUG com.pages.drivers.DriversFactory -  Driver Browser : chrome
12:42:51.316 [main] DEBUG i.g.b.wdm.cache.ResolutionCache - Resolution chrome=99 in cache (valid until 13:40:21 18/03/2022 CST)
12:42:51.316 [main] DEBUG i.g.b.wdm.cache.ResolutionCache - Resolution chrome99=99.0.4844.51 in cache (valid until 15:39:23 18/03/2022 CST)
12:42:51.316 [main] INFO  i.g.bonigarcia.wdm.WebDriverManager - Using chromedriver 99.0.4844.51 (resolved driver for Chrome 99)
12:42:51.320 [main] DEBUG i.g.bonigarcia.wdm.WebDriverManager - Driver chromedriver 99.0.4844.51 found in cache
12:42:51.320 [main] INFO  i.g.bonigarcia.wdm.WebDriverManager - Exporting webdriver.chrome.driver as C:\Users\DheyClaveria\.cache\selenium\chromedriver\win32\99.0.4844.51\chromedriver.exe
12:42:52.606 [main] DEBUG com.pages.LoginPage - verifyApplication: 'Login Page' 
  &amp#27;[32mGiven &amp#27;[0m&amp#27;[32mthat the user should navigate in PEGA Login Page&amp#27;[0m                                               &amp#27;[90m# stepdefinitions.LoginPageSteps.that_the_user_should_navigate_in_pega_login_page()&amp#27;[0m
12:42:57.614 [main] DEBUG com.pages.LoginPage - verifyPageElements : Current Element = 'By.xpath: //div[@id="credentials"]//div[@class="field user"]//input' 
12:42:57.667 [main] DEBUG com.pages.LoginPage - verifyPageElements : Current Element = 'By.xpath: //div[@id="credentials"]//div[@class="field password"]//input' 
12:42:57.708 [main] DEBUG com.pages.LoginPage - verifyPageElements : Current Element = 'By.xpath: //div[@id="credentials"]//button[contains(@class,"loginButton")]' 
  &amp#27;[32mAnd &amp#27;[0m&amp#27;[32muser verify the Login Page Elements is Visible&amp#27;[0m                                                   &amp#27;[90m# stepdefinitions.LoginPageSteps.user_verify_the_login_page_elements_is_visible()&amp#27;[0m
12:42:59.759 [main] DEBUG com.pages.LoginPage - enterUserCredentails: username = 'invalidUser' | password = 'InvalidPassword' 
12:42:59.908 [main] DEBUG com.pages.LoginPage - verifyErrorMessage: 'The information you entered was not recognized.' 
  &amp#27;[32mWhen &amp#27;[0m&amp#27;[32muser login using invalid credentials with username &amp#27;[0m&amp#27;[32m&amp#27;[1m"invalidUser"&amp#27;[0m&amp#27;[32m and password &amp#27;[0m&amp#27;[32m&amp#27;[1m"InvalidPassword"&amp#27;[0m &amp#27;[90m# stepdefinitions.LoginPageSteps.user_login_using_invalid_credentials_with_username_and_password(java.lang.String,java.lang.String)&amp#27;[0m
12:43:02.470 [main] DEBUG com.pages.LoginPage - verifyApplication: 'Login Page' 
12:43:07.487 [main] DEBUG com.pages.LoginPage - verifyErrorMessage: 'The information you entered was not recognized.' 
  &amp#27;[32mThen &amp#27;[0m&amp#27;[32muser should not proceed to Dashboard Page&amp#27;[0m                                                       &amp#27;[90m# stepdefinitions.LoginPageSteps.user_should_not_proceed_to_dashboard_page()&amp#27;[0m
12:43:09.512 [main] DEBUG stepdefinitions.LoginPageSteps - List of User: [{username=author@vrbank, password=pega123!, titlePage=Pega Dev Studio}]
author@vrbanke.get("username")
12:43:11.526 [main] DEBUG com.pages.LoginPage - enterUserCredentails: username = 'author@vrbank' | password = 'pega123!' 
  &amp#27;[32mWhen &amp#27;[0m&amp#27;[32muser login using valid credentials&amp#27;[0m                                                              &amp#27;[90m# stepdefinitions.LoginPageSteps.user_login_using_valid_credentials(io.cucumber.datatable.DataTable)&amp#27;[0m
    | username      | password | titlePage       |
    | author@vrbank | pega123! | Pega Dev Studio |
12:43:14.033 [main] DEBUG com.pages.LoginPage - verifyApplication: 'Pega Dev Studio' 
  &amp#27;[32mThen &amp#27;[0m&amp#27;[32muser should proceed to Dashboard Page&amp#27;[0m                                                           &amp#27;[90m# stepdefinitions.LoginPageSteps.user_should_proceed_to_dashboard_page()&amp#27;[0m
12:43:19.039 [main] DEBUG com.pages.drivers.DriversFactory - close the browser
]]></system-out>
    <system-err><![CDATA[Starting ChromeDriver 99.0.4844.51 (d537ec02474b5afe23684e7963d538896c63ac77-refs/branch-heads/4844@{#875}) on port 21192
Only local connections are allowed.
Please see https://chromedriver.chromium.org/security-considerations for suggestions on keeping ChromeDriver safe.
ChromeDriver was started successfully.
Mar 18, 2022 12:42:52 PM org.openqa.selenium.remote.ProtocolHandshake createSession
INFO: Detected dialect: W3C
]]></system-err>
  </testcase>
  <testcase name="Login to PEGA Site using User" classname="Validate And Verify Login Page to PEGA Site" time="29.557">
    <system-out><![CDATA[
@All @Regression
Scenario: Login to PEGA Site using User                                                                &amp#27;[90m# src/main/resources/AppFeatures/ValidateAndVerifyLoginPage.feature:31&amp#27;[0m
12:43:19.642 [main] DEBUG com.pages.drivers.DriversFactory - Set up Browser
12:43:19.642 [main] DEBUG com.pages.drivers.DriversFactory - Initialize Driver Browser Configuration
12:43:19.643 [main] DEBUG com.pages.drivers.DriversFactory -  Driver Browser : chrome
12:43:19.650 [main] DEBUG i.g.b.wdm.cache.ResolutionCache - Resolution chrome=99 in cache (valid until 13:40:21 18/03/2022 CST)
12:43:19.651 [main] DEBUG i.g.b.wdm.cache.ResolutionCache - Resolution chrome99=99.0.4844.51 in cache (valid until 15:39:23 18/03/2022 CST)
12:43:19.651 [main] INFO  i.g.bonigarcia.wdm.WebDriverManager - Using chromedriver 99.0.4844.51 (resolved driver for Chrome 99)
12:43:19.655 [main] DEBUG i.g.bonigarcia.wdm.WebDriverManager - Driver chromedriver 99.0.4844.51 found in cache
12:43:19.656 [main] INFO  i.g.bonigarcia.wdm.WebDriverManager - Exporting webdriver.chrome.driver as C:\Users\DheyClaveria\.cache\selenium\chromedriver\win32\99.0.4844.51\chromedriver.exe
12:43:21.105 [main] DEBUG com.pages.LoginPage - verifyApplication: 'Login Page' 
  &amp#27;[32mGiven &amp#27;[0m&amp#27;[32mthat the user should navigate in PEGA Login Page&amp#27;[0m                                               &amp#27;[90m# stepdefinitions.LoginPageSteps.that_the_user_should_navigate_in_pega_login_page()&amp#27;[0m
12:43:26.121 [main] DEBUG com.pages.LoginPage - verifyPageElements : Current Element = 'By.xpath: //div[@id="credentials"]//div[@class="field user"]//input' 
12:43:26.175 [main] DEBUG com.pages.LoginPage - verifyPageElements : Current Element = 'By.xpath: //div[@id="credentials"]//div[@class="field password"]//input' 
12:43:26.215 [main] DEBUG com.pages.LoginPage - verifyPageElements : Current Element = 'By.xpath: //div[@id="credentials"]//button[contains(@class,"loginButton")]' 
  &amp#27;[32mAnd &amp#27;[0m&amp#27;[32muser verify the Login Page Elements is Visible&amp#27;[0m                                                   &amp#27;[90m# stepdefinitions.LoginPageSteps.user_verify_the_login_page_elements_is_visible()&amp#27;[0m
12:43:28.262 [main] DEBUG com.pages.LoginPage - enterUserCredentails: username = 'invalidUser' | password = 'InvalidPassword' 
12:43:28.416 [main] DEBUG com.pages.LoginPage - verifyErrorMessage: 'The information you entered was not recognized.' 
  &amp#27;[32mWhen &amp#27;[0m&amp#27;[32muser login using invalid credentials with username &amp#27;[0m&amp#27;[32m&amp#27;[1m"invalidUser"&amp#27;[0m&amp#27;[32m and password &amp#27;[0m&amp#27;[32m&amp#27;[1m"InvalidPassword"&amp#27;[0m &amp#27;[90m# stepdefinitions.LoginPageSteps.user_login_using_invalid_credentials_with_username_and_password(java.lang.String,java.lang.String)&amp#27;[0m
12:43:31.481 [main] DEBUG com.pages.LoginPage - verifyApplication: 'Login Page' 
12:43:36.494 [main] DEBUG com.pages.LoginPage - verifyErrorMessage: 'The information you entered was not recognized.' 
  &amp#27;[32mThen &amp#27;[0m&amp#27;[32muser should not proceed to Dashboard Page&amp#27;[0m                                                       &amp#27;[90m# stepdefinitions.LoginPageSteps.user_should_not_proceed_to_dashboard_page()&amp#27;[0m
12:43:40.521 [main] DEBUG com.pages.LoginPage - enterUserCredentails: username = 'user@vrbank' | password = 'pega123!' 
  &amp#27;[32mWhen &amp#27;[0m&amp#27;[32muser login using valid credentials with username &amp#27;[0m&amp#27;[32m&amp#27;[1m"user@vrbank"&amp#27;[0m&amp#27;[32m and password &amp#27;[0m&amp#27;[32m&amp#27;[1m"pega123!"&amp#27;[0m          &amp#27;[90m# stepdefinitions.LoginPageSteps.user_login_using_valid_credentials_with_username_and_password(java.lang.String,java.lang.String)&amp#27;[0m
12:43:43.572 [main] DEBUG com.pages.LoginPage - verifyApplication: 'Cosmos Application' 
  &amp#27;[32mThen &amp#27;[0m&amp#27;[32muser should proceed to Dashboard Page&amp#27;[0m                                                           &amp#27;[90m# stepdefinitions.LoginPageSteps.user_should_proceed_to_dashboard_page()&amp#27;[0m
12:43:48.588 [main] DEBUG com.pages.drivers.DriversFactory - close the browser
]]></system-out>
    <system-err><![CDATA[Starting ChromeDriver 99.0.4844.51 (d537ec02474b5afe23684e7963d538896c63ac77-refs/branch-heads/4844@{#875}) on port 40393
Only local connections are allowed.
Please see https://chromedriver.chromium.org/security-considerations for suggestions on keeping ChromeDriver safe.
ChromeDriver was started successfully.
Mar 18, 2022 12:43:20 PM org.openqa.selenium.remote.ProtocolHandshake createSession
INFO: Detected dialect: W3C
]]></system-err>
  </testcase>
</testsuite>