<?xml version="1.0" encoding="UTF-8"?>
<testsuite xmlns:xsi="http://www.w3.org/2001/XMLSchema-instance" xsi:noNamespaceSchemaLocation="https://maven.apache.org/surefire/maven-failsafe-plugin/xsd/failsafe-test-report-3.0.xsd" version="3.0" name="testsuites.HCLSerenityTestRunner" time="95.322" tests="3" errors="0" skipped="0" failures="0">
  <properties>
    <property name="java.specification.version" value="15"/>
    <property name="webdriver.chrome.driver" value="C:\Users\DheyClaveria\.cache\selenium\chromedriver\win32\99.0.4844.51\chromedriver.exe"/>
    <property name="sun.cpu.isalist" value="amd64"/>
    <property name="sun.jnu.encoding" value="Cp1252"/>
    <property name="java.class.path" value="Z:\Automation\JavaCucumber\BDD_HCL\CucumberHCL\target\test-classes;C:\Users\DheyClaveria\.m2\repository\com\github\ralfstuckert\pdfbox-layout\pdfbox2-layout\1.0.1\pdfbox2-layout-1.0.1.jar;C:\Users\DheyClaveria\.m2\repository\org\apache\pdfbox\pdfbox\2.0.4\pdfbox-2.0.4.jar;C:\Users\DheyClaveria\.m2\repository\org\apache\pdfbox\fontbox\2.0.4\fontbox-2.0.4.jar;C:\Users\DheyClaveria\.m2\repository\commons-logging\commons-logging\1.2\commons-logging-1.2.jar;C:\Users\DheyClaveria\.m2\repository\io\rest-assured\rest-assured-all\4.3.2\rest-assured-all-4.3.2.jar;C:\Users\DheyClaveria\.m2\repository\org\codehaus\groovy\groovy\3.0.6\groovy-3.0.6.jar;C:\Users\DheyClaveria\.m2\repository\org\apache\commons\commons-lang3\3.11\commons-lang3-3.11.jar;C:\Users\DheyClaveria\.m2\repository\org\codehaus\groovy\groovy-xml\3.0.6\groovy-xml-3.0.6.jar;C:\Users\DheyClaveria\.m2\repository\org\ccil\cowan\tagsoup\tagsoup\1.2.1\tagsoup-1.2.1.jar;C:\Users\DheyClaveria\.m2\repository\jakarta\xml\bind\jakarta.xml.bind-api\2.3.3\jakarta.xml.bind-api-2.3.3.jar;C:\Users\DheyClaveria\.m2\repository\jakarta\activation\jakarta.activation-api\1.2.2\jakarta.activation-api-1.2.2.jar;C:\Users\DheyClaveria\.m2\repository\com\sun\xml\bind\jaxb-impl\2.3.3\jaxb-impl-2.3.3.jar;C:\Users\DheyClaveria\.m2\repository\org\codehaus\groovy\groovy-json\3.0.6\groovy-json-3.0.6.jar;C:\Users\DheyClaveria\.m2\repository\ch\qos\logback\logback-classic\1.1.3\logback-classic-1.1.3.jar;C:\Users\DheyClaveria\.m2\repository\ch\qos\logback\logback-core\1.1.3\logback-core-1.1.3.jar;C:\Users\DheyClaveria\.m2\repository\org\slf4j\slf4j-api\1.7.7\slf4j-api-1.7.7.jar;C:\Users\DheyClaveria\.m2\repository\org\json\json\20210307\json-20210307.jar;C:\Users\DheyClaveria\.m2\repository\com\ea\async\ea-async\1.2.3\ea-async-1.2.3.jar;C:\Users\DheyClaveria\.m2\repository\junit\junit\4.13.1\junit-4.13.1.jar;C:\Users\DheyClaveria\.m2\repository\org\hamcrest\hamcrest-core\1.3\hamcrest-core-1.3.jar;C:\Users\DheyClaveria\.m2\repository\net\serenity-bdd\serenity-assertions\3.2.1\serenity-assertions-3.2.1.jar;C:\Users\DheyClaveria\.m2\repository\net\serenity-bdd\serenity-screenplay\3.2.1\serenity-screenplay-3.2.1.jar;C:\Users\DheyClaveria\.m2\repository\org\assertj\assertj-core\3.22.0\assertj-core-3.22.0.jar;C:\Users\DheyClaveria\.m2\repository\net\serenity-bdd\serenity-ensure\3.2.1\serenity-ensure-3.2.1.jar;C:\Users\DheyClaveria\.m2\repository\net\serenity-bdd\serenity-model\3.2.1\serenity-model-3.2.1.jar;C:\Users\DheyClaveria\.m2\repository\org\apache\commons\commons-text\1.9\commons-text-1.9.jar;C:\Users\DheyClaveria\.m2\repository\commons-net\commons-net\3.8.0\commons-net-3.8.0.jar;C:\Users\DheyClaveria\.m2\repository\com\google\inject\guice\5.1.0\guice-5.1.0.jar;C:\Users\DheyClaveria\.m2\repository\javax\inject\javax.inject\1\javax.inject-1.jar;C:\Users\DheyClaveria\.m2\repository\aopalliance\aopalliance\1.0\aopalliance-1.0.jar;C:\Users\DheyClaveria\.m2\repository\com\thoughtworks\xstream\xstream\1.4.19\xstream-1.4.19.jar;C:\Users\DheyClaveria\.m2\repository\io\github\x-stream\mxparser\1.2.2\mxparser-1.2.2.jar;C:\Users\DheyClaveria\.m2\repository\xmlpull\xmlpull\1.1.3.1\xmlpull-1.1.3.1.jar;C:\Users\DheyClaveria\.m2\repository\com\typesafe\config\1.4.2\config-1.4.2.jar;C:\Users\DheyClaveria\.m2\repository\org\imgscalr\imgscalr-lib\4.2\imgscalr-lib-4.2.jar;C:\Users\DheyClaveria\.m2\repository\org\awaitility\awaitility\4.2.0\awaitility-4.2.0.jar;C:\Users\DheyClaveria\.m2\repository\org\freemarker\freemarker\2.3.31\freemarker-2.3.31.jar;C:\Users\DheyClaveria\.m2\repository\io\github\classgraph\classgraph\4.8.138\classgraph-4.8.138.jar;C:\Users\DheyClaveria\.m2\repository\net\sourceforge\jexcelapi\jxl\2.6.12\jxl-2.6.12.jar;C:\Users\DheyClaveria\.m2\repository\net\bytebuddy\byte-buddy\1.12.8\byte-buddy-1.12.8.jar;C:\Users\DheyClaveria\.m2\repository\net\bytebuddy\byte-buddy-agent\1.12.8\byte-buddy-agent-1.12.8.jar;C:\Users\DheyClaveria\.m2\repository\org\objenesis\objenesis\3.1\objenesis-3.1.jar;C:\Users\DheyClaveria\.m2\repository\net\serenity-bdd\serenity-screenplay-webdriver\3.2.1\serenity-screenplay-webdriver-3.2.1.jar;C:\Users\DheyClaveria\.m2\repository\org\jetbrains\kotlin\kotlin-stdlib\1.6.0\kotlin-stdlib-1.6.0.jar;C:\Users\DheyClaveria\.m2\repository\org\jetbrains\annotations\13.0\annotations-13.0.jar;C:\Users\DheyClaveria\.m2\repository\org\jetbrains\kotlin\kotlin-stdlib-common\1.6.0\kotlin-stdlib-common-1.6.0.jar;C:\Users\DheyClaveria\.m2\repository\net\serenity-bdd\serenity-core\3.2.1\serenity-core-3.2.1.jar;C:\Users\DheyClaveria\.m2\repository\net\serenity-bdd\serenity-reports\3.2.1\serenity-reports-3.2.1.jar;C:\Users\DheyClaveria\.m2\repository\net\serenity-bdd\serenity-stats\3.2.1\serenity-stats-3.2.1.jar;C:\Users\DheyClaveria\.m2\repository\net\serenity-bdd\serenity-reports-configuration\3.2.1\serenity-reports-configuration-3.2.1.jar;C:\Users\DheyClaveria\.m2\repository\com\vladsch\flexmark\flexmark-all\0.34.30\flexmark-all-0.34.30.jar;C:\Users\DheyClaveria\.m2\repository\com\vladsch\flexmark\flexmark\0.34.30\flexmark-0.34.30.jar;C:\Users\DheyClaveria\.m2\repository\com\vladsch\flexmark\flexmark-ext-abbreviation\0.34.30\flexmark-ext-abbreviation-0.34.30.jar;C:\Users\DheyClaveria\.m2\repository\com\vladsch\flexmark\flexmark-ext-admonition\0.34.30\flexmark-ext-admonition-0.34.30.jar;C:\Users\DheyClaveria\.m2\repository\com\vladsch\flexmark\flexmark-ext-anchorlink\0.34.30\flexmark-ext-anchorlink-0.34.30.jar;C:\Users\DheyClaveria\.m2\repository\com\vladsch\flexmark\flexmark-ext-aside\0.34.30\flexmark-ext-aside-0.34.30.jar;C:\Users\DheyClaveria\.m2\repository\com\vladsch\flexmark\flexmark-ext-attributes\0.34.30\flexmark-ext-attributes-0.34.30.jar;C:\Users\DheyClaveria\.m2\repository\com\vladsch\flexmark\flexmark-ext-autolink\0.34.30\flexmark-ext-autolink-0.34.30.jar;C:\Users\DheyClaveria\.m2\repository\org\nibor\autolink\autolink\0.6.0\autolink-0.6.0.jar;C:\Users\DheyClaveria\.m2\repository\com\vladsch\flexmark\flexmark-ext-definition\0.34.30\flexmark-ext-definition-0.34.30.jar;C:\Users\DheyClaveria\.m2\repository\com\vladsch\flexmark\flexmark-ext-emoji\0.34.30\flexmark-ext-emoji-0.34.30.jar;C:\Users\DheyClaveria\.m2\repository\com\vladsch\flexmark\flexmark-ext-enumerated-reference\0.34.30\flexmark-ext-enumerated-reference-0.34.30.jar;C:\Users\DheyClaveria\.m2\repository\com\vladsch\flexmark\flexmark-ext-escaped-character\0.34.30\flexmark-ext-escaped-character-0.34.30.jar;C:\Users\DheyClaveria\.m2\repository\com\vladsch\flexmark\flexmark-ext-footnotes\0.34.30\flexmark-ext-footnotes-0.34.30.jar;C:\Users\DheyClaveria\.m2\repository\com\vladsch\flexmark\flexmark-ext-gfm-issues\0.34.30\flexmark-ext-gfm-issues-0.34.30.jar;C:\Users\DheyClaveria\.m2\repository\com\vladsch\flexmark\flexmark-ext-gfm-strikethrough\0.34.30\flexmark-ext-gfm-strikethrough-0.34.30.jar;C:\Users\DheyClaveria\.m2\repository\com\vladsch\flexmark\flexmark-ext-gfm-tables\0.34.30\flexmark-ext-gfm-tables-0.34.30.jar;C:\Users\DheyClaveria\.m2\repository\com\vladsch\flexmark\flexmark-ext-gfm-tasklist\0.34.30\flexmark-ext-gfm-tasklist-0.34.30.jar;C:\Users\DheyClaveria\.m2\repository\com\vladsch\flexmark\flexmark-ext-gfm-users\0.34.30\flexmark-ext-gfm-users-0.34.30.jar;C:\Users\DheyClaveria\.m2\repository\com\vladsch\flexmark\flexmark-ext-gitlab\0.34.30\flexmark-ext-gitlab-0.34.30.jar;C:\Users\DheyClaveria\.m2\repository\com\vladsch\flexmark\flexmark-ext-jekyll-front-matter\0.34.30\flexmark-ext-jekyll-front-matter-0.34.30.jar;C:\Users\DheyClaveria\.m2\repository\com\vladsch\flexmark\flexmark-ext-jekyll-tag\0.34.30\flexmark-ext-jekyll-tag-0.34.30.jar;C:\Users\DheyClaveria\.m2\repository\com\vladsch\flexmark\flexmark-ext-media-tags\0.34.30\flexmark-ext-media-tags-0.34.30.jar;C:\Users\DheyClaveria\.m2\repository\com\vladsch\flexmark\flexmark-test-util\0.34.30\flexmark-test-util-0.34.30.jar;C:\Users\DheyClaveria\.m2\repository\com\vladsch\flexmark\flexmark-ext-ins\0.34.30\flexmark-ext-ins-0.34.30.jar;C:\Users\DheyClaveria\.m2\repository\com\vladsch\flexmark\flexmark-ext-xwiki-macros\0.34.30\flexmark-ext-xwiki-macros-0.34.30.jar;C:\Users\DheyClaveria\.m2\repository\com\vladsch\flexmark\flexmark-ext-superscript\0.34.30\flexmark-ext-superscript-0.34.30.jar;C:\Users\DheyClaveria\.m2\repository\com\vladsch\flexmark\flexmark-ext-tables\0.34.30\flexmark-ext-tables-0.34.30.jar;C:\Users\DheyClaveria\.m2\repository\com\vladsch\flexmark\flexmark-ext-toc\0.34.30\flexmark-ext-toc-0.34.30.jar;C:\Users\DheyClaveria\.m2\repository\com\vladsch\flexmark\flexmark-ext-typographic\0.34.30\flexmark-ext-typographic-0.34.30.jar;C:\Users\DheyClaveria\.m2\repository\com\vladsch\flexmark\flexmark-ext-wikilink\0.34.30\flexmark-ext-wikilink-0.34.30.jar;C:\Users\DheyClaveria\.m2\repository\com\vladsch\flexmark\flexmark-ext-yaml-front-matter\0.34.30\flexmark-ext-yaml-front-matter-0.34.30.jar;C:\Users\DheyClaveria\.m2\repository\com\vladsch\flexmark\flexmark-ext-youtube-embedded\0.34.30\flexmark-ext-youtube-embedded-0.34.30.jar;C:\Users\DheyClaveria\.m2\repository\com\vladsch\flexmark\flexmark-formatter\0.34.30\flexmark-formatter-0.34.30.jar;C:\Users\DheyClaveria\.m2\repository\com\vladsch\flexmark\flexmark-html-parser\0.34.30\flexmark-html-parser-0.34.30.jar;C:\Users\DheyClaveria\.m2\repository\com\vladsch\flexmark\flexmark-jira-converter\0.34.30\flexmark-jira-converter-0.34.30.jar;C:\Users\DheyClaveria\.m2\repository\com\vladsch\flexmark\flexmark-pdf-converter\0.34.30\flexmark-pdf-converter-0.34.30.jar;C:\Users\DheyClaveria\.m2\repository\com\openhtmltopdf\openhtmltopdf-core\0.0.1-RC13\openhtmltopdf-core-0.0.1-RC13.jar;C:\Users\DheyClaveria\.m2\repository\com\openhtmltopdf\openhtmltopdf-pdfbox\0.0.1-RC13\openhtmltopdf-pdfbox-0.0.1-RC13.jar;C:\Users\DheyClaveria\.m2\repository\org\apache\pdfbox\xmpbox\2.0.8\xmpbox-2.0.8.jar;C:\Users\DheyClaveria\.m2\repository\com\openhtmltopdf\openhtmltopdf-rtl-support\0.0.1-RC13\openhtmltopdf-rtl-support-0.0.1-RC13.jar;C:\Users\DheyClaveria\.m2\repository\com\ibm\icu\icu4j\59.1\icu4j-59.1.jar;C:\Users\DheyClaveria\.m2\repository\com\openhtmltopdf\openhtmltopdf-jsoup-dom-converter\0.0.1-RC13\openhtmltopdf-jsoup-dom-converter-0.0.1-RC13.jar;C:\Users\DheyClaveria\.m2\repository\com\vladsch\flexmark\flexmark-profile-pegdown\0.34.30\flexmark-profile-pegdown-0.34.30.jar;C:\Users\DheyClaveria\.m2\repository\com\vladsch\flexmark\flexmark-util\0.34.30\flexmark-util-0.34.30.jar;C:\Users\DheyClaveria\.m2\repository\com\vladsch\flexmark\flexmark-youtrack-converter\0.34.30\flexmark-youtrack-converter-0.34.30.jar;C:\Users\DheyClaveria\.m2\repository\es\nitaur\markdown\txtmark\0.16\txtmark-0.16.jar;C:\Users\DheyClaveria\.m2\repository\net\serenity-bdd\serenity-report-resources\3.2.1\serenity-report-resources-3.2.1.jar;C:\Users\DheyClaveria\.m2\repository\com\google\code\gson\gson\2.9.0\gson-2.9.0.jar;C:\Users\DheyClaveria\.m2\repository\com\fasterxml\jackson\core\jackson-core\2.13.2\jackson-core-2.13.2.jar;C:\Users\DheyClaveria\.m2\repository\com\fasterxml\jackson\core\jackson-databind\2.13.2\jackson-databind-2.13.2.jar;C:\Users\DheyClaveria\.m2\repository\com\fasterxml\jackson\core\jackson-annotations\2.13.2\jackson-annotations-2.13.2.jar;C:\Users\DheyClaveria\.m2\repository\commons-codec\commons-codec\1.15\commons-codec-1.15.jar;C:\Users\DheyClaveria\.m2\repository\commons-io\commons-io\2.11.0\commons-io-2.11.0.jar;C:\Users\DheyClaveria\.m2\repository\org\seleniumhq\selenium\selenium-api\4.1.2\selenium-api-4.1.2.jar;C:\Users\DheyClaveria\.m2\repository\org\seleniumhq\selenium\selenium-support\4.1.2\selenium-support-4.1.2.jar;C:\Users\DheyClaveria\.m2\repository\org\seleniumhq\selenium\selenium-firefox-driver\4.1.2\selenium-firefox-driver-4.1.2.jar;C:\Users\DheyClaveria\.m2\repository\org\seleniumhq\selenium\selenium-edge-driver\4.1.2\selenium-edge-driver-4.1.2.jar;C:\Users\DheyClaveria\.m2\repository\org\seleniumhq\selenium\selenium-ie-driver\4.1.2\selenium-ie-driver-4.1.2.jar;C:\Users\DheyClaveria\.m2\repository\org\projectlombok\lombok\1.18.20\lombok-1.18.20.jar;C:\Users\DheyClaveria\.m2\repository\io\appium\java-client\8.0.0\java-client-8.0.0.jar;C:\Users\DheyClaveria\.m2\repository\commons-validator\commons-validator\1.7\commons-validator-1.7.jar;C:\Users\DheyClaveria\.m2\repository\commons-digester\commons-digester\2.1\commons-digester-2.1.jar;C:\Users\DheyClaveria\.m2\repository\org\aspectj\aspectjweaver\1.9.8\aspectjweaver-1.9.8.jar;C:\Users\DheyClaveria\.m2\repository\net\sf\opencsv\opencsv\2.0\opencsv-2.0.jar;C:\Users\DheyClaveria\.m2\repository\commons-beanutils\commons-beanutils\1.9.4\commons-beanutils-1.9.4.jar;C:\Users\DheyClaveria\.m2\repository\commons-collections\commons-collections\3.2.2\commons-collections-3.2.2.jar;C:\Users\DheyClaveria\.m2\repository\org\fluentlenium\fluentlenium-core\0.10.2\fluentlenium-core-0.10.2.jar;C:\Users\DheyClaveria\.m2\repository\com\jhlabs\filters\2.0.235\filters-2.0.235.jar;C:\Users\DheyClaveria\.m2\repository\com\paulhammant\ngwebdriver\1.1.6\ngwebdriver-1.1.6.jar;C:\Users\DheyClaveria\.m2\repository\joda-time\joda-time\2.8.2\joda-time-2.8.2.jar;C:\Users\DheyClaveria\.m2\repository\org\hamcrest\hamcrest\2.2\hamcrest-2.2.jar;C:\Users\DheyClaveria\.m2\repository\com\google\jimfs\jimfs\1.2\jimfs-1.2.jar;C:\Users\DheyClaveria\.m2\repository\org\mockito\mockito-core\3.3.3\mockito-core-3.3.3.jar;C:\Users\DheyClaveria\.m2\repository\javax\xml\bind\jaxb-api\2.3.1\jaxb-api-2.3.1.jar;C:\Users\DheyClaveria\.m2\repository\javax\activation\javax.activation-api\1.2.0\javax.activation-api-1.2.0.jar;C:\Users\DheyClaveria\.m2\repository\com\sun\xml\bind\jaxb-core\2.3.0.1\jaxb-core-2.3.0.1.jar;C:\Users\DheyClaveria\.m2\repository\javax\activation\activation\1.1.1\activation-1.1.1.jar;C:\Users\DheyClaveria\.m2\repository\net\serenity-bdd\serenity-junit\3.2.1\serenity-junit-3.2.1.jar;C:\Users\DheyClaveria\.m2\repository\net\serenity-bdd\serenity-cucumber\3.2.1\serenity-cucumber-3.2.1.jar;C:\Users\DheyClaveria\.m2\repository\org\apache\commons\commons-csv\1.5\commons-csv-1.5.jar;C:\Users\DheyClaveria\.m2\repository\net\serenity-bdd\serenity-rest-assured\3.2.1\serenity-rest-assured-3.2.1.jar;C:\Users\DheyClaveria\.m2\repository\org\apache\httpcomponents\httpclient\4.5.13\httpclient-4.5.13.jar;C:\Users\DheyClaveria\.m2\repository\org\apache\httpcomponents\httpcore\4.4.13\httpcore-4.4.13.jar;C:\Users\DheyClaveria\.m2\repository\io\rest-assured\rest-assured\4.5.1\rest-assured-4.5.1.jar;C:\Users\DheyClaveria\.m2\repository\org\apache\httpcomponents\httpmime\4.5.13\httpmime-4.5.13.jar;C:\Users\DheyClaveria\.m2\repository\io\rest-assured\json-path\4.5.1\json-path-4.5.1.jar;C:\Users\DheyClaveria\.m2\repository\io\rest-assured\rest-assured-common\4.5.1\rest-assured-common-4.5.1.jar;C:\Users\DheyClaveria\.m2\repository\io\rest-assured\xml-path\4.5.1\xml-path-4.5.1.jar;C:\Users\DheyClaveria\.m2\repository\org\opentest4j\opentest4j\1.2.0\opentest4j-1.2.0.jar;C:\Users\DheyClaveria\.m2\repository\io\cucumber\cucumber-java\7.2.3\cucumber-java-7.2.3.jar;C:\Users\DheyClaveria\.m2\repository\org\apiguardian\apiguardian-api\1.1.2\apiguardian-api-1.1.2.jar;C:\Users\DheyClaveria\.m2\repository\io\cucumber\cucumber-junit\7.2.3\cucumber-junit-7.2.3.jar;C:\Users\DheyClaveria\.m2\repository\io\cucumber\cucumber-core\7.2.3\cucumber-core-7.2.3.jar;C:\Users\DheyClaveria\.m2\repository\io\cucumber\cucumber-gherkin\7.2.3\cucumber-gherkin-7.2.3.jar;C:\Users\DheyClaveria\.m2\repository\io\cucumber\cucumber-gherkin-messages\7.2.3\cucumber-gherkin-messages-7.2.3.jar;C:\Users\DheyClaveria\.m2\repository\io\cucumber\messages\17.1.1\messages-17.1.1.jar;C:\Users\DheyClaveria\.m2\repository\io\cucumber\tag-expressions\4.1.0\tag-expressions-4.1.0.jar;C:\Users\DheyClaveria\.m2\repository\io\cucumber\cucumber-expressions\15.0.1\cucumber-expressions-15.0.1.jar;C:\Users\DheyClaveria\.m2\repository\io\cucumber\datatable\7.2.3\datatable-7.2.3.jar;C:\Users\DheyClaveria\.m2\repository\io\cucumber\cucumber-plugin\7.2.3\cucumber-plugin-7.2.3.jar;C:\Users\DheyClaveria\.m2\repository\io\cucumber\docstring\7.2.3\docstring-7.2.3.jar;C:\Users\DheyClaveria\.m2\repository\io\cucumber\html-formatter\17.0.0\html-formatter-17.0.0.jar;C:\Users\DheyClaveria\.m2\repository\io\cucumber\ci-environment\8.1.0\ci-environment-8.1.0.jar;C:\Users\DheyClaveria\.m2\repository\io\cucumber\cucumber-junit-platform-engine\7.2.3\cucumber-junit-platform-engine-7.2.3.jar;C:\Users\DheyClaveria\.m2\repository\org\junit\platform\junit-platform-engine\1.8.2\junit-platform-engine-1.8.2.jar;C:\Users\DheyClaveria\.m2\repository\org\junit\platform\junit-platform-commons\1.8.2\junit-platform-commons-1.8.2.jar;C:\Users\DheyClaveria\.m2\repository\org\junit\platform\junit-platform-suite\1.8.2\junit-platform-suite-1.8.2.jar;C:\Users\DheyClaveria\.m2\repository\org\junit\platform\junit-platform-suite-api\1.8.2\junit-platform-suite-api-1.8.2.jar;C:\Users\DheyClaveria\.m2\repository\org\junit\platform\junit-platform-suite-engine\1.8.2\junit-platform-suite-engine-1.8.2.jar;C:\Users\DheyClaveria\.m2\repository\org\junit\platform\junit-platform-suite-commons\1.8.2\junit-platform-suite-commons-1.8.2.jar;C:\Users\DheyClaveria\.m2\repository\org\junit\platform\junit-platform-launcher\1.8.2\junit-platform-launcher-1.8.2.jar;C:\Users\DheyClaveria\.m2\repository\org\junit\jupiter\junit-jupiter\5.8.2\junit-jupiter-5.8.2.jar;C:\Users\DheyClaveria\.m2\repository\org\junit\jupiter\junit-jupiter-api\5.8.2\junit-jupiter-api-5.8.2.jar;C:\Users\DheyClaveria\.m2\repository\org\junit\jupiter\junit-jupiter-params\5.8.2\junit-jupiter-params-5.8.2.jar;C:\Users\DheyClaveria\.m2\repository\org\junit\jupiter\junit-jupiter-engine\5.8.2\junit-jupiter-engine-5.8.2.jar;C:\Users\DheyClaveria\.m2\repository\org\junit\vintage\junit-vintage-engine\5.8.2\junit-vintage-engine-5.8.2.jar;C:\Users\DheyClaveria\.m2\repository\info\cukes\cucumber-java\1.2.5\cucumber-java-1.2.5.jar;C:\Users\DheyClaveria\.m2\repository\info\cukes\cucumber-core\1.2.5\cucumber-core-1.2.5.jar;C:\Users\DheyClaveria\.m2\repository\info\cukes\cucumber-html\0.2.3\cucumber-html-0.2.3.jar;C:\Users\DheyClaveria\.m2\repository\info\cukes\cucumber-jvm-deps\1.0.5\cucumber-jvm-deps-1.0.5.jar;C:\Users\DheyClaveria\.m2\repository\info\cukes\gherkin\2.12.2\gherkin-2.12.2.jar;C:\Users\DheyClaveria\.m2\repository\info\cukes\cucumber-junit\1.2.5\cucumber-junit-1.2.5.jar;C:\Users\DheyClaveria\.m2\repository\org\seleniumhq\selenium\selenium-java\4.1.1\selenium-java-4.1.1.jar;C:\Users\DheyClaveria\.m2\repository\org\seleniumhq\selenium\selenium-devtools-v85\4.1.1\selenium-devtools-v85-4.1.1.jar;C:\Users\DheyClaveria\.m2\repository\org\seleniumhq\selenium\selenium-devtools-v94\4.1.1\selenium-devtools-v94-4.1.1.jar;C:\Users\DheyClaveria\.m2\repository\org\seleniumhq\selenium\selenium-devtools-v95\4.1.1\selenium-devtools-v95-4.1.1.jar;C:\Users\DheyClaveria\.m2\repository\org\seleniumhq\selenium\selenium-devtools-v96\4.1.1\selenium-devtools-v96-4.1.1.jar;C:\Users\DheyClaveria\.m2\repository\org\seleniumhq\selenium\selenium-firefox-xpi-driver\4.1.1\selenium-firefox-xpi-driver-4.1.1.jar;C:\Users\DheyClaveria\.m2\repository\org\seleniumhq\selenium\selenium-opera-driver\4.1.1\selenium-opera-driver-4.1.1.jar;C:\Users\DheyClaveria\.m2\repository\org\seleniumhq\selenium\selenium-remote-driver\4.1.1\selenium-remote-driver-4.1.1.jar;C:\Users\DheyClaveria\.m2\repository\io\netty\netty-buffer\4.1.70.Final\netty-buffer-4.1.70.Final.jar;C:\Users\DheyClaveria\.m2\repository\io\netty\netty-codec-http\4.1.70.Final\netty-codec-http-4.1.70.Final.jar;C:\Users\DheyClaveria\.m2\repository\io\netty\netty-codec\4.1.70.Final\netty-codec-4.1.70.Final.jar;C:\Users\DheyClaveria\.m2\repository\io\netty\netty-handler\4.1.70.Final\netty-handler-4.1.70.Final.jar;C:\Users\DheyClaveria\.m2\repository\io\netty\netty-common\4.1.70.Final\netty-common-4.1.70.Final.jar;C:\Users\DheyClaveria\.m2\repository\io\netty\netty-transport-classes-epoll\4.1.70.Final\netty-transport-classes-epoll-4.1.70.Final.jar;C:\Users\DheyClaveria\.m2\repository\io\netty\netty-transport-classes-kqueue\4.1.70.Final\netty-transport-classes-kqueue-4.1.70.Final.jar;C:\Users\DheyClaveria\.m2\repository\io\netty\netty-transport-native-unix-common\4.1.70.Final\netty-transport-native-unix-common-4.1.70.Final.jar;C:\Users\DheyClaveria\.m2\repository\io\netty\netty-transport\4.1.70.Final\netty-transport-4.1.70.Final.jar;C:\Users\DheyClaveria\.m2\repository\io\netty\netty-resolver\4.1.70.Final\netty-resolver-4.1.70.Final.jar;C:\Users\DheyClaveria\.m2\repository\io\opentelemetry\opentelemetry-api\1.9.1\opentelemetry-api-1.9.1.jar;C:\Users\DheyClaveria\.m2\repository\io\opentelemetry\opentelemetry-context\1.9.1\opentelemetry-context-1.9.1.jar;C:\Users\DheyClaveria\.m2\repository\io\opentelemetry\opentelemetry-exporter-logging\1.9.1\opentelemetry-exporter-logging-1.9.1.jar;C:\Users\DheyClaveria\.m2\repository\io\opentelemetry\opentelemetry-sdk-metrics\1.9.1-alpha\opentelemetry-sdk-metrics-1.9.1-alpha.jar;C:\Users\DheyClaveria\.m2\repository\io\opentelemetry\opentelemetry-sdk-logs\1.9.1-alpha\opentelemetry-sdk-logs-1.9.1-alpha.jar;C:\Users\DheyClaveria\.m2\repository\io\opentelemetry\opentelemetry-sdk-common\1.9.1\opentelemetry-sdk-common-1.9.1.jar;C:\Users\DheyClaveria\.m2\repository\io\opentelemetry\opentelemetry-sdk-extension-autoconfigure-spi\1.9.1\opentelemetry-sdk-extension-autoconfigure-spi-1.9.1.jar;C:\Users\DheyClaveria\.m2\repository\io\opentelemetry\opentelemetry-sdk-extension-autoconfigure\1.9.1-alpha\opentelemetry-sdk-extension-autoconfigure-1.9.1-alpha.jar;C:\Users\DheyClaveria\.m2\repository\io\opentelemetry\opentelemetry-sdk-trace\1.9.1\opentelemetry-sdk-trace-1.9.1.jar;C:\Users\DheyClaveria\.m2\repository\io\opentelemetry\opentelemetry-api-metrics\1.9.1-alpha\opentelemetry-api-metrics-1.9.1-alpha.jar;C:\Users\DheyClaveria\.m2\repository\io\opentelemetry\opentelemetry-sdk\1.9.1\opentelemetry-sdk-1.9.1.jar;C:\Users\DheyClaveria\.m2\repository\io\opentelemetry\opentelemetry-semconv\1.9.1-alpha\opentelemetry-semconv-1.9.1-alpha.jar;C:\Users\DheyClaveria\.m2\repository\io\ous\jtoml\2.0.0\jtoml-2.0.0.jar;C:\Users\DheyClaveria\.m2\repository\org\apache\commons\commons-exec\1.3\commons-exec-1.3.jar;C:\Users\DheyClaveria\.m2\repository\org\asynchttpclient\async-http-client\2.12.3\async-http-client-2.12.3.jar;C:\Users\DheyClaveria\.m2\repository\org\asynchttpclient\async-http-client-netty-utils\2.12.3\async-http-client-netty-utils-2.12.3.jar;C:\Users\DheyClaveria\.m2\repository\io\netty\netty-codec-socks\4.1.60.Final\netty-codec-socks-4.1.60.Final.jar;C:\Users\DheyClaveria\.m2\repository\io\netty\netty-handler-proxy\4.1.60.Final\netty-handler-proxy-4.1.60.Final.jar;C:\Users\DheyClaveria\.m2\repository\io\netty\netty-transport-native-epoll\4.1.60.Final\netty-transport-native-epoll-4.1.60.Final-linux-x86_64.jar;C:\Users\DheyClaveria\.m2\repository\io\netty\netty-transport-native-kqueue\4.1.60.Final\netty-transport-native-kqueue-4.1.60.Final-osx-x86_64.jar;C:\Users\DheyClaveria\.m2\repository\org\reactivestreams\reactive-streams\1.0.3\reactive-streams-1.0.3.jar;C:\Users\DheyClaveria\.m2\repository\com\typesafe\netty\netty-reactive-streams\2.0.4\netty-reactive-streams-2.0.4.jar;C:\Users\DheyClaveria\.m2\repository\com\sun\activation\jakarta.activation\1.2.2\jakarta.activation-1.2.2.jar;C:\Users\DheyClaveria\.m2\repository\org\seleniumhq\selenium\selenium-http\4.1.1\selenium-http-4.1.1.jar;C:\Users\DheyClaveria\.m2\repository\net\jodah\failsafe\2.4.4\failsafe-2.4.4.jar;C:\Users\DheyClaveria\.m2\repository\org\seleniumhq\selenium\selenium-safari-driver\4.1.1\selenium-safari-driver-4.1.1.jar;C:\Users\DheyClaveria\.m2\repository\org\seleniumhq\selenium\selenium-chrome-driver\4.1.1\selenium-chrome-driver-4.1.1.jar;C:\Users\DheyClaveria\.m2\repository\com\google\auto\service\auto-service-annotations\1.0.1\auto-service-annotations-1.0.1.jar;C:\Users\DheyClaveria\.m2\repository\com\google\auto\service\auto-service\1.0.1\auto-service-1.0.1.jar;C:\Users\DheyClaveria\.m2\repository\com\google\auto\auto-common\1.2\auto-common-1.2.jar;C:\Users\DheyClaveria\.m2\repository\com\google\guava\guava\31.0.1-jre\guava-31.0.1-jre.jar;C:\Users\DheyClaveria\.m2\repository\com\google\guava\failureaccess\1.0.1\failureaccess-1.0.1.jar;C:\Users\DheyClaveria\.m2\repository\com\google\guava\listenablefuture\9999.0-empty-to-avoid-conflict-with-guava\listenablefuture-9999.0-empty-to-avoid-conflict-with-guava.jar;C:\Users\DheyClaveria\.m2\repository\com\google\code\findbugs\jsr305\3.0.2\jsr305-3.0.2.jar;C:\Users\DheyClaveria\.m2\repository\org\checkerframework\checker-qual\3.12.0\checker-qual-3.12.0.jar;C:\Users\DheyClaveria\.m2\repository\com\google\errorprone\error_prone_annotations\2.7.1\error_prone_annotations-2.7.1.jar;C:\Users\DheyClaveria\.m2\repository\com\google\j2objc\j2objc-annotations\1.3\j2objc-annotations-1.3.jar;C:\Users\DheyClaveria\.m2\repository\org\seleniumhq\selenium\selenium-chromium-driver\4.1.1\selenium-chromium-driver-4.1.1.jar;C:\Users\DheyClaveria\.m2\repository\org\seleniumhq\selenium\selenium-json\4.1.1\selenium-json-4.1.1.jar;C:\Users\DheyClaveria\.m2\repository\io\github\bonigarcia\webdrivermanager\4.2.2\webdrivermanager-4.2.2.jar;C:\Users\DheyClaveria\.m2\repository\org\apache\httpcomponents\client5\httpclient5\5.0.1\httpclient5-5.0.1.jar;C:\Users\DheyClaveria\.m2\repository\org\apache\httpcomponents\core5\httpcore5\5.0.1\httpcore5-5.0.1.jar;C:\Users\DheyClaveria\.m2\repository\org\apache\httpcomponents\core5\httpcore5-h2\5.0.1\httpcore5-h2-5.0.1.jar;C:\Users\DheyClaveria\.m2\repository\org\rauschig\jarchivelib\1.1.0\jarchivelib-1.1.0.jar;C:\Users\DheyClaveria\.m2\repository\org\jsoup\jsoup\1.13.1\jsoup-1.13.1.jar;C:\Users\DheyClaveria\.m2\repository\tech\grasshopper\extentreports-cucumber7-adapter\1.3.0\extentreports-cucumber7-adapter-1.3.0.jar;C:\Users\DheyClaveria\.m2\repository\com\aventstack\extentreports\5.0.9\extentreports-5.0.9.jar;C:\Users\DheyClaveria\.m2\repository\io\reactivex\rxjava3\rxjava\3.0.4\rxjava-3.0.4.jar;C:\Users\DheyClaveria\.m2\repository\tech\grasshopper\extent-pdf-report\2.1.0\extent-pdf-report-2.1.0.jar;C:\Users\DheyClaveria\.m2\repository\tech\grasshopper\cucumber-pdf-report\2.5.0\cucumber-pdf-report-2.5.0.jar;C:\Users\DheyClaveria\.m2\repository\org\knowm\xchart\xchart\3.8.0\xchart-3.8.0.jar;C:\Users\DheyClaveria\.m2\repository\de\erichseifert\vectorgraphics2d\VectorGraphics2D\0.13\VectorGraphics2D-0.13.jar;C:\Users\DheyClaveria\.m2\repository\de\rototor\pdfbox\graphics2d\0.30\graphics2d-0.30.jar;C:\Users\DheyClaveria\.m2\repository\com\madgag\animated-gif-lib\1.4\animated-gif-lib-1.4.jar;C:\Users\DheyClaveria\.m2\repository\org\yaml\snakeyaml\1.28\snakeyaml-1.28.jar;C:\Users\DheyClaveria\.m2\repository\tech\grasshopper\table-layout\1.4.0\table-layout-1.4.0.jar;C:\Users\DheyClaveria\.m2\repository\tech\grasshopper\rest-assured-cucumber-pdf-report\1.1.0\rest-assured-cucumber-pdf-report-1.1.0.jar;C:\Users\DheyClaveria\.m2\repository\com\aventstack\klov-reporter\5.0.9\klov-reporter-5.0.9.jar;C:\Users\DheyClaveria\.m2\repository\org\mongodb\mongodb-driver\3.6.4\mongodb-driver-3.6.4.jar;C:\Users\DheyClaveria\.m2\repository\org\mongodb\mongodb-driver-core\3.6.4\mongodb-driver-core-3.6.4.jar;C:\Users\DheyClaveria\.m2\repository\org\mongodb\bson\3.6.4\bson-3.6.4.jar;C:\Users\DheyClaveria\.m2\repository\tech\grasshopper\htmlextentreporter\1.0.0\htmlextentreporter-1.0.0.jar;C:\Users\DheyClaveria\.m2\repository\org\testng\testng\6.14.3\testng-6.14.3.jar;C:\Users\DheyClaveria\.m2\repository\com\beust\jcommander\1.72\jcommander-1.72.jar;C:\Users\DheyClaveria\.m2\repository\org\apache-extras\beanshell\bsh\2.0b6\bsh-2.0b6.jar;C:\Users\DheyClaveria\.m2\repository\io\cucumber\cucumber-testng\7.2.3\cucumber-testng-7.2.3.jar;C:\Users\DheyClaveria\.m2\repository\org\apache\poi\poi\5.2.1\poi-5.2.1.jar;C:\Users\DheyClaveria\.m2\repository\org\apache\commons\commons-collections4\4.4\commons-collections4-4.4.jar;C:\Users\DheyClaveria\.m2\repository\org\apache\commons\commons-math3\3.6.1\commons-math3-3.6.1.jar;C:\Users\DheyClaveria\.m2\repository\com\zaxxer\SparseBitSet\1.2\SparseBitSet-1.2.jar;C:\Users\DheyClaveria\.m2\repository\org\apache\logging\log4j\log4j-api\2.17.1\log4j-api-2.17.1.jar;C:\Users\DheyClaveria\.m2\repository\org\apache\poi\poi-ooxml\5.2.1\poi-ooxml-5.2.1.jar;C:\Users\DheyClaveria\.m2\repository\org\apache\poi\poi-ooxml-lite\5.2.1\poi-ooxml-lite-5.2.1.jar;C:\Users\DheyClaveria\.m2\repository\org\apache\xmlbeans\xmlbeans\5.0.3\xmlbeans-5.0.3.jar;C:\Users\DheyClaveria\.m2\repository\org\apache\commons\commons-compress\1.21\commons-compress-1.21.jar;C:\Users\DheyClaveria\.m2\repository\com\github\virtuald\curvesapi\1.07\curvesapi-1.07.jar;"/>
    <property name="java.vm.vendor" value="Oracle Corporation"/>
    <property name="sun.arch.data.model" value="64"/>
    <property name="user.variant" value=""/>
    <property name="java.vendor.url" value="https://java.oracle.com/"/>
    <property name="user.timezone" value="Asia/Shanghai"/>
    <property name="os.name" value="Windows 10"/>
    <property name="java.vm.specification.version" value="15"/>
    <property name="sun.java.launcher" value="SUN_STANDARD"/>
    <property name="user.country" value="US"/>
    <property name="sun.boot.library.path" value="C:\Program Files\Java\jdk-15.0.1\bin"/>
    <property name="sun.java.command" value="org.apache.maven.surefire.booter.ForkedBooter C:\Users\DheyClaveria\AppData\Local\Temp\surefire16441639280888642284 2022-03-21T11-02-03_248-jvmRun1 surefire8567942354972091523tmp surefire_012419395729154412384tmp"/>
    <property name="jdk.debug" value="release"/>
    <property name="surefire.test.class.path" value="Z:\Automation\JavaCucumber\BDD_HCL\CucumberHCL\target\test-classes;C:\Users\DheyClaveria\.m2\repository\com\github\ralfstuckert\pdfbox-layout\pdfbox2-layout\1.0.1\pdfbox2-layout-1.0.1.jar;C:\Users\DheyClaveria\.m2\repository\org\apache\pdfbox\pdfbox\2.0.4\pdfbox-2.0.4.jar;C:\Users\DheyClaveria\.m2\repository\org\apache\pdfbox\fontbox\2.0.4\fontbox-2.0.4.jar;C:\Users\DheyClaveria\.m2\repository\commons-logging\commons-logging\1.2\commons-logging-1.2.jar;C:\Users\DheyClaveria\.m2\repository\io\rest-assured\rest-assured-all\4.3.2\rest-assured-all-4.3.2.jar;C:\Users\DheyClaveria\.m2\repository\org\codehaus\groovy\groovy\3.0.6\groovy-3.0.6.jar;C:\Users\DheyClaveria\.m2\repository\org\apache\commons\commons-lang3\3.11\commons-lang3-3.11.jar;C:\Users\DheyClaveria\.m2\repository\org\codehaus\groovy\groovy-xml\3.0.6\groovy-xml-3.0.6.jar;C:\Users\DheyClaveria\.m2\repository\org\ccil\cowan\tagsoup\tagsoup\1.2.1\tagsoup-1.2.1.jar;C:\Users\DheyClaveria\.m2\repository\jakarta\xml\bind\jakarta.xml.bind-api\2.3.3\jakarta.xml.bind-api-2.3.3.jar;C:\Users\DheyClaveria\.m2\repository\jakarta\activation\jakarta.activation-api\1.2.2\jakarta.activation-api-1.2.2.jar;C:\Users\DheyClaveria\.m2\repository\com\sun\xml\bind\jaxb-impl\2.3.3\jaxb-impl-2.3.3.jar;C:\Users\DheyClaveria\.m2\repository\org\codehaus\groovy\groovy-json\3.0.6\groovy-json-3.0.6.jar;C:\Users\DheyClaveria\.m2\repository\ch\qos\logback\logback-classic\1.1.3\logback-classic-1.1.3.jar;C:\Users\DheyClaveria\.m2\repository\ch\qos\logback\logback-core\1.1.3\logback-core-1.1.3.jar;C:\Users\DheyClaveria\.m2\repository\org\slf4j\slf4j-api\1.7.7\slf4j-api-1.7.7.jar;C:\Users\DheyClaveria\.m2\repository\org\json\json\20210307\json-20210307.jar;C:\Users\DheyClaveria\.m2\repository\com\ea\async\ea-async\1.2.3\ea-async-1.2.3.jar;C:\Users\DheyClaveria\.m2\repository\junit\junit\4.13.1\junit-4.13.1.jar;C:\Users\DheyClaveria\.m2\repository\org\hamcrest\hamcrest-core\1.3\hamcrest-core-1.3.jar;C:\Users\DheyClaveria\.m2\repository\net\serenity-bdd\serenity-assertions\3.2.1\serenity-assertions-3.2.1.jar;C:\Users\DheyClaveria\.m2\repository\net\serenity-bdd\serenity-screenplay\3.2.1\serenity-screenplay-3.2.1.jar;C:\Users\DheyClaveria\.m2\repository\org\assertj\assertj-core\3.22.0\assertj-core-3.22.0.jar;C:\Users\DheyClaveria\.m2\repository\net\serenity-bdd\serenity-ensure\3.2.1\serenity-ensure-3.2.1.jar;C:\Users\DheyClaveria\.m2\repository\net\serenity-bdd\serenity-model\3.2.1\serenity-model-3.2.1.jar;C:\Users\DheyClaveria\.m2\repository\org\apache\commons\commons-text\1.9\commons-text-1.9.jar;C:\Users\DheyClaveria\.m2\repository\commons-net\commons-net\3.8.0\commons-net-3.8.0.jar;C:\Users\DheyClaveria\.m2\repository\com\google\inject\guice\5.1.0\guice-5.1.0.jar;C:\Users\DheyClaveria\.m2\repository\javax\inject\javax.inject\1\javax.inject-1.jar;C:\Users\DheyClaveria\.m2\repository\aopalliance\aopalliance\1.0\aopalliance-1.0.jar;C:\Users\DheyClaveria\.m2\repository\com\thoughtworks\xstream\xstream\1.4.19\xstream-1.4.19.jar;C:\Users\DheyClaveria\.m2\repository\io\github\x-stream\mxparser\1.2.2\mxparser-1.2.2.jar;C:\Users\DheyClaveria\.m2\repository\xmlpull\xmlpull\1.1.3.1\xmlpull-1.1.3.1.jar;C:\Users\DheyClaveria\.m2\repository\com\typesafe\config\1.4.2\config-1.4.2.jar;C:\Users\DheyClaveria\.m2\repository\org\imgscalr\imgscalr-lib\4.2\imgscalr-lib-4.2.jar;C:\Users\DheyClaveria\.m2\repository\org\awaitility\awaitility\4.2.0\awaitility-4.2.0.jar;C:\Users\DheyClaveria\.m2\repository\org\freemarker\freemarker\2.3.31\freemarker-2.3.31.jar;C:\Users\DheyClaveria\.m2\repository\io\github\classgraph\classgraph\4.8.138\classgraph-4.8.138.jar;C:\Users\DheyClaveria\.m2\repository\net\sourceforge\jexcelapi\jxl\2.6.12\jxl-2.6.12.jar;C:\Users\DheyClaveria\.m2\repository\net\bytebuddy\byte-buddy\1.12.8\byte-buddy-1.12.8.jar;C:\Users\DheyClaveria\.m2\repository\net\bytebuddy\byte-buddy-agent\1.12.8\byte-buddy-agent-1.12.8.jar;C:\Users\DheyClaveria\.m2\repository\org\objenesis\objenesis\3.1\objenesis-3.1.jar;C:\Users\DheyClaveria\.m2\repository\net\serenity-bdd\serenity-screenplay-webdriver\3.2.1\serenity-screenplay-webdriver-3.2.1.jar;C:\Users\DheyClaveria\.m2\repository\org\jetbrains\kotlin\kotlin-stdlib\1.6.0\kotlin-stdlib-1.6.0.jar;C:\Users\DheyClaveria\.m2\repository\org\jetbrains\annotations\13.0\annotations-13.0.jar;C:\Users\DheyClaveria\.m2\repository\org\jetbrains\kotlin\kotlin-stdlib-common\1.6.0\kotlin-stdlib-common-1.6.0.jar;C:\Users\DheyClaveria\.m2\repository\net\serenity-bdd\serenity-core\3.2.1\serenity-core-3.2.1.jar;C:\Users\DheyClaveria\.m2\repository\net\serenity-bdd\serenity-reports\3.2.1\serenity-reports-3.2.1.jar;C:\Users\DheyClaveria\.m2\repository\net\serenity-bdd\serenity-stats\3.2.1\serenity-stats-3.2.1.jar;C:\Users\DheyClaveria\.m2\repository\net\serenity-bdd\serenity-reports-configuration\3.2.1\serenity-reports-configuration-3.2.1.jar;C:\Users\DheyClaveria\.m2\repository\com\vladsch\flexmark\flexmark-all\0.34.30\flexmark-all-0.34.30.jar;C:\Users\DheyClaveria\.m2\repository\com\vladsch\flexmark\flexmark\0.34.30\flexmark-0.34.30.jar;C:\Users\DheyClaveria\.m2\repository\com\vladsch\flexmark\flexmark-ext-abbreviation\0.34.30\flexmark-ext-abbreviation-0.34.30.jar;C:\Users\DheyClaveria\.m2\repository\com\vladsch\flexmark\flexmark-ext-admonition\0.34.30\flexmark-ext-admonition-0.34.30.jar;C:\Users\DheyClaveria\.m2\repository\com\vladsch\flexmark\flexmark-ext-anchorlink\0.34.30\flexmark-ext-anchorlink-0.34.30.jar;C:\Users\DheyClaveria\.m2\repository\com\vladsch\flexmark\flexmark-ext-aside\0.34.30\flexmark-ext-aside-0.34.30.jar;C:\Users\DheyClaveria\.m2\repository\com\vladsch\flexmark\flexmark-ext-attributes\0.34.30\flexmark-ext-attributes-0.34.30.jar;C:\Users\DheyClaveria\.m2\repository\com\vladsch\flexmark\flexmark-ext-autolink\0.34.30\flexmark-ext-autolink-0.34.30.jar;C:\Users\DheyClaveria\.m2\repository\org\nibor\autolink\autolink\0.6.0\autolink-0.6.0.jar;C:\Users\DheyClaveria\.m2\repository\com\vladsch\flexmark\flexmark-ext-definition\0.34.30\flexmark-ext-definition-0.34.30.jar;C:\Users\DheyClaveria\.m2\repository\com\vladsch\flexmark\flexmark-ext-emoji\0.34.30\flexmark-ext-emoji-0.34.30.jar;C:\Users\DheyClaveria\.m2\repository\com\vladsch\flexmark\flexmark-ext-enumerated-reference\0.34.30\flexmark-ext-enumerated-reference-0.34.30.jar;C:\Users\DheyClaveria\.m2\repository\com\vladsch\flexmark\flexmark-ext-escaped-character\0.34.30\flexmark-ext-escaped-character-0.34.30.jar;C:\Users\DheyClaveria\.m2\repository\com\vladsch\flexmark\flexmark-ext-footnotes\0.34.30\flexmark-ext-footnotes-0.34.30.jar;C:\Users\DheyClaveria\.m2\repository\com\vladsch\flexmark\flexmark-ext-gfm-issues\0.34.30\flexmark-ext-gfm-issues-0.34.30.jar;C:\Users\DheyClaveria\.m2\repository\com\vladsch\flexmark\flexmark-ext-gfm-strikethrough\0.34.30\flexmark-ext-gfm-strikethrough-0.34.30.jar;C:\Users\DheyClaveria\.m2\repository\com\vladsch\flexmark\flexmark-ext-gfm-tables\0.34.30\flexmark-ext-gfm-tables-0.34.30.jar;C:\Users\DheyClaveria\.m2\repository\com\vladsch\flexmark\flexmark-ext-gfm-tasklist\0.34.30\flexmark-ext-gfm-tasklist-0.34.30.jar;C:\Users\DheyClaveria\.m2\repository\com\vladsch\flexmark\flexmark-ext-gfm-users\0.34.30\flexmark-ext-gfm-users-0.34.30.jar;C:\Users\DheyClaveria\.m2\repository\com\vladsch\flexmark\flexmark-ext-gitlab\0.34.30\flexmark-ext-gitlab-0.34.30.jar;C:\Users\DheyClaveria\.m2\repository\com\vladsch\flexmark\flexmark-ext-jekyll-front-matter\0.34.30\flexmark-ext-jekyll-front-matter-0.34.30.jar;C:\Users\DheyClaveria\.m2\repository\com\vladsch\flexmark\flexmark-ext-jekyll-tag\0.34.30\flexmark-ext-jekyll-tag-0.34.30.jar;C:\Users\DheyClaveria\.m2\repository\com\vladsch\flexmark\flexmark-ext-media-tags\0.34.30\flexmark-ext-media-tags-0.34.30.jar;C:\Users\DheyClaveria\.m2\repository\com\vladsch\flexmark\flexmark-test-util\0.34.30\flexmark-test-util-0.34.30.jar;C:\Users\DheyClaveria\.m2\repository\com\vladsch\flexmark\flexmark-ext-ins\0.34.30\flexmark-ext-ins-0.34.30.jar;C:\Users\DheyClaveria\.m2\repository\com\vladsch\flexmark\flexmark-ext-xwiki-macros\0.34.30\flexmark-ext-xwiki-macros-0.34.30.jar;C:\Users\DheyClaveria\.m2\repository\com\vladsch\flexmark\flexmark-ext-superscript\0.34.30\flexmark-ext-superscript-0.34.30.jar;C:\Users\DheyClaveria\.m2\repository\com\vladsch\flexmark\flexmark-ext-tables\0.34.30\flexmark-ext-tables-0.34.30.jar;C:\Users\DheyClaveria\.m2\repository\com\vladsch\flexmark\flexmark-ext-toc\0.34.30\flexmark-ext-toc-0.34.30.jar;C:\Users\DheyClaveria\.m2\repository\com\vladsch\flexmark\flexmark-ext-typographic\0.34.30\flexmark-ext-typographic-0.34.30.jar;C:\Users\DheyClaveria\.m2\repository\com\vladsch\flexmark\flexmark-ext-wikilink\0.34.30\flexmark-ext-wikilink-0.34.30.jar;C:\Users\DheyClaveria\.m2\repository\com\vladsch\flexmark\flexmark-ext-yaml-front-matter\0.34.30\flexmark-ext-yaml-front-matter-0.34.30.jar;C:\Users\DheyClaveria\.m2\repository\com\vladsch\flexmark\flexmark-ext-youtube-embedded\0.34.30\flexmark-ext-youtube-embedded-0.34.30.jar;C:\Users\DheyClaveria\.m2\repository\com\vladsch\flexmark\flexmark-formatter\0.34.30\flexmark-formatter-0.34.30.jar;C:\Users\DheyClaveria\.m2\repository\com\vladsch\flexmark\flexmark-html-parser\0.34.30\flexmark-html-parser-0.34.30.jar;C:\Users\DheyClaveria\.m2\repository\com\vladsch\flexmark\flexmark-jira-converter\0.34.30\flexmark-jira-converter-0.34.30.jar;C:\Users\DheyClaveria\.m2\repository\com\vladsch\flexmark\flexmark-pdf-converter\0.34.30\flexmark-pdf-converter-0.34.30.jar;C:\Users\DheyClaveria\.m2\repository\com\openhtmltopdf\openhtmltopdf-core\0.0.1-RC13\openhtmltopdf-core-0.0.1-RC13.jar;C:\Users\DheyClaveria\.m2\repository\com\openhtmltopdf\openhtmltopdf-pdfbox\0.0.1-RC13\openhtmltopdf-pdfbox-0.0.1-RC13.jar;C:\Users\DheyClaveria\.m2\repository\org\apache\pdfbox\xmpbox\2.0.8\xmpbox-2.0.8.jar;C:\Users\DheyClaveria\.m2\repository\com\openhtmltopdf\openhtmltopdf-rtl-support\0.0.1-RC13\openhtmltopdf-rtl-support-0.0.1-RC13.jar;C:\Users\DheyClaveria\.m2\repository\com\ibm\icu\icu4j\59.1\icu4j-59.1.jar;C:\Users\DheyClaveria\.m2\repository\com\openhtmltopdf\openhtmltopdf-jsoup-dom-converter\0.0.1-RC13\openhtmltopdf-jsoup-dom-converter-0.0.1-RC13.jar;C:\Users\DheyClaveria\.m2\repository\com\vladsch\flexmark\flexmark-profile-pegdown\0.34.30\flexmark-profile-pegdown-0.34.30.jar;C:\Users\DheyClaveria\.m2\repository\com\vladsch\flexmark\flexmark-util\0.34.30\flexmark-util-0.34.30.jar;C:\Users\DheyClaveria\.m2\repository\com\vladsch\flexmark\flexmark-youtrack-converter\0.34.30\flexmark-youtrack-converter-0.34.30.jar;C:\Users\DheyClaveria\.m2\repository\es\nitaur\markdown\txtmark\0.16\txtmark-0.16.jar;C:\Users\DheyClaveria\.m2\repository\net\serenity-bdd\serenity-report-resources\3.2.1\serenity-report-resources-3.2.1.jar;C:\Users\DheyClaveria\.m2\repository\com\google\code\gson\gson\2.9.0\gson-2.9.0.jar;C:\Users\DheyClaveria\.m2\repository\com\fasterxml\jackson\core\jackson-core\2.13.2\jackson-core-2.13.2.jar;C:\Users\DheyClaveria\.m2\repository\com\fasterxml\jackson\core\jackson-databind\2.13.2\jackson-databind-2.13.2.jar;C:\Users\DheyClaveria\.m2\repository\com\fasterxml\jackson\core\jackson-annotations\2.13.2\jackson-annotations-2.13.2.jar;C:\Users\DheyClaveria\.m2\repository\commons-codec\commons-codec\1.15\commons-codec-1.15.jar;C:\Users\DheyClaveria\.m2\repository\commons-io\commons-io\2.11.0\commons-io-2.11.0.jar;C:\Users\DheyClaveria\.m2\repository\org\seleniumhq\selenium\selenium-api\4.1.2\selenium-api-4.1.2.jar;C:\Users\DheyClaveria\.m2\repository\org\seleniumhq\selenium\selenium-support\4.1.2\selenium-support-4.1.2.jar;C:\Users\DheyClaveria\.m2\repository\org\seleniumhq\selenium\selenium-firefox-driver\4.1.2\selenium-firefox-driver-4.1.2.jar;C:\Users\DheyClaveria\.m2\repository\org\seleniumhq\selenium\selenium-edge-driver\4.1.2\selenium-edge-driver-4.1.2.jar;C:\Users\DheyClaveria\.m2\repository\org\seleniumhq\selenium\selenium-ie-driver\4.1.2\selenium-ie-driver-4.1.2.jar;C:\Users\DheyClaveria\.m2\repository\org\projectlombok\lombok\1.18.20\lombok-1.18.20.jar;C:\Users\DheyClaveria\.m2\repository\io\appium\java-client\8.0.0\java-client-8.0.0.jar;C:\Users\DheyClaveria\.m2\repository\commons-validator\commons-validator\1.7\commons-validator-1.7.jar;C:\Users\DheyClaveria\.m2\repository\commons-digester\commons-digester\2.1\commons-digester-2.1.jar;C:\Users\DheyClaveria\.m2\repository\org\aspectj\aspectjweaver\1.9.8\aspectjweaver-1.9.8.jar;C:\Users\DheyClaveria\.m2\repository\net\sf\opencsv\opencsv\2.0\opencsv-2.0.jar;C:\Users\DheyClaveria\.m2\repository\commons-beanutils\commons-beanutils\1.9.4\commons-beanutils-1.9.4.jar;C:\Users\DheyClaveria\.m2\repository\commons-collections\commons-collections\3.2.2\commons-collections-3.2.2.jar;C:\Users\DheyClaveria\.m2\repository\org\fluentlenium\fluentlenium-core\0.10.2\fluentlenium-core-0.10.2.jar;C:\Users\DheyClaveria\.m2\repository\com\jhlabs\filters\2.0.235\filters-2.0.235.jar;C:\Users\DheyClaveria\.m2\repository\com\paulhammant\ngwebdriver\1.1.6\ngwebdriver-1.1.6.jar;C:\Users\DheyClaveria\.m2\repository\joda-time\joda-time\2.8.2\joda-time-2.8.2.jar;C:\Users\DheyClaveria\.m2\repository\org\hamcrest\hamcrest\2.2\hamcrest-2.2.jar;C:\Users\DheyClaveria\.m2\repository\com\google\jimfs\jimfs\1.2\jimfs-1.2.jar;C:\Users\DheyClaveria\.m2\repository\org\mockito\mockito-core\3.3.3\mockito-core-3.3.3.jar;C:\Users\DheyClaveria\.m2\repository\javax\xml\bind\jaxb-api\2.3.1\jaxb-api-2.3.1.jar;C:\Users\DheyClaveria\.m2\repository\javax\activation\javax.activation-api\1.2.0\javax.activation-api-1.2.0.jar;C:\Users\DheyClaveria\.m2\repository\com\sun\xml\bind\jaxb-core\2.3.0.1\jaxb-core-2.3.0.1.jar;C:\Users\DheyClaveria\.m2\repository\javax\activation\activation\1.1.1\activation-1.1.1.jar;C:\Users\DheyClaveria\.m2\repository\net\serenity-bdd\serenity-junit\3.2.1\serenity-junit-3.2.1.jar;C:\Users\DheyClaveria\.m2\repository\net\serenity-bdd\serenity-cucumber\3.2.1\serenity-cucumber-3.2.1.jar;C:\Users\DheyClaveria\.m2\repository\org\apache\commons\commons-csv\1.5\commons-csv-1.5.jar;C:\Users\DheyClaveria\.m2\repository\net\serenity-bdd\serenity-rest-assured\3.2.1\serenity-rest-assured-3.2.1.jar;C:\Users\DheyClaveria\.m2\repository\org\apache\httpcomponents\httpclient\4.5.13\httpclient-4.5.13.jar;C:\Users\DheyClaveria\.m2\repository\org\apache\httpcomponents\httpcore\4.4.13\httpcore-4.4.13.jar;C:\Users\DheyClaveria\.m2\repository\io\rest-assured\rest-assured\4.5.1\rest-assured-4.5.1.jar;C:\Users\DheyClaveria\.m2\repository\org\apache\httpcomponents\httpmime\4.5.13\httpmime-4.5.13.jar;C:\Users\DheyClaveria\.m2\repository\io\rest-assured\json-path\4.5.1\json-path-4.5.1.jar;C:\Users\DheyClaveria\.m2\repository\io\rest-assured\rest-assured-common\4.5.1\rest-assured-common-4.5.1.jar;C:\Users\DheyClaveria\.m2\repository\io\rest-assured\xml-path\4.5.1\xml-path-4.5.1.jar;C:\Users\DheyClaveria\.m2\repository\org\opentest4j\opentest4j\1.2.0\opentest4j-1.2.0.jar;C:\Users\DheyClaveria\.m2\repository\io\cucumber\cucumber-java\7.2.3\cucumber-java-7.2.3.jar;C:\Users\DheyClaveria\.m2\repository\org\apiguardian\apiguardian-api\1.1.2\apiguardian-api-1.1.2.jar;C:\Users\DheyClaveria\.m2\repository\io\cucumber\cucumber-junit\7.2.3\cucumber-junit-7.2.3.jar;C:\Users\DheyClaveria\.m2\repository\io\cucumber\cucumber-core\7.2.3\cucumber-core-7.2.3.jar;C:\Users\DheyClaveria\.m2\repository\io\cucumber\cucumber-gherkin\7.2.3\cucumber-gherkin-7.2.3.jar;C:\Users\DheyClaveria\.m2\repository\io\cucumber\cucumber-gherkin-messages\7.2.3\cucumber-gherkin-messages-7.2.3.jar;C:\Users\DheyClaveria\.m2\repository\io\cucumber\messages\17.1.1\messages-17.1.1.jar;C:\Users\DheyClaveria\.m2\repository\io\cucumber\tag-expressions\4.1.0\tag-expressions-4.1.0.jar;C:\Users\DheyClaveria\.m2\repository\io\cucumber\cucumber-expressions\15.0.1\cucumber-expressions-15.0.1.jar;C:\Users\DheyClaveria\.m2\repository\io\cucumber\datatable\7.2.3\datatable-7.2.3.jar;C:\Users\DheyClaveria\.m2\repository\io\cucumber\cucumber-plugin\7.2.3\cucumber-plugin-7.2.3.jar;C:\Users\DheyClaveria\.m2\repository\io\cucumber\docstring\7.2.3\docstring-7.2.3.jar;C:\Users\DheyClaveria\.m2\repository\io\cucumber\html-formatter\17.0.0\html-formatter-17.0.0.jar;C:\Users\DheyClaveria\.m2\repository\io\cucumber\ci-environment\8.1.0\ci-environment-8.1.0.jar;C:\Users\DheyClaveria\.m2\repository\io\cucumber\cucumber-junit-platform-engine\7.2.3\cucumber-junit-platform-engine-7.2.3.jar;C:\Users\DheyClaveria\.m2\repository\org\junit\platform\junit-platform-engine\1.8.2\junit-platform-engine-1.8.2.jar;C:\Users\DheyClaveria\.m2\repository\org\junit\platform\junit-platform-commons\1.8.2\junit-platform-commons-1.8.2.jar;C:\Users\DheyClaveria\.m2\repository\org\junit\platform\junit-platform-suite\1.8.2\junit-platform-suite-1.8.2.jar;C:\Users\DheyClaveria\.m2\repository\org\junit\platform\junit-platform-suite-api\1.8.2\junit-platform-suite-api-1.8.2.jar;C:\Users\DheyClaveria\.m2\repository\org\junit\platform\junit-platform-suite-engine\1.8.2\junit-platform-suite-engine-1.8.2.jar;C:\Users\DheyClaveria\.m2\repository\org\junit\platform\junit-platform-suite-commons\1.8.2\junit-platform-suite-commons-1.8.2.jar;C:\Users\DheyClaveria\.m2\repository\org\junit\platform\junit-platform-launcher\1.8.2\junit-platform-launcher-1.8.2.jar;C:\Users\DheyClaveria\.m2\repository\org\junit\jupiter\junit-jupiter\5.8.2\junit-jupiter-5.8.2.jar;C:\Users\DheyClaveria\.m2\repository\org\junit\jupiter\junit-jupiter-api\5.8.2\junit-jupiter-api-5.8.2.jar;C:\Users\DheyClaveria\.m2\repository\org\junit\jupiter\junit-jupiter-params\5.8.2\junit-jupiter-params-5.8.2.jar;C:\Users\DheyClaveria\.m2\repository\org\junit\jupiter\junit-jupiter-engine\5.8.2\junit-jupiter-engine-5.8.2.jar;C:\Users\DheyClaveria\.m2\repository\org\junit\vintage\junit-vintage-engine\5.8.2\junit-vintage-engine-5.8.2.jar;C:\Users\DheyClaveria\.m2\repository\info\cukes\cucumber-java\1.2.5\cucumber-java-1.2.5.jar;C:\Users\DheyClaveria\.m2\repository\info\cukes\cucumber-core\1.2.5\cucumber-core-1.2.5.jar;C:\Users\DheyClaveria\.m2\repository\info\cukes\cucumber-html\0.2.3\cucumber-html-0.2.3.jar;C:\Users\DheyClaveria\.m2\repository\info\cukes\cucumber-jvm-deps\1.0.5\cucumber-jvm-deps-1.0.5.jar;C:\Users\DheyClaveria\.m2\repository\info\cukes\gherkin\2.12.2\gherkin-2.12.2.jar;C:\Users\DheyClaveria\.m2\repository\info\cukes\cucumber-junit\1.2.5\cucumber-junit-1.2.5.jar;C:\Users\DheyClaveria\.m2\repository\org\seleniumhq\selenium\selenium-java\4.1.1\selenium-java-4.1.1.jar;C:\Users\DheyClaveria\.m2\repository\org\seleniumhq\selenium\selenium-devtools-v85\4.1.1\selenium-devtools-v85-4.1.1.jar;C:\Users\DheyClaveria\.m2\repository\org\seleniumhq\selenium\selenium-devtools-v94\4.1.1\selenium-devtools-v94-4.1.1.jar;C:\Users\DheyClaveria\.m2\repository\org\seleniumhq\selenium\selenium-devtools-v95\4.1.1\selenium-devtools-v95-4.1.1.jar;C:\Users\DheyClaveria\.m2\repository\org\seleniumhq\selenium\selenium-devtools-v96\4.1.1\selenium-devtools-v96-4.1.1.jar;C:\Users\DheyClaveria\.m2\repository\org\seleniumhq\selenium\selenium-firefox-xpi-driver\4.1.1\selenium-firefox-xpi-driver-4.1.1.jar;C:\Users\DheyClaveria\.m2\repository\org\seleniumhq\selenium\selenium-opera-driver\4.1.1\selenium-opera-driver-4.1.1.jar;C:\Users\DheyClaveria\.m2\repository\org\seleniumhq\selenium\selenium-remote-driver\4.1.1\selenium-remote-driver-4.1.1.jar;C:\Users\DheyClaveria\.m2\repository\io\netty\netty-buffer\4.1.70.Final\netty-buffer-4.1.70.Final.jar;C:\Users\DheyClaveria\.m2\repository\io\netty\netty-codec-http\4.1.70.Final\netty-codec-http-4.1.70.Final.jar;C:\Users\DheyClaveria\.m2\repository\io\netty\netty-codec\4.1.70.Final\netty-codec-4.1.70.Final.jar;C:\Users\DheyClaveria\.m2\repository\io\netty\netty-handler\4.1.70.Final\netty-handler-4.1.70.Final.jar;C:\Users\DheyClaveria\.m2\repository\io\netty\netty-common\4.1.70.Final\netty-common-4.1.70.Final.jar;C:\Users\DheyClaveria\.m2\repository\io\netty\netty-transport-classes-epoll\4.1.70.Final\netty-transport-classes-epoll-4.1.70.Final.jar;C:\Users\DheyClaveria\.m2\repository\io\netty\netty-transport-classes-kqueue\4.1.70.Final\netty-transport-classes-kqueue-4.1.70.Final.jar;C:\Users\DheyClaveria\.m2\repository\io\netty\netty-transport-native-unix-common\4.1.70.Final\netty-transport-native-unix-common-4.1.70.Final.jar;C:\Users\DheyClaveria\.m2\repository\io\netty\netty-transport\4.1.70.Final\netty-transport-4.1.70.Final.jar;C:\Users\DheyClaveria\.m2\repository\io\netty\netty-resolver\4.1.70.Final\netty-resolver-4.1.70.Final.jar;C:\Users\DheyClaveria\.m2\repository\io\opentelemetry\opentelemetry-api\1.9.1\opentelemetry-api-1.9.1.jar;C:\Users\DheyClaveria\.m2\repository\io\opentelemetry\opentelemetry-context\1.9.1\opentelemetry-context-1.9.1.jar;C:\Users\DheyClaveria\.m2\repository\io\opentelemetry\opentelemetry-exporter-logging\1.9.1\opentelemetry-exporter-logging-1.9.1.jar;C:\Users\DheyClaveria\.m2\repository\io\opentelemetry\opentelemetry-sdk-metrics\1.9.1-alpha\opentelemetry-sdk-metrics-1.9.1-alpha.jar;C:\Users\DheyClaveria\.m2\repository\io\opentelemetry\opentelemetry-sdk-logs\1.9.1-alpha\opentelemetry-sdk-logs-1.9.1-alpha.jar;C:\Users\DheyClaveria\.m2\repository\io\opentelemetry\opentelemetry-sdk-common\1.9.1\opentelemetry-sdk-common-1.9.1.jar;C:\Users\DheyClaveria\.m2\repository\io\opentelemetry\opentelemetry-sdk-extension-autoconfigure-spi\1.9.1\opentelemetry-sdk-extension-autoconfigure-spi-1.9.1.jar;C:\Users\DheyClaveria\.m2\repository\io\opentelemetry\opentelemetry-sdk-extension-autoconfigure\1.9.1-alpha\opentelemetry-sdk-extension-autoconfigure-1.9.1-alpha.jar;C:\Users\DheyClaveria\.m2\repository\io\opentelemetry\opentelemetry-sdk-trace\1.9.1\opentelemetry-sdk-trace-1.9.1.jar;C:\Users\DheyClaveria\.m2\repository\io\opentelemetry\opentelemetry-api-metrics\1.9.1-alpha\opentelemetry-api-metrics-1.9.1-alpha.jar;C:\Users\DheyClaveria\.m2\repository\io\opentelemetry\opentelemetry-sdk\1.9.1\opentelemetry-sdk-1.9.1.jar;C:\Users\DheyClaveria\.m2\repository\io\opentelemetry\opentelemetry-semconv\1.9.1-alpha\opentelemetry-semconv-1.9.1-alpha.jar;C:\Users\DheyClaveria\.m2\repository\io\ous\jtoml\2.0.0\jtoml-2.0.0.jar;C:\Users\DheyClaveria\.m2\repository\org\apache\commons\commons-exec\1.3\commons-exec-1.3.jar;C:\Users\DheyClaveria\.m2\repository\org\asynchttpclient\async-http-client\2.12.3\async-http-client-2.12.3.jar;C:\Users\DheyClaveria\.m2\repository\org\asynchttpclient\async-http-client-netty-utils\2.12.3\async-http-client-netty-utils-2.12.3.jar;C:\Users\DheyClaveria\.m2\repository\io\netty\netty-codec-socks\4.1.60.Final\netty-codec-socks-4.1.60.Final.jar;C:\Users\DheyClaveria\.m2\repository\io\netty\netty-handler-proxy\4.1.60.Final\netty-handler-proxy-4.1.60.Final.jar;C:\Users\DheyClaveria\.m2\repository\io\netty\netty-transport-native-epoll\4.1.60.Final\netty-transport-native-epoll-4.1.60.Final-linux-x86_64.jar;C:\Users\DheyClaveria\.m2\repository\io\netty\netty-transport-native-kqueue\4.1.60.Final\netty-transport-native-kqueue-4.1.60.Final-osx-x86_64.jar;C:\Users\DheyClaveria\.m2\repository\org\reactivestreams\reactive-streams\1.0.3\reactive-streams-1.0.3.jar;C:\Users\DheyClaveria\.m2\repository\com\typesafe\netty\netty-reactive-streams\2.0.4\netty-reactive-streams-2.0.4.jar;C:\Users\DheyClaveria\.m2\repository\com\sun\activation\jakarta.activation\1.2.2\jakarta.activation-1.2.2.jar;C:\Users\DheyClaveria\.m2\repository\org\seleniumhq\selenium\selenium-http\4.1.1\selenium-http-4.1.1.jar;C:\Users\DheyClaveria\.m2\repository\net\jodah\failsafe\2.4.4\failsafe-2.4.4.jar;C:\Users\DheyClaveria\.m2\repository\org\seleniumhq\selenium\selenium-safari-driver\4.1.1\selenium-safari-driver-4.1.1.jar;C:\Users\DheyClaveria\.m2\repository\org\seleniumhq\selenium\selenium-chrome-driver\4.1.1\selenium-chrome-driver-4.1.1.jar;C:\Users\DheyClaveria\.m2\repository\com\google\auto\service\auto-service-annotations\1.0.1\auto-service-annotations-1.0.1.jar;C:\Users\DheyClaveria\.m2\repository\com\google\auto\service\auto-service\1.0.1\auto-service-1.0.1.jar;C:\Users\DheyClaveria\.m2\repository\com\google\auto\auto-common\1.2\auto-common-1.2.jar;C:\Users\DheyClaveria\.m2\repository\com\google\guava\guava\31.0.1-jre\guava-31.0.1-jre.jar;C:\Users\DheyClaveria\.m2\repository\com\google\guava\failureaccess\1.0.1\failureaccess-1.0.1.jar;C:\Users\DheyClaveria\.m2\repository\com\google\guava\listenablefuture\9999.0-empty-to-avoid-conflict-with-guava\listenablefuture-9999.0-empty-to-avoid-conflict-with-guava.jar;C:\Users\DheyClaveria\.m2\repository\com\google\code\findbugs\jsr305\3.0.2\jsr305-3.0.2.jar;C:\Users\DheyClaveria\.m2\repository\org\checkerframework\checker-qual\3.12.0\checker-qual-3.12.0.jar;C:\Users\DheyClaveria\.m2\repository\com\google\errorprone\error_prone_annotations\2.7.1\error_prone_annotations-2.7.1.jar;C:\Users\DheyClaveria\.m2\repository\com\google\j2objc\j2objc-annotations\1.3\j2objc-annotations-1.3.jar;C:\Users\DheyClaveria\.m2\repository\org\seleniumhq\selenium\selenium-chromium-driver\4.1.1\selenium-chromium-driver-4.1.1.jar;C:\Users\DheyClaveria\.m2\repository\org\seleniumhq\selenium\selenium-json\4.1.1\selenium-json-4.1.1.jar;C:\Users\DheyClaveria\.m2\repository\io\github\bonigarcia\webdrivermanager\4.2.2\webdrivermanager-4.2.2.jar;C:\Users\DheyClaveria\.m2\repository\org\apache\httpcomponents\client5\httpclient5\5.0.1\httpclient5-5.0.1.jar;C:\Users\DheyClaveria\.m2\repository\org\apache\httpcomponents\core5\httpcore5\5.0.1\httpcore5-5.0.1.jar;C:\Users\DheyClaveria\.m2\repository\org\apache\httpcomponents\core5\httpcore5-h2\5.0.1\httpcore5-h2-5.0.1.jar;C:\Users\DheyClaveria\.m2\repository\org\rauschig\jarchivelib\1.1.0\jarchivelib-1.1.0.jar;C:\Users\DheyClaveria\.m2\repository\org\jsoup\jsoup\1.13.1\jsoup-1.13.1.jar;C:\Users\DheyClaveria\.m2\repository\tech\grasshopper\extentreports-cucumber7-adapter\1.3.0\extentreports-cucumber7-adapter-1.3.0.jar;C:\Users\DheyClaveria\.m2\repository\com\aventstack\extentreports\5.0.9\extentreports-5.0.9.jar;C:\Users\DheyClaveria\.m2\repository\io\reactivex\rxjava3\rxjava\3.0.4\rxjava-3.0.4.jar;C:\Users\DheyClaveria\.m2\repository\tech\grasshopper\extent-pdf-report\2.1.0\extent-pdf-report-2.1.0.jar;C:\Users\DheyClaveria\.m2\repository\tech\grasshopper\cucumber-pdf-report\2.5.0\cucumber-pdf-report-2.5.0.jar;C:\Users\DheyClaveria\.m2\repository\org\knowm\xchart\xchart\3.8.0\xchart-3.8.0.jar;C:\Users\DheyClaveria\.m2\repository\de\erichseifert\vectorgraphics2d\VectorGraphics2D\0.13\VectorGraphics2D-0.13.jar;C:\Users\DheyClaveria\.m2\repository\de\rototor\pdfbox\graphics2d\0.30\graphics2d-0.30.jar;C:\Users\DheyClaveria\.m2\repository\com\madgag\animated-gif-lib\1.4\animated-gif-lib-1.4.jar;C:\Users\DheyClaveria\.m2\repository\org\yaml\snakeyaml\1.28\snakeyaml-1.28.jar;C:\Users\DheyClaveria\.m2\repository\tech\grasshopper\table-layout\1.4.0\table-layout-1.4.0.jar;C:\Users\DheyClaveria\.m2\repository\tech\grasshopper\rest-assured-cucumber-pdf-report\1.1.0\rest-assured-cucumber-pdf-report-1.1.0.jar;C:\Users\DheyClaveria\.m2\repository\com\aventstack\klov-reporter\5.0.9\klov-reporter-5.0.9.jar;C:\Users\DheyClaveria\.m2\repository\org\mongodb\mongodb-driver\3.6.4\mongodb-driver-3.6.4.jar;C:\Users\DheyClaveria\.m2\repository\org\mongodb\mongodb-driver-core\3.6.4\mongodb-driver-core-3.6.4.jar;C:\Users\DheyClaveria\.m2\repository\org\mongodb\bson\3.6.4\bson-3.6.4.jar;C:\Users\DheyClaveria\.m2\repository\tech\grasshopper\htmlextentreporter\1.0.0\htmlextentreporter-1.0.0.jar;C:\Users\DheyClaveria\.m2\repository\org\testng\testng\6.14.3\testng-6.14.3.jar;C:\Users\DheyClaveria\.m2\repository\com\beust\jcommander\1.72\jcommander-1.72.jar;C:\Users\DheyClaveria\.m2\repository\org\apache-extras\beanshell\bsh\2.0b6\bsh-2.0b6.jar;C:\Users\DheyClaveria\.m2\repository\io\cucumber\cucumber-testng\7.2.3\cucumber-testng-7.2.3.jar;C:\Users\DheyClaveria\.m2\repository\org\apache\poi\poi\5.2.1\poi-5.2.1.jar;C:\Users\DheyClaveria\.m2\repository\org\apache\commons\commons-collections4\4.4\commons-collections4-4.4.jar;C:\Users\DheyClaveria\.m2\repository\org\apache\commons\commons-math3\3.6.1\commons-math3-3.6.1.jar;C:\Users\DheyClaveria\.m2\repository\com\zaxxer\SparseBitSet\1.2\SparseBitSet-1.2.jar;C:\Users\DheyClaveria\.m2\repository\org\apache\logging\log4j\log4j-api\2.17.1\log4j-api-2.17.1.jar;C:\Users\DheyClaveria\.m2\repository\org\apache\poi\poi-ooxml\5.2.1\poi-ooxml-5.2.1.jar;C:\Users\DheyClaveria\.m2\repository\org\apache\poi\poi-ooxml-lite\5.2.1\poi-ooxml-lite-5.2.1.jar;C:\Users\DheyClaveria\.m2\repository\org\apache\xmlbeans\xmlbeans\5.0.3\xmlbeans-5.0.3.jar;C:\Users\DheyClaveria\.m2\repository\org\apache\commons\commons-compress\1.21\commons-compress-1.21.jar;C:\Users\DheyClaveria\.m2\repository\com\github\virtuald\curvesapi\1.07\curvesapi-1.07.jar;"/>
    <property name="sun.cpu.endian" value="little"/>
    <property name="user.home" value="C:\Users\DheyClaveria"/>
    <property name="user.language" value="en"/>
    <property name="java.specification.vendor" value="Oracle Corporation"/>
    <property name="jdk.module.path" value="Z:\Automation\JavaCucumber\BDD_HCL\CucumberHCL\target\CucumberHCL-0.0.1-SNAPSHOT.jar"/>
    <property name="java.version.date" value="2020-10-20"/>
    <property name="java.home" value="C:\Program Files\Java\jdk-15.0.1"/>
    <property name="file.separator" value="\"/>
    <property name="basedir" value="Z:\Automation\JavaCucumber\BDD_HCL\CucumberHCL"/>
    <property name="java.vm.compressedOopsMode" value="Zero based"/>
    <property name="line.separator" value="&#10;"/>
    <property name="java.vm.specification.vendor" value="Oracle Corporation"/>
    <property name="java.specification.name" value="Java Platform API Specification"/>
    <property name="surefire.real.class.path" value="C:\Users\DheyClaveria\.m2\repository\org\apache\maven\surefire\surefire-booter\3.0.0-M5\surefire-booter-3.0.0-M5.jar;C:\Users\DheyClaveria\.m2\repository\org\apache\maven\surefire\surefire-api\3.0.0-M5\surefire-api-3.0.0-M5.jar;C:\Users\DheyClaveria\.m2\repository\org\apache\maven\surefire\surefire-logger-api\3.0.0-M5\surefire-logger-api-3.0.0-M5.jar;C:\Users\DheyClaveria\.m2\repository\org\apache\maven\surefire\surefire-shared-utils\3.0.0-M4\surefire-shared-utils-3.0.0-M4.jar;C:\Users\DheyClaveria\.m2\repository\org\apache\maven\surefire\surefire-extensions-spi\3.0.0-M5\surefire-extensions-spi-3.0.0-M5.jar;Z:\Automation\JavaCucumber\BDD_HCL\CucumberHCL\target\test-classes;C:\Users\DheyClaveria\.m2\repository\com\github\ralfstuckert\pdfbox-layout\pdfbox2-layout\1.0.1\pdfbox2-layout-1.0.1.jar;C:\Users\DheyClaveria\.m2\repository\org\apache\pdfbox\pdfbox\2.0.4\pdfbox-2.0.4.jar;C:\Users\DheyClaveria\.m2\repository\org\apache\pdfbox\fontbox\2.0.4\fontbox-2.0.4.jar;C:\Users\DheyClaveria\.m2\repository\commons-logging\commons-logging\1.2\commons-logging-1.2.jar;C:\Users\DheyClaveria\.m2\repository\io\rest-assured\rest-assured-all\4.3.2\rest-assured-all-4.3.2.jar;C:\Users\DheyClaveria\.m2\repository\org\codehaus\groovy\groovy\3.0.6\groovy-3.0.6.jar;C:\Users\DheyClaveria\.m2\repository\org\apache\commons\commons-lang3\3.11\commons-lang3-3.11.jar;C:\Users\DheyClaveria\.m2\repository\org\codehaus\groovy\groovy-xml\3.0.6\groovy-xml-3.0.6.jar;C:\Users\DheyClaveria\.m2\repository\org\ccil\cowan\tagsoup\tagsoup\1.2.1\tagsoup-1.2.1.jar;C:\Users\DheyClaveria\.m2\repository\jakarta\xml\bind\jakarta.xml.bind-api\2.3.3\jakarta.xml.bind-api-2.3.3.jar;C:\Users\DheyClaveria\.m2\repository\jakarta\activation\jakarta.activation-api\1.2.2\jakarta.activation-api-1.2.2.jar;C:\Users\DheyClaveria\.m2\repository\com\sun\xml\bind\jaxb-impl\2.3.3\jaxb-impl-2.3.3.jar;C:\Users\DheyClaveria\.m2\repository\org\codehaus\groovy\groovy-json\3.0.6\groovy-json-3.0.6.jar;C:\Users\DheyClaveria\.m2\repository\ch\qos\logback\logback-classic\1.1.3\logback-classic-1.1.3.jar;C:\Users\DheyClaveria\.m2\repository\ch\qos\logback\logback-core\1.1.3\logback-core-1.1.3.jar;C:\Users\DheyClaveria\.m2\repository\org\slf4j\slf4j-api\1.7.7\slf4j-api-1.7.7.jar;C:\Users\DheyClaveria\.m2\repository\org\json\json\20210307\json-20210307.jar;C:\Users\DheyClaveria\.m2\repository\com\ea\async\ea-async\1.2.3\ea-async-1.2.3.jar;C:\Users\DheyClaveria\.m2\repository\junit\junit\4.13.1\junit-4.13.1.jar;C:\Users\DheyClaveria\.m2\repository\org\hamcrest\hamcrest-core\1.3\hamcrest-core-1.3.jar;C:\Users\DheyClaveria\.m2\repository\net\serenity-bdd\serenity-assertions\3.2.1\serenity-assertions-3.2.1.jar;C:\Users\DheyClaveria\.m2\repository\net\serenity-bdd\serenity-screenplay\3.2.1\serenity-screenplay-3.2.1.jar;C:\Users\DheyClaveria\.m2\repository\org\assertj\assertj-core\3.22.0\assertj-core-3.22.0.jar;C:\Users\DheyClaveria\.m2\repository\net\serenity-bdd\serenity-ensure\3.2.1\serenity-ensure-3.2.1.jar;C:\Users\DheyClaveria\.m2\repository\net\serenity-bdd\serenity-model\3.2.1\serenity-model-3.2.1.jar;C:\Users\DheyClaveria\.m2\repository\org\apache\commons\commons-text\1.9\commons-text-1.9.jar;C:\Users\DheyClaveria\.m2\repository\commons-net\commons-net\3.8.0\commons-net-3.8.0.jar;C:\Users\DheyClaveria\.m2\repository\com\google\inject\guice\5.1.0\guice-5.1.0.jar;C:\Users\DheyClaveria\.m2\repository\javax\inject\javax.inject\1\javax.inject-1.jar;C:\Users\DheyClaveria\.m2\repository\aopalliance\aopalliance\1.0\aopalliance-1.0.jar;C:\Users\DheyClaveria\.m2\repository\com\thoughtworks\xstream\xstream\1.4.19\xstream-1.4.19.jar;C:\Users\DheyClaveria\.m2\repository\io\github\x-stream\mxparser\1.2.2\mxparser-1.2.2.jar;C:\Users\DheyClaveria\.m2\repository\xmlpull\xmlpull\1.1.3.1\xmlpull-1.1.3.1.jar;C:\Users\DheyClaveria\.m2\repository\com\typesafe\config\1.4.2\config-1.4.2.jar;C:\Users\DheyClaveria\.m2\repository\org\imgscalr\imgscalr-lib\4.2\imgscalr-lib-4.2.jar;C:\Users\DheyClaveria\.m2\repository\org\awaitility\awaitility\4.2.0\awaitility-4.2.0.jar;C:\Users\DheyClaveria\.m2\repository\org\freemarker\freemarker\2.3.31\freemarker-2.3.31.jar;C:\Users\DheyClaveria\.m2\repository\io\github\classgraph\classgraph\4.8.138\classgraph-4.8.138.jar;C:\Users\DheyClaveria\.m2\repository\net\sourceforge\jexcelapi\jxl\2.6.12\jxl-2.6.12.jar;C:\Users\DheyClaveria\.m2\repository\net\bytebuddy\byte-buddy\1.12.8\byte-buddy-1.12.8.jar;C:\Users\DheyClaveria\.m2\repository\net\bytebuddy\byte-buddy-agent\1.12.8\byte-buddy-agent-1.12.8.jar;C:\Users\DheyClaveria\.m2\repository\org\objenesis\objenesis\3.1\objenesis-3.1.jar;C:\Users\DheyClaveria\.m2\repository\net\serenity-bdd\serenity-screenplay-webdriver\3.2.1\serenity-screenplay-webdriver-3.2.1.jar;C:\Users\DheyClaveria\.m2\repository\org\jetbrains\kotlin\kotlin-stdlib\1.6.0\kotlin-stdlib-1.6.0.jar;C:\Users\DheyClaveria\.m2\repository\org\jetbrains\annotations\13.0\annotations-13.0.jar;C:\Users\DheyClaveria\.m2\repository\org\jetbrains\kotlin\kotlin-stdlib-common\1.6.0\kotlin-stdlib-common-1.6.0.jar;C:\Users\DheyClaveria\.m2\repository\net\serenity-bdd\serenity-core\3.2.1\serenity-core-3.2.1.jar;C:\Users\DheyClaveria\.m2\repository\net\serenity-bdd\serenity-reports\3.2.1\serenity-reports-3.2.1.jar;C:\Users\DheyClaveria\.m2\repository\net\serenity-bdd\serenity-stats\3.2.1\serenity-stats-3.2.1.jar;C:\Users\DheyClaveria\.m2\repository\net\serenity-bdd\serenity-reports-configuration\3.2.1\serenity-reports-configuration-3.2.1.jar;C:\Users\DheyClaveria\.m2\repository\com\vladsch\flexmark\flexmark-all\0.34.30\flexmark-all-0.34.30.jar;C:\Users\DheyClaveria\.m2\repository\com\vladsch\flexmark\flexmark\0.34.30\flexmark-0.34.30.jar;C:\Users\DheyClaveria\.m2\repository\com\vladsch\flexmark\flexmark-ext-abbreviation\0.34.30\flexmark-ext-abbreviation-0.34.30.jar;C:\Users\DheyClaveria\.m2\repository\com\vladsch\flexmark\flexmark-ext-admonition\0.34.30\flexmark-ext-admonition-0.34.30.jar;C:\Users\DheyClaveria\.m2\repository\com\vladsch\flexmark\flexmark-ext-anchorlink\0.34.30\flexmark-ext-anchorlink-0.34.30.jar;C:\Users\DheyClaveria\.m2\repository\com\vladsch\flexmark\flexmark-ext-aside\0.34.30\flexmark-ext-aside-0.34.30.jar;C:\Users\DheyClaveria\.m2\repository\com\vladsch\flexmark\flexmark-ext-attributes\0.34.30\flexmark-ext-attributes-0.34.30.jar;C:\Users\DheyClaveria\.m2\repository\com\vladsch\flexmark\flexmark-ext-autolink\0.34.30\flexmark-ext-autolink-0.34.30.jar;C:\Users\DheyClaveria\.m2\repository\org\nibor\autolink\autolink\0.6.0\autolink-0.6.0.jar;C:\Users\DheyClaveria\.m2\repository\com\vladsch\flexmark\flexmark-ext-definition\0.34.30\flexmark-ext-definition-0.34.30.jar;C:\Users\DheyClaveria\.m2\repository\com\vladsch\flexmark\flexmark-ext-emoji\0.34.30\flexmark-ext-emoji-0.34.30.jar;C:\Users\DheyClaveria\.m2\repository\com\vladsch\flexmark\flexmark-ext-enumerated-reference\0.34.30\flexmark-ext-enumerated-reference-0.34.30.jar;C:\Users\DheyClaveria\.m2\repository\com\vladsch\flexmark\flexmark-ext-escaped-character\0.34.30\flexmark-ext-escaped-character-0.34.30.jar;C:\Users\DheyClaveria\.m2\repository\com\vladsch\flexmark\flexmark-ext-footnotes\0.34.30\flexmark-ext-footnotes-0.34.30.jar;C:\Users\DheyClaveria\.m2\repository\com\vladsch\flexmark\flexmark-ext-gfm-issues\0.34.30\flexmark-ext-gfm-issues-0.34.30.jar;C:\Users\DheyClaveria\.m2\repository\com\vladsch\flexmark\flexmark-ext-gfm-strikethrough\0.34.30\flexmark-ext-gfm-strikethrough-0.34.30.jar;C:\Users\DheyClaveria\.m2\repository\com\vladsch\flexmark\flexmark-ext-gfm-tables\0.34.30\flexmark-ext-gfm-tables-0.34.30.jar;C:\Users\DheyClaveria\.m2\repository\com\vladsch\flexmark\flexmark-ext-gfm-tasklist\0.34.30\flexmark-ext-gfm-tasklist-0.34.30.jar;C:\Users\DheyClaveria\.m2\repository\com\vladsch\flexmark\flexmark-ext-gfm-users\0.34.30\flexmark-ext-gfm-users-0.34.30.jar;C:\Users\DheyClaveria\.m2\repository\com\vladsch\flexmark\flexmark-ext-gitlab\0.34.30\flexmark-ext-gitlab-0.34.30.jar;C:\Users\DheyClaveria\.m2\repository\com\vladsch\flexmark\flexmark-ext-jekyll-front-matter\0.34.30\flexmark-ext-jekyll-front-matter-0.34.30.jar;C:\Users\DheyClaveria\.m2\repository\com\vladsch\flexmark\flexmark-ext-jekyll-tag\0.34.30\flexmark-ext-jekyll-tag-0.34.30.jar;C:\Users\DheyClaveria\.m2\repository\com\vladsch\flexmark\flexmark-ext-media-tags\0.34.30\flexmark-ext-media-tags-0.34.30.jar;C:\Users\DheyClaveria\.m2\repository\com\vladsch\flexmark\flexmark-test-util\0.34.30\flexmark-test-util-0.34.30.jar;C:\Users\DheyClaveria\.m2\repository\com\vladsch\flexmark\flexmark-ext-ins\0.34.30\flexmark-ext-ins-0.34.30.jar;C:\Users\DheyClaveria\.m2\repository\com\vladsch\flexmark\flexmark-ext-xwiki-macros\0.34.30\flexmark-ext-xwiki-macros-0.34.30.jar;C:\Users\DheyClaveria\.m2\repository\com\vladsch\flexmark\flexmark-ext-superscript\0.34.30\flexmark-ext-superscript-0.34.30.jar;C:\Users\DheyClaveria\.m2\repository\com\vladsch\flexmark\flexmark-ext-tables\0.34.30\flexmark-ext-tables-0.34.30.jar;C:\Users\DheyClaveria\.m2\repository\com\vladsch\flexmark\flexmark-ext-toc\0.34.30\flexmark-ext-toc-0.34.30.jar;C:\Users\DheyClaveria\.m2\repository\com\vladsch\flexmark\flexmark-ext-typographic\0.34.30\flexmark-ext-typographic-0.34.30.jar;C:\Users\DheyClaveria\.m2\repository\com\vladsch\flexmark\flexmark-ext-wikilink\0.34.30\flexmark-ext-wikilink-0.34.30.jar;C:\Users\DheyClaveria\.m2\repository\com\vladsch\flexmark\flexmark-ext-yaml-front-matter\0.34.30\flexmark-ext-yaml-front-matter-0.34.30.jar;C:\Users\DheyClaveria\.m2\repository\com\vladsch\flexmark\flexmark-ext-youtube-embedded\0.34.30\flexmark-ext-youtube-embedded-0.34.30.jar;C:\Users\DheyClaveria\.m2\repository\com\vladsch\flexmark\flexmark-formatter\0.34.30\flexmark-formatter-0.34.30.jar;C:\Users\DheyClaveria\.m2\repository\com\vladsch\flexmark\flexmark-html-parser\0.34.30\flexmark-html-parser-0.34.30.jar;C:\Users\DheyClaveria\.m2\repository\com\vladsch\flexmark\flexmark-jira-converter\0.34.30\flexmark-jira-converter-0.34.30.jar;C:\Users\DheyClaveria\.m2\repository\com\vladsch\flexmark\flexmark-pdf-converter\0.34.30\flexmark-pdf-converter-0.34.30.jar;C:\Users\DheyClaveria\.m2\repository\com\openhtmltopdf\openhtmltopdf-core\0.0.1-RC13\openhtmltopdf-core-0.0.1-RC13.jar;C:\Users\DheyClaveria\.m2\repository\com\openhtmltopdf\openhtmltopdf-pdfbox\0.0.1-RC13\openhtmltopdf-pdfbox-0.0.1-RC13.jar;C:\Users\DheyClaveria\.m2\repository\org\apache\pdfbox\xmpbox\2.0.8\xmpbox-2.0.8.jar;C:\Users\DheyClaveria\.m2\repository\com\openhtmltopdf\openhtmltopdf-rtl-support\0.0.1-RC13\openhtmltopdf-rtl-support-0.0.1-RC13.jar;C:\Users\DheyClaveria\.m2\repository\com\ibm\icu\icu4j\59.1\icu4j-59.1.jar;C:\Users\DheyClaveria\.m2\repository\com\openhtmltopdf\openhtmltopdf-jsoup-dom-converter\0.0.1-RC13\openhtmltopdf-jsoup-dom-converter-0.0.1-RC13.jar;C:\Users\DheyClaveria\.m2\repository\com\vladsch\flexmark\flexmark-profile-pegdown\0.34.30\flexmark-profile-pegdown-0.34.30.jar;C:\Users\DheyClaveria\.m2\repository\com\vladsch\flexmark\flexmark-util\0.34.30\flexmark-util-0.34.30.jar;C:\Users\DheyClaveria\.m2\repository\com\vladsch\flexmark\flexmark-youtrack-converter\0.34.30\flexmark-youtrack-converter-0.34.30.jar;C:\Users\DheyClaveria\.m2\repository\es\nitaur\markdown\txtmark\0.16\txtmark-0.16.jar;C:\Users\DheyClaveria\.m2\repository\net\serenity-bdd\serenity-report-resources\3.2.1\serenity-report-resources-3.2.1.jar;C:\Users\DheyClaveria\.m2\repository\com\google\code\gson\gson\2.9.0\gson-2.9.0.jar;C:\Users\DheyClaveria\.m2\repository\com\fasterxml\jackson\core\jackson-core\2.13.2\jackson-core-2.13.2.jar;C:\Users\DheyClaveria\.m2\repository\com\fasterxml\jackson\core\jackson-databind\2.13.2\jackson-databind-2.13.2.jar;C:\Users\DheyClaveria\.m2\repository\com\fasterxml\jackson\core\jackson-annotations\2.13.2\jackson-annotations-2.13.2.jar;C:\Users\DheyClaveria\.m2\repository\commons-codec\commons-codec\1.15\commons-codec-1.15.jar;C:\Users\DheyClaveria\.m2\repository\commons-io\commons-io\2.11.0\commons-io-2.11.0.jar;C:\Users\DheyClaveria\.m2\repository\org\seleniumhq\selenium\selenium-api\4.1.2\selenium-api-4.1.2.jar;C:\Users\DheyClaveria\.m2\repository\org\seleniumhq\selenium\selenium-support\4.1.2\selenium-support-4.1.2.jar;C:\Users\DheyClaveria\.m2\repository\org\seleniumhq\selenium\selenium-firefox-driver\4.1.2\selenium-firefox-driver-4.1.2.jar;C:\Users\DheyClaveria\.m2\repository\org\seleniumhq\selenium\selenium-edge-driver\4.1.2\selenium-edge-driver-4.1.2.jar;C:\Users\DheyClaveria\.m2\repository\org\seleniumhq\selenium\selenium-ie-driver\4.1.2\selenium-ie-driver-4.1.2.jar;C:\Users\DheyClaveria\.m2\repository\org\projectlombok\lombok\1.18.20\lombok-1.18.20.jar;C:\Users\DheyClaveria\.m2\repository\io\appium\java-client\8.0.0\java-client-8.0.0.jar;C:\Users\DheyClaveria\.m2\repository\commons-validator\commons-validator\1.7\commons-validator-1.7.jar;C:\Users\DheyClaveria\.m2\repository\commons-digester\commons-digester\2.1\commons-digester-2.1.jar;C:\Users\DheyClaveria\.m2\repository\org\aspectj\aspectjweaver\1.9.8\aspectjweaver-1.9.8.jar;C:\Users\DheyClaveria\.m2\repository\net\sf\opencsv\opencsv\2.0\opencsv-2.0.jar;C:\Users\DheyClaveria\.m2\repository\commons-beanutils\commons-beanutils\1.9.4\commons-beanutils-1.9.4.jar;C:\Users\DheyClaveria\.m2\repository\commons-collections\commons-collections\3.2.2\commons-collections-3.2.2.jar;C:\Users\DheyClaveria\.m2\repository\org\fluentlenium\fluentlenium-core\0.10.2\fluentlenium-core-0.10.2.jar;C:\Users\DheyClaveria\.m2\repository\com\jhlabs\filters\2.0.235\filters-2.0.235.jar;C:\Users\DheyClaveria\.m2\repository\com\paulhammant\ngwebdriver\1.1.6\ngwebdriver-1.1.6.jar;C:\Users\DheyClaveria\.m2\repository\joda-time\joda-time\2.8.2\joda-time-2.8.2.jar;C:\Users\DheyClaveria\.m2\repository\org\hamcrest\hamcrest\2.2\hamcrest-2.2.jar;C:\Users\DheyClaveria\.m2\repository\com\google\jimfs\jimfs\1.2\jimfs-1.2.jar;C:\Users\DheyClaveria\.m2\repository\org\mockito\mockito-core\3.3.3\mockito-core-3.3.3.jar;C:\Users\DheyClaveria\.m2\repository\javax\xml\bind\jaxb-api\2.3.1\jaxb-api-2.3.1.jar;C:\Users\DheyClaveria\.m2\repository\javax\activation\javax.activation-api\1.2.0\javax.activation-api-1.2.0.jar;C:\Users\DheyClaveria\.m2\repository\com\sun\xml\bind\jaxb-core\2.3.0.1\jaxb-core-2.3.0.1.jar;C:\Users\DheyClaveria\.m2\repository\javax\activation\activation\1.1.1\activation-1.1.1.jar;C:\Users\DheyClaveria\.m2\repository\net\serenity-bdd\serenity-junit\3.2.1\serenity-junit-3.2.1.jar;C:\Users\DheyClaveria\.m2\repository\net\serenity-bdd\serenity-cucumber\3.2.1\serenity-cucumber-3.2.1.jar;C:\Users\DheyClaveria\.m2\repository\org\apache\commons\commons-csv\1.5\commons-csv-1.5.jar;C:\Users\DheyClaveria\.m2\repository\net\serenity-bdd\serenity-rest-assured\3.2.1\serenity-rest-assured-3.2.1.jar;C:\Users\DheyClaveria\.m2\repository\org\apache\httpcomponents\httpclient\4.5.13\httpclient-4.5.13.jar;C:\Users\DheyClaveria\.m2\repository\org\apache\httpcomponents\httpcore\4.4.13\httpcore-4.4.13.jar;C:\Users\DheyClaveria\.m2\repository\io\rest-assured\rest-assured\4.5.1\rest-assured-4.5.1.jar;C:\Users\DheyClaveria\.m2\repository\org\apache\httpcomponents\httpmime\4.5.13\httpmime-4.5.13.jar;C:\Users\DheyClaveria\.m2\repository\io\rest-assured\json-path\4.5.1\json-path-4.5.1.jar;C:\Users\DheyClaveria\.m2\repository\io\rest-assured\rest-assured-common\4.5.1\rest-assured-common-4.5.1.jar;C:\Users\DheyClaveria\.m2\repository\io\rest-assured\xml-path\4.5.1\xml-path-4.5.1.jar;C:\Users\DheyClaveria\.m2\repository\org\opentest4j\opentest4j\1.2.0\opentest4j-1.2.0.jar;C:\Users\DheyClaveria\.m2\repository\io\cucumber\cucumber-java\7.2.3\cucumber-java-7.2.3.jar;C:\Users\DheyClaveria\.m2\repository\org\apiguardian\apiguardian-api\1.1.2\apiguardian-api-1.1.2.jar;C:\Users\DheyClaveria\.m2\repository\io\cucumber\cucumber-junit\7.2.3\cucumber-junit-7.2.3.jar;C:\Users\DheyClaveria\.m2\repository\io\cucumber\cucumber-core\7.2.3\cucumber-core-7.2.3.jar;C:\Users\DheyClaveria\.m2\repository\io\cucumber\cucumber-gherkin\7.2.3\cucumber-gherkin-7.2.3.jar;C:\Users\DheyClaveria\.m2\repository\io\cucumber\cucumber-gherkin-messages\7.2.3\cucumber-gherkin-messages-7.2.3.jar;C:\Users\DheyClaveria\.m2\repository\io\cucumber\messages\17.1.1\messages-17.1.1.jar;C:\Users\DheyClaveria\.m2\repository\io\cucumber\tag-expressions\4.1.0\tag-expressions-4.1.0.jar;C:\Users\DheyClaveria\.m2\repository\io\cucumber\cucumber-expressions\15.0.1\cucumber-expressions-15.0.1.jar;C:\Users\DheyClaveria\.m2\repository\io\cucumber\datatable\7.2.3\datatable-7.2.3.jar;C:\Users\DheyClaveria\.m2\repository\io\cucumber\cucumber-plugin\7.2.3\cucumber-plugin-7.2.3.jar;C:\Users\DheyClaveria\.m2\repository\io\cucumber\docstring\7.2.3\docstring-7.2.3.jar;C:\Users\DheyClaveria\.m2\repository\io\cucumber\html-formatter\17.0.0\html-formatter-17.0.0.jar;C:\Users\DheyClaveria\.m2\repository\io\cucumber\ci-environment\8.1.0\ci-environment-8.1.0.jar;C:\Users\DheyClaveria\.m2\repository\io\cucumber\cucumber-junit-platform-engine\7.2.3\cucumber-junit-platform-engine-7.2.3.jar;C:\Users\DheyClaveria\.m2\repository\org\junit\platform\junit-platform-engine\1.8.2\junit-platform-engine-1.8.2.jar;C:\Users\DheyClaveria\.m2\repository\org\junit\platform\junit-platform-commons\1.8.2\junit-platform-commons-1.8.2.jar;C:\Users\DheyClaveria\.m2\repository\org\junit\platform\junit-platform-suite\1.8.2\junit-platform-suite-1.8.2.jar;C:\Users\DheyClaveria\.m2\repository\org\junit\platform\junit-platform-suite-api\1.8.2\junit-platform-suite-api-1.8.2.jar;C:\Users\DheyClaveria\.m2\repository\org\junit\platform\junit-platform-suite-engine\1.8.2\junit-platform-suite-engine-1.8.2.jar;C:\Users\DheyClaveria\.m2\repository\org\junit\platform\junit-platform-suite-commons\1.8.2\junit-platform-suite-commons-1.8.2.jar;C:\Users\DheyClaveria\.m2\repository\org\junit\platform\junit-platform-launcher\1.8.2\junit-platform-launcher-1.8.2.jar;C:\Users\DheyClaveria\.m2\repository\org\junit\jupiter\junit-jupiter\5.8.2\junit-jupiter-5.8.2.jar;C:\Users\DheyClaveria\.m2\repository\org\junit\jupiter\junit-jupiter-api\5.8.2\junit-jupiter-api-5.8.2.jar;C:\Users\DheyClaveria\.m2\repository\org\junit\jupiter\junit-jupiter-params\5.8.2\junit-jupiter-params-5.8.2.jar;C:\Users\DheyClaveria\.m2\repository\org\junit\jupiter\junit-jupiter-engine\5.8.2\junit-jupiter-engine-5.8.2.jar;C:\Users\DheyClaveria\.m2\repository\org\junit\vintage\junit-vintage-engine\5.8.2\junit-vintage-engine-5.8.2.jar;C:\Users\DheyClaveria\.m2\repository\info\cukes\cucumber-java\1.2.5\cucumber-java-1.2.5.jar;C:\Users\DheyClaveria\.m2\repository\info\cukes\cucumber-core\1.2.5\cucumber-core-1.2.5.jar;C:\Users\DheyClaveria\.m2\repository\info\cukes\cucumber-html\0.2.3\cucumber-html-0.2.3.jar;C:\Users\DheyClaveria\.m2\repository\info\cukes\cucumber-jvm-deps\1.0.5\cucumber-jvm-deps-1.0.5.jar;C:\Users\DheyClaveria\.m2\repository\info\cukes\gherkin\2.12.2\gherkin-2.12.2.jar;C:\Users\DheyClaveria\.m2\repository\info\cukes\cucumber-junit\1.2.5\cucumber-junit-1.2.5.jar;C:\Users\DheyClaveria\.m2\repository\org\seleniumhq\selenium\selenium-java\4.1.1\selenium-java-4.1.1.jar;C:\Users\DheyClaveria\.m2\repository\org\seleniumhq\selenium\selenium-devtools-v85\4.1.1\selenium-devtools-v85-4.1.1.jar;C:\Users\DheyClaveria\.m2\repository\org\seleniumhq\selenium\selenium-devtools-v94\4.1.1\selenium-devtools-v94-4.1.1.jar;C:\Users\DheyClaveria\.m2\repository\org\seleniumhq\selenium\selenium-devtools-v95\4.1.1\selenium-devtools-v95-4.1.1.jar;C:\Users\DheyClaveria\.m2\repository\org\seleniumhq\selenium\selenium-devtools-v96\4.1.1\selenium-devtools-v96-4.1.1.jar;C:\Users\DheyClaveria\.m2\repository\org\seleniumhq\selenium\selenium-firefox-xpi-driver\4.1.1\selenium-firefox-xpi-driver-4.1.1.jar;C:\Users\DheyClaveria\.m2\repository\org\seleniumhq\selenium\selenium-opera-driver\4.1.1\selenium-opera-driver-4.1.1.jar;C:\Users\DheyClaveria\.m2\repository\org\seleniumhq\selenium\selenium-remote-driver\4.1.1\selenium-remote-driver-4.1.1.jar;C:\Users\DheyClaveria\.m2\repository\io\netty\netty-buffer\4.1.70.Final\netty-buffer-4.1.70.Final.jar;C:\Users\DheyClaveria\.m2\repository\io\netty\netty-codec-http\4.1.70.Final\netty-codec-http-4.1.70.Final.jar;C:\Users\DheyClaveria\.m2\repository\io\netty\netty-codec\4.1.70.Final\netty-codec-4.1.70.Final.jar;C:\Users\DheyClaveria\.m2\repository\io\netty\netty-handler\4.1.70.Final\netty-handler-4.1.70.Final.jar;C:\Users\DheyClaveria\.m2\repository\io\netty\netty-common\4.1.70.Final\netty-common-4.1.70.Final.jar;C:\Users\DheyClaveria\.m2\repository\io\netty\netty-transport-classes-epoll\4.1.70.Final\netty-transport-classes-epoll-4.1.70.Final.jar;C:\Users\DheyClaveria\.m2\repository\io\netty\netty-transport-classes-kqueue\4.1.70.Final\netty-transport-classes-kqueue-4.1.70.Final.jar;C:\Users\DheyClaveria\.m2\repository\io\netty\netty-transport-native-unix-common\4.1.70.Final\netty-transport-native-unix-common-4.1.70.Final.jar;C:\Users\DheyClaveria\.m2\repository\io\netty\netty-transport\4.1.70.Final\netty-transport-4.1.70.Final.jar;C:\Users\DheyClaveria\.m2\repository\io\netty\netty-resolver\4.1.70.Final\netty-resolver-4.1.70.Final.jar;C:\Users\DheyClaveria\.m2\repository\io\opentelemetry\opentelemetry-api\1.9.1\opentelemetry-api-1.9.1.jar;C:\Users\DheyClaveria\.m2\repository\io\opentelemetry\opentelemetry-context\1.9.1\opentelemetry-context-1.9.1.jar;C:\Users\DheyClaveria\.m2\repository\io\opentelemetry\opentelemetry-exporter-logging\1.9.1\opentelemetry-exporter-logging-1.9.1.jar;C:\Users\DheyClaveria\.m2\repository\io\opentelemetry\opentelemetry-sdk-metrics\1.9.1-alpha\opentelemetry-sdk-metrics-1.9.1-alpha.jar;C:\Users\DheyClaveria\.m2\repository\io\opentelemetry\opentelemetry-sdk-logs\1.9.1-alpha\opentelemetry-sdk-logs-1.9.1-alpha.jar;C:\Users\DheyClaveria\.m2\repository\io\opentelemetry\opentelemetry-sdk-common\1.9.1\opentelemetry-sdk-common-1.9.1.jar;C:\Users\DheyClaveria\.m2\repository\io\opentelemetry\opentelemetry-sdk-extension-autoconfigure-spi\1.9.1\opentelemetry-sdk-extension-autoconfigure-spi-1.9.1.jar;C:\Users\DheyClaveria\.m2\repository\io\opentelemetry\opentelemetry-sdk-extension-autoconfigure\1.9.1-alpha\opentelemetry-sdk-extension-autoconfigure-1.9.1-alpha.jar;C:\Users\DheyClaveria\.m2\repository\io\opentelemetry\opentelemetry-sdk-trace\1.9.1\opentelemetry-sdk-trace-1.9.1.jar;C:\Users\DheyClaveria\.m2\repository\io\opentelemetry\opentelemetry-api-metrics\1.9.1-alpha\opentelemetry-api-metrics-1.9.1-alpha.jar;C:\Users\DheyClaveria\.m2\repository\io\opentelemetry\opentelemetry-sdk\1.9.1\opentelemetry-sdk-1.9.1.jar;C:\Users\DheyClaveria\.m2\repository\io\opentelemetry\opentelemetry-semconv\1.9.1-alpha\opentelemetry-semconv-1.9.1-alpha.jar;C:\Users\DheyClaveria\.m2\repository\io\ous\jtoml\2.0.0\jtoml-2.0.0.jar;C:\Users\DheyClaveria\.m2\repository\org\apache\commons\commons-exec\1.3\commons-exec-1.3.jar;C:\Users\DheyClaveria\.m2\repository\org\asynchttpclient\async-http-client\2.12.3\async-http-client-2.12.3.jar;C:\Users\DheyClaveria\.m2\repository\org\asynchttpclient\async-http-client-netty-utils\2.12.3\async-http-client-netty-utils-2.12.3.jar;C:\Users\DheyClaveria\.m2\repository\io\netty\netty-codec-socks\4.1.60.Final\netty-codec-socks-4.1.60.Final.jar;C:\Users\DheyClaveria\.m2\repository\io\netty\netty-handler-proxy\4.1.60.Final\netty-handler-proxy-4.1.60.Final.jar;C:\Users\DheyClaveria\.m2\repository\io\netty\netty-transport-native-epoll\4.1.60.Final\netty-transport-native-epoll-4.1.60.Final-linux-x86_64.jar;C:\Users\DheyClaveria\.m2\repository\io\netty\netty-transport-native-kqueue\4.1.60.Final\netty-transport-native-kqueue-4.1.60.Final-osx-x86_64.jar;C:\Users\DheyClaveria\.m2\repository\org\reactivestreams\reactive-streams\1.0.3\reactive-streams-1.0.3.jar;C:\Users\DheyClaveria\.m2\repository\com\typesafe\netty\netty-reactive-streams\2.0.4\netty-reactive-streams-2.0.4.jar;C:\Users\DheyClaveria\.m2\repository\com\sun\activation\jakarta.activation\1.2.2\jakarta.activation-1.2.2.jar;C:\Users\DheyClaveria\.m2\repository\org\seleniumhq\selenium\selenium-http\4.1.1\selenium-http-4.1.1.jar;C:\Users\DheyClaveria\.m2\repository\net\jodah\failsafe\2.4.4\failsafe-2.4.4.jar;C:\Users\DheyClaveria\.m2\repository\org\seleniumhq\selenium\selenium-safari-driver\4.1.1\selenium-safari-driver-4.1.1.jar;C:\Users\DheyClaveria\.m2\repository\org\seleniumhq\selenium\selenium-chrome-driver\4.1.1\selenium-chrome-driver-4.1.1.jar;C:\Users\DheyClaveria\.m2\repository\com\google\auto\service\auto-service-annotations\1.0.1\auto-service-annotations-1.0.1.jar;C:\Users\DheyClaveria\.m2\repository\com\google\auto\service\auto-service\1.0.1\auto-service-1.0.1.jar;C:\Users\DheyClaveria\.m2\repository\com\google\auto\auto-common\1.2\auto-common-1.2.jar;C:\Users\DheyClaveria\.m2\repository\com\google\guava\guava\31.0.1-jre\guava-31.0.1-jre.jar;C:\Users\DheyClaveria\.m2\repository\com\google\guava\failureaccess\1.0.1\failureaccess-1.0.1.jar;C:\Users\DheyClaveria\.m2\repository\com\google\guava\listenablefuture\9999.0-empty-to-avoid-conflict-with-guava\listenablefuture-9999.0-empty-to-avoid-conflict-with-guava.jar;C:\Users\DheyClaveria\.m2\repository\com\google\code\findbugs\jsr305\3.0.2\jsr305-3.0.2.jar;C:\Users\DheyClaveria\.m2\repository\org\checkerframework\checker-qual\3.12.0\checker-qual-3.12.0.jar;C:\Users\DheyClaveria\.m2\repository\com\google\errorprone\error_prone_annotations\2.7.1\error_prone_annotations-2.7.1.jar;C:\Users\DheyClaveria\.m2\repository\com\google\j2objc\j2objc-annotations\1.3\j2objc-annotations-1.3.jar;C:\Users\DheyClaveria\.m2\repository\org\seleniumhq\selenium\selenium-chromium-driver\4.1.1\selenium-chromium-driver-4.1.1.jar;C:\Users\DheyClaveria\.m2\repository\org\seleniumhq\selenium\selenium-json\4.1.1\selenium-json-4.1.1.jar;C:\Users\DheyClaveria\.m2\repository\io\github\bonigarcia\webdrivermanager\4.2.2\webdrivermanager-4.2.2.jar;C:\Users\DheyClaveria\.m2\repository\org\apache\httpcomponents\client5\httpclient5\5.0.1\httpclient5-5.0.1.jar;C:\Users\DheyClaveria\.m2\repository\org\apache\httpcomponents\core5\httpcore5\5.0.1\httpcore5-5.0.1.jar;C:\Users\DheyClaveria\.m2\repository\org\apache\httpcomponents\core5\httpcore5-h2\5.0.1\httpcore5-h2-5.0.1.jar;C:\Users\DheyClaveria\.m2\repository\org\rauschig\jarchivelib\1.1.0\jarchivelib-1.1.0.jar;C:\Users\DheyClaveria\.m2\repository\org\jsoup\jsoup\1.13.1\jsoup-1.13.1.jar;C:\Users\DheyClaveria\.m2\repository\tech\grasshopper\extentreports-cucumber7-adapter\1.3.0\extentreports-cucumber7-adapter-1.3.0.jar;C:\Users\DheyClaveria\.m2\repository\com\aventstack\extentreports\5.0.9\extentreports-5.0.9.jar;C:\Users\DheyClaveria\.m2\repository\io\reactivex\rxjava3\rxjava\3.0.4\rxjava-3.0.4.jar;C:\Users\DheyClaveria\.m2\repository\tech\grasshopper\extent-pdf-report\2.1.0\extent-pdf-report-2.1.0.jar;C:\Users\DheyClaveria\.m2\repository\tech\grasshopper\cucumber-pdf-report\2.5.0\cucumber-pdf-report-2.5.0.jar;C:\Users\DheyClaveria\.m2\repository\org\knowm\xchart\xchart\3.8.0\xchart-3.8.0.jar;C:\Users\DheyClaveria\.m2\repository\de\erichseifert\vectorgraphics2d\VectorGraphics2D\0.13\VectorGraphics2D-0.13.jar;C:\Users\DheyClaveria\.m2\repository\de\rototor\pdfbox\graphics2d\0.30\graphics2d-0.30.jar;C:\Users\DheyClaveria\.m2\repository\com\madgag\animated-gif-lib\1.4\animated-gif-lib-1.4.jar;C:\Users\DheyClaveria\.m2\repository\org\yaml\snakeyaml\1.28\snakeyaml-1.28.jar;C:\Users\DheyClaveria\.m2\repository\tech\grasshopper\table-layout\1.4.0\table-layout-1.4.0.jar;C:\Users\DheyClaveria\.m2\repository\tech\grasshopper\rest-assured-cucumber-pdf-report\1.1.0\rest-assured-cucumber-pdf-report-1.1.0.jar;C:\Users\DheyClaveria\.m2\repository\com\aventstack\klov-reporter\5.0.9\klov-reporter-5.0.9.jar;C:\Users\DheyClaveria\.m2\repository\org\mongodb\mongodb-driver\3.6.4\mongodb-driver-3.6.4.jar;C:\Users\DheyClaveria\.m2\repository\org\mongodb\mongodb-driver-core\3.6.4\mongodb-driver-core-3.6.4.jar;C:\Users\DheyClaveria\.m2\repository\org\mongodb\bson\3.6.4\bson-3.6.4.jar;C:\Users\DheyClaveria\.m2\repository\tech\grasshopper\htmlextentreporter\1.0.0\htmlextentreporter-1.0.0.jar;C:\Users\DheyClaveria\.m2\repository\org\testng\testng\6.14.3\testng-6.14.3.jar;C:\Users\DheyClaveria\.m2\repository\com\beust\jcommander\1.72\jcommander-1.72.jar;C:\Users\DheyClaveria\.m2\repository\org\apache-extras\beanshell\bsh\2.0b6\bsh-2.0b6.jar;C:\Users\DheyClaveria\.m2\repository\io\cucumber\cucumber-testng\7.2.3\cucumber-testng-7.2.3.jar;C:\Users\DheyClaveria\.m2\repository\org\apache\poi\poi\5.2.1\poi-5.2.1.jar;C:\Users\DheyClaveria\.m2\repository\org\apache\commons\commons-collections4\4.4\commons-collections4-4.4.jar;C:\Users\DheyClaveria\.m2\repository\org\apache\commons\commons-math3\3.6.1\commons-math3-3.6.1.jar;C:\Users\DheyClaveria\.m2\repository\com\zaxxer\SparseBitSet\1.2\SparseBitSet-1.2.jar;C:\Users\DheyClaveria\.m2\repository\org\apache\logging\log4j\log4j-api\2.17.1\log4j-api-2.17.1.jar;C:\Users\DheyClaveria\.m2\repository\org\apache\poi\poi-ooxml\5.2.1\poi-ooxml-5.2.1.jar;C:\Users\DheyClaveria\.m2\repository\org\apache\poi\poi-ooxml-lite\5.2.1\poi-ooxml-lite-5.2.1.jar;C:\Users\DheyClaveria\.m2\repository\org\apache\xmlbeans\xmlbeans\5.0.3\xmlbeans-5.0.3.jar;C:\Users\DheyClaveria\.m2\repository\org\apache\commons\commons-compress\1.21\commons-compress-1.21.jar;C:\Users\DheyClaveria\.m2\repository\com\github\virtuald\curvesapi\1.07\curvesapi-1.07.jar;C:\Users\DheyClaveria\.m2\repository\org\apache\maven\surefire\surefire-junit-platform\3.0.0-M5\surefire-junit-platform-3.0.0-M5.jar;C:\Users\DheyClaveria\.m2\repository\org\apache\maven\surefire\common-java5\3.0.0-M5\common-java5-3.0.0-M5.jar"/>
    <property name="user.script" value=""/>
    <property name="sun.management.compiler" value="HotSpot 64-Bit Tiered Compilers"/>
    <property name="java.runtime.version" value="15.0.1+9-18"/>
    <property name="user.name" value="DheyClaveria"/>
    <property name="path.separator" value=";"/>
    <property name="os.version" value="10.0"/>
    <property name="java.runtime.name" value="Java(TM) SE Runtime Environment"/>
    <property name="file.encoding" value="Cp1252"/>
    <property name="sun.nio.ch.bugLevel" value=""/>
    <property name="java.vm.name" value="Java HotSpot(TM) 64-Bit Server VM"/>
    <property name="localRepository" value="C:\Users\DheyClaveria\.m2\repository"/>
    <property name="java.vendor.url.bug" value="https://bugreport.java.com/bugreport/"/>
    <property name="java.io.tmpdir" value="C:\Users\DheyClaveria\AppData\Local\Temp\"/>
    <property name="java.version" value="15.0.1"/>
    <property name="user.dir" value="Z:\Automation\JavaCucumber\BDD_HCL\CucumberHCL"/>
    <property name="os.arch" value="amd64"/>
    <property name="java.vm.specification.name" value="Java Virtual Machine Specification"/>
    <property name="sun.os.patch.level" value=""/>
    <property name="java.library.path" value="C:\Program Files\Java\jdk-15.0.1\bin;C:\WINDOWS\Sun\Java\bin;C:\WINDOWS\system32;C:\WINDOWS;C:\Program Files\Common Files\Oracle\Java\javapath;C:\Program Files (x86)\Common Files\Intel\Shared Libraries\redist\intel64\compiler;C:\Windows\system32;C:\Windows;C:\Windows\System32\Wbem;C:\Windows\System32\WindowsPowerShell\v1.0\;C:\Windows\System32\OpenSSH\;C:\Program Files (x86)\NVIDIA Corporation\PhysX\Common;C:\Program Files\Microsoft SQL Server\120\Tools\Binn\;C:\Users\DheyClaveria\.dnx\bin;C:\Program Files\Microsoft DNX\Dnvm\;C:\Program Files\Microsoft SQL Server\130\Tools\Binn\;C:\Program Files (x86)\Microsoft SQL Server\130\Tools\Binn\;C:\Program Files (x86)\Microsoft SQL Server\130\DTS\Binn\;C:\Program Files\Microsoft SQL Server\130\DTS\Binn\;C:\Program Files\Microsoft SQL Server\Client SDK\ODBC\130\Tools\Binn\;C:\Program Files\nodejs\;C:\Program Files\NVIDIA Corporation\NVIDIA NvDLISR;C:\WINDOWS\system32;C:\WINDOWS;C:\WINDOWS\System32\Wbem;C:\WINDOWS\System32\WindowsPowerShell\v1.0\;C:\WINDOWS\System32\OpenSSH\;C:\Selenium;C:\Program Files\Git\cmd;C:\Program Files\Java\jdk-15.0.1\bin;;C:\WINDOWS\system32;C:\WINDOWS;C:\WINDOWS\System32\Wbem;C:\WINDOWS\System32\WindowsPowerShell\v1.0\;C:\WINDOWS\System32\OpenSSH\;C:\Program Files\dotnet\;C:\Users\DheyClaveria\AppData\Local\Programs\Python\Python39\Scripts\;C:\Users\DheyClaveria\AppData\Local\Programs\Python\Python39\;C:\Users\DheyClaveria\AppData\Local\Microsoft\WindowsApps;C:\Users\DheyClaveria\AppData\Local\GitHubDesktop\bin;C:\Users\DheyClaveria\AppData\Local\Programs\Microsoft VS Code\bin;C:\Users\DheyClaveria\AppData\Roaming\npm;C:\Users\DheyClaveria\AppData\Local\Microsoft\WindowsApps;C:\Program Files\Java\jdk-15.0.1\bin;C:\apache-maven-3.6.3\bin;C:\Program Files\nodejs;C:\Selenium;;."/>
    <property name="java.vm.info" value="mixed mode"/>
    <property name="java.vendor" value="Oracle Corporation"/>
    <property name="java.vm.version" value="15.0.1+9-18"/>
    <property name="sun.io.unicode.encoding" value="UnicodeLittle"/>
    <property name="java.class.version" value="59.0"/>
  </properties>
  <testcase name="Login fail possible combinations" classname="Test Invalid User Credentials Feature" time="36.779">
    <system-out><![CDATA[11:02:05.644 [main] INFO  i.c.core.plugin.SerenityReporter - Running feature from file:///Z:/Automation/JavaCucumber/BDD_HCL/CucumberHCL/src/main/resources/AppFeatures/ValidateAndVerifyInvalidLogin.feature
11:02:05.646 [main] WARN  i.c.core.plugin.SerenityReporter - Feature from file:///Z:/Automation/JavaCucumber/BDD_HCL/CucumberHCL/src/main/resources/AppFeatures/ValidateAndVerifyInvalidLogin.feature is not under the 'features' directory. Requirements report will not be correctly generated!
11:02:05.766 [main] INFO   - 

-------------------------------------------------------------------------------------
     _______. _______ .______       _______ .__   __.  __  .___________.____    ____ 
    /       ||   ____||   _  \     |   ____||  \ |  | |  | |           |\   \  /   / 
   |   (----`|  |__   |  |_)  |    |  |__   |   \|  | |  | `---|  |----` \   \/   /  
    \   \    |   __|  |      /     |   __|  |  . `  | |  |     |  |       \_    _/   
.----)   |   |  |____ |  |\  \----.|  |____ |  |\   | |  |     |  |         |  |     
|_______/    |_______|| _| `._____||_______||__| \__| |__|     |__|         |__|    
                                                                                     
 News and tutorials at http://www.serenity-bdd.info                                  
 Documentation at https://wakaleo.gitbooks.io/the-serenity-book/content/             
 Join the Serenity Community on Gitter: https://gitter.im/serenity-bdd/serenity-core 
 Serenity BDD Support and Training at http://serenity-bdd.info/#/trainingandsupport  
-------------------------------------------------------------------------------------

11:02:05.768 [main] DEBUG n.thucydides.core.steps.StepEventBus - Test suite started for story net.thucydides.core.model.Story@b13a1f46
11:02:05.769 [main] INFO   - Test Suite Started: Test Invalid User Credentials Feature
11:02:05.801 [main] INFO  i.c.core.plugin.SerenityReporter - Running feature from file:///Z:/Automation/JavaCucumber/BDD_HCL/CucumberHCL/src/main/resources/AppFeatures/ValidateAndVerifyLoginPage.feature
11:02:05.801 [main] WARN  i.c.core.plugin.SerenityReporter - Feature from file:///Z:/Automation/JavaCucumber/BDD_HCL/CucumberHCL/src/main/resources/AppFeatures/ValidateAndVerifyLoginPage.feature is not under the 'features' directory. Requirements report will not be correctly generated!
11:02:05.805 [main] DEBUG n.thucydides.core.steps.StepEventBus - Test suite started for story net.thucydides.core.model.Story@7f1849ba
11:02:05.805 [main] INFO   - Test Suite Started: Validate And Verify Login Page to PEGA Site
11:02:05.812 [main] INFO  i.c.core.plugin.SerenityReporter - Running feature from file:///Z:/Automation/JavaCucumber/BDD_HCL/CucumberHCL/src/main/resources/AppFeatures/ValidateAndVerifyInvalidLogin.feature
11:02:05.812 [main] WARN  i.c.core.plugin.SerenityReporter - Feature from file:///Z:/Automation/JavaCucumber/BDD_HCL/CucumberHCL/src/main/resources/AppFeatures/ValidateAndVerifyInvalidLogin.feature is not under the 'features' directory. Requirements report will not be correctly generated!
11:02:05.814 [main] DEBUG n.thucydides.core.steps.StepEventBus - Test suite started for story net.thucydides.core.model.Story@b13a1f46
11:02:05.814 [main] INFO   - Test Suite Started: Test Invalid User Credentials Feature

@All @testInvalid
Scenario Outline: Login fail possible combinations                                                                                   &amp#27;[90m# src/main/resources/AppFeatures/ValidateAndVerifyInvalidLogin.feature:15&amp#27;[0m
11:02:05.880 [main] INFO  i.c.core.plugin.SerenityReporter - Running feature from file:///Z:/Automation/JavaCucumber/BDD_HCL/CucumberHCL/src/main/resources/AppFeatures/ValidateAndVerifyInvalidLogin.feature
11:02:05.880 [main] WARN  i.c.core.plugin.SerenityReporter - Feature from file:///Z:/Automation/JavaCucumber/BDD_HCL/CucumberHCL/src/main/resources/AppFeatures/ValidateAndVerifyInvalidLogin.feature is not under the 'features' directory. Requirements report will not be correctly generated!
11:02:05.982 [main] INFO   - 
  _____   ___   ___   _____     ___   _____     _     ___   _____   ___   ___  
 |_   _| | __| / __| |_   _|   / __| |_   _|   /_\   | _ \ |_   _| | __| |   \ 
   | |   | _|  \__ \   | |     \__ \   | |    / _ \  |   /   | |   | _|  | |) |
   |_|   |___| |___/   |_|     |___/   |_|   /_/ \_\ |_|_\   |_|   |___| |___/ 

Login fail possible combinations(test-invalid-user-credentials-feature;login-fail-possible-combinations)
--------------------------------------------------------------------------------
11:02:06.088 [main] DEBUG com.pages.drivers.DriversFactory - Set up Browser
11:02:06.088 [main] DEBUG com.pages.drivers.DriversFactory - Initialize Driver Browser Configuration
11:02:06.088 [main] DEBUG com.pages.drivers.DriversFactory -  Driver Browser : chrome
11:02:06.342 [main] DEBUG i.g.b.wdm.cache.ResolutionCache - Resolution chrome=99 in cache (valid until 11:36:40 21/03/2022 CST)
11:02:06.343 [main] DEBUG i.g.b.wdm.cache.ResolutionCache - Resolution chrome99=99.0.4844.51 in cache (valid until 09:15:22 22/03/2022 CST)
11:02:06.343 [main] INFO  i.g.bonigarcia.wdm.WebDriverManager - Using chromedriver 99.0.4844.51 (resolved driver for Chrome 99)
11:02:06.354 [main] DEBUG i.g.bonigarcia.wdm.WebDriverManager - Driver chromedriver 99.0.4844.51 found in cache
11:02:06.355 [main] INFO  i.g.bonigarcia.wdm.WebDriverManager - Exporting webdriver.chrome.driver as C:\Users\DheyClaveria\.cache\selenium\chromedriver\win32\99.0.4844.51\chromedriver.exe
11:02:06.416 [main] DEBUG i.n.u.i.l.InternalLoggerFactory - Using SLF4J as the default logging framework
11:02:06.417 [main] DEBUG io.netty.util.ResourceLeakDetector - -Dio.netty.leakDetection.level: simple
11:02:06.417 [main] DEBUG io.netty.util.ResourceLeakDetector - -Dio.netty.leakDetection.targetRecords: 4
11:02:06.419 [main] DEBUG i.n.util.ResourceLeakDetectorFactory - Loaded default ResourceLeakDetector: io.netty.util.ResourceLeakDetector@49edcb30
11:02:06.429 [main] DEBUG i.n.util.internal.PlatformDependent0 - -Dio.netty.noUnsafe: false
11:02:06.429 [main] DEBUG i.n.util.internal.PlatformDependent0 - Java version: 15
11:02:06.430 [main] DEBUG i.n.util.internal.PlatformDependent0 - sun.misc.Unsafe.theUnsafe: available
11:02:06.430 [main] DEBUG i.n.util.internal.PlatformDependent0 - sun.misc.Unsafe.copyMemory: available
11:02:06.431 [main] DEBUG i.n.util.internal.PlatformDependent0 - java.nio.Buffer.address: available
11:02:06.431 [main] DEBUG i.n.util.internal.PlatformDependent0 - direct buffer constructor: unavailable: Reflective setAccessible(true) disabled
11:02:06.431 [main] DEBUG i.n.util.internal.PlatformDependent0 - java.nio.Bits.unaligned: available, true
11:02:06.432 [main] DEBUG i.n.util.internal.PlatformDependent0 - jdk.internal.misc.Unsafe.allocateUninitializedArray(int): unavailable: class io.netty.util.internal.PlatformDependent0$6 cannot access class jdk.internal.misc.Unsafe (in module java.base) because module java.base does not export jdk.internal.misc to unnamed module @b273a59
11:02:06.434 [main] DEBUG i.n.util.internal.PlatformDependent0 - java.nio.DirectByteBuffer.<init>(long, int): unavailable
11:02:06.434 [main] DEBUG i.n.util.internal.PlatformDependent - sun.misc.Unsafe: available
11:02:06.436 [main] DEBUG i.n.util.internal.PlatformDependent - maxDirectMemory: 4276092928 bytes (maybe)
11:02:06.436 [main] DEBUG i.n.util.internal.PlatformDependent - -Dio.netty.tmpdir: C:\Users\DheyClaveria\AppData\Local\Temp (java.io.tmpdir)
11:02:06.436 [main] DEBUG i.n.util.internal.PlatformDependent - -Dio.netty.bitMode: 64 (sun.arch.data.model)
11:02:06.436 [main] DEBUG i.n.util.internal.PlatformDependent - Platform: Windows
11:02:06.437 [main] DEBUG i.n.util.internal.PlatformDependent - -Dio.netty.maxDirectMemory: -1 bytes
11:02:06.437 [main] DEBUG i.n.util.internal.PlatformDependent - -Dio.netty.uninitializedArrayAllocationThreshold: -1
11:02:06.437 [main] DEBUG io.netty.util.internal.CleanerJava9 - java.nio.ByteBuffer.cleaner(): available
11:02:06.437 [main] DEBUG i.n.util.internal.PlatformDependent - -Dio.netty.noPreferDirect: false
11:02:06.442 [main] DEBUG i.n.util.internal.PlatformDependent - org.jctools-core.MpscChunkedArrayQueue: available
11:02:06.453 [main] DEBUG i.n.u.i.InternalThreadLocalMap - -Dio.netty.threadLocalMap.stringBuilder.initialSize: 1024
11:02:06.453 [main] DEBUG i.n.u.i.InternalThreadLocalMap - -Dio.netty.threadLocalMap.stringBuilder.maxSize: 4096
11:02:06.495 [main] DEBUG io.netty.handler.ssl.JdkSslContext - Default protocols (JDK): [TLSv1.3, TLSv1.2, TLSv1.1, TLSv1] 
11:02:06.495 [main] DEBUG io.netty.handler.ssl.JdkSslContext - Default cipher suites (JDK): [TLS_ECDHE_ECDSA_WITH_AES_256_GCM_SHA384, TLS_ECDHE_ECDSA_WITH_AES_128_GCM_SHA256, TLS_ECDHE_RSA_WITH_AES_128_GCM_SHA256, TLS_ECDHE_RSA_WITH_AES_256_GCM_SHA384, TLS_ECDHE_RSA_WITH_AES_128_CBC_SHA, TLS_ECDHE_RSA_WITH_AES_256_CBC_SHA, TLS_RSA_WITH_AES_128_GCM_SHA256, TLS_RSA_WITH_AES_128_CBC_SHA, TLS_RSA_WITH_AES_256_CBC_SHA, TLS_AES_128_GCM_SHA256, TLS_AES_256_GCM_SHA384]
11:02:06.509 [main] DEBUG i.n.c.MultithreadEventLoopGroup - -Dio.netty.eventLoopThreads: 24
11:02:06.515 [main] DEBUG io.netty.channel.nio.NioEventLoop - -Dio.netty.noKeySetOptimization: false
11:02:06.515 [main] DEBUG io.netty.channel.nio.NioEventLoop - -Dio.netty.selectorAutoRebuildThreshold: 512
11:02:06.544 [main] DEBUG i.n.buffer.PooledByteBufAllocator - -Dio.netty.allocator.numHeapArenas: 24
11:02:06.544 [main] DEBUG i.n.buffer.PooledByteBufAllocator - -Dio.netty.allocator.numDirectArenas: 24
11:02:06.544 [main] DEBUG i.n.buffer.PooledByteBufAllocator - -Dio.netty.allocator.pageSize: 8192
11:02:06.544 [main] DEBUG i.n.buffer.PooledByteBufAllocator - -Dio.netty.allocator.maxOrder: 11
11:02:06.544 [main] DEBUG i.n.buffer.PooledByteBufAllocator - -Dio.netty.allocator.chunkSize: 16777216
11:02:06.544 [main] DEBUG i.n.buffer.PooledByteBufAllocator - -Dio.netty.allocator.smallCacheSize: 256
11:02:06.544 [main] DEBUG i.n.buffer.PooledByteBufAllocator - -Dio.netty.allocator.normalCacheSize: 64
11:02:06.544 [main] DEBUG i.n.buffer.PooledByteBufAllocator - -Dio.netty.allocator.maxCachedBufferCapacity: 32768
11:02:06.544 [main] DEBUG i.n.buffer.PooledByteBufAllocator - -Dio.netty.allocator.cacheTrimInterval: 8192
11:02:06.544 [main] DEBUG i.n.buffer.PooledByteBufAllocator - -Dio.netty.allocator.cacheTrimIntervalMillis: 0
11:02:06.544 [main] DEBUG i.n.buffer.PooledByteBufAllocator - -Dio.netty.allocator.useCacheForAllThreads: true
11:02:06.544 [main] DEBUG i.n.buffer.PooledByteBufAllocator - -Dio.netty.allocator.maxCachedByteBuffersPerChunk: 1023
11:02:06.558 [main] DEBUG io.netty.buffer.ByteBufUtil - -Dio.netty.allocator.type: pooled
11:02:06.558 [main] DEBUG io.netty.buffer.ByteBufUtil - -Dio.netty.threadLocalDirectBufferSize: 0
11:02:06.558 [main] DEBUG io.netty.buffer.ByteBufUtil - -Dio.netty.maxThreadLocalCharBufferSize: 16384
11:02:07.226 [Forwarding newSession on session null to remote] DEBUG io.netty.channel.DefaultChannelId - -Dio.netty.processId: 26696 (auto-detected)
11:02:07.227 [Forwarding newSession on session null to remote] DEBUG io.netty.util.NetUtil - -Djava.net.preferIPv4Stack: false
11:02:07.227 [Forwarding newSession on session null to remote] DEBUG io.netty.util.NetUtil - -Djava.net.preferIPv6Addresses: false
11:02:07.232 [Forwarding newSession on session null to remote] DEBUG io.netty.util.NetUtilInitializations - Loopback interface: lo (Software Loopback Interface 1, 127.0.0.1)
11:02:07.232 [Forwarding newSession on session null to remote] DEBUG io.netty.util.NetUtil - Failed to get SOMAXCONN from sysctl and file \proc\sys\net\core\somaxconn. Default: 200
11:02:07.240 [Forwarding newSession on session null to remote] DEBUG io.netty.channel.DefaultChannelId - -Dio.netty.machineId: 00:d8:61:ff:fe:9b:78:4c (auto-detected)
11:02:07.266 [AsyncHttpClient-1-2] DEBUG io.netty.buffer.AbstractByteBuf - -Dio.netty.buffer.checkAccessible: true
11:02:07.267 [AsyncHttpClient-1-2] DEBUG io.netty.buffer.AbstractByteBuf - -Dio.netty.buffer.checkBounds: true
11:02:07.267 [AsyncHttpClient-1-2] DEBUG i.n.util.ResourceLeakDetectorFactory - Loaded default ResourceLeakDetector: io.netty.util.ResourceLeakDetector@4de5f1f4
11:02:07.274 [AsyncHttpClient-1-2] DEBUG o.a.n.channel.NettyConnectListener - Using new Channel '[id: 0xff00bd1e, L:/127.0.0.1:64211 - R:localhost/127.0.0.1:52506]' for 'POST' to '/session'
11:02:07.284 [AsyncHttpClient-1-2] DEBUG io.netty.util.Recycler - -Dio.netty.recycler.maxCapacityPerThread: 4096
11:02:07.285 [AsyncHttpClient-1-2] DEBUG io.netty.util.Recycler - -Dio.netty.recycler.maxSharedCapacityFactor: 2
11:02:07.285 [AsyncHttpClient-1-2] DEBUG io.netty.util.Recycler - -Dio.netty.recycler.linkCapacity: 16
11:02:07.285 [AsyncHttpClient-1-2] DEBUG io.netty.util.Recycler - -Dio.netty.recycler.ratio: 8
11:02:07.285 [AsyncHttpClient-1-2] DEBUG io.netty.util.Recycler - -Dio.netty.recycler.delayedQueue.ratio: 8
11:02:07.953 [AsyncHttpClient-1-2] DEBUG i.n.handler.codec.compression.Brotli - brotli4j not in the classpath; Brotli support will be unavailable.
11:02:07.953 [AsyncHttpClient-1-2] DEBUG o.a.netty.handler.HttpHandler - 

Request DefaultHttpRequest(decodeResult: success, version: HTTP/1.1)
POST /session HTTP/1.1
User-Agent: selenium/4.1.2 (java windows)
Content-Length: 365
Content-Type: application/json; charset=utf-8
host: localhost:52506
accept: */*

Response DefaultHttpResponse(decodeResult: success, version: HTTP/1.1)
HTTP/1.1 200 OK
Content-Type: application/json; charset=utf-8
cache-control: no-cache
content-length: 794

11:02:07.956 [AsyncHttpClient-1-2] DEBUG o.a.netty.channel.ChannelManager - Adding key: http://localhost:52506 for channel [id: 0xff00bd1e, L:/127.0.0.1:64211 - R:localhost/127.0.0.1:52506]
11:02:08.005 [AsyncHttpClient-1-3] DEBUG o.a.n.channel.NettyConnectListener - Using new Channel '[id: 0xe518ec6a, L:/127.0.0.1:64218 - R:localhost/127.0.0.1:64212]' for 'GET' to '/json/version'
11:02:08.008 [AsyncHttpClient-1-3] DEBUG o.a.netty.handler.HttpHandler - 

Request DefaultFullHttpRequest(decodeResult: success, version: HTTP/1.1, content: EmptyByteBufBE)
GET /json/version HTTP/1.1
User-Agent: selenium/4.1.2 (java windows)
host: localhost:64212
accept: */*

Response DefaultHttpResponse(decodeResult: success, version: HTTP/1.1)
HTTP/1.1 200 OK
Content-Type: application/json; charset=UTF-8
content-length: 423

11:02:08.008 [AsyncHttpClient-1-3] DEBUG o.a.netty.channel.ChannelManager - Adding key: http://localhost:64212 for channel [id: 0xe518ec6a, L:/127.0.0.1:64218 - R:localhost/127.0.0.1:64212]
11:02:08.013 [main] DEBUG i.n.util.internal.ThreadLocalRandom - -Dio.netty.initialSeedUniquifier: 0x733237df134d0b1c
11:02:08.016 [AsyncHttpClient-1-4] DEBUG o.a.n.channel.NettyConnectListener - Using new Channel '[id: 0xdfb91fb0, L:/127.0.0.1:64219 - R:localhost/127.0.0.1:64212]' for 'GET' to '/devtools/browser/9bb72909-e753-47e7-8fdd-892f02e74ea7'
11:02:08.019 [AsyncHttpClient-1-4] DEBUG o.a.netty.handler.WebSocketHandler - 

Request DefaultFullHttpRequest(decodeResult: success, version: HTTP/1.1, content: EmptyByteBufBE)
GET /devtools/browser/9bb72909-e753-47e7-8fdd-892f02e74ea7 HTTP/1.1
upgrade: websocket
connection: upgrade
sec-websocket-key: j52dqdJvKzIC3tMN66fI9Q==
sec-websocket-version: 13
origin: http://localhost:64212
host: localhost:64212
accept: */*
user-agent: AHC/2.1

Response DefaultHttpResponse(decodeResult: success, version: HTTP/1.1)
HTTP/1.1 101 WebSocket Protocol Handshake
Upgrade: WebSocket
Connection: Upgrade
Sec-WebSocket-Accept: mszsLTfwt8ExAj5QGTzkPuxJAnk=

11:02:08.039 [Forwarding deleteAllCookies on session 273087f1b01fdbc59e7ec12534aeb569 to remote] DEBUG o.a.netty.request.NettyRequestSender - Using pooled Channel '[id: 0xff00bd1e, L:/127.0.0.1:64211 - R:localhost/127.0.0.1:52506]' for 'DELETE' to 'http://localhost:52506/session/273087f1b01fdbc59e7ec12534aeb569/cookie'
11:02:08.039 [Forwarding deleteAllCookies on session 273087f1b01fdbc59e7ec12534aeb569 to remote] DEBUG o.a.netty.request.NettyRequestSender - Using open Channel [id: 0xff00bd1e, L:/127.0.0.1:64211 - R:localhost/127.0.0.1:52506] for DELETE '/session/273087f1b01fdbc59e7ec12534aeb569/cookie'
11:02:08.044 [AsyncHttpClient-1-2] DEBUG o.a.netty.handler.HttpHandler - 

Request DefaultFullHttpRequest(decodeResult: success, version: HTTP/1.1, content: EmptyByteBufBE)
DELETE /session/273087f1b01fdbc59e7ec12534aeb569/cookie HTTP/1.1
User-Agent: selenium/4.1.2 (java windows)
Content-Type: application/json; charset=utf-8
host: localhost:52506
accept: */*

Response DefaultHttpResponse(decodeResult: success, version: HTTP/1.1)
HTTP/1.1 200 OK
Content-Type: application/json; charset=utf-8
cache-control: no-cache
content-length: 14

11:02:08.044 [AsyncHttpClient-1-2] DEBUG o.a.netty.channel.ChannelManager - Adding key: http://localhost:52506 for channel [id: 0xff00bd1e, L:/127.0.0.1:64211 - R:localhost/127.0.0.1:52506]
11:02:08.049 [Forwarding maximizeCurrentWindow on session 273087f1b01fdbc59e7ec12534aeb569 to remote] DEBUG o.a.netty.request.NettyRequestSender - Using pooled Channel '[id: 0xff00bd1e, L:/127.0.0.1:64211 - R:localhost/127.0.0.1:52506]' for 'POST' to 'http://localhost:52506/session/273087f1b01fdbc59e7ec12534aeb569/window/maximize'
11:02:08.049 [Forwarding maximizeCurrentWindow on session 273087f1b01fdbc59e7ec12534aeb569 to remote] DEBUG o.a.netty.request.NettyRequestSender - Using open Channel [id: 0xff00bd1e, L:/127.0.0.1:64211 - R:localhost/127.0.0.1:52506] for POST '/session/273087f1b01fdbc59e7ec12534aeb569/window/maximize'
11:02:08.174 [AsyncHttpClient-1-2] DEBUG o.a.netty.handler.HttpHandler - 

Request DefaultHttpRequest(decodeResult: success, version: HTTP/1.1)
POST /session/273087f1b01fdbc59e7ec12534aeb569/window/maximize HTTP/1.1
User-Agent: selenium/4.1.2 (java windows)
Content-Length: 3
Content-Type: application/json; charset=utf-8
host: localhost:52506
accept: */*

Response DefaultHttpResponse(decodeResult: success, version: HTTP/1.1)
HTTP/1.1 200 OK
Content-Type: application/json; charset=utf-8
cache-control: no-cache
content-length: 52

11:02:08.174 [AsyncHttpClient-1-2] DEBUG o.a.netty.channel.ChannelManager - Adding key: http://localhost:52506 for channel [id: 0xff00bd1e, L:/127.0.0.1:64211 - R:localhost/127.0.0.1:52506]
11:02:08.183 [Forwarding get on session 273087f1b01fdbc59e7ec12534aeb569 to remote] DEBUG o.a.netty.request.NettyRequestSender - Using pooled Channel '[id: 0xff00bd1e, L:/127.0.0.1:64211 - R:localhost/127.0.0.1:52506]' for 'POST' to 'http://localhost:52506/session/273087f1b01fdbc59e7ec12534aeb569/url'
11:02:08.183 [Forwarding get on session 273087f1b01fdbc59e7ec12534aeb569 to remote] DEBUG o.a.netty.request.NettyRequestSender - Using open Channel [id: 0xff00bd1e, L:/127.0.0.1:64211 - R:localhost/127.0.0.1:52506] for POST '/session/273087f1b01fdbc59e7ec12534aeb569/url'
11:02:08.311 [AsyncHttpClient-1-2] DEBUG o.a.netty.handler.HttpHandler - 

Request DefaultHttpRequest(decodeResult: success, version: HTTP/1.1)
POST /session/273087f1b01fdbc59e7ec12534aeb569/url HTTP/1.1
User-Agent: selenium/4.1.2 (java windows)
Content-Length: 148
Content-Type: application/json; charset=utf-8
host: localhost:52506
accept: */*

Response DefaultHttpResponse(decodeResult: success, version: HTTP/1.1)
HTTP/1.1 200 OK
Content-Type: application/json; charset=utf-8
cache-control: no-cache
content-length: 14

11:02:08.311 [AsyncHttpClient-1-2] DEBUG o.a.netty.channel.ChannelManager - Adding key: http://localhost:52506 for channel [id: 0xff00bd1e, L:/127.0.0.1:64211 - R:localhost/127.0.0.1:52506]
11:02:08.312 [Forwarding getTitle on session 273087f1b01fdbc59e7ec12534aeb569 to remote] DEBUG o.a.netty.request.NettyRequestSender - Using pooled Channel '[id: 0xff00bd1e, L:/127.0.0.1:64211 - R:localhost/127.0.0.1:52506]' for 'GET' to 'http://localhost:52506/session/273087f1b01fdbc59e7ec12534aeb569/title'
11:02:08.312 [Forwarding getTitle on session 273087f1b01fdbc59e7ec12534aeb569 to remote] DEBUG o.a.netty.request.NettyRequestSender - Using open Channel [id: 0xff00bd1e, L:/127.0.0.1:64211 - R:localhost/127.0.0.1:52506] for GET '/session/273087f1b01fdbc59e7ec12534aeb569/title'
11:02:08.315 [AsyncHttpClient-1-2] DEBUG o.a.netty.handler.HttpHandler - 

Request DefaultFullHttpRequest(decodeResult: success, version: HTTP/1.1, content: EmptyByteBufBE)
GET /session/273087f1b01fdbc59e7ec12534aeb569/title HTTP/1.1
User-Agent: selenium/4.1.2 (java windows)
Cache-Control: no-cache
Content-Type: application/json; charset=utf-8
host: localhost:52506
accept: */*

Response DefaultHttpResponse(decodeResult: success, version: HTTP/1.1)
HTTP/1.1 200 OK
Content-Type: application/json; charset=utf-8
cache-control: no-cache
content-length: 22

11:02:08.316 [AsyncHttpClient-1-2] DEBUG o.a.netty.channel.ChannelManager - Adding key: http://localhost:52506 for channel [id: 0xff00bd1e, L:/127.0.0.1:64211 - R:localhost/127.0.0.1:52506]
11:02:08.316 [main] DEBUG com.pages.LoginPage - verifyApplication: 'Login Page' 
11:02:08.318 [Forwarding getTitle on session 273087f1b01fdbc59e7ec12534aeb569 to remote] DEBUG o.a.netty.request.NettyRequestSender - Using pooled Channel '[id: 0xff00bd1e, L:/127.0.0.1:64211 - R:localhost/127.0.0.1:52506]' for 'GET' to 'http://localhost:52506/session/273087f1b01fdbc59e7ec12534aeb569/title'
11:02:08.318 [Forwarding getTitle on session 273087f1b01fdbc59e7ec12534aeb569 to remote] DEBUG o.a.netty.request.NettyRequestSender - Using open Channel [id: 0xff00bd1e, L:/127.0.0.1:64211 - R:localhost/127.0.0.1:52506] for GET '/session/273087f1b01fdbc59e7ec12534aeb569/title'
11:02:08.320 [AsyncHttpClient-1-2] DEBUG o.a.netty.handler.HttpHandler - 

Request DefaultFullHttpRequest(decodeResult: success, version: HTTP/1.1, content: EmptyByteBufBE)
GET /session/273087f1b01fdbc59e7ec12534aeb569/title HTTP/1.1
User-Agent: selenium/4.1.2 (java windows)
Cache-Control: no-cache
Content-Type: application/json; charset=utf-8
host: localhost:52506
accept: */*

Response DefaultHttpResponse(decodeResult: success, version: HTTP/1.1)
HTTP/1.1 200 OK
Content-Type: application/json; charset=utf-8
cache-control: no-cache
content-length: 22

11:02:08.321 [AsyncHttpClient-1-2] DEBUG o.a.netty.channel.ChannelManager - Adding key: http://localhost:52506 for channel [id: 0xff00bd1e, L:/127.0.0.1:64211 - R:localhost/127.0.0.1:52506]
11:02:08.647 [AsyncHttpClient-1-1] DEBUG o.a.netty.channel.DefaultChannelPool - Entry count for : http://localhost:52506 : 1
11:02:08.647 [AsyncHttpClient-1-1] DEBUG o.a.netty.channel.DefaultChannelPool - Entry count for : http://localhost:64212 : 1
11:02:09.747 [AsyncHttpClient-1-1] DEBUG o.a.netty.channel.DefaultChannelPool - Entry count for : http://localhost:52506 : 1
11:02:09.747 [AsyncHttpClient-1-1] DEBUG o.a.netty.channel.DefaultChannelPool - Entry count for : http://localhost:64212 : 1
11:02:10.851 [AsyncHttpClient-1-1] DEBUG o.a.netty.channel.DefaultChannelPool - Entry count for : http://localhost:52506 : 1
11:02:10.851 [AsyncHttpClient-1-1] DEBUG o.a.netty.channel.DefaultChannelPool - Entry count for : http://localhost:64212 : 1
11:02:11.951 [AsyncHttpClient-1-1] DEBUG o.a.netty.channel.DefaultChannelPool - Entry count for : http://localhost:52506 : 1
11:02:11.951 [AsyncHttpClient-1-1] DEBUG o.a.netty.channel.DefaultChannelPool - Entry count for : http://localhost:64212 : 1
11:02:13.055 [AsyncHttpClient-1-1] DEBUG o.a.netty.channel.DefaultChannelPool - Entry count for : http://localhost:52506 : 1
11:02:13.055 [AsyncHttpClient-1-1] DEBUG o.a.netty.channel.DefaultChannelPool - Entry count for : http://localhost:64212 : 1
  &amp#27;[32mGiven &amp#27;[0m&amp#27;[32mthat the user should navigate in PEGA Login Page&amp#27;[0m                                                                             &amp#27;[90m# stepdefinitions.LoginPageSteps.that_the_user_should_navigate_in_pega_login_page()&amp#27;[0m
11:02:13.332 [main] DEBUG com.pages.LoginPage - verifyPageElements : Current Element = 'By.xpath: //div[@id="credentials"]//div[@class="field user"]//input' 
11:02:13.333 [Forwarding findElement on session 273087f1b01fdbc59e7ec12534aeb569 to remote] DEBUG o.a.netty.request.NettyRequestSender - Using pooled Channel '[id: 0xff00bd1e, L:/127.0.0.1:64211 - R:localhost/127.0.0.1:52506]' for 'POST' to 'http://localhost:52506/session/273087f1b01fdbc59e7ec12534aeb569/element'
11:02:13.334 [Forwarding findElement on session 273087f1b01fdbc59e7ec12534aeb569 to remote] DEBUG o.a.netty.request.NettyRequestSender - Using open Channel [id: 0xff00bd1e, L:/127.0.0.1:64211 - R:localhost/127.0.0.1:52506] for POST '/session/273087f1b01fdbc59e7ec12534aeb569/element'
11:02:13.344 [AsyncHttpClient-1-2] DEBUG o.a.netty.handler.HttpHandler - 

Request DefaultHttpRequest(decodeResult: success, version: HTTP/1.1)
POST /session/273087f1b01fdbc59e7ec12534aeb569/element HTTP/1.1
User-Agent: selenium/4.1.2 (java windows)
Content-Length: 128
Content-Type: application/json; charset=utf-8
host: localhost:52506
accept: */*

Response DefaultHttpResponse(decodeResult: success, version: HTTP/1.1)
HTTP/1.1 200 OK
Content-Type: application/json; charset=utf-8
cache-control: no-cache
content-length: 88

11:02:13.344 [AsyncHttpClient-1-2] DEBUG o.a.netty.channel.ChannelManager - Adding key: http://localhost:52506 for channel [id: 0xff00bd1e, L:/127.0.0.1:64211 - R:localhost/127.0.0.1:52506]
11:02:13.353 [Forwarding isElementDisplayed on session 273087f1b01fdbc59e7ec12534aeb569 to remote] DEBUG o.a.netty.request.NettyRequestSender - Using pooled Channel '[id: 0xff00bd1e, L:/127.0.0.1:64211 - R:localhost/127.0.0.1:52506]' for 'POST' to 'http://localhost:52506/session/273087f1b01fdbc59e7ec12534aeb569/execute/sync'
11:02:13.353 [Forwarding isElementDisplayed on session 273087f1b01fdbc59e7ec12534aeb569 to remote] DEBUG o.a.netty.request.NettyRequestSender - Using open Channel [id: 0xff00bd1e, L:/127.0.0.1:64211 - R:localhost/127.0.0.1:52506] for POST '/session/273087f1b01fdbc59e7ec12534aeb569/execute/sync'
11:02:13.367 [AsyncHttpClient-1-2] DEBUG o.a.netty.handler.HttpHandler - 

Request DefaultHttpRequest(decodeResult: success, version: HTTP/1.1)
POST /session/273087f1b01fdbc59e7ec12534aeb569/execute/sync HTTP/1.1
User-Agent: selenium/4.1.2 (java windows)
Content-Length: 48780
Content-Type: application/json; charset=utf-8
host: localhost:52506
accept: */*

Response DefaultHttpResponse(decodeResult: success, version: HTTP/1.1)
HTTP/1.1 200 OK
Content-Type: application/json; charset=utf-8
cache-control: no-cache
content-length: 14

11:02:13.368 [AsyncHttpClient-1-2] DEBUG o.a.netty.channel.ChannelManager - Adding key: http://localhost:52506 for channel [id: 0xff00bd1e, L:/127.0.0.1:64211 - R:localhost/127.0.0.1:52506]
11:02:13.369 [Forwarding findElement on session 273087f1b01fdbc59e7ec12534aeb569 to remote] DEBUG o.a.netty.request.NettyRequestSender - Using pooled Channel '[id: 0xff00bd1e, L:/127.0.0.1:64211 - R:localhost/127.0.0.1:52506]' for 'POST' to 'http://localhost:52506/session/273087f1b01fdbc59e7ec12534aeb569/element'
11:02:13.369 [Forwarding findElement on session 273087f1b01fdbc59e7ec12534aeb569 to remote] DEBUG o.a.netty.request.NettyRequestSender - Using open Channel [id: 0xff00bd1e, L:/127.0.0.1:64211 - R:localhost/127.0.0.1:52506] for POST '/session/273087f1b01fdbc59e7ec12534aeb569/element'
11:02:13.374 [AsyncHttpClient-1-2] DEBUG o.a.netty.handler.HttpHandler - 

Request DefaultHttpRequest(decodeResult: success, version: HTTP/1.1)
POST /session/273087f1b01fdbc59e7ec12534aeb569/element HTTP/1.1
User-Agent: selenium/4.1.2 (java windows)
Content-Length: 128
Content-Type: application/json; charset=utf-8
host: localhost:52506
accept: */*

Response DefaultHttpResponse(decodeResult: success, version: HTTP/1.1)
HTTP/1.1 200 OK
Content-Type: application/json; charset=utf-8
cache-control: no-cache
content-length: 88

11:02:13.374 [AsyncHttpClient-1-2] DEBUG o.a.netty.channel.ChannelManager - Adding key: http://localhost:52506 for channel [id: 0xff00bd1e, L:/127.0.0.1:64211 - R:localhost/127.0.0.1:52506]
11:02:13.379 [Forwarding isElementDisplayed on session 273087f1b01fdbc59e7ec12534aeb569 to remote] DEBUG o.a.netty.request.NettyRequestSender - Using pooled Channel '[id: 0xff00bd1e, L:/127.0.0.1:64211 - R:localhost/127.0.0.1:52506]' for 'POST' to 'http://localhost:52506/session/273087f1b01fdbc59e7ec12534aeb569/execute/sync'
11:02:13.379 [Forwarding isElementDisplayed on session 273087f1b01fdbc59e7ec12534aeb569 to remote] DEBUG o.a.netty.request.NettyRequestSender - Using open Channel [id: 0xff00bd1e, L:/127.0.0.1:64211 - R:localhost/127.0.0.1:52506] for POST '/session/273087f1b01fdbc59e7ec12534aeb569/execute/sync'
11:02:13.387 [AsyncHttpClient-1-2] DEBUG o.a.netty.handler.HttpHandler - 

Request DefaultHttpRequest(decodeResult: success, version: HTTP/1.1)
POST /session/273087f1b01fdbc59e7ec12534aeb569/execute/sync HTTP/1.1
User-Agent: selenium/4.1.2 (java windows)
Content-Length: 48780
Content-Type: application/json; charset=utf-8
host: localhost:52506
accept: */*

Response DefaultHttpResponse(decodeResult: success, version: HTTP/1.1)
HTTP/1.1 200 OK
Content-Type: application/json; charset=utf-8
cache-control: no-cache
content-length: 14

11:02:13.388 [AsyncHttpClient-1-2] DEBUG o.a.netty.channel.ChannelManager - Adding key: http://localhost:52506 for channel [id: 0xff00bd1e, L:/127.0.0.1:64211 - R:localhost/127.0.0.1:52506]
11:02:13.389 [Forwarding findElement on session 273087f1b01fdbc59e7ec12534aeb569 to remote] DEBUG o.a.netty.request.NettyRequestSender - Using pooled Channel '[id: 0xff00bd1e, L:/127.0.0.1:64211 - R:localhost/127.0.0.1:52506]' for 'POST' to 'http://localhost:52506/session/273087f1b01fdbc59e7ec12534aeb569/element'
11:02:13.389 [Forwarding findElement on session 273087f1b01fdbc59e7ec12534aeb569 to remote] DEBUG o.a.netty.request.NettyRequestSender - Using open Channel [id: 0xff00bd1e, L:/127.0.0.1:64211 - R:localhost/127.0.0.1:52506] for POST '/session/273087f1b01fdbc59e7ec12534aeb569/element'
11:02:13.395 [AsyncHttpClient-1-2] DEBUG o.a.netty.handler.HttpHandler - 

Request DefaultHttpRequest(decodeResult: success, version: HTTP/1.1)
POST /session/273087f1b01fdbc59e7ec12534aeb569/element HTTP/1.1
User-Agent: selenium/4.1.2 (java windows)
Content-Length: 128
Content-Type: application/json; charset=utf-8
host: localhost:52506
accept: */*

Response DefaultHttpResponse(decodeResult: success, version: HTTP/1.1)
HTTP/1.1 200 OK
Content-Type: application/json; charset=utf-8
cache-control: no-cache
content-length: 88

11:02:13.395 [AsyncHttpClient-1-2] DEBUG o.a.netty.channel.ChannelManager - Adding key: http://localhost:52506 for channel [id: 0xff00bd1e, L:/127.0.0.1:64211 - R:localhost/127.0.0.1:52506]
11:02:13.397 [Forwarding isElementEnabled on session 273087f1b01fdbc59e7ec12534aeb569 to remote] DEBUG o.a.netty.request.NettyRequestSender - Using pooled Channel '[id: 0xff00bd1e, L:/127.0.0.1:64211 - R:localhost/127.0.0.1:52506]' for 'GET' to 'http://localhost:52506/session/273087f1b01fdbc59e7ec12534aeb569/element/bc3d4a2e-22c9-4b82-8f7c-9ccbb514b712/enabled'
11:02:13.397 [Forwarding isElementEnabled on session 273087f1b01fdbc59e7ec12534aeb569 to remote] DEBUG o.a.netty.request.NettyRequestSender - Using open Channel [id: 0xff00bd1e, L:/127.0.0.1:64211 - R:localhost/127.0.0.1:52506] for GET '/session/273087f1b01fdbc59e7ec12534aeb569/element/bc3d4a2e-22c9-4b82-8f7c-9ccbb514b712/enabled'
11:02:13.402 [AsyncHttpClient-1-2] DEBUG o.a.netty.handler.HttpHandler - 

Request DefaultFullHttpRequest(decodeResult: success, version: HTTP/1.1, content: EmptyByteBufBE)
GET /session/273087f1b01fdbc59e7ec12534aeb569/element/bc3d4a2e-22c9-4b82-8f7c-9ccbb514b712/enabled HTTP/1.1
User-Agent: selenium/4.1.2 (java windows)
Cache-Control: no-cache
Content-Type: application/json; charset=utf-8
host: localhost:52506
accept: */*

Response DefaultHttpResponse(decodeResult: success, version: HTTP/1.1)
HTTP/1.1 200 OK
Content-Type: application/json; charset=utf-8
cache-control: no-cache
content-length: 14

11:02:13.403 [AsyncHttpClient-1-2] DEBUG o.a.netty.channel.ChannelManager - Adding key: http://localhost:52506 for channel [id: 0xff00bd1e, L:/127.0.0.1:64211 - R:localhost/127.0.0.1:52506]
11:02:13.403 [main] DEBUG com.pages.LoginPage - verifyPageElements : Current Element = 'By.xpath: //div[@id="credentials"]//div[@class="field password"]//input' 
11:02:13.404 [Forwarding findElement on session 273087f1b01fdbc59e7ec12534aeb569 to remote] DEBUG o.a.netty.request.NettyRequestSender - Using pooled Channel '[id: 0xff00bd1e, L:/127.0.0.1:64211 - R:localhost/127.0.0.1:52506]' for 'POST' to 'http://localhost:52506/session/273087f1b01fdbc59e7ec12534aeb569/element'
11:02:13.404 [Forwarding findElement on session 273087f1b01fdbc59e7ec12534aeb569 to remote] DEBUG o.a.netty.request.NettyRequestSender - Using open Channel [id: 0xff00bd1e, L:/127.0.0.1:64211 - R:localhost/127.0.0.1:52506] for POST '/session/273087f1b01fdbc59e7ec12534aeb569/element'
11:02:13.414 [AsyncHttpClient-1-2] DEBUG o.a.netty.handler.HttpHandler - 

Request DefaultHttpRequest(decodeResult: success, version: HTTP/1.1)
POST /session/273087f1b01fdbc59e7ec12534aeb569/element HTTP/1.1
User-Agent: selenium/4.1.2 (java windows)
Content-Length: 132
Content-Type: application/json; charset=utf-8
host: localhost:52506
accept: */*

Response DefaultHttpResponse(decodeResult: success, version: HTTP/1.1)
HTTP/1.1 200 OK
Content-Type: application/json; charset=utf-8
cache-control: no-cache
content-length: 88

11:02:13.414 [AsyncHttpClient-1-2] DEBUG o.a.netty.channel.ChannelManager - Adding key: http://localhost:52506 for channel [id: 0xff00bd1e, L:/127.0.0.1:64211 - R:localhost/127.0.0.1:52506]
11:02:13.420 [Forwarding isElementDisplayed on session 273087f1b01fdbc59e7ec12534aeb569 to remote] DEBUG o.a.netty.request.NettyRequestSender - Using pooled Channel '[id: 0xff00bd1e, L:/127.0.0.1:64211 - R:localhost/127.0.0.1:52506]' for 'POST' to 'http://localhost:52506/session/273087f1b01fdbc59e7ec12534aeb569/execute/sync'
11:02:13.420 [Forwarding isElementDisplayed on session 273087f1b01fdbc59e7ec12534aeb569 to remote] DEBUG o.a.netty.request.NettyRequestSender - Using open Channel [id: 0xff00bd1e, L:/127.0.0.1:64211 - R:localhost/127.0.0.1:52506] for POST '/session/273087f1b01fdbc59e7ec12534aeb569/execute/sync'
11:02:13.431 [AsyncHttpClient-1-2] DEBUG o.a.netty.handler.HttpHandler - 

Request DefaultHttpRequest(decodeResult: success, version: HTTP/1.1)
POST /session/273087f1b01fdbc59e7ec12534aeb569/execute/sync HTTP/1.1
User-Agent: selenium/4.1.2 (java windows)
Content-Length: 48780
Content-Type: application/json; charset=utf-8
host: localhost:52506
accept: */*

Response DefaultHttpResponse(decodeResult: success, version: HTTP/1.1)
HTTP/1.1 200 OK
Content-Type: application/json; charset=utf-8
cache-control: no-cache
content-length: 14

11:02:13.432 [AsyncHttpClient-1-2] DEBUG o.a.netty.channel.ChannelManager - Adding key: http://localhost:52506 for channel [id: 0xff00bd1e, L:/127.0.0.1:64211 - R:localhost/127.0.0.1:52506]
11:02:13.433 [Forwarding findElement on session 273087f1b01fdbc59e7ec12534aeb569 to remote] DEBUG o.a.netty.request.NettyRequestSender - Using pooled Channel '[id: 0xff00bd1e, L:/127.0.0.1:64211 - R:localhost/127.0.0.1:52506]' for 'POST' to 'http://localhost:52506/session/273087f1b01fdbc59e7ec12534aeb569/element'
11:02:13.433 [Forwarding findElement on session 273087f1b01fdbc59e7ec12534aeb569 to remote] DEBUG o.a.netty.request.NettyRequestSender - Using open Channel [id: 0xff00bd1e, L:/127.0.0.1:64211 - R:localhost/127.0.0.1:52506] for POST '/session/273087f1b01fdbc59e7ec12534aeb569/element'
11:02:13.440 [AsyncHttpClient-1-2] DEBUG o.a.netty.handler.HttpHandler - 

Request DefaultHttpRequest(decodeResult: success, version: HTTP/1.1)
POST /session/273087f1b01fdbc59e7ec12534aeb569/element HTTP/1.1
User-Agent: selenium/4.1.2 (java windows)
Content-Length: 132
Content-Type: application/json; charset=utf-8
host: localhost:52506
accept: */*

Response DefaultHttpResponse(decodeResult: success, version: HTTP/1.1)
HTTP/1.1 200 OK
Content-Type: application/json; charset=utf-8
cache-control: no-cache
content-length: 88

11:02:13.440 [AsyncHttpClient-1-2] DEBUG o.a.netty.channel.ChannelManager - Adding key: http://localhost:52506 for channel [id: 0xff00bd1e, L:/127.0.0.1:64211 - R:localhost/127.0.0.1:52506]
11:02:13.445 [Forwarding isElementDisplayed on session 273087f1b01fdbc59e7ec12534aeb569 to remote] DEBUG o.a.netty.request.NettyRequestSender - Using pooled Channel '[id: 0xff00bd1e, L:/127.0.0.1:64211 - R:localhost/127.0.0.1:52506]' for 'POST' to 'http://localhost:52506/session/273087f1b01fdbc59e7ec12534aeb569/execute/sync'
11:02:13.445 [Forwarding isElementDisplayed on session 273087f1b01fdbc59e7ec12534aeb569 to remote] DEBUG o.a.netty.request.NettyRequestSender - Using open Channel [id: 0xff00bd1e, L:/127.0.0.1:64211 - R:localhost/127.0.0.1:52506] for POST '/session/273087f1b01fdbc59e7ec12534aeb569/execute/sync'
11:02:13.453 [AsyncHttpClient-1-2] DEBUG o.a.netty.handler.HttpHandler - 

Request DefaultHttpRequest(decodeResult: success, version: HTTP/1.1)
POST /session/273087f1b01fdbc59e7ec12534aeb569/execute/sync HTTP/1.1
User-Agent: selenium/4.1.2 (java windows)
Content-Length: 48780
Content-Type: application/json; charset=utf-8
host: localhost:52506
accept: */*

Response DefaultHttpResponse(decodeResult: success, version: HTTP/1.1)
HTTP/1.1 200 OK
Content-Type: application/json; charset=utf-8
cache-control: no-cache
content-length: 14

11:02:13.454 [AsyncHttpClient-1-2] DEBUG o.a.netty.channel.ChannelManager - Adding key: http://localhost:52506 for channel [id: 0xff00bd1e, L:/127.0.0.1:64211 - R:localhost/127.0.0.1:52506]
11:02:13.456 [Forwarding findElement on session 273087f1b01fdbc59e7ec12534aeb569 to remote] DEBUG o.a.netty.request.NettyRequestSender - Using pooled Channel '[id: 0xff00bd1e, L:/127.0.0.1:64211 - R:localhost/127.0.0.1:52506]' for 'POST' to 'http://localhost:52506/session/273087f1b01fdbc59e7ec12534aeb569/element'
11:02:13.457 [Forwarding findElement on session 273087f1b01fdbc59e7ec12534aeb569 to remote] DEBUG o.a.netty.request.NettyRequestSender - Using open Channel [id: 0xff00bd1e, L:/127.0.0.1:64211 - R:localhost/127.0.0.1:52506] for POST '/session/273087f1b01fdbc59e7ec12534aeb569/element'
11:02:13.478 [AsyncHttpClient-1-2] DEBUG o.a.netty.handler.HttpHandler - 

Request DefaultHttpRequest(decodeResult: success, version: HTTP/1.1)
POST /session/273087f1b01fdbc59e7ec12534aeb569/element HTTP/1.1
User-Agent: selenium/4.1.2 (java windows)
Content-Length: 132
Content-Type: application/json; charset=utf-8
host: localhost:52506
accept: */*

Response DefaultHttpResponse(decodeResult: success, version: HTTP/1.1)
HTTP/1.1 200 OK
Content-Type: application/json; charset=utf-8
cache-control: no-cache
content-length: 88

11:02:13.478 [AsyncHttpClient-1-2] DEBUG o.a.netty.channel.ChannelManager - Adding key: http://localhost:52506 for channel [id: 0xff00bd1e, L:/127.0.0.1:64211 - R:localhost/127.0.0.1:52506]
11:02:13.482 [Forwarding isElementEnabled on session 273087f1b01fdbc59e7ec12534aeb569 to remote] DEBUG o.a.netty.request.NettyRequestSender - Using pooled Channel '[id: 0xff00bd1e, L:/127.0.0.1:64211 - R:localhost/127.0.0.1:52506]' for 'GET' to 'http://localhost:52506/session/273087f1b01fdbc59e7ec12534aeb569/element/a3b7ee27-1dd6-43f4-80c1-23f014818266/enabled'
11:02:13.482 [Forwarding isElementEnabled on session 273087f1b01fdbc59e7ec12534aeb569 to remote] DEBUG o.a.netty.request.NettyRequestSender - Using open Channel [id: 0xff00bd1e, L:/127.0.0.1:64211 - R:localhost/127.0.0.1:52506] for GET '/session/273087f1b01fdbc59e7ec12534aeb569/element/a3b7ee27-1dd6-43f4-80c1-23f014818266/enabled'
11:02:13.495 [AsyncHttpClient-1-2] DEBUG o.a.netty.handler.HttpHandler - 

Request DefaultFullHttpRequest(decodeResult: success, version: HTTP/1.1, content: EmptyByteBufBE)
GET /session/273087f1b01fdbc59e7ec12534aeb569/element/a3b7ee27-1dd6-43f4-80c1-23f014818266/enabled HTTP/1.1
User-Agent: selenium/4.1.2 (java windows)
Cache-Control: no-cache
Content-Type: application/json; charset=utf-8
host: localhost:52506
accept: */*

Response DefaultHttpResponse(decodeResult: success, version: HTTP/1.1)
HTTP/1.1 200 OK
Content-Type: application/json; charset=utf-8
cache-control: no-cache
content-length: 14

11:02:13.495 [AsyncHttpClient-1-2] DEBUG o.a.netty.channel.ChannelManager - Adding key: http://localhost:52506 for channel [id: 0xff00bd1e, L:/127.0.0.1:64211 - R:localhost/127.0.0.1:52506]
11:02:13.496 [main] DEBUG com.pages.LoginPage - verifyPageElements : Current Element = 'By.xpath: //div[@id="credentials"]//button[contains(@class,"loginButton")]' 
11:02:13.497 [Forwarding findElement on session 273087f1b01fdbc59e7ec12534aeb569 to remote] DEBUG o.a.netty.request.NettyRequestSender - Using pooled Channel '[id: 0xff00bd1e, L:/127.0.0.1:64211 - R:localhost/127.0.0.1:52506]' for 'POST' to 'http://localhost:52506/session/273087f1b01fdbc59e7ec12534aeb569/element'
11:02:13.497 [Forwarding findElement on session 273087f1b01fdbc59e7ec12534aeb569 to remote] DEBUG o.a.netty.request.NettyRequestSender - Using open Channel [id: 0xff00bd1e, L:/127.0.0.1:64211 - R:localhost/127.0.0.1:52506] for POST '/session/273087f1b01fdbc59e7ec12534aeb569/element'
11:02:13.505 [AsyncHttpClient-1-2] DEBUG o.a.netty.handler.HttpHandler - 

Request DefaultHttpRequest(decodeResult: success, version: HTTP/1.1)
POST /session/273087f1b01fdbc59e7ec12534aeb569/element HTTP/1.1
User-Agent: selenium/4.1.2 (java windows)
Content-Length: 125
Content-Type: application/json; charset=utf-8
host: localhost:52506
accept: */*

Response DefaultHttpResponse(decodeResult: success, version: HTTP/1.1)
HTTP/1.1 200 OK
Content-Type: application/json; charset=utf-8
cache-control: no-cache
content-length: 88

11:02:13.506 [AsyncHttpClient-1-2] DEBUG o.a.netty.channel.ChannelManager - Adding key: http://localhost:52506 for channel [id: 0xff00bd1e, L:/127.0.0.1:64211 - R:localhost/127.0.0.1:52506]
11:02:13.510 [Forwarding isElementDisplayed on session 273087f1b01fdbc59e7ec12534aeb569 to remote] DEBUG o.a.netty.request.NettyRequestSender - Using pooled Channel '[id: 0xff00bd1e, L:/127.0.0.1:64211 - R:localhost/127.0.0.1:52506]' for 'POST' to 'http://localhost:52506/session/273087f1b01fdbc59e7ec12534aeb569/execute/sync'
11:02:13.510 [Forwarding isElementDisplayed on session 273087f1b01fdbc59e7ec12534aeb569 to remote] DEBUG o.a.netty.request.NettyRequestSender - Using open Channel [id: 0xff00bd1e, L:/127.0.0.1:64211 - R:localhost/127.0.0.1:52506] for POST '/session/273087f1b01fdbc59e7ec12534aeb569/execute/sync'
11:02:13.518 [AsyncHttpClient-1-2] DEBUG o.a.netty.handler.HttpHandler - 

Request DefaultHttpRequest(decodeResult: success, version: HTTP/1.1)
POST /session/273087f1b01fdbc59e7ec12534aeb569/execute/sync HTTP/1.1
User-Agent: selenium/4.1.2 (java windows)
Content-Length: 48780
Content-Type: application/json; charset=utf-8
host: localhost:52506
accept: */*

Response DefaultHttpResponse(decodeResult: success, version: HTTP/1.1)
HTTP/1.1 200 OK
Content-Type: application/json; charset=utf-8
cache-control: no-cache
content-length: 14

11:02:13.518 [AsyncHttpClient-1-2] DEBUG o.a.netty.channel.ChannelManager - Adding key: http://localhost:52506 for channel [id: 0xff00bd1e, L:/127.0.0.1:64211 - R:localhost/127.0.0.1:52506]
11:02:13.520 [Forwarding findElement on session 273087f1b01fdbc59e7ec12534aeb569 to remote] DEBUG o.a.netty.request.NettyRequestSender - Using pooled Channel '[id: 0xff00bd1e, L:/127.0.0.1:64211 - R:localhost/127.0.0.1:52506]' for 'POST' to 'http://localhost:52506/session/273087f1b01fdbc59e7ec12534aeb569/element'
11:02:13.520 [Forwarding findElement on session 273087f1b01fdbc59e7ec12534aeb569 to remote] DEBUG o.a.netty.request.NettyRequestSender - Using open Channel [id: 0xff00bd1e, L:/127.0.0.1:64211 - R:localhost/127.0.0.1:52506] for POST '/session/273087f1b01fdbc59e7ec12534aeb569/element'
11:02:13.526 [AsyncHttpClient-1-2] DEBUG o.a.netty.handler.HttpHandler - 

Request DefaultHttpRequest(decodeResult: success, version: HTTP/1.1)
POST /session/273087f1b01fdbc59e7ec12534aeb569/element HTTP/1.1
User-Agent: selenium/4.1.2 (java windows)
Content-Length: 125
Content-Type: application/json; charset=utf-8
host: localhost:52506
accept: */*

Response DefaultHttpResponse(decodeResult: success, version: HTTP/1.1)
HTTP/1.1 200 OK
Content-Type: application/json; charset=utf-8
cache-control: no-cache
content-length: 88

11:02:13.526 [AsyncHttpClient-1-2] DEBUG o.a.netty.channel.ChannelManager - Adding key: http://localhost:52506 for channel [id: 0xff00bd1e, L:/127.0.0.1:64211 - R:localhost/127.0.0.1:52506]
11:02:13.530 [Forwarding isElementDisplayed on session 273087f1b01fdbc59e7ec12534aeb569 to remote] DEBUG o.a.netty.request.NettyRequestSender - Using pooled Channel '[id: 0xff00bd1e, L:/127.0.0.1:64211 - R:localhost/127.0.0.1:52506]' for 'POST' to 'http://localhost:52506/session/273087f1b01fdbc59e7ec12534aeb569/execute/sync'
11:02:13.530 [Forwarding isElementDisplayed on session 273087f1b01fdbc59e7ec12534aeb569 to remote] DEBUG o.a.netty.request.NettyRequestSender - Using open Channel [id: 0xff00bd1e, L:/127.0.0.1:64211 - R:localhost/127.0.0.1:52506] for POST '/session/273087f1b01fdbc59e7ec12534aeb569/execute/sync'
11:02:13.539 [AsyncHttpClient-1-2] DEBUG o.a.netty.handler.HttpHandler - 

Request DefaultHttpRequest(decodeResult: success, version: HTTP/1.1)
POST /session/273087f1b01fdbc59e7ec12534aeb569/execute/sync HTTP/1.1
User-Agent: selenium/4.1.2 (java windows)
Content-Length: 48780
Content-Type: application/json; charset=utf-8
host: localhost:52506
accept: */*

Response DefaultHttpResponse(decodeResult: success, version: HTTP/1.1)
HTTP/1.1 200 OK
Content-Type: application/json; charset=utf-8
cache-control: no-cache
content-length: 14

11:02:13.539 [AsyncHttpClient-1-2] DEBUG o.a.netty.channel.ChannelManager - Adding key: http://localhost:52506 for channel [id: 0xff00bd1e, L:/127.0.0.1:64211 - R:localhost/127.0.0.1:52506]
11:02:13.541 [Forwarding findElement on session 273087f1b01fdbc59e7ec12534aeb569 to remote] DEBUG o.a.netty.request.NettyRequestSender - Using pooled Channel '[id: 0xff00bd1e, L:/127.0.0.1:64211 - R:localhost/127.0.0.1:52506]' for 'POST' to 'http://localhost:52506/session/273087f1b01fdbc59e7ec12534aeb569/element'
11:02:13.541 [Forwarding findElement on session 273087f1b01fdbc59e7ec12534aeb569 to remote] DEBUG o.a.netty.request.NettyRequestSender - Using open Channel [id: 0xff00bd1e, L:/127.0.0.1:64211 - R:localhost/127.0.0.1:52506] for POST '/session/273087f1b01fdbc59e7ec12534aeb569/element'
11:02:13.545 [AsyncHttpClient-1-2] DEBUG o.a.netty.handler.HttpHandler - 

Request DefaultHttpRequest(decodeResult: success, version: HTTP/1.1)
POST /session/273087f1b01fdbc59e7ec12534aeb569/element HTTP/1.1
User-Agent: selenium/4.1.2 (java windows)
Content-Length: 125
Content-Type: application/json; charset=utf-8
host: localhost:52506
accept: */*

Response DefaultHttpResponse(decodeResult: success, version: HTTP/1.1)
HTTP/1.1 200 OK
Content-Type: application/json; charset=utf-8
cache-control: no-cache
content-length: 88

11:02:13.545 [AsyncHttpClient-1-2] DEBUG o.a.netty.channel.ChannelManager - Adding key: http://localhost:52506 for channel [id: 0xff00bd1e, L:/127.0.0.1:64211 - R:localhost/127.0.0.1:52506]
11:02:13.547 [Forwarding isElementEnabled on session 273087f1b01fdbc59e7ec12534aeb569 to remote] DEBUG o.a.netty.request.NettyRequestSender - Using pooled Channel '[id: 0xff00bd1e, L:/127.0.0.1:64211 - R:localhost/127.0.0.1:52506]' for 'GET' to 'http://localhost:52506/session/273087f1b01fdbc59e7ec12534aeb569/element/5e1c3e6b-154a-4d8d-8d73-a2a3074ab333/enabled'
11:02:13.547 [Forwarding isElementEnabled on session 273087f1b01fdbc59e7ec12534aeb569 to remote] DEBUG o.a.netty.request.NettyRequestSender - Using open Channel [id: 0xff00bd1e, L:/127.0.0.1:64211 - R:localhost/127.0.0.1:52506] for GET '/session/273087f1b01fdbc59e7ec12534aeb569/element/5e1c3e6b-154a-4d8d-8d73-a2a3074ab333/enabled'
11:02:13.554 [AsyncHttpClient-1-2] DEBUG o.a.netty.handler.HttpHandler - 

Request DefaultFullHttpRequest(decodeResult: success, version: HTTP/1.1, content: EmptyByteBufBE)
GET /session/273087f1b01fdbc59e7ec12534aeb569/element/5e1c3e6b-154a-4d8d-8d73-a2a3074ab333/enabled HTTP/1.1
User-Agent: selenium/4.1.2 (java windows)
Cache-Control: no-cache
Content-Type: application/json; charset=utf-8
host: localhost:52506
accept: */*

Response DefaultHttpResponse(decodeResult: success, version: HTTP/1.1)
HTTP/1.1 200 OK
Content-Type: application/json; charset=utf-8
cache-control: no-cache
content-length: 14

11:02:13.554 [AsyncHttpClient-1-2] DEBUG o.a.netty.channel.ChannelManager - Adding key: http://localhost:52506 for channel [id: 0xff00bd1e, L:/127.0.0.1:64211 - R:localhost/127.0.0.1:52506]
  &amp#27;[32mAnd &amp#27;[0m&amp#27;[32muser verify the Login Page Elements is Visible&amp#27;[0m                                                                                 &amp#27;[90m# stepdefinitions.LoginPageSteps.user_verify_the_login_page_elements_is_visible()&amp#27;[0m
11:02:14.099 [main] DEBUG stepdefinitions.LoginPageSteps - [{username=invalidUser@vrbank0, password=pega123!}, {username=invalidUser@vrbank1, password=pega123!}, {username=, password=}, {username=, password=}]
11:02:14.149 [AsyncHttpClient-1-1] DEBUG o.a.netty.channel.DefaultChannelPool - Entry count for : http://localhost:52506 : 1
11:02:14.149 [AsyncHttpClient-1-1] DEBUG o.a.netty.channel.DefaultChannelPool - Entry count for : http://localhost:64212 : 1
11:02:15.251 [AsyncHttpClient-1-1] DEBUG o.a.netty.channel.DefaultChannelPool - Entry count for : http://localhost:52506 : 1
11:02:15.251 [AsyncHttpClient-1-1] DEBUG o.a.netty.channel.DefaultChannelPool - Entry count for : http://localhost:64212 : 1
11:02:16.115 [main] DEBUG com.pages.LoginPage - enterUserCredentails: username = 'invalidUser@vrbank0' | password = 'pega123!' 
11:02:16.116 [Forwarding findElement on session 273087f1b01fdbc59e7ec12534aeb569 to remote] DEBUG o.a.netty.request.NettyRequestSender - Using pooled Channel '[id: 0xff00bd1e, L:/127.0.0.1:64211 - R:localhost/127.0.0.1:52506]' for 'POST' to 'http://localhost:52506/session/273087f1b01fdbc59e7ec12534aeb569/element'
11:02:16.116 [Forwarding findElement on session 273087f1b01fdbc59e7ec12534aeb569 to remote] DEBUG o.a.netty.request.NettyRequestSender - Using open Channel [id: 0xff00bd1e, L:/127.0.0.1:64211 - R:localhost/127.0.0.1:52506] for POST '/session/273087f1b01fdbc59e7ec12534aeb569/element'
11:02:16.120 [AsyncHttpClient-1-2] DEBUG o.a.netty.handler.HttpHandler - 

Request DefaultHttpRequest(decodeResult: success, version: HTTP/1.1)
POST /session/273087f1b01fdbc59e7ec12534aeb569/element HTTP/1.1
User-Agent: selenium/4.1.2 (java windows)
Content-Length: 128
Content-Type: application/json; charset=utf-8
host: localhost:52506
accept: */*

Response DefaultHttpResponse(decodeResult: success, version: HTTP/1.1)
HTTP/1.1 200 OK
Content-Type: application/json; charset=utf-8
cache-control: no-cache
content-length: 88

11:02:16.121 [AsyncHttpClient-1-2] DEBUG o.a.netty.channel.ChannelManager - Adding key: http://localhost:52506 for channel [id: 0xff00bd1e, L:/127.0.0.1:64211 - R:localhost/127.0.0.1:52506]
11:02:16.123 [Forwarding sendKeysToElement on session 273087f1b01fdbc59e7ec12534aeb569 to remote] DEBUG o.a.netty.request.NettyRequestSender - Using pooled Channel '[id: 0xff00bd1e, L:/127.0.0.1:64211 - R:localhost/127.0.0.1:52506]' for 'POST' to 'http://localhost:52506/session/273087f1b01fdbc59e7ec12534aeb569/element/bc3d4a2e-22c9-4b82-8f7c-9ccbb514b712/value'
11:02:16.123 [Forwarding sendKeysToElement on session 273087f1b01fdbc59e7ec12534aeb569 to remote] DEBUG o.a.netty.request.NettyRequestSender - Using open Channel [id: 0xff00bd1e, L:/127.0.0.1:64211 - R:localhost/127.0.0.1:52506] for POST '/session/273087f1b01fdbc59e7ec12534aeb569/element/bc3d4a2e-22c9-4b82-8f7c-9ccbb514b712/value'
11:02:16.146 [AsyncHttpClient-1-2] DEBUG o.a.netty.handler.HttpHandler - 

Request DefaultHttpRequest(decodeResult: success, version: HTTP/1.1)
POST /session/273087f1b01fdbc59e7ec12534aeb569/element/bc3d4a2e-22c9-4b82-8f7c-9ccbb514b712/value HTTP/1.1
User-Agent: selenium/4.1.2 (java windows)
Content-Length: 271
Content-Type: application/json; charset=utf-8
host: localhost:52506
accept: */*

Response DefaultHttpResponse(decodeResult: success, version: HTTP/1.1)
HTTP/1.1 200 OK
Content-Type: application/json; charset=utf-8
cache-control: no-cache
content-length: 14

11:02:16.146 [AsyncHttpClient-1-2] DEBUG o.a.netty.channel.ChannelManager - Adding key: http://localhost:52506 for channel [id: 0xff00bd1e, L:/127.0.0.1:64211 - R:localhost/127.0.0.1:52506]
11:02:16.148 [Forwarding findElement on session 273087f1b01fdbc59e7ec12534aeb569 to remote] DEBUG o.a.netty.request.NettyRequestSender - Using pooled Channel '[id: 0xff00bd1e, L:/127.0.0.1:64211 - R:localhost/127.0.0.1:52506]' for 'POST' to 'http://localhost:52506/session/273087f1b01fdbc59e7ec12534aeb569/element'
11:02:16.148 [Forwarding findElement on session 273087f1b01fdbc59e7ec12534aeb569 to remote] DEBUG o.a.netty.request.NettyRequestSender - Using open Channel [id: 0xff00bd1e, L:/127.0.0.1:64211 - R:localhost/127.0.0.1:52506] for POST '/session/273087f1b01fdbc59e7ec12534aeb569/element'
11:02:16.152 [AsyncHttpClient-1-2] DEBUG o.a.netty.handler.HttpHandler - 

Request DefaultHttpRequest(decodeResult: success, version: HTTP/1.1)
POST /session/273087f1b01fdbc59e7ec12534aeb569/element HTTP/1.1
User-Agent: selenium/4.1.2 (java windows)
Content-Length: 132
Content-Type: application/json; charset=utf-8
host: localhost:52506
accept: */*

Response DefaultHttpResponse(decodeResult: success, version: HTTP/1.1)
HTTP/1.1 200 OK
Content-Type: application/json; charset=utf-8
cache-control: no-cache
content-length: 88

11:02:16.152 [AsyncHttpClient-1-2] DEBUG o.a.netty.channel.ChannelManager - Adding key: http://localhost:52506 for channel [id: 0xff00bd1e, L:/127.0.0.1:64211 - R:localhost/127.0.0.1:52506]
11:02:16.154 [Forwarding sendKeysToElement on session 273087f1b01fdbc59e7ec12534aeb569 to remote] DEBUG o.a.netty.request.NettyRequestSender - Using pooled Channel '[id: 0xff00bd1e, L:/127.0.0.1:64211 - R:localhost/127.0.0.1:52506]' for 'POST' to 'http://localhost:52506/session/273087f1b01fdbc59e7ec12534aeb569/element/a3b7ee27-1dd6-43f4-80c1-23f014818266/value'
11:02:16.154 [Forwarding sendKeysToElement on session 273087f1b01fdbc59e7ec12534aeb569 to remote] DEBUG o.a.netty.request.NettyRequestSender - Using open Channel [id: 0xff00bd1e, L:/127.0.0.1:64211 - R:localhost/127.0.0.1:52506] for POST '/session/273087f1b01fdbc59e7ec12534aeb569/element/a3b7ee27-1dd6-43f4-80c1-23f014818266/value'
11:02:16.183 [AsyncHttpClient-1-2] DEBUG o.a.netty.handler.HttpHandler - 

Request DefaultHttpRequest(decodeResult: success, version: HTTP/1.1)
POST /session/273087f1b01fdbc59e7ec12534aeb569/element/a3b7ee27-1dd6-43f4-80c1-23f014818266/value HTTP/1.1
User-Agent: selenium/4.1.2 (java windows)
Content-Length: 161
Content-Type: application/json; charset=utf-8
host: localhost:52506
accept: */*

Response DefaultHttpResponse(decodeResult: success, version: HTTP/1.1)
HTTP/1.1 200 OK
Content-Type: application/json; charset=utf-8
cache-control: no-cache
content-length: 14

11:02:16.183 [AsyncHttpClient-1-2] DEBUG o.a.netty.channel.ChannelManager - Adding key: http://localhost:52506 for channel [id: 0xff00bd1e, L:/127.0.0.1:64211 - R:localhost/127.0.0.1:52506]
11:02:16.184 [Forwarding findElement on session 273087f1b01fdbc59e7ec12534aeb569 to remote] DEBUG o.a.netty.request.NettyRequestSender - Using pooled Channel '[id: 0xff00bd1e, L:/127.0.0.1:64211 - R:localhost/127.0.0.1:52506]' for 'POST' to 'http://localhost:52506/session/273087f1b01fdbc59e7ec12534aeb569/element'
11:02:16.184 [Forwarding findElement on session 273087f1b01fdbc59e7ec12534aeb569 to remote] DEBUG o.a.netty.request.NettyRequestSender - Using open Channel [id: 0xff00bd1e, L:/127.0.0.1:64211 - R:localhost/127.0.0.1:52506] for POST '/session/273087f1b01fdbc59e7ec12534aeb569/element'
11:02:16.188 [AsyncHttpClient-1-2] DEBUG o.a.netty.handler.HttpHandler - 

Request DefaultHttpRequest(decodeResult: success, version: HTTP/1.1)
POST /session/273087f1b01fdbc59e7ec12534aeb569/element HTTP/1.1
User-Agent: selenium/4.1.2 (java windows)
Content-Length: 125
Content-Type: application/json; charset=utf-8
host: localhost:52506
accept: */*

Response DefaultHttpResponse(decodeResult: success, version: HTTP/1.1)
HTTP/1.1 200 OK
Content-Type: application/json; charset=utf-8
cache-control: no-cache
content-length: 88

11:02:16.189 [AsyncHttpClient-1-2] DEBUG o.a.netty.channel.ChannelManager - Adding key: http://localhost:52506 for channel [id: 0xff00bd1e, L:/127.0.0.1:64211 - R:localhost/127.0.0.1:52506]
11:02:16.190 [Forwarding clickElement on session 273087f1b01fdbc59e7ec12534aeb569 to remote] DEBUG o.a.netty.request.NettyRequestSender - Using pooled Channel '[id: 0xff00bd1e, L:/127.0.0.1:64211 - R:localhost/127.0.0.1:52506]' for 'POST' to 'http://localhost:52506/session/273087f1b01fdbc59e7ec12534aeb569/element/5e1c3e6b-154a-4d8d-8d73-a2a3074ab333/click'
11:02:16.190 [Forwarding clickElement on session 273087f1b01fdbc59e7ec12534aeb569 to remote] DEBUG o.a.netty.request.NettyRequestSender - Using open Channel [id: 0xff00bd1e, L:/127.0.0.1:64211 - R:localhost/127.0.0.1:52506] for POST '/session/273087f1b01fdbc59e7ec12534aeb569/element/5e1c3e6b-154a-4d8d-8d73-a2a3074ab333/click'
11:02:16.247 [AsyncHttpClient-1-2] DEBUG o.a.netty.handler.HttpHandler - 

Request DefaultHttpRequest(decodeResult: success, version: HTTP/1.1)
POST /session/273087f1b01fdbc59e7ec12534aeb569/element/5e1c3e6b-154a-4d8d-8d73-a2a3074ab333/click HTTP/1.1
User-Agent: selenium/4.1.2 (java windows)
Content-Length: 50
Content-Type: application/json; charset=utf-8
host: localhost:52506
accept: */*

Response DefaultHttpResponse(decodeResult: success, version: HTTP/1.1)
HTTP/1.1 200 OK
Content-Type: application/json; charset=utf-8
cache-control: no-cache
content-length: 14

11:02:16.247 [AsyncHttpClient-1-2] DEBUG o.a.netty.channel.ChannelManager - Adding key: http://localhost:52506 for channel [id: 0xff00bd1e, L:/127.0.0.1:64211 - R:localhost/127.0.0.1:52506]
11:02:16.248 [main] DEBUG com.pages.LoginPage - verifyErrorMessage: 'The information you entered was not recognized.' 
11:02:16.249 [Forwarding findElement on session 273087f1b01fdbc59e7ec12534aeb569 to remote] DEBUG o.a.netty.request.NettyRequestSender - Using pooled Channel '[id: 0xff00bd1e, L:/127.0.0.1:64211 - R:localhost/127.0.0.1:52506]' for 'POST' to 'http://localhost:52506/session/273087f1b01fdbc59e7ec12534aeb569/element'
11:02:16.249 [Forwarding findElement on session 273087f1b01fdbc59e7ec12534aeb569 to remote] DEBUG o.a.netty.request.NettyRequestSender - Using open Channel [id: 0xff00bd1e, L:/127.0.0.1:64211 - R:localhost/127.0.0.1:52506] for POST '/session/273087f1b01fdbc59e7ec12534aeb569/element'
11:02:16.258 [AsyncHttpClient-1-2] DEBUG o.a.netty.handler.HttpHandler - 

Request DefaultHttpRequest(decodeResult: success, version: HTTP/1.1)
POST /session/273087f1b01fdbc59e7ec12534aeb569/element HTTP/1.1
User-Agent: selenium/4.1.2 (java windows)
Content-Length: 75
Content-Type: application/json; charset=utf-8
host: localhost:52506
accept: */*

Response DefaultHttpResponse(decodeResult: success, version: HTTP/1.1)
HTTP/1.1 200 OK
Content-Type: application/json; charset=utf-8
cache-control: no-cache
content-length: 88

11:02:16.259 [AsyncHttpClient-1-2] DEBUG o.a.netty.channel.ChannelManager - Adding key: http://localhost:52506 for channel [id: 0xff00bd1e, L:/127.0.0.1:64211 - R:localhost/127.0.0.1:52506]
11:02:16.262 [Forwarding isElementDisplayed on session 273087f1b01fdbc59e7ec12534aeb569 to remote] DEBUG o.a.netty.request.NettyRequestSender - Using pooled Channel '[id: 0xff00bd1e, L:/127.0.0.1:64211 - R:localhost/127.0.0.1:52506]' for 'POST' to 'http://localhost:52506/session/273087f1b01fdbc59e7ec12534aeb569/execute/sync'
11:02:16.262 [Forwarding isElementDisplayed on session 273087f1b01fdbc59e7ec12534aeb569 to remote] DEBUG o.a.netty.request.NettyRequestSender - Using open Channel [id: 0xff00bd1e, L:/127.0.0.1:64211 - R:localhost/127.0.0.1:52506] for POST '/session/273087f1b01fdbc59e7ec12534aeb569/execute/sync'
11:02:16.274 [AsyncHttpClient-1-2] DEBUG o.a.netty.handler.HttpHandler - 

Request DefaultHttpRequest(decodeResult: success, version: HTTP/1.1)
POST /session/273087f1b01fdbc59e7ec12534aeb569/execute/sync HTTP/1.1
User-Agent: selenium/4.1.2 (java windows)
Content-Length: 48780
Content-Type: application/json; charset=utf-8
host: localhost:52506
accept: */*

Response DefaultHttpResponse(decodeResult: success, version: HTTP/1.1)
HTTP/1.1 200 OK
Content-Type: application/json; charset=utf-8
cache-control: no-cache
content-length: 15

11:02:16.274 [AsyncHttpClient-1-2] DEBUG o.a.netty.channel.ChannelManager - Adding key: http://localhost:52506 for channel [id: 0xff00bd1e, L:/127.0.0.1:64211 - R:localhost/127.0.0.1:52506]
11:02:16.351 [AsyncHttpClient-1-1] DEBUG o.a.netty.channel.DefaultChannelPool - Entry count for : http://localhost:52506 : 1
11:02:16.351 [AsyncHttpClient-1-1] DEBUG o.a.netty.channel.DefaultChannelPool - Entry count for : http://localhost:64212 : 1
11:02:16.790 [Forwarding findElement on session 273087f1b01fdbc59e7ec12534aeb569 to remote] DEBUG o.a.netty.request.NettyRequestSender - Using pooled Channel '[id: 0xff00bd1e, L:/127.0.0.1:64211 - R:localhost/127.0.0.1:52506]' for 'POST' to 'http://localhost:52506/session/273087f1b01fdbc59e7ec12534aeb569/element'
11:02:16.790 [Forwarding findElement on session 273087f1b01fdbc59e7ec12534aeb569 to remote] DEBUG o.a.netty.request.NettyRequestSender - Using open Channel [id: 0xff00bd1e, L:/127.0.0.1:64211 - R:localhost/127.0.0.1:52506] for POST '/session/273087f1b01fdbc59e7ec12534aeb569/element'
11:02:16.795 [AsyncHttpClient-1-2] DEBUG o.a.netty.handler.HttpHandler - 

Request DefaultHttpRequest(decodeResult: success, version: HTTP/1.1)
POST /session/273087f1b01fdbc59e7ec12534aeb569/element HTTP/1.1
User-Agent: selenium/4.1.2 (java windows)
Content-Length: 75
Content-Type: application/json; charset=utf-8
host: localhost:52506
accept: */*

Response DefaultHttpResponse(decodeResult: success, version: HTTP/1.1)
HTTP/1.1 200 OK
Content-Type: application/json; charset=utf-8
cache-control: no-cache
content-length: 88

11:02:16.795 [AsyncHttpClient-1-2] DEBUG o.a.netty.channel.ChannelManager - Adding key: http://localhost:52506 for channel [id: 0xff00bd1e, L:/127.0.0.1:64211 - R:localhost/127.0.0.1:52506]
11:02:16.797 [Forwarding isElementDisplayed on session 273087f1b01fdbc59e7ec12534aeb569 to remote] DEBUG o.a.netty.request.NettyRequestSender - Using pooled Channel '[id: 0xff00bd1e, L:/127.0.0.1:64211 - R:localhost/127.0.0.1:52506]' for 'POST' to 'http://localhost:52506/session/273087f1b01fdbc59e7ec12534aeb569/execute/sync'
11:02:16.797 [Forwarding isElementDisplayed on session 273087f1b01fdbc59e7ec12534aeb569 to remote] DEBUG o.a.netty.request.NettyRequestSender - Using open Channel [id: 0xff00bd1e, L:/127.0.0.1:64211 - R:localhost/127.0.0.1:52506] for POST '/session/273087f1b01fdbc59e7ec12534aeb569/execute/sync'
11:02:16.803 [AsyncHttpClient-1-2] DEBUG o.a.netty.handler.HttpHandler - 

Request DefaultHttpRequest(decodeResult: success, version: HTTP/1.1)
POST /session/273087f1b01fdbc59e7ec12534aeb569/execute/sync HTTP/1.1
User-Agent: selenium/4.1.2 (java windows)
Content-Length: 48780
Content-Type: application/json; charset=utf-8
host: localhost:52506
accept: */*

Response DefaultHttpResponse(decodeResult: success, version: HTTP/1.1)
HTTP/1.1 200 OK
Content-Type: application/json; charset=utf-8
cache-control: no-cache
content-length: 14

11:02:16.804 [AsyncHttpClient-1-2] DEBUG o.a.netty.channel.ChannelManager - Adding key: http://localhost:52506 for channel [id: 0xff00bd1e, L:/127.0.0.1:64211 - R:localhost/127.0.0.1:52506]
11:02:16.805 [Forwarding getElementText on session 273087f1b01fdbc59e7ec12534aeb569 to remote] DEBUG o.a.netty.request.NettyRequestSender - Using pooled Channel '[id: 0xff00bd1e, L:/127.0.0.1:64211 - R:localhost/127.0.0.1:52506]' for 'GET' to 'http://localhost:52506/session/273087f1b01fdbc59e7ec12534aeb569/element/1e9f2ebe-0a77-4f04-b0db-98f13d2352b2/text'
11:02:16.805 [Forwarding getElementText on session 273087f1b01fdbc59e7ec12534aeb569 to remote] DEBUG o.a.netty.request.NettyRequestSender - Using open Channel [id: 0xff00bd1e, L:/127.0.0.1:64211 - R:localhost/127.0.0.1:52506] for GET '/session/273087f1b01fdbc59e7ec12534aeb569/element/1e9f2ebe-0a77-4f04-b0db-98f13d2352b2/text'
11:02:16.814 [AsyncHttpClient-1-2] DEBUG o.a.netty.handler.HttpHandler - 

Request DefaultFullHttpRequest(decodeResult: success, version: HTTP/1.1, content: EmptyByteBufBE)
GET /session/273087f1b01fdbc59e7ec12534aeb569/element/1e9f2ebe-0a77-4f04-b0db-98f13d2352b2/text HTTP/1.1
User-Agent: selenium/4.1.2 (java windows)
Cache-Control: no-cache
Content-Type: application/json; charset=utf-8
host: localhost:52506
accept: */*

Response DefaultHttpResponse(decodeResult: success, version: HTTP/1.1)
HTTP/1.1 200 OK
Content-Type: application/json; charset=utf-8
cache-control: no-cache
content-length: 59

11:02:16.814 [AsyncHttpClient-1-2] DEBUG o.a.netty.channel.ChannelManager - Adding key: http://localhost:52506 for channel [id: 0xff00bd1e, L:/127.0.0.1:64211 - R:localhost/127.0.0.1:52506]
11:02:17.451 [AsyncHttpClient-1-1] DEBUG o.a.netty.channel.DefaultChannelPool - Entry count for : http://localhost:52506 : 1
11:02:17.451 [AsyncHttpClient-1-1] DEBUG o.a.netty.channel.DefaultChannelPool - Entry count for : http://localhost:64212 : 1
11:02:18.558 [AsyncHttpClient-1-1] DEBUG o.a.netty.channel.DefaultChannelPool - Entry count for : http://localhost:52506 : 1
11:02:18.558 [AsyncHttpClient-1-1] DEBUG o.a.netty.channel.DefaultChannelPool - Entry count for : http://localhost:64212 : 1
11:02:19.661 [AsyncHttpClient-1-1] DEBUG o.a.netty.channel.DefaultChannelPool - Entry count for : http://localhost:52506 : 1
11:02:19.661 [AsyncHttpClient-1-1] DEBUG o.a.netty.channel.DefaultChannelPool - Entry count for : http://localhost:64212 : 1
11:02:20.751 [AsyncHttpClient-1-1] DEBUG o.a.netty.channel.DefaultChannelPool - Entry count for : http://localhost:52506 : 1
11:02:20.751 [AsyncHttpClient-1-1] DEBUG o.a.netty.channel.DefaultChannelPool - Entry count for : http://localhost:64212 : 1
11:02:20.842 [main] DEBUG com.pages.LoginPage - enterUserCredentails: username = 'invalidUser@vrbank1' | password = 'pega123!' 
11:02:20.842 [Forwarding findElement on session 273087f1b01fdbc59e7ec12534aeb569 to remote] DEBUG o.a.netty.request.NettyRequestSender - Using pooled Channel '[id: 0xff00bd1e, L:/127.0.0.1:64211 - R:localhost/127.0.0.1:52506]' for 'POST' to 'http://localhost:52506/session/273087f1b01fdbc59e7ec12534aeb569/element'
11:02:20.842 [Forwarding findElement on session 273087f1b01fdbc59e7ec12534aeb569 to remote] DEBUG o.a.netty.request.NettyRequestSender - Using open Channel [id: 0xff00bd1e, L:/127.0.0.1:64211 - R:localhost/127.0.0.1:52506] for POST '/session/273087f1b01fdbc59e7ec12534aeb569/element'
11:02:20.847 [AsyncHttpClient-1-2] DEBUG o.a.netty.handler.HttpHandler - 

Request DefaultHttpRequest(decodeResult: success, version: HTTP/1.1)
POST /session/273087f1b01fdbc59e7ec12534aeb569/element HTTP/1.1
User-Agent: selenium/4.1.2 (java windows)
Content-Length: 128
Content-Type: application/json; charset=utf-8
host: localhost:52506
accept: */*

Response DefaultHttpResponse(decodeResult: success, version: HTTP/1.1)
HTTP/1.1 200 OK
Content-Type: application/json; charset=utf-8
cache-control: no-cache
content-length: 88

11:02:20.847 [AsyncHttpClient-1-2] DEBUG o.a.netty.channel.ChannelManager - Adding key: http://localhost:52506 for channel [id: 0xff00bd1e, L:/127.0.0.1:64211 - R:localhost/127.0.0.1:52506]
11:02:20.848 [Forwarding sendKeysToElement on session 273087f1b01fdbc59e7ec12534aeb569 to remote] DEBUG o.a.netty.request.NettyRequestSender - Using pooled Channel '[id: 0xff00bd1e, L:/127.0.0.1:64211 - R:localhost/127.0.0.1:52506]' for 'POST' to 'http://localhost:52506/session/273087f1b01fdbc59e7ec12534aeb569/element/598e8350-25e7-414f-99f1-70d7c66ff0bb/value'
11:02:20.849 [Forwarding sendKeysToElement on session 273087f1b01fdbc59e7ec12534aeb569 to remote] DEBUG o.a.netty.request.NettyRequestSender - Using open Channel [id: 0xff00bd1e, L:/127.0.0.1:64211 - R:localhost/127.0.0.1:52506] for POST '/session/273087f1b01fdbc59e7ec12534aeb569/element/598e8350-25e7-414f-99f1-70d7c66ff0bb/value'
11:02:20.872 [AsyncHttpClient-1-2] DEBUG o.a.netty.handler.HttpHandler - 

Request DefaultHttpRequest(decodeResult: success, version: HTTP/1.1)
POST /session/273087f1b01fdbc59e7ec12534aeb569/element/598e8350-25e7-414f-99f1-70d7c66ff0bb/value HTTP/1.1
User-Agent: selenium/4.1.2 (java windows)
Content-Length: 271
Content-Type: application/json; charset=utf-8
host: localhost:52506
accept: */*

Response DefaultHttpResponse(decodeResult: success, version: HTTP/1.1)
HTTP/1.1 200 OK
Content-Type: application/json; charset=utf-8
cache-control: no-cache
content-length: 14

11:02:20.872 [AsyncHttpClient-1-2] DEBUG o.a.netty.channel.ChannelManager - Adding key: http://localhost:52506 for channel [id: 0xff00bd1e, L:/127.0.0.1:64211 - R:localhost/127.0.0.1:52506]
11:02:20.874 [Forwarding findElement on session 273087f1b01fdbc59e7ec12534aeb569 to remote] DEBUG o.a.netty.request.NettyRequestSender - Using pooled Channel '[id: 0xff00bd1e, L:/127.0.0.1:64211 - R:localhost/127.0.0.1:52506]' for 'POST' to 'http://localhost:52506/session/273087f1b01fdbc59e7ec12534aeb569/element'
11:02:20.874 [Forwarding findElement on session 273087f1b01fdbc59e7ec12534aeb569 to remote] DEBUG o.a.netty.request.NettyRequestSender - Using open Channel [id: 0xff00bd1e, L:/127.0.0.1:64211 - R:localhost/127.0.0.1:52506] for POST '/session/273087f1b01fdbc59e7ec12534aeb569/element'
11:02:20.878 [AsyncHttpClient-1-2] DEBUG o.a.netty.handler.HttpHandler - 

Request DefaultHttpRequest(decodeResult: success, version: HTTP/1.1)
POST /session/273087f1b01fdbc59e7ec12534aeb569/element HTTP/1.1
User-Agent: selenium/4.1.2 (java windows)
Content-Length: 132
Content-Type: application/json; charset=utf-8
host: localhost:52506
accept: */*

Response DefaultHttpResponse(decodeResult: success, version: HTTP/1.1)
HTTP/1.1 200 OK
Content-Type: application/json; charset=utf-8
cache-control: no-cache
content-length: 88

11:02:20.878 [AsyncHttpClient-1-2] DEBUG o.a.netty.channel.ChannelManager - Adding key: http://localhost:52506 for channel [id: 0xff00bd1e, L:/127.0.0.1:64211 - R:localhost/127.0.0.1:52506]
11:02:20.879 [Forwarding sendKeysToElement on session 273087f1b01fdbc59e7ec12534aeb569 to remote] DEBUG o.a.netty.request.NettyRequestSender - Using pooled Channel '[id: 0xff00bd1e, L:/127.0.0.1:64211 - R:localhost/127.0.0.1:52506]' for 'POST' to 'http://localhost:52506/session/273087f1b01fdbc59e7ec12534aeb569/element/7e01a7cb-c962-4175-b9fe-861fb72f9244/value'
11:02:20.880 [Forwarding sendKeysToElement on session 273087f1b01fdbc59e7ec12534aeb569 to remote] DEBUG o.a.netty.request.NettyRequestSender - Using open Channel [id: 0xff00bd1e, L:/127.0.0.1:64211 - R:localhost/127.0.0.1:52506] for POST '/session/273087f1b01fdbc59e7ec12534aeb569/element/7e01a7cb-c962-4175-b9fe-861fb72f9244/value'
11:02:20.907 [AsyncHttpClient-1-2] DEBUG o.a.netty.handler.HttpHandler - 

Request DefaultHttpRequest(decodeResult: success, version: HTTP/1.1)
POST /session/273087f1b01fdbc59e7ec12534aeb569/element/7e01a7cb-c962-4175-b9fe-861fb72f9244/value HTTP/1.1
User-Agent: selenium/4.1.2 (java windows)
Content-Length: 161
Content-Type: application/json; charset=utf-8
host: localhost:52506
accept: */*

Response DefaultHttpResponse(decodeResult: success, version: HTTP/1.1)
HTTP/1.1 200 OK
Content-Type: application/json; charset=utf-8
cache-control: no-cache
content-length: 14

11:02:20.907 [AsyncHttpClient-1-2] DEBUG o.a.netty.channel.ChannelManager - Adding key: http://localhost:52506 for channel [id: 0xff00bd1e, L:/127.0.0.1:64211 - R:localhost/127.0.0.1:52506]
11:02:20.908 [Forwarding findElement on session 273087f1b01fdbc59e7ec12534aeb569 to remote] DEBUG o.a.netty.request.NettyRequestSender - Using pooled Channel '[id: 0xff00bd1e, L:/127.0.0.1:64211 - R:localhost/127.0.0.1:52506]' for 'POST' to 'http://localhost:52506/session/273087f1b01fdbc59e7ec12534aeb569/element'
11:02:20.908 [Forwarding findElement on session 273087f1b01fdbc59e7ec12534aeb569 to remote] DEBUG o.a.netty.request.NettyRequestSender - Using open Channel [id: 0xff00bd1e, L:/127.0.0.1:64211 - R:localhost/127.0.0.1:52506] for POST '/session/273087f1b01fdbc59e7ec12534aeb569/element'
11:02:20.913 [AsyncHttpClient-1-2] DEBUG o.a.netty.handler.HttpHandler - 

Request DefaultHttpRequest(decodeResult: success, version: HTTP/1.1)
POST /session/273087f1b01fdbc59e7ec12534aeb569/element HTTP/1.1
User-Agent: selenium/4.1.2 (java windows)
Content-Length: 125
Content-Type: application/json; charset=utf-8
host: localhost:52506
accept: */*

Response DefaultHttpResponse(decodeResult: success, version: HTTP/1.1)
HTTP/1.1 200 OK
Content-Type: application/json; charset=utf-8
cache-control: no-cache
content-length: 88

11:02:20.913 [AsyncHttpClient-1-2] DEBUG o.a.netty.channel.ChannelManager - Adding key: http://localhost:52506 for channel [id: 0xff00bd1e, L:/127.0.0.1:64211 - R:localhost/127.0.0.1:52506]
11:02:20.915 [Forwarding clickElement on session 273087f1b01fdbc59e7ec12534aeb569 to remote] DEBUG o.a.netty.request.NettyRequestSender - Using pooled Channel '[id: 0xff00bd1e, L:/127.0.0.1:64211 - R:localhost/127.0.0.1:52506]' for 'POST' to 'http://localhost:52506/session/273087f1b01fdbc59e7ec12534aeb569/element/c8f232b2-4472-49b5-bfe1-dfa792d3dccd/click'
11:02:20.915 [Forwarding clickElement on session 273087f1b01fdbc59e7ec12534aeb569 to remote] DEBUG o.a.netty.request.NettyRequestSender - Using open Channel [id: 0xff00bd1e, L:/127.0.0.1:64211 - R:localhost/127.0.0.1:52506] for POST '/session/273087f1b01fdbc59e7ec12534aeb569/element/c8f232b2-4472-49b5-bfe1-dfa792d3dccd/click'
11:02:20.981 [AsyncHttpClient-1-2] DEBUG o.a.netty.handler.HttpHandler - 

Request DefaultHttpRequest(decodeResult: success, version: HTTP/1.1)
POST /session/273087f1b01fdbc59e7ec12534aeb569/element/c8f232b2-4472-49b5-bfe1-dfa792d3dccd/click HTTP/1.1
User-Agent: selenium/4.1.2 (java windows)
Content-Length: 50
Content-Type: application/json; charset=utf-8
host: localhost:52506
accept: */*

Response DefaultHttpResponse(decodeResult: success, version: HTTP/1.1)
HTTP/1.1 200 OK
Content-Type: application/json; charset=utf-8
cache-control: no-cache
content-length: 14

11:02:20.982 [AsyncHttpClient-1-2] DEBUG o.a.netty.channel.ChannelManager - Adding key: http://localhost:52506 for channel [id: 0xff00bd1e, L:/127.0.0.1:64211 - R:localhost/127.0.0.1:52506]
11:02:20.983 [main] DEBUG com.pages.LoginPage - verifyErrorMessage: 'The information you entered was not recognized.' 
11:02:20.983 [Forwarding findElement on session 273087f1b01fdbc59e7ec12534aeb569 to remote] DEBUG o.a.netty.request.NettyRequestSender - Using pooled Channel '[id: 0xff00bd1e, L:/127.0.0.1:64211 - R:localhost/127.0.0.1:52506]' for 'POST' to 'http://localhost:52506/session/273087f1b01fdbc59e7ec12534aeb569/element'
11:02:20.983 [Forwarding findElement on session 273087f1b01fdbc59e7ec12534aeb569 to remote] DEBUG o.a.netty.request.NettyRequestSender - Using open Channel [id: 0xff00bd1e, L:/127.0.0.1:64211 - R:localhost/127.0.0.1:52506] for POST '/session/273087f1b01fdbc59e7ec12534aeb569/element'
11:02:20.991 [AsyncHttpClient-1-2] DEBUG o.a.netty.handler.HttpHandler - 

Request DefaultHttpRequest(decodeResult: success, version: HTTP/1.1)
POST /session/273087f1b01fdbc59e7ec12534aeb569/element HTTP/1.1
User-Agent: selenium/4.1.2 (java windows)
Content-Length: 75
Content-Type: application/json; charset=utf-8
host: localhost:52506
accept: */*

Response DefaultHttpResponse(decodeResult: success, version: HTTP/1.1)
HTTP/1.1 200 OK
Content-Type: application/json; charset=utf-8
cache-control: no-cache
content-length: 88

11:02:20.991 [AsyncHttpClient-1-2] DEBUG o.a.netty.channel.ChannelManager - Adding key: http://localhost:52506 for channel [id: 0xff00bd1e, L:/127.0.0.1:64211 - R:localhost/127.0.0.1:52506]
11:02:20.995 [Forwarding isElementDisplayed on session 273087f1b01fdbc59e7ec12534aeb569 to remote] DEBUG o.a.netty.request.NettyRequestSender - Using pooled Channel '[id: 0xff00bd1e, L:/127.0.0.1:64211 - R:localhost/127.0.0.1:52506]' for 'POST' to 'http://localhost:52506/session/273087f1b01fdbc59e7ec12534aeb569/execute/sync'
11:02:20.995 [Forwarding isElementDisplayed on session 273087f1b01fdbc59e7ec12534aeb569 to remote] DEBUG o.a.netty.request.NettyRequestSender - Using open Channel [id: 0xff00bd1e, L:/127.0.0.1:64211 - R:localhost/127.0.0.1:52506] for POST '/session/273087f1b01fdbc59e7ec12534aeb569/execute/sync'
11:02:21.004 [AsyncHttpClient-1-2] DEBUG o.a.netty.handler.HttpHandler - 

Request DefaultHttpRequest(decodeResult: success, version: HTTP/1.1)
POST /session/273087f1b01fdbc59e7ec12534aeb569/execute/sync HTTP/1.1
User-Agent: selenium/4.1.2 (java windows)
Content-Length: 48780
Content-Type: application/json; charset=utf-8
host: localhost:52506
accept: */*

Response DefaultHttpResponse(decodeResult: success, version: HTTP/1.1)
HTTP/1.1 200 OK
Content-Type: application/json; charset=utf-8
cache-control: no-cache
content-length: 15

11:02:21.004 [AsyncHttpClient-1-2] DEBUG o.a.netty.channel.ChannelManager - Adding key: http://localhost:52506 for channel [id: 0xff00bd1e, L:/127.0.0.1:64211 - R:localhost/127.0.0.1:52506]
11:02:21.515 [Forwarding findElement on session 273087f1b01fdbc59e7ec12534aeb569 to remote] DEBUG o.a.netty.request.NettyRequestSender - Using pooled Channel '[id: 0xff00bd1e, L:/127.0.0.1:64211 - R:localhost/127.0.0.1:52506]' for 'POST' to 'http://localhost:52506/session/273087f1b01fdbc59e7ec12534aeb569/element'
11:02:21.515 [Forwarding findElement on session 273087f1b01fdbc59e7ec12534aeb569 to remote] DEBUG o.a.netty.request.NettyRequestSender - Using open Channel [id: 0xff00bd1e, L:/127.0.0.1:64211 - R:localhost/127.0.0.1:52506] for POST '/session/273087f1b01fdbc59e7ec12534aeb569/element'
11:02:21.519 [AsyncHttpClient-1-2] DEBUG o.a.netty.handler.HttpHandler - 

Request DefaultHttpRequest(decodeResult: success, version: HTTP/1.1)
POST /session/273087f1b01fdbc59e7ec12534aeb569/element HTTP/1.1
User-Agent: selenium/4.1.2 (java windows)
Content-Length: 75
Content-Type: application/json; charset=utf-8
host: localhost:52506
accept: */*

Response DefaultHttpResponse(decodeResult: success, version: HTTP/1.1)
HTTP/1.1 200 OK
Content-Type: application/json; charset=utf-8
cache-control: no-cache
content-length: 88

11:02:21.519 [AsyncHttpClient-1-2] DEBUG o.a.netty.channel.ChannelManager - Adding key: http://localhost:52506 for channel [id: 0xff00bd1e, L:/127.0.0.1:64211 - R:localhost/127.0.0.1:52506]
11:02:21.522 [Forwarding isElementDisplayed on session 273087f1b01fdbc59e7ec12534aeb569 to remote] DEBUG o.a.netty.request.NettyRequestSender - Using pooled Channel '[id: 0xff00bd1e, L:/127.0.0.1:64211 - R:localhost/127.0.0.1:52506]' for 'POST' to 'http://localhost:52506/session/273087f1b01fdbc59e7ec12534aeb569/execute/sync'
11:02:21.522 [Forwarding isElementDisplayed on session 273087f1b01fdbc59e7ec12534aeb569 to remote] DEBUG o.a.netty.request.NettyRequestSender - Using open Channel [id: 0xff00bd1e, L:/127.0.0.1:64211 - R:localhost/127.0.0.1:52506] for POST '/session/273087f1b01fdbc59e7ec12534aeb569/execute/sync'
11:02:21.528 [AsyncHttpClient-1-2] DEBUG o.a.netty.handler.HttpHandler - 

Request DefaultHttpRequest(decodeResult: success, version: HTTP/1.1)
POST /session/273087f1b01fdbc59e7ec12534aeb569/execute/sync HTTP/1.1
User-Agent: selenium/4.1.2 (java windows)
Content-Length: 48780
Content-Type: application/json; charset=utf-8
host: localhost:52506
accept: */*

Response DefaultHttpResponse(decodeResult: success, version: HTTP/1.1)
HTTP/1.1 200 OK
Content-Type: application/json; charset=utf-8
cache-control: no-cache
content-length: 14

11:02:21.528 [AsyncHttpClient-1-2] DEBUG o.a.netty.channel.ChannelManager - Adding key: http://localhost:52506 for channel [id: 0xff00bd1e, L:/127.0.0.1:64211 - R:localhost/127.0.0.1:52506]
11:02:21.529 [Forwarding getElementText on session 273087f1b01fdbc59e7ec12534aeb569 to remote] DEBUG o.a.netty.request.NettyRequestSender - Using pooled Channel '[id: 0xff00bd1e, L:/127.0.0.1:64211 - R:localhost/127.0.0.1:52506]' for 'GET' to 'http://localhost:52506/session/273087f1b01fdbc59e7ec12534aeb569/element/3c44103d-911b-4f48-a294-5f9f21cceb2c/text'
11:02:21.529 [Forwarding getElementText on session 273087f1b01fdbc59e7ec12534aeb569 to remote] DEBUG o.a.netty.request.NettyRequestSender - Using open Channel [id: 0xff00bd1e, L:/127.0.0.1:64211 - R:localhost/127.0.0.1:52506] for GET '/session/273087f1b01fdbc59e7ec12534aeb569/element/3c44103d-911b-4f48-a294-5f9f21cceb2c/text'
11:02:21.536 [AsyncHttpClient-1-2] DEBUG o.a.netty.handler.HttpHandler - 

Request DefaultFullHttpRequest(decodeResult: success, version: HTTP/1.1, content: EmptyByteBufBE)
GET /session/273087f1b01fdbc59e7ec12534aeb569/element/3c44103d-911b-4f48-a294-5f9f21cceb2c/text HTTP/1.1
User-Agent: selenium/4.1.2 (java windows)
Cache-Control: no-cache
Content-Type: application/json; charset=utf-8
host: localhost:52506
accept: */*

Response DefaultHttpResponse(decodeResult: success, version: HTTP/1.1)
HTTP/1.1 200 OK
Content-Type: application/json; charset=utf-8
cache-control: no-cache
content-length: 59

11:02:21.537 [AsyncHttpClient-1-2] DEBUG o.a.netty.channel.ChannelManager - Adding key: http://localhost:52506 for channel [id: 0xff00bd1e, L:/127.0.0.1:64211 - R:localhost/127.0.0.1:52506]
11:02:21.860 [AsyncHttpClient-1-1] DEBUG o.a.netty.channel.DefaultChannelPool - Entry count for : http://localhost:52506 : 1
11:02:21.860 [AsyncHttpClient-1-1] DEBUG o.a.netty.channel.DefaultChannelPool - Entry count for : http://localhost:64212 : 1
11:02:22.958 [AsyncHttpClient-1-1] DEBUG o.a.netty.channel.DefaultChannelPool - Entry count for : http://localhost:52506 : 1
11:02:22.958 [AsyncHttpClient-1-1] DEBUG o.a.netty.channel.DefaultChannelPool - Entry count for : http://localhost:64212 : 1
11:02:24.054 [AsyncHttpClient-1-1] DEBUG o.a.netty.channel.DefaultChannelPool - Entry count for : http://localhost:52506 : 1
11:02:24.054 [AsyncHttpClient-1-1] DEBUG o.a.netty.channel.DefaultChannelPool - Entry count for : http://localhost:64212 : 1
11:02:25.151 [AsyncHttpClient-1-1] DEBUG o.a.netty.channel.DefaultChannelPool - Entry count for : http://localhost:52506 : 1
11:02:25.151 [AsyncHttpClient-1-1] DEBUG o.a.netty.channel.DefaultChannelPool - Entry count for : http://localhost:64212 : 1
11:02:25.559 [main] DEBUG com.pages.LoginPage - enterUserCredentails: username = '' | password = '' 
11:02:25.559 [Forwarding findElement on session 273087f1b01fdbc59e7ec12534aeb569 to remote] DEBUG o.a.netty.request.NettyRequestSender - Using pooled Channel '[id: 0xff00bd1e, L:/127.0.0.1:64211 - R:localhost/127.0.0.1:52506]' for 'POST' to 'http://localhost:52506/session/273087f1b01fdbc59e7ec12534aeb569/element'
11:02:25.559 [Forwarding findElement on session 273087f1b01fdbc59e7ec12534aeb569 to remote] DEBUG o.a.netty.request.NettyRequestSender - Using open Channel [id: 0xff00bd1e, L:/127.0.0.1:64211 - R:localhost/127.0.0.1:52506] for POST '/session/273087f1b01fdbc59e7ec12534aeb569/element'
11:02:25.566 [AsyncHttpClient-1-2] DEBUG o.a.netty.handler.HttpHandler - 

Request DefaultHttpRequest(decodeResult: success, version: HTTP/1.1)
POST /session/273087f1b01fdbc59e7ec12534aeb569/element HTTP/1.1
User-Agent: selenium/4.1.2 (java windows)
Content-Length: 128
Content-Type: application/json; charset=utf-8
host: localhost:52506
accept: */*

Response DefaultHttpResponse(decodeResult: success, version: HTTP/1.1)
HTTP/1.1 200 OK
Content-Type: application/json; charset=utf-8
cache-control: no-cache
content-length: 88

11:02:25.567 [AsyncHttpClient-1-2] DEBUG o.a.netty.channel.ChannelManager - Adding key: http://localhost:52506 for channel [id: 0xff00bd1e, L:/127.0.0.1:64211 - R:localhost/127.0.0.1:52506]
11:02:25.568 [Forwarding sendKeysToElement on session 273087f1b01fdbc59e7ec12534aeb569 to remote] DEBUG o.a.netty.request.NettyRequestSender - Using pooled Channel '[id: 0xff00bd1e, L:/127.0.0.1:64211 - R:localhost/127.0.0.1:52506]' for 'POST' to 'http://localhost:52506/session/273087f1b01fdbc59e7ec12534aeb569/element/77d0585e-3123-42a6-858c-128de06bd0f1/value'
11:02:25.568 [Forwarding sendKeysToElement on session 273087f1b01fdbc59e7ec12534aeb569 to remote] DEBUG o.a.netty.request.NettyRequestSender - Using open Channel [id: 0xff00bd1e, L:/127.0.0.1:64211 - R:localhost/127.0.0.1:52506] for POST '/session/273087f1b01fdbc59e7ec12534aeb569/element/77d0585e-3123-42a6-858c-128de06bd0f1/value'
11:02:25.580 [AsyncHttpClient-1-2] DEBUG o.a.netty.handler.HttpHandler - 

Request DefaultHttpRequest(decodeResult: success, version: HTTP/1.1)
POST /session/273087f1b01fdbc59e7ec12534aeb569/element/77d0585e-3123-42a6-858c-128de06bd0f1/value HTTP/1.1
User-Agent: selenium/4.1.2 (java windows)
Content-Length: 82
Content-Type: application/json; charset=utf-8
host: localhost:52506
accept: */*

Response DefaultHttpResponse(decodeResult: success, version: HTTP/1.1)
HTTP/1.1 200 OK
Content-Type: application/json; charset=utf-8
cache-control: no-cache
content-length: 14

11:02:25.581 [AsyncHttpClient-1-2] DEBUG o.a.netty.channel.ChannelManager - Adding key: http://localhost:52506 for channel [id: 0xff00bd1e, L:/127.0.0.1:64211 - R:localhost/127.0.0.1:52506]
11:02:25.582 [Forwarding findElement on session 273087f1b01fdbc59e7ec12534aeb569 to remote] DEBUG o.a.netty.request.NettyRequestSender - Using pooled Channel '[id: 0xff00bd1e, L:/127.0.0.1:64211 - R:localhost/127.0.0.1:52506]' for 'POST' to 'http://localhost:52506/session/273087f1b01fdbc59e7ec12534aeb569/element'
11:02:25.582 [Forwarding findElement on session 273087f1b01fdbc59e7ec12534aeb569 to remote] DEBUG o.a.netty.request.NettyRequestSender - Using open Channel [id: 0xff00bd1e, L:/127.0.0.1:64211 - R:localhost/127.0.0.1:52506] for POST '/session/273087f1b01fdbc59e7ec12534aeb569/element'
11:02:25.588 [AsyncHttpClient-1-2] DEBUG o.a.netty.handler.HttpHandler - 

Request DefaultHttpRequest(decodeResult: success, version: HTTP/1.1)
POST /session/273087f1b01fdbc59e7ec12534aeb569/element HTTP/1.1
User-Agent: selenium/4.1.2 (java windows)
Content-Length: 132
Content-Type: application/json; charset=utf-8
host: localhost:52506
accept: */*

Response DefaultHttpResponse(decodeResult: success, version: HTTP/1.1)
HTTP/1.1 200 OK
Content-Type: application/json; charset=utf-8
cache-control: no-cache
content-length: 88

11:02:25.588 [AsyncHttpClient-1-2] DEBUG o.a.netty.channel.ChannelManager - Adding key: http://localhost:52506 for channel [id: 0xff00bd1e, L:/127.0.0.1:64211 - R:localhost/127.0.0.1:52506]
11:02:25.589 [Forwarding sendKeysToElement on session 273087f1b01fdbc59e7ec12534aeb569 to remote] DEBUG o.a.netty.request.NettyRequestSender - Using pooled Channel '[id: 0xff00bd1e, L:/127.0.0.1:64211 - R:localhost/127.0.0.1:52506]' for 'POST' to 'http://localhost:52506/session/273087f1b01fdbc59e7ec12534aeb569/element/d5b957c9-f770-4979-a448-c7dda00a9c58/value'
11:02:25.589 [Forwarding sendKeysToElement on session 273087f1b01fdbc59e7ec12534aeb569 to remote] DEBUG o.a.netty.request.NettyRequestSender - Using open Channel [id: 0xff00bd1e, L:/127.0.0.1:64211 - R:localhost/127.0.0.1:52506] for POST '/session/273087f1b01fdbc59e7ec12534aeb569/element/d5b957c9-f770-4979-a448-c7dda00a9c58/value'
11:02:25.613 [AsyncHttpClient-1-2] DEBUG o.a.netty.handler.HttpHandler - 

Request DefaultHttpRequest(decodeResult: success, version: HTTP/1.1)
POST /session/273087f1b01fdbc59e7ec12534aeb569/element/d5b957c9-f770-4979-a448-c7dda00a9c58/value HTTP/1.1
User-Agent: selenium/4.1.2 (java windows)
Content-Length: 82
Content-Type: application/json; charset=utf-8
host: localhost:52506
accept: */*

Response DefaultHttpResponse(decodeResult: success, version: HTTP/1.1)
HTTP/1.1 200 OK
Content-Type: application/json; charset=utf-8
cache-control: no-cache
content-length: 14

11:02:25.613 [AsyncHttpClient-1-2] DEBUG o.a.netty.channel.ChannelManager - Adding key: http://localhost:52506 for channel [id: 0xff00bd1e, L:/127.0.0.1:64211 - R:localhost/127.0.0.1:52506]
11:02:25.614 [Forwarding findElement on session 273087f1b01fdbc59e7ec12534aeb569 to remote] DEBUG o.a.netty.request.NettyRequestSender - Using pooled Channel '[id: 0xff00bd1e, L:/127.0.0.1:64211 - R:localhost/127.0.0.1:52506]' for 'POST' to 'http://localhost:52506/session/273087f1b01fdbc59e7ec12534aeb569/element'
11:02:25.614 [Forwarding findElement on session 273087f1b01fdbc59e7ec12534aeb569 to remote] DEBUG o.a.netty.request.NettyRequestSender - Using open Channel [id: 0xff00bd1e, L:/127.0.0.1:64211 - R:localhost/127.0.0.1:52506] for POST '/session/273087f1b01fdbc59e7ec12534aeb569/element'
11:02:25.621 [AsyncHttpClient-1-2] DEBUG o.a.netty.handler.HttpHandler - 

Request DefaultHttpRequest(decodeResult: success, version: HTTP/1.1)
POST /session/273087f1b01fdbc59e7ec12534aeb569/element HTTP/1.1
User-Agent: selenium/4.1.2 (java windows)
Content-Length: 125
Content-Type: application/json; charset=utf-8
host: localhost:52506
accept: */*

Response DefaultHttpResponse(decodeResult: success, version: HTTP/1.1)
HTTP/1.1 200 OK
Content-Type: application/json; charset=utf-8
cache-control: no-cache
content-length: 88

11:02:25.622 [AsyncHttpClient-1-2] DEBUG o.a.netty.channel.ChannelManager - Adding key: http://localhost:52506 for channel [id: 0xff00bd1e, L:/127.0.0.1:64211 - R:localhost/127.0.0.1:52506]
11:02:25.623 [Forwarding clickElement on session 273087f1b01fdbc59e7ec12534aeb569 to remote] DEBUG o.a.netty.request.NettyRequestSender - Using pooled Channel '[id: 0xff00bd1e, L:/127.0.0.1:64211 - R:localhost/127.0.0.1:52506]' for 'POST' to 'http://localhost:52506/session/273087f1b01fdbc59e7ec12534aeb569/element/6a2e097d-0c2c-4463-8624-c5c773bcc519/click'
11:02:25.623 [Forwarding clickElement on session 273087f1b01fdbc59e7ec12534aeb569 to remote] DEBUG o.a.netty.request.NettyRequestSender - Using open Channel [id: 0xff00bd1e, L:/127.0.0.1:64211 - R:localhost/127.0.0.1:52506] for POST '/session/273087f1b01fdbc59e7ec12534aeb569/element/6a2e097d-0c2c-4463-8624-c5c773bcc519/click'
11:02:25.669 [AsyncHttpClient-1-2] DEBUG o.a.netty.handler.HttpHandler - 

Request DefaultHttpRequest(decodeResult: success, version: HTTP/1.1)
POST /session/273087f1b01fdbc59e7ec12534aeb569/element/6a2e097d-0c2c-4463-8624-c5c773bcc519/click HTTP/1.1
User-Agent: selenium/4.1.2 (java windows)
Content-Length: 50
Content-Type: application/json; charset=utf-8
host: localhost:52506
accept: */*

Response DefaultHttpResponse(decodeResult: success, version: HTTP/1.1)
HTTP/1.1 200 OK
Content-Type: application/json; charset=utf-8
cache-control: no-cache
content-length: 14

11:02:25.670 [AsyncHttpClient-1-2] DEBUG o.a.netty.channel.ChannelManager - Adding key: http://localhost:52506 for channel [id: 0xff00bd1e, L:/127.0.0.1:64211 - R:localhost/127.0.0.1:52506]
11:02:25.670 [main] DEBUG com.pages.LoginPage - verifyErrorMessage: 'The information you entered was not recognized.' 
11:02:25.671 [Forwarding findElement on session 273087f1b01fdbc59e7ec12534aeb569 to remote] DEBUG o.a.netty.request.NettyRequestSender - Using pooled Channel '[id: 0xff00bd1e, L:/127.0.0.1:64211 - R:localhost/127.0.0.1:52506]' for 'POST' to 'http://localhost:52506/session/273087f1b01fdbc59e7ec12534aeb569/element'
11:02:25.671 [Forwarding findElement on session 273087f1b01fdbc59e7ec12534aeb569 to remote] DEBUG o.a.netty.request.NettyRequestSender - Using open Channel [id: 0xff00bd1e, L:/127.0.0.1:64211 - R:localhost/127.0.0.1:52506] for POST '/session/273087f1b01fdbc59e7ec12534aeb569/element'
11:02:25.679 [AsyncHttpClient-1-2] DEBUG o.a.netty.handler.HttpHandler - 

Request DefaultHttpRequest(decodeResult: success, version: HTTP/1.1)
POST /session/273087f1b01fdbc59e7ec12534aeb569/element HTTP/1.1
User-Agent: selenium/4.1.2 (java windows)
Content-Length: 75
Content-Type: application/json; charset=utf-8
host: localhost:52506
accept: */*

Response DefaultHttpResponse(decodeResult: success, version: HTTP/1.1)
HTTP/1.1 200 OK
Content-Type: application/json; charset=utf-8
cache-control: no-cache
content-length: 88

11:02:25.679 [AsyncHttpClient-1-2] DEBUG o.a.netty.channel.ChannelManager - Adding key: http://localhost:52506 for channel [id: 0xff00bd1e, L:/127.0.0.1:64211 - R:localhost/127.0.0.1:52506]
11:02:25.682 [Forwarding isElementDisplayed on session 273087f1b01fdbc59e7ec12534aeb569 to remote] DEBUG o.a.netty.request.NettyRequestSender - Using pooled Channel '[id: 0xff00bd1e, L:/127.0.0.1:64211 - R:localhost/127.0.0.1:52506]' for 'POST' to 'http://localhost:52506/session/273087f1b01fdbc59e7ec12534aeb569/execute/sync'
11:02:25.682 [Forwarding isElementDisplayed on session 273087f1b01fdbc59e7ec12534aeb569 to remote] DEBUG o.a.netty.request.NettyRequestSender - Using open Channel [id: 0xff00bd1e, L:/127.0.0.1:64211 - R:localhost/127.0.0.1:52506] for POST '/session/273087f1b01fdbc59e7ec12534aeb569/execute/sync'
11:02:25.694 [AsyncHttpClient-1-2] DEBUG o.a.netty.handler.HttpHandler - 

Request DefaultHttpRequest(decodeResult: success, version: HTTP/1.1)
POST /session/273087f1b01fdbc59e7ec12534aeb569/execute/sync HTTP/1.1
User-Agent: selenium/4.1.2 (java windows)
Content-Length: 48780
Content-Type: application/json; charset=utf-8
host: localhost:52506
accept: */*

Response DefaultHttpResponse(decodeResult: success, version: HTTP/1.1)
HTTP/1.1 200 OK
Content-Type: application/json; charset=utf-8
cache-control: no-cache
content-length: 15

11:02:25.694 [AsyncHttpClient-1-2] DEBUG o.a.netty.channel.ChannelManager - Adding key: http://localhost:52506 for channel [id: 0xff00bd1e, L:/127.0.0.1:64211 - R:localhost/127.0.0.1:52506]
11:02:26.209 [Forwarding findElement on session 273087f1b01fdbc59e7ec12534aeb569 to remote] DEBUG o.a.netty.request.NettyRequestSender - Using pooled Channel '[id: 0xff00bd1e, L:/127.0.0.1:64211 - R:localhost/127.0.0.1:52506]' for 'POST' to 'http://localhost:52506/session/273087f1b01fdbc59e7ec12534aeb569/element'
11:02:26.209 [Forwarding findElement on session 273087f1b01fdbc59e7ec12534aeb569 to remote] DEBUG o.a.netty.request.NettyRequestSender - Using open Channel [id: 0xff00bd1e, L:/127.0.0.1:64211 - R:localhost/127.0.0.1:52506] for POST '/session/273087f1b01fdbc59e7ec12534aeb569/element'
11:02:26.214 [AsyncHttpClient-1-2] DEBUG o.a.netty.handler.HttpHandler - 

Request DefaultHttpRequest(decodeResult: success, version: HTTP/1.1)
POST /session/273087f1b01fdbc59e7ec12534aeb569/element HTTP/1.1
User-Agent: selenium/4.1.2 (java windows)
Content-Length: 75
Content-Type: application/json; charset=utf-8
host: localhost:52506
accept: */*

Response DefaultHttpResponse(decodeResult: success, version: HTTP/1.1)
HTTP/1.1 200 OK
Content-Type: application/json; charset=utf-8
cache-control: no-cache
content-length: 88

11:02:26.214 [AsyncHttpClient-1-2] DEBUG o.a.netty.channel.ChannelManager - Adding key: http://localhost:52506 for channel [id: 0xff00bd1e, L:/127.0.0.1:64211 - R:localhost/127.0.0.1:52506]
11:02:26.217 [Forwarding isElementDisplayed on session 273087f1b01fdbc59e7ec12534aeb569 to remote] DEBUG o.a.netty.request.NettyRequestSender - Using pooled Channel '[id: 0xff00bd1e, L:/127.0.0.1:64211 - R:localhost/127.0.0.1:52506]' for 'POST' to 'http://localhost:52506/session/273087f1b01fdbc59e7ec12534aeb569/execute/sync'
11:02:26.217 [Forwarding isElementDisplayed on session 273087f1b01fdbc59e7ec12534aeb569 to remote] DEBUG o.a.netty.request.NettyRequestSender - Using open Channel [id: 0xff00bd1e, L:/127.0.0.1:64211 - R:localhost/127.0.0.1:52506] for POST '/session/273087f1b01fdbc59e7ec12534aeb569/execute/sync'
11:02:26.225 [AsyncHttpClient-1-2] DEBUG o.a.netty.handler.HttpHandler - 

Request DefaultHttpRequest(decodeResult: success, version: HTTP/1.1)
POST /session/273087f1b01fdbc59e7ec12534aeb569/execute/sync HTTP/1.1
User-Agent: selenium/4.1.2 (java windows)
Content-Length: 48780
Content-Type: application/json; charset=utf-8
host: localhost:52506
accept: */*

Response DefaultHttpResponse(decodeResult: success, version: HTTP/1.1)
HTTP/1.1 200 OK
Content-Type: application/json; charset=utf-8
cache-control: no-cache
content-length: 14

11:02:26.226 [AsyncHttpClient-1-2] DEBUG o.a.netty.channel.ChannelManager - Adding key: http://localhost:52506 for channel [id: 0xff00bd1e, L:/127.0.0.1:64211 - R:localhost/127.0.0.1:52506]
11:02:26.227 [Forwarding getElementText on session 273087f1b01fdbc59e7ec12534aeb569 to remote] DEBUG o.a.netty.request.NettyRequestSender - Using pooled Channel '[id: 0xff00bd1e, L:/127.0.0.1:64211 - R:localhost/127.0.0.1:52506]' for 'GET' to 'http://localhost:52506/session/273087f1b01fdbc59e7ec12534aeb569/element/5835ae33-fbd7-422d-95aa-3d02c4bf33d8/text'
11:02:26.227 [Forwarding getElementText on session 273087f1b01fdbc59e7ec12534aeb569 to remote] DEBUG o.a.netty.request.NettyRequestSender - Using open Channel [id: 0xff00bd1e, L:/127.0.0.1:64211 - R:localhost/127.0.0.1:52506] for GET '/session/273087f1b01fdbc59e7ec12534aeb569/element/5835ae33-fbd7-422d-95aa-3d02c4bf33d8/text'
11:02:26.235 [AsyncHttpClient-1-2] DEBUG o.a.netty.handler.HttpHandler - 

Request DefaultFullHttpRequest(decodeResult: success, version: HTTP/1.1, content: EmptyByteBufBE)
GET /session/273087f1b01fdbc59e7ec12534aeb569/element/5835ae33-fbd7-422d-95aa-3d02c4bf33d8/text HTTP/1.1
User-Agent: selenium/4.1.2 (java windows)
Cache-Control: no-cache
Content-Type: application/json; charset=utf-8
host: localhost:52506
accept: */*

Response DefaultHttpResponse(decodeResult: success, version: HTTP/1.1)
HTTP/1.1 200 OK
Content-Type: application/json; charset=utf-8
cache-control: no-cache
content-length: 59

11:02:26.235 [AsyncHttpClient-1-2] DEBUG o.a.netty.channel.ChannelManager - Adding key: http://localhost:52506 for channel [id: 0xff00bd1e, L:/127.0.0.1:64211 - R:localhost/127.0.0.1:52506]
11:02:26.256 [AsyncHttpClient-1-1] DEBUG o.a.netty.channel.DefaultChannelPool - Entry count for : http://localhost:52506 : 1
11:02:26.256 [AsyncHttpClient-1-1] DEBUG o.a.netty.channel.DefaultChannelPool - Entry count for : http://localhost:64212 : 1
11:02:27.357 [AsyncHttpClient-1-1] DEBUG o.a.netty.channel.DefaultChannelPool - Entry count for : http://localhost:52506 : 1
11:02:27.357 [AsyncHttpClient-1-1] DEBUG o.a.netty.channel.DefaultChannelPool - Entry count for : http://localhost:64212 : 1
11:02:28.456 [AsyncHttpClient-1-1] DEBUG o.a.netty.channel.DefaultChannelPool - Entry count for : http://localhost:52506 : 1
11:02:28.456 [AsyncHttpClient-1-1] DEBUG o.a.netty.channel.DefaultChannelPool - Entry count for : http://localhost:64212 : 1
11:02:29.558 [AsyncHttpClient-1-1] DEBUG o.a.netty.channel.DefaultChannelPool - Entry count for : http://localhost:52506 : 1
11:02:29.558 [AsyncHttpClient-1-1] DEBUG o.a.netty.channel.DefaultChannelPool - Entry count for : http://localhost:64212 : 1
11:02:30.263 [main] DEBUG com.pages.LoginPage - enterUserCredentails: username = '' | password = '' 
11:02:30.263 [Forwarding findElement on session 273087f1b01fdbc59e7ec12534aeb569 to remote] DEBUG o.a.netty.request.NettyRequestSender - Using pooled Channel '[id: 0xff00bd1e, L:/127.0.0.1:64211 - R:localhost/127.0.0.1:52506]' for 'POST' to 'http://localhost:52506/session/273087f1b01fdbc59e7ec12534aeb569/element'
11:02:30.263 [Forwarding findElement on session 273087f1b01fdbc59e7ec12534aeb569 to remote] DEBUG o.a.netty.request.NettyRequestSender - Using open Channel [id: 0xff00bd1e, L:/127.0.0.1:64211 - R:localhost/127.0.0.1:52506] for POST '/session/273087f1b01fdbc59e7ec12534aeb569/element'
11:02:30.267 [AsyncHttpClient-1-2] DEBUG o.a.netty.handler.HttpHandler - 

Request DefaultHttpRequest(decodeResult: success, version: HTTP/1.1)
POST /session/273087f1b01fdbc59e7ec12534aeb569/element HTTP/1.1
User-Agent: selenium/4.1.2 (java windows)
Content-Length: 128
Content-Type: application/json; charset=utf-8
host: localhost:52506
accept: */*

Response DefaultHttpResponse(decodeResult: success, version: HTTP/1.1)
HTTP/1.1 200 OK
Content-Type: application/json; charset=utf-8
cache-control: no-cache
content-length: 88

11:02:30.268 [AsyncHttpClient-1-2] DEBUG o.a.netty.channel.ChannelManager - Adding key: http://localhost:52506 for channel [id: 0xff00bd1e, L:/127.0.0.1:64211 - R:localhost/127.0.0.1:52506]
11:02:30.269 [Forwarding sendKeysToElement on session 273087f1b01fdbc59e7ec12534aeb569 to remote] DEBUG o.a.netty.request.NettyRequestSender - Using pooled Channel '[id: 0xff00bd1e, L:/127.0.0.1:64211 - R:localhost/127.0.0.1:52506]' for 'POST' to 'http://localhost:52506/session/273087f1b01fdbc59e7ec12534aeb569/element/34b4ec2f-3741-4b0c-8397-8556a508b0b6/value'
11:02:30.269 [Forwarding sendKeysToElement on session 273087f1b01fdbc59e7ec12534aeb569 to remote] DEBUG o.a.netty.request.NettyRequestSender - Using open Channel [id: 0xff00bd1e, L:/127.0.0.1:64211 - R:localhost/127.0.0.1:52506] for POST '/session/273087f1b01fdbc59e7ec12534aeb569/element/34b4ec2f-3741-4b0c-8397-8556a508b0b6/value'
11:02:30.281 [AsyncHttpClient-1-2] DEBUG o.a.netty.handler.HttpHandler - 

Request DefaultHttpRequest(decodeResult: success, version: HTTP/1.1)
POST /session/273087f1b01fdbc59e7ec12534aeb569/element/34b4ec2f-3741-4b0c-8397-8556a508b0b6/value HTTP/1.1
User-Agent: selenium/4.1.2 (java windows)
Content-Length: 82
Content-Type: application/json; charset=utf-8
host: localhost:52506
accept: */*

Response DefaultHttpResponse(decodeResult: success, version: HTTP/1.1)
HTTP/1.1 200 OK
Content-Type: application/json; charset=utf-8
cache-control: no-cache
content-length: 14

11:02:30.281 [AsyncHttpClient-1-2] DEBUG o.a.netty.channel.ChannelManager - Adding key: http://localhost:52506 for channel [id: 0xff00bd1e, L:/127.0.0.1:64211 - R:localhost/127.0.0.1:52506]
11:02:30.282 [Forwarding findElement on session 273087f1b01fdbc59e7ec12534aeb569 to remote] DEBUG o.a.netty.request.NettyRequestSender - Using pooled Channel '[id: 0xff00bd1e, L:/127.0.0.1:64211 - R:localhost/127.0.0.1:52506]' for 'POST' to 'http://localhost:52506/session/273087f1b01fdbc59e7ec12534aeb569/element'
11:02:30.282 [Forwarding findElement on session 273087f1b01fdbc59e7ec12534aeb569 to remote] DEBUG o.a.netty.request.NettyRequestSender - Using open Channel [id: 0xff00bd1e, L:/127.0.0.1:64211 - R:localhost/127.0.0.1:52506] for POST '/session/273087f1b01fdbc59e7ec12534aeb569/element'
11:02:30.286 [AsyncHttpClient-1-2] DEBUG o.a.netty.handler.HttpHandler - 

Request DefaultHttpRequest(decodeResult: success, version: HTTP/1.1)
POST /session/273087f1b01fdbc59e7ec12534aeb569/element HTTP/1.1
User-Agent: selenium/4.1.2 (java windows)
Content-Length: 132
Content-Type: application/json; charset=utf-8
host: localhost:52506
accept: */*

Response DefaultHttpResponse(decodeResult: success, version: HTTP/1.1)
HTTP/1.1 200 OK
Content-Type: application/json; charset=utf-8
cache-control: no-cache
content-length: 88

11:02:30.287 [AsyncHttpClient-1-2] DEBUG o.a.netty.channel.ChannelManager - Adding key: http://localhost:52506 for channel [id: 0xff00bd1e, L:/127.0.0.1:64211 - R:localhost/127.0.0.1:52506]
11:02:30.288 [Forwarding sendKeysToElement on session 273087f1b01fdbc59e7ec12534aeb569 to remote] DEBUG o.a.netty.request.NettyRequestSender - Using pooled Channel '[id: 0xff00bd1e, L:/127.0.0.1:64211 - R:localhost/127.0.0.1:52506]' for 'POST' to 'http://localhost:52506/session/273087f1b01fdbc59e7ec12534aeb569/element/257a5717-659d-4761-8a2e-01e1681b772c/value'
11:02:30.288 [Forwarding sendKeysToElement on session 273087f1b01fdbc59e7ec12534aeb569 to remote] DEBUG o.a.netty.request.NettyRequestSender - Using open Channel [id: 0xff00bd1e, L:/127.0.0.1:64211 - R:localhost/127.0.0.1:52506] for POST '/session/273087f1b01fdbc59e7ec12534aeb569/element/257a5717-659d-4761-8a2e-01e1681b772c/value'
11:02:30.311 [AsyncHttpClient-1-2] DEBUG o.a.netty.handler.HttpHandler - 

Request DefaultHttpRequest(decodeResult: success, version: HTTP/1.1)
POST /session/273087f1b01fdbc59e7ec12534aeb569/element/257a5717-659d-4761-8a2e-01e1681b772c/value HTTP/1.1
User-Agent: selenium/4.1.2 (java windows)
Content-Length: 82
Content-Type: application/json; charset=utf-8
host: localhost:52506
accept: */*

Response DefaultHttpResponse(decodeResult: success, version: HTTP/1.1)
HTTP/1.1 200 OK
Content-Type: application/json; charset=utf-8
cache-control: no-cache
content-length: 14

11:02:30.312 [AsyncHttpClient-1-2] DEBUG o.a.netty.channel.ChannelManager - Adding key: http://localhost:52506 for channel [id: 0xff00bd1e, L:/127.0.0.1:64211 - R:localhost/127.0.0.1:52506]
11:02:30.313 [Forwarding findElement on session 273087f1b01fdbc59e7ec12534aeb569 to remote] DEBUG o.a.netty.request.NettyRequestSender - Using pooled Channel '[id: 0xff00bd1e, L:/127.0.0.1:64211 - R:localhost/127.0.0.1:52506]' for 'POST' to 'http://localhost:52506/session/273087f1b01fdbc59e7ec12534aeb569/element'
11:02:30.313 [Forwarding findElement on session 273087f1b01fdbc59e7ec12534aeb569 to remote] DEBUG o.a.netty.request.NettyRequestSender - Using open Channel [id: 0xff00bd1e, L:/127.0.0.1:64211 - R:localhost/127.0.0.1:52506] for POST '/session/273087f1b01fdbc59e7ec12534aeb569/element'
11:02:30.317 [AsyncHttpClient-1-2] DEBUG o.a.netty.handler.HttpHandler - 

Request DefaultHttpRequest(decodeResult: success, version: HTTP/1.1)
POST /session/273087f1b01fdbc59e7ec12534aeb569/element HTTP/1.1
User-Agent: selenium/4.1.2 (java windows)
Content-Length: 125
Content-Type: application/json; charset=utf-8
host: localhost:52506
accept: */*

Response DefaultHttpResponse(decodeResult: success, version: HTTP/1.1)
HTTP/1.1 200 OK
Content-Type: application/json; charset=utf-8
cache-control: no-cache
content-length: 88

11:02:30.317 [AsyncHttpClient-1-2] DEBUG o.a.netty.channel.ChannelManager - Adding key: http://localhost:52506 for channel [id: 0xff00bd1e, L:/127.0.0.1:64211 - R:localhost/127.0.0.1:52506]
11:02:30.318 [Forwarding clickElement on session 273087f1b01fdbc59e7ec12534aeb569 to remote] DEBUG o.a.netty.request.NettyRequestSender - Using pooled Channel '[id: 0xff00bd1e, L:/127.0.0.1:64211 - R:localhost/127.0.0.1:52506]' for 'POST' to 'http://localhost:52506/session/273087f1b01fdbc59e7ec12534aeb569/element/04caecba-8a53-4f0f-9aef-19173e93b173/click'
11:02:30.318 [Forwarding clickElement on session 273087f1b01fdbc59e7ec12534aeb569 to remote] DEBUG o.a.netty.request.NettyRequestSender - Using open Channel [id: 0xff00bd1e, L:/127.0.0.1:64211 - R:localhost/127.0.0.1:52506] for POST '/session/273087f1b01fdbc59e7ec12534aeb569/element/04caecba-8a53-4f0f-9aef-19173e93b173/click'
11:02:30.360 [AsyncHttpClient-1-2] DEBUG o.a.netty.handler.HttpHandler - 

Request DefaultHttpRequest(decodeResult: success, version: HTTP/1.1)
POST /session/273087f1b01fdbc59e7ec12534aeb569/element/04caecba-8a53-4f0f-9aef-19173e93b173/click HTTP/1.1
User-Agent: selenium/4.1.2 (java windows)
Content-Length: 50
Content-Type: application/json; charset=utf-8
host: localhost:52506
accept: */*

Response DefaultHttpResponse(decodeResult: success, version: HTTP/1.1)
HTTP/1.1 200 OK
Content-Type: application/json; charset=utf-8
cache-control: no-cache
content-length: 14

11:02:30.361 [AsyncHttpClient-1-2] DEBUG o.a.netty.channel.ChannelManager - Adding key: http://localhost:52506 for channel [id: 0xff00bd1e, L:/127.0.0.1:64211 - R:localhost/127.0.0.1:52506]
11:02:30.361 [main] DEBUG com.pages.LoginPage - verifyErrorMessage: 'The information you entered was not recognized.' 
11:02:30.362 [Forwarding findElement on session 273087f1b01fdbc59e7ec12534aeb569 to remote] DEBUG o.a.netty.request.NettyRequestSender - Using pooled Channel '[id: 0xff00bd1e, L:/127.0.0.1:64211 - R:localhost/127.0.0.1:52506]' for 'POST' to 'http://localhost:52506/session/273087f1b01fdbc59e7ec12534aeb569/element'
11:02:30.362 [Forwarding findElement on session 273087f1b01fdbc59e7ec12534aeb569 to remote] DEBUG o.a.netty.request.NettyRequestSender - Using open Channel [id: 0xff00bd1e, L:/127.0.0.1:64211 - R:localhost/127.0.0.1:52506] for POST '/session/273087f1b01fdbc59e7ec12534aeb569/element'
11:02:30.366 [AsyncHttpClient-1-2] DEBUG o.a.netty.handler.HttpHandler - 

Request DefaultHttpRequest(decodeResult: success, version: HTTP/1.1)
POST /session/273087f1b01fdbc59e7ec12534aeb569/element HTTP/1.1
User-Agent: selenium/4.1.2 (java windows)
Content-Length: 75
Content-Type: application/json; charset=utf-8
host: localhost:52506
accept: */*

Response DefaultHttpResponse(decodeResult: success, version: HTTP/1.1)
HTTP/1.1 200 OK
Content-Type: application/json; charset=utf-8
cache-control: no-cache
content-length: 88

11:02:30.366 [AsyncHttpClient-1-2] DEBUG o.a.netty.channel.ChannelManager - Adding key: http://localhost:52506 for channel [id: 0xff00bd1e, L:/127.0.0.1:64211 - R:localhost/127.0.0.1:52506]
11:02:30.368 [Forwarding isElementDisplayed on session 273087f1b01fdbc59e7ec12534aeb569 to remote] DEBUG o.a.netty.request.NettyRequestSender - Using pooled Channel '[id: 0xff00bd1e, L:/127.0.0.1:64211 - R:localhost/127.0.0.1:52506]' for 'POST' to 'http://localhost:52506/session/273087f1b01fdbc59e7ec12534aeb569/execute/sync'
11:02:30.368 [Forwarding isElementDisplayed on session 273087f1b01fdbc59e7ec12534aeb569 to remote] DEBUG o.a.netty.request.NettyRequestSender - Using open Channel [id: 0xff00bd1e, L:/127.0.0.1:64211 - R:localhost/127.0.0.1:52506] for POST '/session/273087f1b01fdbc59e7ec12534aeb569/execute/sync'
11:02:30.378 [AsyncHttpClient-1-2] DEBUG o.a.netty.handler.HttpHandler - 

Request DefaultHttpRequest(decodeResult: success, version: HTTP/1.1)
POST /session/273087f1b01fdbc59e7ec12534aeb569/execute/sync HTTP/1.1
User-Agent: selenium/4.1.2 (java windows)
Content-Length: 48780
Content-Type: application/json; charset=utf-8
host: localhost:52506
accept: */*

Response DefaultHttpResponse(decodeResult: success, version: HTTP/1.1)
HTTP/1.1 200 OK
Content-Type: application/json; charset=utf-8
cache-control: no-cache
content-length: 15

11:02:30.379 [AsyncHttpClient-1-2] DEBUG o.a.netty.channel.ChannelManager - Adding key: http://localhost:52506 for channel [id: 0xff00bd1e, L:/127.0.0.1:64211 - R:localhost/127.0.0.1:52506]
11:02:30.656 [AsyncHttpClient-1-1] DEBUG o.a.netty.channel.DefaultChannelPool - Entry count for : http://localhost:52506 : 1
11:02:30.656 [AsyncHttpClient-1-1] DEBUG o.a.netty.channel.DefaultChannelPool - Entry count for : http://localhost:64212 : 1
11:02:30.891 [Forwarding findElement on session 273087f1b01fdbc59e7ec12534aeb569 to remote] DEBUG o.a.netty.request.NettyRequestSender - Using pooled Channel '[id: 0xff00bd1e, L:/127.0.0.1:64211 - R:localhost/127.0.0.1:52506]' for 'POST' to 'http://localhost:52506/session/273087f1b01fdbc59e7ec12534aeb569/element'
11:02:30.891 [Forwarding findElement on session 273087f1b01fdbc59e7ec12534aeb569 to remote] DEBUG o.a.netty.request.NettyRequestSender - Using open Channel [id: 0xff00bd1e, L:/127.0.0.1:64211 - R:localhost/127.0.0.1:52506] for POST '/session/273087f1b01fdbc59e7ec12534aeb569/element'
11:02:30.895 [AsyncHttpClient-1-2] DEBUG o.a.netty.handler.HttpHandler - 

Request DefaultHttpRequest(decodeResult: success, version: HTTP/1.1)
POST /session/273087f1b01fdbc59e7ec12534aeb569/element HTTP/1.1
User-Agent: selenium/4.1.2 (java windows)
Content-Length: 75
Content-Type: application/json; charset=utf-8
host: localhost:52506
accept: */*

Response DefaultHttpResponse(decodeResult: success, version: HTTP/1.1)
HTTP/1.1 200 OK
Content-Type: application/json; charset=utf-8
cache-control: no-cache
content-length: 88

11:02:30.895 [AsyncHttpClient-1-2] DEBUG o.a.netty.channel.ChannelManager - Adding key: http://localhost:52506 for channel [id: 0xff00bd1e, L:/127.0.0.1:64211 - R:localhost/127.0.0.1:52506]
11:02:30.898 [Forwarding isElementDisplayed on session 273087f1b01fdbc59e7ec12534aeb569 to remote] DEBUG o.a.netty.request.NettyRequestSender - Using pooled Channel '[id: 0xff00bd1e, L:/127.0.0.1:64211 - R:localhost/127.0.0.1:52506]' for 'POST' to 'http://localhost:52506/session/273087f1b01fdbc59e7ec12534aeb569/execute/sync'
11:02:30.898 [Forwarding isElementDisplayed on session 273087f1b01fdbc59e7ec12534aeb569 to remote] DEBUG o.a.netty.request.NettyRequestSender - Using open Channel [id: 0xff00bd1e, L:/127.0.0.1:64211 - R:localhost/127.0.0.1:52506] for POST '/session/273087f1b01fdbc59e7ec12534aeb569/execute/sync'
11:02:30.903 [AsyncHttpClient-1-2] DEBUG o.a.netty.handler.HttpHandler - 

Request DefaultHttpRequest(decodeResult: success, version: HTTP/1.1)
POST /session/273087f1b01fdbc59e7ec12534aeb569/execute/sync HTTP/1.1
User-Agent: selenium/4.1.2 (java windows)
Content-Length: 48780
Content-Type: application/json; charset=utf-8
host: localhost:52506
accept: */*

Response DefaultHttpResponse(decodeResult: success, version: HTTP/1.1)
HTTP/1.1 200 OK
Content-Type: application/json; charset=utf-8
cache-control: no-cache
content-length: 14

11:02:30.903 [AsyncHttpClient-1-2] DEBUG o.a.netty.channel.ChannelManager - Adding key: http://localhost:52506 for channel [id: 0xff00bd1e, L:/127.0.0.1:64211 - R:localhost/127.0.0.1:52506]
11:02:30.904 [Forwarding getElementText on session 273087f1b01fdbc59e7ec12534aeb569 to remote] DEBUG o.a.netty.request.NettyRequestSender - Using pooled Channel '[id: 0xff00bd1e, L:/127.0.0.1:64211 - R:localhost/127.0.0.1:52506]' for 'GET' to 'http://localhost:52506/session/273087f1b01fdbc59e7ec12534aeb569/element/ab151ee0-44ff-49c0-b898-175ee549acc7/text'
11:02:30.904 [Forwarding getElementText on session 273087f1b01fdbc59e7ec12534aeb569 to remote] DEBUG o.a.netty.request.NettyRequestSender - Using open Channel [id: 0xff00bd1e, L:/127.0.0.1:64211 - R:localhost/127.0.0.1:52506] for GET '/session/273087f1b01fdbc59e7ec12534aeb569/element/ab151ee0-44ff-49c0-b898-175ee549acc7/text'
11:02:30.912 [AsyncHttpClient-1-2] DEBUG o.a.netty.handler.HttpHandler - 

Request DefaultFullHttpRequest(decodeResult: success, version: HTTP/1.1, content: EmptyByteBufBE)
GET /session/273087f1b01fdbc59e7ec12534aeb569/element/ab151ee0-44ff-49c0-b898-175ee549acc7/text HTTP/1.1
User-Agent: selenium/4.1.2 (java windows)
Cache-Control: no-cache
Content-Type: application/json; charset=utf-8
host: localhost:52506
accept: */*

Response DefaultHttpResponse(decodeResult: success, version: HTTP/1.1)
HTTP/1.1 200 OK
Content-Type: application/json; charset=utf-8
cache-control: no-cache
content-length: 59

11:02:30.913 [AsyncHttpClient-1-2] DEBUG o.a.netty.channel.ChannelManager - Adding key: http://localhost:52506 for channel [id: 0xff00bd1e, L:/127.0.0.1:64211 - R:localhost/127.0.0.1:52506]
11:02:31.753 [AsyncHttpClient-1-1] DEBUG o.a.netty.channel.DefaultChannelPool - Entry count for : http://localhost:52506 : 1
11:02:31.753 [AsyncHttpClient-1-1] DEBUG o.a.netty.channel.DefaultChannelPool - Entry count for : http://localhost:64212 : 1
11:02:32.859 [AsyncHttpClient-1-1] DEBUG o.a.netty.channel.DefaultChannelPool - Entry count for : http://localhost:52506 : 1
11:02:32.859 [AsyncHttpClient-1-1] DEBUG o.a.netty.channel.DefaultChannelPool - Entry count for : http://localhost:64212 : 1
  &amp#27;[32mWhen &amp#27;[0m&amp#27;[32muser login using invalid credentials form ExcelData with File &amp#27;[0m&amp#27;[32m&amp#27;[1m"InvalidUserCredentials"&amp#27;[0m&amp#27;[32m and SheetName &amp#27;[0m&amp#27;[32m&amp#27;[1m"InvalidUserCredentials"&amp#27;[0m &amp#27;[90m# stepdefinitions.LoginPageSteps.user_login_using_invalid_credentials_form_excel_data_with_file_and_sheet_name(java.lang.String,java.lang.String)&amp#27;[0m
11:02:32.925 [Forwarding getTitle on session 273087f1b01fdbc59e7ec12534aeb569 to remote] DEBUG o.a.netty.request.NettyRequestSender - Using pooled Channel '[id: 0xff00bd1e, L:/127.0.0.1:64211 - R:localhost/127.0.0.1:52506]' for 'GET' to 'http://localhost:52506/session/273087f1b01fdbc59e7ec12534aeb569/title'
11:02:32.925 [Forwarding getTitle on session 273087f1b01fdbc59e7ec12534aeb569 to remote] DEBUG o.a.netty.request.NettyRequestSender - Using open Channel [id: 0xff00bd1e, L:/127.0.0.1:64211 - R:localhost/127.0.0.1:52506] for GET '/session/273087f1b01fdbc59e7ec12534aeb569/title'
11:02:32.928 [AsyncHttpClient-1-2] DEBUG o.a.netty.handler.HttpHandler - 

Request DefaultFullHttpRequest(decodeResult: success, version: HTTP/1.1, content: EmptyByteBufBE)
GET /session/273087f1b01fdbc59e7ec12534aeb569/title HTTP/1.1
User-Agent: selenium/4.1.2 (java windows)
Cache-Control: no-cache
Content-Type: application/json; charset=utf-8
host: localhost:52506
accept: */*

Response DefaultHttpResponse(decodeResult: success, version: HTTP/1.1)
HTTP/1.1 200 OK
Content-Type: application/json; charset=utf-8
cache-control: no-cache
content-length: 22

11:02:32.928 [AsyncHttpClient-1-2] DEBUG o.a.netty.channel.ChannelManager - Adding key: http://localhost:52506 for channel [id: 0xff00bd1e, L:/127.0.0.1:64211 - R:localhost/127.0.0.1:52506]
11:02:32.929 [main] DEBUG com.pages.LoginPage - verifyApplication: 'Login Page' 
11:02:32.929 [Forwarding getTitle on session 273087f1b01fdbc59e7ec12534aeb569 to remote] DEBUG o.a.netty.request.NettyRequestSender - Using pooled Channel '[id: 0xff00bd1e, L:/127.0.0.1:64211 - R:localhost/127.0.0.1:52506]' for 'GET' to 'http://localhost:52506/session/273087f1b01fdbc59e7ec12534aeb569/title'
11:02:32.929 [Forwarding getTitle on session 273087f1b01fdbc59e7ec12534aeb569 to remote] DEBUG o.a.netty.request.NettyRequestSender - Using open Channel [id: 0xff00bd1e, L:/127.0.0.1:64211 - R:localhost/127.0.0.1:52506] for GET '/session/273087f1b01fdbc59e7ec12534aeb569/title'
11:02:32.932 [AsyncHttpClient-1-2] DEBUG o.a.netty.handler.HttpHandler - 

Request DefaultFullHttpRequest(decodeResult: success, version: HTTP/1.1, content: EmptyByteBufBE)
GET /session/273087f1b01fdbc59e7ec12534aeb569/title HTTP/1.1
User-Agent: selenium/4.1.2 (java windows)
Cache-Control: no-cache
Content-Type: application/json; charset=utf-8
host: localhost:52506
accept: */*

Response DefaultHttpResponse(decodeResult: success, version: HTTP/1.1)
HTTP/1.1 200 OK
Content-Type: application/json; charset=utf-8
cache-control: no-cache
content-length: 22

11:02:32.933 [AsyncHttpClient-1-2] DEBUG o.a.netty.channel.ChannelManager - Adding key: http://localhost:52506 for channel [id: 0xff00bd1e, L:/127.0.0.1:64211 - R:localhost/127.0.0.1:52506]
11:02:33.958 [AsyncHttpClient-1-1] DEBUG o.a.netty.channel.DefaultChannelPool - Entry count for : http://localhost:52506 : 1
11:02:33.958 [AsyncHttpClient-1-1] DEBUG o.a.netty.channel.DefaultChannelPool - Entry count for : http://localhost:64212 : 1
11:02:35.051 [AsyncHttpClient-1-1] DEBUG o.a.netty.channel.DefaultChannelPool - Entry count for : http://localhost:52506 : 1
11:02:35.051 [AsyncHttpClient-1-1] DEBUG o.a.netty.channel.DefaultChannelPool - Entry count for : http://localhost:64212 : 1
11:02:36.154 [AsyncHttpClient-1-1] DEBUG o.a.netty.channel.DefaultChannelPool - Entry count for : http://localhost:52506 : 1
11:02:36.154 [AsyncHttpClient-1-1] DEBUG o.a.netty.channel.DefaultChannelPool - Entry count for : http://localhost:64212 : 1
11:02:37.248 [AsyncHttpClient-1-1] DEBUG o.a.netty.channel.DefaultChannelPool - Entry count for : http://localhost:52506 : 1
11:02:37.248 [AsyncHttpClient-1-1] DEBUG o.a.netty.channel.DefaultChannelPool - Entry count for : http://localhost:64212 : 1
11:02:37.937 [main] DEBUG com.pages.LoginPage - verifyErrorMessage: 'The information you entered was not recognized.' 
11:02:37.937 [Forwarding findElement on session 273087f1b01fdbc59e7ec12534aeb569 to remote] DEBUG o.a.netty.request.NettyRequestSender - Using pooled Channel '[id: 0xff00bd1e, L:/127.0.0.1:64211 - R:localhost/127.0.0.1:52506]' for 'POST' to 'http://localhost:52506/session/273087f1b01fdbc59e7ec12534aeb569/element'
11:02:37.937 [Forwarding findElement on session 273087f1b01fdbc59e7ec12534aeb569 to remote] DEBUG o.a.netty.request.NettyRequestSender - Using open Channel [id: 0xff00bd1e, L:/127.0.0.1:64211 - R:localhost/127.0.0.1:52506] for POST '/session/273087f1b01fdbc59e7ec12534aeb569/element'
11:02:37.945 [AsyncHttpClient-1-2] DEBUG o.a.netty.handler.HttpHandler - 

Request DefaultHttpRequest(decodeResult: success, version: HTTP/1.1)
POST /session/273087f1b01fdbc59e7ec12534aeb569/element HTTP/1.1
User-Agent: selenium/4.1.2 (java windows)
Content-Length: 75
Content-Type: application/json; charset=utf-8
host: localhost:52506
accept: */*

Response DefaultHttpResponse(decodeResult: success, version: HTTP/1.1)
HTTP/1.1 200 OK
Content-Type: application/json; charset=utf-8
cache-control: no-cache
content-length: 88

11:02:37.946 [AsyncHttpClient-1-2] DEBUG o.a.netty.channel.ChannelManager - Adding key: http://localhost:52506 for channel [id: 0xff00bd1e, L:/127.0.0.1:64211 - R:localhost/127.0.0.1:52506]
11:02:37.948 [Forwarding isElementDisplayed on session 273087f1b01fdbc59e7ec12534aeb569 to remote] DEBUG o.a.netty.request.NettyRequestSender - Using pooled Channel '[id: 0xff00bd1e, L:/127.0.0.1:64211 - R:localhost/127.0.0.1:52506]' for 'POST' to 'http://localhost:52506/session/273087f1b01fdbc59e7ec12534aeb569/execute/sync'
11:02:37.948 [Forwarding isElementDisplayed on session 273087f1b01fdbc59e7ec12534aeb569 to remote] DEBUG o.a.netty.request.NettyRequestSender - Using open Channel [id: 0xff00bd1e, L:/127.0.0.1:64211 - R:localhost/127.0.0.1:52506] for POST '/session/273087f1b01fdbc59e7ec12534aeb569/execute/sync'
11:02:37.956 [AsyncHttpClient-1-2] DEBUG o.a.netty.handler.HttpHandler - 

Request DefaultHttpRequest(decodeResult: success, version: HTTP/1.1)
POST /session/273087f1b01fdbc59e7ec12534aeb569/execute/sync HTTP/1.1
User-Agent: selenium/4.1.2 (java windows)
Content-Length: 48780
Content-Type: application/json; charset=utf-8
host: localhost:52506
accept: */*

Response DefaultHttpResponse(decodeResult: success, version: HTTP/1.1)
HTTP/1.1 200 OK
Content-Type: application/json; charset=utf-8
cache-control: no-cache
content-length: 14

11:02:37.957 [AsyncHttpClient-1-2] DEBUG o.a.netty.channel.ChannelManager - Adding key: http://localhost:52506 for channel [id: 0xff00bd1e, L:/127.0.0.1:64211 - R:localhost/127.0.0.1:52506]
11:02:37.957 [Forwarding getElementText on session 273087f1b01fdbc59e7ec12534aeb569 to remote] DEBUG o.a.netty.request.NettyRequestSender - Using pooled Channel '[id: 0xff00bd1e, L:/127.0.0.1:64211 - R:localhost/127.0.0.1:52506]' for 'GET' to 'http://localhost:52506/session/273087f1b01fdbc59e7ec12534aeb569/element/ab151ee0-44ff-49c0-b898-175ee549acc7/text'
11:02:37.957 [Forwarding getElementText on session 273087f1b01fdbc59e7ec12534aeb569 to remote] DEBUG o.a.netty.request.NettyRequestSender - Using open Channel [id: 0xff00bd1e, L:/127.0.0.1:64211 - R:localhost/127.0.0.1:52506] for GET '/session/273087f1b01fdbc59e7ec12534aeb569/element/ab151ee0-44ff-49c0-b898-175ee549acc7/text'
11:02:37.964 [AsyncHttpClient-1-2] DEBUG o.a.netty.handler.HttpHandler - 

Request DefaultFullHttpRequest(decodeResult: success, version: HTTP/1.1, content: EmptyByteBufBE)
GET /session/273087f1b01fdbc59e7ec12534aeb569/element/ab151ee0-44ff-49c0-b898-175ee549acc7/text HTTP/1.1
User-Agent: selenium/4.1.2 (java windows)
Cache-Control: no-cache
Content-Type: application/json; charset=utf-8
host: localhost:52506
accept: */*

Response DefaultHttpResponse(decodeResult: success, version: HTTP/1.1)
HTTP/1.1 200 OK
Content-Type: application/json; charset=utf-8
cache-control: no-cache
content-length: 59

11:02:37.965 [AsyncHttpClient-1-2] DEBUG o.a.netty.channel.ChannelManager - Adding key: http://localhost:52506 for channel [id: 0xff00bd1e, L:/127.0.0.1:64211 - R:localhost/127.0.0.1:52506]
11:02:38.354 [AsyncHttpClient-1-1] DEBUG o.a.netty.channel.DefaultChannelPool - Entry count for : http://localhost:52506 : 1
11:02:38.354 [AsyncHttpClient-1-1] DEBUG o.a.netty.channel.DefaultChannelPool - Entry count for : http://localhost:64212 : 1
11:02:39.452 [AsyncHttpClient-1-1] DEBUG o.a.netty.channel.DefaultChannelPool - Entry count for : http://localhost:52506 : 1
11:02:39.452 [AsyncHttpClient-1-1] DEBUG o.a.netty.channel.DefaultChannelPool - Entry count for : http://localhost:64212 : 1
  &amp#27;[32mThen &amp#27;[0m&amp#27;[32muser should not proceed to Dashboard Page&amp#27;[0m                                                                                     &amp#27;[90m# stepdefinitions.LoginPageSteps.user_should_not_proceed_to_dashboard_page()&amp#27;[0m
11:02:39.972 [main] DEBUG com.pages.LoginPage - verifyErrorMessage: 'The information you entered was not recognized.' 
11:02:39.972 [Forwarding findElement on session 273087f1b01fdbc59e7ec12534aeb569 to remote] DEBUG o.a.netty.request.NettyRequestSender - Using pooled Channel '[id: 0xff00bd1e, L:/127.0.0.1:64211 - R:localhost/127.0.0.1:52506]' for 'POST' to 'http://localhost:52506/session/273087f1b01fdbc59e7ec12534aeb569/element'
11:02:39.972 [Forwarding findElement on session 273087f1b01fdbc59e7ec12534aeb569 to remote] DEBUG o.a.netty.request.NettyRequestSender - Using open Channel [id: 0xff00bd1e, L:/127.0.0.1:64211 - R:localhost/127.0.0.1:52506] for POST '/session/273087f1b01fdbc59e7ec12534aeb569/element'
11:02:39.976 [AsyncHttpClient-1-2] DEBUG o.a.netty.handler.HttpHandler - 

Request DefaultHttpRequest(decodeResult: success, version: HTTP/1.1)
POST /session/273087f1b01fdbc59e7ec12534aeb569/element HTTP/1.1
User-Agent: selenium/4.1.2 (java windows)
Content-Length: 75
Content-Type: application/json; charset=utf-8
host: localhost:52506
accept: */*

Response DefaultHttpResponse(decodeResult: success, version: HTTP/1.1)
HTTP/1.1 200 OK
Content-Type: application/json; charset=utf-8
cache-control: no-cache
content-length: 88

11:02:39.977 [AsyncHttpClient-1-2] DEBUG o.a.netty.channel.ChannelManager - Adding key: http://localhost:52506 for channel [id: 0xff00bd1e, L:/127.0.0.1:64211 - R:localhost/127.0.0.1:52506]
11:02:39.979 [Forwarding isElementDisplayed on session 273087f1b01fdbc59e7ec12534aeb569 to remote] DEBUG o.a.netty.request.NettyRequestSender - Using pooled Channel '[id: 0xff00bd1e, L:/127.0.0.1:64211 - R:localhost/127.0.0.1:52506]' for 'POST' to 'http://localhost:52506/session/273087f1b01fdbc59e7ec12534aeb569/execute/sync'
11:02:39.979 [Forwarding isElementDisplayed on session 273087f1b01fdbc59e7ec12534aeb569 to remote] DEBUG o.a.netty.request.NettyRequestSender - Using open Channel [id: 0xff00bd1e, L:/127.0.0.1:64211 - R:localhost/127.0.0.1:52506] for POST '/session/273087f1b01fdbc59e7ec12534aeb569/execute/sync'
11:02:39.987 [AsyncHttpClient-1-2] DEBUG o.a.netty.handler.HttpHandler - 

Request DefaultHttpRequest(decodeResult: success, version: HTTP/1.1)
POST /session/273087f1b01fdbc59e7ec12534aeb569/execute/sync HTTP/1.1
User-Agent: selenium/4.1.2 (java windows)
Content-Length: 48780
Content-Type: application/json; charset=utf-8
host: localhost:52506
accept: */*

Response DefaultHttpResponse(decodeResult: success, version: HTTP/1.1)
HTTP/1.1 200 OK
Content-Type: application/json; charset=utf-8
cache-control: no-cache
content-length: 14

11:02:39.987 [AsyncHttpClient-1-2] DEBUG o.a.netty.channel.ChannelManager - Adding key: http://localhost:52506 for channel [id: 0xff00bd1e, L:/127.0.0.1:64211 - R:localhost/127.0.0.1:52506]
11:02:39.988 [Forwarding getElementText on session 273087f1b01fdbc59e7ec12534aeb569 to remote] DEBUG o.a.netty.request.NettyRequestSender - Using pooled Channel '[id: 0xff00bd1e, L:/127.0.0.1:64211 - R:localhost/127.0.0.1:52506]' for 'GET' to 'http://localhost:52506/session/273087f1b01fdbc59e7ec12534aeb569/element/ab151ee0-44ff-49c0-b898-175ee549acc7/text'
11:02:39.988 [Forwarding getElementText on session 273087f1b01fdbc59e7ec12534aeb569 to remote] DEBUG o.a.netty.request.NettyRequestSender - Using open Channel [id: 0xff00bd1e, L:/127.0.0.1:64211 - R:localhost/127.0.0.1:52506] for GET '/session/273087f1b01fdbc59e7ec12534aeb569/element/ab151ee0-44ff-49c0-b898-175ee549acc7/text'
11:02:39.991 [AsyncHttpClient-1-2] DEBUG o.a.netty.handler.HttpHandler - 

Request DefaultFullHttpRequest(decodeResult: success, version: HTTP/1.1, content: EmptyByteBufBE)
GET /session/273087f1b01fdbc59e7ec12534aeb569/element/ab151ee0-44ff-49c0-b898-175ee549acc7/text HTTP/1.1
User-Agent: selenium/4.1.2 (java windows)
Cache-Control: no-cache
Content-Type: application/json; charset=utf-8
host: localhost:52506
accept: */*

Response DefaultHttpResponse(decodeResult: success, version: HTTP/1.1)
HTTP/1.1 200 OK
Content-Type: application/json; charset=utf-8
cache-control: no-cache
content-length: 59

11:02:39.991 [AsyncHttpClient-1-2] DEBUG o.a.netty.channel.ChannelManager - Adding key: http://localhost:52506 for channel [id: 0xff00bd1e, L:/127.0.0.1:64211 - R:localhost/127.0.0.1:52506]
11:02:40.551 [AsyncHttpClient-1-1] DEBUG o.a.netty.channel.DefaultChannelPool - Entry count for : http://localhost:52506 : 1
11:02:40.551 [AsyncHttpClient-1-1] DEBUG o.a.netty.channel.DefaultChannelPool - Entry count for : http://localhost:64212 : 1
11:02:41.660 [AsyncHttpClient-1-1] DEBUG o.a.netty.channel.DefaultChannelPool - Entry count for : http://localhost:52506 : 1
11:02:41.660 [AsyncHttpClient-1-1] DEBUG o.a.netty.channel.DefaultChannelPool - Entry count for : http://localhost:64212 : 1
  &amp#27;[32mThen &amp#27;[0m&amp#27;[32muser gets login failed error message&amp#27;[0m                                                                                          &amp#27;[90m# stepdefinitions.LoginPageSteps.user_gets_login_failed_error_message()&amp#27;[0m
11:02:42.007 [main] DEBUG com.pages.drivers.DriversFactory - close the browser
11:02:42.010 [Driver Command Executor] DEBUG o.a.netty.request.NettyRequestSender - Using pooled Channel '[id: 0xff00bd1e, L:/127.0.0.1:64211 - R:localhost/127.0.0.1:52506]' for 'DELETE' to 'http://localhost:52506/session/273087f1b01fdbc59e7ec12534aeb569'
11:02:42.010 [Driver Command Executor] DEBUG o.a.netty.request.NettyRequestSender - Using open Channel [id: 0xff00bd1e, L:/127.0.0.1:64211 - R:localhost/127.0.0.1:52506] for DELETE '/session/273087f1b01fdbc59e7ec12534aeb569'
11:02:42.011 [AsyncHttpClient-1-4] DEBUG o.a.netty.handler.WebSocketHandler - Channel Closed: [id: 0xdfb91fb0, L:/127.0.0.1:64219 ! R:localhost/127.0.0.1:64212] with attribute NettyResponseFuture{currentRetry=5,
	isDone=1,
	isCancelled=0,
	asyncHandler=org.asynchttpclient.ws.WebSocketUpgradeHandler@54fc4610,
	nettyRequest=org.asynchttpclient.netty.request.NettyRequest@1411be8f,
	future=java.util.concurrent.CompletableFuture@3a637bea[Completed normally],
	uri=ws://localhost:64212/devtools/browser/9bb72909-e753-47e7-8fdd-892f02e74ea7,
	keepAlive=true,
	redirectCount=0,
	timeoutsHolder=null,
	inAuth=0,
	touch=1647831728025}
11:02:42.011 [AsyncHttpClient-1-4] DEBUG o.a.netty.channel.ChannelManager - Closing Channel [id: 0xdfb91fb0, L:/127.0.0.1:64219 ! R:localhost/127.0.0.1:64212] 
11:02:42.029 [AsyncHttpClient-1-3] DEBUG o.a.netty.handler.HttpHandler - Unexpected I/O exception on channel [id: 0xe518ec6a, L:/127.0.0.1:64218 - R:localhost/127.0.0.1:64212]
java.net.SocketException: Connection reset
	at java.base/sun.nio.ch.SocketChannelImpl.throwConnectionReset(SocketChannelImpl.java:367) ~[na:na]
	at java.base/sun.nio.ch.SocketChannelImpl.read(SocketChannelImpl.java:398) ~[na:na]
	at io.netty.buffer.PooledByteBuf.setBytes(PooledByteBuf.java:253) ~[netty-buffer-4.1.70.Final.jar:4.1.70.Final]
	at io.netty.buffer.AbstractByteBuf.writeBytes(AbstractByteBuf.java:1132) ~[netty-buffer-4.1.70.Final.jar:4.1.70.Final]
	at io.netty.channel.socket.nio.NioSocketChannel.doReadBytes(NioSocketChannel.java:350) ~[netty-transport-4.1.70.Final.jar:4.1.70.Final]
	at io.netty.channel.nio.AbstractNioByteChannel$NioByteUnsafe.read(AbstractNioByteChannel.java:151) ~[netty-transport-4.1.70.Final.jar:4.1.70.Final]
	at io.netty.channel.nio.NioEventLoop.processSelectedKey(NioEventLoop.java:719) ~[netty-transport-4.1.70.Final.jar:4.1.70.Final]
	at io.netty.channel.nio.NioEventLoop.processSelectedKeysOptimized(NioEventLoop.java:655) ~[netty-transport-4.1.70.Final.jar:4.1.70.Final]
	at io.netty.channel.nio.NioEventLoop.processSelectedKeys(NioEventLoop.java:581) ~[netty-transport-4.1.70.Final.jar:4.1.70.Final]
	at io.netty.channel.nio.NioEventLoop.run(NioEventLoop.java:493) ~[netty-transport-4.1.70.Final.jar:4.1.70.Final]
	at io.netty.util.concurrent.SingleThreadEventExecutor$4.run(SingleThreadEventExecutor.java:986) ~[netty-common-4.1.70.Final.jar:4.1.70.Final]
	at io.netty.util.internal.ThreadExecutorMap$2.run(ThreadExecutorMap.java:74) ~[netty-common-4.1.70.Final.jar:4.1.70.Final]
	at io.netty.util.concurrent.FastThreadLocalRunnable.run(FastThreadLocalRunnable.java:30) ~[netty-common-4.1.70.Final.jar:4.1.70.Final]
	at java.base/java.lang.Thread.run(Thread.java:832) ~[na:na]
11:02:42.029 [AsyncHttpClient-1-3] DEBUG o.a.netty.channel.ChannelManager - Closing Channel [id: 0xe518ec6a, L:/127.0.0.1:64218 - R:localhost/127.0.0.1:64212] 
11:02:42.030 [AsyncHttpClient-1-3] DEBUG o.a.netty.handler.HttpHandler - Channel Closed: [id: 0xe518ec6a, L:/127.0.0.1:64218 ! R:localhost/127.0.0.1:64212] with attribute DISCARD
11:02:42.034 [AsyncHttpClient-1-2] DEBUG o.a.netty.handler.HttpHandler - 

Request DefaultFullHttpRequest(decodeResult: success, version: HTTP/1.1, content: EmptyByteBufBE)
DELETE /session/273087f1b01fdbc59e7ec12534aeb569 HTTP/1.1
User-Agent: selenium/4.1.2 (java windows)
Content-Type: application/json; charset=utf-8
host: localhost:52506
accept: */*

Response DefaultHttpResponse(decodeResult: success, version: HTTP/1.1)
HTTP/1.1 200 OK
Content-Type: application/json; charset=utf-8
cache-control: no-cache
content-length: 14

11:02:42.034 [AsyncHttpClient-1-2] DEBUG o.a.netty.channel.ChannelManager - Adding key: http://localhost:52506 for channel [id: 0xff00bd1e, L:/127.0.0.1:64211 - R:localhost/127.0.0.1:52506]
11:02:42.061 [AsyncHttpClient-1-2] DEBUG o.a.netty.handler.HttpHandler - Channel Closed: [id: 0xff00bd1e, L:/127.0.0.1:64211 ! R:localhost/127.0.0.1:52506] with attribute DISCARD
11:02:42.595 [main] INFO   - 
  _____   ___   ___   _____     ___     _     ___   ___   ___   ___  
 |_   _| | __| / __| |_   _|   | _ \   /_\   / __| / __| | __| |   \ 
   | |   | _|  \__ \   | |     |  _/  / _ \  \__ \ \__ \ | _|  | |) |
   |_|   |___| |___/   |_|     |_|   /_/ \_\ |___/ |___/ |___| |___/ 

Login fail possible combinations
----------------------------------------------------------------------
]]></system-out>
    <system-err><![CDATA[Starting ChromeDriver 99.0.4844.51 (d537ec02474b5afe23684e7963d538896c63ac77-refs/branch-heads/4844@{#875}) on port 52506
Only local connections are allowed.
Please see https://chromedriver.chromium.org/security-considerations for suggestions on keeping ChromeDriver safe.
ChromeDriver was started successfully.
Mar 21, 2022 11:02:07 AM org.openqa.selenium.remote.ProtocolHandshake createSession
INFO: Detected dialect: W3C
Mar 21, 2022 11:02:08 AM org.openqa.selenium.devtools.CdpVersionFinder findNearestMatch
WARNING: Unable to find an exact match for CDP version 99, so returning the closest version found: 96
Mar 21, 2022 11:02:08 AM org.openqa.selenium.devtools.CdpVersionFinder findNearestMatch
INFO: Found CDP implementation for version 99 of 96
ERROR StatusLogger Log4j2 could not find a logging implementation. Please add log4j-core to the classpath. Using SimpleLogger to log to the console...
]]></system-err>
  </testcase>
  <testcase name="Login to PEGA Site using Author, Manager and User" classname="Validate And Verify Login Page to PEGA Site" time="27.372">
    <system-out><![CDATA[11:02:42.598 [main] INFO  i.c.core.plugin.SerenityReporter - Running feature from file:///Z:/Automation/JavaCucumber/BDD_HCL/CucumberHCL/src/main/resources/AppFeatures/ValidateAndVerifyLoginPage.feature
11:02:42.598 [main] WARN  i.c.core.plugin.SerenityReporter - Feature from file:///Z:/Automation/JavaCucumber/BDD_HCL/CucumberHCL/src/main/resources/AppFeatures/ValidateAndVerifyLoginPage.feature is not under the 'features' directory. Requirements report will not be correctly generated!
11:02:42.599 [main] DEBUG n.thucydides.core.steps.StepEventBus - Test suite started for story net.thucydides.core.model.Story@7f1849ba
11:02:42.599 [main] INFO   - Test Suite Started: Validate And Verify Login Page to PEGA Site

@All @Smoke @Test1
Scenario: Login to PEGA Site using Author, Manager and User                                            &amp#27;[90m# src/main/resources/AppFeatures/ValidateAndVerifyLoginPage.feature:19&amp#27;[0m
11:02:42.615 [main] INFO  i.c.core.plugin.SerenityReporter - Running feature from file:///Z:/Automation/JavaCucumber/BDD_HCL/CucumberHCL/src/main/resources/AppFeatures/ValidateAndVerifyLoginPage.feature
11:02:42.615 [main] WARN  i.c.core.plugin.SerenityReporter - Feature from file:///Z:/Automation/JavaCucumber/BDD_HCL/CucumberHCL/src/main/resources/AppFeatures/ValidateAndVerifyLoginPage.feature is not under the 'features' directory. Requirements report will not be correctly generated!
11:02:42.616 [main] INFO   - 
  _____   ___   ___   _____     ___   _____     _     ___   _____   ___   ___  
 |_   _| | __| / __| |_   _|   / __| |_   _|   /_\   | _ \ |_   _| | __| |   \ 
   | |   | _|  \__ \   | |     \__ \   | |    / _ \  |   /   | |   | _|  | |) |
   |_|   |___| |___/   |_|     |___/   |_|   /_/ \_\ |_|_\   |_|   |___| |___/ 

Login to PEGA Site using Author, Manager and User(validate-and-verify-login-page-to-pega-site;login-to-pega-site-using-author--manager-and-user)
--------------------------------------------------------------------------------
11:02:42.620 [main] DEBUG com.pages.drivers.DriversFactory - Set up Browser
11:02:42.620 [main] DEBUG com.pages.drivers.DriversFactory - Initialize Driver Browser Configuration
11:02:42.620 [main] DEBUG com.pages.drivers.DriversFactory -  Driver Browser : chrome
11:02:42.631 [main] DEBUG i.g.b.wdm.cache.ResolutionCache - Resolution chrome=99 in cache (valid until 11:36:40 21/03/2022 CST)
11:02:42.631 [main] DEBUG i.g.b.wdm.cache.ResolutionCache - Resolution chrome99=99.0.4844.51 in cache (valid until 09:15:22 22/03/2022 CST)
11:02:42.632 [main] INFO  i.g.bonigarcia.wdm.WebDriverManager - Using chromedriver 99.0.4844.51 (resolved driver for Chrome 99)
11:02:42.635 [main] DEBUG i.g.bonigarcia.wdm.WebDriverManager - Driver chromedriver 99.0.4844.51 found in cache
11:02:42.635 [main] INFO  i.g.bonigarcia.wdm.WebDriverManager - Exporting webdriver.chrome.driver as C:\Users\DheyClaveria\.cache\selenium\chromedriver\win32\99.0.4844.51\chromedriver.exe
11:02:42.749 [AsyncHttpClient-1-1] DEBUG o.a.netty.channel.DefaultChannelPool - Entry count for : http://localhost:52506 : 1
11:02:42.749 [AsyncHttpClient-1-1] DEBUG o.a.netty.channel.DefaultChannelPool - Entry count for : http://localhost:64212 : 1
11:02:42.749 [AsyncHttpClient-1-1] DEBUG o.a.netty.channel.DefaultChannelPool - Adding Candidate expired Channel [id: 0xff00bd1e, L:/127.0.0.1:64211 ! R:localhost/127.0.0.1:52506] isIdleTimeoutExpired=false isRemotelyClosed=true isTtlExpired=false
11:02:42.749 [AsyncHttpClient-1-1] DEBUG o.a.netty.channel.DefaultChannelPool - Closing Idle Channel [id: 0xff00bd1e, L:/127.0.0.1:64211 ! R:localhost/127.0.0.1:52506]
11:02:42.749 [AsyncHttpClient-1-1] DEBUG o.a.netty.channel.DefaultChannelPool - Adding Candidate expired Channel [id: 0xe518ec6a, L:/127.0.0.1:64218 ! R:localhost/127.0.0.1:64212] isIdleTimeoutExpired=false isRemotelyClosed=true isTtlExpired=false
11:02:42.749 [AsyncHttpClient-1-1] DEBUG o.a.netty.channel.DefaultChannelPool - Closing Idle Channel [id: 0xe518ec6a, L:/127.0.0.1:64218 ! R:localhost/127.0.0.1:64212]
11:02:42.749 [AsyncHttpClient-1-1] DEBUG o.a.netty.channel.DefaultChannelPool - Closed 2 connections out of 2 in 0 ms
11:02:43.165 [AsyncHttpClient-1-5] DEBUG o.a.n.channel.NettyConnectListener - Using new Channel '[id: 0xf29a61a8, L:/127.0.0.1:64454 - R:localhost/127.0.0.1:50274]' for 'POST' to '/session'
11:02:43.690 [AsyncHttpClient-1-5] DEBUG o.a.netty.handler.HttpHandler - 

Request DefaultHttpRequest(decodeResult: success, version: HTTP/1.1)
POST /session HTTP/1.1
User-Agent: selenium/4.1.2 (java windows)
Content-Length: 365
Content-Type: application/json; charset=utf-8
host: localhost:50274
accept: */*

Response DefaultHttpResponse(decodeResult: success, version: HTTP/1.1)
HTTP/1.1 200 OK
Content-Type: application/json; charset=utf-8
cache-control: no-cache
content-length: 795

11:02:43.690 [AsyncHttpClient-1-5] DEBUG o.a.netty.channel.ChannelManager - Adding key: http://localhost:50274 for channel [id: 0xf29a61a8, L:/127.0.0.1:64454 - R:localhost/127.0.0.1:50274]
11:02:43.694 [AsyncHttpClient-1-6] DEBUG o.a.n.channel.NettyConnectListener - Using new Channel '[id: 0x5828d2a7, L:/127.0.0.1:64461 - R:localhost/127.0.0.1:64455]' for 'GET' to '/json/version'
11:02:43.699 [AsyncHttpClient-1-6] DEBUG o.a.netty.handler.HttpHandler - 

Request DefaultFullHttpRequest(decodeResult: success, version: HTTP/1.1, content: EmptyByteBufBE)
GET /json/version HTTP/1.1
User-Agent: selenium/4.1.2 (java windows)
host: localhost:64455
accept: */*

Response DefaultHttpResponse(decodeResult: success, version: HTTP/1.1)
HTTP/1.1 200 OK
Content-Type: application/json; charset=UTF-8
content-length: 423

11:02:43.699 [AsyncHttpClient-1-6] DEBUG o.a.netty.channel.ChannelManager - Adding key: http://localhost:64455 for channel [id: 0x5828d2a7, L:/127.0.0.1:64461 - R:localhost/127.0.0.1:64455]
11:02:43.701 [AsyncHttpClient-1-7] DEBUG o.a.n.channel.NettyConnectListener - Using new Channel '[id: 0x64e47ebf, L:/127.0.0.1:64462 - R:localhost/127.0.0.1:64455]' for 'GET' to '/devtools/browser/ac0c5cef-a272-47a7-83bd-925f54b3afdc'
11:02:43.705 [AsyncHttpClient-1-7] DEBUG o.a.netty.handler.WebSocketHandler - 

Request DefaultFullHttpRequest(decodeResult: success, version: HTTP/1.1, content: EmptyByteBufBE)
GET /devtools/browser/ac0c5cef-a272-47a7-83bd-925f54b3afdc HTTP/1.1
upgrade: websocket
connection: upgrade
sec-websocket-key: GSrDr6e3ndpvG2rofh7MIA==
sec-websocket-version: 13
origin: http://localhost:64455
host: localhost:64455
accept: */*
user-agent: AHC/2.1

Response DefaultHttpResponse(decodeResult: success, version: HTTP/1.1)
HTTP/1.1 101 WebSocket Protocol Handshake
Upgrade: WebSocket
Connection: Upgrade
Sec-WebSocket-Accept: 1GG9uazpiGJfc+8Guai5z8Eo3PU=

11:02:43.708 [Forwarding deleteAllCookies on session b59783c6c1bd9110094f1daca3db1e20 to remote] DEBUG o.a.netty.request.NettyRequestSender - Using pooled Channel '[id: 0xf29a61a8, L:/127.0.0.1:64454 - R:localhost/127.0.0.1:50274]' for 'DELETE' to 'http://localhost:50274/session/b59783c6c1bd9110094f1daca3db1e20/cookie'
11:02:43.708 [Forwarding deleteAllCookies on session b59783c6c1bd9110094f1daca3db1e20 to remote] DEBUG o.a.netty.request.NettyRequestSender - Using open Channel [id: 0xf29a61a8, L:/127.0.0.1:64454 - R:localhost/127.0.0.1:50274] for DELETE '/session/b59783c6c1bd9110094f1daca3db1e20/cookie'
11:02:43.711 [AsyncHttpClient-1-5] DEBUG o.a.netty.handler.HttpHandler - 

Request DefaultFullHttpRequest(decodeResult: success, version: HTTP/1.1, content: EmptyByteBufBE)
DELETE /session/b59783c6c1bd9110094f1daca3db1e20/cookie HTTP/1.1
User-Agent: selenium/4.1.2 (java windows)
Content-Type: application/json; charset=utf-8
host: localhost:50274
accept: */*

Response DefaultHttpResponse(decodeResult: success, version: HTTP/1.1)
HTTP/1.1 200 OK
Content-Type: application/json; charset=utf-8
cache-control: no-cache
content-length: 14

11:02:43.711 [AsyncHttpClient-1-5] DEBUG o.a.netty.channel.ChannelManager - Adding key: http://localhost:50274 for channel [id: 0xf29a61a8, L:/127.0.0.1:64454 - R:localhost/127.0.0.1:50274]
11:02:43.712 [Forwarding maximizeCurrentWindow on session b59783c6c1bd9110094f1daca3db1e20 to remote] DEBUG o.a.netty.request.NettyRequestSender - Using pooled Channel '[id: 0xf29a61a8, L:/127.0.0.1:64454 - R:localhost/127.0.0.1:50274]' for 'POST' to 'http://localhost:50274/session/b59783c6c1bd9110094f1daca3db1e20/window/maximize'
11:02:43.712 [Forwarding maximizeCurrentWindow on session b59783c6c1bd9110094f1daca3db1e20 to remote] DEBUG o.a.netty.request.NettyRequestSender - Using open Channel [id: 0xf29a61a8, L:/127.0.0.1:64454 - R:localhost/127.0.0.1:50274] for POST '/session/b59783c6c1bd9110094f1daca3db1e20/window/maximize'
11:02:43.822 [AsyncHttpClient-1-5] DEBUG o.a.netty.handler.HttpHandler - 

Request DefaultHttpRequest(decodeResult: success, version: HTTP/1.1)
POST /session/b59783c6c1bd9110094f1daca3db1e20/window/maximize HTTP/1.1
User-Agent: selenium/4.1.2 (java windows)
Content-Length: 3
Content-Type: application/json; charset=utf-8
host: localhost:50274
accept: */*

Response DefaultHttpResponse(decodeResult: success, version: HTTP/1.1)
HTTP/1.1 200 OK
Content-Type: application/json; charset=utf-8
cache-control: no-cache
content-length: 52

11:02:43.822 [AsyncHttpClient-1-5] DEBUG o.a.netty.channel.ChannelManager - Adding key: http://localhost:50274 for channel [id: 0xf29a61a8, L:/127.0.0.1:64454 - R:localhost/127.0.0.1:50274]
11:02:43.826 [Forwarding get on session b59783c6c1bd9110094f1daca3db1e20 to remote] DEBUG o.a.netty.request.NettyRequestSender - Using pooled Channel '[id: 0xf29a61a8, L:/127.0.0.1:64454 - R:localhost/127.0.0.1:50274]' for 'POST' to 'http://localhost:50274/session/b59783c6c1bd9110094f1daca3db1e20/url'
11:02:43.826 [Forwarding get on session b59783c6c1bd9110094f1daca3db1e20 to remote] DEBUG o.a.netty.request.NettyRequestSender - Using open Channel [id: 0xf29a61a8, L:/127.0.0.1:64454 - R:localhost/127.0.0.1:50274] for POST '/session/b59783c6c1bd9110094f1daca3db1e20/url'
11:02:43.852 [AsyncHttpClient-1-1] DEBUG o.a.netty.channel.DefaultChannelPool - Entry count for : http://localhost:64455 : 1
11:02:43.946 [AsyncHttpClient-1-5] DEBUG o.a.netty.handler.HttpHandler - 

Request DefaultHttpRequest(decodeResult: success, version: HTTP/1.1)
POST /session/b59783c6c1bd9110094f1daca3db1e20/url HTTP/1.1
User-Agent: selenium/4.1.2 (java windows)
Content-Length: 148
Content-Type: application/json; charset=utf-8
host: localhost:50274
accept: */*

Response DefaultHttpResponse(decodeResult: success, version: HTTP/1.1)
HTTP/1.1 200 OK
Content-Type: application/json; charset=utf-8
cache-control: no-cache
content-length: 14

11:02:43.946 [AsyncHttpClient-1-5] DEBUG o.a.netty.channel.ChannelManager - Adding key: http://localhost:50274 for channel [id: 0xf29a61a8, L:/127.0.0.1:64454 - R:localhost/127.0.0.1:50274]
11:02:43.947 [Forwarding getTitle on session b59783c6c1bd9110094f1daca3db1e20 to remote] DEBUG o.a.netty.request.NettyRequestSender - Using pooled Channel '[id: 0xf29a61a8, L:/127.0.0.1:64454 - R:localhost/127.0.0.1:50274]' for 'GET' to 'http://localhost:50274/session/b59783c6c1bd9110094f1daca3db1e20/title'
11:02:43.947 [Forwarding getTitle on session b59783c6c1bd9110094f1daca3db1e20 to remote] DEBUG o.a.netty.request.NettyRequestSender - Using open Channel [id: 0xf29a61a8, L:/127.0.0.1:64454 - R:localhost/127.0.0.1:50274] for GET '/session/b59783c6c1bd9110094f1daca3db1e20/title'
11:02:43.950 [AsyncHttpClient-1-5] DEBUG o.a.netty.handler.HttpHandler - 

Request DefaultFullHttpRequest(decodeResult: success, version: HTTP/1.1, content: EmptyByteBufBE)
GET /session/b59783c6c1bd9110094f1daca3db1e20/title HTTP/1.1
User-Agent: selenium/4.1.2 (java windows)
Cache-Control: no-cache
Content-Type: application/json; charset=utf-8
host: localhost:50274
accept: */*

Response DefaultHttpResponse(decodeResult: success, version: HTTP/1.1)
HTTP/1.1 200 OK
Content-Type: application/json; charset=utf-8
cache-control: no-cache
content-length: 22

11:02:43.950 [AsyncHttpClient-1-5] DEBUG o.a.netty.channel.ChannelManager - Adding key: http://localhost:50274 for channel [id: 0xf29a61a8, L:/127.0.0.1:64454 - R:localhost/127.0.0.1:50274]
11:02:43.951 [main] DEBUG com.pages.LoginPage - verifyApplication: 'Login Page' 
11:02:43.951 [Forwarding getTitle on session b59783c6c1bd9110094f1daca3db1e20 to remote] DEBUG o.a.netty.request.NettyRequestSender - Using pooled Channel '[id: 0xf29a61a8, L:/127.0.0.1:64454 - R:localhost/127.0.0.1:50274]' for 'GET' to 'http://localhost:50274/session/b59783c6c1bd9110094f1daca3db1e20/title'
11:02:43.951 [Forwarding getTitle on session b59783c6c1bd9110094f1daca3db1e20 to remote] DEBUG o.a.netty.request.NettyRequestSender - Using open Channel [id: 0xf29a61a8, L:/127.0.0.1:64454 - R:localhost/127.0.0.1:50274] for GET '/session/b59783c6c1bd9110094f1daca3db1e20/title'
11:02:43.953 [AsyncHttpClient-1-5] DEBUG o.a.netty.handler.HttpHandler - 

Request DefaultFullHttpRequest(decodeResult: success, version: HTTP/1.1, content: EmptyByteBufBE)
GET /session/b59783c6c1bd9110094f1daca3db1e20/title HTTP/1.1
User-Agent: selenium/4.1.2 (java windows)
Cache-Control: no-cache
Content-Type: application/json; charset=utf-8
host: localhost:50274
accept: */*

Response DefaultHttpResponse(decodeResult: success, version: HTTP/1.1)
HTTP/1.1 200 OK
Content-Type: application/json; charset=utf-8
cache-control: no-cache
content-length: 22

11:02:43.953 [AsyncHttpClient-1-5] DEBUG o.a.netty.channel.ChannelManager - Adding key: http://localhost:50274 for channel [id: 0xf29a61a8, L:/127.0.0.1:64454 - R:localhost/127.0.0.1:50274]
11:02:44.950 [AsyncHttpClient-1-1] DEBUG o.a.netty.channel.DefaultChannelPool - Entry count for : http://localhost:50274 : 1
11:02:44.950 [AsyncHttpClient-1-1] DEBUG o.a.netty.channel.DefaultChannelPool - Entry count for : http://localhost:64455 : 1
11:02:46.053 [AsyncHttpClient-1-1] DEBUG o.a.netty.channel.DefaultChannelPool - Entry count for : http://localhost:50274 : 1
11:02:46.053 [AsyncHttpClient-1-1] DEBUG o.a.netty.channel.DefaultChannelPool - Entry count for : http://localhost:64455 : 1
11:02:47.152 [AsyncHttpClient-1-1] DEBUG o.a.netty.channel.DefaultChannelPool - Entry count for : http://localhost:50274 : 1
11:02:47.152 [AsyncHttpClient-1-1] DEBUG o.a.netty.channel.DefaultChannelPool - Entry count for : http://localhost:64455 : 1
11:02:48.257 [AsyncHttpClient-1-1] DEBUG o.a.netty.channel.DefaultChannelPool - Entry count for : http://localhost:50274 : 1
11:02:48.257 [AsyncHttpClient-1-1] DEBUG o.a.netty.channel.DefaultChannelPool - Entry count for : http://localhost:64455 : 1
  &amp#27;[32mGiven &amp#27;[0m&amp#27;[32mthat the user should navigate in PEGA Login Page&amp#27;[0m                                               &amp#27;[90m# stepdefinitions.LoginPageSteps.that_the_user_should_navigate_in_pega_login_page()&amp#27;[0m
11:02:48.967 [main] DEBUG com.pages.LoginPage - verifyPageElements : Current Element = 'By.xpath: //div[@id="credentials"]//div[@class="field user"]//input' 
11:02:48.968 [Forwarding findElement on session b59783c6c1bd9110094f1daca3db1e20 to remote] DEBUG o.a.netty.request.NettyRequestSender - Using pooled Channel '[id: 0xf29a61a8, L:/127.0.0.1:64454 - R:localhost/127.0.0.1:50274]' for 'POST' to 'http://localhost:50274/session/b59783c6c1bd9110094f1daca3db1e20/element'
11:02:48.968 [Forwarding findElement on session b59783c6c1bd9110094f1daca3db1e20 to remote] DEBUG o.a.netty.request.NettyRequestSender - Using open Channel [id: 0xf29a61a8, L:/127.0.0.1:64454 - R:localhost/127.0.0.1:50274] for POST '/session/b59783c6c1bd9110094f1daca3db1e20/element'
11:02:48.976 [AsyncHttpClient-1-5] DEBUG o.a.netty.handler.HttpHandler - 

Request DefaultHttpRequest(decodeResult: success, version: HTTP/1.1)
POST /session/b59783c6c1bd9110094f1daca3db1e20/element HTTP/1.1
User-Agent: selenium/4.1.2 (java windows)
Content-Length: 128
Content-Type: application/json; charset=utf-8
host: localhost:50274
accept: */*

Response DefaultHttpResponse(decodeResult: success, version: HTTP/1.1)
HTTP/1.1 200 OK
Content-Type: application/json; charset=utf-8
cache-control: no-cache
content-length: 88

11:02:48.977 [AsyncHttpClient-1-5] DEBUG o.a.netty.channel.ChannelManager - Adding key: http://localhost:50274 for channel [id: 0xf29a61a8, L:/127.0.0.1:64454 - R:localhost/127.0.0.1:50274]
11:02:48.979 [Forwarding isElementDisplayed on session b59783c6c1bd9110094f1daca3db1e20 to remote] DEBUG o.a.netty.request.NettyRequestSender - Using pooled Channel '[id: 0xf29a61a8, L:/127.0.0.1:64454 - R:localhost/127.0.0.1:50274]' for 'POST' to 'http://localhost:50274/session/b59783c6c1bd9110094f1daca3db1e20/execute/sync'
11:02:48.979 [Forwarding isElementDisplayed on session b59783c6c1bd9110094f1daca3db1e20 to remote] DEBUG o.a.netty.request.NettyRequestSender - Using open Channel [id: 0xf29a61a8, L:/127.0.0.1:64454 - R:localhost/127.0.0.1:50274] for POST '/session/b59783c6c1bd9110094f1daca3db1e20/execute/sync'
11:02:48.991 [AsyncHttpClient-1-5] DEBUG o.a.netty.handler.HttpHandler - 

Request DefaultHttpRequest(decodeResult: success, version: HTTP/1.1)
POST /session/b59783c6c1bd9110094f1daca3db1e20/execute/sync HTTP/1.1
User-Agent: selenium/4.1.2 (java windows)
Content-Length: 48780
Content-Type: application/json; charset=utf-8
host: localhost:50274
accept: */*

Response DefaultHttpResponse(decodeResult: success, version: HTTP/1.1)
HTTP/1.1 200 OK
Content-Type: application/json; charset=utf-8
cache-control: no-cache
content-length: 14

11:02:48.991 [AsyncHttpClient-1-5] DEBUG o.a.netty.channel.ChannelManager - Adding key: http://localhost:50274 for channel [id: 0xf29a61a8, L:/127.0.0.1:64454 - R:localhost/127.0.0.1:50274]
11:02:48.992 [Forwarding findElement on session b59783c6c1bd9110094f1daca3db1e20 to remote] DEBUG o.a.netty.request.NettyRequestSender - Using pooled Channel '[id: 0xf29a61a8, L:/127.0.0.1:64454 - R:localhost/127.0.0.1:50274]' for 'POST' to 'http://localhost:50274/session/b59783c6c1bd9110094f1daca3db1e20/element'
11:02:48.992 [Forwarding findElement on session b59783c6c1bd9110094f1daca3db1e20 to remote] DEBUG o.a.netty.request.NettyRequestSender - Using open Channel [id: 0xf29a61a8, L:/127.0.0.1:64454 - R:localhost/127.0.0.1:50274] for POST '/session/b59783c6c1bd9110094f1daca3db1e20/element'
11:02:48.996 [AsyncHttpClient-1-5] DEBUG o.a.netty.handler.HttpHandler - 

Request DefaultHttpRequest(decodeResult: success, version: HTTP/1.1)
POST /session/b59783c6c1bd9110094f1daca3db1e20/element HTTP/1.1
User-Agent: selenium/4.1.2 (java windows)
Content-Length: 128
Content-Type: application/json; charset=utf-8
host: localhost:50274
accept: */*

Response DefaultHttpResponse(decodeResult: success, version: HTTP/1.1)
HTTP/1.1 200 OK
Content-Type: application/json; charset=utf-8
cache-control: no-cache
content-length: 88

11:02:48.996 [AsyncHttpClient-1-5] DEBUG o.a.netty.channel.ChannelManager - Adding key: http://localhost:50274 for channel [id: 0xf29a61a8, L:/127.0.0.1:64454 - R:localhost/127.0.0.1:50274]
11:02:48.998 [Forwarding isElementDisplayed on session b59783c6c1bd9110094f1daca3db1e20 to remote] DEBUG o.a.netty.request.NettyRequestSender - Using pooled Channel '[id: 0xf29a61a8, L:/127.0.0.1:64454 - R:localhost/127.0.0.1:50274]' for 'POST' to 'http://localhost:50274/session/b59783c6c1bd9110094f1daca3db1e20/execute/sync'
11:02:48.998 [Forwarding isElementDisplayed on session b59783c6c1bd9110094f1daca3db1e20 to remote] DEBUG o.a.netty.request.NettyRequestSender - Using open Channel [id: 0xf29a61a8, L:/127.0.0.1:64454 - R:localhost/127.0.0.1:50274] for POST '/session/b59783c6c1bd9110094f1daca3db1e20/execute/sync'
11:02:49.005 [AsyncHttpClient-1-5] DEBUG o.a.netty.handler.HttpHandler - 

Request DefaultHttpRequest(decodeResult: success, version: HTTP/1.1)
POST /session/b59783c6c1bd9110094f1daca3db1e20/execute/sync HTTP/1.1
User-Agent: selenium/4.1.2 (java windows)
Content-Length: 48780
Content-Type: application/json; charset=utf-8
host: localhost:50274
accept: */*

Response DefaultHttpResponse(decodeResult: success, version: HTTP/1.1)
HTTP/1.1 200 OK
Content-Type: application/json; charset=utf-8
cache-control: no-cache
content-length: 14

11:02:49.006 [AsyncHttpClient-1-5] DEBUG o.a.netty.channel.ChannelManager - Adding key: http://localhost:50274 for channel [id: 0xf29a61a8, L:/127.0.0.1:64454 - R:localhost/127.0.0.1:50274]
11:02:49.006 [Forwarding findElement on session b59783c6c1bd9110094f1daca3db1e20 to remote] DEBUG o.a.netty.request.NettyRequestSender - Using pooled Channel '[id: 0xf29a61a8, L:/127.0.0.1:64454 - R:localhost/127.0.0.1:50274]' for 'POST' to 'http://localhost:50274/session/b59783c6c1bd9110094f1daca3db1e20/element'
11:02:49.006 [Forwarding findElement on session b59783c6c1bd9110094f1daca3db1e20 to remote] DEBUG o.a.netty.request.NettyRequestSender - Using open Channel [id: 0xf29a61a8, L:/127.0.0.1:64454 - R:localhost/127.0.0.1:50274] for POST '/session/b59783c6c1bd9110094f1daca3db1e20/element'
11:02:49.010 [AsyncHttpClient-1-5] DEBUG o.a.netty.handler.HttpHandler - 

Request DefaultHttpRequest(decodeResult: success, version: HTTP/1.1)
POST /session/b59783c6c1bd9110094f1daca3db1e20/element HTTP/1.1
User-Agent: selenium/4.1.2 (java windows)
Content-Length: 128
Content-Type: application/json; charset=utf-8
host: localhost:50274
accept: */*

Response DefaultHttpResponse(decodeResult: success, version: HTTP/1.1)
HTTP/1.1 200 OK
Content-Type: application/json; charset=utf-8
cache-control: no-cache
content-length: 88

11:02:49.010 [AsyncHttpClient-1-5] DEBUG o.a.netty.channel.ChannelManager - Adding key: http://localhost:50274 for channel [id: 0xf29a61a8, L:/127.0.0.1:64454 - R:localhost/127.0.0.1:50274]
11:02:49.011 [Forwarding isElementEnabled on session b59783c6c1bd9110094f1daca3db1e20 to remote] DEBUG o.a.netty.request.NettyRequestSender - Using pooled Channel '[id: 0xf29a61a8, L:/127.0.0.1:64454 - R:localhost/127.0.0.1:50274]' for 'GET' to 'http://localhost:50274/session/b59783c6c1bd9110094f1daca3db1e20/element/350cbee4-b5e0-4a68-8ea5-89a922391473/enabled'
11:02:49.011 [Forwarding isElementEnabled on session b59783c6c1bd9110094f1daca3db1e20 to remote] DEBUG o.a.netty.request.NettyRequestSender - Using open Channel [id: 0xf29a61a8, L:/127.0.0.1:64454 - R:localhost/127.0.0.1:50274] for GET '/session/b59783c6c1bd9110094f1daca3db1e20/element/350cbee4-b5e0-4a68-8ea5-89a922391473/enabled'
11:02:49.016 [AsyncHttpClient-1-5] DEBUG o.a.netty.handler.HttpHandler - 

Request DefaultFullHttpRequest(decodeResult: success, version: HTTP/1.1, content: EmptyByteBufBE)
GET /session/b59783c6c1bd9110094f1daca3db1e20/element/350cbee4-b5e0-4a68-8ea5-89a922391473/enabled HTTP/1.1
User-Agent: selenium/4.1.2 (java windows)
Cache-Control: no-cache
Content-Type: application/json; charset=utf-8
host: localhost:50274
accept: */*

Response DefaultHttpResponse(decodeResult: success, version: HTTP/1.1)
HTTP/1.1 200 OK
Content-Type: application/json; charset=utf-8
cache-control: no-cache
content-length: 14

11:02:49.016 [AsyncHttpClient-1-5] DEBUG o.a.netty.channel.ChannelManager - Adding key: http://localhost:50274 for channel [id: 0xf29a61a8, L:/127.0.0.1:64454 - R:localhost/127.0.0.1:50274]
11:02:49.017 [main] DEBUG com.pages.LoginPage - verifyPageElements : Current Element = 'By.xpath: //div[@id="credentials"]//div[@class="field password"]//input' 
11:02:49.017 [Forwarding findElement on session b59783c6c1bd9110094f1daca3db1e20 to remote] DEBUG o.a.netty.request.NettyRequestSender - Using pooled Channel '[id: 0xf29a61a8, L:/127.0.0.1:64454 - R:localhost/127.0.0.1:50274]' for 'POST' to 'http://localhost:50274/session/b59783c6c1bd9110094f1daca3db1e20/element'
11:02:49.017 [Forwarding findElement on session b59783c6c1bd9110094f1daca3db1e20 to remote] DEBUG o.a.netty.request.NettyRequestSender - Using open Channel [id: 0xf29a61a8, L:/127.0.0.1:64454 - R:localhost/127.0.0.1:50274] for POST '/session/b59783c6c1bd9110094f1daca3db1e20/element'
11:02:49.023 [AsyncHttpClient-1-5] DEBUG o.a.netty.handler.HttpHandler - 

Request DefaultHttpRequest(decodeResult: success, version: HTTP/1.1)
POST /session/b59783c6c1bd9110094f1daca3db1e20/element HTTP/1.1
User-Agent: selenium/4.1.2 (java windows)
Content-Length: 132
Content-Type: application/json; charset=utf-8
host: localhost:50274
accept: */*

Response DefaultHttpResponse(decodeResult: success, version: HTTP/1.1)
HTTP/1.1 200 OK
Content-Type: application/json; charset=utf-8
cache-control: no-cache
content-length: 88

11:02:49.023 [AsyncHttpClient-1-5] DEBUG o.a.netty.channel.ChannelManager - Adding key: http://localhost:50274 for channel [id: 0xf29a61a8, L:/127.0.0.1:64454 - R:localhost/127.0.0.1:50274]
11:02:49.026 [Forwarding isElementDisplayed on session b59783c6c1bd9110094f1daca3db1e20 to remote] DEBUG o.a.netty.request.NettyRequestSender - Using pooled Channel '[id: 0xf29a61a8, L:/127.0.0.1:64454 - R:localhost/127.0.0.1:50274]' for 'POST' to 'http://localhost:50274/session/b59783c6c1bd9110094f1daca3db1e20/execute/sync'
11:02:49.026 [Forwarding isElementDisplayed on session b59783c6c1bd9110094f1daca3db1e20 to remote] DEBUG o.a.netty.request.NettyRequestSender - Using open Channel [id: 0xf29a61a8, L:/127.0.0.1:64454 - R:localhost/127.0.0.1:50274] for POST '/session/b59783c6c1bd9110094f1daca3db1e20/execute/sync'
11:02:49.032 [AsyncHttpClient-1-5] DEBUG o.a.netty.handler.HttpHandler - 

Request DefaultHttpRequest(decodeResult: success, version: HTTP/1.1)
POST /session/b59783c6c1bd9110094f1daca3db1e20/execute/sync HTTP/1.1
User-Agent: selenium/4.1.2 (java windows)
Content-Length: 48780
Content-Type: application/json; charset=utf-8
host: localhost:50274
accept: */*

Response DefaultHttpResponse(decodeResult: success, version: HTTP/1.1)
HTTP/1.1 200 OK
Content-Type: application/json; charset=utf-8
cache-control: no-cache
content-length: 14

11:02:49.032 [AsyncHttpClient-1-5] DEBUG o.a.netty.channel.ChannelManager - Adding key: http://localhost:50274 for channel [id: 0xf29a61a8, L:/127.0.0.1:64454 - R:localhost/127.0.0.1:50274]
11:02:49.033 [Forwarding findElement on session b59783c6c1bd9110094f1daca3db1e20 to remote] DEBUG o.a.netty.request.NettyRequestSender - Using pooled Channel '[id: 0xf29a61a8, L:/127.0.0.1:64454 - R:localhost/127.0.0.1:50274]' for 'POST' to 'http://localhost:50274/session/b59783c6c1bd9110094f1daca3db1e20/element'
11:02:49.033 [Forwarding findElement on session b59783c6c1bd9110094f1daca3db1e20 to remote] DEBUG o.a.netty.request.NettyRequestSender - Using open Channel [id: 0xf29a61a8, L:/127.0.0.1:64454 - R:localhost/127.0.0.1:50274] for POST '/session/b59783c6c1bd9110094f1daca3db1e20/element'
11:02:49.036 [AsyncHttpClient-1-5] DEBUG o.a.netty.handler.HttpHandler - 

Request DefaultHttpRequest(decodeResult: success, version: HTTP/1.1)
POST /session/b59783c6c1bd9110094f1daca3db1e20/element HTTP/1.1
User-Agent: selenium/4.1.2 (java windows)
Content-Length: 132
Content-Type: application/json; charset=utf-8
host: localhost:50274
accept: */*

Response DefaultHttpResponse(decodeResult: success, version: HTTP/1.1)
HTTP/1.1 200 OK
Content-Type: application/json; charset=utf-8
cache-control: no-cache
content-length: 88

11:02:49.036 [AsyncHttpClient-1-5] DEBUG o.a.netty.channel.ChannelManager - Adding key: http://localhost:50274 for channel [id: 0xf29a61a8, L:/127.0.0.1:64454 - R:localhost/127.0.0.1:50274]
11:02:49.039 [Forwarding isElementDisplayed on session b59783c6c1bd9110094f1daca3db1e20 to remote] DEBUG o.a.netty.request.NettyRequestSender - Using pooled Channel '[id: 0xf29a61a8, L:/127.0.0.1:64454 - R:localhost/127.0.0.1:50274]' for 'POST' to 'http://localhost:50274/session/b59783c6c1bd9110094f1daca3db1e20/execute/sync'
11:02:49.039 [Forwarding isElementDisplayed on session b59783c6c1bd9110094f1daca3db1e20 to remote] DEBUG o.a.netty.request.NettyRequestSender - Using open Channel [id: 0xf29a61a8, L:/127.0.0.1:64454 - R:localhost/127.0.0.1:50274] for POST '/session/b59783c6c1bd9110094f1daca3db1e20/execute/sync'
11:02:49.044 [AsyncHttpClient-1-5] DEBUG o.a.netty.handler.HttpHandler - 

Request DefaultHttpRequest(decodeResult: success, version: HTTP/1.1)
POST /session/b59783c6c1bd9110094f1daca3db1e20/execute/sync HTTP/1.1
User-Agent: selenium/4.1.2 (java windows)
Content-Length: 48780
Content-Type: application/json; charset=utf-8
host: localhost:50274
accept: */*

Response DefaultHttpResponse(decodeResult: success, version: HTTP/1.1)
HTTP/1.1 200 OK
Content-Type: application/json; charset=utf-8
cache-control: no-cache
content-length: 14

11:02:49.044 [AsyncHttpClient-1-5] DEBUG o.a.netty.channel.ChannelManager - Adding key: http://localhost:50274 for channel [id: 0xf29a61a8, L:/127.0.0.1:64454 - R:localhost/127.0.0.1:50274]
11:02:49.045 [Forwarding findElement on session b59783c6c1bd9110094f1daca3db1e20 to remote] DEBUG o.a.netty.request.NettyRequestSender - Using pooled Channel '[id: 0xf29a61a8, L:/127.0.0.1:64454 - R:localhost/127.0.0.1:50274]' for 'POST' to 'http://localhost:50274/session/b59783c6c1bd9110094f1daca3db1e20/element'
11:02:49.045 [Forwarding findElement on session b59783c6c1bd9110094f1daca3db1e20 to remote] DEBUG o.a.netty.request.NettyRequestSender - Using open Channel [id: 0xf29a61a8, L:/127.0.0.1:64454 - R:localhost/127.0.0.1:50274] for POST '/session/b59783c6c1bd9110094f1daca3db1e20/element'
11:02:49.049 [AsyncHttpClient-1-5] DEBUG o.a.netty.handler.HttpHandler - 

Request DefaultHttpRequest(decodeResult: success, version: HTTP/1.1)
POST /session/b59783c6c1bd9110094f1daca3db1e20/element HTTP/1.1
User-Agent: selenium/4.1.2 (java windows)
Content-Length: 132
Content-Type: application/json; charset=utf-8
host: localhost:50274
accept: */*

Response DefaultHttpResponse(decodeResult: success, version: HTTP/1.1)
HTTP/1.1 200 OK
Content-Type: application/json; charset=utf-8
cache-control: no-cache
content-length: 88

11:02:49.049 [AsyncHttpClient-1-5] DEBUG o.a.netty.channel.ChannelManager - Adding key: http://localhost:50274 for channel [id: 0xf29a61a8, L:/127.0.0.1:64454 - R:localhost/127.0.0.1:50274]
11:02:49.050 [Forwarding isElementEnabled on session b59783c6c1bd9110094f1daca3db1e20 to remote] DEBUG o.a.netty.request.NettyRequestSender - Using pooled Channel '[id: 0xf29a61a8, L:/127.0.0.1:64454 - R:localhost/127.0.0.1:50274]' for 'GET' to 'http://localhost:50274/session/b59783c6c1bd9110094f1daca3db1e20/element/80c9a988-3124-4182-9aef-face06f3dcb5/enabled'
11:02:49.050 [Forwarding isElementEnabled on session b59783c6c1bd9110094f1daca3db1e20 to remote] DEBUG o.a.netty.request.NettyRequestSender - Using open Channel [id: 0xf29a61a8, L:/127.0.0.1:64454 - R:localhost/127.0.0.1:50274] for GET '/session/b59783c6c1bd9110094f1daca3db1e20/element/80c9a988-3124-4182-9aef-face06f3dcb5/enabled'
11:02:49.056 [AsyncHttpClient-1-5] DEBUG o.a.netty.handler.HttpHandler - 

Request DefaultFullHttpRequest(decodeResult: success, version: HTTP/1.1, content: EmptyByteBufBE)
GET /session/b59783c6c1bd9110094f1daca3db1e20/element/80c9a988-3124-4182-9aef-face06f3dcb5/enabled HTTP/1.1
User-Agent: selenium/4.1.2 (java windows)
Cache-Control: no-cache
Content-Type: application/json; charset=utf-8
host: localhost:50274
accept: */*

Response DefaultHttpResponse(decodeResult: success, version: HTTP/1.1)
HTTP/1.1 200 OK
Content-Type: application/json; charset=utf-8
cache-control: no-cache
content-length: 14

11:02:49.056 [AsyncHttpClient-1-5] DEBUG o.a.netty.channel.ChannelManager - Adding key: http://localhost:50274 for channel [id: 0xf29a61a8, L:/127.0.0.1:64454 - R:localhost/127.0.0.1:50274]
11:02:49.057 [main] DEBUG com.pages.LoginPage - verifyPageElements : Current Element = 'By.xpath: //div[@id="credentials"]//button[contains(@class,"loginButton")]' 
11:02:49.058 [Forwarding findElement on session b59783c6c1bd9110094f1daca3db1e20 to remote] DEBUG o.a.netty.request.NettyRequestSender - Using pooled Channel '[id: 0xf29a61a8, L:/127.0.0.1:64454 - R:localhost/127.0.0.1:50274]' for 'POST' to 'http://localhost:50274/session/b59783c6c1bd9110094f1daca3db1e20/element'
11:02:49.058 [Forwarding findElement on session b59783c6c1bd9110094f1daca3db1e20 to remote] DEBUG o.a.netty.request.NettyRequestSender - Using open Channel [id: 0xf29a61a8, L:/127.0.0.1:64454 - R:localhost/127.0.0.1:50274] for POST '/session/b59783c6c1bd9110094f1daca3db1e20/element'
11:02:49.066 [AsyncHttpClient-1-5] DEBUG o.a.netty.handler.HttpHandler - 

Request DefaultHttpRequest(decodeResult: success, version: HTTP/1.1)
POST /session/b59783c6c1bd9110094f1daca3db1e20/element HTTP/1.1
User-Agent: selenium/4.1.2 (java windows)
Content-Length: 125
Content-Type: application/json; charset=utf-8
host: localhost:50274
accept: */*

Response DefaultHttpResponse(decodeResult: success, version: HTTP/1.1)
HTTP/1.1 200 OK
Content-Type: application/json; charset=utf-8
cache-control: no-cache
content-length: 88

11:02:49.066 [AsyncHttpClient-1-5] DEBUG o.a.netty.channel.ChannelManager - Adding key: http://localhost:50274 for channel [id: 0xf29a61a8, L:/127.0.0.1:64454 - R:localhost/127.0.0.1:50274]
11:02:49.069 [Forwarding isElementDisplayed on session b59783c6c1bd9110094f1daca3db1e20 to remote] DEBUG o.a.netty.request.NettyRequestSender - Using pooled Channel '[id: 0xf29a61a8, L:/127.0.0.1:64454 - R:localhost/127.0.0.1:50274]' for 'POST' to 'http://localhost:50274/session/b59783c6c1bd9110094f1daca3db1e20/execute/sync'
11:02:49.069 [Forwarding isElementDisplayed on session b59783c6c1bd9110094f1daca3db1e20 to remote] DEBUG o.a.netty.request.NettyRequestSender - Using open Channel [id: 0xf29a61a8, L:/127.0.0.1:64454 - R:localhost/127.0.0.1:50274] for POST '/session/b59783c6c1bd9110094f1daca3db1e20/execute/sync'
11:02:49.075 [AsyncHttpClient-1-5] DEBUG o.a.netty.handler.HttpHandler - 

Request DefaultHttpRequest(decodeResult: success, version: HTTP/1.1)
POST /session/b59783c6c1bd9110094f1daca3db1e20/execute/sync HTTP/1.1
User-Agent: selenium/4.1.2 (java windows)
Content-Length: 48780
Content-Type: application/json; charset=utf-8
host: localhost:50274
accept: */*

Response DefaultHttpResponse(decodeResult: success, version: HTTP/1.1)
HTTP/1.1 200 OK
Content-Type: application/json; charset=utf-8
cache-control: no-cache
content-length: 14

11:02:49.075 [AsyncHttpClient-1-5] DEBUG o.a.netty.channel.ChannelManager - Adding key: http://localhost:50274 for channel [id: 0xf29a61a8, L:/127.0.0.1:64454 - R:localhost/127.0.0.1:50274]
11:02:49.077 [Forwarding findElement on session b59783c6c1bd9110094f1daca3db1e20 to remote] DEBUG o.a.netty.request.NettyRequestSender - Using pooled Channel '[id: 0xf29a61a8, L:/127.0.0.1:64454 - R:localhost/127.0.0.1:50274]' for 'POST' to 'http://localhost:50274/session/b59783c6c1bd9110094f1daca3db1e20/element'
11:02:49.077 [Forwarding findElement on session b59783c6c1bd9110094f1daca3db1e20 to remote] DEBUG o.a.netty.request.NettyRequestSender - Using open Channel [id: 0xf29a61a8, L:/127.0.0.1:64454 - R:localhost/127.0.0.1:50274] for POST '/session/b59783c6c1bd9110094f1daca3db1e20/element'
11:02:49.081 [AsyncHttpClient-1-5] DEBUG o.a.netty.handler.HttpHandler - 

Request DefaultHttpRequest(decodeResult: success, version: HTTP/1.1)
POST /session/b59783c6c1bd9110094f1daca3db1e20/element HTTP/1.1
User-Agent: selenium/4.1.2 (java windows)
Content-Length: 125
Content-Type: application/json; charset=utf-8
host: localhost:50274
accept: */*

Response DefaultHttpResponse(decodeResult: success, version: HTTP/1.1)
HTTP/1.1 200 OK
Content-Type: application/json; charset=utf-8
cache-control: no-cache
content-length: 88

11:02:49.081 [AsyncHttpClient-1-5] DEBUG o.a.netty.channel.ChannelManager - Adding key: http://localhost:50274 for channel [id: 0xf29a61a8, L:/127.0.0.1:64454 - R:localhost/127.0.0.1:50274]
11:02:49.084 [Forwarding isElementDisplayed on session b59783c6c1bd9110094f1daca3db1e20 to remote] DEBUG o.a.netty.request.NettyRequestSender - Using pooled Channel '[id: 0xf29a61a8, L:/127.0.0.1:64454 - R:localhost/127.0.0.1:50274]' for 'POST' to 'http://localhost:50274/session/b59783c6c1bd9110094f1daca3db1e20/execute/sync'
11:02:49.084 [Forwarding isElementDisplayed on session b59783c6c1bd9110094f1daca3db1e20 to remote] DEBUG o.a.netty.request.NettyRequestSender - Using open Channel [id: 0xf29a61a8, L:/127.0.0.1:64454 - R:localhost/127.0.0.1:50274] for POST '/session/b59783c6c1bd9110094f1daca3db1e20/execute/sync'
11:02:49.090 [AsyncHttpClient-1-5] DEBUG o.a.netty.handler.HttpHandler - 

Request DefaultHttpRequest(decodeResult: success, version: HTTP/1.1)
POST /session/b59783c6c1bd9110094f1daca3db1e20/execute/sync HTTP/1.1
User-Agent: selenium/4.1.2 (java windows)
Content-Length: 48780
Content-Type: application/json; charset=utf-8
host: localhost:50274
accept: */*

Response DefaultHttpResponse(decodeResult: success, version: HTTP/1.1)
HTTP/1.1 200 OK
Content-Type: application/json; charset=utf-8
cache-control: no-cache
content-length: 14

11:02:49.090 [AsyncHttpClient-1-5] DEBUG o.a.netty.channel.ChannelManager - Adding key: http://localhost:50274 for channel [id: 0xf29a61a8, L:/127.0.0.1:64454 - R:localhost/127.0.0.1:50274]
11:02:49.090 [Forwarding findElement on session b59783c6c1bd9110094f1daca3db1e20 to remote] DEBUG o.a.netty.request.NettyRequestSender - Using pooled Channel '[id: 0xf29a61a8, L:/127.0.0.1:64454 - R:localhost/127.0.0.1:50274]' for 'POST' to 'http://localhost:50274/session/b59783c6c1bd9110094f1daca3db1e20/element'
11:02:49.090 [Forwarding findElement on session b59783c6c1bd9110094f1daca3db1e20 to remote] DEBUG o.a.netty.request.NettyRequestSender - Using open Channel [id: 0xf29a61a8, L:/127.0.0.1:64454 - R:localhost/127.0.0.1:50274] for POST '/session/b59783c6c1bd9110094f1daca3db1e20/element'
11:02:49.095 [AsyncHttpClient-1-5] DEBUG o.a.netty.handler.HttpHandler - 

Request DefaultHttpRequest(decodeResult: success, version: HTTP/1.1)
POST /session/b59783c6c1bd9110094f1daca3db1e20/element HTTP/1.1
User-Agent: selenium/4.1.2 (java windows)
Content-Length: 125
Content-Type: application/json; charset=utf-8
host: localhost:50274
accept: */*

Response DefaultHttpResponse(decodeResult: success, version: HTTP/1.1)
HTTP/1.1 200 OK
Content-Type: application/json; charset=utf-8
cache-control: no-cache
content-length: 88

11:02:49.095 [AsyncHttpClient-1-5] DEBUG o.a.netty.channel.ChannelManager - Adding key: http://localhost:50274 for channel [id: 0xf29a61a8, L:/127.0.0.1:64454 - R:localhost/127.0.0.1:50274]
11:02:49.096 [Forwarding isElementEnabled on session b59783c6c1bd9110094f1daca3db1e20 to remote] DEBUG o.a.netty.request.NettyRequestSender - Using pooled Channel '[id: 0xf29a61a8, L:/127.0.0.1:64454 - R:localhost/127.0.0.1:50274]' for 'GET' to 'http://localhost:50274/session/b59783c6c1bd9110094f1daca3db1e20/element/70fcf703-8fd0-4542-b611-ba6f9286c606/enabled'
11:02:49.096 [Forwarding isElementEnabled on session b59783c6c1bd9110094f1daca3db1e20 to remote] DEBUG o.a.netty.request.NettyRequestSender - Using open Channel [id: 0xf29a61a8, L:/127.0.0.1:64454 - R:localhost/127.0.0.1:50274] for GET '/session/b59783c6c1bd9110094f1daca3db1e20/element/70fcf703-8fd0-4542-b611-ba6f9286c606/enabled'
11:02:49.101 [AsyncHttpClient-1-5] DEBUG o.a.netty.handler.HttpHandler - 

Request DefaultFullHttpRequest(decodeResult: success, version: HTTP/1.1, content: EmptyByteBufBE)
GET /session/b59783c6c1bd9110094f1daca3db1e20/element/70fcf703-8fd0-4542-b611-ba6f9286c606/enabled HTTP/1.1
User-Agent: selenium/4.1.2 (java windows)
Cache-Control: no-cache
Content-Type: application/json; charset=utf-8
host: localhost:50274
accept: */*

Response DefaultHttpResponse(decodeResult: success, version: HTTP/1.1)
HTTP/1.1 200 OK
Content-Type: application/json; charset=utf-8
cache-control: no-cache
content-length: 14

11:02:49.101 [AsyncHttpClient-1-5] DEBUG o.a.netty.channel.ChannelManager - Adding key: http://localhost:50274 for channel [id: 0xf29a61a8, L:/127.0.0.1:64454 - R:localhost/127.0.0.1:50274]
  &amp#27;[32mAnd &amp#27;[0m&amp#27;[32muser verify the Login Page Elements is Visible&amp#27;[0m                                                   &amp#27;[90m# stepdefinitions.LoginPageSteps.user_verify_the_login_page_elements_is_visible()&amp#27;[0m
11:02:49.356 [AsyncHttpClient-1-1] DEBUG o.a.netty.channel.DefaultChannelPool - Entry count for : http://localhost:50274 : 1
11:02:49.356 [AsyncHttpClient-1-1] DEBUG o.a.netty.channel.DefaultChannelPool - Entry count for : http://localhost:64455 : 1
11:02:50.453 [AsyncHttpClient-1-1] DEBUG o.a.netty.channel.DefaultChannelPool - Entry count for : http://localhost:50274 : 1
11:02:50.453 [AsyncHttpClient-1-1] DEBUG o.a.netty.channel.DefaultChannelPool - Entry count for : http://localhost:64455 : 1
11:02:51.107 [main] DEBUG com.pages.LoginPage - enterUserCredentails: username = 'invalidUser' | password = 'InvalidPassword' 
11:02:51.107 [Forwarding findElement on session b59783c6c1bd9110094f1daca3db1e20 to remote] DEBUG o.a.netty.request.NettyRequestSender - Using pooled Channel '[id: 0xf29a61a8, L:/127.0.0.1:64454 - R:localhost/127.0.0.1:50274]' for 'POST' to 'http://localhost:50274/session/b59783c6c1bd9110094f1daca3db1e20/element'
11:02:51.107 [Forwarding findElement on session b59783c6c1bd9110094f1daca3db1e20 to remote] DEBUG o.a.netty.request.NettyRequestSender - Using open Channel [id: 0xf29a61a8, L:/127.0.0.1:64454 - R:localhost/127.0.0.1:50274] for POST '/session/b59783c6c1bd9110094f1daca3db1e20/element'
11:02:51.111 [AsyncHttpClient-1-5] DEBUG o.a.netty.handler.HttpHandler - 

Request DefaultHttpRequest(decodeResult: success, version: HTTP/1.1)
POST /session/b59783c6c1bd9110094f1daca3db1e20/element HTTP/1.1
User-Agent: selenium/4.1.2 (java windows)
Content-Length: 128
Content-Type: application/json; charset=utf-8
host: localhost:50274
accept: */*

Response DefaultHttpResponse(decodeResult: success, version: HTTP/1.1)
HTTP/1.1 200 OK
Content-Type: application/json; charset=utf-8
cache-control: no-cache
content-length: 88

11:02:51.111 [AsyncHttpClient-1-5] DEBUG o.a.netty.channel.ChannelManager - Adding key: http://localhost:50274 for channel [id: 0xf29a61a8, L:/127.0.0.1:64454 - R:localhost/127.0.0.1:50274]
11:02:51.112 [Forwarding sendKeysToElement on session b59783c6c1bd9110094f1daca3db1e20 to remote] DEBUG o.a.netty.request.NettyRequestSender - Using pooled Channel '[id: 0xf29a61a8, L:/127.0.0.1:64454 - R:localhost/127.0.0.1:50274]' for 'POST' to 'http://localhost:50274/session/b59783c6c1bd9110094f1daca3db1e20/element/350cbee4-b5e0-4a68-8ea5-89a922391473/value'
11:02:51.112 [Forwarding sendKeysToElement on session b59783c6c1bd9110094f1daca3db1e20 to remote] DEBUG o.a.netty.request.NettyRequestSender - Using open Channel [id: 0xf29a61a8, L:/127.0.0.1:64454 - R:localhost/127.0.0.1:50274] for POST '/session/b59783c6c1bd9110094f1daca3db1e20/element/350cbee4-b5e0-4a68-8ea5-89a922391473/value'
11:02:51.131 [AsyncHttpClient-1-5] DEBUG o.a.netty.handler.HttpHandler - 

Request DefaultHttpRequest(decodeResult: success, version: HTTP/1.1)
POST /session/b59783c6c1bd9110094f1daca3db1e20/element/350cbee4-b5e0-4a68-8ea5-89a922391473/value HTTP/1.1
User-Agent: selenium/4.1.2 (java windows)
Content-Length: 191
Content-Type: application/json; charset=utf-8
host: localhost:50274
accept: */*

Response DefaultHttpResponse(decodeResult: success, version: HTTP/1.1)
HTTP/1.1 200 OK
Content-Type: application/json; charset=utf-8
cache-control: no-cache
content-length: 14

11:02:51.131 [AsyncHttpClient-1-5] DEBUG o.a.netty.channel.ChannelManager - Adding key: http://localhost:50274 for channel [id: 0xf29a61a8, L:/127.0.0.1:64454 - R:localhost/127.0.0.1:50274]
11:02:51.132 [Forwarding findElement on session b59783c6c1bd9110094f1daca3db1e20 to remote] DEBUG o.a.netty.request.NettyRequestSender - Using pooled Channel '[id: 0xf29a61a8, L:/127.0.0.1:64454 - R:localhost/127.0.0.1:50274]' for 'POST' to 'http://localhost:50274/session/b59783c6c1bd9110094f1daca3db1e20/element'
11:02:51.132 [Forwarding findElement on session b59783c6c1bd9110094f1daca3db1e20 to remote] DEBUG o.a.netty.request.NettyRequestSender - Using open Channel [id: 0xf29a61a8, L:/127.0.0.1:64454 - R:localhost/127.0.0.1:50274] for POST '/session/b59783c6c1bd9110094f1daca3db1e20/element'
11:02:51.136 [AsyncHttpClient-1-5] DEBUG o.a.netty.handler.HttpHandler - 

Request DefaultHttpRequest(decodeResult: success, version: HTTP/1.1)
POST /session/b59783c6c1bd9110094f1daca3db1e20/element HTTP/1.1
User-Agent: selenium/4.1.2 (java windows)
Content-Length: 132
Content-Type: application/json; charset=utf-8
host: localhost:50274
accept: */*

Response DefaultHttpResponse(decodeResult: success, version: HTTP/1.1)
HTTP/1.1 200 OK
Content-Type: application/json; charset=utf-8
cache-control: no-cache
content-length: 88

11:02:51.136 [AsyncHttpClient-1-5] DEBUG o.a.netty.channel.ChannelManager - Adding key: http://localhost:50274 for channel [id: 0xf29a61a8, L:/127.0.0.1:64454 - R:localhost/127.0.0.1:50274]
11:02:51.137 [Forwarding sendKeysToElement on session b59783c6c1bd9110094f1daca3db1e20 to remote] DEBUG o.a.netty.request.NettyRequestSender - Using pooled Channel '[id: 0xf29a61a8, L:/127.0.0.1:64454 - R:localhost/127.0.0.1:50274]' for 'POST' to 'http://localhost:50274/session/b59783c6c1bd9110094f1daca3db1e20/element/80c9a988-3124-4182-9aef-face06f3dcb5/value'
11:02:51.137 [Forwarding sendKeysToElement on session b59783c6c1bd9110094f1daca3db1e20 to remote] DEBUG o.a.netty.request.NettyRequestSender - Using open Channel [id: 0xf29a61a8, L:/127.0.0.1:64454 - R:localhost/127.0.0.1:50274] for POST '/session/b59783c6c1bd9110094f1daca3db1e20/element/80c9a988-3124-4182-9aef-face06f3dcb5/value'
11:02:51.165 [AsyncHttpClient-1-5] DEBUG o.a.netty.handler.HttpHandler - 

Request DefaultHttpRequest(decodeResult: success, version: HTTP/1.1)
POST /session/b59783c6c1bd9110094f1daca3db1e20/element/80c9a988-3124-4182-9aef-face06f3dcb5/value HTTP/1.1
User-Agent: selenium/4.1.2 (java windows)
Content-Length: 231
Content-Type: application/json; charset=utf-8
host: localhost:50274
accept: */*

Response DefaultHttpResponse(decodeResult: success, version: HTTP/1.1)
HTTP/1.1 200 OK
Content-Type: application/json; charset=utf-8
cache-control: no-cache
content-length: 14

11:02:51.165 [AsyncHttpClient-1-5] DEBUG o.a.netty.channel.ChannelManager - Adding key: http://localhost:50274 for channel [id: 0xf29a61a8, L:/127.0.0.1:64454 - R:localhost/127.0.0.1:50274]
11:02:51.166 [Forwarding findElement on session b59783c6c1bd9110094f1daca3db1e20 to remote] DEBUG o.a.netty.request.NettyRequestSender - Using pooled Channel '[id: 0xf29a61a8, L:/127.0.0.1:64454 - R:localhost/127.0.0.1:50274]' for 'POST' to 'http://localhost:50274/session/b59783c6c1bd9110094f1daca3db1e20/element'
11:02:51.166 [Forwarding findElement on session b59783c6c1bd9110094f1daca3db1e20 to remote] DEBUG o.a.netty.request.NettyRequestSender - Using open Channel [id: 0xf29a61a8, L:/127.0.0.1:64454 - R:localhost/127.0.0.1:50274] for POST '/session/b59783c6c1bd9110094f1daca3db1e20/element'
11:02:51.171 [AsyncHttpClient-1-5] DEBUG o.a.netty.handler.HttpHandler - 

Request DefaultHttpRequest(decodeResult: success, version: HTTP/1.1)
POST /session/b59783c6c1bd9110094f1daca3db1e20/element HTTP/1.1
User-Agent: selenium/4.1.2 (java windows)
Content-Length: 125
Content-Type: application/json; charset=utf-8
host: localhost:50274
accept: */*

Response DefaultHttpResponse(decodeResult: success, version: HTTP/1.1)
HTTP/1.1 200 OK
Content-Type: application/json; charset=utf-8
cache-control: no-cache
content-length: 88

11:02:51.171 [AsyncHttpClient-1-5] DEBUG o.a.netty.channel.ChannelManager - Adding key: http://localhost:50274 for channel [id: 0xf29a61a8, L:/127.0.0.1:64454 - R:localhost/127.0.0.1:50274]
11:02:51.172 [Forwarding clickElement on session b59783c6c1bd9110094f1daca3db1e20 to remote] DEBUG o.a.netty.request.NettyRequestSender - Using pooled Channel '[id: 0xf29a61a8, L:/127.0.0.1:64454 - R:localhost/127.0.0.1:50274]' for 'POST' to 'http://localhost:50274/session/b59783c6c1bd9110094f1daca3db1e20/element/70fcf703-8fd0-4542-b611-ba6f9286c606/click'
11:02:51.172 [Forwarding clickElement on session b59783c6c1bd9110094f1daca3db1e20 to remote] DEBUG o.a.netty.request.NettyRequestSender - Using open Channel [id: 0xf29a61a8, L:/127.0.0.1:64454 - R:localhost/127.0.0.1:50274] for POST '/session/b59783c6c1bd9110094f1daca3db1e20/element/70fcf703-8fd0-4542-b611-ba6f9286c606/click'
11:02:51.223 [AsyncHttpClient-1-5] DEBUG o.a.netty.handler.HttpHandler - 

Request DefaultHttpRequest(decodeResult: success, version: HTTP/1.1)
POST /session/b59783c6c1bd9110094f1daca3db1e20/element/70fcf703-8fd0-4542-b611-ba6f9286c606/click HTTP/1.1
User-Agent: selenium/4.1.2 (java windows)
Content-Length: 50
Content-Type: application/json; charset=utf-8
host: localhost:50274
accept: */*

Response DefaultHttpResponse(decodeResult: success, version: HTTP/1.1)
HTTP/1.1 200 OK
Content-Type: application/json; charset=utf-8
cache-control: no-cache
content-length: 14

11:02:51.223 [AsyncHttpClient-1-5] DEBUG o.a.netty.channel.ChannelManager - Adding key: http://localhost:50274 for channel [id: 0xf29a61a8, L:/127.0.0.1:64454 - R:localhost/127.0.0.1:50274]
11:02:51.224 [main] DEBUG com.pages.LoginPage - verifyErrorMessage: 'The information you entered was not recognized.' 
11:02:51.224 [Forwarding findElement on session b59783c6c1bd9110094f1daca3db1e20 to remote] DEBUG o.a.netty.request.NettyRequestSender - Using pooled Channel '[id: 0xf29a61a8, L:/127.0.0.1:64454 - R:localhost/127.0.0.1:50274]' for 'POST' to 'http://localhost:50274/session/b59783c6c1bd9110094f1daca3db1e20/element'
11:02:51.224 [Forwarding findElement on session b59783c6c1bd9110094f1daca3db1e20 to remote] DEBUG o.a.netty.request.NettyRequestSender - Using open Channel [id: 0xf29a61a8, L:/127.0.0.1:64454 - R:localhost/127.0.0.1:50274] for POST '/session/b59783c6c1bd9110094f1daca3db1e20/element'
11:02:51.231 [AsyncHttpClient-1-5] DEBUG o.a.netty.handler.HttpHandler - 

Request DefaultHttpRequest(decodeResult: success, version: HTTP/1.1)
POST /session/b59783c6c1bd9110094f1daca3db1e20/element HTTP/1.1
User-Agent: selenium/4.1.2 (java windows)
Content-Length: 75
Content-Type: application/json; charset=utf-8
host: localhost:50274
accept: */*

Response DefaultHttpResponse(decodeResult: success, version: HTTP/1.1)
HTTP/1.1 200 OK
Content-Type: application/json; charset=utf-8
cache-control: no-cache
content-length: 88

11:02:51.231 [AsyncHttpClient-1-5] DEBUG o.a.netty.channel.ChannelManager - Adding key: http://localhost:50274 for channel [id: 0xf29a61a8, L:/127.0.0.1:64454 - R:localhost/127.0.0.1:50274]
11:02:51.234 [Forwarding isElementDisplayed on session b59783c6c1bd9110094f1daca3db1e20 to remote] DEBUG o.a.netty.request.NettyRequestSender - Using pooled Channel '[id: 0xf29a61a8, L:/127.0.0.1:64454 - R:localhost/127.0.0.1:50274]' for 'POST' to 'http://localhost:50274/session/b59783c6c1bd9110094f1daca3db1e20/execute/sync'
11:02:51.234 [Forwarding isElementDisplayed on session b59783c6c1bd9110094f1daca3db1e20 to remote] DEBUG o.a.netty.request.NettyRequestSender - Using open Channel [id: 0xf29a61a8, L:/127.0.0.1:64454 - R:localhost/127.0.0.1:50274] for POST '/session/b59783c6c1bd9110094f1daca3db1e20/execute/sync'
11:02:51.244 [AsyncHttpClient-1-5] DEBUG o.a.netty.handler.HttpHandler - 

Request DefaultHttpRequest(decodeResult: success, version: HTTP/1.1)
POST /session/b59783c6c1bd9110094f1daca3db1e20/execute/sync HTTP/1.1
User-Agent: selenium/4.1.2 (java windows)
Content-Length: 48780
Content-Type: application/json; charset=utf-8
host: localhost:50274
accept: */*

Response DefaultHttpResponse(decodeResult: success, version: HTTP/1.1)
HTTP/1.1 200 OK
Content-Type: application/json; charset=utf-8
cache-control: no-cache
content-length: 15

11:02:51.244 [AsyncHttpClient-1-5] DEBUG o.a.netty.channel.ChannelManager - Adding key: http://localhost:50274 for channel [id: 0xf29a61a8, L:/127.0.0.1:64454 - R:localhost/127.0.0.1:50274]
11:02:51.549 [AsyncHttpClient-1-1] DEBUG o.a.netty.channel.DefaultChannelPool - Entry count for : http://localhost:50274 : 1
11:02:51.549 [AsyncHttpClient-1-1] DEBUG o.a.netty.channel.DefaultChannelPool - Entry count for : http://localhost:64455 : 1
11:02:51.753 [Forwarding findElement on session b59783c6c1bd9110094f1daca3db1e20 to remote] DEBUG o.a.netty.request.NettyRequestSender - Using pooled Channel '[id: 0xf29a61a8, L:/127.0.0.1:64454 - R:localhost/127.0.0.1:50274]' for 'POST' to 'http://localhost:50274/session/b59783c6c1bd9110094f1daca3db1e20/element'
11:02:51.753 [Forwarding findElement on session b59783c6c1bd9110094f1daca3db1e20 to remote] DEBUG o.a.netty.request.NettyRequestSender - Using open Channel [id: 0xf29a61a8, L:/127.0.0.1:64454 - R:localhost/127.0.0.1:50274] for POST '/session/b59783c6c1bd9110094f1daca3db1e20/element'
11:02:51.757 [AsyncHttpClient-1-5] DEBUG o.a.netty.handler.HttpHandler - 

Request DefaultHttpRequest(decodeResult: success, version: HTTP/1.1)
POST /session/b59783c6c1bd9110094f1daca3db1e20/element HTTP/1.1
User-Agent: selenium/4.1.2 (java windows)
Content-Length: 75
Content-Type: application/json; charset=utf-8
host: localhost:50274
accept: */*

Response DefaultHttpResponse(decodeResult: success, version: HTTP/1.1)
HTTP/1.1 200 OK
Content-Type: application/json; charset=utf-8
cache-control: no-cache
content-length: 88

11:02:51.757 [AsyncHttpClient-1-5] DEBUG o.a.netty.channel.ChannelManager - Adding key: http://localhost:50274 for channel [id: 0xf29a61a8, L:/127.0.0.1:64454 - R:localhost/127.0.0.1:50274]
11:02:51.760 [Forwarding isElementDisplayed on session b59783c6c1bd9110094f1daca3db1e20 to remote] DEBUG o.a.netty.request.NettyRequestSender - Using pooled Channel '[id: 0xf29a61a8, L:/127.0.0.1:64454 - R:localhost/127.0.0.1:50274]' for 'POST' to 'http://localhost:50274/session/b59783c6c1bd9110094f1daca3db1e20/execute/sync'
11:02:51.760 [Forwarding isElementDisplayed on session b59783c6c1bd9110094f1daca3db1e20 to remote] DEBUG o.a.netty.request.NettyRequestSender - Using open Channel [id: 0xf29a61a8, L:/127.0.0.1:64454 - R:localhost/127.0.0.1:50274] for POST '/session/b59783c6c1bd9110094f1daca3db1e20/execute/sync'
11:02:51.765 [AsyncHttpClient-1-5] DEBUG o.a.netty.handler.HttpHandler - 

Request DefaultHttpRequest(decodeResult: success, version: HTTP/1.1)
POST /session/b59783c6c1bd9110094f1daca3db1e20/execute/sync HTTP/1.1
User-Agent: selenium/4.1.2 (java windows)
Content-Length: 48780
Content-Type: application/json; charset=utf-8
host: localhost:50274
accept: */*

Response DefaultHttpResponse(decodeResult: success, version: HTTP/1.1)
HTTP/1.1 200 OK
Content-Type: application/json; charset=utf-8
cache-control: no-cache
content-length: 14

11:02:51.765 [AsyncHttpClient-1-5] DEBUG o.a.netty.channel.ChannelManager - Adding key: http://localhost:50274 for channel [id: 0xf29a61a8, L:/127.0.0.1:64454 - R:localhost/127.0.0.1:50274]
11:02:51.766 [Forwarding getElementText on session b59783c6c1bd9110094f1daca3db1e20 to remote] DEBUG o.a.netty.request.NettyRequestSender - Using pooled Channel '[id: 0xf29a61a8, L:/127.0.0.1:64454 - R:localhost/127.0.0.1:50274]' for 'GET' to 'http://localhost:50274/session/b59783c6c1bd9110094f1daca3db1e20/element/f9c03f28-d492-4eb6-8ce5-3fc63f4b8643/text'
11:02:51.766 [Forwarding getElementText on session b59783c6c1bd9110094f1daca3db1e20 to remote] DEBUG o.a.netty.request.NettyRequestSender - Using open Channel [id: 0xf29a61a8, L:/127.0.0.1:64454 - R:localhost/127.0.0.1:50274] for GET '/session/b59783c6c1bd9110094f1daca3db1e20/element/f9c03f28-d492-4eb6-8ce5-3fc63f4b8643/text'
11:02:51.774 [AsyncHttpClient-1-5] DEBUG o.a.netty.handler.HttpHandler - 

Request DefaultFullHttpRequest(decodeResult: success, version: HTTP/1.1, content: EmptyByteBufBE)
GET /session/b59783c6c1bd9110094f1daca3db1e20/element/f9c03f28-d492-4eb6-8ce5-3fc63f4b8643/text HTTP/1.1
User-Agent: selenium/4.1.2 (java windows)
Cache-Control: no-cache
Content-Type: application/json; charset=utf-8
host: localhost:50274
accept: */*

Response DefaultHttpResponse(decodeResult: success, version: HTTP/1.1)
HTTP/1.1 200 OK
Content-Type: application/json; charset=utf-8
cache-control: no-cache
content-length: 59

11:02:51.774 [AsyncHttpClient-1-5] DEBUG o.a.netty.channel.ChannelManager - Adding key: http://localhost:50274 for channel [id: 0xf29a61a8, L:/127.0.0.1:64454 - R:localhost/127.0.0.1:50274]
11:02:52.646 [AsyncHttpClient-1-1] DEBUG o.a.netty.channel.DefaultChannelPool - Entry count for : http://localhost:50274 : 1
11:02:52.646 [AsyncHttpClient-1-1] DEBUG o.a.netty.channel.DefaultChannelPool - Entry count for : http://localhost:64455 : 1
11:02:53.755 [AsyncHttpClient-1-1] DEBUG o.a.netty.channel.DefaultChannelPool - Entry count for : http://localhost:50274 : 1
11:02:53.755 [AsyncHttpClient-1-1] DEBUG o.a.netty.channel.DefaultChannelPool - Entry count for : http://localhost:64455 : 1
  &amp#27;[32mWhen &amp#27;[0m&amp#27;[32muser login using invalid credentials with username &amp#27;[0m&amp#27;[32m&amp#27;[1m"invalidUser"&amp#27;[0m&amp#27;[32m and password &amp#27;[0m&amp#27;[32m&amp#27;[1m"InvalidPassword"&amp#27;[0m &amp#27;[90m# stepdefinitions.LoginPageSteps.user_login_using_invalid_credentials_with_username_and_password(java.lang.String,java.lang.String)&amp#27;[0m
11:02:53.788 [Forwarding getTitle on session b59783c6c1bd9110094f1daca3db1e20 to remote] DEBUG o.a.netty.request.NettyRequestSender - Using pooled Channel '[id: 0xf29a61a8, L:/127.0.0.1:64454 - R:localhost/127.0.0.1:50274]' for 'GET' to 'http://localhost:50274/session/b59783c6c1bd9110094f1daca3db1e20/title'
11:02:53.788 [Forwarding getTitle on session b59783c6c1bd9110094f1daca3db1e20 to remote] DEBUG o.a.netty.request.NettyRequestSender - Using open Channel [id: 0xf29a61a8, L:/127.0.0.1:64454 - R:localhost/127.0.0.1:50274] for GET '/session/b59783c6c1bd9110094f1daca3db1e20/title'
11:02:53.790 [AsyncHttpClient-1-5] DEBUG o.a.netty.handler.HttpHandler - 

Request DefaultFullHttpRequest(decodeResult: success, version: HTTP/1.1, content: EmptyByteBufBE)
GET /session/b59783c6c1bd9110094f1daca3db1e20/title HTTP/1.1
User-Agent: selenium/4.1.2 (java windows)
Cache-Control: no-cache
Content-Type: application/json; charset=utf-8
host: localhost:50274
accept: */*

Response DefaultHttpResponse(decodeResult: success, version: HTTP/1.1)
HTTP/1.1 200 OK
Content-Type: application/json; charset=utf-8
cache-control: no-cache
content-length: 22

11:02:53.791 [AsyncHttpClient-1-5] DEBUG o.a.netty.channel.ChannelManager - Adding key: http://localhost:50274 for channel [id: 0xf29a61a8, L:/127.0.0.1:64454 - R:localhost/127.0.0.1:50274]
11:02:53.791 [main] DEBUG com.pages.LoginPage - verifyApplication: 'Login Page' 
11:02:53.791 [Forwarding getTitle on session b59783c6c1bd9110094f1daca3db1e20 to remote] DEBUG o.a.netty.request.NettyRequestSender - Using pooled Channel '[id: 0xf29a61a8, L:/127.0.0.1:64454 - R:localhost/127.0.0.1:50274]' for 'GET' to 'http://localhost:50274/session/b59783c6c1bd9110094f1daca3db1e20/title'
11:02:53.791 [Forwarding getTitle on session b59783c6c1bd9110094f1daca3db1e20 to remote] DEBUG o.a.netty.request.NettyRequestSender - Using open Channel [id: 0xf29a61a8, L:/127.0.0.1:64454 - R:localhost/127.0.0.1:50274] for GET '/session/b59783c6c1bd9110094f1daca3db1e20/title'
11:02:53.793 [AsyncHttpClient-1-5] DEBUG o.a.netty.handler.HttpHandler - 

Request DefaultFullHttpRequest(decodeResult: success, version: HTTP/1.1, content: EmptyByteBufBE)
GET /session/b59783c6c1bd9110094f1daca3db1e20/title HTTP/1.1
User-Agent: selenium/4.1.2 (java windows)
Cache-Control: no-cache
Content-Type: application/json; charset=utf-8
host: localhost:50274
accept: */*

Response DefaultHttpResponse(decodeResult: success, version: HTTP/1.1)
HTTP/1.1 200 OK
Content-Type: application/json; charset=utf-8
cache-control: no-cache
content-length: 22

11:02:53.793 [AsyncHttpClient-1-5] DEBUG o.a.netty.channel.ChannelManager - Adding key: http://localhost:50274 for channel [id: 0xf29a61a8, L:/127.0.0.1:64454 - R:localhost/127.0.0.1:50274]
11:02:54.846 [AsyncHttpClient-1-1] DEBUG o.a.netty.channel.DefaultChannelPool - Entry count for : http://localhost:50274 : 1
11:02:54.846 [AsyncHttpClient-1-1] DEBUG o.a.netty.channel.DefaultChannelPool - Entry count for : http://localhost:64455 : 1
11:02:55.959 [AsyncHttpClient-1-1] DEBUG o.a.netty.channel.DefaultChannelPool - Entry count for : http://localhost:50274 : 1
11:02:55.959 [AsyncHttpClient-1-1] DEBUG o.a.netty.channel.DefaultChannelPool - Entry count for : http://localhost:64455 : 1
11:02:57.054 [AsyncHttpClient-1-1] DEBUG o.a.netty.channel.DefaultChannelPool - Entry count for : http://localhost:50274 : 1
11:02:57.054 [AsyncHttpClient-1-1] DEBUG o.a.netty.channel.DefaultChannelPool - Entry count for : http://localhost:64455 : 1
11:02:58.147 [AsyncHttpClient-1-1] DEBUG o.a.netty.channel.DefaultChannelPool - Entry count for : http://localhost:50274 : 1
11:02:58.147 [AsyncHttpClient-1-1] DEBUG o.a.netty.channel.DefaultChannelPool - Entry count for : http://localhost:64455 : 1
11:02:58.810 [main] DEBUG com.pages.LoginPage - verifyErrorMessage: 'The information you entered was not recognized.' 
11:02:58.810 [Forwarding findElement on session b59783c6c1bd9110094f1daca3db1e20 to remote] DEBUG o.a.netty.request.NettyRequestSender - Using pooled Channel '[id: 0xf29a61a8, L:/127.0.0.1:64454 - R:localhost/127.0.0.1:50274]' for 'POST' to 'http://localhost:50274/session/b59783c6c1bd9110094f1daca3db1e20/element'
11:02:58.810 [Forwarding findElement on session b59783c6c1bd9110094f1daca3db1e20 to remote] DEBUG o.a.netty.request.NettyRequestSender - Using open Channel [id: 0xf29a61a8, L:/127.0.0.1:64454 - R:localhost/127.0.0.1:50274] for POST '/session/b59783c6c1bd9110094f1daca3db1e20/element'
11:02:58.817 [AsyncHttpClient-1-5] DEBUG o.a.netty.handler.HttpHandler - 

Request DefaultHttpRequest(decodeResult: success, version: HTTP/1.1)
POST /session/b59783c6c1bd9110094f1daca3db1e20/element HTTP/1.1
User-Agent: selenium/4.1.2 (java windows)
Content-Length: 75
Content-Type: application/json; charset=utf-8
host: localhost:50274
accept: */*

Response DefaultHttpResponse(decodeResult: success, version: HTTP/1.1)
HTTP/1.1 200 OK
Content-Type: application/json; charset=utf-8
cache-control: no-cache
content-length: 88

11:02:58.817 [AsyncHttpClient-1-5] DEBUG o.a.netty.channel.ChannelManager - Adding key: http://localhost:50274 for channel [id: 0xf29a61a8, L:/127.0.0.1:64454 - R:localhost/127.0.0.1:50274]
11:02:58.819 [Forwarding isElementDisplayed on session b59783c6c1bd9110094f1daca3db1e20 to remote] DEBUG o.a.netty.request.NettyRequestSender - Using pooled Channel '[id: 0xf29a61a8, L:/127.0.0.1:64454 - R:localhost/127.0.0.1:50274]' for 'POST' to 'http://localhost:50274/session/b59783c6c1bd9110094f1daca3db1e20/execute/sync'
11:02:58.819 [Forwarding isElementDisplayed on session b59783c6c1bd9110094f1daca3db1e20 to remote] DEBUG o.a.netty.request.NettyRequestSender - Using open Channel [id: 0xf29a61a8, L:/127.0.0.1:64454 - R:localhost/127.0.0.1:50274] for POST '/session/b59783c6c1bd9110094f1daca3db1e20/execute/sync'
11:02:58.827 [AsyncHttpClient-1-5] DEBUG o.a.netty.handler.HttpHandler - 

Request DefaultHttpRequest(decodeResult: success, version: HTTP/1.1)
POST /session/b59783c6c1bd9110094f1daca3db1e20/execute/sync HTTP/1.1
User-Agent: selenium/4.1.2 (java windows)
Content-Length: 48780
Content-Type: application/json; charset=utf-8
host: localhost:50274
accept: */*

Response DefaultHttpResponse(decodeResult: success, version: HTTP/1.1)
HTTP/1.1 200 OK
Content-Type: application/json; charset=utf-8
cache-control: no-cache
content-length: 14

11:02:58.827 [AsyncHttpClient-1-5] DEBUG o.a.netty.channel.ChannelManager - Adding key: http://localhost:50274 for channel [id: 0xf29a61a8, L:/127.0.0.1:64454 - R:localhost/127.0.0.1:50274]
11:02:58.828 [Forwarding getElementText on session b59783c6c1bd9110094f1daca3db1e20 to remote] DEBUG o.a.netty.request.NettyRequestSender - Using pooled Channel '[id: 0xf29a61a8, L:/127.0.0.1:64454 - R:localhost/127.0.0.1:50274]' for 'GET' to 'http://localhost:50274/session/b59783c6c1bd9110094f1daca3db1e20/element/f9c03f28-d492-4eb6-8ce5-3fc63f4b8643/text'
11:02:58.828 [Forwarding getElementText on session b59783c6c1bd9110094f1daca3db1e20 to remote] DEBUG o.a.netty.request.NettyRequestSender - Using open Channel [id: 0xf29a61a8, L:/127.0.0.1:64454 - R:localhost/127.0.0.1:50274] for GET '/session/b59783c6c1bd9110094f1daca3db1e20/element/f9c03f28-d492-4eb6-8ce5-3fc63f4b8643/text'
11:02:58.835 [AsyncHttpClient-1-5] DEBUG o.a.netty.handler.HttpHandler - 

Request DefaultFullHttpRequest(decodeResult: success, version: HTTP/1.1, content: EmptyByteBufBE)
GET /session/b59783c6c1bd9110094f1daca3db1e20/element/f9c03f28-d492-4eb6-8ce5-3fc63f4b8643/text HTTP/1.1
User-Agent: selenium/4.1.2 (java windows)
Cache-Control: no-cache
Content-Type: application/json; charset=utf-8
host: localhost:50274
accept: */*

Response DefaultHttpResponse(decodeResult: success, version: HTTP/1.1)
HTTP/1.1 200 OK
Content-Type: application/json; charset=utf-8
cache-control: no-cache
content-length: 59

11:02:58.835 [AsyncHttpClient-1-5] DEBUG o.a.netty.channel.ChannelManager - Adding key: http://localhost:50274 for channel [id: 0xf29a61a8, L:/127.0.0.1:64454 - R:localhost/127.0.0.1:50274]
11:02:59.255 [AsyncHttpClient-1-1] DEBUG o.a.netty.channel.DefaultChannelPool - Entry count for : http://localhost:50274 : 1
11:02:59.255 [AsyncHttpClient-1-1] DEBUG o.a.netty.channel.DefaultChannelPool - Entry count for : http://localhost:64455 : 1
11:03:00.350 [AsyncHttpClient-1-1] DEBUG o.a.netty.channel.DefaultChannelPool - Entry count for : http://localhost:50274 : 1
11:03:00.350 [AsyncHttpClient-1-1] DEBUG o.a.netty.channel.DefaultChannelPool - Entry count for : http://localhost:64455 : 1
  &amp#27;[32mThen &amp#27;[0m&amp#27;[32muser should not proceed to Dashboard Page&amp#27;[0m                                                       &amp#27;[90m# stepdefinitions.LoginPageSteps.user_should_not_proceed_to_dashboard_page()&amp#27;[0m
11:03:00.840 [main] DEBUG stepdefinitions.LoginPageSteps - List of User: [{username=author@vrbank, password=pega123!, titlePage=Pega Dev Studio}]
author@vrbanke.get("username")
11:03:01.451 [AsyncHttpClient-1-1] DEBUG o.a.netty.channel.DefaultChannelPool - Entry count for : http://localhost:50274 : 1
11:03:01.451 [AsyncHttpClient-1-1] DEBUG o.a.netty.channel.DefaultChannelPool - Entry count for : http://localhost:64455 : 1
11:03:02.551 [AsyncHttpClient-1-1] DEBUG o.a.netty.channel.DefaultChannelPool - Entry count for : http://localhost:50274 : 1
11:03:02.551 [AsyncHttpClient-1-1] DEBUG o.a.netty.channel.DefaultChannelPool - Entry count for : http://localhost:64455 : 1
11:03:02.852 [main] DEBUG com.pages.LoginPage - enterUserCredentails: username = 'author@vrbank' | password = 'pega123!' 
11:03:02.852 [Forwarding findElement on session b59783c6c1bd9110094f1daca3db1e20 to remote] DEBUG o.a.netty.request.NettyRequestSender - Using pooled Channel '[id: 0xf29a61a8, L:/127.0.0.1:64454 - R:localhost/127.0.0.1:50274]' for 'POST' to 'http://localhost:50274/session/b59783c6c1bd9110094f1daca3db1e20/element'
11:03:02.852 [Forwarding findElement on session b59783c6c1bd9110094f1daca3db1e20 to remote] DEBUG o.a.netty.request.NettyRequestSender - Using open Channel [id: 0xf29a61a8, L:/127.0.0.1:64454 - R:localhost/127.0.0.1:50274] for POST '/session/b59783c6c1bd9110094f1daca3db1e20/element'
11:03:02.859 [AsyncHttpClient-1-5] DEBUG o.a.netty.handler.HttpHandler - 

Request DefaultHttpRequest(decodeResult: success, version: HTTP/1.1)
POST /session/b59783c6c1bd9110094f1daca3db1e20/element HTTP/1.1
User-Agent: selenium/4.1.2 (java windows)
Content-Length: 128
Content-Type: application/json; charset=utf-8
host: localhost:50274
accept: */*

Response DefaultHttpResponse(decodeResult: success, version: HTTP/1.1)
HTTP/1.1 200 OK
Content-Type: application/json; charset=utf-8
cache-control: no-cache
content-length: 88

11:03:02.859 [AsyncHttpClient-1-5] DEBUG o.a.netty.channel.ChannelManager - Adding key: http://localhost:50274 for channel [id: 0xf29a61a8, L:/127.0.0.1:64454 - R:localhost/127.0.0.1:50274]
11:03:02.860 [Forwarding sendKeysToElement on session b59783c6c1bd9110094f1daca3db1e20 to remote] DEBUG o.a.netty.request.NettyRequestSender - Using pooled Channel '[id: 0xf29a61a8, L:/127.0.0.1:64454 - R:localhost/127.0.0.1:50274]' for 'POST' to 'http://localhost:50274/session/b59783c6c1bd9110094f1daca3db1e20/element/07cdbae2-1381-43bd-af2f-17f3445d335b/value'
11:03:02.860 [Forwarding sendKeysToElement on session b59783c6c1bd9110094f1daca3db1e20 to remote] DEBUG o.a.netty.request.NettyRequestSender - Using open Channel [id: 0xf29a61a8, L:/127.0.0.1:64454 - R:localhost/127.0.0.1:50274] for POST '/session/b59783c6c1bd9110094f1daca3db1e20/element/07cdbae2-1381-43bd-af2f-17f3445d335b/value'
11:03:02.879 [AsyncHttpClient-1-5] DEBUG o.a.netty.handler.HttpHandler - 

Request DefaultHttpRequest(decodeResult: success, version: HTTP/1.1)
POST /session/b59783c6c1bd9110094f1daca3db1e20/element/07cdbae2-1381-43bd-af2f-17f3445d335b/value HTTP/1.1
User-Agent: selenium/4.1.2 (java windows)
Content-Length: 211
Content-Type: application/json; charset=utf-8
host: localhost:50274
accept: */*

Response DefaultHttpResponse(decodeResult: success, version: HTTP/1.1)
HTTP/1.1 200 OK
Content-Type: application/json; charset=utf-8
cache-control: no-cache
content-length: 14

11:03:02.879 [AsyncHttpClient-1-5] DEBUG o.a.netty.channel.ChannelManager - Adding key: http://localhost:50274 for channel [id: 0xf29a61a8, L:/127.0.0.1:64454 - R:localhost/127.0.0.1:50274]
11:03:02.880 [Forwarding findElement on session b59783c6c1bd9110094f1daca3db1e20 to remote] DEBUG o.a.netty.request.NettyRequestSender - Using pooled Channel '[id: 0xf29a61a8, L:/127.0.0.1:64454 - R:localhost/127.0.0.1:50274]' for 'POST' to 'http://localhost:50274/session/b59783c6c1bd9110094f1daca3db1e20/element'
11:03:02.880 [Forwarding findElement on session b59783c6c1bd9110094f1daca3db1e20 to remote] DEBUG o.a.netty.request.NettyRequestSender - Using open Channel [id: 0xf29a61a8, L:/127.0.0.1:64454 - R:localhost/127.0.0.1:50274] for POST '/session/b59783c6c1bd9110094f1daca3db1e20/element'
11:03:02.888 [AsyncHttpClient-1-5] DEBUG o.a.netty.handler.HttpHandler - 

Request DefaultHttpRequest(decodeResult: success, version: HTTP/1.1)
POST /session/b59783c6c1bd9110094f1daca3db1e20/element HTTP/1.1
User-Agent: selenium/4.1.2 (java windows)
Content-Length: 132
Content-Type: application/json; charset=utf-8
host: localhost:50274
accept: */*

Response DefaultHttpResponse(decodeResult: success, version: HTTP/1.1)
HTTP/1.1 200 OK
Content-Type: application/json; charset=utf-8
cache-control: no-cache
content-length: 88

11:03:02.888 [AsyncHttpClient-1-5] DEBUG o.a.netty.channel.ChannelManager - Adding key: http://localhost:50274 for channel [id: 0xf29a61a8, L:/127.0.0.1:64454 - R:localhost/127.0.0.1:50274]
11:03:02.889 [Forwarding sendKeysToElement on session b59783c6c1bd9110094f1daca3db1e20 to remote] DEBUG o.a.netty.request.NettyRequestSender - Using pooled Channel '[id: 0xf29a61a8, L:/127.0.0.1:64454 - R:localhost/127.0.0.1:50274]' for 'POST' to 'http://localhost:50274/session/b59783c6c1bd9110094f1daca3db1e20/element/fb72db1d-654e-4374-9381-1a805f76eea4/value'
11:03:02.889 [Forwarding sendKeysToElement on session b59783c6c1bd9110094f1daca3db1e20 to remote] DEBUG o.a.netty.request.NettyRequestSender - Using open Channel [id: 0xf29a61a8, L:/127.0.0.1:64454 - R:localhost/127.0.0.1:50274] for POST '/session/b59783c6c1bd9110094f1daca3db1e20/element/fb72db1d-654e-4374-9381-1a805f76eea4/value'
11:03:02.916 [AsyncHttpClient-1-5] DEBUG o.a.netty.handler.HttpHandler - 

Request DefaultHttpRequest(decodeResult: success, version: HTTP/1.1)
POST /session/b59783c6c1bd9110094f1daca3db1e20/element/fb72db1d-654e-4374-9381-1a805f76eea4/value HTTP/1.1
User-Agent: selenium/4.1.2 (java windows)
Content-Length: 161
Content-Type: application/json; charset=utf-8
host: localhost:50274
accept: */*

Response DefaultHttpResponse(decodeResult: success, version: HTTP/1.1)
HTTP/1.1 200 OK
Content-Type: application/json; charset=utf-8
cache-control: no-cache
content-length: 14

11:03:02.917 [AsyncHttpClient-1-5] DEBUG o.a.netty.channel.ChannelManager - Adding key: http://localhost:50274 for channel [id: 0xf29a61a8, L:/127.0.0.1:64454 - R:localhost/127.0.0.1:50274]
11:03:02.918 [Forwarding findElement on session b59783c6c1bd9110094f1daca3db1e20 to remote] DEBUG o.a.netty.request.NettyRequestSender - Using pooled Channel '[id: 0xf29a61a8, L:/127.0.0.1:64454 - R:localhost/127.0.0.1:50274]' for 'POST' to 'http://localhost:50274/session/b59783c6c1bd9110094f1daca3db1e20/element'
11:03:02.918 [Forwarding findElement on session b59783c6c1bd9110094f1daca3db1e20 to remote] DEBUG o.a.netty.request.NettyRequestSender - Using open Channel [id: 0xf29a61a8, L:/127.0.0.1:64454 - R:localhost/127.0.0.1:50274] for POST '/session/b59783c6c1bd9110094f1daca3db1e20/element'
11:03:02.924 [AsyncHttpClient-1-5] DEBUG o.a.netty.handler.HttpHandler - 

Request DefaultHttpRequest(decodeResult: success, version: HTTP/1.1)
POST /session/b59783c6c1bd9110094f1daca3db1e20/element HTTP/1.1
User-Agent: selenium/4.1.2 (java windows)
Content-Length: 125
Content-Type: application/json; charset=utf-8
host: localhost:50274
accept: */*

Response DefaultHttpResponse(decodeResult: success, version: HTTP/1.1)
HTTP/1.1 200 OK
Content-Type: application/json; charset=utf-8
cache-control: no-cache
content-length: 88

11:03:02.924 [AsyncHttpClient-1-5] DEBUG o.a.netty.channel.ChannelManager - Adding key: http://localhost:50274 for channel [id: 0xf29a61a8, L:/127.0.0.1:64454 - R:localhost/127.0.0.1:50274]
11:03:02.925 [Forwarding clickElement on session b59783c6c1bd9110094f1daca3db1e20 to remote] DEBUG o.a.netty.request.NettyRequestSender - Using pooled Channel '[id: 0xf29a61a8, L:/127.0.0.1:64454 - R:localhost/127.0.0.1:50274]' for 'POST' to 'http://localhost:50274/session/b59783c6c1bd9110094f1daca3db1e20/element/44b58908-cb90-46e5-8511-e210c31890ed/click'
11:03:02.925 [Forwarding clickElement on session b59783c6c1bd9110094f1daca3db1e20 to remote] DEBUG o.a.netty.request.NettyRequestSender - Using open Channel [id: 0xf29a61a8, L:/127.0.0.1:64454 - R:localhost/127.0.0.1:50274] for POST '/session/b59783c6c1bd9110094f1daca3db1e20/element/44b58908-cb90-46e5-8511-e210c31890ed/click'
11:03:03.659 [AsyncHttpClient-1-1] DEBUG o.a.netty.channel.DefaultChannelPool - Entry count for : http://localhost:64455 : 1
11:03:04.311 [AsyncHttpClient-1-5] DEBUG o.a.netty.handler.HttpHandler - 

Request DefaultHttpRequest(decodeResult: success, version: HTTP/1.1)
POST /session/b59783c6c1bd9110094f1daca3db1e20/element/44b58908-cb90-46e5-8511-e210c31890ed/click HTTP/1.1
User-Agent: selenium/4.1.2 (java windows)
Content-Length: 50
Content-Type: application/json; charset=utf-8
host: localhost:50274
accept: */*

Response DefaultHttpResponse(decodeResult: success, version: HTTP/1.1)
HTTP/1.1 200 OK
Content-Type: application/json; charset=utf-8
cache-control: no-cache
content-length: 14

11:03:04.312 [AsyncHttpClient-1-5] DEBUG o.a.netty.channel.ChannelManager - Adding key: http://localhost:50274 for channel [id: 0xf29a61a8, L:/127.0.0.1:64454 - R:localhost/127.0.0.1:50274]
  &amp#27;[32mWhen &amp#27;[0m&amp#27;[32muser login using valid credentials&amp#27;[0m                                                              &amp#27;[90m# stepdefinitions.LoginPageSteps.user_login_using_valid_credentials(io.cucumber.datatable.DataTable)&amp#27;[0m
    | username      | password | titlePage       |
    | author@vrbank | pega123! | Pega Dev Studio |
11:03:04.319 [Forwarding getTitle on session b59783c6c1bd9110094f1daca3db1e20 to remote] DEBUG o.a.netty.request.NettyRequestSender - Using pooled Channel '[id: 0xf29a61a8, L:/127.0.0.1:64454 - R:localhost/127.0.0.1:50274]' for 'GET' to 'http://localhost:50274/session/b59783c6c1bd9110094f1daca3db1e20/title'
11:03:04.319 [Forwarding getTitle on session b59783c6c1bd9110094f1daca3db1e20 to remote] DEBUG o.a.netty.request.NettyRequestSender - Using open Channel [id: 0xf29a61a8, L:/127.0.0.1:64454 - R:localhost/127.0.0.1:50274] for GET '/session/b59783c6c1bd9110094f1daca3db1e20/title'
11:03:04.364 [AsyncHttpClient-1-5] DEBUG o.a.netty.handler.HttpHandler - 

Request DefaultFullHttpRequest(decodeResult: success, version: HTTP/1.1, content: EmptyByteBufBE)
GET /session/b59783c6c1bd9110094f1daca3db1e20/title HTTP/1.1
User-Agent: selenium/4.1.2 (java windows)
Cache-Control: no-cache
Content-Type: application/json; charset=utf-8
host: localhost:50274
accept: */*

Response DefaultHttpResponse(decodeResult: success, version: HTTP/1.1)
HTTP/1.1 200 OK
Content-Type: application/json; charset=utf-8
cache-control: no-cache
content-length: 27

11:03:04.364 [AsyncHttpClient-1-5] DEBUG o.a.netty.channel.ChannelManager - Adding key: http://localhost:50274 for channel [id: 0xf29a61a8, L:/127.0.0.1:64454 - R:localhost/127.0.0.1:50274]
11:03:04.365 [main] DEBUG com.pages.LoginPage - verifyApplication: 'Pega Dev Studio' 
11:03:04.365 [Forwarding getTitle on session b59783c6c1bd9110094f1daca3db1e20 to remote] DEBUG o.a.netty.request.NettyRequestSender - Using pooled Channel '[id: 0xf29a61a8, L:/127.0.0.1:64454 - R:localhost/127.0.0.1:50274]' for 'GET' to 'http://localhost:50274/session/b59783c6c1bd9110094f1daca3db1e20/title'
11:03:04.365 [Forwarding getTitle on session b59783c6c1bd9110094f1daca3db1e20 to remote] DEBUG o.a.netty.request.NettyRequestSender - Using open Channel [id: 0xf29a61a8, L:/127.0.0.1:64454 - R:localhost/127.0.0.1:50274] for GET '/session/b59783c6c1bd9110094f1daca3db1e20/title'
11:03:04.368 [AsyncHttpClient-1-5] DEBUG o.a.netty.handler.HttpHandler - 

Request DefaultFullHttpRequest(decodeResult: success, version: HTTP/1.1, content: EmptyByteBufBE)
GET /session/b59783c6c1bd9110094f1daca3db1e20/title HTTP/1.1
User-Agent: selenium/4.1.2 (java windows)
Cache-Control: no-cache
Content-Type: application/json; charset=utf-8
host: localhost:50274
accept: */*

Response DefaultHttpResponse(decodeResult: success, version: HTTP/1.1)
HTTP/1.1 200 OK
Content-Type: application/json; charset=utf-8
cache-control: no-cache
content-length: 27

11:03:04.368 [AsyncHttpClient-1-5] DEBUG o.a.netty.channel.ChannelManager - Adding key: http://localhost:50274 for channel [id: 0xf29a61a8, L:/127.0.0.1:64454 - R:localhost/127.0.0.1:50274]
11:03:04.746 [AsyncHttpClient-1-1] DEBUG o.a.netty.channel.DefaultChannelPool - Entry count for : http://localhost:50274 : 1
11:03:04.746 [AsyncHttpClient-1-1] DEBUG o.a.netty.channel.DefaultChannelPool - Entry count for : http://localhost:64455 : 1
11:03:05.849 [AsyncHttpClient-1-1] DEBUG o.a.netty.channel.DefaultChannelPool - Entry count for : http://localhost:50274 : 1
11:03:05.849 [AsyncHttpClient-1-1] DEBUG o.a.netty.channel.DefaultChannelPool - Entry count for : http://localhost:64455 : 1
11:03:06.952 [AsyncHttpClient-1-1] DEBUG o.a.netty.channel.DefaultChannelPool - Entry count for : http://localhost:50274 : 1
11:03:06.952 [AsyncHttpClient-1-1] DEBUG o.a.netty.channel.DefaultChannelPool - Entry count for : http://localhost:64455 : 1
11:03:08.054 [AsyncHttpClient-1-1] DEBUG o.a.netty.channel.DefaultChannelPool - Entry count for : http://localhost:50274 : 1
11:03:08.054 [AsyncHttpClient-1-1] DEBUG o.a.netty.channel.DefaultChannelPool - Entry count for : http://localhost:64455 : 1
11:03:09.155 [AsyncHttpClient-1-1] DEBUG o.a.netty.channel.DefaultChannelPool - Entry count for : http://localhost:50274 : 1
11:03:09.155 [AsyncHttpClient-1-1] DEBUG o.a.netty.channel.DefaultChannelPool - Entry count for : http://localhost:64455 : 1
  &amp#27;[32mThen &amp#27;[0m&amp#27;[32muser should proceed to Dashboard Page&amp#27;[0m                                                           &amp#27;[90m# stepdefinitions.LoginPageSteps.user_should_proceed_to_dashboard_page()&amp#27;[0m
11:03:09.380 [main] DEBUG com.pages.drivers.DriversFactory - close the browser
11:03:09.381 [AsyncHttpClient-1-7] DEBUG o.a.netty.handler.WebSocketHandler - Channel Closed: [id: 0x64e47ebf, L:/127.0.0.1:64462 ! R:localhost/127.0.0.1:64455] with attribute NettyResponseFuture{currentRetry=5,
	isDone=1,
	isCancelled=0,
	asyncHandler=org.asynchttpclient.ws.WebSocketUpgradeHandler@5737491e,
	nettyRequest=org.asynchttpclient.netty.request.NettyRequest@1235dd9c,
	future=java.util.concurrent.CompletableFuture@36cd41e6[Completed normally],
	uri=ws://localhost:64455/devtools/browser/ac0c5cef-a272-47a7-83bd-925f54b3afdc,
	keepAlive=true,
	redirectCount=0,
	timeoutsHolder=null,
	inAuth=0,
	touch=1647831763706}
11:03:09.381 [AsyncHttpClient-1-7] DEBUG o.a.netty.channel.ChannelManager - Closing Channel [id: 0x64e47ebf, L:/127.0.0.1:64462 ! R:localhost/127.0.0.1:64455] 
11:03:09.381 [Driver Command Executor] DEBUG o.a.netty.request.NettyRequestSender - Using pooled Channel '[id: 0xf29a61a8, L:/127.0.0.1:64454 - R:localhost/127.0.0.1:50274]' for 'DELETE' to 'http://localhost:50274/session/b59783c6c1bd9110094f1daca3db1e20'
11:03:09.381 [Driver Command Executor] DEBUG o.a.netty.request.NettyRequestSender - Using open Channel [id: 0xf29a61a8, L:/127.0.0.1:64454 - R:localhost/127.0.0.1:50274] for DELETE '/session/b59783c6c1bd9110094f1daca3db1e20'
11:03:09.397 [AsyncHttpClient-1-6] DEBUG o.a.netty.handler.HttpHandler - Unexpected I/O exception on channel [id: 0x5828d2a7, L:/127.0.0.1:64461 - R:localhost/127.0.0.1:64455]
java.net.SocketException: Connection reset
	at java.base/sun.nio.ch.SocketChannelImpl.throwConnectionReset(SocketChannelImpl.java:367) ~[na:na]
	at java.base/sun.nio.ch.SocketChannelImpl.read(SocketChannelImpl.java:398) ~[na:na]
	at io.netty.buffer.PooledByteBuf.setBytes(PooledByteBuf.java:253) ~[netty-buffer-4.1.70.Final.jar:4.1.70.Final]
	at io.netty.buffer.AbstractByteBuf.writeBytes(AbstractByteBuf.java:1132) ~[netty-buffer-4.1.70.Final.jar:4.1.70.Final]
	at io.netty.channel.socket.nio.NioSocketChannel.doReadBytes(NioSocketChannel.java:350) ~[netty-transport-4.1.70.Final.jar:4.1.70.Final]
	at io.netty.channel.nio.AbstractNioByteChannel$NioByteUnsafe.read(AbstractNioByteChannel.java:151) ~[netty-transport-4.1.70.Final.jar:4.1.70.Final]
	at io.netty.channel.nio.NioEventLoop.processSelectedKey(NioEventLoop.java:719) ~[netty-transport-4.1.70.Final.jar:4.1.70.Final]
	at io.netty.channel.nio.NioEventLoop.processSelectedKeysOptimized(NioEventLoop.java:655) ~[netty-transport-4.1.70.Final.jar:4.1.70.Final]
	at io.netty.channel.nio.NioEventLoop.processSelectedKeys(NioEventLoop.java:581) ~[netty-transport-4.1.70.Final.jar:4.1.70.Final]
	at io.netty.channel.nio.NioEventLoop.run(NioEventLoop.java:493) ~[netty-transport-4.1.70.Final.jar:4.1.70.Final]
	at io.netty.util.concurrent.SingleThreadEventExecutor$4.run(SingleThreadEventExecutor.java:986) ~[netty-common-4.1.70.Final.jar:4.1.70.Final]
	at io.netty.util.internal.ThreadExecutorMap$2.run(ThreadExecutorMap.java:74) ~[netty-common-4.1.70.Final.jar:4.1.70.Final]
	at io.netty.util.concurrent.FastThreadLocalRunnable.run(FastThreadLocalRunnable.java:30) ~[netty-common-4.1.70.Final.jar:4.1.70.Final]
	at java.base/java.lang.Thread.run(Thread.java:832) ~[na:na]
11:03:09.397 [AsyncHttpClient-1-6] DEBUG o.a.netty.channel.ChannelManager - Closing Channel [id: 0x5828d2a7, L:/127.0.0.1:64461 - R:localhost/127.0.0.1:64455] 
11:03:09.398 [AsyncHttpClient-1-6] DEBUG o.a.netty.handler.HttpHandler - Channel Closed: [id: 0x5828d2a7, L:/127.0.0.1:64461 ! R:localhost/127.0.0.1:64455] with attribute DISCARD
11:03:09.406 [AsyncHttpClient-1-5] DEBUG o.a.netty.handler.HttpHandler - 

Request DefaultFullHttpRequest(decodeResult: success, version: HTTP/1.1, content: EmptyByteBufBE)
DELETE /session/b59783c6c1bd9110094f1daca3db1e20 HTTP/1.1
User-Agent: selenium/4.1.2 (java windows)
Content-Type: application/json; charset=utf-8
host: localhost:50274
accept: */*

Response DefaultHttpResponse(decodeResult: success, version: HTTP/1.1)
HTTP/1.1 200 OK
Content-Type: application/json; charset=utf-8
cache-control: no-cache
content-length: 14

11:03:09.406 [AsyncHttpClient-1-5] DEBUG o.a.netty.channel.ChannelManager - Adding key: http://localhost:50274 for channel [id: 0xf29a61a8, L:/127.0.0.1:64454 - R:localhost/127.0.0.1:50274]
11:03:09.445 [AsyncHttpClient-1-5] DEBUG o.a.netty.handler.HttpHandler - Channel Closed: [id: 0xf29a61a8, L:/127.0.0.1:64454 ! R:localhost/127.0.0.1:50274] with attribute DISCARD
11:03:09.973 [main] INFO   - 
  _____   ___   ___   _____     ___     _     ___   ___   ___   ___  
 |_   _| | __| / __| |_   _|   | _ \   /_\   / __| / __| | __| |   \ 
   | |   | _|  \__ \   | |     |  _/  / _ \  \__ \ \__ \ | _|  | |) |
   |_|   |___| |___/   |_|     |_|   /_/ \_\ |___/ |___/ |___| |___/ 

Login to PEGA Site using Author, Manager and User
----------------------------------------------------------------------
]]></system-out>
    <system-err><![CDATA[Starting ChromeDriver 99.0.4844.51 (d537ec02474b5afe23684e7963d538896c63ac77-refs/branch-heads/4844@{#875}) on port 50274
Only local connections are allowed.
Please see https://chromedriver.chromium.org/security-considerations for suggestions on keeping ChromeDriver safe.
ChromeDriver was started successfully.
Mar 21, 2022 11:02:43 AM org.openqa.selenium.remote.ProtocolHandshake createSession
INFO: Detected dialect: W3C
Mar 21, 2022 11:02:43 AM org.openqa.selenium.devtools.CdpVersionFinder findNearestMatch
WARNING: Unable to find an exact match for CDP version 99, so returning the closest version found: 96
Mar 21, 2022 11:02:43 AM org.openqa.selenium.devtools.CdpVersionFinder findNearestMatch
INFO: Found CDP implementation for version 99 of 96
]]></system-err>
  </testcase>
  <testcase name="Login to PEGA Site using User" classname="Validate And Verify Login Page to PEGA Site" time="27.875">
    <system-out><![CDATA[
@All @Regression
Scenario: Login to PEGA Site using User                                                                &amp#27;[90m# src/main/resources/AppFeatures/ValidateAndVerifyLoginPage.feature:31&amp#27;[0m
11:03:09.980 [main] INFO  i.c.core.plugin.SerenityReporter - Running feature from file:///Z:/Automation/JavaCucumber/BDD_HCL/CucumberHCL/src/main/resources/AppFeatures/ValidateAndVerifyLoginPage.feature
11:03:09.980 [main] WARN  i.c.core.plugin.SerenityReporter - Feature from file:///Z:/Automation/JavaCucumber/BDD_HCL/CucumberHCL/src/main/resources/AppFeatures/ValidateAndVerifyLoginPage.feature is not under the 'features' directory. Requirements report will not be correctly generated!
11:03:09.981 [main] INFO   - 
  _____   ___   ___   _____     ___   _____     _     ___   _____   ___   ___  
 |_   _| | __| / __| |_   _|   / __| |_   _|   /_\   | _ \ |_   _| | __| |   \ 
   | |   | _|  \__ \   | |     \__ \   | |    / _ \  |   /   | |   | _|  | |) |
   |_|   |___| |___/   |_|     |___/   |_|   /_/ \_\ |_|_\   |_|   |___| |___/ 

Login to PEGA Site using User(validate-and-verify-login-page-to-pega-site;login-to-pega-site-using-user)
--------------------------------------------------------------------------------
11:03:09.985 [main] DEBUG com.pages.drivers.DriversFactory - Set up Browser
11:03:09.985 [main] DEBUG com.pages.drivers.DriversFactory - Initialize Driver Browser Configuration
11:03:09.985 [main] DEBUG com.pages.drivers.DriversFactory -  Driver Browser : chrome
11:03:09.989 [main] DEBUG i.g.b.wdm.cache.ResolutionCache - Resolution chrome=99 in cache (valid until 11:36:40 21/03/2022 CST)
11:03:09.990 [main] DEBUG i.g.b.wdm.cache.ResolutionCache - Resolution chrome99=99.0.4844.51 in cache (valid until 09:15:22 22/03/2022 CST)
11:03:09.990 [main] INFO  i.g.bonigarcia.wdm.WebDriverManager - Using chromedriver 99.0.4844.51 (resolved driver for Chrome 99)
11:03:09.993 [main] DEBUG i.g.bonigarcia.wdm.WebDriverManager - Driver chromedriver 99.0.4844.51 found in cache
11:03:09.993 [main] INFO  i.g.bonigarcia.wdm.WebDriverManager - Exporting webdriver.chrome.driver as C:\Users\DheyClaveria\.cache\selenium\chromedriver\win32\99.0.4844.51\chromedriver.exe
11:03:10.256 [AsyncHttpClient-1-1] DEBUG o.a.netty.channel.DefaultChannelPool - Entry count for : http://localhost:50274 : 1
11:03:10.256 [AsyncHttpClient-1-1] DEBUG o.a.netty.channel.DefaultChannelPool - Entry count for : http://localhost:64455 : 1
11:03:10.256 [AsyncHttpClient-1-1] DEBUG o.a.netty.channel.DefaultChannelPool - Adding Candidate expired Channel [id: 0xf29a61a8, L:/127.0.0.1:64454 ! R:localhost/127.0.0.1:50274] isIdleTimeoutExpired=false isRemotelyClosed=true isTtlExpired=false
11:03:10.256 [AsyncHttpClient-1-1] DEBUG o.a.netty.channel.DefaultChannelPool - Closing Idle Channel [id: 0xf29a61a8, L:/127.0.0.1:64454 ! R:localhost/127.0.0.1:50274]
11:03:10.256 [AsyncHttpClient-1-1] DEBUG o.a.netty.channel.DefaultChannelPool - Adding Candidate expired Channel [id: 0x5828d2a7, L:/127.0.0.1:64461 ! R:localhost/127.0.0.1:64455] isIdleTimeoutExpired=false isRemotelyClosed=true isTtlExpired=false
11:03:10.256 [AsyncHttpClient-1-1] DEBUG o.a.netty.channel.DefaultChannelPool - Closing Idle Channel [id: 0x5828d2a7, L:/127.0.0.1:64461 ! R:localhost/127.0.0.1:64455]
11:03:10.256 [AsyncHttpClient-1-1] DEBUG o.a.netty.channel.DefaultChannelPool - Closed 2 connections out of 2 in 0 ms
11:03:10.526 [AsyncHttpClient-1-8] DEBUG o.a.n.channel.NettyConnectListener - Using new Channel '[id: 0x0126c4a0, L:/127.0.0.1:64520 - R:localhost/127.0.0.1:63809]' for 'POST' to '/session'
11:03:11.075 [AsyncHttpClient-1-8] DEBUG o.a.netty.handler.HttpHandler - 

Request DefaultHttpRequest(decodeResult: success, version: HTTP/1.1)
POST /session HTTP/1.1
User-Agent: selenium/4.1.2 (java windows)
Content-Length: 365
Content-Type: application/json; charset=utf-8
host: localhost:63809
accept: */*

Response DefaultHttpResponse(decodeResult: success, version: HTTP/1.1)
HTTP/1.1 200 OK
Content-Type: application/json; charset=utf-8
cache-control: no-cache
content-length: 795

11:03:11.075 [AsyncHttpClient-1-8] DEBUG o.a.netty.channel.ChannelManager - Adding key: http://localhost:63809 for channel [id: 0x0126c4a0, L:/127.0.0.1:64520 - R:localhost/127.0.0.1:63809]
11:03:11.080 [AsyncHttpClient-1-9] DEBUG o.a.n.channel.NettyConnectListener - Using new Channel '[id: 0x0adbfed9, L:/127.0.0.1:64527 - R:localhost/127.0.0.1:64521]' for 'GET' to '/json/version'
11:03:11.083 [AsyncHttpClient-1-9] DEBUG o.a.netty.handler.HttpHandler - 

Request DefaultFullHttpRequest(decodeResult: success, version: HTTP/1.1, content: EmptyByteBufBE)
GET /json/version HTTP/1.1
User-Agent: selenium/4.1.2 (java windows)
host: localhost:64521
accept: */*

Response DefaultHttpResponse(decodeResult: success, version: HTTP/1.1)
HTTP/1.1 200 OK
Content-Type: application/json; charset=UTF-8
content-length: 423

11:03:11.084 [AsyncHttpClient-1-9] DEBUG o.a.netty.channel.ChannelManager - Adding key: http://localhost:64521 for channel [id: 0x0adbfed9, L:/127.0.0.1:64527 - R:localhost/127.0.0.1:64521]
11:03:11.085 [AsyncHttpClient-1-10] DEBUG o.a.n.channel.NettyConnectListener - Using new Channel '[id: 0xf79b575d, L:/127.0.0.1:64528 - R:localhost/127.0.0.1:64521]' for 'GET' to '/devtools/browser/2396f85f-3b44-4a70-b1fe-3403934cf625'
11:03:11.088 [AsyncHttpClient-1-10] DEBUG o.a.netty.handler.WebSocketHandler - 

Request DefaultFullHttpRequest(decodeResult: success, version: HTTP/1.1, content: EmptyByteBufBE)
GET /devtools/browser/2396f85f-3b44-4a70-b1fe-3403934cf625 HTTP/1.1
upgrade: websocket
connection: upgrade
sec-websocket-key: t67cDR4b75DgK9L7Xi/fRA==
sec-websocket-version: 13
origin: http://localhost:64521
host: localhost:64521
accept: */*
user-agent: AHC/2.1

Response DefaultHttpResponse(decodeResult: success, version: HTTP/1.1)
HTTP/1.1 101 WebSocket Protocol Handshake
Upgrade: WebSocket
Connection: Upgrade
Sec-WebSocket-Accept: WS1SFeCeWtWOFOGM9QnZNTy+duk=

11:03:11.091 [Forwarding deleteAllCookies on session c3d7e61320b4c98726c14fb248c7548f to remote] DEBUG o.a.netty.request.NettyRequestSender - Using pooled Channel '[id: 0x0126c4a0, L:/127.0.0.1:64520 - R:localhost/127.0.0.1:63809]' for 'DELETE' to 'http://localhost:63809/session/c3d7e61320b4c98726c14fb248c7548f/cookie'
11:03:11.091 [Forwarding deleteAllCookies on session c3d7e61320b4c98726c14fb248c7548f to remote] DEBUG o.a.netty.request.NettyRequestSender - Using open Channel [id: 0x0126c4a0, L:/127.0.0.1:64520 - R:localhost/127.0.0.1:63809] for DELETE '/session/c3d7e61320b4c98726c14fb248c7548f/cookie'
11:03:11.095 [AsyncHttpClient-1-8] DEBUG o.a.netty.handler.HttpHandler - 

Request DefaultFullHttpRequest(decodeResult: success, version: HTTP/1.1, content: EmptyByteBufBE)
DELETE /session/c3d7e61320b4c98726c14fb248c7548f/cookie HTTP/1.1
User-Agent: selenium/4.1.2 (java windows)
Content-Type: application/json; charset=utf-8
host: localhost:63809
accept: */*

Response DefaultHttpResponse(decodeResult: success, version: HTTP/1.1)
HTTP/1.1 200 OK
Content-Type: application/json; charset=utf-8
cache-control: no-cache
content-length: 14

11:03:11.095 [AsyncHttpClient-1-8] DEBUG o.a.netty.channel.ChannelManager - Adding key: http://localhost:63809 for channel [id: 0x0126c4a0, L:/127.0.0.1:64520 - R:localhost/127.0.0.1:63809]
11:03:11.096 [Forwarding maximizeCurrentWindow on session c3d7e61320b4c98726c14fb248c7548f to remote] DEBUG o.a.netty.request.NettyRequestSender - Using pooled Channel '[id: 0x0126c4a0, L:/127.0.0.1:64520 - R:localhost/127.0.0.1:63809]' for 'POST' to 'http://localhost:63809/session/c3d7e61320b4c98726c14fb248c7548f/window/maximize'
11:03:11.096 [Forwarding maximizeCurrentWindow on session c3d7e61320b4c98726c14fb248c7548f to remote] DEBUG o.a.netty.request.NettyRequestSender - Using open Channel [id: 0x0126c4a0, L:/127.0.0.1:64520 - R:localhost/127.0.0.1:63809] for POST '/session/c3d7e61320b4c98726c14fb248c7548f/window/maximize'
11:03:11.211 [AsyncHttpClient-1-8] DEBUG o.a.netty.handler.HttpHandler - 

Request DefaultHttpRequest(decodeResult: success, version: HTTP/1.1)
POST /session/c3d7e61320b4c98726c14fb248c7548f/window/maximize HTTP/1.1
User-Agent: selenium/4.1.2 (java windows)
Content-Length: 3
Content-Type: application/json; charset=utf-8
host: localhost:63809
accept: */*

Response DefaultHttpResponse(decodeResult: success, version: HTTP/1.1)
HTTP/1.1 200 OK
Content-Type: application/json; charset=utf-8
cache-control: no-cache
content-length: 52

11:03:11.211 [AsyncHttpClient-1-8] DEBUG o.a.netty.channel.ChannelManager - Adding key: http://localhost:63809 for channel [id: 0x0126c4a0, L:/127.0.0.1:64520 - R:localhost/127.0.0.1:63809]
11:03:11.214 [Forwarding get on session c3d7e61320b4c98726c14fb248c7548f to remote] DEBUG o.a.netty.request.NettyRequestSender - Using pooled Channel '[id: 0x0126c4a0, L:/127.0.0.1:64520 - R:localhost/127.0.0.1:63809]' for 'POST' to 'http://localhost:63809/session/c3d7e61320b4c98726c14fb248c7548f/url'
11:03:11.214 [Forwarding get on session c3d7e61320b4c98726c14fb248c7548f to remote] DEBUG o.a.netty.request.NettyRequestSender - Using open Channel [id: 0x0126c4a0, L:/127.0.0.1:64520 - R:localhost/127.0.0.1:63809] for POST '/session/c3d7e61320b4c98726c14fb248c7548f/url'
11:03:11.312 [AsyncHttpClient-1-8] DEBUG o.a.netty.handler.HttpHandler - 

Request DefaultHttpRequest(decodeResult: success, version: HTTP/1.1)
POST /session/c3d7e61320b4c98726c14fb248c7548f/url HTTP/1.1
User-Agent: selenium/4.1.2 (java windows)
Content-Length: 148
Content-Type: application/json; charset=utf-8
host: localhost:63809
accept: */*

Response DefaultHttpResponse(decodeResult: success, version: HTTP/1.1)
HTTP/1.1 200 OK
Content-Type: application/json; charset=utf-8
cache-control: no-cache
content-length: 14

11:03:11.312 [AsyncHttpClient-1-8] DEBUG o.a.netty.channel.ChannelManager - Adding key: http://localhost:63809 for channel [id: 0x0126c4a0, L:/127.0.0.1:64520 - R:localhost/127.0.0.1:63809]
11:03:11.313 [Forwarding getTitle on session c3d7e61320b4c98726c14fb248c7548f to remote] DEBUG o.a.netty.request.NettyRequestSender - Using pooled Channel '[id: 0x0126c4a0, L:/127.0.0.1:64520 - R:localhost/127.0.0.1:63809]' for 'GET' to 'http://localhost:63809/session/c3d7e61320b4c98726c14fb248c7548f/title'
11:03:11.313 [Forwarding getTitle on session c3d7e61320b4c98726c14fb248c7548f to remote] DEBUG o.a.netty.request.NettyRequestSender - Using open Channel [id: 0x0126c4a0, L:/127.0.0.1:64520 - R:localhost/127.0.0.1:63809] for GET '/session/c3d7e61320b4c98726c14fb248c7548f/title'
11:03:11.316 [AsyncHttpClient-1-8] DEBUG o.a.netty.handler.HttpHandler - 

Request DefaultFullHttpRequest(decodeResult: success, version: HTTP/1.1, content: EmptyByteBufBE)
GET /session/c3d7e61320b4c98726c14fb248c7548f/title HTTP/1.1
User-Agent: selenium/4.1.2 (java windows)
Cache-Control: no-cache
Content-Type: application/json; charset=utf-8
host: localhost:63809
accept: */*

Response DefaultHttpResponse(decodeResult: success, version: HTTP/1.1)
HTTP/1.1 200 OK
Content-Type: application/json; charset=utf-8
cache-control: no-cache
content-length: 22

11:03:11.316 [AsyncHttpClient-1-8] DEBUG o.a.netty.channel.ChannelManager - Adding key: http://localhost:63809 for channel [id: 0x0126c4a0, L:/127.0.0.1:64520 - R:localhost/127.0.0.1:63809]
11:03:11.317 [main] DEBUG com.pages.LoginPage - verifyApplication: 'Login Page' 
11:03:11.317 [Forwarding getTitle on session c3d7e61320b4c98726c14fb248c7548f to remote] DEBUG o.a.netty.request.NettyRequestSender - Using pooled Channel '[id: 0x0126c4a0, L:/127.0.0.1:64520 - R:localhost/127.0.0.1:63809]' for 'GET' to 'http://localhost:63809/session/c3d7e61320b4c98726c14fb248c7548f/title'
11:03:11.317 [Forwarding getTitle on session c3d7e61320b4c98726c14fb248c7548f to remote] DEBUG o.a.netty.request.NettyRequestSender - Using open Channel [id: 0x0126c4a0, L:/127.0.0.1:64520 - R:localhost/127.0.0.1:63809] for GET '/session/c3d7e61320b4c98726c14fb248c7548f/title'
11:03:11.319 [AsyncHttpClient-1-8] DEBUG o.a.netty.handler.HttpHandler - 

Request DefaultFullHttpRequest(decodeResult: success, version: HTTP/1.1, content: EmptyByteBufBE)
GET /session/c3d7e61320b4c98726c14fb248c7548f/title HTTP/1.1
User-Agent: selenium/4.1.2 (java windows)
Cache-Control: no-cache
Content-Type: application/json; charset=utf-8
host: localhost:63809
accept: */*

Response DefaultHttpResponse(decodeResult: success, version: HTTP/1.1)
HTTP/1.1 200 OK
Content-Type: application/json; charset=utf-8
cache-control: no-cache
content-length: 22

11:03:11.320 [AsyncHttpClient-1-8] DEBUG o.a.netty.channel.ChannelManager - Adding key: http://localhost:63809 for channel [id: 0x0126c4a0, L:/127.0.0.1:64520 - R:localhost/127.0.0.1:63809]
11:03:11.354 [AsyncHttpClient-1-1] DEBUG o.a.netty.channel.DefaultChannelPool - Entry count for : http://localhost:63809 : 1
11:03:11.354 [AsyncHttpClient-1-1] DEBUG o.a.netty.channel.DefaultChannelPool - Entry count for : http://localhost:64521 : 1
11:03:12.457 [AsyncHttpClient-1-1] DEBUG o.a.netty.channel.DefaultChannelPool - Entry count for : http://localhost:63809 : 1
11:03:12.457 [AsyncHttpClient-1-1] DEBUG o.a.netty.channel.DefaultChannelPool - Entry count for : http://localhost:64521 : 1
11:03:13.549 [AsyncHttpClient-1-1] DEBUG o.a.netty.channel.DefaultChannelPool - Entry count for : http://localhost:63809 : 1
11:03:13.549 [AsyncHttpClient-1-1] DEBUG o.a.netty.channel.DefaultChannelPool - Entry count for : http://localhost:64521 : 1
11:03:14.660 [AsyncHttpClient-1-1] DEBUG o.a.netty.channel.DefaultChannelPool - Entry count for : http://localhost:63809 : 1
11:03:14.660 [AsyncHttpClient-1-1] DEBUG o.a.netty.channel.DefaultChannelPool - Entry count for : http://localhost:64521 : 1
11:03:15.756 [AsyncHttpClient-1-1] DEBUG o.a.netty.channel.DefaultChannelPool - Entry count for : http://localhost:63809 : 1
11:03:15.756 [AsyncHttpClient-1-1] DEBUG o.a.netty.channel.DefaultChannelPool - Entry count for : http://localhost:64521 : 1
  &amp#27;[32mGiven &amp#27;[0m&amp#27;[32mthat the user should navigate in PEGA Login Page&amp#27;[0m                                               &amp#27;[90m# stepdefinitions.LoginPageSteps.that_the_user_should_navigate_in_pega_login_page()&amp#27;[0m
11:03:16.334 [main] DEBUG com.pages.LoginPage - verifyPageElements : Current Element = 'By.xpath: //div[@id="credentials"]//div[@class="field user"]//input' 
11:03:16.334 [Forwarding findElement on session c3d7e61320b4c98726c14fb248c7548f to remote] DEBUG o.a.netty.request.NettyRequestSender - Using pooled Channel '[id: 0x0126c4a0, L:/127.0.0.1:64520 - R:localhost/127.0.0.1:63809]' for 'POST' to 'http://localhost:63809/session/c3d7e61320b4c98726c14fb248c7548f/element'
11:03:16.334 [Forwarding findElement on session c3d7e61320b4c98726c14fb248c7548f to remote] DEBUG o.a.netty.request.NettyRequestSender - Using open Channel [id: 0x0126c4a0, L:/127.0.0.1:64520 - R:localhost/127.0.0.1:63809] for POST '/session/c3d7e61320b4c98726c14fb248c7548f/element'
11:03:16.343 [AsyncHttpClient-1-8] DEBUG o.a.netty.handler.HttpHandler - 

Request DefaultHttpRequest(decodeResult: success, version: HTTP/1.1)
POST /session/c3d7e61320b4c98726c14fb248c7548f/element HTTP/1.1
User-Agent: selenium/4.1.2 (java windows)
Content-Length: 128
Content-Type: application/json; charset=utf-8
host: localhost:63809
accept: */*

Response DefaultHttpResponse(decodeResult: success, version: HTTP/1.1)
HTTP/1.1 200 OK
Content-Type: application/json; charset=utf-8
cache-control: no-cache
content-length: 88

11:03:16.343 [AsyncHttpClient-1-8] DEBUG o.a.netty.channel.ChannelManager - Adding key: http://localhost:63809 for channel [id: 0x0126c4a0, L:/127.0.0.1:64520 - R:localhost/127.0.0.1:63809]
11:03:16.345 [Forwarding isElementDisplayed on session c3d7e61320b4c98726c14fb248c7548f to remote] DEBUG o.a.netty.request.NettyRequestSender - Using pooled Channel '[id: 0x0126c4a0, L:/127.0.0.1:64520 - R:localhost/127.0.0.1:63809]' for 'POST' to 'http://localhost:63809/session/c3d7e61320b4c98726c14fb248c7548f/execute/sync'
11:03:16.345 [Forwarding isElementDisplayed on session c3d7e61320b4c98726c14fb248c7548f to remote] DEBUG o.a.netty.request.NettyRequestSender - Using open Channel [id: 0x0126c4a0, L:/127.0.0.1:64520 - R:localhost/127.0.0.1:63809] for POST '/session/c3d7e61320b4c98726c14fb248c7548f/execute/sync'
11:03:16.358 [AsyncHttpClient-1-8] DEBUG o.a.netty.handler.HttpHandler - 

Request DefaultHttpRequest(decodeResult: success, version: HTTP/1.1)
POST /session/c3d7e61320b4c98726c14fb248c7548f/execute/sync HTTP/1.1
User-Agent: selenium/4.1.2 (java windows)
Content-Length: 48780
Content-Type: application/json; charset=utf-8
host: localhost:63809
accept: */*

Response DefaultHttpResponse(decodeResult: success, version: HTTP/1.1)
HTTP/1.1 200 OK
Content-Type: application/json; charset=utf-8
cache-control: no-cache
content-length: 14

11:03:16.359 [AsyncHttpClient-1-8] DEBUG o.a.netty.channel.ChannelManager - Adding key: http://localhost:63809 for channel [id: 0x0126c4a0, L:/127.0.0.1:64520 - R:localhost/127.0.0.1:63809]
11:03:16.360 [Forwarding findElement on session c3d7e61320b4c98726c14fb248c7548f to remote] DEBUG o.a.netty.request.NettyRequestSender - Using pooled Channel '[id: 0x0126c4a0, L:/127.0.0.1:64520 - R:localhost/127.0.0.1:63809]' for 'POST' to 'http://localhost:63809/session/c3d7e61320b4c98726c14fb248c7548f/element'
11:03:16.360 [Forwarding findElement on session c3d7e61320b4c98726c14fb248c7548f to remote] DEBUG o.a.netty.request.NettyRequestSender - Using open Channel [id: 0x0126c4a0, L:/127.0.0.1:64520 - R:localhost/127.0.0.1:63809] for POST '/session/c3d7e61320b4c98726c14fb248c7548f/element'
11:03:16.364 [AsyncHttpClient-1-8] DEBUG o.a.netty.handler.HttpHandler - 

Request DefaultHttpRequest(decodeResult: success, version: HTTP/1.1)
POST /session/c3d7e61320b4c98726c14fb248c7548f/element HTTP/1.1
User-Agent: selenium/4.1.2 (java windows)
Content-Length: 128
Content-Type: application/json; charset=utf-8
host: localhost:63809
accept: */*

Response DefaultHttpResponse(decodeResult: success, version: HTTP/1.1)
HTTP/1.1 200 OK
Content-Type: application/json; charset=utf-8
cache-control: no-cache
content-length: 88

11:03:16.364 [AsyncHttpClient-1-8] DEBUG o.a.netty.channel.ChannelManager - Adding key: http://localhost:63809 for channel [id: 0x0126c4a0, L:/127.0.0.1:64520 - R:localhost/127.0.0.1:63809]
11:03:16.366 [Forwarding isElementDisplayed on session c3d7e61320b4c98726c14fb248c7548f to remote] DEBUG o.a.netty.request.NettyRequestSender - Using pooled Channel '[id: 0x0126c4a0, L:/127.0.0.1:64520 - R:localhost/127.0.0.1:63809]' for 'POST' to 'http://localhost:63809/session/c3d7e61320b4c98726c14fb248c7548f/execute/sync'
11:03:16.366 [Forwarding isElementDisplayed on session c3d7e61320b4c98726c14fb248c7548f to remote] DEBUG o.a.netty.request.NettyRequestSender - Using open Channel [id: 0x0126c4a0, L:/127.0.0.1:64520 - R:localhost/127.0.0.1:63809] for POST '/session/c3d7e61320b4c98726c14fb248c7548f/execute/sync'
11:03:16.374 [AsyncHttpClient-1-8] DEBUG o.a.netty.handler.HttpHandler - 

Request DefaultHttpRequest(decodeResult: success, version: HTTP/1.1)
POST /session/c3d7e61320b4c98726c14fb248c7548f/execute/sync HTTP/1.1
User-Agent: selenium/4.1.2 (java windows)
Content-Length: 48780
Content-Type: application/json; charset=utf-8
host: localhost:63809
accept: */*

Response DefaultHttpResponse(decodeResult: success, version: HTTP/1.1)
HTTP/1.1 200 OK
Content-Type: application/json; charset=utf-8
cache-control: no-cache
content-length: 14

11:03:16.374 [AsyncHttpClient-1-8] DEBUG o.a.netty.channel.ChannelManager - Adding key: http://localhost:63809 for channel [id: 0x0126c4a0, L:/127.0.0.1:64520 - R:localhost/127.0.0.1:63809]
11:03:16.375 [Forwarding findElement on session c3d7e61320b4c98726c14fb248c7548f to remote] DEBUG o.a.netty.request.NettyRequestSender - Using pooled Channel '[id: 0x0126c4a0, L:/127.0.0.1:64520 - R:localhost/127.0.0.1:63809]' for 'POST' to 'http://localhost:63809/session/c3d7e61320b4c98726c14fb248c7548f/element'
11:03:16.375 [Forwarding findElement on session c3d7e61320b4c98726c14fb248c7548f to remote] DEBUG o.a.netty.request.NettyRequestSender - Using open Channel [id: 0x0126c4a0, L:/127.0.0.1:64520 - R:localhost/127.0.0.1:63809] for POST '/session/c3d7e61320b4c98726c14fb248c7548f/element'
11:03:16.379 [AsyncHttpClient-1-8] DEBUG o.a.netty.handler.HttpHandler - 

Request DefaultHttpRequest(decodeResult: success, version: HTTP/1.1)
POST /session/c3d7e61320b4c98726c14fb248c7548f/element HTTP/1.1
User-Agent: selenium/4.1.2 (java windows)
Content-Length: 128
Content-Type: application/json; charset=utf-8
host: localhost:63809
accept: */*

Response DefaultHttpResponse(decodeResult: success, version: HTTP/1.1)
HTTP/1.1 200 OK
Content-Type: application/json; charset=utf-8
cache-control: no-cache
content-length: 88

11:03:16.379 [AsyncHttpClient-1-8] DEBUG o.a.netty.channel.ChannelManager - Adding key: http://localhost:63809 for channel [id: 0x0126c4a0, L:/127.0.0.1:64520 - R:localhost/127.0.0.1:63809]
11:03:16.380 [Forwarding isElementEnabled on session c3d7e61320b4c98726c14fb248c7548f to remote] DEBUG o.a.netty.request.NettyRequestSender - Using pooled Channel '[id: 0x0126c4a0, L:/127.0.0.1:64520 - R:localhost/127.0.0.1:63809]' for 'GET' to 'http://localhost:63809/session/c3d7e61320b4c98726c14fb248c7548f/element/0724b146-a59d-44a5-9839-35d6a605b693/enabled'
11:03:16.380 [Forwarding isElementEnabled on session c3d7e61320b4c98726c14fb248c7548f to remote] DEBUG o.a.netty.request.NettyRequestSender - Using open Channel [id: 0x0126c4a0, L:/127.0.0.1:64520 - R:localhost/127.0.0.1:63809] for GET '/session/c3d7e61320b4c98726c14fb248c7548f/element/0724b146-a59d-44a5-9839-35d6a605b693/enabled'
11:03:16.384 [AsyncHttpClient-1-8] DEBUG o.a.netty.handler.HttpHandler - 

Request DefaultFullHttpRequest(decodeResult: success, version: HTTP/1.1, content: EmptyByteBufBE)
GET /session/c3d7e61320b4c98726c14fb248c7548f/element/0724b146-a59d-44a5-9839-35d6a605b693/enabled HTTP/1.1
User-Agent: selenium/4.1.2 (java windows)
Cache-Control: no-cache
Content-Type: application/json; charset=utf-8
host: localhost:63809
accept: */*

Response DefaultHttpResponse(decodeResult: success, version: HTTP/1.1)
HTTP/1.1 200 OK
Content-Type: application/json; charset=utf-8
cache-control: no-cache
content-length: 14

11:03:16.384 [AsyncHttpClient-1-8] DEBUG o.a.netty.channel.ChannelManager - Adding key: http://localhost:63809 for channel [id: 0x0126c4a0, L:/127.0.0.1:64520 - R:localhost/127.0.0.1:63809]
11:03:16.385 [main] DEBUG com.pages.LoginPage - verifyPageElements : Current Element = 'By.xpath: //div[@id="credentials"]//div[@class="field password"]//input' 
11:03:16.385 [Forwarding findElement on session c3d7e61320b4c98726c14fb248c7548f to remote] DEBUG o.a.netty.request.NettyRequestSender - Using pooled Channel '[id: 0x0126c4a0, L:/127.0.0.1:64520 - R:localhost/127.0.0.1:63809]' for 'POST' to 'http://localhost:63809/session/c3d7e61320b4c98726c14fb248c7548f/element'
11:03:16.385 [Forwarding findElement on session c3d7e61320b4c98726c14fb248c7548f to remote] DEBUG o.a.netty.request.NettyRequestSender - Using open Channel [id: 0x0126c4a0, L:/127.0.0.1:64520 - R:localhost/127.0.0.1:63809] for POST '/session/c3d7e61320b4c98726c14fb248c7548f/element'
11:03:16.392 [AsyncHttpClient-1-8] DEBUG o.a.netty.handler.HttpHandler - 

Request DefaultHttpRequest(decodeResult: success, version: HTTP/1.1)
POST /session/c3d7e61320b4c98726c14fb248c7548f/element HTTP/1.1
User-Agent: selenium/4.1.2 (java windows)
Content-Length: 132
Content-Type: application/json; charset=utf-8
host: localhost:63809
accept: */*

Response DefaultHttpResponse(decodeResult: success, version: HTTP/1.1)
HTTP/1.1 200 OK
Content-Type: application/json; charset=utf-8
cache-control: no-cache
content-length: 88

11:03:16.392 [AsyncHttpClient-1-8] DEBUG o.a.netty.channel.ChannelManager - Adding key: http://localhost:63809 for channel [id: 0x0126c4a0, L:/127.0.0.1:64520 - R:localhost/127.0.0.1:63809]
11:03:16.394 [Forwarding isElementDisplayed on session c3d7e61320b4c98726c14fb248c7548f to remote] DEBUG o.a.netty.request.NettyRequestSender - Using pooled Channel '[id: 0x0126c4a0, L:/127.0.0.1:64520 - R:localhost/127.0.0.1:63809]' for 'POST' to 'http://localhost:63809/session/c3d7e61320b4c98726c14fb248c7548f/execute/sync'
11:03:16.394 [Forwarding isElementDisplayed on session c3d7e61320b4c98726c14fb248c7548f to remote] DEBUG o.a.netty.request.NettyRequestSender - Using open Channel [id: 0x0126c4a0, L:/127.0.0.1:64520 - R:localhost/127.0.0.1:63809] for POST '/session/c3d7e61320b4c98726c14fb248c7548f/execute/sync'
11:03:16.401 [AsyncHttpClient-1-8] DEBUG o.a.netty.handler.HttpHandler - 

Request DefaultHttpRequest(decodeResult: success, version: HTTP/1.1)
POST /session/c3d7e61320b4c98726c14fb248c7548f/execute/sync HTTP/1.1
User-Agent: selenium/4.1.2 (java windows)
Content-Length: 48780
Content-Type: application/json; charset=utf-8
host: localhost:63809
accept: */*

Response DefaultHttpResponse(decodeResult: success, version: HTTP/1.1)
HTTP/1.1 200 OK
Content-Type: application/json; charset=utf-8
cache-control: no-cache
content-length: 14

11:03:16.401 [AsyncHttpClient-1-8] DEBUG o.a.netty.channel.ChannelManager - Adding key: http://localhost:63809 for channel [id: 0x0126c4a0, L:/127.0.0.1:64520 - R:localhost/127.0.0.1:63809]
11:03:16.402 [Forwarding findElement on session c3d7e61320b4c98726c14fb248c7548f to remote] DEBUG o.a.netty.request.NettyRequestSender - Using pooled Channel '[id: 0x0126c4a0, L:/127.0.0.1:64520 - R:localhost/127.0.0.1:63809]' for 'POST' to 'http://localhost:63809/session/c3d7e61320b4c98726c14fb248c7548f/element'
11:03:16.402 [Forwarding findElement on session c3d7e61320b4c98726c14fb248c7548f to remote] DEBUG o.a.netty.request.NettyRequestSender - Using open Channel [id: 0x0126c4a0, L:/127.0.0.1:64520 - R:localhost/127.0.0.1:63809] for POST '/session/c3d7e61320b4c98726c14fb248c7548f/element'
11:03:16.406 [AsyncHttpClient-1-8] DEBUG o.a.netty.handler.HttpHandler - 

Request DefaultHttpRequest(decodeResult: success, version: HTTP/1.1)
POST /session/c3d7e61320b4c98726c14fb248c7548f/element HTTP/1.1
User-Agent: selenium/4.1.2 (java windows)
Content-Length: 132
Content-Type: application/json; charset=utf-8
host: localhost:63809
accept: */*

Response DefaultHttpResponse(decodeResult: success, version: HTTP/1.1)
HTTP/1.1 200 OK
Content-Type: application/json; charset=utf-8
cache-control: no-cache
content-length: 88

11:03:16.406 [AsyncHttpClient-1-8] DEBUG o.a.netty.channel.ChannelManager - Adding key: http://localhost:63809 for channel [id: 0x0126c4a0, L:/127.0.0.1:64520 - R:localhost/127.0.0.1:63809]
11:03:16.408 [Forwarding isElementDisplayed on session c3d7e61320b4c98726c14fb248c7548f to remote] DEBUG o.a.netty.request.NettyRequestSender - Using pooled Channel '[id: 0x0126c4a0, L:/127.0.0.1:64520 - R:localhost/127.0.0.1:63809]' for 'POST' to 'http://localhost:63809/session/c3d7e61320b4c98726c14fb248c7548f/execute/sync'
11:03:16.408 [Forwarding isElementDisplayed on session c3d7e61320b4c98726c14fb248c7548f to remote] DEBUG o.a.netty.request.NettyRequestSender - Using open Channel [id: 0x0126c4a0, L:/127.0.0.1:64520 - R:localhost/127.0.0.1:63809] for POST '/session/c3d7e61320b4c98726c14fb248c7548f/execute/sync'
11:03:16.414 [AsyncHttpClient-1-8] DEBUG o.a.netty.handler.HttpHandler - 

Request DefaultHttpRequest(decodeResult: success, version: HTTP/1.1)
POST /session/c3d7e61320b4c98726c14fb248c7548f/execute/sync HTTP/1.1
User-Agent: selenium/4.1.2 (java windows)
Content-Length: 48780
Content-Type: application/json; charset=utf-8
host: localhost:63809
accept: */*

Response DefaultHttpResponse(decodeResult: success, version: HTTP/1.1)
HTTP/1.1 200 OK
Content-Type: application/json; charset=utf-8
cache-control: no-cache
content-length: 14

11:03:16.414 [AsyncHttpClient-1-8] DEBUG o.a.netty.channel.ChannelManager - Adding key: http://localhost:63809 for channel [id: 0x0126c4a0, L:/127.0.0.1:64520 - R:localhost/127.0.0.1:63809]
11:03:16.415 [Forwarding findElement on session c3d7e61320b4c98726c14fb248c7548f to remote] DEBUG o.a.netty.request.NettyRequestSender - Using pooled Channel '[id: 0x0126c4a0, L:/127.0.0.1:64520 - R:localhost/127.0.0.1:63809]' for 'POST' to 'http://localhost:63809/session/c3d7e61320b4c98726c14fb248c7548f/element'
11:03:16.415 [Forwarding findElement on session c3d7e61320b4c98726c14fb248c7548f to remote] DEBUG o.a.netty.request.NettyRequestSender - Using open Channel [id: 0x0126c4a0, L:/127.0.0.1:64520 - R:localhost/127.0.0.1:63809] for POST '/session/c3d7e61320b4c98726c14fb248c7548f/element'
11:03:16.418 [AsyncHttpClient-1-8] DEBUG o.a.netty.handler.HttpHandler - 

Request DefaultHttpRequest(decodeResult: success, version: HTTP/1.1)
POST /session/c3d7e61320b4c98726c14fb248c7548f/element HTTP/1.1
User-Agent: selenium/4.1.2 (java windows)
Content-Length: 132
Content-Type: application/json; charset=utf-8
host: localhost:63809
accept: */*

Response DefaultHttpResponse(decodeResult: success, version: HTTP/1.1)
HTTP/1.1 200 OK
Content-Type: application/json; charset=utf-8
cache-control: no-cache
content-length: 88

11:03:16.418 [AsyncHttpClient-1-8] DEBUG o.a.netty.channel.ChannelManager - Adding key: http://localhost:63809 for channel [id: 0x0126c4a0, L:/127.0.0.1:64520 - R:localhost/127.0.0.1:63809]
11:03:16.419 [Forwarding isElementEnabled on session c3d7e61320b4c98726c14fb248c7548f to remote] DEBUG o.a.netty.request.NettyRequestSender - Using pooled Channel '[id: 0x0126c4a0, L:/127.0.0.1:64520 - R:localhost/127.0.0.1:63809]' for 'GET' to 'http://localhost:63809/session/c3d7e61320b4c98726c14fb248c7548f/element/5eb80888-7f9c-4f4a-a1f7-166e0221c2f9/enabled'
11:03:16.419 [Forwarding isElementEnabled on session c3d7e61320b4c98726c14fb248c7548f to remote] DEBUG o.a.netty.request.NettyRequestSender - Using open Channel [id: 0x0126c4a0, L:/127.0.0.1:64520 - R:localhost/127.0.0.1:63809] for GET '/session/c3d7e61320b4c98726c14fb248c7548f/element/5eb80888-7f9c-4f4a-a1f7-166e0221c2f9/enabled'
11:03:16.423 [AsyncHttpClient-1-8] DEBUG o.a.netty.handler.HttpHandler - 

Request DefaultFullHttpRequest(decodeResult: success, version: HTTP/1.1, content: EmptyByteBufBE)
GET /session/c3d7e61320b4c98726c14fb248c7548f/element/5eb80888-7f9c-4f4a-a1f7-166e0221c2f9/enabled HTTP/1.1
User-Agent: selenium/4.1.2 (java windows)
Cache-Control: no-cache
Content-Type: application/json; charset=utf-8
host: localhost:63809
accept: */*

Response DefaultHttpResponse(decodeResult: success, version: HTTP/1.1)
HTTP/1.1 200 OK
Content-Type: application/json; charset=utf-8
cache-control: no-cache
content-length: 14

11:03:16.423 [AsyncHttpClient-1-8] DEBUG o.a.netty.channel.ChannelManager - Adding key: http://localhost:63809 for channel [id: 0x0126c4a0, L:/127.0.0.1:64520 - R:localhost/127.0.0.1:63809]
11:03:16.424 [main] DEBUG com.pages.LoginPage - verifyPageElements : Current Element = 'By.xpath: //div[@id="credentials"]//button[contains(@class,"loginButton")]' 
11:03:16.424 [Forwarding findElement on session c3d7e61320b4c98726c14fb248c7548f to remote] DEBUG o.a.netty.request.NettyRequestSender - Using pooled Channel '[id: 0x0126c4a0, L:/127.0.0.1:64520 - R:localhost/127.0.0.1:63809]' for 'POST' to 'http://localhost:63809/session/c3d7e61320b4c98726c14fb248c7548f/element'
11:03:16.424 [Forwarding findElement on session c3d7e61320b4c98726c14fb248c7548f to remote] DEBUG o.a.netty.request.NettyRequestSender - Using open Channel [id: 0x0126c4a0, L:/127.0.0.1:64520 - R:localhost/127.0.0.1:63809] for POST '/session/c3d7e61320b4c98726c14fb248c7548f/element'
11:03:16.432 [AsyncHttpClient-1-8] DEBUG o.a.netty.handler.HttpHandler - 

Request DefaultHttpRequest(decodeResult: success, version: HTTP/1.1)
POST /session/c3d7e61320b4c98726c14fb248c7548f/element HTTP/1.1
User-Agent: selenium/4.1.2 (java windows)
Content-Length: 125
Content-Type: application/json; charset=utf-8
host: localhost:63809
accept: */*

Response DefaultHttpResponse(decodeResult: success, version: HTTP/1.1)
HTTP/1.1 200 OK
Content-Type: application/json; charset=utf-8
cache-control: no-cache
content-length: 88

11:03:16.432 [AsyncHttpClient-1-8] DEBUG o.a.netty.channel.ChannelManager - Adding key: http://localhost:63809 for channel [id: 0x0126c4a0, L:/127.0.0.1:64520 - R:localhost/127.0.0.1:63809]
11:03:16.434 [Forwarding isElementDisplayed on session c3d7e61320b4c98726c14fb248c7548f to remote] DEBUG o.a.netty.request.NettyRequestSender - Using pooled Channel '[id: 0x0126c4a0, L:/127.0.0.1:64520 - R:localhost/127.0.0.1:63809]' for 'POST' to 'http://localhost:63809/session/c3d7e61320b4c98726c14fb248c7548f/execute/sync'
11:03:16.434 [Forwarding isElementDisplayed on session c3d7e61320b4c98726c14fb248c7548f to remote] DEBUG o.a.netty.request.NettyRequestSender - Using open Channel [id: 0x0126c4a0, L:/127.0.0.1:64520 - R:localhost/127.0.0.1:63809] for POST '/session/c3d7e61320b4c98726c14fb248c7548f/execute/sync'
11:03:16.441 [AsyncHttpClient-1-8] DEBUG o.a.netty.handler.HttpHandler - 

Request DefaultHttpRequest(decodeResult: success, version: HTTP/1.1)
POST /session/c3d7e61320b4c98726c14fb248c7548f/execute/sync HTTP/1.1
User-Agent: selenium/4.1.2 (java windows)
Content-Length: 48780
Content-Type: application/json; charset=utf-8
host: localhost:63809
accept: */*

Response DefaultHttpResponse(decodeResult: success, version: HTTP/1.1)
HTTP/1.1 200 OK
Content-Type: application/json; charset=utf-8
cache-control: no-cache
content-length: 14

11:03:16.441 [AsyncHttpClient-1-8] DEBUG o.a.netty.channel.ChannelManager - Adding key: http://localhost:63809 for channel [id: 0x0126c4a0, L:/127.0.0.1:64520 - R:localhost/127.0.0.1:63809]
11:03:16.442 [Forwarding findElement on session c3d7e61320b4c98726c14fb248c7548f to remote] DEBUG o.a.netty.request.NettyRequestSender - Using pooled Channel '[id: 0x0126c4a0, L:/127.0.0.1:64520 - R:localhost/127.0.0.1:63809]' for 'POST' to 'http://localhost:63809/session/c3d7e61320b4c98726c14fb248c7548f/element'
11:03:16.442 [Forwarding findElement on session c3d7e61320b4c98726c14fb248c7548f to remote] DEBUG o.a.netty.request.NettyRequestSender - Using open Channel [id: 0x0126c4a0, L:/127.0.0.1:64520 - R:localhost/127.0.0.1:63809] for POST '/session/c3d7e61320b4c98726c14fb248c7548f/element'
11:03:16.446 [AsyncHttpClient-1-8] DEBUG o.a.netty.handler.HttpHandler - 

Request DefaultHttpRequest(decodeResult: success, version: HTTP/1.1)
POST /session/c3d7e61320b4c98726c14fb248c7548f/element HTTP/1.1
User-Agent: selenium/4.1.2 (java windows)
Content-Length: 125
Content-Type: application/json; charset=utf-8
host: localhost:63809
accept: */*

Response DefaultHttpResponse(decodeResult: success, version: HTTP/1.1)
HTTP/1.1 200 OK
Content-Type: application/json; charset=utf-8
cache-control: no-cache
content-length: 88

11:03:16.446 [AsyncHttpClient-1-8] DEBUG o.a.netty.channel.ChannelManager - Adding key: http://localhost:63809 for channel [id: 0x0126c4a0, L:/127.0.0.1:64520 - R:localhost/127.0.0.1:63809]
11:03:16.448 [Forwarding isElementDisplayed on session c3d7e61320b4c98726c14fb248c7548f to remote] DEBUG o.a.netty.request.NettyRequestSender - Using pooled Channel '[id: 0x0126c4a0, L:/127.0.0.1:64520 - R:localhost/127.0.0.1:63809]' for 'POST' to 'http://localhost:63809/session/c3d7e61320b4c98726c14fb248c7548f/execute/sync'
11:03:16.448 [Forwarding isElementDisplayed on session c3d7e61320b4c98726c14fb248c7548f to remote] DEBUG o.a.netty.request.NettyRequestSender - Using open Channel [id: 0x0126c4a0, L:/127.0.0.1:64520 - R:localhost/127.0.0.1:63809] for POST '/session/c3d7e61320b4c98726c14fb248c7548f/execute/sync'
11:03:16.454 [AsyncHttpClient-1-8] DEBUG o.a.netty.handler.HttpHandler - 

Request DefaultHttpRequest(decodeResult: success, version: HTTP/1.1)
POST /session/c3d7e61320b4c98726c14fb248c7548f/execute/sync HTTP/1.1
User-Agent: selenium/4.1.2 (java windows)
Content-Length: 48780
Content-Type: application/json; charset=utf-8
host: localhost:63809
accept: */*

Response DefaultHttpResponse(decodeResult: success, version: HTTP/1.1)
HTTP/1.1 200 OK
Content-Type: application/json; charset=utf-8
cache-control: no-cache
content-length: 14

11:03:16.454 [AsyncHttpClient-1-8] DEBUG o.a.netty.channel.ChannelManager - Adding key: http://localhost:63809 for channel [id: 0x0126c4a0, L:/127.0.0.1:64520 - R:localhost/127.0.0.1:63809]
11:03:16.455 [Forwarding findElement on session c3d7e61320b4c98726c14fb248c7548f to remote] DEBUG o.a.netty.request.NettyRequestSender - Using pooled Channel '[id: 0x0126c4a0, L:/127.0.0.1:64520 - R:localhost/127.0.0.1:63809]' for 'POST' to 'http://localhost:63809/session/c3d7e61320b4c98726c14fb248c7548f/element'
11:03:16.455 [Forwarding findElement on session c3d7e61320b4c98726c14fb248c7548f to remote] DEBUG o.a.netty.request.NettyRequestSender - Using open Channel [id: 0x0126c4a0, L:/127.0.0.1:64520 - R:localhost/127.0.0.1:63809] for POST '/session/c3d7e61320b4c98726c14fb248c7548f/element'
11:03:16.458 [AsyncHttpClient-1-8] DEBUG o.a.netty.handler.HttpHandler - 

Request DefaultHttpRequest(decodeResult: success, version: HTTP/1.1)
POST /session/c3d7e61320b4c98726c14fb248c7548f/element HTTP/1.1
User-Agent: selenium/4.1.2 (java windows)
Content-Length: 125
Content-Type: application/json; charset=utf-8
host: localhost:63809
accept: */*

Response DefaultHttpResponse(decodeResult: success, version: HTTP/1.1)
HTTP/1.1 200 OK
Content-Type: application/json; charset=utf-8
cache-control: no-cache
content-length: 88

11:03:16.458 [AsyncHttpClient-1-8] DEBUG o.a.netty.channel.ChannelManager - Adding key: http://localhost:63809 for channel [id: 0x0126c4a0, L:/127.0.0.1:64520 - R:localhost/127.0.0.1:63809]
11:03:16.459 [Forwarding isElementEnabled on session c3d7e61320b4c98726c14fb248c7548f to remote] DEBUG o.a.netty.request.NettyRequestSender - Using pooled Channel '[id: 0x0126c4a0, L:/127.0.0.1:64520 - R:localhost/127.0.0.1:63809]' for 'GET' to 'http://localhost:63809/session/c3d7e61320b4c98726c14fb248c7548f/element/8d8901b2-760b-4090-941a-5242201aa8c6/enabled'
11:03:16.459 [Forwarding isElementEnabled on session c3d7e61320b4c98726c14fb248c7548f to remote] DEBUG o.a.netty.request.NettyRequestSender - Using open Channel [id: 0x0126c4a0, L:/127.0.0.1:64520 - R:localhost/127.0.0.1:63809] for GET '/session/c3d7e61320b4c98726c14fb248c7548f/element/8d8901b2-760b-4090-941a-5242201aa8c6/enabled'
11:03:16.463 [AsyncHttpClient-1-8] DEBUG o.a.netty.handler.HttpHandler - 

Request DefaultFullHttpRequest(decodeResult: success, version: HTTP/1.1, content: EmptyByteBufBE)
GET /session/c3d7e61320b4c98726c14fb248c7548f/element/8d8901b2-760b-4090-941a-5242201aa8c6/enabled HTTP/1.1
User-Agent: selenium/4.1.2 (java windows)
Cache-Control: no-cache
Content-Type: application/json; charset=utf-8
host: localhost:63809
accept: */*

Response DefaultHttpResponse(decodeResult: success, version: HTTP/1.1)
HTTP/1.1 200 OK
Content-Type: application/json; charset=utf-8
cache-control: no-cache
content-length: 14

11:03:16.463 [AsyncHttpClient-1-8] DEBUG o.a.netty.channel.ChannelManager - Adding key: http://localhost:63809 for channel [id: 0x0126c4a0, L:/127.0.0.1:64520 - R:localhost/127.0.0.1:63809]
  &amp#27;[32mAnd &amp#27;[0m&amp#27;[32muser verify the Login Page Elements is Visible&amp#27;[0m                                                   &amp#27;[90m# stepdefinitions.LoginPageSteps.user_verify_the_login_page_elements_is_visible()&amp#27;[0m
11:03:16.856 [AsyncHttpClient-1-1] DEBUG o.a.netty.channel.DefaultChannelPool - Entry count for : http://localhost:63809 : 1
11:03:16.856 [AsyncHttpClient-1-1] DEBUG o.a.netty.channel.DefaultChannelPool - Entry count for : http://localhost:64521 : 1
11:03:17.946 [AsyncHttpClient-1-1] DEBUG o.a.netty.channel.DefaultChannelPool - Entry count for : http://localhost:63809 : 1
11:03:17.946 [AsyncHttpClient-1-1] DEBUG o.a.netty.channel.DefaultChannelPool - Entry count for : http://localhost:64521 : 1
11:03:18.467 [main] DEBUG com.pages.LoginPage - enterUserCredentails: username = 'invalidUser' | password = 'InvalidPassword' 
11:03:18.467 [Forwarding findElement on session c3d7e61320b4c98726c14fb248c7548f to remote] DEBUG o.a.netty.request.NettyRequestSender - Using pooled Channel '[id: 0x0126c4a0, L:/127.0.0.1:64520 - R:localhost/127.0.0.1:63809]' for 'POST' to 'http://localhost:63809/session/c3d7e61320b4c98726c14fb248c7548f/element'
11:03:18.467 [Forwarding findElement on session c3d7e61320b4c98726c14fb248c7548f to remote] DEBUG o.a.netty.request.NettyRequestSender - Using open Channel [id: 0x0126c4a0, L:/127.0.0.1:64520 - R:localhost/127.0.0.1:63809] for POST '/session/c3d7e61320b4c98726c14fb248c7548f/element'
11:03:18.471 [AsyncHttpClient-1-8] DEBUG o.a.netty.handler.HttpHandler - 

Request DefaultHttpRequest(decodeResult: success, version: HTTP/1.1)
POST /session/c3d7e61320b4c98726c14fb248c7548f/element HTTP/1.1
User-Agent: selenium/4.1.2 (java windows)
Content-Length: 128
Content-Type: application/json; charset=utf-8
host: localhost:63809
accept: */*

Response DefaultHttpResponse(decodeResult: success, version: HTTP/1.1)
HTTP/1.1 200 OK
Content-Type: application/json; charset=utf-8
cache-control: no-cache
content-length: 88

11:03:18.471 [AsyncHttpClient-1-8] DEBUG o.a.netty.channel.ChannelManager - Adding key: http://localhost:63809 for channel [id: 0x0126c4a0, L:/127.0.0.1:64520 - R:localhost/127.0.0.1:63809]
11:03:18.472 [Forwarding sendKeysToElement on session c3d7e61320b4c98726c14fb248c7548f to remote] DEBUG o.a.netty.request.NettyRequestSender - Using pooled Channel '[id: 0x0126c4a0, L:/127.0.0.1:64520 - R:localhost/127.0.0.1:63809]' for 'POST' to 'http://localhost:63809/session/c3d7e61320b4c98726c14fb248c7548f/element/0724b146-a59d-44a5-9839-35d6a605b693/value'
11:03:18.472 [Forwarding sendKeysToElement on session c3d7e61320b4c98726c14fb248c7548f to remote] DEBUG o.a.netty.request.NettyRequestSender - Using open Channel [id: 0x0126c4a0, L:/127.0.0.1:64520 - R:localhost/127.0.0.1:63809] for POST '/session/c3d7e61320b4c98726c14fb248c7548f/element/0724b146-a59d-44a5-9839-35d6a605b693/value'
11:03:18.492 [AsyncHttpClient-1-8] DEBUG o.a.netty.handler.HttpHandler - 

Request DefaultHttpRequest(decodeResult: success, version: HTTP/1.1)
POST /session/c3d7e61320b4c98726c14fb248c7548f/element/0724b146-a59d-44a5-9839-35d6a605b693/value HTTP/1.1
User-Agent: selenium/4.1.2 (java windows)
Content-Length: 191
Content-Type: application/json; charset=utf-8
host: localhost:63809
accept: */*

Response DefaultHttpResponse(decodeResult: success, version: HTTP/1.1)
HTTP/1.1 200 OK
Content-Type: application/json; charset=utf-8
cache-control: no-cache
content-length: 14

11:03:18.492 [AsyncHttpClient-1-8] DEBUG o.a.netty.channel.ChannelManager - Adding key: http://localhost:63809 for channel [id: 0x0126c4a0, L:/127.0.0.1:64520 - R:localhost/127.0.0.1:63809]
11:03:18.492 [Forwarding findElement on session c3d7e61320b4c98726c14fb248c7548f to remote] DEBUG o.a.netty.request.NettyRequestSender - Using pooled Channel '[id: 0x0126c4a0, L:/127.0.0.1:64520 - R:localhost/127.0.0.1:63809]' for 'POST' to 'http://localhost:63809/session/c3d7e61320b4c98726c14fb248c7548f/element'
11:03:18.493 [Forwarding findElement on session c3d7e61320b4c98726c14fb248c7548f to remote] DEBUG o.a.netty.request.NettyRequestSender - Using open Channel [id: 0x0126c4a0, L:/127.0.0.1:64520 - R:localhost/127.0.0.1:63809] for POST '/session/c3d7e61320b4c98726c14fb248c7548f/element'
11:03:18.496 [AsyncHttpClient-1-8] DEBUG o.a.netty.handler.HttpHandler - 

Request DefaultHttpRequest(decodeResult: success, version: HTTP/1.1)
POST /session/c3d7e61320b4c98726c14fb248c7548f/element HTTP/1.1
User-Agent: selenium/4.1.2 (java windows)
Content-Length: 132
Content-Type: application/json; charset=utf-8
host: localhost:63809
accept: */*

Response DefaultHttpResponse(decodeResult: success, version: HTTP/1.1)
HTTP/1.1 200 OK
Content-Type: application/json; charset=utf-8
cache-control: no-cache
content-length: 88

11:03:18.497 [AsyncHttpClient-1-8] DEBUG o.a.netty.channel.ChannelManager - Adding key: http://localhost:63809 for channel [id: 0x0126c4a0, L:/127.0.0.1:64520 - R:localhost/127.0.0.1:63809]
11:03:18.498 [Forwarding sendKeysToElement on session c3d7e61320b4c98726c14fb248c7548f to remote] DEBUG o.a.netty.request.NettyRequestSender - Using pooled Channel '[id: 0x0126c4a0, L:/127.0.0.1:64520 - R:localhost/127.0.0.1:63809]' for 'POST' to 'http://localhost:63809/session/c3d7e61320b4c98726c14fb248c7548f/element/5eb80888-7f9c-4f4a-a1f7-166e0221c2f9/value'
11:03:18.498 [Forwarding sendKeysToElement on session c3d7e61320b4c98726c14fb248c7548f to remote] DEBUG o.a.netty.request.NettyRequestSender - Using open Channel [id: 0x0126c4a0, L:/127.0.0.1:64520 - R:localhost/127.0.0.1:63809] for POST '/session/c3d7e61320b4c98726c14fb248c7548f/element/5eb80888-7f9c-4f4a-a1f7-166e0221c2f9/value'
11:03:18.524 [AsyncHttpClient-1-8] DEBUG o.a.netty.handler.HttpHandler - 

Request DefaultHttpRequest(decodeResult: success, version: HTTP/1.1)
POST /session/c3d7e61320b4c98726c14fb248c7548f/element/5eb80888-7f9c-4f4a-a1f7-166e0221c2f9/value HTTP/1.1
User-Agent: selenium/4.1.2 (java windows)
Content-Length: 231
Content-Type: application/json; charset=utf-8
host: localhost:63809
accept: */*

Response DefaultHttpResponse(decodeResult: success, version: HTTP/1.1)
HTTP/1.1 200 OK
Content-Type: application/json; charset=utf-8
cache-control: no-cache
content-length: 14

11:03:18.524 [AsyncHttpClient-1-8] DEBUG o.a.netty.channel.ChannelManager - Adding key: http://localhost:63809 for channel [id: 0x0126c4a0, L:/127.0.0.1:64520 - R:localhost/127.0.0.1:63809]
11:03:18.525 [Forwarding findElement on session c3d7e61320b4c98726c14fb248c7548f to remote] DEBUG o.a.netty.request.NettyRequestSender - Using pooled Channel '[id: 0x0126c4a0, L:/127.0.0.1:64520 - R:localhost/127.0.0.1:63809]' for 'POST' to 'http://localhost:63809/session/c3d7e61320b4c98726c14fb248c7548f/element'
11:03:18.525 [Forwarding findElement on session c3d7e61320b4c98726c14fb248c7548f to remote] DEBUG o.a.netty.request.NettyRequestSender - Using open Channel [id: 0x0126c4a0, L:/127.0.0.1:64520 - R:localhost/127.0.0.1:63809] for POST '/session/c3d7e61320b4c98726c14fb248c7548f/element'
11:03:18.529 [AsyncHttpClient-1-8] DEBUG o.a.netty.handler.HttpHandler - 

Request DefaultHttpRequest(decodeResult: success, version: HTTP/1.1)
POST /session/c3d7e61320b4c98726c14fb248c7548f/element HTTP/1.1
User-Agent: selenium/4.1.2 (java windows)
Content-Length: 125
Content-Type: application/json; charset=utf-8
host: localhost:63809
accept: */*

Response DefaultHttpResponse(decodeResult: success, version: HTTP/1.1)
HTTP/1.1 200 OK
Content-Type: application/json; charset=utf-8
cache-control: no-cache
content-length: 88

11:03:18.529 [AsyncHttpClient-1-8] DEBUG o.a.netty.channel.ChannelManager - Adding key: http://localhost:63809 for channel [id: 0x0126c4a0, L:/127.0.0.1:64520 - R:localhost/127.0.0.1:63809]
11:03:18.530 [Forwarding clickElement on session c3d7e61320b4c98726c14fb248c7548f to remote] DEBUG o.a.netty.request.NettyRequestSender - Using pooled Channel '[id: 0x0126c4a0, L:/127.0.0.1:64520 - R:localhost/127.0.0.1:63809]' for 'POST' to 'http://localhost:63809/session/c3d7e61320b4c98726c14fb248c7548f/element/8d8901b2-760b-4090-941a-5242201aa8c6/click'
11:03:18.530 [Forwarding clickElement on session c3d7e61320b4c98726c14fb248c7548f to remote] DEBUG o.a.netty.request.NettyRequestSender - Using open Channel [id: 0x0126c4a0, L:/127.0.0.1:64520 - R:localhost/127.0.0.1:63809] for POST '/session/c3d7e61320b4c98726c14fb248c7548f/element/8d8901b2-760b-4090-941a-5242201aa8c6/click'
11:03:18.587 [AsyncHttpClient-1-8] DEBUG o.a.netty.handler.HttpHandler - 

Request DefaultHttpRequest(decodeResult: success, version: HTTP/1.1)
POST /session/c3d7e61320b4c98726c14fb248c7548f/element/8d8901b2-760b-4090-941a-5242201aa8c6/click HTTP/1.1
User-Agent: selenium/4.1.2 (java windows)
Content-Length: 50
Content-Type: application/json; charset=utf-8
host: localhost:63809
accept: */*

Response DefaultHttpResponse(decodeResult: success, version: HTTP/1.1)
HTTP/1.1 200 OK
Content-Type: application/json; charset=utf-8
cache-control: no-cache
content-length: 14

11:03:18.588 [AsyncHttpClient-1-8] DEBUG o.a.netty.channel.ChannelManager - Adding key: http://localhost:63809 for channel [id: 0x0126c4a0, L:/127.0.0.1:64520 - R:localhost/127.0.0.1:63809]
11:03:18.588 [main] DEBUG com.pages.LoginPage - verifyErrorMessage: 'The information you entered was not recognized.' 
11:03:18.589 [Forwarding findElement on session c3d7e61320b4c98726c14fb248c7548f to remote] DEBUG o.a.netty.request.NettyRequestSender - Using pooled Channel '[id: 0x0126c4a0, L:/127.0.0.1:64520 - R:localhost/127.0.0.1:63809]' for 'POST' to 'http://localhost:63809/session/c3d7e61320b4c98726c14fb248c7548f/element'
11:03:18.589 [Forwarding findElement on session c3d7e61320b4c98726c14fb248c7548f to remote] DEBUG o.a.netty.request.NettyRequestSender - Using open Channel [id: 0x0126c4a0, L:/127.0.0.1:64520 - R:localhost/127.0.0.1:63809] for POST '/session/c3d7e61320b4c98726c14fb248c7548f/element'
11:03:18.597 [AsyncHttpClient-1-8] DEBUG o.a.netty.handler.HttpHandler - 

Request DefaultHttpRequest(decodeResult: success, version: HTTP/1.1)
POST /session/c3d7e61320b4c98726c14fb248c7548f/element HTTP/1.1
User-Agent: selenium/4.1.2 (java windows)
Content-Length: 75
Content-Type: application/json; charset=utf-8
host: localhost:63809
accept: */*

Response DefaultHttpResponse(decodeResult: success, version: HTTP/1.1)
HTTP/1.1 200 OK
Content-Type: application/json; charset=utf-8
cache-control: no-cache
content-length: 88

11:03:18.597 [AsyncHttpClient-1-8] DEBUG o.a.netty.channel.ChannelManager - Adding key: http://localhost:63809 for channel [id: 0x0126c4a0, L:/127.0.0.1:64520 - R:localhost/127.0.0.1:63809]
11:03:18.600 [Forwarding isElementDisplayed on session c3d7e61320b4c98726c14fb248c7548f to remote] DEBUG o.a.netty.request.NettyRequestSender - Using pooled Channel '[id: 0x0126c4a0, L:/127.0.0.1:64520 - R:localhost/127.0.0.1:63809]' for 'POST' to 'http://localhost:63809/session/c3d7e61320b4c98726c14fb248c7548f/execute/sync'
11:03:18.600 [Forwarding isElementDisplayed on session c3d7e61320b4c98726c14fb248c7548f to remote] DEBUG o.a.netty.request.NettyRequestSender - Using open Channel [id: 0x0126c4a0, L:/127.0.0.1:64520 - R:localhost/127.0.0.1:63809] for POST '/session/c3d7e61320b4c98726c14fb248c7548f/execute/sync'
11:03:18.610 [AsyncHttpClient-1-8] DEBUG o.a.netty.handler.HttpHandler - 

Request DefaultHttpRequest(decodeResult: success, version: HTTP/1.1)
POST /session/c3d7e61320b4c98726c14fb248c7548f/execute/sync HTTP/1.1
User-Agent: selenium/4.1.2 (java windows)
Content-Length: 48780
Content-Type: application/json; charset=utf-8
host: localhost:63809
accept: */*

Response DefaultHttpResponse(decodeResult: success, version: HTTP/1.1)
HTTP/1.1 200 OK
Content-Type: application/json; charset=utf-8
cache-control: no-cache
content-length: 15

11:03:18.610 [AsyncHttpClient-1-8] DEBUG o.a.netty.channel.ChannelManager - Adding key: http://localhost:63809 for channel [id: 0x0126c4a0, L:/127.0.0.1:64520 - R:localhost/127.0.0.1:63809]
11:03:19.060 [AsyncHttpClient-1-1] DEBUG o.a.netty.channel.DefaultChannelPool - Entry count for : http://localhost:63809 : 1
11:03:19.060 [AsyncHttpClient-1-1] DEBUG o.a.netty.channel.DefaultChannelPool - Entry count for : http://localhost:64521 : 1
11:03:19.124 [Forwarding findElement on session c3d7e61320b4c98726c14fb248c7548f to remote] DEBUG o.a.netty.request.NettyRequestSender - Using pooled Channel '[id: 0x0126c4a0, L:/127.0.0.1:64520 - R:localhost/127.0.0.1:63809]' for 'POST' to 'http://localhost:63809/session/c3d7e61320b4c98726c14fb248c7548f/element'
11:03:19.124 [Forwarding findElement on session c3d7e61320b4c98726c14fb248c7548f to remote] DEBUG o.a.netty.request.NettyRequestSender - Using open Channel [id: 0x0126c4a0, L:/127.0.0.1:64520 - R:localhost/127.0.0.1:63809] for POST '/session/c3d7e61320b4c98726c14fb248c7548f/element'
11:03:19.129 [AsyncHttpClient-1-8] DEBUG o.a.netty.handler.HttpHandler - 

Request DefaultHttpRequest(decodeResult: success, version: HTTP/1.1)
POST /session/c3d7e61320b4c98726c14fb248c7548f/element HTTP/1.1
User-Agent: selenium/4.1.2 (java windows)
Content-Length: 75
Content-Type: application/json; charset=utf-8
host: localhost:63809
accept: */*

Response DefaultHttpResponse(decodeResult: success, version: HTTP/1.1)
HTTP/1.1 200 OK
Content-Type: application/json; charset=utf-8
cache-control: no-cache
content-length: 88

11:03:19.129 [AsyncHttpClient-1-8] DEBUG o.a.netty.channel.ChannelManager - Adding key: http://localhost:63809 for channel [id: 0x0126c4a0, L:/127.0.0.1:64520 - R:localhost/127.0.0.1:63809]
11:03:19.131 [Forwarding isElementDisplayed on session c3d7e61320b4c98726c14fb248c7548f to remote] DEBUG o.a.netty.request.NettyRequestSender - Using pooled Channel '[id: 0x0126c4a0, L:/127.0.0.1:64520 - R:localhost/127.0.0.1:63809]' for 'POST' to 'http://localhost:63809/session/c3d7e61320b4c98726c14fb248c7548f/execute/sync'
11:03:19.131 [Forwarding isElementDisplayed on session c3d7e61320b4c98726c14fb248c7548f to remote] DEBUG o.a.netty.request.NettyRequestSender - Using open Channel [id: 0x0126c4a0, L:/127.0.0.1:64520 - R:localhost/127.0.0.1:63809] for POST '/session/c3d7e61320b4c98726c14fb248c7548f/execute/sync'
11:03:19.137 [AsyncHttpClient-1-8] DEBUG o.a.netty.handler.HttpHandler - 

Request DefaultHttpRequest(decodeResult: success, version: HTTP/1.1)
POST /session/c3d7e61320b4c98726c14fb248c7548f/execute/sync HTTP/1.1
User-Agent: selenium/4.1.2 (java windows)
Content-Length: 48780
Content-Type: application/json; charset=utf-8
host: localhost:63809
accept: */*

Response DefaultHttpResponse(decodeResult: success, version: HTTP/1.1)
HTTP/1.1 200 OK
Content-Type: application/json; charset=utf-8
cache-control: no-cache
content-length: 14

11:03:19.137 [AsyncHttpClient-1-8] DEBUG o.a.netty.channel.ChannelManager - Adding key: http://localhost:63809 for channel [id: 0x0126c4a0, L:/127.0.0.1:64520 - R:localhost/127.0.0.1:63809]
11:03:19.138 [Forwarding getElementText on session c3d7e61320b4c98726c14fb248c7548f to remote] DEBUG o.a.netty.request.NettyRequestSender - Using pooled Channel '[id: 0x0126c4a0, L:/127.0.0.1:64520 - R:localhost/127.0.0.1:63809]' for 'GET' to 'http://localhost:63809/session/c3d7e61320b4c98726c14fb248c7548f/element/02f71652-bc25-492d-b2fd-4f6e630dd96a/text'
11:03:19.138 [Forwarding getElementText on session c3d7e61320b4c98726c14fb248c7548f to remote] DEBUG o.a.netty.request.NettyRequestSender - Using open Channel [id: 0x0126c4a0, L:/127.0.0.1:64520 - R:localhost/127.0.0.1:63809] for GET '/session/c3d7e61320b4c98726c14fb248c7548f/element/02f71652-bc25-492d-b2fd-4f6e630dd96a/text'
11:03:19.146 [AsyncHttpClient-1-8] DEBUG o.a.netty.handler.HttpHandler - 

Request DefaultFullHttpRequest(decodeResult: success, version: HTTP/1.1, content: EmptyByteBufBE)
GET /session/c3d7e61320b4c98726c14fb248c7548f/element/02f71652-bc25-492d-b2fd-4f6e630dd96a/text HTTP/1.1
User-Agent: selenium/4.1.2 (java windows)
Cache-Control: no-cache
Content-Type: application/json; charset=utf-8
host: localhost:63809
accept: */*

Response DefaultHttpResponse(decodeResult: success, version: HTTP/1.1)
HTTP/1.1 200 OK
Content-Type: application/json; charset=utf-8
cache-control: no-cache
content-length: 59

11:03:19.146 [AsyncHttpClient-1-8] DEBUG o.a.netty.channel.ChannelManager - Adding key: http://localhost:63809 for channel [id: 0x0126c4a0, L:/127.0.0.1:64520 - R:localhost/127.0.0.1:63809]
11:03:20.150 [AsyncHttpClient-1-1] DEBUG o.a.netty.channel.DefaultChannelPool - Entry count for : http://localhost:63809 : 1
11:03:20.150 [AsyncHttpClient-1-1] DEBUG o.a.netty.channel.DefaultChannelPool - Entry count for : http://localhost:64521 : 1
  &amp#27;[32mWhen &amp#27;[0m&amp#27;[32muser login using invalid credentials with username &amp#27;[0m&amp#27;[32m&amp#27;[1m"invalidUser"&amp#27;[0m&amp#27;[32m and password &amp#27;[0m&amp#27;[32m&amp#27;[1m"InvalidPassword"&amp#27;[0m &amp#27;[90m# stepdefinitions.LoginPageSteps.user_login_using_invalid_credentials_with_username_and_password(java.lang.String,java.lang.String)&amp#27;[0m
11:03:21.164 [Forwarding getTitle on session c3d7e61320b4c98726c14fb248c7548f to remote] DEBUG o.a.netty.request.NettyRequestSender - Using pooled Channel '[id: 0x0126c4a0, L:/127.0.0.1:64520 - R:localhost/127.0.0.1:63809]' for 'GET' to 'http://localhost:63809/session/c3d7e61320b4c98726c14fb248c7548f/title'
11:03:21.164 [Forwarding getTitle on session c3d7e61320b4c98726c14fb248c7548f to remote] DEBUG o.a.netty.request.NettyRequestSender - Using open Channel [id: 0x0126c4a0, L:/127.0.0.1:64520 - R:localhost/127.0.0.1:63809] for GET '/session/c3d7e61320b4c98726c14fb248c7548f/title'
11:03:21.166 [AsyncHttpClient-1-8] DEBUG o.a.netty.handler.HttpHandler - 

Request DefaultFullHttpRequest(decodeResult: success, version: HTTP/1.1, content: EmptyByteBufBE)
GET /session/c3d7e61320b4c98726c14fb248c7548f/title HTTP/1.1
User-Agent: selenium/4.1.2 (java windows)
Cache-Control: no-cache
Content-Type: application/json; charset=utf-8
host: localhost:63809
accept: */*

Response DefaultHttpResponse(decodeResult: success, version: HTTP/1.1)
HTTP/1.1 200 OK
Content-Type: application/json; charset=utf-8
cache-control: no-cache
content-length: 22

11:03:21.166 [AsyncHttpClient-1-8] DEBUG o.a.netty.channel.ChannelManager - Adding key: http://localhost:63809 for channel [id: 0x0126c4a0, L:/127.0.0.1:64520 - R:localhost/127.0.0.1:63809]
11:03:21.167 [main] DEBUG com.pages.LoginPage - verifyApplication: 'Login Page' 
11:03:21.167 [Forwarding getTitle on session c3d7e61320b4c98726c14fb248c7548f to remote] DEBUG o.a.netty.request.NettyRequestSender - Using pooled Channel '[id: 0x0126c4a0, L:/127.0.0.1:64520 - R:localhost/127.0.0.1:63809]' for 'GET' to 'http://localhost:63809/session/c3d7e61320b4c98726c14fb248c7548f/title'
11:03:21.167 [Forwarding getTitle on session c3d7e61320b4c98726c14fb248c7548f to remote] DEBUG o.a.netty.request.NettyRequestSender - Using open Channel [id: 0x0126c4a0, L:/127.0.0.1:64520 - R:localhost/127.0.0.1:63809] for GET '/session/c3d7e61320b4c98726c14fb248c7548f/title'
11:03:21.169 [AsyncHttpClient-1-8] DEBUG o.a.netty.handler.HttpHandler - 

Request DefaultFullHttpRequest(decodeResult: success, version: HTTP/1.1, content: EmptyByteBufBE)
GET /session/c3d7e61320b4c98726c14fb248c7548f/title HTTP/1.1
User-Agent: selenium/4.1.2 (java windows)
Cache-Control: no-cache
Content-Type: application/json; charset=utf-8
host: localhost:63809
accept: */*

Response DefaultHttpResponse(decodeResult: success, version: HTTP/1.1)
HTTP/1.1 200 OK
Content-Type: application/json; charset=utf-8
cache-control: no-cache
content-length: 22

11:03:21.169 [AsyncHttpClient-1-8] DEBUG o.a.netty.channel.ChannelManager - Adding key: http://localhost:63809 for channel [id: 0x0126c4a0, L:/127.0.0.1:64520 - R:localhost/127.0.0.1:63809]
11:03:21.254 [AsyncHttpClient-1-1] DEBUG o.a.netty.channel.DefaultChannelPool - Entry count for : http://localhost:63809 : 1
11:03:21.254 [AsyncHttpClient-1-1] DEBUG o.a.netty.channel.DefaultChannelPool - Entry count for : http://localhost:64521 : 1
11:03:22.347 [AsyncHttpClient-1-1] DEBUG o.a.netty.channel.DefaultChannelPool - Entry count for : http://localhost:63809 : 1
11:03:22.347 [AsyncHttpClient-1-1] DEBUG o.a.netty.channel.DefaultChannelPool - Entry count for : http://localhost:64521 : 1
11:03:23.452 [AsyncHttpClient-1-1] DEBUG o.a.netty.channel.DefaultChannelPool - Entry count for : http://localhost:63809 : 1
11:03:23.452 [AsyncHttpClient-1-1] DEBUG o.a.netty.channel.DefaultChannelPool - Entry count for : http://localhost:64521 : 1
11:03:24.549 [AsyncHttpClient-1-1] DEBUG o.a.netty.channel.DefaultChannelPool - Entry count for : http://localhost:63809 : 1
11:03:24.549 [AsyncHttpClient-1-1] DEBUG o.a.netty.channel.DefaultChannelPool - Entry count for : http://localhost:64521 : 1
11:03:25.648 [AsyncHttpClient-1-1] DEBUG o.a.netty.channel.DefaultChannelPool - Entry count for : http://localhost:63809 : 1
11:03:25.648 [AsyncHttpClient-1-1] DEBUG o.a.netty.channel.DefaultChannelPool - Entry count for : http://localhost:64521 : 1
11:03:26.183 [main] DEBUG com.pages.LoginPage - verifyErrorMessage: 'The information you entered was not recognized.' 
11:03:26.183 [Forwarding findElement on session c3d7e61320b4c98726c14fb248c7548f to remote] DEBUG o.a.netty.request.NettyRequestSender - Using pooled Channel '[id: 0x0126c4a0, L:/127.0.0.1:64520 - R:localhost/127.0.0.1:63809]' for 'POST' to 'http://localhost:63809/session/c3d7e61320b4c98726c14fb248c7548f/element'
11:03:26.183 [Forwarding findElement on session c3d7e61320b4c98726c14fb248c7548f to remote] DEBUG o.a.netty.request.NettyRequestSender - Using open Channel [id: 0x0126c4a0, L:/127.0.0.1:64520 - R:localhost/127.0.0.1:63809] for POST '/session/c3d7e61320b4c98726c14fb248c7548f/element'
11:03:26.187 [AsyncHttpClient-1-8] DEBUG o.a.netty.handler.HttpHandler - 

Request DefaultHttpRequest(decodeResult: success, version: HTTP/1.1)
POST /session/c3d7e61320b4c98726c14fb248c7548f/element HTTP/1.1
User-Agent: selenium/4.1.2 (java windows)
Content-Length: 75
Content-Type: application/json; charset=utf-8
host: localhost:63809
accept: */*

Response DefaultHttpResponse(decodeResult: success, version: HTTP/1.1)
HTTP/1.1 200 OK
Content-Type: application/json; charset=utf-8
cache-control: no-cache
content-length: 88

11:03:26.188 [AsyncHttpClient-1-8] DEBUG o.a.netty.channel.ChannelManager - Adding key: http://localhost:63809 for channel [id: 0x0126c4a0, L:/127.0.0.1:64520 - R:localhost/127.0.0.1:63809]
11:03:26.190 [Forwarding isElementDisplayed on session c3d7e61320b4c98726c14fb248c7548f to remote] DEBUG o.a.netty.request.NettyRequestSender - Using pooled Channel '[id: 0x0126c4a0, L:/127.0.0.1:64520 - R:localhost/127.0.0.1:63809]' for 'POST' to 'http://localhost:63809/session/c3d7e61320b4c98726c14fb248c7548f/execute/sync'
11:03:26.190 [Forwarding isElementDisplayed on session c3d7e61320b4c98726c14fb248c7548f to remote] DEBUG o.a.netty.request.NettyRequestSender - Using open Channel [id: 0x0126c4a0, L:/127.0.0.1:64520 - R:localhost/127.0.0.1:63809] for POST '/session/c3d7e61320b4c98726c14fb248c7548f/execute/sync'
11:03:26.196 [AsyncHttpClient-1-8] DEBUG o.a.netty.handler.HttpHandler - 

Request DefaultHttpRequest(decodeResult: success, version: HTTP/1.1)
POST /session/c3d7e61320b4c98726c14fb248c7548f/execute/sync HTTP/1.1
User-Agent: selenium/4.1.2 (java windows)
Content-Length: 48780
Content-Type: application/json; charset=utf-8
host: localhost:63809
accept: */*

Response DefaultHttpResponse(decodeResult: success, version: HTTP/1.1)
HTTP/1.1 200 OK
Content-Type: application/json; charset=utf-8
cache-control: no-cache
content-length: 14

11:03:26.196 [AsyncHttpClient-1-8] DEBUG o.a.netty.channel.ChannelManager - Adding key: http://localhost:63809 for channel [id: 0x0126c4a0, L:/127.0.0.1:64520 - R:localhost/127.0.0.1:63809]
11:03:26.196 [Forwarding getElementText on session c3d7e61320b4c98726c14fb248c7548f to remote] DEBUG o.a.netty.request.NettyRequestSender - Using pooled Channel '[id: 0x0126c4a0, L:/127.0.0.1:64520 - R:localhost/127.0.0.1:63809]' for 'GET' to 'http://localhost:63809/session/c3d7e61320b4c98726c14fb248c7548f/element/02f71652-bc25-492d-b2fd-4f6e630dd96a/text'
11:03:26.196 [Forwarding getElementText on session c3d7e61320b4c98726c14fb248c7548f to remote] DEBUG o.a.netty.request.NettyRequestSender - Using open Channel [id: 0x0126c4a0, L:/127.0.0.1:64520 - R:localhost/127.0.0.1:63809] for GET '/session/c3d7e61320b4c98726c14fb248c7548f/element/02f71652-bc25-492d-b2fd-4f6e630dd96a/text'
11:03:26.200 [AsyncHttpClient-1-8] DEBUG o.a.netty.handler.HttpHandler - 

Request DefaultFullHttpRequest(decodeResult: success, version: HTTP/1.1, content: EmptyByteBufBE)
GET /session/c3d7e61320b4c98726c14fb248c7548f/element/02f71652-bc25-492d-b2fd-4f6e630dd96a/text HTTP/1.1
User-Agent: selenium/4.1.2 (java windows)
Cache-Control: no-cache
Content-Type: application/json; charset=utf-8
host: localhost:63809
accept: */*

Response DefaultHttpResponse(decodeResult: success, version: HTTP/1.1)
HTTP/1.1 200 OK
Content-Type: application/json; charset=utf-8
cache-control: no-cache
content-length: 59

11:03:26.200 [AsyncHttpClient-1-8] DEBUG o.a.netty.channel.ChannelManager - Adding key: http://localhost:63809 for channel [id: 0x0126c4a0, L:/127.0.0.1:64520 - R:localhost/127.0.0.1:63809]
11:03:26.760 [AsyncHttpClient-1-1] DEBUG o.a.netty.channel.DefaultChannelPool - Entry count for : http://localhost:63809 : 1
11:03:26.760 [AsyncHttpClient-1-1] DEBUG o.a.netty.channel.DefaultChannelPool - Entry count for : http://localhost:64521 : 1
11:03:27.851 [AsyncHttpClient-1-1] DEBUG o.a.netty.channel.DefaultChannelPool - Entry count for : http://localhost:63809 : 1
11:03:27.851 [AsyncHttpClient-1-1] DEBUG o.a.netty.channel.DefaultChannelPool - Entry count for : http://localhost:64521 : 1
  &amp#27;[32mThen &amp#27;[0m&amp#27;[32muser should not proceed to Dashboard Page&amp#27;[0m                                                       &amp#27;[90m# stepdefinitions.LoginPageSteps.user_should_not_proceed_to_dashboard_page()&amp#27;[0m
11:03:28.949 [AsyncHttpClient-1-1] DEBUG o.a.netty.channel.DefaultChannelPool - Entry count for : http://localhost:63809 : 1
11:03:28.949 [AsyncHttpClient-1-1] DEBUG o.a.netty.channel.DefaultChannelPool - Entry count for : http://localhost:64521 : 1
11:03:30.057 [AsyncHttpClient-1-1] DEBUG o.a.netty.channel.DefaultChannelPool - Entry count for : http://localhost:63809 : 1
11:03:30.057 [AsyncHttpClient-1-1] DEBUG o.a.netty.channel.DefaultChannelPool - Entry count for : http://localhost:64521 : 1
11:03:30.214 [main] DEBUG com.pages.LoginPage - enterUserCredentails: username = 'user@vrbank' | password = 'pega123!' 
11:03:30.214 [Forwarding findElement on session c3d7e61320b4c98726c14fb248c7548f to remote] DEBUG o.a.netty.request.NettyRequestSender - Using pooled Channel '[id: 0x0126c4a0, L:/127.0.0.1:64520 - R:localhost/127.0.0.1:63809]' for 'POST' to 'http://localhost:63809/session/c3d7e61320b4c98726c14fb248c7548f/element'
11:03:30.214 [Forwarding findElement on session c3d7e61320b4c98726c14fb248c7548f to remote] DEBUG o.a.netty.request.NettyRequestSender - Using open Channel [id: 0x0126c4a0, L:/127.0.0.1:64520 - R:localhost/127.0.0.1:63809] for POST '/session/c3d7e61320b4c98726c14fb248c7548f/element'
11:03:30.218 [AsyncHttpClient-1-8] DEBUG o.a.netty.handler.HttpHandler - 

Request DefaultHttpRequest(decodeResult: success, version: HTTP/1.1)
POST /session/c3d7e61320b4c98726c14fb248c7548f/element HTTP/1.1
User-Agent: selenium/4.1.2 (java windows)
Content-Length: 128
Content-Type: application/json; charset=utf-8
host: localhost:63809
accept: */*

Response DefaultHttpResponse(decodeResult: success, version: HTTP/1.1)
HTTP/1.1 200 OK
Content-Type: application/json; charset=utf-8
cache-control: no-cache
content-length: 88

11:03:30.219 [AsyncHttpClient-1-8] DEBUG o.a.netty.channel.ChannelManager - Adding key: http://localhost:63809 for channel [id: 0x0126c4a0, L:/127.0.0.1:64520 - R:localhost/127.0.0.1:63809]
11:03:30.220 [Forwarding sendKeysToElement on session c3d7e61320b4c98726c14fb248c7548f to remote] DEBUG o.a.netty.request.NettyRequestSender - Using pooled Channel '[id: 0x0126c4a0, L:/127.0.0.1:64520 - R:localhost/127.0.0.1:63809]' for 'POST' to 'http://localhost:63809/session/c3d7e61320b4c98726c14fb248c7548f/element/0c536e5e-6788-4178-a300-3a010cff87dd/value'
11:03:30.220 [Forwarding sendKeysToElement on session c3d7e61320b4c98726c14fb248c7548f to remote] DEBUG o.a.netty.request.NettyRequestSender - Using open Channel [id: 0x0126c4a0, L:/127.0.0.1:64520 - R:localhost/127.0.0.1:63809] for POST '/session/c3d7e61320b4c98726c14fb248c7548f/element/0c536e5e-6788-4178-a300-3a010cff87dd/value'
11:03:30.240 [AsyncHttpClient-1-8] DEBUG o.a.netty.handler.HttpHandler - 

Request DefaultHttpRequest(decodeResult: success, version: HTTP/1.1)
POST /session/c3d7e61320b4c98726c14fb248c7548f/element/0c536e5e-6788-4178-a300-3a010cff87dd/value HTTP/1.1
User-Agent: selenium/4.1.2 (java windows)
Content-Length: 191
Content-Type: application/json; charset=utf-8
host: localhost:63809
accept: */*

Response DefaultHttpResponse(decodeResult: success, version: HTTP/1.1)
HTTP/1.1 200 OK
Content-Type: application/json; charset=utf-8
cache-control: no-cache
content-length: 14

11:03:30.240 [AsyncHttpClient-1-8] DEBUG o.a.netty.channel.ChannelManager - Adding key: http://localhost:63809 for channel [id: 0x0126c4a0, L:/127.0.0.1:64520 - R:localhost/127.0.0.1:63809]
11:03:30.241 [Forwarding findElement on session c3d7e61320b4c98726c14fb248c7548f to remote] DEBUG o.a.netty.request.NettyRequestSender - Using pooled Channel '[id: 0x0126c4a0, L:/127.0.0.1:64520 - R:localhost/127.0.0.1:63809]' for 'POST' to 'http://localhost:63809/session/c3d7e61320b4c98726c14fb248c7548f/element'
11:03:30.241 [Forwarding findElement on session c3d7e61320b4c98726c14fb248c7548f to remote] DEBUG o.a.netty.request.NettyRequestSender - Using open Channel [id: 0x0126c4a0, L:/127.0.0.1:64520 - R:localhost/127.0.0.1:63809] for POST '/session/c3d7e61320b4c98726c14fb248c7548f/element'
11:03:30.245 [AsyncHttpClient-1-8] DEBUG o.a.netty.handler.HttpHandler - 

Request DefaultHttpRequest(decodeResult: success, version: HTTP/1.1)
POST /session/c3d7e61320b4c98726c14fb248c7548f/element HTTP/1.1
User-Agent: selenium/4.1.2 (java windows)
Content-Length: 132
Content-Type: application/json; charset=utf-8
host: localhost:63809
accept: */*

Response DefaultHttpResponse(decodeResult: success, version: HTTP/1.1)
HTTP/1.1 200 OK
Content-Type: application/json; charset=utf-8
cache-control: no-cache
content-length: 88

11:03:30.245 [AsyncHttpClient-1-8] DEBUG o.a.netty.channel.ChannelManager - Adding key: http://localhost:63809 for channel [id: 0x0126c4a0, L:/127.0.0.1:64520 - R:localhost/127.0.0.1:63809]
11:03:30.246 [Forwarding sendKeysToElement on session c3d7e61320b4c98726c14fb248c7548f to remote] DEBUG o.a.netty.request.NettyRequestSender - Using pooled Channel '[id: 0x0126c4a0, L:/127.0.0.1:64520 - R:localhost/127.0.0.1:63809]' for 'POST' to 'http://localhost:63809/session/c3d7e61320b4c98726c14fb248c7548f/element/ae3b6d94-3970-4bb7-840b-f8bd8d96c377/value'
11:03:30.247 [Forwarding sendKeysToElement on session c3d7e61320b4c98726c14fb248c7548f to remote] DEBUG o.a.netty.request.NettyRequestSender - Using open Channel [id: 0x0126c4a0, L:/127.0.0.1:64520 - R:localhost/127.0.0.1:63809] for POST '/session/c3d7e61320b4c98726c14fb248c7548f/element/ae3b6d94-3970-4bb7-840b-f8bd8d96c377/value'
11:03:30.275 [AsyncHttpClient-1-8] DEBUG o.a.netty.handler.HttpHandler - 

Request DefaultHttpRequest(decodeResult: success, version: HTTP/1.1)
POST /session/c3d7e61320b4c98726c14fb248c7548f/element/ae3b6d94-3970-4bb7-840b-f8bd8d96c377/value HTTP/1.1
User-Agent: selenium/4.1.2 (java windows)
Content-Length: 161
Content-Type: application/json; charset=utf-8
host: localhost:63809
accept: */*

Response DefaultHttpResponse(decodeResult: success, version: HTTP/1.1)
HTTP/1.1 200 OK
Content-Type: application/json; charset=utf-8
cache-control: no-cache
content-length: 14

11:03:30.275 [AsyncHttpClient-1-8] DEBUG o.a.netty.channel.ChannelManager - Adding key: http://localhost:63809 for channel [id: 0x0126c4a0, L:/127.0.0.1:64520 - R:localhost/127.0.0.1:63809]
11:03:30.276 [Forwarding findElement on session c3d7e61320b4c98726c14fb248c7548f to remote] DEBUG o.a.netty.request.NettyRequestSender - Using pooled Channel '[id: 0x0126c4a0, L:/127.0.0.1:64520 - R:localhost/127.0.0.1:63809]' for 'POST' to 'http://localhost:63809/session/c3d7e61320b4c98726c14fb248c7548f/element'
11:03:30.276 [Forwarding findElement on session c3d7e61320b4c98726c14fb248c7548f to remote] DEBUG o.a.netty.request.NettyRequestSender - Using open Channel [id: 0x0126c4a0, L:/127.0.0.1:64520 - R:localhost/127.0.0.1:63809] for POST '/session/c3d7e61320b4c98726c14fb248c7548f/element'
11:03:30.280 [AsyncHttpClient-1-8] DEBUG o.a.netty.handler.HttpHandler - 

Request DefaultHttpRequest(decodeResult: success, version: HTTP/1.1)
POST /session/c3d7e61320b4c98726c14fb248c7548f/element HTTP/1.1
User-Agent: selenium/4.1.2 (java windows)
Content-Length: 125
Content-Type: application/json; charset=utf-8
host: localhost:63809
accept: */*

Response DefaultHttpResponse(decodeResult: success, version: HTTP/1.1)
HTTP/1.1 200 OK
Content-Type: application/json; charset=utf-8
cache-control: no-cache
content-length: 88

11:03:30.281 [AsyncHttpClient-1-8] DEBUG o.a.netty.channel.ChannelManager - Adding key: http://localhost:63809 for channel [id: 0x0126c4a0, L:/127.0.0.1:64520 - R:localhost/127.0.0.1:63809]
11:03:30.282 [Forwarding clickElement on session c3d7e61320b4c98726c14fb248c7548f to remote] DEBUG o.a.netty.request.NettyRequestSender - Using pooled Channel '[id: 0x0126c4a0, L:/127.0.0.1:64520 - R:localhost/127.0.0.1:63809]' for 'POST' to 'http://localhost:63809/session/c3d7e61320b4c98726c14fb248c7548f/element/57a854f9-840e-4ffd-8c95-258fb5b75c14/click'
11:03:30.282 [Forwarding clickElement on session c3d7e61320b4c98726c14fb248c7548f to remote] DEBUG o.a.netty.request.NettyRequestSender - Using open Channel [id: 0x0126c4a0, L:/127.0.0.1:64520 - R:localhost/127.0.0.1:63809] for POST '/session/c3d7e61320b4c98726c14fb248c7548f/element/57a854f9-840e-4ffd-8c95-258fb5b75c14/click'
11:03:31.148 [AsyncHttpClient-1-1] DEBUG o.a.netty.channel.DefaultChannelPool - Entry count for : http://localhost:64521 : 1
11:03:32.250 [AsyncHttpClient-1-8] DEBUG o.a.netty.handler.HttpHandler - 

Request DefaultHttpRequest(decodeResult: success, version: HTTP/1.1)
POST /session/c3d7e61320b4c98726c14fb248c7548f/element/57a854f9-840e-4ffd-8c95-258fb5b75c14/click HTTP/1.1
User-Agent: selenium/4.1.2 (java windows)
Content-Length: 50
Content-Type: application/json; charset=utf-8
host: localhost:63809
accept: */*

Response DefaultHttpResponse(decodeResult: success, version: HTTP/1.1)
HTTP/1.1 200 OK
Content-Type: application/json; charset=utf-8
cache-control: no-cache
content-length: 14

11:03:32.250 [AsyncHttpClient-1-8] DEBUG o.a.netty.channel.ChannelManager - Adding key: http://localhost:63809 for channel [id: 0x0126c4a0, L:/127.0.0.1:64520 - R:localhost/127.0.0.1:63809]
  &amp#27;[32mWhen &amp#27;[0m&amp#27;[32muser login using valid credentials with username &amp#27;[0m&amp#27;[32m&amp#27;[1m"user@vrbank"&amp#27;[0m&amp#27;[32m and password &amp#27;[0m&amp#27;[32m&amp#27;[1m"pega123!"&amp#27;[0m          &amp#27;[90m# stepdefinitions.LoginPageSteps.user_login_using_valid_credentials_with_username_and_password(java.lang.String,java.lang.String)&amp#27;[0m
11:03:32.253 [AsyncHttpClient-1-1] DEBUG o.a.netty.channel.DefaultChannelPool - Entry count for : http://localhost:63809 : 1
11:03:32.253 [AsyncHttpClient-1-1] DEBUG o.a.netty.channel.DefaultChannelPool - Entry count for : http://localhost:64521 : 1
11:03:32.253 [Forwarding getTitle on session c3d7e61320b4c98726c14fb248c7548f to remote] DEBUG o.a.netty.request.NettyRequestSender - Using pooled Channel '[id: 0x0126c4a0, L:/127.0.0.1:64520 - R:localhost/127.0.0.1:63809]' for 'GET' to 'http://localhost:63809/session/c3d7e61320b4c98726c14fb248c7548f/title'
11:03:32.253 [Forwarding getTitle on session c3d7e61320b4c98726c14fb248c7548f to remote] DEBUG o.a.netty.request.NettyRequestSender - Using open Channel [id: 0x0126c4a0, L:/127.0.0.1:64520 - R:localhost/127.0.0.1:63809] for GET '/session/c3d7e61320b4c98726c14fb248c7548f/title'
11:03:32.256 [AsyncHttpClient-1-8] DEBUG o.a.netty.handler.HttpHandler - 

Request DefaultFullHttpRequest(decodeResult: success, version: HTTP/1.1, content: EmptyByteBufBE)
GET /session/c3d7e61320b4c98726c14fb248c7548f/title HTTP/1.1
User-Agent: selenium/4.1.2 (java windows)
Cache-Control: no-cache
Content-Type: application/json; charset=utf-8
host: localhost:63809
accept: */*

Response DefaultHttpResponse(decodeResult: success, version: HTTP/1.1)
HTTP/1.1 200 OK
Content-Type: application/json; charset=utf-8
cache-control: no-cache
content-length: 30

11:03:32.256 [AsyncHttpClient-1-8] DEBUG o.a.netty.channel.ChannelManager - Adding key: http://localhost:63809 for channel [id: 0x0126c4a0, L:/127.0.0.1:64520 - R:localhost/127.0.0.1:63809]
11:03:32.256 [main] DEBUG com.pages.LoginPage - verifyApplication: 'Cosmos Application' 
11:03:32.257 [Forwarding getTitle on session c3d7e61320b4c98726c14fb248c7548f to remote] DEBUG o.a.netty.request.NettyRequestSender - Using pooled Channel '[id: 0x0126c4a0, L:/127.0.0.1:64520 - R:localhost/127.0.0.1:63809]' for 'GET' to 'http://localhost:63809/session/c3d7e61320b4c98726c14fb248c7548f/title'
11:03:32.257 [Forwarding getTitle on session c3d7e61320b4c98726c14fb248c7548f to remote] DEBUG o.a.netty.request.NettyRequestSender - Using open Channel [id: 0x0126c4a0, L:/127.0.0.1:64520 - R:localhost/127.0.0.1:63809] for GET '/session/c3d7e61320b4c98726c14fb248c7548f/title'
11:03:32.259 [AsyncHttpClient-1-8] DEBUG o.a.netty.handler.HttpHandler - 

Request DefaultFullHttpRequest(decodeResult: success, version: HTTP/1.1, content: EmptyByteBufBE)
GET /session/c3d7e61320b4c98726c14fb248c7548f/title HTTP/1.1
User-Agent: selenium/4.1.2 (java windows)
Cache-Control: no-cache
Content-Type: application/json; charset=utf-8
host: localhost:63809
accept: */*

Response DefaultHttpResponse(decodeResult: success, version: HTTP/1.1)
HTTP/1.1 200 OK
Content-Type: application/json; charset=utf-8
cache-control: no-cache
content-length: 30

11:03:32.259 [AsyncHttpClient-1-8] DEBUG o.a.netty.channel.ChannelManager - Adding key: http://localhost:63809 for channel [id: 0x0126c4a0, L:/127.0.0.1:64520 - R:localhost/127.0.0.1:63809]
11:03:33.352 [AsyncHttpClient-1-1] DEBUG o.a.netty.channel.DefaultChannelPool - Entry count for : http://localhost:63809 : 1
11:03:33.352 [AsyncHttpClient-1-1] DEBUG o.a.netty.channel.DefaultChannelPool - Entry count for : http://localhost:64521 : 1
11:03:34.454 [AsyncHttpClient-1-1] DEBUG o.a.netty.channel.DefaultChannelPool - Entry count for : http://localhost:63809 : 1
11:03:34.454 [AsyncHttpClient-1-1] DEBUG o.a.netty.channel.DefaultChannelPool - Entry count for : http://localhost:64521 : 1
11:03:35.548 [AsyncHttpClient-1-1] DEBUG o.a.netty.channel.DefaultChannelPool - Entry count for : http://localhost:63809 : 1
11:03:35.548 [AsyncHttpClient-1-1] DEBUG o.a.netty.channel.DefaultChannelPool - Entry count for : http://localhost:64521 : 1
11:03:36.661 [AsyncHttpClient-1-1] DEBUG o.a.netty.channel.DefaultChannelPool - Entry count for : http://localhost:63809 : 1
11:03:36.661 [AsyncHttpClient-1-1] DEBUG o.a.netty.channel.DefaultChannelPool - Entry count for : http://localhost:64521 : 1
  &amp#27;[32mThen &amp#27;[0m&amp#27;[32muser should proceed to Dashboard Page&amp#27;[0m                                                           &amp#27;[90m# stepdefinitions.LoginPageSteps.user_should_proceed_to_dashboard_page()&amp#27;[0m
11:03:37.264 [main] DEBUG com.pages.drivers.DriversFactory - close the browser
11:03:37.265 [AsyncHttpClient-1-10] DEBUG o.a.netty.handler.WebSocketHandler - Channel Closed: [id: 0xf79b575d, L:/127.0.0.1:64528 ! R:localhost/127.0.0.1:64521] with attribute NettyResponseFuture{currentRetry=5,
	isDone=1,
	isCancelled=0,
	asyncHandler=org.asynchttpclient.ws.WebSocketUpgradeHandler@55fec8da,
	nettyRequest=org.asynchttpclient.netty.request.NettyRequest@10fc4c01,
	future=java.util.concurrent.CompletableFuture@7a0da647[Completed normally],
	uri=ws://localhost:64521/devtools/browser/2396f85f-3b44-4a70-b1fe-3403934cf625,
	keepAlive=true,
	redirectCount=0,
	timeoutsHolder=null,
	inAuth=0,
	touch=1647831791088}
11:03:37.265 [AsyncHttpClient-1-10] DEBUG o.a.netty.channel.ChannelManager - Closing Channel [id: 0xf79b575d, L:/127.0.0.1:64528 ! R:localhost/127.0.0.1:64521] 
11:03:37.265 [Driver Command Executor] DEBUG o.a.netty.request.NettyRequestSender - Using pooled Channel '[id: 0x0126c4a0, L:/127.0.0.1:64520 - R:localhost/127.0.0.1:63809]' for 'DELETE' to 'http://localhost:63809/session/c3d7e61320b4c98726c14fb248c7548f'
11:03:37.265 [Driver Command Executor] DEBUG o.a.netty.request.NettyRequestSender - Using open Channel [id: 0x0126c4a0, L:/127.0.0.1:64520 - R:localhost/127.0.0.1:63809] for DELETE '/session/c3d7e61320b4c98726c14fb248c7548f'
11:03:37.281 [AsyncHttpClient-1-9] DEBUG o.a.netty.handler.HttpHandler - Unexpected I/O exception on channel [id: 0x0adbfed9, L:/127.0.0.1:64527 - R:localhost/127.0.0.1:64521]
java.net.SocketException: Connection reset
	at java.base/sun.nio.ch.SocketChannelImpl.throwConnectionReset(SocketChannelImpl.java:367) ~[na:na]
	at java.base/sun.nio.ch.SocketChannelImpl.read(SocketChannelImpl.java:398) ~[na:na]
	at io.netty.buffer.PooledByteBuf.setBytes(PooledByteBuf.java:253) ~[netty-buffer-4.1.70.Final.jar:4.1.70.Final]
	at io.netty.buffer.AbstractByteBuf.writeBytes(AbstractByteBuf.java:1132) ~[netty-buffer-4.1.70.Final.jar:4.1.70.Final]
	at io.netty.channel.socket.nio.NioSocketChannel.doReadBytes(NioSocketChannel.java:350) ~[netty-transport-4.1.70.Final.jar:4.1.70.Final]
	at io.netty.channel.nio.AbstractNioByteChannel$NioByteUnsafe.read(AbstractNioByteChannel.java:151) ~[netty-transport-4.1.70.Final.jar:4.1.70.Final]
	at io.netty.channel.nio.NioEventLoop.processSelectedKey(NioEventLoop.java:719) ~[netty-transport-4.1.70.Final.jar:4.1.70.Final]
	at io.netty.channel.nio.NioEventLoop.processSelectedKeysOptimized(NioEventLoop.java:655) ~[netty-transport-4.1.70.Final.jar:4.1.70.Final]
	at io.netty.channel.nio.NioEventLoop.processSelectedKeys(NioEventLoop.java:581) ~[netty-transport-4.1.70.Final.jar:4.1.70.Final]
	at io.netty.channel.nio.NioEventLoop.run(NioEventLoop.java:493) ~[netty-transport-4.1.70.Final.jar:4.1.70.Final]
	at io.netty.util.concurrent.SingleThreadEventExecutor$4.run(SingleThreadEventExecutor.java:986) ~[netty-common-4.1.70.Final.jar:4.1.70.Final]
	at io.netty.util.internal.ThreadExecutorMap$2.run(ThreadExecutorMap.java:74) ~[netty-common-4.1.70.Final.jar:4.1.70.Final]
	at io.netty.util.concurrent.FastThreadLocalRunnable.run(FastThreadLocalRunnable.java:30) ~[netty-common-4.1.70.Final.jar:4.1.70.Final]
	at java.base/java.lang.Thread.run(Thread.java:832) ~[na:na]
11:03:37.281 [AsyncHttpClient-1-9] DEBUG o.a.netty.channel.ChannelManager - Closing Channel [id: 0x0adbfed9, L:/127.0.0.1:64527 - R:localhost/127.0.0.1:64521] 
11:03:37.281 [AsyncHttpClient-1-9] DEBUG o.a.netty.handler.HttpHandler - Channel Closed: [id: 0x0adbfed9, L:/127.0.0.1:64527 ! R:localhost/127.0.0.1:64521] with attribute DISCARD
11:03:37.292 [AsyncHttpClient-1-8] DEBUG o.a.netty.handler.HttpHandler - 

Request DefaultFullHttpRequest(decodeResult: success, version: HTTP/1.1, content: EmptyByteBufBE)
DELETE /session/c3d7e61320b4c98726c14fb248c7548f HTTP/1.1
User-Agent: selenium/4.1.2 (java windows)
Content-Type: application/json; charset=utf-8
host: localhost:63809
accept: */*

Response DefaultHttpResponse(decodeResult: success, version: HTTP/1.1)
HTTP/1.1 200 OK
Content-Type: application/json; charset=utf-8
cache-control: no-cache
content-length: 14

11:03:37.292 [AsyncHttpClient-1-8] DEBUG o.a.netty.channel.ChannelManager - Adding key: http://localhost:63809 for channel [id: 0x0126c4a0, L:/127.0.0.1:64520 - R:localhost/127.0.0.1:63809]
11:03:37.330 [AsyncHttpClient-1-8] DEBUG o.a.netty.handler.HttpHandler - Channel Closed: [id: 0x0126c4a0, L:/127.0.0.1:64520 ! R:localhost/127.0.0.1:63809] with attribute DISCARD
11:03:37.753 [AsyncHttpClient-1-1] DEBUG o.a.netty.channel.DefaultChannelPool - Entry count for : http://localhost:63809 : 1
11:03:37.753 [AsyncHttpClient-1-1] DEBUG o.a.netty.channel.DefaultChannelPool - Entry count for : http://localhost:64521 : 1
11:03:37.753 [AsyncHttpClient-1-1] DEBUG o.a.netty.channel.DefaultChannelPool - Adding Candidate expired Channel [id: 0x0126c4a0, L:/127.0.0.1:64520 ! R:localhost/127.0.0.1:63809] isIdleTimeoutExpired=false isRemotelyClosed=true isTtlExpired=false
11:03:37.753 [AsyncHttpClient-1-1] DEBUG o.a.netty.channel.DefaultChannelPool - Closing Idle Channel [id: 0x0126c4a0, L:/127.0.0.1:64520 ! R:localhost/127.0.0.1:63809]
11:03:37.753 [AsyncHttpClient-1-1] DEBUG o.a.netty.channel.DefaultChannelPool - Adding Candidate expired Channel [id: 0x0adbfed9, L:/127.0.0.1:64527 ! R:localhost/127.0.0.1:64521] isIdleTimeoutExpired=false isRemotelyClosed=true isTtlExpired=false
11:03:37.753 [AsyncHttpClient-1-1] DEBUG o.a.netty.channel.DefaultChannelPool - Closing Idle Channel [id: 0x0adbfed9, L:/127.0.0.1:64527 ! R:localhost/127.0.0.1:64521]
11:03:37.753 [AsyncHttpClient-1-1] DEBUG o.a.netty.channel.DefaultChannelPool - Closed 2 connections out of 2 in 0 ms
11:03:37.849 [main] INFO   - 
  _____   ___   ___   _____     ___     _     ___   ___   ___   ___  
 |_   _| | __| / __| |_   _|   | _ \   /_\   / __| / __| | __| |   \ 
   | |   | _|  \__ \   | |     |  _/  / _ \  \__ \ \__ \ | _|  | |) |
   |_|   |___| |___/   |_|     |_|   /_/ \_\ |___/ |___/ |___| |___/ 

Login to PEGA Site using User
----------------------------------------------------------------------
]]></system-out>
    <system-err><![CDATA[Starting ChromeDriver 99.0.4844.51 (d537ec02474b5afe23684e7963d538896c63ac77-refs/branch-heads/4844@{#875}) on port 63809
Only local connections are allowed.
Please see https://chromedriver.chromium.org/security-considerations for suggestions on keeping ChromeDriver safe.
ChromeDriver was started successfully.
Mar 21, 2022 11:03:11 AM org.openqa.selenium.remote.ProtocolHandshake createSession
INFO: Detected dialect: W3C
Mar 21, 2022 11:03:11 AM org.openqa.selenium.devtools.CdpVersionFinder findNearestMatch
WARNING: Unable to find an exact match for CDP version 99, so returning the closest version found: 96
Mar 21, 2022 11:03:11 AM org.openqa.selenium.devtools.CdpVersionFinder findNearestMatch
INFO: Found CDP implementation for version 99 of 96
]]></system-err>
  </testcase>
</testsuite>