<?xml version="1.0" encoding="UTF-8"?>
<testsuite xmlns:xsi="http://www.w3.org/2001/XMLSchema-instance" xsi:noNamespaceSchemaLocation="https://maven.apache.org/surefire/maven-failsafe-plugin/xsd/failsafe-test-report-3.0.xsd" version="3.0" name="testsuites.HCLTestRunner" time="100.294" tests="3" errors="0" skipped="0" failures="0">
  <properties>
    <property name="java.specification.version" value="15"/>
    <property name="webdriver.chrome.driver" value="C:\Users\DheyClaveria\.cache\selenium\chromedriver\win32\99.0.4844.51\chromedriver.exe"/>
    <property name="sun.cpu.isalist" value="amd64"/>
    <property name="sun.jnu.encoding" value="Cp1252"/>
    <property name="java.class.path" value="Z:\Automation\JavaCucumber\BDD_HCL\CucumberHCL\target\test-classes;C:\Users\DheyClaveria\.m2\repository\com\github\ralfstuckert\pdfbox-layout\pdfbox2-layout\1.0.1\pdfbox2-layout-1.0.1.jar;C:\Users\DheyClaveria\.m2\repository\org\apache\pdfbox\pdfbox\2.0.4\pdfbox-2.0.4.jar;C:\Users\DheyClaveria\.m2\repository\org\apache\pdfbox\fontbox\2.0.4\fontbox-2.0.4.jar;C:\Users\DheyClaveria\.m2\repository\commons-logging\commons-logging\1.2\commons-logging-1.2.jar;C:\Users\DheyClaveria\.m2\repository\io\rest-assured\rest-assured-all\4.3.2\rest-assured-all-4.3.2.jar;C:\Users\DheyClaveria\.m2\repository\org\codehaus\groovy\groovy\3.0.6\groovy-3.0.6.jar;C:\Users\DheyClaveria\.m2\repository\org\apache\commons\commons-lang3\3.11\commons-lang3-3.11.jar;C:\Users\DheyClaveria\.m2\repository\org\codehaus\groovy\groovy-xml\3.0.6\groovy-xml-3.0.6.jar;C:\Users\DheyClaveria\.m2\repository\org\ccil\cowan\tagsoup\tagsoup\1.2.1\tagsoup-1.2.1.jar;C:\Users\DheyClaveria\.m2\repository\jakarta\xml\bind\jakarta.xml.bind-api\2.3.3\jakarta.xml.bind-api-2.3.3.jar;C:\Users\DheyClaveria\.m2\repository\jakarta\activation\jakarta.activation-api\1.2.2\jakarta.activation-api-1.2.2.jar;C:\Users\DheyClaveria\.m2\repository\com\sun\xml\bind\jaxb-impl\2.3.3\jaxb-impl-2.3.3.jar;C:\Users\DheyClaveria\.m2\repository\org\codehaus\groovy\groovy-json\3.0.6\groovy-json-3.0.6.jar;C:\Users\DheyClaveria\.m2\repository\ch\qos\logback\logback-classic\1.1.3\logback-classic-1.1.3.jar;C:\Users\DheyClaveria\.m2\repository\ch\qos\logback\logback-core\1.1.3\logback-core-1.1.3.jar;C:\Users\DheyClaveria\.m2\repository\org\slf4j\slf4j-api\1.7.7\slf4j-api-1.7.7.jar;C:\Users\DheyClaveria\.m2\repository\org\json\json\20210307\json-20210307.jar;C:\Users\DheyClaveria\.m2\repository\com\ea\async\ea-async\1.2.3\ea-async-1.2.3.jar;C:\Users\DheyClaveria\.m2\repository\junit\junit\4.13.1\junit-4.13.1.jar;C:\Users\DheyClaveria\.m2\repository\org\hamcrest\hamcrest-core\1.3\hamcrest-core-1.3.jar;C:\Users\DheyClaveria\.m2\repository\net\serenity-bdd\serenity-assertions\3.2.1\serenity-assertions-3.2.1.jar;C:\Users\DheyClaveria\.m2\repository\net\serenity-bdd\serenity-screenplay\3.2.1\serenity-screenplay-3.2.1.jar;C:\Users\DheyClaveria\.m2\repository\org\assertj\assertj-core\3.22.0\assertj-core-3.22.0.jar;C:\Users\DheyClaveria\.m2\repository\net\serenity-bdd\serenity-ensure\3.2.1\serenity-ensure-3.2.1.jar;C:\Users\DheyClaveria\.m2\repository\net\serenity-bdd\serenity-model\3.2.1\serenity-model-3.2.1.jar;C:\Users\DheyClaveria\.m2\repository\org\apache\commons\commons-text\1.9\commons-text-1.9.jar;C:\Users\DheyClaveria\.m2\repository\commons-net\commons-net\3.8.0\commons-net-3.8.0.jar;C:\Users\DheyClaveria\.m2\repository\com\google\inject\guice\5.1.0\guice-5.1.0.jar;C:\Users\DheyClaveria\.m2\repository\javax\inject\javax.inject\1\javax.inject-1.jar;C:\Users\DheyClaveria\.m2\repository\aopalliance\aopalliance\1.0\aopalliance-1.0.jar;C:\Users\DheyClaveria\.m2\repository\com\thoughtworks\xstream\xstream\1.4.19\xstream-1.4.19.jar;C:\Users\DheyClaveria\.m2\repository\io\github\x-stream\mxparser\1.2.2\mxparser-1.2.2.jar;C:\Users\DheyClaveria\.m2\repository\xmlpull\xmlpull\1.1.3.1\xmlpull-1.1.3.1.jar;C:\Users\DheyClaveria\.m2\repository\com\typesafe\config\1.4.2\config-1.4.2.jar;C:\Users\DheyClaveria\.m2\repository\org\imgscalr\imgscalr-lib\4.2\imgscalr-lib-4.2.jar;C:\Users\DheyClaveria\.m2\repository\org\awaitility\awaitility\4.2.0\awaitility-4.2.0.jar;C:\Users\DheyClaveria\.m2\repository\org\freemarker\freemarker\2.3.31\freemarker-2.3.31.jar;C:\Users\DheyClaveria\.m2\repository\io\github\classgraph\classgraph\4.8.138\classgraph-4.8.138.jar;C:\Users\DheyClaveria\.m2\repository\net\sourceforge\jexcelapi\jxl\2.6.12\jxl-2.6.12.jar;C:\Users\DheyClaveria\.m2\repository\net\bytebuddy\byte-buddy\1.12.8\byte-buddy-1.12.8.jar;C:\Users\DheyClaveria\.m2\repository\net\bytebuddy\byte-buddy-agent\1.12.8\byte-buddy-agent-1.12.8.jar;C:\Users\DheyClaveria\.m2\repository\org\objenesis\objenesis\3.1\objenesis-3.1.jar;C:\Users\DheyClaveria\.m2\repository\net\serenity-bdd\serenity-screenplay-webdriver\3.2.1\serenity-screenplay-webdriver-3.2.1.jar;C:\Users\DheyClaveria\.m2\repository\org\jetbrains\kotlin\kotlin-stdlib\1.6.0\kotlin-stdlib-1.6.0.jar;C:\Users\DheyClaveria\.m2\repository\org\jetbrains\annotations\13.0\annotations-13.0.jar;C:\Users\DheyClaveria\.m2\repository\org\jetbrains\kotlin\kotlin-stdlib-common\1.6.0\kotlin-stdlib-common-1.6.0.jar;C:\Users\DheyClaveria\.m2\repository\net\serenity-bdd\serenity-core\3.2.1\serenity-core-3.2.1.jar;C:\Users\DheyClaveria\.m2\repository\net\serenity-bdd\serenity-reports\3.2.1\serenity-reports-3.2.1.jar;C:\Users\DheyClaveria\.m2\repository\net\serenity-bdd\serenity-stats\3.2.1\serenity-stats-3.2.1.jar;C:\Users\DheyClaveria\.m2\repository\net\serenity-bdd\serenity-reports-configuration\3.2.1\serenity-reports-configuration-3.2.1.jar;C:\Users\DheyClaveria\.m2\repository\com\vladsch\flexmark\flexmark-all\0.34.30\flexmark-all-0.34.30.jar;C:\Users\DheyClaveria\.m2\repository\com\vladsch\flexmark\flexmark\0.34.30\flexmark-0.34.30.jar;C:\Users\DheyClaveria\.m2\repository\com\vladsch\flexmark\flexmark-ext-abbreviation\0.34.30\flexmark-ext-abbreviation-0.34.30.jar;C:\Users\DheyClaveria\.m2\repository\com\vladsch\flexmark\flexmark-ext-admonition\0.34.30\flexmark-ext-admonition-0.34.30.jar;C:\Users\DheyClaveria\.m2\repository\com\vladsch\flexmark\flexmark-ext-anchorlink\0.34.30\flexmark-ext-anchorlink-0.34.30.jar;C:\Users\DheyClaveria\.m2\repository\com\vladsch\flexmark\flexmark-ext-aside\0.34.30\flexmark-ext-aside-0.34.30.jar;C:\Users\DheyClaveria\.m2\repository\com\vladsch\flexmark\flexmark-ext-attributes\0.34.30\flexmark-ext-attributes-0.34.30.jar;C:\Users\DheyClaveria\.m2\repository\com\vladsch\flexmark\flexmark-ext-autolink\0.34.30\flexmark-ext-autolink-0.34.30.jar;C:\Users\DheyClaveria\.m2\repository\org\nibor\autolink\autolink\0.6.0\autolink-0.6.0.jar;C:\Users\DheyClaveria\.m2\repository\com\vladsch\flexmark\flexmark-ext-definition\0.34.30\flexmark-ext-definition-0.34.30.jar;C:\Users\DheyClaveria\.m2\repository\com\vladsch\flexmark\flexmark-ext-emoji\0.34.30\flexmark-ext-emoji-0.34.30.jar;C:\Users\DheyClaveria\.m2\repository\com\vladsch\flexmark\flexmark-ext-enumerated-reference\0.34.30\flexmark-ext-enumerated-reference-0.34.30.jar;C:\Users\DheyClaveria\.m2\repository\com\vladsch\flexmark\flexmark-ext-escaped-character\0.34.30\flexmark-ext-escaped-character-0.34.30.jar;C:\Users\DheyClaveria\.m2\repository\com\vladsch\flexmark\flexmark-ext-footnotes\0.34.30\flexmark-ext-footnotes-0.34.30.jar;C:\Users\DheyClaveria\.m2\repository\com\vladsch\flexmark\flexmark-ext-gfm-issues\0.34.30\flexmark-ext-gfm-issues-0.34.30.jar;C:\Users\DheyClaveria\.m2\repository\com\vladsch\flexmark\flexmark-ext-gfm-strikethrough\0.34.30\flexmark-ext-gfm-strikethrough-0.34.30.jar;C:\Users\DheyClaveria\.m2\repository\com\vladsch\flexmark\flexmark-ext-gfm-tables\0.34.30\flexmark-ext-gfm-tables-0.34.30.jar;C:\Users\DheyClaveria\.m2\repository\com\vladsch\flexmark\flexmark-ext-gfm-tasklist\0.34.30\flexmark-ext-gfm-tasklist-0.34.30.jar;C:\Users\DheyClaveria\.m2\repository\com\vladsch\flexmark\flexmark-ext-gfm-users\0.34.30\flexmark-ext-gfm-users-0.34.30.jar;C:\Users\DheyClaveria\.m2\repository\com\vladsch\flexmark\flexmark-ext-gitlab\0.34.30\flexmark-ext-gitlab-0.34.30.jar;C:\Users\DheyClaveria\.m2\repository\com\vladsch\flexmark\flexmark-ext-jekyll-front-matter\0.34.30\flexmark-ext-jekyll-front-matter-0.34.30.jar;C:\Users\DheyClaveria\.m2\repository\com\vladsch\flexmark\flexmark-ext-jekyll-tag\0.34.30\flexmark-ext-jekyll-tag-0.34.30.jar;C:\Users\DheyClaveria\.m2\repository\com\vladsch\flexmark\flexmark-ext-media-tags\0.34.30\flexmark-ext-media-tags-0.34.30.jar;C:\Users\DheyClaveria\.m2\repository\com\vladsch\flexmark\flexmark-test-util\0.34.30\flexmark-test-util-0.34.30.jar;C:\Users\DheyClaveria\.m2\repository\com\vladsch\flexmark\flexmark-ext-ins\0.34.30\flexmark-ext-ins-0.34.30.jar;C:\Users\DheyClaveria\.m2\repository\com\vladsch\flexmark\flexmark-ext-xwiki-macros\0.34.30\flexmark-ext-xwiki-macros-0.34.30.jar;C:\Users\DheyClaveria\.m2\repository\com\vladsch\flexmark\flexmark-ext-superscript\0.34.30\flexmark-ext-superscript-0.34.30.jar;C:\Users\DheyClaveria\.m2\repository\com\vladsch\flexmark\flexmark-ext-tables\0.34.30\flexmark-ext-tables-0.34.30.jar;C:\Users\DheyClaveria\.m2\repository\com\vladsch\flexmark\flexmark-ext-toc\0.34.30\flexmark-ext-toc-0.34.30.jar;C:\Users\DheyClaveria\.m2\repository\com\vladsch\flexmark\flexmark-ext-typographic\0.34.30\flexmark-ext-typographic-0.34.30.jar;C:\Users\DheyClaveria\.m2\repository\com\vladsch\flexmark\flexmark-ext-wikilink\0.34.30\flexmark-ext-wikilink-0.34.30.jar;C:\Users\DheyClaveria\.m2\repository\com\vladsch\flexmark\flexmark-ext-yaml-front-matter\0.34.30\flexmark-ext-yaml-front-matter-0.34.30.jar;C:\Users\DheyClaveria\.m2\repository\com\vladsch\flexmark\flexmark-ext-youtube-embedded\0.34.30\flexmark-ext-youtube-embedded-0.34.30.jar;C:\Users\DheyClaveria\.m2\repository\com\vladsch\flexmark\flexmark-formatter\0.34.30\flexmark-formatter-0.34.30.jar;C:\Users\DheyClaveria\.m2\repository\com\vladsch\flexmark\flexmark-html-parser\0.34.30\flexmark-html-parser-0.34.30.jar;C:\Users\DheyClaveria\.m2\repository\com\vladsch\flexmark\flexmark-jira-converter\0.34.30\flexmark-jira-converter-0.34.30.jar;C:\Users\DheyClaveria\.m2\repository\com\vladsch\flexmark\flexmark-pdf-converter\0.34.30\flexmark-pdf-converter-0.34.30.jar;C:\Users\DheyClaveria\.m2\repository\com\openhtmltopdf\openhtmltopdf-core\0.0.1-RC13\openhtmltopdf-core-0.0.1-RC13.jar;C:\Users\DheyClaveria\.m2\repository\com\openhtmltopdf\openhtmltopdf-pdfbox\0.0.1-RC13\openhtmltopdf-pdfbox-0.0.1-RC13.jar;C:\Users\DheyClaveria\.m2\repository\org\apache\pdfbox\xmpbox\2.0.8\xmpbox-2.0.8.jar;C:\Users\DheyClaveria\.m2\repository\com\openhtmltopdf\openhtmltopdf-rtl-support\0.0.1-RC13\openhtmltopdf-rtl-support-0.0.1-RC13.jar;C:\Users\DheyClaveria\.m2\repository\com\ibm\icu\icu4j\59.1\icu4j-59.1.jar;C:\Users\DheyClaveria\.m2\repository\com\openhtmltopdf\openhtmltopdf-jsoup-dom-converter\0.0.1-RC13\openhtmltopdf-jsoup-dom-converter-0.0.1-RC13.jar;C:\Users\DheyClaveria\.m2\repository\com\vladsch\flexmark\flexmark-profile-pegdown\0.34.30\flexmark-profile-pegdown-0.34.30.jar;C:\Users\DheyClaveria\.m2\repository\com\vladsch\flexmark\flexmark-util\0.34.30\flexmark-util-0.34.30.jar;C:\Users\DheyClaveria\.m2\repository\com\vladsch\flexmark\flexmark-youtrack-converter\0.34.30\flexmark-youtrack-converter-0.34.30.jar;C:\Users\DheyClaveria\.m2\repository\es\nitaur\markdown\txtmark\0.16\txtmark-0.16.jar;C:\Users\DheyClaveria\.m2\repository\net\serenity-bdd\serenity-report-resources\3.2.1\serenity-report-resources-3.2.1.jar;C:\Users\DheyClaveria\.m2\repository\com\google\code\gson\gson\2.9.0\gson-2.9.0.jar;C:\Users\DheyClaveria\.m2\repository\com\fasterxml\jackson\core\jackson-core\2.13.2\jackson-core-2.13.2.jar;C:\Users\DheyClaveria\.m2\repository\com\fasterxml\jackson\core\jackson-databind\2.13.2\jackson-databind-2.13.2.jar;C:\Users\DheyClaveria\.m2\repository\com\fasterxml\jackson\core\jackson-annotations\2.13.2\jackson-annotations-2.13.2.jar;C:\Users\DheyClaveria\.m2\repository\commons-codec\commons-codec\1.15\commons-codec-1.15.jar;C:\Users\DheyClaveria\.m2\repository\commons-io\commons-io\2.11.0\commons-io-2.11.0.jar;C:\Users\DheyClaveria\.m2\repository\org\seleniumhq\selenium\selenium-api\4.1.2\selenium-api-4.1.2.jar;C:\Users\DheyClaveria\.m2\repository\org\seleniumhq\selenium\selenium-support\4.1.2\selenium-support-4.1.2.jar;C:\Users\DheyClaveria\.m2\repository\org\seleniumhq\selenium\selenium-firefox-driver\4.1.2\selenium-firefox-driver-4.1.2.jar;C:\Users\DheyClaveria\.m2\repository\org\seleniumhq\selenium\selenium-edge-driver\4.1.2\selenium-edge-driver-4.1.2.jar;C:\Users\DheyClaveria\.m2\repository\org\seleniumhq\selenium\selenium-ie-driver\4.1.2\selenium-ie-driver-4.1.2.jar;C:\Users\DheyClaveria\.m2\repository\org\projectlombok\lombok\1.18.20\lombok-1.18.20.jar;C:\Users\DheyClaveria\.m2\repository\io\appium\java-client\8.0.0\java-client-8.0.0.jar;C:\Users\DheyClaveria\.m2\repository\commons-validator\commons-validator\1.7\commons-validator-1.7.jar;C:\Users\DheyClaveria\.m2\repository\commons-digester\commons-digester\2.1\commons-digester-2.1.jar;C:\Users\DheyClaveria\.m2\repository\org\aspectj\aspectjweaver\1.9.8\aspectjweaver-1.9.8.jar;C:\Users\DheyClaveria\.m2\repository\net\sf\opencsv\opencsv\2.0\opencsv-2.0.jar;C:\Users\DheyClaveria\.m2\repository\commons-beanutils\commons-beanutils\1.9.4\commons-beanutils-1.9.4.jar;C:\Users\DheyClaveria\.m2\repository\commons-collections\commons-collections\3.2.2\commons-collections-3.2.2.jar;C:\Users\DheyClaveria\.m2\repository\org\fluentlenium\fluentlenium-core\0.10.2\fluentlenium-core-0.10.2.jar;C:\Users\DheyClaveria\.m2\repository\com\jhlabs\filters\2.0.235\filters-2.0.235.jar;C:\Users\DheyClaveria\.m2\repository\com\paulhammant\ngwebdriver\1.1.6\ngwebdriver-1.1.6.jar;C:\Users\DheyClaveria\.m2\repository\joda-time\joda-time\2.8.2\joda-time-2.8.2.jar;C:\Users\DheyClaveria\.m2\repository\org\hamcrest\hamcrest\2.2\hamcrest-2.2.jar;C:\Users\DheyClaveria\.m2\repository\com\google\jimfs\jimfs\1.2\jimfs-1.2.jar;C:\Users\DheyClaveria\.m2\repository\org\mockito\mockito-core\3.3.3\mockito-core-3.3.3.jar;C:\Users\DheyClaveria\.m2\repository\javax\xml\bind\jaxb-api\2.3.1\jaxb-api-2.3.1.jar;C:\Users\DheyClaveria\.m2\repository\javax\activation\javax.activation-api\1.2.0\javax.activation-api-1.2.0.jar;C:\Users\DheyClaveria\.m2\repository\com\sun\xml\bind\jaxb-core\2.3.0.1\jaxb-core-2.3.0.1.jar;C:\Users\DheyClaveria\.m2\repository\javax\activation\activation\1.1.1\activation-1.1.1.jar;C:\Users\DheyClaveria\.m2\repository\net\serenity-bdd\serenity-junit\3.2.1\serenity-junit-3.2.1.jar;C:\Users\DheyClaveria\.m2\repository\net\serenity-bdd\serenity-cucumber\3.2.1\serenity-cucumber-3.2.1.jar;C:\Users\DheyClaveria\.m2\repository\org\apache\commons\commons-csv\1.5\commons-csv-1.5.jar;C:\Users\DheyClaveria\.m2\repository\io\cucumber\cucumber-java\7.2.3\cucumber-java-7.2.3.jar;C:\Users\DheyClaveria\.m2\repository\org\apiguardian\apiguardian-api\1.1.2\apiguardian-api-1.1.2.jar;C:\Users\DheyClaveria\.m2\repository\io\cucumber\cucumber-junit\7.2.3\cucumber-junit-7.2.3.jar;C:\Users\DheyClaveria\.m2\repository\io\cucumber\cucumber-core\7.2.3\cucumber-core-7.2.3.jar;C:\Users\DheyClaveria\.m2\repository\io\cucumber\cucumber-gherkin\7.2.3\cucumber-gherkin-7.2.3.jar;C:\Users\DheyClaveria\.m2\repository\io\cucumber\cucumber-gherkin-messages\7.2.3\cucumber-gherkin-messages-7.2.3.jar;C:\Users\DheyClaveria\.m2\repository\io\cucumber\messages\17.1.1\messages-17.1.1.jar;C:\Users\DheyClaveria\.m2\repository\io\cucumber\tag-expressions\4.1.0\tag-expressions-4.1.0.jar;C:\Users\DheyClaveria\.m2\repository\io\cucumber\cucumber-expressions\15.0.1\cucumber-expressions-15.0.1.jar;C:\Users\DheyClaveria\.m2\repository\io\cucumber\datatable\7.2.3\datatable-7.2.3.jar;C:\Users\DheyClaveria\.m2\repository\io\cucumber\cucumber-plugin\7.2.3\cucumber-plugin-7.2.3.jar;C:\Users\DheyClaveria\.m2\repository\io\cucumber\docstring\7.2.3\docstring-7.2.3.jar;C:\Users\DheyClaveria\.m2\repository\io\cucumber\html-formatter\17.0.0\html-formatter-17.0.0.jar;C:\Users\DheyClaveria\.m2\repository\io\cucumber\ci-environment\8.1.0\ci-environment-8.1.0.jar;C:\Users\DheyClaveria\.m2\repository\io\cucumber\cucumber-junit-platform-engine\7.2.3\cucumber-junit-platform-engine-7.2.3.jar;C:\Users\DheyClaveria\.m2\repository\org\junit\platform\junit-platform-engine\1.8.2\junit-platform-engine-1.8.2.jar;C:\Users\DheyClaveria\.m2\repository\org\opentest4j\opentest4j\1.2.0\opentest4j-1.2.0.jar;C:\Users\DheyClaveria\.m2\repository\org\junit\platform\junit-platform-commons\1.8.2\junit-platform-commons-1.8.2.jar;C:\Users\DheyClaveria\.m2\repository\org\junit\platform\junit-platform-suite\1.8.2\junit-platform-suite-1.8.2.jar;C:\Users\DheyClaveria\.m2\repository\org\junit\platform\junit-platform-suite-api\1.8.2\junit-platform-suite-api-1.8.2.jar;C:\Users\DheyClaveria\.m2\repository\org\junit\platform\junit-platform-suite-engine\1.8.2\junit-platform-suite-engine-1.8.2.jar;C:\Users\DheyClaveria\.m2\repository\org\junit\platform\junit-platform-suite-commons\1.8.2\junit-platform-suite-commons-1.8.2.jar;C:\Users\DheyClaveria\.m2\repository\org\junit\platform\junit-platform-launcher\1.8.2\junit-platform-launcher-1.8.2.jar;C:\Users\DheyClaveria\.m2\repository\org\junit\jupiter\junit-jupiter\5.8.2\junit-jupiter-5.8.2.jar;C:\Users\DheyClaveria\.m2\repository\org\junit\jupiter\junit-jupiter-api\5.8.2\junit-jupiter-api-5.8.2.jar;C:\Users\DheyClaveria\.m2\repository\org\junit\jupiter\junit-jupiter-params\5.8.2\junit-jupiter-params-5.8.2.jar;C:\Users\DheyClaveria\.m2\repository\org\junit\jupiter\junit-jupiter-engine\5.8.2\junit-jupiter-engine-5.8.2.jar;C:\Users\DheyClaveria\.m2\repository\org\junit\vintage\junit-vintage-engine\5.8.2\junit-vintage-engine-5.8.2.jar;C:\Users\DheyClaveria\.m2\repository\info\cukes\cucumber-java\1.2.5\cucumber-java-1.2.5.jar;C:\Users\DheyClaveria\.m2\repository\info\cukes\cucumber-core\1.2.5\cucumber-core-1.2.5.jar;C:\Users\DheyClaveria\.m2\repository\info\cukes\cucumber-html\0.2.3\cucumber-html-0.2.3.jar;C:\Users\DheyClaveria\.m2\repository\info\cukes\cucumber-jvm-deps\1.0.5\cucumber-jvm-deps-1.0.5.jar;C:\Users\DheyClaveria\.m2\repository\info\cukes\gherkin\2.12.2\gherkin-2.12.2.jar;C:\Users\DheyClaveria\.m2\repository\info\cukes\cucumber-junit\1.2.5\cucumber-junit-1.2.5.jar;C:\Users\DheyClaveria\.m2\repository\org\seleniumhq\selenium\selenium-java\4.1.1\selenium-java-4.1.1.jar;C:\Users\DheyClaveria\.m2\repository\org\seleniumhq\selenium\selenium-devtools-v85\4.1.1\selenium-devtools-v85-4.1.1.jar;C:\Users\DheyClaveria\.m2\repository\org\seleniumhq\selenium\selenium-devtools-v94\4.1.1\selenium-devtools-v94-4.1.1.jar;C:\Users\DheyClaveria\.m2\repository\org\seleniumhq\selenium\selenium-devtools-v95\4.1.1\selenium-devtools-v95-4.1.1.jar;C:\Users\DheyClaveria\.m2\repository\org\seleniumhq\selenium\selenium-devtools-v96\4.1.1\selenium-devtools-v96-4.1.1.jar;C:\Users\DheyClaveria\.m2\repository\org\seleniumhq\selenium\selenium-firefox-xpi-driver\4.1.1\selenium-firefox-xpi-driver-4.1.1.jar;C:\Users\DheyClaveria\.m2\repository\org\seleniumhq\selenium\selenium-opera-driver\4.1.1\selenium-opera-driver-4.1.1.jar;C:\Users\DheyClaveria\.m2\repository\org\seleniumhq\selenium\selenium-remote-driver\4.1.1\selenium-remote-driver-4.1.1.jar;C:\Users\DheyClaveria\.m2\repository\io\netty\netty-buffer\4.1.70.Final\netty-buffer-4.1.70.Final.jar;C:\Users\DheyClaveria\.m2\repository\io\netty\netty-codec-http\4.1.70.Final\netty-codec-http-4.1.70.Final.jar;C:\Users\DheyClaveria\.m2\repository\io\netty\netty-codec\4.1.70.Final\netty-codec-4.1.70.Final.jar;C:\Users\DheyClaveria\.m2\repository\io\netty\netty-handler\4.1.70.Final\netty-handler-4.1.70.Final.jar;C:\Users\DheyClaveria\.m2\repository\io\netty\netty-common\4.1.70.Final\netty-common-4.1.70.Final.jar;C:\Users\DheyClaveria\.m2\repository\io\netty\netty-transport-classes-epoll\4.1.70.Final\netty-transport-classes-epoll-4.1.70.Final.jar;C:\Users\DheyClaveria\.m2\repository\io\netty\netty-transport-classes-kqueue\4.1.70.Final\netty-transport-classes-kqueue-4.1.70.Final.jar;C:\Users\DheyClaveria\.m2\repository\io\netty\netty-transport-native-unix-common\4.1.70.Final\netty-transport-native-unix-common-4.1.70.Final.jar;C:\Users\DheyClaveria\.m2\repository\io\netty\netty-transport\4.1.70.Final\netty-transport-4.1.70.Final.jar;C:\Users\DheyClaveria\.m2\repository\io\netty\netty-resolver\4.1.70.Final\netty-resolver-4.1.70.Final.jar;C:\Users\DheyClaveria\.m2\repository\io\opentelemetry\opentelemetry-api\1.9.1\opentelemetry-api-1.9.1.jar;C:\Users\DheyClaveria\.m2\repository\io\opentelemetry\opentelemetry-context\1.9.1\opentelemetry-context-1.9.1.jar;C:\Users\DheyClaveria\.m2\repository\io\opentelemetry\opentelemetry-exporter-logging\1.9.1\opentelemetry-exporter-logging-1.9.1.jar;C:\Users\DheyClaveria\.m2\repository\io\opentelemetry\opentelemetry-sdk-metrics\1.9.1-alpha\opentelemetry-sdk-metrics-1.9.1-alpha.jar;C:\Users\DheyClaveria\.m2\repository\io\opentelemetry\opentelemetry-sdk-logs\1.9.1-alpha\opentelemetry-sdk-logs-1.9.1-alpha.jar;C:\Users\DheyClaveria\.m2\repository\io\opentelemetry\opentelemetry-sdk-common\1.9.1\opentelemetry-sdk-common-1.9.1.jar;C:\Users\DheyClaveria\.m2\repository\io\opentelemetry\opentelemetry-sdk-extension-autoconfigure-spi\1.9.1\opentelemetry-sdk-extension-autoconfigure-spi-1.9.1.jar;C:\Users\DheyClaveria\.m2\repository\io\opentelemetry\opentelemetry-sdk-extension-autoconfigure\1.9.1-alpha\opentelemetry-sdk-extension-autoconfigure-1.9.1-alpha.jar;C:\Users\DheyClaveria\.m2\repository\io\opentelemetry\opentelemetry-sdk-trace\1.9.1\opentelemetry-sdk-trace-1.9.1.jar;C:\Users\DheyClaveria\.m2\repository\io\opentelemetry\opentelemetry-api-metrics\1.9.1-alpha\opentelemetry-api-metrics-1.9.1-alpha.jar;C:\Users\DheyClaveria\.m2\repository\io\opentelemetry\opentelemetry-sdk\1.9.1\opentelemetry-sdk-1.9.1.jar;C:\Users\DheyClaveria\.m2\repository\io\opentelemetry\opentelemetry-semconv\1.9.1-alpha\opentelemetry-semconv-1.9.1-alpha.jar;C:\Users\DheyClaveria\.m2\repository\io\ous\jtoml\2.0.0\jtoml-2.0.0.jar;C:\Users\DheyClaveria\.m2\repository\org\apache\commons\commons-exec\1.3\commons-exec-1.3.jar;C:\Users\DheyClaveria\.m2\repository\org\asynchttpclient\async-http-client\2.12.3\async-http-client-2.12.3.jar;C:\Users\DheyClaveria\.m2\repository\org\asynchttpclient\async-http-client-netty-utils\2.12.3\async-http-client-netty-utils-2.12.3.jar;C:\Users\DheyClaveria\.m2\repository\io\netty\netty-codec-socks\4.1.60.Final\netty-codec-socks-4.1.60.Final.jar;C:\Users\DheyClaveria\.m2\repository\io\netty\netty-handler-proxy\4.1.60.Final\netty-handler-proxy-4.1.60.Final.jar;C:\Users\DheyClaveria\.m2\repository\io\netty\netty-transport-native-epoll\4.1.60.Final\netty-transport-native-epoll-4.1.60.Final-linux-x86_64.jar;C:\Users\DheyClaveria\.m2\repository\io\netty\netty-transport-native-kqueue\4.1.60.Final\netty-transport-native-kqueue-4.1.60.Final-osx-x86_64.jar;C:\Users\DheyClaveria\.m2\repository\org\reactivestreams\reactive-streams\1.0.3\reactive-streams-1.0.3.jar;C:\Users\DheyClaveria\.m2\repository\com\typesafe\netty\netty-reactive-streams\2.0.4\netty-reactive-streams-2.0.4.jar;C:\Users\DheyClaveria\.m2\repository\com\sun\activation\jakarta.activation\1.2.2\jakarta.activation-1.2.2.jar;C:\Users\DheyClaveria\.m2\repository\org\seleniumhq\selenium\selenium-http\4.1.1\selenium-http-4.1.1.jar;C:\Users\DheyClaveria\.m2\repository\net\jodah\failsafe\2.4.4\failsafe-2.4.4.jar;C:\Users\DheyClaveria\.m2\repository\org\seleniumhq\selenium\selenium-safari-driver\4.1.1\selenium-safari-driver-4.1.1.jar;C:\Users\DheyClaveria\.m2\repository\org\seleniumhq\selenium\selenium-chrome-driver\4.1.1\selenium-chrome-driver-4.1.1.jar;C:\Users\DheyClaveria\.m2\repository\com\google\auto\service\auto-service-annotations\1.0.1\auto-service-annotations-1.0.1.jar;C:\Users\DheyClaveria\.m2\repository\com\google\auto\service\auto-service\1.0.1\auto-service-1.0.1.jar;C:\Users\DheyClaveria\.m2\repository\com\google\auto\auto-common\1.2\auto-common-1.2.jar;C:\Users\DheyClaveria\.m2\repository\com\google\guava\guava\31.0.1-jre\guava-31.0.1-jre.jar;C:\Users\DheyClaveria\.m2\repository\com\google\guava\failureaccess\1.0.1\failureaccess-1.0.1.jar;C:\Users\DheyClaveria\.m2\repository\com\google\guava\listenablefuture\9999.0-empty-to-avoid-conflict-with-guava\listenablefuture-9999.0-empty-to-avoid-conflict-with-guava.jar;C:\Users\DheyClaveria\.m2\repository\com\google\code\findbugs\jsr305\3.0.2\jsr305-3.0.2.jar;C:\Users\DheyClaveria\.m2\repository\org\checkerframework\checker-qual\3.12.0\checker-qual-3.12.0.jar;C:\Users\DheyClaveria\.m2\repository\com\google\errorprone\error_prone_annotations\2.7.1\error_prone_annotations-2.7.1.jar;C:\Users\DheyClaveria\.m2\repository\com\google\j2objc\j2objc-annotations\1.3\j2objc-annotations-1.3.jar;C:\Users\DheyClaveria\.m2\repository\org\seleniumhq\selenium\selenium-chromium-driver\4.1.1\selenium-chromium-driver-4.1.1.jar;C:\Users\DheyClaveria\.m2\repository\org\seleniumhq\selenium\selenium-json\4.1.1\selenium-json-4.1.1.jar;C:\Users\DheyClaveria\.m2\repository\io\github\bonigarcia\webdrivermanager\4.2.2\webdrivermanager-4.2.2.jar;C:\Users\DheyClaveria\.m2\repository\org\apache\httpcomponents\client5\httpclient5\5.0.1\httpclient5-5.0.1.jar;C:\Users\DheyClaveria\.m2\repository\org\apache\httpcomponents\core5\httpcore5\5.0.1\httpcore5-5.0.1.jar;C:\Users\DheyClaveria\.m2\repository\org\apache\httpcomponents\core5\httpcore5-h2\5.0.1\httpcore5-h2-5.0.1.jar;C:\Users\DheyClaveria\.m2\repository\org\rauschig\jarchivelib\1.1.0\jarchivelib-1.1.0.jar;C:\Users\DheyClaveria\.m2\repository\org\jsoup\jsoup\1.13.1\jsoup-1.13.1.jar;C:\Users\DheyClaveria\.m2\repository\tech\grasshopper\extentreports-cucumber7-adapter\1.3.0\extentreports-cucumber7-adapter-1.3.0.jar;C:\Users\DheyClaveria\.m2\repository\com\aventstack\extentreports\5.0.9\extentreports-5.0.9.jar;C:\Users\DheyClaveria\.m2\repository\io\reactivex\rxjava3\rxjava\3.0.4\rxjava-3.0.4.jar;C:\Users\DheyClaveria\.m2\repository\tech\grasshopper\extent-pdf-report\2.1.0\extent-pdf-report-2.1.0.jar;C:\Users\DheyClaveria\.m2\repository\tech\grasshopper\cucumber-pdf-report\2.5.0\cucumber-pdf-report-2.5.0.jar;C:\Users\DheyClaveria\.m2\repository\org\knowm\xchart\xchart\3.8.0\xchart-3.8.0.jar;C:\Users\DheyClaveria\.m2\repository\de\erichseifert\vectorgraphics2d\VectorGraphics2D\0.13\VectorGraphics2D-0.13.jar;C:\Users\DheyClaveria\.m2\repository\de\rototor\pdfbox\graphics2d\0.30\graphics2d-0.30.jar;C:\Users\DheyClaveria\.m2\repository\com\madgag\animated-gif-lib\1.4\animated-gif-lib-1.4.jar;C:\Users\DheyClaveria\.m2\repository\org\yaml\snakeyaml\1.28\snakeyaml-1.28.jar;C:\Users\DheyClaveria\.m2\repository\tech\grasshopper\table-layout\1.4.0\table-layout-1.4.0.jar;C:\Users\DheyClaveria\.m2\repository\tech\grasshopper\rest-assured-cucumber-pdf-report\1.1.0\rest-assured-cucumber-pdf-report-1.1.0.jar;C:\Users\DheyClaveria\.m2\repository\com\aventstack\klov-reporter\5.0.9\klov-reporter-5.0.9.jar;C:\Users\DheyClaveria\.m2\repository\org\mongodb\mongodb-driver\3.6.4\mongodb-driver-3.6.4.jar;C:\Users\DheyClaveria\.m2\repository\org\mongodb\mongodb-driver-core\3.6.4\mongodb-driver-core-3.6.4.jar;C:\Users\DheyClaveria\.m2\repository\org\mongodb\bson\3.6.4\bson-3.6.4.jar;C:\Users\DheyClaveria\.m2\repository\org\apache\httpcomponents\httpclient\4.5.13\httpclient-4.5.13.jar;C:\Users\DheyClaveria\.m2\repository\org\apache\httpcomponents\httpcore\4.4.13\httpcore-4.4.13.jar;C:\Users\DheyClaveria\.m2\repository\org\apache\httpcomponents\httpmime\4.5.13\httpmime-4.5.13.jar;C:\Users\DheyClaveria\.m2\repository\tech\grasshopper\htmlextentreporter\1.0.0\htmlextentreporter-1.0.0.jar;C:\Users\DheyClaveria\.m2\repository\org\testng\testng\6.14.3\testng-6.14.3.jar;C:\Users\DheyClaveria\.m2\repository\com\beust\jcommander\1.72\jcommander-1.72.jar;C:\Users\DheyClaveria\.m2\repository\org\apache-extras\beanshell\bsh\2.0b6\bsh-2.0b6.jar;C:\Users\DheyClaveria\.m2\repository\io\cucumber\cucumber-testng\7.2.3\cucumber-testng-7.2.3.jar;C:\Users\DheyClaveria\.m2\repository\org\apache\poi\poi\5.2.1\poi-5.2.1.jar;C:\Users\DheyClaveria\.m2\repository\org\apache\commons\commons-collections4\4.4\commons-collections4-4.4.jar;C:\Users\DheyClaveria\.m2\repository\org\apache\commons\commons-math3\3.6.1\commons-math3-3.6.1.jar;C:\Users\DheyClaveria\.m2\repository\com\zaxxer\SparseBitSet\1.2\SparseBitSet-1.2.jar;C:\Users\DheyClaveria\.m2\repository\org\apache\logging\log4j\log4j-api\2.17.1\log4j-api-2.17.1.jar;C:\Users\DheyClaveria\.m2\repository\org\apache\poi\poi-ooxml\5.2.1\poi-ooxml-5.2.1.jar;C:\Users\DheyClaveria\.m2\repository\org\apache\poi\poi-ooxml-lite\5.2.1\poi-ooxml-lite-5.2.1.jar;C:\Users\DheyClaveria\.m2\repository\org\apache\xmlbeans\xmlbeans\5.0.3\xmlbeans-5.0.3.jar;C:\Users\DheyClaveria\.m2\repository\org\apache\commons\commons-compress\1.21\commons-compress-1.21.jar;C:\Users\DheyClaveria\.m2\repository\com\github\virtuald\curvesapi\1.07\curvesapi-1.07.jar;"/>
    <property name="java.vm.vendor" value="Oracle Corporation"/>
    <property name="sun.arch.data.model" value="64"/>
    <property name="user.variant" value=""/>
    <property name="java.vendor.url" value="https://java.oracle.com/"/>
    <property name="user.timezone" value="Asia/Shanghai"/>
    <property name="os.name" value="Windows 10"/>
    <property name="java.vm.specification.version" value="15"/>
    <property name="sun.java.launcher" value="SUN_STANDARD"/>
    <property name="user.country" value="US"/>
    <property name="sun.boot.library.path" value="C:\Program Files\Java\jdk-15.0.1\bin"/>
    <property name="sun.java.command" value="org.apache.maven.surefire.booter.ForkedBooter C:\Users\DheyClaveria\AppData\Local\Temp\surefire5369203731068811078 2022-03-21T10-07-59_932-jvmRun2 surefire12464097471197732030tmp surefire_02867229791454454158tmp"/>
    <property name="jdk.debug" value="release"/>
    <property name="surefire.test.class.path" value="Z:\Automation\JavaCucumber\BDD_HCL\CucumberHCL\target\test-classes;C:\Users\DheyClaveria\.m2\repository\com\github\ralfstuckert\pdfbox-layout\pdfbox2-layout\1.0.1\pdfbox2-layout-1.0.1.jar;C:\Users\DheyClaveria\.m2\repository\org\apache\pdfbox\pdfbox\2.0.4\pdfbox-2.0.4.jar;C:\Users\DheyClaveria\.m2\repository\org\apache\pdfbox\fontbox\2.0.4\fontbox-2.0.4.jar;C:\Users\DheyClaveria\.m2\repository\commons-logging\commons-logging\1.2\commons-logging-1.2.jar;C:\Users\DheyClaveria\.m2\repository\io\rest-assured\rest-assured-all\4.3.2\rest-assured-all-4.3.2.jar;C:\Users\DheyClaveria\.m2\repository\org\codehaus\groovy\groovy\3.0.6\groovy-3.0.6.jar;C:\Users\DheyClaveria\.m2\repository\org\apache\commons\commons-lang3\3.11\commons-lang3-3.11.jar;C:\Users\DheyClaveria\.m2\repository\org\codehaus\groovy\groovy-xml\3.0.6\groovy-xml-3.0.6.jar;C:\Users\DheyClaveria\.m2\repository\org\ccil\cowan\tagsoup\tagsoup\1.2.1\tagsoup-1.2.1.jar;C:\Users\DheyClaveria\.m2\repository\jakarta\xml\bind\jakarta.xml.bind-api\2.3.3\jakarta.xml.bind-api-2.3.3.jar;C:\Users\DheyClaveria\.m2\repository\jakarta\activation\jakarta.activation-api\1.2.2\jakarta.activation-api-1.2.2.jar;C:\Users\DheyClaveria\.m2\repository\com\sun\xml\bind\jaxb-impl\2.3.3\jaxb-impl-2.3.3.jar;C:\Users\DheyClaveria\.m2\repository\org\codehaus\groovy\groovy-json\3.0.6\groovy-json-3.0.6.jar;C:\Users\DheyClaveria\.m2\repository\ch\qos\logback\logback-classic\1.1.3\logback-classic-1.1.3.jar;C:\Users\DheyClaveria\.m2\repository\ch\qos\logback\logback-core\1.1.3\logback-core-1.1.3.jar;C:\Users\DheyClaveria\.m2\repository\org\slf4j\slf4j-api\1.7.7\slf4j-api-1.7.7.jar;C:\Users\DheyClaveria\.m2\repository\org\json\json\20210307\json-20210307.jar;C:\Users\DheyClaveria\.m2\repository\com\ea\async\ea-async\1.2.3\ea-async-1.2.3.jar;C:\Users\DheyClaveria\.m2\repository\junit\junit\4.13.1\junit-4.13.1.jar;C:\Users\DheyClaveria\.m2\repository\org\hamcrest\hamcrest-core\1.3\hamcrest-core-1.3.jar;C:\Users\DheyClaveria\.m2\repository\net\serenity-bdd\serenity-assertions\3.2.1\serenity-assertions-3.2.1.jar;C:\Users\DheyClaveria\.m2\repository\net\serenity-bdd\serenity-screenplay\3.2.1\serenity-screenplay-3.2.1.jar;C:\Users\DheyClaveria\.m2\repository\org\assertj\assertj-core\3.22.0\assertj-core-3.22.0.jar;C:\Users\DheyClaveria\.m2\repository\net\serenity-bdd\serenity-ensure\3.2.1\serenity-ensure-3.2.1.jar;C:\Users\DheyClaveria\.m2\repository\net\serenity-bdd\serenity-model\3.2.1\serenity-model-3.2.1.jar;C:\Users\DheyClaveria\.m2\repository\org\apache\commons\commons-text\1.9\commons-text-1.9.jar;C:\Users\DheyClaveria\.m2\repository\commons-net\commons-net\3.8.0\commons-net-3.8.0.jar;C:\Users\DheyClaveria\.m2\repository\com\google\inject\guice\5.1.0\guice-5.1.0.jar;C:\Users\DheyClaveria\.m2\repository\javax\inject\javax.inject\1\javax.inject-1.jar;C:\Users\DheyClaveria\.m2\repository\aopalliance\aopalliance\1.0\aopalliance-1.0.jar;C:\Users\DheyClaveria\.m2\repository\com\thoughtworks\xstream\xstream\1.4.19\xstream-1.4.19.jar;C:\Users\DheyClaveria\.m2\repository\io\github\x-stream\mxparser\1.2.2\mxparser-1.2.2.jar;C:\Users\DheyClaveria\.m2\repository\xmlpull\xmlpull\1.1.3.1\xmlpull-1.1.3.1.jar;C:\Users\DheyClaveria\.m2\repository\com\typesafe\config\1.4.2\config-1.4.2.jar;C:\Users\DheyClaveria\.m2\repository\org\imgscalr\imgscalr-lib\4.2\imgscalr-lib-4.2.jar;C:\Users\DheyClaveria\.m2\repository\org\awaitility\awaitility\4.2.0\awaitility-4.2.0.jar;C:\Users\DheyClaveria\.m2\repository\org\freemarker\freemarker\2.3.31\freemarker-2.3.31.jar;C:\Users\DheyClaveria\.m2\repository\io\github\classgraph\classgraph\4.8.138\classgraph-4.8.138.jar;C:\Users\DheyClaveria\.m2\repository\net\sourceforge\jexcelapi\jxl\2.6.12\jxl-2.6.12.jar;C:\Users\DheyClaveria\.m2\repository\net\bytebuddy\byte-buddy\1.12.8\byte-buddy-1.12.8.jar;C:\Users\DheyClaveria\.m2\repository\net\bytebuddy\byte-buddy-agent\1.12.8\byte-buddy-agent-1.12.8.jar;C:\Users\DheyClaveria\.m2\repository\org\objenesis\objenesis\3.1\objenesis-3.1.jar;C:\Users\DheyClaveria\.m2\repository\net\serenity-bdd\serenity-screenplay-webdriver\3.2.1\serenity-screenplay-webdriver-3.2.1.jar;C:\Users\DheyClaveria\.m2\repository\org\jetbrains\kotlin\kotlin-stdlib\1.6.0\kotlin-stdlib-1.6.0.jar;C:\Users\DheyClaveria\.m2\repository\org\jetbrains\annotations\13.0\annotations-13.0.jar;C:\Users\DheyClaveria\.m2\repository\org\jetbrains\kotlin\kotlin-stdlib-common\1.6.0\kotlin-stdlib-common-1.6.0.jar;C:\Users\DheyClaveria\.m2\repository\net\serenity-bdd\serenity-core\3.2.1\serenity-core-3.2.1.jar;C:\Users\DheyClaveria\.m2\repository\net\serenity-bdd\serenity-reports\3.2.1\serenity-reports-3.2.1.jar;C:\Users\DheyClaveria\.m2\repository\net\serenity-bdd\serenity-stats\3.2.1\serenity-stats-3.2.1.jar;C:\Users\DheyClaveria\.m2\repository\net\serenity-bdd\serenity-reports-configuration\3.2.1\serenity-reports-configuration-3.2.1.jar;C:\Users\DheyClaveria\.m2\repository\com\vladsch\flexmark\flexmark-all\0.34.30\flexmark-all-0.34.30.jar;C:\Users\DheyClaveria\.m2\repository\com\vladsch\flexmark\flexmark\0.34.30\flexmark-0.34.30.jar;C:\Users\DheyClaveria\.m2\repository\com\vladsch\flexmark\flexmark-ext-abbreviation\0.34.30\flexmark-ext-abbreviation-0.34.30.jar;C:\Users\DheyClaveria\.m2\repository\com\vladsch\flexmark\flexmark-ext-admonition\0.34.30\flexmark-ext-admonition-0.34.30.jar;C:\Users\DheyClaveria\.m2\repository\com\vladsch\flexmark\flexmark-ext-anchorlink\0.34.30\flexmark-ext-anchorlink-0.34.30.jar;C:\Users\DheyClaveria\.m2\repository\com\vladsch\flexmark\flexmark-ext-aside\0.34.30\flexmark-ext-aside-0.34.30.jar;C:\Users\DheyClaveria\.m2\repository\com\vladsch\flexmark\flexmark-ext-attributes\0.34.30\flexmark-ext-attributes-0.34.30.jar;C:\Users\DheyClaveria\.m2\repository\com\vladsch\flexmark\flexmark-ext-autolink\0.34.30\flexmark-ext-autolink-0.34.30.jar;C:\Users\DheyClaveria\.m2\repository\org\nibor\autolink\autolink\0.6.0\autolink-0.6.0.jar;C:\Users\DheyClaveria\.m2\repository\com\vladsch\flexmark\flexmark-ext-definition\0.34.30\flexmark-ext-definition-0.34.30.jar;C:\Users\DheyClaveria\.m2\repository\com\vladsch\flexmark\flexmark-ext-emoji\0.34.30\flexmark-ext-emoji-0.34.30.jar;C:\Users\DheyClaveria\.m2\repository\com\vladsch\flexmark\flexmark-ext-enumerated-reference\0.34.30\flexmark-ext-enumerated-reference-0.34.30.jar;C:\Users\DheyClaveria\.m2\repository\com\vladsch\flexmark\flexmark-ext-escaped-character\0.34.30\flexmark-ext-escaped-character-0.34.30.jar;C:\Users\DheyClaveria\.m2\repository\com\vladsch\flexmark\flexmark-ext-footnotes\0.34.30\flexmark-ext-footnotes-0.34.30.jar;C:\Users\DheyClaveria\.m2\repository\com\vladsch\flexmark\flexmark-ext-gfm-issues\0.34.30\flexmark-ext-gfm-issues-0.34.30.jar;C:\Users\DheyClaveria\.m2\repository\com\vladsch\flexmark\flexmark-ext-gfm-strikethrough\0.34.30\flexmark-ext-gfm-strikethrough-0.34.30.jar;C:\Users\DheyClaveria\.m2\repository\com\vladsch\flexmark\flexmark-ext-gfm-tables\0.34.30\flexmark-ext-gfm-tables-0.34.30.jar;C:\Users\DheyClaveria\.m2\repository\com\vladsch\flexmark\flexmark-ext-gfm-tasklist\0.34.30\flexmark-ext-gfm-tasklist-0.34.30.jar;C:\Users\DheyClaveria\.m2\repository\com\vladsch\flexmark\flexmark-ext-gfm-users\0.34.30\flexmark-ext-gfm-users-0.34.30.jar;C:\Users\DheyClaveria\.m2\repository\com\vladsch\flexmark\flexmark-ext-gitlab\0.34.30\flexmark-ext-gitlab-0.34.30.jar;C:\Users\DheyClaveria\.m2\repository\com\vladsch\flexmark\flexmark-ext-jekyll-front-matter\0.34.30\flexmark-ext-jekyll-front-matter-0.34.30.jar;C:\Users\DheyClaveria\.m2\repository\com\vladsch\flexmark\flexmark-ext-jekyll-tag\0.34.30\flexmark-ext-jekyll-tag-0.34.30.jar;C:\Users\DheyClaveria\.m2\repository\com\vladsch\flexmark\flexmark-ext-media-tags\0.34.30\flexmark-ext-media-tags-0.34.30.jar;C:\Users\DheyClaveria\.m2\repository\com\vladsch\flexmark\flexmark-test-util\0.34.30\flexmark-test-util-0.34.30.jar;C:\Users\DheyClaveria\.m2\repository\com\vladsch\flexmark\flexmark-ext-ins\0.34.30\flexmark-ext-ins-0.34.30.jar;C:\Users\DheyClaveria\.m2\repository\com\vladsch\flexmark\flexmark-ext-xwiki-macros\0.34.30\flexmark-ext-xwiki-macros-0.34.30.jar;C:\Users\DheyClaveria\.m2\repository\com\vladsch\flexmark\flexmark-ext-superscript\0.34.30\flexmark-ext-superscript-0.34.30.jar;C:\Users\DheyClaveria\.m2\repository\com\vladsch\flexmark\flexmark-ext-tables\0.34.30\flexmark-ext-tables-0.34.30.jar;C:\Users\DheyClaveria\.m2\repository\com\vladsch\flexmark\flexmark-ext-toc\0.34.30\flexmark-ext-toc-0.34.30.jar;C:\Users\DheyClaveria\.m2\repository\com\vladsch\flexmark\flexmark-ext-typographic\0.34.30\flexmark-ext-typographic-0.34.30.jar;C:\Users\DheyClaveria\.m2\repository\com\vladsch\flexmark\flexmark-ext-wikilink\0.34.30\flexmark-ext-wikilink-0.34.30.jar;C:\Users\DheyClaveria\.m2\repository\com\vladsch\flexmark\flexmark-ext-yaml-front-matter\0.34.30\flexmark-ext-yaml-front-matter-0.34.30.jar;C:\Users\DheyClaveria\.m2\repository\com\vladsch\flexmark\flexmark-ext-youtube-embedded\0.34.30\flexmark-ext-youtube-embedded-0.34.30.jar;C:\Users\DheyClaveria\.m2\repository\com\vladsch\flexmark\flexmark-formatter\0.34.30\flexmark-formatter-0.34.30.jar;C:\Users\DheyClaveria\.m2\repository\com\vladsch\flexmark\flexmark-html-parser\0.34.30\flexmark-html-parser-0.34.30.jar;C:\Users\DheyClaveria\.m2\repository\com\vladsch\flexmark\flexmark-jira-converter\0.34.30\flexmark-jira-converter-0.34.30.jar;C:\Users\DheyClaveria\.m2\repository\com\vladsch\flexmark\flexmark-pdf-converter\0.34.30\flexmark-pdf-converter-0.34.30.jar;C:\Users\DheyClaveria\.m2\repository\com\openhtmltopdf\openhtmltopdf-core\0.0.1-RC13\openhtmltopdf-core-0.0.1-RC13.jar;C:\Users\DheyClaveria\.m2\repository\com\openhtmltopdf\openhtmltopdf-pdfbox\0.0.1-RC13\openhtmltopdf-pdfbox-0.0.1-RC13.jar;C:\Users\DheyClaveria\.m2\repository\org\apache\pdfbox\xmpbox\2.0.8\xmpbox-2.0.8.jar;C:\Users\DheyClaveria\.m2\repository\com\openhtmltopdf\openhtmltopdf-rtl-support\0.0.1-RC13\openhtmltopdf-rtl-support-0.0.1-RC13.jar;C:\Users\DheyClaveria\.m2\repository\com\ibm\icu\icu4j\59.1\icu4j-59.1.jar;C:\Users\DheyClaveria\.m2\repository\com\openhtmltopdf\openhtmltopdf-jsoup-dom-converter\0.0.1-RC13\openhtmltopdf-jsoup-dom-converter-0.0.1-RC13.jar;C:\Users\DheyClaveria\.m2\repository\com\vladsch\flexmark\flexmark-profile-pegdown\0.34.30\flexmark-profile-pegdown-0.34.30.jar;C:\Users\DheyClaveria\.m2\repository\com\vladsch\flexmark\flexmark-util\0.34.30\flexmark-util-0.34.30.jar;C:\Users\DheyClaveria\.m2\repository\com\vladsch\flexmark\flexmark-youtrack-converter\0.34.30\flexmark-youtrack-converter-0.34.30.jar;C:\Users\DheyClaveria\.m2\repository\es\nitaur\markdown\txtmark\0.16\txtmark-0.16.jar;C:\Users\DheyClaveria\.m2\repository\net\serenity-bdd\serenity-report-resources\3.2.1\serenity-report-resources-3.2.1.jar;C:\Users\DheyClaveria\.m2\repository\com\google\code\gson\gson\2.9.0\gson-2.9.0.jar;C:\Users\DheyClaveria\.m2\repository\com\fasterxml\jackson\core\jackson-core\2.13.2\jackson-core-2.13.2.jar;C:\Users\DheyClaveria\.m2\repository\com\fasterxml\jackson\core\jackson-databind\2.13.2\jackson-databind-2.13.2.jar;C:\Users\DheyClaveria\.m2\repository\com\fasterxml\jackson\core\jackson-annotations\2.13.2\jackson-annotations-2.13.2.jar;C:\Users\DheyClaveria\.m2\repository\commons-codec\commons-codec\1.15\commons-codec-1.15.jar;C:\Users\DheyClaveria\.m2\repository\commons-io\commons-io\2.11.0\commons-io-2.11.0.jar;C:\Users\DheyClaveria\.m2\repository\org\seleniumhq\selenium\selenium-api\4.1.2\selenium-api-4.1.2.jar;C:\Users\DheyClaveria\.m2\repository\org\seleniumhq\selenium\selenium-support\4.1.2\selenium-support-4.1.2.jar;C:\Users\DheyClaveria\.m2\repository\org\seleniumhq\selenium\selenium-firefox-driver\4.1.2\selenium-firefox-driver-4.1.2.jar;C:\Users\DheyClaveria\.m2\repository\org\seleniumhq\selenium\selenium-edge-driver\4.1.2\selenium-edge-driver-4.1.2.jar;C:\Users\DheyClaveria\.m2\repository\org\seleniumhq\selenium\selenium-ie-driver\4.1.2\selenium-ie-driver-4.1.2.jar;C:\Users\DheyClaveria\.m2\repository\org\projectlombok\lombok\1.18.20\lombok-1.18.20.jar;C:\Users\DheyClaveria\.m2\repository\io\appium\java-client\8.0.0\java-client-8.0.0.jar;C:\Users\DheyClaveria\.m2\repository\commons-validator\commons-validator\1.7\commons-validator-1.7.jar;C:\Users\DheyClaveria\.m2\repository\commons-digester\commons-digester\2.1\commons-digester-2.1.jar;C:\Users\DheyClaveria\.m2\repository\org\aspectj\aspectjweaver\1.9.8\aspectjweaver-1.9.8.jar;C:\Users\DheyClaveria\.m2\repository\net\sf\opencsv\opencsv\2.0\opencsv-2.0.jar;C:\Users\DheyClaveria\.m2\repository\commons-beanutils\commons-beanutils\1.9.4\commons-beanutils-1.9.4.jar;C:\Users\DheyClaveria\.m2\repository\commons-collections\commons-collections\3.2.2\commons-collections-3.2.2.jar;C:\Users\DheyClaveria\.m2\repository\org\fluentlenium\fluentlenium-core\0.10.2\fluentlenium-core-0.10.2.jar;C:\Users\DheyClaveria\.m2\repository\com\jhlabs\filters\2.0.235\filters-2.0.235.jar;C:\Users\DheyClaveria\.m2\repository\com\paulhammant\ngwebdriver\1.1.6\ngwebdriver-1.1.6.jar;C:\Users\DheyClaveria\.m2\repository\joda-time\joda-time\2.8.2\joda-time-2.8.2.jar;C:\Users\DheyClaveria\.m2\repository\org\hamcrest\hamcrest\2.2\hamcrest-2.2.jar;C:\Users\DheyClaveria\.m2\repository\com\google\jimfs\jimfs\1.2\jimfs-1.2.jar;C:\Users\DheyClaveria\.m2\repository\org\mockito\mockito-core\3.3.3\mockito-core-3.3.3.jar;C:\Users\DheyClaveria\.m2\repository\javax\xml\bind\jaxb-api\2.3.1\jaxb-api-2.3.1.jar;C:\Users\DheyClaveria\.m2\repository\javax\activation\javax.activation-api\1.2.0\javax.activation-api-1.2.0.jar;C:\Users\DheyClaveria\.m2\repository\com\sun\xml\bind\jaxb-core\2.3.0.1\jaxb-core-2.3.0.1.jar;C:\Users\DheyClaveria\.m2\repository\javax\activation\activation\1.1.1\activation-1.1.1.jar;C:\Users\DheyClaveria\.m2\repository\net\serenity-bdd\serenity-junit\3.2.1\serenity-junit-3.2.1.jar;C:\Users\DheyClaveria\.m2\repository\net\serenity-bdd\serenity-cucumber\3.2.1\serenity-cucumber-3.2.1.jar;C:\Users\DheyClaveria\.m2\repository\org\apache\commons\commons-csv\1.5\commons-csv-1.5.jar;C:\Users\DheyClaveria\.m2\repository\io\cucumber\cucumber-java\7.2.3\cucumber-java-7.2.3.jar;C:\Users\DheyClaveria\.m2\repository\org\apiguardian\apiguardian-api\1.1.2\apiguardian-api-1.1.2.jar;C:\Users\DheyClaveria\.m2\repository\io\cucumber\cucumber-junit\7.2.3\cucumber-junit-7.2.3.jar;C:\Users\DheyClaveria\.m2\repository\io\cucumber\cucumber-core\7.2.3\cucumber-core-7.2.3.jar;C:\Users\DheyClaveria\.m2\repository\io\cucumber\cucumber-gherkin\7.2.3\cucumber-gherkin-7.2.3.jar;C:\Users\DheyClaveria\.m2\repository\io\cucumber\cucumber-gherkin-messages\7.2.3\cucumber-gherkin-messages-7.2.3.jar;C:\Users\DheyClaveria\.m2\repository\io\cucumber\messages\17.1.1\messages-17.1.1.jar;C:\Users\DheyClaveria\.m2\repository\io\cucumber\tag-expressions\4.1.0\tag-expressions-4.1.0.jar;C:\Users\DheyClaveria\.m2\repository\io\cucumber\cucumber-expressions\15.0.1\cucumber-expressions-15.0.1.jar;C:\Users\DheyClaveria\.m2\repository\io\cucumber\datatable\7.2.3\datatable-7.2.3.jar;C:\Users\DheyClaveria\.m2\repository\io\cucumber\cucumber-plugin\7.2.3\cucumber-plugin-7.2.3.jar;C:\Users\DheyClaveria\.m2\repository\io\cucumber\docstring\7.2.3\docstring-7.2.3.jar;C:\Users\DheyClaveria\.m2\repository\io\cucumber\html-formatter\17.0.0\html-formatter-17.0.0.jar;C:\Users\DheyClaveria\.m2\repository\io\cucumber\ci-environment\8.1.0\ci-environment-8.1.0.jar;C:\Users\DheyClaveria\.m2\repository\io\cucumber\cucumber-junit-platform-engine\7.2.3\cucumber-junit-platform-engine-7.2.3.jar;C:\Users\DheyClaveria\.m2\repository\org\junit\platform\junit-platform-engine\1.8.2\junit-platform-engine-1.8.2.jar;C:\Users\DheyClaveria\.m2\repository\org\opentest4j\opentest4j\1.2.0\opentest4j-1.2.0.jar;C:\Users\DheyClaveria\.m2\repository\org\junit\platform\junit-platform-commons\1.8.2\junit-platform-commons-1.8.2.jar;C:\Users\DheyClaveria\.m2\repository\org\junit\platform\junit-platform-suite\1.8.2\junit-platform-suite-1.8.2.jar;C:\Users\DheyClaveria\.m2\repository\org\junit\platform\junit-platform-suite-api\1.8.2\junit-platform-suite-api-1.8.2.jar;C:\Users\DheyClaveria\.m2\repository\org\junit\platform\junit-platform-suite-engine\1.8.2\junit-platform-suite-engine-1.8.2.jar;C:\Users\DheyClaveria\.m2\repository\org\junit\platform\junit-platform-suite-commons\1.8.2\junit-platform-suite-commons-1.8.2.jar;C:\Users\DheyClaveria\.m2\repository\org\junit\platform\junit-platform-launcher\1.8.2\junit-platform-launcher-1.8.2.jar;C:\Users\DheyClaveria\.m2\repository\org\junit\jupiter\junit-jupiter\5.8.2\junit-jupiter-5.8.2.jar;C:\Users\DheyClaveria\.m2\repository\org\junit\jupiter\junit-jupiter-api\5.8.2\junit-jupiter-api-5.8.2.jar;C:\Users\DheyClaveria\.m2\repository\org\junit\jupiter\junit-jupiter-params\5.8.2\junit-jupiter-params-5.8.2.jar;C:\Users\DheyClaveria\.m2\repository\org\junit\jupiter\junit-jupiter-engine\5.8.2\junit-jupiter-engine-5.8.2.jar;C:\Users\DheyClaveria\.m2\repository\org\junit\vintage\junit-vintage-engine\5.8.2\junit-vintage-engine-5.8.2.jar;C:\Users\DheyClaveria\.m2\repository\info\cukes\cucumber-java\1.2.5\cucumber-java-1.2.5.jar;C:\Users\DheyClaveria\.m2\repository\info\cukes\cucumber-core\1.2.5\cucumber-core-1.2.5.jar;C:\Users\DheyClaveria\.m2\repository\info\cukes\cucumber-html\0.2.3\cucumber-html-0.2.3.jar;C:\Users\DheyClaveria\.m2\repository\info\cukes\cucumber-jvm-deps\1.0.5\cucumber-jvm-deps-1.0.5.jar;C:\Users\DheyClaveria\.m2\repository\info\cukes\gherkin\2.12.2\gherkin-2.12.2.jar;C:\Users\DheyClaveria\.m2\repository\info\cukes\cucumber-junit\1.2.5\cucumber-junit-1.2.5.jar;C:\Users\DheyClaveria\.m2\repository\org\seleniumhq\selenium\selenium-java\4.1.1\selenium-java-4.1.1.jar;C:\Users\DheyClaveria\.m2\repository\org\seleniumhq\selenium\selenium-devtools-v85\4.1.1\selenium-devtools-v85-4.1.1.jar;C:\Users\DheyClaveria\.m2\repository\org\seleniumhq\selenium\selenium-devtools-v94\4.1.1\selenium-devtools-v94-4.1.1.jar;C:\Users\DheyClaveria\.m2\repository\org\seleniumhq\selenium\selenium-devtools-v95\4.1.1\selenium-devtools-v95-4.1.1.jar;C:\Users\DheyClaveria\.m2\repository\org\seleniumhq\selenium\selenium-devtools-v96\4.1.1\selenium-devtools-v96-4.1.1.jar;C:\Users\DheyClaveria\.m2\repository\org\seleniumhq\selenium\selenium-firefox-xpi-driver\4.1.1\selenium-firefox-xpi-driver-4.1.1.jar;C:\Users\DheyClaveria\.m2\repository\org\seleniumhq\selenium\selenium-opera-driver\4.1.1\selenium-opera-driver-4.1.1.jar;C:\Users\DheyClaveria\.m2\repository\org\seleniumhq\selenium\selenium-remote-driver\4.1.1\selenium-remote-driver-4.1.1.jar;C:\Users\DheyClaveria\.m2\repository\io\netty\netty-buffer\4.1.70.Final\netty-buffer-4.1.70.Final.jar;C:\Users\DheyClaveria\.m2\repository\io\netty\netty-codec-http\4.1.70.Final\netty-codec-http-4.1.70.Final.jar;C:\Users\DheyClaveria\.m2\repository\io\netty\netty-codec\4.1.70.Final\netty-codec-4.1.70.Final.jar;C:\Users\DheyClaveria\.m2\repository\io\netty\netty-handler\4.1.70.Final\netty-handler-4.1.70.Final.jar;C:\Users\DheyClaveria\.m2\repository\io\netty\netty-common\4.1.70.Final\netty-common-4.1.70.Final.jar;C:\Users\DheyClaveria\.m2\repository\io\netty\netty-transport-classes-epoll\4.1.70.Final\netty-transport-classes-epoll-4.1.70.Final.jar;C:\Users\DheyClaveria\.m2\repository\io\netty\netty-transport-classes-kqueue\4.1.70.Final\netty-transport-classes-kqueue-4.1.70.Final.jar;C:\Users\DheyClaveria\.m2\repository\io\netty\netty-transport-native-unix-common\4.1.70.Final\netty-transport-native-unix-common-4.1.70.Final.jar;C:\Users\DheyClaveria\.m2\repository\io\netty\netty-transport\4.1.70.Final\netty-transport-4.1.70.Final.jar;C:\Users\DheyClaveria\.m2\repository\io\netty\netty-resolver\4.1.70.Final\netty-resolver-4.1.70.Final.jar;C:\Users\DheyClaveria\.m2\repository\io\opentelemetry\opentelemetry-api\1.9.1\opentelemetry-api-1.9.1.jar;C:\Users\DheyClaveria\.m2\repository\io\opentelemetry\opentelemetry-context\1.9.1\opentelemetry-context-1.9.1.jar;C:\Users\DheyClaveria\.m2\repository\io\opentelemetry\opentelemetry-exporter-logging\1.9.1\opentelemetry-exporter-logging-1.9.1.jar;C:\Users\DheyClaveria\.m2\repository\io\opentelemetry\opentelemetry-sdk-metrics\1.9.1-alpha\opentelemetry-sdk-metrics-1.9.1-alpha.jar;C:\Users\DheyClaveria\.m2\repository\io\opentelemetry\opentelemetry-sdk-logs\1.9.1-alpha\opentelemetry-sdk-logs-1.9.1-alpha.jar;C:\Users\DheyClaveria\.m2\repository\io\opentelemetry\opentelemetry-sdk-common\1.9.1\opentelemetry-sdk-common-1.9.1.jar;C:\Users\DheyClaveria\.m2\repository\io\opentelemetry\opentelemetry-sdk-extension-autoconfigure-spi\1.9.1\opentelemetry-sdk-extension-autoconfigure-spi-1.9.1.jar;C:\Users\DheyClaveria\.m2\repository\io\opentelemetry\opentelemetry-sdk-extension-autoconfigure\1.9.1-alpha\opentelemetry-sdk-extension-autoconfigure-1.9.1-alpha.jar;C:\Users\DheyClaveria\.m2\repository\io\opentelemetry\opentelemetry-sdk-trace\1.9.1\opentelemetry-sdk-trace-1.9.1.jar;C:\Users\DheyClaveria\.m2\repository\io\opentelemetry\opentelemetry-api-metrics\1.9.1-alpha\opentelemetry-api-metrics-1.9.1-alpha.jar;C:\Users\DheyClaveria\.m2\repository\io\opentelemetry\opentelemetry-sdk\1.9.1\opentelemetry-sdk-1.9.1.jar;C:\Users\DheyClaveria\.m2\repository\io\opentelemetry\opentelemetry-semconv\1.9.1-alpha\opentelemetry-semconv-1.9.1-alpha.jar;C:\Users\DheyClaveria\.m2\repository\io\ous\jtoml\2.0.0\jtoml-2.0.0.jar;C:\Users\DheyClaveria\.m2\repository\org\apache\commons\commons-exec\1.3\commons-exec-1.3.jar;C:\Users\DheyClaveria\.m2\repository\org\asynchttpclient\async-http-client\2.12.3\async-http-client-2.12.3.jar;C:\Users\DheyClaveria\.m2\repository\org\asynchttpclient\async-http-client-netty-utils\2.12.3\async-http-client-netty-utils-2.12.3.jar;C:\Users\DheyClaveria\.m2\repository\io\netty\netty-codec-socks\4.1.60.Final\netty-codec-socks-4.1.60.Final.jar;C:\Users\DheyClaveria\.m2\repository\io\netty\netty-handler-proxy\4.1.60.Final\netty-handler-proxy-4.1.60.Final.jar;C:\Users\DheyClaveria\.m2\repository\io\netty\netty-transport-native-epoll\4.1.60.Final\netty-transport-native-epoll-4.1.60.Final-linux-x86_64.jar;C:\Users\DheyClaveria\.m2\repository\io\netty\netty-transport-native-kqueue\4.1.60.Final\netty-transport-native-kqueue-4.1.60.Final-osx-x86_64.jar;C:\Users\DheyClaveria\.m2\repository\org\reactivestreams\reactive-streams\1.0.3\reactive-streams-1.0.3.jar;C:\Users\DheyClaveria\.m2\repository\com\typesafe\netty\netty-reactive-streams\2.0.4\netty-reactive-streams-2.0.4.jar;C:\Users\DheyClaveria\.m2\repository\com\sun\activation\jakarta.activation\1.2.2\jakarta.activation-1.2.2.jar;C:\Users\DheyClaveria\.m2\repository\org\seleniumhq\selenium\selenium-http\4.1.1\selenium-http-4.1.1.jar;C:\Users\DheyClaveria\.m2\repository\net\jodah\failsafe\2.4.4\failsafe-2.4.4.jar;C:\Users\DheyClaveria\.m2\repository\org\seleniumhq\selenium\selenium-safari-driver\4.1.1\selenium-safari-driver-4.1.1.jar;C:\Users\DheyClaveria\.m2\repository\org\seleniumhq\selenium\selenium-chrome-driver\4.1.1\selenium-chrome-driver-4.1.1.jar;C:\Users\DheyClaveria\.m2\repository\com\google\auto\service\auto-service-annotations\1.0.1\auto-service-annotations-1.0.1.jar;C:\Users\DheyClaveria\.m2\repository\com\google\auto\service\auto-service\1.0.1\auto-service-1.0.1.jar;C:\Users\DheyClaveria\.m2\repository\com\google\auto\auto-common\1.2\auto-common-1.2.jar;C:\Users\DheyClaveria\.m2\repository\com\google\guava\guava\31.0.1-jre\guava-31.0.1-jre.jar;C:\Users\DheyClaveria\.m2\repository\com\google\guava\failureaccess\1.0.1\failureaccess-1.0.1.jar;C:\Users\DheyClaveria\.m2\repository\com\google\guava\listenablefuture\9999.0-empty-to-avoid-conflict-with-guava\listenablefuture-9999.0-empty-to-avoid-conflict-with-guava.jar;C:\Users\DheyClaveria\.m2\repository\com\google\code\findbugs\jsr305\3.0.2\jsr305-3.0.2.jar;C:\Users\DheyClaveria\.m2\repository\org\checkerframework\checker-qual\3.12.0\checker-qual-3.12.0.jar;C:\Users\DheyClaveria\.m2\repository\com\google\errorprone\error_prone_annotations\2.7.1\error_prone_annotations-2.7.1.jar;C:\Users\DheyClaveria\.m2\repository\com\google\j2objc\j2objc-annotations\1.3\j2objc-annotations-1.3.jar;C:\Users\DheyClaveria\.m2\repository\org\seleniumhq\selenium\selenium-chromium-driver\4.1.1\selenium-chromium-driver-4.1.1.jar;C:\Users\DheyClaveria\.m2\repository\org\seleniumhq\selenium\selenium-json\4.1.1\selenium-json-4.1.1.jar;C:\Users\DheyClaveria\.m2\repository\io\github\bonigarcia\webdrivermanager\4.2.2\webdrivermanager-4.2.2.jar;C:\Users\DheyClaveria\.m2\repository\org\apache\httpcomponents\client5\httpclient5\5.0.1\httpclient5-5.0.1.jar;C:\Users\DheyClaveria\.m2\repository\org\apache\httpcomponents\core5\httpcore5\5.0.1\httpcore5-5.0.1.jar;C:\Users\DheyClaveria\.m2\repository\org\apache\httpcomponents\core5\httpcore5-h2\5.0.1\httpcore5-h2-5.0.1.jar;C:\Users\DheyClaveria\.m2\repository\org\rauschig\jarchivelib\1.1.0\jarchivelib-1.1.0.jar;C:\Users\DheyClaveria\.m2\repository\org\jsoup\jsoup\1.13.1\jsoup-1.13.1.jar;C:\Users\DheyClaveria\.m2\repository\tech\grasshopper\extentreports-cucumber7-adapter\1.3.0\extentreports-cucumber7-adapter-1.3.0.jar;C:\Users\DheyClaveria\.m2\repository\com\aventstack\extentreports\5.0.9\extentreports-5.0.9.jar;C:\Users\DheyClaveria\.m2\repository\io\reactivex\rxjava3\rxjava\3.0.4\rxjava-3.0.4.jar;C:\Users\DheyClaveria\.m2\repository\tech\grasshopper\extent-pdf-report\2.1.0\extent-pdf-report-2.1.0.jar;C:\Users\DheyClaveria\.m2\repository\tech\grasshopper\cucumber-pdf-report\2.5.0\cucumber-pdf-report-2.5.0.jar;C:\Users\DheyClaveria\.m2\repository\org\knowm\xchart\xchart\3.8.0\xchart-3.8.0.jar;C:\Users\DheyClaveria\.m2\repository\de\erichseifert\vectorgraphics2d\VectorGraphics2D\0.13\VectorGraphics2D-0.13.jar;C:\Users\DheyClaveria\.m2\repository\de\rototor\pdfbox\graphics2d\0.30\graphics2d-0.30.jar;C:\Users\DheyClaveria\.m2\repository\com\madgag\animated-gif-lib\1.4\animated-gif-lib-1.4.jar;C:\Users\DheyClaveria\.m2\repository\org\yaml\snakeyaml\1.28\snakeyaml-1.28.jar;C:\Users\DheyClaveria\.m2\repository\tech\grasshopper\table-layout\1.4.0\table-layout-1.4.0.jar;C:\Users\DheyClaveria\.m2\repository\tech\grasshopper\rest-assured-cucumber-pdf-report\1.1.0\rest-assured-cucumber-pdf-report-1.1.0.jar;C:\Users\DheyClaveria\.m2\repository\com\aventstack\klov-reporter\5.0.9\klov-reporter-5.0.9.jar;C:\Users\DheyClaveria\.m2\repository\org\mongodb\mongodb-driver\3.6.4\mongodb-driver-3.6.4.jar;C:\Users\DheyClaveria\.m2\repository\org\mongodb\mongodb-driver-core\3.6.4\mongodb-driver-core-3.6.4.jar;C:\Users\DheyClaveria\.m2\repository\org\mongodb\bson\3.6.4\bson-3.6.4.jar;C:\Users\DheyClaveria\.m2\repository\org\apache\httpcomponents\httpclient\4.5.13\httpclient-4.5.13.jar;C:\Users\DheyClaveria\.m2\repository\org\apache\httpcomponents\httpcore\4.4.13\httpcore-4.4.13.jar;C:\Users\DheyClaveria\.m2\repository\org\apache\httpcomponents\httpmime\4.5.13\httpmime-4.5.13.jar;C:\Users\DheyClaveria\.m2\repository\tech\grasshopper\htmlextentreporter\1.0.0\htmlextentreporter-1.0.0.jar;C:\Users\DheyClaveria\.m2\repository\org\testng\testng\6.14.3\testng-6.14.3.jar;C:\Users\DheyClaveria\.m2\repository\com\beust\jcommander\1.72\jcommander-1.72.jar;C:\Users\DheyClaveria\.m2\repository\org\apache-extras\beanshell\bsh\2.0b6\bsh-2.0b6.jar;C:\Users\DheyClaveria\.m2\repository\io\cucumber\cucumber-testng\7.2.3\cucumber-testng-7.2.3.jar;C:\Users\DheyClaveria\.m2\repository\org\apache\poi\poi\5.2.1\poi-5.2.1.jar;C:\Users\DheyClaveria\.m2\repository\org\apache\commons\commons-collections4\4.4\commons-collections4-4.4.jar;C:\Users\DheyClaveria\.m2\repository\org\apache\commons\commons-math3\3.6.1\commons-math3-3.6.1.jar;C:\Users\DheyClaveria\.m2\repository\com\zaxxer\SparseBitSet\1.2\SparseBitSet-1.2.jar;C:\Users\DheyClaveria\.m2\repository\org\apache\logging\log4j\log4j-api\2.17.1\log4j-api-2.17.1.jar;C:\Users\DheyClaveria\.m2\repository\org\apache\poi\poi-ooxml\5.2.1\poi-ooxml-5.2.1.jar;C:\Users\DheyClaveria\.m2\repository\org\apache\poi\poi-ooxml-lite\5.2.1\poi-ooxml-lite-5.2.1.jar;C:\Users\DheyClaveria\.m2\repository\org\apache\xmlbeans\xmlbeans\5.0.3\xmlbeans-5.0.3.jar;C:\Users\DheyClaveria\.m2\repository\org\apache\commons\commons-compress\1.21\commons-compress-1.21.jar;C:\Users\DheyClaveria\.m2\repository\com\github\virtuald\curvesapi\1.07\curvesapi-1.07.jar;"/>
    <property name="sun.cpu.endian" value="little"/>
    <property name="user.home" value="C:\Users\DheyClaveria"/>
    <property name="user.language" value="en"/>
    <property name="java.specification.vendor" value="Oracle Corporation"/>
    <property name="jdk.module.path" value="Z:\Automation\JavaCucumber\BDD_HCL\CucumberHCL\target\CucumberHCL-0.0.1-SNAPSHOT.jar"/>
    <property name="java.version.date" value="2020-10-20"/>
    <property name="java.home" value="C:\Program Files\Java\jdk-15.0.1"/>
    <property name="file.separator" value="\"/>
    <property name="basedir" value="Z:\Automation\JavaCucumber\BDD_HCL\CucumberHCL"/>
    <property name="java.vm.compressedOopsMode" value="Zero based"/>
    <property name="line.separator" value="&#10;"/>
    <property name="java.vm.specification.vendor" value="Oracle Corporation"/>
    <property name="java.specification.name" value="Java Platform API Specification"/>
    <property name="surefire.real.class.path" value="C:\Users\DheyClaveria\.m2\repository\org\apache\maven\surefire\surefire-booter\3.0.0-M5\surefire-booter-3.0.0-M5.jar;C:\Users\DheyClaveria\.m2\repository\org\apache\maven\surefire\surefire-api\3.0.0-M5\surefire-api-3.0.0-M5.jar;C:\Users\DheyClaveria\.m2\repository\org\apache\maven\surefire\surefire-logger-api\3.0.0-M5\surefire-logger-api-3.0.0-M5.jar;C:\Users\DheyClaveria\.m2\repository\org\apache\maven\surefire\surefire-shared-utils\3.0.0-M4\surefire-shared-utils-3.0.0-M4.jar;C:\Users\DheyClaveria\.m2\repository\org\apache\maven\surefire\surefire-extensions-spi\3.0.0-M5\surefire-extensions-spi-3.0.0-M5.jar;Z:\Automation\JavaCucumber\BDD_HCL\CucumberHCL\target\test-classes;C:\Users\DheyClaveria\.m2\repository\com\github\ralfstuckert\pdfbox-layout\pdfbox2-layout\1.0.1\pdfbox2-layout-1.0.1.jar;C:\Users\DheyClaveria\.m2\repository\org\apache\pdfbox\pdfbox\2.0.4\pdfbox-2.0.4.jar;C:\Users\DheyClaveria\.m2\repository\org\apache\pdfbox\fontbox\2.0.4\fontbox-2.0.4.jar;C:\Users\DheyClaveria\.m2\repository\commons-logging\commons-logging\1.2\commons-logging-1.2.jar;C:\Users\DheyClaveria\.m2\repository\io\rest-assured\rest-assured-all\4.3.2\rest-assured-all-4.3.2.jar;C:\Users\DheyClaveria\.m2\repository\org\codehaus\groovy\groovy\3.0.6\groovy-3.0.6.jar;C:\Users\DheyClaveria\.m2\repository\org\apache\commons\commons-lang3\3.11\commons-lang3-3.11.jar;C:\Users\DheyClaveria\.m2\repository\org\codehaus\groovy\groovy-xml\3.0.6\groovy-xml-3.0.6.jar;C:\Users\DheyClaveria\.m2\repository\org\ccil\cowan\tagsoup\tagsoup\1.2.1\tagsoup-1.2.1.jar;C:\Users\DheyClaveria\.m2\repository\jakarta\xml\bind\jakarta.xml.bind-api\2.3.3\jakarta.xml.bind-api-2.3.3.jar;C:\Users\DheyClaveria\.m2\repository\jakarta\activation\jakarta.activation-api\1.2.2\jakarta.activation-api-1.2.2.jar;C:\Users\DheyClaveria\.m2\repository\com\sun\xml\bind\jaxb-impl\2.3.3\jaxb-impl-2.3.3.jar;C:\Users\DheyClaveria\.m2\repository\org\codehaus\groovy\groovy-json\3.0.6\groovy-json-3.0.6.jar;C:\Users\DheyClaveria\.m2\repository\ch\qos\logback\logback-classic\1.1.3\logback-classic-1.1.3.jar;C:\Users\DheyClaveria\.m2\repository\ch\qos\logback\logback-core\1.1.3\logback-core-1.1.3.jar;C:\Users\DheyClaveria\.m2\repository\org\slf4j\slf4j-api\1.7.7\slf4j-api-1.7.7.jar;C:\Users\DheyClaveria\.m2\repository\org\json\json\20210307\json-20210307.jar;C:\Users\DheyClaveria\.m2\repository\com\ea\async\ea-async\1.2.3\ea-async-1.2.3.jar;C:\Users\DheyClaveria\.m2\repository\junit\junit\4.13.1\junit-4.13.1.jar;C:\Users\DheyClaveria\.m2\repository\org\hamcrest\hamcrest-core\1.3\hamcrest-core-1.3.jar;C:\Users\DheyClaveria\.m2\repository\net\serenity-bdd\serenity-assertions\3.2.1\serenity-assertions-3.2.1.jar;C:\Users\DheyClaveria\.m2\repository\net\serenity-bdd\serenity-screenplay\3.2.1\serenity-screenplay-3.2.1.jar;C:\Users\DheyClaveria\.m2\repository\org\assertj\assertj-core\3.22.0\assertj-core-3.22.0.jar;C:\Users\DheyClaveria\.m2\repository\net\serenity-bdd\serenity-ensure\3.2.1\serenity-ensure-3.2.1.jar;C:\Users\DheyClaveria\.m2\repository\net\serenity-bdd\serenity-model\3.2.1\serenity-model-3.2.1.jar;C:\Users\DheyClaveria\.m2\repository\org\apache\commons\commons-text\1.9\commons-text-1.9.jar;C:\Users\DheyClaveria\.m2\repository\commons-net\commons-net\3.8.0\commons-net-3.8.0.jar;C:\Users\DheyClaveria\.m2\repository\com\google\inject\guice\5.1.0\guice-5.1.0.jar;C:\Users\DheyClaveria\.m2\repository\javax\inject\javax.inject\1\javax.inject-1.jar;C:\Users\DheyClaveria\.m2\repository\aopalliance\aopalliance\1.0\aopalliance-1.0.jar;C:\Users\DheyClaveria\.m2\repository\com\thoughtworks\xstream\xstream\1.4.19\xstream-1.4.19.jar;C:\Users\DheyClaveria\.m2\repository\io\github\x-stream\mxparser\1.2.2\mxparser-1.2.2.jar;C:\Users\DheyClaveria\.m2\repository\xmlpull\xmlpull\1.1.3.1\xmlpull-1.1.3.1.jar;C:\Users\DheyClaveria\.m2\repository\com\typesafe\config\1.4.2\config-1.4.2.jar;C:\Users\DheyClaveria\.m2\repository\org\imgscalr\imgscalr-lib\4.2\imgscalr-lib-4.2.jar;C:\Users\DheyClaveria\.m2\repository\org\awaitility\awaitility\4.2.0\awaitility-4.2.0.jar;C:\Users\DheyClaveria\.m2\repository\org\freemarker\freemarker\2.3.31\freemarker-2.3.31.jar;C:\Users\DheyClaveria\.m2\repository\io\github\classgraph\classgraph\4.8.138\classgraph-4.8.138.jar;C:\Users\DheyClaveria\.m2\repository\net\sourceforge\jexcelapi\jxl\2.6.12\jxl-2.6.12.jar;C:\Users\DheyClaveria\.m2\repository\net\bytebuddy\byte-buddy\1.12.8\byte-buddy-1.12.8.jar;C:\Users\DheyClaveria\.m2\repository\net\bytebuddy\byte-buddy-agent\1.12.8\byte-buddy-agent-1.12.8.jar;C:\Users\DheyClaveria\.m2\repository\org\objenesis\objenesis\3.1\objenesis-3.1.jar;C:\Users\DheyClaveria\.m2\repository\net\serenity-bdd\serenity-screenplay-webdriver\3.2.1\serenity-screenplay-webdriver-3.2.1.jar;C:\Users\DheyClaveria\.m2\repository\org\jetbrains\kotlin\kotlin-stdlib\1.6.0\kotlin-stdlib-1.6.0.jar;C:\Users\DheyClaveria\.m2\repository\org\jetbrains\annotations\13.0\annotations-13.0.jar;C:\Users\DheyClaveria\.m2\repository\org\jetbrains\kotlin\kotlin-stdlib-common\1.6.0\kotlin-stdlib-common-1.6.0.jar;C:\Users\DheyClaveria\.m2\repository\net\serenity-bdd\serenity-core\3.2.1\serenity-core-3.2.1.jar;C:\Users\DheyClaveria\.m2\repository\net\serenity-bdd\serenity-reports\3.2.1\serenity-reports-3.2.1.jar;C:\Users\DheyClaveria\.m2\repository\net\serenity-bdd\serenity-stats\3.2.1\serenity-stats-3.2.1.jar;C:\Users\DheyClaveria\.m2\repository\net\serenity-bdd\serenity-reports-configuration\3.2.1\serenity-reports-configuration-3.2.1.jar;C:\Users\DheyClaveria\.m2\repository\com\vladsch\flexmark\flexmark-all\0.34.30\flexmark-all-0.34.30.jar;C:\Users\DheyClaveria\.m2\repository\com\vladsch\flexmark\flexmark\0.34.30\flexmark-0.34.30.jar;C:\Users\DheyClaveria\.m2\repository\com\vladsch\flexmark\flexmark-ext-abbreviation\0.34.30\flexmark-ext-abbreviation-0.34.30.jar;C:\Users\DheyClaveria\.m2\repository\com\vladsch\flexmark\flexmark-ext-admonition\0.34.30\flexmark-ext-admonition-0.34.30.jar;C:\Users\DheyClaveria\.m2\repository\com\vladsch\flexmark\flexmark-ext-anchorlink\0.34.30\flexmark-ext-anchorlink-0.34.30.jar;C:\Users\DheyClaveria\.m2\repository\com\vladsch\flexmark\flexmark-ext-aside\0.34.30\flexmark-ext-aside-0.34.30.jar;C:\Users\DheyClaveria\.m2\repository\com\vladsch\flexmark\flexmark-ext-attributes\0.34.30\flexmark-ext-attributes-0.34.30.jar;C:\Users\DheyClaveria\.m2\repository\com\vladsch\flexmark\flexmark-ext-autolink\0.34.30\flexmark-ext-autolink-0.34.30.jar;C:\Users\DheyClaveria\.m2\repository\org\nibor\autolink\autolink\0.6.0\autolink-0.6.0.jar;C:\Users\DheyClaveria\.m2\repository\com\vladsch\flexmark\flexmark-ext-definition\0.34.30\flexmark-ext-definition-0.34.30.jar;C:\Users\DheyClaveria\.m2\repository\com\vladsch\flexmark\flexmark-ext-emoji\0.34.30\flexmark-ext-emoji-0.34.30.jar;C:\Users\DheyClaveria\.m2\repository\com\vladsch\flexmark\flexmark-ext-enumerated-reference\0.34.30\flexmark-ext-enumerated-reference-0.34.30.jar;C:\Users\DheyClaveria\.m2\repository\com\vladsch\flexmark\flexmark-ext-escaped-character\0.34.30\flexmark-ext-escaped-character-0.34.30.jar;C:\Users\DheyClaveria\.m2\repository\com\vladsch\flexmark\flexmark-ext-footnotes\0.34.30\flexmark-ext-footnotes-0.34.30.jar;C:\Users\DheyClaveria\.m2\repository\com\vladsch\flexmark\flexmark-ext-gfm-issues\0.34.30\flexmark-ext-gfm-issues-0.34.30.jar;C:\Users\DheyClaveria\.m2\repository\com\vladsch\flexmark\flexmark-ext-gfm-strikethrough\0.34.30\flexmark-ext-gfm-strikethrough-0.34.30.jar;C:\Users\DheyClaveria\.m2\repository\com\vladsch\flexmark\flexmark-ext-gfm-tables\0.34.30\flexmark-ext-gfm-tables-0.34.30.jar;C:\Users\DheyClaveria\.m2\repository\com\vladsch\flexmark\flexmark-ext-gfm-tasklist\0.34.30\flexmark-ext-gfm-tasklist-0.34.30.jar;C:\Users\DheyClaveria\.m2\repository\com\vladsch\flexmark\flexmark-ext-gfm-users\0.34.30\flexmark-ext-gfm-users-0.34.30.jar;C:\Users\DheyClaveria\.m2\repository\com\vladsch\flexmark\flexmark-ext-gitlab\0.34.30\flexmark-ext-gitlab-0.34.30.jar;C:\Users\DheyClaveria\.m2\repository\com\vladsch\flexmark\flexmark-ext-jekyll-front-matter\0.34.30\flexmark-ext-jekyll-front-matter-0.34.30.jar;C:\Users\DheyClaveria\.m2\repository\com\vladsch\flexmark\flexmark-ext-jekyll-tag\0.34.30\flexmark-ext-jekyll-tag-0.34.30.jar;C:\Users\DheyClaveria\.m2\repository\com\vladsch\flexmark\flexmark-ext-media-tags\0.34.30\flexmark-ext-media-tags-0.34.30.jar;C:\Users\DheyClaveria\.m2\repository\com\vladsch\flexmark\flexmark-test-util\0.34.30\flexmark-test-util-0.34.30.jar;C:\Users\DheyClaveria\.m2\repository\com\vladsch\flexmark\flexmark-ext-ins\0.34.30\flexmark-ext-ins-0.34.30.jar;C:\Users\DheyClaveria\.m2\repository\com\vladsch\flexmark\flexmark-ext-xwiki-macros\0.34.30\flexmark-ext-xwiki-macros-0.34.30.jar;C:\Users\DheyClaveria\.m2\repository\com\vladsch\flexmark\flexmark-ext-superscript\0.34.30\flexmark-ext-superscript-0.34.30.jar;C:\Users\DheyClaveria\.m2\repository\com\vladsch\flexmark\flexmark-ext-tables\0.34.30\flexmark-ext-tables-0.34.30.jar;C:\Users\DheyClaveria\.m2\repository\com\vladsch\flexmark\flexmark-ext-toc\0.34.30\flexmark-ext-toc-0.34.30.jar;C:\Users\DheyClaveria\.m2\repository\com\vladsch\flexmark\flexmark-ext-typographic\0.34.30\flexmark-ext-typographic-0.34.30.jar;C:\Users\DheyClaveria\.m2\repository\com\vladsch\flexmark\flexmark-ext-wikilink\0.34.30\flexmark-ext-wikilink-0.34.30.jar;C:\Users\DheyClaveria\.m2\repository\com\vladsch\flexmark\flexmark-ext-yaml-front-matter\0.34.30\flexmark-ext-yaml-front-matter-0.34.30.jar;C:\Users\DheyClaveria\.m2\repository\com\vladsch\flexmark\flexmark-ext-youtube-embedded\0.34.30\flexmark-ext-youtube-embedded-0.34.30.jar;C:\Users\DheyClaveria\.m2\repository\com\vladsch\flexmark\flexmark-formatter\0.34.30\flexmark-formatter-0.34.30.jar;C:\Users\DheyClaveria\.m2\repository\com\vladsch\flexmark\flexmark-html-parser\0.34.30\flexmark-html-parser-0.34.30.jar;C:\Users\DheyClaveria\.m2\repository\com\vladsch\flexmark\flexmark-jira-converter\0.34.30\flexmark-jira-converter-0.34.30.jar;C:\Users\DheyClaveria\.m2\repository\com\vladsch\flexmark\flexmark-pdf-converter\0.34.30\flexmark-pdf-converter-0.34.30.jar;C:\Users\DheyClaveria\.m2\repository\com\openhtmltopdf\openhtmltopdf-core\0.0.1-RC13\openhtmltopdf-core-0.0.1-RC13.jar;C:\Users\DheyClaveria\.m2\repository\com\openhtmltopdf\openhtmltopdf-pdfbox\0.0.1-RC13\openhtmltopdf-pdfbox-0.0.1-RC13.jar;C:\Users\DheyClaveria\.m2\repository\org\apache\pdfbox\xmpbox\2.0.8\xmpbox-2.0.8.jar;C:\Users\DheyClaveria\.m2\repository\com\openhtmltopdf\openhtmltopdf-rtl-support\0.0.1-RC13\openhtmltopdf-rtl-support-0.0.1-RC13.jar;C:\Users\DheyClaveria\.m2\repository\com\ibm\icu\icu4j\59.1\icu4j-59.1.jar;C:\Users\DheyClaveria\.m2\repository\com\openhtmltopdf\openhtmltopdf-jsoup-dom-converter\0.0.1-RC13\openhtmltopdf-jsoup-dom-converter-0.0.1-RC13.jar;C:\Users\DheyClaveria\.m2\repository\com\vladsch\flexmark\flexmark-profile-pegdown\0.34.30\flexmark-profile-pegdown-0.34.30.jar;C:\Users\DheyClaveria\.m2\repository\com\vladsch\flexmark\flexmark-util\0.34.30\flexmark-util-0.34.30.jar;C:\Users\DheyClaveria\.m2\repository\com\vladsch\flexmark\flexmark-youtrack-converter\0.34.30\flexmark-youtrack-converter-0.34.30.jar;C:\Users\DheyClaveria\.m2\repository\es\nitaur\markdown\txtmark\0.16\txtmark-0.16.jar;C:\Users\DheyClaveria\.m2\repository\net\serenity-bdd\serenity-report-resources\3.2.1\serenity-report-resources-3.2.1.jar;C:\Users\DheyClaveria\.m2\repository\com\google\code\gson\gson\2.9.0\gson-2.9.0.jar;C:\Users\DheyClaveria\.m2\repository\com\fasterxml\jackson\core\jackson-core\2.13.2\jackson-core-2.13.2.jar;C:\Users\DheyClaveria\.m2\repository\com\fasterxml\jackson\core\jackson-databind\2.13.2\jackson-databind-2.13.2.jar;C:\Users\DheyClaveria\.m2\repository\com\fasterxml\jackson\core\jackson-annotations\2.13.2\jackson-annotations-2.13.2.jar;C:\Users\DheyClaveria\.m2\repository\commons-codec\commons-codec\1.15\commons-codec-1.15.jar;C:\Users\DheyClaveria\.m2\repository\commons-io\commons-io\2.11.0\commons-io-2.11.0.jar;C:\Users\DheyClaveria\.m2\repository\org\seleniumhq\selenium\selenium-api\4.1.2\selenium-api-4.1.2.jar;C:\Users\DheyClaveria\.m2\repository\org\seleniumhq\selenium\selenium-support\4.1.2\selenium-support-4.1.2.jar;C:\Users\DheyClaveria\.m2\repository\org\seleniumhq\selenium\selenium-firefox-driver\4.1.2\selenium-firefox-driver-4.1.2.jar;C:\Users\DheyClaveria\.m2\repository\org\seleniumhq\selenium\selenium-edge-driver\4.1.2\selenium-edge-driver-4.1.2.jar;C:\Users\DheyClaveria\.m2\repository\org\seleniumhq\selenium\selenium-ie-driver\4.1.2\selenium-ie-driver-4.1.2.jar;C:\Users\DheyClaveria\.m2\repository\org\projectlombok\lombok\1.18.20\lombok-1.18.20.jar;C:\Users\DheyClaveria\.m2\repository\io\appium\java-client\8.0.0\java-client-8.0.0.jar;C:\Users\DheyClaveria\.m2\repository\commons-validator\commons-validator\1.7\commons-validator-1.7.jar;C:\Users\DheyClaveria\.m2\repository\commons-digester\commons-digester\2.1\commons-digester-2.1.jar;C:\Users\DheyClaveria\.m2\repository\org\aspectj\aspectjweaver\1.9.8\aspectjweaver-1.9.8.jar;C:\Users\DheyClaveria\.m2\repository\net\sf\opencsv\opencsv\2.0\opencsv-2.0.jar;C:\Users\DheyClaveria\.m2\repository\commons-beanutils\commons-beanutils\1.9.4\commons-beanutils-1.9.4.jar;C:\Users\DheyClaveria\.m2\repository\commons-collections\commons-collections\3.2.2\commons-collections-3.2.2.jar;C:\Users\DheyClaveria\.m2\repository\org\fluentlenium\fluentlenium-core\0.10.2\fluentlenium-core-0.10.2.jar;C:\Users\DheyClaveria\.m2\repository\com\jhlabs\filters\2.0.235\filters-2.0.235.jar;C:\Users\DheyClaveria\.m2\repository\com\paulhammant\ngwebdriver\1.1.6\ngwebdriver-1.1.6.jar;C:\Users\DheyClaveria\.m2\repository\joda-time\joda-time\2.8.2\joda-time-2.8.2.jar;C:\Users\DheyClaveria\.m2\repository\org\hamcrest\hamcrest\2.2\hamcrest-2.2.jar;C:\Users\DheyClaveria\.m2\repository\com\google\jimfs\jimfs\1.2\jimfs-1.2.jar;C:\Users\DheyClaveria\.m2\repository\org\mockito\mockito-core\3.3.3\mockito-core-3.3.3.jar;C:\Users\DheyClaveria\.m2\repository\javax\xml\bind\jaxb-api\2.3.1\jaxb-api-2.3.1.jar;C:\Users\DheyClaveria\.m2\repository\javax\activation\javax.activation-api\1.2.0\javax.activation-api-1.2.0.jar;C:\Users\DheyClaveria\.m2\repository\com\sun\xml\bind\jaxb-core\2.3.0.1\jaxb-core-2.3.0.1.jar;C:\Users\DheyClaveria\.m2\repository\javax\activation\activation\1.1.1\activation-1.1.1.jar;C:\Users\DheyClaveria\.m2\repository\net\serenity-bdd\serenity-junit\3.2.1\serenity-junit-3.2.1.jar;C:\Users\DheyClaveria\.m2\repository\net\serenity-bdd\serenity-cucumber\3.2.1\serenity-cucumber-3.2.1.jar;C:\Users\DheyClaveria\.m2\repository\org\apache\commons\commons-csv\1.5\commons-csv-1.5.jar;C:\Users\DheyClaveria\.m2\repository\io\cucumber\cucumber-java\7.2.3\cucumber-java-7.2.3.jar;C:\Users\DheyClaveria\.m2\repository\org\apiguardian\apiguardian-api\1.1.2\apiguardian-api-1.1.2.jar;C:\Users\DheyClaveria\.m2\repository\io\cucumber\cucumber-junit\7.2.3\cucumber-junit-7.2.3.jar;C:\Users\DheyClaveria\.m2\repository\io\cucumber\cucumber-core\7.2.3\cucumber-core-7.2.3.jar;C:\Users\DheyClaveria\.m2\repository\io\cucumber\cucumber-gherkin\7.2.3\cucumber-gherkin-7.2.3.jar;C:\Users\DheyClaveria\.m2\repository\io\cucumber\cucumber-gherkin-messages\7.2.3\cucumber-gherkin-messages-7.2.3.jar;C:\Users\DheyClaveria\.m2\repository\io\cucumber\messages\17.1.1\messages-17.1.1.jar;C:\Users\DheyClaveria\.m2\repository\io\cucumber\tag-expressions\4.1.0\tag-expressions-4.1.0.jar;C:\Users\DheyClaveria\.m2\repository\io\cucumber\cucumber-expressions\15.0.1\cucumber-expressions-15.0.1.jar;C:\Users\DheyClaveria\.m2\repository\io\cucumber\datatable\7.2.3\datatable-7.2.3.jar;C:\Users\DheyClaveria\.m2\repository\io\cucumber\cucumber-plugin\7.2.3\cucumber-plugin-7.2.3.jar;C:\Users\DheyClaveria\.m2\repository\io\cucumber\docstring\7.2.3\docstring-7.2.3.jar;C:\Users\DheyClaveria\.m2\repository\io\cucumber\html-formatter\17.0.0\html-formatter-17.0.0.jar;C:\Users\DheyClaveria\.m2\repository\io\cucumber\ci-environment\8.1.0\ci-environment-8.1.0.jar;C:\Users\DheyClaveria\.m2\repository\io\cucumber\cucumber-junit-platform-engine\7.2.3\cucumber-junit-platform-engine-7.2.3.jar;C:\Users\DheyClaveria\.m2\repository\org\junit\platform\junit-platform-engine\1.8.2\junit-platform-engine-1.8.2.jar;C:\Users\DheyClaveria\.m2\repository\org\opentest4j\opentest4j\1.2.0\opentest4j-1.2.0.jar;C:\Users\DheyClaveria\.m2\repository\org\junit\platform\junit-platform-commons\1.8.2\junit-platform-commons-1.8.2.jar;C:\Users\DheyClaveria\.m2\repository\org\junit\platform\junit-platform-suite\1.8.2\junit-platform-suite-1.8.2.jar;C:\Users\DheyClaveria\.m2\repository\org\junit\platform\junit-platform-suite-api\1.8.2\junit-platform-suite-api-1.8.2.jar;C:\Users\DheyClaveria\.m2\repository\org\junit\platform\junit-platform-suite-engine\1.8.2\junit-platform-suite-engine-1.8.2.jar;C:\Users\DheyClaveria\.m2\repository\org\junit\platform\junit-platform-suite-commons\1.8.2\junit-platform-suite-commons-1.8.2.jar;C:\Users\DheyClaveria\.m2\repository\org\junit\platform\junit-platform-launcher\1.8.2\junit-platform-launcher-1.8.2.jar;C:\Users\DheyClaveria\.m2\repository\org\junit\jupiter\junit-jupiter\5.8.2\junit-jupiter-5.8.2.jar;C:\Users\DheyClaveria\.m2\repository\org\junit\jupiter\junit-jupiter-api\5.8.2\junit-jupiter-api-5.8.2.jar;C:\Users\DheyClaveria\.m2\repository\org\junit\jupiter\junit-jupiter-params\5.8.2\junit-jupiter-params-5.8.2.jar;C:\Users\DheyClaveria\.m2\repository\org\junit\jupiter\junit-jupiter-engine\5.8.2\junit-jupiter-engine-5.8.2.jar;C:\Users\DheyClaveria\.m2\repository\org\junit\vintage\junit-vintage-engine\5.8.2\junit-vintage-engine-5.8.2.jar;C:\Users\DheyClaveria\.m2\repository\info\cukes\cucumber-java\1.2.5\cucumber-java-1.2.5.jar;C:\Users\DheyClaveria\.m2\repository\info\cukes\cucumber-core\1.2.5\cucumber-core-1.2.5.jar;C:\Users\DheyClaveria\.m2\repository\info\cukes\cucumber-html\0.2.3\cucumber-html-0.2.3.jar;C:\Users\DheyClaveria\.m2\repository\info\cukes\cucumber-jvm-deps\1.0.5\cucumber-jvm-deps-1.0.5.jar;C:\Users\DheyClaveria\.m2\repository\info\cukes\gherkin\2.12.2\gherkin-2.12.2.jar;C:\Users\DheyClaveria\.m2\repository\info\cukes\cucumber-junit\1.2.5\cucumber-junit-1.2.5.jar;C:\Users\DheyClaveria\.m2\repository\org\seleniumhq\selenium\selenium-java\4.1.1\selenium-java-4.1.1.jar;C:\Users\DheyClaveria\.m2\repository\org\seleniumhq\selenium\selenium-devtools-v85\4.1.1\selenium-devtools-v85-4.1.1.jar;C:\Users\DheyClaveria\.m2\repository\org\seleniumhq\selenium\selenium-devtools-v94\4.1.1\selenium-devtools-v94-4.1.1.jar;C:\Users\DheyClaveria\.m2\repository\org\seleniumhq\selenium\selenium-devtools-v95\4.1.1\selenium-devtools-v95-4.1.1.jar;C:\Users\DheyClaveria\.m2\repository\org\seleniumhq\selenium\selenium-devtools-v96\4.1.1\selenium-devtools-v96-4.1.1.jar;C:\Users\DheyClaveria\.m2\repository\org\seleniumhq\selenium\selenium-firefox-xpi-driver\4.1.1\selenium-firefox-xpi-driver-4.1.1.jar;C:\Users\DheyClaveria\.m2\repository\org\seleniumhq\selenium\selenium-opera-driver\4.1.1\selenium-opera-driver-4.1.1.jar;C:\Users\DheyClaveria\.m2\repository\org\seleniumhq\selenium\selenium-remote-driver\4.1.1\selenium-remote-driver-4.1.1.jar;C:\Users\DheyClaveria\.m2\repository\io\netty\netty-buffer\4.1.70.Final\netty-buffer-4.1.70.Final.jar;C:\Users\DheyClaveria\.m2\repository\io\netty\netty-codec-http\4.1.70.Final\netty-codec-http-4.1.70.Final.jar;C:\Users\DheyClaveria\.m2\repository\io\netty\netty-codec\4.1.70.Final\netty-codec-4.1.70.Final.jar;C:\Users\DheyClaveria\.m2\repository\io\netty\netty-handler\4.1.70.Final\netty-handler-4.1.70.Final.jar;C:\Users\DheyClaveria\.m2\repository\io\netty\netty-common\4.1.70.Final\netty-common-4.1.70.Final.jar;C:\Users\DheyClaveria\.m2\repository\io\netty\netty-transport-classes-epoll\4.1.70.Final\netty-transport-classes-epoll-4.1.70.Final.jar;C:\Users\DheyClaveria\.m2\repository\io\netty\netty-transport-classes-kqueue\4.1.70.Final\netty-transport-classes-kqueue-4.1.70.Final.jar;C:\Users\DheyClaveria\.m2\repository\io\netty\netty-transport-native-unix-common\4.1.70.Final\netty-transport-native-unix-common-4.1.70.Final.jar;C:\Users\DheyClaveria\.m2\repository\io\netty\netty-transport\4.1.70.Final\netty-transport-4.1.70.Final.jar;C:\Users\DheyClaveria\.m2\repository\io\netty\netty-resolver\4.1.70.Final\netty-resolver-4.1.70.Final.jar;C:\Users\DheyClaveria\.m2\repository\io\opentelemetry\opentelemetry-api\1.9.1\opentelemetry-api-1.9.1.jar;C:\Users\DheyClaveria\.m2\repository\io\opentelemetry\opentelemetry-context\1.9.1\opentelemetry-context-1.9.1.jar;C:\Users\DheyClaveria\.m2\repository\io\opentelemetry\opentelemetry-exporter-logging\1.9.1\opentelemetry-exporter-logging-1.9.1.jar;C:\Users\DheyClaveria\.m2\repository\io\opentelemetry\opentelemetry-sdk-metrics\1.9.1-alpha\opentelemetry-sdk-metrics-1.9.1-alpha.jar;C:\Users\DheyClaveria\.m2\repository\io\opentelemetry\opentelemetry-sdk-logs\1.9.1-alpha\opentelemetry-sdk-logs-1.9.1-alpha.jar;C:\Users\DheyClaveria\.m2\repository\io\opentelemetry\opentelemetry-sdk-common\1.9.1\opentelemetry-sdk-common-1.9.1.jar;C:\Users\DheyClaveria\.m2\repository\io\opentelemetry\opentelemetry-sdk-extension-autoconfigure-spi\1.9.1\opentelemetry-sdk-extension-autoconfigure-spi-1.9.1.jar;C:\Users\DheyClaveria\.m2\repository\io\opentelemetry\opentelemetry-sdk-extension-autoconfigure\1.9.1-alpha\opentelemetry-sdk-extension-autoconfigure-1.9.1-alpha.jar;C:\Users\DheyClaveria\.m2\repository\io\opentelemetry\opentelemetry-sdk-trace\1.9.1\opentelemetry-sdk-trace-1.9.1.jar;C:\Users\DheyClaveria\.m2\repository\io\opentelemetry\opentelemetry-api-metrics\1.9.1-alpha\opentelemetry-api-metrics-1.9.1-alpha.jar;C:\Users\DheyClaveria\.m2\repository\io\opentelemetry\opentelemetry-sdk\1.9.1\opentelemetry-sdk-1.9.1.jar;C:\Users\DheyClaveria\.m2\repository\io\opentelemetry\opentelemetry-semconv\1.9.1-alpha\opentelemetry-semconv-1.9.1-alpha.jar;C:\Users\DheyClaveria\.m2\repository\io\ous\jtoml\2.0.0\jtoml-2.0.0.jar;C:\Users\DheyClaveria\.m2\repository\org\apache\commons\commons-exec\1.3\commons-exec-1.3.jar;C:\Users\DheyClaveria\.m2\repository\org\asynchttpclient\async-http-client\2.12.3\async-http-client-2.12.3.jar;C:\Users\DheyClaveria\.m2\repository\org\asynchttpclient\async-http-client-netty-utils\2.12.3\async-http-client-netty-utils-2.12.3.jar;C:\Users\DheyClaveria\.m2\repository\io\netty\netty-codec-socks\4.1.60.Final\netty-codec-socks-4.1.60.Final.jar;C:\Users\DheyClaveria\.m2\repository\io\netty\netty-handler-proxy\4.1.60.Final\netty-handler-proxy-4.1.60.Final.jar;C:\Users\DheyClaveria\.m2\repository\io\netty\netty-transport-native-epoll\4.1.60.Final\netty-transport-native-epoll-4.1.60.Final-linux-x86_64.jar;C:\Users\DheyClaveria\.m2\repository\io\netty\netty-transport-native-kqueue\4.1.60.Final\netty-transport-native-kqueue-4.1.60.Final-osx-x86_64.jar;C:\Users\DheyClaveria\.m2\repository\org\reactivestreams\reactive-streams\1.0.3\reactive-streams-1.0.3.jar;C:\Users\DheyClaveria\.m2\repository\com\typesafe\netty\netty-reactive-streams\2.0.4\netty-reactive-streams-2.0.4.jar;C:\Users\DheyClaveria\.m2\repository\com\sun\activation\jakarta.activation\1.2.2\jakarta.activation-1.2.2.jar;C:\Users\DheyClaveria\.m2\repository\org\seleniumhq\selenium\selenium-http\4.1.1\selenium-http-4.1.1.jar;C:\Users\DheyClaveria\.m2\repository\net\jodah\failsafe\2.4.4\failsafe-2.4.4.jar;C:\Users\DheyClaveria\.m2\repository\org\seleniumhq\selenium\selenium-safari-driver\4.1.1\selenium-safari-driver-4.1.1.jar;C:\Users\DheyClaveria\.m2\repository\org\seleniumhq\selenium\selenium-chrome-driver\4.1.1\selenium-chrome-driver-4.1.1.jar;C:\Users\DheyClaveria\.m2\repository\com\google\auto\service\auto-service-annotations\1.0.1\auto-service-annotations-1.0.1.jar;C:\Users\DheyClaveria\.m2\repository\com\google\auto\service\auto-service\1.0.1\auto-service-1.0.1.jar;C:\Users\DheyClaveria\.m2\repository\com\google\auto\auto-common\1.2\auto-common-1.2.jar;C:\Users\DheyClaveria\.m2\repository\com\google\guava\guava\31.0.1-jre\guava-31.0.1-jre.jar;C:\Users\DheyClaveria\.m2\repository\com\google\guava\failureaccess\1.0.1\failureaccess-1.0.1.jar;C:\Users\DheyClaveria\.m2\repository\com\google\guava\listenablefuture\9999.0-empty-to-avoid-conflict-with-guava\listenablefuture-9999.0-empty-to-avoid-conflict-with-guava.jar;C:\Users\DheyClaveria\.m2\repository\com\google\code\findbugs\jsr305\3.0.2\jsr305-3.0.2.jar;C:\Users\DheyClaveria\.m2\repository\org\checkerframework\checker-qual\3.12.0\checker-qual-3.12.0.jar;C:\Users\DheyClaveria\.m2\repository\com\google\errorprone\error_prone_annotations\2.7.1\error_prone_annotations-2.7.1.jar;C:\Users\DheyClaveria\.m2\repository\com\google\j2objc\j2objc-annotations\1.3\j2objc-annotations-1.3.jar;C:\Users\DheyClaveria\.m2\repository\org\seleniumhq\selenium\selenium-chromium-driver\4.1.1\selenium-chromium-driver-4.1.1.jar;C:\Users\DheyClaveria\.m2\repository\org\seleniumhq\selenium\selenium-json\4.1.1\selenium-json-4.1.1.jar;C:\Users\DheyClaveria\.m2\repository\io\github\bonigarcia\webdrivermanager\4.2.2\webdrivermanager-4.2.2.jar;C:\Users\DheyClaveria\.m2\repository\org\apache\httpcomponents\client5\httpclient5\5.0.1\httpclient5-5.0.1.jar;C:\Users\DheyClaveria\.m2\repository\org\apache\httpcomponents\core5\httpcore5\5.0.1\httpcore5-5.0.1.jar;C:\Users\DheyClaveria\.m2\repository\org\apache\httpcomponents\core5\httpcore5-h2\5.0.1\httpcore5-h2-5.0.1.jar;C:\Users\DheyClaveria\.m2\repository\org\rauschig\jarchivelib\1.1.0\jarchivelib-1.1.0.jar;C:\Users\DheyClaveria\.m2\repository\org\jsoup\jsoup\1.13.1\jsoup-1.13.1.jar;C:\Users\DheyClaveria\.m2\repository\tech\grasshopper\extentreports-cucumber7-adapter\1.3.0\extentreports-cucumber7-adapter-1.3.0.jar;C:\Users\DheyClaveria\.m2\repository\com\aventstack\extentreports\5.0.9\extentreports-5.0.9.jar;C:\Users\DheyClaveria\.m2\repository\io\reactivex\rxjava3\rxjava\3.0.4\rxjava-3.0.4.jar;C:\Users\DheyClaveria\.m2\repository\tech\grasshopper\extent-pdf-report\2.1.0\extent-pdf-report-2.1.0.jar;C:\Users\DheyClaveria\.m2\repository\tech\grasshopper\cucumber-pdf-report\2.5.0\cucumber-pdf-report-2.5.0.jar;C:\Users\DheyClaveria\.m2\repository\org\knowm\xchart\xchart\3.8.0\xchart-3.8.0.jar;C:\Users\DheyClaveria\.m2\repository\de\erichseifert\vectorgraphics2d\VectorGraphics2D\0.13\VectorGraphics2D-0.13.jar;C:\Users\DheyClaveria\.m2\repository\de\rototor\pdfbox\graphics2d\0.30\graphics2d-0.30.jar;C:\Users\DheyClaveria\.m2\repository\com\madgag\animated-gif-lib\1.4\animated-gif-lib-1.4.jar;C:\Users\DheyClaveria\.m2\repository\org\yaml\snakeyaml\1.28\snakeyaml-1.28.jar;C:\Users\DheyClaveria\.m2\repository\tech\grasshopper\table-layout\1.4.0\table-layout-1.4.0.jar;C:\Users\DheyClaveria\.m2\repository\tech\grasshopper\rest-assured-cucumber-pdf-report\1.1.0\rest-assured-cucumber-pdf-report-1.1.0.jar;C:\Users\DheyClaveria\.m2\repository\com\aventstack\klov-reporter\5.0.9\klov-reporter-5.0.9.jar;C:\Users\DheyClaveria\.m2\repository\org\mongodb\mongodb-driver\3.6.4\mongodb-driver-3.6.4.jar;C:\Users\DheyClaveria\.m2\repository\org\mongodb\mongodb-driver-core\3.6.4\mongodb-driver-core-3.6.4.jar;C:\Users\DheyClaveria\.m2\repository\org\mongodb\bson\3.6.4\bson-3.6.4.jar;C:\Users\DheyClaveria\.m2\repository\org\apache\httpcomponents\httpclient\4.5.13\httpclient-4.5.13.jar;C:\Users\DheyClaveria\.m2\repository\org\apache\httpcomponents\httpcore\4.4.13\httpcore-4.4.13.jar;C:\Users\DheyClaveria\.m2\repository\org\apache\httpcomponents\httpmime\4.5.13\httpmime-4.5.13.jar;C:\Users\DheyClaveria\.m2\repository\tech\grasshopper\htmlextentreporter\1.0.0\htmlextentreporter-1.0.0.jar;C:\Users\DheyClaveria\.m2\repository\org\testng\testng\6.14.3\testng-6.14.3.jar;C:\Users\DheyClaveria\.m2\repository\com\beust\jcommander\1.72\jcommander-1.72.jar;C:\Users\DheyClaveria\.m2\repository\org\apache-extras\beanshell\bsh\2.0b6\bsh-2.0b6.jar;C:\Users\DheyClaveria\.m2\repository\io\cucumber\cucumber-testng\7.2.3\cucumber-testng-7.2.3.jar;C:\Users\DheyClaveria\.m2\repository\org\apache\poi\poi\5.2.1\poi-5.2.1.jar;C:\Users\DheyClaveria\.m2\repository\org\apache\commons\commons-collections4\4.4\commons-collections4-4.4.jar;C:\Users\DheyClaveria\.m2\repository\org\apache\commons\commons-math3\3.6.1\commons-math3-3.6.1.jar;C:\Users\DheyClaveria\.m2\repository\com\zaxxer\SparseBitSet\1.2\SparseBitSet-1.2.jar;C:\Users\DheyClaveria\.m2\repository\org\apache\logging\log4j\log4j-api\2.17.1\log4j-api-2.17.1.jar;C:\Users\DheyClaveria\.m2\repository\org\apache\poi\poi-ooxml\5.2.1\poi-ooxml-5.2.1.jar;C:\Users\DheyClaveria\.m2\repository\org\apache\poi\poi-ooxml-lite\5.2.1\poi-ooxml-lite-5.2.1.jar;C:\Users\DheyClaveria\.m2\repository\org\apache\xmlbeans\xmlbeans\5.0.3\xmlbeans-5.0.3.jar;C:\Users\DheyClaveria\.m2\repository\org\apache\commons\commons-compress\1.21\commons-compress-1.21.jar;C:\Users\DheyClaveria\.m2\repository\com\github\virtuald\curvesapi\1.07\curvesapi-1.07.jar;C:\Users\DheyClaveria\.m2\repository\org\apache\maven\surefire\surefire-junit-platform\3.0.0-M5\surefire-junit-platform-3.0.0-M5.jar;C:\Users\DheyClaveria\.m2\repository\org\apache\maven\surefire\common-java5\3.0.0-M5\common-java5-3.0.0-M5.jar"/>
    <property name="user.script" value=""/>
    <property name="sun.management.compiler" value="HotSpot 64-Bit Tiered Compilers"/>
    <property name="java.runtime.version" value="15.0.1+9-18"/>
    <property name="user.name" value="DheyClaveria"/>
    <property name="path.separator" value=";"/>
    <property name="os.version" value="10.0"/>
    <property name="java.runtime.name" value="Java(TM) SE Runtime Environment"/>
    <property name="file.encoding" value="Cp1252"/>
    <property name="sun.nio.ch.bugLevel" value=""/>
    <property name="java.vm.name" value="Java HotSpot(TM) 64-Bit Server VM"/>
    <property name="localRepository" value="C:\Users\DheyClaveria\.m2\repository"/>
    <property name="java.vendor.url.bug" value="https://bugreport.java.com/bugreport/"/>
    <property name="java.io.tmpdir" value="C:\Users\DheyClaveria\AppData\Local\Temp\"/>
    <property name="java.version" value="15.0.1"/>
    <property name="user.dir" value="Z:\Automation\JavaCucumber\BDD_HCL\CucumberHCL"/>
    <property name="os.arch" value="amd64"/>
    <property name="java.vm.specification.name" value="Java Virtual Machine Specification"/>
    <property name="sun.os.patch.level" value=""/>
    <property name="java.library.path" value="C:\Program Files\Java\jdk-15.0.1\bin;C:\WINDOWS\Sun\Java\bin;C:\WINDOWS\system32;C:\WINDOWS;C:\Program Files\Common Files\Oracle\Java\javapath;C:\Program Files (x86)\Common Files\Intel\Shared Libraries\redist\intel64\compiler;C:\Windows\system32;C:\Windows;C:\Windows\System32\Wbem;C:\Windows\System32\WindowsPowerShell\v1.0\;C:\Windows\System32\OpenSSH\;C:\Program Files (x86)\NVIDIA Corporation\PhysX\Common;C:\Program Files\Microsoft SQL Server\120\Tools\Binn\;C:\Users\DheyClaveria\.dnx\bin;C:\Program Files\Microsoft DNX\Dnvm\;C:\Program Files\Microsoft SQL Server\130\Tools\Binn\;C:\Program Files (x86)\Microsoft SQL Server\130\Tools\Binn\;C:\Program Files (x86)\Microsoft SQL Server\130\DTS\Binn\;C:\Program Files\Microsoft SQL Server\130\DTS\Binn\;C:\Program Files\Microsoft SQL Server\Client SDK\ODBC\130\Tools\Binn\;C:\Program Files\nodejs\;C:\Program Files\NVIDIA Corporation\NVIDIA NvDLISR;C:\WINDOWS\system32;C:\WINDOWS;C:\WINDOWS\System32\Wbem;C:\WINDOWS\System32\WindowsPowerShell\v1.0\;C:\WINDOWS\System32\OpenSSH\;C:\Selenium;C:\Program Files\Git\cmd;C:\Program Files\Java\jdk-15.0.1\bin;;C:\WINDOWS\system32;C:\WINDOWS;C:\WINDOWS\System32\Wbem;C:\WINDOWS\System32\WindowsPowerShell\v1.0\;C:\WINDOWS\System32\OpenSSH\;C:\Program Files\dotnet\;C:\Users\DheyClaveria\AppData\Local\Programs\Python\Python39\Scripts\;C:\Users\DheyClaveria\AppData\Local\Programs\Python\Python39\;C:\Users\DheyClaveria\AppData\Local\Microsoft\WindowsApps;C:\Users\DheyClaveria\AppData\Local\GitHubDesktop\bin;C:\Users\DheyClaveria\AppData\Local\Programs\Microsoft VS Code\bin;C:\Users\DheyClaveria\AppData\Roaming\npm;C:\Users\DheyClaveria\AppData\Local\Microsoft\WindowsApps;C:\Program Files\Java\jdk-15.0.1\bin;C:\apache-maven-3.6.3\bin;C:\Program Files\nodejs;C:\Selenium;;."/>
    <property name="java.vm.info" value="mixed mode"/>
    <property name="java.vendor" value="Oracle Corporation"/>
    <property name="java.vm.version" value="15.0.1+9-18"/>
    <property name="sun.io.unicode.encoding" value="UnicodeLittle"/>
    <property name="java.class.version" value="59.0"/>
  </properties>
  <testcase name="Login fail possible combinations" classname="Test Invalid User Credentials Feature" time="37.939">
    <system-out><![CDATA[
@All @testInvalid
Scenario Outline: Login fail possible combinations                                                                                   &amp#27;[90m# src/main/resources/AppFeatures/ValidateAndVerifyInvalidLogin.feature:15&amp#27;[0m
10:08:03.757 [main] DEBUG com.pages.drivers.DriversFactory - Set up Browser
10:08:03.759 [main] DEBUG com.pages.drivers.DriversFactory - Initialize Driver Browser Configuration
10:08:03.759 [main] DEBUG com.pages.drivers.DriversFactory -  Driver Browser : chrome
10:08:03.984 [main] DEBUG i.g.b.wdm.cache.ResolutionCache - Resolution chrome=99 in cache (valid until 10:15:22 21/03/2022 CST)
10:08:03.985 [main] DEBUG i.g.b.wdm.cache.ResolutionCache - Resolution chrome99=99.0.4844.51 in cache (valid until 09:15:22 22/03/2022 CST)
10:08:03.985 [main] INFO  i.g.bonigarcia.wdm.WebDriverManager - Using chromedriver 99.0.4844.51 (resolved driver for Chrome 99)
10:08:03.996 [main] DEBUG i.g.bonigarcia.wdm.WebDriverManager - Driver chromedriver 99.0.4844.51 found in cache
10:08:03.997 [main] INFO  i.g.bonigarcia.wdm.WebDriverManager - Exporting webdriver.chrome.driver as C:\Users\DheyClaveria\.cache\selenium\chromedriver\win32\99.0.4844.51\chromedriver.exe
10:08:04.060 [main] DEBUG i.n.u.i.l.InternalLoggerFactory - Using SLF4J as the default logging framework
10:08:04.061 [main] DEBUG io.netty.util.ResourceLeakDetector - -Dio.netty.leakDetection.level: simple
10:08:04.062 [main] DEBUG io.netty.util.ResourceLeakDetector - -Dio.netty.leakDetection.targetRecords: 4
10:08:04.070 [main] DEBUG i.n.util.ResourceLeakDetectorFactory - Loaded default ResourceLeakDetector: io.netty.util.ResourceLeakDetector@11df2829
10:08:04.082 [main] DEBUG i.n.util.internal.PlatformDependent0 - -Dio.netty.noUnsafe: false
10:08:04.082 [main] DEBUG i.n.util.internal.PlatformDependent0 - Java version: 15
10:08:04.083 [main] DEBUG i.n.util.internal.PlatformDependent0 - sun.misc.Unsafe.theUnsafe: available
10:08:04.083 [main] DEBUG i.n.util.internal.PlatformDependent0 - sun.misc.Unsafe.copyMemory: available
10:08:04.083 [main] DEBUG i.n.util.internal.PlatformDependent0 - java.nio.Buffer.address: available
10:08:04.084 [main] DEBUG i.n.util.internal.PlatformDependent0 - direct buffer constructor: unavailable: Reflective setAccessible(true) disabled
10:08:04.084 [main] DEBUG i.n.util.internal.PlatformDependent0 - java.nio.Bits.unaligned: available, true
10:08:04.085 [main] DEBUG i.n.util.internal.PlatformDependent0 - jdk.internal.misc.Unsafe.allocateUninitializedArray(int): unavailable: class io.netty.util.internal.PlatformDependent0$6 cannot access class jdk.internal.misc.Unsafe (in module java.base) because module java.base does not export jdk.internal.misc to unnamed module @4b6166aa
10:08:04.086 [main] DEBUG i.n.util.internal.PlatformDependent0 - java.nio.DirectByteBuffer.<init>(long, int): unavailable
10:08:04.086 [main] DEBUG i.n.util.internal.PlatformDependent - sun.misc.Unsafe: available
10:08:04.087 [main] DEBUG i.n.util.internal.PlatformDependent - maxDirectMemory: 4276092928 bytes (maybe)
10:08:04.087 [main] DEBUG i.n.util.internal.PlatformDependent - -Dio.netty.tmpdir: C:\Users\DheyClaveria\AppData\Local\Temp (java.io.tmpdir)
10:08:04.087 [main] DEBUG i.n.util.internal.PlatformDependent - -Dio.netty.bitMode: 64 (sun.arch.data.model)
10:08:04.088 [main] DEBUG i.n.util.internal.PlatformDependent - Platform: Windows
10:08:04.088 [main] DEBUG i.n.util.internal.PlatformDependent - -Dio.netty.maxDirectMemory: -1 bytes
10:08:04.088 [main] DEBUG i.n.util.internal.PlatformDependent - -Dio.netty.uninitializedArrayAllocationThreshold: -1
10:08:04.089 [main] DEBUG io.netty.util.internal.CleanerJava9 - java.nio.ByteBuffer.cleaner(): available
10:08:04.089 [main] DEBUG i.n.util.internal.PlatformDependent - -Dio.netty.noPreferDirect: false
10:08:04.094 [main] DEBUG i.n.util.internal.PlatformDependent - org.jctools-core.MpscChunkedArrayQueue: available
10:08:04.105 [main] DEBUG i.n.u.i.InternalThreadLocalMap - -Dio.netty.threadLocalMap.stringBuilder.initialSize: 1024
10:08:04.105 [main] DEBUG i.n.u.i.InternalThreadLocalMap - -Dio.netty.threadLocalMap.stringBuilder.maxSize: 4096
10:08:04.127 [main] DEBUG io.netty.handler.ssl.JdkSslContext - Default protocols (JDK): [TLSv1.3, TLSv1.2, TLSv1.1, TLSv1] 
10:08:04.127 [main] DEBUG io.netty.handler.ssl.JdkSslContext - Default cipher suites (JDK): [TLS_ECDHE_ECDSA_WITH_AES_256_GCM_SHA384, TLS_ECDHE_ECDSA_WITH_AES_128_GCM_SHA256, TLS_ECDHE_RSA_WITH_AES_128_GCM_SHA256, TLS_ECDHE_RSA_WITH_AES_256_GCM_SHA384, TLS_ECDHE_RSA_WITH_AES_128_CBC_SHA, TLS_ECDHE_RSA_WITH_AES_256_CBC_SHA, TLS_RSA_WITH_AES_128_GCM_SHA256, TLS_RSA_WITH_AES_128_CBC_SHA, TLS_RSA_WITH_AES_256_CBC_SHA, TLS_AES_128_GCM_SHA256, TLS_AES_256_GCM_SHA384]
10:08:04.143 [main] DEBUG i.n.c.MultithreadEventLoopGroup - -Dio.netty.eventLoopThreads: 24
10:08:04.149 [main] DEBUG io.netty.channel.nio.NioEventLoop - -Dio.netty.noKeySetOptimization: false
10:08:04.149 [main] DEBUG io.netty.channel.nio.NioEventLoop - -Dio.netty.selectorAutoRebuildThreshold: 512
10:08:04.179 [main] DEBUG i.n.buffer.PooledByteBufAllocator - -Dio.netty.allocator.numHeapArenas: 24
10:08:04.179 [main] DEBUG i.n.buffer.PooledByteBufAllocator - -Dio.netty.allocator.numDirectArenas: 24
10:08:04.179 [main] DEBUG i.n.buffer.PooledByteBufAllocator - -Dio.netty.allocator.pageSize: 8192
10:08:04.179 [main] DEBUG i.n.buffer.PooledByteBufAllocator - -Dio.netty.allocator.maxOrder: 11
10:08:04.180 [main] DEBUG i.n.buffer.PooledByteBufAllocator - -Dio.netty.allocator.chunkSize: 16777216
10:08:04.180 [main] DEBUG i.n.buffer.PooledByteBufAllocator - -Dio.netty.allocator.smallCacheSize: 256
10:08:04.180 [main] DEBUG i.n.buffer.PooledByteBufAllocator - -Dio.netty.allocator.normalCacheSize: 64
10:08:04.180 [main] DEBUG i.n.buffer.PooledByteBufAllocator - -Dio.netty.allocator.maxCachedBufferCapacity: 32768
10:08:04.180 [main] DEBUG i.n.buffer.PooledByteBufAllocator - -Dio.netty.allocator.cacheTrimInterval: 8192
10:08:04.180 [main] DEBUG i.n.buffer.PooledByteBufAllocator - -Dio.netty.allocator.cacheTrimIntervalMillis: 0
10:08:04.180 [main] DEBUG i.n.buffer.PooledByteBufAllocator - -Dio.netty.allocator.useCacheForAllThreads: true
10:08:04.180 [main] DEBUG i.n.buffer.PooledByteBufAllocator - -Dio.netty.allocator.maxCachedByteBuffersPerChunk: 1023
10:08:04.187 [main] DEBUG io.netty.buffer.ByteBufUtil - -Dio.netty.allocator.type: pooled
10:08:04.187 [main] DEBUG io.netty.buffer.ByteBufUtil - -Dio.netty.threadLocalDirectBufferSize: 0
10:08:04.187 [main] DEBUG io.netty.buffer.ByteBufUtil - -Dio.netty.maxThreadLocalCharBufferSize: 16384
10:08:04.865 [Forwarding newSession on session null to remote] DEBUG io.netty.channel.DefaultChannelId - -Dio.netty.processId: 1080 (auto-detected)
10:08:04.866 [Forwarding newSession on session null to remote] DEBUG io.netty.util.NetUtil - -Djava.net.preferIPv4Stack: false
10:08:04.866 [Forwarding newSession on session null to remote] DEBUG io.netty.util.NetUtil - -Djava.net.preferIPv6Addresses: false
10:08:04.871 [Forwarding newSession on session null to remote] DEBUG io.netty.util.NetUtilInitializations - Loopback interface: lo (Software Loopback Interface 1, 127.0.0.1)
10:08:04.871 [Forwarding newSession on session null to remote] DEBUG io.netty.util.NetUtil - Failed to get SOMAXCONN from sysctl and file \proc\sys\net\core\somaxconn. Default: 200
10:08:04.880 [Forwarding newSession on session null to remote] DEBUG io.netty.channel.DefaultChannelId - -Dio.netty.machineId: 00:d8:61:ff:fe:9b:78:4c (auto-detected)
10:08:04.913 [AsyncHttpClient-1-2] DEBUG io.netty.buffer.AbstractByteBuf - -Dio.netty.buffer.checkAccessible: true
10:08:04.913 [AsyncHttpClient-1-2] DEBUG io.netty.buffer.AbstractByteBuf - -Dio.netty.buffer.checkBounds: true
10:08:04.913 [AsyncHttpClient-1-2] DEBUG i.n.util.ResourceLeakDetectorFactory - Loaded default ResourceLeakDetector: io.netty.util.ResourceLeakDetector@2715cb7c
10:08:04.920 [AsyncHttpClient-1-2] DEBUG o.a.n.channel.NettyConnectListener - Using new Channel '[id: 0x8dfc1682, L:/127.0.0.1:59887 - R:localhost/127.0.0.1:65348]' for 'POST' to '/session'
10:08:04.931 [AsyncHttpClient-1-2] DEBUG io.netty.util.Recycler - -Dio.netty.recycler.maxCapacityPerThread: 4096
10:08:04.931 [AsyncHttpClient-1-2] DEBUG io.netty.util.Recycler - -Dio.netty.recycler.maxSharedCapacityFactor: 2
10:08:04.931 [AsyncHttpClient-1-2] DEBUG io.netty.util.Recycler - -Dio.netty.recycler.linkCapacity: 16
10:08:04.931 [AsyncHttpClient-1-2] DEBUG io.netty.util.Recycler - -Dio.netty.recycler.ratio: 8
10:08:04.931 [AsyncHttpClient-1-2] DEBUG io.netty.util.Recycler - -Dio.netty.recycler.delayedQueue.ratio: 8
10:08:05.931 [AsyncHttpClient-1-2] DEBUG i.n.handler.codec.compression.Brotli - brotli4j not in the classpath; Brotli support will be unavailable.
10:08:05.932 [AsyncHttpClient-1-2] DEBUG o.a.netty.handler.HttpHandler - 

Request DefaultHttpRequest(decodeResult: success, version: HTTP/1.1)
POST /session HTTP/1.1
User-Agent: selenium/4.1.2 (java windows)
Content-Length: 365
Content-Type: application/json; charset=utf-8
host: localhost:65348
accept: */*

Response DefaultHttpResponse(decodeResult: success, version: HTTP/1.1)
HTTP/1.1 200 OK
Content-Type: application/json; charset=utf-8
cache-control: no-cache
content-length: 795

10:08:05.937 [AsyncHttpClient-1-2] DEBUG o.a.netty.channel.ChannelManager - Adding key: http://localhost:65348 for channel [id: 0x8dfc1682, L:/127.0.0.1:59887 - R:localhost/127.0.0.1:65348]
10:08:05.993 [AsyncHttpClient-1-3] DEBUG o.a.n.channel.NettyConnectListener - Using new Channel '[id: 0x14ab0bf7, L:/127.0.0.1:59902 - R:localhost/127.0.0.1:59889]' for 'GET' to '/json/version'
10:08:06.000 [AsyncHttpClient-1-3] DEBUG o.a.netty.handler.HttpHandler - 

Request DefaultFullHttpRequest(decodeResult: success, version: HTTP/1.1, content: EmptyByteBufBE)
GET /json/version HTTP/1.1
User-Agent: selenium/4.1.2 (java windows)
host: localhost:59889
accept: */*

Response DefaultHttpResponse(decodeResult: success, version: HTTP/1.1)
HTTP/1.1 200 OK
Content-Type: application/json; charset=UTF-8
content-length: 423

10:08:06.000 [AsyncHttpClient-1-3] DEBUG o.a.netty.channel.ChannelManager - Adding key: http://localhost:59889 for channel [id: 0x14ab0bf7, L:/127.0.0.1:59902 - R:localhost/127.0.0.1:59889]
10:08:06.007 [main] DEBUG i.n.util.internal.ThreadLocalRandom - -Dio.netty.initialSeedUniquifier: 0xbebb2612b6e0662b
10:08:06.011 [AsyncHttpClient-1-4] DEBUG o.a.n.channel.NettyConnectListener - Using new Channel '[id: 0x1db82508, L:/127.0.0.1:59904 - R:localhost/127.0.0.1:59889]' for 'GET' to '/devtools/browser/247b5376-9e9c-4b55-a5f0-7e17349ec475'
10:08:06.017 [AsyncHttpClient-1-4] DEBUG o.a.netty.handler.WebSocketHandler - 

Request DefaultFullHttpRequest(decodeResult: success, version: HTTP/1.1, content: EmptyByteBufBE)
GET /devtools/browser/247b5376-9e9c-4b55-a5f0-7e17349ec475 HTTP/1.1
upgrade: websocket
connection: upgrade
sec-websocket-key: pFmBghDGnjB2DN4JSQ3j7w==
sec-websocket-version: 13
origin: http://localhost:59889
host: localhost:59889
accept: */*
user-agent: AHC/2.1

Response DefaultHttpResponse(decodeResult: success, version: HTTP/1.1)
HTTP/1.1 101 WebSocket Protocol Handshake
Upgrade: WebSocket
Connection: Upgrade
Sec-WebSocket-Accept: T3fIWlITl6ox2Wu57O9BE1VO/1E=

10:08:06.044 [Forwarding deleteAllCookies on session bad7d2e6afc387d41ff8f34d598858d5 to remote] DEBUG o.a.netty.request.NettyRequestSender - Using pooled Channel '[id: 0x8dfc1682, L:/127.0.0.1:59887 - R:localhost/127.0.0.1:65348]' for 'DELETE' to 'http://localhost:65348/session/bad7d2e6afc387d41ff8f34d598858d5/cookie'
10:08:06.044 [Forwarding deleteAllCookies on session bad7d2e6afc387d41ff8f34d598858d5 to remote] DEBUG o.a.netty.request.NettyRequestSender - Using open Channel [id: 0x8dfc1682, L:/127.0.0.1:59887 - R:localhost/127.0.0.1:65348] for DELETE '/session/bad7d2e6afc387d41ff8f34d598858d5/cookie'
10:08:06.050 [AsyncHttpClient-1-2] DEBUG o.a.netty.handler.HttpHandler - 

Request DefaultFullHttpRequest(decodeResult: success, version: HTTP/1.1, content: EmptyByteBufBE)
DELETE /session/bad7d2e6afc387d41ff8f34d598858d5/cookie HTTP/1.1
User-Agent: selenium/4.1.2 (java windows)
Content-Type: application/json; charset=utf-8
host: localhost:65348
accept: */*

Response DefaultHttpResponse(decodeResult: success, version: HTTP/1.1)
HTTP/1.1 200 OK
Content-Type: application/json; charset=utf-8
cache-control: no-cache
content-length: 14

10:08:06.050 [AsyncHttpClient-1-2] DEBUG o.a.netty.channel.ChannelManager - Adding key: http://localhost:65348 for channel [id: 0x8dfc1682, L:/127.0.0.1:59887 - R:localhost/127.0.0.1:65348]
10:08:06.056 [Forwarding maximizeCurrentWindow on session bad7d2e6afc387d41ff8f34d598858d5 to remote] DEBUG o.a.netty.request.NettyRequestSender - Using pooled Channel '[id: 0x8dfc1682, L:/127.0.0.1:59887 - R:localhost/127.0.0.1:65348]' for 'POST' to 'http://localhost:65348/session/bad7d2e6afc387d41ff8f34d598858d5/window/maximize'
10:08:06.056 [Forwarding maximizeCurrentWindow on session bad7d2e6afc387d41ff8f34d598858d5 to remote] DEBUG o.a.netty.request.NettyRequestSender - Using open Channel [id: 0x8dfc1682, L:/127.0.0.1:59887 - R:localhost/127.0.0.1:65348] for POST '/session/bad7d2e6afc387d41ff8f34d598858d5/window/maximize'
10:08:06.190 [AsyncHttpClient-1-2] DEBUG o.a.netty.handler.HttpHandler - 

Request DefaultHttpRequest(decodeResult: success, version: HTTP/1.1)
POST /session/bad7d2e6afc387d41ff8f34d598858d5/window/maximize HTTP/1.1
User-Agent: selenium/4.1.2 (java windows)
Content-Length: 3
Content-Type: application/json; charset=utf-8
host: localhost:65348
accept: */*

Response DefaultHttpResponse(decodeResult: success, version: HTTP/1.1)
HTTP/1.1 200 OK
Content-Type: application/json; charset=utf-8
cache-control: no-cache
content-length: 52

10:08:06.190 [AsyncHttpClient-1-2] DEBUG o.a.netty.channel.ChannelManager - Adding key: http://localhost:65348 for channel [id: 0x8dfc1682, L:/127.0.0.1:59887 - R:localhost/127.0.0.1:65348]
10:08:06.201 [Forwarding get on session bad7d2e6afc387d41ff8f34d598858d5 to remote] DEBUG o.a.netty.request.NettyRequestSender - Using pooled Channel '[id: 0x8dfc1682, L:/127.0.0.1:59887 - R:localhost/127.0.0.1:65348]' for 'POST' to 'http://localhost:65348/session/bad7d2e6afc387d41ff8f34d598858d5/url'
10:08:06.201 [Forwarding get on session bad7d2e6afc387d41ff8f34d598858d5 to remote] DEBUG o.a.netty.request.NettyRequestSender - Using open Channel [id: 0x8dfc1682, L:/127.0.0.1:59887 - R:localhost/127.0.0.1:65348] for POST '/session/bad7d2e6afc387d41ff8f34d598858d5/url'
10:08:06.301 [AsyncHttpClient-1-1] DEBUG o.a.netty.channel.DefaultChannelPool - Entry count for : http://localhost:59889 : 1
10:08:06.388 [AsyncHttpClient-1-2] DEBUG o.a.netty.handler.HttpHandler - 

Request DefaultHttpRequest(decodeResult: success, version: HTTP/1.1)
POST /session/bad7d2e6afc387d41ff8f34d598858d5/url HTTP/1.1
User-Agent: selenium/4.1.2 (java windows)
Content-Length: 148
Content-Type: application/json; charset=utf-8
host: localhost:65348
accept: */*

Response DefaultHttpResponse(decodeResult: success, version: HTTP/1.1)
HTTP/1.1 200 OK
Content-Type: application/json; charset=utf-8
cache-control: no-cache
content-length: 14

10:08:06.389 [AsyncHttpClient-1-2] DEBUG o.a.netty.channel.ChannelManager - Adding key: http://localhost:65348 for channel [id: 0x8dfc1682, L:/127.0.0.1:59887 - R:localhost/127.0.0.1:65348]
10:08:06.391 [Forwarding getTitle on session bad7d2e6afc387d41ff8f34d598858d5 to remote] DEBUG o.a.netty.request.NettyRequestSender - Using pooled Channel '[id: 0x8dfc1682, L:/127.0.0.1:59887 - R:localhost/127.0.0.1:65348]' for 'GET' to 'http://localhost:65348/session/bad7d2e6afc387d41ff8f34d598858d5/title'
10:08:06.391 [Forwarding getTitle on session bad7d2e6afc387d41ff8f34d598858d5 to remote] DEBUG o.a.netty.request.NettyRequestSender - Using open Channel [id: 0x8dfc1682, L:/127.0.0.1:59887 - R:localhost/127.0.0.1:65348] for GET '/session/bad7d2e6afc387d41ff8f34d598858d5/title'
10:08:06.398 [AsyncHttpClient-1-2] DEBUG o.a.netty.handler.HttpHandler - 

Request DefaultFullHttpRequest(decodeResult: success, version: HTTP/1.1, content: EmptyByteBufBE)
GET /session/bad7d2e6afc387d41ff8f34d598858d5/title HTTP/1.1
User-Agent: selenium/4.1.2 (java windows)
Cache-Control: no-cache
Content-Type: application/json; charset=utf-8
host: localhost:65348
accept: */*

Response DefaultHttpResponse(decodeResult: success, version: HTTP/1.1)
HTTP/1.1 200 OK
Content-Type: application/json; charset=utf-8
cache-control: no-cache
content-length: 22

10:08:06.398 [AsyncHttpClient-1-2] DEBUG o.a.netty.channel.ChannelManager - Adding key: http://localhost:65348 for channel [id: 0x8dfc1682, L:/127.0.0.1:59887 - R:localhost/127.0.0.1:65348]
10:08:06.399 [main] DEBUG com.pages.LoginPage - verifyApplication: 'Login Page' 
10:08:06.402 [Forwarding getTitle on session bad7d2e6afc387d41ff8f34d598858d5 to remote] DEBUG o.a.netty.request.NettyRequestSender - Using pooled Channel '[id: 0x8dfc1682, L:/127.0.0.1:59887 - R:localhost/127.0.0.1:65348]' for 'GET' to 'http://localhost:65348/session/bad7d2e6afc387d41ff8f34d598858d5/title'
10:08:06.402 [Forwarding getTitle on session bad7d2e6afc387d41ff8f34d598858d5 to remote] DEBUG o.a.netty.request.NettyRequestSender - Using open Channel [id: 0x8dfc1682, L:/127.0.0.1:59887 - R:localhost/127.0.0.1:65348] for GET '/session/bad7d2e6afc387d41ff8f34d598858d5/title'
10:08:06.404 [AsyncHttpClient-1-2] DEBUG o.a.netty.handler.HttpHandler - 

Request DefaultFullHttpRequest(decodeResult: success, version: HTTP/1.1, content: EmptyByteBufBE)
GET /session/bad7d2e6afc387d41ff8f34d598858d5/title HTTP/1.1
User-Agent: selenium/4.1.2 (java windows)
Cache-Control: no-cache
Content-Type: application/json; charset=utf-8
host: localhost:65348
accept: */*

Response DefaultHttpResponse(decodeResult: success, version: HTTP/1.1)
HTTP/1.1 200 OK
Content-Type: application/json; charset=utf-8
cache-control: no-cache
content-length: 22

10:08:06.405 [AsyncHttpClient-1-2] DEBUG o.a.netty.channel.ChannelManager - Adding key: http://localhost:65348 for channel [id: 0x8dfc1682, L:/127.0.0.1:59887 - R:localhost/127.0.0.1:65348]
10:08:07.399 [AsyncHttpClient-1-1] DEBUG o.a.netty.channel.DefaultChannelPool - Entry count for : http://localhost:59889 : 1
10:08:07.399 [AsyncHttpClient-1-1] DEBUG o.a.netty.channel.DefaultChannelPool - Entry count for : http://localhost:65348 : 1
10:08:08.499 [AsyncHttpClient-1-1] DEBUG o.a.netty.channel.DefaultChannelPool - Entry count for : http://localhost:59889 : 1
10:08:08.499 [AsyncHttpClient-1-1] DEBUG o.a.netty.channel.DefaultChannelPool - Entry count for : http://localhost:65348 : 1
10:08:09.605 [AsyncHttpClient-1-1] DEBUG o.a.netty.channel.DefaultChannelPool - Entry count for : http://localhost:59889 : 1
10:08:09.605 [AsyncHttpClient-1-1] DEBUG o.a.netty.channel.DefaultChannelPool - Entry count for : http://localhost:65348 : 1
10:08:10.701 [AsyncHttpClient-1-1] DEBUG o.a.netty.channel.DefaultChannelPool - Entry count for : http://localhost:59889 : 1
10:08:10.701 [AsyncHttpClient-1-1] DEBUG o.a.netty.channel.DefaultChannelPool - Entry count for : http://localhost:65348 : 1
  &amp#27;[32mGiven &amp#27;[0m&amp#27;[32mthat the user should navigate in PEGA Login Page&amp#27;[0m                                                                             &amp#27;[90m# stepdefinitions.LoginPageSteps.that_the_user_should_navigate_in_pega_login_page()&amp#27;[0m
10:08:11.423 [main] DEBUG com.pages.LoginPage - verifyPageElements : Current Element = 'By.xpath: //div[@id="credentials"]//div[@class="field user"]//input' 
10:08:11.424 [Forwarding findElement on session bad7d2e6afc387d41ff8f34d598858d5 to remote] DEBUG o.a.netty.request.NettyRequestSender - Using pooled Channel '[id: 0x8dfc1682, L:/127.0.0.1:59887 - R:localhost/127.0.0.1:65348]' for 'POST' to 'http://localhost:65348/session/bad7d2e6afc387d41ff8f34d598858d5/element'
10:08:11.424 [Forwarding findElement on session bad7d2e6afc387d41ff8f34d598858d5 to remote] DEBUG o.a.netty.request.NettyRequestSender - Using open Channel [id: 0x8dfc1682, L:/127.0.0.1:59887 - R:localhost/127.0.0.1:65348] for POST '/session/bad7d2e6afc387d41ff8f34d598858d5/element'
10:08:11.436 [AsyncHttpClient-1-2] DEBUG o.a.netty.handler.HttpHandler - 

Request DefaultHttpRequest(decodeResult: success, version: HTTP/1.1)
POST /session/bad7d2e6afc387d41ff8f34d598858d5/element HTTP/1.1
User-Agent: selenium/4.1.2 (java windows)
Content-Length: 128
Content-Type: application/json; charset=utf-8
host: localhost:65348
accept: */*

Response DefaultHttpResponse(decodeResult: success, version: HTTP/1.1)
HTTP/1.1 200 OK
Content-Type: application/json; charset=utf-8
cache-control: no-cache
content-length: 88

10:08:11.436 [AsyncHttpClient-1-2] DEBUG o.a.netty.channel.ChannelManager - Adding key: http://localhost:65348 for channel [id: 0x8dfc1682, L:/127.0.0.1:59887 - R:localhost/127.0.0.1:65348]
10:08:11.448 [Forwarding isElementDisplayed on session bad7d2e6afc387d41ff8f34d598858d5 to remote] DEBUG o.a.netty.request.NettyRequestSender - Using pooled Channel '[id: 0x8dfc1682, L:/127.0.0.1:59887 - R:localhost/127.0.0.1:65348]' for 'POST' to 'http://localhost:65348/session/bad7d2e6afc387d41ff8f34d598858d5/execute/sync'
10:08:11.448 [Forwarding isElementDisplayed on session bad7d2e6afc387d41ff8f34d598858d5 to remote] DEBUG o.a.netty.request.NettyRequestSender - Using open Channel [id: 0x8dfc1682, L:/127.0.0.1:59887 - R:localhost/127.0.0.1:65348] for POST '/session/bad7d2e6afc387d41ff8f34d598858d5/execute/sync'
10:08:11.462 [AsyncHttpClient-1-2] DEBUG o.a.netty.handler.HttpHandler - 

Request DefaultHttpRequest(decodeResult: success, version: HTTP/1.1)
POST /session/bad7d2e6afc387d41ff8f34d598858d5/execute/sync HTTP/1.1
User-Agent: selenium/4.1.2 (java windows)
Content-Length: 48780
Content-Type: application/json; charset=utf-8
host: localhost:65348
accept: */*

Response DefaultHttpResponse(decodeResult: success, version: HTTP/1.1)
HTTP/1.1 200 OK
Content-Type: application/json; charset=utf-8
cache-control: no-cache
content-length: 14

10:08:11.462 [AsyncHttpClient-1-2] DEBUG o.a.netty.channel.ChannelManager - Adding key: http://localhost:65348 for channel [id: 0x8dfc1682, L:/127.0.0.1:59887 - R:localhost/127.0.0.1:65348]
10:08:11.464 [Forwarding findElement on session bad7d2e6afc387d41ff8f34d598858d5 to remote] DEBUG o.a.netty.request.NettyRequestSender - Using pooled Channel '[id: 0x8dfc1682, L:/127.0.0.1:59887 - R:localhost/127.0.0.1:65348]' for 'POST' to 'http://localhost:65348/session/bad7d2e6afc387d41ff8f34d598858d5/element'
10:08:11.464 [Forwarding findElement on session bad7d2e6afc387d41ff8f34d598858d5 to remote] DEBUG o.a.netty.request.NettyRequestSender - Using open Channel [id: 0x8dfc1682, L:/127.0.0.1:59887 - R:localhost/127.0.0.1:65348] for POST '/session/bad7d2e6afc387d41ff8f34d598858d5/element'
10:08:11.469 [AsyncHttpClient-1-2] DEBUG o.a.netty.handler.HttpHandler - 

Request DefaultHttpRequest(decodeResult: success, version: HTTP/1.1)
POST /session/bad7d2e6afc387d41ff8f34d598858d5/element HTTP/1.1
User-Agent: selenium/4.1.2 (java windows)
Content-Length: 128
Content-Type: application/json; charset=utf-8
host: localhost:65348
accept: */*

Response DefaultHttpResponse(decodeResult: success, version: HTTP/1.1)
HTTP/1.1 200 OK
Content-Type: application/json; charset=utf-8
cache-control: no-cache
content-length: 88

10:08:11.470 [AsyncHttpClient-1-2] DEBUG o.a.netty.channel.ChannelManager - Adding key: http://localhost:65348 for channel [id: 0x8dfc1682, L:/127.0.0.1:59887 - R:localhost/127.0.0.1:65348]
10:08:11.477 [Forwarding isElementDisplayed on session bad7d2e6afc387d41ff8f34d598858d5 to remote] DEBUG o.a.netty.request.NettyRequestSender - Using pooled Channel '[id: 0x8dfc1682, L:/127.0.0.1:59887 - R:localhost/127.0.0.1:65348]' for 'POST' to 'http://localhost:65348/session/bad7d2e6afc387d41ff8f34d598858d5/execute/sync'
10:08:11.477 [Forwarding isElementDisplayed on session bad7d2e6afc387d41ff8f34d598858d5 to remote] DEBUG o.a.netty.request.NettyRequestSender - Using open Channel [id: 0x8dfc1682, L:/127.0.0.1:59887 - R:localhost/127.0.0.1:65348] for POST '/session/bad7d2e6afc387d41ff8f34d598858d5/execute/sync'
10:08:11.487 [AsyncHttpClient-1-2] DEBUG o.a.netty.handler.HttpHandler - 

Request DefaultHttpRequest(decodeResult: success, version: HTTP/1.1)
POST /session/bad7d2e6afc387d41ff8f34d598858d5/execute/sync HTTP/1.1
User-Agent: selenium/4.1.2 (java windows)
Content-Length: 48780
Content-Type: application/json; charset=utf-8
host: localhost:65348
accept: */*

Response DefaultHttpResponse(decodeResult: success, version: HTTP/1.1)
HTTP/1.1 200 OK
Content-Type: application/json; charset=utf-8
cache-control: no-cache
content-length: 14

10:08:11.488 [AsyncHttpClient-1-2] DEBUG o.a.netty.channel.ChannelManager - Adding key: http://localhost:65348 for channel [id: 0x8dfc1682, L:/127.0.0.1:59887 - R:localhost/127.0.0.1:65348]
10:08:11.490 [Forwarding findElement on session bad7d2e6afc387d41ff8f34d598858d5 to remote] DEBUG o.a.netty.request.NettyRequestSender - Using pooled Channel '[id: 0x8dfc1682, L:/127.0.0.1:59887 - R:localhost/127.0.0.1:65348]' for 'POST' to 'http://localhost:65348/session/bad7d2e6afc387d41ff8f34d598858d5/element'
10:08:11.490 [Forwarding findElement on session bad7d2e6afc387d41ff8f34d598858d5 to remote] DEBUG o.a.netty.request.NettyRequestSender - Using open Channel [id: 0x8dfc1682, L:/127.0.0.1:59887 - R:localhost/127.0.0.1:65348] for POST '/session/bad7d2e6afc387d41ff8f34d598858d5/element'
10:08:11.496 [AsyncHttpClient-1-2] DEBUG o.a.netty.handler.HttpHandler - 

Request DefaultHttpRequest(decodeResult: success, version: HTTP/1.1)
POST /session/bad7d2e6afc387d41ff8f34d598858d5/element HTTP/1.1
User-Agent: selenium/4.1.2 (java windows)
Content-Length: 128
Content-Type: application/json; charset=utf-8
host: localhost:65348
accept: */*

Response DefaultHttpResponse(decodeResult: success, version: HTTP/1.1)
HTTP/1.1 200 OK
Content-Type: application/json; charset=utf-8
cache-control: no-cache
content-length: 88

10:08:11.497 [AsyncHttpClient-1-2] DEBUG o.a.netty.channel.ChannelManager - Adding key: http://localhost:65348 for channel [id: 0x8dfc1682, L:/127.0.0.1:59887 - R:localhost/127.0.0.1:65348]
10:08:11.500 [Forwarding isElementEnabled on session bad7d2e6afc387d41ff8f34d598858d5 to remote] DEBUG o.a.netty.request.NettyRequestSender - Using pooled Channel '[id: 0x8dfc1682, L:/127.0.0.1:59887 - R:localhost/127.0.0.1:65348]' for 'GET' to 'http://localhost:65348/session/bad7d2e6afc387d41ff8f34d598858d5/element/c6338f6f-063b-4d48-9802-a04a49373078/enabled'
10:08:11.500 [Forwarding isElementEnabled on session bad7d2e6afc387d41ff8f34d598858d5 to remote] DEBUG o.a.netty.request.NettyRequestSender - Using open Channel [id: 0x8dfc1682, L:/127.0.0.1:59887 - R:localhost/127.0.0.1:65348] for GET '/session/bad7d2e6afc387d41ff8f34d598858d5/element/c6338f6f-063b-4d48-9802-a04a49373078/enabled'
10:08:11.507 [AsyncHttpClient-1-2] DEBUG o.a.netty.handler.HttpHandler - 

Request DefaultFullHttpRequest(decodeResult: success, version: HTTP/1.1, content: EmptyByteBufBE)
GET /session/bad7d2e6afc387d41ff8f34d598858d5/element/c6338f6f-063b-4d48-9802-a04a49373078/enabled HTTP/1.1
User-Agent: selenium/4.1.2 (java windows)
Cache-Control: no-cache
Content-Type: application/json; charset=utf-8
host: localhost:65348
accept: */*

Response DefaultHttpResponse(decodeResult: success, version: HTTP/1.1)
HTTP/1.1 200 OK
Content-Type: application/json; charset=utf-8
cache-control: no-cache
content-length: 14

10:08:11.507 [AsyncHttpClient-1-2] DEBUG o.a.netty.channel.ChannelManager - Adding key: http://localhost:65348 for channel [id: 0x8dfc1682, L:/127.0.0.1:59887 - R:localhost/127.0.0.1:65348]
10:08:11.508 [main] DEBUG com.pages.LoginPage - verifyPageElements : Current Element = 'By.xpath: //div[@id="credentials"]//div[@class="field password"]//input' 
10:08:11.510 [Forwarding findElement on session bad7d2e6afc387d41ff8f34d598858d5 to remote] DEBUG o.a.netty.request.NettyRequestSender - Using pooled Channel '[id: 0x8dfc1682, L:/127.0.0.1:59887 - R:localhost/127.0.0.1:65348]' for 'POST' to 'http://localhost:65348/session/bad7d2e6afc387d41ff8f34d598858d5/element'
10:08:11.510 [Forwarding findElement on session bad7d2e6afc387d41ff8f34d598858d5 to remote] DEBUG o.a.netty.request.NettyRequestSender - Using open Channel [id: 0x8dfc1682, L:/127.0.0.1:59887 - R:localhost/127.0.0.1:65348] for POST '/session/bad7d2e6afc387d41ff8f34d598858d5/element'
10:08:11.520 [AsyncHttpClient-1-2] DEBUG o.a.netty.handler.HttpHandler - 

Request DefaultHttpRequest(decodeResult: success, version: HTTP/1.1)
POST /session/bad7d2e6afc387d41ff8f34d598858d5/element HTTP/1.1
User-Agent: selenium/4.1.2 (java windows)
Content-Length: 132
Content-Type: application/json; charset=utf-8
host: localhost:65348
accept: */*

Response DefaultHttpResponse(decodeResult: success, version: HTTP/1.1)
HTTP/1.1 200 OK
Content-Type: application/json; charset=utf-8
cache-control: no-cache
content-length: 88

10:08:11.521 [AsyncHttpClient-1-2] DEBUG o.a.netty.channel.ChannelManager - Adding key: http://localhost:65348 for channel [id: 0x8dfc1682, L:/127.0.0.1:59887 - R:localhost/127.0.0.1:65348]
10:08:11.527 [Forwarding isElementDisplayed on session bad7d2e6afc387d41ff8f34d598858d5 to remote] DEBUG o.a.netty.request.NettyRequestSender - Using pooled Channel '[id: 0x8dfc1682, L:/127.0.0.1:59887 - R:localhost/127.0.0.1:65348]' for 'POST' to 'http://localhost:65348/session/bad7d2e6afc387d41ff8f34d598858d5/execute/sync'
10:08:11.527 [Forwarding isElementDisplayed on session bad7d2e6afc387d41ff8f34d598858d5 to remote] DEBUG o.a.netty.request.NettyRequestSender - Using open Channel [id: 0x8dfc1682, L:/127.0.0.1:59887 - R:localhost/127.0.0.1:65348] for POST '/session/bad7d2e6afc387d41ff8f34d598858d5/execute/sync'
10:08:11.537 [AsyncHttpClient-1-2] DEBUG o.a.netty.handler.HttpHandler - 

Request DefaultHttpRequest(decodeResult: success, version: HTTP/1.1)
POST /session/bad7d2e6afc387d41ff8f34d598858d5/execute/sync HTTP/1.1
User-Agent: selenium/4.1.2 (java windows)
Content-Length: 48780
Content-Type: application/json; charset=utf-8
host: localhost:65348
accept: */*

Response DefaultHttpResponse(decodeResult: success, version: HTTP/1.1)
HTTP/1.1 200 OK
Content-Type: application/json; charset=utf-8
cache-control: no-cache
content-length: 14

10:08:11.537 [AsyncHttpClient-1-2] DEBUG o.a.netty.channel.ChannelManager - Adding key: http://localhost:65348 for channel [id: 0x8dfc1682, L:/127.0.0.1:59887 - R:localhost/127.0.0.1:65348]
10:08:11.539 [Forwarding findElement on session bad7d2e6afc387d41ff8f34d598858d5 to remote] DEBUG o.a.netty.request.NettyRequestSender - Using pooled Channel '[id: 0x8dfc1682, L:/127.0.0.1:59887 - R:localhost/127.0.0.1:65348]' for 'POST' to 'http://localhost:65348/session/bad7d2e6afc387d41ff8f34d598858d5/element'
10:08:11.539 [Forwarding findElement on session bad7d2e6afc387d41ff8f34d598858d5 to remote] DEBUG o.a.netty.request.NettyRequestSender - Using open Channel [id: 0x8dfc1682, L:/127.0.0.1:59887 - R:localhost/127.0.0.1:65348] for POST '/session/bad7d2e6afc387d41ff8f34d598858d5/element'
10:08:11.546 [AsyncHttpClient-1-2] DEBUG o.a.netty.handler.HttpHandler - 

Request DefaultHttpRequest(decodeResult: success, version: HTTP/1.1)
POST /session/bad7d2e6afc387d41ff8f34d598858d5/element HTTP/1.1
User-Agent: selenium/4.1.2 (java windows)
Content-Length: 132
Content-Type: application/json; charset=utf-8
host: localhost:65348
accept: */*

Response DefaultHttpResponse(decodeResult: success, version: HTTP/1.1)
HTTP/1.1 200 OK
Content-Type: application/json; charset=utf-8
cache-control: no-cache
content-length: 88

10:08:11.546 [AsyncHttpClient-1-2] DEBUG o.a.netty.channel.ChannelManager - Adding key: http://localhost:65348 for channel [id: 0x8dfc1682, L:/127.0.0.1:59887 - R:localhost/127.0.0.1:65348]
10:08:11.551 [Forwarding isElementDisplayed on session bad7d2e6afc387d41ff8f34d598858d5 to remote] DEBUG o.a.netty.request.NettyRequestSender - Using pooled Channel '[id: 0x8dfc1682, L:/127.0.0.1:59887 - R:localhost/127.0.0.1:65348]' for 'POST' to 'http://localhost:65348/session/bad7d2e6afc387d41ff8f34d598858d5/execute/sync'
10:08:11.551 [Forwarding isElementDisplayed on session bad7d2e6afc387d41ff8f34d598858d5 to remote] DEBUG o.a.netty.request.NettyRequestSender - Using open Channel [id: 0x8dfc1682, L:/127.0.0.1:59887 - R:localhost/127.0.0.1:65348] for POST '/session/bad7d2e6afc387d41ff8f34d598858d5/execute/sync'
10:08:11.562 [AsyncHttpClient-1-2] DEBUG o.a.netty.handler.HttpHandler - 

Request DefaultHttpRequest(decodeResult: success, version: HTTP/1.1)
POST /session/bad7d2e6afc387d41ff8f34d598858d5/execute/sync HTTP/1.1
User-Agent: selenium/4.1.2 (java windows)
Content-Length: 48780
Content-Type: application/json; charset=utf-8
host: localhost:65348
accept: */*

Response DefaultHttpResponse(decodeResult: success, version: HTTP/1.1)
HTTP/1.1 200 OK
Content-Type: application/json; charset=utf-8
cache-control: no-cache
content-length: 14

10:08:11.562 [AsyncHttpClient-1-2] DEBUG o.a.netty.channel.ChannelManager - Adding key: http://localhost:65348 for channel [id: 0x8dfc1682, L:/127.0.0.1:59887 - R:localhost/127.0.0.1:65348]
10:08:11.564 [Forwarding findElement on session bad7d2e6afc387d41ff8f34d598858d5 to remote] DEBUG o.a.netty.request.NettyRequestSender - Using pooled Channel '[id: 0x8dfc1682, L:/127.0.0.1:59887 - R:localhost/127.0.0.1:65348]' for 'POST' to 'http://localhost:65348/session/bad7d2e6afc387d41ff8f34d598858d5/element'
10:08:11.564 [Forwarding findElement on session bad7d2e6afc387d41ff8f34d598858d5 to remote] DEBUG o.a.netty.request.NettyRequestSender - Using open Channel [id: 0x8dfc1682, L:/127.0.0.1:59887 - R:localhost/127.0.0.1:65348] for POST '/session/bad7d2e6afc387d41ff8f34d598858d5/element'
10:08:11.570 [AsyncHttpClient-1-2] DEBUG o.a.netty.handler.HttpHandler - 

Request DefaultHttpRequest(decodeResult: success, version: HTTP/1.1)
POST /session/bad7d2e6afc387d41ff8f34d598858d5/element HTTP/1.1
User-Agent: selenium/4.1.2 (java windows)
Content-Length: 132
Content-Type: application/json; charset=utf-8
host: localhost:65348
accept: */*

Response DefaultHttpResponse(decodeResult: success, version: HTTP/1.1)
HTTP/1.1 200 OK
Content-Type: application/json; charset=utf-8
cache-control: no-cache
content-length: 88

10:08:11.571 [AsyncHttpClient-1-2] DEBUG o.a.netty.channel.ChannelManager - Adding key: http://localhost:65348 for channel [id: 0x8dfc1682, L:/127.0.0.1:59887 - R:localhost/127.0.0.1:65348]
10:08:11.572 [Forwarding isElementEnabled on session bad7d2e6afc387d41ff8f34d598858d5 to remote] DEBUG o.a.netty.request.NettyRequestSender - Using pooled Channel '[id: 0x8dfc1682, L:/127.0.0.1:59887 - R:localhost/127.0.0.1:65348]' for 'GET' to 'http://localhost:65348/session/bad7d2e6afc387d41ff8f34d598858d5/element/e2ad03fd-06d1-4b8a-ad8a-af31eeb19b0b/enabled'
10:08:11.573 [Forwarding isElementEnabled on session bad7d2e6afc387d41ff8f34d598858d5 to remote] DEBUG o.a.netty.request.NettyRequestSender - Using open Channel [id: 0x8dfc1682, L:/127.0.0.1:59887 - R:localhost/127.0.0.1:65348] for GET '/session/bad7d2e6afc387d41ff8f34d598858d5/element/e2ad03fd-06d1-4b8a-ad8a-af31eeb19b0b/enabled'
10:08:11.579 [AsyncHttpClient-1-2] DEBUG o.a.netty.handler.HttpHandler - 

Request DefaultFullHttpRequest(decodeResult: success, version: HTTP/1.1, content: EmptyByteBufBE)
GET /session/bad7d2e6afc387d41ff8f34d598858d5/element/e2ad03fd-06d1-4b8a-ad8a-af31eeb19b0b/enabled HTTP/1.1
User-Agent: selenium/4.1.2 (java windows)
Cache-Control: no-cache
Content-Type: application/json; charset=utf-8
host: localhost:65348
accept: */*

Response DefaultHttpResponse(decodeResult: success, version: HTTP/1.1)
HTTP/1.1 200 OK
Content-Type: application/json; charset=utf-8
cache-control: no-cache
content-length: 14

10:08:11.579 [AsyncHttpClient-1-2] DEBUG o.a.netty.channel.ChannelManager - Adding key: http://localhost:65348 for channel [id: 0x8dfc1682, L:/127.0.0.1:59887 - R:localhost/127.0.0.1:65348]
10:08:11.580 [main] DEBUG com.pages.LoginPage - verifyPageElements : Current Element = 'By.xpath: //div[@id="credentials"]//button[contains(@class,"loginButton")]' 
10:08:11.581 [Forwarding findElement on session bad7d2e6afc387d41ff8f34d598858d5 to remote] DEBUG o.a.netty.request.NettyRequestSender - Using pooled Channel '[id: 0x8dfc1682, L:/127.0.0.1:59887 - R:localhost/127.0.0.1:65348]' for 'POST' to 'http://localhost:65348/session/bad7d2e6afc387d41ff8f34d598858d5/element'
10:08:11.581 [Forwarding findElement on session bad7d2e6afc387d41ff8f34d598858d5 to remote] DEBUG o.a.netty.request.NettyRequestSender - Using open Channel [id: 0x8dfc1682, L:/127.0.0.1:59887 - R:localhost/127.0.0.1:65348] for POST '/session/bad7d2e6afc387d41ff8f34d598858d5/element'
10:08:11.590 [AsyncHttpClient-1-2] DEBUG o.a.netty.handler.HttpHandler - 

Request DefaultHttpRequest(decodeResult: success, version: HTTP/1.1)
POST /session/bad7d2e6afc387d41ff8f34d598858d5/element HTTP/1.1
User-Agent: selenium/4.1.2 (java windows)
Content-Length: 125
Content-Type: application/json; charset=utf-8
host: localhost:65348
accept: */*

Response DefaultHttpResponse(decodeResult: success, version: HTTP/1.1)
HTTP/1.1 200 OK
Content-Type: application/json; charset=utf-8
cache-control: no-cache
content-length: 88

10:08:11.591 [AsyncHttpClient-1-2] DEBUG o.a.netty.channel.ChannelManager - Adding key: http://localhost:65348 for channel [id: 0x8dfc1682, L:/127.0.0.1:59887 - R:localhost/127.0.0.1:65348]
10:08:11.595 [Forwarding isElementDisplayed on session bad7d2e6afc387d41ff8f34d598858d5 to remote] DEBUG o.a.netty.request.NettyRequestSender - Using pooled Channel '[id: 0x8dfc1682, L:/127.0.0.1:59887 - R:localhost/127.0.0.1:65348]' for 'POST' to 'http://localhost:65348/session/bad7d2e6afc387d41ff8f34d598858d5/execute/sync'
10:08:11.595 [Forwarding isElementDisplayed on session bad7d2e6afc387d41ff8f34d598858d5 to remote] DEBUG o.a.netty.request.NettyRequestSender - Using open Channel [id: 0x8dfc1682, L:/127.0.0.1:59887 - R:localhost/127.0.0.1:65348] for POST '/session/bad7d2e6afc387d41ff8f34d598858d5/execute/sync'
10:08:11.604 [AsyncHttpClient-1-2] DEBUG o.a.netty.handler.HttpHandler - 

Request DefaultHttpRequest(decodeResult: success, version: HTTP/1.1)
POST /session/bad7d2e6afc387d41ff8f34d598858d5/execute/sync HTTP/1.1
User-Agent: selenium/4.1.2 (java windows)
Content-Length: 48780
Content-Type: application/json; charset=utf-8
host: localhost:65348
accept: */*

Response DefaultHttpResponse(decodeResult: success, version: HTTP/1.1)
HTTP/1.1 200 OK
Content-Type: application/json; charset=utf-8
cache-control: no-cache
content-length: 14

10:08:11.605 [AsyncHttpClient-1-2] DEBUG o.a.netty.channel.ChannelManager - Adding key: http://localhost:65348 for channel [id: 0x8dfc1682, L:/127.0.0.1:59887 - R:localhost/127.0.0.1:65348]
10:08:11.606 [Forwarding findElement on session bad7d2e6afc387d41ff8f34d598858d5 to remote] DEBUG o.a.netty.request.NettyRequestSender - Using pooled Channel '[id: 0x8dfc1682, L:/127.0.0.1:59887 - R:localhost/127.0.0.1:65348]' for 'POST' to 'http://localhost:65348/session/bad7d2e6afc387d41ff8f34d598858d5/element'
10:08:11.606 [Forwarding findElement on session bad7d2e6afc387d41ff8f34d598858d5 to remote] DEBUG o.a.netty.request.NettyRequestSender - Using open Channel [id: 0x8dfc1682, L:/127.0.0.1:59887 - R:localhost/127.0.0.1:65348] for POST '/session/bad7d2e6afc387d41ff8f34d598858d5/element'
10:08:11.613 [AsyncHttpClient-1-2] DEBUG o.a.netty.handler.HttpHandler - 

Request DefaultHttpRequest(decodeResult: success, version: HTTP/1.1)
POST /session/bad7d2e6afc387d41ff8f34d598858d5/element HTTP/1.1
User-Agent: selenium/4.1.2 (java windows)
Content-Length: 125
Content-Type: application/json; charset=utf-8
host: localhost:65348
accept: */*

Response DefaultHttpResponse(decodeResult: success, version: HTTP/1.1)
HTTP/1.1 200 OK
Content-Type: application/json; charset=utf-8
cache-control: no-cache
content-length: 88

10:08:11.614 [AsyncHttpClient-1-2] DEBUG o.a.netty.channel.ChannelManager - Adding key: http://localhost:65348 for channel [id: 0x8dfc1682, L:/127.0.0.1:59887 - R:localhost/127.0.0.1:65348]
10:08:11.618 [Forwarding isElementDisplayed on session bad7d2e6afc387d41ff8f34d598858d5 to remote] DEBUG o.a.netty.request.NettyRequestSender - Using pooled Channel '[id: 0x8dfc1682, L:/127.0.0.1:59887 - R:localhost/127.0.0.1:65348]' for 'POST' to 'http://localhost:65348/session/bad7d2e6afc387d41ff8f34d598858d5/execute/sync'
10:08:11.618 [Forwarding isElementDisplayed on session bad7d2e6afc387d41ff8f34d598858d5 to remote] DEBUG o.a.netty.request.NettyRequestSender - Using open Channel [id: 0x8dfc1682, L:/127.0.0.1:59887 - R:localhost/127.0.0.1:65348] for POST '/session/bad7d2e6afc387d41ff8f34d598858d5/execute/sync'
10:08:11.626 [AsyncHttpClient-1-2] DEBUG o.a.netty.handler.HttpHandler - 

Request DefaultHttpRequest(decodeResult: success, version: HTTP/1.1)
POST /session/bad7d2e6afc387d41ff8f34d598858d5/execute/sync HTTP/1.1
User-Agent: selenium/4.1.2 (java windows)
Content-Length: 48780
Content-Type: application/json; charset=utf-8
host: localhost:65348
accept: */*

Response DefaultHttpResponse(decodeResult: success, version: HTTP/1.1)
HTTP/1.1 200 OK
Content-Type: application/json; charset=utf-8
cache-control: no-cache
content-length: 14

10:08:11.626 [AsyncHttpClient-1-2] DEBUG o.a.netty.channel.ChannelManager - Adding key: http://localhost:65348 for channel [id: 0x8dfc1682, L:/127.0.0.1:59887 - R:localhost/127.0.0.1:65348]
10:08:11.628 [Forwarding findElement on session bad7d2e6afc387d41ff8f34d598858d5 to remote] DEBUG o.a.netty.request.NettyRequestSender - Using pooled Channel '[id: 0x8dfc1682, L:/127.0.0.1:59887 - R:localhost/127.0.0.1:65348]' for 'POST' to 'http://localhost:65348/session/bad7d2e6afc387d41ff8f34d598858d5/element'
10:08:11.628 [Forwarding findElement on session bad7d2e6afc387d41ff8f34d598858d5 to remote] DEBUG o.a.netty.request.NettyRequestSender - Using open Channel [id: 0x8dfc1682, L:/127.0.0.1:59887 - R:localhost/127.0.0.1:65348] for POST '/session/bad7d2e6afc387d41ff8f34d598858d5/element'
10:08:11.633 [AsyncHttpClient-1-2] DEBUG o.a.netty.handler.HttpHandler - 

Request DefaultHttpRequest(decodeResult: success, version: HTTP/1.1)
POST /session/bad7d2e6afc387d41ff8f34d598858d5/element HTTP/1.1
User-Agent: selenium/4.1.2 (java windows)
Content-Length: 125
Content-Type: application/json; charset=utf-8
host: localhost:65348
accept: */*

Response DefaultHttpResponse(decodeResult: success, version: HTTP/1.1)
HTTP/1.1 200 OK
Content-Type: application/json; charset=utf-8
cache-control: no-cache
content-length: 88

10:08:11.633 [AsyncHttpClient-1-2] DEBUG o.a.netty.channel.ChannelManager - Adding key: http://localhost:65348 for channel [id: 0x8dfc1682, L:/127.0.0.1:59887 - R:localhost/127.0.0.1:65348]
10:08:11.634 [Forwarding isElementEnabled on session bad7d2e6afc387d41ff8f34d598858d5 to remote] DEBUG o.a.netty.request.NettyRequestSender - Using pooled Channel '[id: 0x8dfc1682, L:/127.0.0.1:59887 - R:localhost/127.0.0.1:65348]' for 'GET' to 'http://localhost:65348/session/bad7d2e6afc387d41ff8f34d598858d5/element/a7099e5e-5771-41b6-8beb-b9bdf59a13ad/enabled'
10:08:11.634 [Forwarding isElementEnabled on session bad7d2e6afc387d41ff8f34d598858d5 to remote] DEBUG o.a.netty.request.NettyRequestSender - Using open Channel [id: 0x8dfc1682, L:/127.0.0.1:59887 - R:localhost/127.0.0.1:65348] for GET '/session/bad7d2e6afc387d41ff8f34d598858d5/element/a7099e5e-5771-41b6-8beb-b9bdf59a13ad/enabled'
10:08:11.640 [AsyncHttpClient-1-2] DEBUG o.a.netty.handler.HttpHandler - 

Request DefaultFullHttpRequest(decodeResult: success, version: HTTP/1.1, content: EmptyByteBufBE)
GET /session/bad7d2e6afc387d41ff8f34d598858d5/element/a7099e5e-5771-41b6-8beb-b9bdf59a13ad/enabled HTTP/1.1
User-Agent: selenium/4.1.2 (java windows)
Cache-Control: no-cache
Content-Type: application/json; charset=utf-8
host: localhost:65348
accept: */*

Response DefaultHttpResponse(decodeResult: success, version: HTTP/1.1)
HTTP/1.1 200 OK
Content-Type: application/json; charset=utf-8
cache-control: no-cache
content-length: 14

10:08:11.640 [AsyncHttpClient-1-2] DEBUG o.a.netty.channel.ChannelManager - Adding key: http://localhost:65348 for channel [id: 0x8dfc1682, L:/127.0.0.1:59887 - R:localhost/127.0.0.1:65348]
  &amp#27;[32mAnd &amp#27;[0m&amp#27;[32muser verify the Login Page Elements is Visible&amp#27;[0m                                                                                 &amp#27;[90m# stepdefinitions.LoginPageSteps.user_verify_the_login_page_elements_is_visible()&amp#27;[0m
10:08:11.810 [AsyncHttpClient-1-1] DEBUG o.a.netty.channel.DefaultChannelPool - Entry count for : http://localhost:59889 : 1
10:08:11.810 [AsyncHttpClient-1-1] DEBUG o.a.netty.channel.DefaultChannelPool - Entry count for : http://localhost:65348 : 1
10:08:12.300 [main] DEBUG stepdefinitions.LoginPageSteps - [{username=invalidUser@vrbank0, password=pega123!}, {username=invalidUser@vrbank1, password=pega123!}, {username=, password=}, {username=, password=}]
10:08:12.898 [AsyncHttpClient-1-1] DEBUG o.a.netty.channel.DefaultChannelPool - Entry count for : http://localhost:59889 : 1
10:08:12.898 [AsyncHttpClient-1-1] DEBUG o.a.netty.channel.DefaultChannelPool - Entry count for : http://localhost:65348 : 1
10:08:14.009 [AsyncHttpClient-1-1] DEBUG o.a.netty.channel.DefaultChannelPool - Entry count for : http://localhost:59889 : 1
10:08:14.009 [AsyncHttpClient-1-1] DEBUG o.a.netty.channel.DefaultChannelPool - Entry count for : http://localhost:65348 : 1
10:08:14.305 [main] DEBUG com.pages.LoginPage - enterUserCredentails: username = 'invalidUser@vrbank0' | password = 'pega123!' 
10:08:14.306 [Forwarding findElement on session bad7d2e6afc387d41ff8f34d598858d5 to remote] DEBUG o.a.netty.request.NettyRequestSender - Using pooled Channel '[id: 0x8dfc1682, L:/127.0.0.1:59887 - R:localhost/127.0.0.1:65348]' for 'POST' to 'http://localhost:65348/session/bad7d2e6afc387d41ff8f34d598858d5/element'
10:08:14.306 [Forwarding findElement on session bad7d2e6afc387d41ff8f34d598858d5 to remote] DEBUG o.a.netty.request.NettyRequestSender - Using open Channel [id: 0x8dfc1682, L:/127.0.0.1:59887 - R:localhost/127.0.0.1:65348] for POST '/session/bad7d2e6afc387d41ff8f34d598858d5/element'
10:08:14.310 [AsyncHttpClient-1-2] DEBUG o.a.netty.handler.HttpHandler - 

Request DefaultHttpRequest(decodeResult: success, version: HTTP/1.1)
POST /session/bad7d2e6afc387d41ff8f34d598858d5/element HTTP/1.1
User-Agent: selenium/4.1.2 (java windows)
Content-Length: 128
Content-Type: application/json; charset=utf-8
host: localhost:65348
accept: */*

Response DefaultHttpResponse(decodeResult: success, version: HTTP/1.1)
HTTP/1.1 200 OK
Content-Type: application/json; charset=utf-8
cache-control: no-cache
content-length: 88

10:08:14.310 [AsyncHttpClient-1-2] DEBUG o.a.netty.channel.ChannelManager - Adding key: http://localhost:65348 for channel [id: 0x8dfc1682, L:/127.0.0.1:59887 - R:localhost/127.0.0.1:65348]
10:08:14.313 [Forwarding sendKeysToElement on session bad7d2e6afc387d41ff8f34d598858d5 to remote] DEBUG o.a.netty.request.NettyRequestSender - Using pooled Channel '[id: 0x8dfc1682, L:/127.0.0.1:59887 - R:localhost/127.0.0.1:65348]' for 'POST' to 'http://localhost:65348/session/bad7d2e6afc387d41ff8f34d598858d5/element/c6338f6f-063b-4d48-9802-a04a49373078/value'
10:08:14.313 [Forwarding sendKeysToElement on session bad7d2e6afc387d41ff8f34d598858d5 to remote] DEBUG o.a.netty.request.NettyRequestSender - Using open Channel [id: 0x8dfc1682, L:/127.0.0.1:59887 - R:localhost/127.0.0.1:65348] for POST '/session/bad7d2e6afc387d41ff8f34d598858d5/element/c6338f6f-063b-4d48-9802-a04a49373078/value'
10:08:14.365 [AsyncHttpClient-1-2] DEBUG o.a.netty.handler.HttpHandler - 

Request DefaultHttpRequest(decodeResult: success, version: HTTP/1.1)
POST /session/bad7d2e6afc387d41ff8f34d598858d5/element/c6338f6f-063b-4d48-9802-a04a49373078/value HTTP/1.1
User-Agent: selenium/4.1.2 (java windows)
Content-Length: 271
Content-Type: application/json; charset=utf-8
host: localhost:65348
accept: */*

Response DefaultHttpResponse(decodeResult: success, version: HTTP/1.1)
HTTP/1.1 200 OK
Content-Type: application/json; charset=utf-8
cache-control: no-cache
content-length: 14

10:08:14.365 [AsyncHttpClient-1-2] DEBUG o.a.netty.channel.ChannelManager - Adding key: http://localhost:65348 for channel [id: 0x8dfc1682, L:/127.0.0.1:59887 - R:localhost/127.0.0.1:65348]
10:08:14.366 [Forwarding findElement on session bad7d2e6afc387d41ff8f34d598858d5 to remote] DEBUG o.a.netty.request.NettyRequestSender - Using pooled Channel '[id: 0x8dfc1682, L:/127.0.0.1:59887 - R:localhost/127.0.0.1:65348]' for 'POST' to 'http://localhost:65348/session/bad7d2e6afc387d41ff8f34d598858d5/element'
10:08:14.366 [Forwarding findElement on session bad7d2e6afc387d41ff8f34d598858d5 to remote] DEBUG o.a.netty.request.NettyRequestSender - Using open Channel [id: 0x8dfc1682, L:/127.0.0.1:59887 - R:localhost/127.0.0.1:65348] for POST '/session/bad7d2e6afc387d41ff8f34d598858d5/element'
10:08:14.371 [AsyncHttpClient-1-2] DEBUG o.a.netty.handler.HttpHandler - 

Request DefaultHttpRequest(decodeResult: success, version: HTTP/1.1)
POST /session/bad7d2e6afc387d41ff8f34d598858d5/element HTTP/1.1
User-Agent: selenium/4.1.2 (java windows)
Content-Length: 132
Content-Type: application/json; charset=utf-8
host: localhost:65348
accept: */*

Response DefaultHttpResponse(decodeResult: success, version: HTTP/1.1)
HTTP/1.1 200 OK
Content-Type: application/json; charset=utf-8
cache-control: no-cache
content-length: 88

10:08:14.371 [AsyncHttpClient-1-2] DEBUG o.a.netty.channel.ChannelManager - Adding key: http://localhost:65348 for channel [id: 0x8dfc1682, L:/127.0.0.1:59887 - R:localhost/127.0.0.1:65348]
10:08:14.372 [Forwarding sendKeysToElement on session bad7d2e6afc387d41ff8f34d598858d5 to remote] DEBUG o.a.netty.request.NettyRequestSender - Using pooled Channel '[id: 0x8dfc1682, L:/127.0.0.1:59887 - R:localhost/127.0.0.1:65348]' for 'POST' to 'http://localhost:65348/session/bad7d2e6afc387d41ff8f34d598858d5/element/e2ad03fd-06d1-4b8a-ad8a-af31eeb19b0b/value'
10:08:14.372 [Forwarding sendKeysToElement on session bad7d2e6afc387d41ff8f34d598858d5 to remote] DEBUG o.a.netty.request.NettyRequestSender - Using open Channel [id: 0x8dfc1682, L:/127.0.0.1:59887 - R:localhost/127.0.0.1:65348] for POST '/session/bad7d2e6afc387d41ff8f34d598858d5/element/e2ad03fd-06d1-4b8a-ad8a-af31eeb19b0b/value'
10:08:14.409 [AsyncHttpClient-1-2] DEBUG o.a.netty.handler.HttpHandler - 

Request DefaultHttpRequest(decodeResult: success, version: HTTP/1.1)
POST /session/bad7d2e6afc387d41ff8f34d598858d5/element/e2ad03fd-06d1-4b8a-ad8a-af31eeb19b0b/value HTTP/1.1
User-Agent: selenium/4.1.2 (java windows)
Content-Length: 161
Content-Type: application/json; charset=utf-8
host: localhost:65348
accept: */*

Response DefaultHttpResponse(decodeResult: success, version: HTTP/1.1)
HTTP/1.1 200 OK
Content-Type: application/json; charset=utf-8
cache-control: no-cache
content-length: 14

10:08:14.409 [AsyncHttpClient-1-2] DEBUG o.a.netty.channel.ChannelManager - Adding key: http://localhost:65348 for channel [id: 0x8dfc1682, L:/127.0.0.1:59887 - R:localhost/127.0.0.1:65348]
10:08:14.410 [Forwarding findElement on session bad7d2e6afc387d41ff8f34d598858d5 to remote] DEBUG o.a.netty.request.NettyRequestSender - Using pooled Channel '[id: 0x8dfc1682, L:/127.0.0.1:59887 - R:localhost/127.0.0.1:65348]' for 'POST' to 'http://localhost:65348/session/bad7d2e6afc387d41ff8f34d598858d5/element'
10:08:14.411 [Forwarding findElement on session bad7d2e6afc387d41ff8f34d598858d5 to remote] DEBUG o.a.netty.request.NettyRequestSender - Using open Channel [id: 0x8dfc1682, L:/127.0.0.1:59887 - R:localhost/127.0.0.1:65348] for POST '/session/bad7d2e6afc387d41ff8f34d598858d5/element'
10:08:14.416 [AsyncHttpClient-1-2] DEBUG o.a.netty.handler.HttpHandler - 

Request DefaultHttpRequest(decodeResult: success, version: HTTP/1.1)
POST /session/bad7d2e6afc387d41ff8f34d598858d5/element HTTP/1.1
User-Agent: selenium/4.1.2 (java windows)
Content-Length: 125
Content-Type: application/json; charset=utf-8
host: localhost:65348
accept: */*

Response DefaultHttpResponse(decodeResult: success, version: HTTP/1.1)
HTTP/1.1 200 OK
Content-Type: application/json; charset=utf-8
cache-control: no-cache
content-length: 88

10:08:14.416 [AsyncHttpClient-1-2] DEBUG o.a.netty.channel.ChannelManager - Adding key: http://localhost:65348 for channel [id: 0x8dfc1682, L:/127.0.0.1:59887 - R:localhost/127.0.0.1:65348]
10:08:14.417 [Forwarding clickElement on session bad7d2e6afc387d41ff8f34d598858d5 to remote] DEBUG o.a.netty.request.NettyRequestSender - Using pooled Channel '[id: 0x8dfc1682, L:/127.0.0.1:59887 - R:localhost/127.0.0.1:65348]' for 'POST' to 'http://localhost:65348/session/bad7d2e6afc387d41ff8f34d598858d5/element/a7099e5e-5771-41b6-8beb-b9bdf59a13ad/click'
10:08:14.417 [Forwarding clickElement on session bad7d2e6afc387d41ff8f34d598858d5 to remote] DEBUG o.a.netty.request.NettyRequestSender - Using open Channel [id: 0x8dfc1682, L:/127.0.0.1:59887 - R:localhost/127.0.0.1:65348] for POST '/session/bad7d2e6afc387d41ff8f34d598858d5/element/a7099e5e-5771-41b6-8beb-b9bdf59a13ad/click'
10:08:14.479 [AsyncHttpClient-1-2] DEBUG o.a.netty.handler.HttpHandler - 

Request DefaultHttpRequest(decodeResult: success, version: HTTP/1.1)
POST /session/bad7d2e6afc387d41ff8f34d598858d5/element/a7099e5e-5771-41b6-8beb-b9bdf59a13ad/click HTTP/1.1
User-Agent: selenium/4.1.2 (java windows)
Content-Length: 50
Content-Type: application/json; charset=utf-8
host: localhost:65348
accept: */*

Response DefaultHttpResponse(decodeResult: success, version: HTTP/1.1)
HTTP/1.1 200 OK
Content-Type: application/json; charset=utf-8
cache-control: no-cache
content-length: 14

10:08:14.479 [AsyncHttpClient-1-2] DEBUG o.a.netty.channel.ChannelManager - Adding key: http://localhost:65348 for channel [id: 0x8dfc1682, L:/127.0.0.1:59887 - R:localhost/127.0.0.1:65348]
10:08:14.480 [main] DEBUG com.pages.LoginPage - verifyErrorMessage: 'The information you entered was not recognized.' 
10:08:14.481 [Forwarding findElement on session bad7d2e6afc387d41ff8f34d598858d5 to remote] DEBUG o.a.netty.request.NettyRequestSender - Using pooled Channel '[id: 0x8dfc1682, L:/127.0.0.1:59887 - R:localhost/127.0.0.1:65348]' for 'POST' to 'http://localhost:65348/session/bad7d2e6afc387d41ff8f34d598858d5/element'
10:08:14.481 [Forwarding findElement on session bad7d2e6afc387d41ff8f34d598858d5 to remote] DEBUG o.a.netty.request.NettyRequestSender - Using open Channel [id: 0x8dfc1682, L:/127.0.0.1:59887 - R:localhost/127.0.0.1:65348] for POST '/session/bad7d2e6afc387d41ff8f34d598858d5/element'
10:08:14.489 [AsyncHttpClient-1-2] DEBUG o.a.netty.handler.HttpHandler - 

Request DefaultHttpRequest(decodeResult: success, version: HTTP/1.1)
POST /session/bad7d2e6afc387d41ff8f34d598858d5/element HTTP/1.1
User-Agent: selenium/4.1.2 (java windows)
Content-Length: 75
Content-Type: application/json; charset=utf-8
host: localhost:65348
accept: */*

Response DefaultHttpResponse(decodeResult: success, version: HTTP/1.1)
HTTP/1.1 200 OK
Content-Type: application/json; charset=utf-8
cache-control: no-cache
content-length: 88

10:08:14.489 [AsyncHttpClient-1-2] DEBUG o.a.netty.channel.ChannelManager - Adding key: http://localhost:65348 for channel [id: 0x8dfc1682, L:/127.0.0.1:59887 - R:localhost/127.0.0.1:65348]
10:08:14.493 [Forwarding isElementDisplayed on session bad7d2e6afc387d41ff8f34d598858d5 to remote] DEBUG o.a.netty.request.NettyRequestSender - Using pooled Channel '[id: 0x8dfc1682, L:/127.0.0.1:59887 - R:localhost/127.0.0.1:65348]' for 'POST' to 'http://localhost:65348/session/bad7d2e6afc387d41ff8f34d598858d5/execute/sync'
10:08:14.493 [Forwarding isElementDisplayed on session bad7d2e6afc387d41ff8f34d598858d5 to remote] DEBUG o.a.netty.request.NettyRequestSender - Using open Channel [id: 0x8dfc1682, L:/127.0.0.1:59887 - R:localhost/127.0.0.1:65348] for POST '/session/bad7d2e6afc387d41ff8f34d598858d5/execute/sync'
10:08:14.503 [AsyncHttpClient-1-2] DEBUG o.a.netty.handler.HttpHandler - 

Request DefaultHttpRequest(decodeResult: success, version: HTTP/1.1)
POST /session/bad7d2e6afc387d41ff8f34d598858d5/execute/sync HTTP/1.1
User-Agent: selenium/4.1.2 (java windows)
Content-Length: 48780
Content-Type: application/json; charset=utf-8
host: localhost:65348
accept: */*

Response DefaultHttpResponse(decodeResult: success, version: HTTP/1.1)
HTTP/1.1 200 OK
Content-Type: application/json; charset=utf-8
cache-control: no-cache
content-length: 15

10:08:14.504 [AsyncHttpClient-1-2] DEBUG o.a.netty.channel.ChannelManager - Adding key: http://localhost:65348 for channel [id: 0x8dfc1682, L:/127.0.0.1:59887 - R:localhost/127.0.0.1:65348]
10:08:15.010 [Forwarding findElement on session bad7d2e6afc387d41ff8f34d598858d5 to remote] DEBUG o.a.netty.request.NettyRequestSender - Using pooled Channel '[id: 0x8dfc1682, L:/127.0.0.1:59887 - R:localhost/127.0.0.1:65348]' for 'POST' to 'http://localhost:65348/session/bad7d2e6afc387d41ff8f34d598858d5/element'
10:08:15.010 [Forwarding findElement on session bad7d2e6afc387d41ff8f34d598858d5 to remote] DEBUG o.a.netty.request.NettyRequestSender - Using open Channel [id: 0x8dfc1682, L:/127.0.0.1:59887 - R:localhost/127.0.0.1:65348] for POST '/session/bad7d2e6afc387d41ff8f34d598858d5/element'
10:08:15.015 [AsyncHttpClient-1-2] DEBUG o.a.netty.handler.HttpHandler - 

Request DefaultHttpRequest(decodeResult: success, version: HTTP/1.1)
POST /session/bad7d2e6afc387d41ff8f34d598858d5/element HTTP/1.1
User-Agent: selenium/4.1.2 (java windows)
Content-Length: 75
Content-Type: application/json; charset=utf-8
host: localhost:65348
accept: */*

Response DefaultHttpResponse(decodeResult: success, version: HTTP/1.1)
HTTP/1.1 200 OK
Content-Type: application/json; charset=utf-8
cache-control: no-cache
content-length: 88

10:08:15.016 [AsyncHttpClient-1-2] DEBUG o.a.netty.channel.ChannelManager - Adding key: http://localhost:65348 for channel [id: 0x8dfc1682, L:/127.0.0.1:59887 - R:localhost/127.0.0.1:65348]
10:08:15.019 [Forwarding isElementDisplayed on session bad7d2e6afc387d41ff8f34d598858d5 to remote] DEBUG o.a.netty.request.NettyRequestSender - Using pooled Channel '[id: 0x8dfc1682, L:/127.0.0.1:59887 - R:localhost/127.0.0.1:65348]' for 'POST' to 'http://localhost:65348/session/bad7d2e6afc387d41ff8f34d598858d5/execute/sync'
10:08:15.019 [Forwarding isElementDisplayed on session bad7d2e6afc387d41ff8f34d598858d5 to remote] DEBUG o.a.netty.request.NettyRequestSender - Using open Channel [id: 0x8dfc1682, L:/127.0.0.1:59887 - R:localhost/127.0.0.1:65348] for POST '/session/bad7d2e6afc387d41ff8f34d598858d5/execute/sync'
10:08:15.026 [AsyncHttpClient-1-2] DEBUG o.a.netty.handler.HttpHandler - 

Request DefaultHttpRequest(decodeResult: success, version: HTTP/1.1)
POST /session/bad7d2e6afc387d41ff8f34d598858d5/execute/sync HTTP/1.1
User-Agent: selenium/4.1.2 (java windows)
Content-Length: 48780
Content-Type: application/json; charset=utf-8
host: localhost:65348
accept: */*

Response DefaultHttpResponse(decodeResult: success, version: HTTP/1.1)
HTTP/1.1 200 OK
Content-Type: application/json; charset=utf-8
cache-control: no-cache
content-length: 14

10:08:15.027 [AsyncHttpClient-1-2] DEBUG o.a.netty.channel.ChannelManager - Adding key: http://localhost:65348 for channel [id: 0x8dfc1682, L:/127.0.0.1:59887 - R:localhost/127.0.0.1:65348]
10:08:15.028 [Forwarding getElementText on session bad7d2e6afc387d41ff8f34d598858d5 to remote] DEBUG o.a.netty.request.NettyRequestSender - Using pooled Channel '[id: 0x8dfc1682, L:/127.0.0.1:59887 - R:localhost/127.0.0.1:65348]' for 'GET' to 'http://localhost:65348/session/bad7d2e6afc387d41ff8f34d598858d5/element/4d95de82-f6c6-45e0-8836-cfe64f9db801/text'
10:08:15.028 [Forwarding getElementText on session bad7d2e6afc387d41ff8f34d598858d5 to remote] DEBUG o.a.netty.request.NettyRequestSender - Using open Channel [id: 0x8dfc1682, L:/127.0.0.1:59887 - R:localhost/127.0.0.1:65348] for GET '/session/bad7d2e6afc387d41ff8f34d598858d5/element/4d95de82-f6c6-45e0-8836-cfe64f9db801/text'
10:08:15.036 [AsyncHttpClient-1-2] DEBUG o.a.netty.handler.HttpHandler - 

Request DefaultFullHttpRequest(decodeResult: success, version: HTTP/1.1, content: EmptyByteBufBE)
GET /session/bad7d2e6afc387d41ff8f34d598858d5/element/4d95de82-f6c6-45e0-8836-cfe64f9db801/text HTTP/1.1
User-Agent: selenium/4.1.2 (java windows)
Cache-Control: no-cache
Content-Type: application/json; charset=utf-8
host: localhost:65348
accept: */*

Response DefaultHttpResponse(decodeResult: success, version: HTTP/1.1)
HTTP/1.1 200 OK
Content-Type: application/json; charset=utf-8
cache-control: no-cache
content-length: 59

10:08:15.036 [AsyncHttpClient-1-2] DEBUG o.a.netty.channel.ChannelManager - Adding key: http://localhost:65348 for channel [id: 0x8dfc1682, L:/127.0.0.1:59887 - R:localhost/127.0.0.1:65348]
10:08:15.104 [AsyncHttpClient-1-1] DEBUG o.a.netty.channel.DefaultChannelPool - Entry count for : http://localhost:59889 : 1
10:08:15.104 [AsyncHttpClient-1-1] DEBUG o.a.netty.channel.DefaultChannelPool - Entry count for : http://localhost:65348 : 1
10:08:16.205 [AsyncHttpClient-1-1] DEBUG o.a.netty.channel.DefaultChannelPool - Entry count for : http://localhost:59889 : 1
10:08:16.205 [AsyncHttpClient-1-1] DEBUG o.a.netty.channel.DefaultChannelPool - Entry count for : http://localhost:65348 : 1
10:08:17.310 [AsyncHttpClient-1-1] DEBUG o.a.netty.channel.DefaultChannelPool - Entry count for : http://localhost:59889 : 1
10:08:17.310 [AsyncHttpClient-1-1] DEBUG o.a.netty.channel.DefaultChannelPool - Entry count for : http://localhost:65348 : 1
10:08:18.398 [AsyncHttpClient-1-1] DEBUG o.a.netty.channel.DefaultChannelPool - Entry count for : http://localhost:59889 : 1
10:08:18.398 [AsyncHttpClient-1-1] DEBUG o.a.netty.channel.DefaultChannelPool - Entry count for : http://localhost:65348 : 1
10:08:19.056 [main] DEBUG com.pages.LoginPage - enterUserCredentails: username = 'invalidUser@vrbank1' | password = 'pega123!' 
10:08:19.057 [Forwarding findElement on session bad7d2e6afc387d41ff8f34d598858d5 to remote] DEBUG o.a.netty.request.NettyRequestSender - Using pooled Channel '[id: 0x8dfc1682, L:/127.0.0.1:59887 - R:localhost/127.0.0.1:65348]' for 'POST' to 'http://localhost:65348/session/bad7d2e6afc387d41ff8f34d598858d5/element'
10:08:19.057 [Forwarding findElement on session bad7d2e6afc387d41ff8f34d598858d5 to remote] DEBUG o.a.netty.request.NettyRequestSender - Using open Channel [id: 0x8dfc1682, L:/127.0.0.1:59887 - R:localhost/127.0.0.1:65348] for POST '/session/bad7d2e6afc387d41ff8f34d598858d5/element'
10:08:19.062 [AsyncHttpClient-1-2] DEBUG o.a.netty.handler.HttpHandler - 

Request DefaultHttpRequest(decodeResult: success, version: HTTP/1.1)
POST /session/bad7d2e6afc387d41ff8f34d598858d5/element HTTP/1.1
User-Agent: selenium/4.1.2 (java windows)
Content-Length: 128
Content-Type: application/json; charset=utf-8
host: localhost:65348
accept: */*

Response DefaultHttpResponse(decodeResult: success, version: HTTP/1.1)
HTTP/1.1 200 OK
Content-Type: application/json; charset=utf-8
cache-control: no-cache
content-length: 88

10:08:19.062 [AsyncHttpClient-1-2] DEBUG o.a.netty.channel.ChannelManager - Adding key: http://localhost:65348 for channel [id: 0x8dfc1682, L:/127.0.0.1:59887 - R:localhost/127.0.0.1:65348]
10:08:19.064 [Forwarding sendKeysToElement on session bad7d2e6afc387d41ff8f34d598858d5 to remote] DEBUG o.a.netty.request.NettyRequestSender - Using pooled Channel '[id: 0x8dfc1682, L:/127.0.0.1:59887 - R:localhost/127.0.0.1:65348]' for 'POST' to 'http://localhost:65348/session/bad7d2e6afc387d41ff8f34d598858d5/element/b7c3b996-1269-438b-b60c-cc8d3af0429e/value'
10:08:19.064 [Forwarding sendKeysToElement on session bad7d2e6afc387d41ff8f34d598858d5 to remote] DEBUG o.a.netty.request.NettyRequestSender - Using open Channel [id: 0x8dfc1682, L:/127.0.0.1:59887 - R:localhost/127.0.0.1:65348] for POST '/session/bad7d2e6afc387d41ff8f34d598858d5/element/b7c3b996-1269-438b-b60c-cc8d3af0429e/value'
10:08:19.109 [AsyncHttpClient-1-2] DEBUG o.a.netty.handler.HttpHandler - 

Request DefaultHttpRequest(decodeResult: success, version: HTTP/1.1)
POST /session/bad7d2e6afc387d41ff8f34d598858d5/element/b7c3b996-1269-438b-b60c-cc8d3af0429e/value HTTP/1.1
User-Agent: selenium/4.1.2 (java windows)
Content-Length: 271
Content-Type: application/json; charset=utf-8
host: localhost:65348
accept: */*

Response DefaultHttpResponse(decodeResult: success, version: HTTP/1.1)
HTTP/1.1 200 OK
Content-Type: application/json; charset=utf-8
cache-control: no-cache
content-length: 14

10:08:19.109 [AsyncHttpClient-1-2] DEBUG o.a.netty.channel.ChannelManager - Adding key: http://localhost:65348 for channel [id: 0x8dfc1682, L:/127.0.0.1:59887 - R:localhost/127.0.0.1:65348]
10:08:19.110 [Forwarding findElement on session bad7d2e6afc387d41ff8f34d598858d5 to remote] DEBUG o.a.netty.request.NettyRequestSender - Using pooled Channel '[id: 0x8dfc1682, L:/127.0.0.1:59887 - R:localhost/127.0.0.1:65348]' for 'POST' to 'http://localhost:65348/session/bad7d2e6afc387d41ff8f34d598858d5/element'
10:08:19.110 [Forwarding findElement on session bad7d2e6afc387d41ff8f34d598858d5 to remote] DEBUG o.a.netty.request.NettyRequestSender - Using open Channel [id: 0x8dfc1682, L:/127.0.0.1:59887 - R:localhost/127.0.0.1:65348] for POST '/session/bad7d2e6afc387d41ff8f34d598858d5/element'
10:08:19.115 [AsyncHttpClient-1-2] DEBUG o.a.netty.handler.HttpHandler - 

Request DefaultHttpRequest(decodeResult: success, version: HTTP/1.1)
POST /session/bad7d2e6afc387d41ff8f34d598858d5/element HTTP/1.1
User-Agent: selenium/4.1.2 (java windows)
Content-Length: 132
Content-Type: application/json; charset=utf-8
host: localhost:65348
accept: */*

Response DefaultHttpResponse(decodeResult: success, version: HTTP/1.1)
HTTP/1.1 200 OK
Content-Type: application/json; charset=utf-8
cache-control: no-cache
content-length: 88

10:08:19.115 [AsyncHttpClient-1-2] DEBUG o.a.netty.channel.ChannelManager - Adding key: http://localhost:65348 for channel [id: 0x8dfc1682, L:/127.0.0.1:59887 - R:localhost/127.0.0.1:65348]
10:08:19.117 [Forwarding sendKeysToElement on session bad7d2e6afc387d41ff8f34d598858d5 to remote] DEBUG o.a.netty.request.NettyRequestSender - Using pooled Channel '[id: 0x8dfc1682, L:/127.0.0.1:59887 - R:localhost/127.0.0.1:65348]' for 'POST' to 'http://localhost:65348/session/bad7d2e6afc387d41ff8f34d598858d5/element/2fd7508b-6dc0-46c4-8860-22ed93a50e03/value'
10:08:19.117 [Forwarding sendKeysToElement on session bad7d2e6afc387d41ff8f34d598858d5 to remote] DEBUG o.a.netty.request.NettyRequestSender - Using open Channel [id: 0x8dfc1682, L:/127.0.0.1:59887 - R:localhost/127.0.0.1:65348] for POST '/session/bad7d2e6afc387d41ff8f34d598858d5/element/2fd7508b-6dc0-46c4-8860-22ed93a50e03/value'
10:08:19.166 [AsyncHttpClient-1-2] DEBUG o.a.netty.handler.HttpHandler - 

Request DefaultHttpRequest(decodeResult: success, version: HTTP/1.1)
POST /session/bad7d2e6afc387d41ff8f34d598858d5/element/2fd7508b-6dc0-46c4-8860-22ed93a50e03/value HTTP/1.1
User-Agent: selenium/4.1.2 (java windows)
Content-Length: 161
Content-Type: application/json; charset=utf-8
host: localhost:65348
accept: */*

Response DefaultHttpResponse(decodeResult: success, version: HTTP/1.1)
HTTP/1.1 200 OK
Content-Type: application/json; charset=utf-8
cache-control: no-cache
content-length: 14

10:08:19.166 [AsyncHttpClient-1-2] DEBUG o.a.netty.channel.ChannelManager - Adding key: http://localhost:65348 for channel [id: 0x8dfc1682, L:/127.0.0.1:59887 - R:localhost/127.0.0.1:65348]
10:08:19.168 [Forwarding findElement on session bad7d2e6afc387d41ff8f34d598858d5 to remote] DEBUG o.a.netty.request.NettyRequestSender - Using pooled Channel '[id: 0x8dfc1682, L:/127.0.0.1:59887 - R:localhost/127.0.0.1:65348]' for 'POST' to 'http://localhost:65348/session/bad7d2e6afc387d41ff8f34d598858d5/element'
10:08:19.168 [Forwarding findElement on session bad7d2e6afc387d41ff8f34d598858d5 to remote] DEBUG o.a.netty.request.NettyRequestSender - Using open Channel [id: 0x8dfc1682, L:/127.0.0.1:59887 - R:localhost/127.0.0.1:65348] for POST '/session/bad7d2e6afc387d41ff8f34d598858d5/element'
10:08:19.176 [AsyncHttpClient-1-2] DEBUG o.a.netty.handler.HttpHandler - 

Request DefaultHttpRequest(decodeResult: success, version: HTTP/1.1)
POST /session/bad7d2e6afc387d41ff8f34d598858d5/element HTTP/1.1
User-Agent: selenium/4.1.2 (java windows)
Content-Length: 125
Content-Type: application/json; charset=utf-8
host: localhost:65348
accept: */*

Response DefaultHttpResponse(decodeResult: success, version: HTTP/1.1)
HTTP/1.1 200 OK
Content-Type: application/json; charset=utf-8
cache-control: no-cache
content-length: 88

10:08:19.177 [AsyncHttpClient-1-2] DEBUG o.a.netty.channel.ChannelManager - Adding key: http://localhost:65348 for channel [id: 0x8dfc1682, L:/127.0.0.1:59887 - R:localhost/127.0.0.1:65348]
10:08:19.178 [Forwarding clickElement on session bad7d2e6afc387d41ff8f34d598858d5 to remote] DEBUG o.a.netty.request.NettyRequestSender - Using pooled Channel '[id: 0x8dfc1682, L:/127.0.0.1:59887 - R:localhost/127.0.0.1:65348]' for 'POST' to 'http://localhost:65348/session/bad7d2e6afc387d41ff8f34d598858d5/element/f42416e8-bba7-4096-88c5-1c10a0c1eb70/click'
10:08:19.178 [Forwarding clickElement on session bad7d2e6afc387d41ff8f34d598858d5 to remote] DEBUG o.a.netty.request.NettyRequestSender - Using open Channel [id: 0x8dfc1682, L:/127.0.0.1:59887 - R:localhost/127.0.0.1:65348] for POST '/session/bad7d2e6afc387d41ff8f34d598858d5/element/f42416e8-bba7-4096-88c5-1c10a0c1eb70/click'
10:08:19.249 [AsyncHttpClient-1-2] DEBUG o.a.netty.handler.HttpHandler - 

Request DefaultHttpRequest(decodeResult: success, version: HTTP/1.1)
POST /session/bad7d2e6afc387d41ff8f34d598858d5/element/f42416e8-bba7-4096-88c5-1c10a0c1eb70/click HTTP/1.1
User-Agent: selenium/4.1.2 (java windows)
Content-Length: 50
Content-Type: application/json; charset=utf-8
host: localhost:65348
accept: */*

Response DefaultHttpResponse(decodeResult: success, version: HTTP/1.1)
HTTP/1.1 200 OK
Content-Type: application/json; charset=utf-8
cache-control: no-cache
content-length: 14

10:08:19.249 [AsyncHttpClient-1-2] DEBUG o.a.netty.channel.ChannelManager - Adding key: http://localhost:65348 for channel [id: 0x8dfc1682, L:/127.0.0.1:59887 - R:localhost/127.0.0.1:65348]
10:08:19.250 [main] DEBUG com.pages.LoginPage - verifyErrorMessage: 'The information you entered was not recognized.' 
10:08:19.251 [Forwarding findElement on session bad7d2e6afc387d41ff8f34d598858d5 to remote] DEBUG o.a.netty.request.NettyRequestSender - Using pooled Channel '[id: 0x8dfc1682, L:/127.0.0.1:59887 - R:localhost/127.0.0.1:65348]' for 'POST' to 'http://localhost:65348/session/bad7d2e6afc387d41ff8f34d598858d5/element'
10:08:19.251 [Forwarding findElement on session bad7d2e6afc387d41ff8f34d598858d5 to remote] DEBUG o.a.netty.request.NettyRequestSender - Using open Channel [id: 0x8dfc1682, L:/127.0.0.1:59887 - R:localhost/127.0.0.1:65348] for POST '/session/bad7d2e6afc387d41ff8f34d598858d5/element'
10:08:19.260 [AsyncHttpClient-1-2] DEBUG o.a.netty.handler.HttpHandler - 

Request DefaultHttpRequest(decodeResult: success, version: HTTP/1.1)
POST /session/bad7d2e6afc387d41ff8f34d598858d5/element HTTP/1.1
User-Agent: selenium/4.1.2 (java windows)
Content-Length: 75
Content-Type: application/json; charset=utf-8
host: localhost:65348
accept: */*

Response DefaultHttpResponse(decodeResult: success, version: HTTP/1.1)
HTTP/1.1 200 OK
Content-Type: application/json; charset=utf-8
cache-control: no-cache
content-length: 88

10:08:19.260 [AsyncHttpClient-1-2] DEBUG o.a.netty.channel.ChannelManager - Adding key: http://localhost:65348 for channel [id: 0x8dfc1682, L:/127.0.0.1:59887 - R:localhost/127.0.0.1:65348]
10:08:19.263 [Forwarding isElementDisplayed on session bad7d2e6afc387d41ff8f34d598858d5 to remote] DEBUG o.a.netty.request.NettyRequestSender - Using pooled Channel '[id: 0x8dfc1682, L:/127.0.0.1:59887 - R:localhost/127.0.0.1:65348]' for 'POST' to 'http://localhost:65348/session/bad7d2e6afc387d41ff8f34d598858d5/execute/sync'
10:08:19.263 [Forwarding isElementDisplayed on session bad7d2e6afc387d41ff8f34d598858d5 to remote] DEBUG o.a.netty.request.NettyRequestSender - Using open Channel [id: 0x8dfc1682, L:/127.0.0.1:59887 - R:localhost/127.0.0.1:65348] for POST '/session/bad7d2e6afc387d41ff8f34d598858d5/execute/sync'
10:08:19.271 [AsyncHttpClient-1-2] DEBUG o.a.netty.handler.HttpHandler - 

Request DefaultHttpRequest(decodeResult: success, version: HTTP/1.1)
POST /session/bad7d2e6afc387d41ff8f34d598858d5/execute/sync HTTP/1.1
User-Agent: selenium/4.1.2 (java windows)
Content-Length: 48780
Content-Type: application/json; charset=utf-8
host: localhost:65348
accept: */*

Response DefaultHttpResponse(decodeResult: success, version: HTTP/1.1)
HTTP/1.1 200 OK
Content-Type: application/json; charset=utf-8
cache-control: no-cache
content-length: 15

10:08:19.271 [AsyncHttpClient-1-2] DEBUG o.a.netty.channel.ChannelManager - Adding key: http://localhost:65348 for channel [id: 0x8dfc1682, L:/127.0.0.1:59887 - R:localhost/127.0.0.1:65348]
10:08:19.510 [AsyncHttpClient-1-1] DEBUG o.a.netty.channel.DefaultChannelPool - Entry count for : http://localhost:59889 : 1
10:08:19.510 [AsyncHttpClient-1-1] DEBUG o.a.netty.channel.DefaultChannelPool - Entry count for : http://localhost:65348 : 1
10:08:19.776 [Forwarding findElement on session bad7d2e6afc387d41ff8f34d598858d5 to remote] DEBUG o.a.netty.request.NettyRequestSender - Using pooled Channel '[id: 0x8dfc1682, L:/127.0.0.1:59887 - R:localhost/127.0.0.1:65348]' for 'POST' to 'http://localhost:65348/session/bad7d2e6afc387d41ff8f34d598858d5/element'
10:08:19.776 [Forwarding findElement on session bad7d2e6afc387d41ff8f34d598858d5 to remote] DEBUG o.a.netty.request.NettyRequestSender - Using open Channel [id: 0x8dfc1682, L:/127.0.0.1:59887 - R:localhost/127.0.0.1:65348] for POST '/session/bad7d2e6afc387d41ff8f34d598858d5/element'
10:08:19.782 [AsyncHttpClient-1-2] DEBUG o.a.netty.handler.HttpHandler - 

Request DefaultHttpRequest(decodeResult: success, version: HTTP/1.1)
POST /session/bad7d2e6afc387d41ff8f34d598858d5/element HTTP/1.1
User-Agent: selenium/4.1.2 (java windows)
Content-Length: 75
Content-Type: application/json; charset=utf-8
host: localhost:65348
accept: */*

Response DefaultHttpResponse(decodeResult: success, version: HTTP/1.1)
HTTP/1.1 200 OK
Content-Type: application/json; charset=utf-8
cache-control: no-cache
content-length: 88

10:08:19.782 [AsyncHttpClient-1-2] DEBUG o.a.netty.channel.ChannelManager - Adding key: http://localhost:65348 for channel [id: 0x8dfc1682, L:/127.0.0.1:59887 - R:localhost/127.0.0.1:65348]
10:08:19.785 [Forwarding isElementDisplayed on session bad7d2e6afc387d41ff8f34d598858d5 to remote] DEBUG o.a.netty.request.NettyRequestSender - Using pooled Channel '[id: 0x8dfc1682, L:/127.0.0.1:59887 - R:localhost/127.0.0.1:65348]' for 'POST' to 'http://localhost:65348/session/bad7d2e6afc387d41ff8f34d598858d5/execute/sync'
10:08:19.785 [Forwarding isElementDisplayed on session bad7d2e6afc387d41ff8f34d598858d5 to remote] DEBUG o.a.netty.request.NettyRequestSender - Using open Channel [id: 0x8dfc1682, L:/127.0.0.1:59887 - R:localhost/127.0.0.1:65348] for POST '/session/bad7d2e6afc387d41ff8f34d598858d5/execute/sync'
10:08:19.791 [AsyncHttpClient-1-2] DEBUG o.a.netty.handler.HttpHandler - 

Request DefaultHttpRequest(decodeResult: success, version: HTTP/1.1)
POST /session/bad7d2e6afc387d41ff8f34d598858d5/execute/sync HTTP/1.1
User-Agent: selenium/4.1.2 (java windows)
Content-Length: 48780
Content-Type: application/json; charset=utf-8
host: localhost:65348
accept: */*

Response DefaultHttpResponse(decodeResult: success, version: HTTP/1.1)
HTTP/1.1 200 OK
Content-Type: application/json; charset=utf-8
cache-control: no-cache
content-length: 14

10:08:19.791 [AsyncHttpClient-1-2] DEBUG o.a.netty.channel.ChannelManager - Adding key: http://localhost:65348 for channel [id: 0x8dfc1682, L:/127.0.0.1:59887 - R:localhost/127.0.0.1:65348]
10:08:19.792 [Forwarding getElementText on session bad7d2e6afc387d41ff8f34d598858d5 to remote] DEBUG o.a.netty.request.NettyRequestSender - Using pooled Channel '[id: 0x8dfc1682, L:/127.0.0.1:59887 - R:localhost/127.0.0.1:65348]' for 'GET' to 'http://localhost:65348/session/bad7d2e6afc387d41ff8f34d598858d5/element/bc8b9cda-918d-4d15-8f33-52b5f10cf2b4/text'
10:08:19.792 [Forwarding getElementText on session bad7d2e6afc387d41ff8f34d598858d5 to remote] DEBUG o.a.netty.request.NettyRequestSender - Using open Channel [id: 0x8dfc1682, L:/127.0.0.1:59887 - R:localhost/127.0.0.1:65348] for GET '/session/bad7d2e6afc387d41ff8f34d598858d5/element/bc8b9cda-918d-4d15-8f33-52b5f10cf2b4/text'
10:08:19.802 [AsyncHttpClient-1-2] DEBUG o.a.netty.handler.HttpHandler - 

Request DefaultFullHttpRequest(decodeResult: success, version: HTTP/1.1, content: EmptyByteBufBE)
GET /session/bad7d2e6afc387d41ff8f34d598858d5/element/bc8b9cda-918d-4d15-8f33-52b5f10cf2b4/text HTTP/1.1
User-Agent: selenium/4.1.2 (java windows)
Cache-Control: no-cache
Content-Type: application/json; charset=utf-8
host: localhost:65348
accept: */*

Response DefaultHttpResponse(decodeResult: success, version: HTTP/1.1)
HTTP/1.1 200 OK
Content-Type: application/json; charset=utf-8
cache-control: no-cache
content-length: 59

10:08:19.802 [AsyncHttpClient-1-2] DEBUG o.a.netty.channel.ChannelManager - Adding key: http://localhost:65348 for channel [id: 0x8dfc1682, L:/127.0.0.1:59887 - R:localhost/127.0.0.1:65348]
10:08:20.603 [AsyncHttpClient-1-1] DEBUG o.a.netty.channel.DefaultChannelPool - Entry count for : http://localhost:59889 : 1
10:08:20.603 [AsyncHttpClient-1-1] DEBUG o.a.netty.channel.DefaultChannelPool - Entry count for : http://localhost:65348 : 1
10:08:21.698 [AsyncHttpClient-1-1] DEBUG o.a.netty.channel.DefaultChannelPool - Entry count for : http://localhost:59889 : 1
10:08:21.698 [AsyncHttpClient-1-1] DEBUG o.a.netty.channel.DefaultChannelPool - Entry count for : http://localhost:65348 : 1
10:08:22.811 [AsyncHttpClient-1-1] DEBUG o.a.netty.channel.DefaultChannelPool - Entry count for : http://localhost:59889 : 1
10:08:22.811 [AsyncHttpClient-1-1] DEBUG o.a.netty.channel.DefaultChannelPool - Entry count for : http://localhost:65348 : 1
10:08:23.810 [main] DEBUG com.pages.LoginPage - enterUserCredentails: username = '' | password = '' 
10:08:23.810 [Forwarding findElement on session bad7d2e6afc387d41ff8f34d598858d5 to remote] DEBUG o.a.netty.request.NettyRequestSender - Using pooled Channel '[id: 0x8dfc1682, L:/127.0.0.1:59887 - R:localhost/127.0.0.1:65348]' for 'POST' to 'http://localhost:65348/session/bad7d2e6afc387d41ff8f34d598858d5/element'
10:08:23.811 [Forwarding findElement on session bad7d2e6afc387d41ff8f34d598858d5 to remote] DEBUG o.a.netty.request.NettyRequestSender - Using open Channel [id: 0x8dfc1682, L:/127.0.0.1:59887 - R:localhost/127.0.0.1:65348] for POST '/session/bad7d2e6afc387d41ff8f34d598858d5/element'
10:08:23.815 [AsyncHttpClient-1-2] DEBUG o.a.netty.handler.HttpHandler - 

Request DefaultHttpRequest(decodeResult: success, version: HTTP/1.1)
POST /session/bad7d2e6afc387d41ff8f34d598858d5/element HTTP/1.1
User-Agent: selenium/4.1.2 (java windows)
Content-Length: 128
Content-Type: application/json; charset=utf-8
host: localhost:65348
accept: */*

Response DefaultHttpResponse(decodeResult: success, version: HTTP/1.1)
HTTP/1.1 200 OK
Content-Type: application/json; charset=utf-8
cache-control: no-cache
content-length: 88

10:08:23.815 [AsyncHttpClient-1-2] DEBUG o.a.netty.channel.ChannelManager - Adding key: http://localhost:65348 for channel [id: 0x8dfc1682, L:/127.0.0.1:59887 - R:localhost/127.0.0.1:65348]
10:08:23.816 [Forwarding sendKeysToElement on session bad7d2e6afc387d41ff8f34d598858d5 to remote] DEBUG o.a.netty.request.NettyRequestSender - Using pooled Channel '[id: 0x8dfc1682, L:/127.0.0.1:59887 - R:localhost/127.0.0.1:65348]' for 'POST' to 'http://localhost:65348/session/bad7d2e6afc387d41ff8f34d598858d5/element/89b7b492-56b0-4820-bf54-b86fe714bd14/value'
10:08:23.816 [Forwarding sendKeysToElement on session bad7d2e6afc387d41ff8f34d598858d5 to remote] DEBUG o.a.netty.request.NettyRequestSender - Using open Channel [id: 0x8dfc1682, L:/127.0.0.1:59887 - R:localhost/127.0.0.1:65348] for POST '/session/bad7d2e6afc387d41ff8f34d598858d5/element/89b7b492-56b0-4820-bf54-b86fe714bd14/value'
10:08:23.829 [AsyncHttpClient-1-2] DEBUG o.a.netty.handler.HttpHandler - 

Request DefaultHttpRequest(decodeResult: success, version: HTTP/1.1)
POST /session/bad7d2e6afc387d41ff8f34d598858d5/element/89b7b492-56b0-4820-bf54-b86fe714bd14/value HTTP/1.1
User-Agent: selenium/4.1.2 (java windows)
Content-Length: 82
Content-Type: application/json; charset=utf-8
host: localhost:65348
accept: */*

Response DefaultHttpResponse(decodeResult: success, version: HTTP/1.1)
HTTP/1.1 200 OK
Content-Type: application/json; charset=utf-8
cache-control: no-cache
content-length: 14

10:08:23.829 [AsyncHttpClient-1-2] DEBUG o.a.netty.channel.ChannelManager - Adding key: http://localhost:65348 for channel [id: 0x8dfc1682, L:/127.0.0.1:59887 - R:localhost/127.0.0.1:65348]
10:08:23.830 [Forwarding findElement on session bad7d2e6afc387d41ff8f34d598858d5 to remote] DEBUG o.a.netty.request.NettyRequestSender - Using pooled Channel '[id: 0x8dfc1682, L:/127.0.0.1:59887 - R:localhost/127.0.0.1:65348]' for 'POST' to 'http://localhost:65348/session/bad7d2e6afc387d41ff8f34d598858d5/element'
10:08:23.830 [Forwarding findElement on session bad7d2e6afc387d41ff8f34d598858d5 to remote] DEBUG o.a.netty.request.NettyRequestSender - Using open Channel [id: 0x8dfc1682, L:/127.0.0.1:59887 - R:localhost/127.0.0.1:65348] for POST '/session/bad7d2e6afc387d41ff8f34d598858d5/element'
10:08:23.834 [AsyncHttpClient-1-2] DEBUG o.a.netty.handler.HttpHandler - 

Request DefaultHttpRequest(decodeResult: success, version: HTTP/1.1)
POST /session/bad7d2e6afc387d41ff8f34d598858d5/element HTTP/1.1
User-Agent: selenium/4.1.2 (java windows)
Content-Length: 132
Content-Type: application/json; charset=utf-8
host: localhost:65348
accept: */*

Response DefaultHttpResponse(decodeResult: success, version: HTTP/1.1)
HTTP/1.1 200 OK
Content-Type: application/json; charset=utf-8
cache-control: no-cache
content-length: 88

10:08:23.834 [AsyncHttpClient-1-2] DEBUG o.a.netty.channel.ChannelManager - Adding key: http://localhost:65348 for channel [id: 0x8dfc1682, L:/127.0.0.1:59887 - R:localhost/127.0.0.1:65348]
10:08:23.835 [Forwarding sendKeysToElement on session bad7d2e6afc387d41ff8f34d598858d5 to remote] DEBUG o.a.netty.request.NettyRequestSender - Using pooled Channel '[id: 0x8dfc1682, L:/127.0.0.1:59887 - R:localhost/127.0.0.1:65348]' for 'POST' to 'http://localhost:65348/session/bad7d2e6afc387d41ff8f34d598858d5/element/d7c3550e-28df-4aca-badd-cfc673157ba3/value'
10:08:23.835 [Forwarding sendKeysToElement on session bad7d2e6afc387d41ff8f34d598858d5 to remote] DEBUG o.a.netty.request.NettyRequestSender - Using open Channel [id: 0x8dfc1682, L:/127.0.0.1:59887 - R:localhost/127.0.0.1:65348] for POST '/session/bad7d2e6afc387d41ff8f34d598858d5/element/d7c3550e-28df-4aca-badd-cfc673157ba3/value'
10:08:23.860 [AsyncHttpClient-1-2] DEBUG o.a.netty.handler.HttpHandler - 

Request DefaultHttpRequest(decodeResult: success, version: HTTP/1.1)
POST /session/bad7d2e6afc387d41ff8f34d598858d5/element/d7c3550e-28df-4aca-badd-cfc673157ba3/value HTTP/1.1
User-Agent: selenium/4.1.2 (java windows)
Content-Length: 82
Content-Type: application/json; charset=utf-8
host: localhost:65348
accept: */*

Response DefaultHttpResponse(decodeResult: success, version: HTTP/1.1)
HTTP/1.1 200 OK
Content-Type: application/json; charset=utf-8
cache-control: no-cache
content-length: 14

10:08:23.861 [AsyncHttpClient-1-2] DEBUG o.a.netty.channel.ChannelManager - Adding key: http://localhost:65348 for channel [id: 0x8dfc1682, L:/127.0.0.1:59887 - R:localhost/127.0.0.1:65348]
10:08:23.862 [Forwarding findElement on session bad7d2e6afc387d41ff8f34d598858d5 to remote] DEBUG o.a.netty.request.NettyRequestSender - Using pooled Channel '[id: 0x8dfc1682, L:/127.0.0.1:59887 - R:localhost/127.0.0.1:65348]' for 'POST' to 'http://localhost:65348/session/bad7d2e6afc387d41ff8f34d598858d5/element'
10:08:23.862 [Forwarding findElement on session bad7d2e6afc387d41ff8f34d598858d5 to remote] DEBUG o.a.netty.request.NettyRequestSender - Using open Channel [id: 0x8dfc1682, L:/127.0.0.1:59887 - R:localhost/127.0.0.1:65348] for POST '/session/bad7d2e6afc387d41ff8f34d598858d5/element'
10:08:23.867 [AsyncHttpClient-1-2] DEBUG o.a.netty.handler.HttpHandler - 

Request DefaultHttpRequest(decodeResult: success, version: HTTP/1.1)
POST /session/bad7d2e6afc387d41ff8f34d598858d5/element HTTP/1.1
User-Agent: selenium/4.1.2 (java windows)
Content-Length: 125
Content-Type: application/json; charset=utf-8
host: localhost:65348
accept: */*

Response DefaultHttpResponse(decodeResult: success, version: HTTP/1.1)
HTTP/1.1 200 OK
Content-Type: application/json; charset=utf-8
cache-control: no-cache
content-length: 88

10:08:23.867 [AsyncHttpClient-1-2] DEBUG o.a.netty.channel.ChannelManager - Adding key: http://localhost:65348 for channel [id: 0x8dfc1682, L:/127.0.0.1:59887 - R:localhost/127.0.0.1:65348]
10:08:23.868 [Forwarding clickElement on session bad7d2e6afc387d41ff8f34d598858d5 to remote] DEBUG o.a.netty.request.NettyRequestSender - Using pooled Channel '[id: 0x8dfc1682, L:/127.0.0.1:59887 - R:localhost/127.0.0.1:65348]' for 'POST' to 'http://localhost:65348/session/bad7d2e6afc387d41ff8f34d598858d5/element/3a6a1b0e-a2dd-4de2-bd56-21119ca27fe0/click'
10:08:23.868 [Forwarding clickElement on session bad7d2e6afc387d41ff8f34d598858d5 to remote] DEBUG o.a.netty.request.NettyRequestSender - Using open Channel [id: 0x8dfc1682, L:/127.0.0.1:59887 - R:localhost/127.0.0.1:65348] for POST '/session/bad7d2e6afc387d41ff8f34d598858d5/element/3a6a1b0e-a2dd-4de2-bd56-21119ca27fe0/click'
10:08:23.905 [AsyncHttpClient-1-1] DEBUG o.a.netty.channel.DefaultChannelPool - Entry count for : http://localhost:59889 : 1
10:08:23.918 [AsyncHttpClient-1-2] DEBUG o.a.netty.handler.HttpHandler - 

Request DefaultHttpRequest(decodeResult: success, version: HTTP/1.1)
POST /session/bad7d2e6afc387d41ff8f34d598858d5/element/3a6a1b0e-a2dd-4de2-bd56-21119ca27fe0/click HTTP/1.1
User-Agent: selenium/4.1.2 (java windows)
Content-Length: 50
Content-Type: application/json; charset=utf-8
host: localhost:65348
accept: */*

Response DefaultHttpResponse(decodeResult: success, version: HTTP/1.1)
HTTP/1.1 200 OK
Content-Type: application/json; charset=utf-8
cache-control: no-cache
content-length: 14

10:08:23.919 [AsyncHttpClient-1-2] DEBUG o.a.netty.channel.ChannelManager - Adding key: http://localhost:65348 for channel [id: 0x8dfc1682, L:/127.0.0.1:59887 - R:localhost/127.0.0.1:65348]
10:08:23.919 [main] DEBUG com.pages.LoginPage - verifyErrorMessage: 'The information you entered was not recognized.' 
10:08:23.920 [Forwarding findElement on session bad7d2e6afc387d41ff8f34d598858d5 to remote] DEBUG o.a.netty.request.NettyRequestSender - Using pooled Channel '[id: 0x8dfc1682, L:/127.0.0.1:59887 - R:localhost/127.0.0.1:65348]' for 'POST' to 'http://localhost:65348/session/bad7d2e6afc387d41ff8f34d598858d5/element'
10:08:23.920 [Forwarding findElement on session bad7d2e6afc387d41ff8f34d598858d5 to remote] DEBUG o.a.netty.request.NettyRequestSender - Using open Channel [id: 0x8dfc1682, L:/127.0.0.1:59887 - R:localhost/127.0.0.1:65348] for POST '/session/bad7d2e6afc387d41ff8f34d598858d5/element'
10:08:23.928 [AsyncHttpClient-1-2] DEBUG o.a.netty.handler.HttpHandler - 

Request DefaultHttpRequest(decodeResult: success, version: HTTP/1.1)
POST /session/bad7d2e6afc387d41ff8f34d598858d5/element HTTP/1.1
User-Agent: selenium/4.1.2 (java windows)
Content-Length: 75
Content-Type: application/json; charset=utf-8
host: localhost:65348
accept: */*

Response DefaultHttpResponse(decodeResult: success, version: HTTP/1.1)
HTTP/1.1 200 OK
Content-Type: application/json; charset=utf-8
cache-control: no-cache
content-length: 88

10:08:23.928 [AsyncHttpClient-1-2] DEBUG o.a.netty.channel.ChannelManager - Adding key: http://localhost:65348 for channel [id: 0x8dfc1682, L:/127.0.0.1:59887 - R:localhost/127.0.0.1:65348]
10:08:23.931 [Forwarding isElementDisplayed on session bad7d2e6afc387d41ff8f34d598858d5 to remote] DEBUG o.a.netty.request.NettyRequestSender - Using pooled Channel '[id: 0x8dfc1682, L:/127.0.0.1:59887 - R:localhost/127.0.0.1:65348]' for 'POST' to 'http://localhost:65348/session/bad7d2e6afc387d41ff8f34d598858d5/execute/sync'
10:08:23.931 [Forwarding isElementDisplayed on session bad7d2e6afc387d41ff8f34d598858d5 to remote] DEBUG o.a.netty.request.NettyRequestSender - Using open Channel [id: 0x8dfc1682, L:/127.0.0.1:59887 - R:localhost/127.0.0.1:65348] for POST '/session/bad7d2e6afc387d41ff8f34d598858d5/execute/sync'
10:08:23.939 [AsyncHttpClient-1-2] DEBUG o.a.netty.handler.HttpHandler - 

Request DefaultHttpRequest(decodeResult: success, version: HTTP/1.1)
POST /session/bad7d2e6afc387d41ff8f34d598858d5/execute/sync HTTP/1.1
User-Agent: selenium/4.1.2 (java windows)
Content-Length: 48780
Content-Type: application/json; charset=utf-8
host: localhost:65348
accept: */*

Response DefaultHttpResponse(decodeResult: success, version: HTTP/1.1)
HTTP/1.1 200 OK
Content-Type: application/json; charset=utf-8
cache-control: no-cache
content-length: 15

10:08:23.939 [AsyncHttpClient-1-2] DEBUG o.a.netty.channel.ChannelManager - Adding key: http://localhost:65348 for channel [id: 0x8dfc1682, L:/127.0.0.1:59887 - R:localhost/127.0.0.1:65348]
10:08:24.455 [Forwarding findElement on session bad7d2e6afc387d41ff8f34d598858d5 to remote] DEBUG o.a.netty.request.NettyRequestSender - Using pooled Channel '[id: 0x8dfc1682, L:/127.0.0.1:59887 - R:localhost/127.0.0.1:65348]' for 'POST' to 'http://localhost:65348/session/bad7d2e6afc387d41ff8f34d598858d5/element'
10:08:24.455 [Forwarding findElement on session bad7d2e6afc387d41ff8f34d598858d5 to remote] DEBUG o.a.netty.request.NettyRequestSender - Using open Channel [id: 0x8dfc1682, L:/127.0.0.1:59887 - R:localhost/127.0.0.1:65348] for POST '/session/bad7d2e6afc387d41ff8f34d598858d5/element'
10:08:24.460 [AsyncHttpClient-1-2] DEBUG o.a.netty.handler.HttpHandler - 

Request DefaultHttpRequest(decodeResult: success, version: HTTP/1.1)
POST /session/bad7d2e6afc387d41ff8f34d598858d5/element HTTP/1.1
User-Agent: selenium/4.1.2 (java windows)
Content-Length: 75
Content-Type: application/json; charset=utf-8
host: localhost:65348
accept: */*

Response DefaultHttpResponse(decodeResult: success, version: HTTP/1.1)
HTTP/1.1 200 OK
Content-Type: application/json; charset=utf-8
cache-control: no-cache
content-length: 88

10:08:24.460 [AsyncHttpClient-1-2] DEBUG o.a.netty.channel.ChannelManager - Adding key: http://localhost:65348 for channel [id: 0x8dfc1682, L:/127.0.0.1:59887 - R:localhost/127.0.0.1:65348]
10:08:24.463 [Forwarding isElementDisplayed on session bad7d2e6afc387d41ff8f34d598858d5 to remote] DEBUG o.a.netty.request.NettyRequestSender - Using pooled Channel '[id: 0x8dfc1682, L:/127.0.0.1:59887 - R:localhost/127.0.0.1:65348]' for 'POST' to 'http://localhost:65348/session/bad7d2e6afc387d41ff8f34d598858d5/execute/sync'
10:08:24.463 [Forwarding isElementDisplayed on session bad7d2e6afc387d41ff8f34d598858d5 to remote] DEBUG o.a.netty.request.NettyRequestSender - Using open Channel [id: 0x8dfc1682, L:/127.0.0.1:59887 - R:localhost/127.0.0.1:65348] for POST '/session/bad7d2e6afc387d41ff8f34d598858d5/execute/sync'
10:08:24.469 [AsyncHttpClient-1-2] DEBUG o.a.netty.handler.HttpHandler - 

Request DefaultHttpRequest(decodeResult: success, version: HTTP/1.1)
POST /session/bad7d2e6afc387d41ff8f34d598858d5/execute/sync HTTP/1.1
User-Agent: selenium/4.1.2 (java windows)
Content-Length: 48780
Content-Type: application/json; charset=utf-8
host: localhost:65348
accept: */*

Response DefaultHttpResponse(decodeResult: success, version: HTTP/1.1)
HTTP/1.1 200 OK
Content-Type: application/json; charset=utf-8
cache-control: no-cache
content-length: 14

10:08:24.469 [AsyncHttpClient-1-2] DEBUG o.a.netty.channel.ChannelManager - Adding key: http://localhost:65348 for channel [id: 0x8dfc1682, L:/127.0.0.1:59887 - R:localhost/127.0.0.1:65348]
10:08:24.470 [Forwarding getElementText on session bad7d2e6afc387d41ff8f34d598858d5 to remote] DEBUG o.a.netty.request.NettyRequestSender - Using pooled Channel '[id: 0x8dfc1682, L:/127.0.0.1:59887 - R:localhost/127.0.0.1:65348]' for 'GET' to 'http://localhost:65348/session/bad7d2e6afc387d41ff8f34d598858d5/element/60a463ce-fab4-4e3e-a152-301d2106e7c4/text'
10:08:24.470 [Forwarding getElementText on session bad7d2e6afc387d41ff8f34d598858d5 to remote] DEBUG o.a.netty.request.NettyRequestSender - Using open Channel [id: 0x8dfc1682, L:/127.0.0.1:59887 - R:localhost/127.0.0.1:65348] for GET '/session/bad7d2e6afc387d41ff8f34d598858d5/element/60a463ce-fab4-4e3e-a152-301d2106e7c4/text'
10:08:24.477 [AsyncHttpClient-1-2] DEBUG o.a.netty.handler.HttpHandler - 

Request DefaultFullHttpRequest(decodeResult: success, version: HTTP/1.1, content: EmptyByteBufBE)
GET /session/bad7d2e6afc387d41ff8f34d598858d5/element/60a463ce-fab4-4e3e-a152-301d2106e7c4/text HTTP/1.1
User-Agent: selenium/4.1.2 (java windows)
Cache-Control: no-cache
Content-Type: application/json; charset=utf-8
host: localhost:65348
accept: */*

Response DefaultHttpResponse(decodeResult: success, version: HTTP/1.1)
HTTP/1.1 200 OK
Content-Type: application/json; charset=utf-8
cache-control: no-cache
content-length: 59

10:08:24.478 [AsyncHttpClient-1-2] DEBUG o.a.netty.channel.ChannelManager - Adding key: http://localhost:65348 for channel [id: 0x8dfc1682, L:/127.0.0.1:59887 - R:localhost/127.0.0.1:65348]
10:08:25.004 [AsyncHttpClient-1-1] DEBUG o.a.netty.channel.DefaultChannelPool - Entry count for : http://localhost:59889 : 1
10:08:25.004 [AsyncHttpClient-1-1] DEBUG o.a.netty.channel.DefaultChannelPool - Entry count for : http://localhost:65348 : 1
10:08:26.108 [AsyncHttpClient-1-1] DEBUG o.a.netty.channel.DefaultChannelPool - Entry count for : http://localhost:59889 : 1
10:08:26.108 [AsyncHttpClient-1-1] DEBUG o.a.netty.channel.DefaultChannelPool - Entry count for : http://localhost:65348 : 1
10:08:27.200 [AsyncHttpClient-1-1] DEBUG o.a.netty.channel.DefaultChannelPool - Entry count for : http://localhost:59889 : 1
10:08:27.200 [AsyncHttpClient-1-1] DEBUG o.a.netty.channel.DefaultChannelPool - Entry count for : http://localhost:65348 : 1
10:08:28.305 [AsyncHttpClient-1-1] DEBUG o.a.netty.channel.DefaultChannelPool - Entry count for : http://localhost:59889 : 1
10:08:28.305 [AsyncHttpClient-1-1] DEBUG o.a.netty.channel.DefaultChannelPool - Entry count for : http://localhost:65348 : 1
10:08:28.508 [main] DEBUG com.pages.LoginPage - enterUserCredentails: username = '' | password = '' 
10:08:28.508 [Forwarding findElement on session bad7d2e6afc387d41ff8f34d598858d5 to remote] DEBUG o.a.netty.request.NettyRequestSender - Using pooled Channel '[id: 0x8dfc1682, L:/127.0.0.1:59887 - R:localhost/127.0.0.1:65348]' for 'POST' to 'http://localhost:65348/session/bad7d2e6afc387d41ff8f34d598858d5/element'
10:08:28.508 [Forwarding findElement on session bad7d2e6afc387d41ff8f34d598858d5 to remote] DEBUG o.a.netty.request.NettyRequestSender - Using open Channel [id: 0x8dfc1682, L:/127.0.0.1:59887 - R:localhost/127.0.0.1:65348] for POST '/session/bad7d2e6afc387d41ff8f34d598858d5/element'
10:08:28.513 [AsyncHttpClient-1-2] DEBUG o.a.netty.handler.HttpHandler - 

Request DefaultHttpRequest(decodeResult: success, version: HTTP/1.1)
POST /session/bad7d2e6afc387d41ff8f34d598858d5/element HTTP/1.1
User-Agent: selenium/4.1.2 (java windows)
Content-Length: 128
Content-Type: application/json; charset=utf-8
host: localhost:65348
accept: */*

Response DefaultHttpResponse(decodeResult: success, version: HTTP/1.1)
HTTP/1.1 200 OK
Content-Type: application/json; charset=utf-8
cache-control: no-cache
content-length: 88

10:08:28.513 [AsyncHttpClient-1-2] DEBUG o.a.netty.channel.ChannelManager - Adding key: http://localhost:65348 for channel [id: 0x8dfc1682, L:/127.0.0.1:59887 - R:localhost/127.0.0.1:65348]
10:08:28.514 [Forwarding sendKeysToElement on session bad7d2e6afc387d41ff8f34d598858d5 to remote] DEBUG o.a.netty.request.NettyRequestSender - Using pooled Channel '[id: 0x8dfc1682, L:/127.0.0.1:59887 - R:localhost/127.0.0.1:65348]' for 'POST' to 'http://localhost:65348/session/bad7d2e6afc387d41ff8f34d598858d5/element/1d16986e-7b8e-4a8d-bd58-bee79dbc29c8/value'
10:08:28.514 [Forwarding sendKeysToElement on session bad7d2e6afc387d41ff8f34d598858d5 to remote] DEBUG o.a.netty.request.NettyRequestSender - Using open Channel [id: 0x8dfc1682, L:/127.0.0.1:59887 - R:localhost/127.0.0.1:65348] for POST '/session/bad7d2e6afc387d41ff8f34d598858d5/element/1d16986e-7b8e-4a8d-bd58-bee79dbc29c8/value'
10:08:28.526 [AsyncHttpClient-1-2] DEBUG o.a.netty.handler.HttpHandler - 

Request DefaultHttpRequest(decodeResult: success, version: HTTP/1.1)
POST /session/bad7d2e6afc387d41ff8f34d598858d5/element/1d16986e-7b8e-4a8d-bd58-bee79dbc29c8/value HTTP/1.1
User-Agent: selenium/4.1.2 (java windows)
Content-Length: 82
Content-Type: application/json; charset=utf-8
host: localhost:65348
accept: */*

Response DefaultHttpResponse(decodeResult: success, version: HTTP/1.1)
HTTP/1.1 200 OK
Content-Type: application/json; charset=utf-8
cache-control: no-cache
content-length: 14

10:08:28.526 [AsyncHttpClient-1-2] DEBUG o.a.netty.channel.ChannelManager - Adding key: http://localhost:65348 for channel [id: 0x8dfc1682, L:/127.0.0.1:59887 - R:localhost/127.0.0.1:65348]
10:08:28.527 [Forwarding findElement on session bad7d2e6afc387d41ff8f34d598858d5 to remote] DEBUG o.a.netty.request.NettyRequestSender - Using pooled Channel '[id: 0x8dfc1682, L:/127.0.0.1:59887 - R:localhost/127.0.0.1:65348]' for 'POST' to 'http://localhost:65348/session/bad7d2e6afc387d41ff8f34d598858d5/element'
10:08:28.527 [Forwarding findElement on session bad7d2e6afc387d41ff8f34d598858d5 to remote] DEBUG o.a.netty.request.NettyRequestSender - Using open Channel [id: 0x8dfc1682, L:/127.0.0.1:59887 - R:localhost/127.0.0.1:65348] for POST '/session/bad7d2e6afc387d41ff8f34d598858d5/element'
10:08:28.531 [AsyncHttpClient-1-2] DEBUG o.a.netty.handler.HttpHandler - 

Request DefaultHttpRequest(decodeResult: success, version: HTTP/1.1)
POST /session/bad7d2e6afc387d41ff8f34d598858d5/element HTTP/1.1
User-Agent: selenium/4.1.2 (java windows)
Content-Length: 132
Content-Type: application/json; charset=utf-8
host: localhost:65348
accept: */*

Response DefaultHttpResponse(decodeResult: success, version: HTTP/1.1)
HTTP/1.1 200 OK
Content-Type: application/json; charset=utf-8
cache-control: no-cache
content-length: 88

10:08:28.531 [AsyncHttpClient-1-2] DEBUG o.a.netty.channel.ChannelManager - Adding key: http://localhost:65348 for channel [id: 0x8dfc1682, L:/127.0.0.1:59887 - R:localhost/127.0.0.1:65348]
10:08:28.532 [Forwarding sendKeysToElement on session bad7d2e6afc387d41ff8f34d598858d5 to remote] DEBUG o.a.netty.request.NettyRequestSender - Using pooled Channel '[id: 0x8dfc1682, L:/127.0.0.1:59887 - R:localhost/127.0.0.1:65348]' for 'POST' to 'http://localhost:65348/session/bad7d2e6afc387d41ff8f34d598858d5/element/0b7a6010-d217-4187-b281-49108220c8d7/value'
10:08:28.532 [Forwarding sendKeysToElement on session bad7d2e6afc387d41ff8f34d598858d5 to remote] DEBUG o.a.netty.request.NettyRequestSender - Using open Channel [id: 0x8dfc1682, L:/127.0.0.1:59887 - R:localhost/127.0.0.1:65348] for POST '/session/bad7d2e6afc387d41ff8f34d598858d5/element/0b7a6010-d217-4187-b281-49108220c8d7/value'
10:08:28.557 [AsyncHttpClient-1-2] DEBUG o.a.netty.handler.HttpHandler - 

Request DefaultHttpRequest(decodeResult: success, version: HTTP/1.1)
POST /session/bad7d2e6afc387d41ff8f34d598858d5/element/0b7a6010-d217-4187-b281-49108220c8d7/value HTTP/1.1
User-Agent: selenium/4.1.2 (java windows)
Content-Length: 82
Content-Type: application/json; charset=utf-8
host: localhost:65348
accept: */*

Response DefaultHttpResponse(decodeResult: success, version: HTTP/1.1)
HTTP/1.1 200 OK
Content-Type: application/json; charset=utf-8
cache-control: no-cache
content-length: 14

10:08:28.557 [AsyncHttpClient-1-2] DEBUG o.a.netty.channel.ChannelManager - Adding key: http://localhost:65348 for channel [id: 0x8dfc1682, L:/127.0.0.1:59887 - R:localhost/127.0.0.1:65348]
10:08:28.558 [Forwarding findElement on session bad7d2e6afc387d41ff8f34d598858d5 to remote] DEBUG o.a.netty.request.NettyRequestSender - Using pooled Channel '[id: 0x8dfc1682, L:/127.0.0.1:59887 - R:localhost/127.0.0.1:65348]' for 'POST' to 'http://localhost:65348/session/bad7d2e6afc387d41ff8f34d598858d5/element'
10:08:28.559 [Forwarding findElement on session bad7d2e6afc387d41ff8f34d598858d5 to remote] DEBUG o.a.netty.request.NettyRequestSender - Using open Channel [id: 0x8dfc1682, L:/127.0.0.1:59887 - R:localhost/127.0.0.1:65348] for POST '/session/bad7d2e6afc387d41ff8f34d598858d5/element'
10:08:28.563 [AsyncHttpClient-1-2] DEBUG o.a.netty.handler.HttpHandler - 

Request DefaultHttpRequest(decodeResult: success, version: HTTP/1.1)
POST /session/bad7d2e6afc387d41ff8f34d598858d5/element HTTP/1.1
User-Agent: selenium/4.1.2 (java windows)
Content-Length: 125
Content-Type: application/json; charset=utf-8
host: localhost:65348
accept: */*

Response DefaultHttpResponse(decodeResult: success, version: HTTP/1.1)
HTTP/1.1 200 OK
Content-Type: application/json; charset=utf-8
cache-control: no-cache
content-length: 88

10:08:28.564 [AsyncHttpClient-1-2] DEBUG o.a.netty.channel.ChannelManager - Adding key: http://localhost:65348 for channel [id: 0x8dfc1682, L:/127.0.0.1:59887 - R:localhost/127.0.0.1:65348]
10:08:28.565 [Forwarding clickElement on session bad7d2e6afc387d41ff8f34d598858d5 to remote] DEBUG o.a.netty.request.NettyRequestSender - Using pooled Channel '[id: 0x8dfc1682, L:/127.0.0.1:59887 - R:localhost/127.0.0.1:65348]' for 'POST' to 'http://localhost:65348/session/bad7d2e6afc387d41ff8f34d598858d5/element/93287dd6-0aaa-41fb-8158-3a8d0c1b9826/click'
10:08:28.565 [Forwarding clickElement on session bad7d2e6afc387d41ff8f34d598858d5 to remote] DEBUG o.a.netty.request.NettyRequestSender - Using open Channel [id: 0x8dfc1682, L:/127.0.0.1:59887 - R:localhost/127.0.0.1:65348] for POST '/session/bad7d2e6afc387d41ff8f34d598858d5/element/93287dd6-0aaa-41fb-8158-3a8d0c1b9826/click'
10:08:28.617 [AsyncHttpClient-1-2] DEBUG o.a.netty.handler.HttpHandler - 

Request DefaultHttpRequest(decodeResult: success, version: HTTP/1.1)
POST /session/bad7d2e6afc387d41ff8f34d598858d5/element/93287dd6-0aaa-41fb-8158-3a8d0c1b9826/click HTTP/1.1
User-Agent: selenium/4.1.2 (java windows)
Content-Length: 50
Content-Type: application/json; charset=utf-8
host: localhost:65348
accept: */*

Response DefaultHttpResponse(decodeResult: success, version: HTTP/1.1)
HTTP/1.1 200 OK
Content-Type: application/json; charset=utf-8
cache-control: no-cache
content-length: 14

10:08:28.617 [AsyncHttpClient-1-2] DEBUG o.a.netty.channel.ChannelManager - Adding key: http://localhost:65348 for channel [id: 0x8dfc1682, L:/127.0.0.1:59887 - R:localhost/127.0.0.1:65348]
10:08:28.618 [main] DEBUG com.pages.LoginPage - verifyErrorMessage: 'The information you entered was not recognized.' 
10:08:28.618 [Forwarding findElement on session bad7d2e6afc387d41ff8f34d598858d5 to remote] DEBUG o.a.netty.request.NettyRequestSender - Using pooled Channel '[id: 0x8dfc1682, L:/127.0.0.1:59887 - R:localhost/127.0.0.1:65348]' for 'POST' to 'http://localhost:65348/session/bad7d2e6afc387d41ff8f34d598858d5/element'
10:08:28.618 [Forwarding findElement on session bad7d2e6afc387d41ff8f34d598858d5 to remote] DEBUG o.a.netty.request.NettyRequestSender - Using open Channel [id: 0x8dfc1682, L:/127.0.0.1:59887 - R:localhost/127.0.0.1:65348] for POST '/session/bad7d2e6afc387d41ff8f34d598858d5/element'
10:08:28.626 [AsyncHttpClient-1-2] DEBUG o.a.netty.handler.HttpHandler - 

Request DefaultHttpRequest(decodeResult: success, version: HTTP/1.1)
POST /session/bad7d2e6afc387d41ff8f34d598858d5/element HTTP/1.1
User-Agent: selenium/4.1.2 (java windows)
Content-Length: 75
Content-Type: application/json; charset=utf-8
host: localhost:65348
accept: */*

Response DefaultHttpResponse(decodeResult: success, version: HTTP/1.1)
HTTP/1.1 200 OK
Content-Type: application/json; charset=utf-8
cache-control: no-cache
content-length: 88

10:08:28.627 [AsyncHttpClient-1-2] DEBUG o.a.netty.channel.ChannelManager - Adding key: http://localhost:65348 for channel [id: 0x8dfc1682, L:/127.0.0.1:59887 - R:localhost/127.0.0.1:65348]
10:08:28.630 [Forwarding isElementDisplayed on session bad7d2e6afc387d41ff8f34d598858d5 to remote] DEBUG o.a.netty.request.NettyRequestSender - Using pooled Channel '[id: 0x8dfc1682, L:/127.0.0.1:59887 - R:localhost/127.0.0.1:65348]' for 'POST' to 'http://localhost:65348/session/bad7d2e6afc387d41ff8f34d598858d5/execute/sync'
10:08:28.630 [Forwarding isElementDisplayed on session bad7d2e6afc387d41ff8f34d598858d5 to remote] DEBUG o.a.netty.request.NettyRequestSender - Using open Channel [id: 0x8dfc1682, L:/127.0.0.1:59887 - R:localhost/127.0.0.1:65348] for POST '/session/bad7d2e6afc387d41ff8f34d598858d5/execute/sync'
10:08:28.638 [AsyncHttpClient-1-2] DEBUG o.a.netty.handler.HttpHandler - 

Request DefaultHttpRequest(decodeResult: success, version: HTTP/1.1)
POST /session/bad7d2e6afc387d41ff8f34d598858d5/execute/sync HTTP/1.1
User-Agent: selenium/4.1.2 (java windows)
Content-Length: 48780
Content-Type: application/json; charset=utf-8
host: localhost:65348
accept: */*

Response DefaultHttpResponse(decodeResult: success, version: HTTP/1.1)
HTTP/1.1 200 OK
Content-Type: application/json; charset=utf-8
cache-control: no-cache
content-length: 15

10:08:28.638 [AsyncHttpClient-1-2] DEBUG o.a.netty.channel.ChannelManager - Adding key: http://localhost:65348 for channel [id: 0x8dfc1682, L:/127.0.0.1:59887 - R:localhost/127.0.0.1:65348]
10:08:29.152 [Forwarding findElement on session bad7d2e6afc387d41ff8f34d598858d5 to remote] DEBUG o.a.netty.request.NettyRequestSender - Using pooled Channel '[id: 0x8dfc1682, L:/127.0.0.1:59887 - R:localhost/127.0.0.1:65348]' for 'POST' to 'http://localhost:65348/session/bad7d2e6afc387d41ff8f34d598858d5/element'
10:08:29.152 [Forwarding findElement on session bad7d2e6afc387d41ff8f34d598858d5 to remote] DEBUG o.a.netty.request.NettyRequestSender - Using open Channel [id: 0x8dfc1682, L:/127.0.0.1:59887 - R:localhost/127.0.0.1:65348] for POST '/session/bad7d2e6afc387d41ff8f34d598858d5/element'
10:08:29.156 [AsyncHttpClient-1-2] DEBUG o.a.netty.handler.HttpHandler - 

Request DefaultHttpRequest(decodeResult: success, version: HTTP/1.1)
POST /session/bad7d2e6afc387d41ff8f34d598858d5/element HTTP/1.1
User-Agent: selenium/4.1.2 (java windows)
Content-Length: 75
Content-Type: application/json; charset=utf-8
host: localhost:65348
accept: */*

Response DefaultHttpResponse(decodeResult: success, version: HTTP/1.1)
HTTP/1.1 200 OK
Content-Type: application/json; charset=utf-8
cache-control: no-cache
content-length: 88

10:08:29.157 [AsyncHttpClient-1-2] DEBUG o.a.netty.channel.ChannelManager - Adding key: http://localhost:65348 for channel [id: 0x8dfc1682, L:/127.0.0.1:59887 - R:localhost/127.0.0.1:65348]
10:08:29.159 [Forwarding isElementDisplayed on session bad7d2e6afc387d41ff8f34d598858d5 to remote] DEBUG o.a.netty.request.NettyRequestSender - Using pooled Channel '[id: 0x8dfc1682, L:/127.0.0.1:59887 - R:localhost/127.0.0.1:65348]' for 'POST' to 'http://localhost:65348/session/bad7d2e6afc387d41ff8f34d598858d5/execute/sync'
10:08:29.159 [Forwarding isElementDisplayed on session bad7d2e6afc387d41ff8f34d598858d5 to remote] DEBUG o.a.netty.request.NettyRequestSender - Using open Channel [id: 0x8dfc1682, L:/127.0.0.1:59887 - R:localhost/127.0.0.1:65348] for POST '/session/bad7d2e6afc387d41ff8f34d598858d5/execute/sync'
10:08:29.164 [AsyncHttpClient-1-2] DEBUG o.a.netty.handler.HttpHandler - 

Request DefaultHttpRequest(decodeResult: success, version: HTTP/1.1)
POST /session/bad7d2e6afc387d41ff8f34d598858d5/execute/sync HTTP/1.1
User-Agent: selenium/4.1.2 (java windows)
Content-Length: 48780
Content-Type: application/json; charset=utf-8
host: localhost:65348
accept: */*

Response DefaultHttpResponse(decodeResult: success, version: HTTP/1.1)
HTTP/1.1 200 OK
Content-Type: application/json; charset=utf-8
cache-control: no-cache
content-length: 14

10:08:29.165 [AsyncHttpClient-1-2] DEBUG o.a.netty.channel.ChannelManager - Adding key: http://localhost:65348 for channel [id: 0x8dfc1682, L:/127.0.0.1:59887 - R:localhost/127.0.0.1:65348]
10:08:29.165 [Forwarding getElementText on session bad7d2e6afc387d41ff8f34d598858d5 to remote] DEBUG o.a.netty.request.NettyRequestSender - Using pooled Channel '[id: 0x8dfc1682, L:/127.0.0.1:59887 - R:localhost/127.0.0.1:65348]' for 'GET' to 'http://localhost:65348/session/bad7d2e6afc387d41ff8f34d598858d5/element/c1514eb3-a723-4e1c-b7ad-9d7dc1906458/text'
10:08:29.165 [Forwarding getElementText on session bad7d2e6afc387d41ff8f34d598858d5 to remote] DEBUG o.a.netty.request.NettyRequestSender - Using open Channel [id: 0x8dfc1682, L:/127.0.0.1:59887 - R:localhost/127.0.0.1:65348] for GET '/session/bad7d2e6afc387d41ff8f34d598858d5/element/c1514eb3-a723-4e1c-b7ad-9d7dc1906458/text'
10:08:29.173 [AsyncHttpClient-1-2] DEBUG o.a.netty.handler.HttpHandler - 

Request DefaultFullHttpRequest(decodeResult: success, version: HTTP/1.1, content: EmptyByteBufBE)
GET /session/bad7d2e6afc387d41ff8f34d598858d5/element/c1514eb3-a723-4e1c-b7ad-9d7dc1906458/text HTTP/1.1
User-Agent: selenium/4.1.2 (java windows)
Cache-Control: no-cache
Content-Type: application/json; charset=utf-8
host: localhost:65348
accept: */*

Response DefaultHttpResponse(decodeResult: success, version: HTTP/1.1)
HTTP/1.1 200 OK
Content-Type: application/json; charset=utf-8
cache-control: no-cache
content-length: 59

10:08:29.173 [AsyncHttpClient-1-2] DEBUG o.a.netty.channel.ChannelManager - Adding key: http://localhost:65348 for channel [id: 0x8dfc1682, L:/127.0.0.1:59887 - R:localhost/127.0.0.1:65348]
10:08:29.402 [AsyncHttpClient-1-1] DEBUG o.a.netty.channel.DefaultChannelPool - Entry count for : http://localhost:59889 : 1
10:08:29.402 [AsyncHttpClient-1-1] DEBUG o.a.netty.channel.DefaultChannelPool - Entry count for : http://localhost:65348 : 1
10:08:30.503 [AsyncHttpClient-1-1] DEBUG o.a.netty.channel.DefaultChannelPool - Entry count for : http://localhost:59889 : 1
10:08:30.503 [AsyncHttpClient-1-1] DEBUG o.a.netty.channel.DefaultChannelPool - Entry count for : http://localhost:65348 : 1
  &amp#27;[32mWhen &amp#27;[0m&amp#27;[32muser login using invalid credentials form ExcelData with File &amp#27;[0m&amp#27;[32m&amp#27;[1m"InvalidUserCredentials"&amp#27;[0m&amp#27;[32m and SheetName &amp#27;[0m&amp#27;[32m&amp#27;[1m"InvalidUserCredentials"&amp#27;[0m &amp#27;[90m# stepdefinitions.LoginPageSteps.user_login_using_invalid_credentials_form_excel_data_with_file_and_sheet_name(java.lang.String,java.lang.String)&amp#27;[0m
10:08:31.180 [Forwarding getTitle on session bad7d2e6afc387d41ff8f34d598858d5 to remote] DEBUG o.a.netty.request.NettyRequestSender - Using pooled Channel '[id: 0x8dfc1682, L:/127.0.0.1:59887 - R:localhost/127.0.0.1:65348]' for 'GET' to 'http://localhost:65348/session/bad7d2e6afc387d41ff8f34d598858d5/title'
10:08:31.180 [Forwarding getTitle on session bad7d2e6afc387d41ff8f34d598858d5 to remote] DEBUG o.a.netty.request.NettyRequestSender - Using open Channel [id: 0x8dfc1682, L:/127.0.0.1:59887 - R:localhost/127.0.0.1:65348] for GET '/session/bad7d2e6afc387d41ff8f34d598858d5/title'
10:08:31.182 [AsyncHttpClient-1-2] DEBUG o.a.netty.handler.HttpHandler - 

Request DefaultFullHttpRequest(decodeResult: success, version: HTTP/1.1, content: EmptyByteBufBE)
GET /session/bad7d2e6afc387d41ff8f34d598858d5/title HTTP/1.1
User-Agent: selenium/4.1.2 (java windows)
Cache-Control: no-cache
Content-Type: application/json; charset=utf-8
host: localhost:65348
accept: */*

Response DefaultHttpResponse(decodeResult: success, version: HTTP/1.1)
HTTP/1.1 200 OK
Content-Type: application/json; charset=utf-8
cache-control: no-cache
content-length: 22

10:08:31.182 [AsyncHttpClient-1-2] DEBUG o.a.netty.channel.ChannelManager - Adding key: http://localhost:65348 for channel [id: 0x8dfc1682, L:/127.0.0.1:59887 - R:localhost/127.0.0.1:65348]
10:08:31.183 [main] DEBUG com.pages.LoginPage - verifyApplication: 'Login Page' 
10:08:31.183 [Forwarding getTitle on session bad7d2e6afc387d41ff8f34d598858d5 to remote] DEBUG o.a.netty.request.NettyRequestSender - Using pooled Channel '[id: 0x8dfc1682, L:/127.0.0.1:59887 - R:localhost/127.0.0.1:65348]' for 'GET' to 'http://localhost:65348/session/bad7d2e6afc387d41ff8f34d598858d5/title'
10:08:31.183 [Forwarding getTitle on session bad7d2e6afc387d41ff8f34d598858d5 to remote] DEBUG o.a.netty.request.NettyRequestSender - Using open Channel [id: 0x8dfc1682, L:/127.0.0.1:59887 - R:localhost/127.0.0.1:65348] for GET '/session/bad7d2e6afc387d41ff8f34d598858d5/title'
10:08:31.185 [AsyncHttpClient-1-2] DEBUG o.a.netty.handler.HttpHandler - 

Request DefaultFullHttpRequest(decodeResult: success, version: HTTP/1.1, content: EmptyByteBufBE)
GET /session/bad7d2e6afc387d41ff8f34d598858d5/title HTTP/1.1
User-Agent: selenium/4.1.2 (java windows)
Cache-Control: no-cache
Content-Type: application/json; charset=utf-8
host: localhost:65348
accept: */*

Response DefaultHttpResponse(decodeResult: success, version: HTTP/1.1)
HTTP/1.1 200 OK
Content-Type: application/json; charset=utf-8
cache-control: no-cache
content-length: 22

10:08:31.185 [AsyncHttpClient-1-2] DEBUG o.a.netty.channel.ChannelManager - Adding key: http://localhost:65348 for channel [id: 0x8dfc1682, L:/127.0.0.1:59887 - R:localhost/127.0.0.1:65348]
10:08:31.599 [AsyncHttpClient-1-1] DEBUG o.a.netty.channel.DefaultChannelPool - Entry count for : http://localhost:59889 : 1
10:08:31.599 [AsyncHttpClient-1-1] DEBUG o.a.netty.channel.DefaultChannelPool - Entry count for : http://localhost:65348 : 1
10:08:32.701 [AsyncHttpClient-1-1] DEBUG o.a.netty.channel.DefaultChannelPool - Entry count for : http://localhost:59889 : 1
10:08:32.701 [AsyncHttpClient-1-1] DEBUG o.a.netty.channel.DefaultChannelPool - Entry count for : http://localhost:65348 : 1
10:08:33.806 [AsyncHttpClient-1-1] DEBUG o.a.netty.channel.DefaultChannelPool - Entry count for : http://localhost:59889 : 1
10:08:33.806 [AsyncHttpClient-1-1] DEBUG o.a.netty.channel.DefaultChannelPool - Entry count for : http://localhost:65348 : 1
10:08:34.910 [AsyncHttpClient-1-1] DEBUG o.a.netty.channel.DefaultChannelPool - Entry count for : http://localhost:59889 : 1
10:08:34.910 [AsyncHttpClient-1-1] DEBUG o.a.netty.channel.DefaultChannelPool - Entry count for : http://localhost:65348 : 1
10:08:35.998 [AsyncHttpClient-1-1] DEBUG o.a.netty.channel.DefaultChannelPool - Entry count for : http://localhost:59889 : 1
10:08:35.998 [AsyncHttpClient-1-1] DEBUG o.a.netty.channel.DefaultChannelPool - Entry count for : http://localhost:65348 : 1
10:08:36.199 [main] DEBUG com.pages.LoginPage - verifyErrorMessage: 'The information you entered was not recognized.' 
10:08:36.199 [Forwarding findElement on session bad7d2e6afc387d41ff8f34d598858d5 to remote] DEBUG o.a.netty.request.NettyRequestSender - Using pooled Channel '[id: 0x8dfc1682, L:/127.0.0.1:59887 - R:localhost/127.0.0.1:65348]' for 'POST' to 'http://localhost:65348/session/bad7d2e6afc387d41ff8f34d598858d5/element'
10:08:36.199 [Forwarding findElement on session bad7d2e6afc387d41ff8f34d598858d5 to remote] DEBUG o.a.netty.request.NettyRequestSender - Using open Channel [id: 0x8dfc1682, L:/127.0.0.1:59887 - R:localhost/127.0.0.1:65348] for POST '/session/bad7d2e6afc387d41ff8f34d598858d5/element'
10:08:36.207 [AsyncHttpClient-1-2] DEBUG o.a.netty.handler.HttpHandler - 

Request DefaultHttpRequest(decodeResult: success, version: HTTP/1.1)
POST /session/bad7d2e6afc387d41ff8f34d598858d5/element HTTP/1.1
User-Agent: selenium/4.1.2 (java windows)
Content-Length: 75
Content-Type: application/json; charset=utf-8
host: localhost:65348
accept: */*

Response DefaultHttpResponse(decodeResult: success, version: HTTP/1.1)
HTTP/1.1 200 OK
Content-Type: application/json; charset=utf-8
cache-control: no-cache
content-length: 88

10:08:36.207 [AsyncHttpClient-1-2] DEBUG o.a.netty.channel.ChannelManager - Adding key: http://localhost:65348 for channel [id: 0x8dfc1682, L:/127.0.0.1:59887 - R:localhost/127.0.0.1:65348]
10:08:36.209 [Forwarding isElementDisplayed on session bad7d2e6afc387d41ff8f34d598858d5 to remote] DEBUG o.a.netty.request.NettyRequestSender - Using pooled Channel '[id: 0x8dfc1682, L:/127.0.0.1:59887 - R:localhost/127.0.0.1:65348]' for 'POST' to 'http://localhost:65348/session/bad7d2e6afc387d41ff8f34d598858d5/execute/sync'
10:08:36.209 [Forwarding isElementDisplayed on session bad7d2e6afc387d41ff8f34d598858d5 to remote] DEBUG o.a.netty.request.NettyRequestSender - Using open Channel [id: 0x8dfc1682, L:/127.0.0.1:59887 - R:localhost/127.0.0.1:65348] for POST '/session/bad7d2e6afc387d41ff8f34d598858d5/execute/sync'
10:08:36.217 [AsyncHttpClient-1-2] DEBUG o.a.netty.handler.HttpHandler - 

Request DefaultHttpRequest(decodeResult: success, version: HTTP/1.1)
POST /session/bad7d2e6afc387d41ff8f34d598858d5/execute/sync HTTP/1.1
User-Agent: selenium/4.1.2 (java windows)
Content-Length: 48780
Content-Type: application/json; charset=utf-8
host: localhost:65348
accept: */*

Response DefaultHttpResponse(decodeResult: success, version: HTTP/1.1)
HTTP/1.1 200 OK
Content-Type: application/json; charset=utf-8
cache-control: no-cache
content-length: 14

10:08:36.218 [AsyncHttpClient-1-2] DEBUG o.a.netty.channel.ChannelManager - Adding key: http://localhost:65348 for channel [id: 0x8dfc1682, L:/127.0.0.1:59887 - R:localhost/127.0.0.1:65348]
10:08:36.218 [Forwarding getElementText on session bad7d2e6afc387d41ff8f34d598858d5 to remote] DEBUG o.a.netty.request.NettyRequestSender - Using pooled Channel '[id: 0x8dfc1682, L:/127.0.0.1:59887 - R:localhost/127.0.0.1:65348]' for 'GET' to 'http://localhost:65348/session/bad7d2e6afc387d41ff8f34d598858d5/element/c1514eb3-a723-4e1c-b7ad-9d7dc1906458/text'
10:08:36.218 [Forwarding getElementText on session bad7d2e6afc387d41ff8f34d598858d5 to remote] DEBUG o.a.netty.request.NettyRequestSender - Using open Channel [id: 0x8dfc1682, L:/127.0.0.1:59887 - R:localhost/127.0.0.1:65348] for GET '/session/bad7d2e6afc387d41ff8f34d598858d5/element/c1514eb3-a723-4e1c-b7ad-9d7dc1906458/text'
10:08:36.226 [AsyncHttpClient-1-2] DEBUG o.a.netty.handler.HttpHandler - 

Request DefaultFullHttpRequest(decodeResult: success, version: HTTP/1.1, content: EmptyByteBufBE)
GET /session/bad7d2e6afc387d41ff8f34d598858d5/element/c1514eb3-a723-4e1c-b7ad-9d7dc1906458/text HTTP/1.1
User-Agent: selenium/4.1.2 (java windows)
Cache-Control: no-cache
Content-Type: application/json; charset=utf-8
host: localhost:65348
accept: */*

Response DefaultHttpResponse(decodeResult: success, version: HTTP/1.1)
HTTP/1.1 200 OK
Content-Type: application/json; charset=utf-8
cache-control: no-cache
content-length: 59

10:08:36.226 [AsyncHttpClient-1-2] DEBUG o.a.netty.channel.ChannelManager - Adding key: http://localhost:65348 for channel [id: 0x8dfc1682, L:/127.0.0.1:59887 - R:localhost/127.0.0.1:65348]
10:08:37.107 [AsyncHttpClient-1-1] DEBUG o.a.netty.channel.DefaultChannelPool - Entry count for : http://localhost:59889 : 1
10:08:37.107 [AsyncHttpClient-1-1] DEBUG o.a.netty.channel.DefaultChannelPool - Entry count for : http://localhost:65348 : 1
10:08:38.198 [AsyncHttpClient-1-1] DEBUG o.a.netty.channel.DefaultChannelPool - Entry count for : http://localhost:59889 : 1
10:08:38.198 [AsyncHttpClient-1-1] DEBUG o.a.netty.channel.DefaultChannelPool - Entry count for : http://localhost:65348 : 1
  &amp#27;[32mThen &amp#27;[0m&amp#27;[32muser should not proceed to Dashboard Page&amp#27;[0m                                                                                     &amp#27;[90m# stepdefinitions.LoginPageSteps.user_should_not_proceed_to_dashboard_page()&amp#27;[0m
10:08:38.230 [main] DEBUG com.pages.LoginPage - verifyErrorMessage: 'The information you entered was not recognized.' 
10:08:38.231 [Forwarding findElement on session bad7d2e6afc387d41ff8f34d598858d5 to remote] DEBUG o.a.netty.request.NettyRequestSender - Using pooled Channel '[id: 0x8dfc1682, L:/127.0.0.1:59887 - R:localhost/127.0.0.1:65348]' for 'POST' to 'http://localhost:65348/session/bad7d2e6afc387d41ff8f34d598858d5/element'
10:08:38.231 [Forwarding findElement on session bad7d2e6afc387d41ff8f34d598858d5 to remote] DEBUG o.a.netty.request.NettyRequestSender - Using open Channel [id: 0x8dfc1682, L:/127.0.0.1:59887 - R:localhost/127.0.0.1:65348] for POST '/session/bad7d2e6afc387d41ff8f34d598858d5/element'
10:08:38.235 [AsyncHttpClient-1-2] DEBUG o.a.netty.handler.HttpHandler - 

Request DefaultHttpRequest(decodeResult: success, version: HTTP/1.1)
POST /session/bad7d2e6afc387d41ff8f34d598858d5/element HTTP/1.1
User-Agent: selenium/4.1.2 (java windows)
Content-Length: 75
Content-Type: application/json; charset=utf-8
host: localhost:65348
accept: */*

Response DefaultHttpResponse(decodeResult: success, version: HTTP/1.1)
HTTP/1.1 200 OK
Content-Type: application/json; charset=utf-8
cache-control: no-cache
content-length: 88

10:08:38.235 [AsyncHttpClient-1-2] DEBUG o.a.netty.channel.ChannelManager - Adding key: http://localhost:65348 for channel [id: 0x8dfc1682, L:/127.0.0.1:59887 - R:localhost/127.0.0.1:65348]
10:08:38.241 [Forwarding isElementDisplayed on session bad7d2e6afc387d41ff8f34d598858d5 to remote] DEBUG o.a.netty.request.NettyRequestSender - Using pooled Channel '[id: 0x8dfc1682, L:/127.0.0.1:59887 - R:localhost/127.0.0.1:65348]' for 'POST' to 'http://localhost:65348/session/bad7d2e6afc387d41ff8f34d598858d5/execute/sync'
10:08:38.241 [Forwarding isElementDisplayed on session bad7d2e6afc387d41ff8f34d598858d5 to remote] DEBUG o.a.netty.request.NettyRequestSender - Using open Channel [id: 0x8dfc1682, L:/127.0.0.1:59887 - R:localhost/127.0.0.1:65348] for POST '/session/bad7d2e6afc387d41ff8f34d598858d5/execute/sync'
10:08:38.253 [AsyncHttpClient-1-2] DEBUG o.a.netty.handler.HttpHandler - 

Request DefaultHttpRequest(decodeResult: success, version: HTTP/1.1)
POST /session/bad7d2e6afc387d41ff8f34d598858d5/execute/sync HTTP/1.1
User-Agent: selenium/4.1.2 (java windows)
Content-Length: 48780
Content-Type: application/json; charset=utf-8
host: localhost:65348
accept: */*

Response DefaultHttpResponse(decodeResult: success, version: HTTP/1.1)
HTTP/1.1 200 OK
Content-Type: application/json; charset=utf-8
cache-control: no-cache
content-length: 14

10:08:38.253 [AsyncHttpClient-1-2] DEBUG o.a.netty.channel.ChannelManager - Adding key: http://localhost:65348 for channel [id: 0x8dfc1682, L:/127.0.0.1:59887 - R:localhost/127.0.0.1:65348]
10:08:38.254 [Forwarding getElementText on session bad7d2e6afc387d41ff8f34d598858d5 to remote] DEBUG o.a.netty.request.NettyRequestSender - Using pooled Channel '[id: 0x8dfc1682, L:/127.0.0.1:59887 - R:localhost/127.0.0.1:65348]' for 'GET' to 'http://localhost:65348/session/bad7d2e6afc387d41ff8f34d598858d5/element/c1514eb3-a723-4e1c-b7ad-9d7dc1906458/text'
10:08:38.254 [Forwarding getElementText on session bad7d2e6afc387d41ff8f34d598858d5 to remote] DEBUG o.a.netty.request.NettyRequestSender - Using open Channel [id: 0x8dfc1682, L:/127.0.0.1:59887 - R:localhost/127.0.0.1:65348] for GET '/session/bad7d2e6afc387d41ff8f34d598858d5/element/c1514eb3-a723-4e1c-b7ad-9d7dc1906458/text'
10:08:38.258 [AsyncHttpClient-1-2] DEBUG o.a.netty.handler.HttpHandler - 

Request DefaultFullHttpRequest(decodeResult: success, version: HTTP/1.1, content: EmptyByteBufBE)
GET /session/bad7d2e6afc387d41ff8f34d598858d5/element/c1514eb3-a723-4e1c-b7ad-9d7dc1906458/text HTTP/1.1
User-Agent: selenium/4.1.2 (java windows)
Cache-Control: no-cache
Content-Type: application/json; charset=utf-8
host: localhost:65348
accept: */*

Response DefaultHttpResponse(decodeResult: success, version: HTTP/1.1)
HTTP/1.1 200 OK
Content-Type: application/json; charset=utf-8
cache-control: no-cache
content-length: 59

10:08:38.258 [AsyncHttpClient-1-2] DEBUG o.a.netty.channel.ChannelManager - Adding key: http://localhost:65348 for channel [id: 0x8dfc1682, L:/127.0.0.1:59887 - R:localhost/127.0.0.1:65348]
10:08:39.304 [AsyncHttpClient-1-1] DEBUG o.a.netty.channel.DefaultChannelPool - Entry count for : http://localhost:59889 : 1
10:08:39.304 [AsyncHttpClient-1-1] DEBUG o.a.netty.channel.DefaultChannelPool - Entry count for : http://localhost:65348 : 1
  &amp#27;[32mThen &amp#27;[0m&amp#27;[32muser gets login failed error message&amp#27;[0m                                                                                          &amp#27;[90m# stepdefinitions.LoginPageSteps.user_gets_login_failed_error_message()&amp#27;[0m
10:08:40.275 [main] DEBUG com.pages.drivers.DriversFactory - close the browser
10:08:40.277 [Driver Command Executor] DEBUG o.a.netty.request.NettyRequestSender - Using pooled Channel '[id: 0x8dfc1682, L:/127.0.0.1:59887 - R:localhost/127.0.0.1:65348]' for 'DELETE' to 'http://localhost:65348/session/bad7d2e6afc387d41ff8f34d598858d5'
10:08:40.278 [Driver Command Executor] DEBUG o.a.netty.request.NettyRequestSender - Using open Channel [id: 0x8dfc1682, L:/127.0.0.1:59887 - R:localhost/127.0.0.1:65348] for DELETE '/session/bad7d2e6afc387d41ff8f34d598858d5'
10:08:40.278 [AsyncHttpClient-1-4] DEBUG o.a.netty.handler.WebSocketHandler - Channel Closed: [id: 0x1db82508, L:/127.0.0.1:59904 ! R:localhost/127.0.0.1:59889] with attribute NettyResponseFuture{currentRetry=5,
	isDone=1,
	isCancelled=0,
	asyncHandler=org.asynchttpclient.ws.WebSocketUpgradeHandler@dfa7bc3,
	nettyRequest=org.asynchttpclient.netty.request.NettyRequest@51d17525,
	future=java.util.concurrent.CompletableFuture@5bec98b4[Completed normally],
	uri=ws://localhost:59889/devtools/browser/247b5376-9e9c-4b55-a5f0-7e17349ec475,
	keepAlive=true,
	redirectCount=0,
	timeoutsHolder=null,
	inAuth=0,
	touch=1647828486026}
10:08:40.279 [AsyncHttpClient-1-4] DEBUG o.a.netty.channel.ChannelManager - Closing Channel [id: 0x1db82508, L:/127.0.0.1:59904 ! R:localhost/127.0.0.1:59889] 
10:08:40.411 [AsyncHttpClient-1-1] DEBUG o.a.netty.channel.DefaultChannelPool - Entry count for : http://localhost:59889 : 1
10:08:40.487 [AsyncHttpClient-1-3] DEBUG o.a.netty.handler.HttpHandler - Unexpected I/O exception on channel [id: 0x14ab0bf7, L:/127.0.0.1:59902 - R:localhost/127.0.0.1:59889]
java.net.SocketException: Connection reset
	at java.base/sun.nio.ch.SocketChannelImpl.throwConnectionReset(SocketChannelImpl.java:367) ~[na:na]
	at java.base/sun.nio.ch.SocketChannelImpl.read(SocketChannelImpl.java:398) ~[na:na]
	at io.netty.buffer.PooledByteBuf.setBytes(PooledByteBuf.java:253) ~[netty-buffer-4.1.70.Final.jar:4.1.70.Final]
	at io.netty.buffer.AbstractByteBuf.writeBytes(AbstractByteBuf.java:1132) ~[netty-buffer-4.1.70.Final.jar:4.1.70.Final]
	at io.netty.channel.socket.nio.NioSocketChannel.doReadBytes(NioSocketChannel.java:350) ~[netty-transport-4.1.70.Final.jar:4.1.70.Final]
	at io.netty.channel.nio.AbstractNioByteChannel$NioByteUnsafe.read(AbstractNioByteChannel.java:151) ~[netty-transport-4.1.70.Final.jar:4.1.70.Final]
	at io.netty.channel.nio.NioEventLoop.processSelectedKey(NioEventLoop.java:719) ~[netty-transport-4.1.70.Final.jar:4.1.70.Final]
	at io.netty.channel.nio.NioEventLoop.processSelectedKeysOptimized(NioEventLoop.java:655) ~[netty-transport-4.1.70.Final.jar:4.1.70.Final]
	at io.netty.channel.nio.NioEventLoop.processSelectedKeys(NioEventLoop.java:581) ~[netty-transport-4.1.70.Final.jar:4.1.70.Final]
	at io.netty.channel.nio.NioEventLoop.run(NioEventLoop.java:493) ~[netty-transport-4.1.70.Final.jar:4.1.70.Final]
	at io.netty.util.concurrent.SingleThreadEventExecutor$4.run(SingleThreadEventExecutor.java:986) ~[netty-common-4.1.70.Final.jar:4.1.70.Final]
	at io.netty.util.internal.ThreadExecutorMap$2.run(ThreadExecutorMap.java:74) ~[netty-common-4.1.70.Final.jar:4.1.70.Final]
	at io.netty.util.concurrent.FastThreadLocalRunnable.run(FastThreadLocalRunnable.java:30) ~[netty-common-4.1.70.Final.jar:4.1.70.Final]
	at java.base/java.lang.Thread.run(Thread.java:832) ~[na:na]
10:08:40.488 [AsyncHttpClient-1-3] DEBUG o.a.netty.channel.ChannelManager - Closing Channel [id: 0x14ab0bf7, L:/127.0.0.1:59902 - R:localhost/127.0.0.1:59889] 
10:08:40.489 [AsyncHttpClient-1-3] DEBUG o.a.netty.handler.HttpHandler - Channel Closed: [id: 0x14ab0bf7, L:/127.0.0.1:59902 ! R:localhost/127.0.0.1:59889] with attribute DISCARD
10:08:40.493 [AsyncHttpClient-1-2] DEBUG o.a.netty.handler.HttpHandler - 

Request DefaultFullHttpRequest(decodeResult: success, version: HTTP/1.1, content: EmptyByteBufBE)
DELETE /session/bad7d2e6afc387d41ff8f34d598858d5 HTTP/1.1
User-Agent: selenium/4.1.2 (java windows)
Content-Type: application/json; charset=utf-8
host: localhost:65348
accept: */*

Response DefaultHttpResponse(decodeResult: success, version: HTTP/1.1)
HTTP/1.1 200 OK
Content-Type: application/json; charset=utf-8
cache-control: no-cache
content-length: 14

10:08:40.493 [AsyncHttpClient-1-2] DEBUG o.a.netty.channel.ChannelManager - Adding key: http://localhost:65348 for channel [id: 0x8dfc1682, L:/127.0.0.1:59887 - R:localhost/127.0.0.1:65348]
10:08:40.524 [AsyncHttpClient-1-2] DEBUG o.a.netty.handler.HttpHandler - Channel Closed: [id: 0x8dfc1682, L:/127.0.0.1:59887 ! R:localhost/127.0.0.1:65348] with attribute DISCARD
]]></system-out>
    <system-err><![CDATA[Starting ChromeDriver 99.0.4844.51 (d537ec02474b5afe23684e7963d538896c63ac77-refs/branch-heads/4844@{#875}) on port 65348
Only local connections are allowed.
Please see https://chromedriver.chromium.org/security-considerations for suggestions on keeping ChromeDriver safe.
ChromeDriver was started successfully.
Mar 21, 2022 10:08:05 AM org.openqa.selenium.remote.ProtocolHandshake createSession
INFO: Detected dialect: W3C
Mar 21, 2022 10:08:06 AM org.openqa.selenium.devtools.CdpVersionFinder findNearestMatch
WARNING: Unable to find an exact match for CDP version 99, so returning the closest version found: 96
Mar 21, 2022 10:08:06 AM org.openqa.selenium.devtools.CdpVersionFinder findNearestMatch
INFO: Found CDP implementation for version 99 of 96
ERROR StatusLogger Log4j2 could not find a logging implementation. Please add log4j-core to the classpath. Using SimpleLogger to log to the console...
]]></system-err>
  </testcase>
  <testcase name="Login to PEGA Site using Author, Manager and User" classname="Validate And Verify Login Page to PEGA Site" time="29.065">
    <system-out><![CDATA[
@All @Smoke @Test1
Scenario: Login to PEGA Site using Author, Manager and User                                            &amp#27;[90m# src/main/resources/AppFeatures/ValidateAndVerifyLoginPage.feature:19&amp#27;[0m
10:08:41.070 [main] DEBUG com.pages.drivers.DriversFactory - Set up Browser
10:08:41.070 [main] DEBUG com.pages.drivers.DriversFactory - Initialize Driver Browser Configuration
10:08:41.070 [main] DEBUG com.pages.drivers.DriversFactory -  Driver Browser : chrome
10:08:41.077 [main] DEBUG i.g.b.wdm.cache.ResolutionCache - Resolution chrome=99 in cache (valid until 10:15:22 21/03/2022 CST)
10:08:41.078 [main] DEBUG i.g.b.wdm.cache.ResolutionCache - Resolution chrome99=99.0.4844.51 in cache (valid until 09:15:22 22/03/2022 CST)
10:08:41.078 [main] INFO  i.g.bonigarcia.wdm.WebDriverManager - Using chromedriver 99.0.4844.51 (resolved driver for Chrome 99)
10:08:41.082 [main] DEBUG i.g.bonigarcia.wdm.WebDriverManager - Driver chromedriver 99.0.4844.51 found in cache
10:08:41.083 [main] INFO  i.g.bonigarcia.wdm.WebDriverManager - Exporting webdriver.chrome.driver as C:\Users\DheyClaveria\.cache\selenium\chromedriver\win32\99.0.4844.51\chromedriver.exe
10:08:41.510 [AsyncHttpClient-1-1] DEBUG o.a.netty.channel.DefaultChannelPool - Entry count for : http://localhost:59889 : 1
10:08:41.510 [AsyncHttpClient-1-1] DEBUG o.a.netty.channel.DefaultChannelPool - Entry count for : http://localhost:65348 : 1
10:08:41.510 [AsyncHttpClient-1-1] DEBUG o.a.netty.channel.DefaultChannelPool - Adding Candidate expired Channel [id: 0x14ab0bf7, L:/127.0.0.1:59902 ! R:localhost/127.0.0.1:59889] isIdleTimeoutExpired=false isRemotelyClosed=true isTtlExpired=false
10:08:41.510 [AsyncHttpClient-1-1] DEBUG o.a.netty.channel.DefaultChannelPool - Closing Idle Channel [id: 0x14ab0bf7, L:/127.0.0.1:59902 ! R:localhost/127.0.0.1:59889]
10:08:41.510 [AsyncHttpClient-1-1] DEBUG o.a.netty.channel.DefaultChannelPool - Adding Candidate expired Channel [id: 0x8dfc1682, L:/127.0.0.1:59887 ! R:localhost/127.0.0.1:65348] isIdleTimeoutExpired=false isRemotelyClosed=true isTtlExpired=false
10:08:41.510 [AsyncHttpClient-1-1] DEBUG o.a.netty.channel.DefaultChannelPool - Closing Idle Channel [id: 0x8dfc1682, L:/127.0.0.1:59887 ! R:localhost/127.0.0.1:65348]
10:08:41.510 [AsyncHttpClient-1-1] DEBUG o.a.netty.channel.DefaultChannelPool - Closed 2 connections out of 2 in 0 ms
10:08:41.622 [AsyncHttpClient-1-5] DEBUG o.a.n.channel.NettyConnectListener - Using new Channel '[id: 0x4d40aba1, L:/127.0.0.1:59952 - R:localhost/127.0.0.1:59543]' for 'POST' to '/session'
10:08:42.261 [AsyncHttpClient-1-5] DEBUG o.a.netty.handler.HttpHandler - 

Request DefaultHttpRequest(decodeResult: success, version: HTTP/1.1)
POST /session HTTP/1.1
User-Agent: selenium/4.1.2 (java windows)
Content-Length: 365
Content-Type: application/json; charset=utf-8
host: localhost:59543
accept: */*

Response DefaultHttpResponse(decodeResult: success, version: HTTP/1.1)
HTTP/1.1 200 OK
Content-Type: application/json; charset=utf-8
cache-control: no-cache
content-length: 794

10:08:42.262 [AsyncHttpClient-1-5] DEBUG o.a.netty.channel.ChannelManager - Adding key: http://localhost:59543 for channel [id: 0x4d40aba1, L:/127.0.0.1:59952 - R:localhost/127.0.0.1:59543]
10:08:42.270 [AsyncHttpClient-1-6] DEBUG o.a.n.channel.NettyConnectListener - Using new Channel '[id: 0x3dc5c842, L:/127.0.0.1:59963 - R:localhost/127.0.0.1:59955]' for 'GET' to '/json/version'
10:08:42.276 [AsyncHttpClient-1-6] DEBUG o.a.netty.handler.HttpHandler - 

Request DefaultFullHttpRequest(decodeResult: success, version: HTTP/1.1, content: EmptyByteBufBE)
GET /json/version HTTP/1.1
User-Agent: selenium/4.1.2 (java windows)
host: localhost:59955
accept: */*

Response DefaultHttpResponse(decodeResult: success, version: HTTP/1.1)
HTTP/1.1 200 OK
Content-Type: application/json; charset=UTF-8
content-length: 423

10:08:42.277 [AsyncHttpClient-1-6] DEBUG o.a.netty.channel.ChannelManager - Adding key: http://localhost:59955 for channel [id: 0x3dc5c842, L:/127.0.0.1:59963 - R:localhost/127.0.0.1:59955]
10:08:42.280 [AsyncHttpClient-1-7] DEBUG o.a.n.channel.NettyConnectListener - Using new Channel '[id: 0x7dbe1cac, L:/127.0.0.1:59965 - R:localhost/127.0.0.1:59955]' for 'GET' to '/devtools/browser/98aedbb8-2929-4f3b-82df-f28c02d3b24f'
10:08:42.285 [AsyncHttpClient-1-7] DEBUG o.a.netty.handler.WebSocketHandler - 

Request DefaultFullHttpRequest(decodeResult: success, version: HTTP/1.1, content: EmptyByteBufBE)
GET /devtools/browser/98aedbb8-2929-4f3b-82df-f28c02d3b24f HTTP/1.1
upgrade: websocket
connection: upgrade
sec-websocket-key: /0EPfSp/opqexnVxwMTLKA==
sec-websocket-version: 13
origin: http://localhost:59955
host: localhost:59955
accept: */*
user-agent: AHC/2.1

Response DefaultHttpResponse(decodeResult: success, version: HTTP/1.1)
HTTP/1.1 101 WebSocket Protocol Handshake
Upgrade: WebSocket
Connection: Upgrade
Sec-WebSocket-Accept: cFVtN/UBUQdZ/ukm1cvp71tx9JM=

10:08:42.289 [Forwarding deleteAllCookies on session ed666fd0c62896073bfcd289817e2dda to remote] DEBUG o.a.netty.request.NettyRequestSender - Using pooled Channel '[id: 0x4d40aba1, L:/127.0.0.1:59952 - R:localhost/127.0.0.1:59543]' for 'DELETE' to 'http://localhost:59543/session/ed666fd0c62896073bfcd289817e2dda/cookie'
10:08:42.290 [Forwarding deleteAllCookies on session ed666fd0c62896073bfcd289817e2dda to remote] DEBUG o.a.netty.request.NettyRequestSender - Using open Channel [id: 0x4d40aba1, L:/127.0.0.1:59952 - R:localhost/127.0.0.1:59543] for DELETE '/session/ed666fd0c62896073bfcd289817e2dda/cookie'
10:08:42.297 [AsyncHttpClient-1-5] DEBUG o.a.netty.handler.HttpHandler - 

Request DefaultFullHttpRequest(decodeResult: success, version: HTTP/1.1, content: EmptyByteBufBE)
DELETE /session/ed666fd0c62896073bfcd289817e2dda/cookie HTTP/1.1
User-Agent: selenium/4.1.2 (java windows)
Content-Type: application/json; charset=utf-8
host: localhost:59543
accept: */*

Response DefaultHttpResponse(decodeResult: success, version: HTTP/1.1)
HTTP/1.1 200 OK
Content-Type: application/json; charset=utf-8
cache-control: no-cache
content-length: 14

10:08:42.298 [AsyncHttpClient-1-5] DEBUG o.a.netty.channel.ChannelManager - Adding key: http://localhost:59543 for channel [id: 0x4d40aba1, L:/127.0.0.1:59952 - R:localhost/127.0.0.1:59543]
10:08:42.299 [Forwarding maximizeCurrentWindow on session ed666fd0c62896073bfcd289817e2dda to remote] DEBUG o.a.netty.request.NettyRequestSender - Using pooled Channel '[id: 0x4d40aba1, L:/127.0.0.1:59952 - R:localhost/127.0.0.1:59543]' for 'POST' to 'http://localhost:59543/session/ed666fd0c62896073bfcd289817e2dda/window/maximize'
10:08:42.299 [Forwarding maximizeCurrentWindow on session ed666fd0c62896073bfcd289817e2dda to remote] DEBUG o.a.netty.request.NettyRequestSender - Using open Channel [id: 0x4d40aba1, L:/127.0.0.1:59952 - R:localhost/127.0.0.1:59543] for POST '/session/ed666fd0c62896073bfcd289817e2dda/window/maximize'
10:08:42.420 [AsyncHttpClient-1-5] DEBUG o.a.netty.handler.HttpHandler - 

Request DefaultHttpRequest(decodeResult: success, version: HTTP/1.1)
POST /session/ed666fd0c62896073bfcd289817e2dda/window/maximize HTTP/1.1
User-Agent: selenium/4.1.2 (java windows)
Content-Length: 3
Content-Type: application/json; charset=utf-8
host: localhost:59543
accept: */*

Response DefaultHttpResponse(decodeResult: success, version: HTTP/1.1)
HTTP/1.1 200 OK
Content-Type: application/json; charset=utf-8
cache-control: no-cache
content-length: 52

10:08:42.420 [AsyncHttpClient-1-5] DEBUG o.a.netty.channel.ChannelManager - Adding key: http://localhost:59543 for channel [id: 0x4d40aba1, L:/127.0.0.1:59952 - R:localhost/127.0.0.1:59543]
10:08:42.423 [Forwarding get on session ed666fd0c62896073bfcd289817e2dda to remote] DEBUG o.a.netty.request.NettyRequestSender - Using pooled Channel '[id: 0x4d40aba1, L:/127.0.0.1:59952 - R:localhost/127.0.0.1:59543]' for 'POST' to 'http://localhost:59543/session/ed666fd0c62896073bfcd289817e2dda/url'
10:08:42.423 [Forwarding get on session ed666fd0c62896073bfcd289817e2dda to remote] DEBUG o.a.netty.request.NettyRequestSender - Using open Channel [id: 0x4d40aba1, L:/127.0.0.1:59952 - R:localhost/127.0.0.1:59543] for POST '/session/ed666fd0c62896073bfcd289817e2dda/url'
10:08:42.569 [AsyncHttpClient-1-5] DEBUG o.a.netty.handler.HttpHandler - 

Request DefaultHttpRequest(decodeResult: success, version: HTTP/1.1)
POST /session/ed666fd0c62896073bfcd289817e2dda/url HTTP/1.1
User-Agent: selenium/4.1.2 (java windows)
Content-Length: 148
Content-Type: application/json; charset=utf-8
host: localhost:59543
accept: */*

Response DefaultHttpResponse(decodeResult: success, version: HTTP/1.1)
HTTP/1.1 200 OK
Content-Type: application/json; charset=utf-8
cache-control: no-cache
content-length: 14

10:08:42.569 [AsyncHttpClient-1-5] DEBUG o.a.netty.channel.ChannelManager - Adding key: http://localhost:59543 for channel [id: 0x4d40aba1, L:/127.0.0.1:59952 - R:localhost/127.0.0.1:59543]
10:08:42.570 [Forwarding getTitle on session ed666fd0c62896073bfcd289817e2dda to remote] DEBUG o.a.netty.request.NettyRequestSender - Using pooled Channel '[id: 0x4d40aba1, L:/127.0.0.1:59952 - R:localhost/127.0.0.1:59543]' for 'GET' to 'http://localhost:59543/session/ed666fd0c62896073bfcd289817e2dda/title'
10:08:42.570 [Forwarding getTitle on session ed666fd0c62896073bfcd289817e2dda to remote] DEBUG o.a.netty.request.NettyRequestSender - Using open Channel [id: 0x4d40aba1, L:/127.0.0.1:59952 - R:localhost/127.0.0.1:59543] for GET '/session/ed666fd0c62896073bfcd289817e2dda/title'
10:08:42.572 [AsyncHttpClient-1-5] DEBUG o.a.netty.handler.HttpHandler - 

Request DefaultFullHttpRequest(decodeResult: success, version: HTTP/1.1, content: EmptyByteBufBE)
GET /session/ed666fd0c62896073bfcd289817e2dda/title HTTP/1.1
User-Agent: selenium/4.1.2 (java windows)
Cache-Control: no-cache
Content-Type: application/json; charset=utf-8
host: localhost:59543
accept: */*

Response DefaultHttpResponse(decodeResult: success, version: HTTP/1.1)
HTTP/1.1 200 OK
Content-Type: application/json; charset=utf-8
cache-control: no-cache
content-length: 22

10:08:42.572 [AsyncHttpClient-1-5] DEBUG o.a.netty.channel.ChannelManager - Adding key: http://localhost:59543 for channel [id: 0x4d40aba1, L:/127.0.0.1:59952 - R:localhost/127.0.0.1:59543]
10:08:42.573 [main] DEBUG com.pages.LoginPage - verifyApplication: 'Login Page' 
10:08:42.573 [Forwarding getTitle on session ed666fd0c62896073bfcd289817e2dda to remote] DEBUG o.a.netty.request.NettyRequestSender - Using pooled Channel '[id: 0x4d40aba1, L:/127.0.0.1:59952 - R:localhost/127.0.0.1:59543]' for 'GET' to 'http://localhost:59543/session/ed666fd0c62896073bfcd289817e2dda/title'
10:08:42.573 [Forwarding getTitle on session ed666fd0c62896073bfcd289817e2dda to remote] DEBUG o.a.netty.request.NettyRequestSender - Using open Channel [id: 0x4d40aba1, L:/127.0.0.1:59952 - R:localhost/127.0.0.1:59543] for GET '/session/ed666fd0c62896073bfcd289817e2dda/title'
10:08:42.574 [AsyncHttpClient-1-5] DEBUG o.a.netty.handler.HttpHandler - 

Request DefaultFullHttpRequest(decodeResult: success, version: HTTP/1.1, content: EmptyByteBufBE)
GET /session/ed666fd0c62896073bfcd289817e2dda/title HTTP/1.1
User-Agent: selenium/4.1.2 (java windows)
Cache-Control: no-cache
Content-Type: application/json; charset=utf-8
host: localhost:59543
accept: */*

Response DefaultHttpResponse(decodeResult: success, version: HTTP/1.1)
HTTP/1.1 200 OK
Content-Type: application/json; charset=utf-8
cache-control: no-cache
content-length: 22

10:08:42.574 [AsyncHttpClient-1-5] DEBUG o.a.netty.channel.ChannelManager - Adding key: http://localhost:59543 for channel [id: 0x4d40aba1, L:/127.0.0.1:59952 - R:localhost/127.0.0.1:59543]
10:08:42.611 [AsyncHttpClient-1-1] DEBUG o.a.netty.channel.DefaultChannelPool - Entry count for : http://localhost:59543 : 1
10:08:42.611 [AsyncHttpClient-1-1] DEBUG o.a.netty.channel.DefaultChannelPool - Entry count for : http://localhost:59955 : 1
10:08:43.711 [AsyncHttpClient-1-1] DEBUG o.a.netty.channel.DefaultChannelPool - Entry count for : http://localhost:59543 : 1
10:08:43.711 [AsyncHttpClient-1-1] DEBUG o.a.netty.channel.DefaultChannelPool - Entry count for : http://localhost:59955 : 1
10:08:44.798 [AsyncHttpClient-1-1] DEBUG o.a.netty.channel.DefaultChannelPool - Entry count for : http://localhost:59543 : 1
10:08:44.798 [AsyncHttpClient-1-1] DEBUG o.a.netty.channel.DefaultChannelPool - Entry count for : http://localhost:59955 : 1
10:08:45.908 [AsyncHttpClient-1-1] DEBUG o.a.netty.channel.DefaultChannelPool - Entry count for : http://localhost:59543 : 1
10:08:45.908 [AsyncHttpClient-1-1] DEBUG o.a.netty.channel.DefaultChannelPool - Entry count for : http://localhost:59955 : 1
10:08:47.010 [AsyncHttpClient-1-1] DEBUG o.a.netty.channel.DefaultChannelPool - Entry count for : http://localhost:59543 : 1
10:08:47.010 [AsyncHttpClient-1-1] DEBUG o.a.netty.channel.DefaultChannelPool - Entry count for : http://localhost:59955 : 1
  &amp#27;[32mGiven &amp#27;[0m&amp#27;[32mthat the user should navigate in PEGA Login Page&amp#27;[0m                                               &amp#27;[90m# stepdefinitions.LoginPageSteps.that_the_user_should_navigate_in_pega_login_page()&amp#27;[0m
10:08:47.589 [main] DEBUG com.pages.LoginPage - verifyPageElements : Current Element = 'By.xpath: //div[@id="credentials"]//div[@class="field user"]//input' 
10:08:47.589 [Forwarding findElement on session ed666fd0c62896073bfcd289817e2dda to remote] DEBUG o.a.netty.request.NettyRequestSender - Using pooled Channel '[id: 0x4d40aba1, L:/127.0.0.1:59952 - R:localhost/127.0.0.1:59543]' for 'POST' to 'http://localhost:59543/session/ed666fd0c62896073bfcd289817e2dda/element'
10:08:47.589 [Forwarding findElement on session ed666fd0c62896073bfcd289817e2dda to remote] DEBUG o.a.netty.request.NettyRequestSender - Using open Channel [id: 0x4d40aba1, L:/127.0.0.1:59952 - R:localhost/127.0.0.1:59543] for POST '/session/ed666fd0c62896073bfcd289817e2dda/element'
10:08:47.600 [AsyncHttpClient-1-5] DEBUG o.a.netty.handler.HttpHandler - 

Request DefaultHttpRequest(decodeResult: success, version: HTTP/1.1)
POST /session/ed666fd0c62896073bfcd289817e2dda/element HTTP/1.1
User-Agent: selenium/4.1.2 (java windows)
Content-Length: 128
Content-Type: application/json; charset=utf-8
host: localhost:59543
accept: */*

Response DefaultHttpResponse(decodeResult: success, version: HTTP/1.1)
HTTP/1.1 200 OK
Content-Type: application/json; charset=utf-8
cache-control: no-cache
content-length: 88

10:08:47.600 [AsyncHttpClient-1-5] DEBUG o.a.netty.channel.ChannelManager - Adding key: http://localhost:59543 for channel [id: 0x4d40aba1, L:/127.0.0.1:59952 - R:localhost/127.0.0.1:59543]
10:08:47.603 [Forwarding isElementDisplayed on session ed666fd0c62896073bfcd289817e2dda to remote] DEBUG o.a.netty.request.NettyRequestSender - Using pooled Channel '[id: 0x4d40aba1, L:/127.0.0.1:59952 - R:localhost/127.0.0.1:59543]' for 'POST' to 'http://localhost:59543/session/ed666fd0c62896073bfcd289817e2dda/execute/sync'
10:08:47.603 [Forwarding isElementDisplayed on session ed666fd0c62896073bfcd289817e2dda to remote] DEBUG o.a.netty.request.NettyRequestSender - Using open Channel [id: 0x4d40aba1, L:/127.0.0.1:59952 - R:localhost/127.0.0.1:59543] for POST '/session/ed666fd0c62896073bfcd289817e2dda/execute/sync'
10:08:47.618 [AsyncHttpClient-1-5] DEBUG o.a.netty.handler.HttpHandler - 

Request DefaultHttpRequest(decodeResult: success, version: HTTP/1.1)
POST /session/ed666fd0c62896073bfcd289817e2dda/execute/sync HTTP/1.1
User-Agent: selenium/4.1.2 (java windows)
Content-Length: 48780
Content-Type: application/json; charset=utf-8
host: localhost:59543
accept: */*

Response DefaultHttpResponse(decodeResult: success, version: HTTP/1.1)
HTTP/1.1 200 OK
Content-Type: application/json; charset=utf-8
cache-control: no-cache
content-length: 14

10:08:47.618 [AsyncHttpClient-1-5] DEBUG o.a.netty.channel.ChannelManager - Adding key: http://localhost:59543 for channel [id: 0x4d40aba1, L:/127.0.0.1:59952 - R:localhost/127.0.0.1:59543]
10:08:47.620 [Forwarding findElement on session ed666fd0c62896073bfcd289817e2dda to remote] DEBUG o.a.netty.request.NettyRequestSender - Using pooled Channel '[id: 0x4d40aba1, L:/127.0.0.1:59952 - R:localhost/127.0.0.1:59543]' for 'POST' to 'http://localhost:59543/session/ed666fd0c62896073bfcd289817e2dda/element'
10:08:47.620 [Forwarding findElement on session ed666fd0c62896073bfcd289817e2dda to remote] DEBUG o.a.netty.request.NettyRequestSender - Using open Channel [id: 0x4d40aba1, L:/127.0.0.1:59952 - R:localhost/127.0.0.1:59543] for POST '/session/ed666fd0c62896073bfcd289817e2dda/element'
10:08:47.624 [AsyncHttpClient-1-5] DEBUG o.a.netty.handler.HttpHandler - 

Request DefaultHttpRequest(decodeResult: success, version: HTTP/1.1)
POST /session/ed666fd0c62896073bfcd289817e2dda/element HTTP/1.1
User-Agent: selenium/4.1.2 (java windows)
Content-Length: 128
Content-Type: application/json; charset=utf-8
host: localhost:59543
accept: */*

Response DefaultHttpResponse(decodeResult: success, version: HTTP/1.1)
HTTP/1.1 200 OK
Content-Type: application/json; charset=utf-8
cache-control: no-cache
content-length: 88

10:08:47.624 [AsyncHttpClient-1-5] DEBUG o.a.netty.channel.ChannelManager - Adding key: http://localhost:59543 for channel [id: 0x4d40aba1, L:/127.0.0.1:59952 - R:localhost/127.0.0.1:59543]
10:08:47.627 [Forwarding isElementDisplayed on session ed666fd0c62896073bfcd289817e2dda to remote] DEBUG o.a.netty.request.NettyRequestSender - Using pooled Channel '[id: 0x4d40aba1, L:/127.0.0.1:59952 - R:localhost/127.0.0.1:59543]' for 'POST' to 'http://localhost:59543/session/ed666fd0c62896073bfcd289817e2dda/execute/sync'
10:08:47.627 [Forwarding isElementDisplayed on session ed666fd0c62896073bfcd289817e2dda to remote] DEBUG o.a.netty.request.NettyRequestSender - Using open Channel [id: 0x4d40aba1, L:/127.0.0.1:59952 - R:localhost/127.0.0.1:59543] for POST '/session/ed666fd0c62896073bfcd289817e2dda/execute/sync'
10:08:47.635 [AsyncHttpClient-1-5] DEBUG o.a.netty.handler.HttpHandler - 

Request DefaultHttpRequest(decodeResult: success, version: HTTP/1.1)
POST /session/ed666fd0c62896073bfcd289817e2dda/execute/sync HTTP/1.1
User-Agent: selenium/4.1.2 (java windows)
Content-Length: 48780
Content-Type: application/json; charset=utf-8
host: localhost:59543
accept: */*

Response DefaultHttpResponse(decodeResult: success, version: HTTP/1.1)
HTTP/1.1 200 OK
Content-Type: application/json; charset=utf-8
cache-control: no-cache
content-length: 14

10:08:47.635 [AsyncHttpClient-1-5] DEBUG o.a.netty.channel.ChannelManager - Adding key: http://localhost:59543 for channel [id: 0x4d40aba1, L:/127.0.0.1:59952 - R:localhost/127.0.0.1:59543]
10:08:47.636 [Forwarding findElement on session ed666fd0c62896073bfcd289817e2dda to remote] DEBUG o.a.netty.request.NettyRequestSender - Using pooled Channel '[id: 0x4d40aba1, L:/127.0.0.1:59952 - R:localhost/127.0.0.1:59543]' for 'POST' to 'http://localhost:59543/session/ed666fd0c62896073bfcd289817e2dda/element'
10:08:47.636 [Forwarding findElement on session ed666fd0c62896073bfcd289817e2dda to remote] DEBUG o.a.netty.request.NettyRequestSender - Using open Channel [id: 0x4d40aba1, L:/127.0.0.1:59952 - R:localhost/127.0.0.1:59543] for POST '/session/ed666fd0c62896073bfcd289817e2dda/element'
10:08:47.641 [AsyncHttpClient-1-5] DEBUG o.a.netty.handler.HttpHandler - 

Request DefaultHttpRequest(decodeResult: success, version: HTTP/1.1)
POST /session/ed666fd0c62896073bfcd289817e2dda/element HTTP/1.1
User-Agent: selenium/4.1.2 (java windows)
Content-Length: 128
Content-Type: application/json; charset=utf-8
host: localhost:59543
accept: */*

Response DefaultHttpResponse(decodeResult: success, version: HTTP/1.1)
HTTP/1.1 200 OK
Content-Type: application/json; charset=utf-8
cache-control: no-cache
content-length: 88

10:08:47.641 [AsyncHttpClient-1-5] DEBUG o.a.netty.channel.ChannelManager - Adding key: http://localhost:59543 for channel [id: 0x4d40aba1, L:/127.0.0.1:59952 - R:localhost/127.0.0.1:59543]
10:08:47.642 [Forwarding isElementEnabled on session ed666fd0c62896073bfcd289817e2dda to remote] DEBUG o.a.netty.request.NettyRequestSender - Using pooled Channel '[id: 0x4d40aba1, L:/127.0.0.1:59952 - R:localhost/127.0.0.1:59543]' for 'GET' to 'http://localhost:59543/session/ed666fd0c62896073bfcd289817e2dda/element/3e91fb4f-065b-48e9-9e0a-b1caf964a5de/enabled'
10:08:47.642 [Forwarding isElementEnabled on session ed666fd0c62896073bfcd289817e2dda to remote] DEBUG o.a.netty.request.NettyRequestSender - Using open Channel [id: 0x4d40aba1, L:/127.0.0.1:59952 - R:localhost/127.0.0.1:59543] for GET '/session/ed666fd0c62896073bfcd289817e2dda/element/3e91fb4f-065b-48e9-9e0a-b1caf964a5de/enabled'
10:08:47.651 [AsyncHttpClient-1-5] DEBUG o.a.netty.handler.HttpHandler - 

Request DefaultFullHttpRequest(decodeResult: success, version: HTTP/1.1, content: EmptyByteBufBE)
GET /session/ed666fd0c62896073bfcd289817e2dda/element/3e91fb4f-065b-48e9-9e0a-b1caf964a5de/enabled HTTP/1.1
User-Agent: selenium/4.1.2 (java windows)
Cache-Control: no-cache
Content-Type: application/json; charset=utf-8
host: localhost:59543
accept: */*

Response DefaultHttpResponse(decodeResult: success, version: HTTP/1.1)
HTTP/1.1 200 OK
Content-Type: application/json; charset=utf-8
cache-control: no-cache
content-length: 14

10:08:47.651 [AsyncHttpClient-1-5] DEBUG o.a.netty.channel.ChannelManager - Adding key: http://localhost:59543 for channel [id: 0x4d40aba1, L:/127.0.0.1:59952 - R:localhost/127.0.0.1:59543]
10:08:47.651 [main] DEBUG com.pages.LoginPage - verifyPageElements : Current Element = 'By.xpath: //div[@id="credentials"]//div[@class="field password"]//input' 
10:08:47.652 [Forwarding findElement on session ed666fd0c62896073bfcd289817e2dda to remote] DEBUG o.a.netty.request.NettyRequestSender - Using pooled Channel '[id: 0x4d40aba1, L:/127.0.0.1:59952 - R:localhost/127.0.0.1:59543]' for 'POST' to 'http://localhost:59543/session/ed666fd0c62896073bfcd289817e2dda/element'
10:08:47.652 [Forwarding findElement on session ed666fd0c62896073bfcd289817e2dda to remote] DEBUG o.a.netty.request.NettyRequestSender - Using open Channel [id: 0x4d40aba1, L:/127.0.0.1:59952 - R:localhost/127.0.0.1:59543] for POST '/session/ed666fd0c62896073bfcd289817e2dda/element'
10:08:47.660 [AsyncHttpClient-1-5] DEBUG o.a.netty.handler.HttpHandler - 

Request DefaultHttpRequest(decodeResult: success, version: HTTP/1.1)
POST /session/ed666fd0c62896073bfcd289817e2dda/element HTTP/1.1
User-Agent: selenium/4.1.2 (java windows)
Content-Length: 132
Content-Type: application/json; charset=utf-8
host: localhost:59543
accept: */*

Response DefaultHttpResponse(decodeResult: success, version: HTTP/1.1)
HTTP/1.1 200 OK
Content-Type: application/json; charset=utf-8
cache-control: no-cache
content-length: 88

10:08:47.660 [AsyncHttpClient-1-5] DEBUG o.a.netty.channel.ChannelManager - Adding key: http://localhost:59543 for channel [id: 0x4d40aba1, L:/127.0.0.1:59952 - R:localhost/127.0.0.1:59543]
10:08:47.663 [Forwarding isElementDisplayed on session ed666fd0c62896073bfcd289817e2dda to remote] DEBUG o.a.netty.request.NettyRequestSender - Using pooled Channel '[id: 0x4d40aba1, L:/127.0.0.1:59952 - R:localhost/127.0.0.1:59543]' for 'POST' to 'http://localhost:59543/session/ed666fd0c62896073bfcd289817e2dda/execute/sync'
10:08:47.663 [Forwarding isElementDisplayed on session ed666fd0c62896073bfcd289817e2dda to remote] DEBUG o.a.netty.request.NettyRequestSender - Using open Channel [id: 0x4d40aba1, L:/127.0.0.1:59952 - R:localhost/127.0.0.1:59543] for POST '/session/ed666fd0c62896073bfcd289817e2dda/execute/sync'
10:08:47.670 [AsyncHttpClient-1-5] DEBUG o.a.netty.handler.HttpHandler - 

Request DefaultHttpRequest(decodeResult: success, version: HTTP/1.1)
POST /session/ed666fd0c62896073bfcd289817e2dda/execute/sync HTTP/1.1
User-Agent: selenium/4.1.2 (java windows)
Content-Length: 48780
Content-Type: application/json; charset=utf-8
host: localhost:59543
accept: */*

Response DefaultHttpResponse(decodeResult: success, version: HTTP/1.1)
HTTP/1.1 200 OK
Content-Type: application/json; charset=utf-8
cache-control: no-cache
content-length: 14

10:08:47.670 [AsyncHttpClient-1-5] DEBUG o.a.netty.channel.ChannelManager - Adding key: http://localhost:59543 for channel [id: 0x4d40aba1, L:/127.0.0.1:59952 - R:localhost/127.0.0.1:59543]
10:08:47.672 [Forwarding findElement on session ed666fd0c62896073bfcd289817e2dda to remote] DEBUG o.a.netty.request.NettyRequestSender - Using pooled Channel '[id: 0x4d40aba1, L:/127.0.0.1:59952 - R:localhost/127.0.0.1:59543]' for 'POST' to 'http://localhost:59543/session/ed666fd0c62896073bfcd289817e2dda/element'
10:08:47.672 [Forwarding findElement on session ed666fd0c62896073bfcd289817e2dda to remote] DEBUG o.a.netty.request.NettyRequestSender - Using open Channel [id: 0x4d40aba1, L:/127.0.0.1:59952 - R:localhost/127.0.0.1:59543] for POST '/session/ed666fd0c62896073bfcd289817e2dda/element'
10:08:47.677 [AsyncHttpClient-1-5] DEBUG o.a.netty.handler.HttpHandler - 

Request DefaultHttpRequest(decodeResult: success, version: HTTP/1.1)
POST /session/ed666fd0c62896073bfcd289817e2dda/element HTTP/1.1
User-Agent: selenium/4.1.2 (java windows)
Content-Length: 132
Content-Type: application/json; charset=utf-8
host: localhost:59543
accept: */*

Response DefaultHttpResponse(decodeResult: success, version: HTTP/1.1)
HTTP/1.1 200 OK
Content-Type: application/json; charset=utf-8
cache-control: no-cache
content-length: 88

10:08:47.677 [AsyncHttpClient-1-5] DEBUG o.a.netty.channel.ChannelManager - Adding key: http://localhost:59543 for channel [id: 0x4d40aba1, L:/127.0.0.1:59952 - R:localhost/127.0.0.1:59543]
10:08:47.680 [Forwarding isElementDisplayed on session ed666fd0c62896073bfcd289817e2dda to remote] DEBUG o.a.netty.request.NettyRequestSender - Using pooled Channel '[id: 0x4d40aba1, L:/127.0.0.1:59952 - R:localhost/127.0.0.1:59543]' for 'POST' to 'http://localhost:59543/session/ed666fd0c62896073bfcd289817e2dda/execute/sync'
10:08:47.681 [Forwarding isElementDisplayed on session ed666fd0c62896073bfcd289817e2dda to remote] DEBUG o.a.netty.request.NettyRequestSender - Using open Channel [id: 0x4d40aba1, L:/127.0.0.1:59952 - R:localhost/127.0.0.1:59543] for POST '/session/ed666fd0c62896073bfcd289817e2dda/execute/sync'
10:08:47.687 [AsyncHttpClient-1-5] DEBUG o.a.netty.handler.HttpHandler - 

Request DefaultHttpRequest(decodeResult: success, version: HTTP/1.1)
POST /session/ed666fd0c62896073bfcd289817e2dda/execute/sync HTTP/1.1
User-Agent: selenium/4.1.2 (java windows)
Content-Length: 48780
Content-Type: application/json; charset=utf-8
host: localhost:59543
accept: */*

Response DefaultHttpResponse(decodeResult: success, version: HTTP/1.1)
HTTP/1.1 200 OK
Content-Type: application/json; charset=utf-8
cache-control: no-cache
content-length: 14

10:08:47.687 [AsyncHttpClient-1-5] DEBUG o.a.netty.channel.ChannelManager - Adding key: http://localhost:59543 for channel [id: 0x4d40aba1, L:/127.0.0.1:59952 - R:localhost/127.0.0.1:59543]
10:08:47.688 [Forwarding findElement on session ed666fd0c62896073bfcd289817e2dda to remote] DEBUG o.a.netty.request.NettyRequestSender - Using pooled Channel '[id: 0x4d40aba1, L:/127.0.0.1:59952 - R:localhost/127.0.0.1:59543]' for 'POST' to 'http://localhost:59543/session/ed666fd0c62896073bfcd289817e2dda/element'
10:08:47.688 [Forwarding findElement on session ed666fd0c62896073bfcd289817e2dda to remote] DEBUG o.a.netty.request.NettyRequestSender - Using open Channel [id: 0x4d40aba1, L:/127.0.0.1:59952 - R:localhost/127.0.0.1:59543] for POST '/session/ed666fd0c62896073bfcd289817e2dda/element'
10:08:47.693 [AsyncHttpClient-1-5] DEBUG o.a.netty.handler.HttpHandler - 

Request DefaultHttpRequest(decodeResult: success, version: HTTP/1.1)
POST /session/ed666fd0c62896073bfcd289817e2dda/element HTTP/1.1
User-Agent: selenium/4.1.2 (java windows)
Content-Length: 132
Content-Type: application/json; charset=utf-8
host: localhost:59543
accept: */*

Response DefaultHttpResponse(decodeResult: success, version: HTTP/1.1)
HTTP/1.1 200 OK
Content-Type: application/json; charset=utf-8
cache-control: no-cache
content-length: 88

10:08:47.693 [AsyncHttpClient-1-5] DEBUG o.a.netty.channel.ChannelManager - Adding key: http://localhost:59543 for channel [id: 0x4d40aba1, L:/127.0.0.1:59952 - R:localhost/127.0.0.1:59543]
10:08:47.694 [Forwarding isElementEnabled on session ed666fd0c62896073bfcd289817e2dda to remote] DEBUG o.a.netty.request.NettyRequestSender - Using pooled Channel '[id: 0x4d40aba1, L:/127.0.0.1:59952 - R:localhost/127.0.0.1:59543]' for 'GET' to 'http://localhost:59543/session/ed666fd0c62896073bfcd289817e2dda/element/ba39ff38-8ed0-419b-99f5-75788ac717a6/enabled'
10:08:47.694 [Forwarding isElementEnabled on session ed666fd0c62896073bfcd289817e2dda to remote] DEBUG o.a.netty.request.NettyRequestSender - Using open Channel [id: 0x4d40aba1, L:/127.0.0.1:59952 - R:localhost/127.0.0.1:59543] for GET '/session/ed666fd0c62896073bfcd289817e2dda/element/ba39ff38-8ed0-419b-99f5-75788ac717a6/enabled'
10:08:47.699 [AsyncHttpClient-1-5] DEBUG o.a.netty.handler.HttpHandler - 

Request DefaultFullHttpRequest(decodeResult: success, version: HTTP/1.1, content: EmptyByteBufBE)
GET /session/ed666fd0c62896073bfcd289817e2dda/element/ba39ff38-8ed0-419b-99f5-75788ac717a6/enabled HTTP/1.1
User-Agent: selenium/4.1.2 (java windows)
Cache-Control: no-cache
Content-Type: application/json; charset=utf-8
host: localhost:59543
accept: */*

Response DefaultHttpResponse(decodeResult: success, version: HTTP/1.1)
HTTP/1.1 200 OK
Content-Type: application/json; charset=utf-8
cache-control: no-cache
content-length: 14

10:08:47.699 [AsyncHttpClient-1-5] DEBUG o.a.netty.channel.ChannelManager - Adding key: http://localhost:59543 for channel [id: 0x4d40aba1, L:/127.0.0.1:59952 - R:localhost/127.0.0.1:59543]
10:08:47.700 [main] DEBUG com.pages.LoginPage - verifyPageElements : Current Element = 'By.xpath: //div[@id="credentials"]//button[contains(@class,"loginButton")]' 
10:08:47.701 [Forwarding findElement on session ed666fd0c62896073bfcd289817e2dda to remote] DEBUG o.a.netty.request.NettyRequestSender - Using pooled Channel '[id: 0x4d40aba1, L:/127.0.0.1:59952 - R:localhost/127.0.0.1:59543]' for 'POST' to 'http://localhost:59543/session/ed666fd0c62896073bfcd289817e2dda/element'
10:08:47.701 [Forwarding findElement on session ed666fd0c62896073bfcd289817e2dda to remote] DEBUG o.a.netty.request.NettyRequestSender - Using open Channel [id: 0x4d40aba1, L:/127.0.0.1:59952 - R:localhost/127.0.0.1:59543] for POST '/session/ed666fd0c62896073bfcd289817e2dda/element'
10:08:47.710 [AsyncHttpClient-1-5] DEBUG o.a.netty.handler.HttpHandler - 

Request DefaultHttpRequest(decodeResult: success, version: HTTP/1.1)
POST /session/ed666fd0c62896073bfcd289817e2dda/element HTTP/1.1
User-Agent: selenium/4.1.2 (java windows)
Content-Length: 125
Content-Type: application/json; charset=utf-8
host: localhost:59543
accept: */*

Response DefaultHttpResponse(decodeResult: success, version: HTTP/1.1)
HTTP/1.1 200 OK
Content-Type: application/json; charset=utf-8
cache-control: no-cache
content-length: 88

10:08:47.710 [AsyncHttpClient-1-5] DEBUG o.a.netty.channel.ChannelManager - Adding key: http://localhost:59543 for channel [id: 0x4d40aba1, L:/127.0.0.1:59952 - R:localhost/127.0.0.1:59543]
10:08:47.713 [Forwarding isElementDisplayed on session ed666fd0c62896073bfcd289817e2dda to remote] DEBUG o.a.netty.request.NettyRequestSender - Using pooled Channel '[id: 0x4d40aba1, L:/127.0.0.1:59952 - R:localhost/127.0.0.1:59543]' for 'POST' to 'http://localhost:59543/session/ed666fd0c62896073bfcd289817e2dda/execute/sync'
10:08:47.713 [Forwarding isElementDisplayed on session ed666fd0c62896073bfcd289817e2dda to remote] DEBUG o.a.netty.request.NettyRequestSender - Using open Channel [id: 0x4d40aba1, L:/127.0.0.1:59952 - R:localhost/127.0.0.1:59543] for POST '/session/ed666fd0c62896073bfcd289817e2dda/execute/sync'
10:08:47.722 [AsyncHttpClient-1-5] DEBUG o.a.netty.handler.HttpHandler - 

Request DefaultHttpRequest(decodeResult: success, version: HTTP/1.1)
POST /session/ed666fd0c62896073bfcd289817e2dda/execute/sync HTTP/1.1
User-Agent: selenium/4.1.2 (java windows)
Content-Length: 48780
Content-Type: application/json; charset=utf-8
host: localhost:59543
accept: */*

Response DefaultHttpResponse(decodeResult: success, version: HTTP/1.1)
HTTP/1.1 200 OK
Content-Type: application/json; charset=utf-8
cache-control: no-cache
content-length: 14

10:08:47.723 [AsyncHttpClient-1-5] DEBUG o.a.netty.channel.ChannelManager - Adding key: http://localhost:59543 for channel [id: 0x4d40aba1, L:/127.0.0.1:59952 - R:localhost/127.0.0.1:59543]
10:08:47.724 [Forwarding findElement on session ed666fd0c62896073bfcd289817e2dda to remote] DEBUG o.a.netty.request.NettyRequestSender - Using pooled Channel '[id: 0x4d40aba1, L:/127.0.0.1:59952 - R:localhost/127.0.0.1:59543]' for 'POST' to 'http://localhost:59543/session/ed666fd0c62896073bfcd289817e2dda/element'
10:08:47.724 [Forwarding findElement on session ed666fd0c62896073bfcd289817e2dda to remote] DEBUG o.a.netty.request.NettyRequestSender - Using open Channel [id: 0x4d40aba1, L:/127.0.0.1:59952 - R:localhost/127.0.0.1:59543] for POST '/session/ed666fd0c62896073bfcd289817e2dda/element'
10:08:47.729 [AsyncHttpClient-1-5] DEBUG o.a.netty.handler.HttpHandler - 

Request DefaultHttpRequest(decodeResult: success, version: HTTP/1.1)
POST /session/ed666fd0c62896073bfcd289817e2dda/element HTTP/1.1
User-Agent: selenium/4.1.2 (java windows)
Content-Length: 125
Content-Type: application/json; charset=utf-8
host: localhost:59543
accept: */*

Response DefaultHttpResponse(decodeResult: success, version: HTTP/1.1)
HTTP/1.1 200 OK
Content-Type: application/json; charset=utf-8
cache-control: no-cache
content-length: 88

10:08:47.729 [AsyncHttpClient-1-5] DEBUG o.a.netty.channel.ChannelManager - Adding key: http://localhost:59543 for channel [id: 0x4d40aba1, L:/127.0.0.1:59952 - R:localhost/127.0.0.1:59543]
10:08:47.734 [Forwarding isElementDisplayed on session ed666fd0c62896073bfcd289817e2dda to remote] DEBUG o.a.netty.request.NettyRequestSender - Using pooled Channel '[id: 0x4d40aba1, L:/127.0.0.1:59952 - R:localhost/127.0.0.1:59543]' for 'POST' to 'http://localhost:59543/session/ed666fd0c62896073bfcd289817e2dda/execute/sync'
10:08:47.734 [Forwarding isElementDisplayed on session ed666fd0c62896073bfcd289817e2dda to remote] DEBUG o.a.netty.request.NettyRequestSender - Using open Channel [id: 0x4d40aba1, L:/127.0.0.1:59952 - R:localhost/127.0.0.1:59543] for POST '/session/ed666fd0c62896073bfcd289817e2dda/execute/sync'
10:08:47.744 [AsyncHttpClient-1-5] DEBUG o.a.netty.handler.HttpHandler - 

Request DefaultHttpRequest(decodeResult: success, version: HTTP/1.1)
POST /session/ed666fd0c62896073bfcd289817e2dda/execute/sync HTTP/1.1
User-Agent: selenium/4.1.2 (java windows)
Content-Length: 48780
Content-Type: application/json; charset=utf-8
host: localhost:59543
accept: */*

Response DefaultHttpResponse(decodeResult: success, version: HTTP/1.1)
HTTP/1.1 200 OK
Content-Type: application/json; charset=utf-8
cache-control: no-cache
content-length: 14

10:08:47.744 [AsyncHttpClient-1-5] DEBUG o.a.netty.channel.ChannelManager - Adding key: http://localhost:59543 for channel [id: 0x4d40aba1, L:/127.0.0.1:59952 - R:localhost/127.0.0.1:59543]
10:08:47.745 [Forwarding findElement on session ed666fd0c62896073bfcd289817e2dda to remote] DEBUG o.a.netty.request.NettyRequestSender - Using pooled Channel '[id: 0x4d40aba1, L:/127.0.0.1:59952 - R:localhost/127.0.0.1:59543]' for 'POST' to 'http://localhost:59543/session/ed666fd0c62896073bfcd289817e2dda/element'
10:08:47.745 [Forwarding findElement on session ed666fd0c62896073bfcd289817e2dda to remote] DEBUG o.a.netty.request.NettyRequestSender - Using open Channel [id: 0x4d40aba1, L:/127.0.0.1:59952 - R:localhost/127.0.0.1:59543] for POST '/session/ed666fd0c62896073bfcd289817e2dda/element'
10:08:47.751 [AsyncHttpClient-1-5] DEBUG o.a.netty.handler.HttpHandler - 

Request DefaultHttpRequest(decodeResult: success, version: HTTP/1.1)
POST /session/ed666fd0c62896073bfcd289817e2dda/element HTTP/1.1
User-Agent: selenium/4.1.2 (java windows)
Content-Length: 125
Content-Type: application/json; charset=utf-8
host: localhost:59543
accept: */*

Response DefaultHttpResponse(decodeResult: success, version: HTTP/1.1)
HTTP/1.1 200 OK
Content-Type: application/json; charset=utf-8
cache-control: no-cache
content-length: 88

10:08:47.751 [AsyncHttpClient-1-5] DEBUG o.a.netty.channel.ChannelManager - Adding key: http://localhost:59543 for channel [id: 0x4d40aba1, L:/127.0.0.1:59952 - R:localhost/127.0.0.1:59543]
10:08:47.752 [Forwarding isElementEnabled on session ed666fd0c62896073bfcd289817e2dda to remote] DEBUG o.a.netty.request.NettyRequestSender - Using pooled Channel '[id: 0x4d40aba1, L:/127.0.0.1:59952 - R:localhost/127.0.0.1:59543]' for 'GET' to 'http://localhost:59543/session/ed666fd0c62896073bfcd289817e2dda/element/08290755-7ed9-4040-bdbf-367c5df33349/enabled'
10:08:47.752 [Forwarding isElementEnabled on session ed666fd0c62896073bfcd289817e2dda to remote] DEBUG o.a.netty.request.NettyRequestSender - Using open Channel [id: 0x4d40aba1, L:/127.0.0.1:59952 - R:localhost/127.0.0.1:59543] for GET '/session/ed666fd0c62896073bfcd289817e2dda/element/08290755-7ed9-4040-bdbf-367c5df33349/enabled'
10:08:47.759 [AsyncHttpClient-1-5] DEBUG o.a.netty.handler.HttpHandler - 

Request DefaultFullHttpRequest(decodeResult: success, version: HTTP/1.1, content: EmptyByteBufBE)
GET /session/ed666fd0c62896073bfcd289817e2dda/element/08290755-7ed9-4040-bdbf-367c5df33349/enabled HTTP/1.1
User-Agent: selenium/4.1.2 (java windows)
Cache-Control: no-cache
Content-Type: application/json; charset=utf-8
host: localhost:59543
accept: */*

Response DefaultHttpResponse(decodeResult: success, version: HTTP/1.1)
HTTP/1.1 200 OK
Content-Type: application/json; charset=utf-8
cache-control: no-cache
content-length: 14

10:08:47.759 [AsyncHttpClient-1-5] DEBUG o.a.netty.channel.ChannelManager - Adding key: http://localhost:59543 for channel [id: 0x4d40aba1, L:/127.0.0.1:59952 - R:localhost/127.0.0.1:59543]
  &amp#27;[32mAnd &amp#27;[0m&amp#27;[32muser verify the Login Page Elements is Visible&amp#27;[0m                                                   &amp#27;[90m# stepdefinitions.LoginPageSteps.user_verify_the_login_page_elements_is_visible()&amp#27;[0m
10:08:48.098 [AsyncHttpClient-1-1] DEBUG o.a.netty.channel.DefaultChannelPool - Entry count for : http://localhost:59543 : 1
10:08:48.098 [AsyncHttpClient-1-1] DEBUG o.a.netty.channel.DefaultChannelPool - Entry count for : http://localhost:59955 : 1
10:08:49.197 [AsyncHttpClient-1-1] DEBUG o.a.netty.channel.DefaultChannelPool - Entry count for : http://localhost:59543 : 1
10:08:49.197 [AsyncHttpClient-1-1] DEBUG o.a.netty.channel.DefaultChannelPool - Entry count for : http://localhost:59955 : 1
10:08:49.773 [main] DEBUG com.pages.LoginPage - enterUserCredentails: username = 'invalidUser' | password = 'InvalidPassword' 
10:08:49.773 [Forwarding findElement on session ed666fd0c62896073bfcd289817e2dda to remote] DEBUG o.a.netty.request.NettyRequestSender - Using pooled Channel '[id: 0x4d40aba1, L:/127.0.0.1:59952 - R:localhost/127.0.0.1:59543]' for 'POST' to 'http://localhost:59543/session/ed666fd0c62896073bfcd289817e2dda/element'
10:08:49.773 [Forwarding findElement on session ed666fd0c62896073bfcd289817e2dda to remote] DEBUG o.a.netty.request.NettyRequestSender - Using open Channel [id: 0x4d40aba1, L:/127.0.0.1:59952 - R:localhost/127.0.0.1:59543] for POST '/session/ed666fd0c62896073bfcd289817e2dda/element'
10:08:49.777 [AsyncHttpClient-1-5] DEBUG o.a.netty.handler.HttpHandler - 

Request DefaultHttpRequest(decodeResult: success, version: HTTP/1.1)
POST /session/ed666fd0c62896073bfcd289817e2dda/element HTTP/1.1
User-Agent: selenium/4.1.2 (java windows)
Content-Length: 128
Content-Type: application/json; charset=utf-8
host: localhost:59543
accept: */*

Response DefaultHttpResponse(decodeResult: success, version: HTTP/1.1)
HTTP/1.1 200 OK
Content-Type: application/json; charset=utf-8
cache-control: no-cache
content-length: 88

10:08:49.777 [AsyncHttpClient-1-5] DEBUG o.a.netty.channel.ChannelManager - Adding key: http://localhost:59543 for channel [id: 0x4d40aba1, L:/127.0.0.1:59952 - R:localhost/127.0.0.1:59543]
10:08:49.778 [Forwarding sendKeysToElement on session ed666fd0c62896073bfcd289817e2dda to remote] DEBUG o.a.netty.request.NettyRequestSender - Using pooled Channel '[id: 0x4d40aba1, L:/127.0.0.1:59952 - R:localhost/127.0.0.1:59543]' for 'POST' to 'http://localhost:59543/session/ed666fd0c62896073bfcd289817e2dda/element/3e91fb4f-065b-48e9-9e0a-b1caf964a5de/value'
10:08:49.778 [Forwarding sendKeysToElement on session ed666fd0c62896073bfcd289817e2dda to remote] DEBUG o.a.netty.request.NettyRequestSender - Using open Channel [id: 0x4d40aba1, L:/127.0.0.1:59952 - R:localhost/127.0.0.1:59543] for POST '/session/ed666fd0c62896073bfcd289817e2dda/element/3e91fb4f-065b-48e9-9e0a-b1caf964a5de/value'
10:08:49.804 [AsyncHttpClient-1-5] DEBUG o.a.netty.handler.HttpHandler - 

Request DefaultHttpRequest(decodeResult: success, version: HTTP/1.1)
POST /session/ed666fd0c62896073bfcd289817e2dda/element/3e91fb4f-065b-48e9-9e0a-b1caf964a5de/value HTTP/1.1
User-Agent: selenium/4.1.2 (java windows)
Content-Length: 191
Content-Type: application/json; charset=utf-8
host: localhost:59543
accept: */*

Response DefaultHttpResponse(decodeResult: success, version: HTTP/1.1)
HTTP/1.1 200 OK
Content-Type: application/json; charset=utf-8
cache-control: no-cache
content-length: 14

10:08:49.805 [AsyncHttpClient-1-5] DEBUG o.a.netty.channel.ChannelManager - Adding key: http://localhost:59543 for channel [id: 0x4d40aba1, L:/127.0.0.1:59952 - R:localhost/127.0.0.1:59543]
10:08:49.806 [Forwarding findElement on session ed666fd0c62896073bfcd289817e2dda to remote] DEBUG o.a.netty.request.NettyRequestSender - Using pooled Channel '[id: 0x4d40aba1, L:/127.0.0.1:59952 - R:localhost/127.0.0.1:59543]' for 'POST' to 'http://localhost:59543/session/ed666fd0c62896073bfcd289817e2dda/element'
10:08:49.806 [Forwarding findElement on session ed666fd0c62896073bfcd289817e2dda to remote] DEBUG o.a.netty.request.NettyRequestSender - Using open Channel [id: 0x4d40aba1, L:/127.0.0.1:59952 - R:localhost/127.0.0.1:59543] for POST '/session/ed666fd0c62896073bfcd289817e2dda/element'
10:08:49.810 [AsyncHttpClient-1-5] DEBUG o.a.netty.handler.HttpHandler - 

Request DefaultHttpRequest(decodeResult: success, version: HTTP/1.1)
POST /session/ed666fd0c62896073bfcd289817e2dda/element HTTP/1.1
User-Agent: selenium/4.1.2 (java windows)
Content-Length: 132
Content-Type: application/json; charset=utf-8
host: localhost:59543
accept: */*

Response DefaultHttpResponse(decodeResult: success, version: HTTP/1.1)
HTTP/1.1 200 OK
Content-Type: application/json; charset=utf-8
cache-control: no-cache
content-length: 88

10:08:49.810 [AsyncHttpClient-1-5] DEBUG o.a.netty.channel.ChannelManager - Adding key: http://localhost:59543 for channel [id: 0x4d40aba1, L:/127.0.0.1:59952 - R:localhost/127.0.0.1:59543]
10:08:49.811 [Forwarding sendKeysToElement on session ed666fd0c62896073bfcd289817e2dda to remote] DEBUG o.a.netty.request.NettyRequestSender - Using pooled Channel '[id: 0x4d40aba1, L:/127.0.0.1:59952 - R:localhost/127.0.0.1:59543]' for 'POST' to 'http://localhost:59543/session/ed666fd0c62896073bfcd289817e2dda/element/ba39ff38-8ed0-419b-99f5-75788ac717a6/value'
10:08:49.811 [Forwarding sendKeysToElement on session ed666fd0c62896073bfcd289817e2dda to remote] DEBUG o.a.netty.request.NettyRequestSender - Using open Channel [id: 0x4d40aba1, L:/127.0.0.1:59952 - R:localhost/127.0.0.1:59543] for POST '/session/ed666fd0c62896073bfcd289817e2dda/element/ba39ff38-8ed0-419b-99f5-75788ac717a6/value'
10:08:49.844 [AsyncHttpClient-1-5] DEBUG o.a.netty.handler.HttpHandler - 

Request DefaultHttpRequest(decodeResult: success, version: HTTP/1.1)
POST /session/ed666fd0c62896073bfcd289817e2dda/element/ba39ff38-8ed0-419b-99f5-75788ac717a6/value HTTP/1.1
User-Agent: selenium/4.1.2 (java windows)
Content-Length: 231
Content-Type: application/json; charset=utf-8
host: localhost:59543
accept: */*

Response DefaultHttpResponse(decodeResult: success, version: HTTP/1.1)
HTTP/1.1 200 OK
Content-Type: application/json; charset=utf-8
cache-control: no-cache
content-length: 14

10:08:49.845 [AsyncHttpClient-1-5] DEBUG o.a.netty.channel.ChannelManager - Adding key: http://localhost:59543 for channel [id: 0x4d40aba1, L:/127.0.0.1:59952 - R:localhost/127.0.0.1:59543]
10:08:49.846 [Forwarding findElement on session ed666fd0c62896073bfcd289817e2dda to remote] DEBUG o.a.netty.request.NettyRequestSender - Using pooled Channel '[id: 0x4d40aba1, L:/127.0.0.1:59952 - R:localhost/127.0.0.1:59543]' for 'POST' to 'http://localhost:59543/session/ed666fd0c62896073bfcd289817e2dda/element'
10:08:49.846 [Forwarding findElement on session ed666fd0c62896073bfcd289817e2dda to remote] DEBUG o.a.netty.request.NettyRequestSender - Using open Channel [id: 0x4d40aba1, L:/127.0.0.1:59952 - R:localhost/127.0.0.1:59543] for POST '/session/ed666fd0c62896073bfcd289817e2dda/element'
10:08:49.849 [AsyncHttpClient-1-5] DEBUG o.a.netty.handler.HttpHandler - 

Request DefaultHttpRequest(decodeResult: success, version: HTTP/1.1)
POST /session/ed666fd0c62896073bfcd289817e2dda/element HTTP/1.1
User-Agent: selenium/4.1.2 (java windows)
Content-Length: 125
Content-Type: application/json; charset=utf-8
host: localhost:59543
accept: */*

Response DefaultHttpResponse(decodeResult: success, version: HTTP/1.1)
HTTP/1.1 200 OK
Content-Type: application/json; charset=utf-8
cache-control: no-cache
content-length: 88

10:08:49.850 [AsyncHttpClient-1-5] DEBUG o.a.netty.channel.ChannelManager - Adding key: http://localhost:59543 for channel [id: 0x4d40aba1, L:/127.0.0.1:59952 - R:localhost/127.0.0.1:59543]
10:08:49.851 [Forwarding clickElement on session ed666fd0c62896073bfcd289817e2dda to remote] DEBUG o.a.netty.request.NettyRequestSender - Using pooled Channel '[id: 0x4d40aba1, L:/127.0.0.1:59952 - R:localhost/127.0.0.1:59543]' for 'POST' to 'http://localhost:59543/session/ed666fd0c62896073bfcd289817e2dda/element/08290755-7ed9-4040-bdbf-367c5df33349/click'
10:08:49.851 [Forwarding clickElement on session ed666fd0c62896073bfcd289817e2dda to remote] DEBUG o.a.netty.request.NettyRequestSender - Using open Channel [id: 0x4d40aba1, L:/127.0.0.1:59952 - R:localhost/127.0.0.1:59543] for POST '/session/ed666fd0c62896073bfcd289817e2dda/element/08290755-7ed9-4040-bdbf-367c5df33349/click'
10:08:49.903 [AsyncHttpClient-1-5] DEBUG o.a.netty.handler.HttpHandler - 

Request DefaultHttpRequest(decodeResult: success, version: HTTP/1.1)
POST /session/ed666fd0c62896073bfcd289817e2dda/element/08290755-7ed9-4040-bdbf-367c5df33349/click HTTP/1.1
User-Agent: selenium/4.1.2 (java windows)
Content-Length: 50
Content-Type: application/json; charset=utf-8
host: localhost:59543
accept: */*

Response DefaultHttpResponse(decodeResult: success, version: HTTP/1.1)
HTTP/1.1 200 OK
Content-Type: application/json; charset=utf-8
cache-control: no-cache
content-length: 14

10:08:49.903 [AsyncHttpClient-1-5] DEBUG o.a.netty.channel.ChannelManager - Adding key: http://localhost:59543 for channel [id: 0x4d40aba1, L:/127.0.0.1:59952 - R:localhost/127.0.0.1:59543]
10:08:49.903 [main] DEBUG com.pages.LoginPage - verifyErrorMessage: 'The information you entered was not recognized.' 
10:08:49.904 [Forwarding findElement on session ed666fd0c62896073bfcd289817e2dda to remote] DEBUG o.a.netty.request.NettyRequestSender - Using pooled Channel '[id: 0x4d40aba1, L:/127.0.0.1:59952 - R:localhost/127.0.0.1:59543]' for 'POST' to 'http://localhost:59543/session/ed666fd0c62896073bfcd289817e2dda/element'
10:08:49.904 [Forwarding findElement on session ed666fd0c62896073bfcd289817e2dda to remote] DEBUG o.a.netty.request.NettyRequestSender - Using open Channel [id: 0x4d40aba1, L:/127.0.0.1:59952 - R:localhost/127.0.0.1:59543] for POST '/session/ed666fd0c62896073bfcd289817e2dda/element'
10:08:49.912 [AsyncHttpClient-1-5] DEBUG o.a.netty.handler.HttpHandler - 

Request DefaultHttpRequest(decodeResult: success, version: HTTP/1.1)
POST /session/ed666fd0c62896073bfcd289817e2dda/element HTTP/1.1
User-Agent: selenium/4.1.2 (java windows)
Content-Length: 75
Content-Type: application/json; charset=utf-8
host: localhost:59543
accept: */*

Response DefaultHttpResponse(decodeResult: success, version: HTTP/1.1)
HTTP/1.1 200 OK
Content-Type: application/json; charset=utf-8
cache-control: no-cache
content-length: 88

10:08:49.912 [AsyncHttpClient-1-5] DEBUG o.a.netty.channel.ChannelManager - Adding key: http://localhost:59543 for channel [id: 0x4d40aba1, L:/127.0.0.1:59952 - R:localhost/127.0.0.1:59543]
10:08:49.914 [Forwarding isElementDisplayed on session ed666fd0c62896073bfcd289817e2dda to remote] DEBUG o.a.netty.request.NettyRequestSender - Using pooled Channel '[id: 0x4d40aba1, L:/127.0.0.1:59952 - R:localhost/127.0.0.1:59543]' for 'POST' to 'http://localhost:59543/session/ed666fd0c62896073bfcd289817e2dda/execute/sync'
10:08:49.914 [Forwarding isElementDisplayed on session ed666fd0c62896073bfcd289817e2dda to remote] DEBUG o.a.netty.request.NettyRequestSender - Using open Channel [id: 0x4d40aba1, L:/127.0.0.1:59952 - R:localhost/127.0.0.1:59543] for POST '/session/ed666fd0c62896073bfcd289817e2dda/execute/sync'
10:08:49.924 [AsyncHttpClient-1-5] DEBUG o.a.netty.handler.HttpHandler - 

Request DefaultHttpRequest(decodeResult: success, version: HTTP/1.1)
POST /session/ed666fd0c62896073bfcd289817e2dda/execute/sync HTTP/1.1
User-Agent: selenium/4.1.2 (java windows)
Content-Length: 48780
Content-Type: application/json; charset=utf-8
host: localhost:59543
accept: */*

Response DefaultHttpResponse(decodeResult: success, version: HTTP/1.1)
HTTP/1.1 200 OK
Content-Type: application/json; charset=utf-8
cache-control: no-cache
content-length: 15

10:08:49.924 [AsyncHttpClient-1-5] DEBUG o.a.netty.channel.ChannelManager - Adding key: http://localhost:59543 for channel [id: 0x4d40aba1, L:/127.0.0.1:59952 - R:localhost/127.0.0.1:59543]
10:08:50.310 [AsyncHttpClient-1-1] DEBUG o.a.netty.channel.DefaultChannelPool - Entry count for : http://localhost:59543 : 1
10:08:50.310 [AsyncHttpClient-1-1] DEBUG o.a.netty.channel.DefaultChannelPool - Entry count for : http://localhost:59955 : 1
10:08:50.434 [Forwarding findElement on session ed666fd0c62896073bfcd289817e2dda to remote] DEBUG o.a.netty.request.NettyRequestSender - Using pooled Channel '[id: 0x4d40aba1, L:/127.0.0.1:59952 - R:localhost/127.0.0.1:59543]' for 'POST' to 'http://localhost:59543/session/ed666fd0c62896073bfcd289817e2dda/element'
10:08:50.434 [Forwarding findElement on session ed666fd0c62896073bfcd289817e2dda to remote] DEBUG o.a.netty.request.NettyRequestSender - Using open Channel [id: 0x4d40aba1, L:/127.0.0.1:59952 - R:localhost/127.0.0.1:59543] for POST '/session/ed666fd0c62896073bfcd289817e2dda/element'
10:08:50.438 [AsyncHttpClient-1-5] DEBUG o.a.netty.handler.HttpHandler - 

Request DefaultHttpRequest(decodeResult: success, version: HTTP/1.1)
POST /session/ed666fd0c62896073bfcd289817e2dda/element HTTP/1.1
User-Agent: selenium/4.1.2 (java windows)
Content-Length: 75
Content-Type: application/json; charset=utf-8
host: localhost:59543
accept: */*

Response DefaultHttpResponse(decodeResult: success, version: HTTP/1.1)
HTTP/1.1 200 OK
Content-Type: application/json; charset=utf-8
cache-control: no-cache
content-length: 88

10:08:50.438 [AsyncHttpClient-1-5] DEBUG o.a.netty.channel.ChannelManager - Adding key: http://localhost:59543 for channel [id: 0x4d40aba1, L:/127.0.0.1:59952 - R:localhost/127.0.0.1:59543]
10:08:50.441 [Forwarding isElementDisplayed on session ed666fd0c62896073bfcd289817e2dda to remote] DEBUG o.a.netty.request.NettyRequestSender - Using pooled Channel '[id: 0x4d40aba1, L:/127.0.0.1:59952 - R:localhost/127.0.0.1:59543]' for 'POST' to 'http://localhost:59543/session/ed666fd0c62896073bfcd289817e2dda/execute/sync'
10:08:50.441 [Forwarding isElementDisplayed on session ed666fd0c62896073bfcd289817e2dda to remote] DEBUG o.a.netty.request.NettyRequestSender - Using open Channel [id: 0x4d40aba1, L:/127.0.0.1:59952 - R:localhost/127.0.0.1:59543] for POST '/session/ed666fd0c62896073bfcd289817e2dda/execute/sync'
10:08:50.446 [AsyncHttpClient-1-5] DEBUG o.a.netty.handler.HttpHandler - 

Request DefaultHttpRequest(decodeResult: success, version: HTTP/1.1)
POST /session/ed666fd0c62896073bfcd289817e2dda/execute/sync HTTP/1.1
User-Agent: selenium/4.1.2 (java windows)
Content-Length: 48780
Content-Type: application/json; charset=utf-8
host: localhost:59543
accept: */*

Response DefaultHttpResponse(decodeResult: success, version: HTTP/1.1)
HTTP/1.1 200 OK
Content-Type: application/json; charset=utf-8
cache-control: no-cache
content-length: 14

10:08:50.446 [AsyncHttpClient-1-5] DEBUG o.a.netty.channel.ChannelManager - Adding key: http://localhost:59543 for channel [id: 0x4d40aba1, L:/127.0.0.1:59952 - R:localhost/127.0.0.1:59543]
10:08:50.447 [Forwarding getElementText on session ed666fd0c62896073bfcd289817e2dda to remote] DEBUG o.a.netty.request.NettyRequestSender - Using pooled Channel '[id: 0x4d40aba1, L:/127.0.0.1:59952 - R:localhost/127.0.0.1:59543]' for 'GET' to 'http://localhost:59543/session/ed666fd0c62896073bfcd289817e2dda/element/ef13d78e-0695-44ce-b248-cc3d036c0305/text'
10:08:50.447 [Forwarding getElementText on session ed666fd0c62896073bfcd289817e2dda to remote] DEBUG o.a.netty.request.NettyRequestSender - Using open Channel [id: 0x4d40aba1, L:/127.0.0.1:59952 - R:localhost/127.0.0.1:59543] for GET '/session/ed666fd0c62896073bfcd289817e2dda/element/ef13d78e-0695-44ce-b248-cc3d036c0305/text'
10:08:50.455 [AsyncHttpClient-1-5] DEBUG o.a.netty.handler.HttpHandler - 

Request DefaultFullHttpRequest(decodeResult: success, version: HTTP/1.1, content: EmptyByteBufBE)
GET /session/ed666fd0c62896073bfcd289817e2dda/element/ef13d78e-0695-44ce-b248-cc3d036c0305/text HTTP/1.1
User-Agent: selenium/4.1.2 (java windows)
Cache-Control: no-cache
Content-Type: application/json; charset=utf-8
host: localhost:59543
accept: */*

Response DefaultHttpResponse(decodeResult: success, version: HTTP/1.1)
HTTP/1.1 200 OK
Content-Type: application/json; charset=utf-8
cache-control: no-cache
content-length: 59

10:08:50.455 [AsyncHttpClient-1-5] DEBUG o.a.netty.channel.ChannelManager - Adding key: http://localhost:59543 for channel [id: 0x4d40aba1, L:/127.0.0.1:59952 - R:localhost/127.0.0.1:59543]
10:08:51.402 [AsyncHttpClient-1-1] DEBUG o.a.netty.channel.DefaultChannelPool - Entry count for : http://localhost:59543 : 1
10:08:51.402 [AsyncHttpClient-1-1] DEBUG o.a.netty.channel.DefaultChannelPool - Entry count for : http://localhost:59955 : 1
  &amp#27;[32mWhen &amp#27;[0m&amp#27;[32muser login using invalid credentials with username &amp#27;[0m&amp#27;[32m&amp#27;[1m"invalidUser"&amp#27;[0m&amp#27;[32m and password &amp#27;[0m&amp#27;[32m&amp#27;[1m"InvalidPassword"&amp#27;[0m &amp#27;[90m# stepdefinitions.LoginPageSteps.user_login_using_invalid_credentials_with_username_and_password(java.lang.String,java.lang.String)&amp#27;[0m
10:08:52.463 [Forwarding getTitle on session ed666fd0c62896073bfcd289817e2dda to remote] DEBUG o.a.netty.request.NettyRequestSender - Using pooled Channel '[id: 0x4d40aba1, L:/127.0.0.1:59952 - R:localhost/127.0.0.1:59543]' for 'GET' to 'http://localhost:59543/session/ed666fd0c62896073bfcd289817e2dda/title'
10:08:52.463 [Forwarding getTitle on session ed666fd0c62896073bfcd289817e2dda to remote] DEBUG o.a.netty.request.NettyRequestSender - Using open Channel [id: 0x4d40aba1, L:/127.0.0.1:59952 - R:localhost/127.0.0.1:59543] for GET '/session/ed666fd0c62896073bfcd289817e2dda/title'
10:08:52.465 [AsyncHttpClient-1-5] DEBUG o.a.netty.handler.HttpHandler - 

Request DefaultFullHttpRequest(decodeResult: success, version: HTTP/1.1, content: EmptyByteBufBE)
GET /session/ed666fd0c62896073bfcd289817e2dda/title HTTP/1.1
User-Agent: selenium/4.1.2 (java windows)
Cache-Control: no-cache
Content-Type: application/json; charset=utf-8
host: localhost:59543
accept: */*

Response DefaultHttpResponse(decodeResult: success, version: HTTP/1.1)
HTTP/1.1 200 OK
Content-Type: application/json; charset=utf-8
cache-control: no-cache
content-length: 22

10:08:52.465 [AsyncHttpClient-1-5] DEBUG o.a.netty.channel.ChannelManager - Adding key: http://localhost:59543 for channel [id: 0x4d40aba1, L:/127.0.0.1:59952 - R:localhost/127.0.0.1:59543]
10:08:52.465 [main] DEBUG com.pages.LoginPage - verifyApplication: 'Login Page' 
10:08:52.465 [Forwarding getTitle on session ed666fd0c62896073bfcd289817e2dda to remote] DEBUG o.a.netty.request.NettyRequestSender - Using pooled Channel '[id: 0x4d40aba1, L:/127.0.0.1:59952 - R:localhost/127.0.0.1:59543]' for 'GET' to 'http://localhost:59543/session/ed666fd0c62896073bfcd289817e2dda/title'
10:08:52.465 [Forwarding getTitle on session ed666fd0c62896073bfcd289817e2dda to remote] DEBUG o.a.netty.request.NettyRequestSender - Using open Channel [id: 0x4d40aba1, L:/127.0.0.1:59952 - R:localhost/127.0.0.1:59543] for GET '/session/ed666fd0c62896073bfcd289817e2dda/title'
10:08:52.467 [AsyncHttpClient-1-5] DEBUG o.a.netty.handler.HttpHandler - 

Request DefaultFullHttpRequest(decodeResult: success, version: HTTP/1.1, content: EmptyByteBufBE)
GET /session/ed666fd0c62896073bfcd289817e2dda/title HTTP/1.1
User-Agent: selenium/4.1.2 (java windows)
Cache-Control: no-cache
Content-Type: application/json; charset=utf-8
host: localhost:59543
accept: */*

Response DefaultHttpResponse(decodeResult: success, version: HTTP/1.1)
HTTP/1.1 200 OK
Content-Type: application/json; charset=utf-8
cache-control: no-cache
content-length: 22

10:08:52.467 [AsyncHttpClient-1-5] DEBUG o.a.netty.channel.ChannelManager - Adding key: http://localhost:59543 for channel [id: 0x4d40aba1, L:/127.0.0.1:59952 - R:localhost/127.0.0.1:59543]
10:08:52.510 [AsyncHttpClient-1-1] DEBUG o.a.netty.channel.DefaultChannelPool - Entry count for : http://localhost:59543 : 1
10:08:52.510 [AsyncHttpClient-1-1] DEBUG o.a.netty.channel.DefaultChannelPool - Entry count for : http://localhost:59955 : 1
10:08:53.600 [AsyncHttpClient-1-1] DEBUG o.a.netty.channel.DefaultChannelPool - Entry count for : http://localhost:59543 : 1
10:08:53.600 [AsyncHttpClient-1-1] DEBUG o.a.netty.channel.DefaultChannelPool - Entry count for : http://localhost:59955 : 1
10:08:54.706 [AsyncHttpClient-1-1] DEBUG o.a.netty.channel.DefaultChannelPool - Entry count for : http://localhost:59543 : 1
10:08:54.706 [AsyncHttpClient-1-1] DEBUG o.a.netty.channel.DefaultChannelPool - Entry count for : http://localhost:59955 : 1
10:08:55.805 [AsyncHttpClient-1-1] DEBUG o.a.netty.channel.DefaultChannelPool - Entry count for : http://localhost:59543 : 1
10:08:55.805 [AsyncHttpClient-1-1] DEBUG o.a.netty.channel.DefaultChannelPool - Entry count for : http://localhost:59955 : 1
10:08:56.907 [AsyncHttpClient-1-1] DEBUG o.a.netty.channel.DefaultChannelPool - Entry count for : http://localhost:59543 : 1
10:08:56.907 [AsyncHttpClient-1-1] DEBUG o.a.netty.channel.DefaultChannelPool - Entry count for : http://localhost:59955 : 1
10:08:57.482 [main] DEBUG com.pages.LoginPage - verifyErrorMessage: 'The information you entered was not recognized.' 
10:08:57.482 [Forwarding findElement on session ed666fd0c62896073bfcd289817e2dda to remote] DEBUG o.a.netty.request.NettyRequestSender - Using pooled Channel '[id: 0x4d40aba1, L:/127.0.0.1:59952 - R:localhost/127.0.0.1:59543]' for 'POST' to 'http://localhost:59543/session/ed666fd0c62896073bfcd289817e2dda/element'
10:08:57.482 [Forwarding findElement on session ed666fd0c62896073bfcd289817e2dda to remote] DEBUG o.a.netty.request.NettyRequestSender - Using open Channel [id: 0x4d40aba1, L:/127.0.0.1:59952 - R:localhost/127.0.0.1:59543] for POST '/session/ed666fd0c62896073bfcd289817e2dda/element'
10:08:57.486 [AsyncHttpClient-1-5] DEBUG o.a.netty.handler.HttpHandler - 

Request DefaultHttpRequest(decodeResult: success, version: HTTP/1.1)
POST /session/ed666fd0c62896073bfcd289817e2dda/element HTTP/1.1
User-Agent: selenium/4.1.2 (java windows)
Content-Length: 75
Content-Type: application/json; charset=utf-8
host: localhost:59543
accept: */*

Response DefaultHttpResponse(decodeResult: success, version: HTTP/1.1)
HTTP/1.1 200 OK
Content-Type: application/json; charset=utf-8
cache-control: no-cache
content-length: 88

10:08:57.487 [AsyncHttpClient-1-5] DEBUG o.a.netty.channel.ChannelManager - Adding key: http://localhost:59543 for channel [id: 0x4d40aba1, L:/127.0.0.1:59952 - R:localhost/127.0.0.1:59543]
10:08:57.489 [Forwarding isElementDisplayed on session ed666fd0c62896073bfcd289817e2dda to remote] DEBUG o.a.netty.request.NettyRequestSender - Using pooled Channel '[id: 0x4d40aba1, L:/127.0.0.1:59952 - R:localhost/127.0.0.1:59543]' for 'POST' to 'http://localhost:59543/session/ed666fd0c62896073bfcd289817e2dda/execute/sync'
10:08:57.489 [Forwarding isElementDisplayed on session ed666fd0c62896073bfcd289817e2dda to remote] DEBUG o.a.netty.request.NettyRequestSender - Using open Channel [id: 0x4d40aba1, L:/127.0.0.1:59952 - R:localhost/127.0.0.1:59543] for POST '/session/ed666fd0c62896073bfcd289817e2dda/execute/sync'
10:08:57.494 [AsyncHttpClient-1-5] DEBUG o.a.netty.handler.HttpHandler - 

Request DefaultHttpRequest(decodeResult: success, version: HTTP/1.1)
POST /session/ed666fd0c62896073bfcd289817e2dda/execute/sync HTTP/1.1
User-Agent: selenium/4.1.2 (java windows)
Content-Length: 48780
Content-Type: application/json; charset=utf-8
host: localhost:59543
accept: */*

Response DefaultHttpResponse(decodeResult: success, version: HTTP/1.1)
HTTP/1.1 200 OK
Content-Type: application/json; charset=utf-8
cache-control: no-cache
content-length: 14

10:08:57.494 [AsyncHttpClient-1-5] DEBUG o.a.netty.channel.ChannelManager - Adding key: http://localhost:59543 for channel [id: 0x4d40aba1, L:/127.0.0.1:59952 - R:localhost/127.0.0.1:59543]
10:08:57.495 [Forwarding getElementText on session ed666fd0c62896073bfcd289817e2dda to remote] DEBUG o.a.netty.request.NettyRequestSender - Using pooled Channel '[id: 0x4d40aba1, L:/127.0.0.1:59952 - R:localhost/127.0.0.1:59543]' for 'GET' to 'http://localhost:59543/session/ed666fd0c62896073bfcd289817e2dda/element/ef13d78e-0695-44ce-b248-cc3d036c0305/text'
10:08:57.495 [Forwarding getElementText on session ed666fd0c62896073bfcd289817e2dda to remote] DEBUG o.a.netty.request.NettyRequestSender - Using open Channel [id: 0x4d40aba1, L:/127.0.0.1:59952 - R:localhost/127.0.0.1:59543] for GET '/session/ed666fd0c62896073bfcd289817e2dda/element/ef13d78e-0695-44ce-b248-cc3d036c0305/text'
10:08:57.498 [AsyncHttpClient-1-5] DEBUG o.a.netty.handler.HttpHandler - 

Request DefaultFullHttpRequest(decodeResult: success, version: HTTP/1.1, content: EmptyByteBufBE)
GET /session/ed666fd0c62896073bfcd289817e2dda/element/ef13d78e-0695-44ce-b248-cc3d036c0305/text HTTP/1.1
User-Agent: selenium/4.1.2 (java windows)
Cache-Control: no-cache
Content-Type: application/json; charset=utf-8
host: localhost:59543
accept: */*

Response DefaultHttpResponse(decodeResult: success, version: HTTP/1.1)
HTTP/1.1 200 OK
Content-Type: application/json; charset=utf-8
cache-control: no-cache
content-length: 59

10:08:57.499 [AsyncHttpClient-1-5] DEBUG o.a.netty.channel.ChannelManager - Adding key: http://localhost:59543 for channel [id: 0x4d40aba1, L:/127.0.0.1:59952 - R:localhost/127.0.0.1:59543]
10:08:57.997 [AsyncHttpClient-1-1] DEBUG o.a.netty.channel.DefaultChannelPool - Entry count for : http://localhost:59543 : 1
10:08:57.997 [AsyncHttpClient-1-1] DEBUG o.a.netty.channel.DefaultChannelPool - Entry count for : http://localhost:59955 : 1
10:08:59.107 [AsyncHttpClient-1-1] DEBUG o.a.netty.channel.DefaultChannelPool - Entry count for : http://localhost:59543 : 1
10:08:59.107 [AsyncHttpClient-1-1] DEBUG o.a.netty.channel.DefaultChannelPool - Entry count for : http://localhost:59955 : 1
  &amp#27;[32mThen &amp#27;[0m&amp#27;[32muser should not proceed to Dashboard Page&amp#27;[0m                                                       &amp#27;[90m# stepdefinitions.LoginPageSteps.user_should_not_proceed_to_dashboard_page()&amp#27;[0m
10:08:59.511 [main] DEBUG stepdefinitions.LoginPageSteps - List of User: [{username=author@vrbank, password=pega123!, titlePage=Pega Dev Studio}]
author@vrbanke.get("username")
10:09:00.199 [AsyncHttpClient-1-1] DEBUG o.a.netty.channel.DefaultChannelPool - Entry count for : http://localhost:59543 : 1
10:09:00.199 [AsyncHttpClient-1-1] DEBUG o.a.netty.channel.DefaultChannelPool - Entry count for : http://localhost:59955 : 1
10:09:01.312 [AsyncHttpClient-1-1] DEBUG o.a.netty.channel.DefaultChannelPool - Entry count for : http://localhost:59543 : 1
10:09:01.312 [AsyncHttpClient-1-1] DEBUG o.a.netty.channel.DefaultChannelPool - Entry count for : http://localhost:59955 : 1
10:09:01.516 [main] DEBUG com.pages.LoginPage - enterUserCredentails: username = 'author@vrbank' | password = 'pega123!' 
10:09:01.516 [Forwarding findElement on session ed666fd0c62896073bfcd289817e2dda to remote] DEBUG o.a.netty.request.NettyRequestSender - Using pooled Channel '[id: 0x4d40aba1, L:/127.0.0.1:59952 - R:localhost/127.0.0.1:59543]' for 'POST' to 'http://localhost:59543/session/ed666fd0c62896073bfcd289817e2dda/element'
10:09:01.516 [Forwarding findElement on session ed666fd0c62896073bfcd289817e2dda to remote] DEBUG o.a.netty.request.NettyRequestSender - Using open Channel [id: 0x4d40aba1, L:/127.0.0.1:59952 - R:localhost/127.0.0.1:59543] for POST '/session/ed666fd0c62896073bfcd289817e2dda/element'
10:09:01.520 [AsyncHttpClient-1-5] DEBUG o.a.netty.handler.HttpHandler - 

Request DefaultHttpRequest(decodeResult: success, version: HTTP/1.1)
POST /session/ed666fd0c62896073bfcd289817e2dda/element HTTP/1.1
User-Agent: selenium/4.1.2 (java windows)
Content-Length: 128
Content-Type: application/json; charset=utf-8
host: localhost:59543
accept: */*

Response DefaultHttpResponse(decodeResult: success, version: HTTP/1.1)
HTTP/1.1 200 OK
Content-Type: application/json; charset=utf-8
cache-control: no-cache
content-length: 88

10:09:01.520 [AsyncHttpClient-1-5] DEBUG o.a.netty.channel.ChannelManager - Adding key: http://localhost:59543 for channel [id: 0x4d40aba1, L:/127.0.0.1:59952 - R:localhost/127.0.0.1:59543]
10:09:01.521 [Forwarding sendKeysToElement on session ed666fd0c62896073bfcd289817e2dda to remote] DEBUG o.a.netty.request.NettyRequestSender - Using pooled Channel '[id: 0x4d40aba1, L:/127.0.0.1:59952 - R:localhost/127.0.0.1:59543]' for 'POST' to 'http://localhost:59543/session/ed666fd0c62896073bfcd289817e2dda/element/cb00b549-f0e0-4f23-a2e7-9f288d097740/value'
10:09:01.521 [Forwarding sendKeysToElement on session ed666fd0c62896073bfcd289817e2dda to remote] DEBUG o.a.netty.request.NettyRequestSender - Using open Channel [id: 0x4d40aba1, L:/127.0.0.1:59952 - R:localhost/127.0.0.1:59543] for POST '/session/ed666fd0c62896073bfcd289817e2dda/element/cb00b549-f0e0-4f23-a2e7-9f288d097740/value'
10:09:01.539 [AsyncHttpClient-1-5] DEBUG o.a.netty.handler.HttpHandler - 

Request DefaultHttpRequest(decodeResult: success, version: HTTP/1.1)
POST /session/ed666fd0c62896073bfcd289817e2dda/element/cb00b549-f0e0-4f23-a2e7-9f288d097740/value HTTP/1.1
User-Agent: selenium/4.1.2 (java windows)
Content-Length: 211
Content-Type: application/json; charset=utf-8
host: localhost:59543
accept: */*

Response DefaultHttpResponse(decodeResult: success, version: HTTP/1.1)
HTTP/1.1 200 OK
Content-Type: application/json; charset=utf-8
cache-control: no-cache
content-length: 14

10:09:01.539 [AsyncHttpClient-1-5] DEBUG o.a.netty.channel.ChannelManager - Adding key: http://localhost:59543 for channel [id: 0x4d40aba1, L:/127.0.0.1:59952 - R:localhost/127.0.0.1:59543]
10:09:01.540 [Forwarding findElement on session ed666fd0c62896073bfcd289817e2dda to remote] DEBUG o.a.netty.request.NettyRequestSender - Using pooled Channel '[id: 0x4d40aba1, L:/127.0.0.1:59952 - R:localhost/127.0.0.1:59543]' for 'POST' to 'http://localhost:59543/session/ed666fd0c62896073bfcd289817e2dda/element'
10:09:01.540 [Forwarding findElement on session ed666fd0c62896073bfcd289817e2dda to remote] DEBUG o.a.netty.request.NettyRequestSender - Using open Channel [id: 0x4d40aba1, L:/127.0.0.1:59952 - R:localhost/127.0.0.1:59543] for POST '/session/ed666fd0c62896073bfcd289817e2dda/element'
10:09:01.544 [AsyncHttpClient-1-5] DEBUG o.a.netty.handler.HttpHandler - 

Request DefaultHttpRequest(decodeResult: success, version: HTTP/1.1)
POST /session/ed666fd0c62896073bfcd289817e2dda/element HTTP/1.1
User-Agent: selenium/4.1.2 (java windows)
Content-Length: 132
Content-Type: application/json; charset=utf-8
host: localhost:59543
accept: */*

Response DefaultHttpResponse(decodeResult: success, version: HTTP/1.1)
HTTP/1.1 200 OK
Content-Type: application/json; charset=utf-8
cache-control: no-cache
content-length: 88

10:09:01.544 [AsyncHttpClient-1-5] DEBUG o.a.netty.channel.ChannelManager - Adding key: http://localhost:59543 for channel [id: 0x4d40aba1, L:/127.0.0.1:59952 - R:localhost/127.0.0.1:59543]
10:09:01.545 [Forwarding sendKeysToElement on session ed666fd0c62896073bfcd289817e2dda to remote] DEBUG o.a.netty.request.NettyRequestSender - Using pooled Channel '[id: 0x4d40aba1, L:/127.0.0.1:59952 - R:localhost/127.0.0.1:59543]' for 'POST' to 'http://localhost:59543/session/ed666fd0c62896073bfcd289817e2dda/element/5ba19837-f5c3-4982-9a36-4852c6032ca4/value'
10:09:01.545 [Forwarding sendKeysToElement on session ed666fd0c62896073bfcd289817e2dda to remote] DEBUG o.a.netty.request.NettyRequestSender - Using open Channel [id: 0x4d40aba1, L:/127.0.0.1:59952 - R:localhost/127.0.0.1:59543] for POST '/session/ed666fd0c62896073bfcd289817e2dda/element/5ba19837-f5c3-4982-9a36-4852c6032ca4/value'
10:09:01.570 [AsyncHttpClient-1-5] DEBUG o.a.netty.handler.HttpHandler - 

Request DefaultHttpRequest(decodeResult: success, version: HTTP/1.1)
POST /session/ed666fd0c62896073bfcd289817e2dda/element/5ba19837-f5c3-4982-9a36-4852c6032ca4/value HTTP/1.1
User-Agent: selenium/4.1.2 (java windows)
Content-Length: 161
Content-Type: application/json; charset=utf-8
host: localhost:59543
accept: */*

Response DefaultHttpResponse(decodeResult: success, version: HTTP/1.1)
HTTP/1.1 200 OK
Content-Type: application/json; charset=utf-8
cache-control: no-cache
content-length: 14

10:09:01.570 [AsyncHttpClient-1-5] DEBUG o.a.netty.channel.ChannelManager - Adding key: http://localhost:59543 for channel [id: 0x4d40aba1, L:/127.0.0.1:59952 - R:localhost/127.0.0.1:59543]
10:09:01.571 [Forwarding findElement on session ed666fd0c62896073bfcd289817e2dda to remote] DEBUG o.a.netty.request.NettyRequestSender - Using pooled Channel '[id: 0x4d40aba1, L:/127.0.0.1:59952 - R:localhost/127.0.0.1:59543]' for 'POST' to 'http://localhost:59543/session/ed666fd0c62896073bfcd289817e2dda/element'
10:09:01.571 [Forwarding findElement on session ed666fd0c62896073bfcd289817e2dda to remote] DEBUG o.a.netty.request.NettyRequestSender - Using open Channel [id: 0x4d40aba1, L:/127.0.0.1:59952 - R:localhost/127.0.0.1:59543] for POST '/session/ed666fd0c62896073bfcd289817e2dda/element'
10:09:01.576 [AsyncHttpClient-1-5] DEBUG o.a.netty.handler.HttpHandler - 

Request DefaultHttpRequest(decodeResult: success, version: HTTP/1.1)
POST /session/ed666fd0c62896073bfcd289817e2dda/element HTTP/1.1
User-Agent: selenium/4.1.2 (java windows)
Content-Length: 125
Content-Type: application/json; charset=utf-8
host: localhost:59543
accept: */*

Response DefaultHttpResponse(decodeResult: success, version: HTTP/1.1)
HTTP/1.1 200 OK
Content-Type: application/json; charset=utf-8
cache-control: no-cache
content-length: 88

10:09:01.576 [AsyncHttpClient-1-5] DEBUG o.a.netty.channel.ChannelManager - Adding key: http://localhost:59543 for channel [id: 0x4d40aba1, L:/127.0.0.1:59952 - R:localhost/127.0.0.1:59543]
10:09:01.577 [Forwarding clickElement on session ed666fd0c62896073bfcd289817e2dda to remote] DEBUG o.a.netty.request.NettyRequestSender - Using pooled Channel '[id: 0x4d40aba1, L:/127.0.0.1:59952 - R:localhost/127.0.0.1:59543]' for 'POST' to 'http://localhost:59543/session/ed666fd0c62896073bfcd289817e2dda/element/661802ec-3935-4dfe-b456-ef061bd092aa/click'
10:09:01.577 [Forwarding clickElement on session ed666fd0c62896073bfcd289817e2dda to remote] DEBUG o.a.netty.request.NettyRequestSender - Using open Channel [id: 0x4d40aba1, L:/127.0.0.1:59952 - R:localhost/127.0.0.1:59543] for POST '/session/ed666fd0c62896073bfcd289817e2dda/element/661802ec-3935-4dfe-b456-ef061bd092aa/click'
10:09:02.401 [AsyncHttpClient-1-1] DEBUG o.a.netty.channel.DefaultChannelPool - Entry count for : http://localhost:59955 : 1
10:09:03.500 [AsyncHttpClient-1-1] DEBUG o.a.netty.channel.DefaultChannelPool - Entry count for : http://localhost:59955 : 1
10:09:04.386 [AsyncHttpClient-1-5] DEBUG o.a.netty.handler.HttpHandler - 

Request DefaultHttpRequest(decodeResult: success, version: HTTP/1.1)
POST /session/ed666fd0c62896073bfcd289817e2dda/element/661802ec-3935-4dfe-b456-ef061bd092aa/click HTTP/1.1
User-Agent: selenium/4.1.2 (java windows)
Content-Length: 50
Content-Type: application/json; charset=utf-8
host: localhost:59543
accept: */*

Response DefaultHttpResponse(decodeResult: success, version: HTTP/1.1)
HTTP/1.1 200 OK
Content-Type: application/json; charset=utf-8
cache-control: no-cache
content-length: 14

10:09:04.386 [AsyncHttpClient-1-5] DEBUG o.a.netty.channel.ChannelManager - Adding key: http://localhost:59543 for channel [id: 0x4d40aba1, L:/127.0.0.1:59952 - R:localhost/127.0.0.1:59543]
  &amp#27;[32mWhen &amp#27;[0m&amp#27;[32muser login using valid credentials&amp#27;[0m                                                              &amp#27;[90m# stepdefinitions.LoginPageSteps.user_login_using_valid_credentials(io.cucumber.datatable.DataTable)&amp#27;[0m
    | username      | password | titlePage       |
    | author@vrbank | pega123! | Pega Dev Studio |
10:09:04.391 [Forwarding getTitle on session ed666fd0c62896073bfcd289817e2dda to remote] DEBUG o.a.netty.request.NettyRequestSender - Using pooled Channel '[id: 0x4d40aba1, L:/127.0.0.1:59952 - R:localhost/127.0.0.1:59543]' for 'GET' to 'http://localhost:59543/session/ed666fd0c62896073bfcd289817e2dda/title'
10:09:04.391 [Forwarding getTitle on session ed666fd0c62896073bfcd289817e2dda to remote] DEBUG o.a.netty.request.NettyRequestSender - Using open Channel [id: 0x4d40aba1, L:/127.0.0.1:59952 - R:localhost/127.0.0.1:59543] for GET '/session/ed666fd0c62896073bfcd289817e2dda/title'
10:09:04.462 [AsyncHttpClient-1-5] DEBUG o.a.netty.handler.HttpHandler - 

Request DefaultFullHttpRequest(decodeResult: success, version: HTTP/1.1, content: EmptyByteBufBE)
GET /session/ed666fd0c62896073bfcd289817e2dda/title HTTP/1.1
User-Agent: selenium/4.1.2 (java windows)
Cache-Control: no-cache
Content-Type: application/json; charset=utf-8
host: localhost:59543
accept: */*

Response DefaultHttpResponse(decodeResult: success, version: HTTP/1.1)
HTTP/1.1 200 OK
Content-Type: application/json; charset=utf-8
cache-control: no-cache
content-length: 27

10:09:04.462 [AsyncHttpClient-1-5] DEBUG o.a.netty.channel.ChannelManager - Adding key: http://localhost:59543 for channel [id: 0x4d40aba1, L:/127.0.0.1:59952 - R:localhost/127.0.0.1:59543]
10:09:04.463 [main] DEBUG com.pages.LoginPage - verifyApplication: 'Pega Dev Studio' 
10:09:04.464 [Forwarding getTitle on session ed666fd0c62896073bfcd289817e2dda to remote] DEBUG o.a.netty.request.NettyRequestSender - Using pooled Channel '[id: 0x4d40aba1, L:/127.0.0.1:59952 - R:localhost/127.0.0.1:59543]' for 'GET' to 'http://localhost:59543/session/ed666fd0c62896073bfcd289817e2dda/title'
10:09:04.464 [Forwarding getTitle on session ed666fd0c62896073bfcd289817e2dda to remote] DEBUG o.a.netty.request.NettyRequestSender - Using open Channel [id: 0x4d40aba1, L:/127.0.0.1:59952 - R:localhost/127.0.0.1:59543] for GET '/session/ed666fd0c62896073bfcd289817e2dda/title'
10:09:04.467 [AsyncHttpClient-1-5] DEBUG o.a.netty.handler.HttpHandler - 

Request DefaultFullHttpRequest(decodeResult: success, version: HTTP/1.1, content: EmptyByteBufBE)
GET /session/ed666fd0c62896073bfcd289817e2dda/title HTTP/1.1
User-Agent: selenium/4.1.2 (java windows)
Cache-Control: no-cache
Content-Type: application/json; charset=utf-8
host: localhost:59543
accept: */*

Response DefaultHttpResponse(decodeResult: success, version: HTTP/1.1)
HTTP/1.1 200 OK
Content-Type: application/json; charset=utf-8
cache-control: no-cache
content-length: 27

10:09:04.467 [AsyncHttpClient-1-5] DEBUG o.a.netty.channel.ChannelManager - Adding key: http://localhost:59543 for channel [id: 0x4d40aba1, L:/127.0.0.1:59952 - R:localhost/127.0.0.1:59543]
10:09:04.605 [AsyncHttpClient-1-1] DEBUG o.a.netty.channel.DefaultChannelPool - Entry count for : http://localhost:59543 : 1
10:09:04.605 [AsyncHttpClient-1-1] DEBUG o.a.netty.channel.DefaultChannelPool - Entry count for : http://localhost:59955 : 1
10:09:05.708 [AsyncHttpClient-1-1] DEBUG o.a.netty.channel.DefaultChannelPool - Entry count for : http://localhost:59543 : 1
10:09:05.708 [AsyncHttpClient-1-1] DEBUG o.a.netty.channel.DefaultChannelPool - Entry count for : http://localhost:59955 : 1
10:09:06.798 [AsyncHttpClient-1-1] DEBUG o.a.netty.channel.DefaultChannelPool - Entry count for : http://localhost:59543 : 1
10:09:06.798 [AsyncHttpClient-1-1] DEBUG o.a.netty.channel.DefaultChannelPool - Entry count for : http://localhost:59955 : 1
10:09:07.911 [AsyncHttpClient-1-1] DEBUG o.a.netty.channel.DefaultChannelPool - Entry count for : http://localhost:59543 : 1
10:09:07.911 [AsyncHttpClient-1-1] DEBUG o.a.netty.channel.DefaultChannelPool - Entry count for : http://localhost:59955 : 1
10:09:09.003 [AsyncHttpClient-1-1] DEBUG o.a.netty.channel.DefaultChannelPool - Entry count for : http://localhost:59543 : 1
10:09:09.003 [AsyncHttpClient-1-1] DEBUG o.a.netty.channel.DefaultChannelPool - Entry count for : http://localhost:59955 : 1
  &amp#27;[32mThen &amp#27;[0m&amp#27;[32muser should proceed to Dashboard Page&amp#27;[0m                                                           &amp#27;[90m# stepdefinitions.LoginPageSteps.user_should_proceed_to_dashboard_page()&amp#27;[0m
10:09:09.479 [main] DEBUG com.pages.drivers.DriversFactory - close the browser
10:09:09.480 [AsyncHttpClient-1-7] DEBUG o.a.netty.handler.WebSocketHandler - Channel Closed: [id: 0x7dbe1cac, L:/127.0.0.1:59965 ! R:localhost/127.0.0.1:59955] with attribute NettyResponseFuture{currentRetry=5,
	isDone=1,
	isCancelled=0,
	asyncHandler=org.asynchttpclient.ws.WebSocketUpgradeHandler@60025d04,
	nettyRequest=org.asynchttpclient.netty.request.NettyRequest@2500df60,
	future=java.util.concurrent.CompletableFuture@1e720422[Completed normally],
	uri=ws://localhost:59955/devtools/browser/98aedbb8-2929-4f3b-82df-f28c02d3b24f,
	keepAlive=true,
	redirectCount=0,
	timeoutsHolder=null,
	inAuth=0,
	touch=1647828522286}
10:09:09.481 [AsyncHttpClient-1-7] DEBUG o.a.netty.channel.ChannelManager - Closing Channel [id: 0x7dbe1cac, L:/127.0.0.1:59965 ! R:localhost/127.0.0.1:59955] 
10:09:09.481 [Driver Command Executor] DEBUG o.a.netty.request.NettyRequestSender - Using pooled Channel '[id: 0x4d40aba1, L:/127.0.0.1:59952 - R:localhost/127.0.0.1:59543]' for 'DELETE' to 'http://localhost:59543/session/ed666fd0c62896073bfcd289817e2dda'
10:09:09.481 [Driver Command Executor] DEBUG o.a.netty.request.NettyRequestSender - Using open Channel [id: 0x4d40aba1, L:/127.0.0.1:59952 - R:localhost/127.0.0.1:59543] for DELETE '/session/ed666fd0c62896073bfcd289817e2dda'
10:09:09.509 [AsyncHttpClient-1-6] DEBUG o.a.netty.handler.HttpHandler - Unexpected I/O exception on channel [id: 0x3dc5c842, L:/127.0.0.1:59963 - R:localhost/127.0.0.1:59955]
java.net.SocketException: Connection reset
	at java.base/sun.nio.ch.SocketChannelImpl.throwConnectionReset(SocketChannelImpl.java:367) ~[na:na]
	at java.base/sun.nio.ch.SocketChannelImpl.read(SocketChannelImpl.java:398) ~[na:na]
	at io.netty.buffer.PooledByteBuf.setBytes(PooledByteBuf.java:253) ~[netty-buffer-4.1.70.Final.jar:4.1.70.Final]
	at io.netty.buffer.AbstractByteBuf.writeBytes(AbstractByteBuf.java:1132) ~[netty-buffer-4.1.70.Final.jar:4.1.70.Final]
	at io.netty.channel.socket.nio.NioSocketChannel.doReadBytes(NioSocketChannel.java:350) ~[netty-transport-4.1.70.Final.jar:4.1.70.Final]
	at io.netty.channel.nio.AbstractNioByteChannel$NioByteUnsafe.read(AbstractNioByteChannel.java:151) ~[netty-transport-4.1.70.Final.jar:4.1.70.Final]
	at io.netty.channel.nio.NioEventLoop.processSelectedKey(NioEventLoop.java:719) ~[netty-transport-4.1.70.Final.jar:4.1.70.Final]
	at io.netty.channel.nio.NioEventLoop.processSelectedKeysOptimized(NioEventLoop.java:655) ~[netty-transport-4.1.70.Final.jar:4.1.70.Final]
	at io.netty.channel.nio.NioEventLoop.processSelectedKeys(NioEventLoop.java:581) ~[netty-transport-4.1.70.Final.jar:4.1.70.Final]
	at io.netty.channel.nio.NioEventLoop.run(NioEventLoop.java:493) ~[netty-transport-4.1.70.Final.jar:4.1.70.Final]
	at io.netty.util.concurrent.SingleThreadEventExecutor$4.run(SingleThreadEventExecutor.java:986) ~[netty-common-4.1.70.Final.jar:4.1.70.Final]
	at io.netty.util.internal.ThreadExecutorMap$2.run(ThreadExecutorMap.java:74) ~[netty-common-4.1.70.Final.jar:4.1.70.Final]
	at io.netty.util.concurrent.FastThreadLocalRunnable.run(FastThreadLocalRunnable.java:30) ~[netty-common-4.1.70.Final.jar:4.1.70.Final]
	at java.base/java.lang.Thread.run(Thread.java:832) ~[na:na]
10:09:09.509 [AsyncHttpClient-1-6] DEBUG o.a.netty.channel.ChannelManager - Closing Channel [id: 0x3dc5c842, L:/127.0.0.1:59963 - R:localhost/127.0.0.1:59955] 
10:09:09.509 [AsyncHttpClient-1-6] DEBUG o.a.netty.handler.HttpHandler - Channel Closed: [id: 0x3dc5c842, L:/127.0.0.1:59963 ! R:localhost/127.0.0.1:59955] with attribute DISCARD
10:09:09.526 [AsyncHttpClient-1-5] DEBUG o.a.netty.handler.HttpHandler - 

Request DefaultFullHttpRequest(decodeResult: success, version: HTTP/1.1, content: EmptyByteBufBE)
DELETE /session/ed666fd0c62896073bfcd289817e2dda HTTP/1.1
User-Agent: selenium/4.1.2 (java windows)
Content-Type: application/json; charset=utf-8
host: localhost:59543
accept: */*

Response DefaultHttpResponse(decodeResult: success, version: HTTP/1.1)
HTTP/1.1 200 OK
Content-Type: application/json; charset=utf-8
cache-control: no-cache
content-length: 14

10:09:09.526 [AsyncHttpClient-1-5] DEBUG o.a.netty.channel.ChannelManager - Adding key: http://localhost:59543 for channel [id: 0x4d40aba1, L:/127.0.0.1:59952 - R:localhost/127.0.0.1:59543]
10:09:09.590 [AsyncHttpClient-1-5] DEBUG o.a.netty.handler.HttpHandler - Channel Closed: [id: 0x4d40aba1, L:/127.0.0.1:59952 ! R:localhost/127.0.0.1:59543] with attribute DISCARD
10:09:10.103 [AsyncHttpClient-1-1] DEBUG o.a.netty.channel.DefaultChannelPool - Entry count for : http://localhost:59543 : 1
10:09:10.103 [AsyncHttpClient-1-1] DEBUG o.a.netty.channel.DefaultChannelPool - Entry count for : http://localhost:59955 : 1
10:09:10.103 [AsyncHttpClient-1-1] DEBUG o.a.netty.channel.DefaultChannelPool - Adding Candidate expired Channel [id: 0x4d40aba1, L:/127.0.0.1:59952 ! R:localhost/127.0.0.1:59543] isIdleTimeoutExpired=false isRemotelyClosed=true isTtlExpired=false
10:09:10.103 [AsyncHttpClient-1-1] DEBUG o.a.netty.channel.DefaultChannelPool - Closing Idle Channel [id: 0x4d40aba1, L:/127.0.0.1:59952 ! R:localhost/127.0.0.1:59543]
10:09:10.103 [AsyncHttpClient-1-1] DEBUG o.a.netty.channel.DefaultChannelPool - Adding Candidate expired Channel [id: 0x3dc5c842, L:/127.0.0.1:59963 ! R:localhost/127.0.0.1:59955] isIdleTimeoutExpired=false isRemotelyClosed=true isTtlExpired=false
10:09:10.103 [AsyncHttpClient-1-1] DEBUG o.a.netty.channel.DefaultChannelPool - Closing Idle Channel [id: 0x3dc5c842, L:/127.0.0.1:59963 ! R:localhost/127.0.0.1:59955]
10:09:10.103 [AsyncHttpClient-1-1] DEBUG o.a.netty.channel.DefaultChannelPool - Closed 2 connections out of 2 in 0 ms
]]></system-out>
    <system-err><![CDATA[Starting ChromeDriver 99.0.4844.51 (d537ec02474b5afe23684e7963d538896c63ac77-refs/branch-heads/4844@{#875}) on port 59543
Only local connections are allowed.
Please see https://chromedriver.chromium.org/security-considerations for suggestions on keeping ChromeDriver safe.
ChromeDriver was started successfully.
Mar 21, 2022 10:08:42 AM org.openqa.selenium.remote.ProtocolHandshake createSession
INFO: Detected dialect: W3C
Mar 21, 2022 10:08:42 AM org.openqa.selenium.devtools.CdpVersionFinder findNearestMatch
WARNING: Unable to find an exact match for CDP version 99, so returning the closest version found: 96
Mar 21, 2022 10:08:42 AM org.openqa.selenium.devtools.CdpVersionFinder findNearestMatch
INFO: Found CDP implementation for version 99 of 96
]]></system-err>
  </testcase>
  <testcase name="Login to PEGA Site using User" classname="Validate And Verify Login Page to PEGA Site" time="30.343">
    <system-out><![CDATA[
@All @Regression
Scenario: Login to PEGA Site using User                                                                &amp#27;[90m# src/main/resources/AppFeatures/ValidateAndVerifyLoginPage.feature:31&amp#27;[0m
10:09:10.127 [main] DEBUG com.pages.drivers.DriversFactory - Set up Browser
10:09:10.127 [main] DEBUG com.pages.drivers.DriversFactory - Initialize Driver Browser Configuration
10:09:10.127 [main] DEBUG com.pages.drivers.DriversFactory -  Driver Browser : chrome
10:09:10.133 [main] DEBUG i.g.b.wdm.cache.ResolutionCache - Resolution chrome=99 in cache (valid until 10:15:22 21/03/2022 CST)
10:09:10.134 [main] DEBUG i.g.b.wdm.cache.ResolutionCache - Resolution chrome99=99.0.4844.51 in cache (valid until 09:15:22 22/03/2022 CST)
10:09:10.134 [main] INFO  i.g.bonigarcia.wdm.WebDriverManager - Using chromedriver 99.0.4844.51 (resolved driver for Chrome 99)
10:09:10.143 [main] DEBUG i.g.bonigarcia.wdm.WebDriverManager - Driver chromedriver 99.0.4844.51 found in cache
10:09:10.144 [main] INFO  i.g.bonigarcia.wdm.WebDriverManager - Exporting webdriver.chrome.driver as C:\Users\DheyClaveria\.cache\selenium\chromedriver\win32\99.0.4844.51\chromedriver.exe
10:09:10.697 [AsyncHttpClient-1-8] DEBUG o.a.n.channel.NettyConnectListener - Using new Channel '[id: 0x7d8be970, L:/127.0.0.1:60057 - R:localhost/127.0.0.1:58565]' for 'POST' to '/session'
10:09:11.624 [AsyncHttpClient-1-8] DEBUG o.a.netty.handler.HttpHandler - 

Request DefaultHttpRequest(decodeResult: success, version: HTTP/1.1)
POST /session HTTP/1.1
User-Agent: selenium/4.1.2 (java windows)
Content-Length: 365
Content-Type: application/json; charset=utf-8
host: localhost:58565
accept: */*

Response DefaultHttpResponse(decodeResult: success, version: HTTP/1.1)
HTTP/1.1 200 OK
Content-Type: application/json; charset=utf-8
cache-control: no-cache
content-length: 795

10:09:11.624 [AsyncHttpClient-1-8] DEBUG o.a.netty.channel.ChannelManager - Adding key: http://localhost:58565 for channel [id: 0x7d8be970, L:/127.0.0.1:60057 - R:localhost/127.0.0.1:58565]
10:09:11.636 [AsyncHttpClient-1-9] DEBUG o.a.n.channel.NettyConnectListener - Using new Channel '[id: 0x4be6e12e, L:/127.0.0.1:60071 - R:localhost/127.0.0.1:60058]' for 'GET' to '/json/version'
10:09:11.641 [AsyncHttpClient-1-9] DEBUG o.a.netty.handler.HttpHandler - 

Request DefaultFullHttpRequest(decodeResult: success, version: HTTP/1.1, content: EmptyByteBufBE)
GET /json/version HTTP/1.1
User-Agent: selenium/4.1.2 (java windows)
host: localhost:60058
accept: */*

Response DefaultHttpResponse(decodeResult: success, version: HTTP/1.1)
HTTP/1.1 200 OK
Content-Type: application/json; charset=UTF-8
content-length: 423

10:09:11.641 [AsyncHttpClient-1-9] DEBUG o.a.netty.channel.ChannelManager - Adding key: http://localhost:60058 for channel [id: 0x4be6e12e, L:/127.0.0.1:60071 - R:localhost/127.0.0.1:60058]
10:09:11.648 [AsyncHttpClient-1-10] DEBUG o.a.n.channel.NettyConnectListener - Using new Channel '[id: 0xf116f892, L:/127.0.0.1:60073 - R:localhost/127.0.0.1:60058]' for 'GET' to '/devtools/browser/e427e2e8-6b0f-4bbd-8b82-49ea89d79550'
10:09:11.655 [AsyncHttpClient-1-10] DEBUG o.a.netty.handler.WebSocketHandler - 

Request DefaultFullHttpRequest(decodeResult: success, version: HTTP/1.1, content: EmptyByteBufBE)
GET /devtools/browser/e427e2e8-6b0f-4bbd-8b82-49ea89d79550 HTTP/1.1
upgrade: websocket
connection: upgrade
sec-websocket-key: cotXxLF5aKniEA5hsFgSHQ==
sec-websocket-version: 13
origin: http://localhost:60058
host: localhost:60058
accept: */*
user-agent: AHC/2.1

Response DefaultHttpResponse(decodeResult: success, version: HTTP/1.1)
HTTP/1.1 101 WebSocket Protocol Handshake
Upgrade: WebSocket
Connection: Upgrade
Sec-WebSocket-Accept: O875TcWG8hwrPF7xMWQc8OQLLuk=

10:09:11.660 [Forwarding deleteAllCookies on session 990a367f83f8c62c01462253e9272af8 to remote] DEBUG o.a.netty.request.NettyRequestSender - Using pooled Channel '[id: 0x7d8be970, L:/127.0.0.1:60057 - R:localhost/127.0.0.1:58565]' for 'DELETE' to 'http://localhost:58565/session/990a367f83f8c62c01462253e9272af8/cookie'
10:09:11.660 [Forwarding deleteAllCookies on session 990a367f83f8c62c01462253e9272af8 to remote] DEBUG o.a.netty.request.NettyRequestSender - Using open Channel [id: 0x7d8be970, L:/127.0.0.1:60057 - R:localhost/127.0.0.1:58565] for DELETE '/session/990a367f83f8c62c01462253e9272af8/cookie'
10:09:11.663 [AsyncHttpClient-1-8] DEBUG o.a.netty.handler.HttpHandler - 

Request DefaultFullHttpRequest(decodeResult: success, version: HTTP/1.1, content: EmptyByteBufBE)
DELETE /session/990a367f83f8c62c01462253e9272af8/cookie HTTP/1.1
User-Agent: selenium/4.1.2 (java windows)
Content-Type: application/json; charset=utf-8
host: localhost:58565
accept: */*

Response DefaultHttpResponse(decodeResult: success, version: HTTP/1.1)
HTTP/1.1 200 OK
Content-Type: application/json; charset=utf-8
cache-control: no-cache
content-length: 14

10:09:11.664 [AsyncHttpClient-1-8] DEBUG o.a.netty.channel.ChannelManager - Adding key: http://localhost:58565 for channel [id: 0x7d8be970, L:/127.0.0.1:60057 - R:localhost/127.0.0.1:58565]
10:09:11.665 [Forwarding maximizeCurrentWindow on session 990a367f83f8c62c01462253e9272af8 to remote] DEBUG o.a.netty.request.NettyRequestSender - Using pooled Channel '[id: 0x7d8be970, L:/127.0.0.1:60057 - R:localhost/127.0.0.1:58565]' for 'POST' to 'http://localhost:58565/session/990a367f83f8c62c01462253e9272af8/window/maximize'
10:09:11.665 [Forwarding maximizeCurrentWindow on session 990a367f83f8c62c01462253e9272af8 to remote] DEBUG o.a.netty.request.NettyRequestSender - Using open Channel [id: 0x7d8be970, L:/127.0.0.1:60057 - R:localhost/127.0.0.1:58565] for POST '/session/990a367f83f8c62c01462253e9272af8/window/maximize'
10:09:11.798 [AsyncHttpClient-1-8] DEBUG o.a.netty.handler.HttpHandler - 

Request DefaultHttpRequest(decodeResult: success, version: HTTP/1.1)
POST /session/990a367f83f8c62c01462253e9272af8/window/maximize HTTP/1.1
User-Agent: selenium/4.1.2 (java windows)
Content-Length: 3
Content-Type: application/json; charset=utf-8
host: localhost:58565
accept: */*

Response DefaultHttpResponse(decodeResult: success, version: HTTP/1.1)
HTTP/1.1 200 OK
Content-Type: application/json; charset=utf-8
cache-control: no-cache
content-length: 52

10:09:11.798 [AsyncHttpClient-1-8] DEBUG o.a.netty.channel.ChannelManager - Adding key: http://localhost:58565 for channel [id: 0x7d8be970, L:/127.0.0.1:60057 - R:localhost/127.0.0.1:58565]
10:09:11.800 [Forwarding get on session 990a367f83f8c62c01462253e9272af8 to remote] DEBUG o.a.netty.request.NettyRequestSender - Using pooled Channel '[id: 0x7d8be970, L:/127.0.0.1:60057 - R:localhost/127.0.0.1:58565]' for 'POST' to 'http://localhost:58565/session/990a367f83f8c62c01462253e9272af8/url'
10:09:11.800 [Forwarding get on session 990a367f83f8c62c01462253e9272af8 to remote] DEBUG o.a.netty.request.NettyRequestSender - Using open Channel [id: 0x7d8be970, L:/127.0.0.1:60057 - R:localhost/127.0.0.1:58565] for POST '/session/990a367f83f8c62c01462253e9272af8/url'
10:09:11.948 [AsyncHttpClient-1-8] DEBUG o.a.netty.handler.HttpHandler - 

Request DefaultHttpRequest(decodeResult: success, version: HTTP/1.1)
POST /session/990a367f83f8c62c01462253e9272af8/url HTTP/1.1
User-Agent: selenium/4.1.2 (java windows)
Content-Length: 148
Content-Type: application/json; charset=utf-8
host: localhost:58565
accept: */*

Response DefaultHttpResponse(decodeResult: success, version: HTTP/1.1)
HTTP/1.1 200 OK
Content-Type: application/json; charset=utf-8
cache-control: no-cache
content-length: 14

10:09:11.948 [AsyncHttpClient-1-8] DEBUG o.a.netty.channel.ChannelManager - Adding key: http://localhost:58565 for channel [id: 0x7d8be970, L:/127.0.0.1:60057 - R:localhost/127.0.0.1:58565]
10:09:11.949 [Forwarding getTitle on session 990a367f83f8c62c01462253e9272af8 to remote] DEBUG o.a.netty.request.NettyRequestSender - Using pooled Channel '[id: 0x7d8be970, L:/127.0.0.1:60057 - R:localhost/127.0.0.1:58565]' for 'GET' to 'http://localhost:58565/session/990a367f83f8c62c01462253e9272af8/title'
10:09:11.949 [Forwarding getTitle on session 990a367f83f8c62c01462253e9272af8 to remote] DEBUG o.a.netty.request.NettyRequestSender - Using open Channel [id: 0x7d8be970, L:/127.0.0.1:60057 - R:localhost/127.0.0.1:58565] for GET '/session/990a367f83f8c62c01462253e9272af8/title'
10:09:11.953 [AsyncHttpClient-1-8] DEBUG o.a.netty.handler.HttpHandler - 

Request DefaultFullHttpRequest(decodeResult: success, version: HTTP/1.1, content: EmptyByteBufBE)
GET /session/990a367f83f8c62c01462253e9272af8/title HTTP/1.1
User-Agent: selenium/4.1.2 (java windows)
Cache-Control: no-cache
Content-Type: application/json; charset=utf-8
host: localhost:58565
accept: */*

Response DefaultHttpResponse(decodeResult: success, version: HTTP/1.1)
HTTP/1.1 200 OK
Content-Type: application/json; charset=utf-8
cache-control: no-cache
content-length: 22

10:09:11.953 [AsyncHttpClient-1-8] DEBUG o.a.netty.channel.ChannelManager - Adding key: http://localhost:58565 for channel [id: 0x7d8be970, L:/127.0.0.1:60057 - R:localhost/127.0.0.1:58565]
10:09:11.954 [main] DEBUG com.pages.LoginPage - verifyApplication: 'Login Page' 
10:09:11.954 [Forwarding getTitle on session 990a367f83f8c62c01462253e9272af8 to remote] DEBUG o.a.netty.request.NettyRequestSender - Using pooled Channel '[id: 0x7d8be970, L:/127.0.0.1:60057 - R:localhost/127.0.0.1:58565]' for 'GET' to 'http://localhost:58565/session/990a367f83f8c62c01462253e9272af8/title'
10:09:11.954 [Forwarding getTitle on session 990a367f83f8c62c01462253e9272af8 to remote] DEBUG o.a.netty.request.NettyRequestSender - Using open Channel [id: 0x7d8be970, L:/127.0.0.1:60057 - R:localhost/127.0.0.1:58565] for GET '/session/990a367f83f8c62c01462253e9272af8/title'
10:09:11.957 [AsyncHttpClient-1-8] DEBUG o.a.netty.handler.HttpHandler - 

Request DefaultFullHttpRequest(decodeResult: success, version: HTTP/1.1, content: EmptyByteBufBE)
GET /session/990a367f83f8c62c01462253e9272af8/title HTTP/1.1
User-Agent: selenium/4.1.2 (java windows)
Cache-Control: no-cache
Content-Type: application/json; charset=utf-8
host: localhost:58565
accept: */*

Response DefaultHttpResponse(decodeResult: success, version: HTTP/1.1)
HTTP/1.1 200 OK
Content-Type: application/json; charset=utf-8
cache-control: no-cache
content-length: 22

10:09:11.957 [AsyncHttpClient-1-8] DEBUG o.a.netty.channel.ChannelManager - Adding key: http://localhost:58565 for channel [id: 0x7d8be970, L:/127.0.0.1:60057 - R:localhost/127.0.0.1:58565]
10:09:12.304 [AsyncHttpClient-1-1] DEBUG o.a.netty.channel.DefaultChannelPool - Entry count for : http://localhost:58565 : 1
10:09:12.304 [AsyncHttpClient-1-1] DEBUG o.a.netty.channel.DefaultChannelPool - Entry count for : http://localhost:60058 : 1
10:09:13.412 [AsyncHttpClient-1-1] DEBUG o.a.netty.channel.DefaultChannelPool - Entry count for : http://localhost:58565 : 1
10:09:13.412 [AsyncHttpClient-1-1] DEBUG o.a.netty.channel.DefaultChannelPool - Entry count for : http://localhost:60058 : 1
10:09:14.498 [AsyncHttpClient-1-1] DEBUG o.a.netty.channel.DefaultChannelPool - Entry count for : http://localhost:58565 : 1
10:09:14.498 [AsyncHttpClient-1-1] DEBUG o.a.netty.channel.DefaultChannelPool - Entry count for : http://localhost:60058 : 1
10:09:15.604 [AsyncHttpClient-1-1] DEBUG o.a.netty.channel.DefaultChannelPool - Entry count for : http://localhost:58565 : 1
10:09:15.604 [AsyncHttpClient-1-1] DEBUG o.a.netty.channel.DefaultChannelPool - Entry count for : http://localhost:60058 : 1
10:09:16.698 [AsyncHttpClient-1-1] DEBUG o.a.netty.channel.DefaultChannelPool - Entry count for : http://localhost:58565 : 1
10:09:16.698 [AsyncHttpClient-1-1] DEBUG o.a.netty.channel.DefaultChannelPool - Entry count for : http://localhost:60058 : 1
  &amp#27;[32mGiven &amp#27;[0m&amp#27;[32mthat the user should navigate in PEGA Login Page&amp#27;[0m                                               &amp#27;[90m# stepdefinitions.LoginPageSteps.that_the_user_should_navigate_in_pega_login_page()&amp#27;[0m
10:09:16.965 [main] DEBUG com.pages.LoginPage - verifyPageElements : Current Element = 'By.xpath: //div[@id="credentials"]//div[@class="field user"]//input' 
10:09:16.966 [Forwarding findElement on session 990a367f83f8c62c01462253e9272af8 to remote] DEBUG o.a.netty.request.NettyRequestSender - Using pooled Channel '[id: 0x7d8be970, L:/127.0.0.1:60057 - R:localhost/127.0.0.1:58565]' for 'POST' to 'http://localhost:58565/session/990a367f83f8c62c01462253e9272af8/element'
10:09:16.966 [Forwarding findElement on session 990a367f83f8c62c01462253e9272af8 to remote] DEBUG o.a.netty.request.NettyRequestSender - Using open Channel [id: 0x7d8be970, L:/127.0.0.1:60057 - R:localhost/127.0.0.1:58565] for POST '/session/990a367f83f8c62c01462253e9272af8/element'
10:09:16.982 [AsyncHttpClient-1-8] DEBUG o.a.netty.handler.HttpHandler - 

Request DefaultHttpRequest(decodeResult: success, version: HTTP/1.1)
POST /session/990a367f83f8c62c01462253e9272af8/element HTTP/1.1
User-Agent: selenium/4.1.2 (java windows)
Content-Length: 128
Content-Type: application/json; charset=utf-8
host: localhost:58565
accept: */*

Response DefaultHttpResponse(decodeResult: success, version: HTTP/1.1)
HTTP/1.1 200 OK
Content-Type: application/json; charset=utf-8
cache-control: no-cache
content-length: 88

10:09:16.983 [AsyncHttpClient-1-8] DEBUG o.a.netty.channel.ChannelManager - Adding key: http://localhost:58565 for channel [id: 0x7d8be970, L:/127.0.0.1:60057 - R:localhost/127.0.0.1:58565]
10:09:16.986 [Forwarding isElementDisplayed on session 990a367f83f8c62c01462253e9272af8 to remote] DEBUG o.a.netty.request.NettyRequestSender - Using pooled Channel '[id: 0x7d8be970, L:/127.0.0.1:60057 - R:localhost/127.0.0.1:58565]' for 'POST' to 'http://localhost:58565/session/990a367f83f8c62c01462253e9272af8/execute/sync'
10:09:16.986 [Forwarding isElementDisplayed on session 990a367f83f8c62c01462253e9272af8 to remote] DEBUG o.a.netty.request.NettyRequestSender - Using open Channel [id: 0x7d8be970, L:/127.0.0.1:60057 - R:localhost/127.0.0.1:58565] for POST '/session/990a367f83f8c62c01462253e9272af8/execute/sync'
10:09:17.002 [AsyncHttpClient-1-8] DEBUG o.a.netty.handler.HttpHandler - 

Request DefaultHttpRequest(decodeResult: success, version: HTTP/1.1)
POST /session/990a367f83f8c62c01462253e9272af8/execute/sync HTTP/1.1
User-Agent: selenium/4.1.2 (java windows)
Content-Length: 48780
Content-Type: application/json; charset=utf-8
host: localhost:58565
accept: */*

Response DefaultHttpResponse(decodeResult: success, version: HTTP/1.1)
HTTP/1.1 200 OK
Content-Type: application/json; charset=utf-8
cache-control: no-cache
content-length: 14

10:09:17.002 [AsyncHttpClient-1-8] DEBUG o.a.netty.channel.ChannelManager - Adding key: http://localhost:58565 for channel [id: 0x7d8be970, L:/127.0.0.1:60057 - R:localhost/127.0.0.1:58565]
10:09:17.003 [Forwarding findElement on session 990a367f83f8c62c01462253e9272af8 to remote] DEBUG o.a.netty.request.NettyRequestSender - Using pooled Channel '[id: 0x7d8be970, L:/127.0.0.1:60057 - R:localhost/127.0.0.1:58565]' for 'POST' to 'http://localhost:58565/session/990a367f83f8c62c01462253e9272af8/element'
10:09:17.003 [Forwarding findElement on session 990a367f83f8c62c01462253e9272af8 to remote] DEBUG o.a.netty.request.NettyRequestSender - Using open Channel [id: 0x7d8be970, L:/127.0.0.1:60057 - R:localhost/127.0.0.1:58565] for POST '/session/990a367f83f8c62c01462253e9272af8/element'
10:09:17.009 [AsyncHttpClient-1-8] DEBUG o.a.netty.handler.HttpHandler - 

Request DefaultHttpRequest(decodeResult: success, version: HTTP/1.1)
POST /session/990a367f83f8c62c01462253e9272af8/element HTTP/1.1
User-Agent: selenium/4.1.2 (java windows)
Content-Length: 128
Content-Type: application/json; charset=utf-8
host: localhost:58565
accept: */*

Response DefaultHttpResponse(decodeResult: success, version: HTTP/1.1)
HTTP/1.1 200 OK
Content-Type: application/json; charset=utf-8
cache-control: no-cache
content-length: 88

10:09:17.009 [AsyncHttpClient-1-8] DEBUG o.a.netty.channel.ChannelManager - Adding key: http://localhost:58565 for channel [id: 0x7d8be970, L:/127.0.0.1:60057 - R:localhost/127.0.0.1:58565]
10:09:17.011 [Forwarding isElementDisplayed on session 990a367f83f8c62c01462253e9272af8 to remote] DEBUG o.a.netty.request.NettyRequestSender - Using pooled Channel '[id: 0x7d8be970, L:/127.0.0.1:60057 - R:localhost/127.0.0.1:58565]' for 'POST' to 'http://localhost:58565/session/990a367f83f8c62c01462253e9272af8/execute/sync'
10:09:17.011 [Forwarding isElementDisplayed on session 990a367f83f8c62c01462253e9272af8 to remote] DEBUG o.a.netty.request.NettyRequestSender - Using open Channel [id: 0x7d8be970, L:/127.0.0.1:60057 - R:localhost/127.0.0.1:58565] for POST '/session/990a367f83f8c62c01462253e9272af8/execute/sync'
10:09:17.019 [AsyncHttpClient-1-8] DEBUG o.a.netty.handler.HttpHandler - 

Request DefaultHttpRequest(decodeResult: success, version: HTTP/1.1)
POST /session/990a367f83f8c62c01462253e9272af8/execute/sync HTTP/1.1
User-Agent: selenium/4.1.2 (java windows)
Content-Length: 48780
Content-Type: application/json; charset=utf-8
host: localhost:58565
accept: */*

Response DefaultHttpResponse(decodeResult: success, version: HTTP/1.1)
HTTP/1.1 200 OK
Content-Type: application/json; charset=utf-8
cache-control: no-cache
content-length: 14

10:09:17.020 [AsyncHttpClient-1-8] DEBUG o.a.netty.channel.ChannelManager - Adding key: http://localhost:58565 for channel [id: 0x7d8be970, L:/127.0.0.1:60057 - R:localhost/127.0.0.1:58565]
10:09:17.021 [Forwarding findElement on session 990a367f83f8c62c01462253e9272af8 to remote] DEBUG o.a.netty.request.NettyRequestSender - Using pooled Channel '[id: 0x7d8be970, L:/127.0.0.1:60057 - R:localhost/127.0.0.1:58565]' for 'POST' to 'http://localhost:58565/session/990a367f83f8c62c01462253e9272af8/element'
10:09:17.021 [Forwarding findElement on session 990a367f83f8c62c01462253e9272af8 to remote] DEBUG o.a.netty.request.NettyRequestSender - Using open Channel [id: 0x7d8be970, L:/127.0.0.1:60057 - R:localhost/127.0.0.1:58565] for POST '/session/990a367f83f8c62c01462253e9272af8/element'
10:09:17.026 [AsyncHttpClient-1-8] DEBUG o.a.netty.handler.HttpHandler - 

Request DefaultHttpRequest(decodeResult: success, version: HTTP/1.1)
POST /session/990a367f83f8c62c01462253e9272af8/element HTTP/1.1
User-Agent: selenium/4.1.2 (java windows)
Content-Length: 128
Content-Type: application/json; charset=utf-8
host: localhost:58565
accept: */*

Response DefaultHttpResponse(decodeResult: success, version: HTTP/1.1)
HTTP/1.1 200 OK
Content-Type: application/json; charset=utf-8
cache-control: no-cache
content-length: 88

10:09:17.026 [AsyncHttpClient-1-8] DEBUG o.a.netty.channel.ChannelManager - Adding key: http://localhost:58565 for channel [id: 0x7d8be970, L:/127.0.0.1:60057 - R:localhost/127.0.0.1:58565]
10:09:17.027 [Forwarding isElementEnabled on session 990a367f83f8c62c01462253e9272af8 to remote] DEBUG o.a.netty.request.NettyRequestSender - Using pooled Channel '[id: 0x7d8be970, L:/127.0.0.1:60057 - R:localhost/127.0.0.1:58565]' for 'GET' to 'http://localhost:58565/session/990a367f83f8c62c01462253e9272af8/element/97442527-7492-4909-8d58-b1a1b593a79e/enabled'
10:09:17.027 [Forwarding isElementEnabled on session 990a367f83f8c62c01462253e9272af8 to remote] DEBUG o.a.netty.request.NettyRequestSender - Using open Channel [id: 0x7d8be970, L:/127.0.0.1:60057 - R:localhost/127.0.0.1:58565] for GET '/session/990a367f83f8c62c01462253e9272af8/element/97442527-7492-4909-8d58-b1a1b593a79e/enabled'
10:09:17.033 [AsyncHttpClient-1-8] DEBUG o.a.netty.handler.HttpHandler - 

Request DefaultFullHttpRequest(decodeResult: success, version: HTTP/1.1, content: EmptyByteBufBE)
GET /session/990a367f83f8c62c01462253e9272af8/element/97442527-7492-4909-8d58-b1a1b593a79e/enabled HTTP/1.1
User-Agent: selenium/4.1.2 (java windows)
Cache-Control: no-cache
Content-Type: application/json; charset=utf-8
host: localhost:58565
accept: */*

Response DefaultHttpResponse(decodeResult: success, version: HTTP/1.1)
HTTP/1.1 200 OK
Content-Type: application/json; charset=utf-8
cache-control: no-cache
content-length: 14

10:09:17.033 [AsyncHttpClient-1-8] DEBUG o.a.netty.channel.ChannelManager - Adding key: http://localhost:58565 for channel [id: 0x7d8be970, L:/127.0.0.1:60057 - R:localhost/127.0.0.1:58565]
10:09:17.033 [main] DEBUG com.pages.LoginPage - verifyPageElements : Current Element = 'By.xpath: //div[@id="credentials"]//div[@class="field password"]//input' 
10:09:17.034 [Forwarding findElement on session 990a367f83f8c62c01462253e9272af8 to remote] DEBUG o.a.netty.request.NettyRequestSender - Using pooled Channel '[id: 0x7d8be970, L:/127.0.0.1:60057 - R:localhost/127.0.0.1:58565]' for 'POST' to 'http://localhost:58565/session/990a367f83f8c62c01462253e9272af8/element'
10:09:17.034 [Forwarding findElement on session 990a367f83f8c62c01462253e9272af8 to remote] DEBUG o.a.netty.request.NettyRequestSender - Using open Channel [id: 0x7d8be970, L:/127.0.0.1:60057 - R:localhost/127.0.0.1:58565] for POST '/session/990a367f83f8c62c01462253e9272af8/element'
10:09:17.042 [AsyncHttpClient-1-8] DEBUG o.a.netty.handler.HttpHandler - 

Request DefaultHttpRequest(decodeResult: success, version: HTTP/1.1)
POST /session/990a367f83f8c62c01462253e9272af8/element HTTP/1.1
User-Agent: selenium/4.1.2 (java windows)
Content-Length: 132
Content-Type: application/json; charset=utf-8
host: localhost:58565
accept: */*

Response DefaultHttpResponse(decodeResult: success, version: HTTP/1.1)
HTTP/1.1 200 OK
Content-Type: application/json; charset=utf-8
cache-control: no-cache
content-length: 88

10:09:17.042 [AsyncHttpClient-1-8] DEBUG o.a.netty.channel.ChannelManager - Adding key: http://localhost:58565 for channel [id: 0x7d8be970, L:/127.0.0.1:60057 - R:localhost/127.0.0.1:58565]
10:09:17.045 [Forwarding isElementDisplayed on session 990a367f83f8c62c01462253e9272af8 to remote] DEBUG o.a.netty.request.NettyRequestSender - Using pooled Channel '[id: 0x7d8be970, L:/127.0.0.1:60057 - R:localhost/127.0.0.1:58565]' for 'POST' to 'http://localhost:58565/session/990a367f83f8c62c01462253e9272af8/execute/sync'
10:09:17.045 [Forwarding isElementDisplayed on session 990a367f83f8c62c01462253e9272af8 to remote] DEBUG o.a.netty.request.NettyRequestSender - Using open Channel [id: 0x7d8be970, L:/127.0.0.1:60057 - R:localhost/127.0.0.1:58565] for POST '/session/990a367f83f8c62c01462253e9272af8/execute/sync'
10:09:17.052 [AsyncHttpClient-1-8] DEBUG o.a.netty.handler.HttpHandler - 

Request DefaultHttpRequest(decodeResult: success, version: HTTP/1.1)
POST /session/990a367f83f8c62c01462253e9272af8/execute/sync HTTP/1.1
User-Agent: selenium/4.1.2 (java windows)
Content-Length: 48780
Content-Type: application/json; charset=utf-8
host: localhost:58565
accept: */*

Response DefaultHttpResponse(decodeResult: success, version: HTTP/1.1)
HTTP/1.1 200 OK
Content-Type: application/json; charset=utf-8
cache-control: no-cache
content-length: 14

10:09:17.052 [AsyncHttpClient-1-8] DEBUG o.a.netty.channel.ChannelManager - Adding key: http://localhost:58565 for channel [id: 0x7d8be970, L:/127.0.0.1:60057 - R:localhost/127.0.0.1:58565]
10:09:17.053 [Forwarding findElement on session 990a367f83f8c62c01462253e9272af8 to remote] DEBUG o.a.netty.request.NettyRequestSender - Using pooled Channel '[id: 0x7d8be970, L:/127.0.0.1:60057 - R:localhost/127.0.0.1:58565]' for 'POST' to 'http://localhost:58565/session/990a367f83f8c62c01462253e9272af8/element'
10:09:17.053 [Forwarding findElement on session 990a367f83f8c62c01462253e9272af8 to remote] DEBUG o.a.netty.request.NettyRequestSender - Using open Channel [id: 0x7d8be970, L:/127.0.0.1:60057 - R:localhost/127.0.0.1:58565] for POST '/session/990a367f83f8c62c01462253e9272af8/element'
10:09:17.058 [AsyncHttpClient-1-8] DEBUG o.a.netty.handler.HttpHandler - 

Request DefaultHttpRequest(decodeResult: success, version: HTTP/1.1)
POST /session/990a367f83f8c62c01462253e9272af8/element HTTP/1.1
User-Agent: selenium/4.1.2 (java windows)
Content-Length: 132
Content-Type: application/json; charset=utf-8
host: localhost:58565
accept: */*

Response DefaultHttpResponse(decodeResult: success, version: HTTP/1.1)
HTTP/1.1 200 OK
Content-Type: application/json; charset=utf-8
cache-control: no-cache
content-length: 88

10:09:17.058 [AsyncHttpClient-1-8] DEBUG o.a.netty.channel.ChannelManager - Adding key: http://localhost:58565 for channel [id: 0x7d8be970, L:/127.0.0.1:60057 - R:localhost/127.0.0.1:58565]
10:09:17.062 [Forwarding isElementDisplayed on session 990a367f83f8c62c01462253e9272af8 to remote] DEBUG o.a.netty.request.NettyRequestSender - Using pooled Channel '[id: 0x7d8be970, L:/127.0.0.1:60057 - R:localhost/127.0.0.1:58565]' for 'POST' to 'http://localhost:58565/session/990a367f83f8c62c01462253e9272af8/execute/sync'
10:09:17.062 [Forwarding isElementDisplayed on session 990a367f83f8c62c01462253e9272af8 to remote] DEBUG o.a.netty.request.NettyRequestSender - Using open Channel [id: 0x7d8be970, L:/127.0.0.1:60057 - R:localhost/127.0.0.1:58565] for POST '/session/990a367f83f8c62c01462253e9272af8/execute/sync'
10:09:17.068 [AsyncHttpClient-1-8] DEBUG o.a.netty.handler.HttpHandler - 

Request DefaultHttpRequest(decodeResult: success, version: HTTP/1.1)
POST /session/990a367f83f8c62c01462253e9272af8/execute/sync HTTP/1.1
User-Agent: selenium/4.1.2 (java windows)
Content-Length: 48780
Content-Type: application/json; charset=utf-8
host: localhost:58565
accept: */*

Response DefaultHttpResponse(decodeResult: success, version: HTTP/1.1)
HTTP/1.1 200 OK
Content-Type: application/json; charset=utf-8
cache-control: no-cache
content-length: 14

10:09:17.068 [AsyncHttpClient-1-8] DEBUG o.a.netty.channel.ChannelManager - Adding key: http://localhost:58565 for channel [id: 0x7d8be970, L:/127.0.0.1:60057 - R:localhost/127.0.0.1:58565]
10:09:17.070 [Forwarding findElement on session 990a367f83f8c62c01462253e9272af8 to remote] DEBUG o.a.netty.request.NettyRequestSender - Using pooled Channel '[id: 0x7d8be970, L:/127.0.0.1:60057 - R:localhost/127.0.0.1:58565]' for 'POST' to 'http://localhost:58565/session/990a367f83f8c62c01462253e9272af8/element'
10:09:17.070 [Forwarding findElement on session 990a367f83f8c62c01462253e9272af8 to remote] DEBUG o.a.netty.request.NettyRequestSender - Using open Channel [id: 0x7d8be970, L:/127.0.0.1:60057 - R:localhost/127.0.0.1:58565] for POST '/session/990a367f83f8c62c01462253e9272af8/element'
10:09:17.074 [AsyncHttpClient-1-8] DEBUG o.a.netty.handler.HttpHandler - 

Request DefaultHttpRequest(decodeResult: success, version: HTTP/1.1)
POST /session/990a367f83f8c62c01462253e9272af8/element HTTP/1.1
User-Agent: selenium/4.1.2 (java windows)
Content-Length: 132
Content-Type: application/json; charset=utf-8
host: localhost:58565
accept: */*

Response DefaultHttpResponse(decodeResult: success, version: HTTP/1.1)
HTTP/1.1 200 OK
Content-Type: application/json; charset=utf-8
cache-control: no-cache
content-length: 88

10:09:17.074 [AsyncHttpClient-1-8] DEBUG o.a.netty.channel.ChannelManager - Adding key: http://localhost:58565 for channel [id: 0x7d8be970, L:/127.0.0.1:60057 - R:localhost/127.0.0.1:58565]
10:09:17.075 [Forwarding isElementEnabled on session 990a367f83f8c62c01462253e9272af8 to remote] DEBUG o.a.netty.request.NettyRequestSender - Using pooled Channel '[id: 0x7d8be970, L:/127.0.0.1:60057 - R:localhost/127.0.0.1:58565]' for 'GET' to 'http://localhost:58565/session/990a367f83f8c62c01462253e9272af8/element/073f985b-ff77-464f-a3c2-22d239be832e/enabled'
10:09:17.075 [Forwarding isElementEnabled on session 990a367f83f8c62c01462253e9272af8 to remote] DEBUG o.a.netty.request.NettyRequestSender - Using open Channel [id: 0x7d8be970, L:/127.0.0.1:60057 - R:localhost/127.0.0.1:58565] for GET '/session/990a367f83f8c62c01462253e9272af8/element/073f985b-ff77-464f-a3c2-22d239be832e/enabled'
10:09:17.080 [AsyncHttpClient-1-8] DEBUG o.a.netty.handler.HttpHandler - 

Request DefaultFullHttpRequest(decodeResult: success, version: HTTP/1.1, content: EmptyByteBufBE)
GET /session/990a367f83f8c62c01462253e9272af8/element/073f985b-ff77-464f-a3c2-22d239be832e/enabled HTTP/1.1
User-Agent: selenium/4.1.2 (java windows)
Cache-Control: no-cache
Content-Type: application/json; charset=utf-8
host: localhost:58565
accept: */*

Response DefaultHttpResponse(decodeResult: success, version: HTTP/1.1)
HTTP/1.1 200 OK
Content-Type: application/json; charset=utf-8
cache-control: no-cache
content-length: 14

10:09:17.080 [AsyncHttpClient-1-8] DEBUG o.a.netty.channel.ChannelManager - Adding key: http://localhost:58565 for channel [id: 0x7d8be970, L:/127.0.0.1:60057 - R:localhost/127.0.0.1:58565]
10:09:17.081 [main] DEBUG com.pages.LoginPage - verifyPageElements : Current Element = 'By.xpath: //div[@id="credentials"]//button[contains(@class,"loginButton")]' 
10:09:17.082 [Forwarding findElement on session 990a367f83f8c62c01462253e9272af8 to remote] DEBUG o.a.netty.request.NettyRequestSender - Using pooled Channel '[id: 0x7d8be970, L:/127.0.0.1:60057 - R:localhost/127.0.0.1:58565]' for 'POST' to 'http://localhost:58565/session/990a367f83f8c62c01462253e9272af8/element'
10:09:17.082 [Forwarding findElement on session 990a367f83f8c62c01462253e9272af8 to remote] DEBUG o.a.netty.request.NettyRequestSender - Using open Channel [id: 0x7d8be970, L:/127.0.0.1:60057 - R:localhost/127.0.0.1:58565] for POST '/session/990a367f83f8c62c01462253e9272af8/element'
10:09:17.090 [AsyncHttpClient-1-8] DEBUG o.a.netty.handler.HttpHandler - 

Request DefaultHttpRequest(decodeResult: success, version: HTTP/1.1)
POST /session/990a367f83f8c62c01462253e9272af8/element HTTP/1.1
User-Agent: selenium/4.1.2 (java windows)
Content-Length: 125
Content-Type: application/json; charset=utf-8
host: localhost:58565
accept: */*

Response DefaultHttpResponse(decodeResult: success, version: HTTP/1.1)
HTTP/1.1 200 OK
Content-Type: application/json; charset=utf-8
cache-control: no-cache
content-length: 88

10:09:17.091 [AsyncHttpClient-1-8] DEBUG o.a.netty.channel.ChannelManager - Adding key: http://localhost:58565 for channel [id: 0x7d8be970, L:/127.0.0.1:60057 - R:localhost/127.0.0.1:58565]
10:09:17.094 [Forwarding isElementDisplayed on session 990a367f83f8c62c01462253e9272af8 to remote] DEBUG o.a.netty.request.NettyRequestSender - Using pooled Channel '[id: 0x7d8be970, L:/127.0.0.1:60057 - R:localhost/127.0.0.1:58565]' for 'POST' to 'http://localhost:58565/session/990a367f83f8c62c01462253e9272af8/execute/sync'
10:09:17.094 [Forwarding isElementDisplayed on session 990a367f83f8c62c01462253e9272af8 to remote] DEBUG o.a.netty.request.NettyRequestSender - Using open Channel [id: 0x7d8be970, L:/127.0.0.1:60057 - R:localhost/127.0.0.1:58565] for POST '/session/990a367f83f8c62c01462253e9272af8/execute/sync'
10:09:17.102 [AsyncHttpClient-1-8] DEBUG o.a.netty.handler.HttpHandler - 

Request DefaultHttpRequest(decodeResult: success, version: HTTP/1.1)
POST /session/990a367f83f8c62c01462253e9272af8/execute/sync HTTP/1.1
User-Agent: selenium/4.1.2 (java windows)
Content-Length: 48780
Content-Type: application/json; charset=utf-8
host: localhost:58565
accept: */*

Response DefaultHttpResponse(decodeResult: success, version: HTTP/1.1)
HTTP/1.1 200 OK
Content-Type: application/json; charset=utf-8
cache-control: no-cache
content-length: 14

10:09:17.102 [AsyncHttpClient-1-8] DEBUG o.a.netty.channel.ChannelManager - Adding key: http://localhost:58565 for channel [id: 0x7d8be970, L:/127.0.0.1:60057 - R:localhost/127.0.0.1:58565]
10:09:17.103 [Forwarding findElement on session 990a367f83f8c62c01462253e9272af8 to remote] DEBUG o.a.netty.request.NettyRequestSender - Using pooled Channel '[id: 0x7d8be970, L:/127.0.0.1:60057 - R:localhost/127.0.0.1:58565]' for 'POST' to 'http://localhost:58565/session/990a367f83f8c62c01462253e9272af8/element'
10:09:17.103 [Forwarding findElement on session 990a367f83f8c62c01462253e9272af8 to remote] DEBUG o.a.netty.request.NettyRequestSender - Using open Channel [id: 0x7d8be970, L:/127.0.0.1:60057 - R:localhost/127.0.0.1:58565] for POST '/session/990a367f83f8c62c01462253e9272af8/element'
10:09:17.108 [AsyncHttpClient-1-8] DEBUG o.a.netty.handler.HttpHandler - 

Request DefaultHttpRequest(decodeResult: success, version: HTTP/1.1)
POST /session/990a367f83f8c62c01462253e9272af8/element HTTP/1.1
User-Agent: selenium/4.1.2 (java windows)
Content-Length: 125
Content-Type: application/json; charset=utf-8
host: localhost:58565
accept: */*

Response DefaultHttpResponse(decodeResult: success, version: HTTP/1.1)
HTTP/1.1 200 OK
Content-Type: application/json; charset=utf-8
cache-control: no-cache
content-length: 88

10:09:17.108 [AsyncHttpClient-1-8] DEBUG o.a.netty.channel.ChannelManager - Adding key: http://localhost:58565 for channel [id: 0x7d8be970, L:/127.0.0.1:60057 - R:localhost/127.0.0.1:58565]
10:09:17.111 [Forwarding isElementDisplayed on session 990a367f83f8c62c01462253e9272af8 to remote] DEBUG o.a.netty.request.NettyRequestSender - Using pooled Channel '[id: 0x7d8be970, L:/127.0.0.1:60057 - R:localhost/127.0.0.1:58565]' for 'POST' to 'http://localhost:58565/session/990a367f83f8c62c01462253e9272af8/execute/sync'
10:09:17.111 [Forwarding isElementDisplayed on session 990a367f83f8c62c01462253e9272af8 to remote] DEBUG o.a.netty.request.NettyRequestSender - Using open Channel [id: 0x7d8be970, L:/127.0.0.1:60057 - R:localhost/127.0.0.1:58565] for POST '/session/990a367f83f8c62c01462253e9272af8/execute/sync'
10:09:17.118 [AsyncHttpClient-1-8] DEBUG o.a.netty.handler.HttpHandler - 

Request DefaultHttpRequest(decodeResult: success, version: HTTP/1.1)
POST /session/990a367f83f8c62c01462253e9272af8/execute/sync HTTP/1.1
User-Agent: selenium/4.1.2 (java windows)
Content-Length: 48780
Content-Type: application/json; charset=utf-8
host: localhost:58565
accept: */*

Response DefaultHttpResponse(decodeResult: success, version: HTTP/1.1)
HTTP/1.1 200 OK
Content-Type: application/json; charset=utf-8
cache-control: no-cache
content-length: 14

10:09:17.118 [AsyncHttpClient-1-8] DEBUG o.a.netty.channel.ChannelManager - Adding key: http://localhost:58565 for channel [id: 0x7d8be970, L:/127.0.0.1:60057 - R:localhost/127.0.0.1:58565]
10:09:17.119 [Forwarding findElement on session 990a367f83f8c62c01462253e9272af8 to remote] DEBUG o.a.netty.request.NettyRequestSender - Using pooled Channel '[id: 0x7d8be970, L:/127.0.0.1:60057 - R:localhost/127.0.0.1:58565]' for 'POST' to 'http://localhost:58565/session/990a367f83f8c62c01462253e9272af8/element'
10:09:17.119 [Forwarding findElement on session 990a367f83f8c62c01462253e9272af8 to remote] DEBUG o.a.netty.request.NettyRequestSender - Using open Channel [id: 0x7d8be970, L:/127.0.0.1:60057 - R:localhost/127.0.0.1:58565] for POST '/session/990a367f83f8c62c01462253e9272af8/element'
10:09:17.123 [AsyncHttpClient-1-8] DEBUG o.a.netty.handler.HttpHandler - 

Request DefaultHttpRequest(decodeResult: success, version: HTTP/1.1)
POST /session/990a367f83f8c62c01462253e9272af8/element HTTP/1.1
User-Agent: selenium/4.1.2 (java windows)
Content-Length: 125
Content-Type: application/json; charset=utf-8
host: localhost:58565
accept: */*

Response DefaultHttpResponse(decodeResult: success, version: HTTP/1.1)
HTTP/1.1 200 OK
Content-Type: application/json; charset=utf-8
cache-control: no-cache
content-length: 88

10:09:17.124 [AsyncHttpClient-1-8] DEBUG o.a.netty.channel.ChannelManager - Adding key: http://localhost:58565 for channel [id: 0x7d8be970, L:/127.0.0.1:60057 - R:localhost/127.0.0.1:58565]
10:09:17.125 [Forwarding isElementEnabled on session 990a367f83f8c62c01462253e9272af8 to remote] DEBUG o.a.netty.request.NettyRequestSender - Using pooled Channel '[id: 0x7d8be970, L:/127.0.0.1:60057 - R:localhost/127.0.0.1:58565]' for 'GET' to 'http://localhost:58565/session/990a367f83f8c62c01462253e9272af8/element/97753f41-e0be-45a9-ace5-013aa54239d8/enabled'
10:09:17.125 [Forwarding isElementEnabled on session 990a367f83f8c62c01462253e9272af8 to remote] DEBUG o.a.netty.request.NettyRequestSender - Using open Channel [id: 0x7d8be970, L:/127.0.0.1:60057 - R:localhost/127.0.0.1:58565] for GET '/session/990a367f83f8c62c01462253e9272af8/element/97753f41-e0be-45a9-ace5-013aa54239d8/enabled'
10:09:17.130 [AsyncHttpClient-1-8] DEBUG o.a.netty.handler.HttpHandler - 

Request DefaultFullHttpRequest(decodeResult: success, version: HTTP/1.1, content: EmptyByteBufBE)
GET /session/990a367f83f8c62c01462253e9272af8/element/97753f41-e0be-45a9-ace5-013aa54239d8/enabled HTTP/1.1
User-Agent: selenium/4.1.2 (java windows)
Cache-Control: no-cache
Content-Type: application/json; charset=utf-8
host: localhost:58565
accept: */*

Response DefaultHttpResponse(decodeResult: success, version: HTTP/1.1)
HTTP/1.1 200 OK
Content-Type: application/json; charset=utf-8
cache-control: no-cache
content-length: 14

10:09:17.130 [AsyncHttpClient-1-8] DEBUG o.a.netty.channel.ChannelManager - Adding key: http://localhost:58565 for channel [id: 0x7d8be970, L:/127.0.0.1:60057 - R:localhost/127.0.0.1:58565]
  &amp#27;[32mAnd &amp#27;[0m&amp#27;[32muser verify the Login Page Elements is Visible&amp#27;[0m                                                   &amp#27;[90m# stepdefinitions.LoginPageSteps.user_verify_the_login_page_elements_is_visible()&amp#27;[0m
10:09:17.804 [AsyncHttpClient-1-1] DEBUG o.a.netty.channel.DefaultChannelPool - Entry count for : http://localhost:58565 : 1
10:09:17.804 [AsyncHttpClient-1-1] DEBUG o.a.netty.channel.DefaultChannelPool - Entry count for : http://localhost:60058 : 1
10:09:18.907 [AsyncHttpClient-1-1] DEBUG o.a.netty.channel.DefaultChannelPool - Entry count for : http://localhost:58565 : 1
10:09:18.907 [AsyncHttpClient-1-1] DEBUG o.a.netty.channel.DefaultChannelPool - Entry count for : http://localhost:60058 : 1
10:09:19.140 [main] DEBUG com.pages.LoginPage - enterUserCredentails: username = 'invalidUser' | password = 'InvalidPassword' 
10:09:19.140 [Forwarding findElement on session 990a367f83f8c62c01462253e9272af8 to remote] DEBUG o.a.netty.request.NettyRequestSender - Using pooled Channel '[id: 0x7d8be970, L:/127.0.0.1:60057 - R:localhost/127.0.0.1:58565]' for 'POST' to 'http://localhost:58565/session/990a367f83f8c62c01462253e9272af8/element'
10:09:19.140 [Forwarding findElement on session 990a367f83f8c62c01462253e9272af8 to remote] DEBUG o.a.netty.request.NettyRequestSender - Using open Channel [id: 0x7d8be970, L:/127.0.0.1:60057 - R:localhost/127.0.0.1:58565] for POST '/session/990a367f83f8c62c01462253e9272af8/element'
10:09:19.144 [AsyncHttpClient-1-8] DEBUG o.a.netty.handler.HttpHandler - 

Request DefaultHttpRequest(decodeResult: success, version: HTTP/1.1)
POST /session/990a367f83f8c62c01462253e9272af8/element HTTP/1.1
User-Agent: selenium/4.1.2 (java windows)
Content-Length: 128
Content-Type: application/json; charset=utf-8
host: localhost:58565
accept: */*

Response DefaultHttpResponse(decodeResult: success, version: HTTP/1.1)
HTTP/1.1 200 OK
Content-Type: application/json; charset=utf-8
cache-control: no-cache
content-length: 88

10:09:19.144 [AsyncHttpClient-1-8] DEBUG o.a.netty.channel.ChannelManager - Adding key: http://localhost:58565 for channel [id: 0x7d8be970, L:/127.0.0.1:60057 - R:localhost/127.0.0.1:58565]
10:09:19.145 [Forwarding sendKeysToElement on session 990a367f83f8c62c01462253e9272af8 to remote] DEBUG o.a.netty.request.NettyRequestSender - Using pooled Channel '[id: 0x7d8be970, L:/127.0.0.1:60057 - R:localhost/127.0.0.1:58565]' for 'POST' to 'http://localhost:58565/session/990a367f83f8c62c01462253e9272af8/element/97442527-7492-4909-8d58-b1a1b593a79e/value'
10:09:19.145 [Forwarding sendKeysToElement on session 990a367f83f8c62c01462253e9272af8 to remote] DEBUG o.a.netty.request.NettyRequestSender - Using open Channel [id: 0x7d8be970, L:/127.0.0.1:60057 - R:localhost/127.0.0.1:58565] for POST '/session/990a367f83f8c62c01462253e9272af8/element/97442527-7492-4909-8d58-b1a1b593a79e/value'
10:09:19.184 [AsyncHttpClient-1-8] DEBUG o.a.netty.handler.HttpHandler - 

Request DefaultHttpRequest(decodeResult: success, version: HTTP/1.1)
POST /session/990a367f83f8c62c01462253e9272af8/element/97442527-7492-4909-8d58-b1a1b593a79e/value HTTP/1.1
User-Agent: selenium/4.1.2 (java windows)
Content-Length: 191
Content-Type: application/json; charset=utf-8
host: localhost:58565
accept: */*

Response DefaultHttpResponse(decodeResult: success, version: HTTP/1.1)
HTTP/1.1 200 OK
Content-Type: application/json; charset=utf-8
cache-control: no-cache
content-length: 14

10:09:19.184 [AsyncHttpClient-1-8] DEBUG o.a.netty.channel.ChannelManager - Adding key: http://localhost:58565 for channel [id: 0x7d8be970, L:/127.0.0.1:60057 - R:localhost/127.0.0.1:58565]
10:09:19.185 [Forwarding findElement on session 990a367f83f8c62c01462253e9272af8 to remote] DEBUG o.a.netty.request.NettyRequestSender - Using pooled Channel '[id: 0x7d8be970, L:/127.0.0.1:60057 - R:localhost/127.0.0.1:58565]' for 'POST' to 'http://localhost:58565/session/990a367f83f8c62c01462253e9272af8/element'
10:09:19.185 [Forwarding findElement on session 990a367f83f8c62c01462253e9272af8 to remote] DEBUG o.a.netty.request.NettyRequestSender - Using open Channel [id: 0x7d8be970, L:/127.0.0.1:60057 - R:localhost/127.0.0.1:58565] for POST '/session/990a367f83f8c62c01462253e9272af8/element'
10:09:19.189 [AsyncHttpClient-1-8] DEBUG o.a.netty.handler.HttpHandler - 

Request DefaultHttpRequest(decodeResult: success, version: HTTP/1.1)
POST /session/990a367f83f8c62c01462253e9272af8/element HTTP/1.1
User-Agent: selenium/4.1.2 (java windows)
Content-Length: 132
Content-Type: application/json; charset=utf-8
host: localhost:58565
accept: */*

Response DefaultHttpResponse(decodeResult: success, version: HTTP/1.1)
HTTP/1.1 200 OK
Content-Type: application/json; charset=utf-8
cache-control: no-cache
content-length: 88

10:09:19.189 [AsyncHttpClient-1-8] DEBUG o.a.netty.channel.ChannelManager - Adding key: http://localhost:58565 for channel [id: 0x7d8be970, L:/127.0.0.1:60057 - R:localhost/127.0.0.1:58565]
10:09:19.190 [Forwarding sendKeysToElement on session 990a367f83f8c62c01462253e9272af8 to remote] DEBUG o.a.netty.request.NettyRequestSender - Using pooled Channel '[id: 0x7d8be970, L:/127.0.0.1:60057 - R:localhost/127.0.0.1:58565]' for 'POST' to 'http://localhost:58565/session/990a367f83f8c62c01462253e9272af8/element/073f985b-ff77-464f-a3c2-22d239be832e/value'
10:09:19.190 [Forwarding sendKeysToElement on session 990a367f83f8c62c01462253e9272af8 to remote] DEBUG o.a.netty.request.NettyRequestSender - Using open Channel [id: 0x7d8be970, L:/127.0.0.1:60057 - R:localhost/127.0.0.1:58565] for POST '/session/990a367f83f8c62c01462253e9272af8/element/073f985b-ff77-464f-a3c2-22d239be832e/value'
10:09:19.238 [AsyncHttpClient-1-8] DEBUG o.a.netty.handler.HttpHandler - 

Request DefaultHttpRequest(decodeResult: success, version: HTTP/1.1)
POST /session/990a367f83f8c62c01462253e9272af8/element/073f985b-ff77-464f-a3c2-22d239be832e/value HTTP/1.1
User-Agent: selenium/4.1.2 (java windows)
Content-Length: 231
Content-Type: application/json; charset=utf-8
host: localhost:58565
accept: */*

Response DefaultHttpResponse(decodeResult: success, version: HTTP/1.1)
HTTP/1.1 200 OK
Content-Type: application/json; charset=utf-8
cache-control: no-cache
content-length: 14

10:09:19.238 [AsyncHttpClient-1-8] DEBUG o.a.netty.channel.ChannelManager - Adding key: http://localhost:58565 for channel [id: 0x7d8be970, L:/127.0.0.1:60057 - R:localhost/127.0.0.1:58565]
10:09:19.239 [Forwarding findElement on session 990a367f83f8c62c01462253e9272af8 to remote] DEBUG o.a.netty.request.NettyRequestSender - Using pooled Channel '[id: 0x7d8be970, L:/127.0.0.1:60057 - R:localhost/127.0.0.1:58565]' for 'POST' to 'http://localhost:58565/session/990a367f83f8c62c01462253e9272af8/element'
10:09:19.239 [Forwarding findElement on session 990a367f83f8c62c01462253e9272af8 to remote] DEBUG o.a.netty.request.NettyRequestSender - Using open Channel [id: 0x7d8be970, L:/127.0.0.1:60057 - R:localhost/127.0.0.1:58565] for POST '/session/990a367f83f8c62c01462253e9272af8/element'
10:09:19.243 [AsyncHttpClient-1-8] DEBUG o.a.netty.handler.HttpHandler - 

Request DefaultHttpRequest(decodeResult: success, version: HTTP/1.1)
POST /session/990a367f83f8c62c01462253e9272af8/element HTTP/1.1
User-Agent: selenium/4.1.2 (java windows)
Content-Length: 125
Content-Type: application/json; charset=utf-8
host: localhost:58565
accept: */*

Response DefaultHttpResponse(decodeResult: success, version: HTTP/1.1)
HTTP/1.1 200 OK
Content-Type: application/json; charset=utf-8
cache-control: no-cache
content-length: 88

10:09:19.243 [AsyncHttpClient-1-8] DEBUG o.a.netty.channel.ChannelManager - Adding key: http://localhost:58565 for channel [id: 0x7d8be970, L:/127.0.0.1:60057 - R:localhost/127.0.0.1:58565]
10:09:19.244 [Forwarding clickElement on session 990a367f83f8c62c01462253e9272af8 to remote] DEBUG o.a.netty.request.NettyRequestSender - Using pooled Channel '[id: 0x7d8be970, L:/127.0.0.1:60057 - R:localhost/127.0.0.1:58565]' for 'POST' to 'http://localhost:58565/session/990a367f83f8c62c01462253e9272af8/element/97753f41-e0be-45a9-ace5-013aa54239d8/click'
10:09:19.244 [Forwarding clickElement on session 990a367f83f8c62c01462253e9272af8 to remote] DEBUG o.a.netty.request.NettyRequestSender - Using open Channel [id: 0x7d8be970, L:/127.0.0.1:60057 - R:localhost/127.0.0.1:58565] for POST '/session/990a367f83f8c62c01462253e9272af8/element/97753f41-e0be-45a9-ace5-013aa54239d8/click'
10:09:19.303 [AsyncHttpClient-1-8] DEBUG o.a.netty.handler.HttpHandler - 

Request DefaultHttpRequest(decodeResult: success, version: HTTP/1.1)
POST /session/990a367f83f8c62c01462253e9272af8/element/97753f41-e0be-45a9-ace5-013aa54239d8/click HTTP/1.1
User-Agent: selenium/4.1.2 (java windows)
Content-Length: 50
Content-Type: application/json; charset=utf-8
host: localhost:58565
accept: */*

Response DefaultHttpResponse(decodeResult: success, version: HTTP/1.1)
HTTP/1.1 200 OK
Content-Type: application/json; charset=utf-8
cache-control: no-cache
content-length: 14

10:09:19.303 [AsyncHttpClient-1-8] DEBUG o.a.netty.channel.ChannelManager - Adding key: http://localhost:58565 for channel [id: 0x7d8be970, L:/127.0.0.1:60057 - R:localhost/127.0.0.1:58565]
10:09:19.304 [main] DEBUG com.pages.LoginPage - verifyErrorMessage: 'The information you entered was not recognized.' 
10:09:19.305 [Forwarding findElement on session 990a367f83f8c62c01462253e9272af8 to remote] DEBUG o.a.netty.request.NettyRequestSender - Using pooled Channel '[id: 0x7d8be970, L:/127.0.0.1:60057 - R:localhost/127.0.0.1:58565]' for 'POST' to 'http://localhost:58565/session/990a367f83f8c62c01462253e9272af8/element'
10:09:19.305 [Forwarding findElement on session 990a367f83f8c62c01462253e9272af8 to remote] DEBUG o.a.netty.request.NettyRequestSender - Using open Channel [id: 0x7d8be970, L:/127.0.0.1:60057 - R:localhost/127.0.0.1:58565] for POST '/session/990a367f83f8c62c01462253e9272af8/element'
10:09:19.313 [AsyncHttpClient-1-8] DEBUG o.a.netty.handler.HttpHandler - 

Request DefaultHttpRequest(decodeResult: success, version: HTTP/1.1)
POST /session/990a367f83f8c62c01462253e9272af8/element HTTP/1.1
User-Agent: selenium/4.1.2 (java windows)
Content-Length: 75
Content-Type: application/json; charset=utf-8
host: localhost:58565
accept: */*

Response DefaultHttpResponse(decodeResult: success, version: HTTP/1.1)
HTTP/1.1 200 OK
Content-Type: application/json; charset=utf-8
cache-control: no-cache
content-length: 88

10:09:19.313 [AsyncHttpClient-1-8] DEBUG o.a.netty.channel.ChannelManager - Adding key: http://localhost:58565 for channel [id: 0x7d8be970, L:/127.0.0.1:60057 - R:localhost/127.0.0.1:58565]
10:09:19.317 [Forwarding isElementDisplayed on session 990a367f83f8c62c01462253e9272af8 to remote] DEBUG o.a.netty.request.NettyRequestSender - Using pooled Channel '[id: 0x7d8be970, L:/127.0.0.1:60057 - R:localhost/127.0.0.1:58565]' for 'POST' to 'http://localhost:58565/session/990a367f83f8c62c01462253e9272af8/execute/sync'
10:09:19.317 [Forwarding isElementDisplayed on session 990a367f83f8c62c01462253e9272af8 to remote] DEBUG o.a.netty.request.NettyRequestSender - Using open Channel [id: 0x7d8be970, L:/127.0.0.1:60057 - R:localhost/127.0.0.1:58565] for POST '/session/990a367f83f8c62c01462253e9272af8/execute/sync'
10:09:19.327 [AsyncHttpClient-1-8] DEBUG o.a.netty.handler.HttpHandler - 

Request DefaultHttpRequest(decodeResult: success, version: HTTP/1.1)
POST /session/990a367f83f8c62c01462253e9272af8/execute/sync HTTP/1.1
User-Agent: selenium/4.1.2 (java windows)
Content-Length: 48780
Content-Type: application/json; charset=utf-8
host: localhost:58565
accept: */*

Response DefaultHttpResponse(decodeResult: success, version: HTTP/1.1)
HTTP/1.1 200 OK
Content-Type: application/json; charset=utf-8
cache-control: no-cache
content-length: 15

10:09:19.327 [AsyncHttpClient-1-8] DEBUG o.a.netty.channel.ChannelManager - Adding key: http://localhost:58565 for channel [id: 0x7d8be970, L:/127.0.0.1:60057 - R:localhost/127.0.0.1:58565]
10:09:19.829 [Forwarding findElement on session 990a367f83f8c62c01462253e9272af8 to remote] DEBUG o.a.netty.request.NettyRequestSender - Using pooled Channel '[id: 0x7d8be970, L:/127.0.0.1:60057 - R:localhost/127.0.0.1:58565]' for 'POST' to 'http://localhost:58565/session/990a367f83f8c62c01462253e9272af8/element'
10:09:19.829 [Forwarding findElement on session 990a367f83f8c62c01462253e9272af8 to remote] DEBUG o.a.netty.request.NettyRequestSender - Using open Channel [id: 0x7d8be970, L:/127.0.0.1:60057 - R:localhost/127.0.0.1:58565] for POST '/session/990a367f83f8c62c01462253e9272af8/element'
10:09:19.834 [AsyncHttpClient-1-8] DEBUG o.a.netty.handler.HttpHandler - 

Request DefaultHttpRequest(decodeResult: success, version: HTTP/1.1)
POST /session/990a367f83f8c62c01462253e9272af8/element HTTP/1.1
User-Agent: selenium/4.1.2 (java windows)
Content-Length: 75
Content-Type: application/json; charset=utf-8
host: localhost:58565
accept: */*

Response DefaultHttpResponse(decodeResult: success, version: HTTP/1.1)
HTTP/1.1 200 OK
Content-Type: application/json; charset=utf-8
cache-control: no-cache
content-length: 88

10:09:19.834 [AsyncHttpClient-1-8] DEBUG o.a.netty.channel.ChannelManager - Adding key: http://localhost:58565 for channel [id: 0x7d8be970, L:/127.0.0.1:60057 - R:localhost/127.0.0.1:58565]
10:09:19.837 [Forwarding isElementDisplayed on session 990a367f83f8c62c01462253e9272af8 to remote] DEBUG o.a.netty.request.NettyRequestSender - Using pooled Channel '[id: 0x7d8be970, L:/127.0.0.1:60057 - R:localhost/127.0.0.1:58565]' for 'POST' to 'http://localhost:58565/session/990a367f83f8c62c01462253e9272af8/execute/sync'
10:09:19.837 [Forwarding isElementDisplayed on session 990a367f83f8c62c01462253e9272af8 to remote] DEBUG o.a.netty.request.NettyRequestSender - Using open Channel [id: 0x7d8be970, L:/127.0.0.1:60057 - R:localhost/127.0.0.1:58565] for POST '/session/990a367f83f8c62c01462253e9272af8/execute/sync'
10:09:19.843 [AsyncHttpClient-1-8] DEBUG o.a.netty.handler.HttpHandler - 

Request DefaultHttpRequest(decodeResult: success, version: HTTP/1.1)
POST /session/990a367f83f8c62c01462253e9272af8/execute/sync HTTP/1.1
User-Agent: selenium/4.1.2 (java windows)
Content-Length: 48780
Content-Type: application/json; charset=utf-8
host: localhost:58565
accept: */*

Response DefaultHttpResponse(decodeResult: success, version: HTTP/1.1)
HTTP/1.1 200 OK
Content-Type: application/json; charset=utf-8
cache-control: no-cache
content-length: 14

10:09:19.843 [AsyncHttpClient-1-8] DEBUG o.a.netty.channel.ChannelManager - Adding key: http://localhost:58565 for channel [id: 0x7d8be970, L:/127.0.0.1:60057 - R:localhost/127.0.0.1:58565]
10:09:19.844 [Forwarding getElementText on session 990a367f83f8c62c01462253e9272af8 to remote] DEBUG o.a.netty.request.NettyRequestSender - Using pooled Channel '[id: 0x7d8be970, L:/127.0.0.1:60057 - R:localhost/127.0.0.1:58565]' for 'GET' to 'http://localhost:58565/session/990a367f83f8c62c01462253e9272af8/element/af7132fb-5f34-417f-a73b-7ef53750a56b/text'
10:09:19.844 [Forwarding getElementText on session 990a367f83f8c62c01462253e9272af8 to remote] DEBUG o.a.netty.request.NettyRequestSender - Using open Channel [id: 0x7d8be970, L:/127.0.0.1:60057 - R:localhost/127.0.0.1:58565] for GET '/session/990a367f83f8c62c01462253e9272af8/element/af7132fb-5f34-417f-a73b-7ef53750a56b/text'
10:09:19.852 [AsyncHttpClient-1-8] DEBUG o.a.netty.handler.HttpHandler - 

Request DefaultFullHttpRequest(decodeResult: success, version: HTTP/1.1, content: EmptyByteBufBE)
GET /session/990a367f83f8c62c01462253e9272af8/element/af7132fb-5f34-417f-a73b-7ef53750a56b/text HTTP/1.1
User-Agent: selenium/4.1.2 (java windows)
Cache-Control: no-cache
Content-Type: application/json; charset=utf-8
host: localhost:58565
accept: */*

Response DefaultHttpResponse(decodeResult: success, version: HTTP/1.1)
HTTP/1.1 200 OK
Content-Type: application/json; charset=utf-8
cache-control: no-cache
content-length: 59

10:09:19.852 [AsyncHttpClient-1-8] DEBUG o.a.netty.channel.ChannelManager - Adding key: http://localhost:58565 for channel [id: 0x7d8be970, L:/127.0.0.1:60057 - R:localhost/127.0.0.1:58565]
10:09:20.002 [AsyncHttpClient-1-1] DEBUG o.a.netty.channel.DefaultChannelPool - Entry count for : http://localhost:58565 : 1
10:09:20.002 [AsyncHttpClient-1-1] DEBUG o.a.netty.channel.DefaultChannelPool - Entry count for : http://localhost:60058 : 1
10:09:21.100 [AsyncHttpClient-1-1] DEBUG o.a.netty.channel.DefaultChannelPool - Entry count for : http://localhost:58565 : 1
10:09:21.100 [AsyncHttpClient-1-1] DEBUG o.a.netty.channel.DefaultChannelPool - Entry count for : http://localhost:60058 : 1
  &amp#27;[32mWhen &amp#27;[0m&amp#27;[32muser login using invalid credentials with username &amp#27;[0m&amp#27;[32m&amp#27;[1m"invalidUser"&amp#27;[0m&amp#27;[32m and password &amp#27;[0m&amp#27;[32m&amp#27;[1m"InvalidPassword"&amp#27;[0m &amp#27;[90m# stepdefinitions.LoginPageSteps.user_login_using_invalid_credentials_with_username_and_password(java.lang.String,java.lang.String)&amp#27;[0m
10:09:21.857 [Forwarding getTitle on session 990a367f83f8c62c01462253e9272af8 to remote] DEBUG o.a.netty.request.NettyRequestSender - Using pooled Channel '[id: 0x7d8be970, L:/127.0.0.1:60057 - R:localhost/127.0.0.1:58565]' for 'GET' to 'http://localhost:58565/session/990a367f83f8c62c01462253e9272af8/title'
10:09:21.857 [Forwarding getTitle on session 990a367f83f8c62c01462253e9272af8 to remote] DEBUG o.a.netty.request.NettyRequestSender - Using open Channel [id: 0x7d8be970, L:/127.0.0.1:60057 - R:localhost/127.0.0.1:58565] for GET '/session/990a367f83f8c62c01462253e9272af8/title'
10:09:21.859 [AsyncHttpClient-1-8] DEBUG o.a.netty.handler.HttpHandler - 

Request DefaultFullHttpRequest(decodeResult: success, version: HTTP/1.1, content: EmptyByteBufBE)
GET /session/990a367f83f8c62c01462253e9272af8/title HTTP/1.1
User-Agent: selenium/4.1.2 (java windows)
Cache-Control: no-cache
Content-Type: application/json; charset=utf-8
host: localhost:58565
accept: */*

Response DefaultHttpResponse(decodeResult: success, version: HTTP/1.1)
HTTP/1.1 200 OK
Content-Type: application/json; charset=utf-8
cache-control: no-cache
content-length: 22

10:09:21.859 [AsyncHttpClient-1-8] DEBUG o.a.netty.channel.ChannelManager - Adding key: http://localhost:58565 for channel [id: 0x7d8be970, L:/127.0.0.1:60057 - R:localhost/127.0.0.1:58565]
10:09:21.859 [main] DEBUG com.pages.LoginPage - verifyApplication: 'Login Page' 
10:09:21.860 [Forwarding getTitle on session 990a367f83f8c62c01462253e9272af8 to remote] DEBUG o.a.netty.request.NettyRequestSender - Using pooled Channel '[id: 0x7d8be970, L:/127.0.0.1:60057 - R:localhost/127.0.0.1:58565]' for 'GET' to 'http://localhost:58565/session/990a367f83f8c62c01462253e9272af8/title'
10:09:21.860 [Forwarding getTitle on session 990a367f83f8c62c01462253e9272af8 to remote] DEBUG o.a.netty.request.NettyRequestSender - Using open Channel [id: 0x7d8be970, L:/127.0.0.1:60057 - R:localhost/127.0.0.1:58565] for GET '/session/990a367f83f8c62c01462253e9272af8/title'
10:09:21.861 [AsyncHttpClient-1-8] DEBUG o.a.netty.handler.HttpHandler - 

Request DefaultFullHttpRequest(decodeResult: success, version: HTTP/1.1, content: EmptyByteBufBE)
GET /session/990a367f83f8c62c01462253e9272af8/title HTTP/1.1
User-Agent: selenium/4.1.2 (java windows)
Cache-Control: no-cache
Content-Type: application/json; charset=utf-8
host: localhost:58565
accept: */*

Response DefaultHttpResponse(decodeResult: success, version: HTTP/1.1)
HTTP/1.1 200 OK
Content-Type: application/json; charset=utf-8
cache-control: no-cache
content-length: 22

10:09:21.861 [AsyncHttpClient-1-8] DEBUG o.a.netty.channel.ChannelManager - Adding key: http://localhost:58565 for channel [id: 0x7d8be970, L:/127.0.0.1:60057 - R:localhost/127.0.0.1:58565]
10:09:22.200 [AsyncHttpClient-1-1] DEBUG o.a.netty.channel.DefaultChannelPool - Entry count for : http://localhost:58565 : 1
10:09:22.200 [AsyncHttpClient-1-1] DEBUG o.a.netty.channel.DefaultChannelPool - Entry count for : http://localhost:60058 : 1
10:09:23.311 [AsyncHttpClient-1-1] DEBUG o.a.netty.channel.DefaultChannelPool - Entry count for : http://localhost:58565 : 1
10:09:23.311 [AsyncHttpClient-1-1] DEBUG o.a.netty.channel.DefaultChannelPool - Entry count for : http://localhost:60058 : 1
10:09:24.399 [AsyncHttpClient-1-1] DEBUG o.a.netty.channel.DefaultChannelPool - Entry count for : http://localhost:58565 : 1
10:09:24.399 [AsyncHttpClient-1-1] DEBUG o.a.netty.channel.DefaultChannelPool - Entry count for : http://localhost:60058 : 1
10:09:25.505 [AsyncHttpClient-1-1] DEBUG o.a.netty.channel.DefaultChannelPool - Entry count for : http://localhost:58565 : 1
10:09:25.505 [AsyncHttpClient-1-1] DEBUG o.a.netty.channel.DefaultChannelPool - Entry count for : http://localhost:60058 : 1
10:09:26.602 [AsyncHttpClient-1-1] DEBUG o.a.netty.channel.DefaultChannelPool - Entry count for : http://localhost:58565 : 1
10:09:26.602 [AsyncHttpClient-1-1] DEBUG o.a.netty.channel.DefaultChannelPool - Entry count for : http://localhost:60058 : 1
10:09:26.864 [main] DEBUG com.pages.LoginPage - verifyErrorMessage: 'The information you entered was not recognized.' 
10:09:26.864 [Forwarding findElement on session 990a367f83f8c62c01462253e9272af8 to remote] DEBUG o.a.netty.request.NettyRequestSender - Using pooled Channel '[id: 0x7d8be970, L:/127.0.0.1:60057 - R:localhost/127.0.0.1:58565]' for 'POST' to 'http://localhost:58565/session/990a367f83f8c62c01462253e9272af8/element'
10:09:26.864 [Forwarding findElement on session 990a367f83f8c62c01462253e9272af8 to remote] DEBUG o.a.netty.request.NettyRequestSender - Using open Channel [id: 0x7d8be970, L:/127.0.0.1:60057 - R:localhost/127.0.0.1:58565] for POST '/session/990a367f83f8c62c01462253e9272af8/element'
10:09:26.868 [AsyncHttpClient-1-8] DEBUG o.a.netty.handler.HttpHandler - 

Request DefaultHttpRequest(decodeResult: success, version: HTTP/1.1)
POST /session/990a367f83f8c62c01462253e9272af8/element HTTP/1.1
User-Agent: selenium/4.1.2 (java windows)
Content-Length: 75
Content-Type: application/json; charset=utf-8
host: localhost:58565
accept: */*

Response DefaultHttpResponse(decodeResult: success, version: HTTP/1.1)
HTTP/1.1 200 OK
Content-Type: application/json; charset=utf-8
cache-control: no-cache
content-length: 88

10:09:26.869 [AsyncHttpClient-1-8] DEBUG o.a.netty.channel.ChannelManager - Adding key: http://localhost:58565 for channel [id: 0x7d8be970, L:/127.0.0.1:60057 - R:localhost/127.0.0.1:58565]
10:09:26.871 [Forwarding isElementDisplayed on session 990a367f83f8c62c01462253e9272af8 to remote] DEBUG o.a.netty.request.NettyRequestSender - Using pooled Channel '[id: 0x7d8be970, L:/127.0.0.1:60057 - R:localhost/127.0.0.1:58565]' for 'POST' to 'http://localhost:58565/session/990a367f83f8c62c01462253e9272af8/execute/sync'
10:09:26.871 [Forwarding isElementDisplayed on session 990a367f83f8c62c01462253e9272af8 to remote] DEBUG o.a.netty.request.NettyRequestSender - Using open Channel [id: 0x7d8be970, L:/127.0.0.1:60057 - R:localhost/127.0.0.1:58565] for POST '/session/990a367f83f8c62c01462253e9272af8/execute/sync'
10:09:26.876 [AsyncHttpClient-1-8] DEBUG o.a.netty.handler.HttpHandler - 

Request DefaultHttpRequest(decodeResult: success, version: HTTP/1.1)
POST /session/990a367f83f8c62c01462253e9272af8/execute/sync HTTP/1.1
User-Agent: selenium/4.1.2 (java windows)
Content-Length: 48780
Content-Type: application/json; charset=utf-8
host: localhost:58565
accept: */*

Response DefaultHttpResponse(decodeResult: success, version: HTTP/1.1)
HTTP/1.1 200 OK
Content-Type: application/json; charset=utf-8
cache-control: no-cache
content-length: 14

10:09:26.876 [AsyncHttpClient-1-8] DEBUG o.a.netty.channel.ChannelManager - Adding key: http://localhost:58565 for channel [id: 0x7d8be970, L:/127.0.0.1:60057 - R:localhost/127.0.0.1:58565]
10:09:26.877 [Forwarding getElementText on session 990a367f83f8c62c01462253e9272af8 to remote] DEBUG o.a.netty.request.NettyRequestSender - Using pooled Channel '[id: 0x7d8be970, L:/127.0.0.1:60057 - R:localhost/127.0.0.1:58565]' for 'GET' to 'http://localhost:58565/session/990a367f83f8c62c01462253e9272af8/element/af7132fb-5f34-417f-a73b-7ef53750a56b/text'
10:09:26.877 [Forwarding getElementText on session 990a367f83f8c62c01462253e9272af8 to remote] DEBUG o.a.netty.request.NettyRequestSender - Using open Channel [id: 0x7d8be970, L:/127.0.0.1:60057 - R:localhost/127.0.0.1:58565] for GET '/session/990a367f83f8c62c01462253e9272af8/element/af7132fb-5f34-417f-a73b-7ef53750a56b/text'
10:09:26.881 [AsyncHttpClient-1-8] DEBUG o.a.netty.handler.HttpHandler - 

Request DefaultFullHttpRequest(decodeResult: success, version: HTTP/1.1, content: EmptyByteBufBE)
GET /session/990a367f83f8c62c01462253e9272af8/element/af7132fb-5f34-417f-a73b-7ef53750a56b/text HTTP/1.1
User-Agent: selenium/4.1.2 (java windows)
Cache-Control: no-cache
Content-Type: application/json; charset=utf-8
host: localhost:58565
accept: */*

Response DefaultHttpResponse(decodeResult: success, version: HTTP/1.1)
HTTP/1.1 200 OK
Content-Type: application/json; charset=utf-8
cache-control: no-cache
content-length: 59

10:09:26.881 [AsyncHttpClient-1-8] DEBUG o.a.netty.channel.ChannelManager - Adding key: http://localhost:58565 for channel [id: 0x7d8be970, L:/127.0.0.1:60057 - R:localhost/127.0.0.1:58565]
10:09:27.711 [AsyncHttpClient-1-1] DEBUG o.a.netty.channel.DefaultChannelPool - Entry count for : http://localhost:58565 : 1
10:09:27.711 [AsyncHttpClient-1-1] DEBUG o.a.netty.channel.DefaultChannelPool - Entry count for : http://localhost:60058 : 1
10:09:28.798 [AsyncHttpClient-1-1] DEBUG o.a.netty.channel.DefaultChannelPool - Entry count for : http://localhost:58565 : 1
10:09:28.798 [AsyncHttpClient-1-1] DEBUG o.a.netty.channel.DefaultChannelPool - Entry count for : http://localhost:60058 : 1
  &amp#27;[32mThen &amp#27;[0m&amp#27;[32muser should not proceed to Dashboard Page&amp#27;[0m                                                       &amp#27;[90m# stepdefinitions.LoginPageSteps.user_should_not_proceed_to_dashboard_page()&amp#27;[0m
10:09:29.899 [AsyncHttpClient-1-1] DEBUG o.a.netty.channel.DefaultChannelPool - Entry count for : http://localhost:58565 : 1
10:09:29.899 [AsyncHttpClient-1-1] DEBUG o.a.netty.channel.DefaultChannelPool - Entry count for : http://localhost:60058 : 1
10:09:30.893 [main] DEBUG com.pages.LoginPage - enterUserCredentails: username = 'user@vrbank' | password = 'pega123!' 
10:09:30.893 [Forwarding findElement on session 990a367f83f8c62c01462253e9272af8 to remote] DEBUG o.a.netty.request.NettyRequestSender - Using pooled Channel '[id: 0x7d8be970, L:/127.0.0.1:60057 - R:localhost/127.0.0.1:58565]' for 'POST' to 'http://localhost:58565/session/990a367f83f8c62c01462253e9272af8/element'
10:09:30.893 [Forwarding findElement on session 990a367f83f8c62c01462253e9272af8 to remote] DEBUG o.a.netty.request.NettyRequestSender - Using open Channel [id: 0x7d8be970, L:/127.0.0.1:60057 - R:localhost/127.0.0.1:58565] for POST '/session/990a367f83f8c62c01462253e9272af8/element'
10:09:30.897 [AsyncHttpClient-1-8] DEBUG o.a.netty.handler.HttpHandler - 

Request DefaultHttpRequest(decodeResult: success, version: HTTP/1.1)
POST /session/990a367f83f8c62c01462253e9272af8/element HTTP/1.1
User-Agent: selenium/4.1.2 (java windows)
Content-Length: 128
Content-Type: application/json; charset=utf-8
host: localhost:58565
accept: */*

Response DefaultHttpResponse(decodeResult: success, version: HTTP/1.1)
HTTP/1.1 200 OK
Content-Type: application/json; charset=utf-8
cache-control: no-cache
content-length: 88

10:09:30.897 [AsyncHttpClient-1-8] DEBUG o.a.netty.channel.ChannelManager - Adding key: http://localhost:58565 for channel [id: 0x7d8be970, L:/127.0.0.1:60057 - R:localhost/127.0.0.1:58565]
10:09:30.898 [Forwarding sendKeysToElement on session 990a367f83f8c62c01462253e9272af8 to remote] DEBUG o.a.netty.request.NettyRequestSender - Using pooled Channel '[id: 0x7d8be970, L:/127.0.0.1:60057 - R:localhost/127.0.0.1:58565]' for 'POST' to 'http://localhost:58565/session/990a367f83f8c62c01462253e9272af8/element/0fea03dc-f3fa-45ed-82e1-7e6c7cdcb70e/value'
10:09:30.898 [Forwarding sendKeysToElement on session 990a367f83f8c62c01462253e9272af8 to remote] DEBUG o.a.netty.request.NettyRequestSender - Using open Channel [id: 0x7d8be970, L:/127.0.0.1:60057 - R:localhost/127.0.0.1:58565] for POST '/session/990a367f83f8c62c01462253e9272af8/element/0fea03dc-f3fa-45ed-82e1-7e6c7cdcb70e/value'
10:09:30.928 [AsyncHttpClient-1-8] DEBUG o.a.netty.handler.HttpHandler - 

Request DefaultHttpRequest(decodeResult: success, version: HTTP/1.1)
POST /session/990a367f83f8c62c01462253e9272af8/element/0fea03dc-f3fa-45ed-82e1-7e6c7cdcb70e/value HTTP/1.1
User-Agent: selenium/4.1.2 (java windows)
Content-Length: 191
Content-Type: application/json; charset=utf-8
host: localhost:58565
accept: */*

Response DefaultHttpResponse(decodeResult: success, version: HTTP/1.1)
HTTP/1.1 200 OK
Content-Type: application/json; charset=utf-8
cache-control: no-cache
content-length: 14

10:09:30.928 [AsyncHttpClient-1-8] DEBUG o.a.netty.channel.ChannelManager - Adding key: http://localhost:58565 for channel [id: 0x7d8be970, L:/127.0.0.1:60057 - R:localhost/127.0.0.1:58565]
10:09:30.929 [Forwarding findElement on session 990a367f83f8c62c01462253e9272af8 to remote] DEBUG o.a.netty.request.NettyRequestSender - Using pooled Channel '[id: 0x7d8be970, L:/127.0.0.1:60057 - R:localhost/127.0.0.1:58565]' for 'POST' to 'http://localhost:58565/session/990a367f83f8c62c01462253e9272af8/element'
10:09:30.929 [Forwarding findElement on session 990a367f83f8c62c01462253e9272af8 to remote] DEBUG o.a.netty.request.NettyRequestSender - Using open Channel [id: 0x7d8be970, L:/127.0.0.1:60057 - R:localhost/127.0.0.1:58565] for POST '/session/990a367f83f8c62c01462253e9272af8/element'
10:09:30.933 [AsyncHttpClient-1-8] DEBUG o.a.netty.handler.HttpHandler - 

Request DefaultHttpRequest(decodeResult: success, version: HTTP/1.1)
POST /session/990a367f83f8c62c01462253e9272af8/element HTTP/1.1
User-Agent: selenium/4.1.2 (java windows)
Content-Length: 132
Content-Type: application/json; charset=utf-8
host: localhost:58565
accept: */*

Response DefaultHttpResponse(decodeResult: success, version: HTTP/1.1)
HTTP/1.1 200 OK
Content-Type: application/json; charset=utf-8
cache-control: no-cache
content-length: 88

10:09:30.933 [AsyncHttpClient-1-8] DEBUG o.a.netty.channel.ChannelManager - Adding key: http://localhost:58565 for channel [id: 0x7d8be970, L:/127.0.0.1:60057 - R:localhost/127.0.0.1:58565]
10:09:30.934 [Forwarding sendKeysToElement on session 990a367f83f8c62c01462253e9272af8 to remote] DEBUG o.a.netty.request.NettyRequestSender - Using pooled Channel '[id: 0x7d8be970, L:/127.0.0.1:60057 - R:localhost/127.0.0.1:58565]' for 'POST' to 'http://localhost:58565/session/990a367f83f8c62c01462253e9272af8/element/3df84a2f-0c3e-4acc-bee1-5c3fa2bad2de/value'
10:09:30.934 [Forwarding sendKeysToElement on session 990a367f83f8c62c01462253e9272af8 to remote] DEBUG o.a.netty.request.NettyRequestSender - Using open Channel [id: 0x7d8be970, L:/127.0.0.1:60057 - R:localhost/127.0.0.1:58565] for POST '/session/990a367f83f8c62c01462253e9272af8/element/3df84a2f-0c3e-4acc-bee1-5c3fa2bad2de/value'
10:09:30.971 [AsyncHttpClient-1-8] DEBUG o.a.netty.handler.HttpHandler - 

Request DefaultHttpRequest(decodeResult: success, version: HTTP/1.1)
POST /session/990a367f83f8c62c01462253e9272af8/element/3df84a2f-0c3e-4acc-bee1-5c3fa2bad2de/value HTTP/1.1
User-Agent: selenium/4.1.2 (java windows)
Content-Length: 161
Content-Type: application/json; charset=utf-8
host: localhost:58565
accept: */*

Response DefaultHttpResponse(decodeResult: success, version: HTTP/1.1)
HTTP/1.1 200 OK
Content-Type: application/json; charset=utf-8
cache-control: no-cache
content-length: 14

10:09:30.972 [AsyncHttpClient-1-8] DEBUG o.a.netty.channel.ChannelManager - Adding key: http://localhost:58565 for channel [id: 0x7d8be970, L:/127.0.0.1:60057 - R:localhost/127.0.0.1:58565]
10:09:30.973 [Forwarding findElement on session 990a367f83f8c62c01462253e9272af8 to remote] DEBUG o.a.netty.request.NettyRequestSender - Using pooled Channel '[id: 0x7d8be970, L:/127.0.0.1:60057 - R:localhost/127.0.0.1:58565]' for 'POST' to 'http://localhost:58565/session/990a367f83f8c62c01462253e9272af8/element'
10:09:30.973 [Forwarding findElement on session 990a367f83f8c62c01462253e9272af8 to remote] DEBUG o.a.netty.request.NettyRequestSender - Using open Channel [id: 0x7d8be970, L:/127.0.0.1:60057 - R:localhost/127.0.0.1:58565] for POST '/session/990a367f83f8c62c01462253e9272af8/element'
10:09:30.978 [AsyncHttpClient-1-8] DEBUG o.a.netty.handler.HttpHandler - 

Request DefaultHttpRequest(decodeResult: success, version: HTTP/1.1)
POST /session/990a367f83f8c62c01462253e9272af8/element HTTP/1.1
User-Agent: selenium/4.1.2 (java windows)
Content-Length: 125
Content-Type: application/json; charset=utf-8
host: localhost:58565
accept: */*

Response DefaultHttpResponse(decodeResult: success, version: HTTP/1.1)
HTTP/1.1 200 OK
Content-Type: application/json; charset=utf-8
cache-control: no-cache
content-length: 88

10:09:30.978 [AsyncHttpClient-1-8] DEBUG o.a.netty.channel.ChannelManager - Adding key: http://localhost:58565 for channel [id: 0x7d8be970, L:/127.0.0.1:60057 - R:localhost/127.0.0.1:58565]
10:09:30.979 [Forwarding clickElement on session 990a367f83f8c62c01462253e9272af8 to remote] DEBUG o.a.netty.request.NettyRequestSender - Using pooled Channel '[id: 0x7d8be970, L:/127.0.0.1:60057 - R:localhost/127.0.0.1:58565]' for 'POST' to 'http://localhost:58565/session/990a367f83f8c62c01462253e9272af8/element/9008afff-49a9-4d46-a0ec-80170772c81f/click'
10:09:30.979 [Forwarding clickElement on session 990a367f83f8c62c01462253e9272af8 to remote] DEBUG o.a.netty.request.NettyRequestSender - Using open Channel [id: 0x7d8be970, L:/127.0.0.1:60057 - R:localhost/127.0.0.1:58565] for POST '/session/990a367f83f8c62c01462253e9272af8/element/9008afff-49a9-4d46-a0ec-80170772c81f/click'
10:09:31.005 [AsyncHttpClient-1-1] DEBUG o.a.netty.channel.DefaultChannelPool - Entry count for : http://localhost:60058 : 1
10:09:32.103 [AsyncHttpClient-1-1] DEBUG o.a.netty.channel.DefaultChannelPool - Entry count for : http://localhost:60058 : 1
10:09:33.210 [AsyncHttpClient-1-1] DEBUG o.a.netty.channel.DefaultChannelPool - Entry count for : http://localhost:60058 : 1
10:09:34.311 [AsyncHttpClient-1-1] DEBUG o.a.netty.channel.DefaultChannelPool - Entry count for : http://localhost:60058 : 1
10:09:34.805 [AsyncHttpClient-1-8] DEBUG o.a.netty.handler.HttpHandler - 

Request DefaultHttpRequest(decodeResult: success, version: HTTP/1.1)
POST /session/990a367f83f8c62c01462253e9272af8/element/9008afff-49a9-4d46-a0ec-80170772c81f/click HTTP/1.1
User-Agent: selenium/4.1.2 (java windows)
Content-Length: 50
Content-Type: application/json; charset=utf-8
host: localhost:58565
accept: */*

Response DefaultHttpResponse(decodeResult: success, version: HTTP/1.1)
HTTP/1.1 200 OK
Content-Type: application/json; charset=utf-8
cache-control: no-cache
content-length: 14

10:09:34.805 [AsyncHttpClient-1-8] DEBUG o.a.netty.channel.ChannelManager - Adding key: http://localhost:58565 for channel [id: 0x7d8be970, L:/127.0.0.1:60057 - R:localhost/127.0.0.1:58565]
  &amp#27;[32mWhen &amp#27;[0m&amp#27;[32muser login using valid credentials with username &amp#27;[0m&amp#27;[32m&amp#27;[1m"user@vrbank"&amp#27;[0m&amp#27;[32m and password &amp#27;[0m&amp#27;[32m&amp#27;[1m"pega123!"&amp#27;[0m          &amp#27;[90m# stepdefinitions.LoginPageSteps.user_login_using_valid_credentials_with_username_and_password(java.lang.String,java.lang.String)&amp#27;[0m
10:09:34.808 [Forwarding getTitle on session 990a367f83f8c62c01462253e9272af8 to remote] DEBUG o.a.netty.request.NettyRequestSender - Using pooled Channel '[id: 0x7d8be970, L:/127.0.0.1:60057 - R:localhost/127.0.0.1:58565]' for 'GET' to 'http://localhost:58565/session/990a367f83f8c62c01462253e9272af8/title'
10:09:34.808 [Forwarding getTitle on session 990a367f83f8c62c01462253e9272af8 to remote] DEBUG o.a.netty.request.NettyRequestSender - Using open Channel [id: 0x7d8be970, L:/127.0.0.1:60057 - R:localhost/127.0.0.1:58565] for GET '/session/990a367f83f8c62c01462253e9272af8/title'
10:09:34.811 [AsyncHttpClient-1-8] DEBUG o.a.netty.handler.HttpHandler - 

Request DefaultFullHttpRequest(decodeResult: success, version: HTTP/1.1, content: EmptyByteBufBE)
GET /session/990a367f83f8c62c01462253e9272af8/title HTTP/1.1
User-Agent: selenium/4.1.2 (java windows)
Cache-Control: no-cache
Content-Type: application/json; charset=utf-8
host: localhost:58565
accept: */*

Response DefaultHttpResponse(decodeResult: success, version: HTTP/1.1)
HTTP/1.1 200 OK
Content-Type: application/json; charset=utf-8
cache-control: no-cache
content-length: 30

10:09:34.811 [AsyncHttpClient-1-8] DEBUG o.a.netty.channel.ChannelManager - Adding key: http://localhost:58565 for channel [id: 0x7d8be970, L:/127.0.0.1:60057 - R:localhost/127.0.0.1:58565]
10:09:34.812 [main] DEBUG com.pages.LoginPage - verifyApplication: 'Cosmos Application' 
10:09:34.812 [Forwarding getTitle on session 990a367f83f8c62c01462253e9272af8 to remote] DEBUG o.a.netty.request.NettyRequestSender - Using pooled Channel '[id: 0x7d8be970, L:/127.0.0.1:60057 - R:localhost/127.0.0.1:58565]' for 'GET' to 'http://localhost:58565/session/990a367f83f8c62c01462253e9272af8/title'
10:09:34.812 [Forwarding getTitle on session 990a367f83f8c62c01462253e9272af8 to remote] DEBUG o.a.netty.request.NettyRequestSender - Using open Channel [id: 0x7d8be970, L:/127.0.0.1:60057 - R:localhost/127.0.0.1:58565] for GET '/session/990a367f83f8c62c01462253e9272af8/title'
10:09:34.819 [AsyncHttpClient-1-8] DEBUG o.a.netty.handler.HttpHandler - 

Request DefaultFullHttpRequest(decodeResult: success, version: HTTP/1.1, content: EmptyByteBufBE)
GET /session/990a367f83f8c62c01462253e9272af8/title HTTP/1.1
User-Agent: selenium/4.1.2 (java windows)
Cache-Control: no-cache
Content-Type: application/json; charset=utf-8
host: localhost:58565
accept: */*

Response DefaultHttpResponse(decodeResult: success, version: HTTP/1.1)
HTTP/1.1 200 OK
Content-Type: application/json; charset=utf-8
cache-control: no-cache
content-length: 30

10:09:34.819 [AsyncHttpClient-1-8] DEBUG o.a.netty.channel.ChannelManager - Adding key: http://localhost:58565 for channel [id: 0x7d8be970, L:/127.0.0.1:60057 - R:localhost/127.0.0.1:58565]
10:09:35.411 [AsyncHttpClient-1-1] DEBUG o.a.netty.channel.DefaultChannelPool - Entry count for : http://localhost:58565 : 1
10:09:35.411 [AsyncHttpClient-1-1] DEBUG o.a.netty.channel.DefaultChannelPool - Entry count for : http://localhost:60058 : 1
10:09:36.499 [AsyncHttpClient-1-1] DEBUG o.a.netty.channel.DefaultChannelPool - Entry count for : http://localhost:58565 : 1
10:09:36.499 [AsyncHttpClient-1-1] DEBUG o.a.netty.channel.DefaultChannelPool - Entry count for : http://localhost:60058 : 1
10:09:37.599 [AsyncHttpClient-1-1] DEBUG o.a.netty.channel.DefaultChannelPool - Entry count for : http://localhost:58565 : 1
10:09:37.599 [AsyncHttpClient-1-1] DEBUG o.a.netty.channel.DefaultChannelPool - Entry count for : http://localhost:60058 : 1
10:09:38.704 [AsyncHttpClient-1-1] DEBUG o.a.netty.channel.DefaultChannelPool - Entry count for : http://localhost:58565 : 1
10:09:38.704 [AsyncHttpClient-1-1] DEBUG o.a.netty.channel.DefaultChannelPool - Entry count for : http://localhost:60058 : 1
10:09:39.810 [AsyncHttpClient-1-1] DEBUG o.a.netty.channel.DefaultChannelPool - Entry count for : http://localhost:58565 : 1
10:09:39.810 [AsyncHttpClient-1-1] DEBUG o.a.netty.channel.DefaultChannelPool - Entry count for : http://localhost:60058 : 1
  &amp#27;[32mThen &amp#27;[0m&amp#27;[32muser should proceed to Dashboard Page&amp#27;[0m                                                           &amp#27;[90m# stepdefinitions.LoginPageSteps.user_should_proceed_to_dashboard_page()&amp#27;[0m
10:09:39.825 [main] DEBUG com.pages.drivers.DriversFactory - close the browser
10:09:39.826 [AsyncHttpClient-1-10] DEBUG o.a.netty.handler.WebSocketHandler - Channel Closed: [id: 0xf116f892, L:/127.0.0.1:60073 ! R:localhost/127.0.0.1:60058] with attribute NettyResponseFuture{currentRetry=5,
	isDone=1,
	isCancelled=0,
	asyncHandler=org.asynchttpclient.ws.WebSocketUpgradeHandler@50700f37,
	nettyRequest=org.asynchttpclient.netty.request.NettyRequest@15728b5d,
	future=java.util.concurrent.CompletableFuture@c417fe8[Completed normally],
	uri=ws://localhost:60058/devtools/browser/e427e2e8-6b0f-4bbd-8b82-49ea89d79550,
	keepAlive=true,
	redirectCount=0,
	timeoutsHolder=null,
	inAuth=0,
	touch=1647828551655}
10:09:39.826 [AsyncHttpClient-1-10] DEBUG o.a.netty.channel.ChannelManager - Closing Channel [id: 0xf116f892, L:/127.0.0.1:60073 ! R:localhost/127.0.0.1:60058] 
10:09:39.826 [Driver Command Executor] DEBUG o.a.netty.request.NettyRequestSender - Using pooled Channel '[id: 0x7d8be970, L:/127.0.0.1:60057 - R:localhost/127.0.0.1:58565]' for 'DELETE' to 'http://localhost:58565/session/990a367f83f8c62c01462253e9272af8'
10:09:39.826 [Driver Command Executor] DEBUG o.a.netty.request.NettyRequestSender - Using open Channel [id: 0x7d8be970, L:/127.0.0.1:60057 - R:localhost/127.0.0.1:58565] for DELETE '/session/990a367f83f8c62c01462253e9272af8'
10:09:39.847 [AsyncHttpClient-1-9] DEBUG o.a.netty.handler.HttpHandler - Unexpected I/O exception on channel [id: 0x4be6e12e, L:/127.0.0.1:60071 - R:localhost/127.0.0.1:60058]
java.net.SocketException: Connection reset
	at java.base/sun.nio.ch.SocketChannelImpl.throwConnectionReset(SocketChannelImpl.java:367) ~[na:na]
	at java.base/sun.nio.ch.SocketChannelImpl.read(SocketChannelImpl.java:398) ~[na:na]
	at io.netty.buffer.PooledByteBuf.setBytes(PooledByteBuf.java:253) ~[netty-buffer-4.1.70.Final.jar:4.1.70.Final]
	at io.netty.buffer.AbstractByteBuf.writeBytes(AbstractByteBuf.java:1132) ~[netty-buffer-4.1.70.Final.jar:4.1.70.Final]
	at io.netty.channel.socket.nio.NioSocketChannel.doReadBytes(NioSocketChannel.java:350) ~[netty-transport-4.1.70.Final.jar:4.1.70.Final]
	at io.netty.channel.nio.AbstractNioByteChannel$NioByteUnsafe.read(AbstractNioByteChannel.java:151) ~[netty-transport-4.1.70.Final.jar:4.1.70.Final]
	at io.netty.channel.nio.NioEventLoop.processSelectedKey(NioEventLoop.java:719) ~[netty-transport-4.1.70.Final.jar:4.1.70.Final]
	at io.netty.channel.nio.NioEventLoop.processSelectedKeysOptimized(NioEventLoop.java:655) ~[netty-transport-4.1.70.Final.jar:4.1.70.Final]
	at io.netty.channel.nio.NioEventLoop.processSelectedKeys(NioEventLoop.java:581) ~[netty-transport-4.1.70.Final.jar:4.1.70.Final]
	at io.netty.channel.nio.NioEventLoop.run(NioEventLoop.java:493) ~[netty-transport-4.1.70.Final.jar:4.1.70.Final]
	at io.netty.util.concurrent.SingleThreadEventExecutor$4.run(SingleThreadEventExecutor.java:986) ~[netty-common-4.1.70.Final.jar:4.1.70.Final]
	at io.netty.util.internal.ThreadExecutorMap$2.run(ThreadExecutorMap.java:74) ~[netty-common-4.1.70.Final.jar:4.1.70.Final]
	at io.netty.util.concurrent.FastThreadLocalRunnable.run(FastThreadLocalRunnable.java:30) ~[netty-common-4.1.70.Final.jar:4.1.70.Final]
	at java.base/java.lang.Thread.run(Thread.java:832) ~[na:na]
10:09:39.847 [AsyncHttpClient-1-9] DEBUG o.a.netty.channel.ChannelManager - Closing Channel [id: 0x4be6e12e, L:/127.0.0.1:60071 - R:localhost/127.0.0.1:60058] 
10:09:39.848 [AsyncHttpClient-1-9] DEBUG o.a.netty.handler.HttpHandler - Channel Closed: [id: 0x4be6e12e, L:/127.0.0.1:60071 ! R:localhost/127.0.0.1:60058] with attribute DISCARD
10:09:39.861 [AsyncHttpClient-1-8] DEBUG o.a.netty.handler.HttpHandler - 

Request DefaultFullHttpRequest(decodeResult: success, version: HTTP/1.1, content: EmptyByteBufBE)
DELETE /session/990a367f83f8c62c01462253e9272af8 HTTP/1.1
User-Agent: selenium/4.1.2 (java windows)
Content-Type: application/json; charset=utf-8
host: localhost:58565
accept: */*

Response DefaultHttpResponse(decodeResult: success, version: HTTP/1.1)
HTTP/1.1 200 OK
Content-Type: application/json; charset=utf-8
cache-control: no-cache
content-length: 14

10:09:39.861 [AsyncHttpClient-1-8] DEBUG o.a.netty.channel.ChannelManager - Adding key: http://localhost:58565 for channel [id: 0x7d8be970, L:/127.0.0.1:60057 - R:localhost/127.0.0.1:58565]
10:09:39.925 [AsyncHttpClient-1-8] DEBUG o.a.netty.handler.HttpHandler - Channel Closed: [id: 0x7d8be970, L:/127.0.0.1:60057 ! R:localhost/127.0.0.1:58565] with attribute DISCARD
]]></system-out>
    <system-err><![CDATA[Starting ChromeDriver 99.0.4844.51 (d537ec02474b5afe23684e7963d538896c63ac77-refs/branch-heads/4844@{#875}) on port 58565
Only local connections are allowed.
Please see https://chromedriver.chromium.org/security-considerations for suggestions on keeping ChromeDriver safe.
ChromeDriver was started successfully.
Mar 21, 2022 10:09:11 AM org.openqa.selenium.remote.ProtocolHandshake createSession
INFO: Detected dialect: W3C
Mar 21, 2022 10:09:11 AM org.openqa.selenium.devtools.CdpVersionFinder findNearestMatch
WARNING: Unable to find an exact match for CDP version 99, so returning the closest version found: 96
Mar 21, 2022 10:09:11 AM org.openqa.selenium.devtools.CdpVersionFinder findNearestMatch
INFO: Found CDP implementation for version 99 of 96
]]></system-err>
  </testcase>
</testsuite>